2004652 toao      20   0 2487732 100864  68248 R 100.0   0.1   0:00.19 nts	1693191250794
2004652 toao      20   0 8372632 217384 115456 R  7747   0.2   0:27.11 nts	1693191251519
2004652 toao      20   0 8372632 217384 115456 R  7876   0.2   1:23.09 nts	1693191252225
2004652 toao      20   0 8482068 294088 115736 R 200.0   0.2   1:29.75 nts	1693191252926
2004652 toao      20   0 8482068 294088 115736 R 194.1   0.2   1:31.13 nts	1693191253628
2004652 toao      20   0 8482068 294088 115736 R 194.1   0.2   1:32.50 nts	1693191254328
2004652 toao      20   0 8482068 294088 115736 R 200.0   0.2   1:33.90 nts	1693191255024
2004652 toao      20   0 8482068 294088 115736 R 188.9   0.2   1:35.30 nts	1693191255730
2004652 toao      20   0 8482068 317584 115736 R 194.1   0.2   1:36.67 nts	1693191256436
2004652 toao      20   0 8482068 317848 115736 R 200.0   0.2   1:38.08 nts	1693191257133
2004652 toao      20   0 8482068 317848 115736 R 205.9   0.2   1:39.48 nts	1693191257840
2004652 toao      20   0 8482068 317848 115736 R 200.0   0.2   1:40.87 nts	1693191258544
2004652 toao      20   0 8482068 317848 115736 R 194.1   0.2   1:42.26 nts	1693191259248
2004652 toao      20   0 8482068 317848 115736 R 200.0   0.2   1:43.66 nts	1693191259951
2004652 toao      20   0 9950.1m 850404 115736 R 958.8   0.6   1:48.17 nts	1693191260655
2004652 toao      20   0 9950.1m 859220 115736 R 994.1   0.7   1:55.16 nts	1693191261356
2004652 toao      20   0 9950.1m 865100 115736 R  1218   0.7   2:02.25 nts	1693191262065
2004652 toao      20   0 9950.1m 867700 115736 R  1135   0.7   2:09.31 nts	1693191262771
2004652 toao      20   0 9950.1m 869028 115736 R  1071   0.7   2:16.73 nts	1693191263476
2004652 toao      20   0 9950.1m   1.0g 115736 R  1018   0.8   2:24.64 nts	1693191264185
2004652 toao      20   0 9950.1m   1.2g 115736 R  1359   1.0   2:33.84 nts	1693191264889
2004652 toao      20   0 9950.1m   1.2g 115736 R  1053   1.0   2:41.82 nts	1693191265593
2004652 toao      20   0 9950.1m   1.2g 115736 R  1241   1.0   2:50.21 nts	1693191266298
2004652 toao      20   0   13.8g   1.2g 115768 R 876.5   1.0   2:58.86 nts	1693191267005
2004652 toao      20   0   13.8g   1.2g 115768 R 194.1   1.0   3:00.25 nts	1693191267708
2004652 toao      20   0   13.8g   1.2g 115768 R 194.1   1.0   3:01.63 nts	1693191268413
2004652 toao      20   0   13.8g   1.2g 115768 R 194.1   1.0   3:03.03 nts	1693191269118
2004652 toao      20   0   13.8g   1.2g 115768 R 205.9   1.0   3:04.43 nts	1693191269827
2004652 toao      20   0   13.8g   1.2g 115768 R 188.2   1.0   3:05.82 nts	1693191270535
2004652 toao      20   0   13.8g   1.3g 115768 R 194.1   1.0   3:07.21 nts	1693191271243
2004652 toao      20   0   13.8g   1.3g 115768 R 194.1   1.0   3:08.60 nts	1693191271948
2004652 toao      20   0   13.8g   1.3g 115768 R 200.0   1.0   3:10.01 nts	1693191272651
2004652 toao      20   0   13.8g   1.3g 115768 R 194.1   1.0   3:11.39 nts	1693191273356
2004652 toao      20   0   13.8g   1.3g 115768 R 200.0   1.0   3:12.78 nts	1693191274057
2004652 toao      20   0   13.8g   1.3g 115768 R 194.1   1.0   3:14.17 nts	1693191274759
2004652 toao      20   0   13.8g   1.3g 115768 R 200.0   1.0   3:15.58 nts	1693191275463
2004652 toao      20   0   13.8g   1.3g 115768 R 200.0   1.0   3:16.96 nts	1693191276167
2004652 toao      20   0   15.4g   1.4g 115768 R 729.4   1.1   3:20.36 nts	1693191276868
2004652 toao      20   0   15.4g   1.5g 115768 R 400.0   1.2   3:24.17 nts	1693191277570
2004652 toao      20   0   15.4g   1.6g 115768 R 564.7   1.3   3:27.48 nts	1693191278278
2004652 toao      20   0   15.4g   1.7g 115768 R 623.5   1.4   3:31.95 nts	1693191278983
2004652 toao      20   0   15.4g   1.8g 115768 R 547.1   1.5   3:35.69 nts	1693191279688
2004652 toao      20   0   15.4g   2.0g 115768 R 512.5   1.6   3:40.37 nts	1693191280392
2004652 toao      20   0   15.4g   2.1g 115768 R 611.8   1.7   3:44.75 nts	1693191281094
2004652 toao      20   0   15.4g   2.2g 115768 R 558.8   1.7   3:48.69 nts	1693191281802
2004652 toao      20   0   19.5g   2.3g 115768 R 100.0   1.8   3:53.43 nts	1693191282504
2004652 toao      20   0   19.5g   2.3g 115768 R 100.0   1.8   3:54.14 nts	1693191283213
2004652 toao      20   0   19.5g   2.3g 115768 R 100.0   1.8   3:54.84 nts	1693191283919
2004652 toao      20   0   19.5g   2.3g 115768 R 100.0   1.8   3:55.55 nts	1693191284626
2004652 toao      20   0   19.5g   2.3g 115768 R 100.0   1.8   3:56.25 nts	1693191285329
2004652 toao      20   0   19.5g   2.3g 115768 R 106.2   1.8   3:56.95 nts	1693191286033
2004652 toao      20   0   19.5g   2.3g 115768 R 100.0   1.8   3:57.66 nts	1693191286736
2004652 toao      20   0   19.5g   2.3g 115768 R 100.0   1.8   3:58.36 nts	1693191287438
2004652 toao      20   0   20.4g   2.4g 115768 R 105.9   1.9   3:59.06 nts	1693191288140
2004652 toao      20   0   20.4g   2.8g 115768 R 105.9   2.2   3:59.76 nts	1693191288839
2004652 toao      20   0   20.4g   2.8g 115768 R 100.0   2.2   4:00.46 nts	1693191289538
2004652 toao      20   0   20.4g   2.8g 115768 R 100.0   2.2   4:01.16 nts	1693191290243
2004652 toao      20   0   20.4g   2.8g 115768 R 100.0   2.2   4:01.86 nts	1693191290945
2004652 toao      20   0   20.4g   2.8g 115768 R 106.2   2.2   4:02.56 nts	1693191291644
2004652 toao      20   0   20.4g   2.8g 115768 R 105.9   2.2   4:03.27 nts	1693191292343
2004652 toao      20   0   20.4g   2.8g 115768 R  94.1   2.2   4:03.96 nts	1693191293048
2004652 toao      20   0   20.4g   2.8g 115768 R 100.0   2.2   4:04.67 nts	1693191293751
2004652 toao      20   0   20.4g   2.8g 115768 R  94.1   2.2   4:05.37 nts	1693191294455
2004652 toao      20   0   20.4g   2.8g 115768 R 100.0   2.2   4:06.08 nts	1693191295159
2004652 toao      20   0   20.4g   2.8g 115768 R 106.2   2.2   4:06.78 nts	1693191295863
2004652 toao      20   0   20.4g   2.8g 115768 R 106.2   2.2   4:07.48 nts	1693191296563
2004652 toao      20   0   20.4g   2.8g 115768 R 106.2   2.2   4:08.18 nts	1693191297264
2004652 toao      20   0   20.4g   2.8g 115768 R 112.5   2.2   4:08.88 nts	1693191297963
2004652 toao      20   0   20.4g   3.0g 115768 R 100.0   2.4   4:09.58 nts	1693191298663
2004652 toao      20   0   20.4g   3.0g 115768 R 105.9   2.4   4:10.29 nts	1693191299369
2004652 toao      20   0   20.4g   3.1g 115768 R  94.1   2.4   4:10.98 nts	1693191300071
2004652 toao      20   0   20.4g   3.2g 115768 R 105.9   2.5   4:11.70 nts	1693191300774
2004652 toao      20   0   20.4g   3.2g 115768 R 100.0   2.5   4:12.39 nts	1693191301479
2004652 toao      20   0   20.4g   3.2g 115768 R 100.0   2.5   4:13.09 nts	1693191302180
2004652 toao      20   0   20.4g   3.2g 115768 R  94.1   2.5   4:13.79 nts	1693191302879
2004652 toao      20   0   20.4g   3.2g 115768 R 100.0   2.5   4:14.50 nts	1693191303583
2004652 toao      20   0   20.4g   3.2g 115768 R 100.0   2.5   4:15.20 nts	1693191304286
2004652 toao      20   0   20.4g   3.2g 115768 R 100.0   2.5   4:15.90 nts	1693191304991
2004652 toao      20   0   20.4g   3.2g 115768 R 100.0   2.5   4:16.61 nts	1693191305695
2004652 toao      20   0   20.4g   3.2g 115768 R 100.0   2.5   4:17.31 nts	1693191306396
2004652 toao      20   0   20.4g   3.2g 115768 R 105.9   2.5   4:18.02 nts	1693191307099
2004652 toao      20   0   20.4g   3.2g 115768 R 100.0   2.5   4:18.71 nts	1693191307799
2004652 toao      20   0   20.4g   3.2g 115768 R  94.4   2.5   4:19.42 nts	1693191308503
2004652 toao      20   0   20.4g   3.2g 115768 R  94.1   2.5   4:20.12 nts	1693191309207
2004652 toao      20   0   20.4g   3.2g 115768 R  94.1   2.5   4:20.82 nts	1693191309911
2004652 toao      20   0   29.6g   3.6g 235976 R 105.9   2.8   4:22.55 nts	1693191310614
2004652 toao      20   0   30.4g   4.3g 356144 R 100.0   3.5   4:23.25 nts	1693191311310
2004652 toao      20   0   31.5g   5.2g 499528 R 106.2   4.1   4:23.95 nts	1693191312013
2004652 toao      20   0   32.7g   6.3g 526380 R 100.0   5.0   4:24.65 nts	1693191312716
2004652 toao      20   0   32.7g   6.3g 526380 R 105.9   5.0   4:25.36 nts	1693191313419
2004652 toao      20   0   32.7g   6.3g 526380 R 100.0   5.0   4:26.06 nts	1693191314120
2004652 toao      20   0   39.5g   7.5g   1.7g R 100.0   6.0   4:26.76 nts	1693191314823
2004652 toao      20   0   39.5g   9.8g   4.0g R  94.1   7.8   4:27.46 nts	1693191315528
2004652 toao      20   0   39.5g  12.1g   6.3g R 105.9   9.6   4:28.17 nts	1693191316230
2004652 toao      20   0   39.6g  13.2g   7.4g R  94.1  10.5   4:28.86 nts	1693191316931
2004652 toao      20   0   39.6g  13.2g   7.4g R 100.0  10.5   4:29.57 nts	1693191317635
2004652 toao      20   0   39.6g  13.2g   7.4g R 100.0  10.5   4:30.27 nts	1693191318337
2004652 toao      20   0   39.6g  13.2g   7.4g R 100.0  10.5   4:30.97 nts	1693191319039
2004652 toao      20   0   39.6g  13.2g   7.4g R 100.0  10.5   4:31.67 nts	1693191319740
2004652 toao      20   0   39.6g  13.2g   7.4g R 106.2  10.5   4:32.37 nts	1693191320444
2004652 toao      20   0   39.6g  13.2g   7.4g R 100.0  10.5   4:33.08 nts	1693191321146
2004652 toao      20   0   39.6g  13.2g   7.4g R 105.9  10.5   4:33.79 nts	1693191321850
2004652 toao      20   0   39.6g  13.2g   7.4g R 105.9  10.5   4:34.49 nts	1693191322555
2004652 toao      20   0   39.6g  13.2g   7.4g R 100.0  10.5   4:35.19 nts	1693191323255
2004652 toao      20   0   39.6g  13.2g   7.4g R 100.0  10.5   4:35.89 nts	1693191323960
2004652 toao      20   0   39.6g  13.2g   7.4g R 100.0  10.5   4:36.60 nts	1693191324663
2004652 toao      20   0   39.6g  13.2g   7.4g R 100.0  10.5   4:37.30 nts	1693191325368
2004652 toao      20   0   39.3g  13.2g   7.4g R 423.5  10.5   4:38.55 nts	1693191326067
2004652 toao      20   0   39.5g  13.2g   7.4g S  2056  10.6   4:43.54 nts	1693191326771
2004652 toao      20   0   39.5g  13.3g   7.4g R  2100  10.6   4:58.69 nts	1693191327481
2004652 toao      20   0   39.5g  13.3g   7.4g R  2300  10.6   5:11.99 nts	1693191328183
2004652 toao      20   0   39.5g  13.3g   7.4g S  2618  10.6   5:24.81 nts	1693191328888
2004652 toao      20   0   39.5g  13.3g   7.4g S  2288  10.6   5:38.08 nts	1693191329595
2004652 toao      20   0   39.5g  13.3g   7.4g R  2135  10.6   5:50.38 nts	1693191330300
2004652 toao      20   0   39.5g  13.3g   7.4g S  2241  10.6   6:03.44 nts	1693191331002
2004652 toao      20   0   39.5g  13.3g   7.4g R  2088  10.6   6:15.38 nts	1693191331704
2004652 toao      20   0   39.5g  13.3g   7.4g R  1888  10.6   6:24.57 nts	1693191332408
2004652 toao      20   0   39.5g  13.3g   7.4g R  1476  10.6   6:36.95 nts	1693191333113
2004652 toao      20   0   39.5g  13.3g   7.4g R  1667  10.6   6:49.56 nts	1693191333821
2004652 toao      20   0   39.5g  13.3g   7.4g S  2306  10.6   7:02.37 nts	1693191334528
2004652 toao      20   0   39.5g  13.3g   7.4g S  2300  10.6   7:15.29 nts	1693191335235
2004652 toao      20   0   39.5g  13.3g   7.4g R  2388  10.6   7:27.79 nts	1693191335939
2004652 toao      20   0   39.5g  13.3g   7.4g S  2171  10.6   7:39.69 nts	1693191336641
2004652 toao      20   0   39.5g  13.3g   7.4g R  2175  10.6   7:52.49 nts	1693191337342
2004652 toao      20   0   39.5g  13.3g   7.4g R  1481  10.6   8:04.63 nts	1693191338043
2004652 toao      20   0   94.7g  14.1g   8.1g R 105.9  11.2   8:16.89 nts	1693191338745
2004652 toao      20   0   96.6g  15.3g   9.3g R 200.0  12.2   8:19.42 nts	1693191339453
2004652 toao      20   0   98.5g  16.2g  10.1g R 200.0  12.9   8:20.83 nts	1693191340164
2004652 toao      20   0  105.5g  16.3g  10.2g S 611.8  13.0   8:28.14 nts	1693191340873
2004652 toao      20   0  106.9g  16.3g  10.3g S  1400  13.0   8:38.13 nts	1693191341579
2004652 toao      20   0  107.5g  16.4g  10.3g S  2082  13.1   8:47.95 nts	1693191342284
2004652 toao      20   0  108.1g  16.5g  10.3g S  1176  13.1   8:58.00 nts	1693191342988
2004652 toao      20   0  107.6g  16.5g  10.3g S  1229  13.1   9:08.38 nts	1693191343692
2004652 toao      20   0  108.8g  16.4g  10.3g S  1406  13.1   9:18.70 nts	1693191344395
2004652 toao      20   0  109.4g  16.5g  10.3g S  2035  13.2   9:28.46 nts	1693191345098
2004652 toao      20   0  109.4g  16.6g  10.3g S 864.7  13.2   9:37.16 nts	1693191345800
2004652 toao      20   0  109.4g  16.5g  10.3g S  1759  13.2   9:48.06 nts	1693191346504
2004652 toao      20   0  109.4g  16.6g  10.3g S 894.1  13.2   9:57.24 nts	1693191347208
2004652 toao      20   0  110.4g  16.5g  10.3g S  1589  13.2  10:08.07 nts	1693191347912
2004652 toao      20   0  111.3g  16.6g  10.3g S 958.8  13.2  10:17.44 nts	1693191348614
2004652 toao      20   0  111.9g  16.6g  10.3g S  1188  13.2  10:27.40 nts	1693191349318
2004652 toao      20   0  111.3g  16.6g  10.3g S  2065  13.2  10:37.60 nts	1693191350025
2004652 toao      20   0  111.3g  16.6g  10.3g S 918.8  13.2  10:46.25 nts	1693191350732
2004652 toao      20   0  111.2g  16.5g  10.3g S  1618  13.2  10:56.94 nts	1693191351434
2004652 toao      20   0  111.3g  16.6g  10.3g S  1371  13.2  11:06.26 nts	1693191352136
2004652 toao      20   0  111.3g  16.6g  10.3g S 841.2  13.2  11:14.82 nts	1693191352839
2004652 toao      20   0  111.2g  16.5g  10.3g S  1665  13.2  11:25.55 nts	1693191353540
2004652 toao      20   0  111.3g  16.6g  10.3g S  1044  13.2  11:34.76 nts	1693191354243
2004652 toao      20   0  127.6g  16.5g  10.3g S  1441  13.1  11:45.06 nts	1693191354943
2004652 toao      20   0  129.2g  16.5g  10.3g S  1529  13.2  11:53.71 nts	1693191355648
2004652 toao      20   0  129.3g  16.6g  10.3g S 994.1  13.2  12:03.03 nts	1693191356356
2004652 toao      20   0  129.2g  16.5g  10.3g S  1547  13.2  12:13.54 nts	1693191357061
2004652 toao      20   0  129.3g  16.6g  10.3g S  1088  13.2  12:23.04 nts	1693191357763
2004652 toao      20   0  129.8g  16.5g  10.3g S  1459  13.2  12:33.51 nts	1693191358463
2004652 toao      20   0  129.9g  16.6g  10.3g S  1729  13.2  12:42.98 nts	1693191359165
2004652 toao      20   0  130.4g  16.6g  10.3g S 847.1  13.2  12:51.71 nts	1693191359867
2004652 toao      20   0  129.9g  16.6g  10.3g S  1765  13.2  13:02.58 nts	1693191360573
2004652 toao      20   0  129.9g  16.6g  10.3g S 876.5  13.2  13:11.76 nts	1693191361281
2004652 toao      20   0  129.8g  16.5g  10.3g S  1688  13.2  13:22.44 nts	1693191361985
2004652 toao      20   0  129.9g  16.6g  10.3g S  1012  13.2  13:31.76 nts	1693191362689
2004652 toao      20   0  130.8g  16.6g  10.3g S  1218  13.2  13:41.68 nts	1693191363391
2004652 toao      20   0  130.8g  16.6g  10.3g S  2053  13.2  13:51.76 nts	1693191364096
2004652 toao      20   0  130.8g  16.6g  10.3g S 841.2  13.2  14:00.44 nts	1693191364800
2004652 toao      20   0  130.7g  16.5g  10.3g S  1647  13.2  14:11.25 nts	1693191365503
2004652 toao      20   0  130.8g  16.6g  10.3g S  1382  13.2  14:20.58 nts	1693191366208
2004652 toao      20   0  131.3g  16.6g  10.3g S 564.7  13.2  14:29.31 nts	1693191366912
2004652 toao      20   0  130.7g  16.5g  10.3g S  1647  13.2  14:39.89 nts	1693191367616
2004652 toao      20   0  130.8g  16.6g  10.3g S  1171  13.2  14:49.31 nts	1693191368320
2004652 toao      20   0  131.0g  16.6g  10.3g S  1118  13.2  14:59.00 nts	1693191369024
2004652 toao      20   0  130.8g  16.6g  10.3g S  1218  13.2  15:09.05 nts	1693191369734
2004652 toao      20   0  131.5g  16.6g  10.3g S 864.7  13.2  15:17.42 nts	1693191370441
2004652 toao      20   0  132.6g  16.5g  10.3g S  1482  13.2  15:27.63 nts	1693191371143
2004652 toao      20   0  132.7g  16.6g  10.3g S  2012  13.2  15:37.13 nts	1693191371847
2004652 toao      20   0  132.6g  16.5g  10.3g S  1400  13.2  15:47.32 nts	1693191372549
2004652 toao      20   0  132.7g  16.6g  10.3g S  1283  13.2  15:57.12 nts	1693191373250
2004652 toao      20   0  133.0g  16.6g  10.3g S 482.4  13.2  16:05.87 nts	1693191373957
2004652 toao      20   0  132.7g  16.6g  10.3g S  2035  13.2  16:17.21 nts	1693191374658
2004652 toao      20   0  132.7g  16.6g  10.3g S 870.6  13.2  16:25.90 nts	1693191375364
2004652 toao      20   0  132.6g  16.5g  10.3g S  1700  13.2  16:36.62 nts	1693191376066
2004652 toao      20   0  132.7g  16.6g  10.3g S 888.2  13.2  16:45.94 nts	1693191376767
2004652 toao      20   0  132.6g  16.5g  10.3g S  1571  13.2  16:56.42 nts	1693191377468
2004652 toao      20   0  133.0g  16.6g  10.3g S  1788  13.2  17:06.06 nts	1693191378170
2004652 toao      20   0  133.6g  16.6g  10.3g S 770.6  13.2  17:14.86 nts	1693191378872
2004652 toao      20   0  133.0g  16.6g  10.3g S  1853  13.2  17:25.55 nts	1693191379579
2004652 toao      20   0  133.0g  16.6g  10.3g S  1000  13.2  17:34.58 nts	1693191380285
2004652 toao      20   0  132.9g  16.5g  10.3g S  1559  13.2  17:45.06 nts	1693191380988
2004652 toao      20   0  133.0g  16.6g  10.3g S  2024  13.2  17:54.62 nts	1693191381692
2004652 toao      20   0  133.0g  16.6g  10.3g S 858.8  13.2  18:03.38 nts	1693191382395
2004652 toao      20   0  132.9g  16.5g  10.3g S  1665  13.2  18:13.90 nts	1693191383099
2004652 toao      20   0  133.0g  16.6g  10.3g S  1665  13.2  18:23.19 nts	1693191383803
2004652 toao      20   0  132.3g  16.6g  10.3g S 894.1  13.2  18:32.57 nts	1693191384505
2004652 toao      20   0  132.3g  16.5g  10.3g S  1412  13.2  18:41.74 nts	1693191385207
2004652 toao      20   0  133.0g  16.6g  10.3g S  2144  13.2  18:51.41 nts	1693191385912
2004652 toao      20   0  133.6g  16.6g  10.3g S 788.2  13.2  19:00.32 nts	1693191386615
2004652 toao      20   0  133.0g  16.6g  10.3g S  1759  13.2  19:11.42 nts	1693191387323
2004652 toao      20   0  133.6g  16.6g  10.3g S 947.1  13.2  19:20.83 nts	1693191388026
2004652 toao      20   0  133.0g  16.6g  10.3g S  1835  13.2  19:31.10 nts	1693191388732
2004652 toao      20   0  133.0g  16.6g  10.3g S 852.9  13.2  19:40.20 nts	1693191389434
2004652 toao      20   0  132.9g  16.5g  10.3g S  1676  13.2  19:50.88 nts	1693191390139
2004652 toao      20   0  133.0g  16.6g  10.3g S  1306  13.2  20:00.27 nts	1693191390840
2004652 toao      20   0  132.9g  16.5g  10.3g S  1671  13.2  20:10.99 nts	1693191391540
2004652 toao      20   0  133.0g  16.6g  10.3g S  1924  13.2  20:20.29 nts	1693191392238
2004652 toao      20   0  133.3g  16.6g  10.3g S 670.6  13.2  20:29.00 nts	1693191392942
2004652 toao      20   0  133.2g  16.5g  10.3g S  1671  13.2  20:39.73 nts	1693191393647
2004652 toao      20   0  133.3g  16.6g  10.3g S  1175  13.2  20:49.10 nts	1693191394352
2004652 toao      20   0  133.3g  16.6g  10.3g S  1306  13.2  20:59.17 nts	1693191395056
2004652 toao      20   0  133.3g  16.6g  10.3g S  2024  13.2  21:09.12 nts	1693191395756
2004652 toao      20   0  133.3g  16.6g  10.3g S 975.0  13.2  21:17.85 nts	1693191396462
2004652 toao      20   0  133.3g  16.5g  10.3g S  1441  13.2  21:28.13 nts	1693191397163
2004652 toao      20   0  133.3g  16.6g  10.3g S  1918  13.2  21:37.97 nts	1693191397868
2004652 toao      20   0  133.3g  16.6g  10.3g S  1176  13.2  21:47.54 nts	1693191398576
2004652 toao      20   0  132.3g  16.6g  10.3g S  1776  13.2  21:57.45 nts	1693191399279
2004652 toao      20   0  132.9g  16.6g  10.3g S  1853  13.2  22:06.27 nts	1693191399984
2004652 toao      20   0  132.9g  16.6g  10.3g S 829.4  13.2  22:14.84 nts	1693191400686
2004652 toao      20   0  132.9g  16.5g  10.3g S  1729  13.2  22:25.61 nts	1693191401390
2004652 toao      20   0  133.5g  16.6g  10.3g S  1235  13.2  22:35.86 nts	1693191402095
2004652 toao      20   0  132.9g  16.6g  10.3g S  1917  13.2  22:46.19 nts	1693191402802
2004652 toao      20   0  133.5g  16.6g  10.3g S 982.4  13.2  22:54.71 nts	1693191403506
2004652 toao      20   0  133.4g  16.5g  10.3g S  1571  13.2  23:05.29 nts	1693191404208
2004652 toao      20   0  133.5g  16.6g  10.3g S  1625  13.2  23:14.85 nts	1693191404913
2004652 toao      20   0  133.4g  16.5g  10.3g S  1547  13.2  23:25.51 nts	1693191405621
2004652 toao      20   0  133.5g  16.6g  10.3g S  1059  13.2  23:35.12 nts	1693191406324
2004652 toao      20   0  133.5g  16.6g  10.3g S  1365  13.2  23:45.24 nts	1693191407024
2004652 toao      20   0  133.5g  16.6g  10.3g S  1994  13.2  23:55.03 nts	1693191407727
2004652 toao      20   0  133.5g  16.6g  10.3g S 982.4  13.2  24:03.86 nts	1693191408430
2004652 toao      20   0  133.4g  16.5g  10.3g S  1529  13.2  24:14.41 nts	1693191409135
2004652 toao      20   0  133.5g  16.6g  10.3g S  2018  13.2  24:23.91 nts	1693191409837
2004652 toao      20   0  133.5g  16.6g  10.3g S 876.5  13.2  24:32.54 nts	1693191410538
2004652 toao      20   0  133.4g  16.5g  10.3g S  1571  13.2  24:43.05 nts	1693191411239
2004652 toao      20   0  133.5g  16.6g  10.3g S  2024  13.2  24:52.55 nts	1693191411940
2004652 toao      20   0  133.5g  16.6g  10.3g S 852.9  13.2  25:01.26 nts	1693191412641
2004652 toao      20   0  133.5g  16.6g  10.3g S  2018  13.2  25:12.60 nts	1693191413343
2004652 toao      20   0  132.3g  16.6g  10.3g S  1071  13.2  25:21.09 nts	1693191414046
2004652 toao      20   0  132.9g  16.6g  10.3g S 931.2  13.2  25:29.57 nts	1693191414752
2004652 toao      20   0  132.8g  16.5g  10.3g S  1641  13.2  25:40.25 nts	1693191415455
2004652 toao      20   0  133.5g  16.6g  10.3g S  1041  13.2  25:49.39 nts	1693191416155
2004652 toao      20   0  133.4g  16.5g  10.3g S  1735  13.2  26:00.18 nts	1693191416858
2004652 toao      20   0  133.5g  16.6g  10.3g S  1462  13.2  26:09.50 nts	1693191417563
2004652 toao      20   0  134.1g  16.6g  10.3g S  1035  13.2  26:19.09 nts	1693191418265
2004652 toao      20   0  133.5g  16.6g  10.3g S  2024  13.2  26:29.61 nts	1693191418968
2004652 toao      20   0  133.5g  16.6g  10.3g S 888.2  13.2  26:38.37 nts	1693191419671
2004652 toao      20   0  133.4g  16.5g  10.3g S  1688  13.2  26:49.14 nts	1693191420377
2004652 toao      20   0  133.5g  16.6g  10.3g S 876.5  13.2  26:58.40 nts	1693191421080
2004652 toao      20   0  133.4g  16.5g  10.3g S  1750  13.2  27:09.21 nts	1693191421782
2004652 toao      20   0  133.8g  16.6g  10.3g S  1812  13.2  27:18.44 nts	1693191422484
2004652 toao      20   0  134.4g  16.6g  10.3g S 894.1  13.2  27:27.78 nts	1693191423187
2004652 toao      20   0  133.8g  16.6g  10.3g S  2175  13.2  27:38.62 nts	1693191423892
2004652 toao      20   0  133.8g  16.6g  10.3g S 976.5  13.2  27:47.27 nts	1693191424596
2004652 toao      20   0  133.7g  16.5g  10.3g S  1565  13.2  27:57.92 nts	1693191425299
2004652 toao      20   0  133.8g  16.6g  10.3g S  2041  13.2  28:07.34 nts	1693191426004
2004652 toao      20   0  133.8g  16.6g  10.3g S 847.1  13.2  28:16.00 nts	1693191426707
2004652 toao      20   0  133.7g  16.5g  10.3g S  1712  13.2  28:26.49 nts	1693191427406
2004652 toao      20   0  133.8g  16.6g  10.3g S 923.5  13.2  28:35.79 nts	1693191428104
2004652 toao      20   0  132.6g  16.6g  10.3g S 652.9  13.2  28:44.21 nts	1693191428807
2004652 toao      20   0  133.1g  16.5g  10.3g S  1576  13.2  28:54.89 nts	1693191429512
2004652 toao      20   0  133.8g  16.6g  10.3g S  1494  13.2  29:04.19 nts	1693191430210
2004652 toao      20   0  133.8g  16.6g  10.3g S  1353  13.2  29:14.39 nts	1693191430914
2004652 toao      20   0  133.8g  16.6g  10.3g S 947.1  13.2  29:24.21 nts	1693191431620
2004652 toao      20   0  133.7g  16.5g  10.3g S  1571  13.2  29:34.79 nts	1693191432324
2004652 toao      20   0  133.8g  16.6g  10.3g S  2065  13.2  29:44.09 nts	1693191433027
2004652 toao      20   0  133.8g  16.6g  10.3g S 635.3  13.2  29:52.81 nts	1693191433727
2004652 toao      20   0  133.8g  16.6g  10.3g S  1724  13.2  30:03.65 nts	1693191434430
2004652 toao      20   0  133.8g  16.6g  10.3g S 937.5  13.2  30:12.96 nts	1693191435133
2004652 toao      20   0  133.7g  16.5g  10.3g S  1641  13.2  30:23.42 nts	1693191435838
2004652 toao      20   0  133.8g  16.6g  10.3g S 970.6  13.2  30:32.85 nts	1693191436539
2004652 toao      20   0  134.4g  16.6g  10.3g S 970.6  13.2  30:42.48 nts	1693191437244
2004652 toao      20   0  133.8g  16.6g  10.3g S  2065  13.2  30:53.05 nts	1693191437947
2004652 toao      20   0  133.8g  16.6g  10.3g S 829.4  13.2  31:01.70 nts	1693191438647
2004652 toao      20   0  133.7g  16.5g  10.3g S  1582  13.2  31:12.19 nts	1693191439346
2004652 toao      20   0  133.8g  16.6g  10.3g S  1882  13.2  31:21.67 nts	1693191440048
2004652 toao      20   0  133.8g  16.6g  10.3g S 847.1  13.2  31:30.22 nts	1693191440750
2004652 toao      20   0  133.7g  16.5g  10.3g S  1671  13.2  31:40.88 nts	1693191441450
2004652 toao      20   0  133.8g  16.6g  10.3g S  1300  13.2  31:50.15 nts	1693191442151
2004652 toao      20   0  131.9g  16.5g  10.3g S  1518  13.2  32:00.63 nts	1693191442856
2004652 toao      20   0  133.1g  16.5g  10.3g S  1594  13.2  32:09.11 nts	1693191443555
2004652 toao      20   0  133.8g  16.6g  10.3g S  1682  13.2  32:18.36 nts	1693191444260
2004652 toao      20   0  134.4g  16.6g  10.3g S  1194  13.2  32:28.23 nts	1693191444959
2004652 toao      20   0  133.8g  16.6g  10.3g S  1800  13.2  32:38.30 nts	1693191445664
2004652 toao      20   0  133.7g  16.5g  10.3g S  1582  13.2  32:48.83 nts	1693191446366
2004652 toao      20   0  133.8g  16.6g  10.3g S  1594  13.2  32:58.30 nts	1693191447069
2004652 toao      20   0  134.4g  16.6g  10.3g S 876.5  13.2  33:07.32 nts	1693191447775
2004652 toao      20   0  133.7g  16.5g  10.3g S  1718  13.2  33:18.02 nts	1693191448478
2004652 toao      20   0  133.8g  16.6g  10.3g S 876.5  13.2  33:27.23 nts	1693191449183
2004652 toao      20   0  133.7g  16.5g  10.3g S  1494  13.2  33:37.79 nts	1693191449887
2004652 toao      20   0  133.8g  16.6g  10.3g S 941.2  13.2  33:47.27 nts	1693191450591
2004652 toao      20   0  134.0g  16.5g  10.3g S  1565  13.2  33:57.85 nts	1693191451294
2004652 toao      20   0  134.1g  16.6g  10.3g S  2076  13.2  34:07.48 nts	1693191452000
2004652 toao      20   0  134.1g  16.6g  10.3g S 794.1  13.2  34:16.25 nts	1693191452702
2004652 toao      20   0  134.0g  16.5g  10.3g S  1712  13.2  34:26.94 nts	1693191453406
2004652 toao      20   0  134.1g  16.6g  10.3g S  1053  13.2  34:36.37 nts	1693191454108
2004652 toao      20   0  134.7g  16.6g  10.3g S 935.3  13.2  34:45.84 nts	1693191454811
2004652 toao      20   0  134.0g  16.5g  10.3g S  1629  13.2  34:55.77 nts	1693191455515
2004652 toao      20   0  134.1g  16.6g  10.3g S  1012  13.2  35:05.08 nts	1693191456216
2004652 toao      20   0  134.0g  16.5g  10.3g S  1518  13.2  35:15.49 nts	1693191456920
2004652 toao      20   0  132.2g  16.6g  10.3g S  1044  13.2  35:25.04 nts	1693191457622
2004652 toao      20   0  133.5g  16.6g  10.3g S 929.4  13.2  35:33.47 nts	1693191458326
2004652 toao      20   0  134.0g  16.5g  10.3g S  1506  13.2  35:43.87 nts	1693191459028
2004652 toao      20   0  134.1g  16.6g  10.3g S  1994  13.2  35:53.30 nts	1693191459727
2004652 toao      20   0  134.0g  16.5g  10.3g S  1559  13.2  36:03.79 nts	1693191460428
2004652 toao      20   0  134.1g  16.6g  10.3g S  1318  13.2  36:13.35 nts	1693191461131
2004652 toao      20   0  134.7g  16.6g  10.3g S 641.2  13.2  36:22.28 nts	1693191461833
2004652 toao      20   0  134.1g  16.6g  10.3g S  2041  13.2  36:33.50 nts	1693191462536
2004652 toao      20   0  134.1g  16.6g  10.3g S 970.6  13.2  36:42.18 nts	1693191463240
2004652 toao      20   0  134.0g  16.5g  10.3g S  1589  13.2  36:52.76 nts	1693191463941
2004652 toao      20   0  134.1g  16.6g  10.3g S 876.5  13.2  37:02.05 nts	1693191464647
2004652 toao      20   0  134.0g  16.5g  10.3g S  1565  13.2  37:12.46 nts	1693191465351
2004652 toao      20   0  134.1g  16.6g  10.3g S  1959  13.2  37:21.95 nts	1693191466051
2004652 toao      20   0  134.1g  16.6g  10.3g S 858.8  13.2  37:30.63 nts	1693191466756
2004652 toao      20   0  134.0g  16.5g  10.3g S  1688  13.2  37:41.43 nts	1693191467461
2004652 toao      20   0  134.1g  16.6g  10.3g S  1041  13.2  37:50.68 nts	1693191468164
2004652 toao      20   0  134.0g  16.5g  10.3g S  1494  13.2  38:01.10 nts	1693191468866
2004652 toao      20   0  134.1g  16.6g  10.3g S  2047  13.2  38:10.63 nts	1693191469570
2004652 toao      20   0  134.1g  16.6g  10.3g S 852.9  13.2  38:19.03 nts	1693191470272
2004652 toao      20   0  134.0g  16.5g  10.3g S  1571  13.2  38:29.69 nts	1693191470972
2004652 toao      20   0  134.1g  16.6g  10.3g S  2059  13.2  38:39.12 nts	1693191471672
2004652 toao      20   0  132.9g  16.6g  10.3g S  1135  13.2  38:48.91 nts	1693191472374
2004652 toao      20   0  133.4g  16.5g  10.3g S  1618  13.2  38:58.29 nts	1693191473078
2004652 toao      20   0  133.5g  16.6g  10.3g S  1300  13.2  39:07.67 nts	1693191473783
2004652 toao      20   0  134.1g  16.6g  10.3g S  1400  13.2  39:17.74 nts	1693191474483
2004652 toao      20   0  134.1g  16.6g  10.3g S 927.8  13.2  39:27.66 nts	1693191475187
2004652 toao      20   0  134.0g  16.5g  10.3g S  1541  13.2  39:38.09 nts	1693191475899
2004652 toao      20   0  134.1g  16.6g  10.3g S  1971  13.2  39:47.54 nts	1693191476599
2004652 toao      20   0  134.7g  16.6g  10.3g S 982.4  13.2  39:57.17 nts	1693191477305
2004652 toao      20   0  134.1g  16.6g  10.3g S  2071  13.2  40:07.69 nts	1693191478008
2004652 toao      20   0  134.1g  16.6g  10.3g S 870.6  13.2  40:16.31 nts	1693191478711
2004652 toao      20   0  134.1g  16.6g  10.3g S  1976  13.2  40:27.49 nts	1693191479411
2004652 toao      20   0  134.1g  16.6g  10.3g S 958.8  13.2  40:36.18 nts	1693191480112
2004652 toao      20   0  134.0g  16.5g  10.3g S  1547  13.2  40:46.55 nts	1693191480813
2004652 toao      20   0  134.1g  16.6g  10.3g S  2035  13.2  40:56.16 nts	1693191481520
2004652 toao      20   0  134.4g  16.6g  10.3g S 950.0  13.2  41:05.00 nts	1693191482222
2004652 toao      20   0  134.0g  16.5g  10.3g S  1506  13.2  41:15.39 nts	1693191482924
2004652 toao      20   0  134.1g  16.6g  10.3g S 964.7  13.2  41:24.84 nts	1693191483627
2004652 toao      20   0  134.7g  16.6g  10.3g S 688.2  13.2  41:33.83 nts	1693191484331
2004652 toao      20   0  134.1g  16.6g  10.3g S  1944  13.2  41:44.39 nts	1693191485033
2004652 toao      20   0  134.1g  16.6g  10.3g S 852.9  13.2  41:53.34 nts	1693191485739
2004652 toao      20   0  133.4g  16.6g  10.3g S  1518  13.2  42:03.84 nts	1693191486439
2004652 toao      20   0       0      0      0 Z  94.4   0.0  42:05.13 nts	1693191487141
2004652 toao      20   0       0      0      0 Z  88.9   0.0  42:05.83 nts	1693191487852
2004652 toao      20   0       0      0      0 Z  88.9   0.0  42:06.52 nts	1693191488562
2004652 toao      20   0       0      0      0 Z  94.4   0.0  42:07.23 nts	1693191489272
