4002686 toao      20   0 2486016  98812  68040 R 100.0   0.1   0:00.19 nts	1693316240569
4002686 toao      20   0 8361540 206352 115524 R  5806   0.2   0:25.90 nts	1693316241298
4002686 toao      20   0 8392648 227368 115808 R 194.1   0.2   0:50.17 nts	1693316242032
4002686 toao      20   0 8392648 227368 115808 R 200.0   0.2   0:51.59 nts	1693316242732
4002686 toao      20   0 8392648 227368 115808 R 200.0   0.2   0:52.99 nts	1693316243442
4002686 toao      20   0 8392648 227368 115808 R 200.0   0.2   0:54.39 nts	1693316244146
4002686 toao      20   0 8392648 227368 115808 R 205.9   0.2   0:55.81 nts	1693316244853
4002686 toao      20   0 8392648 227368 115808 R 188.2   0.2   0:57.19 nts	1693316245561
4002686 toao      20   0 8392648 227368 115808 R 194.1   0.2   0:58.59 nts	1693316246260
4002686 toao      20   0 8392648 229216 115808 R 200.0   0.2   1:00.00 nts	1693316246965
4002686 toao      20   0 8392648 229216 115808 R 194.1   0.2   1:01.38 nts	1693316247667
4002686 toao      20   0 8392648 229216 115808 R 194.1   0.2   1:02.78 nts	1693316248361
4002686 toao      20   0 8392648 229216 115808 R 194.1   0.2   1:04.18 nts	1693316249066
4002686 toao      20   0 8392648 229216 115808 R 194.1   0.2   1:05.60 nts	1693316249771
4002686 toao      20   0 8392648 229216 115808 S 183.3   0.2   1:07.00 nts	1693316250481
4002686 toao      20   0 8392648 229216 115808 R 206.2   0.2   1:08.39 nts	1693316251183
4002686 toao      20   0 8392648 229216 115808 R 200.0   0.2   1:09.79 nts	1693316251884
4002686 toao      20   0 8392648 229216 115808 R 194.1   0.2   1:11.17 nts	1693316252581
4002686 toao      20   0 9560220 412800 115808 R 805.6   0.3   1:14.94 nts	1693316253282
4002686 toao      20   0 9560220 445896 115808 R  1124   0.3   1:22.27 nts	1693316253986
4002686 toao      20   0 9560220 653000 115808 R  1300   0.5   1:31.37 nts	1693316254692
4002686 toao      20   0 9560220 675596 115808 R  1225   0.5   1:39.07 nts	1693316255403
4002686 toao      20   0   13.2g 684032 115840 R 205.9   0.5   1:46.51 nts	1693316256105
4002686 toao      20   0   13.2g 684560 115840 R 200.0   0.5   1:47.91 nts	1693316256816
4002686 toao      20   0   13.2g 684560 115840 R 205.9   0.5   1:49.32 nts	1693316257520
4002686 toao      20   0   13.2g 684824 115840 R 205.9   0.5   1:50.73 nts	1693316258230
4002686 toao      20   0   13.2g 685088 115840 R 200.0   0.5   1:52.13 nts	1693316258930
4002686 toao      20   0   13.2g 685088 115840 R 205.9   0.5   1:53.55 nts	1693316259642
4002686 toao      20   0   13.2g 685352 115840 R 200.0   0.5   1:54.95 nts	1693316260356
4002686 toao      20   0   13.2g 685880 115840 R 194.1   0.5   1:56.34 nts	1693316261060
4002686 toao      20   0   13.2g 686144 115840 R 200.0   0.5   1:57.75 nts	1693316261757
4002686 toao      20   0   13.2g 686408 115840 R 194.4   0.5   1:59.16 nts	1693316262462
4002686 toao      20   0   13.2g 686672 115840 R 200.0   0.5   2:00.54 nts	1693316263167
4002686 toao      20   0   13.2g 686672 115840 R 188.9   0.5   2:01.95 nts	1693316263866
4002686 toao      20   0   13.2g 686672 115840 R 205.9   0.5   2:03.37 nts	1693316264573
4002686 toao      20   0   13.2g 686936 115840 R 200.0   0.5   2:04.77 nts	1693316265287
4002686 toao      20   0   13.2g 686936 115840 R 188.9   0.5   2:06.17 nts	1693316265989
4002686 toao      20   0   13.2g 687200 115840 R 188.2   0.5   2:07.55 nts	1693316266696
4002686 toao      20   0   13.2g 687200 115840 R 183.3   0.5   2:08.96 nts	1693316267390
4002686 toao      20   0   14.2g 741924 115840 R 505.9   0.6   2:11.61 nts	1693316268096
4002686 toao      20   0   14.2g 871728 115840 R 594.1   0.7   2:16.06 nts	1693316268795
4002686 toao      20   0   14.2g 989.6m 115840 R 835.3   0.8   2:21.50 nts	1693316269501
4002686 toao      20   0   14.2g   1.1g 115840 R  1050   0.9   2:27.90 nts	1693316270198
4002686 toao      20   0   18.3g   1.1g 115840 R 106.2   0.9   2:31.05 nts	1693316270905
4002686 toao      20   0   18.3g   1.1g 115840 R  94.4   0.9   2:31.75 nts	1693316271599
4002686 toao      20   0   18.3g   1.1g 115840 R 105.9   0.9   2:32.46 nts	1693316272305
4002686 toao      20   0   18.3g   1.1g 115840 R 100.0   0.9   2:33.16 nts	1693316273015
4002686 toao      20   0   18.7g   1.2g 115840 R  94.1   1.0   2:33.87 nts	1693316273724
4002686 toao      20   0   18.7g   1.3g 115840 R 100.0   1.0   2:34.58 nts	1693316274433
4002686 toao      20   0   18.7g   1.3g 115840 R 100.0   1.0   2:35.28 nts	1693316275137
4002686 toao      20   0   18.7g   1.4g 115840 R 100.0   1.1   2:35.99 nts	1693316275843
4002686 toao      20   0   18.7g   1.5g 115840 R 100.0   1.2   2:36.69 nts	1693316276550
4002686 toao      20   0   18.7g   1.5g 115840 R  94.1   1.2   2:37.40 nts	1693316277260
4002686 toao      20   0   18.7g   1.5g 115840 R 105.9   1.2   2:38.11 nts	1693316277958
4002686 toao      20   0   18.7g   1.5g 115840 R 100.0   1.2   2:38.80 nts	1693316278663
4002686 toao      20   0   28.0g   2.0g 265516 R 100.0   1.6   2:40.61 nts	1693316279360
4002686 toao      20   0   28.9g   2.7g 375056 R 100.0   2.2   2:41.31 nts	1693316280063
4002686 toao      20   0   29.9g   3.5g 507052 R 100.0   2.8   2:42.01 nts	1693316280766
4002686 toao      20   0   30.5g   4.1g 526320 R  94.1   3.3   2:42.70 nts	1693316281465
4002686 toao      20   0   31.0g   4.5g 950300 R 100.0   3.6   2:43.40 nts	1693316282164
4002686 toao      20   0   31.0g   4.7g   1.0g R 100.0   3.7   2:44.11 nts	1693316282863
4002686 toao      20   0   31.0g   4.7g   1.0g R 100.0   3.7   2:44.81 nts	1693316283560
4002686 toao      20   0   31.0g   4.7g   1.0g R 105.9   3.7   2:45.52 nts	1693316284269
4002686 toao      20   0   31.0g   4.7g   1.0g R 100.0   3.7   2:46.22 nts	1693316284975
4002686 toao      20   0   31.0g   4.7g   1.0g R  94.1   3.7   2:46.92 nts	1693316285678
4002686 toao      20   0   31.0g   4.7g   1.0g R  94.1   3.7   2:47.63 nts	1693316286383
4002686 toao      20   0   31.0g   4.7g   1.0g R 100.0   3.7   2:48.34 nts	1693316287090
4002686 toao      20   0   31.0g   4.7g   1.0g R 105.9   3.7   2:49.05 nts	1693316287797
4002686 toao      20   0   31.0g   4.7g   1.0g R 100.0   3.7   2:49.75 nts	1693316288504
4002686 toao      20   0   31.0g   4.7g   1.0g R 100.0   3.7   2:50.45 nts	1693316289209
4002686 toao      20   0   31.0g   4.7g   1.0g R 105.9   3.7   2:51.16 nts	1693316289916
4002686 toao      20   0   31.0g   4.7g   1.0g R 100.0   3.7   2:51.87 nts	1693316290619
4002686 toao      20   0   31.0g   4.7g   1.0g R 100.0   3.7   2:52.57 nts	1693316291327
4002686 toao      20   0   31.0g   4.7g   1.0g R 105.9   3.7   2:53.28 nts	1693316292033
4002686 toao      20   0   31.0g   4.7g   1.0g R 100.0   3.7   2:53.98 nts	1693316292739
4002686 toao      20   0   31.0g   4.7g   1.0g R  94.4   3.7   2:54.69 nts	1693316293440
4002686 toao      20   0   31.0g   4.7g   1.0g R 100.0   3.7   2:55.39 nts	1693316294144
4002686 toao      20   0   31.0g   4.7g   1.0g R 100.0   3.7   2:56.09 nts	1693316294848
4002686 toao      20   0   31.0g   4.7g   1.0g R 106.2   3.7   2:56.79 nts	1693316295552
4002686 toao      20   0   31.0g   4.7g   1.0g R  94.1   3.7   2:57.50 nts	1693316296257
4002686 toao      20   0   31.0g   4.7g   1.0g R 100.0   3.7   2:58.21 nts	1693316296965
4002686 toao      20   0   31.0g   4.7g   1.0g R 106.2   3.7   2:58.92 nts	1693316297671
4002686 toao      20   0   31.0g   4.7g   1.0g R 100.0   3.7   2:59.62 nts	1693316298376
4002686 toao      20   0   31.0g   4.7g   1.0g R  94.4   3.7   3:00.33 nts	1693316299082
4002686 toao      20   0   31.0g   4.7g   1.0g R 100.0   3.7   3:01.04 nts	1693316299793
4002686 toao      20   0   31.0g   4.7g   1.0g R 100.0   3.7   3:01.74 nts	1693316300503
4002686 toao      20   0   31.0g   4.7g   1.0g R 100.0   3.7   3:02.45 nts	1693316301206
4002686 toao      20   0   31.0g   4.7g   1.0g R  94.4   3.7   3:03.16 nts	1693316301912
4002686 toao      20   0   31.0g   4.7g   1.0g R 106.2   3.7   3:03.86 nts	1693316302622
4002686 toao      20   0   31.0g   4.7g   1.0g R 105.9   3.7   3:04.57 nts	1693316303320
4002686 toao      20   0   31.0g   4.7g   1.0g R 100.0   3.7   3:05.26 nts	1693316304021
4002686 toao      20   0   31.0g   4.7g   1.0g R 100.0   3.7   3:05.96 nts	1693316304721
4002686 toao      20   0   31.0g   4.7g   1.0g R  94.1   3.7   3:06.66 nts	1693316305422
4002686 toao      20   0   31.0g   4.7g   1.0g R 100.0   3.7   3:07.36 nts	1693316306117
4002686 toao      20   0   31.0g   4.7g   1.0g R 100.0   3.7   3:08.07 nts	1693316306820
4002686 toao      20   0   30.9g   4.7g   1.0g S  2000   3.7   3:15.55 nts	1693316307524
4002686 toao      20   0   85.3g   5.5g   1.6g R 475.0   4.4   3:28.11 nts	1693316308234
4002686 toao      20   0   90.8g   6.4g   2.5g S 805.9   5.1   3:31.42 nts	1693316308945
4002686 toao      20   0  105.4g   6.5g   2.5g S  2806   5.2   3:49.06 nts	1693316309661
4002686 toao      20   0  111.6g   6.4g   2.5g S  2200   5.1   4:05.40 nts	1693316310368
4002686 toao      20   0  112.5g   6.5g   2.5g S  2906   5.2   4:23.70 nts	1693316311077
4002686 toao      20   0  113.0g   6.4g   2.5g S  2400   5.1   4:39.58 nts	1693316311785
4002686 toao      20   0  113.0g   6.5g   2.5g S  2150   5.2   4:55.98 nts	1693316312491
4002686 toao      20   0  112.6g   6.5g   2.5g S  2465   5.2   5:13.54 nts	1693316313200
4002686 toao      20   0  111.3g   6.4g   2.5g S  2329   5.1   5:29.39 nts	1693316313904
4002686 toao      20   0  111.4g   6.6g   2.5g S  2641   5.2   5:47.26 nts	1693316314610
4002686 toao      20   0       0      0      0 Z 100.0   0.0   5:59.89 nts	1693316315320
4002686 toao      20   0       0      0      0 Z  94.4   0.0   6:00.58 nts	1693316316037
