81066 root      20   0 2535644  98940  68040 R  94.1   0.0   0:00.17 nts	1697335942003
81066 root      20   0 9599564 215664 114920 R  8441   0.0   0:31.77 nts	1697335942700
81066 root      20   0 9672328 280300 115236 R 200.0   0.0   0:54.60 nts	1697335943407
81066 root      20   0 9672328 280300 115236 R 194.1   0.0   0:55.97 nts	1697335944096
81066 root      20   0 9672328 280300 115236 R 200.0   0.0   0:57.34 nts	1697335944789
81066 root      20   0 9672328 280300 115236 R 194.1   0.0   0:58.72 nts	1697335945481
81066 root      20   0 9672328 280300 115236 R 194.1   0.0   1:00.10 nts	1697335946174
81066 root      20   0 9672328 280300 115236 R 194.1   0.0   1:01.48 nts	1697335946868
81066 root      20   0 9672328 280300 115236 S 200.0   0.0   1:02.86 nts	1697335947561
81066 root      20   0 9672328 280300 115236 R 194.1   0.0   1:04.22 nts	1697335948254
81066 root      20   0 9672328 280300 115236 R 188.2   0.0   1:05.59 nts	1697335948943
81066 root      20   0 9672328 280300 115236 R 200.0   0.0   1:06.98 nts	1697335949636
81066 root      20   0 9672328 280300 115236 R 194.1   0.0   1:08.36 nts	1697335950333
81066 root      20   0 9672328 280300 115236 R 200.0   0.0   1:09.73 nts	1697335951025
81066 root      20   0 9672328 280300 115236 R 200.0   0.0   1:11.10 nts	1697335951715
81066 root      20   0 9672328 280300 115236 R 188.2   0.0   1:12.46 nts	1697335952404
81066 root      20   0 9672328 280300 115236 R 188.2   0.0   1:13.82 nts	1697335953094
81066 root      20   0 9672328 280300 115236 R 194.1   0.0   1:15.20 nts	1697335953783
81066 root      20   0   10.5g 681480 115364 R  2106   0.1   1:19.58 nts	1697335954472
81066 root      20   0   10.5g 783288 115364 R  1729   0.1   1:32.52 nts	1697335955166
81066 root      20   0   10.5g 789552 115364 R  1741   0.1   1:45.33 nts	1697335955862
81066 root      20   0   10.5g 797136 115364 S  1888   0.1   1:58.45 nts	1697335956562
81066 root      20   0   10.5g 797136 115364 R  1871   0.1   2:12.34 nts	1697335957256
81066 root      20   0   15.5g 802676 115404 R 206.2   0.1   2:21.78 nts	1697335957951
81066 root      20   0   15.5g 802936 115404 R 206.2   0.1   2:23.15 nts	1697335958641
81066 root      20   0   15.5g 802936 115404 R 188.2   0.1   2:24.52 nts	1697335959329
81066 root      20   0   15.5g 803200 115404 R 188.2   0.1   2:25.89 nts	1697335960017
81066 root      20   0   15.5g 803200 115404 R 200.0   0.1   2:27.25 nts	1697335960704
81066 root      20   0   15.5g 803728 115404 R 206.2   0.1   2:28.63 nts	1697335961391
81066 root      20   0   15.5g 804256 115404 R 194.1   0.1   2:30.00 nts	1697335962077
81066 root      20   0   15.5g 805048 115404 R 200.0   0.1   2:31.37 nts	1697335962764
81066 root      20   0   15.5g 805576 115404 R 200.0   0.1   2:32.73 nts	1697335963451
81066 root      20   0   15.5g 806104 115404 R 194.1   0.1   2:34.11 nts	1697335964138
81066 root      20   0   15.5g 806632 115404 R 194.1   0.1   2:35.47 nts	1697335964825
81066 root      20   0   15.5g 807424 115404 R 200.0   0.1   2:36.84 nts	1697335965512
81066 root      20   0   15.5g 807952 115404 R 188.2   0.1   2:38.20 nts	1697335966199
81066 root      20   0   15.5g 808480 115404 R 188.2   0.1   2:39.57 nts	1697335966886
81066 root      20   0   15.5g 809272 115404 R 193.8   0.1   2:40.93 nts	1697335967572
81066 root      20   0   15.5g 809800 115404 R 194.1   0.1   2:42.31 nts	1697335968259
81066 root      20   0   15.5g 810328 115404 R 194.1   0.1   2:43.68 nts	1697335968946
81066 root      20   0   15.5g 810856 115404 R 200.0   0.1   2:45.05 nts	1697335969633
81066 root      20   0   15.5g 811648 115404 R 200.0   0.1   2:46.42 nts	1697335970321
81066 root      20   0   15.5g 812176 115404 R 194.1   0.1   2:47.79 nts	1697335971007
81066 root      20   0   15.5g 812440 115404 R 188.2   0.1   2:49.16 nts	1697335971695
81066 root      20   0   15.5g 812440 115404 R 200.0   0.1   2:50.52 nts	1697335972384
81066 root      20   0   15.5g 812704 115404 R 206.2   0.1   2:51.90 nts	1697335973071
81066 root      20   0   15.5g 812968 115404 R 188.2   0.1   2:53.26 nts	1697335973758
81066 root      20   0   15.5g 812968 115404 R 194.1   0.1   2:54.64 nts	1697335974445
81066 root      20   0   15.5g 813760 115404 R 193.8   0.1   2:56.00 nts	1697335975131
81066 root      20   0   15.5g 814552 115404 R 200.0   0.1   2:57.37 nts	1697335975819
81066 root      20   0   15.5g 815344 115404 R 188.2   0.1   2:58.74 nts	1697335976507
81066 root      20   0   15.5g 816400 115404 R 206.2   0.1   3:00.12 nts	1697335977193
81066 root      20   0   15.5g 817192 115404 R 206.2   0.1   3:01.48 nts	1697335977881
81066 root      20   0   15.5g 817984 115404 R 182.4   0.1   3:02.84 nts	1697335978568
81066 root      20   0   15.5g 818776 115404 R 194.1   0.1   3:04.22 nts	1697335979255
81066 root      20   0   15.5g 819568 115404 R 206.2   0.1   3:05.59 nts	1697335979942
81066 root      20   0   15.5g 820624 115404 R 200.0   0.1   3:06.96 nts	1697335980629
81066 root      20   0   15.5g 821416 115404 R 194.1   0.1   3:08.33 nts	1697335981318
81066 root      20   0   16.7g 926972 115404 R 400.0   0.1   3:10.77 nts	1697335982006
81066 root      20   0   16.7g   1.0g 115404 R 417.6   0.1   3:13.66 nts	1697335982698
81066 root      20   0   16.7g   1.1g 115404 R 393.8   0.2   3:16.43 nts	1697335983390
81066 root      20   0   16.7g   1.3g 115404 R 405.9   0.2   3:19.28 nts	1697335984082
81066 root      20   0   21.7g   1.3g 115404 R 100.0   0.2   3:21.18 nts	1697335984775
81066 root      20   0   21.7g   1.3g 115404 R  94.1   0.2   3:21.87 nts	1697335985466
81066 root      20   0   21.7g   1.3g 115404 R  94.1   0.2   3:22.56 nts	1697335986158
81066 root      20   0   21.7g   1.3g 115404 R  94.1   0.2   3:23.25 nts	1697335986847
81066 root      20   0   21.7g   1.3g 115404 R 100.0   0.2   3:23.94 nts	1697335987540
81066 root      20   0   22.2g   1.6g 115404 R 106.2   0.2   3:24.64 nts	1697335988231
81066 root      20   0   22.2g   1.7g 115404 R 100.0   0.2   3:25.32 nts	1697335988921
81066 root      20   0   22.2g   1.7g 115404 R 100.0   0.2   3:26.02 nts	1697335989613
81066 root      20   0   22.2g   1.8g 115404 R 100.0   0.2   3:26.71 nts	1697335990306
81066 root      20   0   22.2g   1.8g 115404 R 100.0   0.2   3:27.40 nts	1697335990995
81066 root      20   0   22.2g   1.8g 115404 R 100.0   0.2   3:28.09 nts	1697335991687
81066 root      20   0   22.2g   1.8g 115404 R 100.0   0.2   3:28.78 nts	1697335992376
81066 root      20   0   22.2g   1.8g 115404 R 100.0   0.2   3:29.47 nts	1697335993070
81066 root      20   0   22.2g   1.8g 115404 R 100.0   0.2   3:30.16 nts	1697335993762
81066 root      20   0   22.2g   1.8g 115404 R 106.2   0.2   3:30.86 nts	1697335994451
81066 root      20   0   22.2g   1.8g 115404 R  94.1   0.2   3:31.55 nts	1697335995144
81066 root      20   0   22.2g   1.8g 115404 R 100.0   0.2   3:32.24 nts	1697335995836
81066 root      20   0   22.2g   1.8g 115404 R 100.0   0.2   3:32.93 nts	1697335996526
81066 root      20   0   22.2g   1.8g 115404 R 100.0   0.2   3:33.63 nts	1697335997219
81066 root      20   0   22.2g   1.8g 115404 R 105.9   0.2   3:34.32 nts	1697335997908
81066 root      20   0   22.2g   1.8g 115404 R 106.2   0.2   3:35.01 nts	1697335998601
81066 root      20   0   22.2g   1.8g 115404 R  94.1   0.2   3:35.70 nts	1697335999293
81066 root      20   0   22.2g   1.8g 115404 R 100.0   0.2   3:36.39 nts	1697335999983
81066 root      20   0   22.2g   1.8g 115404 R  94.1   0.2   3:37.08 nts	1697336000676
81066 root      20   0   22.2g   1.8g 115404 R 100.0   0.2   3:37.77 nts	1697336001365
81066 root      20   0   22.2g   1.8g 115404 R 100.0   0.2   3:38.46 nts	1697336002052
81066 root      20   0   22.2g   1.8g 115404 R  94.1   0.2   3:39.14 nts	1697336002745
81066 root      20   0   22.2g   1.8g 115404 R 100.0   0.2   3:39.84 nts	1697336003434
81066 root      20   0   22.2g   1.8g 115404 R 100.0   0.2   3:40.53 nts	1697336004123
81066 root      20   0   22.2g   1.8g 115404 R  94.1   0.2   3:41.22 nts	1697336004817
81066 root      20   0   22.2g   1.8g 115404 R 100.0   0.2   3:41.91 nts	1697336005509
81066 root      20   0   22.2g   1.8g 115404 R  94.1   0.2   3:42.60 nts	1697336006202
81066 root      20   0   22.2g   1.8g 115404 R 100.0   0.2   3:43.29 nts	1697336006892
81066 root      20   0   22.2g   1.8g 115404 R 106.2   0.2   3:43.99 nts	1697336007580
81066 root      20   0   22.2g   1.8g 115404 R 106.2   0.2   3:44.68 nts	1697336008273
81066 root      20   0   22.3g   1.8g 116472 R  52.9   0.2   3:45.73 nts	1697336008962
81066 root      20   0   55.5g   2.0g 249624 R  94.1   0.3   3:46.40 nts	1697336009654
81066 root      20   0   55.6g   2.2g 273772 R 100.0   0.3   3:46.73 nts	1697336010344
81066 root      20   0   55.9g   2.5g 320360 D   0.0   0.3   3:47.16 nts	1697336011033
81066 root      20   0   56.3g   2.9g 373976 R  94.1   0.4   3:47.73 nts	1697336011726
81066 root      20   0   56.6g   3.1g 406508 R  94.1   0.4   3:48.05 nts	1697336012417
81066 root      20   0   57.0g   3.5g 513180 D  23.5   0.5   3:48.60 nts	1697336013112
81066 root      20   0   58.7g   4.0g   1.0g R 376.5   0.6   3:50.44 nts	1697336013805
81066 root      20   0   60.2g   4.6g   1.2g R 294.1   0.6   3:52.45 nts	1697336014496
81066 root      20   0   61.4g   4.8g   1.2g R 229.4   0.7   3:53.64 nts	1697336015193
81066 root      20   0   61.8g   4.9g   1.2g R  94.1   0.7   3:54.79 nts	1697336015885
81066 root      20   0   62.3g   5.1g   1.2g R 205.9   0.7   3:56.36 nts	1697336016577
81066 root      20   0   62.8g   5.2g   1.2g R 241.2   0.7   3:57.53 nts	1697336017270
81066 root      20   0   62.9g   5.3g   1.2g R 111.8   0.7   3:58.83 nts	1697336017964
81066 root      20   0   63.4g   5.6g   1.2g R 217.6   0.8   4:00.39 nts	1697336018657
81066 root      20   0   63.4g   5.6g   1.2g R 241.2   0.8   4:01.51 nts	1697336019353
81066 root      20   0   64.1g   5.8g   1.2g R 194.1   0.8   4:03.16 nts	1697336020048
81066 root      20   0   64.0g   5.9g   1.2g R 229.4   0.8   4:04.57 nts	1697336020740
81066 root      20   0   64.1g   6.0g   1.2g R 123.5   0.8   4:05.71 nts	1697336021436
81066 root      20   0   64.6g   6.3g   1.2g R 250.0   0.9   4:07.38 nts	1697336022130
81066 root      20   0   64.8g   6.4g   1.2g R 247.1   0.9   4:08.59 nts	1697336022826
81066 root      20   0   65.1g   6.5g   1.2g R 106.2   0.9   4:09.84 nts	1697336023521
81066 root      20   0   65.5g   6.6g   1.2g R 229.4   0.9   4:11.37 nts	1697336024213
81066 root      20   0   65.7g   6.8g   1.2g R 241.2   0.9   4:12.54 nts	1697336024909
81066 root      20   0   66.1g   6.9g   1.2g R 105.9   1.0   4:13.97 nts	1697336025604
81066 root      20   0   66.4g   7.0g   1.2g R 241.2   1.0   4:15.37 nts	1697336026297
81066 root      20   0   66.6g   7.2g   1.2g R 158.8   1.0   4:16.49 nts	1697336026992
81066 root      20   0   66.8g   7.2g   1.2g R 170.6   1.0   4:17.88 nts	1697336027687
81066 root      20   0   67.3g   7.2g   1.2g R 717.6   1.0   4:21.85 nts	1697336028378
81066 root      20   0   69.1g   7.2g   1.2g R 637.5   1.0   4:25.95 nts	1697336029069
81066 root      20   0   70.6g   7.5g   1.5g R 162.5   1.0   4:27.85 nts	1697336029761
81066 root      20   0   71.5g   7.5g   1.5g R 747.1   1.0   4:31.10 nts	1697336030454
81066 root      20   0   72.3g   7.5g   1.5g R 476.5   1.0   4:34.43 nts	1697336031148
81066 root      20   0   75.0g   7.9g   1.9g R 200.0   1.1   4:37.58 nts	1697336031841
81066 root      20   0   75.0g   8.3g   2.3g R 100.0   1.1   4:38.07 nts	1697336032535
81066 root      20   0   75.0g   8.3g   2.3g R 100.0   1.1   4:38.76 nts	1697336033226
81066 root      20   0   75.9g   8.6g   2.7g R 100.0   1.2   4:39.45 nts	1697336033919
81066 root      20   0   75.9g   9.2g   3.2g R  87.5   1.3   4:39.90 nts	1697336034610
81066 root      20   0   75.9g   9.2g   3.2g R 100.0   1.3   4:40.59 nts	1697336035302
81066 root      20   0   75.9g   9.2g   3.2g R 100.0   1.3   4:41.29 nts	1697336035991
81066 root      20   0   75.9g   9.2g   3.2g R 100.0   1.3   4:41.97 nts	1697336036682
81066 root      20   0   75.9g   9.2g   3.2g R 100.0   1.3   4:42.66 nts	1697336037371
81066 root      20   0   75.9g   9.2g   3.2g R  94.1   1.3   4:43.35 nts	1697336038058
81066 root      20   0   75.9g   9.2g   3.2g R 100.0   1.3   4:44.05 nts	1697336038749
81066 root      20   0   75.9g   9.2g   3.2g R  94.1   1.3   4:44.73 nts	1697336039437
81066 root      20   0   75.9g   9.2g   3.2g R  94.1   1.3   4:45.43 nts	1697336040127
81066 root      20   0   75.9g   9.2g   3.2g R  94.1   1.3   4:46.11 nts	1697336040816
81066 root      20   0   75.9g   9.2g   3.2g R 100.0   1.3   4:46.81 nts	1697336041502
81066 root      20   0   75.9g   9.2g   3.2g R 100.0   1.3   4:47.49 nts	1697336042193
81066 root      20   0   75.9g   9.2g   3.2g R 100.0   1.3   4:48.19 nts	1697336042882
81066 root      20   0   75.9g   9.2g   3.2g R 106.2   1.3   4:48.88 nts	1697336043573
81066 root      20   0   75.9g   9.2g   3.2g R 106.2   1.3   4:49.57 nts	1697336044261
81066 root      20   0   75.9g   9.2g   3.2g R 106.2   1.3   4:50.26 nts	1697336044950
81066 root      20   0   75.9g   9.2g   3.2g R 106.2   1.3   4:50.95 nts	1697336045640
81066 root      20   0   75.9g   9.2g   3.2g R  94.1   1.3   4:51.63 nts	1697336046329
81066 root      20   0   75.9g   9.2g   3.2g R  94.1   1.3   4:52.32 nts	1697336047016
81066 root      20   0   75.9g   9.2g   3.2g R  94.1   1.3   4:53.01 nts	1697336047705
81066 root      20   0   75.9g   9.2g   3.2g R 100.0   1.3   4:53.70 nts	1697336048395
81066 root      20   0   75.9g   9.2g   3.2g R 100.0   1.3   4:54.39 nts	1697336049081
81066 root      20   0   75.9g   9.2g   3.2g R 100.0   1.3   4:55.07 nts	1697336049771
81066 root      20   0   75.9g   9.2g   3.2g R 100.0   1.3   4:55.77 nts	1697336050459
81066 root      20   0   75.9g   9.2g   3.2g R 106.2   1.3   4:56.46 nts	1697336051150
81066 root      20   0   75.9g   9.2g   3.2g R  94.1   1.3   4:57.15 nts	1697336051839
81066 root      20   0   75.9g   9.2g   3.2g R 100.0   1.3   4:57.85 nts	1697336052525
81066 root      20   0   75.9g   9.2g   3.2g R  94.1   1.3   4:58.53 nts	1697336053216
81066 root      20   0   75.9g   9.2g   3.2g R  94.1   1.3   4:59.22 nts	1697336053904
81066 root      20   0   75.9g   9.2g   3.2g R  94.1   1.3   4:59.91 nts	1697336054594
81066 root      20   0   75.9g   9.2g   3.2g R 106.2   1.3   5:00.60 nts	1697336055282
81066 root      20   0   75.9g   9.2g   3.2g R 106.2   1.3   5:01.29 nts	1697336055971
81066 root      20   0   75.9g   9.2g   3.2g R 100.0   1.3   5:01.98 nts	1697336056661
81066 root      20   0   75.9g   9.2g   3.2g R 100.0   1.3   5:02.67 nts	1697336057351
81066 root      20   0   75.9g   9.2g   3.2g R 100.0   1.3   5:03.36 nts	1697336058039
81066 root      20   0   75.9g   9.2g   3.2g R 100.0   1.3   5:04.05 nts	1697336058729
81066 root      20   0   75.9g   9.2g   3.2g R 100.0   1.3   5:04.74 nts	1697336059418
81066 root      20   0   75.9g   9.2g   3.2g R  94.1   1.3   5:05.43 nts	1697336060107
81066 root      20   0   75.9g   9.2g   3.2g R  94.1   1.3   5:06.12 nts	1697336060797
81066 root      20   0   75.9g   9.2g   3.2g R 100.0   1.3   5:06.82 nts	1697336061486
81066 root      20   0   75.9g   9.2g   3.2g R  94.1   1.3   5:07.50 nts	1697336062176
81066 root      20   0   75.9g   9.2g   3.2g R 100.0   1.3   5:08.19 nts	1697336062865
81066 root      20   0   75.9g   9.2g   3.2g R  94.1   1.3   5:08.88 nts	1697336063554
81066 root      20   0   75.9g   9.2g   3.2g R  94.1   1.3   5:09.57 nts	1697336064246
81066 root      20   0   75.9g   9.2g   3.2g R  94.1   1.3   5:10.26 nts	1697336064934
81066 root      20   0   75.9g   9.2g   3.2g R 100.0   1.3   5:10.96 nts	1697336065622
81066 root      20   0   75.9g   9.2g   3.2g R  94.1   1.3   5:11.64 nts	1697336066313
81066 root      20   0   75.9g   9.2g   3.2g R 106.2   1.3   5:12.33 nts	1697336067002
81066 root      20   0   75.9g   9.2g   3.2g R 100.0   1.3   5:13.02 nts	1697336067689
81066 root      20   0   75.9g   9.2g   3.2g R 106.2   1.3   5:13.72 nts	1697336068380
81066 root      20   0   75.9g   9.2g   3.2g R  94.1   1.3   5:14.40 nts	1697336069069
81066 root      20   0   75.9g   9.2g   3.2g R  94.1   1.3   5:15.09 nts	1697336069759
81066 root      20   0   75.9g   9.2g   3.2g R  94.1   1.3   5:15.78 nts	1697336070447
81066 root      20   0   75.9g   9.2g   3.2g R  94.1   1.3   5:16.47 nts	1697336071136
81066 root      20   0   75.9g   9.2g   3.2g R  94.1   1.3   5:17.16 nts	1697336071826
81066 root      20   0   75.9g   9.2g   3.2g R  94.1   1.3   5:17.85 nts	1697336072515
81066 root      20   0   75.9g   9.2g   3.2g R 100.0   1.3   5:18.55 nts	1697336073206
81066 root      20   0   75.9g   9.2g   3.2g R 100.0   1.3   5:19.24 nts	1697336073894
81066 root      20   0   75.9g   9.2g   3.2g R 100.0   1.3   5:19.93 nts	1697336074583
81066 root      20   0   75.9g   9.2g   3.2g R  94.1   1.3   5:20.61 nts	1697336075275
81066 root      20   0   75.9g   9.2g   3.2g R 100.0   1.3   5:21.31 nts	1697336075964
81066 root      20   0   75.9g   9.2g   3.2g R 100.0   1.3   5:22.00 nts	1697336076653
81066 root      20   0   75.9g   9.2g   3.2g R 100.0   1.3   5:22.69 nts	1697336077342
81066 root      20   0   75.9g   9.2g   3.2g R 100.0   1.3   5:23.38 nts	1697336078032
81066 root      20   0   75.9g   9.2g   3.2g R  94.1   1.3   5:24.06 nts	1697336078718
81066 root      20   0   75.9g   9.2g   3.2g R 106.2   1.3   5:24.76 nts	1697336079409
81066 root      20   0   75.9g   9.2g   3.2g R 100.0   1.3   5:25.45 nts	1697336080098
81066 root      20   0   75.9g   9.2g   3.2g R 106.2   1.3   5:26.15 nts	1697336080791
81066 root      20   0   75.9g   9.2g   3.2g R 106.2   1.3   5:26.83 nts	1697336081482
81066 root      20   0   75.9g   9.2g   3.2g R  94.1   1.3   5:27.52 nts	1697336082171
81066 root      20   0   75.9g   9.2g   3.2g R  94.1   1.3   5:28.22 nts	1697336082863
81066 root      20   0   75.9g   9.2g   3.2g R 100.0   1.3   5:28.91 nts	1697336083554
81066 root      20   0   75.9g   9.2g   3.2g R  94.1   1.3   5:29.60 nts	1697336084242
81066 root      20   0   75.9g   9.2g   3.2g R  94.1   1.3   5:30.29 nts	1697336084933
81066 root      20   0   75.9g   9.2g   3.2g R  94.1   1.3   5:30.98 nts	1697336085623
81066 root      20   0   75.9g   9.2g   3.2g R  94.1   1.3   5:31.67 nts	1697336086314
81066 root      20   0   75.9g   9.2g   3.2g R 100.0   1.3   5:32.36 nts	1697336087004
81066 root      20   0   75.9g   9.2g   3.2g R 100.0   1.3   5:33.05 nts	1697336087693
81066 root      20   0   75.9g   9.2g   3.2g R 100.0   1.3   5:33.75 nts	1697336088383
81066 root      20   0   75.9g   9.2g   3.2g R 100.0   1.3   5:34.43 nts	1697336089073
81066 root      20   0   75.9g   9.2g   3.2g R 106.2   1.3   5:35.13 nts	1697336089760
81066 root      20   0   75.9g   9.2g   3.2g R 106.2   1.3   5:35.82 nts	1697336090450
81066 root      20   0   75.9g   9.2g   3.2g R 100.0   1.3   5:36.51 nts	1697336091139
81066 root      20   0   75.9g   9.2g   3.2g R 100.0   1.3   5:37.20 nts	1697336091831
81066 root      20   0   75.9g   9.2g   3.2g R 106.2   1.3   5:37.89 nts	1697336092521
81066 root      20   0   75.9g   9.2g   3.2g R 100.0   1.3   5:38.58 nts	1697336093210
81066 root      20   0   75.9g   9.2g   3.2g R 106.2   1.3   5:39.27 nts	1697336093901
81066 root      20   0   75.9g   9.2g   3.2g R 106.2   1.3   5:39.97 nts	1697336094592
81066 root      20   0   75.9g   9.2g   3.2g R 106.2   1.3   5:40.66 nts	1697336095281
81066 root      20   0   75.9g   9.2g   3.2g R 106.2   1.3   5:41.35 nts	1697336095972
81066 root      20   0   75.9g   9.2g   3.2g R 100.0   1.3   5:42.03 nts	1697336096662
81066 root      20   0   75.9g   9.2g   3.2g R  94.1   1.3   5:42.72 nts	1697336097348
81066 root      20   0   75.9g   9.2g   3.2g R 106.2   1.3   5:43.42 nts	1697336098039
81066 root      20   0   75.9g   9.2g   3.2g R  94.1   1.3   5:44.10 nts	1697336098728
81066 root      20   0   75.9g   9.2g   3.2g R 100.0   1.3   5:44.79 nts	1697336099420
81066 root      20   0   75.9g   9.2g   3.2g R 106.2   1.3   5:45.49 nts	1697336100112
81066 root      20   0   75.9g   9.2g   3.2g R 106.2   1.3   5:46.18 nts	1697336100801
81066 root      20   0   75.9g   9.2g   3.2g R 106.2   1.3   5:46.87 nts	1697336101493
81066 root      20   0   75.9g   9.2g   3.2g R 106.2   1.3   5:47.56 nts	1697336102181
81066 root      20   0   75.9g   9.2g   3.2g R 100.0   1.3   5:48.25 nts	1697336102869
81066 root      20   0   75.9g   9.2g   3.2g R 100.0   1.3   5:48.94 nts	1697336103559
81066 root      20   0   75.9g   9.2g   3.2g R 100.0   1.3   5:49.63 nts	1697336104248
81066 root      20   0   75.9g   9.2g   3.2g R 100.0   1.3   5:50.32 nts	1697336104934
81066 root      20   0   75.9g   9.2g   3.2g R  94.1   1.3   5:51.00 nts	1697336105625
81066 root      20   0   76.4g   9.2g   3.2g R 294.1   1.3   5:52.03 nts	1697336106313
81066 root      20   0   76.4g   9.3g   3.2g R  94.1   1.3   5:52.35 nts	1697336107005
81066 root      20   0   76.5g   9.4g   3.2g D  29.4   1.3   5:52.92 nts	1697336107694
81066 root      20   0   76.8g   9.4g   3.2g R  94.1   1.3   5:53.36 nts	1697336108388
81066 root      20   0   76.9g   9.5g   3.2g R  11.8   1.3   5:53.68 nts	1697336109078
81066 root      20   0   77.3g   9.6g   3.2g R 100.0   1.3   5:54.37 nts	1697336109771
81066 root      20   0   77.5g   9.7g   3.2g R  94.1   1.3   5:54.70 nts	1697336110465
81066 root      20   0   77.7g   9.7g   3.2g D  11.8   1.3   5:55.16 nts	1697336111157
81066 root      20   0       0      0      0 R  94.1   0.0   5:55.81 nts	1697336111848
81066 root      20   0       0      0      0 R  18.8   0.0   5:56.02 nts	1697336112539
81066 root      20   0       0      0      0 D  70.6   0.0   5:56.66 nts	1697336113227
81066 root      20   0       0      0      0 R 100.0   0.0   5:56.98 nts	1697336113918
