2114841 toao      20   0 2569884 102844  68964 R  94.1   0.1   0:00.17 nts	1687354649691
2114841 toao      20   0 2599092 183032 113156 R  87.5   0.1   0:00.37 nts	1687354649917
2114841 toao      20   0 5292084 209112 114236 R  2844   0.1   0:13.12 nts	1687354650390
2114841 toao      20   0 5292084 209112 114236 R  2831   0.1   0:19.32 nts	1687354650611
2114841 toao      20   0 5292084 209112 114236 R  2729   0.1   0:32.75 nts	1687354651077
2114841 toao      20   0 5292084 209112 114236 R  2775   0.1   0:38.68 nts	1687354651304
2114841 toao      20   0 5377116 273688 114488 R 206.2   0.1   0:41.61 nts	1687354651768
2114841 toao      20   0 5377116 273688 114488 R 188.2   0.1   0:42.05 nts	1687354651984
2114841 toao      20   0 5377116 273688 114488 R 200.0   0.1   0:42.96 nts	1687354652452
2114841 toao      20   0 5377116 273688 114488 R 206.2   0.1   0:43.42 nts	1687354652672
2114841 toao      20   0 5377116 273688 114488 R 194.1   0.1   0:44.34 nts	1687354653134
2114841 toao      20   0 5377116 273688 114488 R 200.0   0.1   0:44.81 nts	1687354653378
2114841 toao      20   0 5377116 273688 114488 R 188.2   0.1   0:45.71 nts	1687354653824
2114841 toao      20   0 5377116 273688 114488 R 212.5   0.1   0:46.19 nts	1687354654066
2114841 toao      20   0 5377116 273688 114488 R 206.2   0.1   0:47.08 nts	1687354654518
2114841 toao      20   0 5377116 273688 114488 R 206.2   0.1   0:47.56 nts	1687354654755
2114841 toao      20   0 5377116 273688 114488 R 206.2   0.1   0:48.45 nts	1687354655208
2114841 toao      20   0 5377116 273688 114488 R 206.2   0.1   0:48.93 nts	1687354655448
2114841 toao      20   0 5377116 273688 114488 R 194.1   0.1   0:49.83 nts	1687354655902
2114841 toao      20   0 5377116 273688 114488 R 212.5   0.1   0:50.31 nts	1687354656141
2114841 toao      20   0 5377116 273688 114488 R 200.0   0.1   0:51.21 nts	1687354656592
2114841 toao      20   0 5377116 273688 114488 R 188.2   0.1   0:51.68 nts	1687354656832
2114841 toao      20   0 5377116 273688 114488 R 194.1   0.1   0:52.58 nts	1687354657285
2114841 toao      20   0 5377116 273688 114488 R 188.2   0.1   0:53.04 nts	1687354657522
2114841 toao      20   0 5377116 273688 114488 R 200.0   0.1   0:53.95 nts	1687354657976
2114841 toao      20   0 5377116 273688 114488 R 200.0   0.1   0:54.43 nts	1687354658213
2114841 toao      20   0 5377116 273688 114488 R 206.2   0.1   0:55.32 nts	1687354658669
2114841 toao      20   0 5377116 273688 114488 R 206.2   0.1   0:55.80 nts	1687354658907
2114841 toao      20   0 5377116 273688 114488 R 194.1   0.1   0:56.70 nts	1687354659362
2114841 toao      20   0 5377116 273688 114488 R 206.2   0.1   0:57.18 nts	1687354659601
2114841 toao      20   0 6608764 788632 114608 R 982.4   0.4   1:01.14 nts	1687354660053
2114841 toao      20   0 6608764 789680 114608 R 958.8   0.4   1:03.53 nts	1687354660290
2114841 toao      20   0 6608764 791000 114608 R 925.0   0.4   1:07.59 nts	1687354660741
2114841 toao      20   0 6608764 791792 114608 R 875.0   0.4   1:09.60 nts	1687354660981
2114841 toao      20   0 6608764 792840 114608 R  1088   0.4   1:14.21 nts	1687354661426
2114841 toao      20   0 6608764 792840 114608 R 868.8   0.4   1:16.26 nts	1687354661674
2114841 toao      20   0 6608764 793612 114608 R  1025   0.4   1:20.60 nts	1687354662121
2114841 toao      20   0 6608764 793612 114608 R  1081   0.4   1:23.07 nts	1687354662358
2114841 toao      20   0 6608764 793612 114608 R 843.8   0.4   1:27.34 nts	1687354662810
2114841 toao      20   0 7272228 796256 114636 R 893.8   0.4   1:29.63 nts	1687354663070
2114841 toao      20   0 7696832 814472 114636 R 206.2   0.4   1:31.17 nts	1687354663499
2114841 toao      20   0 7696832 814472 114636 R 200.0   0.4   1:31.67 nts	1687354663761
2114841 toao      20   0 7696832 814472 114636 R 194.1   0.4   1:32.54 nts	1687354664194
2114841 toao      20   0 7696832 814472 114636 R 206.2   0.4   1:33.04 nts	1687354664449
2114841 toao      20   0 7696832 814472 114636 R 212.5   0.4   1:33.92 nts	1687354664887
2114841 toao      20   0 7696832 814472 114636 R 212.5   0.4   1:34.42 nts	1687354665138
2114841 toao      20   0 7696832 814472 114636 R 188.2   0.4   1:35.28 nts	1687354665581
2114841 toao      20   0 7696832 814472 114636 R 200.0   0.4   1:35.80 nts	1687354665834
2114841 toao      20   0 7696832 814472 114636 R 194.1   0.4   1:36.66 nts	1687354666273
2114841 toao      20   0 7696832 814472 114636 R 200.0   0.4   1:37.16 nts	1687354666527
2114841 toao      20   0 7696832 814472 114636 R 194.1   0.4   1:38.03 nts	1687354666965
2114841 toao      20   0 7696832 814472 114636 R 200.0   0.4   1:38.53 nts	1687354667220
2114841 toao      20   0 7696832 814472 114636 R 193.8   0.4   1:39.39 nts	1687354667660
2114841 toao      20   0 7696832 814472 114636 R 194.1   0.4   1:39.92 nts	1687354667911
2114841 toao      20   0 7696832 814472 114636 R 194.1   0.4   1:40.76 nts	1687354668344
2114841 toao      20   0 7696832 814472 114636 R 206.2   0.4   1:41.29 nts	1687354668608
2114841 toao      20   0 7696832 814472 114636 R 206.2   0.4   1:42.13 nts	1687354669037
2114841 toao      20   0 7696832 814472 114636 R 188.2   0.4   1:42.66 nts	1687354669303
2114841 toao      20   0 8918916   1.3g 114636 R  1512   0.7   1:45.51 nts	1687354669726
2114841 toao      20   0 8918916   1.3g 114636 R 900.0   0.7   1:48.03 nts	1687354669996
2114841 toao      20   0 8918916   1.3g 114636 R  1000   0.7   1:52.01 nts	1687354670413
2114841 toao      20   0 8918916   1.3g 114636 R 968.8   0.7   1:54.59 nts	1687354670683
2114841 toao      20   0 8918916   1.3g 114636 R 950.0   0.7   1:58.47 nts	1687354671101
2114841 toao      20   0 8918916   1.3g 114636 R  1029   0.7   2:01.25 nts	1687354671366
2114841 toao      20   0 8918916   1.3g 114636 R 850.0   0.7   2:05.14 nts	1687354671789
2114841 toao      20   0 8918916   1.3g 114636 R 905.9   0.7   2:07.47 nts	1687354672051
2114841 toao      20   0 8918916   1.3g 114636 R 956.2   0.7   2:11.38 nts	1687354672476
2114841 toao      20   0 8918916   1.3g 114636 R 962.5   0.7   2:13.74 nts	1687354672743
2114841 toao      20   0 9892.4m   1.3g 114636 R 100.0   0.7   2:15.08 nts	1687354673169
2114841 toao      20   0 9892.4m   1.3g 114636 R 100.0   0.7   2:15.34 nts	1687354673430
2114841 toao      20   0 9892.4m   1.3g 114636 R 100.0   0.7   2:15.78 nts	1687354673865
2114841 toao      20   0 9892.4m   1.3g 114636 R 100.0   0.7   2:16.03 nts	1687354674121
2114841 toao      20   0 9892.4m   1.3g 114636 R 100.0   0.7   2:16.46 nts	1687354674559
2114841 toao      20   0 9892.4m   1.3g 114636 R  94.1   0.7   2:16.72 nts	1687354674812
2114841 toao      20   0 9892.4m   1.3g 114636 R 106.2   0.7   2:17.16 nts	1687354675247
2114841 toao      20   0 9892.4m   1.3g 114636 R  88.2   0.7   2:17.41 nts	1687354675505
2114841 toao      20   0 9892.4m   1.3g 114636 R  94.1   0.7   2:17.85 nts	1687354675941
2114841 toao      20   0 9892.4m   1.3g 114636 R 100.0   0.7   2:18.10 nts	1687354676196
2114841 toao      20   0   10.2g   1.7g 114636 R  94.1   0.9   2:18.54 nts	1687354676634
2114841 toao      20   0   10.2g   1.8g 114636 R  88.2   0.9   2:18.79 nts	1687354676885
2114841 toao      20   0   10.2g   1.8g 114636 R 100.0   0.9   2:19.24 nts	1687354677326
2114841 toao      20   0   10.2g   1.8g 114636 R 106.2   0.9   2:19.49 nts	1687354677575
2114841 toao      20   0   10.2g   1.8g 114636 R 106.2   0.9   2:19.94 nts	1687354678021
2114841 toao      20   0   10.2g   1.8g 114636 R 100.0   0.9   2:20.18 nts	1687354678269
2114841 toao      20   0   10.2g   1.8g 114636 R  94.1   0.9   2:20.62 nts	1687354678712
2114841 toao      20   0   10.2g   1.8g 114636 R 100.0   0.9   2:20.86 nts	1687354678960
2114841 toao      20   0   10.2g   1.8g 114636 R 100.0   1.0   2:21.32 nts	1687354679401
2114841 toao      20   0   10.2g   1.8g 114636 R 100.0   1.0   2:21.56 nts	1687354679648
2114841 toao      20   0   10.2g   1.8g 114636 R 100.0   1.0   2:22.01 nts	1687354680097
2114841 toao      20   0   10.2g   1.8g 114636 R  94.1   1.0   2:22.25 nts	1687354680341
2114841 toao      20   0   10.2g   1.8g 114636 R 100.0   1.0   2:22.70 nts	1687354680789
2114841 toao      20   0   10.2g   1.8g 114636 R 100.0   1.0   2:22.93 nts	1687354681033
2114841 toao      20   0   10.2g   1.8g 114636 R 100.0   1.0   2:23.40 nts	1687354681487
2114841 toao      20   0   10.2g   1.8g 114636 R 100.0   1.0   2:23.63 nts	1687354681716
2114841 toao      20   0   10.2g   1.8g 114636 R 106.2   1.0   2:24.09 nts	1687354682180
2114841 toao      20   0   10.2g   1.8g 114636 R 100.0   1.0   2:24.32 nts	1687354682411
2114841 toao      20   0   10.2g   1.8g 114636 R 100.0   1.0   2:24.79 nts	1687354682873
2114841 toao      20   0   10.2g   1.8g 114636 R 100.0   1.0   2:25.02 nts	1687354683105
2114841 toao      20   0   15.1g   1.9g 215888 R 312.5   1.0   2:25.81 nts	1687354683568
2114841 toao      20   0   15.3g   2.2g 250180 R 100.0   1.2   2:26.05 nts	1687354683801
2114841 toao      20   0   15.9g   2.7g 333212 R 100.0   1.4   2:26.50 nts	1687354684260
2114841 toao      20   0   16.3g   3.0g 372560 R  94.1   1.6   2:26.74 nts	1687354684496
2114841 toao      20   0   16.9g   3.5g 481452 R  94.1   1.9   2:27.19 nts	1687354684953
2114841 toao      20   0   17.6g   3.9g 506756 R 106.2   2.1   2:27.43 nts	1687354685189
2114841 toao      20   0   17.6g   4.2g 506756 R  94.1   2.2   2:27.89 nts	1687354685645
2114841 toao      20   0   17.6g   4.2g 506756 R 100.0   2.2   2:28.12 nts	1687354685877
2114841 toao      20   0   17.6g   4.2g 506756 R 100.0   2.2   2:28.58 nts	1687354686338
2114841 toao      20   0   17.6g   4.2g 506756 R  94.1   2.2   2:28.81 nts	1687354686564
2114841 toao      20   0   17.6g   4.2g 506756 R 106.2   2.2   2:29.27 nts	1687354687030
2114841 toao      20   0   17.6g   4.2g 506756 R 100.0   2.2   2:29.50 nts	1687354687262
2114841 toao      20   0   17.6g   4.2g 506756 R 100.0   2.2   2:29.96 nts	1687354687716
2114841 toao      20   0   17.6g   4.2g 506756 R 112.5   2.2   2:30.20 nts	1687354687949
2114841 toao      20   0   17.6g   4.2g 506756 R  94.1   2.2   2:30.65 nts	1687354688405
2114841 toao      20   0   17.6g   4.2g 506756 R 112.5   2.2   2:30.89 nts	1687354688642
2114841 toao      20   0   17.6g   4.2g 506756 R 106.2   2.2   2:31.35 nts	1687354689099
2114841 toao      20   0   17.6g   4.2g 506756 R  94.1   2.2   2:31.58 nts	1687354689332
2114841 toao      20   0   17.6g   4.2g 506756 R  94.1   2.2   2:32.04 nts	1687354689790
2114841 toao      20   0   18.5g   4.3g 608656 R 112.5   2.3   2:32.28 nts	1687354690028
2114841 toao      20   0   18.5g   5.1g   1.4g R 100.0   2.7   2:32.73 nts	1687354690485
2114841 toao      20   0   18.5g   5.1g   1.4g R 106.2   2.7   2:32.97 nts	1687354690721
2114841 toao      20   0   18.5g   5.1g   1.4g R  94.1   2.7   2:33.41 nts	1687354691173
2114841 toao      20   0   18.5g   5.1g   1.4g R 106.2   2.7   2:33.66 nts	1687354691411
2114841 toao      20   0   18.5g   5.1g   1.4g R 100.0   2.7   2:34.11 nts	1687354691861
2114841 toao      20   0   18.5g   5.1g   1.4g R  94.1   2.7   2:34.34 nts	1687354692103
2114841 toao      20   0   18.5g   5.1g   1.4g R  94.1   2.7   2:34.80 nts	1687354692556
2114841 toao      20   0   18.5g   5.1g   1.4g R  94.1   2.7   2:35.04 nts	1687354692795
2114841 toao      20   0   18.5g   5.1g   1.4g R 106.2   2.7   2:35.49 nts	1687354693248
2114841 toao      20   0   18.5g   5.1g   1.4g R 100.0   2.7   2:35.73 nts	1687354693484
2114841 toao      20   0   18.5g   5.1g   1.4g R 106.2   2.7   2:36.19 nts	1687354693939
2114841 toao      20   0   18.5g   5.1g   1.4g R 106.2   2.7   2:36.43 nts	1687354694177
2114841 toao      20   0   18.5g   5.1g   1.4g R 106.2   2.7   2:36.88 nts	1687354694628
2114841 toao      20   0   18.5g   5.1g   1.4g R 106.2   2.7   2:37.13 nts	1687354694876
2114841 toao      20   0   18.5g   5.1g   1.4g R 106.2   2.7   2:37.57 nts	1687354695320
2114841 toao      20   0   18.5g   5.1g   1.4g R 106.2   2.7   2:37.82 nts	1687354695568
2114841 toao      20   0   18.5g   5.1g   1.4g R 100.0   2.7   2:38.26 nts	1687354696012
2114841 toao      20   0   18.5g   5.1g   1.4g R  94.1   2.7   2:38.50 nts	1687354696260
2114841 toao      20   0   18.5g   5.1g   1.4g R 100.0   2.7   2:38.95 nts	1687354696709
2114841 toao      20   0   18.5g   5.1g   1.4g R 106.2   2.7   2:39.20 nts	1687354696952
2114841 toao      20   0   18.5g   5.1g   1.4g R 100.0   2.7   2:39.64 nts	1687354697400
2114841 toao      20   0   18.5g   5.1g   1.4g R  94.1   2.7   2:39.88 nts	1687354697644
2114841 toao      20   0   18.5g   5.1g   1.4g R 100.0   2.7   2:40.34 nts	1687354698092
2114841 toao      20   0   18.5g   5.1g   1.4g R 106.2   2.7   2:40.58 nts	1687354698330
2114841 toao      20   0   18.5g   5.1g   1.4g R  94.1   2.7   2:41.02 nts	1687354698787
2114841 toao      20   0   18.5g   5.1g   1.4g R 100.0   2.7   2:41.27 nts	1687354699024
2114841 toao      20   0   18.5g   5.1g   1.4g R 106.2   2.7   2:41.72 nts	1687354699470
2114841 toao      20   0   18.5g   5.1g   1.4g R 106.2   2.7   2:41.97 nts	1687354699719
2114841 toao      20   0   18.5g   5.1g   1.4g R 106.2   2.7   2:42.41 nts	1687354700158
2114841 toao      20   0   18.5g   5.1g   1.4g R 106.2   2.7   2:42.66 nts	1687354700409
2114841 toao      20   0   18.5g   5.1g   1.4g R 100.0   2.7   2:43.10 nts	1687354700849
2114841 toao      20   0   18.5g   5.1g   1.4g R 100.0   2.7   2:43.34 nts	1687354701099
2114841 toao      20   0   18.5g   5.1g   1.4g R 106.2   2.7   2:43.79 nts	1687354701538
2114841 toao      20   0   18.5g   5.1g   1.4g R  94.1   2.7   2:44.03 nts	1687354701785
2114841 toao      20   0   18.5g   5.1g   1.4g R 100.0   2.7   2:44.47 nts	1687354702226
2114841 toao      20   0   18.5g   5.1g   1.4g R 106.2   2.7   2:44.72 nts	1687354702476
2114841 toao      20   0   18.5g   5.1g   1.4g R 106.2   2.7   2:45.16 nts	1687354702917
2114841 toao      20   0   18.5g   5.1g   1.4g R 106.2   2.7   2:45.42 nts	1687354703170
2114841 toao      20   0   18.5g   5.1g   1.4g R 100.0   2.7   2:45.86 nts	1687354703609
2114841 toao      20   0   18.5g   5.1g   1.4g R 106.2   2.7   2:46.11 nts	1687354703862
2114841 toao      20   0   18.5g   5.1g   1.4g R 100.0   2.7   2:46.58 nts	1687354704322
2114841 toao      20   0   18.5g   5.1g   1.4g R 106.2   2.7   2:46.80 nts	1687354704547
2114841 toao      20   0   18.5g   5.1g   1.4g R 106.2   2.7   2:47.27 nts	1687354705016
2114841 toao      20   0   18.5g   5.1g   1.4g R 100.0   2.7   2:47.50 nts	1687354705243
2114841 toao      20   0   18.5g   5.1g   1.4g R 100.0   2.7   2:47.96 nts	1687354705709
2114841 toao      20   0   18.5g   5.1g   1.4g R 106.2   2.7   2:48.19 nts	1687354705935
2114841 toao      20   0   18.5g   5.1g   1.4g R 106.2   2.7   2:48.65 nts	1687354706401
2114841 toao      20   0   18.5g   5.1g   1.4g R 100.0   2.7   2:48.87 nts	1687354706628
2114841 toao      20   0   18.5g   5.1g   1.4g R  94.1   2.7   2:49.34 nts	1687354707093
2114841 toao      20   0   18.5g   5.1g   1.4g R 100.0   2.7   2:49.56 nts	1687354707320
2114841 toao      20   0   18.5g   5.1g   1.4g R  94.1   2.7   2:50.03 nts	1687354707783
2114841 toao      20   0   18.5g   5.1g   1.4g R 100.0   2.7   2:50.27 nts	1687354708011
2114841 toao      20   0   18.5g   5.1g   1.4g R 106.2   2.7   2:50.72 nts	1687354708471
2114841 toao      20   0   18.5g   5.1g   1.4g R 106.2   2.7   2:50.95 nts	1687354708704
2114841 toao      20   0   18.5g   5.1g   1.4g R  94.1   2.7   2:51.41 nts	1687354709160
2114841 toao      20   0   18.5g   5.1g   1.4g R 100.0   2.7   2:51.64 nts	1687354709392
2114841 toao      20   0   18.5g   5.1g   1.4g R 106.2   2.7   2:52.11 nts	1687354709856
2114841 toao      20   0   18.5g   5.1g   1.4g R 100.0   2.7   2:52.33 nts	1687354710085
2114841 toao      20   0   18.5g   5.1g   1.4g R 106.2   2.7   2:52.80 nts	1687354710548
2114841 toao      20   0   18.5g   5.1g   1.4g R 106.2   2.7   2:53.03 nts	1687354710776
2114841 toao      20   0   18.5g   5.1g   1.4g R 106.2   2.7   2:53.49 nts	1687354711238
2114841 toao      20   0   18.5g   5.1g   1.4g R 106.2   2.7   2:53.72 nts	1687354711465
2114841 toao      20   0   18.5g   5.1g   1.4g R 100.0   2.7   2:54.18 nts	1687354711931
2114841 toao      20   0   18.5g   5.1g   1.4g R  94.1   2.7   2:54.40 nts	1687354712154
2114841 toao      20   0   18.5g   5.1g   1.4g R 100.0   2.7   2:54.88 nts	1687354712624
2114841 toao      20   0   18.5g   5.1g   1.4g R 106.2   2.7   2:55.10 nts	1687354712846
2114841 toao      20   0   18.5g   5.1g   1.4g R 106.2   2.7   2:55.57 nts	1687354713316
2114841 toao      20   0   18.5g   5.1g   1.4g R 106.2   2.7   2:55.79 nts	1687354713541
2114841 toao      20   0   18.5g   5.1g   1.4g R 106.2   2.7   2:56.27 nts	1687354714020
2114841 toao      20   0   18.5g   5.1g   1.4g R 100.0   2.7   2:56.49 nts	1687354714232
2114841 toao      20   0   18.5g   5.1g   1.4g R 100.0   2.7   2:56.97 nts	1687354714712
2114841 toao      20   0   18.5g   5.1g   1.4g R  94.1   2.7   2:57.17 nts	1687354714923
2114841 toao      20   0   18.5g   5.1g   1.4g R 106.2   2.7   2:57.66 nts	1687354715409
2114841 toao      20   0   18.5g   5.1g   1.4g R 106.2   2.7   2:57.86 nts	1687354715613
2114841 toao      20   0   18.5g   5.1g   1.4g R 106.2   2.7   2:58.35 nts	1687354716099
2114841 toao      20   0   18.5g   5.1g   1.4g R 106.2   2.7   2:58.55 nts	1687354716302
2114841 toao      20   0   18.5g   5.1g   1.4g R 100.0   2.7   2:59.05 nts	1687354716793
2114841 toao      20   0   18.5g   5.1g   1.4g R 100.0   2.7   2:59.25 nts	1687354716992
2114841 toao      20   0   18.5g   5.1g   1.4g R  94.1   2.7   2:59.73 nts	1687354717483
2114841 toao      20   0   18.5g   5.1g   1.4g R 106.2   2.7   2:59.94 nts	1687354717688
2114841 toao      20   0   18.5g   5.1g   1.4g R 106.2   2.7   3:00.43 nts	1687354718176
2114841 toao      20   0   18.5g   5.1g   1.4g R 100.0   2.7   3:00.63 nts	1687354718379
2114841 toao      20   0   18.5g   5.1g   1.4g R 100.0   2.7   3:01.12 nts	1687354718868
2114841 toao      20   0   18.5g   5.1g   1.4g R 100.0   2.7   3:01.32 nts	1687354719071
2114841 toao      20   0   18.5g   5.1g   1.4g R 106.2   2.7   3:01.82 nts	1687354719560
2114841 toao      20   0   18.5g   5.1g   1.4g R 100.0   2.7   3:02.02 nts	1687354719764
2114841 toao      20   0   18.5g   5.1g   1.4g R  94.1   2.7   3:02.51 nts	1687354720254
2114841 toao      20   0   18.5g   5.1g   1.4g R  94.1   2.7   3:02.71 nts	1687354720454
2114841 toao      20   0   18.5g   5.1g   1.4g R 100.0   2.7   3:03.20 nts	1687354720947
2114841 toao      20   0   18.5g   5.1g   1.4g R 100.0   2.7   3:03.40 nts	1687354721139
2114841 toao      20   0   18.5g   5.1g   1.4g R 100.0   2.7   3:03.89 nts	1687354721640
2114841 toao      20   0   18.5g   5.1g   1.4g R 100.0   2.7   3:04.08 nts	1687354721835
2114841 toao      20   0   18.5g   5.1g   1.4g R 105.9   2.7   3:04.59 nts	1687354722332
2114841 toao      20   0   18.5g   5.1g   1.4g R 106.2   2.7   3:04.77 nts	1687354722519
2114841 toao      20   0   18.5g   5.1g   1.4g R 100.0   2.7   3:05.28 nts	1687354723025
2114841 toao      20   0   18.5g   5.1g   1.4g R 100.0   2.7   3:05.46 nts	1687354723208
2114841 toao      20   0   18.5g   5.1g   1.4g R 100.0   2.7   3:05.97 nts	1687354723717
2114841 toao      20   0   18.5g   5.1g   1.4g R 106.2   2.7   3:06.15 nts	1687354723900
2114841 toao      20   0   18.5g   5.1g   1.4g R 106.2   2.7   3:06.67 nts	1687354724411
2114841 toao      20   0   18.5g   5.1g   1.4g R 100.0   2.7   3:06.84 nts	1687354724591
2114841 toao      20   0   18.5g   5.1g   1.4g R 100.0   2.7   3:07.36 nts	1687354725104
2114841 toao      20   0   18.5g   5.1g   1.4g R 100.0   2.7   3:07.53 nts	1687354725281
2114841 toao      20   0   18.5g   5.1g   1.4g R 100.0   2.7   3:08.05 nts	1687354725796
2114841 toao      20   0   18.5g   5.1g   1.4g R 106.2   2.7   3:08.22 nts	1687354725968
2114841 toao      20   0   18.5g   5.1g   1.4g R 100.0   2.7   3:08.74 nts	1687354726484
2114841 toao      20   0   18.5g   5.1g   1.4g R 106.2   2.7   3:08.91 nts	1687354726657
2114841 toao      20   0   18.5g   5.1g   1.4g R 106.2   2.7   3:09.43 nts	1687354727176
2114841 toao      20   0   18.5g   5.1g   1.4g R 106.2   2.7   3:09.60 nts	1687354727349
2114841 toao      20   0   18.5g   5.1g   1.4g R 100.0   2.7   3:10.12 nts	1687354727867
2114841 toao      20   0   18.5g   5.1g   1.4g R 100.0   2.7   3:10.29 nts	1687354728035
2114841 toao      20   0   18.5g   5.1g   1.4g R 100.0   2.7   3:10.81 nts	1687354728557
2114841 toao      20   0   18.5g   5.1g   1.4g R 106.2   2.7   3:10.99 nts	1687354728728
2114841 toao      20   0   18.5g   5.1g   1.4g R 100.0   2.7   3:11.50 nts	1687354729249
2114841 toao      20   0   18.5g   5.1g   1.4g R 106.2   2.7   3:11.68 nts	1687354729420
2114841 toao      20   0   18.5g   5.1g   1.4g R 100.0   2.7   3:12.20 nts	1687354729941
2114841 toao      20   0   18.5g   5.1g   1.4g R 100.0   2.7   3:12.37 nts	1687354730112
2114841 toao      20   0   18.5g   5.1g   1.4g R 106.2   2.7   3:12.88 nts	1687354730633
2114841 toao      20   0   18.5g   5.1g   1.4g R 100.0   2.7   3:13.06 nts	1687354730804
2114841 toao      20   0   18.5g   5.1g   1.4g R 100.0   2.7   3:13.58 nts	1687354731324
2114841 toao      20   0   18.5g   5.1g   1.4g R 112.5   2.7   3:13.76 nts	1687354731497
2114841 toao      20   0   18.5g   5.1g   1.4g R 106.2   2.7   3:14.28 nts	1687354732017
2114841 toao      20   0   18.5g   5.1g   1.4g R 106.2   2.7   3:14.45 nts	1687354732191
2114841 toao      20   0   18.5g   5.1g   1.4g R 100.0   2.7   3:14.96 nts	1687354732709
2114841 toao      20   0   18.5g   5.1g   1.4g R 100.0   2.7   3:15.14 nts	1687354732882
2114841 toao      20   0   18.5g   5.1g   1.4g R 106.2   2.7   3:15.66 nts	1687354733400
2114841 toao      20   0   18.5g   5.1g   1.4g R 100.0   2.7   3:15.83 nts	1687354733575
2114841 toao      20   0   18.5g   5.1g   1.4g R 100.0   2.7   3:16.34 nts	1687354734091
2114841 toao      20   0   18.5g   5.1g   1.4g R 106.2   2.7   3:16.52 nts	1687354734269
2114841 toao      20   0   18.5g   5.1g   1.4g R  94.1   2.7   3:17.04 nts	1687354734784
2114841 toao      20   0   18.5g   5.1g   1.4g R 100.0   2.7   3:17.21 nts	1687354734959
2114841 toao      20   0   18.5g   5.1g   1.4g R 100.0   2.7   3:17.73 nts	1687354735477
2114841 toao      20   0   18.5g   5.1g   1.4g R 100.0   2.7   3:17.90 nts	1687354735650
2114841 toao      20   0   18.5g   5.1g   1.4g R 106.2   2.7   3:18.42 nts	1687354736167
2114841 toao      20   0   18.5g   5.1g   1.4g R  94.1   2.7   3:18.59 nts	1687354736338
2114841 toao      20   0   18.5g   5.1g   1.4g R  94.1   2.7   3:19.11 nts	1687354736860
2114841 toao      20   0   18.5g   5.1g   1.4g R 100.0   2.7   3:19.29 nts	1687354737032
2114841 toao      20   0   18.5g   5.1g   1.4g R  94.1   2.7   3:19.80 nts	1687354737553
2114841 toao      20   0   18.5g   5.1g   1.4g R 106.2   2.7   3:19.98 nts	1687354737727
2114841 toao      20   0   18.5g   5.1g   1.4g R 100.0   2.7   3:20.50 nts	1687354738245
2114841 toao      20   0   18.5g   5.1g   1.4g R 100.0   2.7   3:20.67 nts	1687354738421
2114841 toao      20   0   18.5g   5.1g   1.4g R 106.2   2.7   3:21.20 nts	1687354738936
2114841 toao      20   0   18.5g   5.1g   1.4g R  94.1   2.7   3:21.37 nts	1687354739113
2114841 toao      20   0   18.5g   5.1g   1.4g R 106.2   2.7   3:21.89 nts	1687354739629
2114841 toao      20   0   18.5g   5.1g   1.4g R  94.1   2.7   3:22.06 nts	1687354739804
2114841 toao      20   0   18.5g   5.1g   1.4g R 100.0   2.7   3:22.57 nts	1687354740320
2114841 toao      20   0   18.5g   5.1g   1.4g R 105.9   2.7   3:22.76 nts	1687354740495
2114841 toao      20   0   18.5g   5.1g   1.4g R 100.0   2.7   3:23.27 nts	1687354741009
2114841 toao      20   0   18.5g   5.1g   1.4g R 100.0   2.7   3:23.44 nts	1687354741188
2114841 toao      20   0   18.5g   5.1g   1.4g R 100.0   2.7   3:23.95 nts	1687354741701
2114841 toao      20   0   18.5g   5.1g   1.4g R  94.1   2.7   3:24.13 nts	1687354741880
2114841 toao      20   0   18.5g   5.1g   1.4g R 100.0   2.7   3:24.65 nts	1687354742393
2114841 toao      20   0   18.5g   5.1g   1.4g R  94.1   2.7   3:24.82 nts	1687354742573
2114841 toao      20   0   18.6g   5.1g   1.4g R  1500   2.7   3:32.80 nts	1687354743113
2114841 toao      20   0   18.6g   5.1g   1.4g R 306.2   2.7   3:33.26 nts	1687354743267
2114841 toao      20   0   20.7g   5.1g   1.4g R  1194   2.7   3:40.20 nts	1687354743796
2114841 toao      20   0   20.7g   5.1g   1.4g R  2756   2.7   3:45.09 nts	1687354743972
2114841 toao      20   0   20.7g   5.2g   1.4g R  2041   2.8   3:49.90 nts	1687354744504
2114841 toao      20   0   20.7g   5.2g   1.4g S 412.5   2.8   3:50.54 nts	1687354744693
2114841 toao      20   0   20.7g   5.2g   1.4g R 306.2   2.8   3:58.15 nts	1687354745197
2114841 toao      20   0   20.7g   5.2g   1.4g R 972.2   2.8   3:59.86 nts	1687354745349
2114841 toao      20   0   20.7g   5.2g   1.4g R  1400   2.8   4:09.78 nts	1687354745916
2114841 toao      20   0   20.7g   5.2g   1.4g R 312.5   2.8   4:10.27 nts	1687354746096
2114841 toao      20   0   20.7g   5.2g   1.4g R  1250   2.8   4:17.00 nts	1687354746612
2114841 toao      20   0   20.7g   5.2g   1.4g R  2239   2.8   4:21.89 nts	1687354746790
2114841 toao      20   0   20.7g   5.2g   1.4g R  2338   2.8   4:26.85 nts	1687354747314
2114841 toao      20   0   20.7g   5.2g   1.4g R  1819   2.8   4:30.10 nts	1687354747484
2114841 toao      20   0   20.7g   5.2g   1.4g R 425.0   2.8   4:34.77 nts	1687354747995
2114841 toao      20   0   20.7g   5.2g   1.4g S  2438   2.8   4:38.74 nts	1687354748200
2114841 toao      20   0   20.7g   5.2g   1.4g R 268.8   2.8   4:44.77 nts	1687354748679
2114841 toao      20   0   20.7g   5.2g   1.4g S  2494   2.8   4:49.09 nts	1687354748884
2114841 toao      20   0   20.7g   5.2g   1.4g R 264.7   2.8   4:55.10 nts	1687354749364
2114841 toao      20   0   20.7g   5.2g   1.4g R  2176   2.8   4:58.88 nts	1687354749564
2114841 toao      20   0   20.7g   5.2g   1.4g R 293.8   2.8   5:05.42 nts	1687354750052
2114841 toao      20   0   20.7g   5.2g   1.4g R  1706   2.8   5:08.23 nts	1687354750250
2114841 toao      20   0   20.7g   5.2g   1.4g R 306.2   2.8   5:15.74 nts	1687354750729
2114841 toao      20   0   20.7g   5.2g   1.4g R  2047   2.8   5:19.39 nts	1687354750962
2114841 toao      20   0   20.7g   5.2g   1.4g R 312.5   2.8   5:25.73 nts	1687354751416
2114841 toao      20   0   20.7g   5.2g   1.4g R  1462   2.8   5:28.30 nts	1687354751669
2114841 toao      20   0   20.7g   5.2g   1.4g R 325.0   2.8   5:35.86 nts	1687354752098
2114841 toao      20   0   20.7g   5.2g   1.4g R  1438   2.8   5:38.45 nts	1687354752369
2114841 toao      20   0   20.7g   5.2g   1.4g R 400.0   2.8   5:45.90 nts	1687354752808
2114841 toao      20   0   20.7g   5.2g   1.4g R  1094   2.8   5:47.93 nts	1687354753056
2114841 toao      20   0   20.7g   5.2g   1.4g R 381.2   2.8   5:56.38 nts	1687354753504
2114841 toao      20   0   20.7g   5.2g   1.4g R  1518   2.8   5:59.23 nts	1687354753764
2114841 toao      20   0   20.7g   5.2g   1.4g R 343.8   2.8   6:06.67 nts	1687354754217
2114841 toao      20   0   20.7g   5.2g   1.4g R  1000   2.8   6:08.52 nts	1687354754474
2114841 toao      20   0   20.7g   5.2g   1.4g R 493.8   2.8   6:16.98 nts	1687354754928
2114841 toao      20   0   20.7g   5.2g   1.4g R  1059   2.8   6:19.04 nts	1687354755184
2114841 toao      20   0   20.7g   5.2g   1.4g R 362.5   2.8   6:27.04 nts	1687354755640
2114841 toao      20   0   20.7g   5.2g   1.4g R  1071   2.8   6:29.17 nts	1687354755900
2114841 toao      20   0   20.7g   5.2g   1.4g R 694.1   2.8   6:37.30 nts	1687354756360
2114841 toao      20   0   20.7g   5.2g   1.4g R  1012   2.8   6:39.37 nts	1687354756631
2114841 toao      20   0   20.7g   5.2g   1.4g R 872.2   2.8   6:47.57 nts	1687354757064
2114841 toao      20   0   20.7g   5.2g   1.4g R  1038   2.8   6:49.58 nts	1687354757336
2114841 toao      20   0   20.7g   5.2g   1.4g R 738.9   2.8   6:57.88 nts	1687354757764
2114841 toao      20   0   20.7g   5.2g   1.4g R  1069   2.8   6:59.90 nts	1687354758039
2114841 toao      20   0   20.7g   5.2g   1.4g R 893.8   2.8   7:07.95 nts	1687354758476
2114841 toao      20   0   20.7g   5.2g   1.4g R  1088   2.8   7:10.17 nts	1687354758763
2114841 toao      20   0   20.7g   5.2g   1.4g R 888.2   2.8   7:18.30 nts	1687354759200
2114841 toao      20   0   20.7g   5.2g   1.4g R 794.1   2.8   7:20.04 nts	1687354759484
2114841 toao      20   0   20.7g   5.2g   1.4g R  1233   2.8   7:28.64 nts	1687354759904
2114841 toao      20   0   20.7g   5.2g   1.4g R 981.2   2.8   7:30.59 nts	1687354760185
2114841 toao      20   0   20.7g   5.2g   1.4g R  1535   2.8   7:39.08 nts	1687354760608
2114841 toao      20   0   20.7g   5.2g   1.4g R 387.5   2.8   7:40.08 nts	1687354760887
2114841 toao      20   0   20.7g   5.2g   1.4g R  1547   2.8   7:49.26 nts	1687354761306
2114841 toao      20   0   20.7g   5.2g   1.4g R 437.5   2.8   7:50.26 nts	1687354761570
2114841 toao      20   0   20.7g   5.2g   1.4g R  1258   2.8   7:59.58 nts	1687354762020
2114841 toao      20   0   20.7g   5.2g   1.4g R 311.8   2.8   8:00.29 nts	1687354762253
2114841 toao      20   0   20.7g   5.2g   1.4g R  1325   2.8   8:09.92 nts	1687354762736
2114841 toao      20   0   20.7g   5.2g   1.4g R 275.0   2.8   8:10.48 nts	1687354762943
2114841 toao      20   0   20.7g   5.2g   1.4g R  1222   2.8   8:20.04 nts	1687354763464
2114841 toao      20   0   20.7g   5.2g   1.4g R 287.5   2.8   8:20.54 nts	1687354763629
2114841 toao      20   0   20.7g   5.2g   1.4g R 923.5   2.8   8:30.18 nts	1687354764160
2114841 toao      20   0   20.7g   5.2g   1.4g R 300.0   2.8   8:30.61 nts	1687354764314
2114841 toao      20   0   20.7g   5.2g   1.4g R  1050   2.8   8:40.37 nts	1687354764888
2114841 toao      20   0   20.7g   5.2g   1.4g R 306.2   2.8   8:40.71 nts	1687354764995
2114841 toao      20   0   20.7g   5.2g   1.4g R 327.8   2.8   8:50.92 nts	1687354765636
2114841 toao      20   0   20.7g   5.2g   1.4g R 312.5   2.8   8:51.05 nts	1687354765677
2114841 toao      20   0   20.7g   5.2g   1.4g R 635.3   2.8   9:01.22 nts	1687354766332
2114841 toao      20   0   20.7g   5.2g   1.4g R 375.0   2.8   9:01.29 nts	1687354766365
2114841 toao      20   0   20.7g   5.2g   1.4g R 547.1   2.8   9:11.56 nts	1687354767048
2114841 toao      20   0   20.7g   5.2g   1.4g R 362.5   2.8   9:11.60 nts	1687354767065
2114841 toao      20   0   20.7g   5.2g   1.4g R 877.8   2.8   9:21.96 nts	1687354767752
2114841 toao      20   0   20.7g   5.2g   1.4g R 577.8   2.8   9:22.03 nts	1687354767772
2114841 toao      20   0   20.7g   5.2g   1.4g R 755.6   2.8   9:32.26 nts	1687354768468
2114841 toao      20   0   20.7g   5.2g   1.4g R 552.9   2.8   9:32.33 nts	1687354768496
2114841 toao      20   0   20.7g   5.2g   1.4g R  1388   2.8   9:42.55 nts	1687354769172
2114841 toao      20   0   20.7g   5.2g   1.4g R 777.8   2.8   9:42.67 nts	1687354769191
2114841 toao      20   0   20.7g   5.2g   1.4g R  1433   2.8   9:52.94 nts	1687354769861
2114841 toao      20   0   20.7g   5.2g   1.4g R  1000   2.8   9:53.02 nts	1687354769916
2114841 toao      20   0   20.7g   5.2g   1.4g R  1938   2.8  10:03.09 nts	1687354770580
2114841 toao      20   0   20.7g   5.2g   1.4g R 805.6   2.8  10:03.27 nts	1687354770597
2114841 toao      20   0   20.7g   5.2g   1.4g R  1661   2.8  10:13.55 nts	1687354771272
2114841 toao      20   0   20.7g   5.2g   1.4g R 905.9   2.8  10:13.69 nts	1687354771328
2114841 toao      20   0   20.7g   5.2g   1.4g R  1456   2.8  10:23.24 nts	1687354771988
2114841 toao      20   0   20.7g   5.2g   1.4g R 827.8   2.8  10:23.37 nts	1687354772036
2114841 toao      20   0   45.3g   5.5g   1.6g R 775.0   2.9  10:30.96 nts	1687354772679
2114841 toao      20   0   45.3g   5.6g   1.8g R 650.0   3.0  10:31.00 nts	1687354772721
2114841 toao      20   0   51.6g   6.8g   2.9g S  1012   3.6  10:34.09 nts	1687354773364
2114841 toao      20   0   52.3g   6.8g   2.9g S  1271   3.6  10:34.65 nts	1687354773404
2114841 toao      20   0   55.4g   7.0g   3.0g S  1425   3.7  10:43.60 nts	1687354774050
2114841 toao      20   0   55.6g   7.0g   3.0g S  1159   3.7  10:43.82 nts	1687354774093
2114841 toao      20   0   55.9g   7.0g   3.0g S  1617   3.7  10:53.51 nts	1687354774734
2114841 toao      20   0   55.9g   7.0g   3.0g S  1288   3.7  10:53.74 nts	1687354774780
2114841 toao      20   0   56.0g   7.0g   3.0g S  1175   3.8  11:02.18 nts	1687354775434
2114841 toao      20   0   56.5g   7.0g   3.0g S  1394   3.8  11:02.74 nts	1687354775466
2114841 toao      20   0   56.1g   7.1g   3.0g S  1325   3.8  11:11.88 nts	1687354776128
2114841 toao      20   0   56.1g   7.1g   3.0g S  1212   3.8  11:12.08 nts	1687354776150
2114841 toao      20   0   56.2g   7.1g   3.0g S  1581   3.8  11:21.54 nts	1687354776802
2114841 toao      20   0   56.2g   7.1g   3.0g S  1181   3.8  11:21.75 nts	1687354776838
2114841 toao      20   0   56.4g   7.1g   3.0g S  1625   3.8  11:30.97 nts	1687354777488
2114841 toao      20   0   56.4g   7.1g   3.0g S  1406   3.8  11:31.33 nts	1687354777522
2114841 toao      20   0   61.7g   7.1g   3.0g S  1150   3.8  11:39.66 nts	1687354778178
2114841 toao      20   0   61.6g   7.1g   3.0g S  1365   3.8  11:40.28 nts	1687354778204
2114841 toao      20   0   62.9g   7.1g   3.0g S  1094   3.8  11:49.21 nts	1687354778868
2114841 toao      20   0   62.9g   7.1g   3.0g S  1162   3.8  11:49.37 nts	1687354778891
2114841 toao      20   0   62.9g   7.1g   3.0g S  1344   3.8  11:58.96 nts	1687354779559
2114841 toao      20   0   62.9g   7.1g   3.0g S  1118   3.8  11:59.03 nts	1687354779572
2114841 toao      20   0   62.8g   7.1g   3.0g S  1375   3.8  12:07.85 nts	1687354780243
2114841 toao      20   0   62.9g   7.1g   3.0g S  1506   3.8  12:08.42 nts	1687354780261
2114841 toao      20   0   62.9g   7.1g   3.0g S  1344   3.8  12:17.23 nts	1687354780928
2114841 toao      20   0   62.8g   7.1g   3.0g S  1556   3.8  12:17.67 nts	1687354780946
2114841 toao      20   0   62.9g   7.1g   3.0g S  1106   3.8  12:26.57 nts	1687354781613
2114841 toao      20   0   62.9g   7.1g   3.0g S  1200   3.8  12:26.74 nts	1687354781636
2114841 toao      20   0   62.9g   7.1g   3.0g S  1288   3.8  12:36.22 nts	1687354782316
2114841 toao      20   0   62.9g   7.1g   3.0g S  1076   3.8  12:36.25 nts	1687354782323
2114841 toao      20   0   62.3g   7.1g   3.0g S  1424   3.8  12:45.63 nts	1687354783002
2114841 toao      20   0   62.3g   7.1g   3.0g S  1441   3.8  12:45.66 nts	1687354783006
2114841 toao      20   0   62.9g   7.1g   3.0g S  1644   3.8  12:55.10 nts	1687354783688
2114841 toao      20   0   62.9g   7.1g   3.0g S  1694   3.8  12:55.18 nts	1687354783689
2114841 toao      20   0   63.4g   7.1g   3.0g S  1394   3.8  13:04.34 nts	1687354784376
2114841 toao      20   0   63.4g   7.1g   3.0g S  1462   3.8  13:04.45 nts	1687354784374
2114841 toao      20   0   62.9g   7.1g   3.0g S  1129   3.8  13:13.66 nts	1687354785056
2114841 toao      20   0   62.9g   7.1g   3.0g S  1219   3.8  13:13.70 nts	1687354785060
2114841 toao      20   0   62.9g   7.1g   3.0g S  1494   3.8  13:23.29 nts	1687354785741
2114841 toao      20   0   62.9g   7.1g   3.0g S  1494   3.8  13:23.29 nts	1687354785742
2114841 toao      20   0   62.8g   7.1g   3.0g S  1518   3.8  13:32.65 nts	1687354786425
2114841 toao      20   0   62.8g   7.1g   3.0g S  1656   3.8  13:32.75 nts	1687354786432
2114841 toao      20   0   62.9g   7.1g   3.0g S  1194   3.8  13:41.81 nts	1687354787116
2114841 toao      20   0   62.9g   7.1g   3.0g S  1256   3.8  13:41.91 nts	1687354787111
2114841 toao      20   0   61.7g   7.1g   3.0g S  1188   3.8  13:51.39 nts	1687354787800
2114841 toao      20   0   61.7g   7.1g   3.0g S  1188   3.8  13:51.39 nts	1687354787802
2114841 toao      20   0   62.9g   7.1g   3.0g S  1653   3.8  14:01.05 nts	1687354788481
2114841 toao      20   0   62.9g   7.1g   3.0g S  1653   3.8  14:01.05 nts	1687354788483
2114841 toao      20   0   62.8g   7.1g   3.0g S  1431   3.8  14:10.20 nts	1687354789169
2114841 toao      20   0   62.8g   7.1g   3.0g S  1431   3.8  14:10.20 nts	1687354789170
2114841 toao      20   0   62.9g   7.1g   3.0g S  1169   3.8  14:19.46 nts	1687354789852
2114841 toao      20   0   62.9g   7.1g   3.0g S  1175   3.8  14:19.47 nts	1687354789852
2114841 toao      20   0   62.9g   7.1g   3.0g S  1129   3.8  14:29.19 nts	1687354790535
2114841 toao      20   0   62.9g   7.1g   3.0g S  1181   3.8  14:29.21 nts	1687354790538
2114841 toao      20   0   62.9g   7.1g   3.0g S  1294   3.8  14:38.75 nts	1687354791228
2114841 toao      20   0   62.9g   7.1g   3.0g S  1294   3.8  14:38.77 nts	1687354791228
2114841 toao      20   0   62.9g   7.1g   3.0g S  1482   3.8  14:48.21 nts	1687354791906
2114841 toao      20   0   62.9g   7.1g   3.0g S  1482   3.8  14:48.34 nts	1687354791916
2114841 toao      20   0   62.3g   7.1g   3.0g S  1606   3.8  14:57.75 nts	1687354792597
2114841 toao      20   0   62.3g   7.1g   3.0g S  1512   3.8  14:57.75 nts	1687354792595
2114841 toao      20   0   62.9g   7.1g   3.0g S  1169   3.8  15:06.39 nts	1687354793286
2114841 toao      20   0   62.9g   7.1g   3.0g S  1269   3.8  15:06.58 nts	1687354793285
2114841 toao      20   0   62.9g   7.1g   3.0g S  1281   3.8  15:16.30 nts	1687354793971
2114841 toao      20   0   62.9g   7.1g   3.0g S  1350   3.8  15:16.51 nts	1687354793980
2114841 toao      20   0   62.9g   7.1g   3.0g S  1200   3.8  15:25.79 nts	1687354794660
2114841 toao      20   0   62.9g   7.1g   3.0g S  1200   3.8  15:25.83 nts	1687354794668
2114841 toao      20   0   62.9g   7.1g   3.0g S  1344   3.8  15:35.28 nts	1687354795347
2114841 toao      20   0   62.9g   7.1g   3.0g S  1288   3.8  15:35.31 nts	1687354795357
2114841 toao      20   0   62.9g   7.1g   3.0g S  1425   3.8  15:44.80 nts	1687354796032
2114841 toao      20   0   62.9g   7.1g   3.0g S  1481   3.8  15:44.80 nts	1687354796029
2114841 toao      20   0   62.8g   7.1g   3.0g S  1519   3.8  15:54.02 nts	1687354796714
2114841 toao      20   0   62.8g   7.1g   3.0g S  1519   3.8  15:54.02 nts	1687354796714
2114841 toao      20   0   62.4g   7.1g   3.0g S  1241   3.8  16:03.40 nts	1687354797399
2114841 toao      20   0   62.3g   7.1g   3.0g S  1294   3.8  16:03.52 nts	1687354797401
2114841 toao      20   0   62.9g   7.1g   3.0g S  1200   3.8  16:12.69 nts	1687354798093
2114841 toao      20   0   62.9g   7.1g   3.0g S  1206   3.8  16:12.69 nts	1687354798090
2114841 toao      20   0   62.9g   7.1g   3.0g S  1400   3.8  16:22.29 nts	1687354798779
2114841 toao      20   0   62.9g   7.1g   3.0g S  1362   3.8  16:22.34 nts	1687354798792
2114841 toao      20   0   62.9g   7.1g   3.0g S  1665   3.8  16:31.88 nts	1687354799463
2114841 toao      20   0   62.9g   7.1g   3.0g S  1588   3.8  16:31.92 nts	1687354799471
2114841 toao      20   0   62.9g   7.1g   3.0g S  1188   3.8  16:40.36 nts	1687354800145
2114841 toao      20   0   62.9g   7.1g   3.0g S  1312   3.8  16:40.67 nts	1687354800158
2114841 toao      20   0   62.9g   7.1g   3.0g S  1100   3.8  16:50.01 nts	1687354800832
2114841 toao      20   0   62.9g   7.1g   3.0g S  1150   3.8  16:50.01 nts	1687354800842
2114841 toao      20   0   62.9g   7.1g   3.0g S  1569   3.8  16:59.44 nts	1687354801522
2114841 toao      20   0   62.9g   7.1g   3.0g S  1571   3.8  16:59.67 nts	1687354801522
2114841 toao      20   0   62.3g   7.1g   3.0g S  1588   3.8  17:09.27 nts	1687354802207
2114841 toao      20   0   62.3g   7.1g   3.0g S  1569   3.8  17:09.27 nts	1687354802211
2114841 toao      20   0   63.4g   7.1g   3.0g S  1394   3.8  17:18.26 nts	1687354802894
2114841 toao      20   0   63.4g   7.1g   3.0g S  1376   3.8  17:18.37 nts	1687354802895
2114841 toao      20   0   62.9g   7.1g   3.0g S  1344   3.8  17:27.80 nts	1687354803577
2114841 toao      20   0   63.0g   7.1g   3.0g S  1356   3.8  17:27.85 nts	1687354803585
2114841 toao      20   0   62.9g   7.1g   3.0g S  1369   3.8  17:37.41 nts	1687354804268
2114841 toao      20   0   62.9g   7.1g   3.0g S  1375   3.8  17:37.41 nts	1687354804266
2114841 toao      20   0   62.8g   7.1g   3.0g S  1612   3.8  17:46.81 nts	1687354804948
2114841 toao      20   0   62.8g   7.1g   3.0g S  1594   3.8  17:46.81 nts	1687354804954
2114841 toao      20   0   62.9g   7.1g   3.0g S  1147   3.8  17:55.76 nts	1687354805638
2114841 toao      20   0   62.9g   7.1g   3.0g S  1244   3.8  17:55.81 nts	1687354805639
2114841 toao      20   0   62.9g   7.1g   3.0g S  1356   3.8  18:05.35 nts	1687354806362
2114841 toao      20   0   62.9g   7.1g   3.0g S  1182   3.8  18:05.42 nts	1687354806361
2114841 toao      20   0   62.9g   7.1g   3.0g S  1565   3.8  18:14.60 nts	1687354807032
2114841 toao      20   0   62.9g   7.1g   3.0g S  1688   3.8  18:14.86 nts	1687354807044
2114841 toao      20   0   62.8g   7.1g   3.0g S  1425   3.8  18:23.91 nts	1687354807721
2114841 toao      20   0   62.9g   7.1g   3.0g S  1644   3.8  18:24.36 nts	1687354807739
2114841 toao      20   0   63.1g   7.1g   3.0g S  1253   3.8  18:33.38 nts	1687354808411
2114841 toao      20   0   62.8g   7.1g   3.0g S  1376   3.8  18:33.66 nts	1687354808427
2114841 toao      20   0   63.4g   7.1g   3.0g S  1362   3.8  18:43.07 nts	1687354809101
2114841 toao      20   0   63.4g   7.1g   3.0g S  1429   3.8  18:43.37 nts	1687354809113
2114841 toao      20   0   62.9g   7.1g   3.0g S  1100   3.8  18:52.53 nts	1687354809803
2114841 toao      20   0   62.9g   7.1g   3.0g S  1135   3.8  18:52.62 nts	1687354809803
2114841 toao      20   0   62.9g   7.1g   3.0g S  1181   3.8  19:02.40 nts	1687354810503
2114841 toao      20   0   62.9g   7.1g   3.0g S  1181   3.8  19:02.40 nts	1687354810502
2114841 toao      20   0   62.9g   7.1g   3.0g S  1229   3.8  19:11.98 nts	1687354811196
2114841 toao      20   0   62.9g   7.1g   3.0g S  1112   3.8  19:12.05 nts	1687354811195
2114841 toao      20   0   62.9g   7.1g   3.0g S  1512   3.8  19:21.51 nts	1687354811870
2114841 toao      20   0   62.9g   7.1g   3.0g S  1276   3.8  19:21.64 nts	1687354811885
2114841 toao      20   0   62.9g   7.1g   3.0g S  1659   3.8  19:31.21 nts	1687354812551
2114841 toao      20   0   62.9g   7.1g   3.0g S  1562   3.8  19:31.27 nts	1687354812571
2114841 toao      20   0   62.9g   7.1g   3.0g S  1550   3.8  19:40.53 nts	1687354813242
2114841 toao      20   0   62.9g   7.1g   3.0g S  1659   3.8  19:40.94 nts	1687354813254
2114841 toao      20   0   62.9g   7.1g   3.0g S  1344   3.8  19:49.87 nts	1687354813927
2114841 toao      20   0   62.8g   7.1g   3.0g S  1475   3.8  19:50.16 nts	1687354813942
2114841 toao      20   0   62.9g   7.1g   3.0g S  1247   3.8  19:59.14 nts	1687354814615
2114841 toao      20   0   62.9g   7.1g   3.0g S  1188   3.8  19:59.24 nts	1687354814627
2114841 toao      20   0   62.9g   7.1g   3.0g S  1581   3.8  20:08.82 nts	1687354815299
2114841 toao      20   0   62.9g   7.1g   3.0g S  1224   3.8  20:09.01 nts	1687354815329
2114841 toao      20   0   62.8g   7.1g   3.0g S  1359   3.8  20:18.06 nts	1687354815983
2114841 toao      20   0   61.1g   7.1g   3.0g S  1271   3.8  20:18.64 nts	1687354816022
2114841 toao      20   0   63.0g   7.1g   3.0g S  1531   3.8  20:27.62 nts	1687354816672
2114841 toao      20   0   62.9g   7.1g   3.0g S  1553   3.8  20:28.25 nts	1687354816705
2114841 toao      20   0   62.9g   7.1g   3.0g S  1156   3.8  20:36.77 nts	1687354817358
2114841 toao      20   0   62.9g   7.1g   3.0g S  1338   3.8  20:37.29 nts	1687354817399
2114841 toao      20   0   62.9g   7.1g   3.0g S  1341   3.8  20:46.55 nts	1687354818041
2114841 toao      20   0   62.9g   7.1g   3.0g S  1118   3.8  20:46.79 nts	1687354818086
2114841 toao      20   0   62.9g   7.1g   3.0g S  1524   3.8  20:56.39 nts	1687354818731
2114841 toao      20   0   62.9g   7.1g   3.0g S  1219   3.8  20:56.61 nts	1687354818771
2114841 toao      20   0   62.9g   7.1g   3.0g S  1529   3.8  21:06.22 nts	1687354819423
2114841 toao      20   0   62.9g   7.1g   3.0g S  1200   3.8  21:06.44 nts	1687354819459
2114841 toao      20   0   62.9g   7.1g   3.0g S  1641   3.8  21:16.07 nts	1687354820113
2114841 toao      20   0   62.9g   7.1g   3.0g S  1369   3.8  21:16.23 nts	1687354820154
2114841 toao      20   0   59.1g   7.1g   3.0g R 756.2   3.8  21:24.02 nts	1687354820806
2114841 toao      20   0       0      0      0 Z 200.0   0.0  21:24.04 nts	1687354820831
2114841 toao      20   0       0      0      0 Z  94.1   0.0  21:24.61 nts	1687354821494
2114841 toao      20   0       0      0      0 Z  94.1   0.0  21:24.63 nts	1687354821516
