720519 toao      20   0 2487336 101224  69140 R 100.0   0.1   0:00.19 nts	1693201019181
720519 toao      20   0 8370196 217848 118272 R  7439   0.2   0:29.08 nts	1693201019909
720519 toao      20   0 8462428 282360 118588 R 200.0   0.2   0:37.05 nts	1693201020620
720519 toao      20   0 8462428 282360 118588 R 200.0   0.2   0:38.45 nts	1693201021324
720519 toao      20   0 8462428 282360 118588 R 205.9   0.2   0:39.86 nts	1693201022028
720519 toao      20   0 8462428 282360 118588 R 200.0   0.2   0:41.25 nts	1693201022732
720519 toao      20   0 8462428 301368 118588 R 200.0   0.2   0:42.65 nts	1693201023438
720519 toao      20   0 8462428 301632 118588 R 205.9   0.2   0:44.06 nts	1693201024145
720519 toao      20   0 8462428 301632 118588 R 205.9   0.2   0:45.46 nts	1693201024849
720519 toao      20   0 8462428 301632 118588 R 200.0   0.2   0:46.86 nts	1693201025558
720519 toao      20   0 8462428 301632 118588 R 205.9   0.2   0:48.27 nts	1693201026261
720519 toao      20   0 9720188 596064 118712 R 955.6   0.5   0:52.62 nts	1693201026968
720519 toao      20   0 9720188 597648 118712 R 841.2   0.5   0:59.62 nts	1693201027683
720519 toao      20   0 9720188 597908 118712 R  1059   0.5   1:06.52 nts	1693201028387
720519 toao      20   0 9720188 832236 118712 R 929.4   0.6   1:13.25 nts	1693201029090
720519 toao      20   0 9720188 833020 118712 R  1194   0.6   1:21.12 nts	1693201029792
720519 toao      20   0   13.3g 837640 118868 R  1006   0.6   1:28.63 nts	1693201030497
720519 toao      20   0   13.3g 837900 118868 R 183.3   0.6   1:30.03 nts	1693201031190
720519 toao      20   0   13.3g 838164 118868 R 200.0   0.6   1:31.45 nts	1693201031898
720519 toao      20   0   13.3g 838428 118868 R 200.0   0.6   1:32.86 nts	1693201032605
720519 toao      20   0   13.3g 838692 118868 R 200.0   0.6   1:34.27 nts	1693201033312
720519 toao      20   0   13.3g 838956 118868 R 205.9   0.6   1:35.67 nts	1693201034017
720519 toao      20   0   13.3g 840804 118868 R 205.9   0.6   1:37.07 nts	1693201034719
720519 toao      20   0   13.3g 843180 118868 R 212.5   0.6   1:38.46 nts	1693201035423
720519 toao      20   0   13.3g 845292 118868 R 212.5   0.6   1:39.86 nts	1693201036124
720519 toao      20   0   13.3g 847404 118868 R 206.2   0.6   1:41.25 nts	1693201036824
720519 toao      20   0   13.3g 850044 118868 R 212.5   0.6   1:42.65 nts	1693201037523
720519 toao      20   0   13.3g 852684 118868 R 206.2   0.6   1:44.04 nts	1693201038223
720519 toao      20   0   13.3g 855588 118868 R 212.5   0.7   1:45.44 nts	1693201038923
720519 toao      20   0   13.3g 857172 118868 R 212.5   0.7   1:46.83 nts	1693201039623
720519 toao      20   0   13.3g 857964 118868 R 212.5   0.7   1:48.23 nts	1693201040324
720519 toao      20   0   13.3g 859020 118868 R 206.2   0.7   1:49.62 nts	1693201041023
720519 toao      20   0   13.3g 862980 118868 R 194.1   0.7   1:51.02 nts	1693201041723
720519 toao      20   0   13.3g 866940 118868 R 194.1   0.7   1:52.42 nts	1693201042427
720519 toao      20   0   13.3g 870900 118868 R 194.1   0.7   1:53.82 nts	1693201043132
720519 toao      20   0   13.3g 874860 118868 R 194.1   0.7   1:55.22 nts	1693201043834
720519 toao      20   0   14.5g 990.6m 118868 R 735.3   0.8   1:58.98 nts	1693201044534
720519 toao      20   0   14.5g   1.1g 118868 R 535.3   0.9   2:03.23 nts	1693201045235
720519 toao      20   0   14.5g   1.2g 118868 R 776.5   1.0   2:08.31 nts	1693201045936
720519 toao      20   0   14.5g   1.3g 118868 R 588.2   1.1   2:13.19 nts	1693201046638
720519 toao      20   0   18.6g   1.4g 118868 R 100.0   1.1   2:15.58 nts	1693201047339
720519 toao      20   0   18.6g   1.4g 118868 R  94.1   1.1   2:16.27 nts	1693201048039
720519 toao      20   0   18.6g   1.4g 118868 R 100.0   1.1   2:16.98 nts	1693201048739
720519 toao      20   0   19.1g   1.4g 118868 R  94.4   1.1   2:17.69 nts	1693201049441
720519 toao      20   0   19.1g   1.7g 118868 R  94.1   1.3   2:18.39 nts	1693201050146
720519 toao      20   0   19.1g   1.7g 118868 R 100.0   1.3   2:19.09 nts	1693201050850
720519 toao      20   0   19.1g   1.7g 118868 R 100.0   1.3   2:19.79 nts	1693201051550
720519 toao      20   0   19.1g   1.7g 118868 R 100.0   1.3   2:20.50 nts	1693201052255
720519 toao      20   0   19.1g   1.7g 118868 R 100.0   1.3   2:21.20 nts	1693201052959
720519 toao      20   0   19.1g   1.7g 118868 R 100.0   1.3   2:21.91 nts	1693201053662
720519 toao      20   0   19.1g   1.7g 118868 R  94.1   1.3   2:22.60 nts	1693201054366
720519 toao      20   0   19.1g   1.7g 118868 R  94.1   1.3   2:23.30 nts	1693201055066
720519 toao      20   0   19.1g   1.8g 118868 R 100.0   1.4   2:24.01 nts	1693201055766
720519 toao      20   0   19.1g   1.9g 118868 R 100.0   1.5   2:24.71 nts	1693201056467
720519 toao      20   0   19.1g   1.9g 118868 R  94.1   1.5   2:25.40 nts	1693201057167
720519 toao      20   0   19.1g   1.9g 118868 R 100.0   1.5   2:26.10 nts	1693201057866
720519 toao      20   0   19.1g   1.9g 118868 R 100.0   1.5   2:26.81 nts	1693201058567
720519 toao      20   0   19.1g   1.9g 118868 R  94.1   1.5   2:27.50 nts	1693201059266
720519 toao      20   0   19.1g   1.9g 118868 R 100.0   1.5   2:28.21 nts	1693201059967
720519 toao      20   0   19.1g   1.9g 118868 R 100.0   1.5   2:28.91 nts	1693201060671
720519 toao      20   0   19.1g   1.9g 118868 R 100.0   1.5   2:29.61 nts	1693201061372
720519 toao      20   0   19.1g   1.9g 118868 R 100.0   1.5   2:30.30 nts	1693201062071
720519 toao      20   0   19.1g   1.9g 119940 R 782.4   1.5   2:32.17 nts	1693201062771
720519 toao      20   0   28.7g   2.6g 311468 R  94.1   2.1   2:32.86 nts	1693201063467
720519 toao      20   0   29.7g   3.5g 447340 R 100.0   2.8   2:33.57 nts	1693201064171
720519 toao      20   0   30.9g   4.6g 532388 R 100.0   3.6   2:34.27 nts	1693201064874
720519 toao      20   0   30.9g   4.6g 532388 R 105.9   3.6   2:34.98 nts	1693201065580
720519 toao      20   0   31.9g   5.5g   1.4g R 112.5   4.4   2:35.68 nts	1693201066283
720519 toao      20   0   31.9g   5.5g   1.4g R 100.0   4.4   2:36.38 nts	1693201066987
720519 toao      20   0   31.9g   5.5g   1.4g R 100.0   4.4   2:37.08 nts	1693201067687
720519 toao      20   0   31.9g   5.5g   1.4g R  94.1   4.4   2:37.78 nts	1693201068391
720519 toao      20   0   31.9g   5.5g   1.4g R 100.0   4.4   2:38.48 nts	1693201069089
720519 toao      20   0   31.9g   5.5g   1.4g R 105.9   4.4   2:39.19 nts	1693201069790
720519 toao      20   0   31.9g   5.5g   1.4g R 100.0   4.4   2:39.88 nts	1693201070489
720519 toao      20   0   31.9g   5.5g   1.4g R 100.0   4.4   2:40.59 nts	1693201071191
720519 toao      20   0   31.9g   5.5g   1.4g R 100.0   4.4   2:41.29 nts	1693201071895
720519 toao      20   0   31.9g   5.5g   1.4g R 100.0   4.4   2:41.99 nts	1693201072595
720519 toao      20   0   31.9g   5.5g   1.4g R 100.0   4.4   2:42.69 nts	1693201073298
720519 toao      20   0   31.9g   5.5g   1.4g R  94.1   4.4   2:43.39 nts	1693201073999
720519 toao      20   0   31.9g   5.5g   1.4g R 100.0   4.4   2:44.09 nts	1693201074698
720519 toao      20   0   31.9g   5.5g   1.4g R  94.1   4.4   2:44.79 nts	1693201075403
720519 toao      20   0   31.9g   5.5g   1.4g R 100.0   4.4   2:45.50 nts	1693201076106
720519 toao      20   0   31.9g   5.5g   1.4g R 100.0   4.4   2:46.20 nts	1693201076804
720519 toao      20   0   31.9g   5.5g   1.4g R 100.0   4.4   2:46.90 nts	1693201077506
720519 toao      20   0   31.9g   5.5g   1.4g R 100.0   4.4   2:47.61 nts	1693201078211
720519 toao      20   0   31.9g   5.5g   1.4g R 100.0   4.4   2:48.31 nts	1693201078915
720519 toao      20   0   31.9g   5.5g   1.4g R 100.0   4.4   2:49.01 nts	1693201079618
720519 toao      20   0   31.9g   5.5g   1.4g R 100.0   4.4   2:49.71 nts	1693201080319
720519 toao      20   0   31.9g   5.5g   1.4g R 105.9   4.4   2:50.42 nts	1693201081019
720519 toao      20   0   31.9g   5.5g   1.4g R 100.0   4.4   2:51.12 nts	1693201081720
720519 toao      20   0   31.9g   5.5g   1.4g R 100.0   4.4   2:51.81 nts	1693201082422
720519 toao      20   0   31.9g   5.5g   1.4g R 100.0   4.4   2:52.52 nts	1693201083123
720519 toao      20   0   31.9g   5.5g   1.4g R 100.0   4.4   2:53.22 nts	1693201083826
720519 toao      20   0   31.9g   5.5g   1.4g R 100.0   4.4   2:53.92 nts	1693201084527
720519 toao      20   0   31.9g   5.5g   1.4g R  94.1   4.4   2:54.62 nts	1693201085227
720519 toao      20   0   31.9g   5.5g   1.4g R  94.1   4.4   2:55.32 nts	1693201085929
720519 toao      20   0   31.9g   5.5g   1.4g R  94.1   4.4   2:56.02 nts	1693201086632
720519 toao      20   0   31.9g   5.5g   1.4g R 100.0   4.4   2:56.72 nts	1693201087335
720519 toao      20   0   31.9g   5.5g   1.4g R 100.0   4.4   2:57.43 nts	1693201088035
720519 toao      20   0   31.9g   5.5g   1.4g R 100.0   4.4   2:58.14 nts	1693201088735
720519 toao      20   0   31.9g   5.5g   1.4g R 100.0   4.4   2:58.84 nts	1693201089439
720519 toao      20   0   31.9g   5.5g   1.4g R 100.0   4.4   2:59.54 nts	1693201090142
720519 toao      20   0   31.9g   5.5g   1.4g R 100.0   4.4   3:00.24 nts	1693201090847
720519 toao      20   0   31.9g   5.5g   1.4g R 100.0   4.4   3:00.95 nts	1693201091551
720519 toao      20   0   31.9g   5.5g   1.4g R 106.2   4.4   3:01.65 nts	1693201092254
720519 toao      20   0   31.9g   5.5g   1.4g R  94.1   4.4   3:02.35 nts	1693201092955
720519 toao      20   0   31.9g   5.5g   1.4g R 100.0   4.4   3:03.05 nts	1693201093654
720519 toao      20   0   31.9g   5.5g   1.4g R 100.0   4.4   3:03.76 nts	1693201094355
720519 toao      20   0   31.9g   5.5g   1.4g R 100.0   4.4   3:04.46 nts	1693201095059
720519 toao      20   0   31.9g   5.5g   1.4g R 100.0   4.4   3:05.16 nts	1693201095763
720519 toao      20   0   31.9g   5.5g   1.4g R  94.1   4.4   3:05.86 nts	1693201096467
720519 toao      20   0   31.9g   5.5g   1.4g R  94.1   4.4   3:06.57 nts	1693201097170
720519 toao      20   0   31.9g   5.5g   1.4g R 100.0   4.4   3:07.27 nts	1693201097874
720519 toao      20   0   31.9g   5.5g   1.4g R 100.0   4.4   3:07.97 nts	1693201098574
720519 toao      20   0   31.9g   5.5g   1.4g R 100.0   4.4   3:08.67 nts	1693201099276
720519 toao      20   0   31.9g   5.5g   1.4g R 100.0   4.4   3:09.38 nts	1693201099978
720519 toao      20   0   31.9g   5.5g   1.4g R  94.1   4.4   3:10.07 nts	1693201100679
720519 toao      20   0   31.9g   5.5g   1.4g R  88.9   4.4   3:10.78 nts	1693201101382
720519 toao      20   0   31.9g   5.5g   1.4g R 106.2   4.4   3:11.48 nts	1693201102085
720519 toao      20   0   31.9g   5.5g   1.4g R 106.2   4.4   3:12.18 nts	1693201102785
720519 toao      20   0   31.9g   5.5g   1.4g R  94.1   4.4   3:12.88 nts	1693201103486
720519 toao      20   0   31.9g   5.5g   1.4g R 100.0   4.4   3:13.59 nts	1693201104190
720519 toao      20   0   31.9g   5.5g   1.4g R 100.0   4.4   3:14.29 nts	1693201104891
720519 toao      20   0   31.9g   5.5g   1.4g R 100.0   4.4   3:14.99 nts	1693201105591
720519 toao      20   0   31.9g   5.5g   1.4g R 100.0   4.4   3:15.69 nts	1693201106291
720519 toao      20   0   31.9g   5.5g   1.4g R  88.2   4.4   3:16.37 nts	1693201106991
720519 toao      20   0   34.5g   5.6g   1.4g R  3559   4.4   3:35.09 nts	1693201107689
720519 toao      20   0   34.5g   5.6g   1.4g R  2944   4.4   3:57.20 nts	1693201108390
720519 toao      20   0   34.5g   5.6g   1.4g R  3500   4.4   4:20.14 nts	1693201109106
720519 toao      20   0   34.5g   5.6g   1.4g R  2859   4.4   4:41.25 nts	1693201109822
720519 toao      20   0   34.5g   5.6g   1.4g R  2971   4.4   5:02.98 nts	1693201110527
720519 toao      20   0   34.5g   5.6g   1.4g R  2925   4.4   5:23.37 nts	1693201111225
720519 toao      20   0   34.5g   5.6g   1.4g R  2806   4.4   5:41.94 nts	1693201111930
720519 toao      20   0   34.5g   5.6g   1.4g R  3512   4.4   6:00.36 nts	1693201112622
720519 toao      20   0   34.5g   5.6g   1.4g R  3618   4.4   6:24.35 nts	1693201113322
720519 toao      20   0   34.5g   5.6g   1.4g S  3218   4.4   6:48.88 nts	1693201114037
720519 toao      20   0   83.0g   6.0g   1.8g R  1312   4.8   7:04.51 nts	1693201114733
720519 toao      20   0   86.3g   7.4g   3.3g R 200.0   5.9   7:05.81 nts	1693201115439
720519 toao      20   0   91.7g   7.5g   3.4g S  2359   6.0   7:19.41 nts	1693201116144
720519 toao      20   0   91.4g   7.5g   3.4g S  2718   6.0   7:39.14 nts	1693201116845
720519 toao      20   0   91.4g   7.5g   3.4g S  2782   6.0   7:58.79 nts	1693201117548
720519 toao      20   0   91.4g   7.5g   3.4g S  3106   6.0   8:19.04 nts	1693201118248
720519 toao      20   0  109.9g   7.5g   3.4g S  2300   6.0   8:38.72 nts	1693201118950
720519 toao      20   0  110.6g   7.5g   3.4g S  2724   6.0   8:56.07 nts	1693201119660
720519 toao      20   0  110.7g   7.5g   3.4g S  3250   6.0   9:15.96 nts	1693201120362
720519 toao      20   0  111.2g   7.6g   3.4g S  2929   6.0   9:35.53 nts	1693201121063
720519 toao      20   0  111.2g   7.6g   3.4g S  3162   6.0   9:55.56 nts	1693201121762
720519 toao      20   0  114.1g   7.5g   3.4g S  2556   6.0  10:14.34 nts	1693201122463
720519 toao      20   0  114.1g   7.5g   3.4g S  2947   6.0  10:32.98 nts	1693201123163
720519 toao      20   0  114.7g   7.6g   3.4g S  2841   6.0  10:52.59 nts	1693201123867
720519 toao      20   0  114.7g   7.6g   3.4g S  2759   6.0  11:12.56 nts	1693201124568
720519 toao      20   0  114.7g   7.6g   3.4g S  2753   6.0  11:32.28 nts	1693201125270
720519 toao      20   0  114.1g   7.5g   3.4g S  2606   6.0  11:50.01 nts	1693201125971
720519 toao      20   0  114.7g   7.6g   3.4g S  3006   6.0  12:09.18 nts	1693201126671
720519 toao      20   0  114.1g   7.5g   3.4g S  3200   6.0  12:30.01 nts	1693201127371
720519 toao      20   0  114.1g   7.5g   3.4g S  3375   6.0  12:50.40 nts	1693201128072
720519 toao      20   0  113.4g   7.5g   3.4g S  2171   6.0  13:09.20 nts	1693201128774
720519 toao      20   0  114.7g   7.6g   3.4g S  2072   6.0  13:27.75 nts	1693201129481
720519 toao      20   0  114.7g   7.6g   3.4g S  2976   6.0  13:48.15 nts	1693201130186
720519 toao      20   0  114.6g   7.6g   3.4g S  2528   6.0  14:07.92 nts	1693201130891
720519 toao      20   0  114.7g   7.6g   3.4g S  2965   6.0  14:28.61 nts	1693201131596
720519 toao      20   0  113.8g   7.5g   3.4g S  3319   6.0  14:47.62 nts	1693201132302
720519 toao      20   0  114.7g   7.6g   3.4g S  2981   6.0  15:05.48 nts	1693201133005
720519 toao      20   0  114.7g   7.6g   3.4g S  2835   6.0  15:25.01 nts	1693201133706
720519 toao      20   0  114.1g   7.5g   3.4g S  2735   6.0  15:45.32 nts	1693201134408
720519 toao      20   0  114.7g   7.6g   3.4g S  2594   6.0  16:05.61 nts	1693201135115
720519 toao      20   0  114.1g   7.5g   3.4g S  2253   6.0  16:22.70 nts	1693201135817
720519 toao      20   0  114.1g   7.5g   3.4g S  2665   6.0  16:41.54 nts	1693201136523
720519 toao      20   0  114.5g   7.6g   3.4g S  2712   6.0  17:01.03 nts	1693201137227
720519 toao      20   0  114.1g   7.5g   3.4g S  2782   6.0  17:20.26 nts	1693201137930
720519 toao      20   0  112.3g   7.5g   3.4g S  2700   6.0  17:40.54 nts	1693201138630
720519 toao      20   0  114.1g   7.6g   3.4g S  2361   6.0  17:58.30 nts	1693201139331
720519 toao      20   0  114.7g   7.6g   3.4g S  2759   6.0  18:18.25 nts	1693201140034
720519 toao      20   0  114.7g   7.6g   3.4g S  2824   6.0  18:38.09 nts	1693201140738
720519 toao      20   0  114.7g   7.6g   3.4g S  2947   6.0  18:58.70 nts	1693201141441
720519 toao      20   0  113.5g   7.5g   3.4g S  2418   6.0  19:17.40 nts	1693201142142
720519 toao      20   0  114.1g   7.6g   3.4g S  2494   6.0  19:36.28 nts	1693201142846
720519 toao      20   0  114.1g   7.6g   3.4g S  2847   6.0  19:55.97 nts	1693201143550
720519 toao      20   0  114.1g   7.6g   3.4g S  2712   6.0  20:16.56 nts	1693201144252
720519 toao      20   0  114.7g   7.6g   3.4g S  2835   6.0  20:35.81 nts	1693201144955
720519 toao      20   0  114.1g   7.6g   3.4g S  2400   6.0  20:52.76 nts	1693201145659
720519 toao      20   0  114.7g   7.6g   3.4g S  2522   6.0  21:12.08 nts	1693201146361
720519 toao      20   0  114.7g   7.6g   3.4g S  2629   6.0  21:31.41 nts	1693201147066
720519 toao      20   0  114.2g   7.6g   3.4g S  2659   6.0  21:51.22 nts	1693201147769
720519 toao      20   0  110.9g   7.5g   3.4g R  1476   6.0  22:09.15 nts	1693201148475
720519 toao      20   0       0      0      0 Z 100.0   0.0  22:09.85 nts	1693201149177
