1416441 toao      20   0 2489328 103016  68892 R 100.0   0.1   0:00.19 nts	1693188927625
1416441 toao      20   0 8389884 233992 114896 R  7888   0.2   0:30.28 nts	1693188928369
1416441 toao      20   0 8621164 368716 115024 R 200.0   0.3   0:54.72 nts	1693188929075
1416441 toao      20   0 8621164 387196 115024 R 200.0   0.3   0:56.11 nts	1693188929780
1416441 toao      20   0 8621164 387196 115024 R 194.1   0.3   0:57.49 nts	1693188930479
1416441 toao      20   0 8621164 387196 115024 R 200.0   0.3   0:58.89 nts	1693188931187
1416441 toao      20   0 8621164 387196 115024 R 200.0   0.3   1:00.27 nts	1693188931887
1416441 toao      20   0 8621164 387196 115024 R 200.0   0.3   1:01.67 nts	1693188932586
1416441 toao      20   0 8621164 412276 115024 R 205.9   0.3   1:03.06 nts	1693188933290
1416441 toao      20   0 8621164 412276 115024 R 200.0   0.3   1:04.44 nts	1693188933987
1416441 toao      20   0 8621164 415972 115024 R 200.0   0.3   1:05.83 nts	1693188934687
1416441 toao      20   0 8621164 426796 115024 R 194.1   0.3   1:07.22 nts	1693188935387
1416441 toao      20   0 8621164 437620 115024 R 194.1   0.3   1:08.61 nts	1693188936090
1416441 toao      20   0 8715952 445924 115084 R 188.2   0.3   1:09.99 nts	1693188936791
1416441 toao      20   0    9.9g 987.4m 115144 R 911.8   0.8   1:14.15 nts	1693188937495
1416441 toao      20   0    9.9g   1.0g 115144 R 964.7   0.8   1:20.13 nts	1693188938199
1416441 toao      20   0    9.9g   1.0g 115144 R 987.5   0.8   1:27.76 nts	1693188938903
1416441 toao      20   0    9.9g   1.0g 115144 R  1000   0.8   1:35.34 nts	1693188939604
1416441 toao      20   0    9.9g   1.2g 115144 R  1041   1.0   1:44.44 nts	1693188940309
1416441 toao      20   0    9.9g   1.3g 115144 R  1253   1.0   1:53.85 nts	1693188941013
1416441 toao      20   0    9.9g   1.4g 115144 R  1347   1.1   2:03.83 nts	1693188941715
1416441 toao      20   0    9.9g   1.4g 115144 R  1576   1.1   2:13.26 nts	1693188942421
1416441 toao      20   0   14.1g   1.4g 115188 R 200.0   1.1   2:17.34 nts	1693188943124
1416441 toao      20   0   14.1g   1.4g 115188 R 200.0   1.1   2:18.73 nts	1693188943830
1416441 toao      20   0   14.1g   1.5g 115188 R 218.8   1.2   2:20.13 nts	1693188944533
1416441 toao      20   0   14.1g   1.5g 115188 R 200.0   1.2   2:21.52 nts	1693188945237
1416441 toao      20   0   14.1g   1.5g 115188 R 212.5   1.2   2:22.90 nts	1693188945942
1416441 toao      20   0   14.1g   1.5g 115188 R 200.0   1.2   2:24.29 nts	1693188946645
1416441 toao      20   0   14.1g   1.5g 115188 R 200.0   1.2   2:25.69 nts	1693188947348
1416441 toao      20   0   14.1g   1.5g 115188 R 194.1   1.2   2:27.07 nts	1693188948052
1416441 toao      20   0   14.1g   1.5g 115188 R 194.1   1.2   2:28.46 nts	1693188948755
1416441 toao      20   0   14.1g   1.5g 115188 R 200.0   1.2   2:29.86 nts	1693188949454
1416441 toao      20   0   14.1g   1.5g 115188 R 194.1   1.2   2:31.24 nts	1693188950156
1416441 toao      20   0   14.1g   1.5g 115188 R 205.9   1.2   2:32.65 nts	1693188950854
1416441 toao      20   0   14.1g   1.5g 115188 R 194.1   1.2   2:34.03 nts	1693188951561
1416441 toao      20   0   14.1g   1.5g 115188 R 200.0   1.2   2:35.42 nts	1693188952262
1416441 toao      20   0   14.6g   1.6g 115188 R 100.0   1.3   2:36.63 nts	1693188952963
1416441 toao      20   0   15.7g   1.8g 115188 R 688.2   1.4   2:41.04 nts	1693188953666
1416441 toao      20   0   15.7g   1.8g 115188 R  1306   1.5   2:54.75 nts	1693188954367
1416441 toao      20   0   15.7g   1.9g 115188 R  1329   1.5   3:05.51 nts	1693188955068
1416441 toao      20   0   15.7g   2.0g 115188 R 764.7   1.6   3:12.27 nts	1693188955771
1416441 toao      20   0   15.7g   2.1g 115188 R 558.8   1.7   3:16.41 nts	1693188956477
1416441 toao      20   0   15.7g   2.2g 115188 R 423.5   1.8   3:20.08 nts	1693188957181
1416441 toao      20   0   15.7g   2.3g 115188 R 582.4   1.9   3:23.80 nts	1693188957889
1416441 toao      20   0   15.7g   2.5g 115188 R 464.7   2.0   3:27.64 nts	1693188958597
1416441 toao      20   0   19.7g   2.5g 115188 R 100.0   2.0   3:30.24 nts	1693188959302
1416441 toao      20   0   19.9g   2.6g 115188 R 106.2   2.1   3:32.64 nts	1693188960003
1416441 toao      20   0   19.9g   2.6g 115188 R 100.0   2.1   3:33.35 nts	1693188960706
1416441 toao      20   0   19.9g   2.6g 115188 R 100.0   2.1   3:34.05 nts	1693188961412
1416441 toao      20   0   19.9g   2.6g 115188 R 100.0   2.1   3:34.75 nts	1693188962116
1416441 toao      20   0   19.9g   2.6g 115188 R 100.0   2.1   3:35.45 nts	1693188962814
1416441 toao      20   0   19.9g   2.6g 115188 R 100.0   2.1   3:36.15 nts	1693188963516
1416441 toao      20   0   19.9g   2.6g 115188 R 106.2   2.1   3:36.85 nts	1693188964214
1416441 toao      20   0   19.9g   2.6g 115188 R 100.0   2.1   3:37.54 nts	1693188964911
1416441 toao      20   0   20.8g   2.9g 115188 R 100.0   2.3   3:38.25 nts	1693188965611
1416441 toao      20   0   20.8g   3.1g 115188 R 105.9   2.5   3:38.96 nts	1693188966316
1416441 toao      20   0   20.8g   3.2g 115188 R  94.1   2.5   3:39.65 nts	1693188967019
1416441 toao      20   0   20.8g   3.2g 115188 R 100.0   2.5   3:40.36 nts	1693188967718
1416441 toao      20   0   20.8g   3.2g 115188 R 100.0   2.5   3:41.05 nts	1693188968418
1416441 toao      20   0   20.8g   3.2g 115188 R 100.0   2.5   3:41.75 nts	1693188969118
1416441 toao      20   0   20.8g   3.2g 115188 R 106.2   2.5   3:42.46 nts	1693188969822
1416441 toao      20   0   20.8g   3.2g 115188 R 100.0   2.5   3:43.16 nts	1693188970522
1416441 toao      20   0   20.8g   3.2g 115188 R 100.0   2.5   3:43.86 nts	1693188971227
1416441 toao      20   0   20.8g   3.2g 115188 R 100.0   2.5   3:44.56 nts	1693188971929
1416441 toao      20   0   20.8g   3.2g 115188 R 100.0   2.5   3:45.26 nts	1693188972626
1416441 toao      20   0   20.8g   3.2g 115188 R  94.1   2.5   3:45.95 nts	1693188973323
1416441 toao      20   0   20.8g   3.2g 115188 R 100.0   2.5   3:46.66 nts	1693188974027
1416441 toao      20   0   20.8g   3.2g 115188 R  94.1   2.5   3:47.36 nts	1693188974731
1416441 toao      20   0   20.8g   3.2g 115188 R 100.0   2.5   3:48.07 nts	1693188975434
1416441 toao      20   0   20.8g   3.4g 115188 R 100.0   2.7   3:48.77 nts	1693188976135
1416441 toao      20   0   20.8g   3.4g 115188 R 100.0   2.7   3:49.47 nts	1693188976838
1416441 toao      20   0   20.8g   3.4g 115188 R  94.1   2.7   3:50.16 nts	1693188977538
1416441 toao      20   0   20.8g   3.4g 115188 R 100.0   2.7   3:50.87 nts	1693188978238
1416441 toao      20   0   20.8g   3.4g 115188 R  94.1   2.7   3:51.56 nts	1693188978937
1416441 toao      20   0   20.8g   3.5g 115188 R  94.1   2.8   3:52.26 nts	1693188979635
1416441 toao      20   0   20.8g   3.5g 115188 R 100.0   2.8   3:52.97 nts	1693188980334
1416441 toao      20   0   20.8g   3.5g 115188 R 105.9   2.8   3:53.67 nts	1693188981038
1416441 toao      20   0   20.8g   3.5g 115188 R  94.1   2.8   3:54.36 nts	1693188981738
1416441 toao      20   0   20.8g   3.5g 115188 R 105.9   2.8   3:55.08 nts	1693188982439
1416441 toao      20   0   20.8g   3.6g 115188 R 105.9   2.8   3:55.78 nts	1693188983143
1416441 toao      20   0   20.8g   3.6g 115188 R 100.0   2.9   3:56.48 nts	1693188983846
1416441 toao      20   0   20.8g   3.6g 115188 R  94.1   2.9   3:57.17 nts	1693188984547
1416441 toao      20   0   20.8g   3.6g 115188 R 100.0   2.9   3:57.88 nts	1693188985247
1416441 toao      20   0   30.1g   4.1g 259248 R  88.9   3.2   3:59.56 nts	1693188985950
1416441 toao      20   0   30.6g   4.6g 330352 R 100.0   3.6   4:00.27 nts	1693188986657
1416441 toao      20   0   31.6g   5.4g 474352 R  94.1   4.3   4:00.96 nts	1693188987362
1416441 toao      20   0   33.1g   6.7g 526144 R 106.2   5.4   4:01.67 nts	1693188988063
1416441 toao      20   0   33.1g   6.7g 526144 R 100.0   5.4   4:02.38 nts	1693188988762
1416441 toao      20   0   33.1g   6.7g 526144 R 100.0   5.4   4:03.07 nts	1693188989467
1416441 toao      20   0   44.3g   7.6g   1.3g R 100.0   6.0   4:03.77 nts	1693188990166
1416441 toao      20   0   44.3g   9.8g   3.6g R 105.9   7.8   4:04.48 nts	1693188990867
1416441 toao      20   0   44.3g  12.1g   5.9g R  94.1   9.7   4:05.17 nts	1693188991566
1416441 toao      20   0   44.3g  14.4g   8.1g R 105.9  11.5   4:05.88 nts	1693188992267
1416441 toao      20   0   44.3g  16.7g  10.4g R 100.0  13.3   4:06.57 nts	1693188992967
1416441 toao      20   0   44.3g  17.9g  11.7g R 100.0  14.3   4:07.27 nts	1693188993667
1416441 toao      20   0   44.4g  17.9g  11.7g R 100.0  14.3   4:07.97 nts	1693188994370
1416441 toao      20   0   44.4g  17.9g  11.7g R 100.0  14.3   4:08.67 nts	1693188995074
1416441 toao      20   0   44.4g  17.9g  11.7g R 100.0  14.3   4:09.37 nts	1693188995779
1416441 toao      20   0   44.4g  17.9g  11.7g R 100.0  14.3   4:10.08 nts	1693188996479
1416441 toao      20   0   44.4g  17.9g  11.7g R 100.0  14.3   4:10.79 nts	1693188997183
1416441 toao      20   0   44.4g  17.9g  11.7g R 106.2  14.3   4:11.49 nts	1693188997886
1416441 toao      20   0   44.4g  17.9g  11.7g R 100.0  14.3   4:12.19 nts	1693188998588
1416441 toao      20   0   44.4g  17.9g  11.7g R 100.0  14.3   4:12.89 nts	1693188999291
1416441 toao      20   0   44.4g  17.9g  11.7g R  94.1  14.3   4:13.59 nts	1693188999995
1416441 toao      20   0   44.4g  17.9g  11.7g R  94.1  14.3   4:14.30 nts	1693189000699
1416441 toao      20   0   44.4g  17.9g  11.7g R 100.0  14.3   4:15.01 nts	1693189001402
1416441 toao      20   0   44.4g  17.9g  11.7g R 100.0  14.3   4:15.70 nts	1693189002104
1416441 toao      20   0   44.4g  17.9g  11.7g R  94.1  14.3   4:16.40 nts	1693189002802
1416441 toao      20   0   44.4g  17.9g  11.7g R 100.0  14.3   4:17.10 nts	1693189003501
1416441 toao      20   0   44.4g  17.9g  11.7g R 100.0  14.3   4:17.80 nts	1693189004199
1416441 toao      20   0   44.4g  17.9g  11.7g R 106.2  14.3   4:18.50 nts	1693189004902
1416441 toao      20   0   44.4g  17.9g  11.7g R 106.2  14.3   4:19.20 nts	1693189005603
1416441 toao      20   0   44.4g  18.0g  11.7g R 106.2  14.3   4:19.90 nts	1693189006303
1416441 toao      20   0   44.4g  18.0g  11.7g R 100.0  14.3   4:20.60 nts	1693189007003
1416441 toao      20   0   44.4g  18.0g  11.7g R  94.1  14.3   4:21.30 nts	1693189007707
1416441 toao      20   0   44.4g  18.0g  11.7g R  94.1  14.3   4:22.00 nts	1693189008407
1416441 toao      20   0   44.2g  18.0g  11.7g R 105.9  14.4   4:23.49 nts	1693189009109
1416441 toao      20   0   44.3g  18.1g  11.7g R 105.9  14.4   4:24.21 nts	1693189009812
1416441 toao      20   0   44.5g  18.1g  11.7g R 258.8  14.4   4:33.96 nts	1693189010524
1416441 toao      20   0   44.5g  18.2g  11.7g R  1765  14.5   4:48.98 nts	1693189011229
1416441 toao      20   0   44.5g  18.2g  11.7g R  1500  14.5   4:59.52 nts	1693189011931
1416441 toao      20   0   44.5g  18.2g  11.7g R 644.4  14.5   5:12.65 nts	1693189012632
1416441 toao      20   0   44.5g  18.1g  11.7g R  3565  14.4   5:27.11 nts	1693189013336
1416441 toao      20   0   44.5g  18.1g  11.7g R  3771  14.4   5:41.50 nts	1693189014035
1416441 toao      20   0   44.5g  18.2g  11.7g R 241.2  14.5   5:50.38 nts	1693189014735
1416441 toao      20   0   44.5g  18.1g  11.7g R  2406  14.5   6:04.87 nts	1693189015436
1416441 toao      20   0   44.5g  18.1g  11.7g R  3459  14.4   6:18.07 nts	1693189016139
1416441 toao      20   0   44.5g  18.1g  11.7g R  3469  14.4   6:32.83 nts	1693189016842
1416441 toao      20   0   44.5g  18.2g  11.7g R  3894  14.5   6:46.37 nts	1693189017543
1416441 toao      20   0   44.5g  18.2g  11.7g R  3800  14.5   7:00.86 nts	1693189018243
1416441 toao      20   0   44.5g  18.1g  11.7g S  3312  14.4   7:14.98 nts	1693189018944
1416441 toao      20   0   44.5g  18.1g  11.7g R  2912  14.5   7:29.19 nts	1693189019648
1416441 toao      20   0   44.5g  18.2g  11.7g R  2088  14.5   7:42.94 nts	1693189020347
1416441 toao      20   0   44.5g  18.2g  11.7g R  1306  14.5   7:56.70 nts	1693189021047
1416441 toao      20   0   44.5g  18.2g  11.7g R  1524  14.5   8:11.10 nts	1693189021747
1416441 toao      20   0   44.5g  18.2g  11.7g R  1759  14.5   8:24.99 nts	1693189022450
1416441 toao      20   0   44.5g  18.2g  11.7g R  2524  14.5   8:36.53 nts	1693189023147
1416441 toao      20   0   44.5g  18.2g  11.7g R 252.9  14.5   8:46.79 nts	1693189023846
1416441 toao      20   0   44.5g  18.1g  11.7g R  3418  14.4   9:00.29 nts	1693189024547
1416441 toao      20   0   44.5g  18.1g  11.7g R  3371  14.4   9:14.22 nts	1693189025250
1416441 toao      20   0   44.5g  18.1g  11.7g R  3347  14.4   9:27.99 nts	1693189025955
1416441 toao      20   0   44.5g  18.2g  11.7g R  2618  14.5   9:41.87 nts	1693189026659
1416441 toao      20   0   44.5g  18.2g  11.7g R 347.1  14.5   9:49.26 nts	1693189027358
1416441 toao      20   0   44.5g  18.2g  11.7g R 655.6  14.5  10:03.82 nts	1693189028058
1416441 toao      20   0   44.5g  18.2g  11.7g R 564.7  14.5  10:17.62 nts	1693189028770
1416441 toao      20   0   44.5g  18.1g  11.7g R  1259  14.5  10:32.02 nts	1693189029474
1416441 toao      20   0   44.5g  18.2g  11.7g R  3076  14.5  10:44.09 nts	1693189030178
1416441 toao      20   0   44.5g  18.2g  11.7g R 647.1  14.5  10:53.60 nts	1693189030885
1416441 toao      20   0   44.5g  18.2g  11.7g R  1538  14.5  11:08.64 nts	1693189031592
1416441 toao      20   0   44.5g  18.2g  11.7g R  1882  14.5  11:22.70 nts	1693189032294
1416441 toao      20   0   44.5g  18.2g  11.7g R 547.1  14.5  11:33.80 nts	1693189032998
1416441 toao      20   0   44.5g  18.2g  11.7g R  1225  14.5  11:48.78 nts	1693189033702
1416441 toao      20   0   44.5g  18.2g  11.7g R  2412  14.5  12:03.90 nts	1693189034404
1416441 toao      20   0   44.5g  18.2g  11.7g R  3525  14.5  12:18.82 nts	1693189035103
1416441 toao      20   0   44.5g  18.1g  11.7g R  3100  14.5  12:32.48 nts	1693189035803
1416441 toao      20   0   44.5g  18.2g  11.7g R  1676  14.5  12:45.21 nts	1693189036507
1416441 toao      20   0   44.5g  18.2g  11.7g R 347.1  14.5  12:57.97 nts	1693189037206
1416441 toao      20   0   44.5g  18.2g  11.7g R 500.0  14.5  13:11.45 nts	1693189037906
1416441 toao      20   0   44.5g  18.2g  11.7g R 594.1  14.5  13:25.17 nts	1693189038606
1416441 toao      20   0   44.5g  18.2g  11.7g R 652.9  14.5  13:39.34 nts	1693189039310
1416441 toao      20   0   44.5g  18.1g  11.7g S 100.0  14.4  13:52.30 nts	1693189040015
1416441 toao      20   0   44.5g  18.1g  11.7g S 100.0  14.4  13:53.00 nts	1693189040716
1416441 toao      20   0   44.5g  18.2g  11.7g R  1194  14.5  13:56.04 nts	1693189041421
1416441 toao      20   0   44.5g  18.2g  11.7g R  2394  14.5  14:11.46 nts	1693189042122
1416441 toao      20   0   44.5g  18.2g  11.7g R  1806  14.5  14:24.34 nts	1693189042830
1416441 toao      20   0   44.5g  18.2g  11.7g R 335.3  14.5  14:35.13 nts	1693189043531
1416441 toao      20   0   44.5g  18.2g  11.7g R 805.6  14.5  14:49.03 nts	1693189044230
1416441 toao      20   0   44.5g  18.2g  11.7g R 323.5  14.5  15:01.93 nts	1693189044939
1416441 toao      20   0   44.5g  18.2g  11.7g R 782.4  14.5  15:16.18 nts	1693189045638
1416441 toao      20   0   44.5g  18.2g  11.7g R 605.9  14.5  15:29.72 nts	1693189046338
1416441 toao      20   0   44.5g  18.2g  11.7g R 800.0  14.5  15:43.61 nts	1693189047038
1416441 toao      20   0   44.5g  18.2g  11.7g R  1600  14.5  15:57.95 nts	1693189047738
1416441 toao      20   0   44.5g  18.2g  11.7g R  1100  14.5  16:10.74 nts	1693189048436
1416441 toao      20   0   44.5g  18.2g  11.7g R  2106  14.5  16:25.41 nts	1693189049134
1416441 toao      20   0   44.5g  18.2g  11.7g R  2912  14.5  16:39.92 nts	1693189049834
1416441 toao      20   0   44.5g  18.2g  11.7g R  2082  14.5  16:52.51 nts	1693189050531
1416441 toao      20   0   44.5g  18.2g  11.7g R  1600  14.5  17:05.71 nts	1693189051231
1416441 toao      20   0   44.5g  18.2g  11.7g R  2524  14.5  17:20.64 nts	1693189051935
1416441 toao      20   0   44.5g  18.1g  11.7g R  3318  14.5  17:35.47 nts	1693189052634
1416441 toao      20   0   44.5g  18.1g  11.7g R  3106  14.5  17:49.04 nts	1693189053336
1416441 toao      20   0   44.5g  18.2g  11.7g R  2288  14.5  18:02.33 nts	1693189054039
1416441 toao      20   0   44.5g  18.2g  11.7g R  1429  14.5  18:15.64 nts	1693189054743
1416441 toao      20   0   93.8g  18.5g  12.1g R 235.3  14.8  18:28.21 nts	1693189055446
1416441 toao      20   0   96.3g  19.9g  13.5g R 200.0  15.9  18:29.29 nts	1693189056150
1416441 toao      20   0  100.1g  21.5g  15.0g R 200.0  17.1  18:30.69 nts	1693189056851
1416441 toao      20   0  107.1g  21.8g  15.3g S  1647  17.3  18:41.12 nts	1693189057550
1416441 toao      20   0  107.5g  21.8g  15.3g S  1765  17.3  18:55.44 nts	1693189058255
1416441 toao      20   0  107.8g  21.7g  15.3g S  2276  17.3  19:12.02 nts	1693189058954
1416441 toao      20   0  107.8g  21.7g  15.3g S  3012  17.3  19:29.48 nts	1693189059654
1416441 toao      20   0  107.8g  21.7g  15.3g S  2425  17.3  19:43.55 nts	1693189060354
1416441 toao      20   0  107.8g  21.7g  15.3g S  3175  17.3  19:59.02 nts	1693189061053
1416441 toao      20   0  107.8g  21.7g  15.3g S  1547  17.3  20:12.21 nts	1693189061753
1416441 toao      20   0  107.8g  21.7g  15.3g S  2282  17.3  20:29.58 nts	1693189062456
1416441 toao      20   0  107.8g  21.7g  15.3g S  3194  17.3  20:45.51 nts	1693189063159
1416441 toao      20   0  107.9g  21.7g  15.3g S  1324  17.3  21:02.00 nts	1693189063859
1416441 toao      20   0  107.8g  21.7g  15.3g S  2824  17.3  21:17.93 nts	1693189064563
1416441 toao      20   0  107.9g  21.7g  15.3g S  1588  17.3  21:29.57 nts	1693189065269
1416441 toao      20   0  107.9g  21.7g  15.3g S  2629  17.3  21:45.41 nts	1693189065975
1416441 toao      20   0  107.9g  21.7g  15.3g S  2365  17.3  21:59.82 nts	1693189066679
1416441 toao      20   0  108.5g  21.8g  15.3g S  1482  17.3  22:11.20 nts	1693189067379
1416441 toao      20   0  108.5g  21.8g  15.3g S  1659  17.3  22:27.40 nts	1693189068078
1416441 toao      20   0  127.0g  21.7g  15.3g S  2969  17.3  22:43.65 nts	1693189068782
1416441 toao      20   0  127.6g  21.8g  15.3g S  1941  17.3  22:57.73 nts	1693189069484
1416441 toao      20   0  128.0g  21.8g  15.3g S  1094  17.3  23:12.85 nts	1693189070186
1416441 toao      20   0  128.0g  21.8g  15.3g S  3400  17.3  23:30.70 nts	1693189070883
1416441 toao      20   0  127.4g  21.7g  15.3g S  2318  17.3  23:45.73 nts	1693189071583
1416441 toao      20   0  128.0g  21.8g  15.3g S  2712  17.3  24:00.78 nts	1693189072286
1416441 toao      20   0  127.9g  21.8g  15.3g S  2665  17.3  24:15.72 nts	1693189072991
1416441 toao      20   0  127.4g  21.7g  15.3g S  2294  17.3  24:31.85 nts	1693189073695
1416441 toao      20   0  128.0g  21.8g  15.3g S  2794  17.3  24:46.44 nts	1693189074398
1416441 toao      20   0  127.4g  21.7g  15.3g S  2018  17.3  25:05.02 nts	1693189075098
1416441 toao      20   0  128.0g  21.8g  15.3g S  2100  17.3  25:19.79 nts	1693189075798
1416441 toao      20   0  127.4g  21.7g  15.3g S  1359  17.3  25:32.30 nts	1693189076499
1416441 toao      20   0  127.4g  21.7g  15.3g S  1494  17.3  25:46.57 nts	1693189077202
1416441 toao      20   0  128.0g  21.8g  15.3g S  2124  17.3  26:01.84 nts	1693189077916
1416441 toao      20   0  127.5g  21.8g  15.3g S  1412  17.3  26:13.39 nts	1693189078615
1416441 toao      20   0  127.4g  21.7g  15.3g S  2888  17.3  26:29.27 nts	1693189079315
1416441 toao      20   0  133.3g  21.7g  15.3g S  1612  17.3  26:43.85 nts	1693189080016
1416441 toao      20   0  134.0g  21.8g  15.3g S  2024  17.3  26:59.99 nts	1693189080719
1416441 toao      20   0  133.4g  21.8g  15.3g S  2919  17.3  27:16.49 nts	1693189081423
1416441 toao      20   0  133.4g  21.8g  15.3g S  2369  17.3  27:30.64 nts	1693189082123
1416441 toao      20   0  134.0g  21.8g  15.3g S  2059  17.3  27:47.30 nts	1693189082823
1416441 toao      20   0  134.0g  21.8g  15.3g S  1794  17.3  28:01.17 nts	1693189083527
1416441 toao      20   0  134.0g  21.8g  15.3g S  1629  17.3  28:15.45 nts	1693189084230
1416441 toao      20   0  134.0g  21.8g  15.3g S  2594  17.3  28:32.80 nts	1693189084933
1416441 toao      20   0  134.0g  21.8g  15.3g S  1872  17.3  28:46.10 nts	1693189085641
1416441 toao      20   0  134.0g  21.8g  15.3g S  2594  17.3  29:05.81 nts	1693189086347
1416441 toao      20   0  134.0g  21.8g  15.3g S  2512  17.3  29:20.12 nts	1693189087050
1416441 toao      20   0  133.4g  21.8g  15.3g S  2141  17.3  29:33.85 nts	1693189087751
1416441 toao      20   0  134.0g  21.8g  15.3g S  1512  17.3  29:46.69 nts	1693189088450
1416441 toao      20   0  133.4g  21.8g  15.3g S  1388  17.3  30:00.84 nts	1693189089151
1416441 toao      20   0  133.4g  21.8g  15.3g S  1994  17.3  30:15.31 nts	1693189089855
1416441 toao      20   0  134.0g  21.8g  15.3g S  1788  17.3  30:28.23 nts	1693189090560
1416441 toao      20   0  131.6g  21.7g  15.3g S  2229  17.3  30:45.28 nts	1693189091265
1416441 toao      20   0  133.4g  21.8g  15.3g S  2318  17.3  31:00.81 nts	1693189091966
1416441 toao      20   0  134.0g  21.8g  15.3g S  3194  17.3  31:15.93 nts	1693189092666
1416441 toao      20   0  133.5g  21.8g  15.3g S  2300  17.3  31:31.12 nts	1693189093370
1416441 toao      20   0  133.7g  21.8g  15.3g S  2129  17.3  31:48.60 nts	1693189094074
1416441 toao      20   0  133.7g  21.8g  15.3g S  1400  17.3  32:02.81 nts	1693189094780
1416441 toao      20   0  134.3g  21.8g  15.3g S  1588  17.3  32:17.37 nts	1693189095482
1416441 toao      20   0  133.9g  21.8g  15.3g S  2641  17.3  32:32.78 nts	1693189096178
1416441 toao      20   0  133.7g  21.8g  15.3g S  1494  17.3  32:47.23 nts	1693189096879
1416441 toao      20   0  134.3g  21.8g  15.3g S  3356  17.3  33:07.98 nts	1693189097583
1416441 toao      20   0  133.8g  21.8g  15.3g S  2141  17.3  33:22.19 nts	1693189098286
1416441 toao      20   0  133.7g  21.8g  15.3g S  1459  17.3  33:36.83 nts	1693189098989
1416441 toao      20   0  133.7g  21.8g  15.3g S  2265  17.3  33:51.12 nts	1693189099690
1416441 toao      20   0  133.7g  21.8g  15.3g S  2324  17.3  34:05.45 nts	1693189100391
1416441 toao      20   0  134.3g  21.8g  15.3g S  1559  17.3  34:18.42 nts	1693189101091
1416441 toao      20   0  134.3g  21.8g  15.3g S  1588  17.3  34:31.59 nts	1693189101787
1416441 toao      20   0  131.5g  21.7g  15.3g S  2053  17.3  34:48.64 nts	1693189102490
1416441 toao      20   0  133.7g  21.8g  15.3g S  2988  17.3  35:04.02 nts	1693189103195
1416441 toao      20   0  133.7g  21.8g  15.3g S  2953  17.3  35:19.49 nts	1693189103893
1416441 toao      20   0  133.7g  21.8g  15.3g S  2812  17.3  35:35.27 nts	1693189104597
1416441 toao      20   0  133.7g  21.8g  15.3g S  1512  17.3  35:51.71 nts	1693189105302
1416441 toao      20   0  133.7g  21.8g  15.3g S  1959  17.3  36:05.95 nts	1693189106010
1416441 toao      20   0  133.7g  21.8g  15.3g S  1738  17.3  36:21.63 nts	1693189106714
1416441 toao      20   0  133.7g  21.8g  15.3g S  2347  17.3  36:36.31 nts	1693189107414
1416441 toao      20   0  133.7g  21.8g  15.3g S  1371  17.3  36:50.44 nts	1693189108117
1416441 toao      20   0  134.3g  21.8g  15.3g S  2753  17.3  37:09.26 nts	1693189108815
1416441 toao      20   0  133.7g  21.8g  15.3g S  2306  17.3  37:24.98 nts	1693189109515
1416441 toao      20   0  133.7g  21.8g  15.3g S  1424  17.3  37:39.19 nts	1693189110219
1416441 toao      20   0  134.3g  21.8g  15.3g S  2835  17.3  37:52.76 nts	1693189110920
1416441 toao      20   0  134.3g  21.8g  15.3g S  1788  17.3  38:06.70 nts	1693189111623
1416441 toao      20   0  133.7g  21.8g  15.3g S  1571  17.3  38:20.53 nts	1693189112327
1416441 toao      20   0  133.7g  21.8g  15.3g S  2288  17.3  38:33.38 nts	1693189113027
1416441 toao      20   0  134.3g  21.8g  15.3g S  2824  17.3  38:50.18 nts	1693189113729
1416441 toao      20   0  133.1g  21.7g  15.3g S  2271  17.3  39:04.85 nts	1693189114431
1416441 toao      20   0  133.7g  21.8g  15.3g S  1912  17.3  39:19.28 nts	1693189115134
1416441 toao      20   0  133.7g  21.8g  15.3g S  2176  17.3  39:34.98 nts	1693189115835
1416441 toao      20   0  134.3g  21.8g  15.3g S  2629  17.3  39:52.91 nts	1693189116535
1416441 toao      20   0  134.3g  21.8g  15.3g S  1512  17.3  40:06.61 nts	1693189117239
1416441 toao      20   0  134.3g  21.8g  15.3g S  2653  17.3  40:22.59 nts	1693189117936
1416441 toao      20   0  134.3g  21.8g  15.3g S  1665  17.3  40:34.93 nts	1693189118638
1416441 toao      20   0  133.7g  21.8g  15.3g S  1635  17.3  40:52.00 nts	1693189119338
1416441 toao      20   0  134.3g  21.8g  15.3g S  2988  17.3  41:08.46 nts	1693189120039
1416441 toao      20   0  133.7g  21.8g  15.3g S  1582  17.3  41:25.21 nts	1693189120739
1416441 toao      20   0  134.3g  21.8g  15.3g S  2447  17.3  41:40.74 nts	1693189121438
1416441 toao      20   0  133.9g  21.8g  15.3g S  1831  17.3  41:52.53 nts	1693189122142
1416441 toao      20   0  134.3g  21.8g  15.3g S  2575  17.3  42:07.05 nts	1693189122844
1416441 toao      20   0  134.3g  21.8g  15.3g S  1800  17.3  42:21.38 nts	1693189123546
1416441 toao      20   0  133.7g  21.8g  15.3g S  1700  17.3  42:34.06 nts	1693189124247
1416441 toao      20   0  133.7g  21.8g  15.3g S  2724  17.3  42:50.02 nts	1693189124947
1416441 toao      20   0  133.7g  21.8g  15.3g S  1718  17.3  43:04.91 nts	1693189125650
1416441 toao      20   0  133.7g  21.8g  15.3g S  1682  17.3  43:19.89 nts	1693189126355
1416441 toao      20   0  133.7g  21.8g  15.3g S  1718  17.3  43:35.61 nts	1693189127058
1416441 toao      20   0  134.3g  21.8g  15.3g S  2976  17.3  43:52.21 nts	1693189127759
1416441 toao      20   0  134.3g  21.8g  15.3g S  2044  17.3  44:07.77 nts	1693189128461
1416441 toao      20   0  134.3g  21.8g  15.3g S  2459  17.3  44:22.36 nts	1693189129167
1416441 toao      20   0  133.7g  21.8g  15.3g S  2329  17.3  44:37.40 nts	1693189129867
1416441 toao      20   0  134.3g  21.8g  15.3g S  2718  17.3  44:53.76 nts	1693189130567
1416441 toao      20   0  134.0g  21.8g  15.3g S  2647  17.3  45:07.46 nts	1693189131267
1416441 toao      20   0  134.3g  21.8g  15.3g S  1606  17.3  45:26.47 nts	1693189131967
1416441 toao      20   0  134.2g  21.8g  15.3g S  2388  17.3  45:40.79 nts	1693189132670
1416441 toao      20   0  134.3g  21.8g  15.3g S  1735  17.3  45:54.20 nts	1693189133371
1416441 toao      20   0  134.3g  21.8g  15.3g S  1606  17.3  46:07.85 nts	1693189134070
1416441 toao      20   0  133.7g  21.8g  15.3g S  2229  17.3  46:23.05 nts	1693189134771
1416441 toao      20   0  133.7g  21.8g  15.3g S  1894  17.3  46:36.07 nts	1693189135472
1416441 toao      20   0  133.7g  21.8g  15.3g S  2876  17.3  46:50.23 nts	1693189136172
1416441 toao      20   0  131.9g  21.7g  15.3g S  2094  17.3  47:06.07 nts	1693189136874
1416441 toao      20   0  133.7g  21.8g  15.3g S  2371  17.3  47:21.81 nts	1693189137576
1416441 toao      20   0  134.3g  21.8g  15.3g S  3029  17.3  47:38.22 nts	1693189138279
1416441 toao      20   0  133.7g  21.8g  15.3g S  2344  17.3  47:53.49 nts	1693189138983
1416441 toao      20   0  134.3g  21.8g  15.3g S  2065  17.3  48:09.40 nts	1693189139695
1416441 toao      20   0  133.7g  21.8g  15.3g S  2082  17.3  48:23.22 nts	1693189140395
1416441 toao      20   0  133.7g  21.8g  15.3g S  1418  17.3  48:37.46 nts	1693189141095
1416441 toao      20   0  134.3g  21.8g  15.3g S  2565  17.3  48:53.64 nts	1693189141795
1416441 toao      20   0  133.7g  21.8g  15.3g S  2359  17.3  49:07.63 nts	1693189142499
1416441 toao      20   0  133.7g  21.8g  15.3g S  2582  17.3  49:27.73 nts	1693189143198
1416441 toao      20   0  134.3g  21.8g  15.3g S  1971  17.3  49:41.21 nts	1693189143898
1416441 toao      20   0  134.3g  21.8g  15.3g S  1759  17.3  49:55.67 nts	1693189144597
1416441 toao      20   0  133.7g  21.8g  15.3g S  1788  17.3  50:09.25 nts	1693189145304
1416441 toao      20   0  133.7g  21.8g  15.3g S  2212  17.3  50:23.63 nts	1693189146007
1416441 toao      20   0  134.3g  21.8g  15.3g S  1547  17.3  50:36.76 nts	1693189146707
1416441 toao      20   0  134.3g  21.8g  15.3g S  1783  17.3  50:50.15 nts	1693189147402
1416441 toao      20   0  132.4g  21.7g  15.3g S  2382  17.3  51:07.14 nts	1693189148107
1416441 toao      20   0  133.1g  21.8g  15.3g S  2612  17.3  51:21.99 nts	1693189148807
1416441 toao      20   0  133.7g  21.8g  15.3g S  2265  17.3  51:36.40 nts	1693189149506
1416441 toao      20   0  133.7g  21.8g  15.3g S  2353  17.3  51:52.30 nts	1693189150207
1416441 toao      20   0  133.7g  21.8g  15.3g S  2100  17.3  52:09.41 nts	1693189150912
1416441 toao      20   0  133.7g  21.8g  15.3g S  1450  17.3  52:23.68 nts	1693189151611
1416441 toao      20   0  133.7g  21.8g  15.3g S  1412  17.3  52:39.75 nts	1693189152320
1416441 toao      20   0  134.3g  21.8g  15.3g S  2282  17.3  52:54.01 nts	1693189153019
1416441 toao      20   0  134.3g  21.8g  15.3g S  1825  17.3  53:08.72 nts	1693189153724
1416441 toao      20   0  133.7g  21.8g  15.3g S  3035  17.3  53:28.60 nts	1693189154424
1416441 toao      20   0  134.1g  21.8g  15.3g S  2300  17.3  53:42.81 nts	1693189155127
1416441 toao      20   0  134.3g  21.8g  15.3g S  1624  17.3  53:57.33 nts	1693189155831
1416441 toao      20   0  134.3g  21.8g  15.3g S  2676  17.3  54:11.39 nts	1693189156531
1416441 toao      20   0  134.3g  21.8g  15.3g S  1853  17.3  54:26.30 nts	1693189157231
1416441 toao      20   0  133.7g  21.8g  15.3g S  1441  17.3  54:40.03 nts	1693189157935
1416441 toao      20   0  134.3g  21.8g  15.3g S  1661  17.3  54:53.21 nts	1693189158643
1416441 toao      20   0  132.4g  21.7g  15.3g S  2488  17.3  55:10.72 nts	1693189159355
1416441 toao      20   0  134.1g  21.8g  15.3g S  2378  17.3  55:25.62 nts	1693189160060
1416441 toao      20   0  133.7g  21.8g  15.3g S  2276  17.3  55:39.91 nts	1693189160771
1416441 toao      20   0  133.7g  21.8g  15.3g S  2341  17.3  55:55.74 nts	1693189161471
1416441 toao      20   0  133.7g  21.8g  15.3g S  2229  17.3  56:13.04 nts	1693189162171
1416441 toao      20   0  133.7g  21.8g  15.3g S  2500  17.3  56:27.28 nts	1693189162874
1416441 toao      20   0  133.8g  21.8g  15.3g S  1429  17.3  56:41.84 nts	1693189163574
1416441 toao      20   0  134.2g  21.8g  15.3g S  2335  17.3  56:56.06 nts	1693189164274
1416441 toao      20   0  133.7g  21.8g  15.3g S  1753  17.3  57:11.84 nts	1693189164975
1416441 toao      20   0  134.3g  21.8g  15.3g S  2824  17.3  57:29.50 nts	1693189165678
1416441 toao      20   0  133.7g  21.8g  15.3g S  2276  17.3  57:44.80 nts	1693189166380
1416441 toao      20   0  133.7g  21.8g  15.3g S  2088  17.3  58:00.55 nts	1693189167079
1416441 toao      20   0  134.3g  21.8g  15.3g S  2359  17.3  58:12.27 nts	1693189167780
1416441 toao      20   0  133.7g  21.8g  15.3g S  2459  17.3  58:27.61 nts	1693189168481
1416441 toao      20   0  133.7g  21.8g  15.3g S  2412  17.3  58:42.03 nts	1693189169183
1416441 toao      20   0  133.7g  21.8g  15.3g S  1506  17.3  58:53.33 nts	1693189169882
1416441 toao      20   0  134.3g  21.8g  15.3g S  1965  17.3  59:09.63 nts	1693189170584
1416441 toao      20   0       0      0      0 Z 100.0   0.0  59:15.18 nts	1693189171287
1416441 toao      20   0       0      0      0 Z 100.0   0.0  59:15.87 nts	1693189171987
1416441 toao      20   0       0      0      0 Z 100.0   0.0  59:16.56 nts	1693189172687
1416441 toao      20   0       0      0      0 Z 105.9   0.0  59:17.26 nts	1693189173388
