1267798 toao      20   0 2529332  99144  67396 R  94.4   0.0   0:00.19 nts	1697531203603
1267798 toao      20   0 8431772 210508 112692 R  7211   0.1   0:28.89 nts	1697531204347
1267798 toao      20   0 8523992 274776 112820 R 200.0   0.1   0:54.16 nts	1697531205055
1267798 toao      20   0 8523992 274776 112820 R 194.4   0.1   0:55.58 nts	1697531205774
1267798 toao      20   0 8523992 274776 112820 R 205.6   0.1   0:57.02 nts	1697531206484
1267798 toao      20   0 8523992 274776 112820 R 194.1   0.1   0:58.44 nts	1697531207205
1267798 toao      20   0 8523992 274776 112820 R 205.9   0.1   0:59.86 nts	1697531207917
1267798 toao      20   0 8523992 294048 112820 R 205.9   0.1   1:01.29 nts	1697531208626
1267798 toao      20   0 8523992 294048 112820 R 205.9   0.1   1:02.72 nts	1697531209337
1267798 toao      20   0 8523992 294048 112820 R 194.4   0.1   1:04.14 nts	1697531210054
1267798 toao      20   0 8523992 294048 112820 R 200.0   0.1   1:05.56 nts	1697531210765
1267798 toao      20   0 9772184 588328 113052 R  1129   0.1   1:09.84 nts	1697531211470
1267798 toao      20   0 9772184 591216 113052 R  1041   0.1   1:18.51 nts	1697531212174
1267798 toao      20   0 9772184 803804 113052 R  1124   0.2   1:26.99 nts	1697531212877
1267798 toao      20   0 9772184 826152 113052 R  1222   0.2   1:36.28 nts	1697531213582
1267798 toao      20   0 9772184 826152 113052 R  1011   0.2   1:45.77 nts	1697531214293
1267798 toao      20   0   13.4g 830932 113128 R 200.0   0.2   1:50.40 nts	1697531215000
1267798 toao      20   0   13.4g 833308 113128 R 188.9   0.2   1:51.83 nts	1697531215711
1267798 toao      20   0   13.4g 838060 113128 R 205.9   0.2   1:53.26 nts	1697531216429
1267798 toao      20   0   13.4g 842812 113128 R 194.4   0.2   1:54.69 nts	1697531217142
1267798 toao      20   0   13.4g 847300 113128 R 205.9   0.2   1:56.12 nts	1697531217860
1267798 toao      20   0   13.4g 850204 113128 R 205.9   0.2   1:57.55 nts	1697531218575
1267798 toao      20   0   13.4g 854428 113128 R 200.0   0.2   1:58.97 nts	1697531219288
1267798 toao      20   0   13.4g 864460 113128 R 200.0   0.2   2:00.39 nts	1697531219999
1267798 toao      20   0   14.6g 979212 113128 R 723.5   0.2   2:03.39 nts	1697531220708
1267798 toao      20   0   14.6g   1.1g 113128 R 758.8   0.3   2:08.54 nts	1697531221416
1267798 toao      20   0   14.6g   1.3g 113128 R 823.5   0.3   2:14.14 nts	1697531222129
1267798 toao      20   0   18.6g   1.4g 113128 R  1253   0.4   2:20.36 nts	1697531222841
1267798 toao      20   0   18.6g   1.4g 113128 R 105.9   0.4   2:21.07 nts	1697531223550
1267798 toao      20   0   18.6g   1.4g 113128 R 105.9   0.4   2:21.78 nts	1697531224261
1267798 toao      20   0   18.6g   1.4g 113128 R 100.0   0.4   2:22.50 nts	1697531224970
1267798 toao      20   0   18.6g   1.4g 113128 R  88.9   0.4   2:23.21 nts	1697531225689
1267798 toao      20   0   19.1g   1.6g 113128 R 100.0   0.4   2:23.93 nts	1697531226403
1267798 toao      20   0   19.1g   1.6g 113128 R 100.0   0.4   2:24.64 nts	1697531227118
1267798 toao      20   0   19.1g   1.6g 113128 R  94.4   0.4   2:25.35 nts	1697531227830
1267798 toao      20   0   19.1g   1.6g 113128 R  94.4   0.4   2:26.07 nts	1697531228545
1267798 toao      20   0   19.1g   1.6g 113128 R  94.1   0.4   2:26.77 nts	1697531229255
1267798 toao      20   0   19.1g   1.6g 113128 R  94.4   0.4   2:27.48 nts	1697531229964
1267798 toao      20   0   19.1g   1.6g 113128 R  94.4   0.4   2:28.19 nts	1697531230671
1267798 toao      20   0   19.1g   1.6g 113128 R  94.4   0.4   2:28.90 nts	1697531231383
1267798 toao      20   0   19.1g   1.6g 113128 R 100.0   0.4   2:29.62 nts	1697531232092
1267798 toao      20   0   19.1g   1.6g 113128 R 100.0   0.4   2:30.33 nts	1697531232805
1267798 toao      20   0   19.1g   1.7g 113128 R 100.0   0.5   2:31.03 nts	1697531233517
1267798 toao      20   0   19.1g   1.9g 113128 R 100.0   0.5   2:31.74 nts	1697531234227
1267798 toao      20   0   19.1g   1.9g 113128 R 100.0   0.5   2:32.45 nts	1697531234937
1267798 toao      20   0   19.1g   1.9g 113128 R 105.9   0.5   2:33.17 nts	1697531235647
1267798 toao      20   0   19.1g   1.9g 113128 R 100.0   0.5   2:33.87 nts	1697531236356
1267798 toao      20   0   19.1g   1.9g 113128 R 100.0   0.5   2:34.58 nts	1697531237065
1267798 toao      20   0   19.1g   1.9g 113128 R 100.0   0.5   2:35.28 nts	1697531237772
1267798 toao      20   0   19.1g   1.9g 113128 R 105.9   0.5   2:36.00 nts	1697531238480
1267798 toao      20   0   19.1g   1.9g 113128 R  94.4   0.5   2:36.70 nts	1697531239187
1267798 toao      20   0   19.1g   1.9g 113128 R 100.0   0.5   2:37.41 nts	1697531239893
1267798 toao      20   0   19.1g   1.9g 113128 R 100.0   0.5   2:38.12 nts	1697531240604
1267798 toao      20   0   27.7g   2.0g 195828 D  76.5   0.5   2:39.89 nts	1697531241317
1267798 toao      20   0   28.7g   2.6g 296620 D  83.3   0.7   2:40.46 nts	1697531242006
1267798 toao      20   0   29.4g   3.2g 372152 R  94.4   0.8   2:41.02 nts	1697531242733
1267798 toao      20   0   30.1g   3.8g 486564 R 100.0   1.0   2:41.56 nts	1697531243454
1267798 toao      20   0   31.3g   4.2g 606652 R 194.4   1.1   2:42.32 nts	1697531244165
1267798 toao      20   0   31.5g   4.3g 606652 R 188.9   1.1   2:43.55 nts	1697531244873
1267798 toao      20   0   31.9g   4.5g 606652 R 200.0   1.2   2:44.78 nts	1697531245581
1267798 toao      20   0   33.3g   5.3g   1.3g R 123.5   1.4   2:45.97 nts	1697531246289
1267798 toao      20   0   33.3g   5.4g   1.3g R 105.9   1.4   2:46.68 nts	1697531247001
1267798 toao      20   0   34.2g   6.1g   2.1g R  94.4   1.6   2:47.39 nts	1697531247714
1267798 toao      20   0   34.2g   6.3g   2.2g R 112.5   1.7   2:48.10 nts	1697531248425
1267798 toao      20   0   34.2g   6.3g   2.2g R 100.0   1.7   2:48.80 nts	1697531249139
1267798 toao      20   0   34.2g   6.3g   2.2g R 100.0   1.7   2:49.51 nts	1697531249841
1267798 toao      20   0   34.2g   6.3g   2.2g R  94.1   1.7   2:50.21 nts	1697531250547
1267798 toao      20   0   34.2g   6.3g   2.2g R  94.4   1.7   2:50.93 nts	1697531251250
1267798 toao      20   0   34.2g   6.3g   2.2g R 100.0   1.7   2:51.63 nts	1697531251963
1267798 toao      20   0   34.2g   6.3g   2.2g R 100.0   1.7   2:52.34 nts	1697531252666
1267798 toao      20   0   34.2g   6.3g   2.2g R  84.2   1.7   2:53.06 nts	1697531253374
1267798 toao      20   0   34.2g   6.3g   2.2g R 100.0   1.7   2:53.77 nts	1697531254096
1267798 toao      20   0   34.2g   6.3g   2.2g R 100.0   1.7   2:54.48 nts	1697531254803
1267798 toao      20   0   34.2g   6.3g   2.2g R 100.0   1.7   2:55.18 nts	1697531255510
1267798 toao      20   0   34.2g   6.3g   2.2g R 100.0   1.7   2:55.89 nts	1697531256217
1267798 toao      20   0   34.2g   6.3g   2.2g R 100.0   1.7   2:56.59 nts	1697531256923
1267798 toao      20   0   34.2g   6.3g   2.2g R 100.0   1.7   2:57.30 nts	1697531257626
1267798 toao      20   0   34.2g   6.3g   2.2g R  94.1   1.7   2:58.01 nts	1697531258331
1267798 toao      20   0   34.2g   6.3g   2.2g R  94.1   1.7   2:58.71 nts	1697531259039
1267798 toao      20   0   34.2g   6.3g   2.2g R 100.0   1.7   2:59.43 nts	1697531259747
1267798 toao      20   0   34.2g   6.3g   2.2g R 100.0   1.7   3:00.13 nts	1697531260454
1267798 toao      20   0   34.2g   6.3g   2.2g R 105.9   1.7   3:00.84 nts	1697531261155
1267798 toao      20   0   34.2g   6.3g   2.2g R  88.9   1.7   3:01.54 nts	1697531261863
1267798 toao      20   0   34.2g   6.3g   2.2g R 100.0   1.7   3:02.24 nts	1697531262571
1267798 toao      20   0   34.2g   6.3g   2.2g R  94.4   1.7   3:02.96 nts	1697531263274
1267798 toao      20   0   34.2g   6.3g   2.2g R 100.0   1.7   3:03.67 nts	1697531263983
1267798 toao      20   0   34.2g   6.3g   2.2g R 100.0   1.7   3:04.37 nts	1697531264689
1267798 toao      20   0   34.2g   6.3g   2.2g R 100.0   1.7   3:05.08 nts	1697531265395
1267798 toao      20   0   34.2g   6.3g   2.2g R  94.4   1.7   3:05.79 nts	1697531266103
1267798 toao      20   0   34.2g   6.3g   2.2g R 105.9   1.7   3:06.50 nts	1697531266812
1267798 toao      20   0   34.2g   6.3g   2.2g R 105.9   1.7   3:07.21 nts	1697531267520
1267798 toao      20   0   34.2g   6.3g   2.2g R 100.0   1.7   3:07.91 nts	1697531268228
1267798 toao      20   0   34.2g   6.3g   2.2g R 100.0   1.7   3:08.62 nts	1697531268935
1267798 toao      20   0   34.2g   6.3g   2.2g R 100.0   1.7   3:09.32 nts	1697531269642
1267798 toao      20   0   34.2g   6.3g   2.2g R 100.0   1.7   3:10.03 nts	1697531270347
1267798 toao      20   0   34.2g   6.3g   2.2g R 105.9   1.7   3:10.74 nts	1697531271054
1267798 toao      20   0   34.2g   6.3g   2.2g R 100.0   1.7   3:11.44 nts	1697531271759
1267798 toao      20   0   34.2g   6.3g   2.2g R 105.9   1.7   3:12.15 nts	1697531272467
1267798 toao      20   0   34.2g   6.3g   2.2g R 100.0   1.7   3:12.85 nts	1697531273171
1267798 toao      20   0   34.2g   6.3g   2.2g R  94.4   1.7   3:13.56 nts	1697531273874
1267798 toao      20   0   34.2g   6.3g   2.2g R 100.0   1.7   3:14.27 nts	1697531274581
1267798 toao      20   0   34.2g   6.3g   2.2g R 105.9   1.7   3:14.98 nts	1697531275287
1267798 toao      20   0   34.2g   6.3g   2.2g R 100.0   1.7   3:15.68 nts	1697531275995
1267798 toao      20   0   34.2g   6.3g   2.2g R  94.1   1.7   3:16.38 nts	1697531276699
1267798 toao      20   0   34.2g   6.3g   2.2g R 112.5   1.7   3:17.10 nts	1697531277407
1267798 toao      20   0   34.2g   6.3g   2.2g R 100.0   1.7   3:17.80 nts	1697531278111
1267798 toao      20   0   34.2g   6.3g   2.2g R 105.9   1.7   3:18.51 nts	1697531278820
1267798 toao      20   0   34.2g   6.3g   2.2g R 100.0   1.7   3:19.22 nts	1697531279527
1267798 toao      20   0   34.2g   6.3g   2.2g R 100.0   1.7   3:19.92 nts	1697531280234
1267798 toao      20   0   34.2g   6.3g   2.2g R 105.9   1.7   3:20.63 nts	1697531280938
1267798 toao      20   0   34.2g   6.3g   2.2g R 100.0   1.7   3:21.33 nts	1697531281642
1267798 toao      20   0   34.2g   6.3g   2.2g R 100.0   1.7   3:22.04 nts	1697531282344
1267798 toao      20   0   34.2g   6.3g   2.2g R 105.9   1.7   3:22.75 nts	1697531283051
1267798 toao      20   0   34.2g   6.3g   2.2g R 100.0   1.7   3:23.45 nts	1697531283757
1267798 toao      20   0   34.2g   6.3g   2.2g R  88.9   1.7   3:24.15 nts	1697531284463
1267798 toao      20   0   34.2g   6.3g   2.2g R 100.0   1.7   3:24.86 nts	1697531285170
1267798 toao      20   0   34.2g   6.3g   2.2g R 100.0   1.7   3:25.57 nts	1697531285875
1267798 toao      20   0   34.2g   6.3g   2.2g R  88.9   1.7   3:26.27 nts	1697531286584
1267798 toao      20   0   34.2g   6.3g   2.2g R 105.9   1.7   3:26.99 nts	1697531287291
1267798 toao      20   0   34.2g   6.3g   2.2g R 105.9   1.7   3:27.70 nts	1697531287998
1267798 toao      20   0   34.3g   6.3g   2.3g D   5.9   1.7   3:28.00 nts	1697531288706
1267798 toao      20   0   34.6g   6.5g   2.3g R 100.0   1.7   3:29.60 nts	1697531289415
1267798 toao      20   0  130.4g   6.6g   2.3g S  2488   1.8   3:37.66 nts	1697531290129
1267798 toao      20   0  143.0g   6.8g   2.4g S  1194   1.8   3:44.61 nts	1697531290837
1267798 toao      20   0  145.7g   6.9g   2.5g S  1259   1.8   3:52.67 nts	1697531291542
1267798 toao      20   0  148.2g   7.0g   2.6g S  1524   1.9   4:02.58 nts	1697531292258
1267798 toao      20   0  148.4g   7.1g   2.7g S  1294   1.9   4:11.49 nts	1697531292981
1267798 toao      20   0  148.3g   7.2g   2.8g S 827.8   1.9   4:19.52 nts	1697531293693
1267798 toao      20   0  148.7g   7.3g   2.9g S  1122   1.9   4:28.02 nts	1697531294404
1267798 toao      20   0  148.9g   7.4g   3.0g S  1382   2.0   4:36.73 nts	1697531295113
1267798 toao      20   0  149.2g   7.5g   3.1g S  1053   2.0   4:44.43 nts	1697531295821
1267798 toao      20   0  149.5g   7.6g   3.2g S  1083   2.0   4:53.48 nts	1697531296532
1267798 toao      20   0  149.7g   7.7g   3.3g S  1247   2.0   5:02.16 nts	1697531297248
1267798 toao      20   0  150.7g   7.8g   3.4g S  1194   2.1   5:10.29 nts	1697531297957
1267798 toao      20   0  150.8g   7.8g   3.4g S  1300   2.1   5:17.55 nts	1697531298669
1267798 toao      20   0  150.9g   8.0g   3.5g S 977.8   2.1   5:26.44 nts	1697531299381
1267798 toao      20   0  151.1g   8.0g   3.6g S 700.0   2.1   5:33.01 nts	1697531300093
1267798 toao      20   0  151.0g   8.1g   3.7g S 947.1   2.2   5:41.18 nts	1697531300805
1267798 toao      20   0  151.4g   8.2g   3.8g S  1471   2.2   5:49.58 nts	1697531301515
1267798 toao      20   0  151.6g   8.3g   3.9g S  1029   2.2   5:57.80 nts	1697531302226
1267798 toao      20   0  151.7g   8.4g   4.0g S  1200   2.2   6:06.22 nts	1697531302938
1267798 toao      20   0  165.5g   8.4g   4.1g S  1453   2.2   6:14.96 nts	1697531303648
1267798 toao      20   0  166.9g   8.5g   4.1g S  1429   2.3   6:21.72 nts	1697531304359
1267798 toao      20   0  167.5g   8.7g   4.2g S  1365   2.3   6:30.12 nts	1697531305065
1267798 toao      20   0  168.5g   8.7g   4.3g S  1135   2.3   6:38.63 nts	1697531305777
1267798 toao      20   0  169.3g   8.8g   4.4g S  1417   2.3   6:47.64 nts	1697531306492
1267798 toao      20   0  169.4g   9.0g   4.5g S  1094   2.4   6:55.87 nts	1697531307203
1267798 toao      20   0  170.2g   9.0g   4.6g S  1229   2.4   7:04.61 nts	1697531307911
1267798 toao      20   0  170.4g   9.1g   4.7g S  1412   2.4   7:13.33 nts	1697531308621
1267798 toao      20   0  170.6g   9.2g   4.8g S  1171   2.5   7:21.72 nts	1697531309331
1267798 toao      20   0  170.7g   9.3g   4.9g S  1322   2.5   7:30.33 nts	1697531310040
1267798 toao      20   0  170.9g   9.4g   5.0g S  1112   2.5   7:38.79 nts	1697531310757
1267798 toao      20   0  171.2g   9.5g   5.1g S  1129   2.5   7:47.30 nts	1697531311468
1267798 toao      20   0  171.3g   9.6g   5.1g S  1039   2.5   7:54.22 nts	1697531312181
1267798 toao      20   0  171.5g   9.7g   5.3g S  1328   2.6   8:02.95 nts	1697531312893
1267798 toao      20   0  171.6g   9.8g   5.3g S  1165   2.6   8:11.51 nts	1697531313601
1267798 toao      20   0  171.8g   9.8g   5.4g S  1159   2.6   8:19.66 nts	1697531314308
1267798 toao      20   0  171.7g  10.0g   5.5g S 900.0   2.6   8:27.74 nts	1697531315022
1267798 toao      20   0  172.1g  10.0g   5.6g S  1044   2.7   8:36.23 nts	1697531315734
1267798 toao      20   0  172.3g  10.1g   5.7g S  1311   2.7   8:45.17 nts	1697531316444
1267798 toao      20   0  168.8g  10.2g   5.8g S  1078   2.7   8:52.80 nts	1697531317153
1267798 toao      20   0  170.0g  10.3g   5.9g S  1241   2.7   9:00.71 nts	1697531317865
1267798 toao      20   0  171.6g  10.4g   6.0g S  1053   2.7   9:08.74 nts	1697531318577
1267798 toao      20   0  172.1g  10.5g   6.1g S 976.5   2.8   9:16.94 nts	1697531319285
1267798 toao      20   0  172.6g  10.6g   6.1g S  1335   2.8   9:25.91 nts	1697531319998
1267798 toao      20   0  172.7g  10.7g   6.2g S  1582   2.8   9:34.20 nts	1697531320709
1267798 toao      20   0  172.7g  10.8g   6.3g S  1141   2.9   9:42.49 nts	1697531321421
1267798 toao      20   0  173.0g  10.8g   6.4g S  1271   2.9   9:51.44 nts	1697531322133
1267798 toao      20   0  173.9g  11.0g   6.5g S  1494   2.9   9:59.46 nts	1697531322841
1267798 toao      20   0  173.8g  11.1g   6.6g S  1050   2.9  10:07.83 nts	1697531323551
1267798 toao      20   0  174.2g  11.1g   6.7g S  1083   3.0  10:16.42 nts	1697531324264
1267798 toao      20   0  174.4g  11.2g   6.8g S  1247   3.0  10:25.42 nts	1697531324977
1267798 toao      20   0  174.6g  11.4g   6.9g S  1135   3.0  10:33.95 nts	1697531325688
1267798 toao      20   0  174.8g  11.4g   7.0g S  1200   3.0  10:42.47 nts	1697531326397
1267798 toao      20   0  174.9g  11.5g   7.1g S  1347   3.1  10:51.19 nts	1697531327107
1267798 toao      20   0  175.1g  11.6g   7.2g S 741.2   3.1  10:58.89 nts	1697531327823
1267798 toao      20   0  175.3g  11.7g   7.3g S  1529   3.1  11:07.99 nts	1697531328529
1267798 toao      20   0  175.2g  11.8g   7.4g S  1029   3.1  11:16.03 nts	1697531329240
1267798 toao      20   0  169.8g  11.8g   7.5g R 370.6   3.1  11:23.06 nts	1697531329949
1267798 toao      20   0       0      0      0 Z  94.4   0.0  11:23.77 nts	1697531330662
1267798 toao      20   0       0      0      0 Z  88.2   0.0  11:24.45 nts	1697531331378
1267798 toao      20   0       0      0      0 Z  41.2   0.0  11:25.05 nts	1697531332095
1267798 toao      20   0       0      0      0 Z  94.4   0.0  11:25.74 nts	1697531332814
