3189598 toao      20   0 2527476  99428  69760 R  88.9   0.1   0:00.16 nts	1696948771144
3189598 toao      20   0 2531568 104648  70848 R 100.0   0.1   0:00.20 nts	1696948771179
3189598 toao      20   0 8431764 218984 121164 R  7216   0.2   0:27.05 nts	1696948771890
3189598 toao      20   0 8431764 218984 121164 R  8000   0.2   0:28.80 nts	1696948771903
3189598 toao      20   0 8523980 283248 121288 R  1282   0.2   1:09.01 nts	1696948772612
3189598 toao      20   0 8523980 283248 121288 R  1288   0.2   1:09.04 nts	1696948772634
3189598 toao      20   0 8523980 283248 121288 R 200.0   0.2   1:10.43 nts	1696948773316
3189598 toao      20   0 8523980 283248 121288 R 200.0   0.2   1:10.46 nts	1696948773337
3189598 toao      20   0 8523980 283248 121288 R 212.5   0.2   1:11.84 nts	1696948774029
3189598 toao      20   0 8523980 283248 121288 R 205.9   0.2   1:11.89 nts	1696948774046
3189598 toao      20   0 8523980 283248 121288 R 194.1   0.2   1:13.24 nts	1696948774733
3189598 toao      20   0 8523980 283248 121288 R 212.5   0.2   1:13.29 nts	1696948774760
3189598 toao      20   0 8523980 302520 121288 R 188.9   0.2   1:14.66 nts	1696948775438
3189598 toao      20   0 8523980 302520 121288 R 205.9   0.2   1:14.71 nts	1696948775462
3189598 toao      20   0 8523980 302520 121288 R 200.0   0.2   1:16.08 nts	1696948776147
3189598 toao      20   0 8523980 302520 121288 R 205.9   0.2   1:16.12 nts	1696948776169
3189598 toao      20   0 8523980 302520 121288 R 200.0   0.2   1:17.49 nts	1696948776854
3189598 toao      20   0 8523980 302520 121288 R 205.9   0.2   1:17.53 nts	1696948776873
3189598 toao      20   0 9772172 596056 121452 R  1424   0.5   1:21.04 nts	1696948777561
3189598 toao      20   0 9772172 596056 121452 R  1135   0.5   1:21.22 nts	1696948777578
3189598 toao      20   0 9772172 600248 121452 R  1006   0.5   1:28.71 nts	1696948778270
3189598 toao      20   0 9772172 600248 121452 R  1000   0.5   1:28.79 nts	1696948778282
3189598 toao      20   0 9772172 833856 121452 R  1167   0.6   1:38.08 nts	1696948778979
3189598 toao      20   0 9772172 833856 121452 R  1224   0.6   1:38.08 nts	1696948778986
3189598 toao      20   0   13.4g 838816 121592 R  1376   0.6   1:47.93 nts	1696948779686
3189598 toao      20   0   13.4g 838816 121592 R  1376   0.6   1:47.93 nts	1696948779684
3189598 toao      20   0   13.4g 843564 121592 R 194.4   0.6   1:50.57 nts	1696948780404
3189598 toao      20   0   13.4g 843564 121592 R 194.4   0.6   1:50.57 nts	1696948780405
3189598 toao      20   0   13.4g 853596 121592 R 183.3   0.6   1:51.99 nts	1696948781120
3189598 toao      20   0   13.4g 853596 121592 R 188.9   0.6   1:52.00 nts	1696948781121
3189598 toao      20   0   13.4g 859404 121592 R 194.4   0.7   1:53.44 nts	1696948781836
3189598 toao      20   0   13.4g 859404 121592 R 205.9   0.7   1:53.44 nts	1696948781839
3189598 toao      20   0   13.4g 871812 121592 R 211.8   0.7   1:54.89 nts	1696948782561
3189598 toao      20   0   13.4g 871812 121592 R 200.0   0.7   1:54.89 nts	1696948782560
3189598 toao      20   0   14.6g 964880 121592 R 538.9   0.7   1:57.23 nts	1696948783278
3189598 toao      20   0   14.6g 964880 121592 R 538.9   0.7   1:57.23 nts	1696948783278
3189598 toao      20   0   14.6g   1.0g 121592 R 488.2   0.8   2:00.47 nts	1696948783993
3189598 toao      20   0   14.6g   1.0g 121592 R 488.2   0.8   2:00.47 nts	1696948783993
3189598 toao      20   0   14.6g   1.1g 121592 R 594.1   0.9   2:04.22 nts	1696948784712
3189598 toao      20   0   14.6g   1.1g 121592 R 594.1   0.9   2:04.22 nts	1696948784712
3189598 toao      20   0   14.6g   1.2g 121592 R 561.1   1.0   2:08.37 nts	1696948785428
3189598 toao      20   0   14.6g   1.2g 121592 R 561.1   1.0   2:08.37 nts	1696948785428
3189598 toao      20   0   14.6g   1.3g 121592 R 611.1   1.1   2:12.28 nts	1696948786146
3189598 toao      20   0   14.6g   1.3g 121592 R 611.1   1.1   2:12.28 nts	1696948786146
3189598 toao      20   0   18.7g   1.4g 121592 R 105.9   1.1   2:16.91 nts	1696948786861
3189598 toao      20   0   18.7g   1.4g 121592 R 105.9   1.1   2:16.91 nts	1696948786859
3189598 toao      20   0   18.7g   1.4g 121592 R 100.0   1.1   2:17.63 nts	1696948787578
3189598 toao      20   0   18.7g   1.4g 121592 R 100.0   1.1   2:17.63 nts	1696948787578
3189598 toao      20   0   18.7g   1.4g 121592 R 100.0   1.1   2:18.33 nts	1696948788295
3189598 toao      20   0   18.7g   1.4g 121592 R 100.0   1.1   2:18.34 nts	1696948788295
3189598 toao      20   0   18.7g   1.4g 121592 R 100.0   1.1   2:19.05 nts	1696948789009
3189598 toao      20   0   18.7g   1.4g 121592 R 100.0   1.1   2:19.05 nts	1696948789010
3189598 toao      20   0   18.7g   1.4g 121592 R 100.0   1.1   2:19.76 nts	1696948789726
3189598 toao      20   0   18.7g   1.4g 121592 R 100.0   1.1   2:19.76 nts	1696948789726
3189598 toao      20   0   19.2g   1.4g 121592 R 100.0   1.1   2:20.47 nts	1696948790434
3189598 toao      20   0   19.2g   1.4g 121592 R 100.0   1.1   2:20.47 nts	1696948790434
3189598 toao      20   0   19.2g   1.6g 121592 R 100.0   1.3   2:21.18 nts	1696948791143
3189598 toao      20   0   19.2g   1.6g 121592 R 105.9   1.3   2:21.19 nts	1696948791144
3189598 toao      20   0   19.2g   1.7g 121592 R 100.0   1.3   2:21.89 nts	1696948791854
3189598 toao      20   0   19.2g   1.7g 121592 R 100.0   1.3   2:21.89 nts	1696948791856
3189598 toao      20   0   19.2g   1.7g 121592 R  94.1   1.3   2:22.59 nts	1696948792562
3189598 toao      20   0   19.2g   1.7g 121592 R  94.4   1.3   2:22.61 nts	1696948792564
3189598 toao      20   0   19.2g   1.7g 121592 R 100.0   1.3   2:23.30 nts	1696948793268
3189598 toao      20   0   19.2g   1.7g 121592 R 100.0   1.3   2:23.31 nts	1696948793279
3189598 toao      20   0   19.2g   1.7g 121592 R 100.0   1.3   2:24.00 nts	1696948793974
3189598 toao      20   0   19.2g   1.7g 121592 R 100.0   1.3   2:24.01 nts	1696948793980
3189598 toao      20   0   19.2g   1.7g 121592 R 100.0   1.3   2:24.71 nts	1696948794682
3189598 toao      20   0   19.2g   1.7g 121592 R 100.0   1.3   2:24.72 nts	1696948794689
3189598 toao      20   0   19.2g   1.7g 121592 R 100.0   1.3   2:25.43 nts	1696948795396
3189598 toao      20   0   19.2g   1.7g 121592 R 100.0   1.3   2:25.43 nts	1696948795391
3189598 toao      20   0   19.2g   1.7g 121592 R 100.0   1.3   2:26.13 nts	1696948796103
3189598 toao      20   0   19.2g   1.7g 121592 R 100.0   1.3   2:26.13 nts	1696948796103
3189598 toao      20   0   19.2g   1.7g 121592 R  94.4   1.4   2:26.84 nts	1696948796811
3189598 toao      20   0   19.2g   1.7g 121592 R  94.1   1.4   2:26.84 nts	1696948796811
3189598 toao      20   0   19.2g   1.9g 121592 R 100.0   1.5   2:27.55 nts	1696948797518
3189598 toao      20   0   19.2g   1.9g 121592 R 100.0   1.5   2:27.55 nts	1696948797518
3189598 toao      20   0   19.2g   1.9g 121592 R 105.9   1.5   2:28.26 nts	1696948798226
3189598 toao      20   0   19.2g   1.9g 121592 R 105.9   1.5   2:28.26 nts	1696948798224
3189598 toao      20   0   19.2g   1.9g 121592 R 100.0   1.5   2:28.96 nts	1696948798931
3189598 toao      20   0   19.2g   1.9g 121592 R 100.0   1.5   2:28.98 nts	1696948798931
3189598 toao      20   0   19.2g   1.9g 121592 R 100.0   1.5   2:29.67 nts	1696948799643
3189598 toao      20   0   19.2g   1.9g 121592 R 100.0   1.5   2:29.68 nts	1696948799656
3189598 toao      20   0   19.2g   1.9g 121592 R 100.0   1.5   2:30.38 nts	1696948800351
3189598 toao      20   0   19.2g   1.9g 121592 R 106.2   1.5   2:30.39 nts	1696948800362
3189598 toao      20   0   19.2g   1.9g 121592 R  94.4   1.5   2:31.09 nts	1696948801058
3189598 toao      20   0   19.2g   1.9g 121592 R 100.0   1.5   2:31.09 nts	1696948801066
3189598 toao      20   0   19.2g   1.9g 121592 R 105.9   1.5   2:31.80 nts	1696948801767
3189598 toao      20   0   19.2g   1.9g 121592 R 100.0   1.5   2:31.80 nts	1696948801769
3189598 toao      20   0   19.2g   1.9g 121592 R 100.0   1.5   2:32.50 nts	1696948802475
3189598 toao      20   0   19.2g   1.9g 121592 R  94.4   1.5   2:32.50 nts	1696948802478
3189598 toao      20   0   19.2g   1.9g 121592 R 100.0   1.5   2:33.21 nts	1696948803187
3189598 toao      20   0   19.2g   1.9g 121592 R 100.0   1.5   2:33.21 nts	1696948803186
3189598 toao      20   0   19.2g   1.9g 121592 R 105.9   1.5   2:33.92 nts	1696948803893
3189598 toao      20   0   19.2g   1.9g 121592 R 100.0   1.5   2:33.92 nts	1696948803895
3189598 toao      20   0   28.3g   2.1g 233956 D  47.1   1.7   2:35.63 nts	1696948804597
3189598 toao      20   0   28.3g   2.1g 233956 D  41.2   1.7   2:35.63 nts	1696948804600
3189598 toao      20   0   28.7g   2.6g 300336 D  47.1   2.0   2:36.06 nts	1696948805305
3189598 toao      20   0   28.7g   2.6g 300336 D  38.9   2.0   2:36.06 nts	1696948805310
3189598 toao      20   0   29.1g   2.8g 342268 D  82.4   2.3   2:36.46 nts	1696948806012
3189598 toao      20   0   29.1g   2.8g 342268 D  76.5   2.3   2:36.46 nts	1696948806018
3189598 toao      20   0   29.3g   3.1g 376320 R 105.9   2.5   2:36.84 nts	1696948806720
3189598 toao      20   0   29.3g   3.1g 376320 R 111.8   2.5   2:36.85 nts	1696948806723
3189598 toao      20   0   29.6g   3.3g 416584 R 100.0   2.6   2:37.19 nts	1696948807436
3189598 toao      20   0   29.6g   3.3g 418868 R 100.0   2.6   2:37.20 nts	1696948807445
3189598 toao      20   0   29.9g   3.5g 450920 R 105.9   2.8   2:37.55 nts	1696948808145
3189598 toao      20   0   29.9g   3.6g 452580 R 100.0   2.8   2:37.56 nts	1696948808159
3189598 toao      20   0   30.3g   3.9g 495820 R 100.0   3.1   2:37.90 nts	1696948808856
3189598 toao      20   0   30.3g   3.9g 497924 R 105.9   3.1   2:37.91 nts	1696948808869
3189598 toao      20   0   31.3g   4.2g 600084 R 194.1   3.3   2:38.60 nts	1696948809563
3189598 toao      20   0   31.3g   4.2g 600084 R 194.1   3.3   2:38.61 nts	1696948809572
3189598 toao      20   0   31.5g   4.3g 600084 R 152.9   3.4   2:39.65 nts	1696948810272
3189598 toao      20   0   31.5g   4.3g 600084 R 150.0   3.4   2:39.67 nts	1696948810278
3189598 toao      20   0   31.7g   4.4g 600084 R 122.2   3.5   2:40.69 nts	1696948810979
3189598 toao      20   0   31.7g   4.4g 600084 R 129.4   3.5   2:40.69 nts	1696948810987
3189598 toao      20   0   31.9g   4.5g 600084 R 105.9   3.6   2:41.73 nts	1696948811690
3189598 toao      20   0   31.9g   4.5g 600084 R 105.9   3.6   2:41.73 nts	1696948811691
3189598 toao      20   0   32.6g   4.8g 808316 R 147.1   3.8   2:42.93 nts	1696948812400
3189598 toao      20   0   32.6g   4.8g 808316 R 152.9   3.8   2:42.93 nts	1696948812400
3189598 toao      20   0   33.4g   5.3g   1.3g R 105.9   4.3   2:43.73 nts	1696948813108
3189598 toao      20   0   33.4g   5.3g   1.3g R 100.0   4.3   2:43.73 nts	1696948813108
3189598 toao      20   0   34.3g   5.4g   1.3g R 100.0   4.3   2:44.44 nts	1696948813816
3189598 toao      20   0   34.3g   5.4g   1.3g R 105.9   4.3   2:44.44 nts	1696948813815
3189598 toao      20   0   34.3g   6.3g   2.2g R 100.0   5.0   2:45.14 nts	1696948814524
3189598 toao      20   0   34.3g   6.3g   2.2g R 105.9   5.0   2:45.14 nts	1696948814525
3189598 toao      20   0   34.3g   6.3g   2.2g R 100.0   5.0   2:45.85 nts	1696948815232
3189598 toao      20   0   34.3g   6.3g   2.2g R 100.0   5.0   2:45.85 nts	1696948815232
3189598 toao      20   0   34.3g   6.3g   2.2g R 100.0   5.0   2:46.57 nts	1696948815945
3189598 toao      20   0   34.3g   6.3g   2.2g R 100.0   5.0   2:46.57 nts	1696948815946
3189598 toao      20   0   34.3g   6.3g   2.2g R 105.9   5.0   2:47.28 nts	1696948816656
3189598 toao      20   0   34.3g   6.3g   2.2g R 105.9   5.0   2:47.28 nts	1696948816657
3189598 toao      20   0   34.3g   6.3g   2.2g R 100.0   5.0   2:47.98 nts	1696948817365
3189598 toao      20   0   34.3g   6.3g   2.2g R 100.0   5.0   2:47.98 nts	1696948817365
3189598 toao      20   0   34.3g   6.3g   2.2g R 105.9   5.0   2:48.70 nts	1696948818072
3189598 toao      20   0   34.3g   6.3g   2.2g R 105.9   5.0   2:48.70 nts	1696948818072
3189598 toao      20   0   34.3g   6.3g   2.2g R  88.9   5.0   2:49.40 nts	1696948818780
3189598 toao      20   0   34.3g   6.3g   2.2g R  88.9   5.0   2:49.40 nts	1696948818779
3189598 toao      20   0   34.3g   6.3g   2.2g R 100.0   5.0   2:50.11 nts	1696948819487
3189598 toao      20   0   34.3g   6.3g   2.2g R 100.0   5.0   2:50.11 nts	1696948819487
3189598 toao      20   0   34.3g   6.3g   2.2g R 100.0   5.0   2:50.82 nts	1696948820195
3189598 toao      20   0   34.3g   6.3g   2.2g R 100.0   5.0   2:50.82 nts	1696948820195
3189598 toao      20   0   34.3g   6.3g   2.2g R 100.0   5.0   2:51.53 nts	1696948820903
3189598 toao      20   0   34.3g   6.3g   2.2g R 100.0   5.0   2:51.53 nts	1696948820903
3189598 toao      20   0   34.3g   6.3g   2.2g R 100.0   5.0   2:52.22 nts	1696948821611
3189598 toao      20   0   34.3g   6.3g   2.2g R 100.0   5.0   2:52.23 nts	1696948821614
3189598 toao      20   0   34.3g   6.3g   2.2g R 100.0   5.0   2:52.93 nts	1696948822315
3189598 toao      20   0   34.3g   6.3g   2.2g R 106.2   5.0   2:52.93 nts	1696948822321
3189598 toao      20   0   34.3g   6.3g   2.2g R  94.1   5.0   2:53.64 nts	1696948823023
3189598 toao      20   0   34.3g   6.3g   2.2g R  94.1   5.0   2:53.64 nts	1696948823023
3189598 toao      20   0   34.3g   6.3g   2.2g R 100.0   5.0   2:54.35 nts	1696948823731
3189598 toao      20   0   34.3g   6.3g   2.2g R 105.9   5.0   2:54.36 nts	1696948823732
3189598 toao      20   0   34.3g   6.3g   2.2g R 105.9   5.0   2:55.07 nts	1696948824442
3189598 toao      20   0   34.3g   6.3g   2.2g R 111.8   5.0   2:55.08 nts	1696948824445
3189598 toao      20   0   34.3g   6.3g   2.2g R 105.9   5.0   2:55.78 nts	1696948825148
3189598 toao      20   0   34.3g   6.3g   2.2g R 100.0   5.0   2:55.78 nts	1696948825156
3189598 toao      20   0   34.3g   6.3g   2.2g R 100.0   5.0   2:56.49 nts	1696948825864
3189598 toao      20   0   34.3g   6.3g   2.2g R 100.0   5.0   2:56.49 nts	1696948825867
3189598 toao      20   0   34.3g   6.3g   2.2g R 105.9   5.0   2:57.21 nts	1696948826577
3189598 toao      20   0   34.3g   6.3g   2.2g R 100.0   5.0   2:57.21 nts	1696948826578
3189598 toao      20   0   34.3g   6.3g   2.2g R  94.4   5.0   2:57.91 nts	1696948827288
3189598 toao      20   0   34.3g   6.3g   2.2g R 100.0   5.0   2:57.91 nts	1696948827293
3189598 toao      20   0   34.3g   6.3g   2.2g R 100.0   5.0   2:58.62 nts	1696948828000
3189598 toao      20   0   34.3g   6.3g   2.2g R 100.0   5.0   2:58.62 nts	1696948828001
3189598 toao      20   0   34.3g   6.3g   2.2g R 100.0   5.0   2:59.33 nts	1696948828709
3189598 toao      20   0   34.3g   6.3g   2.2g R  94.4   5.0   2:59.34 nts	1696948828711
3189598 toao      20   0   34.3g   6.3g   2.2g R 100.0   5.0   3:00.04 nts	1696948829415
3189598 toao      20   0   34.3g   6.3g   2.2g R  94.1   5.0   3:00.05 nts	1696948829430
3189598 toao      20   0   34.3g   6.3g   2.2g R 100.0   5.0   3:00.75 nts	1696948830123
3189598 toao      20   0   34.3g   6.3g   2.2g R  94.1   5.0   3:00.76 nts	1696948830138
3189598 toao      20   0   34.3g   6.3g   2.2g R 106.2   5.0   3:01.46 nts	1696948830830
3189598 toao      20   0   34.3g   6.3g   2.2g R 100.0   5.0   3:01.48 nts	1696948830846
3189598 toao      20   0   34.3g   6.3g   2.2g R 105.9   5.0   3:02.16 nts	1696948831535
3189598 toao      20   0   34.3g   6.3g   2.2g R 105.9   5.0   3:02.18 nts	1696948831554
3189598 toao      20   0   34.3g   6.3g   2.2g R 100.0   5.0   3:02.87 nts	1696948832241
3189598 toao      20   0   34.3g   6.3g   2.2g R 105.9   5.0   3:02.89 nts	1696948832261
3189598 toao      20   0   34.3g   6.3g   2.2g R 100.0   5.0   3:03.57 nts	1696948832946
3189598 toao      20   0   34.3g   6.3g   2.2g R  94.4   5.0   3:03.60 nts	1696948832967
3189598 toao      20   0   34.3g   6.3g   2.2g R 105.9   5.0   3:04.28 nts	1696948833653
3189598 toao      20   0   34.3g   6.3g   2.2g R 100.0   5.0   3:04.31 nts	1696948833686
3189598 toao      20   0   34.3g   6.3g   2.2g R 100.0   5.0   3:04.98 nts	1696948834358
3189598 toao      20   0   34.3g   6.3g   2.2g R 112.5   5.0   3:05.02 nts	1696948834390
3189598 toao      20   0   34.3g   6.3g   2.2g R 112.5   5.0   3:05.69 nts	1696948835061
3189598 toao      20   0   34.3g   6.3g   2.2g R 105.9   5.0   3:05.72 nts	1696948835095
3189598 toao      20   0   34.3g   6.3g   2.2g R 100.0   5.0   3:06.39 nts	1696948835765
3189598 toao      20   0   34.3g   6.3g   2.2g R 105.9   5.0   3:06.43 nts	1696948835803
3189598 toao      20   0   34.3g   6.3g   2.2g R 100.0   5.0   3:07.10 nts	1696948836471
3189598 toao      20   0   34.3g   6.3g   2.2g R 100.0   5.0   3:07.14 nts	1696948836511
3189598 toao      20   0   34.3g   6.3g   2.2g R 100.0   5.0   3:07.81 nts	1696948837179
3189598 toao      20   0   34.3g   6.3g   2.2g R 100.0   5.0   3:07.85 nts	1696948837219
3189598 toao      20   0   34.3g   6.3g   2.2g R 100.0   5.0   3:08.51 nts	1696948837887
3189598 toao      20   0   34.3g   6.3g   2.2g R 100.0   5.0   3:08.56 nts	1696948837930
3189598 toao      20   0   34.3g   6.3g   2.2g R 106.2   5.0   3:09.22 nts	1696948838590
3189598 toao      20   0   34.3g   6.3g   2.2g R  94.4   5.0   3:09.27 nts	1696948838639
3189598 toao      20   0   34.3g   6.3g   2.2g R 100.0   5.0   3:09.92 nts	1696948839295
3189598 toao      20   0   34.3g   6.3g   2.2g R 100.0   5.0   3:09.97 nts	1696948839347
3189598 toao      20   0   34.3g   6.3g   2.2g R  94.4   5.0   3:10.63 nts	1696948839998
3189598 toao      20   0   34.3g   6.3g   2.2g R 100.0   5.0   3:10.69 nts	1696948840055
3189598 toao      20   0   34.3g   6.3g   2.2g R 100.0   5.0   3:11.34 nts	1696948840707
3189598 toao      20   0   34.3g   6.3g   2.2g R 100.0   5.0   3:11.40 nts	1696948840767
3189598 toao      20   0   34.3g   6.3g   2.2g R 100.0   5.0   3:12.04 nts	1696948841412
3189598 toao      20   0   34.3g   6.3g   2.2g R 100.0   5.0   3:12.10 nts	1696948841476
3189598 toao      20   0   34.3g   6.3g   2.2g R 100.0   5.0   3:12.75 nts	1696948842117
3189598 toao      20   0   34.3g   6.3g   2.2g R 100.0   5.0   3:12.82 nts	1696948842183
3189598 toao      20   0   34.3g   6.3g   2.2g R 100.0   5.0   3:13.45 nts	1696948842823
3189598 toao      20   0   34.3g   6.3g   2.2g R 100.0   5.0   3:13.53 nts	1696948842895
3189598 toao      20   0   34.3g   6.3g   2.2g R 100.0   5.0   3:14.16 nts	1696948843531
3189598 toao      20   0   34.3g   6.3g   2.2g R  94.4   5.0   3:14.24 nts	1696948843607
3189598 toao      20   0   34.3g   6.3g   2.2g R 100.0   5.0   3:14.87 nts	1696948844238
3189598 toao      20   0   34.3g   6.3g   2.2g R 100.0   5.0   3:14.95 nts	1696948844318
3189598 toao      20   0   34.3g   6.3g   2.2g R 100.0   5.0   3:15.58 nts	1696948844947
3189598 toao      20   0   34.3g   6.3g   2.2g R  94.4   5.0   3:15.66 nts	1696948845026
3189598 toao      20   0   34.3g   6.3g   2.2g R 100.0   5.0   3:16.28 nts	1696948845658
3189598 toao      20   0   34.3g   6.3g   2.2g R 105.9   5.0   3:16.37 nts	1696948845738
3189598 toao      20   0   34.3g   6.3g   2.2g R 100.0   5.0   3:16.99 nts	1696948846364
3189598 toao      20   0   34.3g   6.3g   2.2g R  94.1   5.0   3:17.07 nts	1696948846446
3189598 toao      20   0   34.3g   6.3g   2.2g R 100.0   5.0   3:17.70 nts	1696948847071
3189598 toao      20   0   34.3g   6.3g   2.2g R 105.9   5.0   3:17.79 nts	1696948847153
3189598 toao      20   0   34.3g   6.3g   2.2g R 100.0   5.0   3:18.41 nts	1696948847779
3189598 toao      20   0   34.3g   6.3g   2.2g R 100.0   5.0   3:18.49 nts	1696948847865
3189598 toao      20   0   34.3g   6.3g   2.2g R 105.9   5.0   3:19.12 nts	1696948848486
3189598 toao      20   0   34.3g   6.3g   2.2g R 105.9   5.0   3:19.20 nts	1696948848569
3189598 toao      20   0   34.3g   6.3g   2.2g R 105.9   5.0   3:19.83 nts	1696948849195
3189598 toao      20   0   34.3g   6.3g   2.2g R 100.0   5.0   3:19.90 nts	1696948849271
3189598 toao      20   0   34.3g   6.3g   2.2g R 100.0   5.0   3:20.53 nts	1696948849901
3189598 toao      20   0   34.3g   6.3g   2.2g R 100.0   5.0   3:20.62 nts	1696948849978
3189598 toao      20   0   34.3g   6.3g   2.2g R 100.0   5.0   3:21.24 nts	1696948850614
3189598 toao      20   0   34.3g   6.3g   2.2g R 105.9   5.0   3:21.32 nts	1696948850688
3189598 toao      20   0   34.3g   6.3g   2.2g R 100.0   5.0   3:21.96 nts	1696948851319
3189598 toao      20   0   34.3g   6.3g   2.2g R 105.9   5.0   3:22.03 nts	1696948851394
3189598 toao      20   0   34.3g   6.3g   2.2g R 105.9   5.0   3:22.67 nts	1696948852034
3189598 toao      20   0   34.3g   6.3g   2.2g R 100.0   5.0   3:22.73 nts	1696948852099
3189598 toao      20   0   34.3g   6.3g   2.2g R 100.0   5.0   3:23.37 nts	1696948852742
3189598 toao      20   0   34.3g   6.3g   2.2g R  94.1   5.0   3:23.44 nts	1696948852811
3189598 toao      20   0   34.3g   6.3g   2.2g R 105.9   5.0   3:24.08 nts	1696948853446
3189598 toao      20   0   34.3g   6.3g   2.2g R 100.0   5.0   3:24.15 nts	1696948853520
3189598 toao      20   0   34.3g   6.3g   2.2g R 105.9   5.0   3:24.79 nts	1696948854151
3189598 toao      20   0   34.3g   6.3g   2.2g R 100.0   5.0   3:24.86 nts	1696948854227
3189598 toao      20   0   34.3g   6.3g   2.2g D  72.2   5.0   3:25.44 nts	1696948854859
3189598 toao      20   0   34.4g   6.3g   2.2g D  52.9   5.0   3:25.48 nts	1696948854935
3189598 toao      20   0   36.9g   6.3g   2.2g R  1747   5.0   3:39.44 nts	1696948855565
3189598 toao      20   0   36.9g   6.3g   2.2g R  4171   5.0   3:43.80 nts	1696948855642
3189598 toao      20   0   36.9g   6.3g   2.2g R  2635   5.0   3:58.97 nts	1696948856275
3189598 toao      20   0   36.9g   6.3g   2.2g R  1465   5.0   4:01.18 nts	1696948856357
3189598 toao      20   0   36.9g   6.3g   2.2g R  4247   5.0   4:20.30 nts	1696948856976
3189598 toao      20   0   36.9g   6.3g   2.2g R  1988   5.0   4:20.55 nts	1696948857062
3189598 toao      20   0   36.9g   6.3g   2.2g R  2224   5.0   4:38.18 nts	1696948857684
3189598 toao      20   0   36.9g   6.3g   2.2g R  4294   5.0   4:41.94 nts	1696948857767
3189598 toao      20   0   36.9g   6.3g   2.2g R  1661   5.0   4:58.34 nts	1696948858398
3189598 toao      20   0   36.9g   6.3g   2.2g R  3218   5.0   5:01.59 nts	1696948858465
3189598 toao      20   0   36.9g   6.3g   2.2g R  1753   5.0   5:20.27 nts	1696948859126
3189598 toao      20   0   36.9g   6.3g   2.2g R  3082   5.0   5:23.15 nts	1696948859165
3189598 toao      20   0   36.9g   6.3g   2.2g R  1747   5.0   5:41.45 nts	1696948859838
3189598 toao      20   0   36.9g   6.3g   2.2g S  2762   5.0   5:43.52 nts	1696948859875
3189598 toao      20   0   36.9g   6.3g   2.2g R  1929   5.0   6:02.82 nts	1696948860544
3189598 toao      20   0   36.9g   6.3g   2.2g R  1876   5.0   6:03.76 nts	1696948860569
3189598 toao      20   0   36.9g   6.3g   2.2g R  2541   5.0   6:24.39 nts	1696948861247
3189598 toao      20   0   36.9g   6.3g   2.2g R  1844   5.0   6:25.11 nts	1696948861277
3189598 toao      20   0   36.9g   6.3g   2.2g R  2700   5.0   6:43.55 nts	1696948861949
3189598 toao      20   0   36.9g   6.3g   2.2g R  2388   5.0   6:43.61 nts	1696948861967
3189598 toao      20   0   36.9g   6.3g   2.2g R  3653   5.0   7:04.92 nts	1696948862647
3189598 toao      20   0   36.9g   6.3g   2.2g R  3659   5.0   7:04.99 nts	1696948862669
3189598 toao      20   0   36.9g   6.3g   2.2g R  1441   5.0   7:21.92 nts	1696948863342
3189598 toao      20   0   36.9g   6.3g   2.2g R  1400   5.0   7:22.39 nts	1696948863361
3189598 toao      20   0   36.9g   6.3g   2.2g R  4261   5.0   7:43.13 nts	1696948864048
3189598 toao      20   0   36.9g   6.3g   2.2g R  4194   5.0   7:43.16 nts	1696948864059
3189598 toao      20   0   36.9g   6.3g   2.2g R  3600   5.0   7:59.85 nts	1696948864751
3189598 toao      20   0   36.9g   6.3g   2.2g R  3233   5.0   7:59.89 nts	1696948864760
3189598 toao      20   0   36.9g   6.3g   2.2g R  1182   5.0   8:16.18 nts	1696948865458
3189598 toao      20   0   36.9g   6.3g   2.2g R  1512   5.0   8:16.77 nts	1696948865464
3189598 toao      20   0   36.9g   6.3g   2.2g R  4165   5.0   8:37.41 nts	1696948866156
3189598 toao      20   0   36.9g   6.3g   2.2g R  4541   5.0   8:38.10 nts	1696948866171
3189598 toao      20   0   36.9g   6.3g   2.2g R  3600   5.0   8:53.31 nts	1696948866861
3189598 toao      20   0   36.9g   6.3g   2.2g S  3288   5.0   8:53.41 nts	1696948866874
3189598 toao      20   0   36.9g   6.3g   2.2g S  3018   5.0   9:13.95 nts	1696948867562
3189598 toao      20   0   36.9g   6.3g   2.2g S  2506   5.0   9:13.99 nts	1696948867576
3189598 toao      20   0   36.9g   6.3g   2.2g S  2222   5.0   9:34.64 nts	1696948868266
3189598 toao      20   0   36.9g   6.3g   2.2g S  2235   5.0   9:34.67 nts	1696948868292
3189598 toao      20   0   36.9g   6.3g   2.2g R  1206   5.0   9:52.45 nts	1696948868979
3189598 toao      20   0   36.9g   6.3g   2.2g R  1428   5.0   9:52.88 nts	1696948868991
3189598 toao      20   0   36.9g   6.3g   2.2g R  2706   5.0  10:11.24 nts	1696948869687
3189598 toao      20   0   36.9g   6.3g   2.2g S  3112   5.0  10:11.70 nts	1696948869702
3189598 toao      20   0   36.9g   6.3g   2.2g S  4694   5.0  10:31.76 nts	1696948870419
3189598 toao      20   0   36.9g   6.3g   2.2g S  4439   5.0  10:31.76 nts	1696948870409
3189598 toao      20   0   36.9g   6.3g   2.2g S  3389   5.0  10:48.59 nts	1696948871142
3189598 toao      20   0   36.9g   6.3g   2.2g S  3400   5.0  10:48.61 nts	1696948871143
3189598 toao      20   0   36.9g   6.3g   2.2g S  2876   5.0  11:05.12 nts	1696948871862
3189598 toao      20   0   36.9g   6.3g   2.2g S  2717   5.0  11:05.12 nts	1696948871857
3189598 toao      20   0   36.9g   6.3g   2.2g S 727.8   5.0  11:21.44 nts	1696948872585
3189598 toao      20   0   36.9g   6.3g   2.2g S 415.8   5.0  11:21.45 nts	1696948872584
3189598 toao      20   0   36.9g   6.3g   2.2g R  1022   5.0  11:39.97 nts	1696948873310
3189598 toao      20   0   36.9g   6.3g   2.2g R  1167   5.0  11:40.23 nts	1696948873304
3189598 toao      20   0   36.9g   6.3g   2.2g R  1512   5.0  11:57.48 nts	1696948874022
3189598 toao      20   0   36.9g   6.3g   2.2g R  1582   5.0  11:57.65 nts	1696948874034
3189598 toao      20   0   36.9g   6.3g   2.2g R  3406   5.0  12:16.72 nts	1696948874741
3189598 toao      20   0   36.9g   6.3g   2.2g R  3406   5.0  12:17.08 nts	1696948874748
3189598 toao      20   0   36.9g   6.3g   2.2g S  3972   5.0  12:34.72 nts	1696948875465
3189598 toao      20   0   36.9g   6.3g   2.2g S  3989   5.0  12:34.75 nts	1696948875459
3189598 toao      20   0   36.9g   6.3g   2.2g S  3806   5.0  12:51.79 nts	1696948876181
3189598 toao      20   0   36.9g   6.3g   2.2g S  3806   5.0  12:51.79 nts	1696948876186
3189598 toao      20   0   36.9g   6.3g   2.2g S  2172   5.0  13:08.50 nts	1696948876894
3189598 toao      20   0   36.9g   6.3g   2.2g S  2339   5.0  13:08.50 nts	1696948876892
3189598 toao      20   0   36.9g   6.3g   2.2g R 935.3   5.0  13:24.79 nts	1696948877611
3189598 toao      20   0   36.9g   6.3g   2.2g R  1088   5.0  13:25.05 nts	1696948877610
3189598 toao      20   0   36.9g   6.3g   2.2g R  1547   5.0  13:43.07 nts	1696948878334
3189598 toao      20   0   36.9g   6.3g   2.2g R  1547   5.0  13:43.07 nts	1696948878339
3189598 toao      20   0   36.9g   6.3g   2.2g R  2083   5.0  14:01.66 nts	1696948879057
3189598 toao      20   0   36.9g   6.3g   2.2g R  2083   5.0  14:01.66 nts	1696948879053
3189598 toao      20   0   36.9g   6.3g   2.2g R  3037   5.0  14:20.31 nts	1696948879788
3189598 toao      20   0   36.9g   6.3g   2.2g R  3200   5.0  14:20.62 nts	1696948879786
3189598 toao      20   0   36.9g   6.3g   2.2g S  3811   5.0  14:38.74 nts	1696948880519
3189598 toao      20   0   36.9g   6.3g   2.2g S  3547   5.0  14:38.78 nts	1696948880519
3189598 toao      20   0   36.9g   6.3g   2.2g S  2556   5.0  14:54.89 nts	1696948881235
3189598 toao      20   0   36.9g   6.3g   2.2g S  2437   5.0  14:54.92 nts	1696948881240
3189598 toao      20   0   36.9g   6.3g   2.2g S  1589   5.0  15:12.38 nts	1696948881971
3189598 toao      20   0   36.9g   6.3g   2.2g S  1539   5.0  15:12.42 nts	1696948881979
3189598 toao      20   0   36.9g   6.3g   2.2g R  1259   5.0  15:29.62 nts	1696948882692
3189598 toao      20   0   36.9g   6.3g   2.2g R  1572   5.0  15:30.38 nts	1696948882701
3189598 toao      20   0   36.9g   6.3g   2.2g R  2418   5.0  15:47.94 nts	1696948883402
3189598 toao      20   0   36.9g   6.3g   2.2g R  3829   5.0  15:50.48 nts	1696948883434
3189598 toao      20   0   37.0g   6.4g   2.2g D  61.1   5.1  15:54.57 nts	1696948884125
3189598 toao      20   0   37.0g   6.4g   2.2g R  55.6   5.1  15:54.57 nts	1696948884149
3189598 toao      20   0   37.2g   6.4g   2.2g D  83.3   5.1  15:54.95 nts	1696948884845
3189598 toao      20   0   37.2g   6.4g   2.2g D  82.4   5.1  15:54.95 nts	1696948884860
3189598 toao      20   0  132.3g   6.5g   2.3g R  2835   5.2  15:59.96 nts	1696948885562
3189598 toao      20   0  132.3g   6.5g   2.3g R  3012   5.2  16:00.27 nts	1696948885574
3189598 toao      20   0  142.6g   6.6g   2.3g S 750.0   5.2  16:06.12 nts	1696948886290
3189598 toao      20   0  142.6g   6.6g   2.3g S 750.0   5.2  16:06.12 nts	1696948886288
3189598 toao      20   0  143.3g   6.6g   2.3g S 817.6   5.3  16:09.39 nts	1696948887004
3189598 toao      20   0  143.3g   6.6g   2.3g S 817.6   5.3  16:09.39 nts	1696948887005
3189598 toao      20   0  143.4g   6.6g   2.4g S 694.1   5.3  16:12.30 nts	1696948887716
3189598 toao      20   0  143.4g   6.6g   2.4g S 694.1   5.3  16:12.30 nts	1696948887715
3189598 toao      20   0  143.4g   6.6g   2.4g S 470.6   5.3  16:15.38 nts	1696948888426
3189598 toao      20   0  143.4g   6.6g   2.4g S 470.6   5.3  16:15.38 nts	1696948888426
3189598 toao      20   0  143.4g   6.7g   2.4g S 235.3   5.3  16:18.44 nts	1696948889131
3189598 toao      20   0  143.4g   6.7g   2.4g S 252.9   5.3  16:18.47 nts	1696948889134
3189598 toao      20   0  143.2g   6.7g   2.4g S 100.0   5.3  16:21.67 nts	1696948889838
3189598 toao      20   0  143.2g   6.7g   2.4g S 100.0   5.3  16:21.67 nts	1696948889840
3189598 toao      20   0  143.2g   6.7g   2.4g S 341.2   5.3  16:25.13 nts	1696948890548
3189598 toao      20   0  143.2g   6.7g   2.4g S 329.4   5.3  16:25.13 nts	1696948890555
3189598 toao      20   0  143.3g   6.7g   2.5g S 341.2   5.4  16:28.58 nts	1696948891256
3189598 toao      20   0  143.3g   6.7g   2.5g S 341.2   5.4  16:28.59 nts	1696948891262
3189598 toao      20   0  143.3g   6.7g   2.5g S 341.2   5.4  16:32.04 nts	1696948891964
3189598 toao      20   0  143.3g   6.7g   2.5g S 362.5   5.4  16:32.04 nts	1696948891969
3189598 toao      20   0  143.7g   6.8g   2.5g S 211.8   5.4  16:35.25 nts	1696948892675
3189598 toao      20   0  143.7g   6.8g   2.5g S 211.8   5.4  16:35.25 nts	1696948892675
3189598 toao      20   0  143.5g   6.8g   2.5g S 135.3   5.4  16:38.57 nts	1696948893383
3189598 toao      20   0  143.5g   6.8g   2.5g S 135.3   5.4  16:38.57 nts	1696948893384
3189598 toao      20   0  143.8g   6.8g   2.6g S 447.1   5.4  16:42.12 nts	1696948894096
3189598 toao      20   0  143.8g   6.8g   2.6g S 447.1   5.4  16:42.12 nts	1696948894096
3189598 toao      20   0  143.8g   6.8g   2.6g S 694.1   5.4  16:45.98 nts	1696948894807
3189598 toao      20   0  143.8g   6.8g   2.6g S 694.1   5.4  16:45.98 nts	1696948894807
3189598 toao      20   0  143.8g   6.9g   2.6g S 794.1   5.5  16:49.45 nts	1696948895516
3189598 toao      20   0  144.0g   6.9g   2.6g S 800.0   5.5  16:49.46 nts	1696948895516
3189598 toao      20   0  152.3g   6.9g   2.6g S 705.9   5.5  16:52.62 nts	1696948896221
3189598 toao      20   0  152.8g   6.9g   2.6g S 682.4   5.5  16:52.64 nts	1696948896226
3189598 toao      20   0  152.9g   6.9g   2.6g S 676.5   5.5  16:55.88 nts	1696948896927
3189598 toao      20   0  152.9g   6.9g   2.6g S 676.5   5.5  16:55.89 nts	1696948896934
3189598 toao      20   0  152.6g   6.9g   2.7g S 352.9   5.5  16:58.78 nts	1696948897634
3189598 toao      20   0  152.6g   6.9g   2.7g S 352.9   5.5  16:58.78 nts	1696948897638
3189598 toao      20   0  152.9g   7.0g   2.7g S 194.1   5.5  17:01.98 nts	1696948898342
3189598 toao      20   0  152.9g   7.0g   2.7g S 194.1   5.5  17:01.98 nts	1696948898343
3189598 toao      20   0  152.6g   7.0g   2.7g S 200.0   5.6  17:05.28 nts	1696948899052
3189598 toao      20   0  152.6g   7.0g   2.7g S 194.1   5.6  17:05.28 nts	1696948899053
3189598 toao      20   0  152.7g   7.0g   2.7g S 341.2   5.6  17:08.73 nts	1696948899763
3189598 toao      20   0  152.7g   7.0g   2.7g S 341.2   5.6  17:08.73 nts	1696948899764
3189598 toao      20   0  152.7g   7.0g   2.7g S 341.2   5.6  17:12.21 nts	1696948900471
3189598 toao      20   0  152.7g   7.0g   2.7g S 341.2   5.6  17:12.21 nts	1696948900471
3189598 toao      20   0  153.0g   7.0g   2.8g S 252.9   5.6  17:15.55 nts	1696948901174
3189598 toao      20   0  153.0g   7.0g   2.8g S 252.9   5.6  17:15.55 nts	1696948901176
3189598 toao      20   0  152.8g   7.1g   2.8g S 122.2   5.6  17:18.80 nts	1696948901889
3189598 toao      20   0  152.8g   7.1g   2.8g S 122.2   5.6  17:18.80 nts	1696948901887
3189598 toao      20   0  152.8g   7.1g   2.8g S 329.4   5.7  17:23.46 nts	1696948902600
3189598 toao      20   0  152.8g   7.1g   2.8g S 329.4   5.7  17:23.46 nts	1696948902600
3189598 toao      20   0  152.8g   7.1g   2.8g S 576.5   5.7  17:27.36 nts	1696948903307
3189598 toao      20   0  152.8g   7.1g   2.8g S 576.5   5.7  17:27.36 nts	1696948903307
3189598 toao      20   0  152.8g   7.1g   2.9g S 741.2   5.7  17:30.60 nts	1696948904015
3189598 toao      20   0  152.8g   7.1g   2.9g S 741.2   5.7  17:30.60 nts	1696948904016
3189598 toao      20   0  153.1g   7.2g   2.9g S 870.6   5.7  17:33.79 nts	1696948904725
3189598 toao      20   0  153.1g   7.2g   2.9g S 870.6   5.7  17:33.79 nts	1696948904725
3189598 toao      20   0  153.2g   7.2g   2.9g S 776.5   5.7  17:36.84 nts	1696948905435
3189598 toao      20   0  153.2g   7.2g   2.9g S 776.5   5.7  17:36.84 nts	1696948905436
3189598 toao      20   0  153.2g   7.2g   2.9g S 623.5   5.7  17:39.86 nts	1696948906143
3189598 toao      20   0  153.2g   7.2g   2.9g S 623.5   5.7  17:39.86 nts	1696948906143
3189598 toao      20   0  159.7g   7.2g   2.9g S 368.8   5.8  17:42.98 nts	1696948906850
3189598 toao      20   0  159.7g   7.2g   2.9g S 347.1   5.8  17:42.98 nts	1696948906850
3189598 toao      20   0  159.7g   7.3g   3.0g S 105.9   5.8  17:46.01 nts	1696948907556
3189598 toao      20   0  159.7g   7.3g   3.0g S 105.9   5.8  17:46.01 nts	1696948907556
3189598 toao      20   0  159.7g   7.3g   3.0g S 229.4   5.8  17:49.46 nts	1696948908265
3189598 toao      20   0  159.7g   7.3g   3.0g S 223.5   5.8  17:49.46 nts	1696948908264
3189598 toao      20   0  159.7g   7.3g   3.0g S 347.1   5.8  17:52.94 nts	1696948908972
3189598 toao      20   0  159.7g   7.3g   3.0g S 347.1   5.8  17:52.94 nts	1696948908972
3189598 toao      20   0  159.7g   7.3g   3.0g S 347.1   5.8  17:56.47 nts	1696948909683
3189598 toao      20   0  159.7g   7.3g   3.0g S 347.1   5.8  17:56.47 nts	1696948909683
3189598 toao      20   0  160.0g   7.3g   3.0g S 317.6   5.9  17:59.86 nts	1696948910385
3189598 toao      20   0  160.0g   7.3g   3.0g S 311.8   5.9  17:59.86 nts	1696948910390
3189598 toao      20   0  159.8g   7.4g   3.1g S 100.0   5.9  18:02.94 nts	1696948911097
3189598 toao      20   0  159.8g   7.4g   3.1g S 100.0   5.9  18:02.94 nts	1696948911096
3189598 toao      20   0  159.8g   7.4g   3.1g S 317.6   5.9  18:06.39 nts	1696948911805
3189598 toao      20   0  159.8g   7.4g   3.1g S 329.4   5.9  18:06.39 nts	1696948911805
3189598 toao      20   0  159.8g   7.4g   3.1g S 576.5   5.9  18:09.89 nts	1696948912512
3189598 toao      20   0  159.8g   7.4g   3.1g S 576.5   5.9  18:09.89 nts	1696948912512
3189598 toao      20   0  160.1g   7.4g   3.1g S 755.6   5.9  18:13.32 nts	1696948913218
3189598 toao      20   0  160.1g   7.4g   3.1g S 823.5   5.9  18:13.32 nts	1696948913219
3189598 toao      20   0  160.1g   7.4g   3.1g S 794.1   5.9  18:16.46 nts	1696948913930
3189598 toao      20   0  160.1g   7.4g   3.1g S 750.0   5.9  18:16.46 nts	1696948913929
3189598 toao      20   0  160.4g   7.5g   3.2g S 744.4   6.0  18:19.65 nts	1696948914638
3189598 toao      20   0  160.4g   7.5g   3.2g S 744.4   6.0  18:19.65 nts	1696948914639
3189598 toao      20   0  160.1g   7.5g   3.2g S 800.0   6.0  18:22.75 nts	1696948915350
3189598 toao      20   0  160.1g   7.5g   3.2g S 800.0   6.0  18:22.75 nts	1696948915351
3189598 toao      20   0  160.2g   7.5g   3.2g S 538.9   6.0  18:25.84 nts	1696948916060
3189598 toao      20   0  160.2g   7.5g   3.2g S 570.6   6.0  18:25.84 nts	1696948916060
3189598 toao      20   0  159.6g   7.5g   3.2g S 252.9   6.0  18:28.78 nts	1696948916767
3189598 toao      20   0  159.6g   7.5g   3.2g S 252.9   6.0  18:28.78 nts	1696948916768
3189598 toao      20   0       0      0      0 Z 100.0   0.0  18:29.49 nts	1696948917477
3189598 toao      20   0       0      0      0 Z 100.0   0.0  18:29.49 nts	1696948917476
3189598 toao      20   0       0      0      0 Z 100.0   0.0  18:29.99 nts	1696948918194
3189598 toao      20   0       0      0      0 Z 100.0   0.0  18:29.99 nts	1696948918194
