| 30%   45C    P0    67W / 230W |      5MiB / 24256MiB |      0%      Default |	1696948771180
| 30%   35C    P8    25W / 230W |      5MiB / 24256MiB |      0%      Default |	1696948771180
| 30%   43C    P5    67W / 230W |      5MiB / 24256MiB |      0%      Default |	1696948771978
| 30%   35C    P8    25W / 230W |      5MiB / 24256MiB |      0%      Default |	1696948771978
| 30%   43C    P5    35W / 230W |      5MiB / 24256MiB |      0%      Default |	1696948772702
| 30%   35C    P8    25W / 230W |      5MiB / 24256MiB |      0%      Default |	1696948772702
| 30%   42C    P8    30W / 230W |      5MiB / 24256MiB |      0%      Default |	1696948773456
| 30%   35C    P8    25W / 230W |      5MiB / 24256MiB |      0%      Default |	1696948773456
| 30%   42C    P8    28W / 230W |      5MiB / 24256MiB |      0%      Default |	1696948774207
| 30%   35C    P8    25W / 230W |      5MiB / 24256MiB |      0%      Default |	1696948774207
| 30%   42C    P8    28W / 230W |      5MiB / 24256MiB |      0%      Default |	1696948774947
| 30%   35C    P8    25W / 230W |      5MiB / 24256MiB |      0%      Default |	1696948774947
| 30%   42C    P8    28W / 230W |      5MiB / 24256MiB |      0%      Default |	1696948775682
| 30%   35C    P8    25W / 230W |      5MiB / 24256MiB |      0%      Default |	1696948775682
| 30%   42C    P8    28W / 230W |      5MiB / 24256MiB |      0%      Default |	1696948776419
| 30%   35C    P8    25W / 230W |      5MiB / 24256MiB |      0%      Default |	1696948776419
| 30%   41C    P8    28W / 230W |      5MiB / 24256MiB |      0%      Default |	1696948777157
| 30%   35C    P8    25W / 230W |      5MiB / 24256MiB |      0%      Default |	1696948777157
| 30%   41C    P8    28W / 230W |      5MiB / 24256MiB |      0%      Default |	1696948777897
| 30%   35C    P8    25W / 230W |      5MiB / 24256MiB |      0%      Default |	1696948777897
| 30%   41C    P8    28W / 230W |      5MiB / 24256MiB |      0%      Default |	1696948778630
| 30%   35C    P8    25W / 230W |      5MiB / 24256MiB |      0%      Default |	1696948778630
| 30%   41C    P8    28W / 230W |      5MiB / 24256MiB |      0%      Default |	1696948779368
| 30%   35C    P8    25W / 230W |      5MiB / 24256MiB |      0%      Default |	1696948779368
| 30%   41C    P8    28W / 230W |      5MiB / 24256MiB |      0%      Default |	1696948780107
| 30%   35C    P8    25W / 230W |      5MiB / 24256MiB |      0%      Default |	1696948780107
| 30%   41C    P8    28W / 230W |      5MiB / 24256MiB |      0%      Default |	1696948780847
| 30%   35C    P8    25W / 230W |      5MiB / 24256MiB |      0%      Default |	1696948780847
| 30%   41C    P8    28W / 230W |      5MiB / 24256MiB |      0%      Default |	1696948781598
| 30%   35C    P8    25W / 230W |      5MiB / 24256MiB |      0%      Default |	1696948781598
| 30%   40C    P8    28W / 230W |      5MiB / 24256MiB |      0%      Default |	1696948782348
| 30%   35C    P8    25W / 230W |      5MiB / 24256MiB |      0%      Default |	1696948782348
| 30%   40C    P8    28W / 230W |      5MiB / 24256MiB |      0%      Default |	1696948783096
| 30%   35C    P8    25W / 230W |      5MiB / 24256MiB |      0%      Default |	1696948783096
| 30%   40C    P8    28W / 230W |      5MiB / 24256MiB |      0%      Default |	1696948783853
| 30%   35C    P8    25W / 230W |      5MiB / 24256MiB |      0%      Default |	1696948783853
| 30%   40C    P8    28W / 230W |      5MiB / 24256MiB |      0%      Default |	1696948784602
| 30%   35C    P8    25W / 230W |      5MiB / 24256MiB |      0%      Default |	1696948784602
| 30%   40C    P8    28W / 230W |      5MiB / 24256MiB |      0%      Default |	1696948785352
| 30%   35C    P8    25W / 230W |      5MiB / 24256MiB |      0%      Default |	1696948785352
| 30%   40C    P8    28W / 230W |      5MiB / 24256MiB |      0%      Default |	1696948786107
| 30%   35C    P8    25W / 230W |      5MiB / 24256MiB |      0%      Default |	1696948786107
| 30%   40C    P8    28W / 230W |      5MiB / 24256MiB |      0%      Default |	1696948786867
| 30%   35C    P8    25W / 230W |      5MiB / 24256MiB |      0%      Default |	1696948786867
| 30%   40C    P8    28W / 230W |      5MiB / 24256MiB |      0%      Default |	1696948787617
| 30%   35C    P8    25W / 230W |      5MiB / 24256MiB |      0%      Default |	1696948787617
| 30%   39C    P8    28W / 230W |      5MiB / 24256MiB |      0%      Default |	1696948788366
| 30%   35C    P8    25W / 230W |      5MiB / 24256MiB |      0%      Default |	1696948788366
| 30%   39C    P8    28W / 230W |      5MiB / 24256MiB |      0%      Default |	1696948789118
| 30%   35C    P8    25W / 230W |      5MiB / 24256MiB |      0%      Default |	1696948789118
| 30%   39C    P8    28W / 230W |      5MiB / 24256MiB |      0%      Default |	1696948789868
| 30%   35C    P8    25W / 230W |      5MiB / 24256MiB |      0%      Default |	1696948789868
| 30%   39C    P8    28W / 230W |      5MiB / 24256MiB |      0%      Default |	1696948790603
| 30%   35C    P8    25W / 230W |      5MiB / 24256MiB |      0%      Default |	1696948790603
| 30%   39C    P8    28W / 230W |      5MiB / 24256MiB |      0%      Default |	1696948791343
| 30%   35C    P8    25W / 230W |      5MiB / 24256MiB |      0%      Default |	1696948791343
| 30%   39C    P8    28W / 230W |      5MiB / 24256MiB |      0%      Default |	1696948792078
| 30%   35C    P8    25W / 230W |      5MiB / 24256MiB |      0%      Default |	1696948792078
| 30%   39C    P8    28W / 230W |      5MiB / 24256MiB |      0%      Default |	1696948792811
| 30%   35C    P8    25W / 230W |      5MiB / 24256MiB |      0%      Default |	1696948792811
| 30%   39C    P8    28W / 230W |      5MiB / 24256MiB |      0%      Default |	1696948793545
| 30%   35C    P8    25W / 230W |      5MiB / 24256MiB |      0%      Default |	1696948793545
| 30%   39C    P8    28W / 230W |      5MiB / 24256MiB |      0%      Default |	1696948794285
| 30%   35C    P8    25W / 230W |      5MiB / 24256MiB |      0%      Default |	1696948794285
| 30%   39C    P8    28W / 230W |      5MiB / 24256MiB |      0%      Default |	1696948795024
| 30%   35C    P8    25W / 230W |      5MiB / 24256MiB |      0%      Default |	1696948795024
| 30%   38C    P8    28W / 230W |      5MiB / 24256MiB |      0%      Default |	1696948795758
| 30%   35C    P8    25W / 230W |      5MiB / 24256MiB |      0%      Default |	1696948795758
| 30%   38C    P8    28W / 230W |      5MiB / 24256MiB |      0%      Default |	1696948796495
| 30%   34C    P8    25W / 230W |      5MiB / 24256MiB |      0%      Default |	1696948796495
| 30%   38C    P8    28W / 230W |      5MiB / 24256MiB |      0%      Default |	1696948797239
| 30%   34C    P8    25W / 230W |      5MiB / 24256MiB |      0%      Default |	1696948797239
| 30%   38C    P8    28W / 230W |      5MiB / 24256MiB |      0%      Default |	1696948797980
| 30%   34C    P8    25W / 230W |      5MiB / 24256MiB |      0%      Default |	1696948797980
| 30%   38C    P8    28W / 230W |      5MiB / 24256MiB |      0%      Default |	1696948798715
| 30%   34C    P8    25W / 230W |      5MiB / 24256MiB |      0%      Default |	1696948798715
| 30%   38C    P8    28W / 230W |      5MiB / 24256MiB |      0%      Default |	1696948799450
| 30%   34C    P8    25W / 230W |      5MiB / 24256MiB |      0%      Default |	1696948799450
| 30%   38C    P8    28W / 230W |      5MiB / 24256MiB |      0%      Default |	1696948800193
| 30%   34C    P8    25W / 230W |      5MiB / 24256MiB |      0%      Default |	1696948800193
| 30%   38C    P8    27W / 230W |      5MiB / 24256MiB |      0%      Default |	1696948800931
| 30%   34C    P8    25W / 230W |      5MiB / 24256MiB |      0%      Default |	1696948800931
| 30%   38C    P8    27W / 230W |      5MiB / 24256MiB |      0%      Default |	1696948801667
| 30%   34C    P8    25W / 230W |      5MiB / 24256MiB |      0%      Default |	1696948801667
| 30%   38C    P8    27W / 230W |      5MiB / 24256MiB |      0%      Default |	1696948802401
| 30%   34C    P8    25W / 230W |      5MiB / 24256MiB |      0%      Default |	1696948802401
| 30%   38C    P8    28W / 230W |      5MiB / 24256MiB |      0%      Default |	1696948803134
| 30%   34C    P8    25W / 230W |      5MiB / 24256MiB |      0%      Default |	1696948803134
| 30%   38C    P8    27W / 230W |      5MiB / 24256MiB |      0%      Default |	1696948803875
| 30%   34C    P8    25W / 230W |      5MiB / 24256MiB |      0%      Default |	1696948803875
| 30%   38C    P2    30W / 230W |    291MiB / 24256MiB |      6%      Default |	1696948804615
| 30%   34C    P8    25W / 230W |      8MiB / 24256MiB |      0%      Default |	1696948804615
| 30%   39C    P2    55W / 230W |    477MiB / 24256MiB |      3%      Default |	1696948805356
| 30%   34C    P8    25W / 230W |      8MiB / 24256MiB |      0%      Default |	1696948805356
| 30%   39C    P2    64W / 230W |    577MiB / 24256MiB |      2%      Default |	1696948806106
| 30%   34C    P8    25W / 230W |      8MiB / 24256MiB |      0%      Default |	1696948806106
| 30%   39C    P2    64W / 230W |    671MiB / 24256MiB |      2%      Default |	1696948806870
| 30%   34C    P8    25W / 230W |      8MiB / 24256MiB |      0%      Default |	1696948806870
| 30%   39C    P2    64W / 230W |    763MiB / 24256MiB |      2%      Default |	1696948807626
| 30%   34C    P8    25W / 230W |      8MiB / 24256MiB |      0%      Default |	1696948807626
| 30%   39C    P2    64W / 230W |    853MiB / 24256MiB |      2%      Default |	1696948808378
| 30%   34C    P8    25W / 230W |      8MiB / 24256MiB |      0%      Default |	1696948808378
| 30%   39C    P2    64W / 230W |   1011MiB / 24256MiB |      2%      Default |	1696948809136
| 30%   34C    P8    25W / 230W |      8MiB / 24256MiB |      0%      Default |	1696948809136
| 30%   39C    P2    64W / 230W |   1033MiB / 24256MiB |      0%      Default |	1696948809883
| 30%   35C    P2    29W / 230W |    313MiB / 24256MiB |      7%      Default |	1696948809883
| 30%   39C    P2    64W / 230W |   1033MiB / 24256MiB |      0%      Default |	1696948810646
| 30%   36C    P2    61W / 230W |    477MiB / 24256MiB |      3%      Default |	1696948810646
| 30%   39C    P2    64W / 230W |   1033MiB / 24256MiB |      0%      Default |	1696948811406
| 30%   36C    P2    62W / 230W |    617MiB / 24256MiB |      3%      Default |	1696948811406
| 30%   39C    P2    64W / 230W |   1033MiB / 24256MiB |      0%      Default |	1696948812166
| 30%   36C    P2    63W / 230W |    715MiB / 24256MiB |      1%      Default |	1696948812166
| 30%   39C    P2    64W / 230W |   1041MiB / 24256MiB |      0%      Default |	1696948812947
| 30%   36C    P2    63W / 230W |    723MiB / 24256MiB |      0%      Default |	1696948812947
| 30%   39C    P2    64W / 230W |   1041MiB / 24256MiB |      0%      Default |	1696948813701
| 30%   36C    P2    63W / 230W |    723MiB / 24256MiB |      0%      Default |	1696948813701
| 30%   40C    P2    64W / 230W |   1043MiB / 24256MiB |      1%      Default |	1696948814450
| 30%   36C    P2    63W / 230W |    725MiB / 24256MiB |      1%      Default |	1696948814450
| 30%   40C    P2    64W / 230W |   1043MiB / 24256MiB |      0%      Default |	1696948815202
| 30%   37C    P2    63W / 230W |    725MiB / 24256MiB |      0%      Default |	1696948815202
| 30%   40C    P2    64W / 230W |   1043MiB / 24256MiB |      0%      Default |	1696948815955
| 30%   37C    P2    63W / 230W |    725MiB / 24256MiB |      0%      Default |	1696948815955
| 30%   40C    P2    64W / 230W |   1043MiB / 24256MiB |      0%      Default |	1696948816698
| 30%   37C    P2    63W / 230W |    725MiB / 24256MiB |      0%      Default |	1696948816698
| 30%   40C    P2    64W / 230W |   1043MiB / 24256MiB |      0%      Default |	1696948817451
| 30%   37C    P2    63W / 230W |    725MiB / 24256MiB |      0%      Default |	1696948817451
| 30%   40C    P2    64W / 230W |   1043MiB / 24256MiB |      0%      Default |	1696948818202
| 30%   37C    P2    63W / 230W |    725MiB / 24256MiB |      0%      Default |	1696948818202
| 30%   40C    P2    64W / 230W |   1043MiB / 24256MiB |      0%      Default |	1696948818952
| 30%   37C    P2    63W / 230W |    725MiB / 24256MiB |      0%      Default |	1696948818952
| 30%   40C    P2    64W / 230W |   1043MiB / 24256MiB |      0%      Default |	1696948819702
| 30%   37C    P2    63W / 230W |    725MiB / 24256MiB |      0%      Default |	1696948819702
| 30%   40C    P2    64W / 230W |   1043MiB / 24256MiB |      0%      Default |	1696948820455
| 30%   37C    P2    63W / 230W |    725MiB / 24256MiB |      0%      Default |	1696948820455
| 30%   40C    P2    64W / 230W |   1043MiB / 24256MiB |      0%      Default |	1696948821215
| 30%   37C    P2    63W / 230W |    725MiB / 24256MiB |      0%      Default |	1696948821215
| 30%   40C    P2    64W / 230W |   1043MiB / 24256MiB |      0%      Default |	1696948821961
| 30%   37C    P2    63W / 230W |    725MiB / 24256MiB |      0%      Default |	1696948821961
| 30%   40C    P2    64W / 230W |   1043MiB / 24256MiB |      0%      Default |	1696948822719
| 30%   37C    P2    63W / 230W |    725MiB / 24256MiB |      0%      Default |	1696948822719
| 30%   40C    P2    64W / 230W |   1043MiB / 24256MiB |      0%      Default |	1696948823477
| 30%   38C    P2    64W / 230W |    725MiB / 24256MiB |      0%      Default |	1696948823477
| 30%   40C    P2    64W / 230W |   1043MiB / 24256MiB |      0%      Default |	1696948824235
| 30%   38C    P2    63W / 230W |    725MiB / 24256MiB |      0%      Default |	1696948824235
| 30%   40C    P2    64W / 230W |   1043MiB / 24256MiB |      0%      Default |	1696948824984
| 30%   38C    P2    63W / 230W |    725MiB / 24256MiB |      0%      Default |	1696948824984
| 30%   40C    P2    64W / 230W |   1043MiB / 24256MiB |      0%      Default |	1696948825738
| 30%   38C    P2    63W / 230W |    725MiB / 24256MiB |      0%      Default |	1696948825738
| 30%   40C    P2    64W / 230W |   1043MiB / 24256MiB |      0%      Default |	1696948826493
| 30%   38C    P2    63W / 230W |    725MiB / 24256MiB |      0%      Default |	1696948826493
| 30%   40C    P2    64W / 230W |   1043MiB / 24256MiB |      0%      Default |	1696948827240
| 30%   38C    P2    63W / 230W |    725MiB / 24256MiB |      0%      Default |	1696948827240
| 30%   40C    P2    64W / 230W |   1043MiB / 24256MiB |      0%      Default |	1696948827994
| 30%   38C    P2    63W / 230W |    725MiB / 24256MiB |      0%      Default |	1696948827994
| 30%   40C    P2    64W / 230W |   1043MiB / 24256MiB |      0%      Default |	1696948828754
| 30%   38C    P2    64W / 230W |    725MiB / 24256MiB |      0%      Default |	1696948828754
| 30%   39C    P5    65W / 230W |   1043MiB / 24256MiB |      0%      Default |	1696948829498
| 30%   37C    P5    64W / 230W |    725MiB / 24256MiB |      0%      Default |	1696948829498
| 30%   38C    P8    32W / 230W |   1043MiB / 24256MiB |      0%      Default |	1696948830252
| 30%   37C    P8    31W / 230W |    725MiB / 24256MiB |      0%      Default |	1696948830252
| 30%   38C    P8    32W / 230W |   1043MiB / 24256MiB |      0%      Default |	1696948830989
| 30%   36C    P8    31W / 230W |    725MiB / 24256MiB |      0%      Default |	1696948830989
| 30%   38C    P8    28W / 230W |   1043MiB / 24256MiB |      0%      Default |	1696948831729
| 30%   36C    P8    26W / 230W |    725MiB / 24256MiB |      0%      Default |	1696948831729
| 30%   38C    P8    27W / 230W |   1043MiB / 24256MiB |      0%      Default |	1696948832469
| 30%   36C    P8    25W / 230W |    725MiB / 24256MiB |      0%      Default |	1696948832469
| 30%   38C    P8    27W / 230W |   1043MiB / 24256MiB |      0%      Default |	1696948833204
| 30%   36C    P8    25W / 230W |    725MiB / 24256MiB |      0%      Default |	1696948833204
| 30%   38C    P8    27W / 230W |   1043MiB / 24256MiB |      0%      Default |	1696948833945
| 30%   36C    P8    25W / 230W |    725MiB / 24256MiB |      0%      Default |	1696948833945
| 30%   38C    P8    27W / 230W |   1043MiB / 24256MiB |      0%      Default |	1696948834683
| 30%   36C    P8    25W / 230W |    725MiB / 24256MiB |      0%      Default |	1696948834683
| 30%   37C    P8    27W / 230W |   1043MiB / 24256MiB |      0%      Default |	1696948835420
| 30%   36C    P8    25W / 230W |    725MiB / 24256MiB |      0%      Default |	1696948835420
| 30%   37C    P8    27W / 230W |   1043MiB / 24256MiB |      0%      Default |	1696948836160
| 30%   36C    P8    25W / 230W |    725MiB / 24256MiB |      0%      Default |	1696948836160
| 30%   37C    P8    27W / 230W |   1043MiB / 24256MiB |      0%      Default |	1696948836905
| 30%   36C    P8    25W / 230W |    725MiB / 24256MiB |      0%      Default |	1696948836905
| 30%   37C    P8    27W / 230W |   1043MiB / 24256MiB |      0%      Default |	1696948837644
| 30%   36C    P8    25W / 230W |    725MiB / 24256MiB |      0%      Default |	1696948837644
| 30%   37C    P8    27W / 230W |   1043MiB / 24256MiB |      0%      Default |	1696948838384
| 30%   36C    P8    25W / 230W |    725MiB / 24256MiB |      0%      Default |	1696948838384
| 30%   37C    P8    27W / 230W |   1043MiB / 24256MiB |      0%      Default |	1696948839123
| 30%   36C    P8    25W / 230W |    725MiB / 24256MiB |      0%      Default |	1696948839123
| 30%   37C    P8    27W / 230W |   1043MiB / 24256MiB |      0%      Default |	1696948839867
| 30%   36C    P8    25W / 230W |    725MiB / 24256MiB |      0%      Default |	1696948839867
| 30%   37C    P8    27W / 230W |   1043MiB / 24256MiB |      0%      Default |	1696948840608
| 30%   36C    P8    25W / 230W |    725MiB / 24256MiB |      0%      Default |	1696948840608
| 30%   37C    P8    27W / 230W |   1043MiB / 24256MiB |      0%      Default |	1696948841348
| 30%   36C    P8    25W / 230W |    725MiB / 24256MiB |      0%      Default |	1696948841348
| 30%   37C    P8    27W / 230W |   1043MiB / 24256MiB |      0%      Default |	1696948842088
| 30%   36C    P8    25W / 230W |    725MiB / 24256MiB |      0%      Default |	1696948842088
| 30%   37C    P8    27W / 230W |   1043MiB / 24256MiB |      0%      Default |	1696948842826
| 30%   36C    P8    25W / 230W |    725MiB / 24256MiB |      0%      Default |	1696948842826
| 30%   37C    P8    27W / 230W |   1043MiB / 24256MiB |      0%      Default |	1696948843565
| 30%   36C    P8    25W / 230W |    725MiB / 24256MiB |      0%      Default |	1696948843565
| 30%   37C    P8    27W / 230W |   1043MiB / 24256MiB |      0%      Default |	1696948844303
| 30%   36C    P8    25W / 230W |    725MiB / 24256MiB |      0%      Default |	1696948844303
| 30%   36C    P8    27W / 230W |   1043MiB / 24256MiB |      0%      Default |	1696948845039
| 30%   36C    P8    25W / 230W |    725MiB / 24256MiB |      0%      Default |	1696948845039
| 30%   36C    P8    27W / 230W |   1043MiB / 24256MiB |      0%      Default |	1696948845782
| 30%   36C    P8    25W / 230W |    725MiB / 24256MiB |      0%      Default |	1696948845782
| 30%   36C    P8    27W / 230W |   1043MiB / 24256MiB |      0%      Default |	1696948846519
| 30%   36C    P8    25W / 230W |    725MiB / 24256MiB |      0%      Default |	1696948846519
| 30%   36C    P8    27W / 230W |   1043MiB / 24256MiB |      0%      Default |	1696948847256
| 30%   36C    P8    25W / 230W |    725MiB / 24256MiB |      0%      Default |	1696948847256
| 30%   36C    P8    27W / 230W |   1043MiB / 24256MiB |      0%      Default |	1696948847995
| 30%   36C    P8    25W / 230W |    725MiB / 24256MiB |      0%      Default |	1696948847995
| 30%   36C    P8    27W / 230W |   1043MiB / 24256MiB |      0%      Default |	1696948848740
| 30%   36C    P8    25W / 230W |    725MiB / 24256MiB |      0%      Default |	1696948848740
| 30%   36C    P8    27W / 230W |   1043MiB / 24256MiB |      0%      Default |	1696948849481
| 30%   36C    P8    25W / 230W |    725MiB / 24256MiB |      0%      Default |	1696948849481
| 30%   36C    P8    27W / 230W |   1043MiB / 24256MiB |      0%      Default |	1696948850218
| 30%   36C    P8    25W / 230W |    725MiB / 24256MiB |      0%      Default |	1696948850218
| 30%   36C    P8    27W / 230W |   1043MiB / 24256MiB |      0%      Default |	1696948850959
| 30%   35C    P8    25W / 230W |    725MiB / 24256MiB |      0%      Default |	1696948850959
| 30%   36C    P8    27W / 230W |   1043MiB / 24256MiB |      0%      Default |	1696948851695
| 30%   35C    P8    25W / 230W |    725MiB / 24256MiB |      0%      Default |	1696948851695
| 30%   36C    P8    27W / 230W |   1043MiB / 24256MiB |      0%      Default |	1696948852430
| 30%   35C    P8    25W / 230W |    725MiB / 24256MiB |      0%      Default |	1696948852430
| 30%   36C    P8    27W / 230W |   1043MiB / 24256MiB |      0%      Default |	1696948853168
| 30%   35C    P8    25W / 230W |    725MiB / 24256MiB |      0%      Default |	1696948853168
| 30%   36C    P8    27W / 230W |   1043MiB / 24256MiB |      0%      Default |	1696948853913
| 30%   35C    P8    25W / 230W |    725MiB / 24256MiB |      0%      Default |	1696948853913
| 30%   36C    P8    27W / 230W |   1043MiB / 24256MiB |      0%      Default |	1696948854656
| 30%   35C    P8    25W / 230W |    725MiB / 24256MiB |      0%      Default |	1696948854656
| 30%   37C    P2    36W / 230W |   1085MiB / 24256MiB |      0%      Default |	1696948855390
| 30%   37C    P2    35W / 230W |    767MiB / 24256MiB |      0%      Default |	1696948855390
| 30%   37C    P2    63W / 230W |   1085MiB / 24256MiB |      0%      Default |	1696948856146
| 30%   37C    P2    62W / 230W |    767MiB / 24256MiB |      0%      Default |	1696948856146
| 30%   37C    P2    63W / 230W |   1085MiB / 24256MiB |      0%      Default |	1696948856897
| 30%   37C    P2    63W / 230W |    767MiB / 24256MiB |      0%      Default |	1696948856897
| 30%   37C    P2    63W / 230W |   1085MiB / 24256MiB |      0%      Default |	1696948857645
| 30%   37C    P2    63W / 230W |    767MiB / 24256MiB |      0%      Default |	1696948857645
| 30%   37C    P2    63W / 230W |   1085MiB / 24256MiB |      0%      Default |	1696948858388
| 30%   37C    P2    63W / 230W |    767MiB / 24256MiB |      0%      Default |	1696948858388
| 30%   37C    P2    63W / 230W |   1085MiB / 24256MiB |      0%      Default |	1696948859139
| 30%   37C    P2    63W / 230W |    767MiB / 24256MiB |      0%      Default |	1696948859139
| 30%   37C    P2    63W / 230W |   1085MiB / 24256MiB |      0%      Default |	1696948859899
| 30%   37C    P2    63W / 230W |    767MiB / 24256MiB |      0%      Default |	1696948859899
| 30%   38C    P2    64W / 230W |   1085MiB / 24256MiB |      0%      Default |	1696948860642
| 30%   38C    P2    63W / 230W |    767MiB / 24256MiB |      0%      Default |	1696948860642
| 30%   38C    P2    63W / 230W |   1085MiB / 24256MiB |      0%      Default |	1696948861394
| 30%   38C    P2    63W / 230W |    767MiB / 24256MiB |      0%      Default |	1696948861394
| 30%   38C    P2    63W / 230W |   1085MiB / 24256MiB |      0%      Default |	1696948862140
| 30%   38C    P2    63W / 230W |    767MiB / 24256MiB |      0%      Default |	1696948862140
| 30%   38C    P2    63W / 230W |   1085MiB / 24256MiB |      0%      Default |	1696948862899
| 30%   38C    P2    63W / 230W |    767MiB / 24256MiB |      0%      Default |	1696948862899
| 30%   38C    P2    64W / 230W |   1085MiB / 24256MiB |      0%      Default |	1696948863657
| 30%   38C    P2    63W / 230W |    767MiB / 24256MiB |      0%      Default |	1696948863657
| 30%   38C    P2    63W / 230W |   1085MiB / 24256MiB |      0%      Default |	1696948864405
| 30%   38C    P2    63W / 230W |    767MiB / 24256MiB |      0%      Default |	1696948864405
| 30%   38C    P2    63W / 230W |   1085MiB / 24256MiB |      0%      Default |	1696948865168
| 30%   38C    P2    64W / 230W |    767MiB / 24256MiB |      0%      Default |	1696948865168
| 30%   38C    P2    63W / 230W |   1085MiB / 24256MiB |      0%      Default |	1696948865932
| 30%   38C    P2    64W / 230W |    767MiB / 24256MiB |      0%      Default |	1696948865932
| 30%   38C    P2    63W / 230W |   1085MiB / 24256MiB |      0%      Default |	1696948866687
| 30%   38C    P2    64W / 230W |    767MiB / 24256MiB |      0%      Default |	1696948866687
| 30%   38C    P2    64W / 230W |   1085MiB / 24256MiB |      0%      Default |	1696948867451
| 30%   38C    P2    64W / 230W |    767MiB / 24256MiB |      0%      Default |	1696948867451
| 30%   38C    P2    64W / 230W |   1085MiB / 24256MiB |      0%      Default |	1696948868201
| 30%   38C    P2    64W / 230W |    767MiB / 24256MiB |      0%      Default |	1696948868201
| 30%   38C    P2    63W / 230W |   1085MiB / 24256MiB |      0%      Default |	1696948868951
| 30%   38C    P2    64W / 230W |    767MiB / 24256MiB |      0%      Default |	1696948868951
| 30%   38C    P2    63W / 230W |   1085MiB / 24256MiB |      0%      Default |	1696948869716
| 30%   38C    P2    64W / 230W |    767MiB / 24256MiB |      0%      Default |	1696948869716
| 30%   38C    P2    63W / 230W |   1085MiB / 24256MiB |      0%      Default |	1696948870484
| 30%   39C    P2    64W / 230W |    767MiB / 24256MiB |      0%      Default |	1696948870484
| 30%   38C    P2    63W / 230W |   1085MiB / 24256MiB |      0%      Default |	1696948871263
| 30%   39C    P2    64W / 230W |    767MiB / 24256MiB |      0%      Default |	1696948871263
| 30%   38C    P5    63W / 230W |   1085MiB / 24256MiB |      0%      Default |	1696948872029
| 30%   38C    P5    64W / 230W |    767MiB / 24256MiB |      0%      Default |	1696948872029
| 30%   37C    P8    63W / 230W |   1085MiB / 24256MiB |      0%      Default |	1696948872784
| 30%   37C    P8    64W / 230W |    767MiB / 24256MiB |      0%      Default |	1696948872784
| 30%   37C    P8    31W / 230W |   1085MiB / 24256MiB |      0%      Default |	1696948873557
| 30%   37C    P8    30W / 230W |    767MiB / 24256MiB |      0%      Default |	1696948873557
| 30%   37C    P8    27W / 230W |   1085MiB / 24256MiB |      0%      Default |	1696948874313
| 30%   37C    P8    26W / 230W |    767MiB / 24256MiB |      0%      Default |	1696948874313
| 30%   36C    P8    27W / 230W |   1085MiB / 24256MiB |      0%      Default |	1696948875079
| 30%   37C    P8    25W / 230W |    767MiB / 24256MiB |      0%      Default |	1696948875079
| 30%   36C    P8    27W / 230W |   1085MiB / 24256MiB |      0%      Default |	1696948875841
| 30%   37C    P8    25W / 230W |    767MiB / 24256MiB |      0%      Default |	1696948875841
| 30%   36C    P8    27W / 230W |   1085MiB / 24256MiB |      0%      Default |	1696948876602
| 30%   37C    P8    25W / 230W |    767MiB / 24256MiB |      0%      Default |	1696948876602
| 30%   36C    P8    27W / 230W |   1085MiB / 24256MiB |      0%      Default |	1696948877361
| 30%   37C    P8    25W / 230W |    767MiB / 24256MiB |      0%      Default |	1696948877361
| 30%   36C    P8    27W / 230W |   1085MiB / 24256MiB |      0%      Default |	1696948878113
| 30%   37C    P8    25W / 230W |    767MiB / 24256MiB |      0%      Default |	1696948878113
| 30%   36C    P8    27W / 230W |   1085MiB / 24256MiB |      0%      Default |	1696948878864
| 30%   37C    P8    25W / 230W |    767MiB / 24256MiB |      0%      Default |	1696948878864
| 30%   36C    P8    27W / 230W |   1085MiB / 24256MiB |      0%      Default |	1696948879651
| 30%   37C    P8    25W / 230W |    767MiB / 24256MiB |      0%      Default |	1696948879651
| 30%   36C    P8    27W / 230W |   1085MiB / 24256MiB |      0%      Default |	1696948880418
| 30%   37C    P8    25W / 230W |    767MiB / 24256MiB |      0%      Default |	1696948880418
| 30%   36C    P8    27W / 230W |   1085MiB / 24256MiB |      0%      Default |	1696948881169
| 30%   37C    P8    25W / 230W |    767MiB / 24256MiB |      0%      Default |	1696948881169
| 30%   36C    P8    27W / 230W |   1085MiB / 24256MiB |      0%      Default |	1696948881922
| 30%   37C    P8    25W / 230W |    767MiB / 24256MiB |      0%      Default |	1696948881922
| 30%   36C    P8    27W / 230W |   1085MiB / 24256MiB |      0%      Default |	1696948882687
| 30%   36C    P8    25W / 230W |    767MiB / 24256MiB |      0%      Default |	1696948882687
| 30%   36C    P8    27W / 230W |   1085MiB / 24256MiB |      0%      Default |	1696948883448
| 30%   36C    P8    25W / 230W |    767MiB / 24256MiB |      0%      Default |	1696948883448
| 30%   36C    P8    27W / 230W |   1085MiB / 24256MiB |      0%      Default |	1696948884197
| 30%   38C    P2    41W / 230W |    869MiB / 24256MiB |      3%      Default |	1696948884197
| 30%   35C    P8    27W / 230W |   1085MiB / 24256MiB |      0%      Default |	1696948884961
| 30%   38C    P2    64W / 230W |    993MiB / 24256MiB |      3%      Default |	1696948884961
| 30%   36C    P2    27W / 230W |   1303MiB / 24256MiB |      0%      Default |	1696948885721
| 30%   38C    P2    64W / 230W |   1303MiB / 24256MiB |      3%      Default |	1696948885721
| 30%   38C    P2    50W / 230W |   2299MiB / 24256MiB |     43%      Default |	1696948886494
| 30%   40C    P2    72W / 230W |   2113MiB / 24256MiB |     51%      Default |	1696948886494
| 30%   39C    P2    94W / 230W |   2361MiB / 24256MiB |     78%      Default |	1696948887283
| 30%   41C    P2   100W / 230W |   2113MiB / 24256MiB |     87%      Default |	1696948887283
| 30%   40C    P2   104W / 230W |   2361MiB / 24256MiB |     88%      Default |	1696948888044
| 30%   41C    P2   104W / 230W |   2257MiB / 24256MiB |     91%      Default |	1696948888044
| 30%   40C    P2   103W / 230W |   2361MiB / 24256MiB |     91%      Default |	1696948888797
| 30%   42C    P2   106W / 230W |   2257MiB / 24256MiB |     93%      Default |	1696948888797
| 30%   40C    P2   104W / 230W |   2363MiB / 24256MiB |     87%      Default |	1696948889566
| 30%   42C    P2   107W / 230W |   2259MiB / 24256MiB |     94%      Default |	1696948889566
| 30%   40C    P2   102W / 230W |   2363MiB / 24256MiB |     64%      Default |	1696948890318
| 30%   42C    P2   106W / 230W |   2259MiB / 24256MiB |     75%      Default |	1696948890318
| 30%   41C    P2   104W / 230W |   2509MiB / 24256MiB |     81%      Default |	1696948891079
| 30%   42C    P2   107W / 230W |   2259MiB / 24256MiB |     93%      Default |	1696948891079
| 30%   41C    P2   105W / 230W |   2509MiB / 24256MiB |     91%      Default |	1696948891842
| 30%   42C    P2   105W / 230W |   2259MiB / 24256MiB |     92%      Default |	1696948891842
| 30%   41C    P2   103W / 230W |   2509MiB / 24256MiB |     90%      Default |	1696948892599
| 30%   43C    P2   106W / 230W |   2405MiB / 24256MiB |     92%      Default |	1696948892599
| 30%   41C    P2   105W / 230W |   2509MiB / 24256MiB |     87%      Default |	1696948893361
| 30%   43C    P2   107W / 230W |   2405MiB / 24256MiB |     94%      Default |	1696948893361
| 30%   41C    P2   103W / 230W |   2677MiB / 24256MiB |     62%      Default |	1696948894118
| 30%   43C    P2   106W / 230W |   2573MiB / 24256MiB |     71%      Default |	1696948894118
| 30%   41C    P2   105W / 230W |   2677MiB / 24256MiB |     64%      Default |	1696948894890
| 30%   43C    P2   108W / 230W |   2573MiB / 24256MiB |     74%      Default |	1696948894890
| 30%   41C    P2   105W / 230W |   2677MiB / 24256MiB |     73%      Default |	1696948895663
| 30%   44C    P2   108W / 230W |   2573MiB / 24256MiB |     83%      Default |	1696948895663
| 30%   42C    P2   102W / 230W |   2821MiB / 24256MiB |     66%      Default |	1696948896437
| 30%   44C    P2   105W / 230W |   2575MiB / 24256MiB |     76%      Default |	1696948896437
| 30%   42C    P2   102W / 230W |   2821MiB / 24256MiB |     91%      Default |	1696948897219
| 30%   44C    P2   106W / 230W |   2575MiB / 24256MiB |     93%      Default |	1696948897219
| 30%   42C    P2   103W / 230W |   2821MiB / 24256MiB |     89%      Default |	1696948897997
| 30%   44C    P2   106W / 230W |   2575MiB / 24256MiB |     91%      Default |	1696948897997
| 30%   42C    P2   104W / 230W |   2821MiB / 24256MiB |     91%      Default |	1696948898794
| 30%   44C    P2   108W / 230W |   2575MiB / 24256MiB |     91%      Default |	1696948898794
| 30%   42C    P2   106W / 230W |   2821MiB / 24256MiB |     88%      Default |	1696948899558
| 30%   44C    P2   108W / 230W |   2575MiB / 24256MiB |     93%      Default |	1696948899558
| 30%   42C    P2   103W / 230W |   2821MiB / 24256MiB |     53%      Default |	1696948900335
| 30%   45C    P2   107W / 230W |   2575MiB / 24256MiB |     64%      Default |	1696948900335
| 30%   43C    P2   105W / 230W |   2821MiB / 24256MiB |     74%      Default |	1696948901100
| 30%   45C    P2   108W / 230W |   2575MiB / 24256MiB |     83%      Default |	1696948901100
| 30%   43C    P2   106W / 230W |   2821MiB / 24256MiB |     89%      Default |	1696948901856
| 30%   45C    P2   109W / 230W |   2575MiB / 24256MiB |     93%      Default |	1696948901856
| 30%   43C    P2   109W / 230W |   2821MiB / 24256MiB |     89%      Default |	1696948902616
| 30%   46C    P2   111W / 230W |   2575MiB / 24256MiB |     93%      Default |	1696948902616
| 30%   43C    P2   108W / 230W |   2821MiB / 24256MiB |     90%      Default |	1696948903376
| 30%   45C    P2   110W / 230W |   2575MiB / 24256MiB |     91%      Default |	1696948903376
| 30%   43C    P2   106W / 230W |   2821MiB / 24256MiB |     89%      Default |	1696948904138
| 30%   46C    P2   107W / 230W |   2575MiB / 24256MiB |     47%      Default |	1696948904138
| 30%   43C    P2   103W / 230W |   2821MiB / 24256MiB |     49%      Default |	1696948904932
| 30%   46C    P2   107W / 230W |   2575MiB / 24256MiB |     57%      Default |	1696948904932
| 30%   43C    P2   105W / 230W |   2821MiB / 24256MiB |     66%      Default |	1696948905708
| 30%   46C    P2   108W / 230W |   2575MiB / 24256MiB |     77%      Default |	1696948905708
| 30%   43C    P2   105W / 230W |   2821MiB / 24256MiB |     75%      Default |	1696948906470
| 30%   46C    P2   108W / 230W |   2575MiB / 24256MiB |     77%      Default |	1696948906470
| 30%   44C    P2   107W / 230W |   2821MiB / 24256MiB |     89%      Default |	1696948907256
| 30%   46C    P2   109W / 230W |   2575MiB / 24256MiB |     93%      Default |	1696948907256
| 30%   44C    P2   105W / 230W |   2821MiB / 24256MiB |     88%      Default |	1696948908016
| 30%   46C    P2   108W / 230W |   2575MiB / 24256MiB |     95%      Default |	1696948908016
| 30%   44C    P2   106W / 230W |   2821MiB / 24256MiB |     88%      Default |	1696948908776
| 30%   46C    P2   109W / 230W |   2575MiB / 24256MiB |     91%      Default |	1696948908776
| 30%   44C    P2   107W / 230W |   2821MiB / 24256MiB |     53%      Default |	1696948909535
| 30%   47C    P2   108W / 230W |   2575MiB / 24256MiB |     64%      Default |	1696948909535
| 30%   44C    P2   105W / 230W |   2821MiB / 24256MiB |     74%      Default |	1696948910290
| 30%   47C    P2   109W / 230W |   2575MiB / 24256MiB |     82%      Default |	1696948910290
| 30%   44C    P2   107W / 230W |   2821MiB / 24256MiB |     91%      Default |	1696948911054
| 30%   47C    P2   110W / 230W |   2575MiB / 24256MiB |     92%      Default |	1696948911054
| 30%   44C    P2   105W / 230W |   2821MiB / 24256MiB |     88%      Default |	1696948911815
| 30%   47C    P2   109W / 230W |   2575MiB / 24256MiB |     92%      Default |	1696948911815
| 30%   44C    P2   106W / 230W |   2821MiB / 24256MiB |     91%      Default |	1696948912583
| 30%   47C    P2   109W / 230W |   2575MiB / 24256MiB |     91%      Default |	1696948912583
| 30%   45C    P2   107W / 230W |   2821MiB / 24256MiB |     87%      Default |	1696948913350
| 30%   47C    P2   109W / 230W |   2575MiB / 24256MiB |     92%      Default |	1696948913350
| 30%   45C    P2   105W / 230W |   2821MiB / 24256MiB |     63%      Default |	1696948914118
| 30%   48C    P2   108W / 230W |   2575MiB / 24256MiB |     73%      Default |	1696948914118
| 30%   45C    P2   106W / 230W |   2821MiB / 24256MiB |     80%      Default |	1696948914878
| 30%   48C    P2   109W / 230W |   2745MiB / 24256MiB |     89%      Default |	1696948914878
| 30%   45C    P2   107W / 230W |   2823MiB / 24256MiB |     90%      Default |	1696948915642
| 30%   48C    P2   108W / 230W |   2747MiB / 24256MiB |     92%      Default |	1696948915642
| 30%   45C    P2   105W / 230W |   2823MiB / 24256MiB |     86%      Default |	1696948916405
| 30%   48C    P2   108W / 230W |   2747MiB / 24256MiB |     94%      Default |	1696948916405
| 30%   44C    P2   100W / 230W |   2823MiB / 24256MiB |      0%      Default |	1696948917170
| 30%   47C    P2   102W / 230W |   2747MiB / 24256MiB |      0%      Default |	1696948917170
| 30%   44C    P2    89W / 230W |   2814MiB / 24256MiB |      2%      Default |	1696948917936
| 30%   47C    P2    90W / 230W |   2741MiB / 24256MiB |      0%      Default |	1696948917936
| 30%   43C    P0    74W / 230W |      5MiB / 24256MiB |      0%      Default |	1696948918717
| 30%   46C    P0    81W / 230W |      5MiB / 24256MiB |      0%      Default |	1696948918717
