1001315 toao      20   0 2568708 100652  68012 R 100.0   0.1   0:00.17 nts	1688364878680
1001315 toao      20   0 5292096 210444 115380 R  3050   0.1   0:13.69 nts	1688364879393
1001315 toao      20   0 5292096 210444 115380 S  2944   0.1   0:33.75 nts	1688364880084
1001315 toao      20   0 5377144 274840 115632 R 193.8   0.1   0:42.51 nts	1688364880764
1001315 toao      20   0 5377144 274840 115632 R 193.8   0.1   0:43.86 nts	1688364881442
1001315 toao      20   0 5377144 274840 115632 R 193.8   0.1   0:45.22 nts	1688364882126
1001315 toao      20   0 5377144 274840 115632 R 194.1   0.1   0:46.59 nts	1688364882814
1001315 toao      20   0 5377144 274840 115632 R 188.2   0.1   0:47.95 nts	1688364883503
1001315 toao      20   0 5377144 274840 115632 R 193.8   0.1   0:49.29 nts	1688364884186
1001315 toao      20   0 5377144 274840 115632 R 206.2   0.1   0:50.66 nts	1688364884871
1001315 toao      20   0 5377144 274840 115632 R 200.0   0.1   0:52.02 nts	1688364885559
1001315 toao      20   0 6608792 729400 115696 R  1038   0.4   0:54.69 nts	1688364886248
1001315 toao      20   0 6608792 783444 115696 R 918.8   0.4   1:01.55 nts	1688364886933
1001315 toao      20   0 6608792 792892 115696 R 937.5   0.4   1:07.78 nts	1688364887612
1001315 toao      20   0 6608792 794456 115696 R  1031   0.4   1:14.08 nts	1688364888295
1001315 toao      20   0 7565788 796572 115732 R 637.5   0.4   1:19.90 nts	1688364888977
1001315 toao      20   0 7565788 800528 115732 R 194.1   0.4   1:21.25 nts	1688364889664
1001315 toao      20   0 7565788 806336 115732 R 188.2   0.4   1:22.60 nts	1688364890352
1001315 toao      20   0 7565788 813464 115732 R 188.2   0.4   1:23.95 nts	1688364891043
1001315 toao      20   0 8787872 923032 115732 R 600.0   0.5   1:27.30 nts	1688364891731
1001315 toao      20   0 8787872   1.0g 115732 R 600.0   0.5   1:31.15 nts	1688364892411
1001315 toao      20   0 8787872   1.1g 115732 R 562.5   0.6   1:35.55 nts	1688364893098
1001315 toao      20   0 8787872   1.2g 115732 R 625.0   0.6   1:39.49 nts	1688364893778
1001315 toao      20   0 9828.5m   1.3g 115732 R 512.5   0.7   1:42.87 nts	1688364894463
1001315 toao      20   0 9828.5m   1.3g 115732 R 100.0   0.7   1:43.56 nts	1688364895144
1001315 toao      20   0 9828.5m   1.3g 115732 R 100.0   0.7   1:44.24 nts	1688364895831
1001315 toao      20   0 9828.5m   1.3g 115732 R 106.2   0.7   1:44.93 nts	1688364896520
1001315 toao      20   0 9828.5m   1.3g 115732 R 106.2   0.7   1:45.62 nts	1688364897208
1001315 toao      20   0   10.1g   1.7g 115732 R  93.8   0.9   1:46.30 nts	1688364897896
1001315 toao      20   0   10.1g   1.8g 115732 R 100.0   0.9   1:47.00 nts	1688364898582
1001315 toao      20   0   10.1g   1.8g 115732 R 100.0   0.9   1:47.68 nts	1688364899273
1001315 toao      20   0   10.1g   1.8g 115732 R 106.2   0.9   1:48.37 nts	1688364899960
1001315 toao      20   0   10.1g   1.8g 115732 R 106.2   0.9   1:49.06 nts	1688364900648
1001315 toao      20   0   10.1g   1.8g 115732 R 106.2   0.9   1:49.75 nts	1688364901335
1001315 toao      20   0   10.1g   1.8g 115732 R  94.1   0.9   1:50.43 nts	1688364902024
1001315 toao      20   0   10.1g   1.8g 115732 R 106.2   0.9   1:51.13 nts	1688364902712
1001315 toao      20   0   10.1g   1.8g 115732 R 106.2   1.0   1:51.82 nts	1688364903401
1001315 toao      20   0   10.1g   1.8g 115732 R 100.0   1.0   1:52.50 nts	1688364904088
1001315 toao      20   0   10.1g   1.8g 115732 R 106.2   1.0   1:53.19 nts	1688364904776
1001315 toao      20   0   10.1g   1.8g 115732 R  94.1   1.0   1:53.88 nts	1688364905464
1001315 toao      20   0   10.1g   1.8g 115732 R 106.2   1.0   1:54.57 nts	1688364906150
1001315 toao      20   0   10.1g   1.8g 115732 R 100.0   1.0   1:55.25 nts	1688364906838
1001315 toao      20   0   10.1g   1.8g 115732 R 106.2   1.0   1:55.94 nts	1688364907528
1001315 toao      20   0   15.4g   2.3g 277236 R 100.0   1.2   1:57.30 nts	1688364908215
1001315 toao      20   0   16.3g   3.1g 390504 R 100.0   1.6   1:57.98 nts	1688364908902
1001315 toao      20   0   17.5g   4.2g 510536 R 106.2   2.2   1:58.67 nts	1688364909590
1001315 toao      20   0   17.5g   4.2g 510536 R 100.0   2.2   1:59.35 nts	1688364910280
1001315 toao      20   0   18.5g   5.1g   1.4g R 100.0   2.7   2:00.04 nts	1688364910965
1001315 toao      20   0   18.5g   5.1g   1.4g R 100.0   2.7   2:00.72 nts	1688364911655
1001315 toao      20   0   18.5g   5.1g   1.4g R 100.0   2.7   2:01.42 nts	1688364912342
1001315 toao      20   0   18.5g   5.1g   1.4g R 100.0   2.7   2:02.10 nts	1688364913033
1001315 toao      20   0   18.5g   5.1g   1.4g R 106.2   2.7   2:02.79 nts	1688364913720
1001315 toao      20   0   18.5g   5.1g   1.4g R 100.0   2.7   2:03.48 nts	1688364914407
1001315 toao      20   0   18.5g   5.1g   1.4g R 100.0   2.7   2:04.17 nts	1688364915095
1001315 toao      20   0   18.5g   5.1g   1.4g R  94.1   2.7   2:04.86 nts	1688364915785
1001315 toao      20   0   18.5g   5.1g   1.4g R  94.1   2.7   2:05.55 nts	1688364916474
1001315 toao      20   0   18.5g   5.1g   1.4g R 100.0   2.7   2:06.24 nts	1688364917163
1001315 toao      20   0   18.5g   5.1g   1.4g R 100.0   2.7   2:06.92 nts	1688364917851
1001315 toao      20   0   18.5g   5.1g   1.4g R 106.2   2.7   2:07.62 nts	1688364918539
1001315 toao      20   0   18.5g   5.1g   1.4g R 100.0   2.7   2:08.30 nts	1688364919227
1001315 toao      20   0   18.5g   5.1g   1.4g R 106.2   2.7   2:08.99 nts	1688364919915
1001315 toao      20   0   18.5g   5.1g   1.4g R 100.0   2.7   2:09.68 nts	1688364920603
1001315 toao      20   0   18.5g   5.1g   1.4g R 100.0   2.7   2:10.36 nts	1688364921288
1001315 toao      20   0   18.5g   5.1g   1.4g R 106.2   2.7   2:11.06 nts	1688364921979
1001315 toao      20   0   18.5g   5.1g   1.4g R 106.2   2.7   2:11.74 nts	1688364922667
1001315 toao      20   0   18.5g   5.1g   1.4g R 100.0   2.7   2:12.43 nts	1688364923353
1001315 toao      20   0   18.5g   5.1g   1.4g R 100.0   2.7   2:13.13 nts	1688364924044
1001315 toao      20   0   18.5g   5.1g   1.4g R 106.2   2.7   2:13.82 nts	1688364924735
1001315 toao      20   0   18.5g   5.1g   1.4g R  94.1   2.7   2:14.50 nts	1688364925424
1001315 toao      20   0   18.5g   5.1g   1.4g R 100.0   2.7   2:15.18 nts	1688364926112
1001315 toao      20   0   18.5g   5.1g   1.4g R 100.0   2.7   2:15.87 nts	1688364926799
1001315 toao      20   0   18.5g   5.1g   1.4g R 100.0   2.7   2:16.56 nts	1688364927488
1001315 toao      20   0   18.5g   5.1g   1.4g R 100.0   2.7   2:17.25 nts	1688364928176
1001315 toao      20   0   18.5g   5.1g   1.4g R  94.1   2.7   2:17.94 nts	1688364928864
1001315 toao      20   0   18.5g   5.1g   1.4g R 106.2   2.7   2:18.63 nts	1688364929552
1001315 toao      20   0   18.5g   5.1g   1.4g R 100.0   2.7   2:19.31 nts	1688364930239
1001315 toao      20   0   18.5g   5.1g   1.4g R 100.0   2.7   2:20.00 nts	1688364930927
1001315 toao      20   0   18.5g   5.1g   1.4g R 100.0   2.7   2:20.69 nts	1688364931615
1001315 toao      20   0   18.5g   5.1g   1.4g R  94.1   2.7   2:21.37 nts	1688364932303
1001315 toao      20   0   18.5g   5.1g   1.4g R 106.2   2.7   2:22.06 nts	1688364932985
1001315 toao      20   0   18.5g   5.1g   1.4g R 100.0   2.7   2:22.75 nts	1688364933672
1001315 toao      20   0   18.5g   5.1g   1.4g R 106.2   2.7   2:23.44 nts	1688364934360
1001315 toao      20   0   18.5g   5.1g   1.4g R 100.0   2.7   2:24.12 nts	1688364935047
1001315 toao      20   0   18.5g   5.1g   1.4g R 106.2   2.7   2:24.82 nts	1688364935736
1001315 toao      20   0   18.5g   5.1g   1.4g R  94.1   2.7   2:25.50 nts	1688364936424
1001315 toao      20   0   18.5g   5.1g   1.4g R 106.2   2.7   2:26.19 nts	1688364937112
1001315 toao      20   0   18.5g   5.1g   1.4g R 106.2   2.7   2:26.88 nts	1688364937799
1001315 toao      20   0   18.5g   5.1g   1.4g R 100.0   2.7   2:27.56 nts	1688364938488
1001315 toao      20   0   18.5g   5.1g   1.4g R 106.2   2.7   2:28.25 nts	1688364939172
1001315 toao      20   0   18.5g   5.1g   1.4g R 100.0   2.7   2:28.94 nts	1688364939858
1001315 toao      20   0   18.5g   5.1g   1.4g R 100.0   2.7   2:29.63 nts	1688364940547
1001315 toao      20   0   18.5g   5.1g   1.4g R 106.2   2.7   2:30.32 nts	1688364941235
1001315 toao      20   0   18.5g   5.1g   1.4g R  94.1   2.7   2:31.00 nts	1688364941923
1001315 toao      20   0   18.5g   5.1g   1.4g R 100.0   2.7   2:31.69 nts	1688364942612
1001315 toao      20   0   18.5g   5.1g   1.4g R 100.0   2.7   2:32.38 nts	1688364943300
1001315 toao      20   0   18.5g   5.1g   1.4g R 106.2   2.7   2:33.07 nts	1688364943988
1001315 toao      20   0   18.5g   5.1g   1.4g R 100.0   2.7   2:33.75 nts	1688364944675
1001315 toao      20   0   18.5g   5.1g   1.4g R 105.9   2.7   2:34.45 nts	1688364945363
1001315 toao      20   0   18.5g   5.1g   1.4g R 100.0   2.7   2:35.13 nts	1688364946051
1001315 toao      20   0   18.5g   5.1g   1.4g R 100.0   2.7   2:35.82 nts	1688364946740
1001315 toao      20   0   18.5g   5.1g   1.4g R 106.2   2.7   2:36.51 nts	1688364947428
1001315 toao      20   0   18.5g   5.1g   1.4g R 100.0   2.7   2:37.19 nts	1688364948113
1001315 toao      20   0   18.5g   5.1g   1.4g R 100.0   2.7   2:37.88 nts	1688364948799
1001315 toao      20   0   18.5g   5.1g   1.4g R 106.2   2.7   2:38.57 nts	1688364949489
1001315 toao      20   0   18.5g   5.1g   1.4g R 106.2   2.7   2:39.26 nts	1688364950176
1001315 toao      20   0   18.5g   5.1g   1.4g R  94.1   2.7   2:39.94 nts	1688364950863
1001315 toao      20   0   18.5g   5.1g   1.4g R 100.0   2.7   2:40.63 nts	1688364951551
1001315 toao      20   0   18.5g   5.1g   1.4g R 100.0   2.7   2:41.32 nts	1688364952239
1001315 toao      20   0   18.5g   5.1g   1.4g R 106.2   2.7   2:42.01 nts	1688364952926
1001315 toao      20   0   18.5g   5.1g   1.4g R 100.0   2.7   2:42.69 nts	1688364953616
1001315 toao      20   0   18.5g   5.1g   1.4g R 100.0   2.7   2:43.39 nts	1688364954303
1001315 toao      20   0   18.5g   5.1g   1.4g R 100.0   2.7   2:44.08 nts	1688364954993
1001315 toao      20   0   18.5g   5.1g   1.4g R 100.0   2.7   2:44.76 nts	1688364955680
1001315 toao      20   0   18.5g   5.1g   1.4g R 100.0   2.7   2:45.44 nts	1688364956368
1001315 toao      20   0   18.5g   5.1g   1.4g R 106.2   2.7   2:46.14 nts	1688364957056
1001315 toao      20   0   18.5g   5.1g   1.4g R 100.0   2.7   2:46.83 nts	1688364957743
1001315 toao      20   0   18.5g   5.1g   1.4g R 100.0   2.7   2:47.51 nts	1688364958429
1001315 toao      20   0   18.5g   5.1g   1.4g R 106.2   2.7   2:48.20 nts	1688364959117
1001315 toao      20   0   18.5g   5.1g   1.4g R 106.2   2.7   2:48.89 nts	1688364959807
1001315 toao      20   0   18.5g   5.1g   1.4g R  94.1   2.7   2:49.58 nts	1688364960495
1001315 toao      20   0   18.5g   5.1g   1.4g R 106.2   2.7   2:50.26 nts	1688364961181
1001315 toao      20   0   20.6g   5.2g   1.4g R  1747   2.8   2:57.02 nts	1688364961868
1001315 toao      20   0   20.6g   5.2g   1.4g R  1241   2.8   3:08.65 nts	1688364962574
1001315 toao      20   0   20.6g   5.2g   1.4g R  1806   2.8   3:22.10 nts	1688364963298
1001315 toao      20   0   20.6g   5.2g   1.4g R  1812   2.8   3:31.97 nts	1688364964003
1001315 toao      20   0   20.6g   5.2g   1.4g R  1931   2.8   3:43.60 nts	1688364964683
1001315 toao      20   0   20.6g   5.2g   1.4g R  1712   2.8   3:55.68 nts	1688364965369
1001315 toao      20   0   20.6g   5.2g   1.4g R  1744   2.8   4:07.96 nts	1688364966058
1001315 toao      20   0   20.6g   5.2g   1.4g R 577.8   2.8   4:17.79 nts	1688364966750
1001315 toao      20   0   20.6g   5.2g   1.4g R  1888   2.8   4:29.13 nts	1688364967457
1001315 toao      20   0   20.6g   5.2g   1.4g R  1753   2.8   4:41.16 nts	1688364968135
1001315 toao      20   0   20.6g   5.2g   1.4g R  1800   2.8   4:51.35 nts	1688364968825
1001315 toao      20   0   46.4g   6.2g   2.4g R 206.2   3.3   4:57.91 nts	1688364969501
1001315 toao      20   0   51.5g   6.8g   2.9g S  1444   3.6   5:05.54 nts	1688364970190
1001315 toao      20   0   52.2g   6.8g   2.9g S  1425   3.6   5:16.18 nts	1688364970875
1001315 toao      20   0   52.2g   6.9g   2.9g S  1688   3.7   5:26.95 nts	1688364971550
1001315 toao      20   0   52.2g   6.9g   2.9g S  1588   3.7   5:37.61 nts	1688364972230
1001315 toao      20   0   58.5g   6.9g   2.9g S  1538   3.7   5:47.70 nts	1688364972911
1001315 toao      20   0   58.6g   6.9g   2.9g S  1406   3.7   5:58.11 nts	1688364973593
1001315 toao      20   0   58.6g   6.9g   2.9g S  1400   3.7   6:08.72 nts	1688364974271
1001315 toao      20   0   58.6g   6.9g   2.9g S  1788   3.7   6:19.19 nts	1688364974951
1001315 toao      20   0   57.9g   6.9g   2.9g S  1562   3.7   6:29.45 nts	1688364975631
1001315 toao      20   0   58.5g   6.9g   2.9g S  1500   3.7   6:40.08 nts	1688364976317
1001315 toao      20   0   58.6g   6.9g   2.9g S  1738   3.7   6:51.18 nts	1688364976997
1001315 toao      20   0   58.6g   6.9g   2.9g S  1694   3.7   7:01.83 nts	1688364977680
1001315 toao      20   0   58.0g   6.9g   2.9g S  1441   3.7   7:12.79 nts	1688364978359
1001315 toao      20   0   58.5g   6.9g   2.9g S  1638   3.7   7:23.90 nts	1688364979047
1001315 toao      20   0   58.6g   6.9g   2.9g S  1662   3.7   7:35.09 nts	1688364979732
1001315 toao      20   0   58.6g   6.9g   2.9g S  1469   3.7   7:45.88 nts	1688364980413
1001315 toao      20   0   58.5g   6.9g   2.9g S  1600   3.7   7:56.88 nts	1688364981093
1001315 toao      20   0   58.6g   6.9g   2.9g S  1688   3.7   8:08.13 nts	1688364981774
1001315 toao      20   0   58.6g   6.9g   2.9g S  1444   3.7   8:18.96 nts	1688364982454
1001315 toao      20   0   58.6g   6.9g   2.9g S  1718   3.7   8:30.42 nts	1688364983134
1001315 toao      20   0   58.6g   6.9g   2.9g S  1819   3.7   8:41.19 nts	1688364983816
1001315 toao      20   0   58.6g   6.9g   2.9g S  1359   3.7   8:51.97 nts	1688364984498
1001315 toao      20   0   58.6g   6.9g   2.9g S  1541   3.7   9:03.03 nts	1688364985185
1001315 toao      20   0   56.7g   6.9g   2.9g S  1775   3.7   9:14.18 nts	1688364985867
1001315 toao      20   0   58.6g   6.9g   2.9g S  1625   3.7   9:24.97 nts	1688364986544
1001315 toao      20   0   58.5g   6.9g   2.9g S  1619   3.7   9:36.10 nts	1688364987222
1001315 toao      20   0   58.6g   6.9g   2.9g S  1322   3.7   9:47.51 nts	1688364987919
1001315 toao      20   0   57.3g   6.9g   2.9g S  1762   3.7   9:58.85 nts	1688364988611
1001315 toao      20   0   58.6g   6.9g   2.9g S  1744   3.7  10:09.62 nts	1688364989292
1001315 toao      20   0   58.6g   6.9g   2.9g S  1625   3.7  10:20.40 nts	1688364989969
1001315 toao      20   0   58.6g   6.9g   2.9g S  1324   3.7  10:31.13 nts	1688364990648
1001315 toao      20   0   57.8g   6.9g   2.9g S  1556   3.7  10:42.03 nts	1688364991331
1001315 toao      20   0   58.6g   6.9g   2.9g S  1444   3.7  10:52.62 nts	1688364992017
1001315 toao      20   0   58.6g   6.9g   2.9g S  1525   3.7  11:03.42 nts	1688364992699
1001315 toao      20   0   58.6g   6.9g   2.9g S  1800   3.7  11:14.78 nts	1688364993380
1001315 toao      20   0   58.0g   6.9g   2.9g S  1475   3.7  11:25.54 nts	1688364994060
1001315 toao      20   0   58.6g   6.9g   2.9g S  1456   3.7  11:36.30 nts	1688364994739
1001315 toao      20   0   58.6g   6.9g   2.9g S  1462   3.7  11:46.95 nts	1688364995420
1001315 toao      20   0   58.6g   6.9g   2.9g S  1406   3.7  11:57.47 nts	1688364996101
1001315 toao      20   0       0      0      0 Z 106.2   0.0  12:04.83 nts	1688364996781
