112089 toao      20   0 2565540  96892  67396 R 100.0   0.0   0:00.17 nts	1688359574765
112089 toao      20   0 5283440 200636 114232 R  3175   0.1   0:13.84 nts	1688359575465
112089 toao      20   0 5324876 221460 114464 R 200.0   0.1   0:17.28 nts	1688359576161
112089 toao      20   0 5324876 221460 114464 R 188.2   0.1   0:18.64 nts	1688359576845
112089 toao      20   0 5324876 221460 114464 R 200.0   0.1   0:20.00 nts	1688359577528
112089 toao      20   0 5324876 221460 114464 R 206.2   0.1   0:21.37 nts	1688359578220
112089 toao      20   0 5324876 221460 114464 R 200.0   0.1   0:22.73 nts	1688359578908
112089 toao      20   0 5324876 221460 114464 R 193.8   0.1   0:24.09 nts	1688359579596
112089 toao      20   0 5324876 221460 114464 R 188.2   0.1   0:25.45 nts	1688359580282
112089 toao      20   0 6477760 403544 114588 R  1169   0.2   0:28.36 nts	1688359580966
112089 toao      20   0 6477760 542272 114588 R 931.2   0.3   0:35.55 nts	1688359581658
112089 toao      20   0 6477760 630548 114588 R  1288   0.3   0:43.75 nts	1688359582343
112089 toao      20   0 6477760 660688 114588 R  1000   0.3   0:50.80 nts	1688359583026
112089 toao      20   0 7614052 673568 114644 R  1181   0.3   0:59.07 nts	1688359583711
112089 toao      20   0 7614052 673828 114644 R 200.0   0.3   1:00.43 nts	1688359584397
112089 toao      20   0 7614052 674092 114644 R 188.2   0.3   1:01.79 nts	1688359585081
112089 toao      20   0 7614052 674620 114644 R 200.0   0.3   1:03.16 nts	1688359585771
112089 toao      20   0 7614052 674884 114644 R 206.2   0.3   1:04.52 nts	1688359586459
112089 toao      20   0 7614052 675148 114644 R 206.2   0.3   1:05.88 nts	1688359587148
112089 toao      20   0 7614052 675148 114644 R 206.2   0.3   1:07.25 nts	1688359587837
112089 toao      20   0 8765956 714340 114644 R 687.5   0.4   1:09.61 nts	1688359588522
112089 toao      20   0 8765956 841324 114644 R 641.2   0.4   1:14.14 nts	1688359589207
112089 toao      20   0 8765956 984672 114644 R 743.8   0.5   1:19.01 nts	1688359589891
112089 toao      20   0 8765956   1.0g 114644 R  1038   0.6   1:23.81 nts	1688359590574
112089 toao      20   0 9950532   1.1g 114644 R 106.2   0.6   1:26.11 nts	1688359591257
112089 toao      20   0 9950532   1.1g 114644 R  94.1   0.6   1:26.80 nts	1688359591944
112089 toao      20   0    9.9g   1.2g 114644 R  94.1   0.7   1:27.49 nts	1688359592633
112089 toao      20   0    9.9g   1.4g 114644 R 100.0   0.7   1:28.18 nts	1688359593324
112089 toao      20   0    9.9g   1.4g 114644 R 106.2   0.8   1:28.87 nts	1688359594012
112089 toao      20   0    9.9g   1.5g 114644 R 106.2   0.8   1:29.56 nts	1688359594699
112089 toao      20   0    9.9g   1.5g 114644 R 100.0   0.8   1:30.24 nts	1688359595389
112089 toao      20   0    9.9g   1.5g 114644 R 106.2   0.8   1:30.93 nts	1688359596079
112089 toao      20   0   15.4g   2.2g 289672 R  88.2   1.2   1:31.95 nts	1688359596764
112089 toao      20   0   16.3g   2.9g 436924 R 100.0   1.6   1:32.64 nts	1688359597450
112089 toao      20   0   17.3g   3.8g 506968 R 106.2   2.0   1:33.33 nts	1688359598140
112089 toao      20   0   17.8g   4.0g 721860 R 100.0   2.1   1:34.02 nts	1688359598828
112089 toao      20   0   17.8g   4.3g   1.0g R 100.0   2.3   1:34.70 nts	1688359599516
112089 toao      20   0   17.8g   4.3g   1.0g R 106.2   2.3   1:35.39 nts	1688359600201
112089 toao      20   0   17.8g   4.3g   1.0g R 106.2   2.3   1:36.08 nts	1688359600890
112089 toao      20   0   17.8g   4.3g   1.0g R 100.0   2.3   1:36.76 nts	1688359601575
112089 toao      20   0   17.8g   4.3g   1.0g R  94.1   2.3   1:37.45 nts	1688359602264
112089 toao      20   0   17.8g   4.3g   1.0g R 106.2   2.3   1:38.15 nts	1688359602951
112089 toao      20   0   17.8g   4.3g   1.0g R 100.0   2.3   1:38.83 nts	1688359603638
112089 toao      20   0   17.8g   4.3g   1.0g R 106.2   2.3   1:39.52 nts	1688359604326
112089 toao      20   0   17.8g   4.3g   1.0g R 100.0   2.3   1:40.21 nts	1688359605015
112089 toao      20   0   17.8g   4.3g   1.0g R  94.1   2.3   1:40.89 nts	1688359605702
112089 toao      20   0   17.8g   4.3g   1.0g R 106.2   2.3   1:41.58 nts	1688359606390
112089 toao      20   0   17.8g   4.3g   1.0g R 100.0   2.3   1:42.27 nts	1688359607079
112089 toao      20   0   17.8g   4.3g   1.0g R 100.0   2.3   1:42.96 nts	1688359607767
112089 toao      20   0   17.8g   4.3g   1.0g R  94.1   2.3   1:43.65 nts	1688359608454
112089 toao      20   0   17.8g   4.3g   1.0g R 106.2   2.3   1:44.34 nts	1688359609142
112089 toao      20   0   17.8g   4.3g   1.0g R 106.2   2.3   1:45.03 nts	1688359609830
112089 toao      20   0   17.8g   4.3g   1.0g R 100.0   2.3   1:45.71 nts	1688359610518
112089 toao      20   0   17.8g   4.3g   1.0g R 106.2   2.3   1:46.40 nts	1688359611206
112089 toao      20   0   17.8g   4.3g   1.0g R 100.0   2.3   1:47.09 nts	1688359611894
112089 toao      20   0   17.8g   4.3g   1.0g R  94.1   2.3   1:47.77 nts	1688359612583
112089 toao      20   0   17.8g   4.3g   1.0g R 106.2   2.3   1:48.46 nts	1688359613271
112089 toao      20   0   17.8g   4.3g   1.0g R 100.0   2.3   1:49.15 nts	1688359613958
112089 toao      20   0   17.8g   4.3g   1.0g R 106.2   2.3   1:49.84 nts	1688359614647
112089 toao      20   0   17.8g   4.3g   1.0g R 100.0   2.3   1:50.53 nts	1688359615335
112089 toao      20   0   17.8g   4.3g   1.0g R  94.1   2.3   1:51.22 nts	1688359616023
112089 toao      20   0   17.8g   4.3g   1.0g R 106.2   2.3   1:51.91 nts	1688359616711
112089 toao      20   0   17.8g   4.3g   1.0g R 100.0   2.3   1:52.59 nts	1688359617398
112089 toao      20   0   17.8g   4.3g   1.0g R 100.0   2.3   1:53.28 nts	1688359618087
112089 toao      20   0   17.8g   4.3g   1.0g R 100.0   2.3   1:53.97 nts	1688359618776
112089 toao      20   0   17.8g   4.3g   1.0g R  94.1   2.3   1:54.65 nts	1688359619463
112089 toao      20   0   17.8g   4.3g   1.0g R 100.0   2.3   1:55.34 nts	1688359620151
112089 toao      20   0   17.8g   4.3g   1.0g R 100.0   2.3   1:56.03 nts	1688359620839
112089 toao      20   0   17.8g   4.3g   1.0g R 100.0   2.3   1:56.72 nts	1688359621527
112089 toao      20   0   17.8g   4.3g   1.0g R 100.0   2.3   1:57.41 nts	1688359622215
112089 toao      20   0   17.8g   4.3g   1.0g R  94.1   2.3   1:58.09 nts	1688359622903
112089 toao      20   0   17.8g   4.3g   1.0g R 100.0   2.3   1:58.78 nts	1688359623590
112089 toao      20   0   17.8g   4.3g   1.0g R 106.2   2.3   1:59.48 nts	1688359624279
112089 toao      20   0   17.8g   4.3g   1.0g R 106.2   2.3   2:00.17 nts	1688359624967
112089 toao      20   0   17.8g   4.3g   1.0g R  94.1   2.3   2:00.85 nts	1688359625654
112089 toao      20   0   17.8g   4.3g   1.0g R  94.1   2.3   2:01.53 nts	1688359626343
112089 toao      20   0   17.8g   4.3g   1.0g D 106.2   2.3   2:02.23 nts	1688359627031
112089 toao      20   0   18.6g   4.3g   1.0g S 262.5   2.3   2:05.67 nts	1688359627717
112089 toao      20   0   45.6g   5.9g   2.4g R 200.0   3.1   2:08.95 nts	1688359628403
112089 toao      20   0   56.5g   6.0g   2.4g S  2206   3.2   2:21.12 nts	1688359629088
112089 toao      20   0   57.4g   6.1g   2.5g S  1925   3.2   2:34.56 nts	1688359629785
112089 toao      20   0   58.1g   6.1g   2.5g S  2024   3.3   2:48.35 nts	1688359630464
112089 toao      20   0   56.8g   6.1g   2.5g S  2138   3.2   3:01.54 nts	1688359631156
112089 toao      20   0       0      0      0 Z  81.2   0.0   3:06.50 nts	1688359631846
