3067013 toao      20   0 2529588 100792  69040 R  94.4   0.1   0:00.19 nts	1696948254744
3067013 toao      20   0 8431764 217960 120148 R  4711   0.2   0:08.97 nts	1696948255233
3067013 toao      20   0 8431764 217960 120148 R  7547   0.2   0:26.15 nts	1696948255482
3067013 toao      20   0 8431764 217960 120148 R  7428   0.2   1:03.46 nts	1696948255954
3067013 toao      20   0 8496656 254980 120212 R  4350   0.2   1:16.60 nts	1696948256222
3067013 toao      20   0 8523988 282228 120276 R 200.0   0.2   1:19.05 nts	1696948256672
3067013 toao      20   0 8523988 282228 120276 R 205.9   0.2   1:19.52 nts	1696948256914
3067013 toao      20   0 8523988 282228 120276 R 200.0   0.2   1:20.48 nts	1696948257393
3067013 toao      20   0 8523988 282228 120276 R 194.1   0.2   1:20.92 nts	1696948257624
3067013 toao      20   0 8523988 282228 120276 R 188.9   0.2   1:21.90 nts	1696948258106
3067013 toao      20   0 8523988 282228 120276 R 205.9   0.2   1:22.34 nts	1696948258331
3067013 toao      20   0 8523988 282228 120276 R 188.9   0.2   1:23.32 nts	1696948258818
3067013 toao      20   0 8523988 301500 120276 R 194.1   0.2   1:23.75 nts	1696948259038
3067013 toao      20   0 8523988 301500 120276 R 173.7   0.2   1:24.76 nts	1696948259531
3067013 toao      20   0 8523988 301500 120276 R 200.0   0.2   1:25.16 nts	1696948259742
3067013 toao      20   0 8523988 301500 120276 R 211.8   0.2   1:26.20 nts	1696948260251
3067013 toao      20   0 8523988 301500 120276 R 205.9   0.2   1:26.58 nts	1696948260446
3067013 toao      20   0 8523988 301500 120276 R 200.0   0.2   1:27.61 nts	1696948260966
3067013 toao      20   0 8523988 301500 120276 R 200.0   0.2   1:27.99 nts	1696948261154
3067013 toao      20   0 9772180 596460 120516 R  1118   0.5   1:32.99 nts	1696948261673
3067013 toao      20   0 9772180 598264 120516 R  1159   0.5   1:35.17 nts	1696948261862
3067013 toao      20   0 9772180 599560 120516 R  1141   0.5   1:40.80 nts	1696948262376
3067013 toao      20   0 9772180 832208 120516 R  1550   0.6   1:44.06 nts	1696948262574
3067013 toao      20   0 9772180 833000 120516 R  1476   0.6   1:50.97 nts	1696948263081
3067013 toao      20   0 9772180 833000 120516 R  1494   0.6   1:54.06 nts	1696948263292
3067013 toao      20   0   13.4g 838644 120644 R 194.1   0.6   1:58.36 nts	1696948263783
3067013 toao      20   0   13.4g 840492 120644 R 200.0   0.6   1:58.79 nts	1696948263997
3067013 toao      20   0   13.4g 849996 120644 R 200.0   0.6   1:59.78 nts	1696948264487
3067013 toao      20   0   13.4g 853956 120644 R 200.0   0.6   2:00.21 nts	1696948264703
3067013 toao      20   0   13.4g 858972 120644 R 200.0   0.7   2:01.19 nts	1696948265196
3067013 toao      20   0   13.4g 864780 120644 R 211.8   0.7   2:01.63 nts	1696948265410
3067013 toao      20   0   13.5g 892500 120644 R 176.5   0.7   2:02.56 nts	1696948265904
3067013 toao      20   0   14.6g 925232 120644 R 316.7   0.7   2:03.17 nts	1696948266119
3067013 toao      20   0   14.6g   1.0g 120644 R 588.9   0.8   2:06.06 nts	1696948266613
3067013 toao      20   0   14.6g   1.0g 120644 R 594.1   0.8   2:07.23 nts	1696948266830
3067013 toao      20   0   14.6g   1.1g 120644 R 617.6   0.9   2:10.15 nts	1696948267332
3067013 toao      20   0   14.6g   1.2g 120644 R 605.9   0.9   2:11.40 nts	1696948267543
3067013 toao      20   0   14.6g   1.2g 120644 R 529.4   1.0   2:14.22 nts	1696948268054
3067013 toao      20   0   14.6g   1.3g 120644 R 472.2   1.0   2:15.23 nts	1696948268257
3067013 toao      20   0   14.6g   1.3g 120644 R 658.8   1.1   2:17.92 nts	1696948268766
3067013 toao      20   0   18.6g   1.3g 120644 R 264.7   1.1   2:18.52 nts	1696948268973
3067013 toao      20   0   18.6g   1.4g 120644 R 100.0   1.1   2:23.47 nts	1696948269478
3067013 toao      20   0   18.6g   1.4g 120644 R 100.0   1.1   2:23.68 nts	1696948269685
3067013 toao      20   0   18.6g   1.4g 120644 R 105.9   1.1   2:24.19 nts	1696948270189
3067013 toao      20   0   18.6g   1.4g 120644 R 100.0   1.1   2:24.41 nts	1696948270398
3067013 toao      20   0   18.6g   1.4g 120644 R  94.4   1.1   2:24.90 nts	1696948270896
3067013 toao      20   0   18.6g   1.4g 120644 R 100.0   1.1   2:25.12 nts	1696948271121
3067013 toao      20   0   18.6g   1.4g 120644 R  88.9   1.1   2:25.60 nts	1696948271609
3067013 toao      20   0   18.6g   1.4g 120644 R 111.8   1.1   2:25.84 nts	1696948271835
3067013 toao      20   0   18.6g   1.4g 120644 R 100.0   1.1   2:26.32 nts	1696948272321
3067013 toao      20   0   18.6g   1.4g 120644 R 100.0   1.1   2:26.54 nts	1696948272545
3067013 toao      20   0   18.6g   1.4g 120644 R 100.0   1.1   2:27.02 nts	1696948273033
3067013 toao      20   0   19.1g   1.6g 120644 R 105.9   1.3   2:27.25 nts	1696948273252
3067013 toao      20   0   19.1g   1.6g 120644 R 100.0   1.3   2:27.74 nts	1696948273738
3067013 toao      20   0   19.1g   1.6g 120644 R 100.0   1.3   2:27.95 nts	1696948273958
3067013 toao      20   0   19.1g   1.6g 120644 R 100.0   1.3   2:28.44 nts	1696948274446
3067013 toao      20   0   19.1g   1.6g 120644 R 100.0   1.3   2:28.65 nts	1696948274662
3067013 toao      20   0   19.1g   1.7g 120644 R 105.9   1.3   2:29.15 nts	1696948275153
3067013 toao      20   0   19.1g   1.7g 120644 R 105.9   1.3   2:29.36 nts	1696948275367
3067013 toao      20   0   19.1g   1.7g 120644 R 100.0   1.3   2:29.87 nts	1696948275862
3067013 toao      20   0   19.1g   1.7g 120644 R 100.0   1.3   2:30.06 nts	1696948276066
3067013 toao      20   0   19.1g   1.7g 120644 R 105.9   1.3   2:30.58 nts	1696948276582
3067013 toao      20   0   19.1g   1.7g 120644 R 100.0   1.3   2:30.77 nts	1696948276770
3067013 toao      20   0   19.1g   1.7g 120644 R 105.9   1.3   2:31.29 nts	1696948277292
3067013 toao      20   0   19.1g   1.7g 120644 R 100.0   1.3   2:31.47 nts	1696948277476
3067013 toao      20   0   19.1g   1.7g 120644 R  94.4   1.3   2:31.99 nts	1696948277999
3067013 toao      20   0   19.1g   1.7g 120644 R 100.0   1.3   2:32.17 nts	1696948278183
3067013 toao      20   0   19.1g   1.7g 120644 R 100.0   1.3   2:32.70 nts	1696948278706
3067013 toao      20   0   19.1g   1.7g 120644 R 100.0   1.3   2:32.88 nts	1696948278886
3067013 toao      20   0   19.1g   1.8g 120644 R 111.8   1.4   2:33.42 nts	1696948279414
3067013 toao      20   0   19.1g   1.8g 120644 R 100.0   1.4   2:33.59 nts	1696948279594
3067013 toao      20   0   19.1g   1.9g 120644 R 105.9   1.5   2:34.12 nts	1696948280124
3067013 toao      20   0   19.1g   1.9g 120644 R 106.2   1.5   2:34.29 nts	1696948280299
3067013 toao      20   0   19.1g   1.9g 120644 R 100.0   1.5   2:34.82 nts	1696948280833
3067013 toao      20   0   19.1g   1.9g 120644 R 100.0   1.5   2:34.99 nts	1696948281005
3067013 toao      20   0   19.1g   1.9g 120644 R 100.0   1.5   2:35.53 nts	1696948281537
3067013 toao      20   0   19.1g   1.9g 120644 R 106.2   1.5   2:35.70 nts	1696948281710
3067013 toao      20   0   19.1g   1.9g 120644 R 100.0   1.5   2:36.24 nts	1696948282240
3067013 toao      20   0   19.1g   1.9g 120644 R 100.0   1.5   2:36.41 nts	1696948282415
3067013 toao      20   0   19.1g   1.9g 120644 R 100.0   1.5   2:36.94 nts	1696948282956
3067013 toao      20   0   19.1g   1.9g 120644 R 105.9   1.5   2:37.12 nts	1696948283123
3067013 toao      20   0   19.1g   1.9g 120644 R 100.0   1.5   2:37.65 nts	1696948283663
3067013 toao      20   0   19.1g   1.9g 120644 R 100.0   1.5   2:37.82 nts	1696948283828
3067013 toao      20   0   19.1g   1.9g 120644 R 100.0   1.5   2:38.36 nts	1696948284370
3067013 toao      20   0   19.1g   1.9g 120644 R 105.9   1.5   2:38.53 nts	1696948284535
3067013 toao      20   0   19.1g   1.9g 120644 R 100.0   1.5   2:39.08 nts	1696948285078
3067013 toao      20   0   19.1g   1.9g 120644 R 100.0   1.5   2:39.23 nts	1696948285238
3067013 toao      20   0   19.1g   1.9g 120644 R 105.9   1.5   2:39.79 nts	1696948285793
3067013 toao      20   0   19.1g   1.9g 120644 R 100.0   1.5   2:39.94 nts	1696948285946
3067013 toao      20   0   19.2g   1.9g 123332 R  1294   1.5   2:42.52 nts	1696948286496
3067013 toao      20   0   27.7g   2.0g 203084 D  68.8   1.6   2:42.61 nts	1696948286651
3067013 toao      20   0   28.2g   2.1g 230012 R 100.0   1.7   2:42.85 nts	1696948287203
3067013 toao      20   0   28.3g   2.2g 251372 R 100.0   1.8   2:43.00 nts	1696948287356
3067013 toao      20   0   28.4g   2.3g 268608 R  76.5   1.8   2:43.20 nts	1696948287917
3067013 toao      20   0   28.5g   2.4g 284168 R  94.4   1.9   2:43.35 nts	1696948288067
3067013 toao      20   0   28.6g   2.5g 297080 R  38.9   2.0   2:43.54 nts	1696948288629
3067013 toao      20   0   28.7g   2.6g 312256 R 100.0   2.1   2:43.69 nts	1696948288784
3067013 toao      20   0   28.9g   2.7g 325388 R  11.8   2.2   2:43.88 nts	1696948289341
3067013 toao      20   0   29.0g   2.8g 333828 R 100.0   2.3   2:44.04 nts	1696948289494
3067013 toao      20   0   29.3g   3.1g 366340 D   5.9   2.5   2:44.37 nts	1696948290053
3067013 toao      20   0   29.3g   3.1g 372316 R  76.5   2.5   2:44.50 nts	1696948290210
3067013 toao      20   0   29.5g   3.3g 397832 D  29.4   2.6   2:44.76 nts	1696948290765
3067013 toao      20   0   29.6g   3.3g 415348 R  47.1   2.6   2:44.84 nts	1696948290926
3067013 toao      20   0   29.8g   3.5g 455024 D  47.1   2.8   2:45.19 nts	1696948291477
3067013 toao      20   0   29.9g   3.6g 456752 R  17.6   2.8   2:45.22 nts	1696948291640
3067013 toao      20   0   30.1g   3.8g 484660 R  35.3   3.0   2:45.58 nts	1696948292180
3067013 toao      20   0   30.1g   3.8g 486848 D  16.7   3.0   2:45.59 nts	1696948292348
3067013 toao      20   0   30.4g   4.0g 509908 D   0.0   3.2   2:45.93 nts	1696948292894
3067013 toao      20   0   30.5g   4.0g 514988 D  35.3   3.2   2:45.99 nts	1696948293062
3067013 toao      20   0   31.6g   4.6g   1.0g R 100.0   3.7   2:46.58 nts	1696948293609
3067013 toao      20   0   31.6g   4.6g   1.0g R  76.5   3.7   2:46.70 nts	1696948293776
3067013 toao      20   0   31.6g   4.6g   1.0g R 100.0   3.7   2:47.24 nts	1696948294321
3067013 toao      20   0   31.6g   4.6g   1.0g R  94.4   3.7   2:47.41 nts	1696948294489
3067013 toao      20   0   31.6g   4.6g   1.0g R 100.0   3.7   2:47.95 nts	1696948295032
3067013 toao      20   0   32.5g   5.0g   1.4g R 100.0   4.0   2:48.12 nts	1696948295201
3067013 toao      20   0   32.5g   5.6g   1.9g R 100.0   4.4   2:48.61 nts	1696948295739
3067013 toao      20   0   32.5g   5.6g   1.9g R 100.0   4.4   2:48.77 nts	1696948295910
3067013 toao      20   0   32.5g   5.6g   1.9g R 100.0   4.4   2:49.31 nts	1696948296446
3067013 toao      20   0   32.5g   5.6g   1.9g R  94.1   4.4   2:49.47 nts	1696948296614
3067013 toao      20   0   32.5g   5.6g   1.9g R 100.0   4.4   2:50.02 nts	1696948297153
3067013 toao      20   0   32.5g   5.6g   1.9g R 100.0   4.4   2:50.18 nts	1696948297318
3067013 toao      20   0   32.5g   5.6g   1.9g R 105.9   4.4   2:50.74 nts	1696948297861
3067013 toao      20   0   32.5g   5.6g   1.9g R 100.0   4.4   2:50.89 nts	1696948298024
3067013 toao      20   0   32.5g   5.6g   1.9g R 105.9   4.4   2:51.45 nts	1696948298572
3067013 toao      20   0   32.5g   5.6g   1.9g R 105.9   4.4   2:51.61 nts	1696948298731
3067013 toao      20   0   32.5g   5.6g   1.9g R 100.0   4.4   2:52.16 nts	1696948299282
3067013 toao      20   0   32.5g   5.6g   1.9g R 100.0   4.4   2:52.31 nts	1696948299440
3067013 toao      20   0   32.5g   5.6g   1.9g R 100.0   4.4   2:52.87 nts	1696948299998
3067013 toao      20   0   32.5g   5.6g   1.9g R 100.0   4.4   2:53.01 nts	1696948300146
3067013 toao      20   0   32.5g   5.6g   1.9g R 100.0   4.4   2:53.58 nts	1696948300707
3067013 toao      20   0   32.5g   5.6g   1.9g R  94.1   4.4   2:53.72 nts	1696948300854
3067013 toao      20   0   32.5g   5.6g   1.9g R 105.9   4.4   2:54.29 nts	1696948301416
3067013 toao      20   0   32.5g   5.6g   1.9g R 100.0   4.4   2:54.43 nts	1696948301562
3067013 toao      20   0   32.5g   5.6g   1.9g R 100.0   4.4   2:55.00 nts	1696948302123
3067013 toao      20   0   32.5g   5.6g   1.9g R 100.0   4.4   2:55.14 nts	1696948302269
3067013 toao      20   0   32.5g   5.6g   1.9g R 100.0   4.4   2:55.70 nts	1696948302834
3067013 toao      20   0   32.5g   5.6g   1.9g R 100.0   4.4   2:55.84 nts	1696948302974
3067013 toao      20   0   32.5g   5.6g   1.9g R 105.9   4.4   2:56.42 nts	1696948303542
3067013 toao      20   0   32.5g   5.6g   1.9g R 100.0   4.4   2:56.55 nts	1696948303678
3067013 toao      20   0   32.5g   5.6g   1.9g R 105.9   4.4   2:57.12 nts	1696948304249
3067013 toao      20   0   32.5g   5.6g   1.9g R 100.0   4.4   2:57.25 nts	1696948304387
3067013 toao      20   0   32.5g   5.6g   1.9g R  94.4   4.4   2:57.83 nts	1696948304958
3067013 toao      20   0   32.5g   5.6g   1.9g R 100.0   4.4   2:57.96 nts	1696948305093
3067013 toao      20   0   32.5g   5.6g   1.9g R 105.9   4.4   2:58.54 nts	1696948305668
3067013 toao      20   0   32.5g   5.6g   1.9g R 100.0   4.4   2:58.67 nts	1696948305799
3067013 toao      20   0   32.5g   5.6g   1.9g R 100.0   4.4   2:59.24 nts	1696948306375
3067013 toao      20   0   32.5g   5.6g   1.9g R 100.0   4.4   2:59.38 nts	1696948306507
3067013 toao      20   0   32.5g   5.6g   1.9g R  94.4   4.4   2:59.95 nts	1696948307078
3067013 toao      20   0   32.5g   5.6g   1.9g R 100.0   4.4   3:00.09 nts	1696948307214
3067013 toao      20   0   32.5g   5.6g   1.9g R 100.0   4.4   3:00.65 nts	1696948307786
3067013 toao      20   0   32.5g   5.6g   1.9g R 100.0   4.4   3:00.79 nts	1696948307925
3067013 toao      20   0   32.5g   5.6g   1.9g R 100.0   4.4   3:01.36 nts	1696948308492
3067013 toao      20   0   32.5g   5.6g   1.9g R 106.2   4.4   3:01.49 nts	1696948308630
3067013 toao      20   0   32.5g   5.6g   1.9g R 100.0   4.4   3:02.07 nts	1696948309197
3067013 toao      20   0   32.5g   5.6g   1.9g R 100.0   4.4   3:02.20 nts	1696948309335
3067013 toao      20   0   32.5g   5.6g   1.9g R 100.0   4.4   3:02.78 nts	1696948309909
3067013 toao      20   0   32.5g   5.6g   1.9g R 100.0   4.4   3:02.91 nts	1696948310037
3067013 toao      20   0   32.5g   5.6g   1.9g R 105.9   4.4   3:03.49 nts	1696948310614
3067013 toao      20   0   32.5g   5.6g   1.9g R  94.1   4.4   3:03.61 nts	1696948310745
3067013 toao      20   0   32.5g   5.6g   1.9g R 100.0   4.4   3:04.19 nts	1696948311321
3067013 toao      20   0   32.5g   5.6g   1.9g R 105.9   4.4   3:04.33 nts	1696948311455
3067013 toao      20   0   32.5g   5.6g   1.9g R 100.0   4.4   3:04.89 nts	1696948312025
3067013 toao      20   0   32.5g   5.6g   1.9g R 106.2   4.4   3:05.03 nts	1696948312160
3067013 toao      20   0   32.5g   5.6g   1.9g R 105.9   4.4   3:05.61 nts	1696948312731
3067013 toao      20   0   32.5g   5.6g   1.9g R 100.0   4.4   3:05.74 nts	1696948312867
3067013 toao      20   0   32.5g   5.6g   1.9g R 100.0   4.4   3:06.31 nts	1696948313440
3067013 toao      20   0   32.5g   5.6g   1.9g R 100.0   4.4   3:06.44 nts	1696948313576
3067013 toao      20   0   32.5g   5.6g   1.9g R 100.0   4.4   3:07.01 nts	1696948314147
3067013 toao      20   0   32.5g   5.6g   1.9g R 112.5   4.4   3:07.15 nts	1696948314280
3067013 toao      20   0   32.5g   5.6g   1.9g R 100.0   4.4   3:07.72 nts	1696948314850
3067013 toao      20   0   32.5g   5.6g   1.9g R 100.0   4.4   3:07.85 nts	1696948314984
3067013 toao      20   0   32.5g   5.6g   1.9g R 100.0   4.4   3:08.42 nts	1696948315554
3067013 toao      20   0   32.5g   5.6g   1.9g R  94.1   4.4   3:08.55 nts	1696948315690
3067013 toao      20   0   32.5g   5.6g   1.9g R 105.9   4.4   3:09.14 nts	1696948316262
3067013 toao      20   0   32.5g   5.6g   1.9g R  94.1   4.4   3:09.26 nts	1696948316394
3067013 toao      20   0   32.5g   5.6g   1.9g R 105.9   4.4   3:09.85 nts	1696948316974
3067013 toao      20   0   32.5g   5.6g   1.9g R 100.0   4.4   3:09.97 nts	1696948317103
3067013 toao      20   0   32.5g   5.6g   1.9g R 100.0   4.4   3:10.55 nts	1696948317681
3067013 toao      20   0   32.5g   5.6g   1.9g R 100.0   4.4   3:10.68 nts	1696948317810
3067013 toao      20   0   32.5g   5.6g   1.9g R 100.0   4.4   3:11.26 nts	1696948318388
3067013 toao      20   0   32.5g   5.6g   1.9g R 100.0   4.4   3:11.39 nts	1696948318519
3067013 toao      20   0   32.5g   5.6g   1.9g R 100.0   4.4   3:11.97 nts	1696948319094
3067013 toao      20   0   32.5g   5.6g   1.9g R 105.9   4.4   3:12.10 nts	1696948319223
3067013 toao      20   0   32.5g   5.6g   1.9g R 105.9   4.4   3:12.68 nts	1696948319803
3067013 toao      20   0   32.5g   5.6g   1.9g R  94.4   4.4   3:12.80 nts	1696948319929
3067013 toao      20   0   32.5g   5.6g   1.9g R 100.0   4.4   3:13.38 nts	1696948320511
3067013 toao      20   0   32.5g   5.6g   1.9g R 100.0   4.4   3:13.51 nts	1696948320635
3067013 toao      20   0   32.5g   5.6g   1.9g R 105.9   4.4   3:14.09 nts	1696948321216
3067013 toao      20   0   32.5g   5.6g   1.9g R  94.1   4.4   3:14.21 nts	1696948321343
3067013 toao      20   0   32.5g   5.6g   1.9g R 100.0   4.4   3:14.79 nts	1696948321922
3067013 toao      20   0   32.5g   5.6g   1.9g R 105.9   4.4   3:14.93 nts	1696948322051
3067013 toao      20   0   32.5g   5.6g   1.9g R 100.0   4.4   3:15.50 nts	1696948322630
3067013 toao      20   0   32.5g   5.6g   1.9g R 100.0   4.4   3:15.64 nts	1696948322765
3067013 toao      20   0   32.5g   5.6g   1.9g R 100.0   4.4   3:16.21 nts	1696948323334
3067013 toao      20   0   32.5g   5.6g   1.9g R 105.9   4.4   3:16.35 nts	1696948323472
3067013 toao      20   0   32.5g   5.6g   1.9g R 100.0   4.4   3:16.92 nts	1696948324043
3067013 toao      20   0   32.5g   5.6g   1.9g R 106.2   4.4   3:17.05 nts	1696948324180
3067013 toao      20   0   32.5g   5.6g   1.9g R 106.2   4.4   3:17.62 nts	1696948324750
3067013 toao      20   0   32.5g   5.6g   1.9g R  94.1   4.4   3:17.76 nts	1696948324886
3067013 toao      20   0   32.5g   5.6g   1.9g R 100.0   4.4   3:18.32 nts	1696948325452
3067013 toao      20   0   32.5g   5.6g   1.9g R 100.0   4.4   3:18.47 nts	1696948325596
3067013 toao      20   0   32.5g   5.6g   1.9g R 105.9   4.4   3:19.04 nts	1696948326157
3067013 toao      20   0   32.5g   5.6g   1.9g R 100.0   4.4   3:19.18 nts	1696948326303
3067013 toao      20   0   32.5g   5.6g   1.9g R 100.0   4.4   3:19.74 nts	1696948326866
3067013 toao      20   0   32.5g   5.6g   1.9g R  94.1   4.4   3:19.88 nts	1696948327012
3067013 toao      20   0   32.5g   5.6g   1.9g R 105.9   4.4   3:20.45 nts	1696948327571
3067013 toao      20   0   32.5g   5.6g   1.9g R  94.4   4.4   3:20.59 nts	1696948327720
3067013 toao      20   0   32.5g   5.6g   1.9g R 100.0   4.4   3:21.15 nts	1696948328277
3067013 toao      20   0   32.5g   5.6g   1.9g R 100.0   4.4   3:21.30 nts	1696948328427
3067013 toao      20   0   32.5g   5.6g   1.9g R  94.1   4.4   3:21.85 nts	1696948328982
3067013 toao      20   0   32.5g   5.6g   1.9g R 100.0   4.4   3:22.00 nts	1696948329132
3067013 toao      20   0   32.5g   5.6g   1.9g R 100.0   4.4   3:22.56 nts	1696948329691
3067013 toao      20   0   32.5g   5.6g   1.9g R 100.0   4.4   3:22.71 nts	1696948329840
3067013 toao      20   0   32.5g   5.6g   1.9g R 105.9   4.4   3:23.27 nts	1696948330397
3067013 toao      20   0   32.5g   5.6g   1.9g R 100.0   4.4   3:23.42 nts	1696948330547
3067013 toao      20   0   32.5g   5.6g   1.9g R 100.0   4.4   3:23.97 nts	1696948331101
3067013 toao      20   0   32.5g   5.6g   1.9g R 100.0   4.4   3:24.12 nts	1696948331255
3067013 toao      20   0   32.5g   5.6g   1.9g R 105.9   4.4   3:24.69 nts	1696948331811
3067013 toao      20   0   32.5g   5.6g   1.9g R 100.0   4.4   3:24.84 nts	1696948331961
3067013 toao      20   0   32.5g   5.6g   1.9g R 100.0   4.4   3:25.39 nts	1696948332519
3067013 toao      20   0   32.5g   5.6g   1.9g R 100.0   4.4   3:25.54 nts	1696948332670
3067013 toao      20   0   32.5g   5.6g   1.9g R 105.9   4.4   3:26.10 nts	1696948333226
3067013 toao      20   0   32.5g   5.6g   1.9g R 105.9   4.4   3:26.25 nts	1696948333376
3067013 toao      20   0   32.5g   5.6g   1.9g R 105.9   4.4   3:26.81 nts	1696948333935
3067013 toao      20   0   32.5g   5.6g   1.9g R 105.9   4.4   3:26.95 nts	1696948334079
3067013 toao      20   0   32.5g   5.6g   1.9g R 100.0   4.4   3:27.52 nts	1696948334641
3067013 toao      20   0   32.5g   5.6g   1.9g R 105.9   4.4   3:27.67 nts	1696948334782
3067013 toao      20   0   32.5g   5.6g   1.9g R 100.0   4.4   3:28.22 nts	1696948335348
3067013 toao      20   0   32.5g   5.6g   1.9g R 105.9   4.4   3:28.38 nts	1696948335495
3067013 toao      20   0   35.1g   5.6g   2.0g R  3871   4.5   3:38.41 nts	1696948336053
3067013 toao      20   0   35.2g   5.6g   2.0g R  3759   4.5   3:44.44 nts	1696948336219
3067013 toao      20   0   35.2g   5.6g   2.0g R  3829   4.5   4:04.20 nts	1696948336753
3067013 toao      20   0   35.2g   5.6g   2.0g R  3818   4.5   4:09.26 nts	1696948336905
3067013 toao      20   0   35.2g   5.6g   2.0g R  3565   4.5   4:28.24 nts	1696948337473
3067013 toao      20   0   35.2g   5.6g   2.0g R  2894   4.5   4:33.04 nts	1696948337602
3067013 toao      20   0   35.2g   5.6g   2.0g R  3729   4.5   4:53.03 nts	1696948338173
3067013 toao      20   0   35.2g   5.6g   2.0g R  3528   4.5   4:56.79 nts	1696948338301
3067013 toao      20   0   35.2g   5.6g   2.0g R  3729   4.5   5:17.02 nts	1696948338880
3067013 toao      20   0   35.2g   5.6g   2.0g R  3647   4.5   5:23.10 nts	1696948339015
3067013 toao      20   0   35.2g   5.6g   2.0g R  3765   4.5   5:43.11 nts	1696948339586
3067013 toao      20   0   35.2g   5.6g   2.0g R  3906   4.5   5:47.51 nts	1696948339716
3067013 toao      20   0   35.2g   5.6g   2.0g R  2676   4.5   6:07.70 nts	1696948340289
3067013 toao      20   0   35.2g   5.6g   2.0g R  3676   4.5   6:13.88 nts	1696948340429
3067013 toao      20   0   35.2g   5.6g   2.0g R  3812   4.5   6:31.85 nts	1696948340985
3067013 toao      20   0   35.2g   5.6g   2.0g R  3706   4.5   6:36.58 nts	1696948341125
3067013 toao      20   0   35.2g   5.6g   2.0g R  2947   4.5   6:55.63 nts	1696948341688
3067013 toao      20   0   35.2g   5.6g   2.0g R  3412   4.5   7:01.31 nts	1696948341822
3067013 toao      20   0   35.2g   5.6g   2.0g R  3224   4.5   7:20.42 nts	1696948342391
3067013 toao      20   0   35.2g   5.6g   2.0g R  3394   4.5   7:24.66 nts	1696948342523
3067013 toao      20   0   35.2g   5.6g   2.0g R  3212   4.5   7:45.60 nts	1696948343099
3067013 toao      20   0   35.2g   5.6g   2.0g R  3529   4.5   7:50.50 nts	1696948343222
3067013 toao      20   0   35.2g   5.6g   2.0g R  4050   4.5   8:10.63 nts	1696948343792
3067013 toao      20   0   35.2g   5.6g   2.0g R  3681   4.5   8:15.03 nts	1696948343923
3067013 toao      20   0   35.2g   5.6g   2.0g R  3512   4.5   8:35.53 nts	1696948344490
3067013 toao      20   0   35.2g   5.6g   2.0g R  2941   4.5   8:39.34 nts	1696948344615
3067013 toao      20   0   35.2g   5.6g   2.0g R  3171   4.5   9:00.52 nts	1696948345198
3067013 toao      20   0   35.2g   5.6g   2.0g R  3682   4.5   9:04.88 nts	1696948345318
3067013 toao      20   0   35.2g   5.6g   2.0g R  3847   4.5   9:26.59 nts	1696948345907
3067013 toao      20   0   35.2g   5.6g   2.0g R  3771   4.5   9:29.23 nts	1696948346004
3067013 toao      20   0   35.2g   5.6g   2.0g R  3718   4.5   9:49.93 nts	1696948346604
3067013 toao      20   0   35.2g   5.6g   2.0g R  3312   4.5   9:55.24 nts	1696948346714
3067013 toao      20   0   35.2g   5.6g   2.0g R  2924   4.5  10:14.84 nts	1696948347310
3067013 toao      20   0   35.2g   5.6g   2.0g R  3976   4.5  10:19.51 nts	1696948347418
3067013 toao      20   0   35.2g   5.6g   2.0g R  3759   4.5  10:39.19 nts	1696948348007
3067013 toao      20   0   35.2g   5.6g   2.0g R  3518   4.5  10:43.25 nts	1696948348128
3067013 toao      20   0   35.2g   5.6g   2.0g R  3771   4.5  11:03.09 nts	1696948348714
3067013 toao      20   0   35.2g   5.6g   2.0g R  3147   4.5  11:05.31 nts	1696948348824
3067013 toao      20   0   35.2g   5.6g   2.0g R  3471   4.5  11:27.78 nts	1696948349430
3067013 toao      20   0   35.2g   5.6g   2.0g R  3888   4.5  11:29.95 nts	1696948349521
3067013 toao      20   0   35.2g   5.6g   2.0g R  3535   4.5  11:50.63 nts	1696948350124
3067013 toao      20   0   35.2g   5.6g   2.0g R  3594   4.5  11:55.24 nts	1696948350227
3067013 toao      20   0   35.2g   5.6g   2.0g R  4081   4.5  12:17.49 nts	1696948350831
3067013 toao      20   0   35.2g   5.6g   2.0g R  3689   4.5  12:20.89 nts	1696948350932
3067013 toao      20   0   35.2g   5.6g   2.0g R  3447   4.5  12:40.84 nts	1696948351526
3067013 toao      20   0   35.2g   5.6g   2.0g R  3529   4.5  12:45.68 nts	1696948351655
3067013 toao      20   0   35.2g   5.6g   2.0g R  3694   4.5  13:07.13 nts	1696948352226
3067013 toao      20   0   35.2g   5.6g   2.0g R  3881   4.5  13:10.88 nts	1696948352354
3067013 toao      20   0   35.2g   5.6g   2.0g R  3488   4.5  13:32.97 nts	1696948352942
3067013 toao      20   0   35.2g   5.6g   2.0g R  3412   4.5  13:35.34 nts	1696948353046
3067013 toao      20   0   35.2g   5.6g   2.0g R  2924   4.5  13:55.53 nts	1696948353636
3067013 toao      20   0   35.2g   5.6g   2.0g R  3676   4.5  14:01.35 nts	1696948353756
3067013 toao      20   0   35.2g   5.6g   2.0g R  3212   4.5  14:20.69 nts	1696948354347
3067013 toao      20   0   35.2g   5.6g   2.0g R  3294   4.5  14:24.35 nts	1696948354450
3067013 toao      20   0   35.2g   5.6g   2.0g R  3759   4.5  14:47.41 nts	1696948355052
3067013 toao      20   0   35.2g   5.6g   2.0g R  3329   4.5  14:49.73 nts	1696948355162
3067013 toao      20   0   35.2g   5.6g   2.0g R  2947   4.5  15:12.10 nts	1696948355766
3067013 toao      20   0   35.2g   5.6g   2.0g R  2806   4.5  15:13.52 nts	1696948355858
3067013 toao      20   0   35.2g   5.6g   2.0g R  3241   4.5  15:35.33 nts	1696948356468
3067013 toao      20   0   35.2g   5.6g   2.0g R  3775   4.5  15:37.50 nts	1696948356552
3067013 toao      20   0   35.2g   5.6g   2.0g R  3641   4.5  15:59.50 nts	1696948357164
3067013 toao      20   0   35.2g   5.6g   2.0g R  3076   4.5  16:02.80 nts	1696948357257
3067013 toao      20   0   35.2g   5.6g   2.0g R  3571   4.5  16:24.42 nts	1696948357864
3067013 toao      20   0   35.2g   5.6g   2.0g R  4024   4.5  16:28.99 nts	1696948357969
3067013 toao      20   0   35.2g   5.6g   2.0g R  3741   4.5  16:49.25 nts	1696948358564
3067013 toao      20   0   35.2g   5.6g   2.0g R  2959   4.5  16:52.23 nts	1696948358673
3067013 toao      20   0   35.2g   5.6g   2.0g R  3417   4.5  17:13.73 nts	1696948359267
3067013 toao      20   0   35.2g   5.6g   2.0g R  3512   4.5  17:16.99 nts	1696948359369
3067013 toao      20   0   35.2g   5.6g   2.0g R  3265   4.5  17:37.28 nts	1696948359979
3067013 toao      20   0   35.2g   5.6g   2.0g R  3706   4.5  17:41.66 nts	1696948360082
3067013 toao      20   0   35.2g   5.6g   2.0g R  3282   4.5  18:02.83 nts	1696948360686
3067013 toao      20   0   35.2g   5.6g   2.0g R  4071   4.5  18:06.24 nts	1696948360781
3067013 toao      20   0   35.2g   5.6g   2.0g R  3747   4.5  18:26.32 nts	1696948361385
3067013 toao      20   0   35.2g   5.6g   2.0g R  3694   4.5  18:31.28 nts	1696948361503
3067013 toao      20   0   35.2g   5.6g   2.0g R  3788   4.5  18:52.94 nts	1696948362098
3067013 toao      20   0   35.2g   5.6g   2.0g R  3776   4.5  18:56.27 nts	1696948362206
3067013 toao      20   0   35.2g   5.6g   2.0g R  3565   4.5  19:16.80 nts	1696948362797
3067013 toao      20   0   35.2g   5.6g   2.0g R  3847   4.5  19:21.72 nts	1696948362914
3067013 toao      20   0   35.2g   5.6g   2.0g R  4094   4.5  19:43.31 nts	1696948363493
3067013 toao      20   0   35.2g   5.6g   2.0g R  4129   4.5  19:48.78 nts	1696948363615
3067013 toao      20   0   35.2g   5.6g   2.0g S  3925   4.5  20:09.84 nts	1696948364204
3067013 toao      20   0   35.2g   5.6g   2.0g R  3935   4.5  20:15.20 nts	1696948364322
3067013 toao      20   0   35.2g   5.6g   2.0g R  3435   4.5  20:34.39 nts	1696948364892
3067013 toao      20   0   35.2g   5.6g   2.0g R  4106   4.5  20:39.50 nts	1696948365030
3067013 toao      20   0   35.2g   5.6g   2.0g R  4075   4.5  21:01.37 nts	1696948365605
3067013 toao      20   0   35.2g   5.6g   2.0g S  4112   4.5  21:06.62 nts	1696948365732
3067013 toao      20   0   35.2g   5.6g   2.0g R  4135   4.5  21:29.56 nts	1696948366312
3067013 toao      20   0   35.2g   5.6g   2.0g S  3947   4.5  21:33.45 nts	1696948366436
3067013 toao      20   0   35.2g   5.6g   2.0g R  3853   4.5  21:54.21 nts	1696948367015
3067013 toao      20   0   35.2g   5.6g   2.0g R  4112   4.5  21:59.30 nts	1696948367141
3067013 toao      20   0   35.2g   5.6g   2.0g R  3661   4.5  22:22.04 nts	1696948367727
3067013 toao      20   0   35.2g   5.6g   2.0g R  3676   4.5  22:26.46 nts	1696948367846
3067013 toao      20   0   35.2g   5.6g   2.0g R  3265   4.5  22:48.28 nts	1696948368442
3067013 toao      20   0   35.2g   5.6g   2.0g R  3688   4.5  22:52.72 nts	1696948368549
3067013 toao      20   0   35.2g   5.6g   2.0g R  3606   4.5  23:15.41 nts	1696948369142
3067013 toao      20   0   35.2g   5.6g   2.0g R  4244   4.5  23:20.26 nts	1696948369251
3067013 toao      20   0   35.2g   5.6g   2.0g R  3194   4.5  23:41.70 nts	1696948369848
3067013 toao      20   0   35.2g   5.6g   2.0g S  2735   4.5  23:45.24 nts	1696948369966
3067013 toao      20   0   35.2g   5.6g   2.0g R  3619   4.5  24:08.42 nts	1696948370551
3067013 toao      20   0   35.2g   5.6g   2.0g S  3518   4.5  24:12.79 nts	1696948370654
3067013 toao      20   0   35.2g   5.6g   2.0g R  3765   4.5  24:35.98 nts	1696948371256
3067013 toao      20   0   35.2g   5.6g   2.0g S  2847   4.5  24:39.61 nts	1696948371365
3067013 toao      20   0   35.2g   5.6g   2.0g S  3659   4.5  25:03.15 nts	1696948371962
3067013 toao      20   0   35.2g   5.6g   2.0g R  3547   4.5  25:06.88 nts	1696948372062
3067013 toao      20   0   35.2g   5.6g   2.0g S  4525   4.5  25:30.42 nts	1696948372661
3067013 toao      20   0   35.2g   5.6g   2.0g R  4194   4.5  25:33.65 nts	1696948372760
3067013 toao      20   0   35.2g   5.6g   2.0g R  4547   4.5  25:58.30 nts	1696948373354
3067013 toao      20   0   35.2g   5.6g   2.0g R  4012   4.5  26:01.09 nts	1696948373458
3067013 toao      20   0   35.2g   5.6g   2.0g R  4244   4.5  26:25.00 nts	1696948374057
3067013 toao      20   0   35.2g   5.6g   2.0g R  3965   4.5  26:28.14 nts	1696948374158
3067013 toao      20   0   35.2g   5.6g   2.0g S  4112   4.5  26:51.81 nts	1696948374766
3067013 toao      20   0   35.2g   5.6g   2.0g R  3882   4.5  26:55.06 nts	1696948374869
3067013 toao      20   0   35.2g   5.6g   2.0g R  3871   4.5  27:17.46 nts	1696948375469
3067013 toao      20   0   35.2g   5.6g   2.0g R  4112   4.5  27:20.80 nts	1696948375568
3067013 toao      20   0   35.2g   5.6g   2.0g R  3183   4.5  27:41.97 nts	1696948376175
3067013 toao      20   0   35.2g   5.6g   2.0g S  3506   4.5  27:45.21 nts	1696948376269
3067013 toao      20   0   35.2g   5.6g   2.0g R  4076   4.5  28:08.08 nts	1696948376882
3067013 toao      20   0   35.2g   5.6g   2.0g R  3911   4.5  28:12.12 nts	1696948376977
3067013 toao      20   0   35.2g   5.6g   2.0g R  3565   4.5  28:33.80 nts	1696948377595
3067013 toao      20   0   35.2g   5.6g   2.0g S  3775   4.5  28:38.93 nts	1696948377700
3067013 toao      20   0   35.2g   5.6g   2.0g R  4329   4.5  29:00.69 nts	1696948378298
3067013 toao      20   0   35.2g   5.6g   2.0g R  4147   4.5  29:03.40 nts	1696948378396
3067013 toao      20   0   35.2g   5.6g   2.0g R  3612   4.5  29:25.33 nts	1696948378995
3067013 toao      20   0   35.2g   5.6g   2.0g S  3688   4.5  29:28.56 nts	1696948379097
3067013 toao      20   0   35.2g   5.6g   2.0g R  3941   4.5  29:51.67 nts	1696948379703
3067013 toao      20   0   35.2g   5.6g   2.0g R  3553   4.5  29:54.58 nts	1696948379802
3067013 toao      20   0   35.2g   5.6g   2.0g R  3461   4.5  30:17.79 nts	1696948380419
3067013 toao      20   0   35.2g   5.6g   2.0g S  3447   4.5  30:21.67 nts	1696948380518
3067013 toao      20   0   35.2g   5.6g   2.0g R  3847   4.5  30:44.70 nts	1696948381139
3067013 toao      20   0   35.2g   5.6g   2.0g S  3761   4.5  30:48.99 nts	1696948381218
3067013 toao      20   0   35.2g   5.6g   2.0g R  4100   4.5  31:12.70 nts	1696948381845
3067013 toao      20   0   35.2g   5.6g   2.0g S  3988   4.5  31:15.96 nts	1696948381919
3067013 toao      20   0   35.2g   5.6g   2.0g S  3253   4.5  31:37.20 nts	1696948382559
3067013 toao      20   0   35.2g   5.6g   2.0g R  3659   4.5  31:39.43 nts	1696948382616
3067013 toao      20   0   35.2g   5.6g   2.0g R  3882   4.5  32:03.43 nts	1696948383260
3067013 toao      20   0   35.2g   5.6g   2.0g S  3806   4.5  32:06.49 nts	1696948383319
3067013 toao      20   0   35.2g   5.6g   2.0g R  3488   4.5  32:29.67 nts	1696948383968
3067013 toao      20   0   35.2g   5.6g   2.0g S  3541   4.5  32:32.82 nts	1696948384024
3067013 toao      20   0   35.2g   5.6g   2.0g S  3447   4.5  32:56.19 nts	1696948384672
3067013 toao      20   0   35.2g   5.6g   2.0g R  3912   4.5  32:58.03 nts	1696948384730
3067013 toao      20   0   35.2g   5.6g   2.0g S  3512   4.5  33:24.63 nts	1696948385380
3067013 toao      20   0   35.2g   5.6g   2.0g R  3771   4.5  33:26.46 nts	1696948385439
3067013 toao      20   0   35.2g   5.6g   2.0g R  3765   4.5  33:50.25 nts	1696948386085
3067013 toao      20   0   35.2g   5.6g   2.0g R  3388   4.5  33:52.22 nts	1696948386152
3067013 toao      20   0   35.2g   5.6g   2.0g R  3976   4.5  34:16.57 nts	1696948386785
3067013 toao      20   0   35.2g   5.6g   2.0g S  3661   4.5  34:20.08 nts	1696948386858
3067013 toao      20   0   35.2g   5.6g   2.0g S  3750   4.5  34:43.08 nts	1696948387484
3067013 toao      20   0   35.2g   5.6g   2.0g R  4550   4.5  34:46.35 nts	1696948387561
3067013 toao      20   0   35.2g   5.6g   2.0g R  4581   4.5  35:10.62 nts	1696948388183
3067013 toao      20   0   35.2g   5.6g   2.0g S  4112   4.5  35:13.89 nts	1696948388283
3067013 toao      20   0   35.2g   5.6g   2.0g S  3800   4.5  35:37.55 nts	1696948388878
3067013 toao      20   0   35.2g   5.6g   2.0g R  4082   4.5  35:40.87 nts	1696948388985
3067013 toao      20   0   35.2g   5.6g   2.0g R  3853   4.5  36:04.09 nts	1696948389581
3067013 toao      20   0   35.2g   5.6g   2.0g R  3482   4.5  36:06.31 nts	1696948389695
3067013 toao      20   0   35.2g   5.6g   2.0g S  3824   4.5  36:26.80 nts	1696948390294
3067013 toao      20   0   35.2g   5.6g   2.0g S  3618   4.5  36:30.70 nts	1696948390389
3067013 toao      20   0   35.2g   5.6g   2.0g R  3638   4.5  36:49.87 nts	1696948390992
3067013 toao      20   0   35.2g   5.6g   2.0g S  3776   4.5  36:54.78 nts	1696948391097
3067013 toao      20   0   35.2g   5.6g   2.0g R  3741   4.5  37:16.77 nts	1696948391690
3067013 toao      20   0   35.2g   5.6g   2.0g R  3853   4.5  37:20.51 nts	1696948391818
3067013 toao      20   0   35.2g   5.6g   2.0g R  3988   4.5  37:41.03 nts	1696948392377
3067013 toao      20   0   35.2g   5.6g   2.0g R  4412   4.5  37:47.45 nts	1696948392526
3067013 toao      20   0   35.2g   5.6g   2.0g R  3794   4.5  38:09.30 nts	1696948393080
3067013 toao      20   0   35.2g   5.6g   2.0g R  3683   4.5  38:14.67 nts	1696948393228
3067013 toao      20   0   35.2g   5.6g   2.0g S  2753   4.5  38:33.61 nts	1696948393792
3067013 toao      20   0   35.2g   5.6g   2.0g S  3600   4.5  38:39.64 nts	1696948393936
3067013 toao      20   0   91.1g   5.7g   2.0g S 776.5   4.6  38:54.25 nts	1696948394493
3067013 toao      20   0   91.1g   5.7g   2.0g S 605.9   4.6  38:55.06 nts	1696948394637
3067013 toao      20   0   91.3g   5.7g   2.0g S 747.1   4.6  38:57.11 nts	1696948395203
3067013 toao      20   0   91.3g   5.8g   2.0g S 717.6   4.6  38:58.18 nts	1696948395350
3067013 toao      20   0   91.4g   5.8g   2.1g S 582.4   4.6  38:59.89 nts	1696948395910
3067013 toao      20   0   91.4g   5.8g   2.1g S 806.2   4.6  39:01.01 nts	1696948396059
3067013 toao      20   0   91.2g   5.8g   2.1g S 329.4   4.6  39:02.59 nts	1696948396617
3067013 toao      20   0   91.4g   5.8g   2.1g S 723.5   4.6  39:03.66 nts	1696948396766
3067013 toao      20   0   91.4g   5.8g   2.1g S 122.2   4.6  39:05.36 nts	1696948397327
3067013 toao      20   0   91.4g   5.8g   2.1g S 764.7   4.6  39:06.44 nts	1696948397471
3067013 toao      20   0   91.2g   5.8g   2.1g S 100.0   4.7  39:08.30 nts	1696948398038
3067013 toao      20   0   91.5g   5.9g   2.1g S 576.5   4.7  39:09.28 nts	1696948398179
3067013 toao      20   0   91.3g   5.9g   2.1g S 264.7   4.7  39:11.40 nts	1696948398749
3067013 toao      20   0   91.5g   5.9g   2.2g S 394.1   4.7  39:12.07 nts	1696948398892
3067013 toao      20   0   91.3g   5.9g   2.2g S 335.3   4.7  39:14.53 nts	1696948399452
3067013 toao      20   0   91.6g   5.9g   2.2g S 144.4   4.7  39:14.79 nts	1696948399599
3067013 toao      20   0   91.3g   5.9g   2.2g S 335.3   4.7  39:17.60 nts	1696948400160
3067013 toao      20   0   91.3g   5.9g   2.2g S  88.9   4.7  39:17.60 nts	1696948400308
3067013 toao      20   0   91.7g   5.9g   2.2g S 152.9   4.7  39:20.40 nts	1696948400873
3067013 toao      20   0   91.4g   5.9g   2.2g S 358.8   4.7  39:20.76 nts	1696948401021
3067013 toao      20   0   91.4g   6.0g   2.2g S  94.1   4.8  39:23.30 nts	1696948401584
3067013 toao      20   0   91.4g   6.0g   2.2g S 335.3   4.8  39:23.87 nts	1696948401733
3067013 toao      20   0   91.4g   6.0g   2.3g S 352.9   4.8  39:26.38 nts	1696948402294
3067013 toao      20   0   91.7g   6.0g   2.3g S 341.2   4.8  39:26.96 nts	1696948402441
3067013 toao      20   0   91.5g   6.0g   2.3g S 576.5   4.8  39:29.46 nts	1696948402998
3067013 toao      20   0   91.8g   6.0g   2.3g S 176.5   4.8  39:29.76 nts	1696948403151
3067013 toao      20   0   91.6g   6.0g   2.3g S 766.7   4.8  39:32.64 nts	1696948403707
3067013 toao      20   0   91.5g   6.0g   2.3g S  72.2   4.8  39:32.64 nts	1696948403868
3067013 toao      20   0   91.8g   6.1g   2.3g S 758.8   4.8  39:35.39 nts	1696948404421
3067013 toao      20   0   91.6g   6.1g   2.3g S 305.9   4.8  39:35.87 nts	1696948404581
3067013 toao      20   0   91.9g   6.1g   2.3g S 829.4   4.8  39:38.09 nts	1696948405130
3067013 toao      20   0   91.6g   6.1g   2.4g S 664.7   4.8  39:39.09 nts	1696948405295
3067013 toao      20   0   91.9g   6.1g   2.4g S 641.2   4.9  39:40.85 nts	1696948405844
3067013 toao      20   0   91.9g   6.1g   2.4g S 776.5   4.9  39:42.05 nts	1696948406006
3067013 toao      20   0   91.9g   6.1g   2.4g S 376.5   4.9  39:43.64 nts	1696948406557
3067013 toao      20   0   92.0g   6.1g   2.4g S 823.5   4.9  39:44.92 nts	1696948406719
3067013 toao      20   0   92.0g   6.1g   2.4g S  88.9   4.9  39:46.42 nts	1696948407269
3067013 toao      20   0   92.0g   6.1g   2.4g S 841.2   4.9  39:47.71 nts	1696948407430
3067013 toao      20   0   91.7g   6.2g   2.4g S 111.1   4.9  39:49.56 nts	1696948407981
3067013 toao      20   0   92.0g   6.2g   2.4g S 570.6   4.9  39:50.53 nts	1696948408142
3067013 toao      20   0   91.8g   6.2g   2.5g S 417.6   4.9  39:52.74 nts	1696948408700
3067013 toao      20   0   92.1g   6.2g   2.5g S 335.3   4.9  39:53.31 nts	1696948408850
3067013 toao      20   0   91.8g   6.2g   2.5g S 523.5   4.9  39:55.90 nts	1696948409406
3067013 toao      20   0   92.1g   6.2g   2.5g S 105.9   4.9  39:56.08 nts	1696948409561
3067013 toao      20   0   92.1g   6.2g   2.5g S 423.5   5.0  39:58.89 nts	1696948410110
3067013 toao      20   0   91.9g   6.2g   2.5g S 152.9   5.0  39:59.03 nts	1696948410268
3067013 toao      20   0   92.2g   6.3g   2.5g S 216.7   5.0  40:01.64 nts	1696948410820
3067013 toao      20   0   91.9g   6.3g   2.5g S 364.7   5.0  40:02.11 nts	1696948410975
3067013 toao      20   0   91.9g   6.3g   2.5g S  58.8   5.0  40:04.41 nts	1696948411528
3067013 toao      20   0   91.9g   6.3g   2.6g S 505.9   5.0  40:05.27 nts	1696948411684
3067013 toao      20   0   92.0g   6.3g   2.6g S 247.1   5.0  40:07.52 nts	1696948412235
3067013 toao      20   0   92.3g   6.3g   2.6g S 476.5   5.0  40:08.33 nts	1696948412394
3067013 toao      20   0   92.0g   6.3g   2.6g S 447.1   5.0  40:10.63 nts	1696948412942
3067013 toao      20   0   92.3g   6.3g   2.6g S 276.5   5.0  40:11.10 nts	1696948413106
3067013 toao      20   0   92.2g   6.4g   2.6g S 723.5   5.1  40:13.74 nts	1696948413651
3067013 toao      20   0   92.1g   6.4g   2.6g S  17.6   5.1  40:13.75 nts	1696948413816
3067013 toao      20   0   92.2g   6.4g   2.6g S 700.0   5.1  40:16.59 nts	1696948414355
3067013 toao      20   0   92.1g   6.4g   2.6g S 188.2   5.1  40:16.87 nts	1696948414523
3067013 toao      20   0   92.4g   6.4g   2.7g S 700.0   5.1  40:19.33 nts	1696948415075
3067013 toao      20   0   92.2g   6.4g   2.7g S 417.6   5.1  40:19.98 nts	1696948415236
3067013 toao      20   0   92.5g   6.4g   2.7g S 752.9   5.1  40:22.12 nts	1696948415780
3067013 toao      20   0   92.2g   6.4g   2.7g S 652.9   5.1  40:23.12 nts	1696948415943
3067013 toao      20   0   92.5g   6.4g   2.7g S 572.2   5.1  40:25.18 nts	1696948416486
3067013 toao      20   0   92.5g   6.5g   2.7g S 811.8   5.1  40:26.55 nts	1696948416652
3067013 toao      20   0   92.5g   6.5g   2.7g S 288.9   5.1  40:28.06 nts	1696948417199
3067013 toao      20   0   92.6g   6.5g   2.7g S 722.2   5.2  40:29.32 nts	1696948417369
3067013 toao      20   0   92.6g   6.5g   2.7g S 164.7   5.2  40:30.87 nts	1696948417911
3067013 toao      20   0   92.6g   6.5g   2.8g S 794.1   5.2  40:32.13 nts	1696948418078
3067013 toao      20   0   92.4g   6.5g   2.8g S  94.1   5.2  40:33.72 nts	1696948418624
3067013 toao      20   0   92.5g   6.5g   2.8g S 670.6   5.2  40:34.86 nts	1696948418789
3067013 toao      20   0   92.4g   6.5g   2.8g S 270.6   5.2  40:36.88 nts	1696948419332
3067013 toao      20   0   92.7g   6.5g   2.8g S 429.4   5.2  40:37.61 nts	1696948419495
3067013 toao      20   0   92.4g   6.6g   2.8g S 311.1   5.2  40:40.03 nts	1696948420040
3067013 toao      20   0   92.7g   6.6g   2.8g S 247.1   5.2  40:40.45 nts	1696948420202
3067013 toao      20   0   92.5g   6.6g   2.8g S 347.1   5.3  40:43.14 nts	1696948420746
3067013 toao      20   0   92.5g   6.6g   2.8g S   0.0   5.3  40:43.14 nts	1696948420911
3067013 toao      20   0   97.5g   6.6g   2.9g S 194.1   5.3  40:45.91 nts	1696948421456
3067013 toao      20   0   97.3g   6.6g   2.9g S 288.9   5.3  40:46.37 nts	1696948421619
3067013 toao      20   0   97.3g   6.6g   2.9g S 176.5   5.3  40:49.16 nts	1696948422163
3067013 toao      20   0   97.3g   6.6g   2.9g S 335.3   5.3  40:49.73 nts	1696948422330
3067013 toao      20   0   97.4g   6.7g   2.9g S 335.3   5.3  40:52.27 nts	1696948422871
3067013 toao      20   0   97.4g   6.7g   2.9g S 329.4   5.3  40:52.83 nts	1696948423046
3067013 toao      20   0   97.4g   6.7g   2.9g S 612.5   5.3  40:55.41 nts	1696948423580
3067013 toao      20   0   97.7g   6.7g   2.9g S 252.9   5.3  40:55.84 nts	1696948423753
3067013 toao      20   0   97.7g   6.7g   3.0g S 788.2   5.4  40:58.58 nts	1696948424286
3067013 toao      20   0   97.4g   6.7g   3.0g S  11.8   5.4  40:58.60 nts	1696948424464
3067013 toao      20   0   97.7g   6.7g   3.0g S 782.4   5.4  41:01.26 nts	1696948424996
3067013 toao      20   0   97.5g   6.7g   3.0g S 247.1   5.4  41:01.71 nts	1696948425173
3067013 toao      20   0   97.7g   6.8g   3.0g S 747.1   5.4  41:04.01 nts	1696948425704
3067013 toao      20   0   97.5g   6.8g   3.0g S 416.7   5.4  41:04.85 nts	1696948425880
3067013 toao      20   0   97.8g   6.8g   3.0g S 794.1   5.4  41:06.83 nts	1696948426411
3067013 toao      20   0   97.5g   6.8g   3.0g S 616.7   5.4  41:07.98 nts	1696948426589
3067013 toao      20   0   97.8g   6.8g   3.1g S 572.2   5.4  41:09.59 nts	1696948427119
3067013 toao      20   0   97.9g   6.8g   3.1g S 729.4   5.4  41:10.95 nts	1696948427304
3067013 toao      20   0   97.9g   6.8g   3.1g S 241.2   5.4  41:12.12 nts	1696948427828
3067013 toao      20   0   97.9g   6.8g   3.1g S 782.4   5.4  41:13.53 nts	1696948428012
3067013 toao      20   0   97.6g   6.8g   3.1g S  23.5   5.5  41:14.90 nts	1696948428535
3067013 toao      20   0   97.9g   6.9g   3.1g S 735.3   5.5  41:16.28 nts	1696948428717
3067013 toao      20   0   97.7g   6.9g   3.1g S 229.4   5.5  41:18.02 nts	1696948429239
3067013 toao      20   0   98.0g   6.9g   3.1g S 588.2   5.5  41:19.02 nts	1696948429422
3067013 toao      20   0   97.7g   6.9g   3.1g S 341.2   5.5  41:21.17 nts	1696948429953
3067013 toao      20   0   98.0g   6.9g   3.2g S 358.8   5.5  41:21.78 nts	1696948430134
3067013 toao      20   0   97.8g   6.9g   3.2g S 347.1   5.5  41:24.30 nts	1696948430658
3067013 toao      20   0   98.1g   6.9g   3.2g S 117.6   5.5  41:24.50 nts	1696948430840
3067013 toao      20   0   98.1g   6.9g   3.2g S 158.8   5.5  41:27.15 nts	1696948431364
3067013 toao      20   0   97.8g   6.9g   3.2g S 152.9   5.5  41:27.44 nts	1696948431547
3067013 toao      20   0   97.9g   7.0g   3.2g S  17.6   5.5  41:29.95 nts	1696948432073
3067013 toao      20   0   97.9g   7.0g   3.2g S 341.2   5.6  41:30.53 nts	1696948432251
3067013 toao      20   0   97.9g   7.0g   3.2g S 252.9   5.6  41:33.03 nts	1696948432784
3067013 toao      20   0   97.9g   7.0g   3.2g S 341.2   5.6  41:33.61 nts	1696948432959
3067013 toao      20   0   97.9g   7.0g   3.3g S 488.2   5.6  41:36.18 nts	1696948433489
3067013 toao      20   0   98.2g   7.0g   3.3g S 288.2   5.6  41:36.67 nts	1696948433664
3067013 toao      20   0   98.0g   7.0g   3.3g S 741.2   5.6  41:39.29 nts	1696948434195
3067013 toao      20   0   98.3g   7.0g   3.3g S  82.4   5.6  41:39.43 nts	1696948434374
3067013 toao      20   0   98.3g   7.1g   3.3g S 776.5   5.6  41:42.11 nts	1696948434899
3067013 toao      20   0   98.0g   7.1g   3.3g S 170.6   5.6  41:42.44 nts	1696948435083
3067013 toao      20   0   98.3g   7.1g   3.3g S 705.9   5.6  41:44.77 nts	1696948435607
3067013 toao      20   0   98.1g   7.1g   3.3g S 417.6   5.6  41:45.52 nts	1696948435787
3067013 toao      20   0   98.1g   7.1g   3.4g S 747.1   5.7  41:47.54 nts	1696948436315
3067013 toao      20   0   98.1g   7.1g   3.4g S 623.5   5.7  41:48.69 nts	1696948436494
3067013 toao      20   0   98.4g   7.1g   3.4g S 664.7   5.7  41:50.37 nts	1696948437024
3067013 toao      20   0   98.4g   7.1g   3.4g S 776.5   5.7  41:51.71 nts	1696948437205
3067013 toao      20   0   98.4g   7.1g   3.4g S 447.1   5.7  41:53.12 nts	1696948437733
3067013 toao      20   0   98.5g   7.2g   3.4g S 729.4   5.7  41:54.45 nts	1696948437916
3067013 toao      20   0   98.5g   7.2g   3.4g S 247.1   5.7  41:55.86 nts	1696948438441
3067013 toao      20   0   98.5g   7.2g   3.4g S 752.9   5.7  41:57.15 nts	1696948438622
3067013 toao      20   0   98.5g   7.2g   3.4g S  55.6   5.7  41:58.62 nts	1696948439148
3067013 toao      20   0   98.5g   7.2g   3.5g S 717.6   5.7  41:59.89 nts	1696948439327
3067013 toao      20   0   98.3g   7.2g   3.5g S 147.1   5.7  42:01.69 nts	1696948439861
3067013 toao      20   0   98.6g   7.2g   3.5g S 576.5   5.8  42:02.67 nts	1696948440035
3067013 toao      20   0   98.3g   7.2g   3.5g S 347.1   5.8  42:04.79 nts	1696948440576
3067013 toao      20   0   98.6g   7.2g   3.5g S 370.6   5.8  42:05.42 nts	1696948440743
3067013 toao      20   0   98.4g   7.3g   3.5g S 347.1   5.8  42:07.85 nts	1696948441284
3067013 toao      20   0   98.6g   7.3g   3.5g S 182.4   5.8  42:08.16 nts	1696948441451
3067013 toao      20   0   98.7g   7.3g   3.5g S 258.8   5.8  42:10.83 nts	1696948441988
3067013 toao      20   0   98.4g   7.3g   3.5g S  76.5   5.8  42:10.96 nts	1696948442159
3067013 toao      20   0   98.7g   7.3g   3.6g S  70.6   5.8  42:13.60 nts	1696948442694
3067013 toao      20   0   98.5g   7.3g   3.6g S 264.7   5.8  42:14.05 nts	1696948442867
3067013 toao      20   0   98.5g   7.3g   3.6g S 164.7   5.8  42:16.59 nts	1696948443404
3067013 toao      20   0   98.5g   7.3g   3.6g S 341.2   5.8  42:17.17 nts	1696948443576
3067013 toao      20   0   98.5g   7.4g   3.6g S 417.6   5.9  42:19.76 nts	1696948444112
3067013 toao      20   0   98.5g   7.4g   3.6g S 341.2   5.9  42:20.34 nts	1696948444286
3067013 toao      20   0   98.6g   7.4g   3.6g S 588.9   5.9  42:22.89 nts	1696948444819
3067013 toao      20   0   98.6g   7.4g   3.6g S 161.1   5.9  42:23.18 nts	1696948444996
3067013 toao      20   0   98.9g   7.4g   3.7g S 764.7   5.9  42:25.89 nts	1696948445528
3067013 toao      20   0   98.6g   7.4g   3.7g S  29.4   5.9  42:26.01 nts	1696948445708
3067013 toao      20   0   99.0g   7.4g   3.7g S 800.0   5.9  42:28.71 nts	1696948446237
3067013 toao      20   0   98.7g   7.4g   3.7g S 247.1   5.9  42:29.14 nts	1696948446416
3067013 toao      20   0   99.0g   7.5g   3.7g S 747.1   5.9  42:31.49 nts	1696948446954
3067013 toao      20   0   98.8g   7.5g   3.7g S 447.1   6.0  42:32.24 nts	1696948447127
3067013 toao      20   0   98.8g   7.5g   3.7g S 670.6   6.0  42:34.13 nts	1696948447667
3067013 toao      20   0  103.0g   7.5g   3.7g S 629.4   6.0  42:35.19 nts	1696948447833
3067013 toao      20   0  103.3g   7.5g   3.7g S 633.3   6.0  42:36.95 nts	1696948448374
3067013 toao      20   0  103.3g   7.5g   3.8g S 741.2   6.0  42:38.15 nts	1696948448541
3067013 toao      20   0  103.3g   7.5g   3.8g S 458.8   6.0  42:39.77 nts	1696948449087
3067013 toao      20   0  103.3g   7.5g   3.8g S 741.2   6.0  42:41.00 nts	1696948449252
3067013 toao      20   0  103.4g   7.6g   3.8g S 241.2   6.0  42:42.60 nts	1696948449795
3067013 toao      20   0  103.4g   7.6g   3.8g S 735.3   6.0  42:43.77 nts	1696948449959
3067013 toao      20   0  103.1g   7.6g   3.8g S   5.9   6.0  42:45.35 nts	1696948450503
3067013 toao      20   0  103.3g   7.6g   3.8g S 700.0   6.0  42:46.54 nts	1696948450664
3067013 toao      20   0  103.2g   7.6g   3.8g S 247.1   6.1  42:48.51 nts	1696948451211
3067013 toao      20   0  103.3g   7.6g   3.8g S 511.8   6.1  42:49.38 nts	1696948451371
3067013 toao      20   0  103.2g   7.6g   3.9g S 347.1   6.1  42:51.64 nts	1696948451918
3067013 toao      20   0  103.5g   7.6g   3.9g S 329.4   6.1  42:52.20 nts	1696948452082
3067013 toao      20   0  103.3g   7.6g   3.9g S 352.9   6.1  42:54.82 nts	1696948452623
3067013 toao      20   0  103.5g   7.6g   3.9g S  88.2   6.1  42:54.97 nts	1696948452792
3067013 toao      20   0  103.5g   7.7g   3.9g S 193.8   6.1  42:57.64 nts	1696948453331
3067013 toao      20   0  103.3g   7.7g   3.9g S 164.7   6.1  42:57.92 nts	1696948453498
3067013 toao      20   0  103.4g   7.7g   3.9g S  52.9   6.1  43:00.48 nts	1696948454033
3067013 toao      20   0  103.4g   7.7g   3.9g S 352.9   6.1  43:01.08 nts	1696948454206
3067013 toao      20   0  103.4g   7.7g   4.0g S 370.6   6.1  43:03.86 nts	1696948454740
3067013 toao      20   0  103.4g   7.7g   4.0g S 405.9   6.2  43:04.55 nts	1696948454915
3067013 toao      20   0  103.4g   7.7g   4.0g S 505.9   6.2  43:07.11 nts	1696948455454
3067013 toao      20   0  103.7g   7.7g   4.0g S 288.2   6.2  43:07.60 nts	1696948455630
3067013 toao      20   0  103.5g   7.8g   4.0g S 758.8   6.2  43:10.29 nts	1696948456173
3067013 toao      20   0  103.8g   7.8g   4.0g S  23.5   6.2  43:10.33 nts	1696948456350
3067013 toao      20   0  103.8g   7.8g   4.0g S 788.2   6.2  43:13.15 nts	1696948456891
3067013 toao      20   0  103.5g   7.8g   4.0g S 188.9   6.2  43:13.50 nts	1696948457065
3067013 toao      20   0  103.8g   7.8g   4.0g S 733.3   6.2  43:15.89 nts	1696948457606
3067013 toao      20   0  103.5g   7.8g   4.0g S 427.8   6.2  43:16.68 nts	1696948457781
3067013 toao      20   0  103.7g   7.8g   4.1g S 770.6   6.2  43:18.65 nts	1696948458322
3067013 toao      20   0  103.6g   7.8g   4.1g S 723.5   6.2  43:19.89 nts	1696948458502
3067013 toao      20   0  103.9g   7.8g   4.1g S 505.9   6.2  43:21.42 nts	1696948459034
3067013 toao      20   0  103.9g   7.9g   4.1g S 752.9   6.3  43:22.81 nts	1696948459216
3067013 toao      20   0  103.6g   7.9g   4.1g S 335.3   6.3  43:24.09 nts	1696948459746
3067013 toao      20   0  103.9g   7.9g   4.1g S 727.8   6.3  43:25.51 nts	1696948459929
3067013 toao      20   0  103.8g   7.9g   4.1g S 182.4   6.3  43:26.94 nts	1696948460456
3067013 toao      20   0  104.0g   7.9g   4.1g S 717.6   6.3  43:28.22 nts	1696948460638
3067013 toao      20   0  103.7g   7.9g   4.1g S  70.6   6.3  43:29.75 nts	1696948461164
3067013 toao      20   0  104.0g   7.9g   4.2g S 776.5   6.3  43:31.07 nts	1696948461344
3067013 toao      20   0  103.8g   7.9g   4.2g S 283.3   6.3  43:33.03 nts	1696948461878
3067013 toao      20   0  104.0g   7.9g   4.2g S 477.8   6.3  43:33.89 nts	1696948462058
3067013 toao      20   0  103.8g   8.0g   4.2g S 376.5   6.3  43:36.29 nts	1696948462596
3067013 toao      20   0  104.1g   8.0g   4.2g S 264.7   6.3  43:36.74 nts	1696948462771
3067013 toao      20   0  104.1g   8.0g   4.2g S 400.0   6.4  43:39.59 nts	1696948463309
3067013 toao      20   0  103.8g   8.0g   4.2g S   5.6   6.4  43:39.60 nts	1696948463479
3067013 toao      20   0  104.1g   8.0g   4.2g S 129.4   6.4  43:42.39 nts	1696948464021
3067013 toao      20   0  103.9g   8.0g   4.2g S 238.9   6.4  43:42.82 nts	1696948464195
3067013 toao      20   0  103.9g   8.0g   4.3g S 105.9   6.4  43:45.42 nts	1696948464739
3067013 toao      20   0  103.9g   8.0g   4.3g S 388.2   6.4  43:46.08 nts	1696948464914
3067013 toao      20   0  103.9g   8.0g   4.3g S 305.6   6.4  43:48.72 nts	1696948465457
3067013 toao      20   0  104.2g   8.0g   4.3g S 300.0   6.4  43:49.23 nts	1696948465625
3067013 toao      20   0  104.1g   8.1g   4.3g S 650.0   6.4  43:52.00 nts	1696948466174
3067013 toao      20   0  104.3g   8.1g   4.3g S  17.6   6.4  43:52.03 nts	1696948466341
3067013 toao      20   0  104.4g   8.1g   4.3g S 829.4   6.4  43:55.07 nts	1696948466892
3067013 toao      20   0  104.1g   8.1g   4.3g S 182.4   6.4  43:55.28 nts	1696948467053
3067013 toao      20   0  104.4g   8.1g   4.3g S 766.7   6.5  43:57.93 nts	1696948467606
3067013 toao      20   0  104.2g   8.1g   4.3g S 450.0   6.5  43:58.59 nts	1696948467766
3067013 toao      20   0  104.5g   8.1g   4.4g S 782.4   6.5  44:00.71 nts	1696948468321
3067013 toao      20   0  104.2g   8.1g   4.4g S 533.3   6.5  44:01.63 nts	1696948468489
3067013 toao      20   0  104.5g   8.1g   4.4g S 670.6   6.5  44:03.36 nts	1696948469033
3067013 toao      20   0  104.5g   8.2g   4.4g S 741.2   6.5  44:04.64 nts	1696948469205
3067013 toao      20   0  104.5g   8.2g   4.4g S 476.5   6.5  44:06.19 nts	1696948469741
3067013 toao      20   0  104.6g   8.2g   4.4g S 717.6   6.5  44:07.42 nts	1696948469916
3067013 toao      20   0  104.6g   8.2g   4.4g S 258.8   6.5  44:08.95 nts	1696948470450
3067013 toao      20   0  104.6g   8.2g   4.4g S 764.7   6.5  44:10.25 nts	1696948470623
3067013 toao      20   0  104.5g   8.2g   4.4g S  11.8   6.5  44:11.71 nts	1696948471160
3067013 toao      20   0  104.6g   8.2g   4.5g S 783.3   6.5  44:13.11 nts	1696948471335
3067013 toao      20   0  104.4g   8.2g   4.5g S 244.4   6.6  44:15.01 nts	1696948471877
3067013 toao      20   0  104.7g   8.2g   4.5g S 535.3   6.6  44:15.92 nts	1696948472051
3067013 toao      20   0  104.4g   8.3g   4.5g S 366.7   6.6  44:18.24 nts	1696948472595
3067013 toao      20   0  104.7g   8.3g   4.5g S 283.3   6.6  44:18.75 nts	1696948472767
3067013 toao      20   0  104.4g   8.3g   4.5g S 347.1   6.6  44:21.11 nts	1696948473311
3067013 toao      20   0  104.7g   8.3g   4.5g S 194.1   6.6  44:21.44 nts	1696948473486
3067013 toao      20   0  104.8g   8.3g   4.5g S 311.8   6.6  44:24.27 nts	1696948474022
3067013 toao      20   0  104.5g   8.3g   4.5g S  72.2   6.6  44:24.40 nts	1696948474198
3067013 toao      20   0  104.8g   8.3g   4.6g S 129.4   6.6  44:27.02 nts	1696948474742
3067013 toao      20   0  104.5g   8.3g   4.6g S 205.9   6.6  44:27.37 nts	1696948474918
3067013 toao      20   0  104.6g   8.3g   4.6g S 105.9   6.6  44:29.89 nts	1696948475452
3067013 toao      20   0  104.6g   8.3g   4.6g S 341.2   6.6  44:30.47 nts	1696948475624
3067013 toao      20   0       0      0      0 Z 105.9   0.0  44:32.08 nts	1696948476160
3067013 toao      20   0       0      0      0 Z  94.4   0.0  44:32.25 nts	1696948476328
3067013 toao      20   0       0      0      0 Z 100.0   0.0  44:32.79 nts	1696948476874
3067013 toao      20   0       0      0      0 Z  83.3   0.0  44:32.94 nts	1696948477048
3067013 toao      20   0       0      0      0 Z 100.0   0.0  44:33.29 nts	1696948477587
3067013 toao      20   0       0      0      0 Z  35.3   0.0  44:33.35 nts	1696948477763
3067013 toao      20   0       0      0      0 Z 105.9   0.0  44:33.89 nts	1696948478300
3067013 toao      20   0       0      0      0 Z 105.9   0.0  44:34.06 nts	1696948478477
