| 30%   30C    P8    25W / 230W |      5MiB / 24256MiB |      0%      Default |	1696948254745
| 30%   32C    P8    25W / 230W |      5MiB / 24256MiB |      0%      Default |	1696948254745
| 30%   30C    P8    25W / 230W |      5MiB / 24256MiB |      0%      Default |	1696948255496
| 30%   32C    P8    25W / 230W |      5MiB / 24256MiB |      0%      Default |	1696948255496
| 30%   30C    P8    25W / 230W |      5MiB / 24256MiB |      0%      Default |	1696948256281
| 30%   32C    P8    24W / 230W |      5MiB / 24256MiB |      0%      Default |	1696948256281
| 30%   30C    P8    25W / 230W |      5MiB / 24256MiB |      0%      Default |	1696948257017
| 30%   32C    P8    24W / 230W |      5MiB / 24256MiB |      0%      Default |	1696948257017
| 30%   30C    P8    25W / 230W |      5MiB / 24256MiB |      0%      Default |	1696948257772
| 30%   32C    P8    24W / 230W |      5MiB / 24256MiB |      0%      Default |	1696948257772
| 30%   30C    P8    25W / 230W |      5MiB / 24256MiB |      0%      Default |	1696948258511
| 30%   32C    P8    24W / 230W |      5MiB / 24256MiB |      0%      Default |	1696948258511
| 30%   30C    P8    25W / 230W |      5MiB / 24256MiB |      0%      Default |	1696948259246
| 30%   32C    P8    24W / 230W |      5MiB / 24256MiB |      0%      Default |	1696948259246
| 30%   30C    P8    25W / 230W |      5MiB / 24256MiB |      0%      Default |	1696948259984
| 30%   32C    P8    24W / 230W |      5MiB / 24256MiB |      0%      Default |	1696948259984
| 30%   30C    P8    25W / 230W |      5MiB / 24256MiB |      0%      Default |	1696948260719
| 30%   32C    P8    24W / 230W |      5MiB / 24256MiB |      0%      Default |	1696948260719
| 30%   30C    P8    25W / 230W |      5MiB / 24256MiB |      0%      Default |	1696948261466
| 30%   32C    P8    24W / 230W |      5MiB / 24256MiB |      0%      Default |	1696948261466
| 30%   30C    P8    25W / 230W |      5MiB / 24256MiB |      0%      Default |	1696948262202
| 30%   32C    P8    24W / 230W |      5MiB / 24256MiB |      0%      Default |	1696948262202
| 30%   30C    P8    25W / 230W |      5MiB / 24256MiB |      0%      Default |	1696948262940
| 30%   32C    P8    25W / 230W |      5MiB / 24256MiB |      0%      Default |	1696948262940
| 30%   30C    P8    25W / 230W |      5MiB / 24256MiB |      0%      Default |	1696948263682
| 30%   32C    P8    25W / 230W |      5MiB / 24256MiB |      0%      Default |	1696948263682
| 30%   30C    P8    25W / 230W |      5MiB / 24256MiB |      0%      Default |	1696948264425
| 30%   32C    P8    25W / 230W |      5MiB / 24256MiB |      0%      Default |	1696948264425
| 30%   30C    P8    25W / 230W |      5MiB / 24256MiB |      0%      Default |	1696948265160
| 30%   32C    P8    25W / 230W |      5MiB / 24256MiB |      0%      Default |	1696948265160
| 30%   30C    P8    25W / 230W |      5MiB / 24256MiB |      0%      Default |	1696948265903
| 30%   32C    P8    25W / 230W |      5MiB / 24256MiB |      0%      Default |	1696948265903
| 30%   30C    P8    25W / 230W |      5MiB / 24256MiB |      0%      Default |	1696948266637
| 30%   32C    P8    25W / 230W |      5MiB / 24256MiB |      0%      Default |	1696948266637
| 30%   30C    P8    25W / 230W |      5MiB / 24256MiB |      0%      Default |	1696948267390
| 30%   32C    P8    25W / 230W |      5MiB / 24256MiB |      0%      Default |	1696948267390
| 30%   30C    P8    25W / 230W |      5MiB / 24256MiB |      0%      Default |	1696948268159
| 30%   32C    P8    25W / 230W |      5MiB / 24256MiB |      0%      Default |	1696948268159
| 30%   30C    P8    25W / 230W |      5MiB / 24256MiB |      0%      Default |	1696948268914
| 30%   32C    P8    25W / 230W |      5MiB / 24256MiB |      0%      Default |	1696948268914
| 30%   30C    P8    25W / 230W |      5MiB / 24256MiB |      0%      Default |	1696948269664
| 30%   32C    P8    25W / 230W |      5MiB / 24256MiB |      0%      Default |	1696948269664
| 30%   30C    P8    25W / 230W |      5MiB / 24256MiB |      0%      Default |	1696948270415
| 30%   32C    P8    25W / 230W |      5MiB / 24256MiB |      0%      Default |	1696948270415
| 30%   30C    P8    25W / 230W |      5MiB / 24256MiB |      0%      Default |	1696948271169
| 30%   32C    P8    25W / 230W |      5MiB / 24256MiB |      0%      Default |	1696948271169
| 30%   30C    P8    25W / 230W |      5MiB / 24256MiB |      0%      Default |	1696948271923
| 30%   32C    P8    25W / 230W |      5MiB / 24256MiB |      0%      Default |	1696948271923
| 30%   30C    P8    25W / 230W |      5MiB / 24256MiB |      0%      Default |	1696948272676
| 30%   32C    P8    25W / 230W |      5MiB / 24256MiB |      0%      Default |	1696948272676
| 30%   30C    P8    25W / 230W |      5MiB / 24256MiB |      0%      Default |	1696948273416
| 30%   32C    P8    25W / 230W |      5MiB / 24256MiB |      0%      Default |	1696948273416
| 30%   30C    P8    25W / 230W |      5MiB / 24256MiB |      0%      Default |	1696948274162
| 30%   32C    P8    24W / 230W |      5MiB / 24256MiB |      0%      Default |	1696948274162
| 30%   30C    P8    25W / 230W |      5MiB / 24256MiB |      0%      Default |	1696948274898
| 30%   32C    P8    24W / 230W |      5MiB / 24256MiB |      0%      Default |	1696948274898
| 30%   30C    P8    25W / 230W |      5MiB / 24256MiB |      0%      Default |	1696948275635
| 30%   32C    P8    24W / 230W |      5MiB / 24256MiB |      0%      Default |	1696948275635
| 30%   30C    P8    25W / 230W |      5MiB / 24256MiB |      0%      Default |	1696948276380
| 30%   32C    P8    24W / 230W |      5MiB / 24256MiB |      0%      Default |	1696948276380
| 30%   30C    P8    25W / 230W |      5MiB / 24256MiB |      0%      Default |	1696948277112
| 30%   32C    P8    24W / 230W |      5MiB / 24256MiB |      0%      Default |	1696948277112
| 30%   30C    P8    25W / 230W |      5MiB / 24256MiB |      0%      Default |	1696948277846
| 30%   32C    P8    25W / 230W |      5MiB / 24256MiB |      0%      Default |	1696948277846
| 30%   30C    P8    25W / 230W |      5MiB / 24256MiB |      0%      Default |	1696948278582
| 30%   32C    P8    25W / 230W |      5MiB / 24256MiB |      0%      Default |	1696948278582
| 30%   30C    P8    25W / 230W |      5MiB / 24256MiB |      0%      Default |	1696948279324
| 30%   32C    P8    25W / 230W |      5MiB / 24256MiB |      0%      Default |	1696948279324
| 30%   30C    P8    25W / 230W |      5MiB / 24256MiB |      0%      Default |	1696948280065
| 30%   32C    P8    25W / 230W |      5MiB / 24256MiB |      0%      Default |	1696948280065
| 30%   30C    P8    25W / 230W |      5MiB / 24256MiB |      0%      Default |	1696948280802
| 30%   32C    P8    25W / 230W |      5MiB / 24256MiB |      0%      Default |	1696948280802
| 30%   30C    P8    25W / 230W |      5MiB / 24256MiB |      0%      Default |	1696948281536
| 30%   32C    P8    25W / 230W |      5MiB / 24256MiB |      0%      Default |	1696948281536
| 30%   30C    P8    25W / 230W |      5MiB / 24256MiB |      0%      Default |	1696948282276
| 30%   32C    P8    25W / 230W |      5MiB / 24256MiB |      0%      Default |	1696948282276
| 30%   30C    P8    25W / 230W |      5MiB / 24256MiB |      0%      Default |	1696948283016
| 30%   32C    P8    25W / 230W |      5MiB / 24256MiB |      0%      Default |	1696948283016
| 30%   30C    P8    25W / 230W |      5MiB / 24256MiB |      0%      Default |	1696948283752
| 30%   32C    P8    25W / 230W |      5MiB / 24256MiB |      0%      Default |	1696948283752
| 30%   30C    P8    25W / 230W |      5MiB / 24256MiB |      0%      Default |	1696948284498
| 30%   32C    P8    25W / 230W |      5MiB / 24256MiB |      0%      Default |	1696948284498
| 30%   30C    P8    25W / 230W |      5MiB / 24256MiB |      0%      Default |	1696948285232
| 30%   32C    P8    25W / 230W |      5MiB / 24256MiB |      0%      Default |	1696948285232
| 30%   30C    P8    25W / 230W |      5MiB / 24256MiB |      0%      Default |	1696948285967
| 30%   32C    P8    25W / 230W |      5MiB / 24256MiB |      0%      Default |	1696948285967
| 30%   30C    P0    25W / 230W |     25MiB / 24256MiB |      0%      Default |	1696948286700
| 30%   32C    P8    25W / 230W |      8MiB / 24256MiB |      0%      Default |	1696948286700
| 30%   31C    P2    42W / 230W |    319MiB / 24256MiB |      2%      Default |	1696948287487
| 30%   32C    P8    25W / 230W |      8MiB / 24256MiB |      0%      Default |	1696948287487
| 30%   31C    P2    62W / 230W |    415MiB / 24256MiB |      3%      Default |	1696948288251
| 30%   32C    P8    25W / 230W |      8MiB / 24256MiB |      0%      Default |	1696948288251
| 30%   31C    P2    62W / 230W |    507MiB / 24256MiB |      2%      Default |	1696948289023
| 30%   32C    P8    25W / 230W |      8MiB / 24256MiB |      0%      Default |	1696948289023
| 30%   31C    P2    62W / 230W |    597MiB / 24256MiB |      4%      Default |	1696948289789
| 30%   32C    P8    25W / 230W |      8MiB / 24256MiB |      0%      Default |	1696948289789
| 30%   31C    P2    62W / 230W |    717MiB / 24256MiB |      3%      Default |	1696948290549
| 30%   32C    P8    25W / 230W |      8MiB / 24256MiB |      0%      Default |	1696948290549
| 30%   32C    P2    62W / 230W |    809MiB / 24256MiB |      2%      Default |	1696948291310
| 30%   32C    P8    25W / 230W |      8MiB / 24256MiB |      0%      Default |	1696948291310
| 30%   32C    P2    62W / 230W |    911MiB / 24256MiB |      2%      Default |	1696948292077
| 30%   32C    P8    25W / 230W |      8MiB / 24256MiB |      0%      Default |	1696948292077
| 30%   32C    P2    62W / 230W |   1005MiB / 24256MiB |      2%      Default |	1696948292845
| 30%   32C    P8    25W / 230W |      8MiB / 24256MiB |      0%      Default |	1696948292845
| 30%   32C    P2    62W / 230W |   1161MiB / 24256MiB |      0%      Default |	1696948293611
| 30%   32C    P8    25W / 230W |      8MiB / 24256MiB |      0%      Default |	1696948293611
| 30%   32C    P2    62W / 230W |   1161MiB / 24256MiB |      0%      Default |	1696948294401
| 30%   32C    P8    25W / 230W |      8MiB / 24256MiB |      0%      Default |	1696948294401
| 30%   32C    P2    62W / 230W |   1161MiB / 24256MiB |      0%      Default |	1696948295156
| 30%   32C    P8    25W / 230W |      8MiB / 24256MiB |      0%      Default |	1696948295156
| 30%   32C    P2    62W / 230W |   1163MiB / 24256MiB |      1%      Default |	1696948295899
| 30%   32C    P8    25W / 230W |      8MiB / 24256MiB |      0%      Default |	1696948295899
| 30%   32C    P2    62W / 230W |   1163MiB / 24256MiB |      0%      Default |	1696948296649
| 30%   32C    P8    24W / 230W |      8MiB / 24256MiB |      0%      Default |	1696948296649
| 30%   32C    P2    62W / 230W |   1163MiB / 24256MiB |      0%      Default |	1696948297397
| 30%   32C    P8    24W / 230W |      8MiB / 24256MiB |      0%      Default |	1696948297397
| 30%   32C    P2    62W / 230W |   1163MiB / 24256MiB |      0%      Default |	1696948298145
| 30%   32C    P8    24W / 230W |      8MiB / 24256MiB |      0%      Default |	1696948298145
| 30%   33C    P2    62W / 230W |   1163MiB / 24256MiB |      0%      Default |	1696948298885
| 30%   32C    P8    25W / 230W |      8MiB / 24256MiB |      0%      Default |	1696948298885
| 30%   33C    P2    62W / 230W |   1163MiB / 24256MiB |      0%      Default |	1696948299637
| 30%   32C    P8    25W / 230W |      8MiB / 24256MiB |      0%      Default |	1696948299637
| 30%   33C    P2    62W / 230W |   1163MiB / 24256MiB |      0%      Default |	1696948300380
| 30%   32C    P8    25W / 230W |      8MiB / 24256MiB |      0%      Default |	1696948300380
| 30%   33C    P2    62W / 230W |   1163MiB / 24256MiB |      0%      Default |	1696948301125
| 30%   32C    P8    25W / 230W |      8MiB / 24256MiB |      0%      Default |	1696948301125
| 30%   33C    P2    62W / 230W |   1163MiB / 24256MiB |      0%      Default |	1696948301871
| 30%   32C    P8    25W / 230W |      8MiB / 24256MiB |      0%      Default |	1696948301871
| 30%   33C    P2    62W / 230W |   1163MiB / 24256MiB |      0%      Default |	1696948302620
| 30%   32C    P8    25W / 230W |      8MiB / 24256MiB |      0%      Default |	1696948302620
| 30%   33C    P2    62W / 230W |   1163MiB / 24256MiB |      0%      Default |	1696948303366
| 30%   32C    P8    25W / 230W |      8MiB / 24256MiB |      0%      Default |	1696948303366
| 30%   33C    P2    62W / 230W |   1163MiB / 24256MiB |      0%      Default |	1696948304110
| 30%   32C    P8    25W / 230W |      8MiB / 24256MiB |      0%      Default |	1696948304110
| 30%   33C    P2    62W / 230W |   1163MiB / 24256MiB |      0%      Default |	1696948304851
| 30%   32C    P8    25W / 230W |      8MiB / 24256MiB |      0%      Default |	1696948304851
| 30%   33C    P2    62W / 230W |   1163MiB / 24256MiB |      0%      Default |	1696948305600
| 30%   32C    P8    25W / 230W |      8MiB / 24256MiB |      0%      Default |	1696948305600
| 30%   33C    P2    62W / 230W |   1163MiB / 24256MiB |      0%      Default |	1696948306346
| 30%   32C    P8    25W / 230W |      8MiB / 24256MiB |      0%      Default |	1696948306346
| 30%   33C    P2    62W / 230W |   1163MiB / 24256MiB |      0%      Default |	1696948307087
| 30%   32C    P8    25W / 230W |      8MiB / 24256MiB |      0%      Default |	1696948307087
| 30%   34C    P2    62W / 230W |   1163MiB / 24256MiB |      0%      Default |	1696948307835
| 30%   32C    P8    25W / 230W |      8MiB / 24256MiB |      0%      Default |	1696948307835
| 30%   34C    P2    62W / 230W |   1163MiB / 24256MiB |      0%      Default |	1696948308581
| 30%   32C    P8    25W / 230W |      8MiB / 24256MiB |      0%      Default |	1696948308581
| 30%   34C    P2    62W / 230W |   1163MiB / 24256MiB |      0%      Default |	1696948309327
| 30%   32C    P8    25W / 230W |      8MiB / 24256MiB |      0%      Default |	1696948309327
| 30%   33C    P5    62W / 230W |   1163MiB / 24256MiB |      0%      Default |	1696948310074
| 30%   32C    P8    25W / 230W |      8MiB / 24256MiB |      0%      Default |	1696948310074
| 30%   32C    P8    62W / 230W |   1163MiB / 24256MiB |      0%      Default |	1696948310807
| 30%   32C    P8    25W / 230W |      8MiB / 24256MiB |      0%      Default |	1696948310807
| 30%   32C    P8    33W / 230W |   1163MiB / 24256MiB |      0%      Default |	1696948311543
| 30%   32C    P8    25W / 230W |      8MiB / 24256MiB |      0%      Default |	1696948311543
| 30%   32C    P8    28W / 230W |   1163MiB / 24256MiB |      0%      Default |	1696948312278
| 30%   32C    P8    25W / 230W |      8MiB / 24256MiB |      0%      Default |	1696948312278
| 30%   32C    P8    26W / 230W |   1163MiB / 24256MiB |      0%      Default |	1696948313012
| 30%   32C    P8    25W / 230W |      8MiB / 24256MiB |      0%      Default |	1696948313012
| 30%   32C    P8    26W / 230W |   1163MiB / 24256MiB |      0%      Default |	1696948313749
| 30%   32C    P8    25W / 230W |      8MiB / 24256MiB |      0%      Default |	1696948313749
| 30%   32C    P8    26W / 230W |   1163MiB / 24256MiB |      0%      Default |	1696948314495
| 30%   32C    P8    25W / 230W |      8MiB / 24256MiB |      0%      Default |	1696948314495
| 30%   32C    P8    26W / 230W |   1163MiB / 24256MiB |      0%      Default |	1696948315238
| 30%   32C    P8    25W / 230W |      8MiB / 24256MiB |      0%      Default |	1696948315238
| 30%   32C    P8    26W / 230W |   1163MiB / 24256MiB |      0%      Default |	1696948315973
| 30%   32C    P8    25W / 230W |      8MiB / 24256MiB |      0%      Default |	1696948315973
| 30%   32C    P8    26W / 230W |   1163MiB / 24256MiB |      0%      Default |	1696948316713
| 30%   32C    P8    25W / 230W |      8MiB / 24256MiB |      0%      Default |	1696948316713
| 30%   32C    P8    26W / 230W |   1163MiB / 24256MiB |      0%      Default |	1696948317448
| 30%   32C    P8    25W / 230W |      8MiB / 24256MiB |      0%      Default |	1696948317448
| 30%   32C    P8    26W / 230W |   1163MiB / 24256MiB |      0%      Default |	1696948318195
| 30%   32C    P8    25W / 230W |      8MiB / 24256MiB |      0%      Default |	1696948318195
| 30%   32C    P8    25W / 230W |   1163MiB / 24256MiB |      0%      Default |	1696948318931
| 30%   32C    P8    25W / 230W |      8MiB / 24256MiB |      0%      Default |	1696948318931
| 30%   32C    P8    26W / 230W |   1163MiB / 24256MiB |      0%      Default |	1696948319667
| 30%   32C    P8    25W / 230W |      8MiB / 24256MiB |      0%      Default |	1696948319667
| 30%   32C    P8    26W / 230W |   1163MiB / 24256MiB |      0%      Default |	1696948320400
| 30%   32C    P8    25W / 230W |      8MiB / 24256MiB |      0%      Default |	1696948320400
| 30%   32C    P8    26W / 230W |   1163MiB / 24256MiB |      0%      Default |	1696948321141
| 30%   32C    P8    25W / 230W |      8MiB / 24256MiB |      0%      Default |	1696948321141
| 30%   32C    P8    26W / 230W |   1163MiB / 24256MiB |      0%      Default |	1696948321879
| 30%   32C    P8    25W / 230W |      8MiB / 24256MiB |      0%      Default |	1696948321879
| 30%   32C    P8    26W / 230W |   1163MiB / 24256MiB |      0%      Default |	1696948322619
| 30%   32C    P8    25W / 230W |      8MiB / 24256MiB |      0%      Default |	1696948322619
| 30%   32C    P8    26W / 230W |   1163MiB / 24256MiB |      0%      Default |	1696948323366
| 30%   32C    P8    25W / 230W |      8MiB / 24256MiB |      0%      Default |	1696948323366
| 30%   32C    P8    26W / 230W |   1163MiB / 24256MiB |      0%      Default |	1696948324108
| 30%   32C    P8    25W / 230W |      8MiB / 24256MiB |      0%      Default |	1696948324108
| 30%   32C    P8    25W / 230W |   1163MiB / 24256MiB |      0%      Default |	1696948324861
| 30%   32C    P8    25W / 230W |      8MiB / 24256MiB |      0%      Default |	1696948324861
| 30%   32C    P8    25W / 230W |   1163MiB / 24256MiB |      0%      Default |	1696948325597
| 30%   32C    P8    25W / 230W |      8MiB / 24256MiB |      0%      Default |	1696948325597
| 30%   32C    P8    25W / 230W |   1163MiB / 24256MiB |      0%      Default |	1696948326337
| 30%   32C    P8    25W / 230W |      8MiB / 24256MiB |      0%      Default |	1696948326337
| 30%   32C    P8    25W / 230W |   1163MiB / 24256MiB |      0%      Default |	1696948327075
| 30%   32C    P8    25W / 230W |      8MiB / 24256MiB |      0%      Default |	1696948327075
| 30%   32C    P8    25W / 230W |   1163MiB / 24256MiB |      0%      Default |	1696948327810
| 30%   32C    P8    25W / 230W |      8MiB / 24256MiB |      0%      Default |	1696948327810
| 30%   32C    P8    25W / 230W |   1163MiB / 24256MiB |      0%      Default |	1696948328548
| 30%   32C    P8    25W / 230W |      8MiB / 24256MiB |      0%      Default |	1696948328548
| 30%   31C    P8    26W / 230W |   1163MiB / 24256MiB |      0%      Default |	1696948329292
| 30%   32C    P8    25W / 230W |      8MiB / 24256MiB |      0%      Default |	1696948329292
| 30%   31C    P8    26W / 230W |   1163MiB / 24256MiB |      0%      Default |	1696948330027
| 30%   32C    P8    25W / 230W |      8MiB / 24256MiB |      0%      Default |	1696948330027
| 30%   32C    P8    26W / 230W |   1163MiB / 24256MiB |      0%      Default |	1696948330763
| 30%   32C    P8    25W / 230W |      8MiB / 24256MiB |      0%      Default |	1696948330763
| 30%   31C    P8    26W / 230W |   1163MiB / 24256MiB |      0%      Default |	1696948331503
| 30%   32C    P8    25W / 230W |      8MiB / 24256MiB |      0%      Default |	1696948331503
| 30%   31C    P8    26W / 230W |   1163MiB / 24256MiB |      0%      Default |	1696948332243
| 30%   32C    P8    25W / 230W |      8MiB / 24256MiB |      0%      Default |	1696948332243
| 30%   31C    P8    26W / 230W |   1163MiB / 24256MiB |      0%      Default |	1696948332979
| 30%   32C    P8    25W / 230W |      8MiB / 24256MiB |      0%      Default |	1696948332979
| 30%   31C    P8    26W / 230W |   1163MiB / 24256MiB |      0%      Default |	1696948333715
| 30%   32C    P8    24W / 230W |      8MiB / 24256MiB |      0%      Default |	1696948333715
| 30%   31C    P8    26W / 230W |   1163MiB / 24256MiB |      0%      Default |	1696948334453
| 30%   32C    P8    25W / 230W |      8MiB / 24256MiB |      0%      Default |	1696948334453
| 30%   31C    P8    26W / 230W |   1163MiB / 24256MiB |      0%      Default |	1696948335196
| 30%   32C    P8    25W / 230W |      8MiB / 24256MiB |      0%      Default |	1696948335196
| 30%   32C    P2    28W / 230W |   1205MiB / 24256MiB |      1%      Default |	1696948335935
| 30%   32C    P8    25W / 230W |      8MiB / 24256MiB |      0%      Default |	1696948335935
| 30%   33C    P2    43W / 230W |   1205MiB / 24256MiB |      0%      Default |	1696948336699
| 30%   32C    P8    25W / 230W |      8MiB / 24256MiB |      0%      Default |	1696948336699
| 30%   33C    P2    62W / 230W |   1205MiB / 24256MiB |      0%      Default |	1696948337445
| 30%   32C    P8    24W / 230W |      8MiB / 24256MiB |      0%      Default |	1696948337445
| 30%   33C    P2    62W / 230W |   1205MiB / 24256MiB |      0%      Default |	1696948338202
| 30%   32C    P8    24W / 230W |      8MiB / 24256MiB |      0%      Default |	1696948338202
| 30%   33C    P2    62W / 230W |   1205MiB / 24256MiB |      0%      Default |	1696948338941
| 30%   32C    P8    24W / 230W |      8MiB / 24256MiB |      0%      Default |	1696948338941
| 30%   33C    P2    62W / 230W |   1205MiB / 24256MiB |      0%      Default |	1696948339688
| 30%   32C    P8    25W / 230W |      8MiB / 24256MiB |      0%      Default |	1696948339688
| 30%   33C    P2    62W / 230W |   1205MiB / 24256MiB |      0%      Default |	1696948340430
| 30%   32C    P8    25W / 230W |      8MiB / 24256MiB |      0%      Default |	1696948340430
| 30%   33C    P2    62W / 230W |   1205MiB / 24256MiB |      0%      Default |	1696948341176
| 30%   32C    P8    25W / 230W |      8MiB / 24256MiB |      0%      Default |	1696948341176
| 30%   33C    P2    62W / 230W |   1205MiB / 24256MiB |      0%      Default |	1696948341922
| 30%   32C    P8    25W / 230W |      8MiB / 24256MiB |      0%      Default |	1696948341922
| 30%   33C    P2    62W / 230W |   1205MiB / 24256MiB |      0%      Default |	1696948342668
| 30%   32C    P8    25W / 230W |      8MiB / 24256MiB |      0%      Default |	1696948342668
| 30%   34C    P2    62W / 230W |   1205MiB / 24256MiB |      0%      Default |	1696948343405
| 30%   32C    P8    25W / 230W |      8MiB / 24256MiB |      0%      Default |	1696948343405
| 30%   34C    P2    62W / 230W |   1205MiB / 24256MiB |      0%      Default |	1696948344156
| 30%   32C    P8    25W / 230W |      8MiB / 24256MiB |      0%      Default |	1696948344156
| 30%   34C    P2    62W / 230W |   1205MiB / 24256MiB |      0%      Default |	1696948344904
| 30%   32C    P8    25W / 230W |      8MiB / 24256MiB |      0%      Default |	1696948344904
| 30%   34C    P2    62W / 230W |   1205MiB / 24256MiB |      0%      Default |	1696948345649
| 30%   32C    P8    25W / 230W |      8MiB / 24256MiB |      0%      Default |	1696948345649
| 30%   34C    P2    62W / 230W |   1205MiB / 24256MiB |      0%      Default |	1696948346408
| 30%   32C    P8    25W / 230W |      8MiB / 24256MiB |      0%      Default |	1696948346408
| 30%   34C    P2    62W / 230W |   1205MiB / 24256MiB |      0%      Default |	1696948347147
| 30%   32C    P8    25W / 230W |      8MiB / 24256MiB |      0%      Default |	1696948347147
| 30%   34C    P2    62W / 230W |   1205MiB / 24256MiB |      0%      Default |	1696948347894
| 30%   32C    P8    25W / 230W |      8MiB / 24256MiB |      0%      Default |	1696948347894
| 30%   34C    P2    62W / 230W |   1205MiB / 24256MiB |      0%      Default |	1696948348645
| 30%   32C    P8    25W / 230W |      8MiB / 24256MiB |      0%      Default |	1696948348645
| 30%   34C    P2    62W / 230W |   1205MiB / 24256MiB |      0%      Default |	1696948349394
| 30%   32C    P8    25W / 230W |      8MiB / 24256MiB |      0%      Default |	1696948349394
| 30%   34C    P2    62W / 230W |   1205MiB / 24256MiB |      0%      Default |	1696948350140
| 30%   32C    P8    25W / 230W |      8MiB / 24256MiB |      0%      Default |	1696948350140
| 30%   34C    P2    62W / 230W |   1205MiB / 24256MiB |      0%      Default |	1696948350893
| 30%   32C    P8    25W / 230W |      8MiB / 24256MiB |      0%      Default |	1696948350893
| 30%   34C    P2    62W / 230W |   1205MiB / 24256MiB |      0%      Default |	1696948351638
| 30%   32C    P8    25W / 230W |      8MiB / 24256MiB |      0%      Default |	1696948351638
| 30%   34C    P2    62W / 230W |   1205MiB / 24256MiB |      0%      Default |	1696948352378
| 30%   32C    P8    25W / 230W |      8MiB / 24256MiB |      0%      Default |	1696948352378
| 30%   33C    P5    63W / 230W |   1205MiB / 24256MiB |      0%      Default |	1696948353120
| 30%   32C    P8    25W / 230W |      8MiB / 24256MiB |      0%      Default |	1696948353120
| 30%   33C    P8    31W / 230W |   1205MiB / 24256MiB |      0%      Default |	1696948353846
| 30%   32C    P8    25W / 230W |      8MiB / 24256MiB |      0%      Default |	1696948353846
| 30%   33C    P8    27W / 230W |   1205MiB / 24256MiB |      0%      Default |	1696948354602
| 30%   32C    P8    25W / 230W |      8MiB / 24256MiB |      0%      Default |	1696948354602
| 30%   33C    P8    26W / 230W |   1205MiB / 24256MiB |      0%      Default |	1696948355339
| 30%   32C    P8    25W / 230W |      8MiB / 24256MiB |      0%      Default |	1696948355339
| 30%   33C    P8    26W / 230W |   1205MiB / 24256MiB |      0%      Default |	1696948356108
| 30%   32C    P8    25W / 230W |      8MiB / 24256MiB |      0%      Default |	1696948356108
| 30%   33C    P8    26W / 230W |   1205MiB / 24256MiB |      0%      Default |	1696948356844
| 30%   32C    P8    25W / 230W |      8MiB / 24256MiB |      0%      Default |	1696948356844
| 30%   33C    P8    26W / 230W |   1205MiB / 24256MiB |      0%      Default |	1696948357595
| 30%   32C    P8    25W / 230W |      8MiB / 24256MiB |      0%      Default |	1696948357595
| 30%   33C    P8    26W / 230W |   1205MiB / 24256MiB |      0%      Default |	1696948358340
| 30%   32C    P8    25W / 230W |      8MiB / 24256MiB |      0%      Default |	1696948358340
| 30%   33C    P8    26W / 230W |   1205MiB / 24256MiB |      0%      Default |	1696948359084
| 30%   32C    P8    25W / 230W |      8MiB / 24256MiB |      0%      Default |	1696948359084
| 30%   33C    P8    26W / 230W |   1205MiB / 24256MiB |      0%      Default |	1696948359817
| 30%   32C    P8    25W / 230W |      8MiB / 24256MiB |      0%      Default |	1696948359817
| 30%   33C    P8    26W / 230W |   1205MiB / 24256MiB |      0%      Default |	1696948360559
| 30%   32C    P8    25W / 230W |      8MiB / 24256MiB |      0%      Default |	1696948360559
| 30%   33C    P8    26W / 230W |   1205MiB / 24256MiB |      0%      Default |	1696948361301
| 30%   32C    P8    25W / 230W |      8MiB / 24256MiB |      0%      Default |	1696948361301
| 30%   33C    P8    26W / 230W |   1205MiB / 24256MiB |      0%      Default |	1696948362037
| 30%   32C    P8    25W / 230W |      8MiB / 24256MiB |      0%      Default |	1696948362037
| 30%   32C    P8    26W / 230W |   1205MiB / 24256MiB |      0%      Default |	1696948362789
| 30%   32C    P8    25W / 230W |      8MiB / 24256MiB |      0%      Default |	1696948362789
| 30%   32C    P8    26W / 230W |   1205MiB / 24256MiB |      0%      Default |	1696948363537
| 30%   32C    P8    25W / 230W |      8MiB / 24256MiB |      0%      Default |	1696948363537
| 30%   32C    P8    26W / 230W |   1205MiB / 24256MiB |      0%      Default |	1696948364267
| 30%   32C    P8    25W / 230W |      8MiB / 24256MiB |      0%      Default |	1696948364267
| 30%   32C    P8    26W / 230W |   1205MiB / 24256MiB |      0%      Default |	1696948365007
| 30%   32C    P8    25W / 230W |      8MiB / 24256MiB |      0%      Default |	1696948365007
| 30%   32C    P8    26W / 230W |   1205MiB / 24256MiB |      0%      Default |	1696948365749
| 30%   32C    P8    25W / 230W |      8MiB / 24256MiB |      0%      Default |	1696948365749
| 30%   32C    P8    26W / 230W |   1205MiB / 24256MiB |      0%      Default |	1696948366501
| 30%   32C    P8    25W / 230W |      8MiB / 24256MiB |      0%      Default |	1696948366501
| 30%   32C    P8    26W / 230W |   1205MiB / 24256MiB |      0%      Default |	1696948367233
| 30%   32C    P8    25W / 230W |      8MiB / 24256MiB |      0%      Default |	1696948367233
| 30%   32C    P8    26W / 230W |   1205MiB / 24256MiB |      0%      Default |	1696948367975
| 30%   32C    P8    25W / 230W |      8MiB / 24256MiB |      0%      Default |	1696948367975
| 30%   32C    P8    26W / 230W |   1205MiB / 24256MiB |      0%      Default |	1696948368715
| 30%   32C    P8    25W / 230W |      8MiB / 24256MiB |      0%      Default |	1696948368715
| 30%   32C    P8    26W / 230W |   1205MiB / 24256MiB |      0%      Default |	1696948369453
| 30%   32C    P8    25W / 230W |      8MiB / 24256MiB |      0%      Default |	1696948369453
| 30%   32C    P8    26W / 230W |   1205MiB / 24256MiB |      0%      Default |	1696948370202
| 30%   32C    P8    25W / 230W |      8MiB / 24256MiB |      0%      Default |	1696948370202
| 30%   32C    P8    26W / 230W |   1205MiB / 24256MiB |      0%      Default |	1696948370954
| 30%   32C    P8    25W / 230W |      8MiB / 24256MiB |      0%      Default |	1696948370954
| 30%   32C    P8    26W / 230W |   1205MiB / 24256MiB |      0%      Default |	1696948371681
| 30%   32C    P8    25W / 230W |      8MiB / 24256MiB |      0%      Default |	1696948371681
| 30%   32C    P8    26W / 230W |   1205MiB / 24256MiB |      0%      Default |	1696948372423
| 30%   32C    P8    25W / 230W |      8MiB / 24256MiB |      0%      Default |	1696948372423
| 30%   32C    P8    26W / 230W |   1205MiB / 24256MiB |      0%      Default |	1696948373155
| 30%   32C    P8    25W / 230W |      8MiB / 24256MiB |      0%      Default |	1696948373155
| 30%   32C    P8    26W / 230W |   1205MiB / 24256MiB |      0%      Default |	1696948373901
| 30%   32C    P8    25W / 230W |      8MiB / 24256MiB |      0%      Default |	1696948373901
| 30%   32C    P8    26W / 230W |   1205MiB / 24256MiB |      0%      Default |	1696948374636
| 30%   32C    P8    25W / 230W |      8MiB / 24256MiB |      0%      Default |	1696948374636
| 30%   32C    P8    26W / 230W |   1205MiB / 24256MiB |      0%      Default |	1696948375380
| 30%   32C    P8    25W / 230W |      8MiB / 24256MiB |      0%      Default |	1696948375380
| 30%   32C    P8    26W / 230W |   1205MiB / 24256MiB |      0%      Default |	1696948376116
| 30%   32C    P8    25W / 230W |      8MiB / 24256MiB |      0%      Default |	1696948376116
| 30%   32C    P8    26W / 230W |   1205MiB / 24256MiB |      0%      Default |	1696948376854
| 30%   32C    P8    25W / 230W |      8MiB / 24256MiB |      0%      Default |	1696948376854
| 30%   32C    P8    26W / 230W |   1205MiB / 24256MiB |      0%      Default |	1696948377610
| 30%   32C    P8    25W / 230W |      8MiB / 24256MiB |      0%      Default |	1696948377610
| 30%   32C    P8    26W / 230W |   1205MiB / 24256MiB |      0%      Default |	1696948378351
| 30%   32C    P8    25W / 230W |      8MiB / 24256MiB |      0%      Default |	1696948378351
| 30%   32C    P8    26W / 230W |   1205MiB / 24256MiB |      0%      Default |	1696948379100
| 30%   32C    P8    25W / 230W |      8MiB / 24256MiB |      0%      Default |	1696948379100
| 30%   32C    P8    26W / 230W |   1205MiB / 24256MiB |      0%      Default |	1696948379834
| 30%   32C    P8    25W / 230W |      8MiB / 24256MiB |      0%      Default |	1696948379834
| 30%   32C    P8    26W / 230W |   1205MiB / 24256MiB |      0%      Default |	1696948380582
| 30%   32C    P8    25W / 230W |      8MiB / 24256MiB |      0%      Default |	1696948380582
| 30%   32C    P8    25W / 230W |   1205MiB / 24256MiB |      0%      Default |	1696948381326
| 30%   32C    P8    25W / 230W |      8MiB / 24256MiB |      0%      Default |	1696948381326
| 30%   32C    P8    25W / 230W |   1205MiB / 24256MiB |      0%      Default |	1696948382070
| 30%   32C    P8    25W / 230W |      8MiB / 24256MiB |      0%      Default |	1696948382070
| 30%   32C    P8    25W / 230W |   1205MiB / 24256MiB |      0%      Default |	1696948382817
| 30%   32C    P8    25W / 230W |      8MiB / 24256MiB |      0%      Default |	1696948382817
| 30%   32C    P8    25W / 230W |   1205MiB / 24256MiB |      0%      Default |	1696948383552
| 30%   32C    P8    25W / 230W |      8MiB / 24256MiB |      0%      Default |	1696948383552
| 30%   32C    P8    26W / 230W |   1205MiB / 24256MiB |      0%      Default |	1696948384301
| 30%   32C    P8    25W / 230W |      8MiB / 24256MiB |      0%      Default |	1696948384301
| 30%   32C    P8    26W / 230W |   1205MiB / 24256MiB |      0%      Default |	1696948385044
| 30%   32C    P8    25W / 230W |      8MiB / 24256MiB |      0%      Default |	1696948385044
| 30%   32C    P8    26W / 230W |   1205MiB / 24256MiB |      0%      Default |	1696948385783
| 30%   32C    P8    25W / 230W |      8MiB / 24256MiB |      0%      Default |	1696948385783
| 30%   32C    P8    26W / 230W |   1205MiB / 24256MiB |      0%      Default |	1696948386520
| 30%   32C    P8    25W / 230W |      8MiB / 24256MiB |      0%      Default |	1696948386520
| 30%   32C    P8    26W / 230W |   1205MiB / 24256MiB |      0%      Default |	1696948387264
| 30%   32C    P8    25W / 230W |      8MiB / 24256MiB |      0%      Default |	1696948387264
| 30%   32C    P8    26W / 230W |   1205MiB / 24256MiB |      0%      Default |	1696948388013
| 30%   32C    P8    25W / 230W |      8MiB / 24256MiB |      0%      Default |	1696948388013
| 30%   32C    P8    26W / 230W |   1205MiB / 24256MiB |      0%      Default |	1696948388764
| 30%   32C    P8    25W / 230W |      8MiB / 24256MiB |      0%      Default |	1696948388764
| 30%   31C    P8    26W / 230W |   1205MiB / 24256MiB |      0%      Default |	1696948389497
| 30%   32C    P8    25W / 230W |      8MiB / 24256MiB |      0%      Default |	1696948389497
| 30%   31C    P8    26W / 230W |   1205MiB / 24256MiB |      0%      Default |	1696948390229
| 30%   32C    P8    25W / 230W |      8MiB / 24256MiB |      0%      Default |	1696948390229
| 30%   31C    P8    26W / 230W |   1205MiB / 24256MiB |      0%      Default |	1696948390987
| 30%   32C    P8    25W / 230W |      8MiB / 24256MiB |      0%      Default |	1696948390987
| 30%   31C    P8    26W / 230W |   1205MiB / 24256MiB |      0%      Default |	1696948391732
| 30%   32C    P8    25W / 230W |      8MiB / 24256MiB |      0%      Default |	1696948391732
| 30%   31C    P8    26W / 230W |   1205MiB / 24256MiB |      0%      Default |	1696948392495
| 30%   32C    P8    25W / 230W |      8MiB / 24256MiB |      0%      Default |	1696948392495
| 30%   31C    P8    26W / 230W |   1205MiB / 24256MiB |      0%      Default |	1696948393238
| 30%   32C    P8    25W / 230W |      8MiB / 24256MiB |      0%      Default |	1696948393238
| 30%   31C    P8    25W / 230W |   1205MiB / 24256MiB |      0%      Default |	1696948393993
| 30%   32C    P8    25W / 230W |      8MiB / 24256MiB |      0%      Default |	1696948393993
| 30%   34C    P2    41W / 230W |   2081MiB / 24256MiB |     87%      Default |	1696948394742
| 30%   32C    P8    25W / 230W |      8MiB / 24256MiB |      0%      Default |	1696948394742
| 30%   35C    P2    88W / 230W |   2083MiB / 24256MiB |     73%      Default |	1696948395491
| 30%   32C    P8    25W / 230W |      8MiB / 24256MiB |      0%      Default |	1696948395491
| 30%   35C    P2   100W / 230W |   2083MiB / 24256MiB |     78%      Default |	1696948396248
| 30%   32C    P8    25W / 230W |      8MiB / 24256MiB |      0%      Default |	1696948396248
| 30%   36C    P2    98W / 230W |   2083MiB / 24256MiB |     86%      Default |	1696948397001
| 30%   32C    P8    25W / 230W |      8MiB / 24256MiB |      0%      Default |	1696948397001
| 30%   36C    P2    99W / 230W |   2083MiB / 24256MiB |     88%      Default |	1696948397757
| 30%   32C    P8    25W / 230W |      8MiB / 24256MiB |      0%      Default |	1696948397757
| 30%   36C    P2   101W / 230W |   2083MiB / 24256MiB |     86%      Default |	1696948398515
| 30%   32C    P8    25W / 230W |      8MiB / 24256MiB |      0%      Default |	1696948398515
| 30%   36C    P2    99W / 230W |   2083MiB / 24256MiB |     65%      Default |	1696948399268
| 30%   32C    P8    25W / 230W |      8MiB / 24256MiB |      0%      Default |	1696948399268
| 30%   37C    P2   101W / 230W |   2083MiB / 24256MiB |     82%      Default |	1696948400029
| 30%   32C    P8    25W / 230W |      8MiB / 24256MiB |      0%      Default |	1696948400029
| 30%   37C    P2    99W / 230W |   2085MiB / 24256MiB |     84%      Default |	1696948400783
| 30%   32C    P8    25W / 230W |      8MiB / 24256MiB |      0%      Default |	1696948400783
| 30%   37C    P2   100W / 230W |   2085MiB / 24256MiB |     85%      Default |	1696948401548
| 30%   32C    P8    25W / 230W |      8MiB / 24256MiB |      0%      Default |	1696948401548
| 30%   37C    P2   101W / 230W |   2085MiB / 24256MiB |     81%      Default |	1696948402306
| 30%   32C    P8    25W / 230W |      8MiB / 24256MiB |      0%      Default |	1696948402306
| 30%   37C    P2   100W / 230W |   2085MiB / 24256MiB |     63%      Default |	1696948403074
| 30%   32C    P8    25W / 230W |      8MiB / 24256MiB |      0%      Default |	1696948403074
| 30%   37C    P2   100W / 230W |   2085MiB / 24256MiB |     75%      Default |	1696948403833
| 30%   32C    P8    25W / 230W |      8MiB / 24256MiB |      0%      Default |	1696948403833
| 30%   37C    P2   100W / 230W |   2085MiB / 24256MiB |     85%      Default |	1696948404598
| 30%   32C    P8    25W / 230W |      8MiB / 24256MiB |      0%      Default |	1696948404598
| 30%   38C    P2    98W / 230W |   2085MiB / 24256MiB |     86%      Default |	1696948405388
| 30%   32C    P8    25W / 230W |      8MiB / 24256MiB |      0%      Default |	1696948405388
| 30%   38C    P2    99W / 230W |   2085MiB / 24256MiB |     86%      Default |	1696948406153
| 30%   32C    P8    25W / 230W |      8MiB / 24256MiB |      0%      Default |	1696948406153
| 30%   38C    P2    99W / 230W |   2085MiB / 24256MiB |     83%      Default |	1696948406927
| 30%   32C    P8    25W / 230W |      8MiB / 24256MiB |      0%      Default |	1696948406927
| 30%   38C    P2   100W / 230W |   2085MiB / 24256MiB |     84%      Default |	1696948407700
| 30%   32C    P8    25W / 230W |      8MiB / 24256MiB |      0%      Default |	1696948407700
| 30%   38C    P2    99W / 230W |   2085MiB / 24256MiB |     60%      Default |	1696948408468
| 30%   32C    P8    25W / 230W |      8MiB / 24256MiB |      0%      Default |	1696948408468
| 30%   38C    P2   101W / 230W |   2085MiB / 24256MiB |     76%      Default |	1696948409213
| 30%   32C    P8    25W / 230W |      8MiB / 24256MiB |      0%      Default |	1696948409213
| 30%   39C    P2   100W / 230W |   2085MiB / 24256MiB |     87%      Default |	1696948409963
| 30%   32C    P8    25W / 230W |      8MiB / 24256MiB |      0%      Default |	1696948409963
| 30%   39C    P2   101W / 230W |   2085MiB / 24256MiB |     87%      Default |	1696948410716
| 30%   32C    P8    25W / 230W |      8MiB / 24256MiB |      0%      Default |	1696948410716
| 30%   39C    P2    99W / 230W |   2085MiB / 24256MiB |     43%      Default |	1696948411476
| 30%   32C    P8    25W / 230W |      8MiB / 24256MiB |      0%      Default |	1696948411476
| 30%   39C    P2   101W / 230W |   2085MiB / 24256MiB |     62%      Default |	1696948412235
| 30%   32C    P8    25W / 230W |      8MiB / 24256MiB |      0%      Default |	1696948412235
| 30%   39C    P2    99W / 230W |   2085MiB / 24256MiB |     78%      Default |	1696948412995
| 30%   32C    P8    25W / 230W |      8MiB / 24256MiB |      0%      Default |	1696948412995
| 30%   39C    P2   100W / 230W |   2085MiB / 24256MiB |     86%      Default |	1696948413754
| 30%   32C    P8    25W / 230W |      8MiB / 24256MiB |      0%      Default |	1696948413754
| 30%   40C    P2   101W / 230W |   2085MiB / 24256MiB |     87%      Default |	1696948414519
| 30%   32C    P8    25W / 230W |      8MiB / 24256MiB |      0%      Default |	1696948414519
| 30%   40C    P2   100W / 230W |   2085MiB / 24256MiB |     44%      Default |	1696948415275
| 30%   32C    P8    25W / 230W |      8MiB / 24256MiB |      0%      Default |	1696948415275
| 30%   40C    P2   101W / 230W |   2085MiB / 24256MiB |     61%      Default |	1696948416035
| 30%   32C    P8    25W / 230W |      8MiB / 24256MiB |      0%      Default |	1696948416035
| 30%   40C    P2   103W / 230W |   2085MiB / 24256MiB |     80%      Default |	1696948416792
| 30%   32C    P8    25W / 230W |      8MiB / 24256MiB |      0%      Default |	1696948416792
| 30%   40C    P2   101W / 230W |   2085MiB / 24256MiB |     82%      Default |	1696948417582
| 30%   32C    P8    25W / 230W |      8MiB / 24256MiB |      0%      Default |	1696948417582
| 30%   40C    P2   101W / 230W |   2085MiB / 24256MiB |     84%      Default |	1696948418334
| 30%   32C    P8    25W / 230W |      8MiB / 24256MiB |      0%      Default |	1696948418334
| 30%   40C    P2   103W / 230W |   2087MiB / 24256MiB |     87%      Default |	1696948419098
| 30%   32C    P8    25W / 230W |      8MiB / 24256MiB |      0%      Default |	1696948419098
| 30%   41C    P2   101W / 230W |   2087MiB / 24256MiB |     66%      Default |	1696948419852
| 30%   32C    P8    25W / 230W |      8MiB / 24256MiB |      0%      Default |	1696948419852
| 30%   41C    P2   103W / 230W |   2087MiB / 24256MiB |     86%      Default |	1696948420619
| 30%   32C    P8    25W / 230W |      8MiB / 24256MiB |      0%      Default |	1696948420619
| 30%   41C    P2   101W / 230W |   2087MiB / 24256MiB |     83%      Default |	1696948421371
| 30%   32C    P8    25W / 230W |      8MiB / 24256MiB |      0%      Default |	1696948421371
| 30%   41C    P2   102W / 230W |   2087MiB / 24256MiB |     87%      Default |	1696948422140
| 30%   32C    P8    25W / 230W |      8MiB / 24256MiB |      0%      Default |	1696948422140
| 30%   41C    P2   104W / 230W |   2087MiB / 24256MiB |     88%      Default |	1696948422899
| 30%   32C    P8    25W / 230W |      8MiB / 24256MiB |      0%      Default |	1696948422899
| 30%   41C    P2   102W / 230W |   2087MiB / 24256MiB |     69%      Default |	1696948423653
| 30%   32C    P8    25W / 230W |      8MiB / 24256MiB |      0%      Default |	1696948423653
| 30%   41C    P2   103W / 230W |   2087MiB / 24256MiB |     86%      Default |	1696948424407
| 30%   32C    P8    25W / 230W |      8MiB / 24256MiB |      0%      Default |	1696948424407
| 30%   41C    P2   102W / 230W |   2087MiB / 24256MiB |     84%      Default |	1696948425171
| 30%   32C    P8    25W / 230W |      8MiB / 24256MiB |      0%      Default |	1696948425171
| 30%   42C    P2   103W / 230W |   2087MiB / 24256MiB |     87%      Default |	1696948425929
| 30%   32C    P8    25W / 230W |      8MiB / 24256MiB |      0%      Default |	1696948425929
| 30%   42C    P2   102W / 230W |   2087MiB / 24256MiB |     51%      Default |	1696948426690
| 30%   32C    P8    25W / 230W |      8MiB / 24256MiB |      0%      Default |	1696948426690
| 30%   42C    P2   103W / 230W |   2087MiB / 24256MiB |     69%      Default |	1696948427450
| 30%   32C    P8    25W / 230W |      8MiB / 24256MiB |      0%      Default |	1696948427450
| 30%   42C    P2   104W / 230W |   2087MiB / 24256MiB |     76%      Default |	1696948428235
| 30%   32C    P8    25W / 230W |      8MiB / 24256MiB |      0%      Default |	1696948428235
| 30%   42C    P2   105W / 230W |   2087MiB / 24256MiB |     87%      Default |	1696948428996
| 30%   32C    P8    25W / 230W |      8MiB / 24256MiB |      0%      Default |	1696948428996
| 30%   42C    P2   103W / 230W |   2087MiB / 24256MiB |     85%      Default |	1696948429749
| 30%   32C    P8    25W / 230W |      8MiB / 24256MiB |      0%      Default |	1696948429749
| 30%   42C    P2   105W / 230W |   2087MiB / 24256MiB |     88%      Default |	1696948430504
| 30%   32C    P8    25W / 230W |      8MiB / 24256MiB |      0%      Default |	1696948430504
| 30%   42C    P2   103W / 230W |   2087MiB / 24256MiB |     59%      Default |	1696948431272
| 30%   32C    P8    25W / 230W |      8MiB / 24256MiB |      0%      Default |	1696948431272
| 30%   43C    P2   104W / 230W |   2087MiB / 24256MiB |     77%      Default |	1696948432034
| 30%   32C    P8    25W / 230W |      8MiB / 24256MiB |      0%      Default |	1696948432034
| 30%   43C    P2   103W / 230W |   2087MiB / 24256MiB |     87%      Default |	1696948432786
| 30%   32C    P8    25W / 230W |      8MiB / 24256MiB |      0%      Default |	1696948432786
| 30%   43C    P2   103W / 230W |   2087MiB / 24256MiB |     87%      Default |	1696948433546
| 30%   32C    P8    25W / 230W |      8MiB / 24256MiB |      0%      Default |	1696948433546
| 30%   43C    P2   105W / 230W |   2087MiB / 24256MiB |     86%      Default |	1696948434304
| 30%   32C    P8    25W / 230W |      8MiB / 24256MiB |      0%      Default |	1696948434304
| 30%   43C    P2   103W / 230W |   2087MiB / 24256MiB |     62%      Default |	1696948435063
| 30%   32C    P8    25W / 230W |      8MiB / 24256MiB |      0%      Default |	1696948435063
| 30%   43C    P2   104W / 230W |   2087MiB / 24256MiB |     78%      Default |	1696948435823
| 30%   32C    P8    25W / 230W |      8MiB / 24256MiB |      0%      Default |	1696948435823
| 30%   43C    P2   103W / 230W |   2089MiB / 24256MiB |     86%      Default |	1696948436577
| 30%   32C    P8    25W / 230W |      8MiB / 24256MiB |      0%      Default |	1696948436577
| 30%   43C    P2   104W / 230W |   2089MiB / 24256MiB |     84%      Default |	1696948437334
| 30%   32C    P8    25W / 230W |      8MiB / 24256MiB |      0%      Default |	1696948437334
| 30%   44C    P2   105W / 230W |   2089MiB / 24256MiB |     86%      Default |	1696948438094
| 30%   32C    P8    25W / 230W |      8MiB / 24256MiB |      0%      Default |	1696948438094
| 30%   44C    P2   104W / 230W |   2089MiB / 24256MiB |     67%      Default |	1696948438848
| 30%   32C    P8    25W / 230W |      8MiB / 24256MiB |      0%      Default |	1696948438848
| 30%   44C    P2   105W / 230W |   2089MiB / 24256MiB |     85%      Default |	1696948439607
| 30%   32C    P8    25W / 230W |      8MiB / 24256MiB |      0%      Default |	1696948439607
| 30%   44C    P2   104W / 230W |   2089MiB / 24256MiB |     87%      Default |	1696948440363
| 30%   32C    P8    25W / 230W |      8MiB / 24256MiB |      0%      Default |	1696948440363
| 30%   44C    P2   105W / 230W |   2089MiB / 24256MiB |     89%      Default |	1696948441119
| 30%   32C    P8    25W / 230W |      8MiB / 24256MiB |      0%      Default |	1696948441119
| 30%   44C    P2   104W / 230W |   2089MiB / 24256MiB |     57%      Default |	1696948441874
| 30%   32C    P8    25W / 230W |      8MiB / 24256MiB |      0%      Default |	1696948441874
| 30%   44C    P2   105W / 230W |   2089MiB / 24256MiB |     76%      Default |	1696948442629
| 30%   32C    P8    25W / 230W |      8MiB / 24256MiB |      0%      Default |	1696948442629
| 30%   44C    P2   103W / 230W |   2089MiB / 24256MiB |     88%      Default |	1696948443389
| 30%   32C    P8    25W / 230W |      8MiB / 24256MiB |      0%      Default |	1696948443389
| 30%   44C    P2   104W / 230W |   2089MiB / 24256MiB |     87%      Default |	1696948444142
| 30%   32C    P8    25W / 230W |      8MiB / 24256MiB |      0%      Default |	1696948444142
| 30%   44C    P2   105W / 230W |   2089MiB / 24256MiB |     87%      Default |	1696948444906
| 30%   32C    P8    25W / 230W |      8MiB / 24256MiB |      0%      Default |	1696948444906
| 30%   45C    P2   104W / 230W |   2089MiB / 24256MiB |     61%      Default |	1696948445664
| 30%   32C    P8    25W / 230W |      8MiB / 24256MiB |      0%      Default |	1696948445664
| 30%   45C    P2   105W / 230W |   2089MiB / 24256MiB |     79%      Default |	1696948446421
| 30%   32C    P8    25W / 230W |      8MiB / 24256MiB |      0%      Default |	1696948446421
| 30%   45C    P2   104W / 230W |   2089MiB / 24256MiB |     86%      Default |	1696948447175
| 30%   32C    P8    25W / 230W |      8MiB / 24256MiB |      0%      Default |	1696948447175
| 30%   45C    P2   104W / 230W |   2089MiB / 24256MiB |     76%      Default |	1696948447931
| 30%   32C    P8    25W / 230W |      8MiB / 24256MiB |      0%      Default |	1696948447931
| 30%   45C    P2   103W / 230W |   2089MiB / 24256MiB |     50%      Default |	1696948448681
| 30%   32C    P8    25W / 230W |      8MiB / 24256MiB |      0%      Default |	1696948448681
| 30%   45C    P2   105W / 230W |   2089MiB / 24256MiB |     67%      Default |	1696948449443
| 30%   32C    P8    25W / 230W |      8MiB / 24256MiB |      0%      Default |	1696948449443
| 30%   45C    P2   106W / 230W |   2089MiB / 24256MiB |     84%      Default |	1696948450208
| 30%   32C    P8    25W / 230W |      8MiB / 24256MiB |      0%      Default |	1696948450208
| 30%   45C    P2   104W / 230W |   2089MiB / 24256MiB |     84%      Default |	1696948450966
| 30%   32C    P8    25W / 230W |      8MiB / 24256MiB |      0%      Default |	1696948450966
| 30%   45C    P2   106W / 230W |   2089MiB / 24256MiB |     87%      Default |	1696948451725
| 30%   32C    P8    25W / 230W |      8MiB / 24256MiB |      0%      Default |	1696948451725
| 30%   45C    P2   105W / 230W |   2089MiB / 24256MiB |     55%      Default |	1696948452478
| 30%   32C    P8    25W / 230W |      8MiB / 24256MiB |      0%      Default |	1696948452478
| 30%   46C    P2   105W / 230W |   2089MiB / 24256MiB |     73%      Default |	1696948453230
| 30%   32C    P8    25W / 230W |      8MiB / 24256MiB |      0%      Default |	1696948453230
| 30%   46C    P2   104W / 230W |   2091MiB / 24256MiB |     87%      Default |	1696948453985
| 30%   32C    P8    25W / 230W |      8MiB / 24256MiB |      0%      Default |	1696948453985
| 30%   46C    P2   105W / 230W |   2091MiB / 24256MiB |     88%      Default |	1696948454743
| 30%   32C    P8    25W / 230W |      8MiB / 24256MiB |      0%      Default |	1696948454743
| 30%   46C    P2   105W / 230W |   2091MiB / 24256MiB |     84%      Default |	1696948455520
| 30%   32C    P8    25W / 230W |      8MiB / 24256MiB |      0%      Default |	1696948455520
| 30%   46C    P2   105W / 230W |   2091MiB / 24256MiB |     84%      Default |	1696948456286
| 30%   32C    P8    25W / 230W |      8MiB / 24256MiB |      0%      Default |	1696948456286
| 30%   46C    P2   104W / 230W |   2091MiB / 24256MiB |     54%      Default |	1696948457056
| 30%   32C    P8    25W / 230W |      8MiB / 24256MiB |      0%      Default |	1696948457056
| 30%   46C    P2   104W / 230W |   2091MiB / 24256MiB |     68%      Default |	1696948457828
| 30%   32C    P8    25W / 230W |      8MiB / 24256MiB |      0%      Default |	1696948457828
| 30%   46C    P2   105W / 230W |   2091MiB / 24256MiB |     77%      Default |	1696948458602
| 30%   32C    P8    25W / 230W |      8MiB / 24256MiB |      0%      Default |	1696948458602
| 30%   46C    P2   104W / 230W |   2091MiB / 24256MiB |     84%      Default |	1696948459373
| 30%   32C    P8    25W / 230W |      8MiB / 24256MiB |      0%      Default |	1696948459373
| 30%   47C    P2   105W / 230W |   2091MiB / 24256MiB |     85%      Default |	1696948460122
| 30%   32C    P8    25W / 230W |      8MiB / 24256MiB |      0%      Default |	1696948460122
| 30%   47C    P2   105W / 230W |   2091MiB / 24256MiB |     51%      Default |	1696948460880
| 30%   32C    P8    25W / 230W |      8MiB / 24256MiB |      0%      Default |	1696948460880
| 30%   47C    P2   105W / 230W |   2091MiB / 24256MiB |     67%      Default |	1696948461633
| 30%   32C    P8    25W / 230W |      8MiB / 24256MiB |      0%      Default |	1696948461633
| 30%   47C    P2   105W / 230W |   2091MiB / 24256MiB |     80%      Default |	1696948462401
| 30%   32C    P8    25W / 230W |      8MiB / 24256MiB |      0%      Default |	1696948462401
| 30%   47C    P2   104W / 230W |   2091MiB / 24256MiB |     84%      Default |	1696948463167
| 30%   32C    P8    25W / 230W |      8MiB / 24256MiB |      0%      Default |	1696948463167
| 30%   47C    P2   105W / 230W |   2091MiB / 24256MiB |     86%      Default |	1696948463940
| 30%   32C    P8    25W / 230W |      8MiB / 24256MiB |      0%      Default |	1696948463940
| 30%   47C    P2   105W / 230W |   2091MiB / 24256MiB |     84%      Default |	1696948464706
| 30%   32C    P8    25W / 230W |      8MiB / 24256MiB |      0%      Default |	1696948464706
| 30%   47C    P2   104W / 230W |   2091MiB / 24256MiB |     51%      Default |	1696948465472
| 30%   32C    P8    25W / 230W |      8MiB / 24256MiB |      0%      Default |	1696948465472
| 30%   47C    P2   104W / 230W |   2189MiB / 24256MiB |     52%      Default |	1696948466271
| 30%   32C    P8    25W / 230W |      8MiB / 24256MiB |      0%      Default |	1696948466271
| 30%   47C    P2   105W / 230W |   2189MiB / 24256MiB |     62%      Default |	1696948467043
| 30%   32C    P8    25W / 230W |      8MiB / 24256MiB |      0%      Default |	1696948467043
| 30%   47C    P2   106W / 230W |   2189MiB / 24256MiB |     73%      Default |	1696948467810
| 30%   32C    P8    25W / 230W |      8MiB / 24256MiB |      0%      Default |	1696948467810
| 30%   47C    P2   104W / 230W |   2189MiB / 24256MiB |     87%      Default |	1696948468582
| 30%   32C    P8    25W / 230W |      8MiB / 24256MiB |      0%      Default |	1696948468582
| 30%   47C    P2   107W / 230W |   2189MiB / 24256MiB |     87%      Default |	1696948469333
| 30%   32C    P8    25W / 230W |      8MiB / 24256MiB |      0%      Default |	1696948469333
| 30%   48C    P2   107W / 230W |   2189MiB / 24256MiB |     87%      Default |	1696948470100
| 30%   32C    P8    25W / 230W |      8MiB / 24256MiB |      0%      Default |	1696948470100
| 30%   48C    P2   105W / 230W |   2189MiB / 24256MiB |     58%      Default |	1696948470854
| 30%   32C    P8    25W / 230W |      8MiB / 24256MiB |      0%      Default |	1696948470854
| 30%   48C    P2   106W / 230W |   2189MiB / 24256MiB |     72%      Default |	1696948471616
| 30%   32C    P8    25W / 230W |      8MiB / 24256MiB |      0%      Default |	1696948471616
| 30%   48C    P2   106W / 230W |   2189MiB / 24256MiB |     85%      Default |	1696948472385
| 30%   32C    P8    25W / 230W |      8MiB / 24256MiB |      0%      Default |	1696948472385
| 30%   48C    P2   105W / 230W |   2191MiB / 24256MiB |     85%      Default |	1696948473154
| 30%   32C    P8    25W / 230W |      8MiB / 24256MiB |      0%      Default |	1696948473154
| 30%   48C    P2   106W / 230W |   2191MiB / 24256MiB |     85%      Default |	1696948473902
| 30%   32C    P8    25W / 230W |      8MiB / 24256MiB |      0%      Default |	1696948473902
| 30%   48C    P2   105W / 230W |   2191MiB / 24256MiB |     47%      Default |	1696948474669
| 30%   32C    P8    25W / 230W |      8MiB / 24256MiB |      0%      Default |	1696948474669
| 30%   48C    P2   106W / 230W |   2191MiB / 24256MiB |     73%      Default |	1696948475420
| 30%   32C    P8    25W / 230W |      8MiB / 24256MiB |      0%      Default |	1696948475420
| 30%   47C    P2   105W / 230W |   2191MiB / 24256MiB |     75%      Default |	1696948476178
| 30%   32C    P8    25W / 230W |      8MiB / 24256MiB |      0%      Default |	1696948476178
| 30%   47C    P2    94W / 230W |   2191MiB / 24256MiB |      0%      Default |	1696948476929
| 30%   32C    P8    25W / 230W |      8MiB / 24256MiB |      0%      Default |	1696948476929
| 30%   47C    P2    89W / 230W |   2176MiB / 24256MiB |      0%      Default |	1696948477689
| 30%   32C    P8    25W / 230W |      5MiB / 24256MiB |      0%      Default |	1696948477689
