255379 root      20   0 2535776  98044  67148 R  94.1   0.0   0:00.17 nts	1696911009947
255379 root      20   0 9599564 214384 113604 S  9229   0.0   0:32.49 nts	1696911010648
255379 root      20   0 9672328 278804 113732 R 194.1   0.0   0:52.03 nts	1696911011349
255379 root      20   0 9672328 278804 113732 R 206.2   0.0   0:53.40 nts	1696911012042
255379 root      20   0 9672328 278804 113732 R 193.8   0.0   0:54.75 nts	1696911012733
255379 root      20   0 9672328 278804 113732 R 188.2   0.0   0:56.12 nts	1696911013425
255379 root      20   0 9672328 278804 113732 R 194.1   0.0   0:57.49 nts	1696911014117
255379 root      20   0 9672328 278804 113732 R 188.2   0.0   0:58.85 nts	1696911014807
255379 root      20   0 9672328 278804 113732 R 194.1   0.0   1:00.21 nts	1696911015498
255379 root      20   0 9672328 278804 113732 R 188.2   0.0   1:01.57 nts	1696911016189
255379 root      20   0 9672328 278804 113732 R 194.1   0.0   1:02.94 nts	1696911016881
255379 root      20   0   10.5g 754980 113856 R  1447   0.1   1:08.49 nts	1696911017572
255379 root      20   0   10.5g 787076 113856 R  1318   0.1   1:17.57 nts	1696911018277
255379 root      20   0   10.5g 794364 113856 R  1394   0.1   1:26.61 nts	1696911018972
255379 root      20   0   10.5g 794880 113856 R  1318   0.1   1:36.04 nts	1696911019667
255379 root      20   0   15.5g 801680 113884 R 206.2   0.1   1:41.47 nts	1696911020362
255379 root      20   0   15.5g 806696 113884 R 188.2   0.1   1:42.81 nts	1696911021055
255379 root      20   0   15.5g 810920 113884 R 200.0   0.1   1:44.15 nts	1696911021746
255379 root      20   0   15.5g 815936 113884 R 200.0   0.1   1:45.48 nts	1696911022434
255379 root      20   0   16.7g 882216 113884 R 450.0   0.1   1:47.13 nts	1696911023121
255379 root      20   0   16.7g   1.0g 113884 R 411.8   0.1   1:50.01 nts	1696911023810
255379 root      20   0   16.7g   1.1g 113884 R 400.0   0.2   1:52.91 nts	1696911024501
255379 root      20   0   16.7g   1.3g 113884 R 429.4   0.2   1:55.90 nts	1696911025197
255379 root      20   0   21.7g   1.3g 113884 R  94.1   0.2   1:57.86 nts	1696911025889
255379 root      20   0   21.7g   1.3g 113884 R 106.2   0.2   1:58.56 nts	1696911026582
255379 root      20   0   21.7g   1.3g 113884 R 106.2   0.2   1:59.25 nts	1696911027272
255379 root      20   0   21.7g   1.3g 113884 R 106.2   0.2   1:59.94 nts	1696911027964
255379 root      20   0   21.7g   1.3g 113884 R 106.2   0.2   2:00.63 nts	1696911028652
255379 root      20   0   22.2g   1.5g 113884 R 106.2   0.2   2:01.32 nts	1696911029344
255379 root      20   0   22.2g   1.7g 113884 R 100.0   0.2   2:02.00 nts	1696911030033
255379 root      20   0   22.2g   1.7g 113884 R 100.0   0.2   2:02.70 nts	1696911030719
255379 root      20   0   22.2g   1.8g 113884 R 100.0   0.2   2:03.39 nts	1696911031411
255379 root      20   0   22.2g   1.8g 113884 R 100.0   0.2   2:04.08 nts	1696911032099
255379 root      20   0   22.2g   1.8g 113884 R 106.2   0.2   2:04.77 nts	1696911032792
255379 root      20   0   22.2g   1.8g 113884 R 100.0   0.2   2:05.46 nts	1696911033485
255379 root      20   0   22.2g   1.8g 113884 R 100.0   0.2   2:06.15 nts	1696911034174
255379 root      20   0   22.2g   1.8g 113884 R  94.1   0.2   2:06.83 nts	1696911034866
255379 root      20   0   22.2g   1.8g 113884 R 106.2   0.2   2:07.52 nts	1696911035554
255379 root      20   0   22.2g   1.8g 113884 R  94.1   0.2   2:08.21 nts	1696911036241
255379 root      20   0   22.2g   1.8g 113884 R 100.0   0.2   2:08.90 nts	1696911036933
255379 root      20   0   22.2g   1.8g 113884 R 106.2   0.2   2:09.60 nts	1696911037622
255379 root      20   0   22.2g   1.8g 113884 R  94.1   0.2   2:10.29 nts	1696911038314
255379 root      20   0   22.2g   1.8g 113884 R  94.1   0.2   2:10.98 nts	1696911039006
255379 root      20   0   22.2g   1.8g 113884 R 100.0   0.2   2:11.67 nts	1696911039695
255379 root      20   0   22.2g   1.8g 113884 R 100.0   0.2   2:12.36 nts	1696911040387
255379 root      20   0   22.2g   1.8g 113884 R 106.2   0.2   2:13.05 nts	1696911041076
255379 root      20   0   22.2g   1.8g 113884 R 100.0   0.2   2:13.74 nts	1696911041763
255379 root      20   0   22.2g   1.8g 113884 R 100.0   0.2   2:14.43 nts	1696911042455
255379 root      20   0   22.2g   1.8g 113884 R 106.2   0.2   2:15.12 nts	1696911043143
255379 root      20   0   22.2g   1.8g 113884 R 100.0   0.2   2:15.81 nts	1696911043836
255379 root      20   0   22.2g   1.8g 113884 R 100.0   0.2   2:16.50 nts	1696911044529
255379 root      20   0   22.2g   1.8g 113884 R  94.1   0.2   2:17.19 nts	1696911045216
255379 root      20   0   22.2g   1.8g 113884 R  94.1   0.2   2:17.88 nts	1696911045909
255379 root      20   0   22.2g   1.8g 113884 R 100.0   0.2   2:18.57 nts	1696911046597
255379 root      20   0   22.2g   1.8g 113884 R 106.2   0.2   2:19.26 nts	1696911047283
255379 root      20   0   22.2g   1.8g 113884 R  94.1   0.2   2:19.94 nts	1696911047975
255379 root      20   0   22.2g   1.8g 113884 R 100.0   0.2   2:20.64 nts	1696911048664
255379 root      20   0   22.2g   1.8g 113884 R  94.1   0.2   2:21.33 nts	1696911049356
255379 root      20   0   22.2g   1.8g 113884 R  94.1   0.2   2:22.02 nts	1696911050049
255379 root      20   0   22.3g   1.8g 114960 R  94.1   0.2   2:23.11 nts	1696911050738
255379 root      20   0   54.8g   1.9g 228360 D   0.0   0.3   2:23.47 nts	1696911051432
255379 root      20   0   55.7g   2.3g 285528 R 106.2   0.3   2:24.03 nts	1696911052123
255379 root      20   0   55.8g   2.4g 307860 R  82.4   0.3   2:24.33 nts	1696911052817
255379 root      20   0   56.3g   2.8g 370740 D  37.5   0.4   2:24.91 nts	1696911053507
255379 root      20   0   56.6g   3.1g 423736 R  94.1   0.4   2:25.33 nts	1696911054193
255379 root      20   0   56.9g   3.4g 489592 D   5.9   0.5   2:25.68 nts	1696911054887
255379 root      20   0   58.1g   3.8g 637148 R 200.0   0.5   2:26.74 nts	1696911055576
255379 root      20   0   58.2g   3.9g 637148 R 200.0   0.5   2:27.72 nts	1696911056263
255379 root      20   0   58.4g   4.0g 637148 R 100.0   0.5   2:28.90 nts	1696911056949
255379 root      20   0   58.6g   4.1g 637492 R 187.5   0.6   2:30.08 nts	1696911057641
255379 root      20   0   59.9g   4.6g   1.2g R 106.2   0.6   2:31.15 nts	1696911058332
255379 root      20   0   59.9g   4.7g   1.2g R 100.0   0.6   2:31.83 nts	1696911059023
255379 root      20   0   59.9g   4.7g   1.2g R  94.1   0.6   2:32.52 nts	1696911059709
255379 root      20   0   60.9g   5.6g   2.1g D  37.5   0.8   2:33.12 nts	1696911060403
255379 root      20   0   60.9g   5.6g   2.1g R 100.0   0.8   2:33.67 nts	1696911061092
255379 root      20   0   60.9g   5.6g   2.1g R 106.2   0.8   2:34.37 nts	1696911061784
255379 root      20   0   60.9g   5.6g   2.1g R 106.2   0.8   2:35.05 nts	1696911062473
255379 root      20   0   60.9g   5.6g   2.1g R  94.1   0.8   2:35.74 nts	1696911063159
255379 root      20   0   60.9g   5.6g   2.1g R 100.0   0.8   2:36.43 nts	1696911063849
255379 root      20   0   60.9g   5.6g   2.1g R  94.1   0.8   2:37.11 nts	1696911064538
255379 root      20   0   60.9g   5.6g   2.1g R  94.1   0.8   2:37.81 nts	1696911065224
255379 root      20   0   60.9g   5.6g   2.1g R  94.1   0.8   2:38.49 nts	1696911065915
255379 root      20   0   60.9g   5.6g   2.1g R 100.0   0.8   2:39.19 nts	1696911066605
255379 root      20   0   60.9g   5.6g   2.1g R 100.0   0.8   2:39.88 nts	1696911067295
255379 root      20   0   60.9g   5.6g   2.1g R 106.2   0.8   2:40.57 nts	1696911067985
255379 root      20   0   60.9g   5.6g   2.1g R 106.2   0.8   2:41.26 nts	1696911068671
255379 root      20   0   60.9g   5.6g   2.1g R 100.0   0.8   2:41.94 nts	1696911069362
255379 root      20   0   60.9g   5.6g   2.1g R  94.1   0.8   2:42.63 nts	1696911070050
255379 root      20   0   60.9g   5.6g   2.1g R 100.0   0.8   2:43.32 nts	1696911070741
255379 root      20   0   60.9g   5.6g   2.1g R  94.1   0.8   2:44.01 nts	1696911071429
255379 root      20   0   60.9g   5.6g   2.1g R 100.0   0.8   2:44.70 nts	1696911072117
255379 root      20   0   60.9g   5.6g   2.1g R  94.1   0.8   2:45.39 nts	1696911072807
255379 root      20   0   60.9g   5.6g   2.1g R 106.2   0.8   2:46.08 nts	1696911073496
255379 root      20   0   60.9g   5.6g   2.1g R 100.0   0.8   2:46.77 nts	1696911074183
255379 root      20   0   60.9g   5.6g   2.1g R 100.0   0.8   2:47.45 nts	1696911074873
255379 root      20   0   60.9g   5.6g   2.1g R 100.0   0.8   2:48.15 nts	1696911075562
255379 root      20   0   60.9g   5.6g   2.1g R 100.0   0.8   2:48.84 nts	1696911076248
255379 root      20   0   60.9g   5.6g   2.1g R 100.0   0.8   2:49.53 nts	1696911076938
255379 root      20   0   60.9g   5.6g   2.1g R  94.1   0.8   2:50.21 nts	1696911077627
255379 root      20   0   60.9g   5.6g   2.1g R  94.1   0.8   2:50.90 nts	1696911078317
255379 root      20   0   60.9g   5.6g   2.1g R 106.2   0.8   2:51.59 nts	1696911079006
255379 root      20   0   60.9g   5.6g   2.1g R 106.2   0.8   2:52.28 nts	1696911079693
255379 root      20   0   60.9g   5.6g   2.1g R 100.0   0.8   2:52.97 nts	1696911080383
255379 root      20   0   60.9g   5.6g   2.1g R  94.1   0.8   2:53.66 nts	1696911081071
255379 root      20   0   60.9g   5.6g   2.1g R 100.0   0.8   2:54.35 nts	1696911081759
255379 root      20   0   60.9g   5.6g   2.1g R  94.1   0.8   2:55.03 nts	1696911082449
255379 root      20   0   60.9g   5.6g   2.1g R  94.1   0.8   2:55.73 nts	1696911083137
255379 root      20   0   60.9g   5.6g   2.1g R  94.1   0.8   2:56.42 nts	1696911083828
255379 root      20   0   60.9g   5.6g   2.1g R  94.1   0.8   2:57.11 nts	1696911084516
255379 root      20   0   60.9g   5.6g   2.1g R 106.2   0.8   2:57.80 nts	1696911085204
255379 root      20   0   60.9g   5.6g   2.1g R 106.2   0.8   2:58.49 nts	1696911085894
255379 root      20   0   60.9g   5.6g   2.1g R 100.0   0.8   2:59.17 nts	1696911086582
255379 root      20   0   60.9g   5.6g   2.1g R  94.1   0.8   2:59.86 nts	1696911087268
255379 root      20   0   60.9g   5.6g   2.1g R  94.1   0.8   3:00.55 nts	1696911087959
255379 root      20   0   60.9g   5.6g   2.1g R 100.0   0.8   3:01.24 nts	1696911088647
255379 root      20   0   60.9g   5.6g   2.1g R  94.1   0.8   3:01.93 nts	1696911089339
255379 root      20   0   60.9g   5.6g   2.1g R 100.0   0.8   3:02.62 nts	1696911090028
255379 root      20   0   60.9g   5.6g   2.1g R  94.1   0.8   3:03.31 nts	1696911090716
255379 root      20   0   60.9g   5.6g   2.1g R 100.0   0.8   3:04.00 nts	1696911091406
255379 root      20   0   60.9g   5.6g   2.1g R 106.2   0.8   3:04.69 nts	1696911092094
255379 root      20   0   60.9g   5.6g   2.1g R 100.0   0.8   3:05.38 nts	1696911092781
255379 root      20   0   60.9g   5.6g   2.1g R 106.2   0.8   3:06.07 nts	1696911093472
255379 root      20   0   60.9g   5.6g   2.1g R 100.0   0.8   3:06.76 nts	1696911094160
255379 root      20   0   60.9g   5.6g   2.1g R 100.0   0.8   3:07.45 nts	1696911094851
255379 root      20   0   60.9g   5.6g   2.1g R  94.1   0.8   3:08.13 nts	1696911095539
255379 root      20   0   60.9g   5.6g   2.1g R  94.1   0.8   3:08.82 nts	1696911096226
255379 root      20   0   60.9g   5.6g   2.1g R 100.0   0.8   3:09.52 nts	1696911096915
255379 root      20   0   60.9g   5.6g   2.1g R  94.1   0.8   3:10.20 nts	1696911097607
255379 root      20   0   60.9g   5.6g   2.1g R 106.2   0.8   3:10.90 nts	1696911098296
255379 root      20   0   60.9g   5.6g   2.1g R 100.0   0.8   3:11.58 nts	1696911098984
255379 root      20   0   60.9g   5.6g   2.1g R 106.2   0.8   3:12.28 nts	1696911099674
255379 root      20   0   60.9g   5.6g   2.1g R 100.0   0.8   3:12.96 nts	1696911100364
255379 root      20   0   60.9g   5.6g   2.1g R 100.0   0.8   3:13.65 nts	1696911101053
255379 root      20   0   60.9g   5.6g   2.1g R  94.1   0.8   3:14.34 nts	1696911101741
255379 root      20   0   60.9g   5.6g   2.1g R  94.1   0.8   3:15.03 nts	1696911102431
255379 root      20   0   60.9g   5.6g   2.1g R 100.0   0.8   3:15.72 nts	1696911103119
255379 root      20   0   60.9g   5.6g   2.1g R 100.0   0.8   3:16.41 nts	1696911103806
255379 root      20   0   60.9g   5.6g   2.1g R 100.0   0.8   3:17.10 nts	1696911104496
255379 root      20   0   60.9g   5.6g   2.1g R 100.0   0.8   3:17.79 nts	1696911105185
255379 root      20   0   60.9g   5.6g   2.1g R  94.1   0.8   3:18.48 nts	1696911105877
255379 root      20   0   60.9g   5.6g   2.1g R 100.0   0.8   3:19.16 nts	1696911106567
255379 root      20   0   60.9g   5.6g   2.1g R 106.2   0.8   3:19.86 nts	1696911107253
255379 root      20   0   60.9g   5.6g   2.1g R 106.2   0.8   3:20.55 nts	1696911107943
255379 root      20   0   60.9g   5.6g   2.1g R  94.1   0.8   3:21.23 nts	1696911108631
255379 root      20   0   60.9g   5.6g   2.1g R  94.1   0.8   3:21.92 nts	1696911109318
255379 root      20   0   60.9g   5.6g   2.1g R 100.0   0.8   3:22.62 nts	1696911110008
255379 root      20   0   60.9g   5.6g   2.1g R 100.0   0.8   3:23.31 nts	1696911110696
255379 root      20   0   60.9g   5.6g   2.1g R 100.0   0.8   3:24.00 nts	1696911111387
255379 root      20   0   60.9g   5.6g   2.1g R 100.0   0.8   3:24.67 nts	1696911112075
255379 root      20   0   60.9g   5.6g   2.1g R 100.0   0.8   3:25.37 nts	1696911112762
255379 root      20   0   60.9g   5.6g   2.1g R 100.0   0.8   3:26.06 nts	1696911113453
255379 root      20   0   60.9g   5.6g   2.1g R 106.2   0.8   3:26.75 nts	1696911114142
255379 root      20   0   60.9g   5.6g   2.1g R  94.1   0.8   3:27.44 nts	1696911114829
255379 root      20   0   60.9g   5.6g   2.1g R  94.1   0.8   3:28.13 nts	1696911115519
255379 root      20   0   60.9g   5.6g   2.1g R 100.0   0.8   3:28.82 nts	1696911116207
255379 root      20   0   60.9g   5.6g   2.1g R 100.0   0.8   3:29.51 nts	1696911116897
255379 root      20   0   60.9g   5.6g   2.1g R 100.0   0.8   3:30.19 nts	1696911117586
255379 root      20   0   60.9g   5.6g   2.1g R 100.0   0.8   3:30.88 nts	1696911118273
255379 root      20   0   60.9g   5.6g   2.1g R 100.0   0.8   3:31.57 nts	1696911118964
255379 root      20   0   60.9g   5.6g   2.1g R 100.0   0.8   3:32.26 nts	1696911119652
255379 root      20   0   60.9g   5.6g   2.1g R 100.0   0.8   3:32.95 nts	1696911120339
255379 root      20   0   60.9g   5.6g   2.1g R  94.1   0.8   3:33.64 nts	1696911121029
255379 root      20   0   60.9g   5.6g   2.1g R  94.1   0.8   3:34.33 nts	1696911121720
255379 root      20   0   60.9g   5.6g   2.1g R 100.0   0.8   3:35.02 nts	1696911122411
255379 root      20   0   60.9g   5.6g   2.1g R  94.1   0.8   3:35.71 nts	1696911123100
255379 root      20   0   60.9g   5.6g   2.1g R  94.1   0.8   3:36.40 nts	1696911123790
255379 root      20   0   60.9g   5.6g   2.1g R  94.1   0.8   3:37.09 nts	1696911124477
255379 root      20   0   60.9g   5.6g   2.1g R 100.0   0.8   3:37.78 nts	1696911125166
255379 root      20   0   60.9g   5.6g   2.1g R 100.0   0.8   3:38.47 nts	1696911125855
255379 root      20   0   60.9g   5.6g   2.1g R 106.2   0.8   3:39.16 nts	1696911126544
255379 root      20   0   60.9g   5.6g   2.1g R 106.2   0.8   3:39.85 nts	1696911127232
255379 root      20   0   60.9g   5.6g   2.1g R 100.0   0.8   3:40.53 nts	1696911127921
255379 root      20   0   60.9g   5.6g   2.1g R 100.0   0.8   3:41.23 nts	1696911128609
255379 root      20   0   60.9g   5.6g   2.1g R  94.1   0.8   3:41.91 nts	1696911129300
255379 root      20   0   60.9g   5.6g   2.1g R 100.0   0.8   3:42.61 nts	1696911129988
255379 root      20   0   60.9g   5.6g   2.1g R 100.0   0.8   3:43.30 nts	1696911130677
255379 root      20   0   60.9g   5.6g   2.1g R 100.0   0.8   3:43.99 nts	1696911131366
255379 root      20   0   61.1g   5.8g   2.1g D  11.8   0.8   3:44.81 nts	1696911132055
255379 root      20   0  188.7g   5.8g   2.2g S  1406   0.8   3:47.65 nts	1696911132748
255379 root      20   0  196.9g   6.1g   2.2g S 676.5   0.8   3:53.95 nts	1696911133444
255379 root      20   0  204.8g   6.1g   2.3g S  1141   0.8   4:01.69 nts	1696911134137
255379 root      20   0  205.3g   6.2g   2.3g S  1465   0.9   4:08.25 nts	1696911134830
255379 root      20   0  205.6g   6.2g   2.4g S 205.9   0.9   4:14.17 nts	1696911135526
255379 root      20   0  207.3g   6.3g   2.5g S  1353   0.9   4:22.54 nts	1696911136230
255379 root      20   0  207.2g   6.4g   2.5g S  1553   0.9   4:29.58 nts	1696911136926
255379 root      20   0  207.8g   6.4g   2.6g S  1525   0.9   4:38.87 nts	1696911137622
255379 root      20   0  208.3g   6.5g   2.6g S  1176   0.9   4:46.29 nts	1696911138317
255379 root      20   0  208.2g   6.5g   2.7g S 393.8   0.9   4:54.28 nts	1696911139012
255379 root      20   0  208.7g   6.6g   2.7g S  1776   0.9   5:03.14 nts	1696911139707
255379 root      20   0  208.4g   6.7g   2.8g S 294.1   0.9   5:10.28 nts	1696911140406
255379 root      20   0  208.7g   6.7g   2.8g S  1612   0.9   5:19.78 nts	1696911141098
255379 root      20   0  209.0g   6.8g   2.9g S 958.8   0.9   5:26.75 nts	1696911141795
255379 root      20   0  208.8g   6.8g   3.0g S 823.5   0.9   5:35.11 nts	1696911142489
255379 root      20   0  209.2g   6.9g   3.0g S  1141   0.9   5:42.68 nts	1696911143185
255379 root      20   0  209.4g   6.9g   3.1g S  1088   1.0   5:51.88 nts	1696911143881
255379 root      20   0  209.5g   7.0g   3.1g S  1924   1.0   5:59.51 nts	1696911144580
255379 root      20   0  209.6g   7.0g   3.2g S  1056   1.0   6:07.61 nts	1696911145282
255379 root      20   0  209.7g   7.1g   3.2g S  1571   1.0   6:15.61 nts	1696911145979
255379 root      20   0  209.8g   7.1g   3.3g S  1153   1.0   6:23.55 nts	1696911146675
255379 root      20   0  209.9g   7.2g   3.3g S  1638   1.0   6:31.57 nts	1696911147372
255379 root      20   0  210.0g   7.3g   3.4g S  1241   1.0   6:39.71 nts	1696911148068
255379 root      20   0  210.0g   7.4g   3.5g S  1741   1.0   6:48.17 nts	1696911148763
255379 root      20   0  210.9g   7.4g   3.5g S  1882   1.0   6:57.15 nts	1696911149458
255379 root      20   0  210.7g   7.4g   3.6g S 894.1   1.0   7:04.02 nts	1696911150157
255379 root      20   0  211.1g   7.5g   3.6g S  1482   1.0   7:13.13 nts	1696911150853
255379 root      20   0  210.9g   7.5g   3.7g S  2282   1.0   7:22.25 nts	1696911151549
255379 root      20   0  211.1g   7.6g   3.8g S  1624   1.1   7:32.00 nts	1696911152244
255379 root      20   0  211.4g   7.7g   3.8g S  1882   1.1   7:40.40 nts	1696911152940
255379 root      20   0  211.2g   7.7g   3.9g S 770.6   1.1   7:47.91 nts	1696911153640
255379 root      20   0  211.6g   7.8g   3.9g S 770.6   1.1   7:54.63 nts	1696911154336
255379 root      20   0  229.8g   7.8g   4.0g S  1029   1.1   8:02.25 nts	1696911155028
255379 root      20   0  231.1g   7.9g   4.0g S  1435   1.1   8:12.91 nts	1696911155723
255379 root      20   0  231.6g   7.9g   4.1g S  1359   1.1   8:20.48 nts	1696911156418
255379 root      20   0  231.8g   8.1g   4.2g S  1706   1.1   8:30.67 nts	1696911157112
255379 root      20   0  231.9g   8.1g   4.2g S  1535   1.1   8:37.55 nts	1696911157811
255379 root      20   0  232.0g   8.2g   4.3g S  1494   1.1   8:46.95 nts	1696911158509
255379 root      20   0  231.7g   8.2g   4.4g S 747.1   1.1   8:53.38 nts	1696911159206
255379 root      20   0  231.8g   8.3g   4.4g S  1519   1.1   9:02.83 nts	1696911159901
255379 root      20   0  232.2g   8.3g   4.5g S  1094   1.1   9:10.12 nts	1696911160598
255379 root      20   0  232.0g   8.4g   4.5g S 905.9   1.2   9:19.27 nts	1696911161293
255379 root      20   0  232.5g   8.5g   4.6g S  1488   1.2   9:27.76 nts	1696911161990
255379 root      20   0  232.2g   8.5g   4.6g S 329.4   1.2   9:34.69 nts	1696911162686
255379 root      20   0  232.6g   8.6g   4.7g S  1500   1.2   9:43.78 nts	1696911163379
255379 root      20   0  232.4g   8.6g   4.7g S 311.8   1.2   9:50.34 nts	1696911164074
255379 root      20   0  232.8g   8.7g   4.8g S 964.7   1.2   9:59.93 nts	1696911164767
255379 root      20   0  232.9g   8.7g   4.9g S 788.2   1.2  10:06.96 nts	1696911165463
255379 root      20   0  232.7g   8.8g   4.9g S 870.6   1.2  10:15.80 nts	1696911166158
255379 root      20   0  233.1g   8.8g   5.0g S  1100   1.2  10:23.05 nts	1696911166852
255379 root      20   0  233.2g   8.9g   5.0g S  1165   1.2  10:32.33 nts	1696911167548
255379 root      20   0  233.3g   8.9g   5.1g S  1476   1.2  10:39.95 nts	1696911168243
255379 root      20   0  233.4g   9.0g   5.1g S  1147   1.2  10:48.31 nts	1696911168940
255379 root      20   0  233.2g   9.0g   5.2g S  1765   1.2  10:56.87 nts	1696911169634
255379 root      20   0  234.1g   9.1g   5.3g S  1059   1.3  11:04.44 nts	1696911170334
255379 root      20   0  234.0g   9.2g   5.3g S  1641   1.3  11:12.66 nts	1696911171029
255379 root      20   0  234.4g   9.2g   5.4g S  1541   1.3  11:21.54 nts	1696911171724
255379 root      20   0  234.5g   9.3g   5.4g S  1229   1.3  11:29.32 nts	1696911172420
255379 root      20   0  234.5g   9.3g   5.5g S  1265   1.3  11:35.89 nts	1696911173116
255379 root      20   0  234.6g   9.4g   5.5g S  1275   1.3  11:48.18 nts	1696911173811
255379 root      20   0  234.8g   9.5g   5.6g S  1547   1.3  11:55.90 nts	1696911174506
255379 root      20   0  234.8g   9.5g   5.6g S 843.8   1.3  12:05.89 nts	1696911175202
255379 root      20   0  233.2g   9.5g   5.7g S  1524   1.3  12:16.23 nts	1696911175895
255379 root      20   0  234.2g   9.6g   5.8g S  1412   1.3  12:25.37 nts	1696911176598
255379 root      20   0  235.2g   9.7g   5.8g S  1329   1.3  12:33.37 nts	1696911177295
255379 root      20   0  235.4g   9.7g   5.9g S  1024   1.3  12:41.77 nts	1696911177991
255379 root      20   0  235.5g   9.9g   5.9g S  1641   1.4  12:51.72 nts	1696911178686
255379 root      20   0  235.6g   9.8g   6.0g S  1344   1.4  13:00.11 nts	1696911179381
255379 root      20   0  235.7g   9.9g   6.1g S  1124   1.4  13:10.81 nts	1696911180097
255379 root      20   0  235.8g  10.0g   6.1g S  1541   1.4  13:18.73 nts	1696911180794
255379 root      20   0  236.6g  10.0g   6.2g S  1059   1.4  13:26.87 nts	1696911181490
255379 root      20   0  236.7g  10.1g   6.2g S  1618   1.4  13:35.05 nts	1696911182185
255379 root      20   0  236.9g  10.2g   6.3g S  1465   1.4  13:44.11 nts	1696911182884
255379 root      20   0  236.6g  10.2g   6.4g S  1429   1.4  13:50.79 nts	1696911183580
255379 root      20   0  237.0g  10.3g   6.4g S 917.6   1.4  14:00.09 nts	1696911184276
255379 root      20   0  237.1g  10.3g   6.5g S  1169   1.4  14:07.37 nts	1696911184982
255379 root      20   0  236.9g  10.4g   6.5g S 911.8   1.4  14:16.12 nts	1696911185676
255379 root      20   0  237.3g  10.4g   6.6g S  1259   1.4  14:23.89 nts	1696911186373
255379 root      20   0  237.1g  10.5g   6.6g S 317.6   1.4  14:31.80 nts	1696911187068
255379 root      20   0  237.5g  10.6g   6.7g S  1553   1.5  14:41.08 nts	1696911187764
255379 root      20   0  237.6g  10.6g   6.7g S 976.5   1.5  14:48.43 nts	1696911188459
255379 root      20   0  237.4g  10.7g   6.8g S 794.1   1.5  14:57.33 nts	1696911189155
255379 root      20   0  237.8g  10.7g   6.9g S 858.8   1.5  15:03.93 nts	1696911189851
255379 root      20   0  237.6g  10.8g   6.9g S  1012   1.5  15:13.43 nts	1696911190546
255379 root      20   0  238.1g  10.8g   7.0g S  1175   1.5  15:20.40 nts	1696911191242
255379 root      20   0  237.9g  10.9g   7.0g S 723.5   1.5  15:29.18 nts	1696911191938
255379 root      20   0  238.3g  11.0g   7.1g S  1918   1.5  15:38.10 nts	1696911192635
255379 root      20   0  238.1g  11.0g   7.1g S 529.4   1.5  15:45.01 nts	1696911193335
255379 root      20   0  238.5g  11.1g   7.2g S  1535   1.5  15:54.25 nts	1696911194030
255379 root      20   0  238.6g  11.1g   7.3g S 864.7   1.5  16:01.43 nts	1696911194726
255379 root      20   0  238.7g  11.2g   7.3g S  1638   1.5  16:10.20 nts	1696911195421
255379 root      20   0  238.8g  11.2g   7.4g S 517.6   1.5  16:16.75 nts	1696911196117
255379 root      20   0       0      0      0 Z  94.1   0.0  16:19.94 nts	1696911196811
255379 root      20   0       0      0      0 Z 100.0   0.0  16:20.50 nts	1696911197504
255379 root      20   0       0      0      0 Z  41.2   0.0  16:21.08 nts	1696911198197
255379 root      20   0       0      0      0 Z  94.1   0.0  16:21.62 nts	1696911198887
