| 27%   39C    P8    22W / 250W |     10MiB / 11019MiB |      0%      Default |	1687326956396
| 27%   39C    P8    22W / 250W |     10MiB / 11019MiB |      0%      Default |	1687326956943
| 27%   39C    P8    22W / 250W |     10MiB / 11019MiB |      0%      Default |	1687326957496
| 27%   39C    P8    22W / 250W |     10MiB / 11019MiB |      0%      Default |	1687326958071
| 27%   39C    P8    22W / 250W |     10MiB / 11019MiB |      0%      Default |	1687326958600
| 27%   39C    P8    22W / 250W |     10MiB / 11019MiB |      0%      Default |	1687326959141
| 27%   39C    P8    22W / 250W |     10MiB / 11019MiB |      0%      Default |	1687326959677
| 27%   39C    P8    22W / 250W |     10MiB / 11019MiB |      0%      Default |	1687326960213
| 27%   39C    P8    22W / 250W |     10MiB / 11019MiB |      0%      Default |	1687326960752
| 27%   39C    P8    22W / 250W |     10MiB / 11019MiB |      0%      Default |	1687326961293
| 27%   39C    P8    22W / 250W |     10MiB / 11019MiB |      0%      Default |	1687326961829
| 27%   39C    P8    22W / 250W |     10MiB / 11019MiB |      0%      Default |	1687326962370
| 27%   39C    P8    22W / 250W |     10MiB / 11019MiB |      0%      Default |	1687326962909
| 27%   39C    P8    22W / 250W |     10MiB / 11019MiB |      0%      Default |	1687326963446
| 27%   39C    P8    22W / 250W |     10MiB / 11019MiB |      0%      Default |	1687326963985
| 27%   39C    P8    22W / 250W |     10MiB / 11019MiB |      0%      Default |	1687326964527
| 27%   39C    P8    22W / 250W |     10MiB / 11019MiB |      0%      Default |	1687326965072
| 27%   39C    P8    22W / 250W |     10MiB / 11019MiB |      0%      Default |	1687326965611
| 27%   39C    P8    22W / 250W |     10MiB / 11019MiB |      0%      Default |	1687326966151
| 27%   39C    P8    22W / 250W |     10MiB / 11019MiB |      0%      Default |	1687326966693
| 27%   39C    P8    22W / 250W |     10MiB / 11019MiB |      0%      Default |	1687326967233
| 27%   39C    P8    22W / 250W |     10MiB / 11019MiB |      0%      Default |	1687326967771
| 27%   39C    P8    22W / 250W |     10MiB / 11019MiB |      0%      Default |	1687326968310
| 27%   39C    P8    22W / 250W |     10MiB / 11019MiB |      0%      Default |	1687326968849
| 27%   39C    P8    22W / 250W |     10MiB / 11019MiB |      0%      Default |	1687326969389
| 27%   39C    P8    22W / 250W |     10MiB / 11019MiB |      0%      Default |	1687326969928
| 27%   39C    P8    22W / 250W |     10MiB / 11019MiB |      0%      Default |	1687326970467
| 27%   39C    P8    22W / 250W |     10MiB / 11019MiB |      0%      Default |	1687326971010
| 27%   39C    P8    22W / 250W |     10MiB / 11019MiB |      0%      Default |	1687326971551
| 27%   39C    P8    22W / 250W |     10MiB / 11019MiB |      0%      Default |	1687326972090
| 27%   39C    P8    22W / 250W |     10MiB / 11019MiB |      0%      Default |	1687326972645
| 27%   39C    P8    22W / 250W |     10MiB / 11019MiB |      0%      Default |	1687326973184
| 27%   39C    P8    22W / 250W |     10MiB / 11019MiB |      0%      Default |	1687326973723
| 27%   39C    P8    22W / 250W |     10MiB / 11019MiB |      0%      Default |	1687326974261
| 27%   39C    P8    22W / 250W |     10MiB / 11019MiB |      0%      Default |	1687326974799
| 27%   39C    P8    22W / 250W |     10MiB / 11019MiB |      0%      Default |	1687326975337
| 27%   39C    P8    22W / 250W |     10MiB / 11019MiB |      0%      Default |	1687326975874
| 27%   39C    P8    22W / 250W |     10MiB / 11019MiB |      0%      Default |	1687326976409
| 27%   39C    P8    22W / 250W |     10MiB / 11019MiB |      0%      Default |	1687326976949
| 27%   39C    P8    22W / 250W |     10MiB / 11019MiB |      0%      Default |	1687326977487
| 27%   39C    P8    22W / 250W |     10MiB / 11019MiB |      0%      Default |	1687326978025
| 27%   39C    P8    22W / 250W |     10MiB / 11019MiB |      0%      Default |	1687326978566
| 27%   39C    P8    22W / 250W |     10MiB / 11019MiB |      0%      Default |	1687326979104
| 27%   39C    P8    22W / 250W |     10MiB / 11019MiB |      0%      Default |	1687326979643
| 27%   39C    P8    22W / 250W |     10MiB / 11019MiB |      0%      Default |	1687326980182
| 27%   39C    P8    22W / 250W |     10MiB / 11019MiB |      0%      Default |	1687326980721
| 27%   39C    P8    22W / 250W |     10MiB / 11019MiB |      0%      Default |	1687326981259
| 27%   39C    P8    22W / 250W |     10MiB / 11019MiB |      0%      Default |	1687326981796
| 27%   39C    P8    22W / 250W |     10MiB / 11019MiB |      0%      Default |	1687326982332
| 27%   39C    P8    22W / 250W |     10MiB / 11019MiB |      0%      Default |	1687326982877
| 27%   39C    P8    22W / 250W |     10MiB / 11019MiB |      0%      Default |	1687326983413
| 27%   39C    P8    22W / 250W |     10MiB / 11019MiB |      0%      Default |	1687326983950
| 27%   39C    P8    22W / 250W |     10MiB / 11019MiB |      0%      Default |	1687326984490
| 27%   39C    P8    22W / 250W |     10MiB / 11019MiB |      0%      Default |	1687326985028
| 27%   39C    P8    22W / 250W |     10MiB / 11019MiB |      0%      Default |	1687326985576
| 27%   39C    P8    22W / 250W |     10MiB / 11019MiB |      0%      Default |	1687326986107
| 27%   39C    P8    22W / 250W |     10MiB / 11019MiB |      0%      Default |	1687326986642
| 27%   39C    P8    22W / 250W |     10MiB / 11019MiB |      0%      Default |	1687326987180
| 27%   39C    P8    22W / 250W |     10MiB / 11019MiB |      0%      Default |	1687326987721
| 27%   39C    P8    22W / 250W |     10MiB / 11019MiB |      0%      Default |	1687326988258
| 27%   39C    P8    22W / 250W |     10MiB / 11019MiB |      0%      Default |	1687326988797
| 27%   39C    P8    22W / 250W |     10MiB / 11019MiB |      0%      Default |	1687326989335
| 27%   39C    P8    22W / 250W |     10MiB / 11019MiB |      0%      Default |	1687326989875
| 27%   39C    P8    22W / 250W |     10MiB / 11019MiB |      0%      Default |	1687326990415
| 27%   39C    P8    22W / 250W |     10MiB / 11019MiB |      0%      Default |	1687326990951
| 27%   39C    P8    22W / 250W |     10MiB / 11019MiB |      0%      Default |	1687326991490
| 27%   39C    P8    22W / 250W |     10MiB / 11019MiB |      0%      Default |	1687326992028
| 27%   39C    P8    22W / 250W |     10MiB / 11019MiB |      0%      Default |	1687326992566
| 27%   39C    P8    22W / 250W |     10MiB / 11019MiB |      0%      Default |	1687326993106
| 27%   39C    P0    23W / 250W |     54MiB / 11019MiB |      0%      Default |	1687326993647
| 27%   40C    P2    55W / 250W |    410MiB / 11019MiB |      2%      Default |	1687326994195
| 27%   40C    P2    55W / 250W |    632MiB / 11019MiB |      2%      Default |	1687326994734
| 27%   40C    P2    55W / 250W |    852MiB / 11019MiB |      5%      Default |	1687326995273
| 26%   41C    P2    55W / 250W |    852MiB / 11019MiB |      5%      Default |	1687326995811
| 26%   41C    P2    55W / 250W |    852MiB / 11019MiB |      1%      Default |	1687326996348
| 27%   41C    P2    55W / 250W |    852MiB / 11019MiB |      1%      Default |	1687326996886
| 27%   41C    P2    55W / 250W |    852MiB / 11019MiB |      0%      Default |	1687326997425
| 27%   41C    P2    55W / 250W |    852MiB / 11019MiB |      0%      Default |	1687326997964
| 27%   41C    P2    55W / 250W |    852MiB / 11019MiB |      0%      Default |	1687326998503
| 27%   41C    P2    55W / 250W |    852MiB / 11019MiB |      0%      Default |	1687326999043
| 27%   41C    P2    55W / 250W |    852MiB / 11019MiB |      0%      Default |	1687326999580
| 27%   41C    P2    55W / 250W |    852MiB / 11019MiB |      0%      Default |	1687327000119
| 27%   41C    P2    55W / 250W |    852MiB / 11019MiB |      0%      Default |	1687327000657
| 27%   41C    P2    55W / 250W |    852MiB / 11019MiB |      0%      Default |	1687327001194
| 27%   41C    P2    55W / 250W |    852MiB / 11019MiB |      0%      Default |	1687327001736
| 27%   41C    P2    55W / 250W |    852MiB / 11019MiB |      0%      Default |	1687327002273
| 27%   41C    P2    55W / 250W |    852MiB / 11019MiB |      0%      Default |	1687327002810
| 27%   42C    P2    55W / 250W |    852MiB / 11019MiB |      0%      Default |	1687327003349
| 27%   42C    P2    55W / 250W |    852MiB / 11019MiB |      0%      Default |	1687327003887
| 27%   42C    P2    55W / 250W |    852MiB / 11019MiB |      0%      Default |	1687327004426
| 27%   42C    P2    55W / 250W |    852MiB / 11019MiB |      0%      Default |	1687327004967
| 27%   42C    P2    55W / 250W |    852MiB / 11019MiB |      0%      Default |	1687327005506
| 27%   42C    P2    55W / 250W |    852MiB / 11019MiB |      0%      Default |	1687327006047
| 27%   42C    P2    55W / 250W |    852MiB / 11019MiB |      0%      Default |	1687327006584
| 27%   42C    P2    55W / 250W |    852MiB / 11019MiB |      0%      Default |	1687327007127
| 27%   42C    P2    55W / 250W |    852MiB / 11019MiB |      0%      Default |	1687327007665
| 27%   42C    P2    55W / 250W |    852MiB / 11019MiB |      0%      Default |	1687327008200
| 27%   42C    P2    55W / 250W |    866MiB / 11019MiB |      0%      Default |	1687327008740
| 27%   42C    P2    55W / 250W |    866MiB / 11019MiB |      1%      Default |	1687327009274
| 27%   42C    P2    55W / 250W |    866MiB / 11019MiB |      1%      Default |	1687327009808
| 27%   42C    P2    55W / 250W |    866MiB / 11019MiB |      0%      Default |	1687327010344
| 27%   42C    P2    55W / 250W |    866MiB / 11019MiB |      0%      Default |	1687327010883
| 27%   42C    P2    55W / 250W |    866MiB / 11019MiB |      0%      Default |	1687327011423
| 27%   42C    P2    55W / 250W |    866MiB / 11019MiB |      0%      Default |	1687327011960
| 27%   42C    P8    22W / 250W |    866MiB / 11019MiB |      0%      Default |	1687327012498
| 26%   42C    P8    22W / 250W |    866MiB / 11019MiB |      0%      Default |	1687327013038
| 26%   41C    P8    22W / 250W |    866MiB / 11019MiB |      0%      Default |	1687327013577
| 27%   41C    P8    22W / 250W |    866MiB / 11019MiB |      0%      Default |	1687327014115
| 27%   41C    P8    22W / 250W |    866MiB / 11019MiB |      0%      Default |	1687327014655
| 27%   41C    P8    22W / 250W |    866MiB / 11019MiB |      0%      Default |	1687327015191
| 27%   41C    P8    22W / 250W |    866MiB / 11019MiB |      0%      Default |	1687327015729
| 27%   41C    P8    22W / 250W |    866MiB / 11019MiB |      0%      Default |	1687327016268
| 27%   41C    P8    22W / 250W |    866MiB / 11019MiB |      0%      Default |	1687327016806
| 27%   41C    P8    22W / 250W |    866MiB / 11019MiB |      0%      Default |	1687327017345
| 27%   41C    P8    22W / 250W |    866MiB / 11019MiB |      0%      Default |	1687327017884
| 27%   42C    P2    34W / 250W |    906MiB / 11019MiB |      0%      Default |	1687327018423
| 27%   42C    P2    55W / 250W |    906MiB / 11019MiB |      0%      Default |	1687327018959
| 27%   42C    P2    55W / 250W |    906MiB / 11019MiB |      0%      Default |	1687327019494
| 27%   42C    P2    55W / 250W |    906MiB / 11019MiB |      0%      Default |	1687327020028
| 26%   42C    P2    55W / 250W |    906MiB / 11019MiB |      0%      Default |	1687327020562
| 26%   42C    P2    55W / 250W |    906MiB / 11019MiB |      0%      Default |	1687327021096
| 27%   43C    P2    55W / 250W |    906MiB / 11019MiB |      0%      Default |	1687327021632
| 27%   43C    P2    55W / 250W |    906MiB / 11019MiB |      0%      Default |	1687327022164
| 27%   43C    P2    55W / 250W |    906MiB / 11019MiB |      0%      Default |	1687327022720
| 27%   43C    P2    55W / 250W |    906MiB / 11019MiB |      0%      Default |	1687327023246
| 27%   43C    P2    55W / 250W |    906MiB / 11019MiB |      0%      Default |	1687327023781
| 27%   43C    P2    55W / 250W |    906MiB / 11019MiB |      0%      Default |	1687327024315
| 27%   43C    P2    55W / 250W |    906MiB / 11019MiB |      0%      Default |	1687327024850
| 27%   43C    P2    55W / 250W |    906MiB / 11019MiB |      0%      Default |	1687327025387
| 27%   43C    P2    55W / 250W |    906MiB / 11019MiB |      0%      Default |	1687327025920
| 27%   43C    P2    55W / 250W |    906MiB / 11019MiB |      0%      Default |	1687327026454
| 27%   43C    P2    55W / 250W |    906MiB / 11019MiB |      0%      Default |	1687327026988
| 27%   43C    P2    55W / 250W |    906MiB / 11019MiB |      0%      Default |	1687327027521
| 27%   43C    P2    55W / 250W |    906MiB / 11019MiB |      0%      Default |	1687327028055
| 27%   43C    P2    55W / 250W |    906MiB / 11019MiB |      0%      Default |	1687327028591
| 27%   43C    P2    55W / 250W |    906MiB / 11019MiB |      0%      Default |	1687327029126
| 27%   43C    P2    55W / 250W |    906MiB / 11019MiB |      0%      Default |	1687327029661
| 27%   43C    P2    55W / 250W |    906MiB / 11019MiB |      0%      Default |	1687327030196
| 27%   43C    P2    55W / 250W |    906MiB / 11019MiB |      0%      Default |	1687327030732
| 27%   43C    P2    55W / 250W |    906MiB / 11019MiB |      0%      Default |	1687327031270
| 27%   44C    P2    55W / 250W |    906MiB / 11019MiB |      0%      Default |	1687327031802
| 27%   44C    P2    55W / 250W |    906MiB / 11019MiB |      0%      Default |	1687327032337
| 27%   44C    P2    55W / 250W |    906MiB / 11019MiB |      0%      Default |	1687327032883
| 27%   44C    P2    55W / 250W |    906MiB / 11019MiB |      0%      Default |	1687327033422
| 27%   44C    P2    55W / 250W |    906MiB / 11019MiB |      0%      Default |	1687327033956
| 27%   44C    P2    55W / 250W |    906MiB / 11019MiB |      0%      Default |	1687327034494
| 27%   44C    P2    55W / 250W |    906MiB / 11019MiB |      0%      Default |	1687327035029
| 27%   43C    P8    22W / 250W |    906MiB / 11019MiB |      0%      Default |	1687327035569
| 26%   43C    P8    22W / 250W |    906MiB / 11019MiB |      0%      Default |	1687327036105
| 26%   43C    P8    22W / 250W |    906MiB / 11019MiB |      0%      Default |	1687327036664
| 27%   43C    P8    22W / 250W |    906MiB / 11019MiB |      0%      Default |	1687327037204
| 27%   43C    P8    22W / 250W |    906MiB / 11019MiB |      0%      Default |	1687327037740
| 27%   43C    P8    22W / 250W |    906MiB / 11019MiB |      0%      Default |	1687327038276
| 27%   43C    P8    22W / 250W |    906MiB / 11019MiB |      0%      Default |	1687327038815
| 27%   43C    P8    22W / 250W |    906MiB / 11019MiB |      0%      Default |	1687327039360
| 27%   43C    P8    22W / 250W |    906MiB / 11019MiB |      0%      Default |	1687327039895
| 27%   43C    P8    22W / 250W |    906MiB / 11019MiB |      0%      Default |	1687327040430
| 27%   43C    P8    22W / 250W |    906MiB / 11019MiB |      0%      Default |	1687327040965
| 27%   43C    P8    22W / 250W |    906MiB / 11019MiB |      0%      Default |	1687327041501
| 27%   43C    P8    22W / 250W |    906MiB / 11019MiB |      0%      Default |	1687327042043
| 27%   42C    P8    22W / 250W |    906MiB / 11019MiB |      0%      Default |	1687327042578
| 27%   42C    P8    22W / 250W |    906MiB / 11019MiB |      0%      Default |	1687327043115
| 27%   42C    P8    22W / 250W |    906MiB / 11019MiB |      0%      Default |	1687327043651
| 27%   42C    P8    22W / 250W |    906MiB / 11019MiB |      0%      Default |	1687327044185
| 27%   42C    P8    22W / 250W |    906MiB / 11019MiB |      0%      Default |	1687327044722
| 27%   42C    P8    22W / 250W |    906MiB / 11019MiB |      0%      Default |	1687327045257
| 27%   42C    P8    22W / 250W |    906MiB / 11019MiB |      0%      Default |	1687327045792
| 27%   42C    P8    22W / 250W |    906MiB / 11019MiB |      0%      Default |	1687327046328
| 27%   42C    P8    22W / 250W |    906MiB / 11019MiB |      0%      Default |	1687327046864
| 27%   42C    P8    22W / 250W |    906MiB / 11019MiB |      0%      Default |	1687327047400
| 27%   42C    P8    22W / 250W |    906MiB / 11019MiB |      0%      Default |	1687327047937
| 27%   42C    P8    22W / 250W |    906MiB / 11019MiB |      0%      Default |	1687327048473
| 27%   42C    P8    22W / 250W |    906MiB / 11019MiB |      0%      Default |	1687327049006
| 27%   42C    P8    22W / 250W |    906MiB / 11019MiB |      0%      Default |	1687327049547
| 27%   42C    P8    22W / 250W |    906MiB / 11019MiB |      0%      Default |	1687327050080
| 27%   42C    P8    22W / 250W |    906MiB / 11019MiB |      0%      Default |	1687327050618
| 27%   42C    P8    22W / 250W |    906MiB / 11019MiB |      0%      Default |	1687327051157
| 27%   42C    P8    22W / 250W |    906MiB / 11019MiB |      0%      Default |	1687327051693
| 27%   42C    P8    22W / 250W |    906MiB / 11019MiB |      0%      Default |	1687327052228
| 27%   42C    P8    22W / 250W |    906MiB / 11019MiB |      0%      Default |	1687327052763
| 27%   42C    P8    22W / 250W |    906MiB / 11019MiB |      0%      Default |	1687327053300
| 27%   42C    P8    22W / 250W |    906MiB / 11019MiB |      0%      Default |	1687327053836
| 27%   42C    P8    22W / 250W |    906MiB / 11019MiB |      0%      Default |	1687327054374
| 27%   42C    P8    22W / 250W |    906MiB / 11019MiB |      0%      Default |	1687327054911
| 27%   42C    P8    22W / 250W |    906MiB / 11019MiB |      0%      Default |	1687327055444
| 27%   42C    P8    22W / 250W |    906MiB / 11019MiB |      0%      Default |	1687327055981
| 27%   42C    P8    22W / 250W |    906MiB / 11019MiB |      0%      Default |	1687327056536
| 27%   42C    P8    22W / 250W |    906MiB / 11019MiB |      0%      Default |	1687327057071
| 27%   42C    P8    22W / 250W |    906MiB / 11019MiB |      0%      Default |	1687327057611
| 27%   42C    P8    22W / 250W |    906MiB / 11019MiB |      0%      Default |	1687327058146
| 27%   42C    P8    22W / 250W |    906MiB / 11019MiB |      0%      Default |	1687327058686
| 27%   42C    P8    22W / 250W |    906MiB / 11019MiB |      0%      Default |	1687327059219
| 27%   42C    P8    22W / 250W |    906MiB / 11019MiB |      0%      Default |	1687327059757
| 27%   42C    P8    22W / 250W |    906MiB / 11019MiB |      0%      Default |	1687327060329
| 27%   42C    P8    22W / 250W |    906MiB / 11019MiB |      0%      Default |	1687327060876
| 27%   42C    P8    22W / 250W |    906MiB / 11019MiB |      0%      Default |	1687327061410
| 27%   42C    P8    22W / 250W |    906MiB / 11019MiB |      0%      Default |	1687327061947
| 27%   42C    P8    22W / 250W |    906MiB / 11019MiB |      0%      Default |	1687327062482
| 27%   42C    P8    22W / 250W |    906MiB / 11019MiB |      0%      Default |	1687327063016
| 27%   42C    P8    22W / 250W |    906MiB / 11019MiB |      0%      Default |	1687327063553
| 27%   42C    P8    22W / 250W |    906MiB / 11019MiB |      0%      Default |	1687327064105
| 27%   42C    P8    22W / 250W |    906MiB / 11019MiB |      0%      Default |	1687327064649
| 27%   42C    P8    22W / 250W |    906MiB / 11019MiB |      0%      Default |	1687327065190
| 27%   42C    P8    22W / 250W |    906MiB / 11019MiB |      0%      Default |	1687327065727
| 27%   42C    P8    22W / 250W |    906MiB / 11019MiB |      0%      Default |	1687327066265
| 27%   42C    P8    22W / 250W |    906MiB / 11019MiB |      0%      Default |	1687327066805
| 27%   42C    P8    22W / 250W |    906MiB / 11019MiB |      0%      Default |	1687327067349
| 27%   42C    P8    22W / 250W |    906MiB / 11019MiB |      0%      Default |	1687327067888
| 27%   42C    P8    22W / 250W |    906MiB / 11019MiB |      0%      Default |	1687327068423
| 27%   42C    P8    22W / 250W |    906MiB / 11019MiB |      0%      Default |	1687327068958
| 27%   42C    P8    22W / 250W |    906MiB / 11019MiB |      0%      Default |	1687327069499
| 27%   42C    P8    22W / 250W |    906MiB / 11019MiB |      0%      Default |	1687327070040
| 27%   42C    P8    22W / 250W |    906MiB / 11019MiB |      0%      Default |	1687327070579
| 27%   42C    P8    22W / 250W |    906MiB / 11019MiB |      0%      Default |	1687327071115
| 27%   42C    P8    22W / 250W |    906MiB / 11019MiB |      0%      Default |	1687327071652
| 27%   42C    P8    22W / 250W |    906MiB / 11019MiB |      0%      Default |	1687327072187
| 27%   42C    P8    22W / 250W |    906MiB / 11019MiB |      0%      Default |	1687327072722
| 27%   42C    P8    22W / 250W |    906MiB / 11019MiB |      0%      Default |	1687327073262
| 27%   42C    P8    22W / 250W |    906MiB / 11019MiB |      0%      Default |	1687327073816
| 27%   42C    P8    22W / 250W |    906MiB / 11019MiB |      0%      Default |	1687327074356
| 27%   42C    P8    22W / 250W |    906MiB / 11019MiB |      0%      Default |	1687327074894
| 27%   42C    P8    22W / 250W |    906MiB / 11019MiB |      0%      Default |	1687327075435
| 27%   42C    P8    22W / 250W |    906MiB / 11019MiB |      0%      Default |	1687327075970
| 27%   42C    P8    22W / 250W |    906MiB / 11019MiB |      0%      Default |	1687327076507
| 27%   42C    P8    22W / 250W |    906MiB / 11019MiB |      0%      Default |	1687327077045
| 27%   42C    P8    22W / 250W |    906MiB / 11019MiB |      0%      Default |	1687327077582
| 27%   42C    P8    22W / 250W |    906MiB / 11019MiB |      0%      Default |	1687327078119
| 27%   42C    P8    22W / 250W |    906MiB / 11019MiB |      0%      Default |	1687327078670
| 27%   42C    P8    22W / 250W |    906MiB / 11019MiB |      0%      Default |	1687327079206
| 27%   42C    P8    22W / 250W |    906MiB / 11019MiB |      0%      Default |	1687327079741
| 27%   42C    P8    22W / 250W |    906MiB / 11019MiB |      0%      Default |	1687327080274
| 27%   42C    P8    22W / 250W |    906MiB / 11019MiB |      0%      Default |	1687327080808
| 27%   42C    P8    22W / 250W |    906MiB / 11019MiB |      0%      Default |	1687327081341
| 27%   42C    P8    22W / 250W |    906MiB / 11019MiB |      0%      Default |	1687327081879
| 27%   42C    P8    22W / 250W |    906MiB / 11019MiB |      0%      Default |	1687327082415
| 27%   42C    P8    22W / 250W |    906MiB / 11019MiB |      0%      Default |	1687327082954
| 27%   42C    P8    22W / 250W |    906MiB / 11019MiB |      0%      Default |	1687327083492
| 27%   42C    P8    22W / 250W |    906MiB / 11019MiB |      0%      Default |	1687327084030
| 27%   42C    P8    22W / 250W |    906MiB / 11019MiB |      0%      Default |	1687327084564
| 27%   42C    P8    22W / 250W |    906MiB / 11019MiB |      0%      Default |	1687327085120
| 27%   42C    P8    22W / 250W |    906MiB / 11019MiB |      0%      Default |	1687327085666
| 27%   42C    P8    22W / 250W |    906MiB / 11019MiB |      0%      Default |	1687327086200
| 27%   42C    P8    22W / 250W |    906MiB / 11019MiB |      0%      Default |	1687327086734
| 27%   42C    P2    52W / 250W |    914MiB / 11019MiB |      0%      Default |	1687327087270
| 27%   43C    P2    55W / 250W |   2860MiB / 11019MiB |      0%      Default |	1687327087804
| 27%   43C    P2    55W / 250W |   5100MiB / 11019MiB |      5%      Default |	1687327088456
| 27%   44C    P2    85W / 250W |   9188MiB / 11019MiB |      5%      Default |	1687327088996
| 27%   45C    P2   109W / 250W |  10914MiB / 11019MiB |     43%      Default |	1687327089533
| 27%   45C    P2   105W / 250W |   9720MiB / 11019MiB |     43%      Default |	1687327090070
| 27%   46C    P2   117W / 250W |  10908MiB / 11019MiB |     96%      Default |	1687327090621
| 27%   46C    P2    93W / 250W |   9942MiB / 11019MiB |     96%      Default |	1687327091160
| 28%   46C    P2   104W / 250W |   8586MiB / 11019MiB |     96%      Default |	1687327091698
| 29%   47C    P2    98W / 250W |   9704MiB / 11019MiB |     96%      Default |	1687327092234
| 30%   46C    P2   112W / 250W |   9676MiB / 11019MiB |     97%      Default |	1687327092765
| 30%   47C    P2    98W / 250W |  10902MiB / 11019MiB |     97%      Default |	1687327093308
| 30%   47C    P2   118W / 250W |  10710MiB / 11019MiB |     95%      Default |	1687327093853
| 31%   47C    P2    96W / 250W |   8778MiB / 11019MiB |     92%      Default |	1687327094398
| 31%   47C    P2   119W / 250W |  10492MiB / 11019MiB |     92%      Default |	1687327094955
| 31%   47C    P2    89W / 250W |  10388MiB / 11019MiB |     92%      Default |	1687327095490
| 32%   48C    P2   130W / 250W |  10892MiB / 11019MiB |     92%      Default |	1687327096028
| 32%   48C    P2   114W / 250W |  10730MiB / 11019MiB |     95%      Default |	1687327096564
| 32%   49C    P2   132W / 250W |  10078MiB / 11019MiB |     95%      Default |	1687327097099
| 32%   48C    P2   117W / 250W |   9906MiB / 11019MiB |     96%      Default |	1687327097647
| 33%   48C    P2   110W / 250W |   9478MiB / 11019MiB |     96%      Default |	1687327098194
| 33%   48C    P2   137W / 250W |   8554MiB / 11019MiB |     96%      Default |	1687327098748
| 33%   49C    P2   105W / 250W |   9864MiB / 11019MiB |     96%      Default |	1687327099285
| 34%   49C    P2   131W / 250W |  10640MiB / 11019MiB |     97%      Default |	1687327099820
| 34%   49C    P2   101W / 250W |   8864MiB / 11019MiB |     96%      Default |	1687327100368
| 34%   49C    P2   131W / 250W |  10958MiB / 11019MiB |     96%      Default |	1687327100908
| 34%   49C    P2   101W / 250W |   9262MiB / 11019MiB |     97%      Default |	1687327101445
| 35%   49C    P2   121W / 250W |   8886MiB / 11019MiB |     97%      Default |	1687327102000
| 35%   49C    P2   117W / 250W |  10624MiB / 11019MiB |     95%      Default |	1687327102545
| 35%   50C    P2   128W / 250W |  10636MiB / 11019MiB |     95%      Default |	1687327103096
| 35%   49C    P2   107W / 250W |  10754MiB / 11019MiB |     88%      Default |	1687327103630
| 36%   50C    P2   120W / 250W |  10146MiB / 11019MiB |     88%      Default |	1687327104167
| 36%   50C    P2   101W / 250W |   9722MiB / 11019MiB |     87%      Default |	1687327104727
| 36%   50C    P2   121W / 250W |  10972MiB / 11019MiB |     87%      Default |	1687327105262
| 36%   51C    P2   100W / 250W |  10146MiB / 11019MiB |     96%      Default |	1687327105804
| 37%   50C    P2   104W / 250W |   8844MiB / 11019MiB |     96%      Default |	1687327106338
| 37%   51C    P2    81W / 250W |  10310MiB / 11019MiB |     89%      Default |	1687327106875
| 37%   50C    P2   122W / 250W |   8996MiB / 11019MiB |     83%      Default |	1687327107415
| 37%   51C    P2   134W / 250W |  10276MiB / 11019MiB |     83%      Default |	1687327107947
| 38%   51C    P2   113W / 250W |   9028MiB / 11019MiB |     95%      Default |	1687327108518
| 38%   51C    P2   125W / 250W |  10886MiB / 11019MiB |     95%      Default |	1687327109067
| 38%   52C    P2   109W / 250W |  10300MiB / 11019MiB |     95%      Default |	1687327109601
| 38%   51C    P2   111W / 250W |   9940MiB / 11019MiB |     95%      Default |	1687327110134
| 39%   52C    P2   129W / 250W |   9676MiB / 11019MiB |     98%      Default |	1687327110667
| 39%   52C    P2   127W / 250W |   8996MiB / 11019MiB |     98%      Default |	1687327111217
| 39%   52C    P2   155W / 250W |  10984MiB / 11019MiB |     98%      Default |	1687327111784
| 39%   52C    P2    91W / 250W |  11010MiB / 11019MiB |     98%      Default |	1687327112334
| 39%   52C    P2   100W / 250W |   8390MiB / 11019MiB |     89%      Default |	1687327112872
| 40%   52C    P2   105W / 250W |  10776MiB / 11019MiB |     91%      Default |	1687327113424
| 40%   52C    P2   115W / 250W |   9600MiB / 11019MiB |     91%      Default |	1687327113958
| 40%   52C    P2   125W / 250W |  10348MiB / 11019MiB |     82%      Default |	1687327114494
| 40%   52C    P2   113W / 250W |   8616MiB / 11019MiB |     82%      Default |	1687327115029
| 40%   53C    P2   139W / 250W |  10476MiB / 11019MiB |     95%      Default |	1687327115567
| 40%   52C    P2   102W / 250W |   8654MiB / 11019MiB |     95%      Default |	1687327116105
| 41%   53C    P2   131W / 250W |   9662MiB / 11019MiB |     95%      Default |	1687327116636
| 41%   52C    P2   103W / 250W |   9466MiB / 11019MiB |     95%      Default |	1687327117175
| 41%   53C    P2   104W / 250W |  10598MiB / 11019MiB |     95%      Default |	1687327117714
| 41%   52C    P2    97W / 250W |   9448MiB / 11019MiB |     95%      Default |	1687327118282
| 41%   53C    P2   106W / 250W |  10222MiB / 11019MiB |     96%      Default |	1687327118832
| 41%   53C    P2   104W / 250W |   9670MiB / 11019MiB |     96%      Default |	1687327119384
| 42%   53C    P2   133W / 250W |   9798MiB / 11019MiB |     95%      Default |	1687327119949
| 42%   53C    P2    97W / 250W |   8516MiB / 11019MiB |     95%      Default |	1687327120499
| 42%   53C    P2   108W / 250W |   9824MiB / 11019MiB |     95%      Default |	1687327121036
| 42%   53C    P2   125W / 250W |  11000MiB / 11019MiB |     95%      Default |	1687327121608
| 42%   53C    P2    99W / 250W |   9746MiB / 11019MiB |     95%      Default |	1687327122147
| 42%   54C    P2   135W / 250W |  10172MiB / 11019MiB |     96%      Default |	1687327122692
| 42%   53C    P2   108W / 250W |   8848MiB / 11019MiB |     96%      Default |	1687327123227
| 43%   54C    P2   129W / 250W |  10532MiB / 11019MiB |     97%      Default |	1687327123789
| 43%   54C    P2    98W / 250W |   9952MiB / 11019MiB |     97%      Default |	1687327124324
| 43%   54C    P2   138W / 250W |   9768MiB / 11019MiB |     95%      Default |	1687327124860
| 43%   54C    P2   132W / 250W |  10778MiB / 11019MiB |     95%      Default |	1687327125397
| 43%   54C    P2   107W / 250W |   9098MiB / 11019MiB |     96%      Default |	1687327125942
| 43%   54C    P2   131W / 250W |   9244MiB / 11019MiB |     90%      Default |	1687327126486
| 44%   54C    P2   122W / 250W |  10132MiB / 11019MiB |     90%      Default |	1687327127040
| 44%   54C    P2   125W / 250W |   8896MiB / 11019MiB |     83%      Default |	1687327127576
| 44%   55C    P2   134W / 250W |  10914MiB / 11019MiB |     83%      Default |	1687327128120
| 44%   54C    P2   104W / 250W |   9262MiB / 11019MiB |     95%      Default |	1687327128674
| 44%   54C    P2   111W / 250W |  10332MiB / 11019MiB |     95%      Default |	1687327129224
| 44%   55C    P2   132W / 250W |  10190MiB / 11019MiB |     91%      Default |	1687327129759
| 44%   55C    P2   123W / 250W |   8844MiB / 11019MiB |     91%      Default |	1687327130294
| 44%   55C    P2   131W / 250W |  10956MiB / 11019MiB |     87%      Default |	1687327130829
| 45%   55C    P2   113W / 250W |  10518MiB / 11019MiB |     87%      Default |	1687327131389
| 45%   55C    P2   117W / 250W |   9938MiB / 11019MiB |     92%      Default |	1687327131928
| 45%   55C    P2   124W / 250W |  10656MiB / 11019MiB |     90%      Default |	1687327132478
| 45%   55C    P2   117W / 250W |  10236MiB / 11019MiB |     90%      Default |	1687327133017
| 45%   55C    P2   130W / 250W |  10228MiB / 11019MiB |     90%      Default |	1687327133556
| 45%   55C    P2    97W / 250W |   8898MiB / 11019MiB |     90%      Default |	1687327134112
| 45%   56C    P2   137W / 250W |  10780MiB / 11019MiB |     95%      Default |	1687327134673
| 45%   55C    P2   128W / 250W |   8874MiB / 11019MiB |     95%      Default |	1687327135216
| 46%   56C    P2   140W / 250W |  11016MiB / 11019MiB |     95%      Default |	1687327135756
| 46%   56C    P2    88W / 250W |  10000MiB / 11019MiB |     95%      Default |	1687327136308
| 46%   56C    P2   120W / 250W |   9338MiB / 11019MiB |     82%      Default |	1687327136851
| 46%   56C    P2   109W / 250W |  10956MiB / 11019MiB |     82%      Default |	1687327137391
| 46%   56C    P2   107W / 250W |   8826MiB / 11019MiB |     97%      Default |	1687327137950
| 46%   56C    P2   137W / 250W |  10942MiB / 11019MiB |     98%      Default |	1687327138494
| 46%   56C    P2   111W / 250W |   9600MiB / 11019MiB |     98%      Default |	1687327139034
| 46%   56C    P2   128W / 250W |  10870MiB / 11019MiB |     99%      Default |	1687327139572
| 46%   56C    P2   112W / 250W |  10326MiB / 11019MiB |     99%      Default |	1687327140128
| 46%   56C    P2   109W / 250W |   9884MiB / 11019MiB |     97%      Default |	1687327140667
| 47%   57C    P2   113W / 250W |  10308MiB / 11019MiB |     97%      Default |	1687327141206
| 47%   56C    P2   124W / 250W |  10840MiB / 11019MiB |     96%      Default |	1687327141769
| 47%   56C    P2   108W / 250W |   8958MiB / 11019MiB |     96%      Default |	1687327142314
| 47%   56C    P2   135W / 250W |  11012MiB / 11019MiB |     95%      Default |	1687327142855
| 47%   56C    P2   109W / 250W |   9228MiB / 11019MiB |     95%      Default |	1687327143392
| 47%   56C    P2   126W / 250W |  10712MiB / 11019MiB |     95%      Default |	1687327143923
| 47%   57C    P2   118W / 250W |  10318MiB / 11019MiB |     95%      Default |	1687327144486
| 48%   57C    P2   113W / 250W |  10794MiB / 11019MiB |     94%      Default |	1687327145054
| 48%   57C    P2   110W / 250W |   9288MiB / 11019MiB |     91%      Default |	1687327145585
| 48%   57C    P2   125W / 250W |  10000MiB / 11019MiB |     91%      Default |	1687327146144
| 48%   57C    P2   141W / 250W |  10966MiB / 11019MiB |     96%      Default |	1687327146670
| 48%   57C    P2   110W / 250W |   8858MiB / 11019MiB |     96%      Default |	1687327147230
| 48%   57C    P2   134W / 250W |  10334MiB / 11019MiB |     97%      Default |	1687327147774
| 48%   57C    P2   134W / 250W |   9850MiB / 11019MiB |     97%      Default |	1687327148308
| 48%   57C    P2   112W / 250W |   9620MiB / 11019MiB |     93%      Default |	1687327148845
| 48%   57C    P2   127W / 250W |  10998MiB / 11019MiB |     93%      Default |	1687327149415
| 48%   57C    P2   126W / 250W |  10348MiB / 11019MiB |     96%      Default |	1687327149946
| 48%   57C    P2    96W / 250W |   9108MiB / 11019MiB |     96%      Default |	1687327150495
| 48%   57C    P2   127W / 250W |  10788MiB / 11019MiB |     91%      Default |	1687327151046
| 49%   58C    P2   120W / 250W |   9916MiB / 11019MiB |     88%      Default |	1687327151603
| 49%   57C    P2   108W / 250W |   8914MiB / 11019MiB |     88%      Default |	1687327152138
| 49%   57C    P2   129W / 250W |  10766MiB / 11019MiB |     95%      Default |	1687327152680
| 49%   58C    P2   118W / 250W |  10038MiB / 11019MiB |     95%      Default |	1687327153237
| 49%   57C    P2   127W / 250W |   8582MiB / 11019MiB |     86%      Default |	1687327153771
| 49%   58C    P2   136W / 250W |  10904MiB / 11019MiB |     86%      Default |	1687327154324
| 49%   57C    P2   112W / 250W |   9940MiB / 11019MiB |     91%      Default |	1687327154859
| 49%   58C    P2   133W / 250W |  10924MiB / 11019MiB |     91%      Default |	1687327155413
| 49%   58C    P2   105W / 250W |   8874MiB / 11019MiB |     92%      Default |	1687327155953
| 49%   58C    P2   143W / 250W |  10808MiB / 11019MiB |     92%      Default |	1687327156489
| 49%   58C    P2   140W / 250W |  10530MiB / 11019MiB |     96%      Default |	1687327157029
| 50%   58C    P2   120W / 250W |   9898MiB / 11019MiB |     96%      Default |	1687327157571
| 50%   58C    P2   113W / 250W |  10476MiB / 11019MiB |     96%      Default |	1687327158105
| 50%   57C    P2   108W / 250W |   8536MiB / 11019MiB |     97%      Default |	1687327158661
| 50%   58C    P2   135W / 250W |  10882MiB / 11019MiB |     97%      Default |	1687327159199
| 50%   58C    P2    86W / 250W |   8458MiB / 11019MiB |     87%      Default |	1687327159775
| 50%   58C    P2   139W / 250W |   9496MiB / 11019MiB |     87%      Default |	1687327160324
| 50%   58C    P2   129W / 250W |  10968MiB / 11019MiB |     88%      Default |	1687327160868
| 50%   58C    P2   120W / 250W |   8620MiB / 11019MiB |     88%      Default |	1687327161406
| 50%   58C    P2    97W / 250W |   9970MiB / 11019MiB |     88%      Default |	1687327161940
| 50%   58C    P2   106W / 250W |   9574MiB / 11019MiB |     88%      Default |	1687327162475
| 50%   58C    P2    97W / 250W |   9066MiB / 11019MiB |     87%      Default |	1687327163011
| 50%   58C    P2   120W / 250W |   9074MiB / 11019MiB |     87%      Default |	1687327163550
| 50%   58C    P2   102W / 250W |   9594MiB / 11019MiB |     96%      Default |	1687327164086
| 50%   58C    P2   138W / 250W |  10970MiB / 11019MiB |     96%      Default |	1687327164641
| 50%   58C    P2   111W / 250W |   9866MiB / 11019MiB |     96%      Default |	1687327165175
| 51%   58C    P2   127W / 250W |  10370MiB / 11019MiB |     95%      Default |	1687327165712
| 51%   58C    P2   127W / 250W |   8992MiB / 11019MiB |     95%      Default |	1687327166249
| 51%   58C    P2   138W / 250W |  10634MiB / 11019MiB |     95%      Default |	1687327166787
| 51%   58C    P2   101W / 250W |   8950MiB / 11019MiB |     95%      Default |	1687327167320
| 51%   58C    P2   140W / 250W |  10296MiB / 11019MiB |     97%      Default |	1687327167857
| 51%   58C    P2   124W / 250W |   9972MiB / 11019MiB |     97%      Default |	1687327168410
| 51%   59C    P2   117W / 250W |   9498MiB / 11019MiB |     97%      Default |	1687327168949
| 51%   58C    P2   103W / 250W |  10908MiB / 11019MiB |     97%      Default |	1687327169504
| 51%   58C    P2    96W / 250W |   9990MiB / 11019MiB |     93%      Default |	1687327170044
| 51%   59C    P2   124W / 250W |  10968MiB / 11019MiB |     93%      Default |	1687327170607
| 51%   58C    P2   100W / 250W |   9022MiB / 11019MiB |     97%      Default |	1687327171131
| 51%   59C    P2   117W / 250W |  10988MiB / 11019MiB |     96%      Default |	1687327171667
| 51%   59C    P2   121W / 250W |  10512MiB / 11019MiB |     96%      Default |	1687327172206
| 51%   59C    P2   111W / 250W |   9016MiB / 11019MiB |     96%      Default |	1687327172755
| 51%   58C    P2   121W / 250W |   8628MiB / 11019MiB |     96%      Default |	1687327173304
| 51%   59C    P2   124W / 250W |  10492MiB / 11019MiB |     91%      Default |	1687327173839
| 51%   58C    P2   131W / 250W |  10770MiB / 11019MiB |     91%      Default |	1687327174379
| 52%   59C    P2   137W / 250W |  10190MiB / 11019MiB |     84%      Default |	1687327174912
| 52%   59C    P2   102W / 250W |   9738MiB / 11019MiB |     84%      Default |	1687327175468
| 52%   59C    P2   127W / 250W |  10380MiB / 11019MiB |     95%      Default |	1687327176007
| 52%   59C    P2   110W / 250W |  10146MiB / 11019MiB |     95%      Default |	1687327176549
| 52%   59C    P2   119W / 250W |   8834MiB / 11019MiB |     95%      Default |	1687327177090
| 52%   59C    P2   132W / 250W |  10352MiB / 11019MiB |     95%      Default |	1687327177628
| 52%   59C    P2   108W / 250W |   9076MiB / 11019MiB |     85%      Default |	1687327178164
| 52%   59C    P2   133W / 250W |  11000MiB / 11019MiB |     90%      Default |	1687327178697
| 52%   59C    P2   110W / 250W |  10306MiB / 11019MiB |     90%      Default |	1687327179265
| 52%   59C    P2   126W / 250W |   9140MiB / 11019MiB |     92%      Default |	1687327179802
| 52%   59C    P2   140W / 250W |  10864MiB / 11019MiB |     92%      Default |	1687327180341
| 52%   59C    P2   120W / 250W |  10082MiB / 11019MiB |     88%      Default |	1687327180883
| 52%   59C    P2   126W / 250W |  10984MiB / 11019MiB |     88%      Default |	1687327181422
| 52%   60C    P2   109W / 250W |   9670MiB / 11019MiB |     96%      Default |	1687327181982
| 52%   59C    P2   138W / 250W |   9052MiB / 11019MiB |     96%      Default |	1687327182518
| 52%   59C    P2   123W / 250W |   7296MiB / 11019MiB |     94%      Default |	1687327183060
| 52%   59C    P2   118W / 250W |   8900MiB / 11019MiB |     94%      Default |	1687327183604
| 52%   59C    P2   137W / 250W |  11008MiB / 11019MiB |     78%      Default |	1687327184138
| 52%   59C    P2   108W / 250W |   8942MiB / 11019MiB |     99%      Default |	1687327184678
| 52%   59C    P2   132W / 250W |  10976MiB / 11019MiB |     99%      Default |	1687327185240
| 52%   59C    P2    95W / 250W |   9436MiB / 11019MiB |     92%      Default |	1687327185764
| 52%   60C    P2   139W / 250W |  10816MiB / 11019MiB |     92%      Default |	1687327186300
| 52%   59C    P2   106W / 250W |   8684MiB / 11019MiB |     97%      Default |	1687327186836
| 52%   60C    P2   149W / 250W |  11002MiB / 11019MiB |     97%      Default |	1687327187373
| 52%   59C    P2   106W / 250W |   9482MiB / 11019MiB |     96%      Default |	1687327187910
| 52%   59C    P2   108W / 250W |   9692MiB / 11019MiB |     96%      Default |	1687327188460
| 53%   60C    P2   116W / 250W |  10602MiB / 11019MiB |     97%      Default |	1687327188984
| 53%   59C    P2   135W / 250W |   9132MiB / 11019MiB |     97%      Default |	1687327189521
| 53%   60C    P2   109W / 250W |   9818MiB / 11019MiB |     96%      Default |	1687327190052
| 53%   60C    P2   139W / 250W |  10984MiB / 11019MiB |     96%      Default |	1687327190586
| 53%   59C    P2   122W / 250W |   9936MiB / 11019MiB |     96%      Default |	1687327191126
| 53%   60C    P2   130W / 250W |   9814MiB / 11019MiB |     96%      Default |	1687327191662
| 53%   59C    P2   126W / 250W |  11008MiB / 11019MiB |     94%      Default |	1687327192210
| 53%   59C    P2   116W / 250W |   9740MiB / 11019MiB |     95%      Default |	1687327192743
| 53%   60C    P2   133W / 250W |  10706MiB / 11019MiB |     95%      Default |	1687327193284
| 53%   60C    P2   114W / 250W |   9834MiB / 11019MiB |     95%      Default |	1687327193821
| 53%   60C    P2   117W / 250W |  10388MiB / 11019MiB |     95%      Default |	1687327194360
| 53%   59C    P2   105W / 250W |  10472MiB / 11019MiB |     94%      Default |	1687327194912
| 53%   60C    P2   116W / 250W |  10954MiB / 11019MiB |     94%      Default |	1687327195459
| 53%   59C    P2    90W / 250W |   8914MiB / 11019MiB |     94%      Default |	1687327196008
| 53%   59C    P2   124W / 250W |   8640MiB / 11019MiB |     94%      Default |	1687327196544
| 53%   60C    P2   143W / 250W |  10774MiB / 11019MiB |     94%      Default |	1687327197082
| 53%   59C    P2    88W / 250W |  10402MiB / 11019MiB |     94%      Default |	1687327197646
| 53%   60C    P2   128W / 250W |  10866MiB / 11019MiB |     86%      Default |	1687327198184
| 53%   61C    P2   104W / 250W |   9884MiB / 11019MiB |     86%      Default |	1687327198711
| 53%   60C    P2   127W / 250W |   9116MiB / 11019MiB |     96%      Default |	1687327199246
| 53%   61C    P2   148W / 250W |  10826MiB / 11019MiB |     97%      Default |	1687327199781
| 53%   61C    P2   102W / 250W |   9354MiB / 11019MiB |     97%      Default |	1687327200338
| 54%   60C    P2   131W / 250W |  10962MiB / 11019MiB |     88%      Default |	1687327200870
| 54%   60C    P2   108W / 250W |   9036MiB / 11019MiB |     88%      Default |	1687327201412
| 54%   60C    P2   127W / 250W |  10944MiB / 11019MiB |     92%      Default |	1687327201946
| 54%   61C    P2   110W / 250W |  10186MiB / 11019MiB |     92%      Default |	1687327202481
| 54%   60C    P2   109W / 250W |   8836MiB / 11019MiB |     97%      Default |	1687327203027
| 54%   60C    P2   138W / 250W |  10892MiB / 11019MiB |     97%      Default |	1687327203564
| 54%   60C    P2   112W / 250W |   9144MiB / 11019MiB |     97%      Default |	1687327204119
| 54%   60C    P2   132W / 250W |  10990MiB / 11019MiB |     97%      Default |	1687327204653
| 54%   60C    P2   100W / 250W |   8884MiB / 11019MiB |     96%      Default |	1687327205187
| 54%   60C    P2   125W / 250W |  11014MiB / 11019MiB |     96%      Default |	1687327205754
| 54%   60C    P2    97W / 250W |   8856MiB / 11019MiB |     98%      Default |	1687327206270
| 54%   60C    P2   106W / 250W |   7786MiB / 11019MiB |     87%      Default |	1687327206810
| 54%   60C    P2   132W / 250W |  10978MiB / 11019MiB |     87%      Default |	1687327207349
| 54%   60C    P2   108W / 250W |   9730MiB / 11019MiB |     89%      Default |	1687327207901
| 54%   60C    P2   114W / 250W |   9956MiB / 11019MiB |     89%      Default |	1687327208448
| 54%   61C    P2   112W / 250W |  10086MiB / 11019MiB |     85%      Default |	1687327209017
| 54%   60C    P2   119W / 250W |   9560MiB / 11019MiB |     85%      Default |	1687327209551
| 54%   60C    P2    89W / 250W |   8964MiB / 11019MiB |     92%      Default |	1687327210095
| 54%   61C    P2   142W / 250W |   9232MiB / 11019MiB |     92%      Default |	1687327210629
| 54%   60C    P2   107W / 250W |   9796MiB / 11019MiB |     91%      Default |	1687327211202
| 54%   60C    P2   122W / 250W |   9836MiB / 11019MiB |     91%      Default |	1687327211757
| 54%   60C    P2   114W / 250W |   8704MiB / 11019MiB |     94%      Default |	1687327212293
| 54%   60C    P2   128W / 250W |  11016MiB / 11019MiB |     97%      Default |	1687327212846
| 54%   60C    P2   104W / 250W |   8982MiB / 11019MiB |     97%      Default |	1687327213382
| 54%   60C    P2   139W / 250W |  10530MiB / 11019MiB |     94%      Default |	1687327213919
| 54%   60C    P2   118W / 250W |   9990MiB / 11019MiB |     94%      Default |	1687327214458
| 54%   61C    P2   113W / 250W |   9542MiB / 11019MiB |     93%      Default |	1687327214994
| 54%   60C    P2   126W / 250W |  11002MiB / 11019MiB |     93%      Default |	1687327215533
| 54%   60C    P2   117W / 250W |  10026MiB / 11019MiB |     95%      Default |	1687327216068
| 54%   60C    P2   139W / 250W |   9698MiB / 11019MiB |     95%      Default |	1687327216612
| 54%   61C    P2   125W / 250W |  10082MiB / 11019MiB |     95%      Default |	1687327217154
| 55%   61C    P2   140W / 250W |  10548MiB / 11019MiB |     95%      Default |	1687327217692
| 55%   60C    P2   111W / 250W |   8832MiB / 11019MiB |     99%      Default |	1687327218246
| 55%   61C    P2   125W / 250W |  10440MiB / 11019MiB |     99%      Default |	1687327218786
| 55%   60C    P2    93W / 250W |   8652MiB / 11019MiB |     97%      Default |	1687327219339
| 55%   60C    P2   116W / 250W |  10948MiB / 11019MiB |     91%      Default |	1687327219887
| 55%   61C    P2   110W / 250W |  10288MiB / 11019MiB |     91%      Default |	1687327220409
| 55%   60C    P2    99W / 250W |   8778MiB / 11019MiB |     86%      Default |	1687327220960
| 55%   61C    P2   134W / 250W |  10690MiB / 11019MiB |     86%      Default |	1687327221525
| 55%   60C    P2   105W / 250W |   8852MiB / 11019MiB |     88%      Default |	1687327222061
| 55%   60C    P2   126W / 250W |  10804MiB / 11019MiB |     88%      Default |	1687327222599
| 55%   61C    P2   109W / 250W |  10516MiB / 11019MiB |     95%      Default |	1687327223137
| 55%   60C    P2   110W / 250W |   8860MiB / 11019MiB |     95%      Default |	1687327223685
| 55%   61C    P2   151W / 250W |  10640MiB / 11019MiB |     97%      Default |	1687327224266
| 55%   61C    P2   129W / 250W |  10250MiB / 11019MiB |     97%      Default |	1687327224797
| 55%   60C    P2    98W / 250W |   8956MiB / 11019MiB |     92%      Default |	1687327225363
| 55%   61C    P2   130W / 250W |  11006MiB / 11019MiB |     96%      Default |	1687327225902
| 55%   60C    P2   109W / 250W |   8984MiB / 11019MiB |     96%      Default |	1687327226452
| 55%   61C    P2   132W / 250W |  10754MiB / 11019MiB |     95%      Default |	1687327226988
| 55%   61C    P2   112W / 250W |  10970MiB / 11019MiB |     95%      Default |	1687327227537
| 55%   61C    P2   122W / 250W |   9950MiB / 11019MiB |     94%      Default |	1687327228085
| 55%   61C    P2   138W / 250W |  10890MiB / 11019MiB |     94%      Default |	1687327228630
| 55%   60C    P2   128W / 250W |   8836MiB / 11019MiB |     95%      Default |	1687327229176
| 55%   61C    P2   144W / 250W |  10400MiB / 11019MiB |     95%      Default |	1687327229711
| 55%   61C    P2   119W / 250W |   7910MiB / 11019MiB |     96%      Default |	1687327230260
| 55%   60C    P2   123W / 250W |   8558MiB / 11019MiB |     96%      Default |	1687327230795
| 55%   61C    P2   121W / 250W |  10916MiB / 11019MiB |     85%      Default |	1687327231327
| 55%   61C    P2   115W / 250W |   9452MiB / 11019MiB |     94%      Default |	1687327231875
| 55%   61C    P2   102W / 250W |   9550MiB / 11019MiB |     94%      Default |	1687327232414
| 55%   61C    P2   127W / 250W |  10952MiB / 11019MiB |     84%      Default |	1687327232950
| 55%   61C    P2   118W / 250W |   9882MiB / 11019MiB |     84%      Default |	1687327233490
| 55%   61C    P2   128W / 250W |  10824MiB / 11019MiB |     98%      Default |	1687327234025
| 55%   61C    P2   105W / 250W |   9640MiB / 11019MiB |     98%      Default |	1687327234563
| 55%   61C    P2   116W / 250W |  10836MiB / 11019MiB |     94%      Default |	1687327235128
| 55%   61C    P2   106W / 250W |   8958MiB / 11019MiB |     94%      Default |	1687327235662
| 56%   61C    P2   139W / 250W |  10510MiB / 11019MiB |     92%      Default |	1687327236216
| 55%   61C    P2    99W / 250W |   8812MiB / 11019MiB |     92%      Default |	1687327236768
| 55%   62C    P2   140W / 250W |  11016MiB / 11019MiB |     96%      Default |	1687327237331
| 55%   61C    P2   116W / 250W |   9650MiB / 11019MiB |     96%      Default |	1687327237866
| 56%   61C    P2   141W / 250W |   9680MiB / 11019MiB |     96%      Default |	1687327238421
| 56%   61C    P2   114W / 250W |   9898MiB / 11019MiB |     94%      Default |	1687327238967
| 56%   61C    P2   131W / 250W |  11002MiB / 11019MiB |     94%      Default |	1687327239528
| 56%   61C    P2   126W / 250W |  10830MiB / 11019MiB |     94%      Default |	1687327240055
| 56%   61C    P2   112W / 250W |   8826MiB / 11019MiB |     94%      Default |	1687327240595
| 56%   61C    P2   137W / 250W |  10886MiB / 11019MiB |     96%      Default |	1687327241137
| 56%   61C    P2   111W / 250W |   9116MiB / 11019MiB |     96%      Default |	1687327241689
| 56%   61C    P2   118W / 250W |  10420MiB / 11019MiB |     97%      Default |	1687327242241
| 56%   60C    P2   115W / 250W |   9638MiB / 11019MiB |     97%      Default |	1687327242804
| 56%   61C    P2   133W / 250W |  10750MiB / 11019MiB |     89%      Default |	1687327243371
| 56%   61C    P2   131W / 250W |   9478MiB / 11019MiB |     89%      Default |	1687327243918
| 56%   61C    P2    95W / 250W |   8842MiB / 11019MiB |     89%      Default |	1687327244448
| 56%   61C    P2   105W / 250W |   8820MiB / 11019MiB |     94%      Default |	1687327244991
| 56%   61C    P2   109W / 250W |   8760MiB / 11019MiB |     94%      Default |	1687327245528
| 56%   61C    P2   105W / 250W |   8824MiB / 11019MiB |     86%      Default |	1687327246079
| 56%   61C    P2   137W / 250W |  10892MiB / 11019MiB |     86%      Default |	1687327246640
| 56%   61C    P2   107W / 250W |   9120MiB / 11019MiB |     94%      Default |	1687327247196
| 56%   61C    P2   126W / 250W |   9184MiB / 11019MiB |     94%      Default |	1687327247732
| 56%   61C    P2   134W / 250W |  10082MiB / 11019MiB |     92%      Default |	1687327248290
| 56%   61C    P2   125W / 250W |   8780MiB / 11019MiB |     92%      Default |	1687327248826
| 56%   61C    P2   105W / 250W |  10296MiB / 11019MiB |     87%      Default |	1687327249365
| 56%   61C    P2   112W / 250W |   8868MiB / 11019MiB |     90%      Default |	1687327249919
| 56%   61C    P2   111W / 250W |  10186MiB / 11019MiB |     90%      Default |	1687327250457
| 56%   61C    P2   106W / 250W |   8990MiB / 11019MiB |     95%      Default |	1687327250995
| 56%   61C    P2   139W / 250W |  10872MiB / 11019MiB |     95%      Default |	1687327251534
| 56%   61C    P2   112W / 250W |   9062MiB / 11019MiB |     93%      Default |	1687327252104
| 56%   61C    P2   140W / 250W |  10984MiB / 11019MiB |     93%      Default |	1687327252639
| 56%   61C    P2   110W / 250W |   8984MiB / 11019MiB |     96%      Default |	1687327253183
| 56%   61C    P2   126W / 250W |  10330MiB / 11019MiB |     96%      Default |	1687327253719
| 56%   61C    P2    99W / 250W |  10982MiB / 11019MiB |     97%      Default |	1687327254256
| 56%   61C    P2   126W / 250W |   8094MiB / 11019MiB |     97%      Default |	1687327254792
| 56%   61C    P2   140W / 250W |  10780MiB / 11019MiB |     84%      Default |	1687327255327
| 56%   61C    P2   111W / 250W |   8786MiB / 11019MiB |     84%      Default |	1687327255866
| 56%   61C    P2   119W / 250W |  10974MiB / 11019MiB |     93%      Default |	1687327256405
| 56%   61C    P2   119W / 250W |  10974MiB / 11019MiB |     87%      Default |	1687327256963
| 56%   62C    P2   142W / 250W |  10920MiB / 11019MiB |     87%      Default |	1687327257513
| 56%   61C    P2   114W / 250W |   8778MiB / 11019MiB |     96%      Default |	1687327258056
| 56%   61C    P2   122W / 250W |  10482MiB / 11019MiB |     96%      Default |	1687327258586
| 56%   61C    P2   128W / 250W |  10962MiB / 11019MiB |     93%      Default |	1687327259133
| 56%   62C    P2   113W / 250W |   9826MiB / 11019MiB |     93%      Default |	1687327259670
| 56%   61C    P2   123W / 250W |  10984MiB / 11019MiB |     94%      Default |	1687327260225
| 56%   61C    P2   113W / 250W |   8880MiB / 11019MiB |     94%      Default |	1687327260777
| 56%   61C    P2   139W / 250W |  10978MiB / 11019MiB |     95%      Default |	1687327261307
| 56%   61C    P2   118W / 250W |   9858MiB / 11019MiB |     95%      Default |	1687327261845
| 56%   61C    P2   141W / 250W |   8978MiB / 11019MiB |     94%      Default |	1687327262386
| 56%   61C    P2   128W / 250W |  10800MiB / 11019MiB |     94%      Default |	1687327262929
| 56%   62C    P2   123W / 250W |  10766MiB / 11019MiB |     92%      Default |	1687327263480
| 57%   61C    P2   138W / 250W |   9954MiB / 11019MiB |     95%      Default |	1687327264024
| 56%   61C    P2   118W / 250W |  10272MiB / 11019MiB |     95%      Default |	1687327264560
| 57%   61C    P2   114W / 250W |  10910MiB / 11019MiB |     97%      Default |	1687327265092
| 56%   61C    P2   110W / 250W |   8840MiB / 11019MiB |     97%      Default |	1687327265626
| 56%   61C    P2   133W / 250W |  10462MiB / 11019MiB |     93%      Default |	1687327266188
| 57%   62C    P2   103W / 250W |  10384MiB / 11019MiB |     93%      Default |	1687327266727
| 57%   61C    P2   116W / 250W |  10602MiB / 11019MiB |     95%      Default |	1687327267278
| 57%   62C    P2   131W / 250W |  10936MiB / 11019MiB |     95%      Default |	1687327267814
| 57%   62C    P2   136W / 250W |  10360MiB / 11019MiB |     96%      Default |	1687327268359
| 57%   61C    P2   106W / 250W |   8810MiB / 11019MiB |     96%      Default |	1687327268899
| 56%   62C    P2   143W / 250W |  10744MiB / 11019MiB |     91%      Default |	1687327269440
| 57%   61C    P2   114W / 250W |   9690MiB / 11019MiB |     90%      Default |	1687327269987
| 57%   62C    P2   146W / 250W |  10772MiB / 11019MiB |     90%      Default |	1687327270520
| 57%   62C    P2   138W / 250W |  10142MiB / 11019MiB |     98%      Default |	1687327271055
| 57%   61C    P2   107W / 250W |   8908MiB / 11019MiB |     98%      Default |	1687327271601
| 57%   62C    P2   131W / 250W |  10756MiB / 11019MiB |     88%      Default |	1687327272165
| 57%   61C    P2   110W / 250W |   9012MiB / 11019MiB |     88%      Default |	1687327272710
| 57%   62C    P2   136W / 250W |  10702MiB / 11019MiB |     93%      Default |	1687327273248
| 57%   62C    P2   109W / 250W |   9500MiB / 11019MiB |     93%      Default |	1687327273782
| 57%   61C    P2   127W / 250W |   8548MiB / 11019MiB |     95%      Default |	1687327274321
| 57%   62C    P2   141W / 250W |  10714MiB / 11019MiB |     95%      Default |	1687327274875
| 57%   61C    P2   104W / 250W |   9050MiB / 11019MiB |     92%      Default |	1687327275429
| 57%   62C    P2   140W / 250W |  10798MiB / 11019MiB |     92%      Default |	1687327275978
| 57%   61C    P2   104W / 250W |   9010MiB / 11019MiB |     95%      Default |	1687327276527
| 57%   62C    P2   136W / 250W |  10508MiB / 11019MiB |     96%      Default |	1687327277071
| 57%   61C    P2   110W / 250W |   8896MiB / 11019MiB |     96%      Default |	1687327277639
| 57%   61C    P2   108W / 250W |   7204MiB / 11019MiB |     90%      Default |	1687327278172
| 57%   61C    P2   118W / 250W |   9720MiB / 11019MiB |     90%      Default |	1687327278713
| 57%   61C    P2   128W / 250W |   8292MiB / 11019MiB |     88%      Default |	1687327279248
| 57%   61C    P2   102W / 250W |   9462MiB / 11019MiB |     88%      Default |	1687327279785
| 57%   62C    P2   129W / 250W |  10932MiB / 11019MiB |     93%      Default |	1687327280317
| 57%   62C    P2   103W / 250W |   9288MiB / 11019MiB |     93%      Default |	1687327280852
| 57%   62C    P2   141W / 250W |  10950MiB / 11019MiB |     95%      Default |	1687327281387
| 57%   61C    P2   115W / 250W |   8836MiB / 11019MiB |     95%      Default |	1687327281925
| 57%   62C    P2   133W / 250W |  10078MiB / 11019MiB |     95%      Default |	1687327282476
| 57%   61C    P2   107W / 250W |  10124MiB / 11019MiB |     95%      Default |	1687327283019
| 57%   61C    P2   133W / 250W |   9276MiB / 11019MiB |     93%      Default |	1687327283566
| 57%   62C    P2   127W / 250W |  10828MiB / 11019MiB |     95%      Default |	1687327284127
| 57%   61C    P2    98W / 250W |   9014MiB / 11019MiB |     95%      Default |	1687327284663
| 57%   62C    P2   140W / 250W |   9978MiB / 11019MiB |     93%      Default |	1687327285202
| 57%   62C    P2   119W / 250W |   9728MiB / 11019MiB |     93%      Default |	1687327285750
| 57%   62C    P2   140W / 250W |   9750MiB / 11019MiB |     93%      Default |	1687327286291
| 57%   62C    P2   111W / 250W |   8856MiB / 11019MiB |     93%      Default |	1687327286834
| 57%   62C    P2   130W / 250W |  10576MiB / 11019MiB |     93%      Default |	1687327287370
| 57%   62C    P2   106W / 250W |   9500MiB / 11019MiB |     93%      Default |	1687327287912
| 57%   62C    P2   118W / 250W |  10222MiB / 11019MiB |     95%      Default |	1687327288463
| 57%   62C    P2   139W / 250W |  10792MiB / 11019MiB |     95%      Default |	1687327288996
| 57%   62C    P2   112W / 250W |   8820MiB / 11019MiB |     95%      Default |	1687327289541
| 57%   62C    P2   137W / 250W |  10176MiB / 11019MiB |     94%      Default |	1687327290092
| 57%   62C    P2   118W / 250W |  10980MiB / 11019MiB |     94%      Default |	1687327290632
| 57%   62C    P2   123W / 250W |  10984MiB / 11019MiB |     97%      Default |	1687327291171
| 57%   62C    P2   127W / 250W |  10844MiB / 11019MiB |     97%      Default |	1687327291719
| 57%   62C    P2   127W / 250W |  10326MiB / 11019MiB |     91%      Default |	1687327292269
| 57%   61C    P2   137W / 250W |  10942MiB / 11019MiB |     91%      Default |	1687327292812
| 57%   62C    P2   111W / 250W |  10134MiB / 11019MiB |     82%      Default |	1687327293351
| 57%   62C    P2   132W / 250W |   8808MiB / 11019MiB |     82%      Default |	1687327293901
| 57%   63C    P2   139W / 250W |  10584MiB / 11019MiB |     93%      Default |	1687327294447
| 57%   61C    P2   109W / 250W |   8816MiB / 11019MiB |     93%      Default |	1687327294998
| 57%   62C    P2   139W / 250W |   9566MiB / 11019MiB |     95%      Default |	1687327295557
| 57%   62C    P2   126W / 250W |  10480MiB / 11019MiB |     95%      Default |	1687327296090
| 57%   62C    P2   106W / 250W |   8702MiB / 11019MiB |     95%      Default |	1687327296662
| 57%   62C    P2   140W / 250W |  10936MiB / 11019MiB |     91%      Default |	1687327297200
| 57%   62C    P2   107W / 250W |   8808MiB / 11019MiB |     91%      Default |	1687327297741
| 57%   62C    P2   128W / 250W |  10820MiB / 11019MiB |     94%      Default |	1687327298277
| 57%   62C    P2   109W / 250W |   9242MiB / 11019MiB |     94%      Default |	1687327298812
| 57%   62C    P2   142W / 250W |   8882MiB / 11019MiB |     94%      Default |	1687327299368
| 57%   63C    P2   103W / 250W |  10010MiB / 11019MiB |     94%      Default |	1687327299888
| 57%   62C    P2   130W / 250W |  10780MiB / 11019MiB |     97%      Default |	1687327300442
| 57%   62C    P2   102W / 250W |   9172MiB / 11019MiB |     97%      Default |	1687327300990
| 57%   62C    P2   126W / 250W |  10756MiB / 11019MiB |     95%      Default |	1687327301533
| 57%   61C    P2   122W / 250W |   6788MiB / 11019MiB |     95%      Default |	1687327302066
| 57%   62C    P2   118W / 250W |   9736MiB / 11019MiB |     85%      Default |	1687327302614
| 57%   62C    P2   149W / 250W |   9084MiB / 11019MiB |     91%      Default |	1687327303149
| 57%   62C    P2   100W / 250W |   9294MiB / 11019MiB |     91%      Default |	1687327303705
| 57%   62C    P2   140W / 250W |  10954MiB / 11019MiB |     83%      Default |	1687327304260
| 57%   62C    P2    97W / 250W |   8824MiB / 11019MiB |     83%      Default |	1687327304797
| 57%   62C    P2   144W / 250W |   9900MiB / 11019MiB |     93%      Default |	1687327305349
| 57%   62C    P2   109W / 250W |   8700MiB / 11019MiB |     93%      Default |	1687327305899
| 57%   62C    P2   135W / 250W |   9622MiB / 11019MiB |     93%      Default |	1687327306437
| 57%   62C    P2   120W / 250W |  10602MiB / 11019MiB |     93%      Default |	1687327306978
| 58%   62C    P2   142W / 250W |  10566MiB / 11019MiB |     95%      Default |	1687327307531
| 58%   62C    P2   121W / 250W |   9776MiB / 11019MiB |     95%      Default |	1687327308077
| 57%   62C    P2   141W / 250W |  10288MiB / 11019MiB |     96%      Default |	1687327308621
| 58%   61C    P2   128W / 250W |   9628MiB / 11019MiB |     96%      Default |	1687327309191
| 58%   62C    P2   155W / 250W |  10862MiB / 11019MiB |     96%      Default |	1687327309737
| 57%   62C    P2   112W / 250W |   9710MiB / 11019MiB |     93%      Default |	1687327310285
| 58%   62C    P2   144W / 250W |  10894MiB / 11019MiB |     93%      Default |	1687327310828
| 58%   62C    P2   129W / 250W |  10918MiB / 11019MiB |     95%      Default |	1687327311394
| 58%   62C    P2   117W / 250W |  10024MiB / 11019MiB |     95%      Default |	1687327311927
| 58%   62C    P2   140W / 250W |   9784MiB / 11019MiB |     93%      Default |	1687327312465
| 58%   62C    P2   116W / 250W |   8974MiB / 11019MiB |     93%      Default |	1687327313002
| 58%   62C    P2   141W / 250W |  10912MiB / 11019MiB |     97%      Default |	1687327313568
| 58%   62C    P2    99W / 250W |   9738MiB / 11019MiB |     97%      Default |	1687327314122
| 58%   62C    P2   113W / 250W |   9764MiB / 11019MiB |     96%      Default |	1687327314654
| 58%   62C    P2   135W / 250W |  10668MiB / 11019MiB |     95%      Default |	1687327315199
| 58%   62C    P2   116W / 250W |   9654MiB / 11019MiB |     95%      Default |	1687327315737
| 58%   61C    P2   103W / 250W |   8542MiB / 11019MiB |     94%      Default |	1687327316274
| 58%   62C    P2   124W / 250W |  10756MiB / 11019MiB |     94%      Default |	1687327316807
| 58%   62C    P2   110W / 250W |   8894MiB / 11019MiB |     84%      Default |	1687327317356
| 58%   63C    P2   142W / 250W |  10976MiB / 11019MiB |     84%      Default |	1687327317899
| 58%   63C    P2   136W / 250W |   9702MiB / 11019MiB |     96%      Default |	1687327318447
| 58%   62C    P2   119W / 250W |   8808MiB / 11019MiB |     96%      Default |	1687327318995
| 58%   62C    P2   120W / 250W |  10110MiB / 11019MiB |     93%      Default |	1687327319524
| 58%   62C    P2   107W / 250W |   8838MiB / 11019MiB |     93%      Default |	1687327320059
| 58%   62C    P2   138W / 250W |  10998MiB / 11019MiB |     84%      Default |	1687327320594
| 58%   62C    P2   121W / 250W |   9534MiB / 11019MiB |     84%      Default |	1687327321152
| 58%   62C    P2   130W / 250W |   9810MiB / 11019MiB |     91%      Default |	1687327321712
| 58%   62C    P2   108W / 250W |  10448MiB / 11019MiB |     87%      Default |	1687327322245
| 58%   62C    P2   101W / 250W |   9748MiB / 11019MiB |     87%      Default |	1687327322791
| 58%   62C    P2   137W / 250W |   8712MiB / 11019MiB |     94%      Default |	1687327323335
| 58%   62C    P2   109W / 250W |   9056MiB / 11019MiB |     94%      Default |	1687327323879
| 58%   62C    P2   127W / 250W |  11002MiB / 11019MiB |     91%      Default |	1687327324414
| 58%   62C    P2   112W / 250W |   9204MiB / 11019MiB |     91%      Default |	1687327324977
| 58%   62C    P2   126W / 250W |   8622MiB / 11019MiB |     91%      Default |	1687327325531
| 58%   61C    P2    83W / 250W |  10502MiB / 11019MiB |     91%      Default |	1687327326080
| 58%   61C    P2    83W / 250W |  10479MiB / 11019MiB |     35%      Default |	1687327326620
| 58%   61C    P2    82W / 250W |  10479MiB / 11019MiB |     35%      Default |	1687327327158
| 58%   61C    P0    82W / 250W |     10MiB / 11019MiB |      0%      Default |	1687327327694
