1721592 toao      20   0 2488920 103076  69224 R 100.0   0.1   0:00.18 nts	1693189708281
1721592 toao      20   0 8372632 217016 115064 D  1156   0.2   0:04.09 nts	1693189708985
1721592 toao      20   0 8372632 217016 115064 D  1939   0.2   0:19.82 nts	1693189709681
1721592 toao      20   0 8372632 217016 115064 D  2429   0.2   0:36.00 nts	1693189710384
1721592 toao      20   0 8372632 217016 115064 D  1971   0.2   0:51.13 nts	1693189711086
1721592 toao      20   0 8372632 217016 115064 D  2000   0.2   1:06.14 nts	1693189711774
1721592 toao      20   0 8372632 217016 115064 D  2382   0.2   1:23.09 nts	1693189712468
1721592 toao      20   0 8372632 217016 115064 D  1994   0.2   1:37.72 nts	1693189713172
1721592 toao      20   0 8372632 217016 115064 D  2453   0.2   1:54.12 nts	1693189713866
1721592 toao      20   0 8372632 217016 115064 D  2353   0.2   2:09.96 nts	1693189714568
1721592 toao      20   0 8372632 217016 115064 D  2035   0.2   2:24.38 nts	1693189715270
1721592 toao      20   0 8372632 217016 115064 D  2011   0.2   2:41.15 nts	1693189715966
1721592 toao      20   0 8482060 287396 115380 R 200.0   0.2   2:51.98 nts	1693189716676
1721592 toao      20   0 8482060 293732 115380 R 188.9   0.2   2:53.38 nts	1693189717380
1721592 toao      20   0 8482060 293732 115380 R 200.0   0.2   2:54.77 nts	1693189718090
1721592 toao      20   0 8482060 293732 115380 R 200.0   0.2   2:56.17 nts	1693189718797
1721592 toao      20   0 8482060 293732 115380 R 200.0   0.2   2:57.54 nts	1693189719505
1721592 toao      20   0 8482060 293732 115380 R 200.0   0.2   2:58.92 nts	1693189720203
1721592 toao      20   0 8482060 293732 115380 R 200.0   0.2   3:00.32 nts	1693189720902
1721592 toao      20   0 8482060 317228 115380 R 194.1   0.2   3:01.69 nts	1693189721599
1721592 toao      20   0 8482060 317492 115380 R 188.2   0.2   3:03.08 nts	1693189722298
1721592 toao      20   0 8482060 317492 115380 R 200.0   0.2   3:04.49 nts	1693189723002
1721592 toao      20   0 8482060 317492 115380 R 200.0   0.2   3:05.88 nts	1693189723707
1721592 toao      20   0 8482060 317492 115380 R 205.9   0.2   3:07.28 nts	1693189724411
1721592 toao      20   0 8482060 317492 115380 R 200.0   0.2   3:08.66 nts	1693189725111
1721592 toao      20   0 9950.1m 851456 115504 R 952.9   0.6   3:13.71 nts	1693189725815
1721592 toao      20   0 9950.1m 861428 115504 R 888.2   0.7   3:21.13 nts	1693189726521
1721592 toao      20   0 9950.1m 865856 115504 R  1100   0.7   3:29.46 nts	1693189727226
1721592 toao      20   0 9950.1m 869528 115504 S  1331   0.7   3:37.81 nts	1693189727933
1721592 toao      20   0 9950.1m   1.0g 115504 R  1465   0.8   3:47.00 nts	1693189728637
1721592 toao      20   0 9950.1m   1.2g 115504 S  1053   1.0   3:55.01 nts	1693189729345
1721592 toao      20   0 9950.1m   1.2g 115504 R  1147   1.0   4:04.41 nts	1693189730048
1721592 toao      20   0 9950.1m   1.2g 115504 R  1325   1.0   4:14.47 nts	1693189730753
1721592 toao      20   0   13.9g   1.2g 115536 R 794.1   1.0   4:23.17 nts	1693189731457
1721592 toao      20   0   13.9g   1.2g 115536 R 200.0   1.0   4:24.57 nts	1693189732164
1721592 toao      20   0   13.9g   1.2g 115536 R 200.0   1.0   4:25.96 nts	1693189732870
1721592 toao      20   0   13.9g   1.2g 115536 R 206.2   1.0   4:27.34 nts	1693189733573
1721592 toao      20   0   13.9g   1.2g 115536 R 200.0   1.0   4:28.73 nts	1693189734276
1721592 toao      20   0   13.9g   1.2g 115536 R 188.9   1.0   4:30.13 nts	1693189734981
1721592 toao      20   0   13.9g   1.3g 115536 R 200.0   1.0   4:31.52 nts	1693189735689
1721592 toao      20   0   13.9g   1.3g 115536 R 200.0   1.0   4:32.89 nts	1693189736392
1721592 toao      20   0   13.9g   1.3g 115536 R 194.1   1.0   4:34.29 nts	1693189737094
1721592 toao      20   0   13.9g   1.3g 115536 R 194.1   1.0   4:35.68 nts	1693189737798
1721592 toao      20   0   13.9g   1.3g 115536 R 200.0   1.0   4:37.07 nts	1693189738498
1721592 toao      20   0   13.9g   1.3g 115536 R 194.1   1.0   4:38.45 nts	1693189739201
1721592 toao      20   0   13.9g   1.3g 115536 R 200.0   1.0   4:39.84 nts	1693189739898
1721592 toao      20   0   13.9g   1.3g 115536 R 178.9   1.0   4:41.26 nts	1693189740601
1721592 toao      20   0   15.4g   1.3g 115536 R 327.8   1.1   4:42.90 nts	1693189741316
1721592 toao      20   0   15.4g   1.5g 115536 R 712.5   1.2   4:47.45 nts	1693189742025
1721592 toao      20   0   15.4g   1.6g 115536 R 731.2   1.3   4:52.24 nts	1693189742722
1721592 toao      20   0   15.4g   1.8g 115536 R 737.5   1.4   4:57.16 nts	1693189743422
1721592 toao      20   0   15.4g   1.9g 115536 R 531.2   1.5   5:01.78 nts	1693189744122
1721592 toao      20   0   15.4g   2.0g 115536 R 576.5   1.6   5:05.57 nts	1693189744823
1721592 toao      20   0   15.4g   2.1g 115536 R 494.1   1.7   5:09.29 nts	1693189745529
1721592 toao      20   0   15.4g   2.2g 115536 R 670.6   1.8   5:13.29 nts	1693189746232
1721592 toao      20   0   19.5g   2.3g 115536 R 106.2   1.8   5:15.87 nts	1693189746935
1721592 toao      20   0   19.5g   2.3g 115536 R  94.1   1.8   5:16.57 nts	1693189747634
1721592 toao      20   0   19.5g   2.3g 115536 R  94.1   1.8   5:17.27 nts	1693189748340
1721592 toao      20   0   19.5g   2.3g 115536 R 105.9   1.8   5:17.99 nts	1693189749044
1721592 toao      20   0   19.5g   2.3g 115536 R 106.2   1.8   5:18.69 nts	1693189749753
1721592 toao      20   0   19.5g   2.3g 115536 R 100.0   1.8   5:19.39 nts	1693189750456
1721592 toao      20   0   19.5g   2.3g 115536 R  94.1   1.8   5:20.08 nts	1693189751155
1721592 toao      20   0   19.5g   2.3g 115536 R 106.2   1.8   5:20.78 nts	1693189751853
1721592 toao      20   0   20.5g   2.5g 115536 R  94.1   2.0   5:21.48 nts	1693189752550
1721592 toao      20   0   20.5g   2.8g 115536 R 100.0   2.2   5:22.19 nts	1693189753250
1721592 toao      20   0   20.5g   2.8g 115536 R 100.0   2.2   5:22.89 nts	1693189753949
1721592 toao      20   0   20.5g   2.8g 115536 R 100.0   2.2   5:23.59 nts	1693189754654
1721592 toao      20   0   20.5g   2.8g 115536 R 100.0   2.2   5:24.29 nts	1693189755358
1721592 toao      20   0   20.5g   2.8g 115536 R 100.0   2.2   5:24.99 nts	1693189756058
1721592 toao      20   0   20.5g   2.8g 115536 R 100.0   2.2   5:25.69 nts	1693189756758
1721592 toao      20   0   20.5g   2.8g 115536 R 105.9   2.2   5:26.40 nts	1693189757458
1721592 toao      20   0   20.5g   2.8g 115536 R 100.0   2.2   5:27.09 nts	1693189758162
1721592 toao      20   0   20.5g   2.8g 115536 R 100.0   2.2   5:27.79 nts	1693189758862
1721592 toao      20   0   20.5g   2.8g 115536 R 100.0   2.2   5:28.49 nts	1693189759559
1721592 toao      20   0   20.5g   2.8g 115536 R 100.0   2.2   5:29.19 nts	1693189760258
1721592 toao      20   0   20.5g   2.8g 115536 R 112.5   2.2   5:29.90 nts	1693189760962
1721592 toao      20   0   20.5g   2.8g 115536 R 106.2   2.2   5:30.59 nts	1693189761662
1721592 toao      20   0   20.5g   2.8g 115536 R  94.1   2.2   5:31.29 nts	1693189762362
1721592 toao      20   0   20.5g   2.9g 115536 R 100.0   2.3   5:32.00 nts	1693189763066
1721592 toao      20   0   20.5g   3.0g 115536 R 100.0   2.4   5:32.70 nts	1693189763766
1721592 toao      20   0   20.5g   3.0g 115536 R  94.1   2.4   5:33.39 nts	1693189764466
1721592 toao      20   0   20.5g   3.2g 115536 R  94.1   2.5   5:34.09 nts	1693189765166
1721592 toao      20   0   20.5g   3.2g 115536 R 100.0   2.5   5:34.80 nts	1693189765870
1721592 toao      20   0   20.5g   3.2g 115536 R 100.0   2.5   5:35.50 nts	1693189766570
1721592 toao      20   0   20.5g   3.2g 115536 R 100.0   2.5   5:36.20 nts	1693189767271
1721592 toao      20   0   20.5g   3.2g 115536 R 100.0   2.5   5:36.91 nts	1693189767974
1721592 toao      20   0   20.5g   3.2g 115536 R 100.0   2.5   5:37.61 nts	1693189768678
1721592 toao      20   0   20.5g   3.2g 115536 R 106.2   2.5   5:38.31 nts	1693189769382
1721592 toao      20   0   20.5g   3.2g 115536 R 100.0   2.5   5:39.00 nts	1693189770082
1721592 toao      20   0   20.5g   3.2g 115536 R 106.2   2.5   5:39.71 nts	1693189770783
1721592 toao      20   0   20.5g   3.2g 115536 R 105.9   2.5   5:40.41 nts	1693189771481
1721592 toao      20   0   20.5g   3.2g 115536 R  94.1   2.5   5:41.10 nts	1693189772179
1721592 toao      20   0   20.5g   3.2g 115536 R  94.1   2.5   5:41.80 nts	1693189772878
1721592 toao      20   0   20.5g   3.2g 115536 R  94.1   2.5   5:42.50 nts	1693189773578
1721592 toao      20   0   20.5g   3.2g 115536 R  94.1   2.5   5:43.20 nts	1693189774278
1721592 toao      20   0   20.5g   3.2g 115536 R  94.1   2.5   5:43.90 nts	1693189774978
1721592 toao      20   0   29.6g   3.6g 245620 R 100.0   2.8   5:45.70 nts	1693189775678
1721592 toao      20   0   30.2g   4.1g 320792 R 100.0   3.2   5:46.40 nts	1693189776384
1721592 toao      20   0   31.2g   4.9g 457488 R 105.9   3.9   5:47.11 nts	1693189777086
1721592 toao      20   0   32.7g   6.1g 526540 R 100.0   4.9   5:47.80 nts	1693189777787
1721592 toao      20   0   32.7g   6.3g 526540 R 100.0   5.0   5:48.50 nts	1693189778487
1721592 toao      20   0   32.7g   6.3g 526540 R 100.0   5.0   5:49.20 nts	1693189779186
1721592 toao      20   0   39.6g   6.7g 986160 R 105.9   5.4   5:49.91 nts	1693189779890
1721592 toao      20   0   39.6g   9.0g   3.2g R 100.0   7.1   5:50.61 nts	1693189780591
1721592 toao      20   0   39.6g  11.2g   5.4g R  94.1   8.9   5:51.30 nts	1693189781291
1721592 toao      20   0   39.6g  13.2g   7.4g R 100.0  10.5   5:52.00 nts	1693189781990
1721592 toao      20   0   39.6g  13.2g   7.4g R  94.4  10.5   5:52.72 nts	1693189782690
1721592 toao      20   0   39.6g  13.2g   7.4g R 100.0  10.5   5:53.42 nts	1693189783402
1721592 toao      20   0   39.6g  13.2g   7.4g R 106.2  10.5   5:54.12 nts	1693189784106
1721592 toao      20   0   39.6g  13.2g   7.4g R 100.0  10.5   5:54.82 nts	1693189784804
1721592 toao      20   0   39.6g  13.2g   7.4g R 105.9  10.5   5:55.53 nts	1693189785507
1721592 toao      20   0   39.6g  13.2g   7.4g R 100.0  10.5   5:56.23 nts	1693189786209
1721592 toao      20   0   39.6g  13.2g   7.4g R 100.0  10.5   5:56.93 nts	1693189786914
1721592 toao      20   0   39.6g  13.2g   7.4g R  94.1  10.5   5:57.63 nts	1693189787615
1721592 toao      20   0   39.6g  13.2g   7.4g R 100.0  10.5   5:58.34 nts	1693189788319
1721592 toao      20   0   39.6g  13.2g   7.4g R 106.2  10.5   5:59.04 nts	1693189789022
1721592 toao      20   0   39.6g  13.2g   7.4g R 106.2  10.5   5:59.74 nts	1693189789722
1721592 toao      20   0   39.6g  13.2g   7.4g R 106.2  10.5   6:00.44 nts	1693189790423
1721592 toao      20   0   39.6g  13.2g   7.4g R 106.2  10.5   6:01.14 nts	1693189791123
1721592 toao      20   0   39.4g  13.2g   7.4g R 517.6  10.5   6:03.08 nts	1693189791822
1721592 toao      20   0   39.6g  13.3g   7.4g S  2294  10.6   6:15.59 nts	1693189792529
1721592 toao      20   0   39.6g  13.3g   7.4g R  1965  10.6   6:27.89 nts	1693189793231
1721592 toao      20   0   39.6g  13.3g   7.4g R 382.4  10.6   6:36.81 nts	1693189793933
1721592 toao      20   0   39.6g  13.3g   7.4g S  2271  10.6   6:49.42 nts	1693189794637
1721592 toao      20   0   39.6g  13.3g   7.4g R  1071  10.6   6:59.24 nts	1693189795340
1721592 toao      20   0   39.6g  13.3g   7.4g R  1876  10.6   7:10.74 nts	1693189796044
1721592 toao      20   0   39.6g  13.3g   7.4g R  2061  10.6   7:23.04 nts	1693189796750
1721592 toao      20   0   39.6g  13.3g   7.4g S  2265  10.6   7:35.05 nts	1693189797455
1721592 toao      20   0   39.6g  13.3g   7.4g S  2256  10.6   7:46.78 nts	1693189798155
1721592 toao      20   0   39.6g  13.3g   7.4g R  1318  10.6   7:55.74 nts	1693189798855
1721592 toao      20   0   39.6g  13.3g   7.4g S  2300  10.6   8:07.56 nts	1693189799555
1721592 toao      20   0   39.6g  13.3g   7.4g R  2024  10.6   8:19.81 nts	1693189800259
1721592 toao      20   0   39.6g  13.3g   7.4g R  1312  10.6   8:33.11 nts	1693189800959
1721592 toao      20   0   39.6g  13.3g   7.4g R  2041  10.6   8:47.00 nts	1693189801663
1721592 toao      20   0   39.6g  13.3g   7.4g R  2100  10.6   8:59.38 nts	1693189802376
1721592 toao      20   0   39.6g  13.3g   7.4g S  2235  10.6   9:12.05 nts	1693189803079
1721592 toao      20   0   39.6g  13.3g   7.4g R  1724  10.6   9:23.35 nts	1693189803779
1721592 toao      20   0   94.6g  13.9g   8.0g R 150.0  11.0   9:37.11 nts	1693189804483
1721592 toao      20   0   98.3g  15.2g   9.3g R 218.8  12.1   9:39.16 nts	1693189805184
1721592 toao      20   0  100.4g  16.0g  10.1g S 437.5  12.8   9:41.13 nts	1693189805884
1721592 toao      20   0  105.5g  16.1g  10.1g S  1372  12.9   9:51.56 nts	1693189806581
1721592 toao      20   0  107.2g  16.2g  10.1g S  1565  12.9   9:59.16 nts	1693189807286
1721592 toao      20   0  107.8g  16.2g  10.1g S  1624  12.9  10:06.45 nts	1693189807994
1721592 toao      20   0  109.6g  16.2g  10.1g S  1059  12.9  10:13.48 nts	1693189808699
1721592 toao      20   0  109.9g  16.2g  10.1g S 476.5  12.9  10:20.84 nts	1693189809400
1721592 toao      20   0  109.9g  16.2g  10.1g S  1356  12.9  10:29.68 nts	1693189810102
1721592 toao      20   0  110.5g  16.2g  10.1g S  1576  12.9  10:37.14 nts	1693189810810
1721592 toao      20   0  111.0g  16.2g  10.1g S  1347  12.9  10:44.32 nts	1693189811511
1721592 toao      20   0  112.1g  16.2g  10.1g S 552.9  12.9  10:51.54 nts	1693189812214
1721592 toao      20   0  113.0g  16.2g  10.1g S 506.2  12.9  10:58.75 nts	1693189812913
1721592 toao      20   0  113.6g  16.2g  10.1g S 858.8  12.9  11:06.67 nts	1693189813615
1721592 toao      20   0  113.0g  16.2g  10.1g S  1629  12.9  11:15.32 nts	1693189814315
1721592 toao      20   0  113.0g  16.2g  10.1g S 929.4  12.9  11:22.57 nts	1693189815019
1721592 toao      20   0  113.0g  16.2g  10.1g S 482.4  12.9  11:29.77 nts	1693189815723
1721592 toao      20   0  113.0g  16.2g  10.1g S  1465  12.9  11:38.64 nts	1693189816426
1721592 toao      20   0  113.0g  16.2g  10.1g S  1612  12.9  11:46.13 nts	1693189817127
1721592 toao      20   0  113.0g  16.2g  10.1g S  1582  12.9  11:53.40 nts	1693189817831
1721592 toao      20   0  113.0g  16.2g  10.1g S 576.5  12.9  12:00.67 nts	1693189818534
1721592 toao      20   0  113.0g  16.2g  10.1g S 482.4  12.9  12:07.93 nts	1693189819235
1721592 toao      20   0  113.0g  16.2g  10.1g S  1400  12.9  12:16.70 nts	1693189819939
1721592 toao      20   0  113.0g  16.2g  10.1g S  1562  12.9  12:24.02 nts	1693189820642
1721592 toao      20   0  113.0g  16.2g  10.1g S  1744  12.9  12:31.50 nts	1693189821343
1721592 toao      20   0  130.0g  16.2g  10.1g S  1572  12.9  12:38.58 nts	1693189822043
1721592 toao      20   0  131.2g  16.2g  10.1g S 623.5  12.9  12:45.63 nts	1693189822747
1721592 toao      20   0  131.2g  16.2g  10.1g S 458.8  12.9  12:52.86 nts	1693189823451
1721592 toao      20   0  131.9g  16.2g  10.1g S 488.2  12.9  12:59.92 nts	1693189824154
1721592 toao      20   0  132.4g  16.2g  10.1g S  1012  12.9  13:07.89 nts	1693189824858
1721592 toao      20   0  131.9g  16.2g  10.1g S  1559  12.9  13:16.10 nts	1693189825559
1721592 toao      20   0  131.9g  16.2g  10.1g S 775.0  12.9  13:23.31 nts	1693189826262
1721592 toao      20   0  131.9g  16.2g  10.1g S 476.5  12.9  13:30.48 nts	1693189826963
1721592 toao      20   0  132.1g  16.2g  10.1g S  1253  12.9  13:39.01 nts	1693189827667
1721592 toao      20   0  132.1g  16.2g  10.1g S  1518  12.9  13:46.61 nts	1693189828369
1721592 toao      20   0  132.4g  16.2g  10.1g S  1618  12.9  13:53.93 nts	1693189829072
1721592 toao      20   0  132.4g  16.2g  10.1g S  1194  12.9  14:01.12 nts	1693189829773
1721592 toao      20   0  132.4g  16.2g  10.1g S 470.6  12.9  14:08.40 nts	1693189830479
1721592 toao      20   0  132.4g  16.2g  10.1g S  1450  12.9  14:17.46 nts	1693189831178
1721592 toao      20   0  132.4g  16.2g  10.1g S  1565  12.9  14:24.68 nts	1693189831889
1721592 toao      20   0  132.4g  16.2g  10.1g S 570.6  12.9  14:31.90 nts	1693189832590
1721592 toao      20   0  132.4g  16.2g  10.1g S 476.5  12.9  14:39.17 nts	1693189833294
1721592 toao      20   0  133.0g  16.2g  10.1g S 888.2  12.9  14:47.04 nts	1693189833994
1721592 toao      20   0  132.4g  16.2g  10.1g S  1512  12.9  14:55.22 nts	1693189834695
1721592 toao      20   0  132.4g  16.2g  10.1g S  1522  12.9  15:02.55 nts	1693189835399
1721592 toao      20   0  132.4g  16.2g  10.1g S 568.8  12.9  15:09.71 nts	1693189836105
1721592 toao      20   0  132.4g  16.2g  10.1g S 552.9  12.9  15:16.86 nts	1693189836807
1721592 toao      20   0  132.4g  16.2g  10.1g S 476.5  12.9  15:24.00 nts	1693189837507
1721592 toao      20   0  132.6g  16.2g  10.1g S  1471  12.9  15:32.75 nts	1693189838206
1721592 toao      20   0  133.2g  16.2g  10.1g S  1571  12.9  15:39.86 nts	1693189838907
1721592 toao      20   0  133.2g  16.2g  10.1g S  1535  12.9  15:47.01 nts	1693189839607
1721592 toao      20   0  133.2g  16.2g  10.1g S  1588  12.9  15:54.34 nts	1693189840307
1721592 toao      20   0  133.2g  16.2g  10.1g S 952.9  12.9  16:01.51 nts	1693189841010
1721592 toao      20   0  133.2g  16.2g  10.1g S 488.2  12.9  16:08.80 nts	1693189841710
1721592 toao      20   0  133.8g  16.2g  10.1g S  1271  12.9  16:17.13 nts	1693189842411
1721592 toao      20   0  133.8g  16.2g  10.1g S  1588  12.9  16:24.92 nts	1693189843115
1721592 toao      20   0  133.8g  16.2g  10.1g S  1429  12.9  16:31.82 nts	1693189843818
1721592 toao      20   0  133.8g  16.2g  10.1g S 570.6  12.9  16:39.14 nts	1693189844519
1721592 toao      20   0  133.8g  16.2g  10.1g S 547.1  12.9  16:46.33 nts	1693189845219
1721592 toao      20   0  133.8g  16.2g  10.1g S 582.4  12.9  16:53.38 nts	1693189845919
1721592 toao      20   0  133.8g  16.2g  10.1g S  1612  12.9  17:02.35 nts	1693189846623
1721592 toao      20   0  133.8g  16.2g  10.1g S  1359  12.9  17:09.76 nts	1693189847320
1721592 toao      20   0  133.8g  16.2g  10.1g S 564.7  12.9  17:17.02 nts	1693189848023
1721592 toao      20   0  134.4g  16.2g  10.1g S 917.6  12.9  17:24.94 nts	1693189848727
1721592 toao      20   0  133.8g  16.2g  10.1g S  1529  12.9  17:33.19 nts	1693189849430
1721592 toao      20   0  133.8g  16.2g  10.1g S  1600  12.9  17:40.54 nts	1693189850130
1721592 toao      20   0  133.8g  16.2g  10.1g S  1083  12.9  17:47.71 nts	1693189850832
1721592 toao      20   0  133.8g  16.2g  10.1g S 552.9  12.9  17:54.98 nts	1693189851535
1721592 toao      20   0  133.8g  16.2g  10.1g S 488.2  12.9  18:02.09 nts	1693189852235
1721592 toao      20   0  134.2g  16.2g  10.1g S 547.1  12.9  18:09.40 nts	1693189852935
1721592 toao      20   0  131.9g  16.2g  10.1g S  1494  12.9  18:18.30 nts	1693189853635
1721592 toao      20   0  132.6g  16.2g  10.1g S  1629  12.9  18:25.36 nts	1693189854335
1721592 toao      20   0  133.2g  16.2g  10.1g S  1582  12.9  18:32.31 nts	1693189855035
1721592 toao      20   0  133.8g  16.2g  10.1g S 972.2  12.9  18:39.46 nts	1693189855739
1721592 toao      20   0  133.8g  16.2g  10.1g S 582.4  12.9  18:46.72 nts	1693189856453
1721592 toao      20   0  133.8g  16.2g  10.1g S 512.5  12.9  18:53.90 nts	1693189857153
1721592 toao      20   0  133.8g  16.2g  10.1g S  1535  12.9  19:02.96 nts	1693189857854
1721592 toao      20   0  133.8g  16.2g  10.1g S  1606  12.9  19:10.26 nts	1693189858559
1721592 toao      20   0  133.8g  16.2g  10.1g S 758.8  12.9  19:17.49 nts	1693189859259
1721592 toao      20   0  133.8g  16.2g  10.1g S 500.0  12.9  19:24.70 nts	1693189859963
1721592 toao      20   0  134.4g  16.2g  10.1g S 664.7  12.9  19:31.95 nts	1693189860665
1721592 toao      20   0  134.4g  16.2g  10.1g S  1447  12.9  19:40.66 nts	1693189861365
1721592 toao      20   0  134.4g  16.2g  10.1g S  1665  12.9  19:48.38 nts	1693189862072
1721592 toao      20   0  134.4g  16.2g  10.1g S 935.3  12.9  19:55.62 nts	1693189862776
1721592 toao      20   0  134.9g  16.2g  10.1g S 764.7  12.9  20:03.37 nts	1693189863478
1721592 toao      20   0  134.4g  16.2g  10.1g S  1453  12.9  20:11.72 nts	1693189864181
1721592 toao      20   0  134.4g  16.2g  10.1g S  1594  12.9  20:19.11 nts	1693189864882
1721592 toao      20   0  134.4g  16.2g  10.1g S 794.1  12.9  20:26.32 nts	1693189865588
1721592 toao      20   0  134.4g  16.2g  10.1g S 568.8  12.9  20:33.54 nts	1693189866292
1721592 toao      20   0  134.9g  16.2g  10.1g S 829.4  12.9  20:41.28 nts	1693189866996
1721592 toao      20   0  134.4g  16.2g  10.1g S  1482  12.9  20:49.62 nts	1693189867699
1721592 toao      20   0  134.4g  16.2g  10.1g S  1576  12.9  20:57.03 nts	1693189868400
1721592 toao      20   0  134.4g  16.2g  10.1g S  1706  12.9  21:04.26 nts	1693189869104
1721592 toao      20   0  132.5g  16.2g  10.1g S 712.5  12.9  21:11.34 nts	1693189869802
1721592 toao      20   0  133.1g  16.2g  10.1g S 625.0  12.9  21:18.30 nts	1693189870504
1721592 toao      20   0  133.7g  16.2g  10.1g S 494.1  12.9  21:25.37 nts	1693189871204
1721592 toao      20   0  134.9g  16.2g  10.1g S 541.2  12.9  21:32.42 nts	1693189871907
1721592 toao      20   0  134.4g  16.2g  10.1g S  1541  12.9  21:41.38 nts	1693189872610
1721592 toao      20   0  134.4g  16.2g  10.1g S  1588  12.9  21:48.75 nts	1693189873310
1721592 toao      20   0  134.4g  16.2g  10.1g S 564.7  12.9  21:55.93 nts	1693189874010
1721592 toao      20   0  134.4g  16.2g  10.1g S 488.2  12.9  22:03.17 nts	1693189874711
1721592 toao      20   0  134.4g  16.2g  10.1g S  1200  12.9  22:11.63 nts	1693189875411
1721592 toao      20   0  134.4g  16.2g  10.1g S  1529  12.9  22:19.42 nts	1693189876114
1721592 toao      20   0  134.4g  16.2g  10.1g S  1594  12.9  22:26.79 nts	1693189876818
1721592 toao      20   0  134.4g  16.2g  10.1g S  1512  12.9  22:33.94 nts	1693189877520
1721592 toao      20   0  134.4g  16.2g  10.1g S 570.6  12.9  22:41.28 nts	1693189878219
1721592 toao      20   0  134.4g  16.2g  10.1g S  1329  12.9  22:49.98 nts	1693189878927
1721592 toao      20   0  134.4g  16.2g  10.1g S  1424  12.9  22:57.43 nts	1693189879630
1721592 toao      20   0  134.4g  16.2g  10.1g S  1053  12.9  23:04.92 nts	1693189880332
1721592 toao      20   0  134.4g  16.2g  10.1g S 476.5  12.9  23:12.12 nts	1693189881034
1721592 toao      20   0  134.9g  16.2g  10.1g S 688.2  12.9  23:19.72 nts	1693189881739
1721592 toao      20   0  134.4g  16.2g  10.1g S  1482  12.9  23:28.31 nts	1693189882439
1721592 toao      20   0  134.4g  16.2g  10.1g S  1594  12.9  23:35.61 nts	1693189883138
1721592 toao      20   0  134.4g  16.2g  10.1g S 588.9  12.9  23:42.79 nts	1693189883842
1721592 toao      20   0  134.4g  16.2g  10.1g S 552.9  12.9  23:49.97 nts	1693189884549
1721592 toao      20   0  134.4g  16.2g  10.1g S 470.6  12.9  23:57.17 nts	1693189885247
1721592 toao      20   0  132.5g  16.2g  10.1g S 488.2  12.9  24:04.26 nts	1693189885947
1721592 toao      20   0  133.7g  16.2g  10.1g S  1500  12.9  24:13.06 nts	1693189886651
1721592 toao      20   0  134.4g  16.2g  10.1g S  1471  12.9  24:20.07 nts	1693189887349
1721592 toao      20   0  134.4g  16.2g  10.1g S  1606  12.9  24:27.33 nts	1693189888055
1721592 toao      20   0  134.4g  16.2g  10.1g S  1100  12.9  24:34.41 nts	1693189888754
1721592 toao      20   0  134.4g  16.2g  10.1g S 476.5  12.9  24:41.68 nts	1693189889456
1721592 toao      20   0  134.4g  16.2g  10.1g S  1265  12.9  24:50.15 nts	1693189890158
1721592 toao      20   0  134.4g  16.2g  10.1g S  1624  12.9  24:57.94 nts	1693189890859
1721592 toao      20   0  134.4g  16.2g  10.1g S  1606  12.9  25:05.21 nts	1693189891560
1721592 toao      20   0  134.4g  16.2g  10.1g S 831.2  12.9  25:12.41 nts	1693189892262
1721592 toao      20   0  134.4g  16.2g  10.1g S 487.5  12.9  25:19.70 nts	1693189892962
1721592 toao      20   0  134.4g  16.2g  10.1g S 525.0  12.9  25:26.92 nts	1693189893663
1721592 toao      20   0  134.4g  16.2g  10.1g S  1569  12.9  25:35.85 nts	1693189894362
1721592 toao      20   0  134.4g  16.2g  10.1g S  1529  12.9  25:43.35 nts	1693189895063
1721592 toao      20   0  134.4g  16.2g  10.1g S 470.6  12.9  25:50.60 nts	1693189895767
1721592 toao      20   0  134.9g  16.2g  10.1g S 900.0  12.9  25:58.43 nts	1693189896470
1721592 toao      20   0  134.4g  16.2g  10.1g S  1524  12.9  26:06.60 nts	1693189897170
1721592 toao      20   0  134.4g  16.2g  10.1g S  1588  12.9  26:13.85 nts	1693189897871
1721592 toao      20   0  134.4g  16.2g  10.1g S  1247  12.9  26:21.00 nts	1693189898574
1721592 toao      20   0  134.4g  16.2g  10.1g S 511.8  12.9  26:28.21 nts	1693189899274
1721592 toao      20   0  134.9g  16.2g  10.1g S 611.8  12.9  26:35.59 nts	1693189899979
1721592 toao      20   0  134.4g  16.2g  10.1g S  1218  12.9  26:43.85 nts	1693189900680
1721592 toao      20   0  134.4g  16.2g  10.1g S  1535  12.9  26:51.56 nts	1693189901385
1721592 toao      20   0  133.4g  16.2g  10.1g S  1553  12.9  26:58.64 nts	1693189902086
1721592 toao      20   0  134.0g  16.2g  10.1g S  1600  12.9  27:05.65 nts	1693189902788
1721592 toao      20   0  134.0g  16.2g  10.1g S 547.1  12.9  27:12.75 nts	1693189903487
1721592 toao      20   0  134.0g  16.2g  10.1g S 476.5  12.9  27:20.01 nts	1693189904186
1721592 toao      20   0  134.6g  16.2g  10.1g S 647.1  12.9  27:27.51 nts	1693189904887
1721592 toao      20   0  134.0g  16.2g  10.1g S  1571  12.9  27:36.34 nts	1693189905591
1721592 toao      20   0  134.0g  16.2g  10.1g S  1188  12.9  27:43.56 nts	1693189906291
1721592 toao      20   0  134.0g  16.2g  10.1g S 523.5  12.9  27:50.85 nts	1693189906994
1721592 toao      20   0  134.6g  16.2g  10.1g S 517.6  12.9  27:58.03 nts	1693189907700
1721592 toao      20   0  135.2g  16.3g  10.1g S 829.4  13.0  28:05.55 nts	1693189908399
1721592 toao      20   0  134.6g  16.2g  10.1g S  1524  12.9  28:13.83 nts	1693189909099
1721592 toao      20   0  134.6g  16.2g  10.1g S  1647  12.9  28:21.26 nts	1693189909820
1721592 toao      20   0  134.6g  16.2g  10.1g S 841.2  12.9  28:28.51 nts	1693189910519
1721592 toao      20   0  135.2g  16.3g  10.1g S 700.0  13.0  28:36.14 nts	1693189911219
1721592 toao      20   0  134.6g  16.2g  10.1g S  1619  12.9  28:44.72 nts	1693189911923
1721592 toao      20   0  134.6g  16.2g  10.1g S  1588  12.9  28:52.05 nts	1693189912622
1721592 toao      20   0  134.6g  16.2g  10.1g S 547.1  12.9  28:59.25 nts	1693189913326
1721592 toao      20   0  134.6g  16.2g  10.1g S 470.6  12.9  29:06.49 nts	1693189914023
1721592 toao      20   0  135.2g  16.3g  10.1g S 787.5  13.0  29:14.07 nts	1693189914725
1721592 toao      20   0  134.6g  16.2g  10.1g S  1500  12.9  29:22.57 nts	1693189915428
1721592 toao      20   0  134.6g  16.2g  10.1g S  1571  12.9  29:29.89 nts	1693189916127
1721592 toao      20   0  134.6g  16.2g  10.1g S  1500  12.9  29:37.10 nts	1693189916826
1721592 toao      20   0  134.6g  16.2g  10.1g S 588.2  12.9  29:44.42 nts	1693189917531
1721592 toao      20   0  133.4g  16.2g  10.1g S 388.2  12.9  29:51.23 nts	1693189918235
1721592 toao      20   0  134.0g  16.2g  10.1g S 488.2  12.9  29:58.37 nts	1693189918934
1721592 toao      20   0  134.9g  16.3g  10.1g S 494.1  13.0  30:05.48 nts	1693189919641
1721592 toao      20   0  134.6g  16.2g  10.1g S  1619  12.9  30:14.56 nts	1693189920342
1721592 toao      20   0  134.6g  16.2g  10.1g S  1671  12.9  30:21.96 nts	1693189921040
1721592 toao      20   0  134.6g  16.2g  10.1g S 676.5  12.9  30:29.24 nts	1693189921739
1721592 toao      20   0  134.6g  16.2g  10.1g S 470.6  12.9  30:36.51 nts	1693189922444
1721592 toao      20   0  135.2g  16.3g  10.1g S 923.5  13.0  30:44.48 nts	1693189923146
1721592 toao      20   0  134.6g  16.2g  10.1g S  1529  12.9  30:52.80 nts	1693189923847
1721592 toao      20   0  134.6g  16.2g  10.1g S  1641  12.9  31:00.24 nts	1693189924546
1721592 toao      20   0  134.6g  16.2g  10.1g S  1606  12.9  31:07.46 nts	1693189925247
1721592 toao      20   0  134.6g  16.2g  10.1g S 611.8  12.9  31:14.62 nts	1693189925949
1721592 toao      20   0  134.6g  16.2g  10.1g S 488.2  12.9  31:21.89 nts	1693189926652
1721592 toao      20   0  134.6g  16.2g  10.1g S  1700  12.9  31:31.02 nts	1693189927352
1721592 toao      20   0  134.6g  16.2g  10.1g S  1524  12.9  31:38.32 nts	1693189928054
1721592 toao      20   0  134.6g  16.2g  10.1g S 529.4  12.9  31:45.47 nts	1693189928755
1721592 toao      20   0  134.6g  16.2g  10.1g S 476.5  12.9  31:52.70 nts	1693189929454
1721592 toao      20   0  134.6g  16.2g  10.1g S  1335  12.9  32:01.35 nts	1693189930150
1721592 toao      20   0  134.6g  16.2g  10.1g S  1756  12.9  32:09.19 nts	1693189930852
1721592 toao      20   0  134.6g  16.2g  10.1g S  1606  12.9  32:16.39 nts	1693189931555
1721592 toao      20   0  134.6g  16.2g  10.1g S 533.3  12.9  32:23.59 nts	1693189932260
1721592 toao      20   0  134.6g  16.2g  10.1g S 517.6  12.9  32:30.65 nts	1693189932967
1721592 toao      20   0  132.9g  16.2g  10.1g S 511.8  12.9  32:37.94 nts	1693189933667
1721592 toao      20   0  134.0g  16.2g  10.1g S  1488  12.9  32:46.66 nts	1693189934366
1721592 toao      20   0  134.6g  16.3g  10.1g S  1600  12.9  32:53.94 nts	1693189935067
1721592 toao      20   0  134.6g  16.3g  10.1g S  1618  12.9  33:00.97 nts	1693189935766
1721592 toao      20   0  134.6g  16.3g  10.1g S  1182  12.9  33:08.20 nts	1693189936467
1721592 toao      20   0  134.6g  16.3g  10.1g S 588.2  13.0  33:15.49 nts	1693189937167
1721592 toao      20   0  134.6g  16.3g  10.1g S  1100  13.0  33:23.74 nts	1693189937871
1721592 toao      20   0  134.6g  16.3g  10.1g S  1665  13.0  33:31.98 nts	1693189938572
1721592 toao      20   0  134.6g  16.3g  10.1g S  1594  13.0  33:39.18 nts	1693189939274
1721592 toao      20   0  134.6g  16.3g  10.1g S 552.9  13.0  33:46.37 nts	1693189939978
1721592 toao      20   0  134.6g  16.3g  10.1g S 506.2  13.0  33:53.64 nts	1693189940683
1721592 toao      20   0  134.6g  16.3g  10.1g S 531.2  13.0  34:00.82 nts	1693189941383
1721592 toao      20   0  134.6g  16.3g  10.1g S  1606  13.0  34:09.78 nts	1693189942084
1721592 toao      20   0  134.6g  16.3g  10.1g S  1500  13.0  34:16.91 nts	1693189942783
1721592 toao      20   0  134.6g  16.3g  10.1g S 541.2  13.0  34:24.27 nts	1693189943481
1721592 toao      20   0  135.2g  16.3g  10.1g S 637.5  13.0  34:31.73 nts	1693189944182
1721592 toao      20   0  134.6g  16.3g  10.1g S  1612  13.0  34:40.54 nts	1693189944883
1721592 toao      20   0  134.6g  16.3g  10.1g S  1618  13.0  34:47.98 nts	1693189945584
1721592 toao      20   0  134.6g  16.3g  10.1g S  1441  13.0  34:55.27 nts	1693189946287
1721592 toao      20   0  134.6g  16.3g  10.1g S 588.2  13.0  35:02.58 nts	1693189946986
1721592 toao      20   0  134.6g  16.3g  10.1g S 488.2  13.0  35:09.93 nts	1693189947692
1721592 toao      20   0  135.2g  16.3g  10.1g S 958.8  13.0  35:18.10 nts	1693189948395
1721592 toao      20   0  134.6g  16.3g  10.1g S  1553  13.0  35:26.35 nts	1693189949095
1721592 toao      20   0  132.8g  16.2g  10.1g S  1541  12.9  35:33.66 nts	1693189949799
1721592 toao      20   0  133.4g  16.2g  10.1g S  1412  12.9  35:40.73 nts	1693189950507
1721592 toao      20   0  134.6g  16.3g  10.1g S 552.9  13.0  35:47.75 nts	1693189951207
1721592 toao      20   0  134.6g  16.3g  10.1g S 523.5  13.0  35:54.81 nts	1693189951907
1721592 toao      20   0  134.6g  16.3g  10.1g S 488.2  13.0  36:02.02 nts	1693189952611
1721592 toao      20   0  134.6g  16.3g  10.1g S  1535  13.0  36:11.12 nts	1693189953308
1721592 toao      20   0  134.6g  16.3g  10.1g S  1629  13.0  36:18.47 nts	1693189954007
1721592 toao      20   0  134.6g  16.3g  10.1g S 576.5  13.0  36:25.68 nts	1693189954706
1721592 toao      20   0  134.6g  16.3g  10.1g S 464.7  13.0  36:32.93 nts	1693189955407
1721592 toao      20   0  135.2g  16.3g  10.1g S 570.6  13.0  36:40.28 nts	1693189956106
1721592 toao      20   0  134.9g  16.3g  10.1g S  1524  13.0  36:49.08 nts	1693189956807
1721592 toao      20   0  134.9g  16.3g  10.1g S  1665  13.0  36:56.55 nts	1693189957507
1721592 toao      20   0  134.9g  16.3g  10.1g S  1744  13.0  37:03.81 nts	1693189958206
1721592 toao      20   0  134.9g  16.3g  10.1g S 618.8  13.0  37:10.98 nts	1693189958903
1721592 toao      20   0  134.9g  16.3g  10.1g S  1338  13.0  37:19.46 nts	1693189959602
1721592 toao      20   0  134.9g  16.3g  10.1g S  1731  13.0  37:27.47 nts	1693189960301
1721592 toao      20   0  134.9g  16.3g  10.1g S  1694  13.0  37:34.63 nts	1693189961003
1721592 toao      20   0  134.9g  16.3g  10.1g S 587.5  13.0  37:41.88 nts	1693189961703
1721592 toao      20   0  134.9g  16.3g  10.1g S 506.2  13.0  37:49.09 nts	1693189962404
1721592 toao      20   0  134.9g  16.3g  10.1g S  1262  13.0  37:57.46 nts	1693189963103
1721592 toao      20   0  134.9g  16.3g  10.1g S  1725  13.0  38:05.44 nts	1693189963803
1721592 toao      20   0  134.9g  16.3g  10.1g S  1725  13.0  38:12.70 nts	1693189964504
1721592 toao      20   0  134.9g  16.3g  10.1g S  1656  13.0  38:19.89 nts	1693189965203
1721592 toao      20   0       0      0      0 Z 100.0   0.0  38:23.95 nts	1693189965901
1721592 toao      20   0       0      0      0 Z 105.9   0.0  38:24.66 nts	1693189966605
1721592 toao      20   0       0      0      0 Z 100.0   0.0  38:25.34 nts	1693189967310
1721592 toao      20   0       0      0      0 Z 100.0   0.0  38:26.04 nts	1693189968014
