136754 root      20   0 2535512  98836  67940 R  94.1   0.0   0:00.17 nts	1697336928814
136754 root      20   0 9599564 215840 115104 R  8876   0.0   0:32.92 nts	1697336929515
136754 root      20   0 9672328 280416 115344 R 206.2   0.0   0:51.36 nts	1697336930222
136754 root      20   0 9672328 280416 115344 R 206.2   0.0   0:52.73 nts	1697336930912
136754 root      20   0 9672328 280416 115344 R 200.0   0.0   0:54.09 nts	1697336931601
136754 root      20   0 9672328 280416 115344 R 200.0   0.0   0:55.46 nts	1697336932291
136754 root      20   0 9672328 280416 115344 R 212.5   0.0   0:56.84 nts	1697336932981
136754 root      20   0 9672328 280416 115344 R 206.2   0.0   0:58.21 nts	1697336933671
136754 root      20   0 9672328 280416 115344 R 206.2   0.0   0:59.58 nts	1697336934362
136754 root      20   0 9672328 280416 115344 R 200.0   0.0   1:00.94 nts	1697336935050
136754 root      20   0 9672328 280416 115344 R 182.4   0.0   1:02.29 nts	1697336935735
136754 root      20   0 9672328 280416 115344 R 206.2   0.0   1:03.67 nts	1697336936422
136754 root      20   0 9672328 280416 115344 R 188.2   0.0   1:05.03 nts	1697336937108
136754 root      20   0 9672328 280416 115344 R 194.1   0.0   1:06.40 nts	1697336937797
136754 root      20   0 9672328 280416 115344 R 188.2   0.0   1:07.76 nts	1697336938486
136754 root      20   0 9672328 280416 115344 R 200.0   0.0   1:09.14 nts	1697336939174
136754 root      20   0 9672328 280416 115344 R 188.2   0.0   1:10.50 nts	1697336939863
136754 root      20   0 9672328 280416 115344 R 194.1   0.0   1:11.88 nts	1697336940554
136754 root      20   0 9776132 307080 115468 R 147.1   0.0   1:13.18 nts	1697336941245
136754 root      20   0   10.5g 781824 115468 R  1482   0.1   1:25.54 nts	1697336941937
136754 root      20   0   10.5g 791216 115468 R  1653   0.1   1:36.63 nts	1697336942638
136754 root      20   0   10.5g 797232 115468 R  1512   0.1   1:47.54 nts	1697336943332
136754 root      20   0   10.5g 798268 115468 R  1594   0.1   1:57.90 nts	1697336944028
136754 root      20   0   15.5g 803036 115500 R 194.1   0.1   2:02.10 nts	1697336944725
136754 root      20   0   15.5g 804356 115500 R 194.1   0.1   2:03.46 nts	1697336945416
136754 root      20   0   15.5g 806468 115500 R 188.2   0.1   2:04.82 nts	1697336946104
136754 root      20   0   15.5g 808844 115500 R 200.0   0.1   2:06.18 nts	1697336946791
136754 root      20   0   15.5g 811220 115500 R 188.2   0.1   2:07.53 nts	1697336947479
136754 root      20   0   15.5g 812540 115500 R 194.1   0.1   2:08.90 nts	1697336948165
136754 root      20   0   15.5g 813596 115500 R 206.2   0.1   2:10.25 nts	1697336948852
136754 root      20   0   15.5g 816764 115500 R 188.2   0.1   2:11.61 nts	1697336949538
136754 root      20   0   15.5g 819932 115500 R 200.0   0.1   2:12.97 nts	1697336950224
136754 root      20   0   16.7g 883816 115500 S 393.8   0.1   2:14.83 nts	1697336950911
136754 root      20   0   16.7g   1.0g 115500 S 388.2   0.1   2:17.73 nts	1697336951604
136754 root      20   0   16.7g   1.1g 115500 R 441.2   0.2   2:20.73 nts	1697336952297
136754 root      20   0   16.7g   1.2g 115500 R 443.8   0.2   2:23.66 nts	1697336952990
136754 root      20   0   21.7g   1.3g 115500 R 100.0   0.2   2:25.78 nts	1697336953682
136754 root      20   0   21.7g   1.3g 115500 R 100.0   0.2   2:26.48 nts	1697336954371
136754 root      20   0   21.7g   1.3g 115500 R 100.0   0.2   2:27.16 nts	1697336955061
136754 root      20   0   21.7g   1.3g 115500 R 100.0   0.2   2:27.86 nts	1697336955749
136754 root      20   0   21.7g   1.3g 115500 R 100.0   0.2   2:28.54 nts	1697336956437
136754 root      20   0   22.2g   1.6g 115500 R  94.1   0.2   2:29.23 nts	1697336957125
136754 root      20   0   22.2g   1.7g 115500 R 100.0   0.2   2:29.92 nts	1697336957812
136754 root      20   0   22.2g   1.7g 115500 R 106.2   0.2   2:30.61 nts	1697336958500
136754 root      20   0   22.2g   1.8g 115500 R 100.0   0.2   2:31.29 nts	1697336959188
136754 root      20   0   22.2g   1.8g 115500 R  94.1   0.2   2:31.98 nts	1697336959875
136754 root      20   0   22.2g   1.8g 115500 R  88.2   0.2   2:32.66 nts	1697336960564
136754 root      20   0   22.2g   1.8g 115500 R 100.0   0.2   2:33.35 nts	1697336961251
136754 root      20   0   22.2g   1.8g 115500 R 100.0   0.2   2:34.04 nts	1697336961939
136754 root      20   0   22.2g   1.8g 115500 R  94.1   0.2   2:34.72 nts	1697336962626
136754 root      20   0   22.2g   1.8g 115500 R 106.2   0.2   2:35.42 nts	1697336963313
136754 root      20   0   22.2g   1.8g 115500 R 100.0   0.2   2:36.11 nts	1697336964002
136754 root      20   0   22.2g   1.8g 115500 R  94.1   0.2   2:36.79 nts	1697336964693
136754 root      20   0   22.2g   1.8g 115500 R 100.0   0.2   2:37.49 nts	1697336965383
136754 root      20   0   22.2g   1.8g 115500 R 106.2   0.2   2:38.18 nts	1697336966072
136754 root      20   0   22.2g   1.8g 115500 R 100.0   0.2   2:38.86 nts	1697336966760
136754 root      20   0   22.2g   1.8g 115500 R 100.0   0.2   2:39.55 nts	1697336967447
136754 root      20   0   22.2g   1.8g 115500 R 100.0   0.2   2:40.24 nts	1697336968135
136754 root      20   0   22.2g   1.8g 115500 R 106.2   0.2   2:40.93 nts	1697336968822
136754 root      20   0   22.2g   1.8g 115500 R 100.0   0.2   2:41.61 nts	1697336969509
136754 root      20   0   22.2g   1.8g 115500 R 100.0   0.2   2:42.30 nts	1697336970196
136754 root      20   0   22.2g   1.8g 115500 R 100.0   0.2   2:42.99 nts	1697336970884
136754 root      20   0   22.2g   1.8g 115500 R 100.0   0.2   2:43.67 nts	1697336971572
136754 root      20   0   22.2g   1.8g 115500 R 100.0   0.2   2:44.36 nts	1697336972261
136754 root      20   0   22.2g   1.8g 115500 R  94.1   0.2   2:45.05 nts	1697336972949
136754 root      20   0   22.2g   1.8g 115500 R  94.1   0.2   2:45.74 nts	1697336973637
136754 root      20   0   22.2g   1.8g 115500 R  94.1   0.2   2:46.42 nts	1697336974324
136754 root      20   0   22.2g   1.8g 115500 R 100.0   0.2   2:47.11 nts	1697336975012
136754 root      20   0   22.2g   1.8g 115500 R  94.1   0.2   2:47.80 nts	1697336975699
136754 root      20   0   22.2g   1.8g 115500 R 100.0   0.2   2:48.49 nts	1697336976387
136754 root      20   0   26.6g   1.8g 118576 R 258.8   0.2   2:49.45 nts	1697336977074
136754 root      20   0   27.5g   2.1g 255088 D   0.0   0.3   2:49.87 nts	1697336977761
136754 root      20   0   27.9g   2.5g 318572 R  94.1   0.3   2:50.44 nts	1697336978449
136754 root      20   0   28.0g   2.7g 343396 R  76.5   0.4   2:50.75 nts	1697336979136
136754 root      20   0   28.5g   3.1g 404736 D  41.2   0.4   2:51.34 nts	1697336979824
136754 root      20   0   28.9g   3.4g 495208 R 100.0   0.5   2:51.75 nts	1697336980512
136754 root      20   0   29.2g   3.6g 528776 R 100.0   0.5   2:52.47 nts	1697336981199
136754 root      20   0   30.1g   4.1g   1.0g R 100.0   0.6   2:53.26 nts	1697336981887
136754 root      20   0   30.1g   4.1g   1.0g R 100.0   0.6   2:53.95 nts	1697336982577
136754 root      20   0   31.1g   4.6g   1.5g R 100.0   0.6   2:54.64 nts	1697336983265
136754 root      20   0   31.1g   5.0g   2.0g R 100.0   0.7   2:55.32 nts	1697336983953
136754 root      20   0   31.1g   5.0g   2.0g R 106.2   0.7   2:56.01 nts	1697336984639
136754 root      20   0   31.1g   5.0g   2.0g R 100.0   0.7   2:56.70 nts	1697336985326
136754 root      20   0   31.1g   5.0g   2.0g R  94.1   0.7   2:57.38 nts	1697336986014
136754 root      20   0   31.1g   5.0g   2.0g R 100.0   0.7   2:58.07 nts	1697336986702
136754 root      20   0   31.1g   5.0g   2.0g R 100.0   0.7   2:58.76 nts	1697336987391
136754 root      20   0   31.1g   5.0g   2.0g R 106.2   0.7   2:59.46 nts	1697336988081
136754 root      20   0   31.1g   5.0g   2.0g R 100.0   0.7   3:00.14 nts	1697336988770
136754 root      20   0   31.1g   5.0g   2.0g R  94.1   0.7   3:00.83 nts	1697336989456
136754 root      20   0   31.1g   5.0g   2.0g R 100.0   0.7   3:01.52 nts	1697336990146
136754 root      20   0   31.1g   5.0g   2.0g R 100.0   0.7   3:02.21 nts	1697336990833
136754 root      20   0   31.1g   5.0g   2.0g R 106.2   0.7   3:02.90 nts	1697336991523
136754 root      20   0   31.1g   5.0g   2.0g R 100.0   0.7   3:03.59 nts	1697336992212
136754 root      20   0   31.1g   5.0g   2.0g R 106.2   0.7   3:04.28 nts	1697336992901
136754 root      20   0   31.1g   5.0g   2.0g R 100.0   0.7   3:04.96 nts	1697336993592
136754 root      20   0   31.1g   5.0g   2.0g R 100.0   0.7   3:05.65 nts	1697336994280
136754 root      20   0   31.1g   5.0g   2.0g R  94.1   0.7   3:06.34 nts	1697336994967
136754 root      20   0   31.1g   5.0g   2.0g R  94.1   0.7   3:07.03 nts	1697336995656
136754 root      20   0   31.1g   5.0g   2.0g R 100.0   0.7   3:07.72 nts	1697336996345
136754 root      20   0   31.1g   5.0g   2.0g R 100.0   0.7   3:08.40 nts	1697336997034
136754 root      20   0   31.1g   5.0g   2.0g R 100.0   0.7   3:09.09 nts	1697336997720
136754 root      20   0   31.1g   5.0g   2.0g R 100.0   0.7   3:09.78 nts	1697336998410
136754 root      20   0   31.1g   5.0g   2.0g R  94.1   0.7   3:10.47 nts	1697336999098
136754 root      20   0   31.1g   5.0g   2.0g R  94.1   0.7   3:11.16 nts	1697336999788
136754 root      20   0   31.1g   5.0g   2.0g R  94.1   0.7   3:11.85 nts	1697337000475
136754 root      20   0   31.1g   5.0g   2.0g R 100.0   0.7   3:12.54 nts	1697337001163
136754 root      20   0   31.1g   5.0g   2.0g R  94.1   0.7   3:13.23 nts	1697337001854
136754 root      20   0   31.1g   5.0g   2.0g R 106.2   0.7   3:13.92 nts	1697337002543
136754 root      20   0   31.1g   5.0g   2.0g R 100.0   0.7   3:14.60 nts	1697337003229
136754 root      20   0   31.1g   5.0g   2.0g R  94.1   0.7   3:15.29 nts	1697337003918
136754 root      20   0   31.1g   5.0g   2.0g R  94.1   0.7   3:15.98 nts	1697337004608
136754 root      20   0   31.1g   5.0g   2.0g R 100.0   0.7   3:16.67 nts	1697337005297
136754 root      20   0   31.1g   5.0g   2.0g R  94.1   0.7   3:17.35 nts	1697337005984
136754 root      20   0   31.1g   5.0g   2.0g R 100.0   0.7   3:18.05 nts	1697337006673
136754 root      20   0   31.1g   5.0g   2.0g R 106.2   0.7   3:18.74 nts	1697337007360
136754 root      20   0   31.1g   5.0g   2.0g R  94.1   0.7   3:19.42 nts	1697337008047
136754 root      20   0   31.1g   5.0g   2.0g R  94.1   0.7   3:20.11 nts	1697337008733
136754 root      20   0   31.1g   5.0g   2.0g R 106.2   0.7   3:20.80 nts	1697337009423
136754 root      20   0   31.1g   5.0g   2.0g R 100.0   0.7   3:21.48 nts	1697337010112
136754 root      20   0   31.1g   5.0g   2.0g R  94.1   0.7   3:22.18 nts	1697337010799
136754 root      20   0   31.1g   5.0g   2.0g R 100.0   0.7   3:22.86 nts	1697337011489
136754 root      20   0   31.1g   5.0g   2.0g R  94.1   0.7   3:23.55 nts	1697337012178
136754 root      20   0   31.1g   5.0g   2.0g R  94.1   0.7   3:24.24 nts	1697337012865
136754 root      20   0   31.1g   5.0g   2.0g R  94.1   0.7   3:24.93 nts	1697337013554
136754 root      20   0   31.1g   5.0g   2.0g R  94.1   0.7   3:25.62 nts	1697337014243
136754 root      20   0   31.1g   5.0g   2.0g R 100.0   0.7   3:26.31 nts	1697337014932
136754 root      20   0   31.1g   5.0g   2.0g R 106.2   0.7   3:27.00 nts	1697337015622
136754 root      20   0   31.1g   5.0g   2.0g R 100.0   0.7   3:27.68 nts	1697337016310
136754 root      20   0   31.1g   5.0g   2.0g R 100.0   0.7   3:28.37 nts	1697337016999
136754 root      20   0   31.1g   5.0g   2.0g R 100.0   0.7   3:29.06 nts	1697337017688
136754 root      20   0   31.1g   5.0g   2.0g R 100.0   0.7   3:29.75 nts	1697337018374
136754 root      20   0   31.1g   5.0g   2.0g R 100.0   0.7   3:30.43 nts	1697337019063
136754 root      20   0   31.1g   5.0g   2.0g R 100.0   0.7   3:31.13 nts	1697337019749
136754 root      20   0   31.1g   5.0g   2.0g R  94.1   0.7   3:31.81 nts	1697337020439
136754 root      20   0   31.1g   5.0g   2.0g R  94.1   0.7   3:32.50 nts	1697337021127
136754 root      20   0   31.1g   5.0g   2.0g R 100.0   0.7   3:33.19 nts	1697337021814
136754 root      20   0   31.1g   5.0g   2.0g R  94.1   0.7   3:33.88 nts	1697337022503
136754 root      20   0   31.1g   5.0g   2.0g R 100.0   0.7   3:34.57 nts	1697337023191
136754 root      20   0   31.1g   5.0g   2.0g R 106.2   0.7   3:35.26 nts	1697337023881
136754 root      20   0   31.1g   5.0g   2.0g R 100.0   0.7   3:35.95 nts	1697337024568
136754 root      20   0   31.1g   5.0g   2.0g R  94.1   0.7   3:36.63 nts	1697337025259
136754 root      20   0   31.1g   5.0g   2.0g R  94.1   0.7   3:37.32 nts	1697337025947
136754 root      20   0   31.1g   5.0g   2.0g R  94.1   0.7   3:38.01 nts	1697337026638
136754 root      20   0   31.1g   5.0g   2.0g R  94.1   0.7   3:38.70 nts	1697337027325
136754 root      20   0   31.1g   5.0g   2.0g R  94.1   0.7   3:39.39 nts	1697337028015
136754 root      20   0   31.1g   5.0g   2.0g R 100.0   0.7   3:40.08 nts	1697337028704
136754 root      20   0   31.1g   5.0g   2.0g R 106.2   0.7   3:40.77 nts	1697337029390
136754 root      20   0   31.1g   5.0g   2.0g R 106.2   0.7   3:41.46 nts	1697337030079
136754 root      20   0   31.1g   5.0g   2.0g R  94.1   0.7   3:42.14 nts	1697337030768
136754 root      20   0   31.1g   5.0g   2.0g R  94.1   0.7   3:42.83 nts	1697337031457
136754 root      20   0   31.1g   5.0g   2.0g R  94.1   0.7   3:43.52 nts	1697337032146
136754 root      20   0   31.1g   5.0g   2.0g R  94.1   0.7   3:44.21 nts	1697337032833
136754 root      20   0   31.1g   5.0g   2.0g R 100.0   0.7   3:44.90 nts	1697337033523
136754 root      20   0   31.1g   5.0g   2.0g R 100.0   0.7   3:45.59 nts	1697337034211
136754 root      20   0   31.1g   5.0g   2.0g R 100.0   0.7   3:46.28 nts	1697337034901
136754 root      20   0   31.1g   5.0g   2.0g R 100.0   0.7   3:46.97 nts	1697337035588
136754 root      20   0   31.1g   5.0g   2.0g R 100.0   0.7   3:47.66 nts	1697337036277
136754 root      20   0   31.1g   5.0g   2.0g R 100.0   0.7   3:48.35 nts	1697337036966
136754 root      20   0   31.1g   5.0g   2.0g R  94.1   0.7   3:49.03 nts	1697337037655
136754 root      20   0   31.1g   5.0g   2.0g R 106.2   0.7   3:49.72 nts	1697337038342
136754 root      20   0   31.1g   5.0g   2.0g R 106.2   0.7   3:50.42 nts	1697337039031
136754 root      20   0   31.1g   5.0g   2.0g R 106.2   0.7   3:51.10 nts	1697337039720
136754 root      20   0   31.1g   5.0g   2.0g R  94.1   0.7   3:51.78 nts	1697337040409
136754 root      20   0   31.1g   5.0g   2.0g R  94.1   0.7   3:52.47 nts	1697337041096
136754 root      20   0   31.1g   5.0g   2.0g R  94.1   0.7   3:53.16 nts	1697337041785
136754 root      20   0   31.1g   5.0g   2.0g R  94.1   0.7   3:53.85 nts	1697337042474
136754 root      20   0   31.1g   5.0g   2.0g R 100.0   0.7   3:54.54 nts	1697337043163
136754 root      20   0   31.1g   5.0g   2.0g R 106.2   0.7   3:55.23 nts	1697337043850
136754 root      20   0   31.1g   5.0g   2.0g R 100.0   0.7   3:55.92 nts	1697337044539
136754 root      20   0   31.1g   5.0g   2.0g R 100.0   0.7   3:56.61 nts	1697337045227
136754 root      20   0   31.1g   5.0g   2.0g R  94.1   0.7   3:57.29 nts	1697337045917
136754 root      20   0   31.1g   5.0g   2.0g R  94.1   0.7   3:57.98 nts	1697337046604
136754 root      20   0   31.1g   5.0g   2.0g R 100.0   0.7   3:58.67 nts	1697337047293
136754 root      20   0   31.1g   5.0g   2.0g R 100.0   0.7   3:59.36 nts	1697337047981
136754 root      20   0   31.1g   5.0g   2.0g R 106.2   0.7   4:00.05 nts	1697337048670
136754 root      20   0   31.1g   5.0g   2.0g R  94.1   0.7   4:00.73 nts	1697337049359
136754 root      20   0   31.1g   5.0g   2.0g R  94.1   0.7   4:01.42 nts	1697337050045
136754 root      20   0   31.1g   5.0g   2.0g R  94.1   0.7   4:02.11 nts	1697337050734
136754 root      20   0   31.1g   5.0g   2.0g R 100.0   0.7   4:02.81 nts	1697337051423
136754 root      20   0   31.1g   5.0g   2.0g R 100.0   0.7   4:03.50 nts	1697337052114
136754 root      20   0   31.1g   5.0g   2.0g R 106.2   0.7   4:04.19 nts	1697337052802
136754 root      20   0   31.1g   5.0g   2.0g R 106.2   0.7   4:04.88 nts	1697337053492
136754 root      20   0   31.1g   5.0g   2.0g R 100.0   0.7   4:05.56 nts	1697337054181
136754 root      20   0   31.2g   5.1g   2.0g R  75.0   0.7   4:06.21 nts	1697337054871
136754 root      20   0  107.8g   5.4g   2.1g S 964.7   0.7   4:12.27 nts	1697337055562
136754 root      20   0  109.2g   5.4g   2.1g S 594.1   0.7   4:16.17 nts	1697337056264
136754 root      20   0  110.1g   5.5g   2.2g S 868.8   0.8   4:22.34 nts	1697337056959
136754 root      20   0  110.1g   5.6g   2.2g S 794.1   0.8   4:26.85 nts	1697337057655
136754 root      20   0  109.8g   5.6g   2.3g S 541.2   0.8   4:31.78 nts	1697337058351
136754 root      20   0  110.1g   5.7g   2.3g S 776.5   0.8   4:36.63 nts	1697337059047
136754 root      20   0  110.1g   5.7g   2.4g S 635.3   0.8   4:40.95 nts	1697337059742
136754 root      20   0  110.1g   5.8g   2.4g S 823.5   0.8   4:46.69 nts	1697337060439
136754 root      20   0  110.2g   5.9g   2.5g S 772.2   0.8   4:51.52 nts	1697337061137
136754 root      20   0  109.9g   5.9g   2.5g S 541.2   0.8   4:56.18 nts	1697337061837
136754 root      20   0  110.3g   6.0g   2.6g S 811.8   0.8   5:01.83 nts	1697337062532
136754 root      20   0  110.4g   6.1g   2.6g S 735.3   0.8   5:06.08 nts	1697337063232
136754 root      20   0  124.2g   6.1g   2.7g S 552.9   0.8   5:11.37 nts	1697337063929
136754 root      20   0  125.4g   6.2g   2.7g S 900.0   0.9   5:16.08 nts	1697337064628
136754 root      20   0  125.6g   6.2g   2.8g S 347.1   0.9   5:20.64 nts	1697337065326
136754 root      20   0  126.0g   6.3g   2.8g S 788.2   0.9   5:26.37 nts	1697337066022
136754 root      20   0  126.1g   6.3g   2.9g S 676.5   0.9   5:30.65 nts	1697337066718
136754 root      20   0  125.8g   6.4g   2.9g S 541.2   0.9   5:35.75 nts	1697337067417
136754 root      20   0  126.2g   6.4g   3.0g S 800.0   0.9   5:40.58 nts	1697337068111
136754 root      20   0  126.2g   6.5g   3.0g S 541.2   0.9   5:45.29 nts	1697337068807
136754 root      20   0  126.3g   6.5g   3.1g S 788.2   0.9   5:50.59 nts	1697337069507
136754 root      20   0  126.4g   6.6g   3.1g S 935.3   0.9   5:55.00 nts	1697337070203
136754 root      20   0  126.4g   6.7g   3.2g S 564.7   0.9   6:00.56 nts	1697337070898
136754 root      20   0  131.7g   6.7g   3.3g S 911.8   0.9   6:05.42 nts	1697337071595
136754 root      20   0  132.9g   6.8g   3.3g S 547.1   0.9   6:10.22 nts	1697337072294
136754 root      20   0  133.2g   6.8g   3.4g S 862.5   0.9   6:15.73 nts	1697337072990
136754 root      20   0  133.5g   6.9g   3.4g S 788.2   0.9   6:20.11 nts	1697337073686
136754 root      20   0  133.6g   6.9g   3.5g S 458.8   1.0   6:25.34 nts	1697337074381
136754 root      20   0  133.7g   7.0g   3.5g S 800.0   1.0   6:30.34 nts	1697337075076
136754 root      20   0  133.7g   7.0g   3.6g S 676.5   1.0   6:34.77 nts	1697337075775
136754 root      20   0  133.8g   7.1g   3.6g S 835.3   1.0   6:40.66 nts	1697337076473
136754 root      20   0  133.8g   7.1g   3.7g S 811.8   1.0   6:45.47 nts	1697337077172
136754 root      20   0  133.6g   7.2g   3.7g S 547.1   1.0   6:50.48 nts	1697337077872
136754 root      20   0  133.6g   7.2g   3.8g S 761.1   1.0   6:55.63 nts	1697337078568
136754 root      20   0  134.0g   7.3g   3.8g S 482.4   1.0   6:59.91 nts	1697337079267
136754 root      20   0       0      0      0 Z  94.1   0.0   7:02.06 nts	1697337079961
136754 root      20   0       0      0      0 Z  94.1   0.0   7:02.39 nts	1697337080655
