4010632 toao      20   0 2485356  98492  68244 R  94.4   0.1   0:00.19 nts	1693316318249
4010632 toao      20   0 8361540 206304 115468 R  6716   0.2   0:27.86 nts	1693316318997
4010632 toao      20   0 8392648 227304 115748 R 205.9   0.2   0:54.19 nts	1693316319708
4010632 toao      20   0 8392648 227304 115748 R 205.9   0.2   0:55.62 nts	1693316320417
4010632 toao      20   0 8392648 227304 115748 R 200.0   0.2   0:57.04 nts	1693316321132
4010632 toao      20   0 8392648 227304 115748 R 211.8   0.2   0:58.46 nts	1693316321845
4010632 toao      20   0 8392648 227304 115748 R 200.0   0.2   0:59.86 nts	1693316322559
4010632 toao      20   0 8392648 227304 115748 R 212.5   0.2   1:01.26 nts	1693316323264
4010632 toao      20   0 8392648 227304 115748 R 205.9   0.2   1:02.65 nts	1693316323961
4010632 toao      20   0 8392648 227304 115748 R 200.0   0.2   1:04.05 nts	1693316324665
4010632 toao      20   0 8392648 227304 115748 R 194.1   0.2   1:05.45 nts	1693316325368
4010632 toao      20   0 8392648 229152 115748 R 205.9   0.2   1:06.87 nts	1693316326073
4010632 toao      20   0 8392648 229152 115748 R 200.0   0.2   1:08.28 nts	1693316326785
4010632 toao      20   0 8392648 229152 115748 R 225.0   0.2   1:09.69 nts	1693316327493
4010632 toao      20   0 8392648 229152 115748 R 211.8   0.2   1:11.11 nts	1693316328198
4010632 toao      20   0 8392648 229152 115748 R 194.1   0.2   1:12.52 nts	1693316328916
4010632 toao      20   0 8392648 229152 115748 R 200.0   0.2   1:13.93 nts	1693316329626
4010632 toao      20   0 8392648 229152 115748 R 194.4   0.2   1:15.34 nts	1693316330331
4010632 toao      20   0 8392648 229152 115748 R 200.0   0.2   1:16.74 nts	1693316331041
4010632 toao      20   0 9560220 365348 115748 R 729.4   0.3   1:19.03 nts	1693316331745
4010632 toao      20   0 9560220 438540 115748 R 817.6   0.3   1:25.53 nts	1693316332449
4010632 toao      20   0 9560220 633752 115748 R  1406   0.5   1:32.80 nts	1693316333151
4010632 toao      20   0 9560220 670432 115748 R  1435   0.5   1:40.62 nts	1693316333846
4010632 toao      20   0   13.2g 683708 115780 R  2688   0.5   1:51.06 nts	1693316334550
4010632 toao      20   0   13.2g 684232 115780 R 200.0   0.5   1:52.45 nts	1693316335250
4010632 toao      20   0   13.2g 684496 115780 R 200.0   0.5   1:53.86 nts	1693316335954
4010632 toao      20   0   13.2g 685024 115780 R 188.2   0.5   1:55.24 nts	1693316336653
4010632 toao      20   0   13.2g 685024 115780 R 194.1   0.5   1:56.62 nts	1693316337351
4010632 toao      20   0   13.2g 685552 115780 R 200.0   0.5   1:58.02 nts	1693316338044
4010632 toao      20   0   13.2g 686080 115780 R 205.9   0.5   1:59.43 nts	1693316338750
4010632 toao      20   0   13.2g 686344 115780 R 200.0   0.5   2:00.84 nts	1693316339456
4010632 toao      20   0   13.2g 686344 115780 R 200.0   0.5   2:02.25 nts	1693316340167
4010632 toao      20   0   13.2g 686608 115780 R 200.0   0.5   2:03.66 nts	1693316340876
4010632 toao      20   0   13.2g 686608 115780 R 211.8   0.5   2:05.07 nts	1693316341579
4010632 toao      20   0   13.2g 686872 115780 R 200.0   0.5   2:06.47 nts	1693316342288
4010632 toao      20   0   13.2g 686872 115780 R 194.1   0.5   2:07.86 nts	1693316342989
4010632 toao      20   0   13.2g 687136 115780 R 206.2   0.5   2:09.25 nts	1693316343691
4010632 toao      20   0   13.2g 687136 115780 R 200.0   0.5   2:10.65 nts	1693316344393
4010632 toao      20   0   14.2g 740816 115780 R 664.7   0.6   2:13.30 nts	1693316345097
4010632 toao      20   0   14.2g 888244 115780 R 723.5   0.7   2:18.48 nts	1693316345801
4010632 toao      20   0   14.2g   1.0g 115780 R 800.0   0.8   2:24.44 nts	1693316346506
4010632 toao      20   0   18.3g   1.1g 115780 R  2753   0.9   2:34.00 nts	1693316347214
4010632 toao      20   0   18.3g   1.1g 115780 R 100.0   0.9   2:34.75 nts	1693316347916
4010632 toao      20   0   18.3g   1.1g 115780 R 100.0   0.9   2:35.46 nts	1693316348627
4010632 toao      20   0   18.3g   1.1g 115780 R 100.0   0.9   2:36.17 nts	1693316349341
4010632 toao      20   0   18.7g   1.2g 115780 R  89.5   1.0   2:36.89 nts	1693316350051
4010632 toao      20   0   18.7g   1.3g 115780 R 105.9   1.0   2:37.61 nts	1693316350774
4010632 toao      20   0   18.7g   1.3g 115780 R 105.9   1.0   2:38.33 nts	1693316351489
4010632 toao      20   0   18.7g   1.3g 115780 R 100.0   1.0   2:39.02 nts	1693316352199
4010632 toao      20   0   18.7g   1.5g 115780 R 105.9   1.2   2:39.74 nts	1693316352905
4010632 toao      20   0   18.7g   1.5g 115780 R 100.0   1.2   2:40.43 nts	1693316353611
4010632 toao      20   0   18.7g   1.5g 115780 R 100.0   1.2   2:41.14 nts	1693316354317
4010632 toao      20   0   18.7g   1.5g 115780 R 100.0   1.2   2:41.85 nts	1693316355021
4010632 toao      20   0   27.7g   1.7g 210384 R  94.1   1.3   2:44.37 nts	1693316355727
4010632 toao      20   0   28.2g   2.2g 299464 R 100.0   1.8   2:45.07 nts	1693316356437
4010632 toao      20   0   29.0g   2.8g 375720 R  94.4   2.2   2:45.78 nts	1693316357142
4010632 toao      20   0   29.7g   3.4g 493248 R 100.0   2.7   2:46.49 nts	1693316357845
4010632 toao      20   0   30.5g   4.1g 526016 R  94.4   3.3   2:47.19 nts	1693316358551
4010632 toao      20   0   31.0g   4.2g 569044 R 105.9   3.3   2:47.90 nts	1693316359256
4010632 toao      20   0   31.0g   4.7g   1.0g R 100.0   3.7   2:48.60 nts	1693316359958
4010632 toao      20   0   31.0g   4.7g   1.0g R 100.0   3.7   2:49.30 nts	1693316360665
4010632 toao      20   0   31.0g   4.7g   1.0g R 100.0   3.7   2:50.01 nts	1693316361370
4010632 toao      20   0   31.0g   4.7g   1.0g R 100.0   3.7   2:50.71 nts	1693316362073
4010632 toao      20   0   31.0g   4.7g   1.0g R 100.0   3.7   2:51.42 nts	1693316362778
4010632 toao      20   0   31.0g   4.7g   1.0g R 100.0   3.7   2:52.12 nts	1693316363485
4010632 toao      20   0   31.0g   4.7g   1.0g R 100.0   3.7   2:52.83 nts	1693316364188
4010632 toao      20   0   31.0g   4.7g   1.0g R 100.0   3.7   2:53.53 nts	1693316364898
4010632 toao      20   0   31.0g   4.7g   1.0g R  94.4   3.7   2:54.25 nts	1693316365601
4010632 toao      20   0   31.0g   4.7g   1.0g R 100.0   3.7   2:54.95 nts	1693316366309
4010632 toao      20   0   31.0g   4.7g   1.0g R  94.1   3.7   2:55.65 nts	1693316367017
4010632 toao      20   0   31.0g   4.7g   1.0g R 100.0   3.7   2:56.35 nts	1693316367722
4010632 toao      20   0   31.0g   4.7g   1.0g R  94.1   3.7   2:57.06 nts	1693316368425
4010632 toao      20   0   31.0g   4.7g   1.0g R 105.9   3.7   2:57.77 nts	1693316369128
4010632 toao      20   0   31.0g   4.7g   1.0g R 105.9   3.7   2:58.48 nts	1693316369834
4010632 toao      20   0   31.0g   4.7g   1.0g R 105.9   3.7   2:59.18 nts	1693316370540
4010632 toao      20   0   31.0g   4.7g   1.0g R 100.0   3.7   2:59.88 nts	1693316371245
4010632 toao      20   0   31.0g   4.7g   1.0g R 105.9   3.7   3:00.59 nts	1693316371948
4010632 toao      20   0   31.0g   4.7g   1.0g R 100.0   3.7   3:01.29 nts	1693316372652
4010632 toao      20   0   31.0g   4.7g   1.0g R 100.0   3.7   3:02.00 nts	1693316373358
4010632 toao      20   0   31.0g   4.7g   1.0g R 100.0   3.7   3:02.70 nts	1693316374060
4010632 toao      20   0   31.0g   4.7g   1.0g R 100.0   3.7   3:03.41 nts	1693316374768
4010632 toao      20   0   31.0g   4.7g   1.0g R 105.9   3.7   3:04.12 nts	1693316375476
4010632 toao      20   0   31.0g   4.7g   1.0g R 100.0   3.7   3:04.83 nts	1693316376185
4010632 toao      20   0   31.0g   4.7g   1.0g R 100.0   3.7   3:05.55 nts	1693316376898
4010632 toao      20   0   31.0g   4.7g   1.0g R 105.9   3.7   3:06.26 nts	1693316377608
4010632 toao      20   0   31.0g   4.7g   1.0g R  94.4   3.7   3:06.96 nts	1693316378320
4010632 toao      20   0   31.0g   4.7g   1.0g R 100.0   3.7   3:07.66 nts	1693316379024
4010632 toao      20   0   31.0g   4.7g   1.0g R 100.0   3.7   3:08.37 nts	1693316379731
4010632 toao      20   0   31.0g   4.7g   1.0g R  94.1   3.7   3:09.07 nts	1693316380435
4010632 toao      20   0   31.0g   4.7g   1.0g R 100.0   3.7   3:09.78 nts	1693316381140
4010632 toao      20   0   31.0g   4.7g   1.0g R  94.1   3.7   3:10.48 nts	1693316381842
4010632 toao      20   0   31.0g   4.7g   1.0g R 105.9   3.7   3:11.20 nts	1693316382553
4010632 toao      20   0   31.0g   4.7g   1.0g R 100.0   3.7   3:11.90 nts	1693316383263
4010632 toao      20   0   31.0g   4.7g   1.0g R 106.2   3.7   3:12.60 nts	1693316383964
4010632 toao      20   0   30.8g   4.7g   1.0g R  2035   3.7   3:17.30 nts	1693316384665
4010632 toao      20   0   80.7g   5.2g   1.5g R 123.5   4.1   3:24.80 nts	1693316385376
4010632 toao      20   0   82.5g   6.3g   2.6g R 205.9   5.0   3:26.23 nts	1693316386085
4010632 toao      20   0   95.5g   6.4g   2.8g S  2006   5.1   3:36.52 nts	1693316386796
4010632 toao      20   0  110.3g   6.4g   2.8g S  1622   5.1   3:49.01 nts	1693316387501
4010632 toao      20   0  113.1g   6.4g   2.8g S  1724   5.1   4:02.22 nts	1693316388208
4010632 toao      20   0  113.1g   6.4g   2.8g S  1450   5.1   4:14.52 nts	1693316388911
4010632 toao      20   0  113.1g   6.4g   2.8g S  1812   5.1   4:27.41 nts	1693316389617
4010632 toao      20   0  113.3g   6.4g   2.8g S  1747   5.1   4:41.14 nts	1693316390321
4010632 toao      20   0  112.2g   6.4g   2.8g S  1676   5.1   4:53.67 nts	1693316391024
4010632 toao      20   0       0      0      0 Z  94.1   0.0   5:03.27 nts	1693316391729
4010632 toao      20   0       0      0      0 Z 100.0   0.0   5:03.97 nts	1693316392434
