3182175 toao      20   0 2487600 100836  68492 R  94.1   0.1   0:00.18 nts	1693220630686
3182175 toao      20   0 8370196 217348 117792 D 617.6   0.2   0:03.38 nts	1693220631394
3182175 toao      20   0 8370196 217348 117792 D  3235   0.2   0:23.15 nts	1693220632097
3182175 toao      20   0 8370196 217348 117792 D  2056   0.2   0:36.98 nts	1693220632794
3182175 toao      20   0 8370196 217348 117792 R  2365   0.2   0:53.21 nts	1693220633488
3182175 toao      20   0 8370196 217348 117792 D  2529   0.2   1:09.17 nts	1693220634191
3182175 toao      20   0 8370196 217348 117792 R  2224   0.2   1:24.38 nts	1693220634882
3182175 toao      20   0 8462428 254940 118096 S  1606   0.2   1:39.27 nts	1693220635584
3182175 toao      20   0 8462428 281868 118096 R 200.0   0.2   1:40.67 nts	1693220636286
3182175 toao      20   0 8462428 281868 118096 R 205.9   0.2   1:42.08 nts	1693220636993
3182175 toao      20   0 8462428 281868 118096 R 200.0   0.2   1:43.47 nts	1693220637699
3182175 toao      20   0 8462428 281868 118096 R 200.0   0.2   1:44.87 nts	1693220638398
3182175 toao      20   0 8462428 281868 118096 R 200.0   0.2   1:46.27 nts	1693220639100
3182175 toao      20   0 8462428 281868 118096 R 194.1   0.2   1:47.67 nts	1693220639803
3182175 toao      20   0 8462428 281868 118096 R 200.0   0.2   1:49.07 nts	1693220640505
3182175 toao      20   0 8462428 281868 118096 R 212.5   0.2   1:50.46 nts	1693220641204
3182175 toao      20   0 8462428 281868 118096 R 206.2   0.2   1:51.85 nts	1693220641902
3182175 toao      20   0 8462428 281868 118096 R 212.5   0.2   1:53.25 nts	1693220642602
3182175 toao      20   0 8462428 281868 118096 R 188.2   0.2   1:54.63 nts	1693220643302
3182175 toao      20   0 8462428 281868 118096 R 200.0   0.2   1:56.03 nts	1693220643997
3182175 toao      20   0 8462428 281868 118096 R 194.1   0.2   1:57.43 nts	1693220644695
3182175 toao      20   0 8462428 300876 118096 R 194.1   0.2   1:58.83 nts	1693220645396
3182175 toao      20   0 8462428 301140 118096 R 212.5   0.2   2:00.23 nts	1693220646102
3182175 toao      20   0 8462428 301140 118096 R 206.2   0.2   2:01.62 nts	1693220646805
3182175 toao      20   0 8462428 301140 118096 R 212.5   0.2   2:03.02 nts	1693220647502
3182175 toao      20   0 8462428 301140 118096 R 200.0   0.2   2:04.41 nts	1693220648201
3182175 toao      20   0 8462428 301140 118096 R 200.0   0.2   2:05.81 nts	1693220648898
3182175 toao      20   0 8462428 301140 118096 R 200.0   0.2   2:07.21 nts	1693220649598
3182175 toao      20   0 8462428 301140 118096 R 212.5   0.2   2:08.61 nts	1693220650302
3182175 toao      20   0 8462428 301140 118096 R 194.1   0.2   2:10.01 nts	1693220651002
3182175 toao      20   0 8462428 301140 118096 R 200.0   0.2   2:11.41 nts	1693220651708
3182175 toao      20   0 9720188 595092 118284 R  1035   0.5   2:16.14 nts	1693220652407
3182175 toao      20   0 9720188 596400 118284 R  1106   0.5   2:23.35 nts	1693220653107
3182175 toao      20   0 9720188 637856 118284 R 994.1   0.5   2:30.11 nts	1693220653807
3182175 toao      20   0 9720188 832272 118284 R  1082   0.6   2:38.64 nts	1693220654508
3182175 toao      20   0 9720188 832796 118284 R  1106   0.6   2:46.09 nts	1693220655211
3182175 toao      20   0   13.3g 837340 118420 R 829.4   0.6   2:53.12 nts	1693220655911
3182175 toao      20   0   13.3g 837600 118420 R 200.0   0.6   2:54.52 nts	1693220656607
3182175 toao      20   0   13.3g 837864 118420 R 218.8   0.6   2:55.93 nts	1693220657314
3182175 toao      20   0   13.3g 838128 118420 R 200.0   0.6   2:57.33 nts	1693220658017
3182175 toao      20   0   13.3g 838656 118420 R 205.9   0.6   2:58.74 nts	1693220658722
3182175 toao      20   0   13.3g 838920 118420 R 200.0   0.6   3:00.14 nts	1693220659428
3182175 toao      20   0   13.3g 839712 118420 R 200.0   0.6   3:01.55 nts	1693220660133
3182175 toao      20   0   13.3g 841032 118420 R 200.0   0.6   3:02.96 nts	1693220660844
3182175 toao      20   0   13.3g 842352 118420 R 200.0   0.6   3:04.37 nts	1693220661547
3182175 toao      20   0   13.3g 844464 118420 R 218.8   0.6   3:05.77 nts	1693220662252
3182175 toao      20   0   13.3g 846576 118420 R 188.9   0.6   3:07.18 nts	1693220662951
3182175 toao      20   0   13.3g 848688 118420 R 200.0   0.6   3:08.59 nts	1693220663666
3182175 toao      20   0   13.3g 850800 118420 R 194.1   0.6   3:09.99 nts	1693220664371
3182175 toao      20   0   13.3g 852912 118420 R 218.8   0.6   3:11.40 nts	1693220665074
3182175 toao      20   0   13.3g 855024 118420 R 194.1   0.6   3:12.80 nts	1693220665779
3182175 toao      20   0   13.3g 856608 118420 R 194.1   0.7   3:14.19 nts	1693220666482
3182175 toao      20   0   13.3g 857136 118420 R 205.9   0.7   3:15.60 nts	1693220667179
3182175 toao      20   0   13.3g 857928 118420 R 194.1   0.7   3:16.98 nts	1693220667878
3182175 toao      20   0   13.3g 859248 118420 R 200.0   0.7   3:18.38 nts	1693220668578
3182175 toao      20   0   13.3g 862416 118420 R 200.0   0.7   3:19.78 nts	1693220669277
3182175 toao      20   0   13.3g 865320 118420 R 200.0   0.7   3:21.18 nts	1693220669982
3182175 toao      20   0   13.3g 868224 118420 R 200.0   0.7   3:22.58 nts	1693220670683
3182175 toao      20   0   13.3g 871128 118420 R 194.1   0.7   3:23.98 nts	1693220671385
3182175 toao      20   0   13.3g 873768 118420 R 194.1   0.7   3:25.37 nts	1693220672088
3182175 toao      20   0   14.5g 971604 118420 R 741.2   0.7   3:28.24 nts	1693220672787
3182175 toao      20   0   14.5g   1.1g 118420 R 682.4   0.9   3:32.90 nts	1693220673491
3182175 toao      20   0   14.5g   1.2g 118420 R 741.2   1.0   3:37.92 nts	1693220674195
3182175 toao      20   0   18.5g   1.3g 118420 R 441.2   1.1   3:42.47 nts	1693220674898
3182175 toao      20   0   18.6g   1.4g 118420 R  94.1   1.1   3:44.57 nts	1693220675601
3182175 toao      20   0   18.6g   1.4g 118420 R 100.0   1.1   3:45.28 nts	1693220676306
3182175 toao      20   0   18.6g   1.4g 118420 R 106.2   1.1   3:45.99 nts	1693220677013
3182175 toao      20   0   18.6g   1.4g 118420 R 100.0   1.1   3:46.69 nts	1693220677717
3182175 toao      20   0   18.6g   1.4g 118420 R 100.0   1.1   3:47.39 nts	1693220678418
3182175 toao      20   0   18.6g   1.4g 118420 R 105.9   1.1   3:48.09 nts	1693220679121
3182175 toao      20   0   19.1g   1.7g 118420 R  94.1   1.3   3:48.78 nts	1693220679820
3182175 toao      20   0   19.1g   1.7g 118420 R  94.1   1.3   3:49.48 nts	1693220680520
3182175 toao      20   0   19.1g   1.7g 118420 R 100.0   1.3   3:50.19 nts	1693220681217
3182175 toao      20   0   19.1g   1.7g 118420 R  94.1   1.3   3:50.88 nts	1693220681918
3182175 toao      20   0   19.1g   1.7g 118420 R 105.9   1.3   3:51.59 nts	1693220682618
3182175 toao      20   0   19.1g   1.7g 118420 R 100.0   1.3   3:52.28 nts	1693220683319
3182175 toao      20   0   19.1g   1.7g 118420 R 100.0   1.3   3:52.99 nts	1693220684019
3182175 toao      20   0   19.1g   1.7g 118420 R 112.5   1.3   3:53.69 nts	1693220684723
3182175 toao      20   0   19.1g   1.8g 118420 R 100.0   1.4   3:54.39 nts	1693220685422
3182175 toao      20   0   19.1g   1.9g 118420 R 106.2   1.5   3:55.09 nts	1693220686123
3182175 toao      20   0   19.1g   1.9g 118420 R 106.2   1.5   3:55.79 nts	1693220686822
3182175 toao      20   0   19.1g   1.9g 118420 R 100.0   1.5   3:56.50 nts	1693220687523
3182175 toao      20   0   19.1g   1.9g 118420 R 106.2   1.5   3:57.19 nts	1693220688226
3182175 toao      20   0   19.1g   1.9g 118420 R 106.2   1.5   3:57.89 nts	1693220688924
3182175 toao      20   0   19.1g   1.9g 118420 R 106.2   1.5   3:58.59 nts	1693220689622
3182175 toao      20   0   19.1g   1.9g 118420 R 105.9   1.5   3:59.29 nts	1693220690322
3182175 toao      20   0   19.1g   1.9g 118420 R 100.0   1.5   3:59.98 nts	1693220691022
3182175 toao      20   0   19.1g   1.9g 118420 R 112.5   1.5   4:00.69 nts	1693220691722
3182175 toao      20   0   19.1g   1.9g 118420 R 100.0   1.5   4:01.38 nts	1693220692421
3182175 toao      20   0   28.6g   2.6g 291268 R 100.0   2.1   4:03.10 nts	1693220693119
3182175 toao      20   0   29.5g   3.4g 432856 R 100.0   2.7   4:03.81 nts	1693220693819
3182175 toao      20   0   30.9g   4.4g 532848 R 106.2   3.5   4:04.50 nts	1693220694522
3182175 toao      20   0   30.9g   4.6g 532848 R 100.0   3.6   4:05.20 nts	1693220695221
3182175 toao      20   0   31.9g   5.5g   1.4g R 100.0   4.4   4:05.90 nts	1693220695918
3182175 toao      20   0   31.9g   5.5g   1.4g R 100.0   4.4   4:06.60 nts	1693220696618
3182175 toao      20   0   31.9g   5.5g   1.4g R 100.0   4.4   4:07.29 nts	1693220697318
3182175 toao      20   0   31.9g   5.5g   1.4g R 105.9   4.4   4:08.00 nts	1693220698022
3182175 toao      20   0   31.9g   5.5g   1.4g R 100.0   4.4   4:08.68 nts	1693220698723
3182175 toao      20   0   31.9g   5.5g   1.4g R 100.0   4.4   4:09.37 nts	1693220699426
3182175 toao      20   0   31.9g   5.5g   1.4g R 100.0   4.4   4:10.07 nts	1693220700126
3182175 toao      20   0   31.9g   5.5g   1.4g R 100.0   4.4   4:10.75 nts	1693220700826
3182175 toao      20   0   31.9g   5.5g   1.4g R 100.0   4.4   4:11.45 nts	1693220701527
3182175 toao      20   0   31.9g   5.5g   1.4g R 100.0   4.4   4:12.13 nts	1693220702226
3182175 toao      20   0   31.9g   5.5g   1.4g R 100.0   4.4   4:12.83 nts	1693220702927
3182175 toao      20   0   31.9g   5.5g   1.4g R  83.3   4.4   4:13.52 nts	1693220703628
3182175 toao      20   0   31.9g   5.5g   1.4g R 100.0   4.4   4:14.22 nts	1693220704335
3182175 toao      20   0   31.9g   5.5g   1.4g R 105.9   4.4   4:14.93 nts	1693220705039
3182175 toao      20   0   31.9g   5.5g   1.4g R 100.0   4.4   4:15.61 nts	1693220705740
3182175 toao      20   0   31.9g   5.5g   1.4g R 100.0   4.4   4:16.30 nts	1693220706442
3182175 toao      20   0   31.9g   5.5g   1.4g R 100.0   4.4   4:16.99 nts	1693220707142
3182175 toao      20   0   31.9g   5.5g   1.4g R 105.9   4.4   4:17.70 nts	1693220707847
3182175 toao      20   0   31.9g   5.5g   1.4g R 105.9   4.4   4:18.39 nts	1693220708551
3182175 toao      20   0   31.9g   5.5g   1.4g R 100.0   4.4   4:19.09 nts	1693220709252
3182175 toao      20   0   31.9g   5.5g   1.4g R  94.1   4.4   4:19.77 nts	1693220709951
3182175 toao      20   0   31.9g   5.5g   1.4g R  94.1   4.4   4:20.47 nts	1693220710651
3182175 toao      20   0   31.9g   5.5g   1.4g R 100.0   4.4   4:21.16 nts	1693220711351
3182175 toao      20   0   31.9g   5.5g   1.4g R 100.0   4.4   4:21.86 nts	1693220712054
3182175 toao      20   0   31.9g   5.5g   1.4g R  88.2   4.4   4:22.54 nts	1693220712755
3182175 toao      20   0   31.9g   5.5g   1.4g R 100.0   4.4   4:23.24 nts	1693220713459
3182175 toao      20   0   31.9g   5.5g   1.4g R 106.2   4.4   4:23.94 nts	1693220714163
3182175 toao      20   0   31.9g   5.5g   1.4g R 106.2   4.4   4:24.63 nts	1693220714863
3182175 toao      20   0   31.9g   5.5g   1.4g R 100.0   4.4   4:25.33 nts	1693220715565
3182175 toao      20   0   31.9g   5.5g   1.4g R 100.0   4.4   4:26.02 nts	1693220716270
3182175 toao      20   0   31.9g   5.5g   1.4g R 100.0   4.4   4:26.72 nts	1693220716974
3182175 toao      20   0   31.9g   5.5g   1.4g R 100.0   4.4   4:27.40 nts	1693220717676
3182175 toao      20   0   31.9g   5.5g   1.4g R 100.0   4.4   4:28.10 nts	1693220718377
3182175 toao      20   0   31.9g   5.5g   1.4g R 100.0   4.4   4:28.79 nts	1693220719083
3182175 toao      20   0   31.9g   5.5g   1.4g R 100.0   4.4   4:29.50 nts	1693220719785
3182175 toao      20   0   31.9g   5.5g   1.4g R 100.0   4.4   4:30.18 nts	1693220720488
3182175 toao      20   0   31.9g   5.5g   1.4g R 100.0   4.4   4:30.89 nts	1693220721186
3182175 toao      20   0   31.9g   5.5g   1.4g R  94.1   4.4   4:31.58 nts	1693220721890
3182175 toao      20   0   31.9g   5.5g   1.4g R  94.1   4.4   4:32.27 nts	1693220722590
3182175 toao      20   0   31.9g   5.5g   1.4g R 106.2   4.4   4:32.97 nts	1693220723293
3182175 toao      20   0   31.9g   5.5g   1.4g R 100.0   4.4   4:33.66 nts	1693220723995
3182175 toao      20   0   31.9g   5.5g   1.4g R 100.0   4.4   4:34.35 nts	1693220724695
3182175 toao      20   0   31.9g   5.5g   1.4g R 100.0   4.4   4:35.05 nts	1693220725398
3182175 toao      20   0   31.9g   5.5g   1.4g R 100.0   4.4   4:35.72 nts	1693220726097
3182175 toao      20   0   31.9g   5.5g   1.4g R  94.1   4.4   4:36.42 nts	1693220726794
3182175 toao      20   0   31.9g   5.5g   1.4g R 100.0   4.4   4:37.11 nts	1693220727494
3182175 toao      20   0   31.9g   5.5g   1.4g R 100.0   4.4   4:37.81 nts	1693220728199
3182175 toao      20   0   31.9g   5.5g   1.4g R  94.1   4.4   4:38.49 nts	1693220728899
3182175 toao      20   0   31.9g   5.5g   1.4g R 100.0   4.4   4:39.19 nts	1693220729602
3182175 toao      20   0   31.9g   5.5g   1.4g R  93.8   4.4   4:39.87 nts	1693220730303
3182175 toao      20   0   31.9g   5.5g   1.4g R  94.1   4.4   4:40.57 nts	1693220731002
3182175 toao      20   0   31.9g   5.5g   1.4g R 100.0   4.4   4:41.27 nts	1693220731701
3182175 toao      20   0   31.9g   5.5g   1.4g R 105.9   4.4   4:41.95 nts	1693220732397
3182175 toao      20   0   31.9g   5.5g   1.4g R 100.0   4.4   4:42.65 nts	1693220733094
3182175 toao      20   0   31.9g   5.5g   1.4g R 100.0   4.4   4:43.34 nts	1693220733795
3182175 toao      20   0   31.9g   5.5g   1.4g R 100.0   4.4   4:44.03 nts	1693220734494
3182175 toao      20   0   31.9g   5.5g   1.4g R 100.0   4.4   4:44.71 nts	1693220735194
3182175 toao      20   0   31.9g   5.5g   1.4g R 100.0   4.4   4:45.42 nts	1693220735895
3182175 toao      20   0   31.9g   5.5g   1.4g R 100.0   4.4   4:46.10 nts	1693220736594
3182175 toao      20   0   31.9g   5.5g   1.4g R  88.2   4.4   4:46.78 nts	1693220737295
3182175 toao      20   0   34.5g   5.5g   1.4g S  2875   4.4   5:01.42 nts	1693220737993
3182175 toao      20   0   34.6g   5.6g   1.4g R  3729   4.4   5:20.62 nts	1693220738692
3182175 toao      20   0   34.6g   5.6g   1.4g R  1671   4.4   5:35.98 nts	1693220739392
3182175 toao      20   0   34.6g   5.6g   1.4g R  1525   4.4   5:55.87 nts	1693220740095
3182175 toao      20   0   34.6g   5.6g   1.4g S  2547   4.4   6:16.59 nts	1693220740795
3182175 toao      20   0   34.6g   5.6g   1.4g S  4400   4.4   6:36.59 nts	1693220741496
3182175 toao      20   0   34.6g   5.6g   1.4g S  3488   4.4   6:53.80 nts	1693220742195
3182175 toao      20   0   34.6g   5.6g   1.4g R  1418   4.4   7:10.06 nts	1693220742882
3182175 toao      20   0   34.6g   5.6g   1.4g S  2471   4.4   7:28.52 nts	1693220743578
3182175 toao      20   0   34.6g   5.6g   1.4g S  2459   4.4   7:44.58 nts	1693220744273
3182175 toao      20   0   34.6g   5.6g   1.4g R 782.4   4.4   8:01.88 nts	1693220744976
3182175 toao      20   0   34.6g   5.6g   1.4g R  2447   4.4   8:22.74 nts	1693220745677
3182175 toao      20   0   34.6g   5.6g   1.4g R  4141   4.4   8:42.07 nts	1693220746382
3182175 toao      20   0   34.6g   5.6g   1.4g R  3231   4.4   8:59.05 nts	1693220747076
3182175 toao      20   0   34.6g   5.6g   1.4g R  3265   4.4   9:16.34 nts	1693220747782
3182175 toao      20   0   34.6g   5.6g   1.4g R  1676   4.4   9:30.43 nts	1693220748477
3182175 toao      20   0   34.6g   5.6g   1.4g R  2024   4.4   9:49.92 nts	1693220749170
3182175 toao      20   0   34.6g   5.6g   1.4g R  2735   4.4  10:07.15 nts	1693220749872
3182175 toao      20   0   34.6g   5.6g   1.4g R 970.6   4.4  10:25.62 nts	1693220750581
3182175 toao      20   0   34.6g   5.6g   1.4g R  2435   4.4  10:45.61 nts	1693220751292
3182175 toao      20   0   34.6g   5.6g   1.4g R  4306   4.4  11:05.18 nts	1693220751985
3182175 toao      20   0   34.6g   5.6g   1.4g R  1871   4.4  11:19.81 nts	1693220752690
3182175 toao      20   0   34.6g   5.6g   1.4g S  2647   4.4  11:36.82 nts	1693220753386
3182175 toao      20   0   34.6g   5.6g   1.4g R  1171   4.4  11:50.01 nts	1693220754084
3182175 toao      20   0   89.2g   6.5g   2.3g R 205.9   5.2  12:01.03 nts	1693220754789
3182175 toao      20   0   94.8g   7.1g   2.9g S  2529   5.7  12:06.66 nts	1693220755495
3182175 toao      20   0   96.3g   7.2g   2.9g S  1729   5.7  12:18.29 nts	1693220756201
3182175 toao      20   0   97.1g   7.2g   2.9g S  1869   5.8  12:30.08 nts	1693220756905
3182175 toao      20   0   97.1g   7.3g   2.9g S  1806   5.8  12:42.13 nts	1693220757603
3182175 toao      20   0   97.7g   7.3g   2.9g S  1671   5.8  12:53.62 nts	1693220758306
3182175 toao      20   0   98.1g   7.3g   2.9g S  1700   5.8  13:05.14 nts	1693220759005
3182175 toao      20   0   97.7g   7.3g   2.9g S  1647   5.8  13:18.47 nts	1693220759711
3182175 toao      20   0   97.7g   7.3g   2.9g S  1600   5.8  13:30.36 nts	1693220760409
3182175 toao      20   0   97.7g   7.3g   2.9g S  1712   5.8  13:42.67 nts	1693220761111
3182175 toao      20   0   97.7g   7.3g   2.9g S  1747   5.8  13:54.51 nts	1693220761809
3182175 toao      20   0  115.1g   7.3g   2.9g S  1541   5.8  14:05.75 nts	1693220762511
3182175 toao      20   0  116.1g   7.3g   2.9g S  1735   5.8  14:17.42 nts	1693220763211
3182175 toao      20   0  116.3g   7.3g   2.9g S  1706   5.8  14:29.00 nts	1693220763911
3182175 toao      20   0  116.1g   7.3g   2.9g S  1841   5.8  14:42.44 nts	1693220764611
3182175 toao      20   0  116.1g   7.3g   2.9g S  1641   5.8  14:54.29 nts	1693220765309
3182175 toao      20   0  116.1g   7.3g   2.9g S  1694   5.8  15:06.12 nts	1693220766011
3182175 toao      20   0  116.1g   7.3g   2.9g S  1825   5.8  15:17.98 nts	1693220766712
3182175 toao      20   0  116.1g   7.3g   2.9g S  1982   5.8  15:30.82 nts	1693220767414
3182175 toao      20   0  116.1g   7.3g   2.9g S  1594   5.8  15:42.81 nts	1693220768115
3182175 toao      20   0  114.2g   7.3g   2.9g S  1688   5.8  15:55.09 nts	1693220768818
3182175 toao      20   0  116.1g   7.3g   2.9g S  1824   5.8  16:06.42 nts	1693220769524
3182175 toao      20   0  116.1g   7.3g   2.9g S  1665   5.8  16:18.12 nts	1693220770226
3182175 toao      20   0  116.1g   7.3g   2.9g S  1724   5.8  16:30.04 nts	1693220770930
3182175 toao      20   0  116.1g   7.3g   2.9g S  1694   5.8  16:41.84 nts	1693220771631
3182175 toao      20   0  116.1g   7.3g   2.9g S  1676   5.8  16:53.51 nts	1693220772334
3182175 toao      20   0  116.6g   7.3g   2.9g S  2088   5.8  17:06.53 nts	1693220773039
3182175 toao      20   0  116.1g   7.3g   2.9g S  1624   5.8  17:18.88 nts	1693220773739
3182175 toao      20   0  116.1g   7.3g   2.9g S  1641   5.8  17:30.88 nts	1693220774439
3182175 toao      20   0  116.1g   7.3g   2.9g S  1712   5.8  17:42.84 nts	1693220775140
3182175 toao      20   0  115.0g   7.3g   2.9g S  1318   5.8  17:54.32 nts	1693220775843
3182175 toao      20   0  115.8g   7.3g   2.9g S  1694   5.8  18:05.81 nts	1693220776547
3182175 toao      20   0  116.8g   7.3g   2.9g S  1641   5.8  18:18.29 nts	1693220777246
3182175 toao      20   0  116.8g   7.3g   2.9g S  1888   5.8  18:30.03 nts	1693220777950
3182175 toao      20   0  116.2g   7.3g   2.9g S  1800   5.8  18:42.92 nts	1693220778652
3182175 toao      20   0  116.2g   7.3g   2.9g S  1682   5.8  18:54.77 nts	1693220779355
3182175 toao      20   0  116.2g   7.3g   2.9g S  1819   5.8  19:06.37 nts	1693220780057
3182175 toao      20   0  116.2g   7.3g   2.9g S  1735   5.8  19:18.10 nts	1693220780755
3182175 toao      20   0  116.8g   7.3g   2.9g S  1871   5.8  19:30.15 nts	1693220781454
3182175 toao      20   0  116.2g   7.3g   2.9g S  1735   5.8  19:43.08 nts	1693220782155
3182175 toao      20   0  116.2g   7.3g   2.9g S  1176   5.8  19:53.75 nts	1693220782855
3182175 toao      20   0  116.7g   7.3g   2.9g S 811.8   5.8  20:04.97 nts	1693220783559
3182175 toao      20   0  116.8g   7.3g   2.9g S  1629   5.8  20:17.51 nts	1693220784259
3182175 toao      20   0  116.2g   7.3g   2.9g S  1547   5.8  20:29.94 nts	1693220784963
3182175 toao      20   0  116.2g   7.3g   2.9g S  1676   5.8  20:42.07 nts	1693220785664
3182175 toao      20   0  116.2g   7.3g   2.9g S  1676   5.8  20:53.81 nts	1693220786367
3182175 toao      20   0  116.2g   7.3g   2.9g S  1688   5.8  21:05.52 nts	1693220787071
3182175 toao      20   0  116.8g   7.3g   2.9g S  1894   5.8  21:18.36 nts	1693220787771
3182175 toao      20   0  116.2g   7.3g   2.9g S  1694   5.8  21:30.58 nts	1693220788471
3182175 toao      20   0  114.4g   7.3g   2.9g S  1659   5.8  21:42.51 nts	1693220789175
3182175 toao      20   0  115.6g   7.3g   2.9g S  1724   5.8  21:53.94 nts	1693220789879
3182175 toao      20   0  115.6g   7.3g   2.9g S  1724   5.8  22:05.84 nts	1693220790578
3182175 toao      20   0  115.6g   7.3g   2.9g S  1676   5.8  22:17.54 nts	1693220791278
3182175 toao      20   0  116.8g   7.3g   2.9g S  1800   5.8  22:30.19 nts	1693220791978
3182175 toao      20   0  116.2g   7.3g   2.9g S  1682   5.8  22:42.29 nts	1693220792679
3182175 toao      20   0  116.2g   7.3g   2.9g S  1906   5.8  22:54.78 nts	1693220793383
3182175 toao      20   0  116.2g   7.3g   2.9g S  1888   5.8  23:06.54 nts	1693220794083
3182175 toao      20   0  116.2g   7.3g   2.9g S  1825   5.8  23:18.50 nts	1693220794782
3182175 toao      20   0  116.8g   7.3g   2.9g S  1806   5.8  23:31.00 nts	1693220795482
3182175 toao      20   0  115.6g   7.3g   2.9g S  1406   5.8  23:43.58 nts	1693220796186
3182175 toao      20   0  115.6g   7.3g   2.9g S  1894   5.8  23:55.48 nts	1693220796897
3182175 toao      20   0  115.6g   7.3g   2.9g S  1600   5.8  24:06.93 nts	1693220797595
3182175 toao      20   0  116.2g   7.3g   2.9g S  1653   5.8  24:18.56 nts	1693220798298
3182175 toao      20   0  116.2g   7.3g   2.9g S  1741   5.8  24:30.74 nts	1693220798998
3182175 toao      20   0  116.2g   7.3g   2.9g S  1700   5.8  24:42.41 nts	1693220799700
3182175 toao      20   0  116.2g   7.3g   2.9g S  1806   5.8  24:55.22 nts	1693220800402
3182175 toao      20   0  116.2g   7.3g   2.9g S  1700   5.8  25:07.80 nts	1693220801104
3182175 toao      20   0  116.2g   7.3g   2.9g S  1753   5.8  25:19.86 nts	1693220801806
3182175 toao      20   0  114.9g   7.3g   2.9g S  2253   5.8  25:32.70 nts	1693220802506
3182175 toao      20   0  115.6g   7.3g   2.9g S  1588   5.8  25:42.81 nts	1693220803207
3182175 toao      20   0  116.3g   7.3g   2.9g S  1688   5.8  25:54.56 nts	1693220803907
3182175 toao      20   0  116.3g   7.3g   2.9g S  1682   5.8  26:06.27 nts	1693220804607
3182175 toao      20   0  116.3g   7.3g   2.9g S  1906   5.8  26:19.11 nts	1693220805308
3182175 toao      20   0  116.3g   7.3g   2.9g S  1718   5.8  26:31.53 nts	1693220806010
3182175 toao      20   0  116.3g   7.3g   2.9g S  1706   5.8  26:43.43 nts	1693220806711
3182175 toao      20   0  116.3g   7.3g   2.9g S  1688   5.8  26:55.12 nts	1693220807411
3182175 toao      20   0  116.3g   7.3g   2.9g S  1612   5.8  27:06.78 nts	1693220808114
3182175 toao      20   0  116.9g   7.3g   2.9g S  1753   5.8  27:19.60 nts	1693220808818
3182175 toao      20   0  115.1g   7.3g   2.9g S  1471   5.8  27:31.76 nts	1693220809523
3182175 toao      20   0  116.3g   7.3g   2.9g S  1641   5.8  27:43.50 nts	1693220810228
3182175 toao      20   0  116.3g   7.3g   2.9g S  1729   5.8  27:55.28 nts	1693220810931
3182175 toao      20   0  116.3g   7.3g   2.9g S  1818   5.8  28:07.32 nts	1693220811635
3182175 toao      20   0  116.9g   7.3g   2.9g S  1888   5.8  28:19.53 nts	1693220812338
3182175 toao      20   0  116.3g   7.3g   2.9g S  1772   5.8  28:33.01 nts	1693220813042
3182175 toao      20   0  116.3g   7.3g   2.9g S  1700   5.8  28:45.20 nts	1693220813746
3182175 toao      20   0  116.3g   7.3g   2.9g S  1694   5.8  28:56.95 nts	1693220814447
3182175 toao      20   0  116.9g   7.3g   2.9g S  1759   5.8  29:09.13 nts	1693220815151
3182175 toao      20   0  116.9g   7.3g   2.9g S  1800   5.8  29:21.50 nts	1693220815851
3182175 toao      20   0  116.3g   7.3g   2.9g S  1465   5.8  29:32.56 nts	1693220816550
3182175 toao      20   0  117.0g   7.3g   2.9g S  1324   5.8  29:44.15 nts	1693220817255
3182175 toao      20   0  116.5g   7.3g   2.9g S  1771   5.8  29:57.26 nts	1693220817959
3182175 toao      20   0  116.5g   7.3g   2.9g S  1718   5.8  30:09.01 nts	1693220818663
3182175 toao      20   0  116.5g   7.3g   2.9g S  1759   5.8  30:21.00 nts	1693220819367
3182175 toao      20   0  117.0g   7.3g   2.9g S  1847   5.8  30:33.36 nts	1693220820066
3182175 toao      20   0  116.5g   7.3g   2.9g S  1931   5.8  30:46.78 nts	1693220820767
3182175 toao      20   0  116.5g   7.3g   2.9g S  1812   5.8  30:58.69 nts	1693220821464
3182175 toao      20   0  116.5g   7.3g   2.9g S  1700   5.8  31:10.26 nts	1693220822163
3182175 toao      20   0       0      0      0 Z 141.2   0.0  31:19.20 nts	1693220822862
3182175 toao      20   0       0      0      0 Z 100.0   0.0  31:19.89 nts	1693220823565
