187218 root      20   0 2535512  98992  68092 R  94.1   0.0   0:00.17 nts	1696909973034
187218 root      20   0 9599564 216832 116152 R  8583   0.0   0:31.36 nts	1696909973730
187218 root      20   0 9672328 281512 116444 R 194.1   0.0   0:53.95 nts	1696909974437
187218 root      20   0 9672328 281512 116444 R 194.1   0.0   0:55.32 nts	1696909975131
187218 root      20   0 9672328 281512 116444 R 200.0   0.0   0:56.68 nts	1696909975823
187218 root      20   0 9672328 281512 116444 R 200.0   0.0   0:58.05 nts	1696909976514
187218 root      20   0 9672328 281512 116444 R 188.2   0.0   0:59.41 nts	1696909977205
187218 root      20   0 9672328 281512 116444 R 194.1   0.0   1:00.78 nts	1696909977897
187218 root      20   0 9672328 281512 116444 R 194.1   0.0   1:02.15 nts	1696909978589
187218 root      20   0 9672328 281512 116444 R 212.5   0.0   1:03.52 nts	1696909979283
187218 root      20   0 9672328 281512 116444 R 188.2   0.0   1:04.87 nts	1696909979976
187218 root      20   0   10.5g 705968 116572 R  1712   0.1   1:08.81 nts	1696909980667
187218 root      20   0   10.5g 786100 116572 R  1425   0.1   1:17.97 nts	1696909981362
187218 root      20   0   10.5g 792064 116572 R  1253   0.1   1:26.90 nts	1696909982057
187218 root      20   0   10.5g 798060 116572 R  1171   0.1   1:35.69 nts	1696909982753
187218 root      20   0   15.5g 804140 116604 R 188.2   0.1   1:43.11 nts	1696909983448
187218 root      20   0   15.5g 807308 116604 R 194.1   0.1   1:44.46 nts	1696909984140
187218 root      20   0   15.5g 812324 116604 R 200.0   0.1   1:45.80 nts	1696909984833
187218 root      20   0   15.5g 815756 116604 R 188.2   0.1   1:47.15 nts	1696909985526
187218 root      20   0   15.5g 823020 116604 R 188.2   0.1   1:48.49 nts	1696909986218
187218 root      20   0   16.7g 962456 116604 R 435.3   0.1   1:51.26 nts	1696909986910
187218 root      20   0   16.7g   1.1g 116604 R 400.0   0.1   1:54.23 nts	1696909987605
187218 root      20   0   16.7g   1.2g 116604 R 441.2   0.2   1:57.24 nts	1696909988299
187218 root      20   0   21.7g   1.3g 116604 R 105.9   0.2   2:00.11 nts	1696909988994
187218 root      20   0   21.7g   1.3g 116604 R 100.0   0.2   2:00.79 nts	1696909989687
187218 root      20   0   21.7g   1.3g 116604 R  94.1   0.2   2:01.48 nts	1696909990377
187218 root      20   0   21.7g   1.3g 116604 R 100.0   0.2   2:02.16 nts	1696909991064
187218 root      20   0   21.7g   1.3g 116604 R  94.1   0.2   2:02.84 nts	1696909991750
187218 root      20   0   21.7g   1.3g 116604 R  94.1   0.2   2:03.54 nts	1696909992438
187218 root      20   0   22.2g   1.7g 116604 R  94.1   0.2   2:04.23 nts	1696909993131
187218 root      20   0   22.2g   1.7g 116604 R 100.0   0.2   2:04.92 nts	1696909993821
187218 root      20   0   22.2g   1.7g 116604 R  94.1   0.2   2:05.60 nts	1696909994507
187218 root      20   0   22.2g   1.8g 116604 R 100.0   0.2   2:06.30 nts	1696909995195
187218 root      20   0   22.2g   1.8g 116604 R 100.0   0.2   2:06.99 nts	1696909995888
187218 root      20   0   22.2g   1.8g 116604 R  94.1   0.2   2:07.67 nts	1696909996577
187218 root      20   0   22.2g   1.8g 116604 R 100.0   0.2   2:08.36 nts	1696909997264
187218 root      20   0   22.2g   1.8g 116604 R 100.0   0.2   2:09.06 nts	1696909997951
187218 root      20   0   22.2g   1.8g 116604 R 106.2   0.2   2:09.75 nts	1696909998644
187218 root      20   0   22.2g   1.8g 116604 R  94.1   0.2   2:10.43 nts	1696909999336
187218 root      20   0   22.2g   1.8g 116604 R  94.1   0.2   2:11.12 nts	1696910000025
187218 root      20   0   22.2g   1.8g 116604 R  94.1   0.2   2:11.82 nts	1696910000718
187218 root      20   0   22.2g   1.8g 116604 R  94.1   0.2   2:12.51 nts	1696910001407
187218 root      20   0   22.2g   1.8g 116604 R 100.0   0.2   2:13.20 nts	1696910002095
187218 root      20   0   22.2g   1.8g 116604 R 106.2   0.2   2:13.88 nts	1696910002782
187218 root      20   0   22.2g   1.8g 116604 R 100.0   0.2   2:14.57 nts	1696910003469
187218 root      20   0   22.2g   1.8g 116604 R 100.0   0.2   2:15.25 nts	1696910004155
187218 root      20   0   22.2g   1.8g 116604 R 106.2   0.2   2:15.94 nts	1696910004843
187218 root      20   0   22.2g   1.8g 116604 R  94.1   0.2   2:16.63 nts	1696910005529
187218 root      20   0   22.2g   1.8g 116604 R 100.0   0.2   2:17.32 nts	1696910006221
187218 root      20   0   22.2g   1.8g 116604 R 100.0   0.2   2:18.01 nts	1696910006912
187218 root      20   0   22.2g   1.8g 116604 R 100.0   0.2   2:18.70 nts	1696910007601
187218 root      20   0   22.2g   1.8g 116604 R 100.0   0.2   2:19.39 nts	1696910008293
187218 root      20   0   22.2g   1.8g 116604 R 106.2   0.2   2:20.08 nts	1696910008982
187218 root      20   0   22.2g   1.8g 116604 R 100.0   0.2   2:20.77 nts	1696910009669
187218 root      20   0   22.2g   1.8g 116604 R 100.0   0.2   2:21.46 nts	1696910010361
187218 root      20   0   22.2g   1.8g 116604 R 100.0   0.2   2:22.15 nts	1696910011051
187218 root      20   0   22.2g   1.8g 116604 R 100.0   0.2   2:22.84 nts	1696910011744
187218 root      20   0   22.2g   1.8g 116604 R 100.0   0.2   2:23.53 nts	1696910012434
187218 root      20   0   22.2g   1.8g 116604 R  94.1   0.2   2:24.22 nts	1696910013120
187218 root      20   0   22.3g   1.8g 117728 R  88.2   0.2   2:25.13 nts	1696910013808
187218 root      20   0   54.8g   1.9g 231068 D   0.0   0.3   2:25.44 nts	1696910014495
187218 root      20   0   55.7g   2.3g 293392 R  94.1   0.3   2:26.05 nts	1696910015181
187218 root      20   0   55.9g   2.5g 326820 R 100.0   0.3   2:26.39 nts	1696910015870
187218 root      20   0   56.3g   2.9g 380600 D  29.4   0.4   2:26.96 nts	1696910016559
187218 root      20   0   56.7g   3.2g 454804 R 106.2   0.4   2:27.42 nts	1696910017253
187218 root      20   0   57.0g   3.4g 502696 R  25.0   0.5   2:27.74 nts	1696910017943
187218 root      20   0   59.3g   4.0g 859576 R 223.5   0.5   2:29.26 nts	1696910018636
187218 root      20   0   59.8g   4.1g 861708 R 264.7   0.6   2:30.43 nts	1696910019330
187218 root      20   0   60.0g   4.4g 861708 R 105.9   0.6   2:31.79 nts	1696910020024
187218 root      20   0   60.2g   4.5g 861708 R 229.4   0.6   2:33.20 nts	1696910020718
187218 root      20   0   60.2g   4.6g 861708 R 217.6   0.6   2:34.32 nts	1696910021414
187218 root      20   0   60.6g   4.8g 861708 R 129.4   0.7   2:35.78 nts	1696910022110
187218 root      20   0   60.8g   5.0g 861708 R 247.1   0.7   2:37.12 nts	1696910022805
187218 root      20   0   61.0g   5.0g 861708 R 111.8   0.7   2:38.21 nts	1696910023500
187218 root      20   0   61.8g   5.1g 862824 R 362.5   0.7   2:39.91 nts	1696910024192
187218 root      20   0   62.7g   5.3g 988.0m R 168.8   0.7   2:41.59 nts	1696910024883
187218 root      20   0   64.7g   5.9g   1.6g R 100.0   0.8   2:43.81 nts	1696910025577
187218 root      20   0   64.7g   5.9g   1.6g R 100.0   0.8   2:44.17 nts	1696910026272
187218 root      20   0   64.7g   5.9g   1.6g R 106.2   0.8   2:44.87 nts	1696910026963
187218 root      20   0   65.7g   6.4g   2.1g R  94.1   0.9   2:45.56 nts	1696910027656
187218 root      20   0   65.7g   6.8g   2.5g R  94.1   0.9   2:45.96 nts	1696910028346
187218 root      20   0   65.7g   6.8g   2.5g R 100.0   0.9   2:46.65 nts	1696910029039
187218 root      20   0   65.7g   6.8g   2.5g R  94.1   0.9   2:47.34 nts	1696910029728
187218 root      20   0   65.7g   6.8g   2.5g R  94.1   0.9   2:48.03 nts	1696910030418
187218 root      20   0   65.7g   6.8g   2.5g R 100.0   0.9   2:48.73 nts	1696910031108
187218 root      20   0   65.7g   6.8g   2.5g R  94.1   0.9   2:49.41 nts	1696910031795
187218 root      20   0   65.7g   6.8g   2.5g R  94.1   0.9   2:50.10 nts	1696910032485
187218 root      20   0   65.7g   6.8g   2.5g R 100.0   0.9   2:50.79 nts	1696910033175
187218 root      20   0   65.7g   6.8g   2.5g R 106.2   0.9   2:51.49 nts	1696910033864
187218 root      20   0   65.7g   6.8g   2.5g R 100.0   0.9   2:52.17 nts	1696910034554
187218 root      20   0   65.7g   6.8g   2.5g R 106.2   0.9   2:52.86 nts	1696910035243
187218 root      20   0   65.7g   6.8g   2.5g R 100.0   0.9   2:53.55 nts	1696910035932
187218 root      20   0   65.7g   6.8g   2.5g R 100.0   0.9   2:54.24 nts	1696910036622
187218 root      20   0   65.7g   6.8g   2.5g R  94.1   0.9   2:54.93 nts	1696910037311
187218 root      20   0   65.7g   6.8g   2.5g R 100.0   0.9   2:55.62 nts	1696910037998
187218 root      20   0   65.7g   6.8g   2.5g R  94.1   0.9   2:56.31 nts	1696910038690
187218 root      20   0   65.7g   6.8g   2.5g R 106.2   0.9   2:57.01 nts	1696910039382
187218 root      20   0   65.7g   6.8g   2.5g R 106.2   0.9   2:57.70 nts	1696910040072
187218 root      20   0   65.7g   6.8g   2.5g R 100.0   0.9   2:58.38 nts	1696910040762
187218 root      20   0   65.7g   6.8g   2.5g R 106.2   0.9   2:59.08 nts	1696910041453
187218 root      20   0   65.7g   6.8g   2.5g R 106.2   0.9   2:59.77 nts	1696910042143
187218 root      20   0   65.7g   6.8g   2.5g R 106.2   0.9   3:00.46 nts	1696910042833
187218 root      20   0   65.7g   6.8g   2.5g R 100.0   0.9   3:01.15 nts	1696910043520
187218 root      20   0   65.7g   6.8g   2.5g R 100.0   0.9   3:01.84 nts	1696910044211
187218 root      20   0   65.7g   6.8g   2.5g R  94.1   0.9   3:02.52 nts	1696910044899
187218 root      20   0   65.7g   6.8g   2.5g R  94.1   0.9   3:03.21 nts	1696910045590
187218 root      20   0   65.7g   6.8g   2.5g R  94.1   0.9   3:03.90 nts	1696910046281
187218 root      20   0   65.7g   6.8g   2.5g R  94.1   0.9   3:04.59 nts	1696910046970
187218 root      20   0   65.7g   6.8g   2.5g R  94.1   0.9   3:05.28 nts	1696910047657
187218 root      20   0   65.7g   6.8g   2.5g R 100.0   0.9   3:05.97 nts	1696910048344
187218 root      20   0   65.7g   6.8g   2.5g R  94.1   0.9   3:06.66 nts	1696910049030
187218 root      20   0   65.7g   6.8g   2.5g R 100.0   0.9   3:07.35 nts	1696910049721
187218 root      20   0   65.7g   6.8g   2.5g R  94.1   0.9   3:08.03 nts	1696910050410
187218 root      20   0   65.7g   6.8g   2.5g R 100.0   0.9   3:08.73 nts	1696910051098
187218 root      20   0   65.7g   6.8g   2.5g R 100.0   0.9   3:09.42 nts	1696910051788
187218 root      20   0   65.7g   6.8g   2.5g R  94.1   0.9   3:10.10 nts	1696910052477
187218 root      20   0   65.7g   6.8g   2.5g R  94.1   0.9   3:10.79 nts	1696910053164
187218 root      20   0   65.7g   6.8g   2.5g R 100.0   0.9   3:11.48 nts	1696910053855
187218 root      20   0   65.7g   6.8g   2.5g R 100.0   0.9   3:12.17 nts	1696910054544
187218 root      20   0   65.7g   6.8g   2.5g R 112.5   0.9   3:12.87 nts	1696910055233
187218 root      20   0   65.7g   6.8g   2.5g R 100.0   0.9   3:13.55 nts	1696910055923
187218 root      20   0   65.7g   6.8g   2.5g R 100.0   0.9   3:14.25 nts	1696910056610
187218 root      20   0   65.7g   6.8g   2.5g R  94.1   0.9   3:14.93 nts	1696910057300
187218 root      20   0   65.7g   6.8g   2.5g R  94.1   0.9   3:15.62 nts	1696910057989
187218 root      20   0   65.7g   6.8g   2.5g R 100.0   0.9   3:16.31 nts	1696910058679
187218 root      20   0   65.7g   6.8g   2.5g R 100.0   0.9   3:17.00 nts	1696910059368
187218 root      20   0   65.7g   6.8g   2.5g R  94.1   0.9   3:17.68 nts	1696910060057
187218 root      20   0   65.7g   6.8g   2.5g R  94.1   0.9   3:18.38 nts	1696910060747
187218 root      20   0   65.7g   6.8g   2.5g R 100.0   0.9   3:19.07 nts	1696910061437
187218 root      20   0   65.7g   6.8g   2.5g R 100.0   0.9   3:19.75 nts	1696910062123
187218 root      20   0   65.7g   6.8g   2.5g R 106.2   0.9   3:20.45 nts	1696910062814
187218 root      20   0   65.7g   6.8g   2.5g R 106.2   0.9   3:21.14 nts	1696910063503
187218 root      20   0   65.7g   6.8g   2.5g R 106.2   0.9   3:21.83 nts	1696910064193
187218 root      20   0   65.7g   6.8g   2.5g R 100.0   0.9   3:22.52 nts	1696910064882
187218 root      20   0   65.7g   6.8g   2.5g R 106.2   0.9   3:23.21 nts	1696910065571
187218 root      20   0   65.7g   6.8g   2.5g R  94.1   0.9   3:23.89 nts	1696910066261
187218 root      20   0   65.7g   6.8g   2.5g R  94.1   0.9   3:24.58 nts	1696910066951
187218 root      20   0   65.7g   6.8g   2.5g R  94.1   0.9   3:25.27 nts	1696910067638
187218 root      20   0   65.7g   6.8g   2.5g R 100.0   0.9   3:25.97 nts	1696910068329
187218 root      20   0   65.7g   6.8g   2.5g R 100.0   0.9   3:26.66 nts	1696910069018
187218 root      20   0   65.7g   6.8g   2.5g R  94.1   0.9   3:27.35 nts	1696910069710
187218 root      20   0   65.7g   6.8g   2.5g R  94.1   0.9   3:28.03 nts	1696910070399
187218 root      20   0   65.7g   6.8g   2.5g R 100.0   0.9   3:28.73 nts	1696910071089
187218 root      20   0   65.7g   6.8g   2.5g R 100.0   0.9   3:29.42 nts	1696910071778
187218 root      20   0   65.7g   6.8g   2.5g R 100.0   0.9   3:30.11 nts	1696910072468
187218 root      20   0   65.7g   6.8g   2.5g R  94.1   0.9   3:30.79 nts	1696910073156
187218 root      20   0   65.7g   6.8g   2.5g R  94.1   0.9   3:31.48 nts	1696910073846
187218 root      20   0   65.7g   6.8g   2.5g R 100.0   0.9   3:32.17 nts	1696910074535
187218 root      20   0   65.7g   6.8g   2.5g R 106.2   0.9   3:32.86 nts	1696910075223
187218 root      20   0   65.7g   6.8g   2.5g R 100.0   0.9   3:33.55 nts	1696910075914
187218 root      20   0   65.7g   6.8g   2.5g R 106.2   0.9   3:34.25 nts	1696910076604
187218 root      20   0   65.7g   6.8g   2.5g R 100.0   0.9   3:34.94 nts	1696910077296
187218 root      20   0   65.7g   6.8g   2.5g R 100.0   0.9   3:35.63 nts	1696910077988
187218 root      20   0   65.7g   6.8g   2.5g R  94.1   0.9   3:36.32 nts	1696910078678
187218 root      20   0   65.7g   6.8g   2.5g R  94.1   0.9   3:37.01 nts	1696910079369
187218 root      20   0   65.7g   6.8g   2.5g R  94.1   0.9   3:37.70 nts	1696910080060
187218 root      20   0   65.7g   6.8g   2.5g R 100.0   0.9   3:38.39 nts	1696910080750
187218 root      20   0   65.7g   6.8g   2.5g R  94.1   0.9   3:39.08 nts	1696910081438
187218 root      20   0   65.7g   6.8g   2.5g R  94.1   0.9   3:39.77 nts	1696910082128
187218 root      20   0   65.7g   6.8g   2.5g R  94.1   0.9   3:40.46 nts	1696910082818
187218 root      20   0   65.7g   6.8g   2.5g R 100.0   0.9   3:41.15 nts	1696910083506
187218 root      20   0   65.7g   6.8g   2.5g R 100.0   0.9   3:41.83 nts	1696910084193
187218 root      20   0   65.7g   6.8g   2.5g R 100.0   0.9   3:42.52 nts	1696910084883
187218 root      20   0   65.7g   6.8g   2.5g R 100.0   0.9   3:43.21 nts	1696910085574
187218 root      20   0   65.7g   6.8g   2.5g R 100.0   0.9   3:43.91 nts	1696910086261
187218 root      20   0   65.7g   6.8g   2.5g R 106.2   0.9   3:44.60 nts	1696910086952
187218 root      20   0   65.7g   6.8g   2.5g R 100.0   0.9   3:45.29 nts	1696910087640
187218 root      20   0   65.7g   6.8g   2.5g R  94.1   0.9   3:45.97 nts	1696910088327
187218 root      20   0   65.7g   6.8g   2.5g R 100.0   0.9   3:46.67 nts	1696910089017
187218 root      20   0   65.7g   6.8g   2.5g R  94.1   0.9   3:47.35 nts	1696910089705
187218 root      20   0   65.7g   6.8g   2.5g R 100.0   0.9   3:48.05 nts	1696910090395
187218 root      20   0   65.7g   6.8g   2.5g R 100.0   0.9   3:48.73 nts	1696910091084
187218 root      20   0   65.7g   6.8g   2.5g R  94.1   0.9   3:49.41 nts	1696910091770
187218 root      20   0   65.7g   6.8g   2.5g R 100.0   0.9   3:50.11 nts	1696910092461
187218 root      20   0   65.7g   6.8g   2.5g R 106.2   0.9   3:50.80 nts	1696910093152
187218 root      20   0   65.7g   6.8g   2.5g R  94.1   0.9   3:51.49 nts	1696910093840
187218 root      20   0   65.7g   6.8g   2.5g R 100.0   0.9   3:52.18 nts	1696910094531
187218 root      20   0   65.7g   6.8g   2.5g R  94.1   0.9   3:52.87 nts	1696910095220
187218 root      20   0   65.7g   6.8g   2.5g R 100.0   0.9   3:53.56 nts	1696910095910
187218 root      20   0   65.7g   6.8g   2.5g R 100.0   0.9   3:54.25 nts	1696910096598
187218 root      20   0   65.7g   6.8g   2.5g R  94.1   0.9   3:54.93 nts	1696910097285
187218 root      20   0   65.7g   6.8g   2.5g R 106.2   0.9   3:55.63 nts	1696910097975
187218 root      20   0   65.7g   6.8g   2.5g R 106.2   0.9   3:56.32 nts	1696910098664
187218 root      20   0   65.7g   6.8g   2.5g R 100.0   0.9   3:57.01 nts	1696910099355
187218 root      20   0   66.0g   6.9g   2.5g R 235.3   1.0   3:57.94 nts	1696910100047
187218 root      20   0   66.0g   7.0g   2.5g D   5.9   1.0   3:58.28 nts	1696910100739
187218 root      20   0   66.4g   7.1g   2.5g D 106.2   1.0   3:58.93 nts	1696910101431
187218 root      20   0   66.6g   7.1g   2.5g R  94.1   1.0   3:59.25 nts	1696910102121
187218 root      20   0  329.7g   7.3g   2.6g S  1106   1.0   4:06.23 nts	1696910102814
187218 root      20   0  337.0g   7.4g   2.6g S  1882   1.0   4:14.07 nts	1696910103543
187218 root      20   0  338.5g   7.5g   2.7g S 782.4   1.0   4:22.09 nts	1696910104258
187218 root      20   0  340.8g   7.6g   2.7g S  1969   1.0   4:35.42 nts	1696910104951
187218 root      20   0  341.5g   7.7g   2.8g S  1665   1.1   4:46.04 nts	1696910105659
187218 root      20   0  343.9g   7.8g   2.9g S  1600   1.1   4:58.11 nts	1696910106355
187218 root      20   0  344.3g   7.8g   2.9g S  2035   1.1   5:08.09 nts	1696910107051
187218 root      20   0  344.9g   7.9g   3.0g S  1359   1.1   5:19.40 nts	1696910107748
187218 root      20   0  345.4g   8.0g   3.0g S  2231   1.1   5:33.66 nts	1696910108441
187218 root      20   0  345.5g   8.0g   3.1g S  1835   1.1   5:43.89 nts	1696910109137
187218 root      20   0  345.3g   8.1g   3.2g S  1441   1.1   5:56.63 nts	1696910109836
187218 root      20   0  346.4g   8.2g   3.2g S  2125   1.1   6:07.81 nts	1696910110532
187218 root      20   0  346.2g   8.2g   3.3g S 764.7   1.1   6:17.80 nts	1696910111229
187218 root      20   0  347.0g   8.3g   3.3g S  2341   1.1   6:31.85 nts	1696910111922
187218 root      20   0  347.1g   8.3g   3.4g S  1765   1.1   6:41.48 nts	1696910112620
187218 root      20   0  347.2g   8.4g   3.4g S  1712   1.2   6:55.15 nts	1696910113335
187218 root      20   0  347.2g   8.4g   3.5g S  2262   1.2   7:05.59 nts	1696910114041
187218 root      20   0  347.0g   8.5g   3.6g S  1050   1.2   7:18.19 nts	1696910114737
187218 root      20   0  347.1g   8.6g   3.7g S  1988   1.2   7:31.88 nts	1696910115453
187218 root      20   0  347.4g   8.6g   3.7g S  1624   1.2   7:41.10 nts	1696910116150
187218 root      20   0  347.5g   8.7g   3.7g S  1729   1.2   7:54.76 nts	1696910116845
187218 root      20   0  359.6g   8.6g   3.8g S  1806   1.2   8:04.75 nts	1696910117544
187218 root      20   0  360.9g   8.7g   3.9g S 452.9   1.2   8:14.67 nts	1696910118249
187218 root      20   0  363.5g   8.8g   3.9g S  1482   1.2   8:25.09 nts	1696910118943
187218 root      20   0  364.3g   8.9g   4.0g S  1229   1.2   8:36.85 nts	1696910119643
187218 root      20   0  366.0g   9.0g   4.0g S  1829   1.2   8:51.35 nts	1696910120339
187218 root      20   0  366.8g   9.0g   4.1g S  1953   1.2   8:59.28 nts	1696910121040
187218 root      20   0  366.5g   9.1g   4.2g S 676.5   1.3   9:11.13 nts	1696910121737
187218 root      20   0  367.7g   9.2g   4.2g S  1762   1.3   9:23.14 nts	1696910122431
187218 root      20   0  367.7g   9.2g   4.3g S  1400   1.3   9:33.14 nts	1696910123130
187218 root      20   0  367.8g   9.3g   4.3g S  1559   1.3   9:46.72 nts	1696910123827
187218 root      20   0  367.9g   9.3g   4.4g S  2006   1.3   9:57.01 nts	1696910124525
187218 root      20   0  367.6g   9.4g   4.5g S  1206   1.3  10:09.41 nts	1696910125223
187218 root      20   0  368.0g   9.5g   4.5g S  1924   1.3  10:20.57 nts	1696910125920
187218 root      20   0  368.1g   9.5g   4.6g S 688.2   1.3  10:31.21 nts	1696910126619
187218 root      20   0  368.5g   9.6g   4.6g S  2241   1.3  10:44.57 nts	1696910127314
187218 root      20   0  368.5g   9.6g   4.7g S  1476   1.3  10:53.94 nts	1696910128011
187218 root      20   0  369.4g   9.7g   4.7g S  2247   1.3  11:08.49 nts	1696910128706
187218 root      20   0  370.2g   9.8g   4.8g S  1618   1.3  11:17.76 nts	1696910129404
187218 root      20   0  369.9g   9.8g   4.9g S 676.5   1.4  11:29.28 nts	1696910130104
187218 root      20   0  370.3g   9.9g   4.9g S  2218   1.4  11:41.74 nts	1696910130797
187218 root      20   0  370.4g   9.9g   5.0g S  1529   1.4  11:51.91 nts	1696910131494
187218 root      20   0  362.1g   9.9g   5.0g S  2035   1.4  12:05.49 nts	1696910132190
187218 root      20   0  363.1g  10.0g   5.1g S  1565   1.4  12:13.68 nts	1696910132888
187218 root      20   0  364.3g  10.0g   5.1g S 458.8   1.4  12:25.08 nts	1696910133588
187218 root      20   0  366.2g  10.1g   5.2g S  2135   1.4  12:35.39 nts	1696910134281
187218 root      20   0  366.0g  10.2g   5.2g S 400.0   1.4  12:43.83 nts	1696910134977
187218 root      20   0  367.1g  10.2g   5.3g S  1753   1.4  12:57.81 nts	1696910135671
187218 root      20   0  367.1g  10.3g   5.3g S  1859   1.4  13:08.59 nts	1696910136367
187218 root      20   0  369.2g  10.4g   5.4g S  1835   1.4  13:21.70 nts	1696910137068
187218 root      20   0  369.6g  10.5g   5.5g S  1682   1.4  13:30.69 nts	1696910137766
187218 root      20   0  370.0g  10.5g   5.5g S  1071   1.5  13:41.91 nts	1696910138468
187218 root      20   0  370.5g  10.6g   5.6g S  2106   1.5  13:56.08 nts	1696910139162
187218 root      20   0  370.4g  10.6g   5.6g S  2176   1.5  14:05.88 nts	1696910139863
187218 root      20   0  371.4g  10.7g   5.7g S  1835   1.5  14:19.55 nts	1696910140562
187218 root      20   0  371.5g  10.7g   5.8g S  1618   1.5  14:28.77 nts	1696910141262
187218 root      20   0  371.2g  10.8g   5.8g S 788.2   1.5  14:40.86 nts	1696910141962
187218 root      20   0  371.6g  10.9g   5.9g S  2076   1.5  14:52.46 nts	1696910142657
187218 root      20   0  371.7g  10.9g   5.9g S  1318   1.5  15:03.02 nts	1696910143353
187218 root      20   0  371.5g  11.0g   6.0g S  2072   1.5  15:17.72 nts	1696910144057
187218 root      20   0  371.6g  11.1g   6.1g S  1847   1.5  15:28.17 nts	1696910144765
187218 root      20   0  371.7g  11.1g   6.2g S  1718   1.5  15:41.41 nts	1696910145463
187218 root      20   0  370.6g  11.2g   6.2g S  2276   1.5  15:52.11 nts	1696910146161
187218 root      20   0       0      0      0 Z 100.0   0.0  15:52.85 nts	1696910146867
187218 root      20   0       0      0      0 Z  87.5   0.0  15:53.52 nts	1696910147562
187218 root      20   0       0      0      0 Z  68.8   0.0  15:54.04 nts	1696910148254
187218 root      20   0       0      0      0 Z 100.0   0.0  15:54.73 nts	1696910148941
