3298526 toao      20   0 2487732 101520  68912 R 100.0   0.1   0:00.18 nts	1693221184835
3298526 toao      20   0 8370196 216996 117384 R  7765   0.2   0:29.14 nts	1693221185573
3298526 toao      20   0 8462428 281448 117672 R 194.1   0.2   0:55.89 nts	1693221186263
3298526 toao      20   0 8462428 281448 117672 R 205.9   0.2   0:57.31 nts	1693221186973
3298526 toao      20   0 8462428 281448 117672 R 200.0   0.2   0:58.70 nts	1693221187676
3298526 toao      20   0 8462428 281448 117672 R 206.2   0.2   1:00.08 nts	1693221188374
3298526 toao      20   0 8462428 300720 117672 R 194.1   0.2   1:01.48 nts	1693221189075
3298526 toao      20   0 8462428 300720 117672 R 200.0   0.2   1:02.87 nts	1693221189777
3298526 toao      20   0 8462428 300720 117672 R 200.0   0.2   1:04.26 nts	1693221190476
3298526 toao      20   0 8462428 300720 117672 R 200.0   0.2   1:05.65 nts	1693221191176
3298526 toao      20   0 9720188 594344 117796 R  1006   0.5   1:10.43 nts	1693221191878
3298526 toao      20   0 9720188 596940 117796 R  1112   0.5   1:17.78 nts	1693221192583
3298526 toao      20   0 9720188 654388 117796 R 856.2   0.5   1:24.14 nts	1693221193292
3298526 toao      20   0 9720188 832384 117796 R  1324   0.6   1:33.65 nts	1693221193995
3298526 toao      20   0 9720188 832648 117796 R  1200   0.6   1:42.30 nts	1693221194701
3298526 toao      20   0   13.4g 836972 117932 R 200.0   0.6   1:49.46 nts	1693221195407
3298526 toao      20   0   13.4g 838292 117932 R 188.9   0.6   1:50.86 nts	1693221196110
3298526 toao      20   0   13.4g 843308 117932 R 194.1   0.6   1:52.24 nts	1693221196817
3298526 toao      20   0   13.4g 848060 117932 R 183.3   0.6   1:53.64 nts	1693221197522
3298526 toao      20   0   13.4g 852812 117932 R 205.9   0.6   1:55.05 nts	1693221198230
3298526 toao      20   0   13.4g 856508 117932 R 194.1   0.7   1:56.43 nts	1693221198937
3298526 toao      20   0   13.4g 859148 117932 R 200.0   0.7   1:57.82 nts	1693221199642
3298526 toao      20   0   13.4g 868388 117932 R 194.1   0.7   1:59.20 nts	1693221200342
3298526 toao      20   0   14.6g 944612 117932 R 638.9   0.7   2:01.32 nts	1693221201042
3298526 toao      20   0   14.6g   1.0g 117932 R 623.5   0.8   2:05.57 nts	1693221201748
3298526 toao      20   0   14.6g   1.1g 117932 R 494.1   0.9   2:08.92 nts	1693221202451
3298526 toao      20   0   14.6g   1.2g 117932 R 438.9   0.9   2:12.41 nts	1693221203156
3298526 toao      20   0   14.6g   1.3g 117932 R 758.8   1.0   2:16.88 nts	1693221203868
3298526 toao      20   0   18.6g   1.4g 117932 R 100.0   1.1   2:20.43 nts	1693221204565
3298526 toao      20   0   18.6g   1.4g 117932 R 105.9   1.1   2:21.14 nts	1693221205273
3298526 toao      20   0   18.6g   1.4g 117932 R 105.9   1.1   2:21.84 nts	1693221205977
3298526 toao      20   0   18.6g   1.4g 117932 R  94.4   1.1   2:22.55 nts	1693221206681
3298526 toao      20   0   18.6g   1.4g 117932 R 105.9   1.1   2:23.25 nts	1693221207389
3298526 toao      20   0   19.1g   1.4g 117932 R 100.0   1.1   2:23.95 nts	1693221208087
3298526 toao      20   0   19.1g   1.7g 117932 R 100.0   1.3   2:24.65 nts	1693221208787
3298526 toao      20   0   19.1g   1.7g 117932 R  94.1   1.3   2:25.34 nts	1693221209488
3298526 toao      20   0   19.1g   1.7g 117932 R 100.0   1.3   2:26.05 nts	1693221210186
3298526 toao      20   0   19.1g   1.7g 117932 R 105.9   1.3   2:26.75 nts	1693221210888
3298526 toao      20   0   19.1g   1.7g 117932 R 100.0   1.3   2:27.44 nts	1693221211587
3298526 toao      20   0   19.1g   1.7g 117932 R 100.0   1.3   2:28.15 nts	1693221212286
3298526 toao      20   0   19.1g   1.7g 117932 R 100.0   1.3   2:28.85 nts	1693221212989
3298526 toao      20   0   19.1g   1.7g 117932 R 100.0   1.3   2:29.55 nts	1693221213692
3298526 toao      20   0   19.1g   1.8g 117932 R 100.0   1.4   2:30.25 nts	1693221214394
3298526 toao      20   0   19.1g   1.9g 117932 R  94.1   1.5   2:30.95 nts	1693221215098
3298526 toao      20   0   19.1g   1.9g 117932 R 105.9   1.5   2:31.66 nts	1693221215802
3298526 toao      20   0   19.1g   1.9g 117932 R 106.2   1.5   2:32.36 nts	1693221216503
3298526 toao      20   0   19.1g   1.9g 117932 R  94.1   1.5   2:33.05 nts	1693221217202
3298526 toao      20   0   19.1g   1.9g 117932 R 106.2   1.5   2:33.76 nts	1693221217902
3298526 toao      20   0   19.1g   1.9g 117932 R 100.0   1.5   2:34.45 nts	1693221218603
3298526 toao      20   0   19.1g   1.9g 117932 R 100.0   1.5   2:35.16 nts	1693221219302
3298526 toao      20   0   19.1g   1.9g 117932 R 100.0   1.5   2:35.86 nts	1693221220002
3298526 toao      20   0   19.1g   1.9g 117932 R 100.0   1.5   2:36.56 nts	1693221220706
3298526 toao      20   0   19.1g   1.9g 117932 R 100.0   1.5   2:37.26 nts	1693221221406
3298526 toao      20   0   28.6g   2.5g 293488 R 100.0   2.0   2:39.13 nts	1693221222110
3298526 toao      20   0   29.5g   3.3g 407956 R 100.0   2.6   2:39.83 nts	1693221222811
3298526 toao      20   0   31.0g   4.2g 531768 R 105.9   3.3   2:40.53 nts	1693221223511
3298526 toao      20   0   31.0g   4.6g 531768 R  94.1   3.6   2:41.22 nts	1693221224211
3298526 toao      20   0   31.9g   5.3g   1.2g R 100.0   4.2   2:41.94 nts	1693221224914
3298526 toao      20   0   31.9g   5.5g   1.4g R 100.0   4.4   2:42.64 nts	1693221225618
3298526 toao      20   0   31.9g   5.5g   1.4g R 106.2   4.4   2:43.34 nts	1693221226325
3298526 toao      20   0   31.9g   5.5g   1.4g R  94.1   4.4   2:44.04 nts	1693221227023
3298526 toao      20   0   31.9g   5.5g   1.4g R 106.2   4.4   2:44.74 nts	1693221227725
3298526 toao      20   0   31.9g   5.5g   1.4g R 106.2   4.4   2:45.44 nts	1693221228422
3298526 toao      20   0   31.9g   5.5g   1.4g R 100.0   4.4   2:46.14 nts	1693221229123
3298526 toao      20   0   31.9g   5.5g   1.4g R  94.1   4.4   2:46.84 nts	1693221229827
3298526 toao      20   0   31.9g   5.5g   1.4g R 100.0   4.4   2:47.55 nts	1693221230538
3298526 toao      20   0   31.9g   5.5g   1.4g R 100.0   4.4   2:48.26 nts	1693221231238
3298526 toao      20   0   31.9g   5.5g   1.4g R 100.0   4.4   2:48.96 nts	1693221231942
3298526 toao      20   0   31.9g   5.5g   1.4g R 100.0   4.4   2:49.67 nts	1693221232646
3298526 toao      20   0   31.9g   5.5g   1.4g R 100.0   4.4   2:50.37 nts	1693221233346
3298526 toao      20   0   31.9g   5.5g   1.4g R 100.0   4.4   2:51.07 nts	1693221234050
3298526 toao      20   0   31.9g   5.5g   1.4g R 100.0   4.4   2:51.77 nts	1693221234751
3298526 toao      20   0   31.9g   5.5g   1.4g R 100.0   4.4   2:52.47 nts	1693221235451
3298526 toao      20   0   31.9g   5.5g   1.4g R 100.0   4.4   2:53.18 nts	1693221236150
3298526 toao      20   0   31.9g   5.5g   1.4g R 100.0   4.4   2:53.87 nts	1693221236855
3298526 toao      20   0   31.9g   5.5g   1.4g R 100.0   4.4   2:54.58 nts	1693221237558
3298526 toao      20   0   31.9g   5.5g   1.4g R 100.0   4.4   2:55.28 nts	1693221238259
3298526 toao      20   0   31.9g   5.5g   1.4g R 100.0   4.4   2:55.99 nts	1693221238962
3298526 toao      20   0   31.9g   5.5g   1.4g R 106.2   4.4   2:56.68 nts	1693221239666
3298526 toao      20   0   31.9g   5.5g   1.4g R 106.2   4.4   2:57.38 nts	1693221240363
3298526 toao      20   0   31.9g   5.5g   1.4g R 106.2   4.4   2:58.08 nts	1693221241063
3298526 toao      20   0   31.9g   5.5g   1.4g R 100.0   4.4   2:58.77 nts	1693221241760
3298526 toao      20   0   31.9g   5.5g   1.4g R 100.0   4.4   2:59.47 nts	1693221242459
3298526 toao      20   0   31.9g   5.5g   1.4g R 100.0   4.4   3:00.18 nts	1693221243158
3298526 toao      20   0   31.9g   5.5g   1.4g R 100.0   4.4   3:00.88 nts	1693221243858
3298526 toao      20   0   31.9g   5.5g   1.4g R  94.1   4.4   3:01.58 nts	1693221244558
3298526 toao      20   0   31.9g   5.5g   1.4g R 106.2   4.4   3:02.28 nts	1693221245263
3298526 toao      20   0   31.9g   5.5g   1.4g R 100.0   4.4   3:02.98 nts	1693221245963
3298526 toao      20   0   31.9g   5.5g   1.4g R 100.0   4.4   3:03.69 nts	1693221246667
3298526 toao      20   0   31.9g   5.5g   1.4g R 100.0   4.4   3:04.38 nts	1693221247366
3298526 toao      20   0   31.9g   5.5g   1.4g R 106.2   4.4   3:05.09 nts	1693221248064
3298526 toao      20   0   31.9g   5.5g   1.4g R 106.2   4.4   3:05.78 nts	1693221248762
3298526 toao      20   0   31.9g   5.5g   1.4g R 112.5   4.4   3:06.49 nts	1693221249462
3298526 toao      20   0   31.9g   5.5g   1.4g R 100.0   4.4   3:07.19 nts	1693221250163
3298526 toao      20   0   31.9g   5.5g   1.4g R 100.0   4.4   3:07.89 nts	1693221250867
3298526 toao      20   0   31.9g   5.5g   1.4g R 100.0   4.4   3:08.59 nts	1693221251570
3298526 toao      20   0   31.9g   5.5g   1.4g R 100.0   4.4   3:09.29 nts	1693221252270
3298526 toao      20   0   31.9g   5.5g   1.4g R 100.0   4.4   3:09.99 nts	1693221252970
3298526 toao      20   0   31.9g   5.5g   1.4g R 100.0   4.4   3:10.69 nts	1693221253671
3298526 toao      20   0   31.9g   5.5g   1.4g R 100.0   4.4   3:11.39 nts	1693221254375
3298526 toao      20   0   31.9g   5.5g   1.4g R 105.9   4.4   3:12.10 nts	1693221255077
3298526 toao      20   0   31.9g   5.5g   1.4g R 100.0   4.4   3:12.80 nts	1693221255775
3298526 toao      20   0   31.9g   5.5g   1.4g R 100.0   4.4   3:13.49 nts	1693221256475
3298526 toao      20   0   31.9g   5.5g   1.4g R  94.1   4.4   3:14.19 nts	1693221257174
3298526 toao      20   0   31.9g   5.5g   1.4g R 100.0   4.4   3:14.90 nts	1693221257874
3298526 toao      20   0   31.9g   5.5g   1.4g R 100.0   4.4   3:15.60 nts	1693221258579
3298526 toao      20   0   31.9g   5.5g   1.4g R  94.1   4.4   3:16.30 nts	1693221259278
3298526 toao      20   0   31.9g   5.5g   1.4g R 106.2   4.4   3:17.00 nts	1693221259983
3298526 toao      20   0   31.9g   5.5g   1.4g R 112.5   4.4   3:17.71 nts	1693221260683
3298526 toao      20   0   31.9g   5.5g   1.4g R 105.9   4.4   3:18.41 nts	1693221261384
3298526 toao      20   0   31.9g   5.5g   1.4g R 100.0   4.4   3:19.11 nts	1693221262087
3298526 toao      20   0   31.9g   5.5g   1.4g R  94.1   4.4   3:19.81 nts	1693221262787
3298526 toao      20   0   31.9g   5.5g   1.4g R 100.0   4.4   3:20.52 nts	1693221263491
3298526 toao      20   0   31.9g   5.5g   1.4g R 100.0   4.4   3:21.22 nts	1693221264194
3298526 toao      20   0   31.9g   5.5g   1.4g R 100.0   4.4   3:21.92 nts	1693221264895
3298526 toao      20   0   31.9g   5.5g   1.4g R 100.0   4.4   3:22.62 nts	1693221265599
3298526 toao      20   0   34.6g   5.6g   1.4g R  1194   4.4   3:30.25 nts	1693221266299
3298526 toao      20   0   34.6g   5.6g   1.4g S  2553   4.4   3:49.24 nts	1693221266999
3298526 toao      20   0   34.6g   5.6g   1.4g S  3865   4.4   4:08.86 nts	1693221267701
3298526 toao      20   0   34.6g   5.6g   1.4g S  3082   4.4   4:25.56 nts	1693221268398
3298526 toao      20   0   34.6g   5.6g   1.4g R 731.2   4.4   4:41.65 nts	1693221269093
3298526 toao      20   0   34.6g   5.6g   1.4g S  2159   4.4   5:00.71 nts	1693221269791
3298526 toao      20   0   34.6g   5.6g   1.4g R  4312   4.4   5:21.88 nts	1693221270495
3298526 toao      20   0   34.6g   5.6g   1.4g R 800.0   4.4   5:35.81 nts	1693221271185
3298526 toao      20   0   34.6g   5.6g   1.4g R  3612   4.4   5:55.95 nts	1693221271883
3298526 toao      20   0   34.6g   5.6g   1.4g R  4412   4.4   6:14.26 nts	1693221272584
3298526 toao      20   0   34.6g   5.6g   1.4g R 670.6   4.4   6:28.46 nts	1693221273288
3298526 toao      20   0   34.6g   5.6g   1.4g R  3141   4.4   6:48.22 nts	1693221273991
3298526 toao      20   0   34.6g   5.6g   1.4g S  3581   4.4   7:05.70 nts	1693221274692
3298526 toao      20   0   34.6g   5.6g   1.4g R  2388   4.4   7:22.87 nts	1693221275397
3298526 toao      20   0   34.6g   5.6g   1.4g R  2953   4.4   7:39.99 nts	1693221276113
3298526 toao      20   0   34.6g   5.6g   1.4g R 535.3   4.4   7:52.61 nts	1693221276814
3298526 toao      20   0   34.6g   5.6g   1.4g R  3900   4.4   8:10.86 nts	1693221277522
3298526 toao      20   0   34.6g   5.6g   1.4g R 676.5   4.4   8:24.85 nts	1693221278219
3298526 toao      20   0   34.6g   5.6g   1.4g R  3294   4.4   8:44.27 nts	1693221278926
3298526 toao      20   0   34.6g   5.6g   1.4g S  3350   4.4   9:01.13 nts	1693221279623
3298526 toao      20   0   34.6g   5.6g   1.4g R  1053   4.4   9:17.50 nts	1693221280316
3298526 toao      20   0   34.6g   5.6g   1.4g R  1518   4.4   9:36.16 nts	1693221281017
3298526 toao      20   0   34.6g   5.6g   1.4g S  4112   4.4   9:55.60 nts	1693221281714
3298526 toao      20   0   34.6g   5.6g   1.4g R  3325   4.4  10:12.34 nts	1693221282417
3298526 toao      20   0   83.5g   6.1g   1.9g R 111.8   4.8  10:21.55 nts	1693221283114
3298526 toao      20   0   86.5g   7.1g   3.0g R 205.9   5.7  10:22.96 nts	1693221283820
3298526 toao      20   0   91.6g   7.5g   3.4g S  1682   6.0  10:29.23 nts	1693221284523
3298526 toao      20   0   92.6g   7.6g   3.4g S  1453   6.0  10:39.04 nts	1693221285227
3298526 toao      20   0   93.1g   7.6g   3.4g S  1535   6.0  10:49.82 nts	1693221285927
3298526 toao      20   0   93.8g   7.6g   3.4g S  1559   6.0  11:00.38 nts	1693221286630
3298526 toao      20   0   93.8g   7.6g   3.4g S  1400   6.0  11:10.85 nts	1693221287334
3298526 toao      20   0   93.8g   7.6g   3.4g S  1541   6.0  11:21.53 nts	1693221288038
3298526 toao      20   0   93.8g   7.6g   3.4g S  1528   6.0  11:32.68 nts	1693221288745
3298526 toao      20   0   93.8g   7.6g   3.4g S  1447   6.0  11:43.15 nts	1693221289455
3298526 toao      20   0   93.8g   7.6g   3.4g S  1482   6.0  11:53.65 nts	1693221290155
3298526 toao      20   0   93.8g   7.6g   3.4g S  1794   6.0  12:04.12 nts	1693221290855
3298526 toao      20   0  111.6g   7.5g   3.4g S 723.5   6.0  12:13.42 nts	1693221291555
3298526 toao      20   0  112.3g   7.5g   3.4g S  1541   6.0  12:24.01 nts	1693221292259
3298526 toao      20   0  113.0g   7.6g   3.4g S  1506   6.0  12:34.78 nts	1693221292962
3298526 toao      20   0  113.5g   7.6g   3.4g S  1547   6.0  12:45.61 nts	1693221293667
3298526 toao      20   0  113.5g   7.6g   3.4g S  1553   6.0  12:56.27 nts	1693221294371
3298526 toao      20   0  113.5g   7.6g   3.4g S  1588   6.0  13:07.19 nts	1693221295075
3298526 toao      20   0  113.5g   7.6g   3.4g S  1559   6.0  13:17.80 nts	1693221295775
3298526 toao      20   0  113.5g   7.6g   3.4g S  1582   6.0  13:28.38 nts	1693221296478
3298526 toao      20   0  113.5g   7.6g   3.4g S  1394   6.0  13:38.72 nts	1693221297178
3298526 toao      20   0  114.0g   7.6g   3.4g S  1218   6.0  13:48.33 nts	1693221297878
3298526 toao      20   0  115.1g   7.5g   3.4g S  1612   6.0  13:58.58 nts	1693221298579
3298526 toao      20   0  115.7g   7.5g   3.4g S  1559   6.0  14:09.01 nts	1693221299280
3298526 toao      20   0  116.3g   7.5g   3.4g S  1506   6.0  14:19.68 nts	1693221299983
3298526 toao      20   0  117.0g   7.6g   3.4g S  1094   6.0  14:29.49 nts	1693221300685
3298526 toao      20   0  117.5g   7.6g   3.4g S  1406   6.0  14:40.28 nts	1693221301386
3298526 toao      20   0  117.5g   7.6g   3.4g S  1241   6.0  14:50.03 nts	1693221302089
3298526 toao      20   0  117.0g   7.6g   3.4g S  1547   6.0  15:00.58 nts	1693221302790
3298526 toao      20   0  117.0g   7.6g   3.4g S  1547   6.0  15:11.29 nts	1693221303489
3298526 toao      20   0  117.0g   7.6g   3.4g S  1512   6.0  15:21.94 nts	1693221304186
3298526 toao      20   0  117.0g   7.6g   3.4g S  1524   6.0  15:32.64 nts	1693221304886
3298526 toao      20   0  117.0g   7.6g   3.4g S  1482   6.0  15:43.22 nts	1693221305590
3298526 toao      20   0  116.3g   7.5g   3.4g S  1571   6.0  15:53.67 nts	1693221306291
3298526 toao      20   0  117.0g   7.6g   3.4g S  1441   6.0  16:04.09 nts	1693221306994
3298526 toao      20   0  117.5g   7.6g   3.4g S  1400   6.0  16:13.74 nts	1693221307696
3298526 toao      20   0  117.5g   7.6g   3.4g S  1524   6.0  16:23.98 nts	1693221308396
3298526 toao      20   0  117.0g   7.6g   3.4g S  1606   6.0  16:34.50 nts	1693221309095
3298526 toao      20   0  117.0g   7.6g   3.4g S  1529   6.0  16:45.14 nts	1693221309799
3298526 toao      20   0  117.0g   7.6g   3.4g S  1594   6.0  16:55.99 nts	1693221310501
3298526 toao      20   0  117.0g   7.6g   3.4g S  1512   6.0  17:06.64 nts	1693221311199
3298526 toao      20   0  117.0g   7.6g   3.4g S  1529   6.0  17:17.19 nts	1693221311898
3298526 toao      20   0  117.0g   7.6g   3.4g S  1688   6.0  17:28.02 nts	1693221312602
3298526 toao      20   0  115.8g   7.5g   3.4g S 643.8   6.0  17:36.61 nts	1693221313302
3298526 toao      20   0  116.3g   7.5g   3.4g S  1600   6.0  17:47.03 nts	1693221314003
3298526 toao      20   0  116.3g   7.5g   3.4g S  1625   6.0  17:57.77 nts	1693221314704
3298526 toao      20   0  117.5g   7.6g   3.4g S  1256   6.0  18:07.73 nts	1693221315403
3298526 toao      20   0  117.0g   7.6g   3.4g S  1453   6.0  18:18.54 nts	1693221316103
3298526 toao      20   0  117.0g   7.6g   3.4g S  1282   6.0  18:29.07 nts	1693221316807
3298526 toao      20   0  117.5g   7.6g   3.4g S  1271   6.0  18:39.16 nts	1693221317509
3298526 toao      20   0  117.0g   7.6g   3.4g S  1359   6.0  18:49.33 nts	1693221318211
3298526 toao      20   0  117.0g   7.6g   3.4g S  1588   6.0  19:00.03 nts	1693221318914
3298526 toao      20   0  117.0g   7.6g   3.4g S  1553   6.0  19:10.73 nts	1693221319617
3298526 toao      20   0  117.0g   7.6g   3.4g S  1588   6.0  19:21.44 nts	1693221320319
3298526 toao      20   0  117.0g   7.6g   3.4g S  1565   6.0  19:31.76 nts	1693221321018
3298526 toao      20   0  117.0g   7.6g   3.4g S  1700   6.0  19:41.82 nts	1693221321718
3298526 toao      20   0  117.4g   7.6g   3.4g S  1181   6.0  19:51.39 nts	1693221322422
3298526 toao      20   0  117.0g   7.6g   3.4g S  1547   6.0  20:02.14 nts	1693221323124
3298526 toao      20   0  117.0g   7.6g   3.4g S  1447   6.0  20:12.88 nts	1693221323826
3298526 toao      20   0  117.0g   7.6g   3.4g S  1565   6.0  20:23.61 nts	1693221324531
3298526 toao      20   0  117.0g   7.6g   3.4g S  1494   6.0  20:34.30 nts	1693221325230
3298526 toao      20   0  117.0g   7.6g   3.4g S  1582   6.0  20:45.09 nts	1693221325931
3298526 toao      20   0  117.0g   7.6g   3.4g S  1600   6.0  20:55.85 nts	1693221326631
3298526 toao      20   0  117.0g   7.6g   3.4g S  1494   6.0  21:06.32 nts	1693221327330
3298526 toao      20   0  116.9g   7.6g   3.4g S 782.4   6.0  21:15.54 nts	1693221328027
3298526 toao      20   0  116.9g   7.6g   3.4g S  1471   6.0  21:25.74 nts	1693221328731
3298526 toao      20   0  117.0g   7.6g   3.4g S  1565   6.0  21:36.25 nts	1693221329435
3298526 toao      20   0  117.0g   7.6g   3.4g S  1571   6.0  21:46.89 nts	1693221330136
3298526 toao      20   0  117.0g   7.6g   3.4g S  1482   6.0  21:57.39 nts	1693221330840
3298526 toao      20   0  117.0g   7.6g   3.4g S  1606   6.0  22:08.19 nts	1693221331538
3298526 toao      20   0  117.0g   7.6g   3.4g S  1547   6.0  22:18.94 nts	1693221332239
3298526 toao      20   0  117.0g   7.6g   3.4g S  1547   6.0  22:29.62 nts	1693221332938
3298526 toao      20   0  117.0g   7.6g   3.4g S  1553   6.0  22:40.41 nts	1693221333640
3298526 toao      20   0  117.0g   7.6g   3.4g S  1547   6.0  22:51.01 nts	1693221334343
3298526 toao      20   0  116.3g   7.6g   3.4g S  1059   6.0  23:00.73 nts	1693221335047
3298526 toao      20   0  116.3g   7.6g   3.4g S  1488   6.0  23:10.18 nts	1693221335747
3298526 toao      20   0  117.0g   7.6g   3.4g S  1512   6.0  23:20.73 nts	1693221336450
3298526 toao      20   0  117.0g   7.6g   3.4g S  1694   6.0  23:31.53 nts	1693221337146
3298526 toao      20   0  117.0g   7.6g   3.4g S  1688   6.0  23:42.29 nts	1693221337843
3298526 toao      20   0  117.0g   7.6g   3.4g S  1271   6.0  23:52.59 nts	1693221338543
3298526 toao      20   0  117.0g   7.6g   3.4g S  1406   6.0  24:03.02 nts	1693221339246
3298526 toao      20   0  117.5g   7.6g   3.4g S  1047   6.0  24:13.12 nts	1693221339948
3298526 toao      20   0  117.1g   7.6g   3.4g S  1241   6.0  24:23.19 nts	1693221340651
3298526 toao      20   0  117.0g   7.6g   3.4g S  1565   6.0  24:33.94 nts	1693221341354
3298526 toao      20   0  116.8g   7.6g   3.4g R  1700   6.0  24:44.80 nts	1693221342054
3298526 toao      20   0  116.3g   7.6g   3.4g S  1488   6.0  24:55.09 nts	1693221342757
3298526 toao      20   0  117.0g   7.6g   3.4g S  1535   6.0  25:05.66 nts	1693221343458
3298526 toao      20   0  117.5g   7.6g   3.4g S 768.8   6.0  25:14.80 nts	1693221344163
3298526 toao      20   0  117.0g   7.6g   3.4g S  1588   6.0  25:25.07 nts	1693221344863
3298526 toao      20   0  117.0g   7.6g   3.4g S  1712   6.0  25:35.93 nts	1693221345563
3298526 toao      20   0  117.0g   7.6g   3.4g S  1588   6.0  25:46.68 nts	1693221346262
3298526 toao      20   0  117.0g   7.6g   3.4g S  1576   6.0  25:57.31 nts	1693221346963
3298526 toao      20   0  117.0g   7.6g   3.4g S  1488   6.0  26:07.89 nts	1693221347666
3298526 toao      20   0  117.0g   7.6g   3.4g S  1606   6.0  26:18.60 nts	1693221348366
3298526 toao      20   0  117.0g   7.6g   3.4g S  1594   6.0  26:29.32 nts	1693221349067
3298526 toao      20   0  116.3g   7.6g   3.4g S  1294   6.0  26:39.24 nts	1693221349766
3298526 toao      20   0  117.0g   7.6g   3.4g S  1688   6.0  26:48.59 nts	1693221350472
3298526 toao      20   0  117.0g   7.6g   3.4g S  1547   6.0  26:59.35 nts	1693221351175
3298526 toao      20   0  117.0g   7.6g   3.4g S  1582   6.0  27:10.14 nts	1693221351879
3298526 toao      20   0  117.0g   7.6g   3.4g S  1700   6.0  27:20.87 nts	1693221352582
3298526 toao      20   0  117.0g   7.6g   3.4g S  1675   6.0  27:31.53 nts	1693221353284
3298526 toao      20   0  117.0g   7.6g   3.4g S  1644   6.0  27:42.14 nts	1693221353983
3298526 toao      20   0  117.0g   7.6g   3.4g S  1675   6.0  27:52.88 nts	1693221354684
3298526 toao      20   0  117.5g   7.6g   3.4g S  1156   6.0  28:02.01 nts	1693221355382
3298526 toao      20   0  117.5g   7.6g   3.4g S  1747   6.0  28:13.07 nts	1693221356082
3298526 toao      20   0       0      0      0 Z 105.9   0.0  28:20.62 nts	1693221356782
3298526 toao      20   0       0      0      0 Z  94.1   0.0  28:21.30 nts	1693221357488
