4026789 toao      20   0 2488920 102804  68940 R 100.0   0.1   0:00.19 nts	1693316472792
4026789 toao      20   0 8361540 205736 114884 R  7953   0.2   0:32.17 nts	1693316473508
4026789 toao      20   0 8361540 205736 114884 R  7929   0.2   1:30.00 nts	1693316474239
4026789 toao      20   0 8392648 226576 115012 R 200.0   0.2   1:49.84 nts	1693316474965
4026789 toao      20   0 8392648 226576 115012 R 200.0   0.2   1:51.24 nts	1693316475667
4026789 toao      20   0 8392648 226576 115012 R 212.5   0.2   1:52.63 nts	1693316476373
4026789 toao      20   0 8392648 228424 115012 R 200.0   0.2   1:54.04 nts	1693316477076
4026789 toao      20   0 8392648 228424 115012 R 194.1   0.2   1:55.42 nts	1693316477781
4026789 toao      20   0 8392648 228424 115012 R 194.1   0.2   1:56.82 nts	1693316478485
4026789 toao      20   0 9560220 435256 115136 R 847.1   0.3   2:03.48 nts	1693316479188
4026789 toao      20   0 9560220 447840 115136 S 635.3   0.3   2:07.91 nts	1693316479887
4026789 toao      20   0 9560220 659968 115136 R 961.1   0.5   2:15.66 nts	1693316480594
4026789 toao      20   0 9560220 677908 115136 R 876.5   0.5   2:21.00 nts	1693316481294
4026789 toao      20   0   13.2g 683364 115180 R 194.1   0.5   2:28.29 nts	1693316482004
4026789 toao      20   0   13.2g 683628 115180 R 183.3   0.5   2:29.70 nts	1693316482710
4026789 toao      20   0   13.2g 683892 115180 R 194.1   0.5   2:31.11 nts	1693316483416
4026789 toao      20   0   13.2g 684156 115180 R 194.1   0.5   2:32.52 nts	1693316484126
4026789 toao      20   0   13.2g 684156 115180 R 194.1   0.5   2:33.94 nts	1693316484833
4026789 toao      20   0   13.2g 684420 115180 R 211.8   0.5   2:35.37 nts	1693316485542
4026789 toao      20   0   13.2g 684420 115180 R 200.0   0.5   2:36.78 nts	1693316486257
4026789 toao      20   0   13.2g 684684 115180 R 200.0   0.5   2:38.18 nts	1693316486965
4026789 toao      20   0   13.2g 685212 115180 R 200.0   0.5   2:39.59 nts	1693316487669
4026789 toao      20   0   13.2g 685476 115180 R 205.9   0.5   2:41.00 nts	1693316488377
4026789 toao      20   0   13.2g 685740 115180 R 188.9   0.5   2:42.41 nts	1693316489081
4026789 toao      20   0   13.2g 685740 115180 R 194.1   0.5   2:43.81 nts	1693316489790
4026789 toao      20   0   13.2g 686004 115180 R 200.0   0.5   2:45.22 nts	1693316490493
4026789 toao      20   0   13.2g 686004 115180 R 200.0   0.5   2:46.62 nts	1693316491201
4026789 toao      20   0   13.2g 686268 115180 R 200.0   0.5   2:48.02 nts	1693316491904
4026789 toao      20   0   13.2g 686268 115180 R 194.1   0.5   2:49.43 nts	1693316492608
4026789 toao      20   0   13.2g 686532 115180 R 200.0   0.5   2:50.83 nts	1693316493313
4026789 toao      20   0   13.2g 686532 115180 R 205.9   0.5   2:52.24 nts	1693316494014
4026789 toao      20   0   13.2g 686532 115180 R 194.1   0.5   2:53.63 nts	1693316494720
4026789 toao      20   0   14.2g 819696 115180 R 643.8   0.6   2:58.15 nts	1693316495423
4026789 toao      20   0   14.2g 937880 115180 R 688.2   0.7   3:03.31 nts	1693316496126
4026789 toao      20   0   14.2g   1.0g 115180 R 641.2   0.8   3:07.99 nts	1693316496840
4026789 toao      20   0   18.2g   1.1g 115180 R  1418   0.8   3:14.30 nts	1693316497537
4026789 toao      20   0   18.3g   1.1g 115180 R 100.0   0.9   3:17.24 nts	1693316498262
4026789 toao      20   0   18.3g   1.1g 115180 R 100.0   0.9   3:17.94 nts	1693316498973
4026789 toao      20   0   18.3g   1.1g 115180 R 100.0   0.9   3:18.66 nts	1693316499685
4026789 toao      20   0   18.7g   1.2g 115180 R 100.0   1.0   3:19.37 nts	1693316500397
4026789 toao      20   0   18.7g   1.3g 115180 R  94.4   1.0   3:20.09 nts	1693316501110
4026789 toao      20   0   18.7g   1.3g 115180 R 100.0   1.0   3:20.79 nts	1693316501824
4026789 toao      20   0   18.7g   1.4g 115180 R 100.0   1.2   3:21.49 nts	1693316502530
4026789 toao      20   0   18.7g   1.5g 115180 R 100.0   1.2   3:22.20 nts	1693316503233
4026789 toao      20   0   18.7g   1.5g 115180 R 105.9   1.2   3:22.91 nts	1693316503941
4026789 toao      20   0   18.7g   1.5g 115180 R 100.0   1.2   3:23.61 nts	1693316504640
4026789 toao      20   0   27.7g   1.6g 205292 R 711.8   1.3   3:25.35 nts	1693316505346
4026789 toao      20   0   28.5g   2.4g 322508 R 100.0   1.9   3:26.06 nts	1693316506052
4026789 toao      20   0   29.4g   3.2g 462348 R 100.0   2.6   3:26.75 nts	1693316506757
4026789 toao      20   0   30.5g   4.1g 525776 R 105.9   3.3   3:27.47 nts	1693316507458
4026789 toao      20   0   30.5g   4.1g 525776 R 100.0   3.3   3:28.18 nts	1693316508177
4026789 toao      20   0   31.0g   4.7g   1.0g R 105.9   3.7   3:28.89 nts	1693316508883
4026789 toao      20   0   31.0g   4.7g   1.0g R 100.0   3.7   3:29.59 nts	1693316509587
4026789 toao      20   0   31.0g   4.7g   1.0g R 106.2   3.7   3:30.29 nts	1693316510293
4026789 toao      20   0   31.0g   4.7g   1.0g R  94.1   3.7   3:30.99 nts	1693316510994
4026789 toao      20   0   31.0g   4.7g   1.0g R 100.0   3.7   3:31.69 nts	1693316511696
4026789 toao      20   0   31.0g   4.7g   1.0g R  94.1   3.7   3:32.39 nts	1693316512398
4026789 toao      20   0   31.0g   4.7g   1.0g R 100.0   3.7   3:33.10 nts	1693316513100
4026789 toao      20   0   31.0g   4.7g   1.0g R 105.9   3.7   3:33.81 nts	1693316513804
4026789 toao      20   0   31.0g   4.7g   1.0g R 100.0   3.7   3:34.50 nts	1693316514507
4026789 toao      20   0   31.0g   4.7g   1.0g R 112.5   3.7   3:35.22 nts	1693316515212
4026789 toao      20   0   31.0g   4.7g   1.0g R 100.0   3.7   3:35.93 nts	1693316515927
4026789 toao      20   0   31.0g   4.7g   1.0g R  94.1   3.7   3:36.63 nts	1693316516635
4026789 toao      20   0   31.0g   4.7g   1.0g R 100.0   3.7   3:37.34 nts	1693316517337
4026789 toao      20   0   31.0g   4.7g   1.0g R 100.0   3.7   3:38.04 nts	1693316518040
4026789 toao      20   0   31.0g   4.7g   1.0g R 100.0   3.7   3:38.75 nts	1693316518745
4026789 toao      20   0   31.0g   4.7g   1.0g R  94.4   3.7   3:39.45 nts	1693316519451
4026789 toao      20   0   31.0g   4.7g   1.0g R 105.9   3.7   3:40.16 nts	1693316520156
4026789 toao      20   0   31.0g   4.7g   1.0g R 100.0   3.7   3:40.86 nts	1693316520859
4026789 toao      20   0   31.0g   4.7g   1.0g R 106.2   3.7   3:41.56 nts	1693316521564
4026789 toao      20   0   31.0g   4.7g   1.0g R 100.0   3.7   3:42.26 nts	1693316522264
4026789 toao      20   0   31.0g   4.7g   1.0g R 100.0   3.7   3:42.97 nts	1693316522968
4026789 toao      20   0   31.0g   4.7g   1.0g R  94.1   3.7   3:43.67 nts	1693316523672
4026789 toao      20   0   31.0g   4.7g   1.0g R 112.5   3.7   3:44.38 nts	1693316524372
4026789 toao      20   0   31.0g   4.7g   1.0g R 100.0   3.7   3:45.08 nts	1693316525078
4026789 toao      20   0   31.0g   4.7g   1.0g R 100.0   3.7   3:45.78 nts	1693316525780
4026789 toao      20   0   31.0g   4.7g   1.0g R 112.5   3.7   3:46.49 nts	1693316526482
4026789 toao      20   0   31.0g   4.7g   1.0g R 100.0   3.7   3:47.19 nts	1693316527184
4026789 toao      20   0   31.0g   4.7g   1.0g R 100.0   3.7   3:47.90 nts	1693316527895
4026789 toao      20   0   31.0g   4.7g   1.0g R 100.0   3.7   3:48.60 nts	1693316528596
4026789 toao      20   0   31.0g   4.7g   1.0g R 105.9   3.7   3:49.31 nts	1693316529300
4026789 toao      20   0   31.0g   4.7g   1.0g R 112.5   3.7   3:50.01 nts	1693316530003
4026789 toao      20   0   31.0g   4.7g   1.0g R 100.0   3.7   3:50.71 nts	1693316530707
4026789 toao      20   0   31.0g   4.7g   1.0g R 105.9   3.7   3:51.41 nts	1693316531407
4026789 toao      20   0   31.0g   4.7g   1.0g R 100.0   3.7   3:52.11 nts	1693316532107
4026789 toao      20   0   79.2g   5.0g   1.4g R 188.2   4.0   4:00.41 nts	1693316532811
4026789 toao      20   0   81.7g   5.9g   2.2g R 188.9   4.7   4:01.64 nts	1693316533517
4026789 toao      20   0   86.7g   6.4g   2.8g S  2353   5.1   4:06.79 nts	1693316534234
4026789 toao      20   0  102.0g   6.4g   2.8g S  2341   5.1   4:20.62 nts	1693316534941
4026789 toao      20   0  111.9g   6.4g   2.8g S  1841   5.1   4:33.08 nts	1693316535646
4026789 toao      20   0  112.6g   6.4g   2.8g S  1565   5.1   4:45.46 nts	1693316536355
4026789 toao      20   0  114.4g   6.5g   2.8g S  2118   5.1   4:58.85 nts	1693316537067
4026789 toao      20   0  111.9g   6.4g   2.8g S  1794   5.1   5:12.03 nts	1693316537775
4026789 toao      20   0  113.1g   6.4g   2.8g S  1550   5.1   5:24.45 nts	1693316538482
4026789 toao      20   0  110.5g   6.4g   2.8g R  1547   5.1   5:38.45 nts	1693316539190
4026789 toao      20   0       0      0      0 Z  94.4   0.0   5:39.15 nts	1693316539900
