122775 root      20   0 2535776  98960  67800 R  94.1   0.0   0:00.17 nts	1696909204617
122775 root      20   0 9599564 215280 114512 R  8456   0.0   0:30.54 nts	1696909205311
122775 root      20   0 9672328 279772 114696 R 200.0   0.0   0:51.80 nts	1696909206018
122775 root      20   0 9672328 279772 114696 R 188.2   0.0   0:53.15 nts	1696909206711
122775 root      20   0 9672328 279772 114696 R 194.1   0.0   0:54.52 nts	1696909207401
122775 root      20   0 9672328 279772 114696 R 194.1   0.0   0:55.88 nts	1696909208089
122775 root      20   0 9672328 279772 114696 R 200.0   0.0   0:57.24 nts	1696909208776
122775 root      20   0 9672328 279772 114696 R 206.2   0.0   0:58.61 nts	1696909209462
122775 root      20   0 9672328 279772 114696 R 188.2   0.0   0:59.97 nts	1696909210154
122775 root      20   0 9672328 279772 114696 R 194.1   0.0   1:01.34 nts	1696909210847
122775 root      20   0 9672328 279772 114696 R 194.1   0.0   1:02.71 nts	1696909211538
122775 root      20   0   10.5g 681796 114820 R  1571   0.1   1:06.42 nts	1696909212229
122775 root      20   0   10.5g 784580 114820 R  1341   0.1   1:16.09 nts	1696909212934
122775 root      20   0   10.5g 796280 114820 R  1394   0.1   1:25.58 nts	1696909213631
122775 root      20   0   10.5g 797308 114820 R  1312   0.1   1:35.19 nts	1696909214327
122775 root      20   0   15.5g 802660 114852 R 206.2   0.1   1:40.93 nts	1696909215021
122775 root      20   0   15.5g 807412 114852 R 188.2   0.1   1:42.26 nts	1696909215715
122775 root      20   0   15.5g 811900 114852 R 188.2   0.1   1:43.61 nts	1696909216406
122775 root      20   0   15.5g 816652 114852 R 194.1   0.1   1:44.95 nts	1696909217097
122775 root      20   0   16.7g 883196 114852 R 405.9   0.1   1:46.57 nts	1696909217788
122775 root      20   0   16.7g   1.0g 114852 R 468.8   0.1   1:49.53 nts	1696909218481
122775 root      20   0   16.7g   1.1g 114852 R 405.9   0.2   1:52.48 nts	1696909219174
122775 root      20   0   16.7g   1.2g 114852 R 405.9   0.2   1:55.44 nts	1696909219869
122775 root      20   0   21.7g   1.3g 114852 R 106.2   0.2   1:57.67 nts	1696909220562
122775 root      20   0   21.7g   1.3g 114852 R 100.0   0.2   1:58.36 nts	1696909221253
122775 root      20   0   21.7g   1.3g 114852 R 100.0   0.2   1:59.04 nts	1696909221943
122775 root      20   0   21.7g   1.3g 114852 R  94.1   0.2   1:59.73 nts	1696909222629
122775 root      20   0   21.7g   1.3g 114852 R 100.0   0.2   2:00.43 nts	1696909223322
122775 root      20   0   22.2g   1.4g 114852 R 106.2   0.2   2:01.12 nts	1696909224011
122775 root      20   0   22.2g   1.7g 114852 R 106.2   0.2   2:01.81 nts	1696909224701
122775 root      20   0   22.2g   1.7g 114852 R 100.0   0.2   2:02.50 nts	1696909225395
122775 root      20   0   22.2g   1.8g 114852 R 100.0   0.2   2:03.20 nts	1696909226086
122775 root      20   0   22.2g   1.8g 114852 R 100.0   0.2   2:03.89 nts	1696909226779
122775 root      20   0   22.2g   1.8g 114852 R 106.2   0.2   2:04.58 nts	1696909227473
122775 root      20   0   22.2g   1.8g 114852 R  94.1   0.2   2:05.27 nts	1696909228163
122775 root      20   0   22.2g   1.8g 114852 R 100.0   0.2   2:05.97 nts	1696909228857
122775 root      20   0   22.2g   1.8g 114852 R  94.1   0.2   2:06.65 nts	1696909229548
122775 root      20   0   22.2g   1.8g 114852 R  94.1   0.2   2:07.34 nts	1696909230236
122775 root      20   0   22.2g   1.8g 114852 R  94.1   0.2   2:08.03 nts	1696909230929
122775 root      20   0   22.2g   1.8g 114852 R  94.1   0.2   2:08.72 nts	1696909231618
122775 root      20   0   22.2g   1.8g 114852 R 106.2   0.2   2:09.42 nts	1696909232312
122775 root      20   0   22.2g   1.8g 114852 R 100.0   0.2   2:10.10 nts	1696909233002
122775 root      20   0   22.2g   1.8g 114852 R 106.2   0.2   2:10.80 nts	1696909233693
122775 root      20   0   22.2g   1.8g 114852 R  94.1   0.2   2:11.49 nts	1696909234386
122775 root      20   0   22.2g   1.8g 114852 R 106.2   0.2   2:12.18 nts	1696909235075
122775 root      20   0   22.2g   1.8g 114852 R  94.1   0.2   2:12.87 nts	1696909235763
122775 root      20   0   22.2g   1.8g 114852 R  94.1   0.2   2:13.56 nts	1696909236457
122775 root      20   0   22.2g   1.8g 114852 R  94.1   0.2   2:14.25 nts	1696909237148
122775 root      20   0   22.2g   1.8g 114852 R 100.0   0.2   2:14.95 nts	1696909237838
122775 root      20   0   22.2g   1.8g 114852 R  94.1   0.2   2:15.63 nts	1696909238527
122775 root      20   0   22.2g   1.8g 114852 R  94.1   0.2   2:16.32 nts	1696909239216
122775 root      20   0   22.2g   1.8g 114852 R 100.0   0.2   2:17.01 nts	1696909239903
122775 root      20   0   22.2g   1.8g 114852 R 100.0   0.2   2:17.70 nts	1696909240591
122775 root      20   0   22.2g   1.8g 114852 R 106.2   0.2   2:18.39 nts	1696909241284
122775 root      20   0   22.2g   1.8g 114852 R 100.0   0.2   2:19.08 nts	1696909241972
122775 root      20   0   22.2g   1.8g 114852 R  94.1   0.2   2:19.76 nts	1696909242661
122775 root      20   0   22.2g   1.8g 114852 R 100.0   0.2   2:20.45 nts	1696909243348
122775 root      20   0   22.2g   1.8g 114852 R 106.2   0.2   2:21.14 nts	1696909244035
122775 root      20   0   22.2g   1.8g 115980 D   0.0   0.2   2:22.46 nts	1696909244722
122775 root      20   0   54.6g   1.8g 115980 R  94.1   0.2   2:23.02 nts	1696909245410
122775 root      20   0   55.4g   2.0g 248796 R  23.5   0.3   2:23.30 nts	1696909246098
122775 root      20   0   55.8g   2.4g 314276 D 100.0   0.3   2:23.99 nts	1696909246784
122775 root      20   0   56.1g   2.7g 349280 R  94.1   0.4   2:24.31 nts	1696909247477
122775 root      20   0   56.4g   2.9g 384532 D  11.8   0.4   2:24.75 nts	1696909248166
122775 root      20   0   56.8g   3.3g 482940 R 100.0   0.5   2:25.32 nts	1696909248858
122775 root      20   0   57.2g   3.6g 528548 R 111.8   0.5   2:25.66 nts	1696909249548
122775 root      20   0   58.1g   4.1g   1.0g R 100.0   0.6   2:26.47 nts	1696909250243
122775 root      20   0   58.1g   4.1g   1.0g R 100.0   0.6   2:27.16 nts	1696909250937
122775 root      20   0   59.1g   4.6g   1.6g R 100.0   0.6   2:27.85 nts	1696909251628
122775 root      20   0   59.1g   5.0g   2.0g R 106.2   0.7   2:28.55 nts	1696909252322
122775 root      20   0   59.1g   5.0g   2.0g R 106.2   0.7   2:29.24 nts	1696909253013
122775 root      20   0   59.1g   5.0g   2.0g R 106.2   0.7   2:29.92 nts	1696909253703
122775 root      20   0   59.1g   5.0g   2.0g R 100.0   0.7   2:30.61 nts	1696909254393
122775 root      20   0   59.1g   5.0g   2.0g R 100.0   0.7   2:31.30 nts	1696909255083
122775 root      20   0   59.1g   5.0g   2.0g R 100.0   0.7   2:31.99 nts	1696909255773
122775 root      20   0   59.1g   5.0g   2.0g R 106.2   0.7   2:32.69 nts	1696909256461
122775 root      20   0   59.1g   5.0g   2.0g R 100.0   0.7   2:33.37 nts	1696909257152
122775 root      20   0   59.1g   5.0g   2.0g R 106.2   0.7   2:34.07 nts	1696909257843
122775 root      20   0   59.1g   5.0g   2.0g R 100.0   0.7   2:34.75 nts	1696909258531
122775 root      20   0   59.1g   5.0g   2.0g R 100.0   0.7   2:35.44 nts	1696909259221
122775 root      20   0   59.1g   5.0g   2.0g R 100.0   0.7   2:36.13 nts	1696909259913
122775 root      20   0   59.1g   5.0g   2.0g R 100.0   0.7   2:36.82 nts	1696909260604
122775 root      20   0   59.1g   5.0g   2.0g R 106.2   0.7   2:37.52 nts	1696909261294
122775 root      20   0   59.1g   5.0g   2.0g R 100.0   0.7   2:38.20 nts	1696909261981
122775 root      20   0   59.1g   5.0g   2.0g R 100.0   0.7   2:38.89 nts	1696909262672
122775 root      20   0   59.1g   5.0g   2.0g R 106.2   0.7   2:39.58 nts	1696909263362
122775 root      20   0   59.1g   5.0g   2.0g R 100.0   0.7   2:40.28 nts	1696909264050
122775 root      20   0   59.1g   5.0g   2.0g R  94.1   0.7   2:40.96 nts	1696909264739
122775 root      20   0   59.1g   5.0g   2.0g R 100.0   0.7   2:41.66 nts	1696909265430
122775 root      20   0   59.1g   5.0g   2.0g R 100.0   0.7   2:42.34 nts	1696909266121
122775 root      20   0   59.1g   5.0g   2.0g R  94.1   0.7   2:43.03 nts	1696909266810
122775 root      20   0   59.1g   5.0g   2.0g R 100.0   0.7   2:43.73 nts	1696909267498
122775 root      20   0   59.1g   5.0g   2.0g R  94.1   0.7   2:44.41 nts	1696909268188
122775 root      20   0   59.1g   5.0g   2.0g R 100.0   0.7   2:45.09 nts	1696909268875
122775 root      20   0   59.1g   5.0g   2.0g R 100.0   0.7   2:45.78 nts	1696909269563
122775 root      20   0   59.1g   5.0g   2.0g R 100.0   0.7   2:46.48 nts	1696909270251
122775 root      20   0   59.1g   5.0g   2.0g R  94.1   0.7   2:47.16 nts	1696909270941
122775 root      20   0   59.1g   5.0g   2.0g R 100.0   0.7   2:47.86 nts	1696909271631
122775 root      20   0   59.1g   5.0g   2.0g R  94.1   0.7   2:48.54 nts	1696909272320
122775 root      20   0   59.1g   5.0g   2.0g R  94.1   0.7   2:49.23 nts	1696909273007
122775 root      20   0   59.1g   5.0g   2.0g R  94.1   0.7   2:49.92 nts	1696909273700
122775 root      20   0   59.1g   5.0g   2.0g R 100.0   0.7   2:50.61 nts	1696909274391
122775 root      20   0   59.1g   5.0g   2.0g R 100.0   0.7   2:51.30 nts	1696909275078
122775 root      20   0   59.1g   5.0g   2.0g R 100.0   0.7   2:51.99 nts	1696909275766
122775 root      20   0   59.1g   5.0g   2.0g R 100.0   0.7   2:52.68 nts	1696909276453
122775 root      20   0   59.1g   5.0g   2.0g R 106.2   0.7   2:53.37 nts	1696909277144
122775 root      20   0   59.1g   5.0g   2.0g R 106.2   0.7   2:54.06 nts	1696909277833
122775 root      20   0   59.1g   5.0g   2.0g R 100.0   0.7   2:54.75 nts	1696909278521
122775 root      20   0   59.1g   5.0g   2.0g R  94.1   0.7   2:55.43 nts	1696909279211
122775 root      20   0   59.1g   5.0g   2.0g R  94.1   0.7   2:56.12 nts	1696909279900
122775 root      20   0   59.1g   5.0g   2.0g R 100.0   0.7   2:56.82 nts	1696909280590
122775 root      20   0   59.1g   5.0g   2.0g R  94.1   0.7   2:57.51 nts	1696909281281
122775 root      20   0   59.1g   5.0g   2.0g R 100.0   0.7   2:58.19 nts	1696909281971
122775 root      20   0   59.1g   5.0g   2.0g R 100.0   0.7   2:58.88 nts	1696909282661
122775 root      20   0   59.1g   5.0g   2.0g R  94.1   0.7   2:59.57 nts	1696909283350
122775 root      20   0   59.1g   5.0g   2.0g R  94.1   0.7   3:00.26 nts	1696909284037
122775 root      20   0   59.1g   5.0g   2.0g R 100.0   0.7   3:00.95 nts	1696909284727
122775 root      20   0   59.1g   5.0g   2.0g R  94.1   0.7   3:01.64 nts	1696909285417
122775 root      20   0   59.1g   5.0g   2.0g R  94.1   0.7   3:02.33 nts	1696909286107
122775 root      20   0   59.1g   5.0g   2.0g R  94.1   0.7   3:03.02 nts	1696909286795
122775 root      20   0   59.1g   5.0g   2.0g R  94.1   0.7   3:03.71 nts	1696909287485
122775 root      20   0   59.1g   5.0g   2.0g R  94.1   0.7   3:04.40 nts	1696909288177
122775 root      20   0   59.1g   5.0g   2.0g R  94.1   0.7   3:05.09 nts	1696909288866
122775 root      20   0   59.1g   5.0g   2.0g R  94.1   0.7   3:05.78 nts	1696909289557
122775 root      20   0   59.1g   5.0g   2.0g R  94.1   0.7   3:06.47 nts	1696909290247
122775 root      20   0   59.1g   5.0g   2.0g R 100.0   0.7   3:07.16 nts	1696909290936
122775 root      20   0   59.1g   5.0g   2.0g R  94.1   0.7   3:07.84 nts	1696909291626
122775 root      20   0   59.1g   5.0g   2.0g R 100.0   0.7   3:08.54 nts	1696909292314
122775 root      20   0   59.1g   5.0g   2.0g R 106.2   0.7   3:09.23 nts	1696909293004
122775 root      20   0   59.1g   5.0g   2.0g R  94.1   0.7   3:09.92 nts	1696909293695
122775 root      20   0   59.1g   5.0g   2.0g R 106.2   0.7   3:10.61 nts	1696909294384
122775 root      20   0   59.1g   5.0g   2.0g R 100.0   0.7   3:11.29 nts	1696909295072
122775 root      20   0   59.1g   5.0g   2.0g R  94.1   0.7   3:11.98 nts	1696909295761
122775 root      20   0   59.1g   5.0g   2.0g R  94.1   0.7   3:12.67 nts	1696909296451
122775 root      20   0   59.1g   5.0g   2.0g R  94.1   0.7   3:13.36 nts	1696909297139
122775 root      20   0   59.1g   5.0g   2.0g R  94.1   0.7   3:14.05 nts	1696909297829
122775 root      20   0   59.1g   5.0g   2.0g R  94.1   0.7   3:14.74 nts	1696909298519
122775 root      20   0   59.1g   5.0g   2.0g R  94.1   0.7   3:15.43 nts	1696909299209
122775 root      20   0   59.1g   5.0g   2.0g R 100.0   0.7   3:16.12 nts	1696909299899
122775 root      20   0   59.1g   5.0g   2.0g R  94.1   0.7   3:16.81 nts	1696909300586
122775 root      20   0   59.1g   5.0g   2.0g R  94.1   0.7   3:17.50 nts	1696909301276
122775 root      20   0   59.1g   5.0g   2.0g R  94.1   0.7   3:18.19 nts	1696909301966
122775 root      20   0   59.1g   5.0g   2.0g R  94.1   0.7   3:18.88 nts	1696909302655
122775 root      20   0   59.1g   5.0g   2.0g R  94.1   0.7   3:19.57 nts	1696909303346
122775 root      20   0   59.1g   5.0g   2.0g R 106.2   0.7   3:20.26 nts	1696909304035
122775 root      20   0   59.1g   5.0g   2.0g R 106.2   0.7   3:20.95 nts	1696909304722
122775 root      20   0   59.1g   5.0g   2.0g R 100.0   0.7   3:21.64 nts	1696909305411
122775 root      20   0   59.1g   5.0g   2.0g R 100.0   0.7   3:22.32 nts	1696909306101
122775 root      20   0   59.1g   5.0g   2.0g R 100.0   0.7   3:23.01 nts	1696909306791
122775 root      20   0   59.1g   5.0g   2.0g R 100.0   0.7   3:23.71 nts	1696909307480
122775 root      20   0   59.1g   5.0g   2.0g R  94.1   0.7   3:24.39 nts	1696909308171
122775 root      20   0   59.1g   5.0g   2.0g R 100.0   0.7   3:25.09 nts	1696909308857
122775 root      20   0   59.1g   5.0g   2.0g R 100.0   0.7   3:25.78 nts	1696909309547
122775 root      20   0   59.1g   5.0g   2.0g R  94.1   0.7   3:26.46 nts	1696909310238
122775 root      20   0   59.1g   5.0g   2.0g R  94.1   0.7   3:27.15 nts	1696909310927
122775 root      20   0   59.1g   5.0g   2.0g R  94.1   0.7   3:27.84 nts	1696909311614
122775 root      20   0   59.1g   5.0g   2.0g R 106.2   0.7   3:28.53 nts	1696909312304
122775 root      20   0   59.1g   5.0g   2.0g R 106.2   0.7   3:29.22 nts	1696909312992
122775 root      20   0   59.1g   5.0g   2.0g R 106.2   0.7   3:29.91 nts	1696909313682
122775 root      20   0   59.1g   5.0g   2.0g R 106.2   0.7   3:30.60 nts	1696909314372
122775 root      20   0   59.1g   5.0g   2.0g R 100.0   0.7   3:31.29 nts	1696909315063
122775 root      20   0   59.1g   5.0g   2.0g R 106.2   0.7   3:31.98 nts	1696909315753
122775 root      20   0   59.1g   5.0g   2.0g R 106.2   0.7   3:32.67 nts	1696909316441
122775 root      20   0   59.1g   5.0g   2.0g R 100.0   0.7   3:33.36 nts	1696909317128
122775 root      20   0   59.1g   5.0g   2.0g R  94.1   0.7   3:34.04 nts	1696909317818
122775 root      20   0   59.1g   5.0g   2.0g R  94.1   0.7   3:34.73 nts	1696909318507
122775 root      20   0   59.1g   5.0g   2.0g R 100.0   0.7   3:35.43 nts	1696909319198
122775 root      20   0   59.1g   5.0g   2.0g R 100.0   0.7   3:36.12 nts	1696909319889
122775 root      20   0   59.1g   5.0g   2.0g R 100.0   0.7   3:36.81 nts	1696909320579
122775 root      20   0   59.1g   5.0g   2.0g R  94.1   0.7   3:37.49 nts	1696909321269
122775 root      20   0   59.1g   5.0g   2.0g R 100.0   0.7   3:38.18 nts	1696909321958
122775 root      20   0   59.1g   5.0g   2.0g R 100.0   0.7   3:38.88 nts	1696909322646
122775 root      20   0   59.1g   5.0g   2.0g R   5.9   0.7   3:39.40 nts	1696909323336
122775 root      20   0  130.5g   5.3g   2.0g S 876.5   0.7   3:45.16 nts	1696909324028
122775 root      20   0  137.3g   5.4g   2.1g S 958.8   0.7   3:49.08 nts	1696909324726
122775 root      20   0  138.0g   5.5g   2.2g S 750.0   0.8   3:56.17 nts	1696909325421
122775 root      20   0  139.7g   5.6g   2.2g S  1176   0.8   4:03.71 nts	1696909326117
122775 root      20   0  140.0g   5.8g   2.3g S  1324   0.8   4:15.01 nts	1696909326814
122775 root      20   0  140.3g   5.9g   2.4g S  1194   0.8   4:23.09 nts	1696909327513
122775 root      20   0  140.5g   5.9g   2.4g S  1271   0.8   4:28.11 nts	1696909328208
122775 root      20   0  140.6g   6.0g   2.5g S  1241   0.8   4:35.11 nts	1696909328904
122775 root      20   0  140.7g   6.1g   2.6g S  1176   0.8   4:41.71 nts	1696909329603
122775 root      20   0  140.8g   6.1g   2.7g S 958.8   0.8   4:47.57 nts	1696909330299
122775 root      20   0  140.5g   6.2g   2.7g S 811.8   0.9   4:53.99 nts	1696909330997
122775 root      20   0  141.0g   6.3g   2.8g S  1235   0.9   5:00.62 nts	1696909331692
122775 root      20   0  141.0g   6.3g   2.9g S 625.0   0.9   5:06.47 nts	1696909332392
122775 root      20   0  141.1g   6.4g   2.9g S 741.2   0.9   5:13.59 nts	1696909333087
122775 root      20   0  141.0g   6.5g   3.0g S 975.0   0.9   5:19.64 nts	1696909333781
122775 root      20   0  141.3g   6.6g   3.1g S 488.9   0.9   5:27.02 nts	1696909334480
122775 root      20   0  141.4g   6.7g   3.1g S  1200   0.9   5:33.28 nts	1696909335180
122775 root      20   0  141.7g   6.8g   3.2g S  82.4   0.9   5:38.73 nts	1696909335876
122775 root      20   0  161.5g   6.8g   3.3g S  1200   0.9   5:45.93 nts	1696909336568
122775 root      20   0  162.7g   6.9g   3.4g S  1271   0.9   5:53.21 nts	1696909337264
122775 root      20   0  163.5g   7.0g   3.5g S 570.6   1.0   6:00.15 nts	1696909337960
122775 root      20   0  163.6g   7.0g   3.5g S  1241   1.0   6:07.13 nts	1696909338655
122775 root      20   0  163.4g   7.1g   3.6g S 793.8   1.0   6:13.13 nts	1696909339351
122775 root      20   0  163.8g   7.2g   3.7g S  1259   1.0   6:20.90 nts	1696909340049
122775 root      20   0  163.6g   7.3g   3.8g S 917.6   1.0   6:27.27 nts	1696909340744
122775 root      20   0  163.7g   7.4g   3.8g S 864.7   1.0   6:34.22 nts	1696909341440
122775 root      20   0  164.1g   7.5g   3.9g S 970.6   1.0   6:41.09 nts	1696909342136
122775 root      20   0  164.2g   7.5g   4.0g S 470.6   1.0   6:46.60 nts	1696909342834
122775 root      20   0  164.3g   7.6g   4.0g S 723.5   1.0   6:53.83 nts	1696909343529
122775 root      20   0  164.4g   7.6g   4.1g S  1206   1.1   7:00.44 nts	1696909344224
122775 root      20   0  164.5g   7.7g   4.2g S 417.6   1.1   7:07.01 nts	1696909344920
122775 root      20   0  164.6g   7.8g   4.2g S  1200   1.1   7:14.12 nts	1696909345613
122775 root      20   0  164.3g   7.9g   4.3g S 894.1   1.1   7:20.31 nts	1696909346309
122775 root      20   0  164.4g   7.9g   4.4g S 776.5   1.1   7:27.22 nts	1696909347006
122775 root      20   0  162.4g   8.0g   4.5g S  1369   1.1   7:32.98 nts	1696909347702
122775 root      20   0  164.3g   8.1g   4.5g S 611.8   1.1   7:40.40 nts	1696909348397
122775 root      20   0  165.1g   8.2g   4.6g S  1165   1.1   7:48.39 nts	1696909349093
122775 root      20   0  165.3g   8.3g   4.7g S 941.2   1.1   7:54.75 nts	1696909349790
122775 root      20   0  165.4g   8.4g   4.8g S  1271   1.2   8:02.31 nts	1696909350489
122775 root      20   0  165.5g   8.4g   4.8g S 741.2   1.2   8:08.17 nts	1696909351185
122775 root      20   0  165.6g   8.5g   4.9g S 552.9   1.2   8:15.14 nts	1696909351881
122775 root      20   0  165.7g   8.6g   5.0g S  1194   1.2   8:22.98 nts	1696909352574
122775 root      20   0  165.8g   8.7g   5.1g S 741.2   1.2   8:29.01 nts	1696909353274
122775 root      20   0  165.5g   8.7g   5.1g S 287.5   1.2   8:35.15 nts	1696909353972
122775 root      20   0  165.6g   8.8g   5.2g S 888.2   1.2   8:42.04 nts	1696909354667
122775 root      20   0  165.7g   8.9g   5.3g S 952.9   1.2   8:48.80 nts	1696909355363
122775 root      20   0  166.1g   9.0g   5.4g S  1206   1.2   8:56.39 nts	1696909356059
122775 root      20   0  166.2g   9.0g   5.4g S  1006   1.2   9:02.39 nts	1696909356755
122775 root      20   0  166.0g   9.1g   5.5g S 962.5   1.3   9:09.47 nts	1696909357452
122775 root      20   0  166.4g   9.2g   5.6g S  1229   1.3   9:16.22 nts	1696909358148
122775 root      20   0  166.6g   9.2g   5.6g S 235.3   1.3   9:21.76 nts	1696909358845
122775 root      20   0       0      0      0 Z  94.1   0.0   9:23.25 nts	1696909359539
122775 root      20   0       0      0      0 Z  94.1   0.0   9:23.58 nts	1696909360234
122775 root      20   0       0      0      0 Z 100.0   0.0   9:24.25 nts	1696909360926
