3211332 toao      20   0 2487732 100496  67876 R 100.0   0.1   0:00.18 nts	1693350086070
3211332 toao      20   0 8372632 216364 114392 R  7600   0.2   0:28.65 nts	1693350086771
3211332 toao      20   0 8482060 291600 114572 R 205.9   0.2   1:02.31 nts	1693350087489
3211332 toao      20   0 8482060 292656 114572 R 194.1   0.2   1:03.68 nts	1693350088190
3211332 toao      20   0 8482060 292656 114572 R 200.0   0.2   1:05.09 nts	1693350088887
3211332 toao      20   0 8482060 292656 114572 R 194.1   0.2   1:06.47 nts	1693350089592
3211332 toao      20   0 8482060 292656 114572 R 188.2   0.2   1:07.85 nts	1693350090291
3211332 toao      20   0 8482060 292656 114572 R 194.1   0.2   1:09.25 nts	1693350090990
3211332 toao      20   0 8482060 292656 114572 R 200.0   0.2   1:10.64 nts	1693350091690
3211332 toao      20   0 8482060 292656 114572 R 200.0   0.2   1:12.03 nts	1693350092390
3211332 toao      20   0 8482060 316680 114572 R 200.0   0.2   1:13.42 nts	1693350093090
3211332 toao      20   0 8482060 316680 114572 R 183.3   0.2   1:14.81 nts	1693350093791
3211332 toao      20   0 8482060 316680 114572 R 206.2   0.2   1:16.20 nts	1693350094494
3211332 toao      20   0 8482060 316680 114572 R 206.2   0.2   1:17.58 nts	1693350095193
3211332 toao      20   0 8482060 316680 114572 R 194.1   0.2   1:18.97 nts	1693350095890
3211332 toao      20   0 8482060 316680 114572 R 205.9   0.2   1:20.37 nts	1693350096590
3211332 toao      20   0 8482060 316680 114572 R 200.0   0.2   1:21.75 nts	1693350097289
3211332 toao      20   0 9950.1m 849608 114696 R  1200   0.6   1:27.26 nts	1693350097985
3211332 toao      20   0 9950.1m 859456 114696 R  1175   0.7   1:34.43 nts	1693350098683
3211332 toao      20   0 9950.1m 863544 114696 R 843.8   0.7   1:41.98 nts	1693350099383
3211332 toao      20   0 9950.1m 866028 114696 R  1112   0.7   1:49.68 nts	1693350100083
3211332 toao      20   0 9950.1m 867748 114696 R  1035   0.7   1:56.57 nts	1693350100787
3211332 toao      20   0 9950.1m   1.0g 114696 R  1035   0.8   2:03.86 nts	1693350101486
3211332 toao      20   0 9950.1m   1.2g 114696 R  1429   1.0   2:12.15 nts	1693350102186
3211332 toao      20   0 9950.1m   1.2g 114696 R  1341   1.0   2:21.57 nts	1693350102888
3211332 toao      20   0 9950.1m   1.2g 114696 R  1294   1.0   2:31.83 nts	1693350103592
3211332 toao      20   0 9950.1m   1.2g 114696 R  1412   1.0   2:40.92 nts	1693350104296
3211332 toao      20   0   13.7g   1.2g 114728 R 988.2   1.0   2:50.43 nts	1693350104999
3211332 toao      20   0   13.7g   1.2g 114728 R 194.1   1.0   2:51.82 nts	1693350105698
3211332 toao      20   0   13.7g   1.2g 114728 R 205.9   1.0   2:53.24 nts	1693350106399
3211332 toao      20   0   13.7g   1.2g 114728 R 200.0   1.0   2:54.64 nts	1693350107106
3211332 toao      20   0   13.7g   1.2g 114728 R 211.8   1.0   2:56.05 nts	1693350107808
3211332 toao      20   0   13.7g   1.2g 114728 R 212.5   1.0   2:57.45 nts	1693350108514
3211332 toao      20   0   13.7g   1.2g 114728 R 211.8   1.0   2:58.86 nts	1693350109216
3211332 toao      20   0   13.7g   1.2g 114728 R 200.0   1.0   3:00.26 nts	1693350109921
3211332 toao      20   0   13.7g   1.2g 114728 R 212.5   1.0   3:01.65 nts	1693350110623
3211332 toao      20   0   13.7g   1.2g 114728 R 194.1   1.0   3:03.03 nts	1693350111322
3211332 toao      20   0   13.7g   1.2g 114728 R 200.0   1.0   3:04.43 nts	1693350112018
3211332 toao      20   0   13.7g   1.2g 114728 R 188.9   1.0   3:05.85 nts	1693350112717
3211332 toao      20   0   13.7g   1.2g 114728 R 212.5   1.0   3:07.23 nts	1693350113426
3211332 toao      20   0   13.7g   1.2g 114728 R 212.5   1.0   3:08.63 nts	1693350114123
3211332 toao      20   0   13.7g   1.2g 114728 R 212.5   1.0   3:10.03 nts	1693350114822
3211332 toao      20   0   13.7g   1.2g 114728 R 206.2   1.0   3:11.42 nts	1693350115522
3211332 toao      20   0   13.7g   1.2g 114728 R 194.1   1.0   3:12.81 nts	1693350116221
3211332 toao      20   0   13.7g   1.2g 114728 R 205.9   1.0   3:14.22 nts	1693350116918
3211332 toao      20   0   13.7g   1.2g 114728 R 194.1   1.0   3:15.61 nts	1693350117624
3211332 toao      20   0   13.7g   1.2g 114728 R 194.1   1.0   3:17.01 nts	1693350118331
3211332 toao      20   0   13.7g   1.3g 114728 R 194.1   1.0   3:18.40 nts	1693350119030
3211332 toao      20   0   13.7g   1.3g 114728 R 194.1   1.0   3:19.80 nts	1693350119726
3211332 toao      20   0   13.7g   1.3g 114728 R 200.0   1.0   3:21.20 nts	1693350120426
3211332 toao      20   0   13.7g   1.3g 114728 R 212.5   1.0   3:22.59 nts	1693350121125
3211332 toao      20   0   13.7g   1.3g 114728 R 206.2   1.0   3:23.98 nts	1693350121822
3211332 toao      20   0   13.7g   1.3g 114728 R 206.2   1.0   3:25.37 nts	1693350122522
3211332 toao      20   0   13.7g   1.3g 114728 R 200.0   1.0   3:26.77 nts	1693350123221
3211332 toao      20   0   13.7g   1.3g 114728 R 194.1   1.0   3:28.15 nts	1693350123917
3211332 toao      20   0   13.7g   1.3g 114728 R 200.0   1.0   3:29.55 nts	1693350124614
3211332 toao      20   0   13.7g   1.3g 114728 R 200.0   1.0   3:30.95 nts	1693350125315
3211332 toao      20   0   13.7g   1.3g 114728 R 194.1   1.0   3:32.34 nts	1693350126017
3211332 toao      20   0   13.7g   1.3g 114728 R 194.1   1.0   3:33.74 nts	1693350126714
3211332 toao      20   0   13.7g   1.3g 114728 R 212.5   1.0   3:35.14 nts	1693350127414
3211332 toao      20   0   13.7g   1.3g 114728 R 205.9   1.0   3:36.54 nts	1693350128115
3211332 toao      20   0   13.7g   1.3g 114728 R 205.9   1.0   3:37.95 nts	1693350128819
3211332 toao      20   0   13.7g   1.3g 114728 R 211.8   1.0   3:39.38 nts	1693350129525
3211332 toao      20   0   13.7g   1.3g 114728 R 194.1   1.0   3:40.78 nts	1693350130242
3211332 toao      20   0   13.7g   1.3g 114728 R 205.9   1.0   3:42.18 nts	1693350130946
3211332 toao      20   0   13.7g   1.3g 114728 R 188.9   1.0   3:43.59 nts	1693350131652
3211332 toao      20   0   13.7g   1.3g 114728 R 194.1   1.0   3:44.98 nts	1693350132355
3211332 toao      20   0   13.7g   1.3g 114728 R 212.5   1.0   3:46.38 nts	1693350133054
3211332 toao      20   0   13.7g   1.3g 114728 S 212.5   1.0   3:47.78 nts	1693350133754
3211332 toao      20   0   13.7g   1.3g 114728 R 212.5   1.0   3:49.17 nts	1693350134454
3211332 toao      20   0   15.3g   1.4g 114728 R 688.2   1.1   3:52.25 nts	1693350135150
3211332 toao      20   0   15.3g   1.5g 114728 R 670.6   1.2   3:57.19 nts	1693350135850
3211332 toao      20   0   15.3g   1.7g 114728 R 729.4   1.3   4:01.72 nts	1693350136549
3211332 toao      20   0   15.3g   1.8g 114728 R 750.0   1.4   4:06.30 nts	1693350137252
3211332 toao      20   0   15.3g   1.9g 114728 R 537.5   1.5   4:10.19 nts	1693350137953
3211332 toao      20   0   15.3g   2.0g 114728 R 676.5   1.6   4:14.35 nts	1693350138656
3211332 toao      20   0   15.3g   2.1g 114728 R 758.8   1.7   4:19.28 nts	1693350139354
3211332 toao      20   0   19.3g   2.2g 114728 R 570.6   1.8   4:23.58 nts	1693350140056
3211332 toao      20   0   19.4g   2.3g 114728 R 100.0   1.8   4:26.02 nts	1693350140758
3211332 toao      20   0   19.4g   2.3g 114728 R 100.0   1.8   4:26.72 nts	1693350141465
3211332 toao      20   0   19.4g   2.3g 114728 R  94.1   1.8   4:27.42 nts	1693350142166
3211332 toao      20   0   19.4g   2.3g 114728 R 105.9   1.8   4:28.13 nts	1693350142868
3211332 toao      20   0   19.4g   2.3g 114728 R  94.1   1.8   4:28.83 nts	1693350143576
3211332 toao      20   0   19.4g   2.3g 114728 R 100.0   1.8   4:29.53 nts	1693350144280
3211332 toao      20   0   19.4g   2.3g 114728 R 112.5   1.8   4:30.24 nts	1693350144983
3211332 toao      20   0   19.4g   2.3g 114728 R 106.2   1.8   4:30.94 nts	1693350145682
3211332 toao      20   0   20.3g   2.4g 114728 R  94.1   1.9   4:31.63 nts	1693350146382
3211332 toao      20   0   20.3g   2.8g 114728 R 100.0   2.2   4:32.34 nts	1693350147079
3211332 toao      20   0   20.3g   2.8g 114728 R 100.0   2.2   4:33.03 nts	1693350147782
3211332 toao      20   0   20.3g   2.8g 114728 R 106.2   2.2   4:33.73 nts	1693350148482
3211332 toao      20   0   20.3g   2.8g 114728 R  94.1   2.2   4:34.43 nts	1693350149182
3211332 toao      20   0   20.3g   2.8g 114728 R  94.1   2.2   4:35.13 nts	1693350149882
3211332 toao      20   0   20.3g   2.8g 114728 R 105.9   2.2   4:35.84 nts	1693350150578
3211332 toao      20   0   20.3g   2.8g 114728 R 100.0   2.2   4:36.53 nts	1693350151280
3211332 toao      20   0   20.3g   2.8g 114728 R  94.4   2.2   4:37.24 nts	1693350151982
3211332 toao      20   0   20.3g   2.8g 114728 R  94.1   2.2   4:37.93 nts	1693350152687
3211332 toao      20   0   20.3g   2.8g 114728 R 100.0   2.2   4:38.64 nts	1693350153386
3211332 toao      20   0   20.3g   2.8g 114728 R 105.9   2.2   4:39.35 nts	1693350154093
3211332 toao      20   0   20.3g   2.8g 114728 R 100.0   2.2   4:40.05 nts	1693350154798
3211332 toao      20   0   20.3g   2.8g 114728 R  94.1   2.2   4:40.74 nts	1693350155498
3211332 toao      20   0   20.3g   2.8g 114728 R 100.0   2.2   4:41.45 nts	1693350156198
3211332 toao      20   0   20.3g   2.9g 114728 R 100.0   2.3   4:42.15 nts	1693350156899
3211332 toao      20   0   20.3g   3.0g 114728 R 105.9   2.4   4:42.86 nts	1693350157602
3211332 toao      20   0   20.3g   3.0g 114728 R 106.2   2.4   4:43.55 nts	1693350158302
3211332 toao      20   0   20.3g   3.2g 114728 R 100.0   2.5   4:44.25 nts	1693350159002
3211332 toao      20   0   20.3g   3.2g 114728 R  94.1   2.5   4:44.95 nts	1693350159702
3211332 toao      20   0   20.3g   3.2g 114728 R 106.2   2.5   4:45.65 nts	1693350160403
3211332 toao      20   0   20.3g   3.2g 114728 R 100.0   2.5   4:46.35 nts	1693350161102
3211332 toao      20   0   20.3g   3.2g 114728 R 106.2   2.5   4:47.05 nts	1693350161803
3211332 toao      20   0   20.3g   3.2g 114728 R 100.0   2.5   4:47.75 nts	1693350162503
3211332 toao      20   0   20.3g   3.2g 114728 R  94.1   2.5   4:48.45 nts	1693350163206
3211332 toao      20   0   20.3g   3.2g 114728 R 100.0   2.5   4:49.15 nts	1693350163906
3211332 toao      20   0   20.3g   3.2g 114728 R 100.0   2.5   4:49.86 nts	1693350164606
3211332 toao      20   0   20.3g   3.2g 114728 R  94.1   2.5   4:50.55 nts	1693350165307
3211332 toao      20   0   20.3g   3.2g 114728 R  94.1   2.5   4:51.25 nts	1693350166006
3211332 toao      20   0   20.3g   3.2g 114728 R  94.1   2.5   4:51.95 nts	1693350166706
3211332 toao      20   0   20.3g   3.2g 114728 R 112.5   2.5   4:52.66 nts	1693350167405
3211332 toao      20   0   20.3g   3.2g 114728 R 105.9   2.5   4:53.36 nts	1693350168109
3211332 toao      20   0   28.9g   3.2g 115788 R 729.4   2.5   4:55.12 nts	1693350168806
3211332 toao      20   0   30.0g   4.0g 317852 R 100.0   3.2   4:55.81 nts	1693350169505
3211332 toao      20   0   31.0g   4.8g 454188 R 100.0   3.9   4:56.52 nts	1693350170210
3211332 toao      20   0   32.6g   6.0g 525172 R  94.1   4.8   4:57.21 nts	1693350170915
3211332 toao      20   0   32.6g   6.3g 525172 R 100.0   5.0   4:57.92 nts	1693350171615
3211332 toao      20   0   32.6g   6.3g 525172 R 100.0   5.0   4:58.61 nts	1693350172314
3211332 toao      20   0   39.5g   6.6g 896616 R 100.0   5.3   4:59.32 nts	1693350173011
3211332 toao      20   0   39.5g   8.8g   3.1g R  94.1   7.0   5:00.01 nts	1693350173711
3211332 toao      20   0   39.5g  11.1g   5.3g R 100.0   8.8   5:00.71 nts	1693350174410
3211332 toao      20   0   39.5g  13.2g   7.4g R 100.0  10.5   5:01.41 nts	1693350175110
3211332 toao      20   0   39.5g  13.2g   7.4g R 100.0  10.5   5:02.10 nts	1693350175810
3211332 toao      20   0   39.5g  13.2g   7.4g R 106.2  10.5   5:02.80 nts	1693350176506
3211332 toao      20   0   39.5g  13.2g   7.4g R 100.0  10.5   5:03.49 nts	1693350177205
3211332 toao      20   0   39.5g  13.2g   7.4g R 100.0  10.5   5:04.20 nts	1693350177901
3211332 toao      20   0   39.5g  13.2g   7.4g R 106.2  10.5   5:04.90 nts	1693350178602
3211332 toao      20   0   39.5g  13.2g   7.4g R 106.2  10.5   5:05.60 nts	1693350179302
3211332 toao      20   0   39.5g  13.2g   7.4g R 106.2  10.5   5:06.30 nts	1693350180002
3211332 toao      20   0   39.5g  13.2g   7.4g R 106.2  10.5   5:07.00 nts	1693350180703
3211332 toao      20   0   39.5g  13.2g   7.4g R 100.0  10.5   5:07.70 nts	1693350181403
3211332 toao      20   0   39.5g  13.2g   7.4g R 100.0  10.5   5:08.41 nts	1693350182103
3211332 toao      20   0   39.5g  13.2g   7.4g R 106.2  10.5   5:09.10 nts	1693350182805
3211332 toao      20   0   39.5g  13.2g   7.4g R 106.2  10.5   5:09.80 nts	1693350183502
3211332 toao      20   0   39.5g  13.2g   7.4g R  94.1  10.5   5:10.49 nts	1693350184200
3211332 toao      20   0   39.3g  13.2g   7.4g R 100.0  10.5   5:11.76 nts	1693350184899
3211332 toao      20   0   39.5g  13.3g   7.4g R 852.9  10.6   5:19.43 nts	1693350185606
3211332 toao      20   0   39.5g  13.3g   7.4g S  2306  10.6   5:31.97 nts	1693350186310
3211332 toao      20   0   39.5g  13.3g   7.4g R  2782  10.6   5:41.85 nts	1693350187011
3211332 toao      20   0   39.5g  13.3g   7.4g R  1682  10.6   5:53.52 nts	1693350187714
3211332 toao      20   0   39.5g  13.3g   7.4g S 417.6  10.6   6:02.80 nts	1693350188413
3211332 toao      20   0   39.5g  13.3g   7.4g S 582.4  10.6   6:13.45 nts	1693350189118
3211332 toao      20   0   39.5g  13.3g   7.4g R  1200  10.6   6:24.16 nts	1693350189818
3211332 toao      20   0   39.5g  13.3g   7.4g R  1629  10.6   6:37.57 nts	1693350190519
3211332 toao      20   0   39.5g  13.3g   7.4g R  1353  10.6   6:46.86 nts	1693350191221
3211332 toao      20   0   39.5g  13.3g   7.4g S  1441  10.6   6:55.93 nts	1693350191920
3211332 toao      20   0   39.5g  13.3g   7.4g R  1482  10.6   7:05.97 nts	1693350192621
3211332 toao      20   0   39.5g  13.3g   7.4g R  1700  10.6   7:13.93 nts	1693350193325
3211332 toao      20   0   39.5g  13.3g   7.4g R  1806  10.6   7:24.42 nts	1693350194027
3211332 toao      20   0   39.5g  13.3g   7.4g R  2000  10.6   7:35.88 nts	1693350194726
3211332 toao      20   0   39.5g  13.3g   7.4g R  2453  10.6   7:46.10 nts	1693350195427
3211332 toao      20   0   39.5g  13.3g   7.4g R  2482  10.6   7:56.31 nts	1693350196126
3211332 toao      20   0   39.5g  13.3g   7.4g R  1565  10.6   8:06.67 nts	1693350196826
3211332 toao      20   0   39.5g  13.3g   7.4g S 588.2  10.6   8:16.07 nts	1693350197528
3211332 toao      20   0   39.5g  13.3g   7.4g S 376.5  10.6   8:25.47 nts	1693350198227
3211332 toao      20   0   39.5g  13.3g   7.4g R  2206  10.6   8:38.20 nts	1693350198931
3211332 toao      20   0   39.5g  13.3g   7.4g S  1794  10.6   8:48.49 nts	1693350199634
3211332 toao      20   0   39.5g  13.3g   7.4g R  1994  10.6   8:58.64 nts	1693350200334
3211332 toao      20   0   39.5g  13.3g   7.4g S  1400  10.6   9:08.27 nts	1693350201033
3211332 toao      20   0   39.5g  13.3g   7.4g S 317.6  10.6   9:17.99 nts	1693350201730
3211332 toao      20   0   39.5g  13.3g   7.4g R 441.2  10.6   9:27.72 nts	1693350202430
3211332 toao      20   0   39.5g  13.3g   7.4g R  2882  10.6   9:41.70 nts	1693350203131
3211332 toao      20   0   39.5g  13.3g   7.4g R  1776  10.6   9:52.65 nts	1693350203830
3211332 toao      20   0   39.5g  13.3g   7.4g R 782.4  10.6  10:02.48 nts	1693350204531
3211332 toao      20   0   39.5g  13.3g   7.4g S 258.8  10.6  10:11.57 nts	1693350205235
3211332 toao      20   0   39.5g  13.3g   7.4g R 464.7  10.6  10:21.46 nts	1693350205937
3211332 toao      20   0   39.5g  13.3g   7.4g R 541.2  10.6  10:30.05 nts	1693350206636
3211332 toao      20   0   39.5g  13.3g   7.4g S  2624  10.6  10:43.22 nts	1693350207338
3211332 toao      20   0   39.5g  13.3g   7.4g R  1747  10.6  10:50.90 nts	1693350208039
3211332 toao      20   0   39.5g  13.3g   7.4g R  2235  10.6  11:01.11 nts	1693350208745
3211332 toao      20   0   39.5g  13.3g   7.4g R  1900  10.6  11:13.15 nts	1693350209447
3211332 toao      20   0   39.5g  13.3g   7.4g R  1682  10.6  11:23.10 nts	1693350210149
3211332 toao      20   0   39.5g  13.3g   7.4g R  1635  10.6  11:32.13 nts	1693350210852
3211332 toao      20   0   39.5g  13.3g   7.4g S  1488  10.6  11:41.29 nts	1693350211551
3211332 toao      20   0   39.5g  13.3g   7.4g R  1106  10.6  11:51.54 nts	1693350212254
3211332 toao      20   0   39.5g  13.3g   7.4g R  1624  10.6  12:00.01 nts	1693350212955
3211332 toao      20   0   39.5g  13.3g   7.4g R  2365  10.6  12:08.11 nts	1693350213655
3211332 toao      20   0   39.5g  13.3g   7.4g R  2776  10.6  12:18.25 nts	1693350214358
3211332 toao      20   0   39.5g  13.3g   7.4g S 823.5  10.6  12:29.05 nts	1693350215058
3211332 toao      20   0   39.5g  13.3g   7.4g R  2376  10.6  12:41.97 nts	1693350215759
3211332 toao      20   0   39.5g  13.3g   7.4g R  1141  10.6  12:53.30 nts	1693350216458
3211332 toao      20   0   39.5g  13.3g   7.4g R  1165  10.6  13:02.74 nts	1693350217159
3211332 toao      20   0   39.5g  13.3g   7.4g R  1829  10.6  13:16.77 nts	1693350217867
3211332 toao      20   0   39.5g  13.3g   7.4g R  1153  10.6  13:26.76 nts	1693350218570
3211332 toao      20   0   39.5g  13.3g   7.4g S 417.6  10.6  13:35.96 nts	1693350219275
3211332 toao      20   0   39.5g  13.3g   7.4g S 205.9  10.6  13:45.35 nts	1693350219975
3211332 toao      20   0   39.5g  13.3g   7.4g R 294.1  10.6  13:54.58 nts	1693350220675
3211332 toao      20   0   39.5g  13.3g   7.4g R  2576  10.6  14:08.59 nts	1693350221379
3211332 toao      20   0   39.5g  13.3g   7.4g S 776.5  10.6  14:18.11 nts	1693350222079
3211332 toao      20   0   39.5g  13.3g   7.4g R  1671  10.6  14:29.19 nts	1693350222779
3211332 toao      20   0   39.5g  13.3g   7.4g R  1812  10.6  14:38.84 nts	1693350223480
3211332 toao      20   0   39.5g  13.3g   7.4g R  1629  10.6  14:51.32 nts	1693350224181
3211332 toao      20   0   39.5g  13.3g   7.4g R 800.0  10.6  15:00.68 nts	1693350224884
3211332 toao      20   0   88.8g  14.2g   8.3g R 100.0  11.3  15:04.79 nts	1693350225585
3211332 toao      20   0   93.0g  15.1g   9.1g R 200.0  12.0  15:05.90 nts	1693350226290
3211332 toao      20   0   94.8g  16.0g  10.1g R 194.1  12.8  15:07.30 nts	1693350226997
3211332 toao      20   0   98.6g  16.9g  11.0g S 318.8  13.5  15:08.90 nts	1693350227703
3211332 toao      20   0  104.2g  16.9g  11.0g S 293.8  13.5  15:14.45 nts	1693350228402
3211332 toao      20   0  107.8g  17.0g  11.0g S 262.5  13.5  15:18.78 nts	1693350229103
3211332 toao      20   0  109.3g  17.0g  11.0g S  1188  13.5  15:23.04 nts	1693350229803
3211332 toao      20   0  110.5g  17.0g  11.0g S  1494  13.5  15:27.30 nts	1693350230507
3211332 toao      20   0  112.0g  17.0g  11.0g S 764.7  13.5  15:30.60 nts	1693350231206
3211332 toao      20   0  111.5g  17.0g  11.0g S 405.9  13.5  15:34.29 nts	1693350231907
3211332 toao      20   0  114.2g  17.0g  11.0g S 418.8  13.5  15:38.31 nts	1693350232612
3211332 toao      20   0  114.2g  17.0g  11.0g S 318.8  13.5  15:42.43 nts	1693350233315
3211332 toao      20   0  114.2g  17.0g  11.0g S 300.0  13.5  15:46.75 nts	1693350234014
3211332 toao      20   0  114.2g  17.0g  11.0g S 258.8  13.5  15:51.16 nts	1693350234718
3211332 toao      20   0  114.2g  17.0g  11.0g S 400.0  13.5  15:55.54 nts	1693350235423
3211332 toao      20   0  114.2g  17.0g  11.0g S 505.9  13.5  15:59.89 nts	1693350236129
3211332 toao      20   0  114.2g  17.0g  11.0g S  1100  13.5  16:04.22 nts	1693350236831
3211332 toao      20   0  114.2g  17.0g  11.0g S  1581  13.5  16:08.86 nts	1693350237534
3211332 toao      20   0  114.8g  17.0g  11.0g S  1012  13.5  16:12.40 nts	1693350238232
3211332 toao      20   0  114.2g  17.0g  11.0g S 388.2  13.5  16:15.68 nts	1693350238934
3211332 toao      20   0  114.2g  17.0g  11.0g S 400.0  13.5  16:20.14 nts	1693350239640
3211332 toao      20   0  114.2g  17.0g  11.0g S 425.0  13.5  16:24.40 nts	1693350240343
3211332 toao      20   0  114.2g  17.0g  11.0g S 418.8  13.5  16:28.81 nts	1693350241042
3211332 toao      20   0  114.2g  17.0g  11.0g S 343.8  13.5  16:33.00 nts	1693350241742
3211332 toao      20   0  114.2g  17.0g  11.0g S 287.5  13.5  16:37.38 nts	1693350242443
3211332 toao      20   0  114.2g  17.0g  11.0g S 264.7  13.5  16:41.66 nts	1693350243141
3211332 toao      20   0  114.2g  17.0g  11.0g S 470.6  13.5  16:46.08 nts	1693350243839
3211332 toao      20   0  114.2g  17.0g  11.0g S  1441  13.5  16:50.50 nts	1693350244539
3211332 toao      20   0  114.2g  17.0g  11.0g S  1488  13.5  16:54.73 nts	1693350245238
3211332 toao      20   0  114.2g  17.0g  11.0g S 400.0  13.5  16:57.14 nts	1693350245935
3211332 toao      20   0  114.2g  17.0g  11.0g S 400.0  13.5  17:01.46 nts	1693350246638
3211332 toao      20   0  114.2g  17.0g  11.0g S 418.8  13.5  17:05.64 nts	1693350247342
3211332 toao      20   0  114.2g  17.0g  11.0g S 400.0  13.5  17:09.77 nts	1693350248044
3211332 toao      20   0  114.2g  17.0g  11.0g S 400.0  13.5  17:14.02 nts	1693350248747
3211332 toao      20   0  114.2g  17.0g  11.0g S 311.8  13.5  17:18.21 nts	1693350249446
3211332 toao      20   0  114.2g  17.0g  11.0g S 300.0  13.5  17:22.37 nts	1693350250151
3211332 toao      20   0  114.9g  17.0g  11.0g S 247.1  13.5  17:26.75 nts	1693350250852
3211332 toao      20   0  105.5g  17.0g  11.0g S 400.0  13.5  17:29.47 nts	1693350251550
3211332 toao      20   0  106.3g  17.0g  11.0g S 394.1  13.5  17:33.67 nts	1693350252250
3211332 toao      20   0  106.3g  17.0g  11.0g S 400.0  13.5  17:38.15 nts	1693350252950
3211332 toao      20   0  106.3g  17.0g  11.0g S 376.5  13.5  17:42.37 nts	1693350253651
3211332 toao      20   0  106.6g  17.0g  11.0g S 300.0  13.5  17:46.65 nts	1693350254350
3211332 toao      20   0  107.5g  17.0g  11.0g S 311.8  13.5  17:51.08 nts	1693350255050
3211332 toao      20   0  108.1g  17.0g  11.0g S  1447  13.5  17:55.66 nts	1693350255750
3211332 toao      20   0  108.7g  17.0g  11.0g S  1418  13.5  17:59.92 nts	1693350256450
3211332 toao      20   0  109.3g  17.0g  11.0g S 594.1  13.5  18:02.80 nts	1693350257150
3211332 toao      20   0  109.6g  17.0g  11.0g S 400.0  13.5  18:07.05 nts	1693350257850
3211332 toao      20   0  109.6g  17.0g  11.0g S 376.5  13.5  18:11.28 nts	1693350258550
3211332 toao      20   0  109.9g  17.0g  11.0g S 323.5  13.5  18:15.69 nts	1693350259250
3211332 toao      20   0  109.9g  17.0g  11.0g S 288.2  13.5  18:19.88 nts	1693350259954
3211332 toao      20   0  109.9g  17.0g  11.0g S 388.2  13.5  18:24.33 nts	1693350260654
3211332 toao      20   0  109.9g  17.0g  11.0g S 270.6  13.5  18:28.67 nts	1693350261354
3211332 toao      20   0  109.9g  17.0g  11.0g S 241.2  13.5  18:33.03 nts	1693350262058
3211332 toao      20   0  109.9g  17.0g  11.0g S  1206  13.5  18:37.48 nts	1693350262759
3211332 toao      20   0  109.9g  17.0g  11.0g S  1471  13.5  18:41.92 nts	1693350263459
3211332 toao      20   0  109.9g  17.0g  11.0g S 394.1  13.5  18:44.44 nts	1693350264160
3211332 toao      20   0  109.9g  17.0g  11.0g S 400.0  13.5  18:48.72 nts	1693350264858
3211332 toao      20   0  109.9g  17.0g  11.0g S 394.1  13.5  18:53.15 nts	1693350265563
3211332 toao      20   0  109.9g  17.0g  11.0g S 376.5  13.5  18:57.42 nts	1693350266265
3211332 toao      20   0  110.5g  17.0g  11.0g S 347.1  13.5  19:01.70 nts	1693350266967
3211332 toao      20   0  110.5g  17.0g  11.0g S 317.6  13.5  19:05.98 nts	1693350267668
3211332 toao      20   0  110.5g  17.0g  11.0g S 264.7  13.5  19:10.26 nts	1693350268371
3211332 toao      20   0  111.5g  17.0g  11.0g S  1406  13.5  19:14.69 nts	1693350269071
3211332 toao      20   0  112.6g  17.0g  11.0g S 423.5  13.5  19:17.24 nts	1693350269773
3211332 toao      20   0  112.1g  17.0g  11.0g S 394.1  13.5  19:21.42 nts	1693350270479
3211332 toao      20   0  112.1g  17.0g  11.0g S 400.0  13.5  19:25.71 nts	1693350271178
3211332 toao      20   0  112.1g  17.0g  11.0g S 394.1  13.5  19:30.01 nts	1693350271877
3211332 toao      20   0  112.4g  17.0g  11.0g S 375.0  13.5  19:34.48 nts	1693350272584
3211332 toao      20   0  113.3g  17.0g  11.0g S 425.0  13.5  19:38.94 nts	1693350273282
3211332 toao      20   0  113.3g  17.0g  11.0g S 270.6  13.5  19:43.30 nts	1693350273982
3211332 toao      20   0  113.3g  17.0g  11.0g S  1006  13.5  19:47.67 nts	1693350274687
3211332 toao      20   0  113.3g  17.0g  11.0g S  1482  13.5  19:52.16 nts	1693350275391
3211332 toao      20   0  113.4g  17.0g  11.0g S 394.1  13.5  19:54.60 nts	1693350276090
3211332 toao      20   0  113.3g  17.0g  11.0g S 394.1  13.5  19:58.73 nts	1693350276790
3211332 toao      20   0  113.3g  17.0g  11.0g S 411.8  13.5  20:02.98 nts	1693350277494
3211332 toao      20   0  113.3g  17.0g  11.0g S 317.6  13.5  20:07.21 nts	1693350278201
3211332 toao      20   0  113.3g  17.0g  11.0g S 300.0  13.5  20:11.66 nts	1693350278901
3211332 toao      20   0  113.3g  17.0g  11.0g S 841.2  13.5  20:16.03 nts	1693350279600
3211332 toao      20   0  125.6g  16.9g  11.0g S 235.3  13.5  20:19.80 nts	1693350280299
3211332 toao      20   0  125.7g  16.9g  11.0g S 652.9  13.5  20:24.03 nts	1693350281002
3211332 toao      20   0  126.3g  17.0g  11.0g S  1424  13.5  20:28.44 nts	1693350281700
3211332 toao      20   0  126.3g  17.0g  11.0g S  1435  13.5  20:32.61 nts	1693350282402
3211332 toao      20   0  126.9g  17.0g  11.0g S 394.1  13.5  20:35.17 nts	1693350283098
3211332 toao      20   0  126.9g  17.0g  11.0g S 405.9  13.5  20:39.51 nts	1693350283798
3211332 toao      20   0  126.9g  17.0g  11.0g S 418.8  13.5  20:43.84 nts	1693350284503
3211332 toao      20   0  127.5g  17.0g  11.0g S 405.9  13.5  20:48.44 nts	1693350285203
3211332 toao      20   0  128.8g  17.0g  11.0g S 300.0  13.5  20:52.58 nts	1693350285904
3211332 toao      20   0  128.8g  17.0g  11.0g S 262.5  13.5  20:56.90 nts	1693350286603
3211332 toao      20   0  128.8g  17.0g  11.0g S  1376  13.5  21:01.27 nts	1693350287302
3211332 toao      20   0  128.8g  17.0g  11.0g S  1471  13.5  21:05.71 nts	1693350288003
3211332 toao      20   0  128.8g  17.0g  11.0g S  1494  13.5  21:10.10 nts	1693350288708
3211332 toao      20   0  129.4g  17.0g  11.0g S 588.2  13.5  21:12.83 nts	1693350289407
3211332 toao      20   0  128.8g  17.0g  11.0g S 394.1  13.5  21:16.85 nts	1693350290106
3211332 toao      20   0  128.8g  17.0g  11.0g S 425.0  13.5  21:21.27 nts	1693350290812
3211332 toao      20   0  128.8g  17.0g  11.0g S 405.9  13.5  21:25.61 nts	1693350291510
3211332 toao      20   0  128.8g  17.0g  11.0g S 394.1  13.5  21:29.94 nts	1693350292214
3211332 toao      20   0  128.8g  17.0g  11.0g S 364.7  13.5  21:34.29 nts	1693350292917
3211332 toao      20   0  128.8g  17.0g  11.0g S 300.0  13.5  21:38.54 nts	1693350293620
3211332 toao      20   0  128.8g  17.0g  11.0g S 205.9  13.5  21:42.81 nts	1693350294317
3211332 toao      20   0  128.8g  17.0g  11.0g S  1476  13.5  21:47.18 nts	1693350295018
3211332 toao      20   0  128.8g  17.0g  11.0g S  1361  13.5  21:51.58 nts	1693350295721
3211332 toao      20   0  128.8g  17.0g  11.0g S  1476  13.5  21:56.02 nts	1693350296427
3211332 toao      20   0  129.4g  17.0g  11.0g S 847.1  13.5  21:59.27 nts	1693350297128
3211332 toao      20   0  128.8g  17.0g  11.0g S 405.9  13.5  22:02.84 nts	1693350297831
3211332 toao      20   0  128.8g  17.0g  11.0g S 400.0  13.5  22:07.16 nts	1693350298535
3211332 toao      20   0  128.8g  17.0g  11.0g S 394.1  13.5  22:11.62 nts	1693350299234
3211332 toao      20   0  128.8g  17.0g  11.0g S 388.2  13.5  22:15.94 nts	1693350299938
3211332 toao      20   0  128.8g  17.0g  11.0g S 382.4  13.5  22:20.09 nts	1693350300638
3211332 toao      20   0  128.8g  17.0g  11.0g S 311.8  13.5  22:24.33 nts	1693350301340
3211332 toao      20   0  128.8g  17.0g  11.0g S 270.6  13.5  22:28.69 nts	1693350302038
3211332 toao      20   0  128.8g  17.0g  11.0g S 735.3  13.5  22:33.05 nts	1693350302738
3211332 toao      20   0  128.8g  17.0g  11.0g S  1435  13.5  22:37.63 nts	1693350303443
3211332 toao      20   0  129.5g  17.0g  11.0g S 425.0  13.5  22:40.03 nts	1693350304145
3211332 toao      20   0  129.5g  17.0g  11.0g S 437.5  13.5  22:44.48 nts	1693350304842
3211332 toao      20   0  129.5g  17.0g  11.0g S 300.0  13.5  22:48.58 nts	1693350305548
3211332 toao      20   0  129.5g  17.0g  11.0g S 368.8  13.5  22:52.77 nts	1693350306252
3211332 toao      20   0  129.5g  17.0g  11.0g S 300.0  13.5  22:57.01 nts	1693350306949
3211332 toao      20   0  129.5g  17.0g  11.0g S 247.1  13.5  23:01.36 nts	1693350307646
3211332 toao      20   0  129.5g  17.0g  11.0g S  1541  13.5  23:05.99 nts	1693350308345
3211332 toao      20   0  129.5g  17.0g  11.0g S  1406  13.5  23:10.28 nts	1693350309046
3211332 toao      20   0  130.1g  17.0g  11.0g S  1118  13.5  23:14.14 nts	1693350309747
3211332 toao      20   0  129.5g  17.0g  11.0g S 394.1  13.5  23:17.36 nts	1693350310455
3211332 toao      20   0  129.5g  17.0g  11.0g S 394.1  13.5  23:21.66 nts	1693350311154
3211332 toao      20   0  129.5g  17.0g  11.0g S 376.5  13.5  23:25.93 nts	1693350311856
3211332 toao      20   0  129.5g  17.0g  11.0g S 341.2  13.5  23:30.27 nts	1693350312555
3211332 toao      20   0  129.5g  17.0g  11.0g S 331.2  13.5  23:34.59 nts	1693350313254
3211332 toao      20   0  129.5g  17.0g  11.0g S 288.2  13.5  23:38.83 nts	1693350313954
3211332 toao      20   0  129.5g  17.0g  11.0g S 294.1  13.5  23:43.25 nts	1693350314655
3211332 toao      20   0  129.5g  17.0g  11.0g S 241.2  13.5  23:47.49 nts	1693350315358
3211332 toao      20   0  129.5g  17.0g  11.0g S  1388  13.5  23:51.99 nts	1693350316059
3211332 toao      20   0  129.5g  17.0g  11.0g S  1235  13.5  23:55.97 nts	1693350316762
3211332 toao      20   0  129.5g  17.0g  11.0g S 394.1  13.5  23:58.87 nts	1693350317460
3211332 toao      20   0  129.5g  17.0g  11.0g S 400.0  13.5  24:03.14 nts	1693350318158
3211332 toao      20   0  129.5g  17.0g  11.0g S 382.4  13.5  24:07.53 nts	1693350318855
3211332 toao      20   0  129.5g  17.0g  11.0g S 394.1  13.5  24:12.02 nts	1693350319555
3211332 toao      20   0  129.5g  17.0g  11.0g S 305.9  13.5  24:16.36 nts	1693350320258
3211332 toao      20   0  129.5g  17.0g  11.0g S 252.9  13.5  24:20.61 nts	1693350320958
3211332 toao      20   0  129.5g  17.0g  11.0g S  1339  13.5  24:24.88 nts	1693350321660
3211332 toao      20   0  130.1g  17.0g  11.0g S 458.8  13.5  24:27.53 nts	1693350322370
3211332 toao      20   0  129.5g  17.0g  11.0g S 377.8  13.5  24:31.82 nts	1693350323071
3211332 toao      20   0  129.5g  17.0g  11.0g S 335.3  13.5  24:36.05 nts	1693350323781
3211332 toao      20   0  129.5g  17.0g  11.0g S 394.1  13.5  24:40.27 nts	1693350324478
3211332 toao      20   0  129.5g  17.0g  11.0g S 364.7  13.5  24:44.60 nts	1693350325178
3211332 toao      20   0  129.5g  17.0g  11.0g S 343.8  13.5  24:48.74 nts	1693350325885
3211332 toao      20   0  129.5g  17.0g  11.0g S 281.2  13.5  24:53.04 nts	1693350326582
3211332 toao      20   0  129.5g  17.0g  11.0g S  1071  13.5  24:57.39 nts	1693350327280
3211332 toao      20   0  129.5g  17.0g  11.0g S  1500  13.5  25:01.91 nts	1693350327983
3211332 toao      20   0  129.5g  17.0g  11.0g S  1041  13.5  25:05.57 nts	1693350328687
3211332 toao      20   0  129.5g  17.0g  11.0g S 400.0  13.5  25:08.82 nts	1693350329390
3211332 toao      20   0  129.5g  17.0g  11.0g S 394.1  13.5  25:13.04 nts	1693350330090
3211332 toao      20   0  129.5g  17.0g  11.0g S 329.4  13.5  25:17.45 nts	1693350330790
3211332 toao      20   0  129.5g  17.0g  11.0g S 294.1  13.5  25:21.69 nts	1693350331490
3211332 toao      20   0  129.5g  17.0g  11.0g S 564.7  13.5  25:26.14 nts	1693350332190
3211332 toao      20   0  139.9g  16.9g  11.0g S 294.1  13.5  25:30.33 nts	1693350332891
3211332 toao      20   0  139.9g  16.9g  11.0g S  1418  13.5  25:34.68 nts	1693350333591
3211332 toao      20   0  140.5g  17.0g  11.0g S  1465  13.5  25:39.25 nts	1693350334290
3211332 toao      20   0  140.6g  17.0g  11.0g S 394.1  13.5  25:41.57 nts	1693350334991
3211332 toao      20   0  140.5g  17.0g  11.0g S 400.0  13.5  25:45.81 nts	1693350335692
3211332 toao      20   0  140.5g  17.0g  11.0g S 368.8  13.5  25:50.22 nts	1693350336392
3211332 toao      20   0  141.1g  17.0g  11.0g S 388.2  13.5  25:54.39 nts	1693350337095
3211332 toao      20   0  141.1g  17.0g  11.0g S 405.9  13.5  25:58.75 nts	1693350337798
3211332 toao      20   0  141.1g  17.0g  11.0g S 300.0  13.5  26:03.11 nts	1693350338498
3211332 toao      20   0  141.1g  17.0g  11.0g S 358.8  13.5  26:07.43 nts	1693350339201
3211332 toao      20   0  141.1g  17.0g  11.0g S  1441  13.5  26:11.82 nts	1693350339900
3211332 toao      20   0  141.1g  17.0g  11.0g S  1447  13.5  26:16.14 nts	1693350340600
3211332 toao      20   0  141.1g  17.0g  11.0g S 394.1  13.5  26:18.80 nts	1693350341299
3211332 toao      20   0  141.1g  17.0g  11.0g S 400.0  13.5  26:23.09 nts	1693350341999
3211332 toao      20   0  141.1g  17.0g  11.0g S 347.1  13.5  26:27.30 nts	1693350342700
3211332 toao      20   0  141.1g  17.0g  11.0g S 400.0  13.5  26:31.90 nts	1693350343400
3211332 toao      20   0  141.1g  17.0g  11.0g S 352.9  13.5  26:36.32 nts	1693350344101
3211332 toao      20   0  141.1g  17.0g  11.0g S 323.5  13.5  26:40.75 nts	1693350344798
3211332 toao      20   0  141.1g  17.0g  11.0g S 300.0  13.5  26:45.05 nts	1693350345496
3211332 toao      20   0  141.1g  17.0g  11.0g S 235.3  13.5  26:49.34 nts	1693350346200
3211332 toao      20   0  141.1g  17.0g  11.0g S  1365  13.5  26:53.78 nts	1693350346902
3211332 toao      20   0  141.7g  17.0g  11.0g S 547.1  13.5  26:56.58 nts	1693350347600
3211332 toao      20   0  141.1g  17.0g  11.0g S  1200  13.5  27:02.03 nts	1693350348300
3211332 toao      20   0  141.1g  17.0g  11.0g S 425.0  13.5  27:04.99 nts	1693350349002
3211332 toao      20   0  141.1g  17.0g  11.0g S 400.0  13.5  27:09.13 nts	1693350349702
3211332 toao      20   0  141.1g  17.0g  11.0g S 400.0  13.5  27:13.70 nts	1693350350407
3211332 toao      20   0  141.1g  17.0g  11.0g S 329.4  13.5  27:17.95 nts	1693350351107
3211332 toao      20   0  141.1g  17.0g  11.0g S 305.9  13.5  27:22.36 nts	1693350351811
3211332 toao      20   0  141.1g  17.0g  11.0g S 394.1  13.5  27:26.74 nts	1693350352511
3211332 toao      20   0  141.1g  17.0g  11.0g S 300.0  13.5  27:31.00 nts	1693350353211
3211332 toao      20   0  141.1g  17.0g  11.0g S 241.2  13.5  27:35.44 nts	1693350353911
3211332 toao      20   0  141.1g  17.0g  11.0g S  1512  13.5  27:40.03 nts	1693350354614
3211332 toao      20   0  141.1g  17.0g  11.0g S  1529  13.5  27:44.56 nts	1693350355315
3211332 toao      20   0  141.5g  17.0g  11.0g S 400.0  13.5  27:47.08 nts	1693350356019
3211332 toao      20   0  132.0g  17.0g  11.0g S 364.7  13.5  27:50.86 nts	1693350356719
3211332 toao      20   0  133.0g  17.0g  11.0g S 318.8  13.5  27:55.25 nts	1693350357423
3211332 toao      20   0  133.0g  17.0g  11.0g S 287.5  13.5  27:59.65 nts	1693350358122
3211332 toao      20   0  133.0g  17.0g  11.0g S 252.9  13.5  28:03.98 nts	1693350358828
3211332 toao      20   0  133.0g  17.0g  11.0g S 629.4  13.5  28:08.40 nts	1693350359532
3211332 toao      20   0  133.0g  17.0g  11.0g S  1512  13.5  28:12.93 nts	1693350360239
3211332 toao      20   0  133.0g  17.0g  11.0g S 400.0  13.5  28:15.43 nts	1693350360939
3211332 toao      20   0  133.3g  17.0g  11.0g S 425.0  13.5  28:19.68 nts	1693350361643
3211332 toao      20   0  133.3g  17.0g  11.0g S 412.5  13.5  28:24.05 nts	1693350362342
3211332 toao      20   0  133.3g  17.0g  11.0g S 375.0  13.5  28:28.24 nts	1693350363043
3211332 toao      20   0  133.6g  17.0g  11.0g S 288.2  13.5  28:32.68 nts	1693350363743
3211332 toao      20   0  133.6g  17.0g  11.0g S 247.1  13.5  28:36.98 nts	1693350364448
3211332 toao      20   0  133.6g  17.0g  11.0g S  1124  13.5  28:41.41 nts	1693350365153
3211332 toao      20   0  133.6g  17.0g  11.0g S  1412  13.5  28:45.78 nts	1693350365859
3211332 toao      20   0  133.6g  17.0g  11.0g S  1482  13.5  28:50.20 nts	1693350366558
3211332 toao      20   0  134.5g  17.0g  11.0g S 905.9  13.5  28:53.53 nts	1693350367257
3211332 toao      20   0  133.9g  17.0g  11.0g S 394.1  13.5  28:57.02 nts	1693350367955
3211332 toao      20   0  133.9g  17.0g  11.0g S 400.0  13.5  29:01.30 nts	1693350368655
3211332 toao      20   0  133.9g  17.0g  11.0g S 400.0  13.5  29:05.55 nts	1693350369358
3211332 toao      20   0  133.9g  17.0g  11.0g S 388.2  13.5  29:09.73 nts	1693350370059
3211332 toao      20   0  133.9g  17.0g  11.0g S 323.5  13.5  29:14.09 nts	1693350370760
3211332 toao      20   0  133.9g  17.0g  11.0g S 294.1  13.5  29:18.33 nts	1693350371460
3211332 toao      20   0  133.9g  17.0g  11.0g S 258.8  13.5  29:22.70 nts	1693350372158
3211332 toao      20   0  133.9g  17.0g  11.0g S 241.2  13.5  29:26.91 nts	1693350372857
3211332 toao      20   0  133.9g  17.0g  11.0g S  1606  13.5  29:31.47 nts	1693350373556
3211332 toao      20   0  133.9g  17.0g  11.0g S 400.0  13.5  29:34.00 nts	1693350374254
3211332 toao      20   0  134.2g  17.0g  11.0g S 429.4  13.5  29:38.31 nts	1693350374959
3211332 toao      20   0  134.2g  17.0g  11.0g S 418.8  13.5  29:42.63 nts	1693350375673
3211332 toao      20   0  134.2g  17.0g  11.0g S 323.5  13.5  29:46.94 nts	1693350376378
3211332 toao      20   0  134.2g  17.0g  11.0g S 305.9  13.5  29:51.33 nts	1693350377079
3211332 toao      20   0  134.2g  17.0g  11.0g S 205.9  13.5  29:55.63 nts	1693350377779
3211332 toao      20   0  134.2g  17.0g  11.0g S 264.7  13.5  29:59.89 nts	1693350378479
3211332 toao      20   0  134.2g  17.0g  11.0g S  1441  13.5  30:04.33 nts	1693350379178
3211332 toao      20   0  134.8g  17.0g  11.0g S  1081  13.5  30:07.86 nts	1693350379882
3211332 toao      20   0  134.2g  17.0g  11.0g S 383.3  13.5  30:11.28 nts	1693350380582
3211332 toao      20   0  134.2g  17.0g  11.0g S 405.9  13.5  30:15.60 nts	1693350381286
3211332 toao      20   0  134.2g  17.0g  11.0g S 394.1  13.5  30:19.86 nts	1693350381991
3211332 toao      20   0  134.2g  17.0g  11.0g S 341.2  13.5  30:24.06 nts	1693350382691
3211332 toao      20   0  134.5g  17.0g  11.0g S 264.7  13.5  30:28.35 nts	1693350383390
3211332 toao      20   0  134.5g  17.0g  11.0g S 616.7  13.5  30:32.73 nts	1693350384090
3211332 toao      20   0  135.1g  17.0g  11.0g S  1256  13.5  30:36.87 nts	1693350384803
3211332 toao      20   0  133.3g  16.9g  11.0g S  1376  13.5  30:41.46 nts	1693350385504
3211332 toao      20   0  136.1g  17.0g  11.0g S 505.9  13.5  30:43.99 nts	1693350386206
3211332 toao      20   0  135.6g  17.0g  11.0g S 388.2  13.5  30:48.01 nts	1693350386906
3211332 toao      20   0  135.6g  17.0g  11.0g S 376.5  13.5  30:52.09 nts	1693350387606
3211332 toao      20   0  136.2g  17.0g  11.0g S 394.1  13.5  30:56.28 nts	1693350388316
3211332 toao      20   0  136.2g  17.0g  11.0g S 382.4  13.5  31:00.55 nts	1693350389019
3211332 toao      20   0  136.2g  17.0g  11.0g S 382.4  13.5  31:04.88 nts	1693350389720
3211332 toao      20   0  136.2g  17.0g  11.0g S 311.8  13.5  31:09.07 nts	1693350390419
3211332 toao      20   0  136.2g  17.0g  11.0g S 276.5  13.5  31:13.51 nts	1693350391117
3211332 toao      20   0  136.2g  17.0g  11.0g S  1471  13.5  31:18.05 nts	1693350391818
3211332 toao      20   0  136.2g  17.0g  11.0g S  1347  13.5  31:22.22 nts	1693350392518
3211332 toao      20   0  136.8g  17.0g  11.0g S 458.8  13.5  31:24.99 nts	1693350393218
3211332 toao      20   0  136.2g  17.0g  11.0g S 400.0  13.5  31:29.28 nts	1693350393918
3211332 toao      20   0  136.2g  17.0g  11.0g S 394.1  13.5  31:33.58 nts	1693350394618
3211332 toao      20   0  136.2g  17.0g  11.0g S 405.9  13.5  31:38.02 nts	1693350395319
3211332 toao      20   0  136.2g  17.0g  11.0g S 400.0  13.5  31:42.64 nts	1693350396024
3211332 toao      20   0  136.2g  17.0g  11.0g S 347.1  13.5  31:46.96 nts	1693350396727
3211332 toao      20   0  136.2g  17.0g  11.0g S 335.3  13.5  31:51.32 nts	1693350397428
3211332 toao      20   0  136.2g  17.0g  11.0g S 294.1  13.5  31:55.62 nts	1693350398127
3211332 toao      20   0  136.2g  17.0g  11.0g S 223.5  13.5  31:59.98 nts	1693350398826
3211332 toao      20   0  136.2g  17.0g  11.0g S  1429  13.5  32:04.40 nts	1693350399527
3211332 toao      20   0  136.2g  17.0g  11.0g S 400.0  13.5  32:06.89 nts	1693350400227
3211332 toao      20   0  136.8g  17.0g  11.0g S 500.0  13.5  32:11.46 nts	1693350400930
3211332 toao      20   0  136.2g  17.0g  11.0g S 425.0  13.5  32:15.89 nts	1693350401633
3211332 toao      20   0  136.2g  17.0g  11.0g S 400.0  13.5  32:20.26 nts	1693350402334
3211332 toao      20   0  136.2g  17.0g  11.0g S 394.1  13.5  32:24.66 nts	1693350403035
3211332 toao      20   0  136.2g  17.0g  11.0g S 318.8  13.5  32:28.85 nts	1693350403735
3211332 toao      20   0  136.2g  17.0g  11.0g S 362.5  13.5  32:33.03 nts	1693350404434
3211332 toao      20   0  136.2g  17.0g  11.0g S 294.1  13.5  32:37.29 nts	1693350405135
3211332 toao      20   0  136.2g  17.0g  11.0g S 305.9  13.5  32:41.62 nts	1693350405835
3211332 toao      20   0  136.2g  17.0g  11.0g S 256.2  13.5  32:46.02 nts	1693350406545
3211332 toao      20   0  136.2g  17.0g  11.0g S  1469  13.5  32:50.39 nts	1693350407244
3211332 toao      20   0  136.2g  17.0g  11.0g S  1606  13.5  32:54.85 nts	1693350407942
3211332 toao      20   0  136.2g  17.0g  11.0g S 425.0  13.5  32:57.33 nts	1693350408643
3211332 toao      20   0  136.2g  17.0g  11.0g S 394.1  13.5  33:01.43 nts	1693350409344
3211332 toao      20   0  136.2g  17.0g  11.0g S 335.3  13.5  33:05.64 nts	1693350410047
3211332 toao      20   0  136.2g  17.0g  11.0g S 294.1  13.5  33:09.88 nts	1693350410747
3211332 toao      20   0  136.2g  17.0g  11.0g S 276.5  13.5  33:14.15 nts	1693350411448
3211332 toao      20   0  136.2g  17.0g  11.0g S 241.2  13.5  33:18.48 nts	1693350412142
3211332 toao      20   0  136.2g  17.0g  11.0g S  1424  13.5  33:22.89 nts	1693350412854
3211332 toao      20   0  136.2g  17.0g  11.0g S 400.0  13.5  33:25.44 nts	1693350413555
3211332 toao      20   0  136.2g  17.0g  11.0g S 400.0  13.5  33:29.68 nts	1693350414255
3211332 toao      20   0  136.2g  17.0g  11.0g S 405.9  13.5  33:33.94 nts	1693350414955
3211332 toao      20   0  136.2g  17.0g  11.0g S 382.4  13.5  33:38.01 nts	1693350415658
3211332 toao      20   0  136.2g  17.0g  11.0g S 311.8  13.5  33:42.19 nts	1693350416358
3211332 toao      20   0  136.2g  17.0g  11.0g S 276.5  13.5  33:46.60 nts	1693350417060
3211332 toao      20   0  136.2g  17.0g  11.0g S 423.5  13.5  33:50.91 nts	1693350417760
3211332 toao      20   0  136.2g  17.0g  11.0g S 735.3  13.5  33:55.24 nts	1693350418462
3211332 toao      20   0  136.2g  17.0g  11.0g S  1341  13.5  33:59.49 nts	1693350419166
3211332 toao      20   0  136.2g  17.0g  11.0g S  1471  13.5  34:03.91 nts	1693350419868
3211332 toao      20   0  136.2g  17.0g  11.0g S  1412  13.5  34:08.20 nts	1693350420571
3211332 toao      20   0  136.2g  17.0g  11.0g S 388.2  13.5  34:10.66 nts	1693350421271
3211332 toao      20   0  136.2g  17.0g  11.0g S 400.0  13.5  34:14.96 nts	1693350421970
3211332 toao      20   0  136.2g  17.0g  11.0g S 400.0  13.5  34:19.23 nts	1693350422670
3211332 toao      20   0  136.2g  17.0g  11.0g S 388.2  13.5  34:23.35 nts	1693350423370
3211332 toao      20   0  136.2g  17.0g  11.0g S 317.6  13.5  34:27.52 nts	1693350424075
3211332 toao      20   0  136.5g  17.0g  11.0g S 288.2  13.5  34:31.72 nts	1693350424769
3211332 toao      20   0  136.5g  17.0g  11.0g S 211.8  13.5  34:35.80 nts	1693350425467
3211332 toao      20   0  136.5g  17.0g  11.0g S  1224  13.5  34:40.05 nts	1693350426168
3211332 toao      20   0  137.1g  17.0g  11.0g S 617.6  13.5  34:42.99 nts	1693350426871
3211332 toao      20   0  136.5g  17.0g  11.0g S 400.0  13.5  34:46.72 nts	1693350427570
3211332 toao      20   0  136.5g  17.0g  11.0g S 400.0  13.5  34:50.89 nts	1693350428271
3211332 toao      20   0  136.5g  17.0g  11.0g S 358.8  13.5  34:55.13 nts	1693350428972
3211332 toao      20   0  136.5g  17.0g  11.0g S 311.8  13.5  34:59.50 nts	1693350429675
3211332 toao      20   0  136.5g  17.0g  11.0g S 270.6  13.5  35:03.82 nts	1693350430375
3211332 toao      20   0  137.4g  17.0g  11.0g S 362.5  13.5  35:08.30 nts	1693350431074
3211332 toao      20   0  137.4g  17.0g  11.0g S  1382  13.5  35:12.80 nts	1693350431773
3211332 toao      20   0  138.0g  17.0g  11.0g S 482.4  13.5  35:15.27 nts	1693350432479
3211332 toao      20   0  137.4g  17.0g  11.0g S 388.2  13.5  35:19.43 nts	1693350433178
3211332 toao      20   0  137.4g  17.0g  11.0g S 394.1  13.5  35:23.63 nts	1693350433877
3211332 toao      20   0  137.4g  17.0g  11.0g S 394.1  13.5  35:27.83 nts	1693350434575
3211332 toao      20   0  137.4g  17.0g  11.0g S 400.0  13.5  35:32.10 nts	1693350435275
3211332 toao      20   0  137.4g  17.0g  11.0g S 258.8  13.5  35:36.48 nts	1693350435975
3211332 toao      20   0  137.4g  17.0g  11.0g S  1365  13.5  35:40.81 nts	1693350436679
3211332 toao      20   0  138.0g  17.0g  11.0g S 570.6  13.5  35:43.62 nts	1693350437379
3211332 toao      20   0  136.2g  16.9g  11.0g S  1353  13.5  35:49.12 nts	1693350438078
3211332 toao      20   0  137.2g  17.0g  11.0g S 558.8  13.5  35:51.73 nts	1693350438780
3211332 toao      20   0  136.8g  17.0g  11.0g S 394.1  13.5  35:55.49 nts	1693350439478
3211332 toao      20   0  136.8g  17.0g  11.0g S 400.0  13.5  35:59.65 nts	1693350440178
3211332 toao      20   0  136.8g  17.0g  11.0g S 400.0  13.5  36:03.82 nts	1693350440878
3211332 toao      20   0  137.4g  17.0g  11.0g S 376.5  13.5  36:07.90 nts	1693350441578
3211332 toao      20   0  137.4g  17.0g  11.0g S 381.2  13.5  36:12.13 nts	1693350442284
3211332 toao      20   0  137.4g  17.0g  11.0g S 318.8  13.5  36:16.28 nts	1693350442983
3211332 toao      20   0  137.4g  17.0g  11.0g S 312.5  13.5  36:20.75 nts	1693350443683
3211332 toao      20   0  137.4g  17.0g  11.0g S  1441  13.5  36:25.20 nts	1693350444384
3211332 toao      20   0  137.4g  17.0g  11.0g S  1106  13.5  36:28.95 nts	1693350445087
3211332 toao      20   0  137.4g  17.0g  11.0g S 388.2  13.5  36:32.01 nts	1693350445787
3211332 toao      20   0  137.4g  17.0g  11.0g S 394.1  13.5  36:36.26 nts	1693350446488
3211332 toao      20   0  137.4g  17.0g  11.0g S 400.0  13.5  36:40.64 nts	1693350447190
3211332 toao      20   0  137.4g  17.0g  11.0g S 394.1  13.5  36:44.89 nts	1693350447895
3211332 toao      20   0  137.4g  17.0g  11.0g S 406.2  13.5  36:49.09 nts	1693350448595
3211332 toao      20   0  137.4g  17.0g  11.0g S 347.1  13.5  36:53.33 nts	1693350449295
3211332 toao      20   0  137.4g  17.0g  11.0g S 335.3  13.5  36:57.55 nts	1693350449994
3211332 toao      20   0  137.4g  17.0g  11.0g S 294.1  13.5  37:01.84 nts	1693350450697
3211332 toao      20   0  137.4g  17.0g  11.0g S 294.1  13.5  37:06.26 nts	1693350451399
3211332 toao      20   0  137.4g  17.0g  11.0g S  1359  13.5  37:10.58 nts	1693350452099
3211332 toao      20   0  138.0g  17.0g  11.0g S 700.0  13.5  37:13.62 nts	1693350452798
3211332 toao      20   0  138.0g  17.0g  11.0g S  1018  13.5  37:18.66 nts	1693350453498
3211332 toao      20   0  137.4g  17.0g  11.0g S 394.1  13.5  37:22.00 nts	1693350454202
3211332 toao      20   0  137.4g  17.0g  11.0g S 352.9  13.5  37:26.22 nts	1693350454899
3211332 toao      20   0  137.4g  17.0g  11.0g S 394.1  13.5  37:30.47 nts	1693350455603
3211332 toao      20   0  137.4g  17.0g  11.0g S 370.6  13.5  37:34.74 nts	1693350456304
3211332 toao      20   0  137.4g  17.0g  11.0g S 264.7  13.5  37:38.86 nts	1693350457006
3211332 toao      20   0  137.4g  17.0g  11.0g S 382.4  13.5  37:43.40 nts	1693350457707
3211332 toao      20   0  137.4g  17.0g  11.0g S 264.7  13.5  37:47.70 nts	1693350458410
3211332 toao      20   0  137.4g  17.0g  11.0g S  1135  13.5  37:52.20 nts	1693350459111
3211332 toao      20   0  137.4g  17.0g  11.0g S  1447  13.5  37:56.61 nts	1693350459812
3211332 toao      20   0  137.4g  17.0g  11.0g S 400.0  13.5  37:59.22 nts	1693350460515
3211332 toao      20   0  137.4g  17.0g  11.0g S 400.0  13.5  38:03.43 nts	1693350461219
3211332 toao      20   0  138.1g  17.0g  11.0g S 400.0  13.5  38:07.97 nts	1693350461918
3211332 toao      20   0  138.1g  17.0g  11.0g S 305.9  13.5  38:12.27 nts	1693350462622
3211332 toao      20   0  138.1g  17.0g  11.0g S 258.8  13.5  38:16.63 nts	1693350463320
3211332 toao      20   0  138.1g  17.0g  11.0g S 288.2  13.5  38:21.09 nts	1693350464019
3211332 toao      20   0  138.1g  17.0g  11.0g S 411.8  13.5  38:25.45 nts	1693350464718
3211332 toao      20   0  138.1g  17.0g  11.0g S  1550  13.5  38:29.90 nts	1693350465423
3211332 toao      20   0  138.1g  17.0g  11.0g S 418.8  13.5  38:32.08 nts	1693350466122
3211332 toao      20   0  138.1g  17.0g  11.0g S 425.0  13.5  38:36.37 nts	1693350466823
3211332 toao      20   0  138.1g  17.0g  11.0g S 400.0  13.5  38:40.66 nts	1693350467522
3211332 toao      20   0  138.1g  17.0g  11.0g S 352.9  13.5  38:44.95 nts	1693350468221
3211332 toao      20   0  138.1g  17.0g  11.0g S 318.8  13.5  38:49.27 nts	1693350468923
3211332 toao      20   0  138.1g  17.0g  11.0g S 264.7  13.5  38:53.66 nts	1693350469622
3211332 toao      20   0  138.1g  17.0g  11.0g S  1394  13.5  38:58.16 nts	1693350470327
3211332 toao      20   0  138.1g  17.0g  11.0g S  1494  13.5  39:02.65 nts	1693350471026
3211332 toao      20   0  138.1g  17.0g  11.0g S  1429  13.5  39:07.18 nts	1693350471726
3211332 toao      20   0  138.7g  17.0g  11.0g S 676.5  13.5  39:10.04 nts	1693350472431
3211332 toao      20   0  138.1g  17.0g  11.0g S 400.0  13.5  39:13.99 nts	1693350473131
3211332 toao      20   0  138.1g  17.0g  11.0g S 405.9  13.5  39:18.29 nts	1693350473830
3211332 toao      20   0  138.1g  17.0g  11.0g S 400.0  13.5  39:22.56 nts	1693350474535
3211332 toao      20   0  138.1g  17.0g  11.0g S 352.9  13.5  39:26.77 nts	1693350475239
3211332 toao      20   0  138.1g  17.0g  11.0g S 325.0  13.5  39:31.04 nts	1693350475943
3211332 toao      20   0  138.1g  17.0g  11.0g S 305.9  13.5  39:35.54 nts	1693350476643
3211332 toao      20   0  138.1g  17.0g  11.0g S  1200  13.5  39:39.88 nts	1693350477344
3211332 toao      20   0  138.1g  17.0g  11.0g S  1512  13.5  39:44.41 nts	1693350478048
3211332 toao      20   0  138.7g  17.0g  11.0g S 964.7  13.5  39:47.95 nts	1693350478750
3211332 toao      20   0  138.1g  17.0g  11.0g S 400.0  13.5  39:51.08 nts	1693350479455
3211332 toao      20   0  138.5g  17.0g  11.0g S 400.0  13.5  39:55.38 nts	1693350480156
3211332 toao      20   0  138.5g  17.0g  11.0g S 317.6  13.5  39:59.86 nts	1693350480855
3211332 toao      20   0  138.5g  17.0g  11.0g S 317.6  13.5  40:04.34 nts	1693350481560
3211332 toao      20   0  138.5g  17.0g  11.0g S 235.3  13.5  40:08.73 nts	1693350482260
3211332 toao      20   0  138.5g  17.0g  11.0g S  1512  13.5  40:13.15 nts	1693350482963
3211332 toao      20   0  138.5g  17.0g  11.0g S  1494  13.5  40:17.48 nts	1693350483664
3211332 toao      20   0  138.5g  17.0g  11.0g S 425.0  13.5  40:20.17 nts	1693350484362
3211332 toao      20   0  138.5g  17.0g  11.0g S 431.2  13.5  40:24.59 nts	1693350485064
3211332 toao      20   0  138.5g  17.0g  11.0g S 394.1  13.5  40:29.04 nts	1693350485766
3211332 toao      20   0  138.5g  17.0g  11.0g S 364.7  13.5  40:33.48 nts	1693350486467
3211332 toao      20   0  138.5g  17.0g  11.0g S 370.6  13.5  40:38.05 nts	1693350487166
3211332 toao      20   0  138.5g  17.0g  11.0g S 282.4  13.5  40:42.43 nts	1693350487868
3211332 toao      20   0  138.5g  17.0g  11.0g S  1382  13.5  40:46.82 nts	1693350488570
3211332 toao      20   0  138.5g  17.0g  11.0g S  1494  13.5  40:51.11 nts	1693350489274
3211332 toao      20   0  138.5g  17.0g  11.0g S 431.2  13.5  40:53.69 nts	1693350489973
3211332 toao      20   0  138.5g  17.0g  11.0g S 376.5  13.5  40:58.12 nts	1693350490675
3211332 toao      20   0  137.2g  16.9g  11.0g S 394.1  13.5  41:02.21 nts	1693350491378
3211332 toao      20   0  137.2g  16.9g  11.0g S 425.0  13.5  41:06.55 nts	1693350492084
3211332 toao      20   0  137.8g  17.0g  11.0g S 394.1  13.5  41:10.55 nts	1693350492783
3211332 toao      20   0  137.8g  17.0g  11.0g S 394.1  13.5  41:15.01 nts	1693350493487
3211332 toao      20   0  138.5g  17.0g  11.0g S 311.8  13.5  41:19.34 nts	1693350494187
3211332 toao      20   0  138.5g  17.0g  11.0g S 300.0  13.5  41:23.84 nts	1693350494890
3211332 toao      20   0  138.5g  17.0g  11.0g S 247.1  13.5  41:28.17 nts	1693350495591
3211332 toao      20   0  138.5g  17.0g  11.0g S  1553  13.5  41:32.82 nts	1693350496290
3211332 toao      20   0  138.5g  17.0g  11.0g S 405.9  13.5  41:35.34 nts	1693350496995
3211332 toao      20   0  138.5g  17.0g  11.0g S 388.2  13.5  41:39.74 nts	1693350497701
3211332 toao      20   0  138.5g  17.0g  11.0g S 418.8  13.5  41:44.08 nts	1693350498403
3211332 toao      20   0  138.5g  17.0g  11.0g S 400.0  13.5  41:48.46 nts	1693350499104
3211332 toao      20   0  138.5g  17.0g  11.0g S 400.0  13.5  41:52.89 nts	1693350499804
3211332 toao      20   0  138.5g  17.0g  11.0g S 364.7  13.5  41:57.33 nts	1693350500512
3211332 toao      20   0  138.5g  17.0g  11.0g S 305.9  13.5  42:01.60 nts	1693350501215
3211332 toao      20   0  138.5g  17.0g  11.0g S 300.0  13.5  42:05.98 nts	1693350501914
3211332 toao      20   0  138.5g  17.0g  11.0g S 335.3  13.5  42:10.47 nts	1693350502615
3211332 toao      20   0  138.5g  17.0g  11.0g S  1394  13.5  42:14.76 nts	1693350503318
3211332 toao      20   0  138.5g  17.0g  11.0g S  1518  13.5  42:19.22 nts	1693350504021
3211332 toao      20   0  138.5g  17.0g  11.0g S 394.1  13.5  42:21.72 nts	1693350504722
3211332 toao      20   0  138.5g  17.0g  11.0g S 400.0  13.5  42:25.98 nts	1693350505418
3211332 toao      20   0  138.5g  17.0g  11.0g S 400.0  13.5  42:30.38 nts	1693350506123
3211332 toao      20   0  138.5g  17.0g  11.0g S 394.1  13.5  42:35.05 nts	1693350506831
3211332 toao      20   0  138.5g  17.0g  11.0g S 356.2  13.5  42:39.50 nts	1693350507533
3211332 toao      20   0  138.5g  17.0g  11.0g S 376.5  13.5  42:43.89 nts	1693350508231
3211332 toao      20   0  138.5g  17.0g  11.0g S 264.7  13.5  42:48.22 nts	1693350508931
3211332 toao      20   0  138.5g  17.0g  11.0g S 858.8  13.5  42:52.60 nts	1693350509634
3211332 toao      20   0  138.5g  17.0g  11.0g S  1482  13.5  42:57.11 nts	1693350510339
3211332 toao      20   0  138.5g  17.0g  11.0g S  1388  13.5  43:01.42 nts	1693350511038
3211332 toao      20   0  138.5g  17.0g  11.0g S  1224  13.5  43:05.41 nts	1693350511738
3211332 toao      20   0  138.5g  17.0g  11.0g S 400.0  13.5  43:08.30 nts	1693350512444
3211332 toao      20   0  138.5g  17.0g  11.0g S 400.0  13.5  43:12.57 nts	1693350513147
3211332 toao      20   0  138.5g  17.0g  11.0g S 394.1  13.5  43:16.85 nts	1693350513848
3211332 toao      20   0  139.1g  17.0g  11.0g S 400.0  13.5  43:21.41 nts	1693350514547
3211332 toao      20   0  139.1g  17.0g  11.0g S 429.4  13.5  43:25.79 nts	1693350515247
3211332 toao      20   0  139.1g  17.0g  11.0g S  1512  13.5  43:30.34 nts	1693350515947
3211332 toao      20   0  139.1g  17.0g  11.0g S  1476  13.5  43:34.76 nts	1693350516650
3211332 toao      20   0  139.7g  17.0g  11.0g S 594.1  13.5  43:37.56 nts	1693350517354
3211332 toao      20   0  139.1g  17.0g  11.0g S 394.1  13.5  43:41.34 nts	1693350518055
3211332 toao      20   0  139.1g  17.0g  11.0g S 394.1  13.5  43:45.80 nts	1693350518759
3211332 toao      20   0  139.1g  17.0g  11.0g S 375.0  13.5  43:50.06 nts	1693350519462
3211332 toao      20   0  139.1g  17.0g  11.0g S 325.0  13.5  43:54.52 nts	1693350520163
3211332 toao      20   0  139.1g  17.0g  11.0g S 275.0  13.5  43:58.78 nts	1693350520862
3211332 toao      20   0  139.1g  17.0g  11.0g S  1459  13.5  44:03.29 nts	1693350521563
3211332 toao      20   0  139.7g  17.0g  11.0g S 723.5  13.5  44:06.34 nts	1693350522266
3211332 toao      20   0  139.1g  17.0g  11.0g S 394.1  13.5  44:10.12 nts	1693350522966
3211332 toao      20   0  139.1g  17.0g  11.0g S 405.9  13.5  44:14.23 nts	1693350523666
3211332 toao      20   0  139.1g  17.0g  11.0g S 405.9  13.5  44:18.49 nts	1693350524367
3211332 toao      20   0  139.1g  17.0g  11.0g S 400.0  13.5  44:22.78 nts	1693350525072
3211332 toao      20   0  139.1g  17.0g  11.0g S 364.7  13.5  44:27.05 nts	1693350525775
3211332 toao      20   0  139.1g  17.0g  11.0g S 352.9  13.5  44:31.33 nts	1693350526474
3211332 toao      20   0  139.1g  17.0g  11.0g S 294.1  13.5  44:35.56 nts	1693350527175
3211332 toao      20   0  139.1g  17.0g  11.0g S 294.1  13.5  44:39.91 nts	1693350527879
3211332 toao      20   0  139.1g  17.0g  11.0g S 341.2  13.5  44:44.28 nts	1693350528578
3211332 toao      20   0  139.1g  17.0g  11.0g S  1412  13.5  44:48.63 nts	1693350529278
3211332 toao      20   0  139.7g  17.0g  11.0g S 664.7  13.5  44:51.55 nts	1693350529978
3211332 toao      20   0  139.1g  17.0g  11.0g S 400.0  13.5  44:55.53 nts	1693350530680
3211332 toao      20   0  139.1g  17.0g  11.0g S 394.1  13.5  44:59.72 nts	1693350531383
3211332 toao      20   0  139.1g  17.0g  11.0g S 375.0  13.5  45:03.71 nts	1693350532084
3211332 toao      20   0  139.1g  17.0g  11.0g S 294.1  13.5  45:07.98 nts	1693350532783
3211332 toao      20   0  139.1g  17.0g  11.0g S 250.0  13.5  45:12.37 nts	1693350533492
3211332 toao      20   0  139.1g  17.0g  11.0g S  1394  13.5  45:16.88 nts	1693350534194
3211332 toao      20   0  139.1g  17.0g  11.0g S  1524  13.5  45:21.37 nts	1693350534906
3211332 toao      20   0  139.1g  17.0g  11.0g S 405.9  13.5  45:23.89 nts	1693350535606
3211332 toao      20   0  139.1g  17.0g  11.0g S 405.9  13.5  45:28.32 nts	1693350536312
3211332 toao      20   0  139.1g  17.0g  11.0g S 405.9  13.5  45:32.58 nts	1693350537014
3211332 toao      20   0  139.1g  17.0g  11.0g S 405.9  13.5  45:36.83 nts	1693350537719
3211332 toao      20   0  139.1g  17.0g  11.0g S 341.2  13.5  45:40.79 nts	1693350538423
3211332 toao      20   0  139.1g  17.0g  11.0g S 300.0  13.5  45:45.05 nts	1693350539126
3211332 toao      20   0  139.1g  17.0g  11.0g S 252.9  13.5  45:49.29 nts	1693350539826
3211332 toao      20   0  139.1g  17.0g  11.0g S  1217  13.5  45:53.72 nts	1693350540527
3211332 toao      20   0  139.7g  17.0g  11.0g S 717.6  13.5  45:56.81 nts	1693350541239
3211332 toao      20   0  139.1g  17.0g  11.0g S 405.9  13.5  46:00.32 nts	1693350541942
3211332 toao      20   0  139.1g  17.0g  11.0g S 418.8  13.5  46:04.70 nts	1693350542642
3211332 toao      20   0  139.1g  17.0g  11.0g S 362.5  13.5  46:08.90 nts	1693350543343
3211332 toao      20   0  137.9g  17.0g  11.0g S 358.8  13.5  46:12.94 nts	1693350544043
3211332 toao      20   0  137.9g  17.0g  11.0g S 288.2  13.5  46:17.16 nts	1693350544746
3211332 toao      20   0  138.5g  17.0g  11.0g S 329.4  13.5  46:21.30 nts	1693350545447
3211332 toao      20   0  138.5g  17.0g  11.0g S 288.2  13.5  46:25.61 nts	1693350546156
3211332 toao      20   0  139.1g  17.0g  11.0g S 235.3  13.5  46:29.86 nts	1693350546854
3211332 toao      20   0  139.1g  17.0g  11.0g S 711.8  13.5  46:34.13 nts	1693350547560
3211332 toao      20   0  139.1g  17.0g  11.0g S  1072  13.5  46:38.53 nts	1693350548262
3211332 toao      20   0  139.1g  17.0g  11.0g S 394.1  13.5  46:41.06 nts	1693350548967
3211332 toao      20   0  139.1g  17.0g  11.0g S 394.1  13.5  46:45.42 nts	1693350549667
3211332 toao      20   0  139.1g  17.0g  11.0g S 394.1  13.5  46:49.67 nts	1693350550365
3211332 toao      20   0  139.1g  17.0g  11.0g S 370.6  13.5  46:53.95 nts	1693350551071
3211332 toao      20   0  139.1g  17.0g  11.0g S 400.0  13.5  46:58.44 nts	1693350551775
3211332 toao      20   0  139.1g  17.0g  11.0g S 317.6  13.5  47:02.92 nts	1693350552474
3211332 toao      20   0  139.1g  17.0g  11.0g S 288.2  13.5  47:07.23 nts	1693350553174
3211332 toao      20   0  139.1g  17.0g  11.0g S 247.1  13.5  47:11.62 nts	1693350553874
3211332 toao      20   0  139.1g  17.0g  11.0g S  1412  13.5  47:15.99 nts	1693350554574
3211332 toao      20   0  139.1g  17.0g  11.0g S  1371  13.5  47:20.27 nts	1693350555278
3211332 toao      20   0  139.1g  17.0g  11.0g S  1562  13.5  47:24.48 nts	1693350555982
3211332 toao      20   0  139.5g  17.0g  11.0g S 425.0  13.5  47:26.92 nts	1693350556683
3211332 toao      20   0  139.1g  17.0g  11.0g S 425.0  13.5  47:31.24 nts	1693350557382
3211332 toao      20   0  139.1g  17.0g  11.0g S 394.1  13.5  47:35.44 nts	1693350558084
3211332 toao      20   0  139.1g  17.0g  11.0g S 376.5  13.5  47:39.83 nts	1693350558786
3211332 toao      20   0  139.1g  17.0g  11.0g S 347.1  13.5  47:44.23 nts	1693350559490
3211332 toao      20   0  139.1g  17.0g  11.0g S 305.9  13.5  47:48.70 nts	1693350560190
3211332 toao      20   0  139.1g  17.0g  11.0g S 300.0  13.5  47:53.17 nts	1693350560890
3211332 toao      20   0  139.1g  17.0g  11.0g S 252.9  13.5  47:57.66 nts	1693350561595
3211332 toao      20   0  139.1g  17.0g  11.0g S  1447  13.5  48:02.26 nts	1693350562299
3211332 toao      20   0  139.1g  17.0g  11.0g S  1631  13.5  48:06.78 nts	1693350563002
3211332 toao      20   0  139.1g  17.0g  11.0g S  1531  13.5  48:11.01 nts	1693350563703
3211332 toao      20   0  139.1g  17.0g  11.0g S 425.0  13.5  48:13.41 nts	1693350564402
3211332 toao      20   0  139.1g  17.0g  11.0g S 394.1  13.5  48:17.83 nts	1693350565102
3211332 toao      20   0  139.1g  17.0g  11.0g S 418.8  13.5  48:22.13 nts	1693350565803
3211332 toao      20   0  139.1g  17.0g  11.0g S 381.2  13.5  48:26.41 nts	1693350566502
3211332 toao      20   0  139.1g  17.0g  11.0g S 318.8  13.5  48:30.61 nts	1693350567201
3211332 toao      20   0  139.1g  17.0g  11.0g S  1206  13.5  48:35.08 nts	1693350567903
3211332 toao      20   0  139.1g  17.0g  11.0g S  1506  13.5  48:39.22 nts	1693350568603
3211332 toao      20   0  139.7g  17.0g  11.0g S 929.4  13.5  48:42.74 nts	1693350569302
3211332 toao      20   0  139.1g  17.0g  11.0g S 400.0  13.5  48:46.09 nts	1693350569999
3211332 toao      20   0  139.1g  17.0g  11.0g S 400.0  13.5  48:50.39 nts	1693350570700
3211332 toao      20   0  139.1g  17.0g  11.0g S 418.8  13.5  48:54.81 nts	1693350571403
3211332 toao      20   0  139.1g  17.0g  11.0g S 288.9  13.5  48:59.13 nts	1693350572102
3211332 toao      20   0  139.1g  17.0g  11.0g S 235.3  13.5  49:03.60 nts	1693350572810
3211332 toao      20   0  139.1g  17.0g  11.0g S  1459  13.5  49:08.08 nts	1693350573516
3211332 toao      20   0  139.1g  17.0g  11.0g S 377.8  13.5  49:10.56 nts	1693350574222
3211332 toao      20   0  139.1g  17.0g  11.0g S 400.0  13.5  49:14.84 nts	1693350574930
3211332 toao      20   0  139.1g  17.0g  11.0g S 388.2  13.5  49:19.27 nts	1693350575632
3211332 toao      20   0  139.1g  17.0g  11.0g S 394.1  13.5  49:23.66 nts	1693350576335
3211332 toao      20   0  139.1g  17.0g  11.0g S 358.8  13.5  49:27.89 nts	1693350577034
3211332 toao      20   0  139.1g  17.0g  11.0g S 350.0  13.5  49:32.14 nts	1693350577735
3211332 toao      20   0  139.1g  17.0g  11.0g S 288.2  13.5  49:36.51 nts	1693350578434
3211332 toao      20   0  139.1g  17.0g  11.0g S 264.7  13.5  49:40.94 nts	1693350579134
3211332 toao      20   0  139.1g  17.0g  11.0g S 511.8  13.5  49:45.33 nts	1693350579839
3211332 toao      20   0  139.1g  17.0g  11.0g S  1476  13.5  49:49.76 nts	1693350580539
3211332 toao      20   0  139.7g  17.0g  11.0g S 988.2  13.5  49:53.22 nts	1693350581240
3211332 toao      20   0  139.1g  17.0g  11.0g S 425.0  13.5  49:56.44 nts	1693350581942
3211332 toao      20   0  139.1g  17.0g  11.0g S 425.0  13.5  50:00.73 nts	1693350582643
3211332 toao      20   0  139.1g  17.0g  11.0g S 294.1  13.5  50:05.02 nts	1693350583343
3211332 toao      20   0  139.1g  17.0g  11.0g S 352.9  13.5  50:09.29 nts	1693350584046
3211332 toao      20   0  139.1g  17.0g  11.0g S 294.1  13.5  50:13.57 nts	1693350584747
3211332 toao      20   0  139.1g  17.0g  11.0g S  1059  13.5  50:18.03 nts	1693350585446
3211332 toao      20   0  139.1g  17.0g  11.0g S  1076  13.5  50:21.74 nts	1693350586148
3211332 toao      20   0  139.1g  17.0g  11.0g S 394.1  13.5  50:24.70 nts	1693350586847
3211332 toao      20   0  139.1g  17.0g  11.0g S 400.0  13.5  50:29.21 nts	1693350587547
3211332 toao      20   0  139.1g  17.0g  11.0g S 394.1  13.5  50:33.67 nts	1693350588247
3211332 toao      20   0  139.1g  17.0g  11.0g S 394.1  13.5  50:38.00 nts	1693350588947
3211332 toao      20   0  139.1g  17.0g  11.0g S 358.8  13.5  50:42.32 nts	1693350589646
3211332 toao      20   0  139.1g  17.0g  11.0g S 300.0  13.5  50:46.79 nts	1693350590348
3211332 toao      20   0  139.1g  17.0g  11.0g S 276.5  13.5  50:51.16 nts	1693350591047
3211332 toao      20   0  139.1g  17.0g  11.0g S  1235  13.5  50:55.45 nts	1693350591746
3211332 toao      20   0  139.1g  17.0g  11.0g S  1524  13.5  50:59.97 nts	1693350592447
3211332 toao      20   0  139.7g  17.0g  11.0g S 576.5  13.5  51:02.87 nts	1693350593149
3211332 toao      20   0  139.1g  17.0g  11.0g S 400.0  13.5  51:06.84 nts	1693350593848
3211332 toao      20   0  139.1g  17.0g  11.0g S 417.6  13.5  51:11.15 nts	1693350594547
3211332 toao      20   0  139.1g  17.0g  11.0g S 335.3  13.5  51:15.29 nts	1693350595255
3211332 toao      20   0  139.1g  17.0g  11.0g S 341.2  13.5  51:19.77 nts	1693350595954
3211332 toao      20   0  137.9g  17.0g  11.0g S 276.5  13.5  51:23.49 nts	1693350596655
3211332 toao      20   0  138.5g  17.0g  11.0g S 241.2  13.5  51:27.73 nts	1693350597354
3211332 toao      20   0  138.5g  17.0g  11.0g S 405.9  13.5  51:31.99 nts	1693350598054
3211332 toao      20   0  139.1g  17.0g  11.0g S  1394  13.5  51:36.33 nts	1693350598755
3211332 toao      20   0  139.7g  17.0g  11.0g S  1024  13.5  51:39.79 nts	1693350599454
3211332 toao      20   0  139.7g  17.0g  11.0g S 617.6  13.5  51:43.44 nts	1693350600154
3211332 toao      20   0  139.1g  17.0g  11.0g S 405.9  13.5  51:47.59 nts	1693350600860
3211332 toao      20   0  139.1g  17.0g  11.0g S 412.5  13.5  51:51.83 nts	1693350601562
3211332 toao      20   0  139.1g  17.0g  11.0g S 381.2  13.5  51:56.12 nts	1693350602263
3211332 toao      20   0  139.1g  17.0g  11.0g S 325.0  13.5  52:00.43 nts	1693350602963
3211332 toao      20   0  139.1g  17.0g  11.0g S 275.0  13.5  52:04.83 nts	1693350603663
3211332 toao      20   0  139.1g  17.0g  11.0g S 247.1  13.5  52:09.18 nts	1693350604364
3211332 toao      20   0  139.1g  17.0g  11.0g S 747.1  13.5  52:13.57 nts	1693350605068
3211332 toao      20   0  139.1g  17.0g  11.0g S  1412  13.5  52:17.93 nts	1693350605771
3211332 toao      20   0  139.1g  17.0g  11.0g S  1476  13.5  52:22.47 nts	1693350606471
3211332 toao      20   0  139.7g  17.0g  11.0g S 962.5  13.5  52:25.63 nts	1693350607175
3211332 toao      20   0  139.4g  17.0g  11.0g S 394.1  13.5  52:29.07 nts	1693350607875
3211332 toao      20   0  139.1g  17.0g  11.0g S 400.0  13.5  52:33.43 nts	1693350608575
3211332 toao      20   0  139.1g  17.0g  11.0g S 394.1  13.5  52:37.89 nts	1693350609275
3211332 toao      20   0  139.1g  17.0g  11.0g S 405.9  13.5  52:42.02 nts	1693350609979
3211332 toao      20   0  139.1g  17.0g  11.0g S 317.6  13.5  52:46.21 nts	1693350610679
3211332 toao      20   0  139.1g  17.0g  11.0g S 305.9  13.5  52:50.60 nts	1693350611384
3211332 toao      20   0  139.1g  17.0g  11.0g S 388.2  13.5  52:54.99 nts	1693350612087
3211332 toao      20   0  139.1g  17.0g  11.0g S 258.8  13.5  52:59.15 nts	1693350612792
3211332 toao      20   0  139.1g  17.0g  11.0g S  1359  13.5  53:03.55 nts	1693350613491
3211332 toao      20   0  139.1g  17.0g  11.0g S  1453  13.5  53:07.99 nts	1693350614190
3211332 toao      20   0  139.7g  17.0g  11.0g S 688.2  13.5  53:10.96 nts	1693350614895
3211332 toao      20   0  139.1g  17.0g  11.0g S 405.9  13.5  53:14.85 nts	1693350615594
3211332 toao      20   0  139.1g  17.0g  11.0g S 405.9  13.5  53:19.09 nts	1693350616297
3211332 toao      20   0  139.1g  17.0g  11.0g S 400.0  13.5  53:23.47 nts	1693350616998
3211332 toao      20   0  139.1g  17.0g  11.0g S 394.1  13.5  53:27.79 nts	1693350617699
3211332 toao      20   0  139.1g  17.0g  11.0g S 352.9  13.5  53:32.02 nts	1693350618399
3211332 toao      20   0  139.1g  17.0g  11.0g S 300.0  13.5  53:36.25 nts	1693350619099
3211332 toao      20   0  139.1g  17.0g  11.0g S 258.8  13.5  53:40.61 nts	1693350619797
3211332 toao      20   0  139.1g  17.0g  11.0g S  1488  13.5  53:45.14 nts	1693350620495
3211332 toao      20   0  139.1g  17.0g  11.0g S 400.0  13.5  53:47.63 nts	1693350621194
3211332 toao      20   0  139.1g  17.0g  11.0g S 394.1  13.5  53:52.02 nts	1693350621894
3211332 toao      20   0  139.1g  17.0g  11.0g S 400.0  13.5  53:56.64 nts	1693350622594
3211332 toao      20   0  139.1g  17.0g  11.0g S 388.2  13.5  54:01.08 nts	1693350623295
3211332 toao      20   0  139.1g  17.0g  11.0g S 325.0  13.5  54:05.36 nts	1693350623994
3211332 toao      20   0  139.1g  17.0g  11.0g S 247.1  13.5  54:09.76 nts	1693350624695
3211332 toao      20   0  139.1g  17.0g  11.0g S 805.6  13.5  54:14.31 nts	1693350625399
3211332 toao      20   0  139.1g  17.0g  11.0g S  1529  13.5  54:19.04 nts	1693350626110
3211332 toao      20   0  139.1g  17.0g  11.0g S 394.1  13.5  54:21.55 nts	1693350626810
3211332 toao      20   0  139.1g  17.0g  11.0g S 352.9  13.5  54:25.71 nts	1693350627511
3211332 toao      20   0  139.1g  17.0g  11.0g S 400.0  13.5  54:30.06 nts	1693350628211
3211332 toao      20   0  139.1g  17.0g  11.0g S 406.2  13.5  54:34.41 nts	1693350628912
3211332 toao      20   0  139.1g  17.0g  11.0g S 341.2  13.5  54:38.72 nts	1693350629616
3211332 toao      20   0  139.1g  17.0g  11.0g S 311.8  13.5  54:43.22 nts	1693350630315
3211332 toao      20   0  139.1g  17.0g  11.0g S 294.1  13.5  54:47.77 nts	1693350631014
3211332 toao      20   0  139.1g  17.0g  11.0g S 247.1  13.5  54:52.08 nts	1693350631714
3211332 toao      20   0  139.1g  17.0g  11.0g S 947.1  13.5  54:56.41 nts	1693350632414
3211332 toao      20   0  139.1g  17.0g  11.0g S  1512  13.5  55:00.92 nts	1693350633115
3211332 toao      20   0  139.7g  17.0g  11.0g S 447.1  13.5  55:03.43 nts	1693350633815
3211332 toao      20   0  139.1g  17.0g  11.0g S 405.9  13.5  55:07.79 nts	1693350634515
3211332 toao      20   0  139.1g  17.0g  11.0g S 400.0  13.5  55:12.23 nts	1693350635219
3211332 toao      20   0  139.1g  17.0g  11.0g S 394.1  13.5  55:16.70 nts	1693350635919
3211332 toao      20   0  139.1g  17.0g  11.0g S 347.1  13.5  55:20.92 nts	1693350636619
3211332 toao      20   0  139.1g  17.0g  11.0g S 294.1  13.5  55:25.28 nts	1693350637319
3211332 toao      20   0  139.1g  17.0g  11.0g S  1388  13.5  55:29.78 nts	1693350638019
3211332 toao      20   0  139.7g  17.0g  11.0g S 747.1  13.5  55:32.92 nts	1693350638719
3211332 toao      20   0  139.1g  17.0g  11.0g S 388.2  13.5  55:36.49 nts	1693350639414
3211332 toao      20   0  139.1g  17.0g  11.0g S 382.4  13.5  55:40.71 nts	1693350640109
3211332 toao      20   0  139.1g  17.0g  11.0g S 425.0  13.5  55:44.95 nts	1693350640802
3211332 toao      20   0  139.1g  17.0g  11.0g S 358.8  13.5  55:49.27 nts	1693350641500
3211332 toao      20   0  139.1g  17.0g  11.0g S 400.0  13.5  55:53.92 nts	1693350642203
3211332 toao      20   0  139.1g  17.0g  11.0g S 252.9  13.5  55:58.36 nts	1693350642907
3211332 toao      20   0  139.1g  17.0g  11.0g S  1512  13.5  56:02.92 nts	1693350643606
3211332 toao      20   0  139.1g  17.0g  11.0g S  1518  13.5  56:07.40 nts	1693350644307
3211332 toao      20   0  139.1g  17.0g  11.0g S 400.0  13.5  56:09.89 nts	1693350645006
3211332 toao      20   0  139.1g  17.0g  11.0g S 376.5  13.5  56:14.11 nts	1693350645710
3211332 toao      20   0  139.1g  17.0g  11.0g S 382.4  13.5  56:18.28 nts	1693350646410
3211332 toao      20   0  139.1g  17.0g  11.0g S 370.6  13.5  56:22.67 nts	1693350647115
3211332 toao      20   0  139.1g  17.0g  11.0g S 258.8  13.5  56:27.02 nts	1693350647819
3211332 toao      20   0  139.1g  17.0g  11.0g S  1488  13.5  56:31.58 nts	1693350648519
3211332 toao      20   0  137.9g  17.0g  11.0g S 200.0  13.5  56:35.62 nts	1693350649219
3211332 toao      20   0  138.5g  17.0g  11.0g S  1512  13.5  56:40.04 nts	1693350649919
3211332 toao      20   0  139.1g  17.0g  11.0g S  1406  13.5  56:44.12 nts	1693350650621
3211332 toao      20   0  139.1g  17.0g  11.0g S 418.8  13.5  56:46.48 nts	1693350651323
3211332 toao      20   0  139.1g  17.0g  11.0g S 425.0  13.5  56:50.82 nts	1693350652023
3211332 toao      20   0  139.1g  17.0g  11.0g S 425.0  13.5  56:55.28 nts	1693350652723
3211332 toao      20   0  139.1g  17.0g  11.0g S 418.8  13.5  56:59.67 nts	1693350653424
3211332 toao      20   0  139.1g  17.0g  11.0g S 368.8  13.5  57:03.85 nts	1693350654124
3211332 toao      20   0  139.1g  17.0g  11.0g S 218.8  13.5  57:08.10 nts	1693350654823
3211332 toao      20   0  139.1g  17.0g  11.0g S 312.5  13.5  57:12.44 nts	1693350655522
3211332 toao      20   0  139.1g  17.0g  11.0g S  1519  13.5  57:16.86 nts	1693350656223
3211332 toao      20   0  139.1g  17.0g  11.0g S  1569  13.5  57:21.21 nts	1693350656922
3211332 toao      20   0  139.5g  17.0g  11.0g S 400.0  13.5  57:23.81 nts	1693350657623
3211332 toao      20   0  139.1g  17.0g  11.0g S 400.0  13.5  57:28.26 nts	1693350658328
3211332 toao      20   0  139.1g  17.0g  11.0g S 400.0  13.5  57:32.72 nts	1693350659031
3211332 toao      20   0  139.1g  17.0g  11.0g S 405.9  13.5  57:37.07 nts	1693350659731
3211332 toao      20   0  139.1g  17.0g  11.0g S 300.0  13.5  57:41.21 nts	1693350660434
3211332 toao      20   0  139.1g  17.0g  11.0g S 382.4  13.5  57:45.51 nts	1693350661135
3211332 toao      20   0  139.1g  17.0g  11.0g S 329.4  13.5  57:49.79 nts	1693350661835
3211332 toao      20   0  139.1g  17.0g  11.0g S 370.6  13.5  57:54.43 nts	1693350662539
3211332 toao      20   0  139.1g  17.0g  11.0g S 568.8  13.5  57:58.75 nts	1693350663242
3211332 toao      20   0  139.1g  17.0g  11.0g S  1588  13.5  58:03.24 nts	1693350663943
3211332 toao      20   0  139.1g  17.0g  11.0g S  1424  13.5  58:07.50 nts	1693350664641
3211332 toao      20   0  139.1g  17.0g  11.0g S  1247  13.5  58:11.42 nts	1693350665347
3211332 toao      20   0  139.1g  17.0g  11.0g S 400.0  13.5  58:14.29 nts	1693350666050
3211332 toao      20   0  139.1g  17.0g  11.0g S 394.1  13.5  58:18.60 nts	1693350666751
3211332 toao      20   0  139.1g  17.0g  11.0g S 400.0  13.5  58:22.90 nts	1693350667451
3211332 toao      20   0  139.1g  17.0g  11.0g S 382.4  13.5  58:27.20 nts	1693350668150
3211332 toao      20   0  139.1g  17.0g  11.0g S 358.8  13.5  58:31.64 nts	1693350668851
3211332 toao      20   0  139.1g  17.0g  11.0g S 341.2  13.5  58:36.04 nts	1693350669550
3211332 toao      20   0  139.1g  17.0g  11.0g S 305.9  13.5  58:40.37 nts	1693350670250
3211332 toao      20   0  139.1g  17.0g  11.0g S 264.7  13.5  58:44.71 nts	1693350670955
3211332 toao      20   0  139.1g  17.0g  11.0g S  1024  13.5  58:49.13 nts	1693350671655
3211332 toao      20   0  139.9g  17.0g  11.0g S  1494  13.5  58:53.42 nts	1693350672354
3211332 toao      20   0  139.9g  17.0g  11.0g S 400.0  13.5  58:55.85 nts	1693350673054
3211332 toao      20   0  139.9g  17.0g  11.0g S 400.0  13.5  59:00.30 nts	1693350673758
3211332 toao      20   0  139.9g  17.0g  11.0g S 377.8  13.5  59:04.91 nts	1693350674461
3211332 toao      20   0  139.9g  17.0g  11.0g S 335.3  13.5  59:09.23 nts	1693350675166
3211332 toao      20   0  139.9g  17.0g  11.0g S 200.0  13.5  59:13.38 nts	1693350675867
3211332 toao      20   0  139.9g  17.0g  11.0g S 376.5  13.5  59:17.71 nts	1693350676571
3211332 toao      20   0  139.9g  17.0g  11.0g S  1518  13.5  59:22.26 nts	1693350677272
3211332 toao      20   0  139.9g  17.0g  11.0g S 425.0  13.5  59:24.67 nts	1693350677972
3211332 toao      20   0  139.9g  17.0g  11.0g S 400.0  13.5  59:28.80 nts	1693350678671
3211332 toao      20   0  139.9g  17.0g  11.0g S 394.1  13.5  59:32.98 nts	1693350679370
3211332 toao      20   0  139.9g  17.0g  11.0g S 352.9  13.5  59:37.22 nts	1693350680070
3211332 toao      20   0  139.9g  17.0g  11.0g S 311.8  13.5  59:41.62 nts	1693350680775
3211332 toao      20   0  139.9g  17.0g  11.0g S 282.4  13.5  59:46.00 nts	1693350681474
3211332 toao      20   0  139.9g  17.0g  11.0g S 272.2  13.5  59:50.32 nts	1693350682174
3211332 toao      20   0  139.9g  17.0g  11.0g S 264.7  13.5  59:54.70 nts	1693350682891
3211332 toao      20   0  139.9g  17.0g  11.0g S 905.9  13.5  59:59.26 nts	1693350683590
3211332 toao      20   0  139.9g  17.0g  11.0g S  1388  13.5  60:03.61 nts	1693350684297
3211332 toao      20   0  139.9g  17.0g  11.0g S  1471  13.5  60:07.81 nts	1693350685000
3211332 toao      20   0  139.9g  17.0g  11.0g S 394.1  13.5  60:10.24 nts	1693350685703
3211332 toao      20   0  139.9g  17.0g  11.0g S 394.1  13.5  60:14.53 nts	1693350686404
3211332 toao      20   0  139.9g  17.0g  11.0g S 394.1  13.5  60:18.81 nts	1693350687107
3211332 toao      20   0  139.9g  17.0g  11.0g S 400.0  13.5  60:23.04 nts	1693350687804
3211332 toao      20   0  139.9g  17.0g  11.0g S 350.0  13.5  60:27.47 nts	1693350688502
3211332 toao      20   0  139.9g  17.0g  11.0g S 300.0  13.5  60:31.69 nts	1693350689210
3211332 toao      20   0  139.9g  17.0g  11.0g S 229.4  13.5  60:35.93 nts	1693350689915
3211332 toao      20   0  139.9g  17.0g  11.0g S  1524  13.5  60:40.52 nts	1693350690615
3211332 toao      20   0  139.9g  17.0g  11.0g S 411.8  13.5  60:43.02 nts	1693350691322
3211332 toao      20   0  139.9g  17.0g  11.0g S 335.3  13.5  60:46.98 nts	1693350692026
3211332 toao      20   0  139.9g  17.0g  11.0g S 394.1  13.5  60:51.19 nts	1693350692731
3211332 toao      20   0  139.9g  17.0g  11.0g S 347.1  13.5  60:55.55 nts	1693350693430
3211332 toao      20   0  139.9g  17.0g  11.0g S 331.2  13.5  61:00.01 nts	1693350694134
3211332 toao      20   0  140.8g  17.0g  11.0g S 372.2  13.5  61:04.56 nts	1693350694830
3211332 toao      20   0  140.8g  17.0g  11.0g S 252.9  13.5  61:09.06 nts	1693350695536
3211332 toao      20   0  140.8g  17.0g  11.0g S  1429  13.5  61:13.46 nts	1693350696239
3211332 toao      20   0  140.8g  17.0g  11.0g S  1512  13.5  61:17.86 nts	1693350696939
3211332 toao      20   0  140.8g  17.0g  11.0g S 394.1  13.5  61:20.23 nts	1693350697640
3211332 toao      20   0  140.8g  17.0g  11.0g S 394.1  13.5  61:24.51 nts	1693350698340
3211332 toao      20   0  140.8g  17.0g  11.0g S 400.0  13.5  61:28.74 nts	1693350699039
3211332 toao      20   0  140.8g  17.0g  11.0g S 323.5  13.5  61:32.97 nts	1693350699738
3211332 toao      20   0  140.8g  17.0g  11.0g S 306.2  13.5  61:37.44 nts	1693350700443
3211332 toao      20   0  140.8g  17.0g  11.0g S  1076  13.5  61:41.80 nts	1693350701142
3211332 toao      20   0  139.6g  17.0g  11.0g S 225.0  13.5  61:45.74 nts	1693350701843
3211332 toao      20   0  139.6g  17.0g  11.0g S  1018  13.5  61:50.06 nts	1693350702545
3211332 toao      20   0  140.2g  17.0g  11.0g S  1328  13.5  61:54.47 nts	1693350703250
3211332 toao      20   0  140.8g  17.0g  11.0g S  1367  13.5  61:58.79 nts	1693350703961
3211332 toao      20   0  140.8g  17.0g  11.0g S 411.8  13.5  62:01.03 nts	1693350704668
3211332 toao      20   0  140.8g  17.0g  11.0g S 394.1  13.5  62:05.31 nts	1693350705377
3211332 toao      20   0  140.8g  17.0g  11.0g S 405.9  13.5  62:09.66 nts	1693350706075
3211332 toao      20   0  140.8g  17.0g  11.0g S 382.4  13.5  62:13.80 nts	1693350706779
3211332 toao      20   0  140.8g  17.0g  11.0g S 305.9  13.5  62:18.04 nts	1693350707478
3211332 toao      20   0  140.8g  17.0g  11.0g S 264.7  13.5  62:22.34 nts	1693350708179
3211332 toao      20   0  140.8g  17.0g  11.0g S 827.8  13.5  62:26.75 nts	1693350708879
3211332 toao      20   0  140.8g  17.0g  11.0g S  1424  13.5  62:31.16 nts	1693350709591
3211332 toao      20   0  140.8g  17.0g  11.0g S  1471  13.5  62:35.62 nts	1693350710295
3211332 toao      20   0  140.8g  17.0g  11.0g S  1465  13.5  62:39.98 nts	1693350711008
3211332 toao      20   0  141.4g  17.0g  11.0g S 500.0  13.5  62:42.59 nts	1693350711707
3211332 toao      20   0  140.8g  17.0g  11.0g S 383.3  13.5  62:46.84 nts	1693350712411
3211332 toao      20   0  140.8g  17.0g  11.0g S 350.0  13.5  62:51.14 nts	1693350713118
3211332 toao      20   0  140.8g  17.0g  11.0g S 400.0  13.5  62:55.38 nts	1693350713827
3211332 toao      20   0  140.8g  17.0g  11.0g S 294.1  13.5  62:59.60 nts	1693350714526
3211332 toao      20   0  140.8g  17.0g  11.0g S 317.6  13.5  63:03.74 nts	1693350715227
3211332 toao      20   0  140.8g  17.0g  11.0g S 294.1  13.5  63:07.87 nts	1693350715931
3211332 toao      20   0  140.8g  17.0g  11.0g S 238.9  13.5  63:12.30 nts	1693350716630
3211332 toao      20   0  140.8g  17.0g  11.0g S 241.2  13.5  63:16.49 nts	1693350717336
3211332 toao      20   0  140.8g  17.0g  11.0g S  1253  13.5  63:21.01 nts	1693350718038
3211332 toao      20   0  140.8g  17.0g  11.0g S  1541  13.5  63:25.41 nts	1693350718745
3211332 toao      20   0  141.4g  17.0g  11.0g S 938.9  13.5  63:28.98 nts	1693350719451
3211332 toao      20   0  140.8g  17.0g  11.0g S 400.0  13.5  63:32.24 nts	1693350720156
3211332 toao      20   0  140.8g  17.0g  11.0g S 358.8  13.5  63:36.51 nts	1693350720858
3211332 toao      20   0  140.8g  17.0g  11.0g S 400.0  13.5  63:40.86 nts	1693350721558
3211332 toao      20   0  140.8g  17.0g  11.0g S 418.8  13.5  63:45.06 nts	1693350722264
3211332 toao      20   0  140.8g  17.0g  11.0g S 358.8  13.5  63:49.29 nts	1693350722964
3211332 toao      20   0  140.8g  17.0g  11.0g S 300.0  13.5  63:53.57 nts	1693350723667
3211332 toao      20   0  140.8g  17.0g  11.0g S 264.7  13.5  63:57.90 nts	1693350724366
3211332 toao      20   0  140.8g  17.0g  11.0g S 817.6  13.5  64:02.28 nts	1693350725068
3211332 toao      20   0  140.8g  17.0g  11.0g S 394.1  13.5  64:04.83 nts	1693350725771
3211332 toao      20   0  140.8g  17.0g  11.0g S 405.9  13.5  64:09.05 nts	1693350726469
3211332 toao      20   0  140.8g  17.0g  11.0g S 372.2  13.5  64:13.51 nts	1693350727171
3211332 toao      20   0  140.8g  17.0g  11.0g S 400.0  13.5  64:17.78 nts	1693350727876
3211332 toao      20   0  140.8g  17.0g  11.0g S 300.0  13.5  64:21.99 nts	1693350728575
3211332 toao      20   0  140.8g  17.0g  11.0g S 276.5  13.5  64:26.17 nts	1693350729279
3211332 toao      20   0  140.8g  17.0g  11.0g S  1194  13.5  64:30.67 nts	1693350729978
3211332 toao      20   0  140.8g  17.0g  11.0g S  1612  13.5  64:35.11 nts	1693350730683
3211332 toao      20   0  140.8g  17.0g  11.0g S  1600  13.5  64:39.48 nts	1693350731382
3211332 toao      20   0  140.8g  17.0g  11.0g S 418.8  13.5  64:41.80 nts	1693350732082
3211332 toao      20   0  140.8g  17.0g  11.0g S 394.1  13.5  64:46.05 nts	1693350732784
3211332 toao      20   0  140.8g  17.0g  11.0g S 382.4  13.5  64:50.34 nts	1693350733487
3211332 toao      20   0  140.8g  17.0g  11.0g S 347.1  13.5  64:54.85 nts	1693350734186
3211332 toao      20   0  140.8g  17.0g  11.0g S 305.9  13.5  64:59.25 nts	1693350734886
3211332 toao      20   0  140.8g  17.0g  11.0g S 375.0  13.5  65:03.74 nts	1693350735585
3211332 toao      20   0  140.8g  17.0g  11.0g S 217.6  13.5  65:07.90 nts	1693350736285
3211332 toao      20   0  140.8g  17.0g  11.0g S 694.1  13.5  65:12.08 nts	1693350736989
3211332 toao      20   0  140.8g  17.0g  11.0g S  1394  13.5  65:16.43 nts	1693350737687
3211332 toao      20   0  140.8g  17.0g  11.0g S 394.1  13.5  65:18.89 nts	1693350738386
3211332 toao      20   0  140.8g  17.0g  11.0g S 400.0  13.5  65:23.19 nts	1693350739086
3211332 toao      20   0  140.8g  17.0g  11.0g S 405.9  13.5  65:27.42 nts	1693350739788
3211332 toao      20   0  140.8g  17.0g  11.0g S 382.4  13.5  65:31.74 nts	1693350740491
3211332 toao      20   0  140.8g  17.0g  11.0g S 358.8  13.5  65:36.09 nts	1693350741195
3211332 toao      20   0  140.8g  17.0g  11.0g S 305.9  13.5  65:40.34 nts	1693350741897
3211332 toao      20   0  140.8g  17.0g  11.0g S 270.6  13.5  65:44.64 nts	1693350742599
3211332 toao      20   0  140.8g  17.0g  11.0g S  1412  13.5  65:49.07 nts	1693350743298
3211332 toao      20   0  140.8g  17.0g  11.0g S 412.5  13.5  65:51.56 nts	1693350744003
3211332 toao      20   0  140.8g  17.0g  11.0g S 425.0  13.5  65:55.90 nts	1693350744702
3211332 toao      20   0  140.8g  17.0g  11.0g S 431.2  13.5  66:00.17 nts	1693350745405
3211332 toao      20   0  140.8g  17.0g  11.0g S 382.4  13.5  66:04.60 nts	1693350746107
3211332 toao      20   0  140.8g  17.0g  11.0g S 364.7  13.5  66:08.95 nts	1693350746806
3211332 toao      20   0  140.8g  17.0g  11.0g S 317.6  13.5  66:13.30 nts	1693350747507
3211332 toao      20   0  140.8g  17.0g  11.0g S 276.5  13.5  66:17.58 nts	1693350748210
3211332 toao      20   0  140.8g  17.0g  11.0g S 658.8  13.5  66:22.05 nts	1693350748911
3211332 toao      20   0  140.8g  17.0g  11.0g S  1506  13.5  66:26.62 nts	1693350749615
3211332 toao      20   0  141.4g  17.0g  11.0g S 841.2  13.5  66:29.73 nts	1693350750318
3211332 toao      20   0  140.8g  17.0g  11.0g S 400.0  13.5  66:33.56 nts	1693350751019
3211332 toao      20   0  140.8g  17.0g  11.0g S 394.1  13.5  66:37.79 nts	1693350751720
3211332 toao      20   0  140.8g  17.0g  11.0g S 317.6  13.5  66:42.09 nts	1693350752419
3211332 toao      20   0  140.8g  17.0g  11.0g S 294.1  13.5  66:46.48 nts	1693350753119
3211332 toao      20   0  140.8g  17.0g  11.0g S 441.2  13.5  66:50.89 nts	1693350753819
3211332 toao      20   0       0      0      0 Z  94.4   0.0  66:51.92 nts	1693350754521
3211332 toao      20   0       0      0      0 Z 100.0   0.0  66:52.63 nts	1693350755230
3211332 toao      20   0       0      0      0 Z 100.0   0.0  66:53.30 nts	1693350755938
3211332 toao      20   0       0      0      0 Z 100.0   0.0  66:53.99 nts	1693350756644
3211332 toao      20   0       0      0      0 Z 100.0   0.0  66:54.69 nts	1693350757348
