2098946 toao      20   0 2487204  99808  67728 R 100.0   0.1   0:00.19 nts	1693191752999
2098946 toao      20   0 8372632 216400 114440 R  7888   0.2   0:29.43 nts	1693191753745
2098946 toao      20   0 8482068 292824 114732 R 205.9   0.2   0:50.03 nts	1693191754449
2098946 toao      20   0 8482068 292824 114732 R 194.1   0.2   0:51.43 nts	1693191755152
2098946 toao      20   0 8482068 292824 114732 R 200.0   0.2   0:52.83 nts	1693191755863
2098946 toao      20   0 8482068 292824 114732 R 200.0   0.2   0:54.23 nts	1693191756568
2098946 toao      20   0 8482068 292824 114732 R 194.4   0.2   0:55.66 nts	1693191757277
2098946 toao      20   0 8482068 316584 114732 R 205.9   0.2   0:57.06 nts	1693191758001
2098946 toao      20   0 8482068 316848 114732 R 212.5   0.2   0:58.44 nts	1693191758704
2098946 toao      20   0 8482068 316848 114732 R 194.1   0.2   0:59.83 nts	1693191759403
2098946 toao      20   0 8482068 316848 114732 R 200.0   0.2   1:01.23 nts	1693191760106
2098946 toao      20   0 8482068 316848 114732 R 200.0   0.2   1:02.62 nts	1693191760810
2098946 toao      20   0 8482068 316848 114732 R 194.1   0.2   1:04.00 nts	1693191761510
2098946 toao      20   0 9950.1m 849744 114860 R  1106   0.6   1:08.04 nts	1693191762210
2098946 toao      20   0 9950.1m 860156 114860 R 923.5   0.7   1:14.48 nts	1693191762911
2098946 toao      20   0 9950.1m 865560 114860 R 864.7   0.7   1:21.95 nts	1693191763615
2098946 toao      20   0 9950.1m 867548 114860 R  1018   0.7   1:29.64 nts	1693191764318
2098946 toao      20   0 9950.1m   1.0g 114860 R  1376   0.8   1:37.90 nts	1693191765021
2098946 toao      20   0 9950.1m   1.2g 114860 R  1135   1.0   1:46.59 nts	1693191765726
2098946 toao      20   0 9950.1m   1.2g 114860 R 900.0   1.0   1:54.95 nts	1693191766427
2098946 toao      20   0 9950.1m   1.2g 114860 R  1424   1.0   2:05.15 nts	1693191767134
2098946 toao      20   0   13.8g   1.2g 114892 R 800.0   1.0   2:13.66 nts	1693191767842
2098946 toao      20   0   13.8g   1.2g 114892 R 188.2   1.0   2:15.02 nts	1693191768546
2098946 toao      20   0   13.8g   1.2g 114892 R 194.1   1.0   2:16.39 nts	1693191769252
2098946 toao      20   0   13.8g   1.3g 114892 R 200.0   1.0   2:17.76 nts	1693191769957
2098946 toao      20   0   13.8g   1.3g 114892 R 183.3   1.0   2:19.13 nts	1693191770662
2098946 toao      20   0   13.8g   1.3g 114892 R 183.3   1.0   2:20.50 nts	1693191771370
2098946 toao      20   0   13.8g   1.3g 114892 R 200.0   1.0   2:21.89 nts	1693191772079
2098946 toao      20   0   13.8g   1.3g 114892 R 194.1   1.0   2:23.25 nts	1693191772786
2098946 toao      20   0   15.4g   1.4g 114892 R 682.4   1.1   2:25.90 nts	1693191773491
2098946 toao      20   0   15.4g   1.5g 114892 R 558.8   1.2   2:29.79 nts	1693191774194
2098946 toao      20   0   15.4g   1.6g 114892 R 500.0   1.3   2:33.48 nts	1693191774901
2098946 toao      20   0   15.4g   1.7g 114892 R 558.8   1.4   2:37.61 nts	1693191775607
2098946 toao      20   0   15.4g   1.8g 114892 R 611.8   1.5   2:42.05 nts	1693191776308
2098946 toao      20   0   15.4g   2.0g 114892 R 729.4   1.6   2:46.89 nts	1693191777008
2098946 toao      20   0   15.4g   2.0g 114892 R 541.2   1.6   2:50.46 nts	1693191777711
2098946 toao      20   0   15.4g   2.2g 114892 R 476.5   1.7   2:54.87 nts	1693191778417
2098946 toao      20   0   19.5g   2.3g 114892 R  1094   1.8   2:59.08 nts	1693191779121
2098946 toao      20   0   19.5g   2.3g 114892 R  94.1   1.8   2:59.78 nts	1693191779821
2098946 toao      20   0   19.5g   2.3g 114892 R  94.1   1.8   3:00.48 nts	1693191780526
2098946 toao      20   0   19.5g   2.3g 114892 R 100.0   1.8   3:01.20 nts	1693191781230
2098946 toao      20   0   19.5g   2.3g 114892 R 105.9   1.8   3:01.90 nts	1693191781936
2098946 toao      20   0   19.5g   2.3g 114892 R 105.9   1.8   3:02.60 nts	1693191782639
2098946 toao      20   0   19.5g   2.3g 114892 R 105.9   1.8   3:03.30 nts	1693191783340
2098946 toao      20   0   19.5g   2.3g 114892 R 100.0   1.8   3:04.00 nts	1693191784041
2098946 toao      20   0   20.4g   2.6g 114892 R  94.1   2.1   3:04.70 nts	1693191784743
2098946 toao      20   0   20.4g   2.8g 114892 R 100.0   2.2   3:05.41 nts	1693191785447
2098946 toao      20   0   20.4g   2.8g 114892 R 100.0   2.2   3:06.12 nts	1693191786153
2098946 toao      20   0   20.4g   2.8g 114892 R 100.0   2.2   3:06.82 nts	1693191786857
2098946 toao      20   0   20.4g   2.8g 114892 R  94.1   2.2   3:07.51 nts	1693191787559
2098946 toao      20   0   20.4g   2.8g 114892 R 100.0   2.2   3:08.22 nts	1693191788258
2098946 toao      20   0   20.4g   2.8g 114892 R 106.2   2.2   3:08.92 nts	1693191788962
2098946 toao      20   0   20.4g   2.8g 114892 R 100.0   2.2   3:09.63 nts	1693191789664
2098946 toao      20   0   20.4g   2.8g 114892 R 105.9   2.2   3:10.33 nts	1693191790368
2098946 toao      20   0   20.4g   2.8g 114892 R 100.0   2.2   3:11.03 nts	1693191791070
2098946 toao      20   0   20.4g   2.8g 114892 R 106.2   2.2   3:11.73 nts	1693191791772
2098946 toao      20   0   20.4g   2.8g 114892 R 100.0   2.2   3:12.43 nts	1693191792475
2098946 toao      20   0   20.4g   2.8g 114892 R 100.0   2.2   3:13.14 nts	1693191793178
2098946 toao      20   0   20.4g   2.8g 114892 R 106.2   2.2   3:13.84 nts	1693191793882
2098946 toao      20   0   20.4g   2.8g 114892 R 106.2   2.2   3:14.54 nts	1693191794582
2098946 toao      20   0   20.4g   2.9g 114892 R 106.2   2.3   3:15.24 nts	1693191795282
2098946 toao      20   0   20.4g   3.0g 114892 R 100.0   2.4   3:15.94 nts	1693191795983
2098946 toao      20   0   20.4g   3.0g 114892 R  94.4   2.4   3:16.65 nts	1693191796690
2098946 toao      20   0   20.4g   3.2g 114892 R 100.0   2.5   3:17.35 nts	1693191797395
2098946 toao      20   0   20.4g   3.2g 114892 R 100.0   2.5   3:18.05 nts	1693191798095
2098946 toao      20   0   20.4g   3.2g 114892 R  94.1   2.5   3:18.75 nts	1693191798794
2098946 toao      20   0   20.4g   3.2g 114892 R 100.0   2.5   3:19.45 nts	1693191799499
2098946 toao      20   0   20.4g   3.2g 114892 R 100.0   2.5   3:20.15 nts	1693191800198
2098946 toao      20   0   20.4g   3.2g 114892 R 100.0   2.5   3:20.86 nts	1693191800899
2098946 toao      20   0   20.4g   3.2g 114892 R 100.0   2.5   3:21.56 nts	1693191801600
2098946 toao      20   0   20.4g   3.2g 114892 R 100.0   2.5   3:22.26 nts	1693191802304
2098946 toao      20   0   20.4g   3.2g 114892 R 100.0   2.5   3:22.96 nts	1693191803007
2098946 toao      20   0   20.4g   3.2g 114892 R 100.0   2.5   3:23.66 nts	1693191803707
2098946 toao      20   0   20.4g   3.2g 114892 R  94.4   2.5   3:24.37 nts	1693191804411
2098946 toao      20   0   20.4g   3.2g 114892 R 100.0   2.5   3:25.07 nts	1693191805116
2098946 toao      20   0   20.4g   3.2g 114892 R 100.0   2.5   3:25.76 nts	1693191805815
2098946 toao      20   0   20.4g   3.2g 114892 R 100.0   2.5   3:26.46 nts	1693191806515
2098946 toao      20   0   20.4g   3.2g 114892 R 106.2   2.5   3:27.17 nts	1693191807214
2098946 toao      20   0   29.9g   3.9g 292196 R 105.9   3.1   3:29.55 nts	1693191807916
2098946 toao      20   0   30.8g   4.6g 418352 R 100.0   3.7   3:30.24 nts	1693191808619
2098946 toao      20   0   32.6g   5.6g 526232 R 105.9   4.5   3:30.95 nts	1693191809320
2098946 toao      20   0   32.7g   6.3g 526232 R 106.2   5.0   3:31.65 nts	1693191810023
2098946 toao      20   0   32.7g   6.3g 526232 R 100.0   5.0   3:32.34 nts	1693191810723
2098946 toao      20   0   32.7g   6.3g 526232 R 106.2   5.0   3:33.05 nts	1693191811423
2098946 toao      20   0   39.5g   8.3g   2.5g R 100.0   6.6   3:33.75 nts	1693191812123
2098946 toao      20   0   39.5g  10.6g   4.8g R 105.9   8.4   3:34.46 nts	1693191812826
2098946 toao      20   0   39.5g  12.8g   7.0g R 100.0  10.2   3:35.15 nts	1693191813531
2098946 toao      20   0   39.6g  13.2g   7.4g R 100.0  10.5   3:35.85 nts	1693191814231
2098946 toao      20   0   39.6g  13.2g   7.4g R 100.0  10.5   3:36.55 nts	1693191814931
2098946 toao      20   0   39.6g  13.2g   7.4g R  94.1  10.5   3:37.24 nts	1693191815630
2098946 toao      20   0   39.6g  13.2g   7.4g R  94.1  10.5   3:37.95 nts	1693191816330
2098946 toao      20   0   39.6g  13.2g   7.4g R 100.0  10.5   3:38.66 nts	1693191817031
2098946 toao      20   0   39.6g  13.2g   7.4g R 100.0  10.5   3:39.36 nts	1693191817730
2098946 toao      20   0   39.6g  13.2g   7.4g R 100.0  10.5   3:40.06 nts	1693191818431
2098946 toao      20   0   39.6g  13.2g   7.4g R 100.0  10.5   3:40.76 nts	1693191819135
2098946 toao      20   0   39.6g  13.2g   7.4g R 100.0  10.5   3:41.47 nts	1693191819838
2098946 toao      20   0   39.6g  13.2g   7.4g R 106.2  10.5   3:42.17 nts	1693191820543
2098946 toao      20   0   39.6g  13.2g   7.4g R 106.2  10.5   3:42.87 nts	1693191821244
2098946 toao      20   0   39.6g  13.2g   7.4g R 100.0  10.5   3:43.57 nts	1693191821944
2098946 toao      20   0   39.6g  13.2g   7.4g R 100.0  10.5   3:44.27 nts	1693191822648
2098946 toao      20   0   39.3g  13.2g   7.4g R  88.9  10.5   3:45.51 nts	1693191823351
2098946 toao      20   0   39.5g  13.3g   7.4g R  2294  10.6   3:54.47 nts	1693191824062
2098946 toao      20   0   39.5g  13.3g   7.4g R  1100  10.6   4:05.39 nts	1693191824764
2098946 toao      20   0   39.5g  13.3g   7.4g S  2306  10.6   4:17.07 nts	1693191825469
2098946 toao      20   0   39.5g  13.3g   7.4g S  2294  10.6   4:29.88 nts	1693191826176
2098946 toao      20   0   39.5g  13.3g   7.4g R  2206  10.6   4:42.34 nts	1693191826879
2098946 toao      20   0   39.5g  13.3g   7.4g R  1912  10.6   4:54.49 nts	1693191827584
2098946 toao      20   0   39.5g  13.3g   7.4g R  1324  10.6   5:06.54 nts	1693191828288
2098946 toao      20   0   39.5g  13.3g   7.4g R 805.9  10.6   5:17.94 nts	1693191828990
2098946 toao      20   0   39.5g  13.3g   7.4g R  2200  10.6   5:30.11 nts	1693191829695
2098946 toao      20   0   39.5g  13.3g   7.4g R  1641  10.6   5:41.76 nts	1693191830396
2098946 toao      20   0   39.5g  13.3g   7.4g R  1700  10.6   5:52.05 nts	1693191831102
2098946 toao      20   0   39.5g  13.3g   7.4g R  1059  10.6   6:02.45 nts	1693191831808
2098946 toao      20   0   39.5g  13.3g   7.4g R  2141  10.6   6:13.64 nts	1693191832514
2098946 toao      20   0   39.5g  13.3g   7.4g R  1276  10.6   6:26.44 nts	1693191833220
2098946 toao      20   0   39.5g  13.3g   7.4g R  1582  10.6   6:39.22 nts	1693191833921
2098946 toao      20   0   39.5g  13.3g   7.4g R  1400  10.6   6:51.91 nts	1693191834623
2098946 toao      20   0   39.5g  13.3g   7.4g S  1735  10.6   7:04.29 nts	1693191835327
2098946 toao      20   0   39.5g  13.3g   7.4g R  2447  10.6   7:17.19 nts	1693191836031
2098946 toao      20   0   94.8g  13.9g   7.9g R 100.0  11.1   7:30.96 nts	1693191836732
2098946 toao      20   0   96.8g  15.1g   9.0g R 200.0  12.0   7:33.82 nts	1693191837438
2098946 toao      20   0   98.6g  16.2g  10.1g R 200.0  12.9   7:35.22 nts	1693191838145
2098946 toao      20   0  101.7g  16.3g  10.3g S  2400  13.0   7:40.94 nts	1693191838849
2098946 toao      20   0  103.8g  16.4g  10.3g S  1412  13.1   7:50.69 nts	1693191839550
2098946 toao      20   0  103.9g  16.4g  10.3g S  1594  13.1   8:02.52 nts	1693191840256
2098946 toao      20   0  104.7g  16.5g  10.3g S  1059  13.1   8:12.59 nts	1693191840969
2098946 toao      20   0  106.4g  16.5g  10.3g S 683.3  13.2   8:22.15 nts	1693191841672
2098946 toao      20   0  105.8g  16.5g  10.3g S  1506  13.1   8:33.04 nts	1693191842381
2098946 toao      20   0  106.5g  16.6g  10.3g S  1333  13.2   8:43.87 nts	1693191843081
2098946 toao      20   0  105.8g  16.5g  10.3g S  1506  13.2   8:54.11 nts	1693191843787
2098946 toao      20   0  106.6g  16.6g  10.3g S 970.6  13.2   9:04.16 nts	1693191844487
2098946 toao      20   0  106.6g  16.5g  10.3g S  1800  13.2   9:15.19 nts	1693191845187
2098946 toao      20   0  106.6g  16.6g  10.3g S  1847  13.3   9:25.13 nts	1693191845890
2098946 toao      20   0  107.2g  16.6g  10.3g S 633.3  13.3   9:34.64 nts	1693191846592
2098946 toao      20   0  106.6g  16.6g  10.3g S  1553  13.2   9:46.50 nts	1693191847298
2098946 toao      20   0  106.6g  16.5g  10.3g S  1582  13.2   9:57.53 nts	1693191848004
2098946 toao      20   0  106.7g  16.6g  10.3g S  2176  13.2  10:07.80 nts	1693191848707
2098946 toao      20   0  107.3g  16.6g  10.3g S  1406  13.3  10:17.43 nts	1693191849407
2098946 toao      20   0  106.7g  16.6g  10.3g S  1967  13.2  10:28.79 nts	1693191850108
2098946 toao      20   0  106.7g  16.6g  10.3g S 947.1  13.2  10:37.97 nts	1693191850817
2098946 toao      20   0  106.7g  16.6g  10.3g S  1882  13.2  10:49.54 nts	1693191851518
2098946 toao      20   0  107.3g  16.6g  10.3g S  1200  13.3  10:59.38 nts	1693191852220
2098946 toao      20   0  123.9g  16.5g  10.3g S  1647  13.2  11:10.29 nts	1693191852919
2098946 toao      20   0  125.2g  16.5g  10.3g S  1629  13.2  11:18.99 nts	1693191853621
2098946 toao      20   0  125.9g  16.6g  10.3g S 994.1  13.3  11:28.65 nts	1693191854322
2098946 toao      20   0  125.8g  16.5g  10.3g S  1724  13.2  11:39.86 nts	1693191855024
2098946 toao      20   0  125.9g  16.6g  10.3g S  1124  13.3  11:49.85 nts	1693191855734
2098946 toao      20   0  126.5g  16.6g  10.3g S  1281  13.3  12:00.04 nts	1693191856444
2098946 toao      20   0  126.4g  16.6g  10.3g S  2106  13.2  12:10.86 nts	1693191857144
2098946 toao      20   0  126.3g  16.5g  10.3g S  2082  13.2  12:21.88 nts	1693191857848
2098946 toao      20   0  126.7g  16.6g  10.3g S  2100  13.3  12:31.90 nts	1693191858549
2098946 toao      20   0  126.7g  16.6g  10.3g S  1353  13.3  12:42.53 nts	1693191859252
2098946 toao      20   0  126.7g  16.6g  10.3g S  2165  13.2  12:53.05 nts	1693191859956
2098946 toao      20   0  126.9g  16.6g  10.3g S 952.9  13.3  13:02.28 nts	1693191860659
2098946 toao      20   0  126.7g  16.6g  10.3g S  1950  13.2  13:13.66 nts	1693191861363
2098946 toao      20   0  126.7g  16.6g  10.3g S  1612  13.2  13:24.81 nts	1693191862065
2098946 toao      20   0  126.7g  16.6g  10.3g S  2100  13.2  13:35.36 nts	1693191862768
2098946 toao      20   0  127.3g  16.6g  10.3g S  1253  13.3  13:45.20 nts	1693191863471
2098946 toao      20   0  126.7g  16.6g  10.3g S  2188  13.3  13:56.73 nts	1693191864175
2098946 toao      20   0  127.2g  16.6g  10.3g S 976.5  13.3  14:06.07 nts	1693191864877
2098946 toao      20   0  126.7g  16.6g  10.3g S  2065  13.2  14:17.90 nts	1693191865580
2098946 toao      20   0  127.3g  16.6g  10.3g S  1035  13.3  14:27.50 nts	1693191866285
2098946 toao      20   0  126.7g  16.6g  10.3g S  2182  13.3  14:39.28 nts	1693191866988
2098946 toao      20   0  126.3g  16.6g  10.3g S  1029  13.2  14:48.13 nts	1693191867688
2098946 toao      20   0  127.5g  16.6g  10.3g S  1065  13.3  14:57.90 nts	1693191868391
2098946 toao      20   0  126.9g  16.6g  10.3g S  2129  13.2  15:09.15 nts	1693191869095
2098946 toao      20   0  126.9g  16.6g  10.3g S  1288  13.2  15:19.76 nts	1693191869796
2098946 toao      20   0  127.4g  16.6g  10.3g S  1835  13.2  15:29.74 nts	1693191870500
2098946 toao      20   0  127.4g  16.6g  10.3g S 941.2  13.2  15:39.39 nts	1693191871205
2098946 toao      20   0  128.0g  16.5g  10.3g S  1853  13.2  15:50.66 nts	1693191871906
2098946 toao      20   0  128.1g  16.6g  10.3g S 976.5  13.3  16:00.43 nts	1693191872612
2098946 toao      20   0  128.0g  16.5g  10.3g S  1782  13.2  16:11.88 nts	1693191873315
2098946 toao      20   0  128.1g  16.6g  10.3g S  1082  13.3  16:21.76 nts	1693191874016
2098946 toao      20   0  128.1g  16.6g  10.3g S  1329  13.2  16:32.28 nts	1693191874719
2098946 toao      20   0  128.1g  16.6g  10.3g S  2165  13.3  16:42.95 nts	1693191875423
2098946 toao      20   0  128.0g  16.5g  10.3g S  1576  13.2  16:53.92 nts	1693191876125
2098946 toao      20   0  128.1g  16.6g  10.3g S  1265  13.3  17:03.91 nts	1693191876827
2098946 toao      20   0  128.6g  16.6g  10.3g S 829.4  13.3  17:13.89 nts	1693191877531
2098946 toao      20   0  128.1g  16.6g  10.3g S  2106  13.3  17:25.44 nts	1693191878236
2098946 toao      20   0  128.6g  16.6g  10.3g S  1206  13.3  17:35.28 nts	1693191878939
2098946 toao      20   0  128.1g  16.6g  10.3g S  2065  13.3  17:46.65 nts	1693191879644
2098946 toao      20   0  128.6g  16.6g  10.3g S  1000  13.3  17:56.62 nts	1693191880349
2098946 toao      20   0  128.1g  16.6g  10.3g S  1682  13.3  18:07.82 nts	1693191881056
2098946 toao      20   0  126.2g  16.6g  10.3g S 911.8  13.2  18:16.82 nts	1693191881758
2098946 toao      20   0  127.4g  16.6g  10.3g S  1182  13.2  18:26.87 nts	1693191882463
2098946 toao      20   0  127.4g  16.6g  10.3g S  1647  13.3  18:37.56 nts	1693191883169
2098946 toao      20   0  128.0g  16.5g  10.3g S  1512  13.2  18:48.52 nts	1693191883871
2098946 toao      20   0  128.3g  16.6g  10.3g S  2338  13.3  18:58.65 nts	1693191884572
2098946 toao      20   0  128.3g  16.6g  10.3g S 929.4  13.3  19:07.84 nts	1693191885277
2098946 toao      20   0  128.2g  16.5g  10.3g S  1559  13.2  19:18.84 nts	1693191885979
2098946 toao      20   0  128.9g  16.6g  10.3g S 764.7  13.3  19:29.33 nts	1693191886686
2098946 toao      20   0  128.3g  16.6g  10.3g S  2165  13.3  19:41.18 nts	1693191887391
2098946 toao      20   0  128.5g  16.6g  10.3g S 888.2  13.3  19:50.38 nts	1693191888096
2098946 toao      20   0  128.2g  16.5g  10.3g S  1724  13.2  20:01.57 nts	1693191888798
2098946 toao      20   0  128.3g  16.6g  10.3g S  1159  13.3  20:11.53 nts	1693191889499
2098946 toao      20   0  128.2g  16.5g  10.3g S  1724  13.2  20:22.68 nts	1693191890198
2098946 toao      20   0  128.3g  16.6g  10.3g S  1006  13.3  20:32.53 nts	1693191890903
2098946 toao      20   0  128.2g  16.5g  10.3g S  1806  13.2  20:43.73 nts	1693191891602
2098946 toao      20   0  128.3g  16.6g  10.3g S  1118  13.3  20:53.62 nts	1693191892302
2098946 toao      20   0  128.2g  16.5g  10.3g S  1675  13.2  21:04.63 nts	1693191893003
2098946 toao      20   0  128.3g  16.6g  10.3g S  1769  13.3  21:14.68 nts	1693191893703
2098946 toao      20   0  128.2g  16.5g  10.3g S  1518  13.2  21:25.53 nts	1693191894406
2098946 toao      20   0  128.3g  16.6g  10.3g S  1765  13.3  21:35.86 nts	1693191895107
2098946 toao      20   0  126.4g  16.5g  10.3g S  1681  13.2  21:46.91 nts	1693191895813
2098946 toao      20   0  127.0g  16.5g  10.3g S  1712  13.2  21:56.02 nts	1693191896513
2098946 toao      20   0  127.7g  16.6g  10.3g S  1065  13.3  22:05.78 nts	1693191897216
2098946 toao      20   0  127.6g  16.5g  10.3g S  1741  13.2  22:16.98 nts	1693191897914
2098946 toao      20   0  127.7g  16.6g  10.3g S  1106  13.3  22:26.92 nts	1693191898620
2098946 toao      20   0  128.7g  16.6g  10.3g S 976.5  13.3  22:35.84 nts	1693191899320
2098946 toao      20   0  128.3g  16.6g  10.3g S  2100  13.3  22:47.74 nts	1693191900020
2098946 toao      20   0  128.2g  16.5g  10.3g S  1559  13.2  22:58.82 nts	1693191900727
2098946 toao      20   0  128.3g  16.6g  10.3g S  2141  13.3  23:08.96 nts	1693191901430
2098946 toao      20   0  128.9g  16.6g  10.3g S 952.9  13.3  23:18.44 nts	1693191902133
2098946 toao      20   0  128.2g  16.5g  10.3g S  1712  13.2  23:29.44 nts	1693191902835
2098946 toao      20   0  128.3g  16.6g  10.3g S 977.8  13.3  23:39.46 nts	1693191903535
2098946 toao      20   0  128.2g  16.5g  10.3g S  1724  13.2  23:50.79 nts	1693191904246
2098946 toao      20   0  128.3g  16.6g  10.3g S  1106  13.3  24:00.73 nts	1693191904951
2098946 toao      20   0  128.2g  16.5g  10.3g S  1800  13.2  24:11.96 nts	1693191905652
2098946 toao      20   0  128.3g  16.6g  10.3g S  1259  13.3  24:21.82 nts	1693191906354
2098946 toao      20   0  128.2g  16.5g  10.3g S  1565  13.2  24:32.73 nts	1693191907059
2098946 toao      20   0  128.3g  16.6g  10.3g S  1706  13.3  24:42.78 nts	1693191907763
2098946 toao      20   0  128.3g  16.6g  10.3g S  1335  13.3  24:53.44 nts	1693191908464
2098946 toao      20   0  128.3g  16.5g  10.3g S  1217  13.2  25:03.37 nts	1693191909168
2098946 toao      20   0  128.2g  16.5g  10.3g S  1606  13.2  25:15.12 nts	1693191909881
2098946 toao      20   0  127.0g  16.5g  10.3g S  1671  13.2  25:24.41 nts	1693191910584
2098946 toao      20   0  128.3g  16.6g  10.3g S  1894  13.3  25:33.79 nts	1693191911289
2098946 toao      20   0  128.9g  16.6g  10.3g S  1065  13.3  25:43.34 nts	1693191911989
2098946 toao      20   0  128.3g  16.6g  10.3g S  1994  13.3  25:54.93 nts	1693191912691
2098946 toao      20   0  128.3g  16.6g  10.3g S 935.3  13.3  26:04.06 nts	1693191913395
2098946 toao      20   0  128.2g  16.6g  10.3g S  1759  13.2  26:15.30 nts	1693191914100
2098946 toao      20   0  128.3g  16.6g  10.3g S  1050  13.3  26:25.04 nts	1693191914803
2098946 toao      20   0  128.2g  16.6g  10.3g S  1688  13.2  26:36.21 nts	1693191915504
2098946 toao      20   0  128.3g  16.6g  10.3g S 994.1  13.3  26:46.10 nts	1693191916208
2098946 toao      20   0  128.2g  16.6g  10.3g S  1671  13.2  26:57.18 nts	1693191916911
2098946 toao      20   0  128.3g  16.6g  10.3g S  1847  13.3  27:07.06 nts	1693191917614
2098946 toao      20   0  128.9g  16.6g  10.3g S 947.1  13.3  27:16.89 nts	1693191918316
2098946 toao      20   0  128.3g  16.6g  10.3g S  1318  13.3  27:28.11 nts	1693191919019
2098946 toao      20   0  128.2g  16.6g  10.3g S  1856  13.2  27:39.33 nts	1693191919723
2098946 toao      20   0  128.3g  16.6g  10.3g S  1272  13.3  27:49.36 nts	1693191920424
2098946 toao      20   0  128.2g  16.6g  10.3g S  1576  13.2  28:00.40 nts	1693191921138
2098946 toao      20   0  128.3g  16.6g  10.3g S  1938  13.3  28:10.59 nts	1693191921843
2098946 toao      20   0  128.9g  16.6g  10.3g S 864.7  13.3  28:20.48 nts	1693191922544
2098946 toao      20   0  128.3g  16.6g  10.3g S  1882  13.3  28:31.97 nts	1693191923251
2098946 toao      20   0  128.2g  16.6g  10.3g S  1612  13.2  28:43.03 nts	1693191923955
2098946 toao      20   0  126.5g  16.6g  10.3g S  1453  13.2  28:53.25 nts	1693191924656
2098946 toao      20   0  127.1g  16.6g  10.3g S  1100  13.3  29:02.19 nts	1693191925360
2098946 toao      20   0  127.6g  16.5g  10.3g S  1700  13.2  29:13.02 nts	1693191926064
2098946 toao      20   0  128.3g  16.6g  10.3g S  1300  13.3  29:23.19 nts	1693191926764
2098946 toao      20   0  128.3g  16.6g  10.3g S  1206  13.3  29:33.61 nts	1693191927477
2098946 toao      20   0  128.3g  16.6g  10.3g S  2224  13.3  29:44.52 nts	1693191928180
2098946 toao      20   0  128.3g  16.6g  10.3g S  1012  13.3  29:53.60 nts	1693191928893
2098946 toao      20   0  128.3g  16.6g  10.3g S  1982  13.3  30:05.63 nts	1693191929597
2098946 toao      20   0  128.3g  16.6g  10.3g S 883.3  13.3  30:14.81 nts	1693191930302
2098946 toao      20   0  128.3g  16.6g  10.3g S  1894  13.2  30:26.43 nts	1693191931007
2098946 toao      20   0  128.3g  16.6g  10.3g S 952.9  13.3  30:36.18 nts	1693191931709
2098946 toao      20   0  128.2g  16.6g  10.3g S  1700  13.2  30:47.38 nts	1693191932414
2098946 toao      20   0  128.3g  16.6g  10.3g S  1406  13.3  30:57.25 nts	1693191933115
2098946 toao      20   0  128.2g  16.6g  10.3g S  1735  13.2  31:08.51 nts	1693191933819
2098946 toao      20   0  128.3g  16.6g  10.3g S  1053  13.3  31:18.33 nts	1693191934523
2098946 toao      20   0  128.2g  16.6g  10.3g S  1994  13.2  31:29.31 nts	1693191935226
2098946 toao      20   0  128.3g  16.6g  10.3g S  1356  13.3  31:39.33 nts	1693191935931
2098946 toao      20   0  128.3g  16.6g  10.3g S  1341  13.2  31:49.99 nts	1693191936635
2098946 toao      20   0  128.2g  16.6g  10.3g S  1594  13.2  31:59.83 nts	1693191937336
2098946 toao      20   0  128.3g  16.6g  10.3g S  1718  13.3  32:11.07 nts	1693191938039
2098946 toao      20   0  128.3g  16.6g  10.3g S  1729  13.3  32:21.78 nts	1693191938740
2098946 toao      20   0  127.1g  16.6g  10.3g S  1000  13.3  32:30.77 nts	1693191939442
2098946 toao      20   0  127.6g  16.5g  10.3g S  1675  13.2  32:41.77 nts	1693191940144
2098946 toao      20   0  127.7g  16.6g  10.3g S  1253  13.3  32:51.89 nts	1693191940846
2098946 toao      20   0  128.2g  16.6g  10.3g S  1547  13.2  33:02.80 nts	1693191941551
2098946 toao      20   0  128.3g  16.6g  10.3g S  2194  13.3  33:12.81 nts	1693191942252
2098946 toao      20   0  128.3g  16.6g  10.3g S 917.6  13.3  33:21.90 nts	1693191942954
2098946 toao      20   0  128.3g  16.6g  10.3g S  2141  13.3  33:33.85 nts	1693191943656
2098946 toao      20   0  128.3g  16.6g  10.3g S 905.9  13.3  33:42.96 nts	1693191944359
2098946 toao      20   0  128.3g  16.6g  10.3g S  2218  13.3  33:55.15 nts	1693191945060
2098946 toao      20   0  128.3g  16.6g  10.3g S 958.8  13.3  34:04.42 nts	1693191945763
2098946 toao      20   0  128.2g  16.6g  10.3g S  1582  13.2  34:15.45 nts	1693191946467
2098946 toao      20   0  128.3g  16.6g  10.3g S  1124  13.3  34:25.76 nts	1693191947170
2098946 toao      20   0  128.3g  16.6g  10.3g S  2153  13.3  34:37.74 nts	1693191947871
2098946 toao      20   0  128.3g  16.6g  10.3g S 947.1  13.3  34:46.93 nts	1693191948573
2098946 toao      20   0  128.2g  16.6g  10.3g S  1765  13.2  34:58.31 nts	1693191949275
2098946 toao      20   0  128.3g  16.6g  10.3g S  1059  13.3  35:08.29 nts	1693191949980
2098946 toao      20   0  128.2g  16.6g  10.3g S  1639  13.2  35:19.57 nts	1693191950683
2098946 toao      20   0  128.3g  16.6g  10.3g S  1165  13.3  35:29.48 nts	1693191951399
2098946 toao      20   0  128.2g  16.6g  10.3g S  1838  13.2  35:40.64 nts	1693191952102
2098946 toao      20   0  128.3g  16.6g  10.3g S 900.0  13.3  35:50.69 nts	1693191952803
2098946 toao      20   0  127.0g  16.5g  10.3g S  1600  13.2  36:01.47 nts	1693191953522
2098946 toao      20   0  127.7g  16.6g  10.3g S  1988  13.3  36:11.00 nts	1693191954225
2098946 toao      20   0  128.1g  16.6g  10.3g S 894.1  13.3  36:20.46 nts	1693191954929
2098946 toao      20   0  128.2g  16.6g  10.3g S  1524  13.2  36:31.26 nts	1693191955633
2098946 toao      20   0  128.3g  16.6g  10.3g S  1112  13.3  36:41.53 nts	1693191956336
2098946 toao      20   0  128.2g  16.6g  10.3g S  1582  13.2  36:52.58 nts	1693191957036
2098946 toao      20   0  128.3g  16.6g  10.3g S  1676  13.3  37:02.36 nts	1693191957740
2098946 toao      20   0  128.2g  16.6g  10.3g S  1576  13.2  37:13.68 nts	1693191958444
2098946 toao      20   0  128.3g  16.6g  10.3g S  1582  13.3  37:23.96 nts	1693191959144
2098946 toao      20   0  128.2g  16.6g  10.3g S  1994  13.2  37:34.85 nts	1693191959848
2098946 toao      20   0  128.3g  16.7g  10.3g S  2224  13.3  37:45.18 nts	1693191960550
2098946 toao      20   0  128.3g  16.7g  10.3g S 841.2  13.3  37:54.37 nts	1693191961254
2098946 toao      20   0  128.3g  16.6g  10.3g S  2176  13.3  38:06.40 nts	1693191961958
2098946 toao      20   0  128.3g  16.6g  10.3g S  1200  13.3  38:16.67 nts	1693191962660
2098946 toao      20   0  128.3g  16.7g  10.3g S  2118  13.3  38:27.41 nts	1693191963362
2098946 toao      20   0  128.4g  16.7g  10.3g S 923.5  13.3  38:36.57 nts	1693191964068
2098946 toao      20   0  128.2g  16.6g  10.3g S  1482  13.2  38:47.39 nts	1693191964772
2098946 toao      20   0  128.3g  16.6g  10.3g S  1071  13.3  38:57.66 nts	1693191965476
2098946 toao      20   0  128.2g  16.6g  10.3g S  1688  13.2  39:08.87 nts	1693191966178
2098946 toao      20   0  128.3g  16.6g  10.3g S  1124  13.3  39:18.82 nts	1693191966881
2098946 toao      20   0  126.4g  16.5g  10.3g S  1588  13.2  39:29.72 nts	1693191967582
2098946 toao      20   0  127.1g  16.6g  10.3g S  2041  13.3  39:39.48 nts	1693191968282
2098946 toao      20   0  127.7g  16.6g  10.3g S  1065  13.3  39:48.71 nts	1693191968989
2098946 toao      20   0  128.2g  16.6g  10.3g S  1644  13.2  39:59.51 nts	1693191969694
2098946 toao      20   0  128.3g  16.7g  10.3g S  1129  13.3  40:09.65 nts	1693191970394
2098946 toao      20   0  128.9g  16.7g  10.3g S  1100  13.3  40:19.94 nts	1693191971101
2098946 toao      20   0  128.3g  16.7g  10.3g S  2165  13.3  40:30.85 nts	1693191971807
2098946 toao      20   0  128.2g  16.6g  10.3g S  2094  13.2  40:41.87 nts	1693191972511
2098946 toao      20   0  128.3g  16.7g  10.3g S  2194  13.3  40:51.99 nts	1693191973214
2098946 toao      20   0  128.3g  16.7g  10.3g S  1276  13.3  41:02.53 nts	1693191973919
2098946 toao      20   0  128.3g  16.7g  10.3g S  2124  13.3  41:13.07 nts	1693191974620
2098946 toao      20   0  128.3g  16.7g  10.3g S  1100  13.3  41:22.18 nts	1693191975319
2098946 toao      20   0  128.2g  16.6g  10.3g S  1718  13.2  41:33.36 nts	1693191976019
2098946 toao      20   0  128.9g  16.7g  10.3g S  1235  13.3  41:43.76 nts	1693191976717
2098946 toao      20   0  128.3g  16.7g  10.3g S  1971  13.3  41:54.85 nts	1693191977418
2098946 toao      20   0  128.3g  16.7g  10.3g S  1175  13.3  42:04.47 nts	1693191978122
2098946 toao      20   0  128.2g  16.6g  10.3g S  1741  13.2  42:15.84 nts	1693191978822
2098946 toao      20   0  128.3g  16.7g  10.3g S  1035  13.3  42:25.80 nts	1693191979526
2098946 toao      20   0  128.2g  16.6g  10.3g S  1565  13.2  42:36.78 nts	1693191980227
2098946 toao      20   0  128.3g  16.7g  10.3g S  1412  13.3  42:46.99 nts	1693191980927
2098946 toao      20   0  127.6g  16.6g  10.3g S  1494  13.2  42:58.01 nts	1693191981627
2098946 toao      20   0       0      0      0 Z 100.0   0.0  42:59.32 nts	1693191982335
2098946 toao      20   0       0      0      0 Z 100.0   0.0  43:00.02 nts	1693191983043
2098946 toao      20   0       0      0      0 Z  88.9   0.0  43:00.70 nts	1693191983751
2098946 toao      20   0       0      0      0 Z 100.0   0.0  43:01.40 nts	1693191984458
