99411 root      20   0 2535644  98048  67148 R  94.1   0.0   0:00.17 nts	1696908731007
99411 root      20   0 9599564 214388 113604 R  8865   0.0   0:30.71 nts	1696908731705
99411 root      20   0 9672328 278804 113732 R 188.2   0.0   0:54.07 nts	1696908732408
99411 root      20   0 9672328 278804 113732 R 188.2   0.0   0:55.43 nts	1696908733099
99411 root      20   0 9672328 278804 113732 R 194.1   0.0   0:56.80 nts	1696908733789
99411 root      20   0 9672328 278804 113732 R 200.0   0.0   0:58.16 nts	1696908734480
99411 root      20   0 9672328 278804 113732 R 206.2   0.0   0:59.52 nts	1696908735172
99411 root      20   0 9672328 278804 113732 R 212.5   0.0   1:00.89 nts	1696908735863
99411 root      20   0 9672328 278804 113732 R 188.2   0.0   1:02.24 nts	1696908736554
99411 root      20   0 9672328 278804 113732 R 188.2   0.0   1:03.61 nts	1696908737246
99411 root      20   0 9672328 278804 113732 R 194.1   0.0   1:04.97 nts	1696908737937
99411 root      20   0   10.5g 766952 113856 R  1341   0.1   1:11.76 nts	1696908738628
99411 root      20   0   10.5g 786388 113856 R  1341   0.1   1:20.86 nts	1696908739325
99411 root      20   0   10.5g 795796 113856 R  1381   0.1   1:30.58 nts	1696908740021
99411 root      20   0   10.5g 796060 113856 R  1306   0.1   1:40.04 nts	1696908740717
99411 root      20   0   15.5g 803012 113884 R 193.8   0.1   1:43.04 nts	1696908741413
99411 root      20   0   15.5g 808028 113884 R 188.2   0.1   1:44.38 nts	1696908742105
99411 root      20   0   15.5g 811460 113884 R 194.1   0.1   1:45.72 nts	1696908742796
99411 root      20   0   15.5g 817796 113884 R 194.1   0.1   1:47.07 nts	1696908743487
99411 root      20   0   16.8g 907476 113884 S 400.0   0.1   1:49.23 nts	1696908744180
99411 root      20   0   16.8g   1.0g 113884 R 405.9   0.1   1:52.15 nts	1696908744874
99411 root      20   0   16.8g   1.1g 113884 R 411.8   0.2   1:55.04 nts	1696908745569
99411 root      20   0   21.8g   1.3g 113884 R 347.1   0.2   1:57.85 nts	1696908746264
99411 root      20   0   21.8g   1.3g 113884 R 100.0   0.2   1:59.38 nts	1696908746958
99411 root      20   0   21.8g   1.3g 113884 R 100.0   0.2   2:00.06 nts	1696908747649
99411 root      20   0   21.8g   1.3g 113884 R 100.0   0.2   2:00.75 nts	1696908748337
99411 root      20   0   21.8g   1.3g 113884 R 106.2   0.2   2:01.44 nts	1696908749023
99411 root      20   0   21.8g   1.3g 113884 R 106.2   0.2   2:02.13 nts	1696908749715
99411 root      20   0   22.3g   1.6g 113884 R 106.2   0.2   2:02.82 nts	1696908750404
99411 root      20   0   22.3g   1.7g 113884 R 106.2   0.2   2:03.50 nts	1696908751091
99411 root      20   0   22.3g   1.7g 113884 R 100.0   0.2   2:04.20 nts	1696908751785
99411 root      20   0   22.3g   1.8g 113884 R 106.2   0.2   2:04.89 nts	1696908752473
99411 root      20   0   22.3g   1.8g 113884 R 100.0   0.2   2:05.58 nts	1696908753161
99411 root      20   0   22.3g   1.8g 113884 R 106.2   0.2   2:06.27 nts	1696908753853
99411 root      20   0   22.3g   1.8g 113884 R 106.2   0.2   2:06.96 nts	1696908754543
99411 root      20   0   22.3g   1.8g 113884 R  94.1   0.2   2:07.64 nts	1696908755235
99411 root      20   0   22.3g   1.8g 113884 R 100.0   0.2   2:08.34 nts	1696908755924
99411 root      20   0   22.3g   1.8g 113884 R 100.0   0.2   2:09.03 nts	1696908756617
99411 root      20   0   22.3g   1.8g 113884 R  94.1   0.2   2:09.72 nts	1696908757310
99411 root      20   0   22.3g   1.8g 113884 R  94.1   0.2   2:10.41 nts	1696908758000
99411 root      20   0   22.3g   1.8g 113884 R 100.0   0.2   2:11.10 nts	1696908758689
99411 root      20   0   22.3g   1.8g 113884 R 100.0   0.2   2:11.79 nts	1696908759383
99411 root      20   0   22.3g   1.8g 113884 R 100.0   0.2   2:12.49 nts	1696908760073
99411 root      20   0   22.3g   1.8g 113884 R  94.1   0.2   2:13.17 nts	1696908760766
99411 root      20   0   22.3g   1.8g 113884 R 100.0   0.2   2:13.87 nts	1696908761455
99411 root      20   0   22.3g   1.8g 113884 R  94.1   0.2   2:14.56 nts	1696908762147
99411 root      20   0   22.3g   1.8g 113884 R 100.0   0.2   2:15.26 nts	1696908762840
99411 root      20   0   22.3g   1.8g 113884 R  94.1   0.2   2:15.94 nts	1696908763529
99411 root      20   0   22.3g   1.8g 113884 R 100.0   0.2   2:16.63 nts	1696908764221
99411 root      20   0   22.3g   1.8g 113884 R 100.0   0.2   2:17.32 nts	1696908764914
99411 root      20   0   22.3g   1.8g 113884 R 100.0   0.2   2:18.02 nts	1696908765604
99411 root      20   0   22.3g   1.8g 113884 R  94.1   0.2   2:18.70 nts	1696908766296
99411 root      20   0   22.3g   1.8g 113884 R 100.0   0.2   2:19.40 nts	1696908766986
99411 root      20   0   22.3g   1.8g 113884 R  94.1   0.2   2:20.09 nts	1696908767678
99411 root      20   0   22.3g   1.8g 113884 R 100.0   0.2   2:20.78 nts	1696908768369
99411 root      20   0   22.3g   1.8g 113884 R 100.0   0.2   2:21.47 nts	1696908769057
99411 root      20   0   22.3g   1.8g 113884 R  94.1   0.2   2:22.16 nts	1696908769750
99411 root      20   0   22.3g   1.8g 113884 R  94.1   0.2   2:22.85 nts	1696908770441
99411 root      20   0   22.4g   1.8g 114960 D  41.2   0.2   2:24.16 nts	1696908771128
99411 root      20   0   54.8g   1.8g 114960 R 100.0   0.2   2:24.52 nts	1696908771814
99411 root      20   0   55.6g   2.1g 265620 D   5.9   0.3   2:24.90 nts	1696908772500
99411 root      20   0   56.0g   2.5g 320836 R 106.2   0.3   2:25.54 nts	1696908773192
99411 root      20   0   56.2g   2.7g 357228 R 106.2   0.4   2:25.87 nts	1696908773882
99411 root      20   0   56.6g   3.1g 406084 R   0.0   0.4   2:26.36 nts	1696908774576
99411 root      20   0   57.0g   3.4g 503892 R 100.0   0.5   2:26.87 nts	1696908775267
99411 root      20   0   58.7g   4.0g   1.0g R 105.9   0.6   2:28.96 nts	1696908775958
99411 root      20   0   58.8g   4.2g   1.1g R 300.0   0.6   2:30.73 nts	1696908776649
99411 root      20   0   61.5g   4.5g   1.2g R 100.0   0.6   2:32.15 nts	1696908777338
99411 root      20   0   62.4g   4.8g   1.2g R 211.8   0.7   2:33.85 nts	1696908778031
99411 root      20   0   62.8g   4.9g   1.2g R 252.9   0.7   2:35.03 nts	1696908778727
99411 root      20   0   63.0g   5.0g   1.2g R 106.2   0.7   2:36.40 nts	1696908779422
99411 root      20   0   63.2g   5.2g   1.2g R 217.6   0.7   2:37.86 nts	1696908780116
99411 root      20   0   63.7g   5.4g   1.2g R 188.2   0.7   2:39.03 nts	1696908780811
99411 root      20   0   63.8g   5.5g   1.2g R 129.4   0.8   2:40.45 nts	1696908781503
99411 root      20   0   64.1g   5.7g   1.2g R 247.1   0.8   2:41.82 nts	1696908782198
99411 root      20   0   64.1g   5.8g   1.2g R 129.4   0.8   2:42.97 nts	1696908782893
99411 root      20   0   64.4g   6.1g   1.2g R 194.1   0.8   2:44.66 nts	1696908783586
99411 root      20   0   64.7g   6.2g   1.2g R 241.2   0.9   2:45.97 nts	1696908784278
99411 root      20   0   65.0g   6.3g   1.2g R 105.9   0.9   2:47.25 nts	1696908784973
99411 root      20   0   65.3g   6.5g   1.2g R 252.9   0.9   2:48.79 nts	1696908785667
99411 root      20   0   65.6g   6.6g   1.2g R 256.2   0.9   2:49.98 nts	1696908786362
99411 root      20   0   65.8g   6.8g   1.2g R 100.0   0.9   2:51.40 nts	1696908787056
99411 root      20   0   66.2g   6.9g   1.2g R 247.1   1.0   2:52.85 nts	1696908787748
99411 root      20   0   66.5g   6.9g   1.2g R 182.4   1.0   2:54.01 nts	1696908788443
99411 root      20   0   66.8g   7.1g   1.2g R 158.8   1.0   2:55.58 nts	1696908789138
99411 root      20   0   66.8g   7.1g   1.2g R 194.1   1.0   2:56.70 nts	1696908789831
99411 root      20   0   67.6g   7.1g   1.2g R 388.2   1.0   3:00.39 nts	1696908790520
99411 root      20   0   69.1g   7.1g   1.2g R 700.0   1.0   3:04.50 nts	1696908791209
99411 root      20   0   70.0g   7.1g   1.2g R 500.0   1.0   3:08.37 nts	1696908791897
99411 root      20   0   71.3g   7.5g   1.5g R 200.0   1.0   3:10.76 nts	1696908792584
99411 root      20   0   72.2g   7.5g   1.5g R 888.2   1.0   3:16.16 nts	1696908793275
99411 root      20   0   74.0g   7.5g   1.5g R 564.7   1.0   3:20.81 nts	1696908793967
99411 root      20   0   75.7g   7.7g   1.7g R 105.9   1.1   3:23.06 nts	1696908794655
99411 root      20   0   76.2g   8.2g   2.3g R 100.0   1.1   3:23.93 nts	1696908795347
99411 root      20   0   76.2g   8.2g   2.3g R  94.1   1.1   3:24.61 nts	1696908796040
99411 root      20   0   77.2g   8.5g   2.6g R 100.0   1.2   3:25.31 nts	1696908796727
99411 root      20   0   77.2g   9.1g   3.2g R  94.1   1.3   3:25.99 nts	1696908797420
99411 root      20   0   77.2g   9.1g   3.2g R  94.1   1.3   3:26.69 nts	1696908798110
99411 root      20   0   77.2g   9.1g   3.2g R 106.2   1.3   3:27.38 nts	1696908798803
99411 root      20   0   77.2g   9.1g   3.2g R 106.2   1.3   3:28.08 nts	1696908799493
99411 root      20   0   77.2g   9.1g   3.2g R 106.2   1.3   3:28.76 nts	1696908800183
99411 root      20   0   77.2g   9.1g   3.2g R 112.5   1.3   3:29.46 nts	1696908800872
99411 root      20   0   77.2g   9.1g   3.2g R 100.0   1.3   3:30.14 nts	1696908801562
99411 root      20   0   77.2g   9.1g   3.2g R  94.1   1.3   3:30.83 nts	1696908802249
99411 root      20   0   77.2g   9.1g   3.2g R 100.0   1.3   3:31.53 nts	1696908802939
99411 root      20   0   77.2g   9.1g   3.2g R  94.1   1.3   3:32.21 nts	1696908803629
99411 root      20   0   77.2g   9.1g   3.2g R 100.0   1.3   3:32.91 nts	1696908804318
99411 root      20   0   77.2g   9.1g   3.2g R  94.1   1.3   3:33.59 nts	1696908805007
99411 root      20   0   77.2g   9.1g   3.2g R  94.1   1.3   3:34.28 nts	1696908805694
99411 root      20   0   77.2g   9.1g   3.2g R  94.1   1.3   3:34.97 nts	1696908806385
99411 root      20   0   77.2g   9.1g   3.2g R  94.1   1.3   3:35.67 nts	1696908807078
99411 root      20   0   77.2g   9.1g   3.2g R  94.1   1.3   3:36.36 nts	1696908807766
99411 root      20   0   77.2g   9.1g   3.2g R 100.0   1.3   3:37.06 nts	1696908808457
99411 root      20   0   77.2g   9.1g   3.2g R  94.1   1.3   3:37.74 nts	1696908809147
99411 root      20   0   77.2g   9.1g   3.2g R 100.0   1.3   3:38.43 nts	1696908809835
99411 root      20   0   77.2g   9.1g   3.2g R  94.1   1.3   3:39.12 nts	1696908810526
99411 root      20   0   77.2g   9.1g   3.2g R 100.0   1.3   3:39.81 nts	1696908811215
99411 root      20   0   77.2g   9.1g   3.2g R 106.2   1.3   3:40.51 nts	1696908811903
99411 root      20   0   77.2g   9.1g   3.2g R 100.0   1.3   3:41.19 nts	1696908812593
99411 root      20   0   77.2g   9.1g   3.2g R 106.2   1.3   3:41.89 nts	1696908813282
99411 root      20   0   77.2g   9.1g   3.2g R 100.0   1.3   3:42.57 nts	1696908813972
99411 root      20   0   77.2g   9.1g   3.2g R 100.0   1.3   3:43.26 nts	1696908814662
99411 root      20   0   77.2g   9.1g   3.2g R  94.1   1.3   3:43.95 nts	1696908815350
99411 root      20   0   77.2g   9.1g   3.2g R  94.1   1.3   3:44.65 nts	1696908816041
99411 root      20   0   77.2g   9.1g   3.2g R  94.1   1.3   3:45.33 nts	1696908816730
99411 root      20   0   77.2g   9.1g   3.2g R  94.1   1.3   3:46.03 nts	1696908817419
99411 root      20   0   77.2g   9.1g   3.2g R  94.1   1.3   3:46.72 nts	1696908818109
99411 root      20   0   77.2g   9.1g   3.2g R  94.1   1.3   3:47.41 nts	1696908818799
99411 root      20   0   77.2g   9.1g   3.2g R  94.1   1.3   3:48.10 nts	1696908819488
99411 root      20   0   77.2g   9.1g   3.2g R  94.1   1.3   3:48.79 nts	1696908820178
99411 root      20   0   77.2g   9.1g   3.2g R 100.0   1.3   3:49.48 nts	1696908820865
99411 root      20   0   77.2g   9.1g   3.2g R 100.0   1.3   3:50.18 nts	1696908821555
99411 root      20   0   77.2g   9.1g   3.2g R 100.0   1.3   3:50.86 nts	1696908822245
99411 root      20   0   77.2g   9.1g   3.2g R 100.0   1.3   3:51.55 nts	1696908822933
99411 root      20   0   77.2g   9.1g   3.2g R 100.0   1.3   3:52.24 nts	1696908823624
99411 root      20   0   77.2g   9.1g   3.2g R 100.0   1.3   3:52.93 nts	1696908824313
99411 root      20   0   77.2g   9.1g   3.2g R  94.1   1.3   3:53.62 nts	1696908825001
99411 root      20   0   77.2g   9.1g   3.2g R 100.0   1.3   3:54.32 nts	1696908825691
99411 root      20   0   77.2g   9.1g   3.2g R 100.0   1.3   3:55.01 nts	1696908826379
99411 root      20   0   77.2g   9.1g   3.2g R 100.0   1.3   3:55.70 nts	1696908827068
99411 root      20   0   77.2g   9.1g   3.2g R 100.0   1.3   3:56.38 nts	1696908827755
99411 root      20   0   77.2g   9.1g   3.2g R 100.0   1.3   3:57.07 nts	1696908828441
99411 root      20   0   77.2g   9.1g   3.2g R 106.2   1.3   3:57.76 nts	1696908829132
99411 root      20   0   77.2g   9.1g   3.2g R 100.0   1.3   3:58.45 nts	1696908829822
99411 root      20   0   77.2g   9.1g   3.2g R  94.1   1.3   3:59.14 nts	1696908830515
99411 root      20   0   77.2g   9.1g   3.2g R  94.1   1.3   3:59.83 nts	1696908831205
99411 root      20   0   77.2g   9.1g   3.2g R 100.0   1.3   4:00.53 nts	1696908831894
99411 root      20   0   77.2g   9.1g   3.2g R 100.0   1.3   4:01.22 nts	1696908832583
99411 root      20   0   77.2g   9.1g   3.2g R 100.0   1.3   4:01.90 nts	1696908833273
99411 root      20   0   77.2g   9.1g   3.2g R  94.1   1.3   4:02.60 nts	1696908833961
99411 root      20   0   77.2g   9.1g   3.2g R  94.1   1.3   4:03.28 nts	1696908834648
99411 root      20   0   77.2g   9.1g   3.2g R 100.0   1.3   4:03.98 nts	1696908835335
99411 root      20   0   77.2g   9.1g   3.2g R  94.1   1.3   4:04.66 nts	1696908836024
99411 root      20   0   77.2g   9.1g   3.2g R 100.0   1.3   4:05.35 nts	1696908836714
99411 root      20   0   77.2g   9.1g   3.2g R 100.0   1.3   4:06.04 nts	1696908837403
99411 root      20   0   77.2g   9.1g   3.2g R 106.2   1.3   4:06.74 nts	1696908838094
99411 root      20   0   77.2g   9.1g   3.2g R 100.0   1.3   4:07.44 nts	1696908838785
99411 root      20   0   77.2g   9.1g   3.2g R 100.0   1.3   4:08.13 nts	1696908839477
99411 root      20   0   77.2g   9.1g   3.2g R 100.0   1.3   4:08.82 nts	1696908840168
99411 root      20   0   77.2g   9.1g   3.2g R 100.0   1.3   4:09.52 nts	1696908840859
99411 root      20   0   77.2g   9.1g   3.2g R 100.0   1.3   4:10.20 nts	1696908841548
99411 root      20   0   77.2g   9.1g   3.2g R 100.0   1.3   4:10.89 nts	1696908842239
99411 root      20   0   77.2g   9.1g   3.2g R  94.1   1.3   4:11.58 nts	1696908842928
99411 root      20   0   77.2g   9.1g   3.2g R 100.0   1.3   4:12.27 nts	1696908843618
99411 root      20   0   77.2g   9.1g   3.2g R  94.1   1.3   4:12.96 nts	1696908844306
99411 root      20   0   77.2g   9.1g   3.2g R  94.1   1.3   4:13.65 nts	1696908844995
99411 root      20   0   77.2g   9.1g   3.2g R 100.0   1.3   4:14.34 nts	1696908845684
99411 root      20   0   77.2g   9.1g   3.2g R 100.0   1.3   4:15.03 nts	1696908846374
99411 root      20   0   77.2g   9.1g   3.2g R 100.0   1.3   4:15.73 nts	1696908847062
99411 root      20   0   77.2g   9.1g   3.2g R 106.2   1.3   4:16.42 nts	1696908847752
99411 root      20   0   77.2g   9.1g   3.2g R 100.0   1.3   4:17.10 nts	1696908848442
99411 root      20   0   77.2g   9.1g   3.2g R  94.1   1.3   4:17.79 nts	1696908849129
99411 root      20   0   77.2g   9.1g   3.2g R  94.1   1.3   4:18.48 nts	1696908849819
99411 root      20   0   77.2g   9.1g   3.2g R 100.0   1.3   4:19.18 nts	1696908850509
99411 root      20   0   77.2g   9.1g   3.2g R  94.1   1.3   4:19.87 nts	1696908851198
99411 root      20   0   77.2g   9.1g   3.2g R  94.1   1.3   4:20.55 nts	1696908851888
99411 root      20   0   77.2g   9.1g   3.2g R  94.1   1.3   4:21.25 nts	1696908852576
99411 root      20   0   77.2g   9.1g   3.2g R 100.0   1.3   4:21.93 nts	1696908853264
99411 root      20   0   77.2g   9.1g   3.2g R 106.2   1.3   4:22.63 nts	1696908853952
99411 root      20   0   77.2g   9.1g   3.2g R  94.1   1.3   4:23.31 nts	1696908854640
99411 root      20   0   77.2g   9.1g   3.2g R 100.0   1.3   4:24.01 nts	1696908855331
99411 root      20   0   77.2g   9.1g   3.2g R 100.0   1.3   4:24.70 nts	1696908856020
99411 root      20   0   77.2g   9.1g   3.2g R  94.1   1.3   4:25.39 nts	1696908856711
99411 root      20   0   77.2g   9.1g   3.2g R 100.0   1.3   4:26.08 nts	1696908857401
99411 root      20   0   77.2g   9.1g   3.2g R  94.1   1.3   4:26.77 nts	1696908858089
99411 root      20   0   77.2g   9.1g   3.2g R 100.0   1.3   4:27.46 nts	1696908858779
99411 root      20   0   77.2g   9.1g   3.2g R 100.0   1.3   4:28.15 nts	1696908859469
99411 root      20   0   77.2g   9.1g   3.2g R  94.1   1.3   4:28.84 nts	1696908860159
99411 root      20   0   77.2g   9.1g   3.2g R  94.1   1.3   4:29.53 nts	1696908860847
99411 root      20   0   77.2g   9.1g   3.2g R 100.0   1.3   4:30.22 nts	1696908861537
99411 root      20   0   77.2g   9.1g   3.2g R 100.0   1.3   4:30.92 nts	1696908862226
99411 root      20   0   77.2g   9.1g   3.2g R  94.1   1.3   4:31.60 nts	1696908862916
99411 root      20   0   77.2g   9.1g   3.2g R 106.2   1.3   4:32.29 nts	1696908863604
99411 root      20   0   77.2g   9.1g   3.2g R  94.1   1.3   4:32.99 nts	1696908864294
99411 root      20   0   77.2g   9.1g   3.2g R 100.0   1.3   4:33.68 nts	1696908864987
99411 root      20   0   77.2g   9.1g   3.2g R 100.0   1.3   4:34.37 nts	1696908865675
99411 root      20   0   77.2g   9.1g   3.2g R 100.0   1.3   4:35.07 nts	1696908866366
99411 root      20   0   77.2g   9.1g   3.2g R 100.0   1.3   4:35.75 nts	1696908867056
99411 root      20   0   77.2g   9.1g   3.2g R 100.0   1.3   4:36.44 nts	1696908867746
99411 root      20   0   77.2g   9.1g   3.2g R 100.0   1.3   4:37.13 nts	1696908868434
99411 root      20   0   77.2g   9.1g   3.2g R 100.0   1.3   4:37.82 nts	1696908869123
99411 root      20   0   77.2g   9.1g   3.2g R 100.0   1.3   4:38.51 nts	1696908869813
99411 root      20   0   77.2g   9.1g   3.2g R 106.2   1.3   4:39.21 nts	1696908870503
99411 root      20   0   77.2g   9.1g   3.2g R 106.2   1.3   4:39.90 nts	1696908871191
99411 root      20   0   77.7g   9.2g   3.2g R 335.3   1.3   4:40.99 nts	1696908871881
99411 root      20   0   77.7g   9.3g   3.2g R  88.2   1.3   4:41.31 nts	1696908872571
99411 root      20   0   77.8g   9.4g   3.2g D  35.3   1.3   4:41.89 nts	1696908873258
99411 root      20   0   78.1g   9.4g   3.2g R 106.2   1.3   4:42.32 nts	1696908873952
99411 root      20   0   78.2g   9.5g   3.2g D   0.0   1.3   4:42.65 nts	1696908874641
99411 root      20   0   78.6g   9.6g   3.2g R  93.8   1.3   4:43.32 nts	1696908875333
99411 root      20   0   78.8g   9.7g   3.2g R 100.0   1.3   4:43.67 nts	1696908876024
99411 root      20   0   79.0g   9.7g   3.2g D   5.9   1.3   4:44.14 nts	1696908876718
99411 root      20   0       0      0      0 Z 100.0   0.0   4:44.80 nts	1696908877411
99411 root      20   0       0      0      0 Z  11.8   0.0   4:44.99 nts	1696908878105
99411 root      20   0       0      0      0 Z  70.6   0.0   4:45.63 nts	1696908878796
99411 root      20   0       0      0      0 Z  94.1   0.0   4:45.97 nts	1696908879487
