1803210 toao      20   0 2486544  99248  67952 R  94.4   0.1   0:00.19 nts	1693337632640
1803210 toao      20   0 8361540 206008 115168 R  7876   0.2   0:28.76 nts	1693337633372
1803210 toao      20   0 8392648 227032 115472 R 211.8   0.2   0:34.42 nts	1693337634082
1803210 toao      20   0 8392648 227032 115472 S 205.9   0.2   0:35.81 nts	1693337634802
1803210 toao      20   0 8392648 228880 115472 R 200.0   0.2   0:37.20 nts	1693337635509
1803210 toao      20   0 9560220 263424 115664 R 200.0   0.2   0:38.60 nts	1693337636210
1803210 toao      20   0 9560220 437624 115664 R 900.0   0.3   0:44.70 nts	1693337636918
1803210 toao      20   0 9560220 646664 115664 R 816.7   0.5   0:52.30 nts	1693337637621
1803210 toao      20   0 9560220 676556 115664 R  1329   0.5   0:59.62 nts	1693337638327
1803210 toao      20   0   13.2g 684500 115696 R 194.1   0.5   1:06.43 nts	1693337639032
1803210 toao      20   0   13.2g 685820 115696 R 194.1   0.5   1:07.80 nts	1693337639737
1803210 toao      20   0   13.2g 686348 115696 R 194.1   0.5   1:09.18 nts	1693337640441
1803210 toao      20   0   13.2g 686876 115696 R 194.1   0.5   1:10.55 nts	1693337641144
1803210 toao      20   0   14.2g 699096 115696 R 423.5   0.5   1:12.31 nts	1693337641847
1803210 toao      20   0   14.2g 809304 115696 R 423.5   0.6   1:16.08 nts	1693337642551
1803210 toao      20   0   14.2g 934920 115696 R 617.6   0.7   1:20.74 nts	1693337643257
1803210 toao      20   0   14.2g   1.0g 115696 R 727.8   0.8   1:25.26 nts	1693337643962
1803210 toao      20   0   18.3g   1.1g 115696 R  1029   0.9   1:31.92 nts	1693337644668
1803210 toao      20   0   18.3g   1.1g 115696 R  94.4   0.9   1:32.63 nts	1693337645371
1803210 toao      20   0   18.3g   1.1g 115696 R 105.9   0.9   1:33.34 nts	1693337646082
1803210 toao      20   0   18.3g   1.1g 115696 R 105.9   0.9   1:34.05 nts	1693337646787
1803210 toao      20   0   18.7g   1.2g 115696 R 106.2   1.0   1:34.74 nts	1693337647492
1803210 toao      20   0   18.7g   1.3g 115696 R 100.0   1.0   1:35.45 nts	1693337648198
1803210 toao      20   0   18.7g   1.3g 115696 R 100.0   1.0   1:36.15 nts	1693337648906
1803210 toao      20   0   18.7g   1.3g 115696 R 105.9   1.1   1:36.87 nts	1693337649609
1803210 toao      20   0   18.7g   1.5g 115696 R 100.0   1.2   1:37.57 nts	1693337650317
1803210 toao      20   0   18.7g   1.5g 115696 R 100.0   1.2   1:38.28 nts	1693337651019
1803210 toao      20   0   18.7g   1.5g 115696 R 100.0   1.2   1:38.97 nts	1693337651723
1803210 toao      20   0   18.7g   1.5g 115812 R 494.1   1.2   1:40.35 nts	1693337652422
1803210 toao      20   0   28.2g   2.2g 293324 R  94.1   1.7   1:42.23 nts	1693337653128
1803210 toao      20   0   29.1g   3.0g 420772 R 100.0   2.4   1:42.93 nts	1693337653830
1803210 toao      20   0   30.5g   3.9g 526724 R 100.0   3.1   1:43.63 nts	1693337654527
1803210 toao      20   0   30.5g   4.1g 526724 R 100.0   3.3   1:44.33 nts	1693337655230
1803210 toao      20   0   31.0g   4.7g   1.0g R 100.0   3.7   1:45.03 nts	1693337655931
1803210 toao      20   0   31.0g   4.7g   1.0g R 100.0   3.7   1:45.73 nts	1693337656634
1803210 toao      20   0   31.0g   4.7g   1.0g R 100.0   3.7   1:46.44 nts	1693337657335
1803210 toao      20   0   31.0g   4.7g   1.0g R 105.9   3.7   1:47.14 nts	1693337658034
1803210 toao      20   0   31.0g   4.7g   1.0g R 100.0   3.7   1:47.84 nts	1693337658738
1803210 toao      20   0   31.0g   4.7g   1.0g R 100.0   3.7   1:48.54 nts	1693337659438
1803210 toao      20   0   31.0g   4.7g   1.0g R 100.0   3.7   1:49.24 nts	1693337660137
1803210 toao      20   0   31.0g   4.7g   1.0g R 100.0   3.7   1:49.95 nts	1693337660842
1803210 toao      20   0   31.0g   4.7g   1.0g R 106.2   3.7   1:50.65 nts	1693337661546
1803210 toao      20   0   31.0g   4.7g   1.0g R 105.9   3.7   1:51.36 nts	1693337662246
1803210 toao      20   0   31.0g   4.7g   1.0g R 105.9   3.7   1:52.06 nts	1693337662950
1803210 toao      20   0   31.0g   4.7g   1.0g R 100.0   3.7   1:52.76 nts	1693337663654
1803210 toao      20   0   31.0g   4.7g   1.0g R 100.0   3.7   1:53.46 nts	1693337664357
1803210 toao      20   0   31.0g   4.7g   1.0g R  94.1   3.7   1:54.16 nts	1693337665062
1803210 toao      20   0   31.0g   4.7g   1.0g R 100.0   3.7   1:54.87 nts	1693337665763
1803210 toao      20   0   31.0g   4.7g   1.0g R 100.0   3.7   1:55.57 nts	1693337666471
1803210 toao      20   0   31.0g   4.7g   1.0g R 100.0   3.7   1:56.28 nts	1693337667175
1803210 toao      20   0   31.0g   4.7g   1.0g R 100.0   3.7   1:56.98 nts	1693337667879
1803210 toao      20   0   31.0g   4.7g   1.0g R 105.9   3.7   1:57.69 nts	1693337668578
1803210 toao      20   0   31.0g   4.7g   1.0g R 100.0   3.7   1:58.39 nts	1693337669282
1803210 toao      20   0   31.0g   4.7g   1.0g R 105.9   3.7   1:59.10 nts	1693337669986
1803210 toao      20   0   31.0g   4.7g   1.0g R 100.0   3.7   1:59.79 nts	1693337670689
1803210 toao      20   0   31.0g   4.7g   1.0g R  94.1   3.7   2:00.49 nts	1693337671386
1803210 toao      20   0   31.0g   4.7g   1.0g R 100.0   3.7   2:01.19 nts	1693337672086
1803210 toao      20   0   31.0g   4.7g   1.0g R 100.0   3.7   2:01.89 nts	1693337672786
1803210 toao      20   0   31.0g   4.7g   1.0g R 100.0   3.7   2:02.59 nts	1693337673486
1803210 toao      20   0   31.0g   4.7g   1.0g R  94.1   3.7   2:03.29 nts	1693337674186
1803210 toao      20   0   31.0g   4.7g   1.0g R  94.1   3.7   2:03.99 nts	1693337674886
1803210 toao      20   0   31.0g   4.7g   1.0g R  94.1   3.7   2:04.69 nts	1693337675588
1803210 toao      20   0   31.0g   4.7g   1.0g R  94.1   3.7   2:05.39 nts	1693337676286
1803210 toao      20   0   31.0g   4.7g   1.0g R  94.1   3.7   2:06.09 nts	1693337676986
1803210 toao      20   0   31.0g   4.7g   1.0g R  94.1   3.7   2:06.79 nts	1693337677686
1803210 toao      20   0   31.0g   4.7g   1.0g R 100.0   3.7   2:07.50 nts	1693337678386
1803210 toao      20   0   30.8g   4.7g   1.0g S  1541   3.7   2:10.77 nts	1693337679090
1803210 toao      20   0   30.9g   4.7g   1.0g S  1035   3.7   2:21.11 nts	1693337679790
1803210 toao      20   0   30.9g   4.7g   1.0g S  1378   3.7   2:30.65 nts	1693337680491
1803210 toao      20   0   33.6g   4.7g   1.0g R  2824   3.7   2:43.38 nts	1693337681199
1803210 toao      20   0   83.1g   6.0g   1.7g R 111.8   4.8   2:54.12 nts	1693337681902
1803210 toao      20   0   88.7g   7.5g   2.8g R 794.1   6.0   3:00.00 nts	1693337682604
1803210 toao      20   0   96.1g   7.8g   3.0g S  2076   6.2   3:10.52 nts	1693337683307
1803210 toao      20   0  108.7g   7.3g   3.0g S 729.4   5.8   3:23.00 nts	1693337684006
1803210 toao      20   0  110.1g   7.9g   3.0g S  3244   6.3   3:37.64 nts	1693337684711
1803210 toao      20   0  111.0g   7.4g   3.0g S 964.7   5.9   3:47.86 nts	1693337685415
1803210 toao      20   0  114.5g   7.3g   3.0g S  2029   5.8   4:02.78 nts	1693337686118
1803210 toao      20   0  116.3g   7.8g   3.0g S  2369   6.2   4:15.50 nts	1693337686822
1803210 toao      20   0  114.7g   7.3g   3.0g S 729.4   5.8   4:27.67 nts	1693337687523
1803210 toao      20   0  115.9g   7.7g   3.0g S  2953   6.1   4:42.22 nts	1693337688227
1803210 toao      20   0  115.7g   7.8g   3.0g S  1406   6.2   4:52.90 nts	1693337688928
1803210 toao      20   0  114.6g   7.3g   3.0g S  1665   5.8   5:06.72 nts	1693337689632
1803210 toao      20   0  116.9g   7.8g   3.0g S  2318   6.2   5:19.64 nts	1693337690331
1803210 toao      20   0  114.6g   7.3g   3.0g S 752.9   5.9   5:32.00 nts	1693337691031
1803210 toao      20   0  115.9g   8.0g   3.0g S  3571   6.3   5:46.41 nts	1693337691728
1803210 toao      20   0  115.8g   7.6g   3.0g S  1165   6.0   5:56.64 nts	1693337692427
1803210 toao      20   0  114.8g   7.3g   3.0g S  1335   5.9   6:10.77 nts	1693337693128
1803210 toao      20   0  116.0g   8.0g   3.0g S  3529   6.3   6:26.08 nts	1693337693830
1803210 toao      20   0  115.2g   7.4g   3.0g S 935.3   5.9   6:35.93 nts	1693337694534
1803210 toao      20   0  115.4g   7.4g   3.0g S  1429   5.9   6:50.60 nts	1693337695237
1803210 toao      20   0  116.0g   7.9g   3.0g S  3129   6.3   7:04.95 nts	1693337695938
1803210 toao      20   0  115.4g   7.4g   3.0g S 741.2   5.9   7:15.34 nts	1693337696641
1803210 toao      20   0  115.6g   7.5g   3.0g S  2428   5.9   7:30.26 nts	1693337697342
1803210 toao      20   0  115.2g   7.8g   3.0g S  1959   6.2   7:42.06 nts	1693337698047
1803210 toao      20   0  115.4g   7.4g   3.0g S 905.6   5.9   7:55.15 nts	1693337698749
1803210 toao      20   0  116.6g   8.0g   3.0g S  3541   6.4   8:10.40 nts	1693337699460
1803210 toao      20   0       0      0      0 Z 100.0   0.0   8:11.95 nts	1693337700159
1803210 toao      20   0       0      0      0 Z 100.0   0.0   8:12.63 nts	1693337700865
