1279073 toao      20   0 2565540  96940  67444 R 100.0   0.0   0:00.18 nts	1688030706189
1279073 toao      20   0 5292096 209268 114436 R  3169   0.1   0:13.32 nts	1688030706893
1279073 toao      20   0 5377144 273776 114564 R 206.2   0.1   0:25.50 nts	1688030707562
1279073 toao      20   0 5377144 273776 114564 R 200.0   0.1   0:26.86 nts	1688030708244
1279073 toao      20   0 5377144 273776 114564 R 206.2   0.1   0:28.22 nts	1688030708930
1279073 toao      20   0 5377144 273776 114564 R 206.2   0.1   0:29.58 nts	1688030709617
1279073 toao      20   0 5377144 273776 114564 R 200.0   0.1   0:30.94 nts	1688030710301
1279073 toao      20   0 5377144 273776 114564 R 212.5   0.1   0:32.31 nts	1688030710988
1279073 toao      20   0 5377144 273776 114564 R 182.4   0.1   0:33.65 nts	1688030711676
1279073 toao      20   0 5377144 273776 114564 R 206.2   0.1   0:35.03 nts	1688030712359
1279073 toao      20   0 5377144 273776 114564 R 206.2   0.1   0:36.39 nts	1688030713048
1279073 toao      20   0 5377144 273776 114564 R 206.2   0.1   0:37.76 nts	1688030713732
1279073 toao      20   0 5377144 273776 114564 R 200.0   0.1   0:39.11 nts	1688030714420
1279073 toao      20   0 6608792 774688 114624 R  1124   0.4   0:46.85 nts	1688030715105
1279073 toao      20   0 6608792 784156 114624 R  1012   0.4   0:54.04 nts	1688030715793
1279073 toao      20   0 6608792 787292 114624 R  1019   0.4   1:01.13 nts	1688030716476
1279073 toao      20   0 6608792 794132 114624 R  1056   0.4   1:08.18 nts	1688030717157
1279073 toao      20   0 6608792 794652 114624 R  1175   0.4   1:15.53 nts	1688030717849
1279073 toao      20   0 7565788 795488 114656 R 206.2   0.4   1:19.54 nts	1688030718538
1279073 toao      20   0 7565788 795748 114656 R 212.5   0.4   1:20.92 nts	1688030719227
1279073 toao      20   0 7565788 796012 114656 R 212.5   0.4   1:22.29 nts	1688030719916
1279073 toao      20   0 7565788 796804 114656 R 200.0   0.4   1:23.66 nts	1688030720603
1279073 toao      20   0 7565788 798124 114656 R 206.2   0.4   1:25.03 nts	1688030721292
1279073 toao      20   0 7565788 799180 114656 R 200.0   0.4   1:26.39 nts	1688030721980
1279073 toao      20   0 7565788 800236 114656 R 200.0   0.4   1:27.76 nts	1688030722668
1279073 toao      20   0 7565788 801292 114656 R 212.5   0.4   1:29.14 nts	1688030723355
1279073 toao      20   0 7565788 802348 114656 R 194.1   0.4   1:30.51 nts	1688030724044
1279073 toao      20   0 7565788 803404 114656 R 206.2   0.4   1:31.88 nts	1688030724732
1279073 toao      20   0 7565788 804724 114656 R 206.2   0.4   1:33.26 nts	1688030725425
1279073 toao      20   0 7565788 805252 114656 R 200.0   0.4   1:34.62 nts	1688030726112
1279073 toao      20   0 7565788 805516 114656 R 212.5   0.4   1:36.00 nts	1688030726800
1279073 toao      20   0 7565788 806044 114656 R 200.0   0.4   1:37.36 nts	1688030727488
1279073 toao      20   0 7565788 807628 114656 R 212.5   0.4   1:38.74 nts	1688030728175
1279073 toao      20   0 7565788 809212 114656 R 194.1   0.4   1:40.10 nts	1688030728864
1279073 toao      20   0 7565788 811060 114656 R 200.0   0.4   1:41.47 nts	1688030729551
1279073 toao      20   0 7565788 812644 114656 R 206.2   0.4   1:42.84 nts	1688030730238
1279073 toao      20   0 7565788 814228 114656 R 200.0   0.4   1:44.20 nts	1688030730928
1279073 toao      20   0 8787872 947292 114656 S 693.8   0.5   1:48.39 nts	1688030731612
1279073 toao      20   0 8787872   1.0g 114656 R 605.9   0.5   1:53.12 nts	1688030732292
1279073 toao      20   0 8787872   1.2g 114656 R 850.0   0.6   1:58.38 nts	1688030732978
1279073 toao      20   0 9809.8m   1.3g 114656 R 618.8   0.7   2:03.45 nts	1688030733662
1279073 toao      20   0 9828.5m   1.3g 114656 R  93.8   0.7   2:04.49 nts	1688030734357
1279073 toao      20   0 9828.5m   1.3g 114656 R 100.0   0.7   2:05.19 nts	1688030735044
1279073 toao      20   0 9828.5m   1.3g 114656 R 106.2   0.7   2:05.87 nts	1688030735732
1279073 toao      20   0 9828.5m   1.3g 114656 R 100.0   0.7   2:06.56 nts	1688030736420
1279073 toao      20   0   10.1g   1.7g 114656 R 106.2   0.9   2:07.25 nts	1688030737108
1279073 toao      20   0   10.1g   1.7g 114656 R 100.0   0.9   2:07.93 nts	1688030737796
1279073 toao      20   0   10.1g   1.8g 114656 R 100.0   0.9   2:08.63 nts	1688030738483
1279073 toao      20   0   10.1g   1.8g 114656 R 100.0   0.9   2:09.31 nts	1688030739172
1279073 toao      20   0   10.1g   1.8g 114656 R 100.0   0.9   2:10.00 nts	1688030739860
1279073 toao      20   0   10.1g   1.8g 114656 R 100.0   0.9   2:10.68 nts	1688030740548
1279073 toao      20   0   10.1g   1.8g 114656 R 100.0   0.9   2:11.37 nts	1688030741236
1279073 toao      20   0   10.1g   1.8g 114656 R 100.0   0.9   2:12.07 nts	1688030741924
1279073 toao      20   0   10.1g   1.8g 114656 R 100.0   1.0   2:12.75 nts	1688030742612
1279073 toao      20   0   10.1g   1.8g 114656 R 106.2   1.0   2:13.44 nts	1688030743300
1279073 toao      20   0   10.1g   1.8g 114656 R 106.2   1.0   2:14.13 nts	1688030743990
1279073 toao      20   0   10.1g   1.8g 114656 R 100.0   1.0   2:14.81 nts	1688030744680
1279073 toao      20   0   10.1g   1.8g 114656 R 106.2   1.0   2:15.51 nts	1688030745368
1279073 toao      20   0   10.1g   1.8g 114656 R 100.0   1.0   2:16.19 nts	1688030746056
1279073 toao      20   0   15.4g   2.3g 272220 R 100.0   1.2   2:17.26 nts	1688030746743
1279073 toao      20   0   16.3g   3.1g 391380 R 106.2   1.6   2:17.96 nts	1688030747427
1279073 toao      20   0   17.5g   4.2g 507552 R 100.0   2.2   2:18.64 nts	1688030748116
1279073 toao      20   0   17.5g   4.2g 507552 R 106.2   2.2   2:19.33 nts	1688030748805
1279073 toao      20   0   18.5g   5.1g   1.4g R 106.2   2.7   2:20.02 nts	1688030749492
1279073 toao      20   0   18.5g   5.1g   1.4g R 100.0   2.7   2:20.70 nts	1688030750179
1279073 toao      20   0   18.5g   5.1g   1.4g R  94.1   2.7   2:21.39 nts	1688030750864
1279073 toao      20   0   18.5g   5.1g   1.4g R 106.2   2.7   2:22.08 nts	1688030751552
1279073 toao      20   0   18.5g   5.1g   1.4g R 106.2   2.7   2:22.77 nts	1688030752239
1279073 toao      20   0   18.5g   5.1g   1.4g R 106.2   2.7   2:23.45 nts	1688030752927
1279073 toao      20   0   18.5g   5.1g   1.4g R 100.0   2.7   2:24.14 nts	1688030753614
1279073 toao      20   0   18.5g   5.1g   1.4g R  94.1   2.7   2:24.83 nts	1688030754302
1279073 toao      20   0   18.5g   5.1g   1.4g R 106.2   2.7   2:25.52 nts	1688030754991
1279073 toao      20   0   18.5g   5.1g   1.4g R 106.2   2.7   2:26.21 nts	1688030755679
1279073 toao      20   0   18.5g   5.1g   1.4g R 100.0   2.7   2:26.89 nts	1688030756368
1279073 toao      20   0   18.5g   5.1g   1.4g R 100.0   2.7   2:27.58 nts	1688030757058
1279073 toao      20   0   18.5g   5.1g   1.4g R 100.0   2.7   2:28.27 nts	1688030757747
1279073 toao      20   0   18.5g   5.1g   1.4g R 106.2   2.7   2:28.96 nts	1688030758435
1279073 toao      20   0   18.5g   5.1g   1.4g R 100.0   2.7   2:29.65 nts	1688030759123
1279073 toao      20   0   18.5g   5.1g   1.4g R 100.0   2.7   2:30.34 nts	1688030759815
1279073 toao      20   0   18.5g   5.1g   1.4g R 100.0   2.7   2:31.03 nts	1688030760503
1279073 toao      20   0   18.5g   5.1g   1.4g R 106.2   2.7   2:31.72 nts	1688030761191
1279073 toao      20   0   18.5g   5.1g   1.4g R 106.2   2.7   2:32.41 nts	1688030761879
1279073 toao      20   0   18.5g   5.1g   1.4g R 100.0   2.7   2:33.09 nts	1688030762567
1279073 toao      20   0   18.5g   5.1g   1.4g R 100.0   2.7   2:33.78 nts	1688030763256
1279073 toao      20   0   18.5g   5.1g   1.4g R 100.0   2.7   2:34.47 nts	1688030763943
1279073 toao      20   0   18.5g   5.1g   1.4g R 100.0   2.7   2:35.15 nts	1688030764631
1279073 toao      20   0   18.5g   5.1g   1.4g R 106.2   2.7   2:35.85 nts	1688030765319
1279073 toao      20   0   18.5g   5.1g   1.4g R 100.0   2.7   2:36.53 nts	1688030766005
1279073 toao      20   0   18.5g   5.1g   1.4g R 100.0   2.7   2:37.22 nts	1688030766695
1279073 toao      20   0   18.5g   5.1g   1.4g R  94.1   2.7   2:37.91 nts	1688030767382
1279073 toao      20   0   18.5g   5.1g   1.4g R 112.5   2.7   2:38.61 nts	1688030768072
1279073 toao      20   0   18.5g   5.1g   1.4g R 100.0   2.7   2:39.29 nts	1688030768761
1279073 toao      20   0   18.5g   5.1g   1.4g R 106.2   2.7   2:39.98 nts	1688030769447
1279073 toao      20   0   18.5g   5.1g   1.4g R 106.2   2.7   2:40.67 nts	1688030770140
1279073 toao      20   0   18.5g   5.1g   1.4g R 100.0   2.7   2:41.35 nts	1688030770827
1279073 toao      20   0   18.5g   5.1g   1.4g R  94.1   2.7   2:42.04 nts	1688030771515
1279073 toao      20   0   18.5g   5.1g   1.4g R 100.0   2.7   2:42.73 nts	1688030772200
1279073 toao      20   0   18.5g   5.1g   1.4g R 100.0   2.7   2:43.41 nts	1688030772887
1279073 toao      20   0   18.5g   5.1g   1.4g R 106.2   2.7   2:44.11 nts	1688030773576
1279073 toao      20   0   18.5g   5.1g   1.4g R  94.1   2.7   2:44.79 nts	1688030774264
1279073 toao      20   0   18.5g   5.1g   1.4g R  94.1   2.7   2:45.49 nts	1688030774954
1279073 toao      20   0   18.5g   5.1g   1.4g R 100.0   2.7   2:46.17 nts	1688030775642
1279073 toao      20   0   18.5g   5.1g   1.4g R 106.2   2.7   2:46.86 nts	1688030776330
1279073 toao      20   0   18.5g   5.1g   1.4g R 100.0   2.7   2:47.55 nts	1688030777020
1279073 toao      20   0   18.5g   5.1g   1.4g R 100.0   2.7   2:48.24 nts	1688030777712
1279073 toao      20   0   18.5g   5.1g   1.4g R  94.1   2.7   2:48.93 nts	1688030778403
1279073 toao      20   0   18.5g   5.1g   1.4g R 106.2   2.7   2:49.62 nts	1688030779091
1279073 toao      20   0   18.5g   5.1g   1.4g R 106.2   2.7   2:50.31 nts	1688030779779
1279073 toao      20   0   18.5g   5.1g   1.4g R 100.0   2.7   2:51.00 nts	1688030780464
1279073 toao      20   0   18.5g   5.1g   1.4g R 100.0   2.7   2:51.68 nts	1688030781151
1279073 toao      20   0   18.5g   5.1g   1.4g R 100.0   2.7   2:52.37 nts	1688030781839
1279073 toao      20   0   18.5g   5.1g   1.4g R 100.0   2.7   2:53.06 nts	1688030782527
1279073 toao      20   0   18.5g   5.1g   1.4g R 100.0   2.7   2:53.74 nts	1688030783215
1279073 toao      20   0   18.5g   5.1g   1.4g R 100.0   2.7   2:54.43 nts	1688030783903
1279073 toao      20   0   18.5g   5.1g   1.4g R 100.0   2.7   2:55.12 nts	1688030784591
1279073 toao      20   0   18.5g   5.1g   1.4g R 106.2   2.7   2:55.81 nts	1688030785279
1279073 toao      20   0   18.5g   5.1g   1.4g R  94.1   2.7   2:56.50 nts	1688030785964
1279073 toao      20   0   18.5g   5.1g   1.4g R 106.2   2.7   2:57.19 nts	1688030786651
1279073 toao      20   0   18.5g   5.1g   1.4g R 100.0   2.7   2:57.88 nts	1688030787341
1279073 toao      20   0   18.5g   5.1g   1.4g R 100.0   2.7   2:58.56 nts	1688030788031
1279073 toao      20   0   18.5g   5.1g   1.4g R 106.2   2.7   2:59.25 nts	1688030788719
1279073 toao      20   0   18.5g   5.1g   1.4g R 106.2   2.7   2:59.95 nts	1688030789407
1279073 toao      20   0   18.5g   5.1g   1.4g R 100.0   2.7   3:00.62 nts	1688030790095
1279073 toao      20   0   18.5g   5.1g   1.4g R 106.2   2.7   3:01.32 nts	1688030790778
1279073 toao      20   0   18.5g   5.1g   1.4g R 100.0   2.7   3:02.00 nts	1688030791468
1279073 toao      20   0   18.5g   5.1g   1.4g R 106.2   2.7   3:02.69 nts	1688030792155
1279073 toao      20   0   18.5g   5.1g   1.4g R 100.0   2.7   3:03.38 nts	1688030792844
1279073 toao      20   0   18.5g   5.1g   1.4g R 106.2   2.7   3:04.07 nts	1688030793531
1279073 toao      20   0   18.5g   5.1g   1.4g R 106.2   2.7   3:04.76 nts	1688030794219
1279073 toao      20   0   18.5g   5.1g   1.4g R 100.0   2.7   3:05.44 nts	1688030794907
1279073 toao      20   0   18.5g   5.1g   1.4g R 106.2   2.7   3:06.13 nts	1688030795595
1279073 toao      20   0   18.5g   5.1g   1.4g R 106.2   2.7   3:06.82 nts	1688030796285
1279073 toao      20   0   18.5g   5.1g   1.4g R  94.1   2.7   3:07.51 nts	1688030796974
1279073 toao      20   0   18.5g   5.1g   1.4g R  94.1   2.7   3:08.19 nts	1688030797663
1279073 toao      20   0   18.5g   5.1g   1.4g R 100.0   2.7   3:08.88 nts	1688030798350
1279073 toao      20   0   18.5g   5.1g   1.4g R 106.2   2.7   3:09.58 nts	1688030799039
1279073 toao      20   0   42.2g   6.1g   2.4g R 100.0   3.2   3:10.24 nts	1688030799726
1279073 toao      20   0   47.1g   6.5g   2.8g S 200.0   3.5   3:11.33 nts	1688030800415
1279073 toao      20   0   47.2g   6.5g   2.8g S 176.5   3.5   3:12.60 nts	1688030801104
1279073 toao      20   0   47.2g   6.5g   2.8g S 182.4   3.5   3:13.90 nts	1688030801792
1279073 toao      20   0   47.2g   6.5g   2.8g S 193.8   3.5   3:15.24 nts	1688030802480
1279073 toao      20   0   47.2g   6.5g   2.8g S 187.5   3.5   3:16.52 nts	1688030803168
1279073 toao      20   0   47.2g   6.5g   2.8g S 193.8   3.5   3:17.78 nts	1688030803856
1279073 toao      20   0   47.2g   6.5g   2.8g S 231.2   3.5   3:19.13 nts	1688030804549
1279073 toao      20   0   47.2g   6.5g   2.8g S 187.5   3.5   3:20.39 nts	1688030805236
1279073 toao      20   0   47.2g   6.5g   2.8g S 187.5   3.5   3:21.66 nts	1688030805925
1279073 toao      20   0   47.2g   6.5g   2.8g S 193.8   3.5   3:22.93 nts	1688030806612
1279073 toao      20   0   47.2g   6.5g   2.8g S 187.5   3.5   3:24.20 nts	1688030807300
1279073 toao      20   0   47.2g   6.5g   2.8g S 187.5   3.5   3:25.47 nts	1688030807988
1279073 toao      20   0   47.2g   6.5g   2.8g S 181.2   3.5   3:26.72 nts	1688030808676
1279073 toao      20   0   47.2g   6.5g   2.8g S 176.5   3.5   3:28.05 nts	1688030809364
1279073 toao      20   0   47.2g   6.5g   2.8g S 200.0   3.5   3:29.39 nts	1688030810049
1279073 toao      20   0   47.2g   6.5g   2.8g S 187.5   3.5   3:30.65 nts	1688030810739
1279073 toao      20   0   47.2g   6.5g   2.8g S 193.8   3.5   3:31.92 nts	1688030811427
1279073 toao      20   0   47.2g   6.5g   2.8g S 170.6   3.5   3:33.17 nts	1688030812115
1279073 toao      20   0   47.2g   6.5g   2.8g S 187.5   3.5   3:34.41 nts	1688030812802
1279073 toao      20   0   47.2g   6.5g   2.8g S 187.5   3.5   3:35.73 nts	1688030813488
1279073 toao      20   0   47.2g   6.5g   2.8g S 187.5   3.5   3:37.01 nts	1688030814175
1279073 toao      20   0   47.2g   6.5g   2.8g S 182.4   3.5   3:38.29 nts	1688030814863
1279073 toao      20   0   47.2g   6.5g   2.8g S 187.5   3.5   3:39.54 nts	1688030815552
1279073 toao      20   0   47.2g   6.5g   2.8g S 193.8   3.5   3:40.81 nts	1688030816239
1279073 toao      20   0   47.2g   6.5g   2.8g S 187.5   3.5   3:42.08 nts	1688030816927
1279073 toao      20   0   47.2g   6.5g   2.8g S 194.1   3.5   3:43.38 nts	1688030817615
1279073 toao      20   0   47.2g   6.5g   2.8g S 176.5   3.5   3:44.63 nts	1688030818304
1279073 toao      20   0   47.2g   6.5g   2.8g S 187.5   3.5   3:45.88 nts	1688030818991
1279073 toao      20   0   47.2g   6.5g   2.8g S 193.8   3.5   3:47.19 nts	1688030819676
1279073 toao      20   0   47.2g   6.5g   2.8g S 187.5   3.5   3:48.46 nts	1688030820363
1279073 toao      20   0   47.2g   6.5g   2.8g S 193.8   3.5   3:49.72 nts	1688030821050
1279073 toao      20   0   47.2g   6.5g   2.8g S 187.5   3.5   3:50.99 nts	1688030821739
1279073 toao      20   0   47.2g   6.5g   2.8g S 187.5   3.5   3:52.33 nts	1688030822427
1279073 toao      20   0   47.2g   6.5g   2.8g S 187.5   3.5   3:53.57 nts	1688030823115
1279073 toao      20   0   47.2g   6.5g   2.8g S 187.5   3.5   3:54.83 nts	1688030823799
1279073 toao      20   0   47.2g   6.5g   2.8g S 181.2   3.5   3:56.08 nts	1688030824488
1279073 toao      20   0   47.2g   6.5g   2.8g S 187.5   3.5   3:57.37 nts	1688030825173
1279073 toao      20   0   47.2g   6.5g   2.8g S 193.8   3.5   3:58.63 nts	1688030825859
1279073 toao      20   0   47.4g   6.5g   2.8g S 187.5   3.5   3:59.96 nts	1688030826546
1279073 toao      20   0   47.4g   6.5g   2.8g S 193.8   3.5   4:01.24 nts	1688030827236
1279073 toao      20   0   47.4g   6.5g   2.8g S 175.0   3.5   4:02.48 nts	1688030827924
1279073 toao      20   0   47.4g   6.5g   2.8g S 187.5   3.5   4:03.81 nts	1688030828606
1279073 toao      20   0   47.4g   6.5g   2.8g S 181.2   3.5   4:05.10 nts	1688030829295
1279073 toao      20   0   47.4g   6.5g   2.8g S 182.4   3.5   4:06.37 nts	1688030829982
1279073 toao      20   0   47.4g   6.5g   2.8g S 218.8   3.5   4:07.71 nts	1688030830672
1279073 toao      20   0   47.4g   6.5g   2.8g S 193.8   3.5   4:09.00 nts	1688030831359
1279073 toao      20   0   47.4g   6.5g   2.8g S 181.2   3.5   4:10.29 nts	1688030832047
1279073 toao      20   0   47.4g   6.5g   2.8g S 193.8   3.5   4:11.55 nts	1688030832735
1279073 toao      20   0   47.4g   6.5g   2.8g S 187.5   3.5   4:12.80 nts	1688030833420
1279073 toao      20   0   47.4g   6.5g   2.8g S 181.2   3.5   4:14.05 nts	1688030834108
1279073 toao      20   0   47.4g   6.5g   2.8g S 187.5   3.5   4:15.32 nts	1688030834796
1279073 toao      20   0   47.4g   6.5g   2.8g S 176.5   3.5   4:16.61 nts	1688030835484
1279073 toao      20   0   47.4g   6.5g   2.8g S 187.5   3.5   4:17.87 nts	1688030836170
1279073 toao      20   0   47.4g   6.5g   2.8g S 187.5   3.5   4:19.18 nts	1688030836859
1279073 toao      20   0   47.4g   6.5g   2.8g S 187.5   3.5   4:20.45 nts	1688030837547
1279073 toao      20   0   47.4g   6.5g   2.8g S 193.8   3.5   4:21.72 nts	1688030838236
1279073 toao      20   0   47.4g   6.5g   2.8g S 182.4   3.5   4:23.04 nts	1688030838921
1279073 toao      20   0   47.4g   6.5g   2.8g S 181.2   3.5   4:24.35 nts	1688030839612
1279073 toao      20   0   47.4g   6.5g   2.8g S 193.8   3.5   4:25.61 nts	1688030840300
1279073 toao      20   0   47.4g   6.5g   2.8g S 187.5   3.5   4:26.87 nts	1688030840988
1279073 toao      20   0   47.4g   6.5g   2.8g S 193.8   3.5   4:28.14 nts	1688030841675
1279073 toao      20   0   47.4g   6.5g   2.8g S 182.4   3.5   4:29.40 nts	1688030842363
1279073 toao      20   0   47.4g   6.5g   2.8g S 193.8   3.5   4:30.67 nts	1688030843051
1279073 toao      20   0       0      0      0 Z 100.0   0.0   4:31.66 nts	1688030843739
