| 52%   57C    P3    53W / 250W |      5MiB / 11019MiB |      3%      Default |	1688361276090
| 52%   56C    P5    21W / 250W |      5MiB / 11019MiB |      0%      Default |	1688361276658
| 52%   55C    P5    21W / 250W |      5MiB / 11019MiB |      0%      Default |	1688361277218
| 52%   55C    P5    21W / 250W |      5MiB / 11019MiB |      0%      Default |	1688361277752
| 53%   55C    P8    17W / 250W |      5MiB / 11019MiB |      0%      Default |	1688361278286
| 52%   55C    P8    17W / 250W |      5MiB / 11019MiB |      0%      Default |	1688361278826
| 52%   54C    P8    17W / 250W |      5MiB / 11019MiB |      0%      Default |	1688361279363
| 52%   54C    P8    17W / 250W |      5MiB / 11019MiB |      0%      Default |	1688361279899
| 52%   54C    P8    18W / 250W |      5MiB / 11019MiB |      0%      Default |	1688361280439
| 52%   54C    P8    18W / 250W |      5MiB / 11019MiB |      0%      Default |	1688361280980
| 52%   54C    P8    17W / 250W |      5MiB / 11019MiB |      0%      Default |	1688361281519
| 52%   53C    P8    17W / 250W |      5MiB / 11019MiB |      0%      Default |	1688361282060
| 52%   53C    P8    17W / 250W |      5MiB / 11019MiB |      0%      Default |	1688361282600
| 52%   53C    P8    18W / 250W |      5MiB / 11019MiB |      0%      Default |	1688361283140
| 52%   53C    P8    17W / 250W |      5MiB / 11019MiB |      0%      Default |	1688361283680
| 52%   53C    P8    17W / 250W |      5MiB / 11019MiB |      0%      Default |	1688361284220
| 52%   52C    P8    17W / 250W |      5MiB / 11019MiB |      0%      Default |	1688361284760
| 52%   52C    P8    17W / 250W |      5MiB / 11019MiB |      0%      Default |	1688361285299
| 52%   52C    P8    17W / 250W |      5MiB / 11019MiB |      0%      Default |	1688361285840
| 52%   52C    P8    16W / 250W |      5MiB / 11019MiB |      0%      Default |	1688361286379
| 52%   52C    P8    17W / 250W |      5MiB / 11019MiB |      0%      Default |	1688361286918
| 52%   52C    P8    17W / 250W |      5MiB / 11019MiB |      0%      Default |	1688361287457
| 52%   51C    P8    17W / 250W |      5MiB / 11019MiB |      0%      Default |	1688361288002
| 52%   51C    P8    20W / 250W |      5MiB / 11019MiB |      0%      Default |	1688361288538
| 52%   51C    P8    17W / 250W |      5MiB / 11019MiB |      0%      Default |	1688361289083
| 52%   51C    P8    17W / 250W |      5MiB / 11019MiB |      0%      Default |	1688361289631
| 52%   51C    P8    17W / 250W |      5MiB / 11019MiB |      0%      Default |	1688361290166
| 52%   51C    P8    17W / 250W |      5MiB / 11019MiB |      0%      Default |	1688361290703
| 52%   51C    P8    17W / 250W |      5MiB / 11019MiB |      0%      Default |	1688361291240
| 52%   50C    P8    17W / 250W |      5MiB / 11019MiB |      0%      Default |	1688361291782
| 52%   50C    P8    17W / 250W |      5MiB / 11019MiB |      0%      Default |	1688361292315
| 52%   50C    P8    17W / 250W |      5MiB / 11019MiB |      0%      Default |	1688361292848
| 52%   50C    P8    17W / 250W |      5MiB / 11019MiB |      0%      Default |	1688361293389
| 52%   50C    P8    17W / 250W |      5MiB / 11019MiB |      0%      Default |	1688361293929
| 52%   50C    P8    17W / 250W |      5MiB / 11019MiB |      0%      Default |	1688361294469
| 52%   49C    P8    17W / 250W |      5MiB / 11019MiB |      0%      Default |	1688361295008
| 52%   49C    P8    17W / 250W |      5MiB / 11019MiB |      0%      Default |	1688361295547
| 52%   49C    P8    17W / 250W |      5MiB / 11019MiB |      0%      Default |	1688361296086
| 52%   49C    P8    17W / 250W |      5MiB / 11019MiB |      0%      Default |	1688361296625
| 52%   49C    P8    17W / 250W |      5MiB / 11019MiB |      0%      Default |	1688361297165
| 52%   49C    P8    17W / 250W |      5MiB / 11019MiB |      0%      Default |	1688361297704
| 52%   49C    P8    17W / 250W |      5MiB / 11019MiB |      0%      Default |	1688361298242
| 51%   48C    P8    17W / 250W |      5MiB / 11019MiB |      0%      Default |	1688361298782
| 51%   48C    P8    17W / 250W |      5MiB / 11019MiB |      0%      Default |	1688361299321
| 51%   48C    P8    17W / 250W |      5MiB / 11019MiB |      0%      Default |	1688361299861
| 51%   48C    P8    16W / 250W |      5MiB / 11019MiB |      0%      Default |	1688361300400
| 51%   48C    P8    17W / 250W |      5MiB / 11019MiB |      0%      Default |	1688361300939
| 51%   48C    P8    16W / 250W |      5MiB / 11019MiB |      0%      Default |	1688361301477
| 51%   48C    P8    16W / 250W |      5MiB / 11019MiB |      0%      Default |	1688361302016
| 51%   48C    P8    16W / 250W |      5MiB / 11019MiB |      0%      Default |	1688361302553
| 51%   47C    P8    16W / 250W |      5MiB / 11019MiB |      0%      Default |	1688361303090
| 51%   47C    P8    16W / 250W |      5MiB / 11019MiB |      0%      Default |	1688361303628
| 51%   47C    P8    16W / 250W |      5MiB / 11019MiB |      0%      Default |	1688361304169
| 51%   47C    P8    16W / 250W |      5MiB / 11019MiB |      0%      Default |	1688361304709
| 50%   47C    P8    16W / 250W |      5MiB / 11019MiB |      0%      Default |	1688361305249
| 50%   47C    P8    16W / 250W |      5MiB / 11019MiB |      0%      Default |	1688361305789
| 50%   47C    P8    16W / 250W |      5MiB / 11019MiB |      0%      Default |	1688361306323
| 50%   47C    P8    16W / 250W |      5MiB / 11019MiB |      0%      Default |	1688361306861
| 50%   46C    P8    16W / 250W |      5MiB / 11019MiB |      0%      Default |	1688361307402
| 50%   46C    P8    17W / 250W |      5MiB / 11019MiB |      0%      Default |	1688361307941
| 50%   46C    P8    17W / 250W |      5MiB / 11019MiB |      0%      Default |	1688361308477
| 50%   46C    P8    16W / 250W |      5MiB / 11019MiB |      0%      Default |	1688361309016
| 49%   46C    P8    16W / 250W |      5MiB / 11019MiB |      0%      Default |	1688361309555
| 49%   46C    P8    16W / 250W |      5MiB / 11019MiB |      0%      Default |	1688361310094
| 49%   46C    P8    16W / 250W |      5MiB / 11019MiB |      0%      Default |	1688361310633
| 49%   46C    P8    15W / 250W |      5MiB / 11019MiB |      0%      Default |	1688361311172
| 49%   46C    P8    16W / 250W |      5MiB / 11019MiB |      0%      Default |	1688361311711
| 49%   45C    P8    16W / 250W |      5MiB / 11019MiB |      0%      Default |	1688361312249
| 49%   45C    P8    16W / 250W |      5MiB / 11019MiB |      0%      Default |	1688361312788
| 48%   45C    P8    16W / 250W |      5MiB / 11019MiB |      0%      Default |	1688361313327
| 48%   45C    P8    16W / 250W |      5MiB / 11019MiB |      0%      Default |	1688361313866
| 48%   45C    P8    16W / 250W |      5MiB / 11019MiB |      0%      Default |	1688361314405
| 48%   45C    P8    15W / 250W |      5MiB / 11019MiB |      0%      Default |	1688361314943
| 48%   45C    P8    16W / 250W |      5MiB / 11019MiB |      0%      Default |	1688361315482
| 48%   45C    P8    15W / 250W |      5MiB / 11019MiB |      0%      Default |	1688361316021
| 47%   45C    P8    16W / 250W |      5MiB / 11019MiB |      0%      Default |	1688361316559
| 47%   45C    P8    15W / 250W |      5MiB / 11019MiB |      0%      Default |	1688361317098
| 47%   45C    P8    16W / 250W |      5MiB / 11019MiB |      0%      Default |	1688361317636
| 47%   45C    P8    15W / 250W |      5MiB / 11019MiB |      0%      Default |	1688361318174
| 47%   44C    P8    16W / 250W |      5MiB / 11019MiB |      0%      Default |	1688361318713
| 47%   44C    P8    16W / 250W |      5MiB / 11019MiB |      0%      Default |	1688361319252
| 46%   44C    P8    15W / 250W |      5MiB / 11019MiB |      0%      Default |	1688361319791
| 46%   44C    P8    14W / 250W |      5MiB / 11019MiB |      0%      Default |	1688361320329
| 46%   44C    P8    14W / 250W |      5MiB / 11019MiB |      0%      Default |	1688361320868
| 46%   44C    P8    16W / 250W |      5MiB / 11019MiB |      0%      Default |	1688361321407
| 46%   44C    P8    15W / 250W |      5MiB / 11019MiB |      0%      Default |	1688361321948
| 46%   44C    P8    16W / 250W |      5MiB / 11019MiB |      0%      Default |	1688361322486
| 45%   44C    P8    15W / 250W |      5MiB / 11019MiB |      0%      Default |	1688361323025
| 45%   44C    P8    15W / 250W |      5MiB / 11019MiB |      0%      Default |	1688361323563
| 45%   43C    P8    14W / 250W |      5MiB / 11019MiB |      0%      Default |	1688361324102
| 45%   43C    P8    15W / 250W |      5MiB / 11019MiB |      0%      Default |	1688361324641
| 45%   43C    P8    15W / 250W |      5MiB / 11019MiB |      0%      Default |	1688361325181
| 45%   43C    P8    15W / 250W |      5MiB / 11019MiB |      0%      Default |	1688361325720
| 44%   43C    P8    15W / 250W |      5MiB / 11019MiB |      0%      Default |	1688361326259
| 44%   43C    P8    15W / 250W |      5MiB / 11019MiB |      0%      Default |	1688361326798
| 44%   44C    P2    15W / 250W |    161MiB / 11019MiB |      0%      Default |	1688361327334
| 44%   45C    P2    57W / 250W |    409MiB / 11019MiB |      0%      Default |	1688361327886
| 44%   45C    P2    56W / 250W |    647MiB / 11019MiB |      6%      Default |	1688361328425
| 44%   45C    P2    56W / 250W |    847MiB / 11019MiB |      6%      Default |	1688361328963
| 44%   45C    P2    57W / 250W |    847MiB / 11019MiB |      3%      Default |	1688361329503
| 44%   45C    P2    57W / 250W |    847MiB / 11019MiB |      3%      Default |	1688361330041
| 44%   45C    P2    56W / 250W |    847MiB / 11019MiB |      0%      Default |	1688361330578
| 44%   45C    P2    56W / 250W |    847MiB / 11019MiB |      0%      Default |	1688361331116
| 44%   45C    P2    56W / 250W |    847MiB / 11019MiB |      0%      Default |	1688361331655
| 44%   45C    P2    56W / 250W |    847MiB / 11019MiB |      0%      Default |	1688361332195
| 44%   45C    P2    57W / 250W |    861MiB / 11019MiB |      0%      Default |	1688361332736
| 44%   46C    P2    57W / 250W |    861MiB / 11019MiB |      0%      Default |	1688361333273
| 44%   46C    P2    57W / 250W |    861MiB / 11019MiB |      1%      Default |	1688361333810
| 44%   45C    P2    57W / 250W |    861MiB / 11019MiB |      0%      Default |	1688361334348
| 43%   46C    P2    56W / 250W |    861MiB / 11019MiB |      0%      Default |	1688361334886
| 44%   46C    P2    57W / 250W |    861MiB / 11019MiB |      0%      Default |	1688361335425
| 43%   46C    P2    56W / 250W |    861MiB / 11019MiB |      0%      Default |	1688361335963
| 43%   46C    P2    56W / 250W |    861MiB / 11019MiB |      0%      Default |	1688361336500
| 43%   46C    P2    56W / 250W |    861MiB / 11019MiB |      0%      Default |	1688361337037
| 43%   46C    P2    56W / 250W |    861MiB / 11019MiB |      0%      Default |	1688361337575
| 43%   46C    P2    56W / 250W |    861MiB / 11019MiB |      0%      Default |	1688361338113
| 43%   46C    P2    56W / 250W |    861MiB / 11019MiB |      0%      Default |	1688361338650
| 43%   46C    P2    56W / 250W |    861MiB / 11019MiB |      0%      Default |	1688361339187
| 43%   46C    P2    56W / 250W |    861MiB / 11019MiB |      0%      Default |	1688361339724
| 43%   46C    P2    56W / 250W |    861MiB / 11019MiB |      0%      Default |	1688361340263
| 43%   46C    P2    57W / 250W |    861MiB / 11019MiB |      0%      Default |	1688361340798
| 43%   46C    P2    57W / 250W |    861MiB / 11019MiB |      0%      Default |	1688361341335
| 43%   46C    P2    57W / 250W |    861MiB / 11019MiB |      0%      Default |	1688361341873
| 43%   46C    P2    57W / 250W |    861MiB / 11019MiB |      0%      Default |	1688361342412
| 43%   46C    P2    57W / 250W |    861MiB / 11019MiB |      0%      Default |	1688361342950
| 43%   46C    P2    57W / 250W |    861MiB / 11019MiB |      0%      Default |	1688361343487
| 43%   46C    P2    56W / 250W |    861MiB / 11019MiB |      0%      Default |	1688361344023
| 43%   46C    P2    56W / 250W |    899MiB / 11019MiB |      0%      Default |	1688361344560
| 43%   46C    P2    57W / 250W |    899MiB / 11019MiB |      0%      Default |	1688361345098
| 43%   46C    P2    57W / 250W |    899MiB / 11019MiB |      0%      Default |	1688361345631
| 43%   46C    P2    56W / 250W |    899MiB / 11019MiB |      0%      Default |	1688361346163
| 43%   46C    P2    57W / 250W |    899MiB / 11019MiB |      0%      Default |	1688361346698
| 43%   46C    P2    57W / 250W |    899MiB / 11019MiB |      0%      Default |	1688361347266
| 43%   46C    P2    57W / 250W |    899MiB / 11019MiB |      0%      Default |	1688361347806
| 43%   46C    P2    56W / 250W |    899MiB / 11019MiB |      0%      Default |	1688361348340
| 43%   46C    P2    57W / 250W |    899MiB / 11019MiB |      0%      Default |	1688361348874
| 43%   46C    P2    56W / 250W |    899MiB / 11019MiB |      0%      Default |	1688361349408
| 43%   46C    P2    56W / 250W |    899MiB / 11019MiB |      0%      Default |	1688361349984
| 43%   46C    P2    57W / 250W |    899MiB / 11019MiB |      0%      Default |	1688361350529
| 43%   46C    P2    57W / 250W |    899MiB / 11019MiB |      0%      Default |	1688361351075
| 43%   46C    P2    57W / 250W |    899MiB / 11019MiB |      0%      Default |	1688361351608
| 43%   46C    P2    57W / 250W |    899MiB / 11019MiB |      0%      Default |	1688361352147
| 43%   46C    P2    56W / 250W |    899MiB / 11019MiB |      0%      Default |	1688361352696
| 43%   46C    P2    57W / 250W |    899MiB / 11019MiB |      0%      Default |	1688361353228
| 43%   46C    P2    57W / 250W |    899MiB / 11019MiB |      0%      Default |	1688361353790
| 43%   46C    P2    57W / 250W |    899MiB / 11019MiB |      0%      Default |	1688361354322
| 43%   46C    P2    57W / 250W |    899MiB / 11019MiB |      0%      Default |	1688361354855
| 43%   46C    P2    57W / 250W |    899MiB / 11019MiB |      0%      Default |	1688361355387
| 43%   46C    P2    57W / 250W |    899MiB / 11019MiB |      0%      Default |	1688361355922
| 43%   46C    P2    57W / 250W |    907MiB / 11019MiB |      0%      Default |	1688361356482
| 42%   46C    P2    57W / 250W |   3763MiB / 11019MiB |      0%      Default |	1688361357018
| 42%   46C    P2    56W / 250W |   4855MiB / 11019MiB |      2%      Default |	1688361357555
| 43%   48C    P2   129W / 250W |   7867MiB / 11019MiB |      2%      Default |	1688361358086
| 43%   49C    P2   112W / 250W |   9051MiB / 11019MiB |     70%      Default |	1688361358627
| 43%   49C    P2   120W / 250W |   9823MiB / 11019MiB |     70%      Default |	1688361359165
| 42%   49C    P2   119W / 250W |   9823MiB / 11019MiB |     98%      Default |	1688361359702
| 42%   49C    P2   117W / 250W |   9823MiB / 11019MiB |     98%      Default |	1688361360236
| 42%   49C    P2   113W / 250W |   9823MiB / 11019MiB |     98%      Default |	1688361360772
| 42%   50C    P2   120W / 250W |   9823MiB / 11019MiB |     98%      Default |	1688361361310
| 42%   50C    P2   121W / 250W |   9823MiB / 11019MiB |     98%      Default |	1688361361852
| 42%   50C    P2   118W / 250W |   9823MiB / 11019MiB |     98%      Default |	1688361362394
| 42%   50C    P2   115W / 250W |   9823MiB / 11019MiB |     98%      Default |	1688361362929
| 42%   50C    P2   114W / 250W |   9823MiB / 11019MiB |     99%      Default |	1688361363465
| 42%   50C    P2   120W / 250W |   9823MiB / 11019MiB |     99%      Default |	1688361364008
| 42%   51C    P2   116W / 250W |  10075MiB / 11019MiB |     97%      Default |	1688361364544
| 42%   51C    P2   119W / 250W |  10333MiB / 11019MiB |     97%      Default |	1688361365082
| 42%   51C    P2   122W / 250W |  10851MiB / 11019MiB |     97%      Default |	1688361365616
| 42%   51C    P2   118W / 250W |  10851MiB / 11019MiB |     97%      Default |	1688361366148
| 42%   51C    P2   117W / 250W |  10851MiB / 11019MiB |     97%      Default |	1688361366680
| 42%   51C    P2   123W / 250W |  10851MiB / 11019MiB |     97%      Default |	1688361367245
| 42%   51C    P2   119W / 250W |  10851MiB / 11019MiB |     98%      Default |	1688361367787
| 42%   52C    P2   121W / 250W |  10851MiB / 11019MiB |     98%      Default |	1688361368321
| 42%   52C    P2   120W / 250W |  10851MiB / 11019MiB |     98%      Default |	1688361368856
| 42%   52C    P2   116W / 250W |  10851MiB / 11019MiB |     98%      Default |	1688361369386
| 42%   52C    P2   115W / 250W |  10851MiB / 11019MiB |     97%      Default |	1688361369921
| 42%   52C    P2   116W / 250W |  10851MiB / 11019MiB |     99%      Default |	1688361370463
| 42%   52C    P2   119W / 250W |  10851MiB / 11019MiB |     99%      Default |	1688361370999
| 42%   52C    P2   123W / 250W |  10851MiB / 11019MiB |     97%      Default |	1688361371541
| 42%   52C    P2   125W / 250W |  10851MiB / 11019MiB |     97%      Default |	1688361372082
| 42%   53C    P2   124W / 250W |  10851MiB / 11019MiB |     99%      Default |	1688361372625
| 42%   53C    P2   116W / 250W |  10851MiB / 11019MiB |     99%      Default |	1688361373161
| 42%   53C    P2   122W / 250W |  10851MiB / 11019MiB |     99%      Default |	1688361373704
| 42%   53C    P2   125W / 250W |  10851MiB / 11019MiB |     99%      Default |	1688361374236
| 42%   53C    P2   120W / 250W |  10851MiB / 11019MiB |     97%      Default |	1688361374774
| 43%   53C    P2   115W / 250W |  10851MiB / 11019MiB |     97%      Default |	1688361375312
| 42%   53C    P2   118W / 250W |  10851MiB / 11019MiB |     97%      Default |	1688361375853
| 42%   53C    P2   120W / 250W |  10851MiB / 11019MiB |     97%      Default |	1688361376391
| 42%   54C    P2   122W / 250W |  10851MiB / 11019MiB |     98%      Default |	1688361376929
| 43%   54C    P2   118W / 250W |   7451MiB / 11019MiB |     98%      Default |	1688361377470
| 43%   54C    P2   118W / 250W |   8727MiB / 11019MiB |     98%      Default |	1688361378012
| 43%   54C    P2   126W / 250W |   9327MiB / 11019MiB |     96%      Default |	1688361378555
| 43%   54C    P2   122W / 250W |   9331MiB / 11019MiB |     96%      Default |	1688361379090
| 43%   54C    P2   119W / 250W |   9331MiB / 11019MiB |     98%      Default |	1688361379624
| 43%   54C    P2   117W / 250W |   9331MiB / 11019MiB |     98%      Default |	1688361380166
| 43%   54C    P2   118W / 250W |   9331MiB / 11019MiB |     97%      Default |	1688361380713
| 44%   54C    P2   121W / 250W |   9331MiB / 11019MiB |     97%      Default |	1688361381253
| 44%   55C    P2   126W / 250W |   9331MiB / 11019MiB |     98%      Default |	1688361381790
| 44%   55C    P2   122W / 250W |   9331MiB / 11019MiB |     98%      Default |	1688361382335
| 44%   55C    P2   124W / 250W |   9331MiB / 11019MiB |     97%      Default |	1688361382875
| 44%   55C    P2   120W / 250W |   9331MiB / 11019MiB |     97%      Default |	1688361383411
| 44%   55C    P2   124W / 250W |   9331MiB / 11019MiB |     97%      Default |	1688361383945
| 44%   55C    P2   119W / 250W |   9583MiB / 11019MiB |     97%      Default |	1688361384487
| 45%   55C    P2   116W / 250W |   9839MiB / 11019MiB |     97%      Default |	1688361385030
| 45%   55C    P2   125W / 250W |  10353MiB / 11019MiB |     98%      Default |	1688361385573
| 45%   55C    P2   125W / 250W |  10353MiB / 11019MiB |     98%      Default |	1688361386113
| 45%   55C    P2   122W / 250W |  10353MiB / 11019MiB |     98%      Default |	1688361386655
| 45%   55C    P2   119W / 250W |  10353MiB / 11019MiB |     98%      Default |	1688361387186
| 45%   56C    P2   126W / 250W |  10353MiB / 11019MiB |     97%      Default |	1688361387727
| 46%   56C    P2   122W / 250W |  10353MiB / 11019MiB |     97%      Default |	1688361388268
| 46%   56C    P2   130W / 250W |  10353MiB / 11019MiB |     98%      Default |	1688361388807
| 46%   56C    P2   119W / 250W |  10353MiB / 11019MiB |     98%      Default |	1688361389347
| 46%   56C    P2   126W / 250W |  10355MiB / 11019MiB |     98%      Default |	1688361389885
| 46%   56C    P2   121W / 250W |  10355MiB / 11019MiB |     98%      Default |	1688361390419
| 46%   56C    P2   123W / 250W |  10355MiB / 11019MiB |     96%      Default |	1688361390954
| 47%   56C    P2   114W / 250W |  10355MiB / 11019MiB |     96%      Default |	1688361391488
| 47%   56C    P2   127W / 250W |  10355MiB / 11019MiB |     97%      Default |	1688361392029
| 47%   57C    P2   127W / 250W |  10355MiB / 11019MiB |     99%      Default |	1688361392569
| 47%   56C    P2   122W / 250W |  10355MiB / 11019MiB |     99%      Default |	1688361393104
| 47%   57C    P2   123W / 250W |  10355MiB / 11019MiB |     98%      Default |	1688361393641
| 47%   57C    P2   120W / 250W |  10355MiB / 11019MiB |     98%      Default |	1688361394187
| 47%   57C    P2   124W / 250W |  10355MiB / 11019MiB |     98%      Default |	1688361394723
| 47%   57C    P2   123W / 250W |  10355MiB / 11019MiB |     98%      Default |	1688361395256
| 47%   57C    P2   121W / 250W |  10355MiB / 11019MiB |     98%      Default |	1688361395796
| 48%   57C    P2   122W / 250W |  10355MiB / 11019MiB |     98%      Default |	1688361396341
| 48%   57C    P2   122W / 250W |  10355MiB / 11019MiB |     97%      Default |	1688361396879
| 48%   57C    P2   121W / 250W |  10355MiB / 11019MiB |     97%      Default |	1688361397412
| 48%   57C    P2   121W / 250W |  10355MiB / 11019MiB |     98%      Default |	1688361397954
| 48%   57C    P2   123W / 250W |  10871MiB / 11019MiB |     98%      Default |	1688361398505
| 48%   57C    P2   118W / 250W |  10871MiB / 11019MiB |     98%      Default |	1688361399036
| 48%   57C    P2   128W / 250W |  10871MiB / 11019MiB |     98%      Default |	1688361399580
| 49%   57C    P2   126W / 250W |  10871MiB / 11019MiB |     98%      Default |	1688361400117
| 49%   57C    P2   123W / 250W |  10871MiB / 11019MiB |     99%      Default |	1688361400654
| 49%   57C    P2   123W / 250W |  10871MiB / 11019MiB |     99%      Default |	1688361401197
| 49%   57C    P2   119W / 250W |  10871MiB / 11019MiB |     99%      Default |	1688361401738
| 49%   57C    P2   125W / 250W |  10871MiB / 11019MiB |     99%      Default |	1688361402269
| 49%   58C    P2   125W / 250W |  10871MiB / 11019MiB |     98%      Default |	1688361402810
| 49%   58C    P2   126W / 250W |  10871MiB / 11019MiB |     98%      Default |	1688361403350
| 49%   58C    P2   127W / 250W |  10871MiB / 11019MiB |     97%      Default |	1688361403891
| 49%   58C    P2   121W / 250W |  10871MiB / 11019MiB |     97%      Default |	1688361404427
| 49%   58C    P2   123W / 250W |  10871MiB / 11019MiB |     98%      Default |	1688361404968
| 50%   58C    P2   126W / 250W |  10871MiB / 11019MiB |     98%      Default |	1688361405509
| 50%   58C    P2   123W / 250W |  10871MiB / 11019MiB |     99%      Default |	1688361406044
| 50%   58C    P2   120W / 250W |  10871MiB / 11019MiB |     98%      Default |	1688361406586
| 50%   58C    P2   126W / 250W |  10871MiB / 11019MiB |     98%      Default |	1688361407126
| 50%   58C    P2   124W / 250W |  10871MiB / 11019MiB |     98%      Default |	1688361407661
| 50%   58C    P2   123W / 250W |  10871MiB / 11019MiB |     98%      Default |	1688361408200
| 50%   58C    P2   120W / 250W |  10871MiB / 11019MiB |     98%      Default |	1688361408742
| 50%   58C    P2   122W / 250W |  10871MiB / 11019MiB |     98%      Default |	1688361409283
| 50%   58C    P2   123W / 250W |  10871MiB / 11019MiB |     96%      Default |	1688361409819
| 50%   58C    P2   124W / 250W |  10871MiB / 11019MiB |     96%      Default |	1688361410356
| 51%   58C    P2   126W / 250W |  10871MiB / 11019MiB |     96%      Default |	1688361410890
| 51%   58C    P2   124W / 250W |  10871MiB / 11019MiB |     96%      Default |	1688361411424
| 51%   59C    P2   125W / 250W |  10871MiB / 11019MiB |     99%      Default |	1688361411956
| 51%   58C    P2   122W / 250W |  10871MiB / 11019MiB |     99%      Default |	1688361412497
| 51%   58C    P2   119W / 250W |  10871MiB / 11019MiB |     97%      Default |	1688361413037
| 51%   58C    P2   123W / 250W |  10871MiB / 11019MiB |     97%      Default |	1688361413570
| 51%   59C    P2   124W / 250W |  10871MiB / 11019MiB |     98%      Default |	1688361414111
| 51%   59C    P2   123W / 250W |  10871MiB / 11019MiB |     98%      Default |	1688361414651
| 51%   59C    P2   128W / 250W |  10871MiB / 11019MiB |     98%      Default |	1688361415192
| 51%   59C    P2   126W / 250W |  10871MiB / 11019MiB |     98%      Default |	1688361415723
| 51%   59C    P2   126W / 250W |  10871MiB / 11019MiB |     98%      Default |	1688361416257
| 51%   59C    P2   123W / 250W |  10871MiB / 11019MiB |     97%      Default |	1688361416795
| 51%   59C    P2   120W / 250W |  10871MiB / 11019MiB |     97%      Default |	1688361417350
| 52%   59C    P2   127W / 250W |  10871MiB / 11019MiB |     97%      Default |	1688361417873
| 52%   59C    P2   127W / 250W |  10871MiB / 11019MiB |     97%      Default |	1688361418409
| 52%   59C    P2   123W / 250W |  10871MiB / 11019MiB |     98%      Default |	1688361418946
| 52%   59C    P2   124W / 250W |  10871MiB / 11019MiB |     98%      Default |	1688361419490
| 52%   59C    P2   125W / 250W |  10871MiB / 11019MiB |     97%      Default |	1688361420026
| 52%   59C    P2   127W / 250W |  10871MiB / 11019MiB |     97%      Default |	1688361420559
| 52%   59C    P2   127W / 250W |  10871MiB / 11019MiB |     98%      Default |	1688361421100
| 52%   59C    P2   120W / 250W |  10871MiB / 11019MiB |     98%      Default |	1688361421646
| 52%   59C    P2   120W / 250W |  10871MiB / 11019MiB |     98%      Default |	1688361422181
| 52%   59C    P2   126W / 250W |  10871MiB / 11019MiB |     98%      Default |	1688361422727
| 52%   58C    P2    80W / 250W |  10871MiB / 11019MiB |     98%      Default |	1688361423260
| 52%   58C    P2    80W / 250W |  10850MiB / 11019MiB |     26%      Default |	1688361423796
| 52%   58C    P2    80W / 250W |  10850MiB / 11019MiB |     26%      Default |	1688361424331
| 52%   58C    P0    80W / 250W |      5MiB / 11019MiB |     20%      Default |	1688361424871
