| 40%   50C    P0    77W / 250W |      5MiB / 11019MiB |     19%      Default |	1688029781101
| 40%   50C    P3    77W / 250W |      5MiB / 11019MiB |      0%      Default |	1688029781643
| 40%   49C    P3    51W / 250W |      5MiB / 11019MiB |      0%      Default |	1688029782218
| 40%   49C    P3    51W / 250W |      5MiB / 11019MiB |      0%      Default |	1688029782743
| 40%   49C    P3    52W / 250W |      5MiB / 11019MiB |      0%      Default |	1688029783279
| 40%   49C    P3    51W / 250W |      5MiB / 11019MiB |      0%      Default |	1688029783814
| 40%   48C    P5    20W / 250W |      5MiB / 11019MiB |      0%      Default |	1688029784348
| 40%   48C    P5    20W / 250W |      5MiB / 11019MiB |      0%      Default |	1688029784883
| 40%   48C    P5    20W / 250W |      5MiB / 11019MiB |      0%      Default |	1688029785416
| 40%   48C    P8    17W / 250W |      5MiB / 11019MiB |      0%      Default |	1688029785951
| 40%   47C    P8    16W / 250W |      5MiB / 11019MiB |      0%      Default |	1688029786485
| 40%   47C    P8    16W / 250W |      5MiB / 11019MiB |      0%      Default |	1688029787023
| 40%   47C    P8    17W / 250W |      5MiB / 11019MiB |      0%      Default |	1688029787561
| 40%   47C    P8    17W / 250W |      5MiB / 11019MiB |      0%      Default |	1688029788099
| 40%   47C    P8    16W / 250W |      5MiB / 11019MiB |      0%      Default |	1688029788638
| 40%   47C    P8    16W / 250W |      5MiB / 11019MiB |      0%      Default |	1688029789177
| 40%   46C    P8    16W / 250W |      5MiB / 11019MiB |      0%      Default |	1688029789717
| 40%   46C    P8    15W / 250W |      5MiB / 11019MiB |      0%      Default |	1688029790255
| 40%   46C    P8    16W / 250W |      5MiB / 11019MiB |      0%      Default |	1688029790793
| 40%   46C    P8    15W / 250W |      5MiB / 11019MiB |      0%      Default |	1688029791328
| 40%   46C    P8    16W / 250W |      5MiB / 11019MiB |      0%      Default |	1688029791867
| 40%   46C    P8    16W / 250W |      5MiB / 11019MiB |      0%      Default |	1688029792404
| 40%   46C    P8    16W / 250W |      5MiB / 11019MiB |      0%      Default |	1688029792943
| 40%   46C    P8    16W / 250W |      5MiB / 11019MiB |      0%      Default |	1688029793481
| 40%   46C    P8    16W / 250W |      5MiB / 11019MiB |      0%      Default |	1688029794019
| 39%   46C    P8    15W / 250W |      5MiB / 11019MiB |      0%      Default |	1688029794556
| 39%   45C    P8    16W / 250W |      5MiB / 11019MiB |      0%      Default |	1688029795094
| 39%   45C    P8    16W / 250W |      5MiB / 11019MiB |      0%      Default |	1688029795631
| 39%   45C    P8    15W / 250W |      5MiB / 11019MiB |      0%      Default |	1688029796168
| 39%   45C    P8    16W / 250W |      5MiB / 11019MiB |      0%      Default |	1688029796701
| 39%   45C    P8    16W / 250W |      5MiB / 11019MiB |      0%      Default |	1688029797236
| 39%   45C    P8    16W / 250W |      5MiB / 11019MiB |      0%      Default |	1688029797775
| 39%   45C    P8    16W / 250W |      5MiB / 11019MiB |      0%      Default |	1688029798314
| 39%   45C    P8    16W / 250W |      5MiB / 11019MiB |      0%      Default |	1688029798851
| 39%   45C    P8    15W / 250W |      5MiB / 11019MiB |      0%      Default |	1688029799391
| 39%   45C    P8    16W / 250W |      5MiB / 11019MiB |      0%      Default |	1688029799924
| 39%   44C    P8    16W / 250W |      5MiB / 11019MiB |      0%      Default |	1688029800470
| 39%   44C    P8    16W / 250W |      5MiB / 11019MiB |      0%      Default |	1688029801004
| 39%   44C    P8    15W / 250W |      5MiB / 11019MiB |      0%      Default |	1688029801543
| 39%   44C    P8    16W / 250W |      5MiB / 11019MiB |      0%      Default |	1688029802092
| 39%   44C    P8    16W / 250W |      5MiB / 11019MiB |      0%      Default |	1688029802629
| 39%   44C    P8    17W / 250W |      5MiB / 11019MiB |      0%      Default |	1688029803167
| 39%   44C    P8    15W / 250W |      5MiB / 11019MiB |      0%      Default |	1688029803705
| 39%   44C    P8    16W / 250W |      5MiB / 11019MiB |      0%      Default |	1688029804245
| 39%   44C    P8    16W / 250W |      5MiB / 11019MiB |      0%      Default |	1688029804782
| 39%   44C    P8    15W / 250W |      5MiB / 11019MiB |      0%      Default |	1688029805319
| 39%   44C    P8    15W / 250W |      5MiB / 11019MiB |      0%      Default |	1688029805857
| 39%   44C    P8    16W / 250W |      5MiB / 11019MiB |      0%      Default |	1688029806394
| 39%   44C    P8    15W / 250W |      5MiB / 11019MiB |      0%      Default |	1688029806932
| 39%   43C    P8    16W / 250W |      5MiB / 11019MiB |      0%      Default |	1688029807470
| 39%   43C    P8    16W / 250W |      5MiB / 11019MiB |      0%      Default |	1688029808008
| 39%   43C    P8    16W / 250W |      5MiB / 11019MiB |      0%      Default |	1688029808543
| 39%   43C    P8    15W / 250W |      5MiB / 11019MiB |      0%      Default |	1688029809082
| 39%   43C    P8    16W / 250W |      5MiB / 11019MiB |      0%      Default |	1688029809619
| 39%   43C    P8    15W / 250W |      5MiB / 11019MiB |      0%      Default |	1688029810157
| 39%   43C    P8    14W / 250W |      5MiB / 11019MiB |      0%      Default |	1688029810693
| 39%   43C    P8    15W / 250W |      5MiB / 11019MiB |      0%      Default |	1688029811231
| 39%   43C    P8    14W / 250W |      5MiB / 11019MiB |      0%      Default |	1688029811769
| 39%   43C    P8    15W / 250W |      5MiB / 11019MiB |      0%      Default |	1688029812307
| 39%   43C    P8    14W / 250W |      5MiB / 11019MiB |      0%      Default |	1688029812845
| 39%   43C    P8    14W / 250W |      5MiB / 11019MiB |      0%      Default |	1688029813382
| 39%   43C    P8    15W / 250W |      5MiB / 11019MiB |      0%      Default |	1688029813920
| 39%   43C    P8    15W / 250W |      5MiB / 11019MiB |      0%      Default |	1688029814457
| 39%   42C    P8    14W / 250W |      5MiB / 11019MiB |      0%      Default |	1688029814997
| 39%   42C    P8    14W / 250W |      5MiB / 11019MiB |      0%      Default |	1688029815536
| 39%   42C    P8    14W / 250W |      5MiB / 11019MiB |      0%      Default |	1688029816073
| 39%   42C    P8    15W / 250W |      5MiB / 11019MiB |      0%      Default |	1688029816612
| 39%   42C    P8    15W / 250W |      5MiB / 11019MiB |      0%      Default |	1688029817149
| 38%   42C    P8    15W / 250W |      5MiB / 11019MiB |      0%      Default |	1688029817687
| 39%   42C    P8    15W / 250W |      5MiB / 11019MiB |      0%      Default |	1688029818224
| 38%   42C    P8    14W / 250W |      5MiB / 11019MiB |      0%      Default |	1688029818762
| 38%   42C    P8    15W / 250W |      5MiB / 11019MiB |      0%      Default |	1688029819302
| 38%   42C    P8    15W / 250W |      5MiB / 11019MiB |      0%      Default |	1688029819839
| 38%   42C    P8    15W / 250W |      5MiB / 11019MiB |      0%      Default |	1688029820377
| 38%   42C    P8    16W / 250W |      5MiB / 11019MiB |      0%      Default |	1688029820915
| 38%   42C    P8    16W / 250W |      5MiB / 11019MiB |      0%      Default |	1688029821453
| 38%   42C    P8    16W / 250W |      5MiB / 11019MiB |      0%      Default |	1688029821990
| 38%   42C    P8    16W / 250W |      5MiB / 11019MiB |      0%      Default |	1688029822529
| 38%   42C    P8    15W / 250W |      5MiB / 11019MiB |      0%      Default |	1688029823069
| 38%   42C    P8    15W / 250W |      5MiB / 11019MiB |      0%      Default |	1688029823608
| 38%   41C    P8    15W / 250W |      5MiB / 11019MiB |      0%      Default |	1688029824146
| 38%   41C    P8    15W / 250W |      5MiB / 11019MiB |      0%      Default |	1688029824684
| 38%   41C    P8    15W / 250W |      5MiB / 11019MiB |      0%      Default |	1688029825221
| 38%   41C    P8    15W / 250W |      5MiB / 11019MiB |      0%      Default |	1688029825759
| 38%   41C    P8    14W / 250W |      5MiB / 11019MiB |      0%      Default |	1688029826295
| 38%   41C    P8    15W / 250W |      5MiB / 11019MiB |      0%      Default |	1688029826831
| 38%   41C    P8    16W / 250W |      5MiB / 11019MiB |      0%      Default |	1688029827370
| 38%   41C    P8    15W / 250W |      5MiB / 11019MiB |      0%      Default |	1688029827915
| 38%   41C    P8    16W / 250W |      5MiB / 11019MiB |      0%      Default |	1688029828451
| 38%   41C    P8    15W / 250W |      5MiB / 11019MiB |      0%      Default |	1688029828985
| 38%   41C    P8    15W / 250W |      5MiB / 11019MiB |      0%      Default |	1688029829523
| 38%   41C    P8    15W / 250W |      5MiB / 11019MiB |      0%      Default |	1688029830064
| 38%   41C    P8    15W / 250W |      5MiB / 11019MiB |      0%      Default |	1688029830600
| 38%   41C    P8    15W / 250W |      5MiB / 11019MiB |      0%      Default |	1688029831135
| 38%   41C    P8    15W / 250W |      5MiB / 11019MiB |      0%      Default |	1688029831674
| 38%   41C    P8    15W / 250W |      5MiB / 11019MiB |      0%      Default |	1688029832214
| 37%   41C    P8    14W / 250W |      5MiB / 11019MiB |      0%      Default |	1688029832754
| 37%   41C    P8    14W / 250W |      5MiB / 11019MiB |      0%      Default |	1688029833291
| 37%   41C    P8    15W / 250W |      5MiB / 11019MiB |      0%      Default |	1688029833829
| 37%   41C    P8    15W / 250W |      5MiB / 11019MiB |      0%      Default |	1688029834367
| 37%   41C    P8    15W / 250W |      5MiB / 11019MiB |      0%      Default |	1688029834905
| 37%   41C    P8    15W / 250W |      5MiB / 11019MiB |      0%      Default |	1688029835443
| 37%   40C    P8    15W / 250W |      5MiB / 11019MiB |      0%      Default |	1688029835981
| 37%   40C    P8    14W / 250W |      5MiB / 11019MiB |      0%      Default |	1688029836519
| 37%   40C    P8    15W / 250W |      5MiB / 11019MiB |      0%      Default |	1688029837055
| 37%   40C    P8    15W / 250W |      5MiB / 11019MiB |      0%      Default |	1688029837595
| 37%   40C    P8    14W / 250W |      5MiB / 11019MiB |      0%      Default |	1688029838133
| 37%   40C    P8    14W / 250W |      5MiB / 11019MiB |      0%      Default |	1688029838670
| 37%   40C    P8    15W / 250W |      5MiB / 11019MiB |      0%      Default |	1688029839207
| 37%   40C    P8    15W / 250W |      5MiB / 11019MiB |      0%      Default |	1688029839745
| 37%   40C    P8    15W / 250W |      5MiB / 11019MiB |      0%      Default |	1688029840284
| 37%   40C    P8    14W / 250W |      5MiB / 11019MiB |      0%      Default |	1688029840822
| 37%   40C    P8    15W / 250W |      5MiB / 11019MiB |      0%      Default |	1688029841359
| 37%   40C    P8    14W / 250W |      5MiB / 11019MiB |      0%      Default |	1688029841897
| 37%   40C    P8    14W / 250W |      5MiB / 11019MiB |      0%      Default |	1688029842435
| 37%   40C    P8    15W / 250W |      5MiB / 11019MiB |      0%      Default |	1688029842973
| 37%   40C    P8    14W / 250W |      5MiB / 11019MiB |      0%      Default |	1688029843511
| 36%   40C    P8    14W / 250W |      5MiB / 11019MiB |      0%      Default |	1688029844048
| 36%   40C    P8    15W / 250W |      5MiB / 11019MiB |      0%      Default |	1688029844587
| 36%   40C    P8    15W / 250W |      5MiB / 11019MiB |      0%      Default |	1688029845125
| 36%   40C    P8    15W / 250W |      5MiB / 11019MiB |      0%      Default |	1688029845663
| 36%   40C    P8    14W / 250W |      5MiB / 11019MiB |      0%      Default |	1688029846202
| 36%   40C    P8    15W / 250W |      5MiB / 11019MiB |      0%      Default |	1688029846739
| 36%   40C    P8    15W / 250W |      5MiB / 11019MiB |      0%      Default |	1688029847277
| 36%   40C    P8    15W / 250W |      5MiB / 11019MiB |      0%      Default |	1688029847815
| 36%   40C    P8    14W / 250W |      5MiB / 11019MiB |      0%      Default |	1688029848354
| 36%   40C    P8    15W / 250W |      5MiB / 11019MiB |      0%      Default |	1688029848892
| 36%   40C    P8    14W / 250W |      5MiB / 11019MiB |      0%      Default |	1688029849429
| 36%   40C    P8    15W / 250W |      5MiB / 11019MiB |      0%      Default |	1688029849967
| 36%   39C    P8    14W / 250W |      5MiB / 11019MiB |      0%      Default |	1688029850505
| 36%   39C    P8    14W / 250W |      5MiB / 11019MiB |      0%      Default |	1688029851043
| 36%   39C    P8    14W / 250W |      5MiB / 11019MiB |      0%      Default |	1688029851581
| 36%   40C    P2    15W / 250W |    169MiB / 11019MiB |      0%      Default |	1688029852117
| 36%   41C    P2    56W / 250W |    421MiB / 11019MiB |      0%      Default |	1688029852665
| 36%   41C    P2    56W / 250W |    655MiB / 11019MiB |      4%      Default |	1688029853202
| 36%   42C    P2    56W / 250W |    847MiB / 11019MiB |      4%      Default |	1688029853741
| 35%   42C    P2    56W / 250W |    847MiB / 11019MiB |      4%      Default |	1688029854279
| 35%   42C    P2    56W / 250W |    847MiB / 11019MiB |      0%      Default |	1688029854816
| 35%   42C    P2    56W / 250W |    847MiB / 11019MiB |      0%      Default |	1688029855354
| 36%   42C    P2    56W / 250W |    847MiB / 11019MiB |      0%      Default |	1688029855893
| 36%   42C    P2    56W / 250W |    847MiB / 11019MiB |      0%      Default |	1688029856432
| 35%   42C    P2    56W / 250W |    847MiB / 11019MiB |      0%      Default |	1688029856970
| 35%   42C    P2    56W / 250W |    847MiB / 11019MiB |      0%      Default |	1688029857508
| 35%   42C    P2    56W / 250W |    847MiB / 11019MiB |      0%      Default |	1688029858046
| 35%   42C    P2    56W / 250W |    869MiB / 11019MiB |      0%      Default |	1688029858585
| 35%   43C    P2    56W / 250W |    869MiB / 11019MiB |      1%      Default |	1688029859124
| 35%   43C    P2    56W / 250W |    869MiB / 11019MiB |      1%      Default |	1688029859660
| 35%   43C    P2    56W / 250W |    869MiB / 11019MiB |      0%      Default |	1688029860197
| 35%   43C    P2    56W / 250W |    869MiB / 11019MiB |      0%      Default |	1688029860733
| 35%   43C    P2    56W / 250W |    869MiB / 11019MiB |      0%      Default |	1688029861271
| 35%   43C    P2    56W / 250W |    869MiB / 11019MiB |      0%      Default |	1688029861808
| 35%   43C    P2    56W / 250W |    869MiB / 11019MiB |      0%      Default |	1688029862345
| 35%   43C    P2    56W / 250W |    869MiB / 11019MiB |      0%      Default |	1688029862881
| 35%   43C    P2    56W / 250W |    869MiB / 11019MiB |      0%      Default |	1688029863419
| 35%   43C    P2    56W / 250W |    869MiB / 11019MiB |      0%      Default |	1688029863957
| 35%   43C    P2    56W / 250W |    869MiB / 11019MiB |      0%      Default |	1688029864493
| 35%   43C    P2    56W / 250W |    869MiB / 11019MiB |      0%      Default |	1688029865035
| 35%   43C    P2    56W / 250W |    869MiB / 11019MiB |      0%      Default |	1688029865570
| 35%   43C    P2    56W / 250W |    869MiB / 11019MiB |      0%      Default |	1688029866109
| 35%   43C    P2    56W / 250W |    869MiB / 11019MiB |      0%      Default |	1688029866645
| 35%   43C    P2    56W / 250W |    869MiB / 11019MiB |      0%      Default |	1688029867183
| 35%   43C    P2    56W / 250W |    869MiB / 11019MiB |      0%      Default |	1688029867719
| 35%   43C    P2    56W / 250W |    869MiB / 11019MiB |      0%      Default |	1688029868258
| 35%   43C    P2    56W / 250W |    869MiB / 11019MiB |      0%      Default |	1688029868795
| 35%   43C    P2    56W / 250W |    869MiB / 11019MiB |      0%      Default |	1688029869332
| 35%   43C    P2    56W / 250W |    869MiB / 11019MiB |      0%      Default |	1688029869868
| 35%   43C    P2    56W / 250W |    869MiB / 11019MiB |      0%      Default |	1688029870406
| 35%   43C    P2    56W / 250W |    869MiB / 11019MiB |      0%      Default |	1688029870943
| 35%   42C    P8    15W / 250W |    869MiB / 11019MiB |      0%      Default |	1688029871479
| 35%   42C    P8    17W / 250W |    869MiB / 11019MiB |      0%      Default |	1688029872017
| 35%   42C    P8    15W / 250W |    869MiB / 11019MiB |      0%      Default |	1688029872555
| 35%   42C    P8    15W / 250W |    869MiB / 11019MiB |      0%      Default |	1688029873093
| 35%   42C    P8    16W / 250W |    869MiB / 11019MiB |      0%      Default |	1688029873630
| 35%   41C    P8    15W / 250W |    869MiB / 11019MiB |      0%      Default |	1688029874168
| 35%   41C    P8    15W / 250W |    869MiB / 11019MiB |      0%      Default |	1688029874706
| 35%   41C    P8    15W / 250W |    869MiB / 11019MiB |      0%      Default |	1688029875245
| 35%   41C    P8    15W / 250W |    869MiB / 11019MiB |      0%      Default |	1688029875783
| 35%   41C    P8    15W / 250W |    869MiB / 11019MiB |      0%      Default |	1688029876321
| 35%   41C    P8    15W / 250W |    869MiB / 11019MiB |      0%      Default |	1688029876858
| 35%   41C    P8    15W / 250W |    869MiB / 11019MiB |      0%      Default |	1688029877396
| 35%   42C    P2    56W / 250W |    961MiB / 11019MiB |      1%      Default |	1688029877934
| 35%   43C    P2    56W / 250W |   3043MiB / 11019MiB |      1%      Default |	1688029878469
| 35%   43C    P2    56W / 250W |   4251MiB / 11019MiB |      3%      Default |	1688029879009
| 35%   43C    P2    70W / 250W |   7417MiB / 11019MiB |      3%      Default |	1688029879566
| 35%   46C    P2   129W / 250W |  10677MiB / 11019MiB |     38%      Default |	1688029880113
| 35%   46C    P2   150W / 250W |  10215MiB / 11019MiB |     38%      Default |	1688029880653
| 35%   47C    P2   143W / 250W |  10719MiB / 11019MiB |     99%      Default |	1688029881190
| 35%   47C    P2   114W / 250W |   8923MiB / 11019MiB |     99%      Default |	1688029881728
| 35%   47C    P2   155W / 250W |  10317MiB / 11019MiB |     99%      Default |	1688029882266
| 35%   48C    P2   147W / 250W |  10789MiB / 11019MiB |     99%      Default |	1688029882808
| 35%   48C    P2   152W / 250W |  10789MiB / 11019MiB |    100%      Default |	1688029883348
| 35%   48C    P2   157W / 250W |  10789MiB / 11019MiB |    100%      Default |	1688029883885
| 35%   49C    P2   156W / 250W |  10789MiB / 11019MiB |    100%      Default |	1688029884422
| 35%   49C    P2   154W / 250W |   9723MiB / 11019MiB |    100%      Default |	1688029884961
| 35%   49C    P2   157W / 250W |   9723MiB / 11019MiB |    100%      Default |	1688029885501
| 35%   49C    P2   156W / 250W |   9943MiB / 11019MiB |    100%      Default |	1688029886039
| 35%   49C    P2   135W / 250W |  10163MiB / 11019MiB |    100%      Default |	1688029886577
| 35%   50C    P2   154W / 250W |  10163MiB / 11019MiB |    100%      Default |	1688029887115
| 35%   50C    P2   155W / 250W |  10163MiB / 11019MiB |    100%      Default |	1688029887658
| 36%   50C    P2   154W / 250W |  10415MiB / 11019MiB |    100%      Default |	1688029888192
| 36%   50C    P2   145W / 250W |  10525MiB / 11019MiB |    100%      Default |	1688029888725
| 36%   51C    P2   139W / 250W |  10777MiB / 11019MiB |    100%      Default |	1688029889262
| 37%   51C    P2   129W / 250W |  10777MiB / 11019MiB |    100%      Default |	1688029889799
| 37%   51C    P2   144W / 250W |  10777MiB / 11019MiB |    100%      Default |	1688029890333
| 38%   52C    P2   155W / 250W |  10777MiB / 11019MiB |    100%      Default |	1688029890873
| 38%   52C    P2   156W / 250W |  10777MiB / 11019MiB |    100%      Default |	1688029891407
| 38%   51C    P2   142W / 250W |   9919MiB / 11019MiB |    100%      Default |	1688029891946
| 39%   52C    P2   136W / 250W |  10029MiB / 11019MiB |    100%      Default |	1688029892481
| 39%   52C    P2   160W / 250W |  10029MiB / 11019MiB |    100%      Default |	1688029893021
| 39%   53C    P2   138W / 250W |  10029MiB / 11019MiB |    100%      Default |	1688029893558
| 39%   53C    P2   155W / 250W |  10029MiB / 11019MiB |    100%      Default |	1688029894094
| 40%   53C    P2   146W / 250W |  10249MiB / 11019MiB |    100%      Default |	1688029894631
| 40%   53C    P2   157W / 250W |  10249MiB / 11019MiB |    100%      Default |	1688029895164
| 40%   53C    P2   153W / 250W |  10249MiB / 11019MiB |    100%      Default |	1688029895697
| 41%   53C    P2   156W / 250W |  10249MiB / 11019MiB |    100%      Default |	1688029896239
| 41%   53C    P2   144W / 250W |  10249MiB / 11019MiB |    100%      Default |	1688029896777
| 41%   53C    P2   142W / 250W |  10249MiB / 11019MiB |    100%      Default |	1688029897309
| 42%   53C    P2   162W / 250W |  10503MiB / 11019MiB |    100%      Default |	1688029897844
| 42%   53C    P2   146W / 250W |   6799MiB / 11019MiB |    100%      Default |	1688029898385
| 42%   54C    P2   157W / 250W |   9395MiB / 11019MiB |     98%      Default |	1688029898933
| 42%   54C    P2   149W / 250W |   9959MiB / 11019MiB |     98%      Default |	1688029899473
| 43%   54C    P2   166W / 250W |  10463MiB / 11019MiB |    100%      Default |	1688029900012
| 43%   54C    P2   164W / 250W |  10683MiB / 11019MiB |    100%      Default |	1688029900552
| 43%   55C    P2   158W / 250W |  10903MiB / 11019MiB |     99%      Default |	1688029901089
| 43%   55C    P2   154W / 250W |   9727MiB / 11019MiB |     99%      Default |	1688029901620
| 44%   55C    P2   145W / 250W |   9727MiB / 11019MiB |     99%      Default |	1688029902154
| 44%   55C    P2   153W / 250W |   9727MiB / 11019MiB |     99%      Default |	1688029902689
| 44%   55C    P2   146W / 250W |  10199MiB / 11019MiB |    100%      Default |	1688029903226
| 44%   55C    P2   150W / 250W |  10199MiB / 11019MiB |    100%      Default |	1688029903763
| 45%   55C    P2   172W / 250W |  10199MiB / 11019MiB |    100%      Default |	1688029904301
| 45%   56C    P2   149W / 250W |  10199MiB / 11019MiB |    100%      Default |	1688029904841
| 45%   56C    P2   142W / 250W |  10199MiB / 11019MiB |    100%      Default |	1688029905381
| 46%   56C    P2   141W / 250W |  10451MiB / 11019MiB |    100%      Default |	1688029905918
| 46%   56C    P2   158W / 250W |  10451MiB / 11019MiB |    100%      Default |	1688029906457
| 46%   56C    P2   154W / 250W |  10451MiB / 11019MiB |    100%      Default |	1688029906994
| 46%   56C    P2   157W / 250W |  10451MiB / 11019MiB |    100%      Default |	1688029907528
| 47%   56C    P2   152W / 250W |  10451MiB / 11019MiB |    100%      Default |	1688029908064
| 47%   56C    P2   156W / 250W |  10451MiB / 11019MiB |    100%      Default |	1688029908600
| 47%   57C    P2   149W / 250W |  10451MiB / 11019MiB |    100%      Default |	1688029909140
| 47%   57C    P2   155W / 250W |  10451MiB / 11019MiB |    100%      Default |	1688029909677
| 47%   57C    P2   157W / 250W |  10705MiB / 11019MiB |    100%      Default |	1688029910215
| 48%   57C    P2   150W / 250W |  10705MiB / 11019MiB |    100%      Default |	1688029910752
| 48%   57C    P2   141W / 250W |  10705MiB / 11019MiB |    100%      Default |	1688029911284
| 48%   58C    P2   148W / 250W |  10705MiB / 11019MiB |    100%      Default |	1688029911821
| 48%   57C    P2   143W / 250W |  10705MiB / 11019MiB |    100%      Default |	1688029912357
| 49%   58C    P2   155W / 250W |  10705MiB / 11019MiB |    100%      Default |	1688029912896
| 49%   57C    P2   149W / 250W |  10705MiB / 11019MiB |    100%      Default |	1688029913429
| 49%   58C    P2   152W / 250W |  10705MiB / 11019MiB |    100%      Default |	1688029913967
| 49%   58C    P2   149W / 250W |  10705MiB / 11019MiB |    100%      Default |	1688029914499
| 49%   58C    P2   148W / 250W |  10705MiB / 11019MiB |    100%      Default |	1688029915039
| 50%   58C    P2   157W / 250W |  10705MiB / 11019MiB |    100%      Default |	1688029915571
| 50%   59C    P2   147W / 250W |  10705MiB / 11019MiB |    100%      Default |	1688029916110
| 50%   59C    P2   157W / 250W |  10959MiB / 11019MiB |    100%      Default |	1688029916647
| 50%   58C    P2   104W / 250W |   8171MiB / 11019MiB |     99%      Default |	1688029917185
| 50%   58C    P2   158W / 250W |  10461MiB / 11019MiB |     99%      Default |	1688029917726
| 50%   58C    P2   148W / 250W |  10933MiB / 11019MiB |     99%      Default |	1688029918268
| 51%   59C    P2   143W / 250W |  10933MiB / 11019MiB |     99%      Default |	1688029918807
| 51%   59C    P2   147W / 250W |   9719MiB / 11019MiB |    100%      Default |	1688029919344
| 51%   59C    P2   149W / 250W |  10191MiB / 11019MiB |    100%      Default |	1688029919882
| 51%   59C    P2   164W / 250W |  10411MiB / 11019MiB |     99%      Default |	1688029920421
| 51%   59C    P2   152W / 250W |  10775MiB / 11019MiB |     99%      Default |	1688029920962
| 51%   59C    P2   160W / 250W |  10775MiB / 11019MiB |    100%      Default |	1688029921502
| 52%   59C    P2   159W / 250W |  10775MiB / 11019MiB |    100%      Default |	1688029922036
| 52%   59C    P2   159W / 250W |  10775MiB / 11019MiB |    100%      Default |	1688029922573
| 52%   59C    P2   151W / 250W |  10775MiB / 11019MiB |    100%      Default |	1688029923112
| 52%   60C    P2   143W / 250W |  10775MiB / 11019MiB |    100%      Default |	1688029923651
| 52%   60C    P2   157W / 250W |  10775MiB / 11019MiB |    100%      Default |	1688029924189
| 52%   60C    P2   159W / 250W |  10775MiB / 11019MiB |    100%      Default |	1688029924727
| 53%   60C    P2   144W / 250W |  10775MiB / 11019MiB |    100%      Default |	1688029925260
| 53%   60C    P2   143W / 250W |  10775MiB / 11019MiB |    100%      Default |	1688029925798
| 53%   60C    P2   158W / 250W |   9617MiB / 11019MiB |    100%      Default |	1688029926335
| 53%   60C    P2   159W / 250W |  10581MiB / 11019MiB |    100%      Default |	1688029926875
| 53%   60C    P2   158W / 250W |  10833MiB / 11019MiB |     99%      Default |	1688029927419
| 53%   60C    P2   167W / 250W |  10833MiB / 11019MiB |     99%      Default |	1688029927958
| 53%   60C    P2   164W / 250W |  10833MiB / 11019MiB |    100%      Default |	1688029928498
| 53%   60C    P2   159W / 250W |  10833MiB / 11019MiB |    100%      Default |	1688029929033
| 54%   60C    P2   134W / 250W |   7947MiB / 11019MiB |    100%      Default |	1688029929565
| 54%   61C    P2   168W / 250W |  10019MiB / 11019MiB |     99%      Default |	1688029930100
| 54%   60C    P2   158W / 250W |  10239MiB / 11019MiB |     99%      Default |	1688029930633
| 54%   61C    P2   144W / 250W |  10239MiB / 11019MiB |    100%      Default |	1688029931170
| 54%   61C    P2   156W / 250W |  10239MiB / 11019MiB |    100%      Default |	1688029931702
| 54%   61C    P2   146W / 250W |  10459MiB / 11019MiB |    100%      Default |	1688029932237
| 54%   61C    P2   158W / 250W |  10459MiB / 11019MiB |    100%      Default |	1688029932772
| 55%   61C    P2   155W / 250W |  10459MiB / 11019MiB |    100%      Default |	1688029933311
| 55%   61C    P2   164W / 250W |  10679MiB / 11019MiB |    100%      Default |	1688029933849
| 55%   61C    P2   147W / 250W |  10679MiB / 11019MiB |    100%      Default |	1688029934388
| 55%   61C    P2   156W / 250W |  10679MiB / 11019MiB |    100%      Default |	1688029934928
| 56%   62C    P2   163W / 250W |  10679MiB / 11019MiB |    100%      Default |	1688029935465
| 56%   60C    P2   136W / 250W |  10679MiB / 11019MiB |    100%      Default |	1688029936004
| 56%   60C    P2    83W / 250W |  10679MiB / 11019MiB |     74%      Default |	1688029936545
| 56%   59C    P2    83W / 250W |  10650MiB / 11019MiB |     74%      Default |	1688029937086
| 56%   59C    P0    83W / 250W |      5MiB / 11019MiB |     21%      Default |	1688029937626
