| 47%   54C    P0    80W / 250W |      5MiB / 11019MiB |      0%      Default |	1688358942018
| 47%   53C    P3    53W / 250W |      5MiB / 11019MiB |      0%      Default |	1688358942577
| 46%   53C    P3    52W / 250W |      5MiB / 11019MiB |      0%      Default |	1688358943109
| 47%   53C    P5    39W / 250W |      5MiB / 11019MiB |      0%      Default |	1688358943645
| 47%   52C    P5    22W / 250W |      5MiB / 11019MiB |      0%      Default |	1688358944181
| 47%   52C    P5    20W / 250W |      5MiB / 11019MiB |      0%      Default |	1688358944717
| 47%   51C    P5    20W / 250W |      5MiB / 11019MiB |      0%      Default |	1688358945253
| 47%   51C    P8    16W / 250W |      5MiB / 11019MiB |      0%      Default |	1688358945789
| 47%   51C    P8    16W / 250W |      5MiB / 11019MiB |      0%      Default |	1688358946329
| 47%   51C    P8    17W / 250W |      5MiB / 11019MiB |      0%      Default |	1688358946865
| 47%   50C    P8    16W / 250W |      5MiB / 11019MiB |      0%      Default |	1688358947405
| 47%   50C    P8    16W / 250W |      5MiB / 11019MiB |      0%      Default |	1688358947941
| 47%   50C    P8    16W / 250W |      5MiB / 11019MiB |      0%      Default |	1688358948478
| 47%   50C    P8    16W / 250W |      5MiB / 11019MiB |      0%      Default |	1688358949052
| 47%   50C    P8    16W / 250W |      5MiB / 11019MiB |      0%      Default |	1688358949591
| 46%   50C    P8    16W / 250W |      5MiB / 11019MiB |      0%      Default |	1688358950131
| 46%   49C    P8    16W / 250W |      5MiB / 11019MiB |      0%      Default |	1688358950675
| 46%   49C    P8    16W / 250W |      5MiB / 11019MiB |      0%      Default |	1688358951212
| 46%   49C    P8    16W / 250W |      5MiB / 11019MiB |      0%      Default |	1688358951754
| 46%   49C    P8    17W / 250W |      5MiB / 11019MiB |      0%      Default |	1688358952292
| 46%   49C    P8    17W / 250W |      5MiB / 11019MiB |      0%      Default |	1688358952832
| 46%   49C    P8    16W / 250W |      5MiB / 11019MiB |      0%      Default |	1688358953371
| 46%   48C    P8    16W / 250W |      5MiB / 11019MiB |      0%      Default |	1688358953912
| 46%   48C    P8    16W / 250W |      5MiB / 11019MiB |      0%      Default |	1688358954451
| 46%   48C    P8    16W / 250W |      5MiB / 11019MiB |      0%      Default |	1688358954990
| 46%   48C    P8    16W / 250W |      5MiB / 11019MiB |      0%      Default |	1688358955531
| 46%   48C    P8    16W / 250W |      5MiB / 11019MiB |      0%      Default |	1688358956071
| 46%   48C    P8    16W / 250W |      5MiB / 11019MiB |      0%      Default |	1688358956610
| 46%   48C    P8    16W / 250W |      5MiB / 11019MiB |      0%      Default |	1688358957149
| 46%   47C    P8    16W / 250W |      5MiB / 11019MiB |      0%      Default |	1688358957688
| 46%   47C    P8    16W / 250W |      5MiB / 11019MiB |      0%      Default |	1688358958227
| 46%   47C    P8    16W / 250W |      5MiB / 11019MiB |      0%      Default |	1688358958765
| 46%   47C    P8    16W / 250W |      5MiB / 11019MiB |      0%      Default |	1688358959302
| 46%   47C    P8    16W / 250W |      5MiB / 11019MiB |      0%      Default |	1688358959840
| 46%   47C    P8    16W / 250W |      5MiB / 11019MiB |      0%      Default |	1688358960380
| 46%   47C    P8    16W / 250W |      5MiB / 11019MiB |      0%      Default |	1688358960918
| 46%   47C    P8    16W / 250W |      5MiB / 11019MiB |      0%      Default |	1688358961456
| 46%   46C    P8    16W / 250W |      5MiB / 11019MiB |      0%      Default |	1688358961996
| 46%   46C    P8    16W / 250W |      5MiB / 11019MiB |      0%      Default |	1688358962534
| 46%   46C    P8    17W / 250W |      5MiB / 11019MiB |      0%      Default |	1688358963073
| 46%   46C    P8    16W / 250W |      5MiB / 11019MiB |      0%      Default |	1688358963612
| 46%   46C    P8    17W / 250W |      5MiB / 11019MiB |      0%      Default |	1688358964150
| 46%   46C    P8    16W / 250W |      5MiB / 11019MiB |      0%      Default |	1688358964689
| 46%   46C    P8    16W / 250W |      5MiB / 11019MiB |      0%      Default |	1688358965228
| 46%   46C    P8    17W / 250W |      5MiB / 11019MiB |      0%      Default |	1688358965767
| 46%   45C    P8    16W / 250W |      5MiB / 11019MiB |      0%      Default |	1688358966305
| 46%   45C    P8    16W / 250W |      5MiB / 11019MiB |      0%      Default |	1688358966844
| 46%   45C    P8    16W / 250W |      5MiB / 11019MiB |      0%      Default |	1688358967384
| 46%   45C    P8    16W / 250W |      5MiB / 11019MiB |      0%      Default |	1688358967923
| 46%   45C    P8    16W / 250W |      5MiB / 11019MiB |      0%      Default |	1688358968462
| 45%   45C    P8    16W / 250W |      5MiB / 11019MiB |      0%      Default |	1688358969000
| 45%   45C    P8    16W / 250W |      5MiB / 11019MiB |      0%      Default |	1688358969539
| 45%   45C    P8    17W / 250W |      5MiB / 11019MiB |      0%      Default |	1688358970078
| 45%   44C    P8    16W / 250W |      5MiB / 11019MiB |      0%      Default |	1688358970617
| 45%   44C    P8    16W / 250W |      5MiB / 11019MiB |      0%      Default |	1688358971157
| 45%   44C    P8    16W / 250W |      5MiB / 11019MiB |      0%      Default |	1688358971694
| 45%   44C    P8    16W / 250W |      5MiB / 11019MiB |      0%      Default |	1688358972233
| 45%   45C    P2    45W / 250W |    199MiB / 11019MiB |      0%      Default |	1688358972771
| 45%   46C    P2    57W / 250W |    439MiB / 11019MiB |      2%      Default |	1688358973314
| 45%   46C    P2    57W / 250W |    665MiB / 11019MiB |      2%      Default |	1688358973853
| 45%   46C    P2    57W / 250W |    847MiB / 11019MiB |      5%      Default |	1688358974395
| 45%   46C    P2    57W / 250W |    847MiB / 11019MiB |      5%      Default |	1688358974935
| 45%   46C    P2    57W / 250W |    847MiB / 11019MiB |      1%      Default |	1688358975472
| 45%   46C    P2    57W / 250W |    849MiB / 11019MiB |      1%      Default |	1688358976011
| 45%   46C    P2    57W / 250W |    849MiB / 11019MiB |      0%      Default |	1688358976548
| 45%   46C    P2    57W / 250W |    849MiB / 11019MiB |      0%      Default |	1688358977088
| 45%   46C    P2    57W / 250W |    849MiB / 11019MiB |      0%      Default |	1688358977627
| 44%   46C    P2    57W / 250W |    849MiB / 11019MiB |      0%      Default |	1688358978165
| 44%   46C    P2    57W / 250W |    849MiB / 11019MiB |      0%      Default |	1688358978702
| 45%   46C    P2    57W / 250W |    849MiB / 11019MiB |      0%      Default |	1688358979239
| 44%   46C    P2    57W / 250W |    849MiB / 11019MiB |      0%      Default |	1688358979776
| 44%   46C    P2    57W / 250W |    849MiB / 11019MiB |      0%      Default |	1688358980315
| 44%   46C    P2    57W / 250W |    849MiB / 11019MiB |      0%      Default |	1688358980852
| 44%   46C    P2    57W / 250W |    849MiB / 11019MiB |      0%      Default |	1688358981389
| 44%   46C    P2    57W / 250W |    849MiB / 11019MiB |      0%      Default |	1688358981927
| 44%   46C    P2    57W / 250W |    849MiB / 11019MiB |      0%      Default |	1688358982464
| 44%   46C    P2    56W / 250W |    849MiB / 11019MiB |      0%      Default |	1688358983001
| 44%   46C    P2    57W / 250W |    849MiB / 11019MiB |      0%      Default |	1688358983540
| 44%   46C    P2    57W / 250W |    849MiB / 11019MiB |      0%      Default |	1688358984077
| 44%   46C    P2    57W / 250W |    849MiB / 11019MiB |      0%      Default |	1688358984614
| 44%   46C    P2    57W / 250W |    849MiB / 11019MiB |      0%      Default |	1688358985153
| 44%   46C    P2    56W / 250W |    849MiB / 11019MiB |      0%      Default |	1688358985690
| 44%   46C    P2    57W / 250W |    849MiB / 11019MiB |      0%      Default |	1688358986226
| 44%   46C    P2    56W / 250W |    849MiB / 11019MiB |      0%      Default |	1688358986764
| 44%   46C    P2    56W / 250W |    849MiB / 11019MiB |      0%      Default |	1688358987302
| 44%   46C    P2    57W / 250W |    849MiB / 11019MiB |      0%      Default |	1688358987840
| 44%   46C    P2    57W / 250W |    849MiB / 11019MiB |      0%      Default |	1688358988378
| 44%   46C    P2    57W / 250W |    849MiB / 11019MiB |      0%      Default |	1688358988915
| 44%   46C    P2    57W / 250W |    849MiB / 11019MiB |      0%      Default |	1688358989452
| 44%   46C    P2    57W / 250W |    849MiB / 11019MiB |      0%      Default |	1688358989991
| 44%   46C    P2    57W / 250W |    849MiB / 11019MiB |      0%      Default |	1688358990528
| 44%   46C    P2    57W / 250W |    849MiB / 11019MiB |      0%      Default |	1688358991065
| 44%   46C    P2    57W / 250W |    849MiB / 11019MiB |      0%      Default |	1688358991603
| 44%   45C    P8    16W / 250W |    849MiB / 11019MiB |      0%      Default |	1688358992141
| 44%   45C    P8    19W / 250W |    849MiB / 11019MiB |      0%      Default |	1688358992680
| 44%   44C    P8    16W / 250W |    849MiB / 11019MiB |      0%      Default |	1688358993219
| 44%   44C    P8    16W / 250W |    849MiB / 11019MiB |      0%      Default |	1688358993758
| 44%   44C    P8    20W / 250W |    849MiB / 11019MiB |      0%      Default |	1688358994296
| 44%   44C    P8    16W / 250W |    849MiB / 11019MiB |      0%      Default |	1688358994835
| 43%   44C    P8    16W / 250W |    849MiB / 11019MiB |      0%      Default |	1688358995374
| 43%   44C    P8    16W / 250W |    849MiB / 11019MiB |      0%      Default |	1688358995913
| 43%   43C    P8    17W / 250W |    849MiB / 11019MiB |      0%      Default |	1688358996452
| 43%   43C    P8    16W / 250W |    849MiB / 11019MiB |      0%      Default |	1688358996986
| 43%   43C    P8    16W / 250W |    849MiB / 11019MiB |      0%      Default |	1688358997525
| 43%   43C    P8    16W / 250W |    849MiB / 11019MiB |      0%      Default |	1688358998063
| 43%   43C    P8    16W / 250W |    849MiB / 11019MiB |      0%      Default |	1688358998603
| 43%   43C    P8    16W / 250W |    849MiB / 11019MiB |      0%      Default |	1688358999141
| 43%   43C    P8    16W / 250W |    849MiB / 11019MiB |      0%      Default |	1688358999681
| 43%   43C    P8    16W / 250W |    849MiB / 11019MiB |      0%      Default |	1688359000220
| 43%   43C    P8    15W / 250W |    849MiB / 11019MiB |      0%      Default |	1688359000759
| 43%   42C    P8    16W / 250W |    849MiB / 11019MiB |      0%      Default |	1688359001297
| 43%   42C    P8    15W / 250W |    849MiB / 11019MiB |      0%      Default |	1688359001835
| 43%   42C    P8    15W / 250W |    849MiB / 11019MiB |      0%      Default |	1688359002374
| 42%   42C    P8    16W / 250W |    849MiB / 11019MiB |      0%      Default |	1688359002912
| 42%   42C    P8    16W / 250W |    849MiB / 11019MiB |      0%      Default |	1688359003451
| 42%   42C    P8    16W / 250W |    849MiB / 11019MiB |      0%      Default |	1688359003989
| 42%   42C    P8    16W / 250W |    849MiB / 11019MiB |      0%      Default |	1688359004529
| 42%   42C    P8    16W / 250W |    849MiB / 11019MiB |      0%      Default |	1688359005067
| 42%   42C    P8    15W / 250W |    849MiB / 11019MiB |      0%      Default |	1688359005606
| 42%   42C    P8    15W / 250W |    849MiB / 11019MiB |      0%      Default |	1688359006145
| 42%   42C    P8    16W / 250W |    849MiB / 11019MiB |      0%      Default |	1688359006684
| 41%   42C    P8    15W / 250W |    849MiB / 11019MiB |      0%      Default |	1688359007223
| 41%   41C    P8    15W / 250W |    849MiB / 11019MiB |      0%      Default |	1688359007761
| 41%   41C    P8    15W / 250W |    849MiB / 11019MiB |      0%      Default |	1688359008299
| 41%   41C    P8    14W / 250W |    849MiB / 11019MiB |      0%      Default |	1688359008838
| 41%   41C    P8    15W / 250W |    849MiB / 11019MiB |      0%      Default |	1688359009376
| 41%   41C    P8    15W / 250W |    849MiB / 11019MiB |      0%      Default |	1688359009916
| 41%   41C    P8    15W / 250W |    849MiB / 11019MiB |      0%      Default |	1688359010455
| 41%   41C    P8    14W / 250W |    849MiB / 11019MiB |      0%      Default |	1688359010994
| 40%   41C    P8    15W / 250W |    849MiB / 11019MiB |      0%      Default |	1688359011532
| 40%   41C    P8    15W / 250W |    849MiB / 11019MiB |      0%      Default |	1688359012070
| 40%   41C    P8    15W / 250W |    849MiB / 11019MiB |      0%      Default |	1688359012608
| 40%   41C    P8    15W / 250W |    849MiB / 11019MiB |      0%      Default |	1688359013147
| 40%   41C    P8    15W / 250W |    849MiB / 11019MiB |      0%      Default |	1688359013685
| 40%   41C    P8    16W / 250W |    849MiB / 11019MiB |      0%      Default |	1688359014223
| 40%   41C    P8    15W / 250W |    849MiB / 11019MiB |      0%      Default |	1688359014762
| 40%   41C    P8    15W / 250W |    849MiB / 11019MiB |      0%      Default |	1688359015302
| 39%   40C    P8    15W / 250W |    849MiB / 11019MiB |      0%      Default |	1688359015840
| 39%   40C    P8    15W / 250W |    849MiB / 11019MiB |      0%      Default |	1688359016378
| 39%   40C    P8    15W / 250W |    849MiB / 11019MiB |      0%      Default |	1688359016916
| 39%   40C    P8    14W / 250W |    849MiB / 11019MiB |      0%      Default |	1688359017455
| 39%   40C    P8    14W / 250W |    849MiB / 11019MiB |      0%      Default |	1688359017993
| 39%   40C    P8    15W / 250W |    849MiB / 11019MiB |      0%      Default |	1688359018531
| 39%   40C    P8    14W / 250W |    849MiB / 11019MiB |      0%      Default |	1688359019070
| 39%   40C    P8    15W / 250W |    849MiB / 11019MiB |      0%      Default |	1688359019608
| 39%   40C    P8    13W / 250W |    849MiB / 11019MiB |      0%      Default |	1688359020148
| 38%   40C    P8    14W / 250W |    849MiB / 11019MiB |      0%      Default |	1688359020687
| 38%   40C    P8    14W / 250W |    849MiB / 11019MiB |      0%      Default |	1688359021225
| 38%   40C    P8    14W / 250W |    849MiB / 11019MiB |      0%      Default |	1688359021764
| 38%   40C    P8    14W / 250W |    849MiB / 11019MiB |      0%      Default |	1688359022302
| 38%   40C    P8    15W / 250W |    849MiB / 11019MiB |      0%      Default |	1688359022842
| 38%   40C    P8    16W / 250W |    849MiB / 11019MiB |      0%      Default |	1688359023381
| 38%   40C    P8    19W / 250W |    849MiB / 11019MiB |      0%      Default |	1688359023919
| 38%   40C    P8    14W / 250W |    849MiB / 11019MiB |      0%      Default |	1688359024470
| 38%   40C    P8    14W / 250W |    849MiB / 11019MiB |      0%      Default |	1688359025009
| 37%   40C    P8    15W / 250W |    849MiB / 11019MiB |      0%      Default |	1688359025548
| 37%   40C    P8    15W / 250W |    849MiB / 11019MiB |      0%      Default |	1688359026086
| 37%   39C    P8    16W / 250W |    849MiB / 11019MiB |      0%      Default |	1688359026623
| 37%   39C    P8    15W / 250W |    849MiB / 11019MiB |      0%      Default |	1688359027161
| 37%   39C    P8    15W / 250W |    849MiB / 11019MiB |      0%      Default |	1688359027700
| 37%   39C    P8    15W / 250W |    849MiB / 11019MiB |      0%      Default |	1688359028239
| 37%   40C    P2    56W / 250W |    891MiB / 11019MiB |      0%      Default |	1688359028779
| 37%   41C    P2    56W / 250W |    891MiB / 11019MiB |      0%      Default |	1688359029316
| 37%   41C    P2    56W / 250W |    891MiB / 11019MiB |      0%      Default |	1688359029850
| 37%   42C    P2    56W / 250W |    891MiB / 11019MiB |      0%      Default |	1688359030386
| 37%   42C    P2    56W / 250W |    891MiB / 11019MiB |      0%      Default |	1688359030920
| 37%   42C    P2    56W / 250W |    891MiB / 11019MiB |      0%      Default |	1688359031478
| 37%   42C    P2    56W / 250W |    891MiB / 11019MiB |      0%      Default |	1688359032023
| 37%   42C    P2    56W / 250W |    891MiB / 11019MiB |      0%      Default |	1688359032578
| 37%   42C    P2    56W / 250W |    891MiB / 11019MiB |      0%      Default |	1688359033123
| 37%   42C    P2    56W / 250W |    891MiB / 11019MiB |      0%      Default |	1688359033662
| 37%   42C    P2    56W / 250W |    891MiB / 11019MiB |      0%      Default |	1688359034192
| 37%   42C    P2    56W / 250W |    891MiB / 11019MiB |      0%      Default |	1688359034724
| 37%   42C    P2    56W / 250W |    891MiB / 11019MiB |      0%      Default |	1688359035254
| 36%   42C    P2    56W / 250W |    891MiB / 11019MiB |      0%      Default |	1688359035790
| 36%   42C    P2    56W / 250W |    891MiB / 11019MiB |      0%      Default |	1688359036342
| 36%   42C    P2    56W / 250W |    891MiB / 11019MiB |      0%      Default |	1688359036882
| 36%   43C    P2    56W / 250W |    891MiB / 11019MiB |      0%      Default |	1688359037416
| 36%   42C    P2    56W / 250W |    891MiB / 11019MiB |      0%      Default |	1688359037948
| 36%   43C    P2    56W / 250W |    891MiB / 11019MiB |      0%      Default |	1688359038481
| 36%   43C    P2    56W / 250W |    891MiB / 11019MiB |      0%      Default |	1688359039018
| 36%   43C    P2    56W / 250W |    891MiB / 11019MiB |      0%      Default |	1688359039552
| 36%   43C    P2    56W / 250W |    891MiB / 11019MiB |      0%      Default |	1688359040100
| 36%   43C    P2    56W / 250W |    891MiB / 11019MiB |      0%      Default |	1688359040631
| 36%   43C    P2    56W / 250W |    891MiB / 11019MiB |      0%      Default |	1688359041167
| 36%   43C    P2    56W / 250W |    891MiB / 11019MiB |      0%      Default |	1688359041699
| 36%   43C    P2    56W / 250W |    891MiB / 11019MiB |      0%      Default |	1688359042233
| 36%   43C    P2    56W / 250W |    891MiB / 11019MiB |      0%      Default |	1688359042767
| 36%   43C    P2    56W / 250W |    891MiB / 11019MiB |      0%      Default |	1688359043301
| 36%   43C    P2    56W / 250W |    891MiB / 11019MiB |      0%      Default |	1688359043834
| 36%   43C    P2    56W / 250W |    891MiB / 11019MiB |      0%      Default |	1688359044372
| 36%   43C    P2    56W / 250W |    891MiB / 11019MiB |      0%      Default |	1688359044908
| 36%   43C    P2    56W / 250W |    891MiB / 11019MiB |      0%      Default |	1688359045444
| 36%   42C    P8    15W / 250W |    891MiB / 11019MiB |      0%      Default |	1688359045998
| 36%   42C    P8    15W / 250W |    891MiB / 11019MiB |      0%      Default |	1688359046531
| 36%   42C    P8    16W / 250W |    891MiB / 11019MiB |      0%      Default |	1688359047066
| 36%   41C    P8    16W / 250W |    891MiB / 11019MiB |      0%      Default |	1688359047612
| 36%   41C    P8    16W / 250W |    891MiB / 11019MiB |      0%      Default |	1688359048152
| 36%   41C    P8    15W / 250W |    891MiB / 11019MiB |      0%      Default |	1688359048689
| 36%   41C    P8    16W / 250W |    891MiB / 11019MiB |      0%      Default |	1688359049223
| 36%   41C    P8    15W / 250W |    891MiB / 11019MiB |      0%      Default |	1688359049757
| 36%   41C    P8    16W / 250W |    891MiB / 11019MiB |      0%      Default |	1688359050305
| 36%   41C    P8    16W / 250W |    891MiB / 11019MiB |      0%      Default |	1688359050842
| 36%   41C    P8    15W / 250W |    891MiB / 11019MiB |      0%      Default |	1688359051390
| 36%   41C    P8    16W / 250W |    891MiB / 11019MiB |      0%      Default |	1688359051950
| 36%   41C    P8    16W / 250W |    891MiB / 11019MiB |      0%      Default |	1688359052496
| 36%   40C    P8    16W / 250W |    891MiB / 11019MiB |      0%      Default |	1688359053029
| 36%   40C    P8    15W / 250W |    891MiB / 11019MiB |      0%      Default |	1688359053564
| 36%   40C    P8    16W / 250W |    891MiB / 11019MiB |      0%      Default |	1688359054097
| 36%   41C    P2    41W / 250W |    961MiB / 11019MiB |      0%      Default |	1688359054630
| 36%   42C    P2    56W / 250W |   3569MiB / 11019MiB |      0%      Default |	1688359055166
| 36%   44C    P2   117W / 250W |   6053MiB / 11019MiB |     14%      Default |	1688359055709
| 36%   45C    P2   121W / 250W |   6631MiB / 11019MiB |     14%      Default |	1688359056244
| 36%   45C    P2   114W / 250W |   6631MiB / 11019MiB |     70%      Default |	1688359056777
| 35%   45C    P2   115W / 250W |   6631MiB / 11019MiB |     70%      Default |	1688359057315
| 35%   45C    P2   106W / 250W |   6631MiB / 11019MiB |     64%      Default |	1688359057848
| 36%   45C    P2   120W / 250W |   6631MiB / 11019MiB |     64%      Default |	1688359058386
| 36%   46C    P2   120W / 250W |   6631MiB / 11019MiB |     62%      Default |	1688359058923
| 36%   46C    P2   122W / 250W |   6631MiB / 11019MiB |     67%      Default |	1688359059458
| 36%   46C    P2   114W / 250W |   6631MiB / 11019MiB |     67%      Default |	1688359059994
| 35%   47C    P2   102W / 250W |   6633MiB / 11019MiB |     70%      Default |	1688359060526
| 36%   47C    P2   115W / 250W |   6777MiB / 11019MiB |     70%      Default |	1688359061059
| 35%   47C    P2   124W / 250W |   6777MiB / 11019MiB |     67%      Default |	1688359061599
| 36%   47C    P2   124W / 250W |   6777MiB / 11019MiB |     67%      Default |	1688359062133
| 36%   47C    P2   118W / 250W |   6777MiB / 11019MiB |     74%      Default |	1688359062665
| 36%   47C    P2   120W / 250W |   6777MiB / 11019MiB |     74%      Default |	1688359063208
| 36%   47C    P2   120W / 250W |   6777MiB / 11019MiB |     72%      Default |	1688359063742
| 35%   48C    P2   124W / 250W |   6777MiB / 11019MiB |     72%      Default |	1688359064282
| 36%   48C    P2   124W / 250W |   6777MiB / 11019MiB |     69%      Default |	1688359064818
| 36%   48C    P2   110W / 250W |   6881MiB / 11019MiB |     69%      Default |	1688359065354
| 36%   48C    P2   122W / 250W |   6995MiB / 11019MiB |     66%      Default |	1688359065887
| 36%   48C    P2   117W / 250W |   6995MiB / 11019MiB |     74%      Default |	1688359066425
| 36%   49C    P2   123W / 250W |   6995MiB / 11019MiB |     74%      Default |	1688359066968
| 36%   49C    P2   122W / 250W |   6995MiB / 11019MiB |     72%      Default |	1688359067502
| 36%   49C    P2   112W / 250W |   6995MiB / 11019MiB |     72%      Default |	1688359068039
| 36%   49C    P2   117W / 250W |   6995MiB / 11019MiB |     70%      Default |	1688359068576
| 36%   49C    P2   124W / 250W |   6995MiB / 11019MiB |     70%      Default |	1688359069108
| 36%   49C    P2   111W / 250W |   6997MiB / 11019MiB |     74%      Default |	1688359069647
| 36%   49C    P2   110W / 250W |   6997MiB / 11019MiB |     74%      Default |	1688359070181
| 36%   50C    P2   109W / 250W |   6997MiB / 11019MiB |     69%      Default |	1688359070719
| 36%   50C    P2   126W / 250W |   6997MiB / 11019MiB |     69%      Default |	1688359071253
| 36%   50C    P2   117W / 250W |   6997MiB / 11019MiB |     73%      Default |	1688359071793
| 36%   50C    P2   119W / 250W |   6997MiB / 11019MiB |     73%      Default |	1688359072333
| 36%   50C    P2   123W / 250W |   6997MiB / 11019MiB |     72%      Default |	1688359072867
| 36%   50C    P2   117W / 250W |   6997MiB / 11019MiB |     72%      Default |	1688359073403
| 36%   50C    P2   114W / 250W |   6997MiB / 11019MiB |     69%      Default |	1688359073940
| 37%   50C    P2   124W / 250W |   6999MiB / 11019MiB |     70%      Default |	1688359074475
| 37%   51C    P2   125W / 250W |   6999MiB / 11019MiB |     70%      Default |	1688359075011
| 37%   51C    P2   127W / 250W |   6999MiB / 11019MiB |     72%      Default |	1688359075547
| 37%   51C    P2   103W / 250W |   6999MiB / 11019MiB |     72%      Default |	1688359076088
| 38%   51C    P2   114W / 250W |   6999MiB / 11019MiB |     72%      Default |	1688359076630
| 38%   51C    P2   104W / 250W |   6999MiB / 11019MiB |     72%      Default |	1688359077166
| 38%   52C    P2   125W / 250W |   6999MiB / 11019MiB |     70%      Default |	1688359077699
| 38%   51C    P2   127W / 250W |   6999MiB / 11019MiB |     70%      Default |	1688359078235
| 39%   51C    P2   124W / 250W |   6999MiB / 11019MiB |     70%      Default |	1688359078779
| 39%   52C    P2   124W / 250W |   6999MiB / 11019MiB |     70%      Default |	1688359079321
| 39%   51C    P2   128W / 250W |   6999MiB / 11019MiB |     73%      Default |	1688359079859
| 39%   52C    P2   120W / 250W |   6999MiB / 11019MiB |     73%      Default |	1688359080399
| 39%   52C    P2   120W / 250W |   6999MiB / 11019MiB |     73%      Default |	1688359080935
| 39%   52C    P2   126W / 250W |   6999MiB / 11019MiB |     73%      Default |	1688359081471
| 40%   52C    P2   129W / 250W |   6999MiB / 11019MiB |     70%      Default |	1688359082012
| 40%   52C    P2   113W / 250W |   6999MiB / 11019MiB |     71%      Default |	1688359082549
| 40%   53C    P2   120W / 250W |   6999MiB / 11019MiB |     71%      Default |	1688359083084
| 40%   53C    P2   121W / 250W |   6999MiB / 11019MiB |     70%      Default |	1688359083617
| 40%   53C    P2   124W / 250W |   6999MiB / 11019MiB |     70%      Default |	1688359084150
| 41%   53C    P2   128W / 250W |   6999MiB / 11019MiB |     71%      Default |	1688359084686
| 41%   53C    P2   129W / 250W |   6999MiB / 11019MiB |     71%      Default |	1688359085225
| 41%   53C    P2   118W / 250W |   6999MiB / 11019MiB |     73%      Default |	1688359085762
| 41%   53C    P2   123W / 250W |   6999MiB / 11019MiB |     73%      Default |	1688359086296
| 41%   53C    P2   127W / 250W |   6999MiB / 11019MiB |     68%      Default |	1688359086831
| 41%   53C    P2   127W / 250W |   6999MiB / 11019MiB |     68%      Default |	1688359087368
| 42%   53C    P2   126W / 250W |   6999MiB / 11019MiB |     68%      Default |	1688359087901
| 42%   53C    P2   115W / 250W |   7001MiB / 11019MiB |     68%      Default |	1688359088440
| 42%   53C    P2   121W / 250W |   7001MiB / 11019MiB |     67%      Default |	1688359088979
| 42%   54C    P2   118W / 250W |   7001MiB / 11019MiB |     72%      Default |	1688359089518
| 42%   54C    P2   123W / 250W |   7001MiB / 11019MiB |     72%      Default |	1688359090052
| 42%   54C    P2   113W / 250W |   7001MiB / 11019MiB |     68%      Default |	1688359090587
| 43%   54C    P2   129W / 250W |   7001MiB / 11019MiB |     68%      Default |	1688359091117
| 43%   54C    P2   119W / 250W |   7001MiB / 11019MiB |     72%      Default |	1688359091653
| 43%   54C    P2   123W / 250W |   7001MiB / 11019MiB |     72%      Default |	1688359092191
| 43%   55C    P2   130W / 250W |   7001MiB / 11019MiB |     70%      Default |	1688359092724
| 43%   55C    P2   111W / 250W |   7001MiB / 11019MiB |     70%      Default |	1688359093262
| 44%   54C    P2   132W / 250W |   7001MiB / 11019MiB |     70%      Default |	1688359093798
| 44%   55C    P2   118W / 250W |   7001MiB / 11019MiB |     70%      Default |	1688359094337
| 44%   54C    P2   124W / 250W |   7001MiB / 11019MiB |     68%      Default |	1688359094869
| 44%   55C    P2   124W / 250W |   7001MiB / 11019MiB |     68%      Default |	1688359095413
| 44%   55C    P2   134W / 250W |   7001MiB / 11019MiB |     73%      Default |	1688359095950
| 44%   55C    P2   121W / 250W |   7001MiB / 11019MiB |     73%      Default |	1688359096486
| 45%   55C    P2   123W / 250W |   7001MiB / 11019MiB |     70%      Default |	1688359097034
| 45%   55C    P2   131W / 250W |   7001MiB / 11019MiB |     71%      Default |	1688359097568
| 45%   55C    P2   125W / 250W |   7001MiB / 11019MiB |     71%      Default |	1688359098105
| 45%   55C    P2   120W / 250W |   7001MiB / 11019MiB |     74%      Default |	1688359098645
| 45%   56C    P2   130W / 250W |   7001MiB / 11019MiB |     74%      Default |	1688359099183
| 45%   55C    P2   133W / 250W |   7001MiB / 11019MiB |     71%      Default |	1688359099715
| 45%   56C    P2   116W / 250W |   7001MiB / 11019MiB |     71%      Default |	1688359100252
| 46%   55C    P2   125W / 250W |   7001MiB / 11019MiB |     71%      Default |	1688359100787
| 46%   56C    P2   127W / 250W |   7001MiB / 11019MiB |     71%      Default |	1688359101335
| 46%   56C    P2   130W / 250W |   7001MiB / 11019MiB |     73%      Default |	1688359101873
| 46%   55C    P2   125W / 250W |   7001MiB / 11019MiB |     73%      Default |	1688359102408
| 46%   55C    P2    80W / 250W |   6994MiB / 11019MiB |     59%      Default |	1688359102943
