533005 toao      20   0 2564308  95188  66896 R 100.0   0.0   0:00.16 nts	1688362117368
533005 toao      20   0 5335628 252820 114428 R  2965   0.1   0:12.24 nts	1688362118086
533005 toao      20   0 5335628 252820 114428 R  3200   0.1   0:34.47 nts	1688362118786
533005 toao      20   0 5639660 497616 114556 R 293.8   0.3   0:47.16 nts	1688362119462
533005 toao      20   0 5639660 530616 114556 R 206.2   0.3   0:48.52 nts	1688362120145
533005 toao      20   0 5639660 532992 114556 R 193.8   0.3   0:49.87 nts	1688362120829
533005 toao      20   0 5639660 533520 114556 R 182.4   0.3   0:51.22 nts	1688362121514
533005 toao      20   0 5639660 533784 114556 R 206.2   0.3   0:52.59 nts	1688362122197
533005 toao      20   0 5639660 534048 114556 R 200.0   0.3   0:53.95 nts	1688362122887
533005 toao      20   0 5639660 534312 114556 R 193.8   0.3   0:55.30 nts	1688362123576
533005 toao      20   0 5639660 534576 114556 R 200.0   0.3   0:56.66 nts	1688362124261
533005 toao      20   0 5639660 534840 114556 R 206.2   0.3   0:58.03 nts	1688362124948
533005 toao      20   0 5639660 534840 114556 R 206.2   0.3   0:59.40 nts	1688362125636
533005 toao      20   0 5639660 534840 114556 R 206.2   0.3   1:00.76 nts	1688362126327
533005 toao      20   0 5639660 535104 114556 R 200.0   0.3   1:02.12 nts	1688362127015
533005 toao      20   0 5639660 535104 114556 S 194.1   0.3   1:03.50 nts	1688362127703
533005 toao      20   0 5639660 535104 114556 R 200.0   0.3   1:04.85 nts	1688362128392
533005 toao      20   0 5639660 535104 114556 R 212.5   0.3   1:06.21 nts	1688362129077
533005 toao      20   0 5639660 535104 114556 R 194.1   0.3   1:07.57 nts	1688362129762
533005 toao      20   0 5639660 535104 114556 R 188.2   0.3   1:08.93 nts	1688362130453
533005 toao      20   0 5639660 535104 114556 R 194.1   0.3   1:10.30 nts	1688362131144
533005 toao      20   0 5639660 535104 114556 R 200.0   0.3   1:11.65 nts	1688362131832
533005 toao      20   0 5639660 535104 114556 R 200.0   0.3   1:13.01 nts	1688362132520
533005 toao      20   0 5639660 535104 114556 R 200.0   0.3   1:14.37 nts	1688362133207
533005 toao      20   0 5639660 535104 114556 R 206.2   0.3   1:15.74 nts	1688362133896
533005 toao      20   0 5639660 535104 114556 R 206.2   0.3   1:17.09 nts	1688362134583
533005 toao      20   0 5639660 535104 114556 R 200.0   0.3   1:18.46 nts	1688362135269
533005 toao      20   0 5639660 535104 114556 R 200.0   0.3   1:19.82 nts	1688362135959
533005 toao      20   0 5639660 535104 114556 R 206.2   0.3   1:21.19 nts	1688362136647
533005 toao      20   0 5864492 615508 114616 R 100.0   0.3   1:22.34 nts	1688362137336
533005 toao      20   0 8260284   2.0g 114616 R 912.5   1.1   1:27.85 nts	1688362138024
533005 toao      20   0 8260284   2.0g 114616 R 762.5   1.1   1:33.15 nts	1688362138705
533005 toao      20   0 8260284   2.1g 114616 R 718.8   1.1   1:38.69 nts	1688362139388
533005 toao      20   0 8260284   2.1g 114616 R 912.5   1.1   1:44.17 nts	1688362140072
533005 toao      20   0 8260284   2.1g 114616 R 837.5   1.1   1:49.31 nts	1688362140754
533005 toao      20   0 8260284   2.1g 114616 R 873.3   1.1   1:54.63 nts	1688362141436
533005 toao      20   0 8260284   2.3g 114616 R 756.2   1.2   2:00.24 nts	1688362142116
533005 toao      20   0 8260284   2.3g 114616 R 729.4   1.2   2:05.48 nts	1688362142804
533005 toao      20   0 8260284   2.3g 114616 R 737.5   1.2   2:10.72 nts	1688362143486
533005 toao      20   0 8260284   2.3g 114616 R 776.5   1.2   2:16.08 nts	1688362144173
533005 toao      20   0 8260284   2.3g 114616 R 752.9   1.2   2:21.09 nts	1688362144860
533005 toao      20   0 8260284   2.3g 114616 R 775.0   1.2   2:25.95 nts	1688362145548
533005 toao      20   0 8260284   2.3g 114616 S 718.8   1.2   2:30.64 nts	1688362146225
533005 toao      20   0 8260284   2.3g 114616 R 818.8   1.2   2:35.94 nts	1688362146908
533005 toao      20   0 9437072   2.3g 114648 R 200.0   1.2   2:38.83 nts	1688362147593
533005 toao      20   0 9437072   2.3g 114648 S 200.0   1.2   2:40.20 nts	1688362148275
533005 toao      20   0 9437072   2.3g 114648 R 188.2   1.3   2:41.55 nts	1688362148964
533005 toao      20   0 9437072   2.3g 114648 R 193.8   1.3   2:42.90 nts	1688362149652
533005 toao      20   0 9437072   2.3g 114648 R 206.2   1.3   2:44.27 nts	1688362150336
533005 toao      20   0 9437072   2.3g 114648 R 188.2   1.3   2:45.63 nts	1688362151024
533005 toao      20   0 9437072   2.4g 114648 R 200.0   1.3   2:46.99 nts	1688362151711
533005 toao      20   0 9437072   2.4g 114648 R 200.0   1.3   2:48.35 nts	1688362152399
533005 toao      20   0 9437072   2.4g 114648 R 193.8   1.3   2:49.71 nts	1688362153087
533005 toao      20   0 9437072   2.4g 114648 R 200.0   1.3   2:51.08 nts	1688362153775
533005 toao      20   0 9437072   2.4g 114648 R 188.2   1.3   2:52.44 nts	1688362154464
533005 toao      20   0 9437072   2.4g 114648 R 200.0   1.3   2:53.80 nts	1688362155151
533005 toao      20   0 9437072   2.4g 114648 R 200.0   1.3   2:55.17 nts	1688362155838
533005 toao      20   0 9437072   2.4g 114648 R 200.0   1.3   2:56.53 nts	1688362156528
533005 toao      20   0 9437072   2.4g 114648 R 200.0   1.3   2:57.89 nts	1688362157216
533005 toao      20   0 9437072   2.4g 114648 R 194.1   1.3   2:59.26 nts	1688362157903
533005 toao      20   0 9437072   2.4g 114648 R 200.0   1.3   3:00.62 nts	1688362158591
533005 toao      20   0 9437072   2.4g 114648 R 200.0   1.3   3:01.98 nts	1688362159279
533005 toao      20   0 9437072   2.4g 114648 R 200.0   1.3   3:03.34 nts	1688362159967
533005 toao      20   0 9437072   2.4g 114648 R 200.0   1.3   3:04.71 nts	1688362160655
533005 toao      20   0 9437072   2.4g 114648 R 188.2   1.3   3:06.07 nts	1688362161343
533005 toao      20   0 9437072   2.4g 114648 R 200.0   1.3   3:07.43 nts	1688362162032
533005 toao      20   0 9437072   2.4g 114648 R 200.0   1.3   3:08.79 nts	1688362162719
533005 toao      20   0 9437072   2.4g 114648 R 200.0   1.3   3:10.16 nts	1688362163407
533005 toao      20   0 9437072   2.4g 114648 R 200.0   1.3   3:11.51 nts	1688362164095
533005 toao      20   0   10.9g   2.6g 114648 R 106.2   1.4   3:12.54 nts	1688362164778
533005 toao      20   0   11.5g   2.7g 114648 R 593.8   1.4   3:17.46 nts	1688362165466
533005 toao      20   0   11.5g   2.8g 114648 R 575.0   1.5   3:21.84 nts	1688362166147
533005 toao      20   0   11.5g   2.9g 114648 R 506.2   1.6   3:25.75 nts	1688362166832
533005 toao      20   0   11.5g   3.0g 114648 R 643.8   1.6   3:29.62 nts	1688362167516
533005 toao      20   0   11.5g   3.1g 114648 R 550.0   1.7   3:33.35 nts	1688362168207
533005 toao      20   0   11.5g   3.2g 114648 R 575.0   1.7   3:37.30 nts	1688362168894
533005 toao      20   0   11.5g   3.3g 114648 R 900.0   1.8   3:41.77 nts	1688362169575
533005 toao      20   0   11.5g   3.4g 114648 R 793.8   1.8   3:48.10 nts	1688362170253
533005 toao      20   0   11.5g   3.5g 114648 R 681.2   1.9   3:52.22 nts	1688362170930
533005 toao      20   0   11.5g   3.6g 114648 R 762.5   1.9   3:56.66 nts	1688362171611
533005 toao      20   0   11.5g   3.7g 114648 R 662.5   2.0   4:00.83 nts	1688362172296
533005 toao      20   0   11.5g   3.8g 114648 R 606.2   2.0   4:04.76 nts	1688362172979
533005 toao      20   0   11.5g   4.0g 114648 R 706.2   2.1   4:09.48 nts	1688362173667
533005 toao      20   0   11.5g   4.1g 114648 R 593.8   2.2   4:13.34 nts	1688362174350
533005 toao      20   0   11.5g   4.2g 114648 R 582.4   2.2   4:17.31 nts	1688362175035
533005 toao      20   0   12.8g   4.3g 114648 R 443.8   2.3   4:21.52 nts	1688362175718
533005 toao      20   0   12.9g   4.4g 114648 R 106.2   2.3   4:22.60 nts	1688362176407
533005 toao      20   0   12.9g   4.4g 114648 R 100.0   2.3   4:23.28 nts	1688362177091
533005 toao      20   0   12.9g   4.4g 114648 R 100.0   2.3   4:23.97 nts	1688362177779
533005 toao      20   0   12.9g   4.4g 114648 R 100.0   2.3   4:24.66 nts	1688362178465
533005 toao      20   0   12.9g   4.4g 114648 R 100.0   2.3   4:25.34 nts	1688362179155
533005 toao      20   0   12.9g   4.4g 114648 R 100.0   2.3   4:26.04 nts	1688362179844
533005 toao      20   0   12.9g   4.4g 114648 R 106.2   2.3   4:26.73 nts	1688362180532
533005 toao      20   0   12.9g   4.4g 114648 R 106.2   2.3   4:27.42 nts	1688362181220
533005 toao      20   0   12.9g   4.4g 114648 R 100.0   2.3   4:28.10 nts	1688362181908
533005 toao      20   0   12.9g   4.4g 114648 R 100.0   2.3   4:28.79 nts	1688362182597
533005 toao      20   0   12.9g   4.4g 114648 R  93.8   2.3   4:29.46 nts	1688362183279
533005 toao      20   0   12.9g   4.4g 114648 R  94.1   2.3   4:30.15 nts	1688362183964
533005 toao      20   0   12.9g   4.4g 114648 R 100.0   2.3   4:30.84 nts	1688362184652
533005 toao      20   0   12.9g   4.4g 114648 R 106.2   2.3   4:31.53 nts	1688362185340
533005 toao      20   0   12.9g   4.4g 114648 R 100.0   2.3   4:32.22 nts	1688362186028
533005 toao      20   0   14.7g   5.0g 114648 R  94.1   2.7   4:32.91 nts	1688362186714
533005 toao      20   0   14.7g   5.7g 114648 R  94.1   3.0   4:33.59 nts	1688362187403
533005 toao      20   0   14.7g   5.8g 114648 R 100.0   3.1   4:34.28 nts	1688362188092
533005 toao      20   0   14.7g   5.9g 114648 R 106.2   3.1   4:34.97 nts	1688362188780
533005 toao      20   0   14.7g   5.9g 114648 R 100.0   3.1   4:35.65 nts	1688362189468
533005 toao      20   0   14.7g   5.9g 114648 R 106.2   3.1   4:36.35 nts	1688362190156
533005 toao      20   0   14.7g   5.9g 114648 R  94.1   3.2   4:37.03 nts	1688362190843
533005 toao      20   0   14.7g   5.9g 114648 R 100.0   3.2   4:37.72 nts	1688362191532
533005 toao      20   0   14.7g   5.9g 114648 R 106.2   3.2   4:38.41 nts	1688362192220
533005 toao      20   0   14.7g   6.0g 114648 R 100.0   3.2   4:39.09 nts	1688362192908
533005 toao      20   0   14.7g   6.0g 114648 R  94.1   3.2   4:39.78 nts	1688362193594
533005 toao      20   0   14.7g   6.0g 114648 R 106.2   3.2   4:40.47 nts	1688362194280
533005 toao      20   0   14.7g   6.0g 114648 R 106.2   3.2   4:41.16 nts	1688362194968
533005 toao      20   0   14.7g   6.0g 114648 R 100.0   3.2   4:41.84 nts	1688362195655
533005 toao      20   0   14.7g   6.0g 114648 R  94.1   3.2   4:42.53 nts	1688362196344
533005 toao      20   0   14.7g   6.2g 114648 R 100.0   3.3   4:43.22 nts	1688362197033
533005 toao      20   0   14.7g   6.2g 114648 R 100.0   3.3   4:43.90 nts	1688362197718
533005 toao      20   0   14.7g   6.2g 114648 R 100.0   3.3   4:44.59 nts	1688362198407
533005 toao      20   0   14.7g   6.2g 114648 R 106.2   3.3   4:45.28 nts	1688362199093
533005 toao      20   0   14.7g   6.2g 114648 R 100.0   3.3   4:45.97 nts	1688362199780
533005 toao      20   0   14.7g   6.2g 114648 R 106.2   3.3   4:46.66 nts	1688362200468
533005 toao      20   0   14.7g   6.2g 114648 R 100.0   3.3   4:47.34 nts	1688362201155
533005 toao      20   0   14.7g   6.2g 114648 R  94.1   3.3   4:48.03 nts	1688362201844
533005 toao      20   0   14.7g   6.2g 114648 R 106.2   3.3   4:48.72 nts	1688362202532
533005 toao      20   0   14.7g   6.2g 114648 R 100.0   3.3   4:49.40 nts	1688362203221
533005 toao      20   0   14.7g   6.2g 114648 R 100.0   3.3   4:50.09 nts	1688362203907
533005 toao      20   0   14.7g   6.2g 114648 R  94.1   3.3   4:50.78 nts	1688362204593
533005 toao      20   0   14.7g   6.2g 114648 R  94.1   3.3   4:51.47 nts	1688362205284
533005 toao      20   0   14.7g   6.2g 114648 R 106.2   3.3   4:52.16 nts	1688362205971
533005 toao      20   0   14.7g   6.2g 114648 R 106.2   3.3   4:52.85 nts	1688362206660
533005 toao      20   0   14.7g   6.2g 114648 R 106.2   3.3   4:53.53 nts	1688362207345
533005 toao      20   0   14.7g   6.2g 114648 R 100.0   3.3   4:54.22 nts	1688362208036
533005 toao      20   0   14.7g   6.2g 114648 R 100.0   3.3   4:54.91 nts	1688362208724
533005 toao      20   0   20.2g   6.9g 295460 R  94.1   3.7   4:55.95 nts	1688362209413
533005 toao      20   0   21.1g   7.6g 437528 R 100.0   4.1   4:56.63 nts	1688362210098
533005 toao      20   0   23.4g   9.2g 507688 R 100.0   4.9   4:57.32 nts	1688362210787
533005 toao      20   0   23.4g   9.9g 507688 R 100.0   5.3   4:58.02 nts	1688362211474
533005 toao      20   0   23.4g   9.9g 507688 R 100.0   5.3   4:58.70 nts	1688362212164
533005 toao      20   0   23.4g   9.9g 507688 R 106.2   5.3   4:59.39 nts	1688362212852
533005 toao      20   0   23.4g   9.9g 507688 R 100.0   5.3   5:00.08 nts	1688362213538
533005 toao      20   0   23.4g   9.9g 507688 R 100.0   5.3   5:00.76 nts	1688362214227
533005 toao      20   0   53.8g  12.2g   2.9g R 100.0   6.5   5:01.46 nts	1688362214917
533005 toao      20   0   53.8g  15.2g   5.9g R 106.2   8.1   5:02.15 nts	1688362215605
533005 toao      20   0   53.8g  18.2g   8.8g R 106.2   9.7   5:02.84 nts	1688362216294
533005 toao      20   0   53.8g  21.2g  11.8g R 100.0  11.3   5:03.52 nts	1688362216979
533005 toao      20   0   53.8g  24.2g  14.8g R 100.0  12.9   5:04.21 nts	1688362217668
533005 toao      20   0   53.8g  27.2g  17.8g R 100.0  14.5   5:04.90 nts	1688362218356
533005 toao      20   0   53.8g  30.2g  20.9g R 100.0  16.1   5:05.59 nts	1688362219045
533005 toao      20   0   53.8g  33.2g  23.9g R 106.2  17.7   5:06.28 nts	1688362219733
533005 toao      20   0   53.8g  36.2g  26.9g R 100.0  19.3   5:06.97 nts	1688362220421
533005 toao      20   0   53.8g  39.2g  29.9g R 106.2  20.9   5:07.66 nts	1688362221112
533005 toao      20   0   53.8g  40.2g  30.9g R 100.0  21.4   5:08.34 nts	1688362221800
533005 toao      20   0   53.9g  40.2g  30.9g R 106.2  21.5   5:09.02 nts	1688362222488
533005 toao      20   0   53.9g  40.2g  30.9g R 106.2  21.5   5:09.71 nts	1688362223176
533005 toao      20   0   53.9g  40.2g  30.9g R 100.0  21.5   5:10.40 nts	1688362223863
533005 toao      20   0   53.9g  40.2g  30.9g R 100.0  21.5   5:11.08 nts	1688362224551
533005 toao      20   0   53.9g  40.3g  30.9g R 106.2  21.5   5:11.77 nts	1688362225238
533005 toao      20   0   53.9g  40.3g  30.9g R 106.2  21.5   5:12.46 nts	1688362225926
533005 toao      20   0   53.9g  40.3g  30.9g R  94.1  21.5   5:13.14 nts	1688362226614
533005 toao      20   0   53.9g  40.3g  30.9g R  94.1  21.5   5:13.83 nts	1688362227302
533005 toao      20   0   53.9g  40.3g  30.9g R 100.0  21.5   5:14.52 nts	1688362227991
533005 toao      20   0   53.9g  40.3g  30.9g R 100.0  21.5   5:15.21 nts	1688362228679
533005 toao      20   0   53.9g  40.3g  30.9g R 106.2  21.5   5:15.90 nts	1688362229368
533005 toao      20   0   53.9g  40.3g  30.9g R  94.1  21.5   5:16.59 nts	1688362230054
533005 toao      20   0   53.9g  40.3g  30.9g R 100.0  21.5   5:17.28 nts	1688362230742
533005 toao      20   0   53.9g  40.3g  30.9g R 100.0  21.5   5:17.96 nts	1688362231431
533005 toao      20   0   53.9g  40.3g  30.9g R 100.0  21.5   5:18.65 nts	1688362232119
533005 toao      20   0   53.9g  40.3g  30.9g R 106.2  21.5   5:19.34 nts	1688362232807
533005 toao      20   0   53.9g  40.3g  30.9g R 100.0  21.5   5:20.03 nts	1688362233495
533005 toao      20   0   53.9g  40.3g  30.9g R 100.0  21.5   5:20.72 nts	1688362234183
533005 toao      20   0   53.9g  40.3g  30.9g R 100.0  21.5   5:21.40 nts	1688362234870
533005 toao      20   0   53.9g  40.3g  30.9g R 100.0  21.5   5:22.09 nts	1688362235559
533005 toao      20   0   53.9g  40.3g  30.9g R 100.0  21.5   5:22.78 nts	1688362236247
533005 toao      20   0   53.9g  40.3g  30.9g R 100.0  21.5   5:23.47 nts	1688362236934
533005 toao      20   0   53.9g  40.3g  30.9g R 100.0  21.5   5:24.16 nts	1688362237623
533005 toao      20   0   53.9g  40.3g  30.9g R 100.0  21.5   5:24.84 nts	1688362238311
533005 toao      20   0   53.9g  40.3g  30.9g R 100.0  21.5   5:25.53 nts	1688362238998
533005 toao      20   0   53.9g  40.3g  30.9g R 100.0  21.5   5:26.22 nts	1688362239686
533005 toao      20   0   53.9g  40.3g  30.9g R 106.2  21.5   5:26.91 nts	1688362240375
533005 toao      20   0   53.9g  40.3g  30.9g R 106.2  21.5   5:27.60 nts	1688362241062
533005 toao      20   0   53.9g  40.3g  30.9g R 100.0  21.5   5:28.28 nts	1688362241750
533005 toao      20   0   53.9g  40.3g  30.9g R 100.0  21.5   5:28.97 nts	1688362242439
533005 toao      20   0   53.9g  40.3g  30.9g R 100.0  21.5   5:29.66 nts	1688362243127
533005 toao      20   0   53.9g  40.3g  30.9g R  94.1  21.5   5:30.35 nts	1688362243813
533005 toao      20   0   53.9g  40.3g  30.9g R 100.0  21.5   5:31.04 nts	1688362244503
533005 toao      20   0   53.9g  40.3g  30.9g R 106.2  21.5   5:31.73 nts	1688362245191
533005 toao      20   0   53.9g  40.3g  30.9g R 106.2  21.5   5:32.42 nts	1688362245879
533005 toao      20   0   53.9g  40.3g  30.9g R 100.0  21.5   5:33.10 nts	1688362246567
533005 toao      20   0   53.9g  40.3g  30.9g R 100.0  21.5   5:33.79 nts	1688362247256
533005 toao      20   0   53.9g  40.3g  30.9g R 106.2  21.5   5:34.48 nts	1688362247940
533005 toao      20   0   53.9g  40.3g  30.9g R 100.0  21.5   5:35.16 nts	1688362248625
533005 toao      20   0   53.9g  40.3g  30.9g R 106.2  21.5   5:35.85 nts	1688362249311
533005 toao      20   0   53.9g  40.3g  30.9g R 100.0  21.5   5:36.53 nts	1688362249999
533005 toao      20   0   53.9g  40.3g  30.9g R  94.1  21.5   5:37.22 nts	1688362250684
533005 toao      20   0   53.9g  40.3g  30.9g R 106.2  21.5   5:37.91 nts	1688362251371
533005 toao      20   0   53.9g  40.3g  30.9g R 106.2  21.5   5:38.60 nts	1688362252059
533005 toao      20   0   53.9g  40.3g  30.9g R 100.0  21.5   5:39.28 nts	1688362252747
533005 toao      20   0   53.9g  40.3g  30.9g R 100.0  21.5   5:39.97 nts	1688362253435
533005 toao      20   0   53.9g  40.3g  30.9g R 100.0  21.5   5:40.66 nts	1688362254124
533005 toao      20   0   53.9g  40.3g  30.9g R 100.0  21.5   5:41.34 nts	1688362254811
533005 toao      20   0   53.9g  40.3g  30.9g R 106.2  21.5   5:42.03 nts	1688362255498
533005 toao      20   0   53.9g  40.3g  30.9g R 106.2  21.5   5:42.72 nts	1688362256187
533005 toao      20   0   53.9g  40.3g  30.9g R 100.0  21.5   5:43.41 nts	1688362256875
533005 toao      20   0   53.9g  40.3g  30.9g R 100.0  21.5   5:44.10 nts	1688362257563
533005 toao      20   0   53.9g  40.3g  30.9g R 100.0  21.5   5:44.78 nts	1688362258251
533005 toao      20   0   53.9g  40.3g  30.9g R 100.0  21.5   5:45.47 nts	1688362258936
533005 toao      20   0   53.9g  40.3g  30.9g R 100.0  21.5   5:46.16 nts	1688362259623
533005 toao      20   0   53.9g  40.3g  30.9g R 100.0  21.5   5:46.84 nts	1688362260313
533005 toao      20   0   53.9g  40.3g  30.9g R 100.0  21.5   5:47.53 nts	1688362260999
533005 toao      20   0   53.9g  40.3g  30.9g R 100.0  21.5   5:48.22 nts	1688362261687
533005 toao      20   0   53.9g  40.3g  30.9g R 106.2  21.5   5:48.91 nts	1688362262375
533005 toao      20   0   53.9g  40.3g  30.9g R 100.0  21.5   5:49.60 nts	1688362263063
533005 toao      20   0   53.9g  40.3g  30.9g R 100.0  21.5   5:50.28 nts	1688362263751
533005 toao      20   0   53.9g  40.3g  30.9g R 100.0  21.5   5:50.97 nts	1688362264439
533005 toao      20   0   53.9g  40.3g  30.9g R 106.2  21.5   5:51.67 nts	1688362265127
533005 toao      20   0   53.9g  40.3g  30.9g R  94.1  21.5   5:52.35 nts	1688362265815
533005 toao      20   0   53.9g  40.3g  30.9g R 100.0  21.5   5:53.03 nts	1688362266497
533005 toao      20   0   53.9g  40.3g  30.9g R 100.0  21.5   5:53.72 nts	1688362267185
533005 toao      20   0   53.9g  40.3g  30.9g R 100.0  21.5   5:54.40 nts	1688362267871
533005 toao      20   0   53.9g  40.3g  30.9g R 100.0  21.5   5:55.09 nts	1688362268558
533005 toao      20   0   53.9g  40.3g  30.9g R 106.2  21.5   5:55.78 nts	1688362269247
533005 toao      20   0   53.9g  40.3g  30.9g R 106.2  21.5   5:56.47 nts	1688362269935
533005 toao      20   0   53.9g  40.3g  30.9g R  94.1  21.5   5:57.15 nts	1688362270623
533005 toao      20   0   53.9g  40.3g  30.9g R 100.0  21.5   5:57.84 nts	1688362271310
533005 toao      20   0   53.9g  40.3g  30.9g R 100.0  21.5   5:58.53 nts	1688362271995
533005 toao      20   0   53.9g  40.3g  30.9g R  94.1  21.5   5:59.22 nts	1688362272683
533005 toao      20   0   53.9g  40.4g  30.9g R  93.8  21.6   6:00.04 nts	1688362273371
533005 toao      20   0   53.9g  40.4g  30.9g R 100.0  21.6   6:00.73 nts	1688362274056
533005 toao      20   0   55.2g  40.6g  30.9g R  2981  21.7   6:06.33 nts	1688362274744
533005 toao      20   0   55.2g  40.7g  30.9g R  2994  21.7   6:18.45 nts	1688362275486
533005 toao      20   0   55.1g  40.6g  30.9g R  2847  21.7   6:30.57 nts	1688362276214
533005 toao      20   0   55.0g  40.4g  30.9g R  2771  21.6   6:40.57 nts	1688362276930
533005 toao      20   0   55.2g  40.7g  30.9g R  2833  21.7   6:48.64 nts	1688362277630
533005 toao      20   0   55.2g  40.7g  30.9g R  3012  21.7   6:59.75 nts	1688362278370
533005 toao      20   0   55.1g  40.5g  30.9g R  2238  21.6   7:10.49 nts	1688362279090
533005 toao      20   0   55.2g  40.6g  30.9g R 988.2  21.7   7:20.41 nts	1688362279798
533005 toao      20   0   55.1g  40.5g  30.9g R 368.8  21.6   7:30.29 nts	1688362280497
533005 toao      20   0   55.1g  40.5g  30.9g R 262.5  21.6   7:40.00 nts	1688362281170
533005 toao      20   0   55.1g  40.5g  30.9g R 253.3  21.6   7:49.69 nts	1688362281846
533005 toao      20   0   55.1g  40.5g  30.9g R 175.0  21.6   7:59.47 nts	1688362282523
533005 toao      20   0   55.1g  40.5g  30.9g R 300.0  21.6   8:09.48 nts	1688362283208
533005 toao      20   0   55.1g  40.5g  30.9g R 293.3  21.6   8:19.39 nts	1688362283889
533005 toao      20   0   55.1g  40.5g  30.9g R 280.0  21.6   8:29.02 nts	1688362284566
533005 toao      20   0   55.1g  40.5g  30.9g R 275.0  21.6   8:38.75 nts	1688362285243
533005 toao      20   0   55.1g  40.5g  30.9g R 237.5  21.6   8:48.68 nts	1688362285924
533005 toao      20   0   55.1g  40.5g  30.9g R 250.0  21.6   8:58.28 nts	1688362286605
533005 toao      20   0   55.1g  40.5g  30.9g R 243.8  21.6   9:08.04 nts	1688362287288
533005 toao      20   0   55.1g  40.6g  30.9g R 268.8  21.6   9:17.74 nts	1688362287970
533005 toao      20   0   55.1g  40.5g  30.9g R 187.5  21.6   9:27.58 nts	1688362288647
533005 toao      20   0   55.1g  40.5g  30.9g R 275.0  21.6   9:37.47 nts	1688362289329
533005 toao      20   0   55.1g  40.6g  30.9g R 243.8  21.6   9:47.29 nts	1688362290011
533005 toao      20   0   55.1g  40.6g  30.9g R 100.0  21.6   9:56.94 nts	1688362290694
533005 toao      20   0   55.1g  40.6g  30.9g R 100.0  21.6  10:06.66 nts	1688362291379
533005 toao      20   0   55.1g  40.6g  30.9g R 100.0  21.6  10:16.32 nts	1688362292064
533005 toao      20   0   55.1g  40.6g  30.9g R 100.0  21.6  10:26.10 nts	1688362292749
533005 toao      20   0   55.1g  40.6g  30.9g R 106.2  21.6  10:35.97 nts	1688362293433
533005 toao      20   0   55.1g  40.6g  30.9g R 106.2  21.7  10:45.74 nts	1688362294112
533005 toao      20   0   55.2g  40.6g  30.9g R 482.4  21.7  10:55.92 nts	1688362294798
533005 toao      20   0   55.2g  40.6g  30.9g R  1912  21.7  11:07.86 nts	1688362295525
533005 toao      20   0   55.2g  40.6g  30.9g R  2988  21.7  11:19.95 nts	1688362296242
533005 toao      20   0   55.2g  40.7g  30.9g R  2976  21.7  11:32.20 nts	1688362296994
533005 toao      20   0   55.0g  40.5g  30.9g R  2283  21.6  11:42.91 nts	1688362297702
533005 toao      20   0   55.1g  40.5g  30.9g S  1506  21.6  11:52.77 nts	1688362298409
533005 toao      20   0   55.1g  40.5g  30.9g R 370.6  21.6  12:02.61 nts	1688362299122
533005 toao      20   0   55.1g  40.5g  30.9g R 268.8  21.6  12:12.39 nts	1688362299806
533005 toao      20   0   55.1g  40.5g  30.9g R 268.8  21.6  12:22.20 nts	1688362300486
533005 toao      20   0   55.1g  40.5g  30.9g R 237.5  21.6  12:31.92 nts	1688362301170
533005 toao      20   0   55.1g  40.5g  30.9g R 262.5  21.6  12:41.65 nts	1688362301839
533005 toao      20   0   55.1g  40.5g  30.9g R 243.8  21.6  12:51.48 nts	1688362302514
533005 toao      20   0   55.1g  40.6g  30.9g R 168.8  21.6  13:01.14 nts	1688362303188
533005 toao      20   0   55.1g  40.6g  30.9g R 106.2  21.6  13:10.91 nts	1688362303872
533005 toao      20   0   55.1g  40.6g  30.9g R  93.8  21.6  13:20.69 nts	1688362304552
533005 toao      20   0   55.1g  40.6g  30.9g R 100.0  21.6  13:30.42 nts	1688362305233
533005 toao      20   0   55.1g  40.6g  30.9g R 113.3  21.7  13:40.26 nts	1688362305916
533005 toao      20   0   55.1g  40.6g  30.9g R 100.0  21.7  13:49.97 nts	1688362306596
533005 toao      20   0   55.1g  40.6g  30.9g R 100.0  21.7  13:59.62 nts	1688362307276
533005 toao      20   0   55.1g  40.6g  30.9g R 100.0  21.7  14:09.45 nts	1688362307960
533005 toao      20   0   55.1g  40.6g  30.9g R  94.1  21.6  14:19.39 nts	1688362308645
533005 toao      20   0   55.1g  40.6g  30.9g R 100.0  21.7  14:29.22 nts	1688362309324
533005 toao      20   0   55.2g  40.6g  30.9g R 600.0  21.7  14:39.69 nts	1688362310005
533005 toao      20   0   55.2g  40.6g  30.9g R  2094  21.7  14:51.74 nts	1688362310742
533005 toao      20   0   55.2g  40.6g  30.9g R  2131  21.7  15:01.55 nts	1688362311437
533005 toao      20   0   55.2g  40.6g  30.9g R  2962  21.7  15:12.69 nts	1688362312141
533005 toao      20   0   55.2g  40.7g  30.9g R  3059  21.7  15:26.30 nts	1688362312898
533005 toao      20   0   55.0g  40.5g  30.9g R  2294  21.6  15:36.36 nts	1688362313626
533005 toao      20   0   55.1g  40.5g  30.9g S  1471  21.6  15:46.31 nts	1688362314310
533005 toao      20   0   55.1g  40.5g  30.9g S 762.5  21.6  15:56.17 nts	1688362315026
533005 toao      20   0   55.2g  40.5g  30.9g R  1165  21.6  16:06.27 nts	1688362315734
533005 toao      20   0   55.1g  40.5g  30.9g R 405.9  21.6  16:16.00 nts	1688362316414
533005 toao      20   0   55.1g  40.5g  30.9g R 287.5  21.6  16:25.77 nts	1688362317085
533005 toao      20   0   55.1g  40.5g  30.9g R 268.8  21.6  16:35.56 nts	1688362317757
533005 toao      20   0   55.1g  40.5g  30.9g R 300.0  21.6  16:45.51 nts	1688362318447
533005 toao      20   0   55.1g  40.5g  30.9g R 275.0  21.6  16:55.23 nts	1688362319129
533005 toao      20   0   55.1g  40.6g  30.9g R 231.2  21.6  17:04.87 nts	1688362319807
533005 toao      20   0   55.1g  40.6g  30.9g R 156.2  21.6  17:14.62 nts	1688362320492
533005 toao      20   0   55.1g  40.6g  30.9g R 106.2  21.6  17:24.45 nts	1688362321174
533005 toao      20   0   55.1g  40.6g  30.9g R 100.0  21.6  17:34.12 nts	1688362321858
533005 toao      20   0   55.1g  40.6g  30.9g R 100.0  21.6  17:43.96 nts	1688362322538
533005 toao      20   0   55.1g  40.6g  30.9g R 100.0  21.7  17:53.60 nts	1688362323222
533005 toao      20   0   55.2g  40.6g  30.9g R 637.5  21.7  18:04.04 nts	1688362323908
533005 toao      20   0   55.2g  40.6g  30.9g R 756.2  21.7  18:13.88 nts	1688362324630
533005 toao      20   0   55.2g  40.6g  30.9g R  1919  21.7  18:25.65 nts	1688362325340
533005 toao      20   0   55.2g  40.6g  30.9g R  2988  21.7  18:37.91 nts	1688362326082
533005 toao      20   0   55.2g  40.7g  30.9g R  2994  21.7  18:49.20 nts	1688362326786
533005 toao      20   0   55.2g  40.7g  30.9g R  2939  21.7  18:58.94 nts	1688362327510
533005 toao      20   0   55.0g  40.5g  30.9g R  2217  21.6  19:10.71 nts	1688362328242
533005 toao      20   0   55.2g  40.7g  30.9g R  3071  21.7  19:20.50 nts	1688362328954
533005 toao      20   0   55.1g  40.6g  30.9g R  2888  21.7  19:30.53 nts	1688362329666
533005 toao      20   0   55.1g  40.5g  30.9g R  1539  21.6  19:40.39 nts	1688362330382
533005 toao      20   0   55.1g  40.5g  30.9g R  1068  21.6  19:50.47 nts	1688362331090
533005 toao      20   0   55.1g  40.5g  30.9g R 300.0  21.6  20:00.17 nts	1688362331784
533005 toao      20   0   55.1g  40.5g  30.9g R 193.8  21.6  20:09.85 nts	1688362332468
533005 toao      20   0   55.1g  40.5g  30.9g S 877.8  21.6  20:19.94 nts	1688362333178
533005 toao      20   0   55.1g  40.5g  30.9g R 566.7  21.6  20:29.93 nts	1688362333894
533005 toao      20   0   55.1g  40.5g  30.9g R 243.8  21.6  20:39.64 nts	1688362334568
533005 toao      20   0   55.1g  40.5g  30.9g R 231.2  21.6  20:49.47 nts	1688362335248
533005 toao      20   0   55.1g  40.5g  30.9g R 243.8  21.6  20:59.19 nts	1688362335928
533005 toao      20   0   55.1g  40.6g  30.9g R 250.0  21.6  21:08.88 nts	1688362336611
533005 toao      20   0   55.1g  40.6g  30.9g R 100.0  21.6  21:18.58 nts	1688362337295
533005 toao      20   0   55.1g  40.6g  30.9g R 106.2  21.6  21:28.32 nts	1688362337979
533005 toao      20   0   55.1g  40.6g  30.9g R  93.8  21.6  21:38.22 nts	1688362338663
533005 toao      20   0   55.1g  40.6g  30.9g R 106.2  21.6  21:48.11 nts	1688362339346
533005 toao      20   0   55.1g  40.6g  30.9g R 106.2  21.6  21:57.80 nts	1688362340034
533005 toao      20   0   55.1g  40.5g  30.9g R 175.0  21.6  22:07.68 nts	1688362340715
533005 toao      20   0   55.1g  40.6g  30.9g R 211.8  21.6  22:17.46 nts	1688362341393
533005 toao      20   0   55.1g  40.6g  30.9g R 162.5  21.6  22:27.13 nts	1688362342078
533005 toao      20   0   55.1g  40.6g  30.9g R 162.5  21.6  22:37.05 nts	1688362342764
533005 toao      20   0   55.1g  40.6g  30.9g R 106.7  21.6  22:46.86 nts	1688362343448
533005 toao      20   0   55.1g  40.6g  30.9g R 162.5  21.6  22:56.62 nts	1688362344128
533005 toao      20   0   55.1g  40.6g  30.9g R 106.2  21.6  23:06.47 nts	1688362344810
533005 toao      20   0   55.1g  40.6g  30.9g R 100.0  21.6  23:16.16 nts	1688362345492
533005 toao      20   0   55.1g  40.6g  30.9g R 100.0  21.6  23:25.90 nts	1688362346177
533005 toao      20   0   55.1g  40.6g  30.9g R 100.0  21.7  23:35.66 nts	1688362346859
533005 toao      20   0   55.2g  40.6g  30.9g R 768.8  21.7  23:46.38 nts	1688362347543
533005 toao      20   0   55.2g  40.6g  30.9g R  2312  21.7  23:58.50 nts	1688362348257
533005 toao      20   0   55.2g  40.7g  30.9g R  3006  21.7  24:10.54 nts	1688362348990
533005 toao      20   0   55.0g  40.4g  30.9g R  2606  21.6  24:22.91 nts	1688362349714
533005 toao      20   0   55.0g  40.5g  30.9g R  2441  21.6  24:32.93 nts	1688362350430
533005 toao      20   0   55.0g  40.5g  30.9g R  2556  21.6  24:42.84 nts	1688362351142
533005 toao      20   0   55.1g  40.5g  30.9g R  1661  21.6  24:52.68 nts	1688362351842
533005 toao      20   0   55.2g  40.5g  30.9g R  1416  21.6  25:02.77 nts	1688362352534
533005 toao      20   0   55.1g  40.5g  30.9g R 323.5  21.6  25:12.39 nts	1688362353246
533005 toao      20   0   55.1g  40.5g  30.9g R 286.7  21.6  25:22.17 nts	1688362353927
533005 toao      20   0   55.1g  40.5g  30.9g R 256.2  21.6  25:32.13 nts	1688362354604
533005 toao      20   0   55.1g  40.5g  30.9g R 343.8  21.6  25:42.08 nts	1688362355291
533005 toao      20   0   55.1g  40.5g  30.9g R 262.5  21.6  25:51.89 nts	1688362355971
533005 toao      20   0   55.1g  40.5g  30.9g R 325.0  21.6  26:01.87 nts	1688362356660
533005 toao      20   0   55.1g  40.5g  30.9g R 282.4  21.6  26:11.72 nts	1688362357345
533005 toao      20   0   55.1g  40.5g  30.9g R 253.3  21.6  26:21.38 nts	1688362358028
533005 toao      20   0   55.1g  40.6g  30.9g R 260.0  21.6  26:31.05 nts	1688362358703
533005 toao      20   0   55.1g  40.6g  30.9g R 181.2  21.6  26:40.81 nts	1688362359386
533005 toao      20   0   55.1g  40.6g  30.9g R 100.0  21.6  26:50.51 nts	1688362360067
533005 toao      20   0   55.1g  40.6g  30.9g R  94.1  21.6  27:00.20 nts	1688362360751
533005 toao      20   0   55.1g  40.6g  30.9g R 100.0  21.6  27:10.10 nts	1688362361436
533005 toao      20   0   55.1g  40.6g  30.9g R 100.0  21.6  27:19.93 nts	1688362362123
533005 toao      20   0   55.2g  40.6g  30.9g R 225.0  21.7  27:29.74 nts	1688362362803
533005 toao      20   0   55.2g  40.6g  30.9g R 687.5  21.7  27:40.08 nts	1688362363510
533005 toao      20   0   55.2g  40.6g  30.9g R  1350  21.7  27:50.85 nts	1688362364196
533005 toao      20   0   55.2g  40.6g  30.9g R  2781  21.7  28:02.91 nts	1688362364906
533005 toao      20   0   55.2g  40.7g  30.9g R  2944  21.7  28:15.30 nts	1688362365630
533005 toao      20   0   55.2g  40.6g  30.9g R  2850  21.7  28:26.86 nts	1688362366390
533005 toao      20   0   55.1g  40.5g  30.9g R  1600  21.6  28:36.68 nts	1688362367087
533005 toao      20   0   55.1g  40.5g  30.9g S  1288  21.6  28:46.67 nts	1688362367818
533005 toao      20   0   55.2g  40.6g  30.9g R  1169  21.6  28:56.71 nts	1688362368522
533005 toao      20   0   55.1g  40.5g  30.9g R 331.2  21.6  29:06.41 nts	1688362369210
533005 toao      20   0   55.2g  40.5g  30.9g R 268.8  21.6  29:16.23 nts	1688362369891
533005 toao      20   0   55.1g  40.5g  30.9g S 676.5  21.6  29:26.15 nts	1688362370598
533005 toao      20   0   55.2g  40.6g  30.9g R  2817  21.7  29:36.08 nts	1688362371298
533005 toao      20   0   55.1g  40.5g  30.9g R  1778  21.6  29:45.99 nts	1688362372015
533005 toao      20   0   55.0g  40.5g  30.9g R  2465  21.6  29:55.79 nts	1688362372722
533005 toao      20   0   55.1g  40.5g  30.9g R  1700  21.6  30:05.62 nts	1688362373434
533005 toao      20   0   55.1g  40.5g  30.9g R 766.7  21.6  30:15.56 nts	1688362374134
533005 toao      20   0   55.2g  40.6g  30.9g R 318.8  21.6  30:25.34 nts	1688362374816
533005 toao      20   0   55.1g  40.5g  30.9g R 481.2  21.6  30:35.22 nts	1688362375522
533005 toao      20   0   55.1g  40.5g  30.9g R 268.8  21.6  30:44.88 nts	1688362376195
533005 toao      20   0   55.1g  40.5g  30.9g R 331.2  21.6  30:54.80 nts	1688362376880
533005 toao      20   0   55.1g  40.5g  30.9g R 293.8  21.6  31:04.52 nts	1688362377560
533005 toao      20   0   55.1g  40.5g  30.9g R 268.8  21.6  31:14.37 nts	1688362378242
533005 toao      20   0   55.1g  40.5g  30.9g R 323.5  21.6  31:24.39 nts	1688362378934
533005 toao      20   0   55.1g  40.5g  30.9g R 293.8  21.6  31:34.03 nts	1688362379616
533005 toao      20   0   55.1g  40.5g  30.9g R 256.2  21.6  31:43.71 nts	1688362380294
533005 toao      20   0   55.1g  40.5g  30.9g R 250.0  21.6  31:53.54 nts	1688362380978
533005 toao      20   0   55.1g  40.6g  30.9g R 256.2  21.6  32:03.19 nts	1688362381663
533005 toao      20   0   55.1g  40.6g  30.9g R 106.2  21.6  32:12.85 nts	1688362382339
533005 toao      20   0   55.1g  40.6g  30.9g R 100.0  21.6  32:22.50 nts	1688362383021
533005 toao      20   0   55.1g  40.5g  30.9g R 200.0  21.6  32:32.37 nts	1688362383703
533005 toao      20   0   55.1g  40.5g  30.9g R 293.8  21.6  32:42.35 nts	1688362384386
533005 toao      20   0   55.1g  40.5g  30.9g R 256.2  21.6  32:52.23 nts	1688362385070
533005 toao      20   0   55.1g  40.5g  30.9g R 262.5  21.6  33:01.89 nts	1688362385755
533005 toao      20   0   55.1g  40.6g  30.9g R 243.8  21.6  33:11.72 nts	1688362386431
533005 toao      20   0   55.1g  40.6g  30.9g R 106.2  21.6  33:21.23 nts	1688362387116
533005 toao      20   0   55.1g  40.6g  30.9g R 106.2  21.6  33:30.95 nts	1688362387801
533005 toao      20   0   55.1g  40.6g  30.9g R 100.0  21.6  33:40.73 nts	1688362388481
533005 toao      20   0   55.1g  40.6g  30.9g R 100.0  21.7  33:50.40 nts	1688362389164
533005 toao      20   0   55.2g  40.6g  30.9g R 656.2  21.7  34:00.85 nts	1688362389849
533005 toao      20   0   55.2g  40.6g  30.9g R 975.0  21.7  34:11.10 nts	1688362390561
533005 toao      20   0   55.2g  40.6g  30.9g R  2175  21.7  34:22.83 nts	1688362391278
533005 toao      20   0   55.2g  40.7g  30.9g R  3111  21.7  34:36.02 nts	1688362392038
533005 toao      20   0   55.2g  40.7g  30.9g R  2806  21.7  34:46.83 nts	1688362392774
533005 toao      20   0   55.1g  40.6g  30.9g R  3106  21.7  34:57.83 nts	1688362393518
533005 toao      20   0   55.1g  40.6g  30.9g R  3000  21.7  35:07.54 nts	1688362394206
533005 toao      20   0   55.1g  40.5g  30.9g R  1856  21.6  35:17.34 nts	1688362394898
533005 toao      20   0   55.1g  40.5g  30.9g R  2181  21.6  35:27.32 nts	1688362395610
533005 toao      20   0   55.1g  40.5g  30.9g R  1706  21.6  35:37.27 nts	1688362396302
533005 toao      20   0   55.1g  40.5g  30.9g S 972.2  21.6  35:47.18 nts	1688362397026
533005 toao      20   0   55.2g  40.5g  30.9g R 600.0  21.6  35:57.08 nts	1688362397717
533005 toao      20   0   55.2g  40.6g  30.9g R 341.2  21.6  36:07.00 nts	1688362398422
533005 toao      20   0   55.1g  40.5g  30.9g R 368.8  21.6  36:16.90 nts	1688362399127
533005 toao      20   0   55.1g  40.5g  30.9g R 268.8  21.6  36:26.59 nts	1688362399803
533005 toao      20   0   55.1g  40.5g  30.9g R 250.0  21.6  36:36.50 nts	1688362400482
533005 toao      20   0   55.1g  40.5g  30.9g R 262.5  21.6  36:46.33 nts	1688362401153
533005 toao      20   0   55.1g  40.5g  30.9g R 275.0  21.6  36:56.19 nts	1688362401843
533005 toao      20   0   55.1g  40.5g  30.9g R 250.0  21.6  37:05.91 nts	1688362402528
533005 toao      20   0   55.1g  40.6g  30.9g R 256.2  21.6  37:15.67 nts	1688362403204
533005 toao      20   0   55.1g  40.6g  30.9g R 187.5  21.6  37:25.42 nts	1688362403880
533005 toao      20   0   55.1g  40.6g  30.9g R 100.0  21.6  37:35.18 nts	1688362404559
533005 toao      20   0   55.1g  40.6g  30.9g R 181.2  21.6  37:44.90 nts	1688362405240
533005 toao      20   0   55.1g  40.6g  30.9g R  94.1  21.6  37:54.82 nts	1688362405923
533005 toao      20   0   55.1g  40.6g  30.9g R 106.2  21.6  38:04.51 nts	1688362406608
533005 toao      20   0   55.1g  40.6g  30.9g R 100.0  21.6  38:14.29 nts	1688362407291
533005 toao      20   0   55.1g  40.6g  30.9g R 100.0  21.6  38:24.17 nts	1688362407971
533005 toao      20   0   55.1g  40.6g  30.9g R 106.2  21.6  38:33.91 nts	1688362408656
533005 toao      20   0   55.1g  40.6g  30.9g R 113.3  21.6  38:43.73 nts	1688362409336
533005 toao      20   0   55.1g  40.6g  30.9g R 100.0  21.7  38:53.42 nts	1688362410018
533005 toao      20   0   55.2g  40.6g  30.9g R 468.8  21.7  39:03.50 nts	1688362410702
533005 toao      20   0   55.2g  40.6g  30.9g R  1512  21.7  39:14.89 nts	1688362411410
533005 toao      20   0   55.2g  40.6g  30.9g R  1069  21.7  39:24.03 nts	1688362412121
533005 toao      20   0   55.2g  40.6g  30.9g R  2006  21.7  39:35.64 nts	1688362412825
533005 toao      20   0   55.2g  40.6g  30.9g R  3106  21.7  39:46.95 nts	1688362413524
533005 toao      20   0   55.2g  40.7g  30.9g R  3169  21.7  39:57.71 nts	1688362414262
533005 toao      20   0   55.0g  40.4g  30.9g R  2811  21.6  40:09.98 nts	1688362414970
533005 toao      20   0   55.1g  40.5g  30.9g R  1682  21.6  40:19.66 nts	1688362415702
533005 toao      20   0   55.1g  40.5g  30.9g S 661.1  21.6  40:29.50 nts	1688362416390
533005 toao      20   0   55.1g  40.5g  30.9g R 812.5  21.6  40:39.53 nts	1688362417094
533005 toao      20   0   55.2g  40.6g  30.9g R 335.3  21.7  40:49.27 nts	1688362417769
533005 toao      20   0   55.1g  40.5g  30.9g R 368.8  21.6  40:59.20 nts	1688362418470
533005 toao      20   0   55.1g  40.5g  30.9g R 243.8  21.6  41:09.00 nts	1688362419147
533005 toao      20   0   55.1g  40.5g  30.9g R 266.7  21.6  41:18.71 nts	1688362419826
533005 toao      20   0   55.1g  40.6g  30.9g R 231.2  21.6  41:28.38 nts	1688362420496
533005 toao      20   0   55.1g  40.6g  30.9g R 106.2  21.6  41:37.88 nts	1688362421180
533005 toao      20   0   55.1g  40.6g  30.9g R 106.2  21.6  41:47.57 nts	1688362421862
533005 toao      20   0   55.1g  40.6g  30.9g R 100.0  21.7  41:57.34 nts	1688362422542
533005 toao      20   0   55.1g  40.6g  30.9g R 100.0  21.7  42:07.09 nts	1688362423224
533005 toao      20   0   55.2g  40.6g  30.9g R 106.2  21.7  42:16.95 nts	1688362423904
533005 toao      20   0   55.1g  40.6g  30.9g R 106.2  21.7  42:26.59 nts	1688362424588
533005 toao      20   0   55.1g  40.6g  30.9g R 100.0  21.7  42:36.33 nts	1688362425275
533005 toao      20   0   55.2g  40.6g  30.9g R 640.0  21.7  42:46.82 nts	1688362425956
533005 toao      20   0   55.2g  40.6g  30.9g R  1500  21.7  42:57.93 nts	1688362426664
533005 toao      20   0   55.2g  40.6g  30.9g R  2212  21.7  43:08.82 nts	1688362427382
533005 toao      20   0   55.2g  40.7g  30.9g R  3000  21.7  43:21.85 nts	1688362428138
533005 toao      20   0   55.2g  40.7g  30.9g R  2721  21.7  43:33.75 nts	1688362428862
533005 toao      20   0   55.0g  40.4g  30.9g R  2611  21.6  43:43.94 nts	1688362429578
533005 toao      20   0   55.1g  40.5g  30.9g R  1578  21.6  43:53.53 nts	1688362430302
533005 toao      20   0   55.1g  40.5g  30.9g R  1017  21.6  44:03.51 nts	1688362431002
533005 toao      20   0   55.1g  40.5g  30.9g S 794.7  21.6  44:13.44 nts	1688362431710
533005 toao      20   0   55.1g  40.5g  30.9g R  1728  21.6  44:23.39 nts	1688362432426
533005 toao      20   0   55.1g  40.5g  30.9g R  1628  21.6  44:33.37 nts	1688362433134
533005 toao      20   0   55.1g  40.5g  30.9g R 912.5  21.6  44:43.31 nts	1688362433815
533005 toao      20   0   55.2g  40.5g  30.9g R 352.9  21.6  44:53.06 nts	1688362434506
533005 toao      20   0   55.1g  40.5g  30.9g R 411.8  21.6  45:03.07 nts	1688362435210
533005 toao      20   0   55.1g  40.5g  30.9g R 250.0  21.6  45:12.77 nts	1688362435888
533005 toao      20   0   55.1g  40.5g  30.9g S 220.0  21.6  45:22.31 nts	1688362436566
533005 toao      20   0   55.2g  40.6g  30.9g R  1158  21.6  45:32.68 nts	1688362437282
533005 toao      20   0   55.1g  40.5g  30.9g R 362.5  21.6  45:42.44 nts	1688362437973
533005 toao      20   0   55.1g  40.5g  30.9g R 237.5  21.6  45:52.07 nts	1688362438652
533005 toao      20   0   55.1g  40.6g  30.9g R 253.3  21.6  46:01.74 nts	1688362439327
533005 toao      20   0   55.1g  40.5g  30.9g R 181.2  21.6  46:11.45 nts	1688362440003
533005 toao      20   0   55.1g  40.5g  30.9g R 268.8  21.6  46:21.39 nts	1688362440683
533005 toao      20   0   55.2g  40.6g  30.9g R 275.0  21.6  46:31.25 nts	1688362441370
533005 toao      20   0   55.1g  40.5g  30.9g R 343.8  21.6  46:41.05 nts	1688362442062
533005 toao      20   0   55.1g  40.5g  30.9g R 275.0  21.6  46:50.92 nts	1688362442743
533005 toao      20   0   55.1g  40.5g  30.9g R 225.0  21.6  47:00.76 nts	1688362443419
533005 toao      20   0   55.1g  40.5g  30.9g R 268.8  21.6  47:10.48 nts	1688362444099
533005 toao      20   0   55.1g  40.5g  30.9g R 237.5  21.6  47:20.34 nts	1688362444775
533005 toao      20   0   55.1g  40.6g  30.9g R 256.2  21.6  47:30.01 nts	1688362445456
533005 toao      20   0   55.1g  40.5g  30.9g R 206.2  21.6  47:39.72 nts	1688362446134
533005 toao      20   0   55.1g  40.6g  30.9g R 237.5  21.6  47:49.65 nts	1688362446815
533005 toao      20   0   55.1g  40.6g  30.9g R  94.1  21.6  47:59.39 nts	1688362447493
533005 toao      20   0   55.1g  40.6g  30.9g R 106.7  21.6  48:09.11 nts	1688362448176
533005 toao      20   0   55.1g  40.6g  30.9g R 100.0  21.6  48:18.80 nts	1688362448855
533005 toao      20   0   55.1g  40.6g  30.9g R 100.0  21.6  48:28.68 nts	1688362449535
533005 toao      20   0   55.1g  40.6g  30.9g R 106.2  21.6  48:38.52 nts	1688362450217
533005 toao      20   0   55.1g  40.6g  30.9g R 106.2  21.7  48:48.22 nts	1688362450901
533005 toao      20   0   55.2g  40.6g  30.9g R 756.2  21.7  48:58.90 nts	1688362451585
533005 toao      20   0   55.2g  40.6g  30.9g R  2238  21.7  49:10.93 nts	1688362452309
533005 toao      20   0   55.2g  40.6g  30.9g R  2341  21.7  49:20.99 nts	1688362453015
533005 toao      20   0   55.2g  40.7g  30.9g R  2988  21.7  49:33.56 nts	1688362453770
533005 toao      20   0   55.2g  40.7g  30.9g R  3200  21.7  49:45.06 nts	1688362454506
533005 toao      20   0   55.0g  40.4g  30.9g R  2835  21.6  49:55.81 nts	1688362455222
533005 toao      20   0   55.1g  40.5g  30.9g R  1594  21.6  50:05.47 nts	1688362455918
533005 toao      20   0   55.1g  40.5g  30.9g R 516.7  21.6  50:15.41 nts	1688362456630
533005 toao      20   0   55.1g  40.5g  30.9g R 293.3  21.6  50:24.97 nts	1688362457305
533005 toao      20   0   55.1g  40.5g  30.9g R 275.0  21.6  50:34.82 nts	1688362457982
533005 toao      20   0   55.1g  40.5g  30.9g R 343.8  21.6  50:44.74 nts	1688362458665
533005 toao      20   0   55.1g  40.5g  30.9g R 268.8  21.6  50:54.41 nts	1688362459349
533005 toao      20   0   55.1g  40.6g  30.9g R 229.4  21.6  51:04.07 nts	1688362460033
533005 toao      20   0   55.1g  40.6g  30.9g R 106.2  21.6  51:13.75 nts	1688362460716
533005 toao      20   0   55.1g  40.6g  30.9g R 100.0  21.7  51:23.27 nts	1688362461398
533005 toao      20   0   55.1g  40.6g  30.9g R 100.0  21.7  51:32.90 nts	1688362462082
533005 toao      20   0   55.1g  40.6g  30.9g R 100.0  21.6  51:42.81 nts	1688362462761
533005 toao      20   0   55.1g  40.6g  30.9g R 106.2  21.6  51:52.71 nts	1688362463442
533005 toao      20   0   55.1g  40.6g  30.9g R 100.0  21.6  52:02.62 nts	1688362464126
533005 toao      20   0   55.1g  40.6g  30.9g R 100.0  21.6  52:12.43 nts	1688362464803
533005 toao      20   0   55.1g  40.6g  30.9g R 106.2  21.6  52:22.17 nts	1688362465490
533005 toao      20   0   55.1g  40.6g  30.9g R 106.2  21.7  52:31.95 nts	1688362466172
533005 toao      20   0   55.2g  40.6g  30.9g R 875.0  21.7  52:42.77 nts	1688362466861
533005 toao      20   0   55.2g  40.6g  30.9g R  1912  21.7  52:54.00 nts	1688362467568
533005 toao      20   0   55.2g  40.6g  30.9g R  2988  21.7  53:05.75 nts	1688362468273
533005 toao      20   0   55.2g  40.7g  30.9g R  3053  21.7  53:17.20 nts	1688362469014
533005 toao      20   0   55.0g  40.4g  30.9g R  2931  21.6  53:29.07 nts	1688362469742
533005 toao      20   0   55.2g  40.7g  30.9g R  3000  21.7  53:37.91 nts	1688362470446
533005 toao      20   0   55.0g  40.5g  30.9g R  2235  21.6  53:48.86 nts	1688362471174
533005 toao      20   0   55.2g  40.6g  31.0g R  1239  21.7  53:58.78 nts	1688362471878
533005 toao      20   0   83.3g  42.4g  32.7g R 212.5  22.6  54:01.24 nts	1688362472568
533005 toao      20   0   86.9g  44.1g  34.4g R 194.1  23.5  54:02.61 nts	1688362473254
533005 toao      20   0   90.5g  45.8g  36.1g R 188.2  24.4  54:03.98 nts	1688362473943
533005 toao      20   0   96.5g  46.1g  36.2g S  2344  24.6  54:14.77 nts	1688362474629
533005 toao      20   0   96.5g  46.0g  36.2g S  1662  24.6  54:28.13 nts	1688362475309
533005 toao      20   0   96.5g  46.1g  36.2g S  2088  24.6  54:41.84 nts	1688362476001
533005 toao      20   0   96.5g  46.1g  36.2g S  1881  24.6  54:54.70 nts	1688362476687
533005 toao      20   0   96.5g  46.1g  36.2g S  2169  24.6  55:07.64 nts	1688362477382
533005 toao      20   0   95.5g  46.1g  36.2g S  2394  24.6  55:20.51 nts	1688362478056
533005 toao      20   0   95.6g  46.1g  36.2g S  1756  24.6  55:34.51 nts	1688362478750
533005 toao      20   0   95.8g  46.1g  36.2g S  2269  24.6  55:47.40 nts	1688362479434
533005 toao      20   0   96.1g  46.1g  36.2g S  1900  24.6  55:59.78 nts	1688362480120
533005 toao      20   0   96.1g  46.1g  36.2g S  1969  24.6  56:12.89 nts	1688362480794
533005 toao      20   0   96.1g  46.1g  36.2g S  1619  24.6  56:25.85 nts	1688362481483
533005 toao      20   0   96.1g  46.1g  36.2g S  1888  24.6  56:38.97 nts	1688362482164
533005 toao      20   0   96.2g  46.1g  36.2g S  1682  24.6  56:52.39 nts	1688362482863
533005 toao      20   0   96.1g  46.1g  36.2g S  2050  24.6  57:06.03 nts	1688362483549
533005 toao      20   0   96.2g  46.1g  36.2g S  1850  24.6  57:19.14 nts	1688362484234
533005 toao      20   0   96.2g  46.1g  36.2g S  1906  24.6  57:30.91 nts	1688362484911
533005 toao      20   0   96.2g  46.1g  36.2g S  2062  24.6  57:43.83 nts	1688362485606
533005 toao      20   0   96.1g  46.1g  36.2g S  1638  24.6  57:57.80 nts	1688362486304
533005 toao      20   0   96.2g  46.1g  36.2g S  2012  24.6  58:11.98 nts	1688362486994
533005 toao      20   0   96.1g  46.1g  36.2g S  2231  24.6  58:24.72 nts	1688362487681
533005 toao      20   0   96.2g  46.1g  36.2g S  2131  24.6  58:38.66 nts	1688362488367
533005 toao      20   0   96.2g  46.1g  36.2g S  2000  24.6  58:52.84 nts	1688362489069
533005 toao      20   0   96.2g  46.1g  36.2g S  2262  24.6  59:06.31 nts	1688362489751
533005 toao      20   0   96.2g  46.1g  36.2g S  1738  24.6  59:18.94 nts	1688362490433
533005 toao      20   0  101.9g  46.1g  36.2g S  2194  24.6  59:32.01 nts	1688362491117
533005 toao      20   0  101.9g  46.1g  36.2g S  1562  24.6  59:45.66 nts	1688362491810
533005 toao      20   0  101.9g  46.1g  36.2g S  2031  24.6  59:59.45 nts	1688362492503
533005 toao      20   0  101.9g  46.1g  36.2g S  1688  24.6  60:12.12 nts	1688362493193
533005 toao      20   0  101.9g  46.1g  36.2g S  2056  24.6  60:25.71 nts	1688362493882
533005 toao      20   0  102.2g  46.1g  36.2g S  1818  24.6  60:39.44 nts	1688362494566
533005 toao      20   0  102.6g  46.1g  36.2g S  2019  24.6  60:53.37 nts	1688362495243
533005 toao      20   0  101.4g  46.1g  36.2g S  2031  24.6  61:05.41 nts	1688362495927
533005 toao      20   0  101.2g  46.1g  36.2g S  2031  24.6  61:18.32 nts	1688362496618
533005 toao      20   0  101.4g  46.1g  36.2g S  1725  24.6  61:31.45 nts	1688362497317
533005 toao      20   0  101.4g  46.1g  36.2g S  1894  24.6  61:45.10 nts	1688362497994
533005 toao      20   0  101.4g  46.1g  36.2g S  1935  24.6  61:58.28 nts	1688362498692
533005 toao      20   0  101.4g  46.1g  36.2g S  1712  24.6  62:11.36 nts	1688362499368
533005 toao      20   0  101.4g  46.1g  36.2g S  2025  24.6  62:25.22 nts	1688362500062
533005 toao      20   0  101.5g  46.1g  36.2g S  1812  24.6  62:38.11 nts	1688362500742
533005 toao      20   0  101.5g  46.1g  36.2g S  2094  24.6  62:50.45 nts	1688362501432
533005 toao      20   0  101.6g  46.1g  36.2g S  1894  24.6  63:03.48 nts	1688362502130
533005 toao      20   0  101.6g  46.1g  36.2g S  2044  24.6  63:17.36 nts	1688362502808
533005 toao      20   0  101.6g  46.1g  36.2g S  1818  24.6  63:31.04 nts	1688362503495
533005 toao      20   0  101.6g  46.1g  36.2g S  2438  24.6  63:43.99 nts	1688362504179
533005 toao      20   0  101.6g  46.1g  36.2g S  1956  24.6  63:57.78 nts	1688362504868
533005 toao      20   0  101.6g  46.1g  36.2g S  1931  24.6  64:11.67 nts	1688362505549
533005 toao      20   0  101.6g  46.1g  36.2g S  2062  24.6  64:24.76 nts	1688362506237
533005 toao      20   0  101.6g  46.1g  36.2g S  1688  24.6  64:37.79 nts	1688362506928
533005 toao      20   0  102.7g  46.1g  36.2g S  2238  24.6  64:50.59 nts	1688362507609
533005 toao      20   0  102.7g  46.1g  36.2g S  1575  24.6  65:03.82 nts	1688362508291
533005 toao      20   0  102.8g  46.1g  36.2g S  1912  24.6  65:17.45 nts	1688362508970
533005 toao      20   0  102.8g  46.1g  36.2g S  1700  24.6  65:30.18 nts	1688362509659
533005 toao      20   0  103.3g  46.1g  36.2g S  2194  24.6  65:43.50 nts	1688362510347
533005 toao      20   0  103.4g  46.1g  36.2g S  2000  24.6  65:57.21 nts	1688362511033
533005 toao      20   0  103.4g  46.1g  36.2g S  1844  24.6  66:11.50 nts	1688362511718
533005 toao      20   0  103.6g  46.1g  36.2g S  2059  24.6  66:24.41 nts	1688362512401
533005 toao      20   0  103.7g  46.1g  36.2g S  1838  24.6  66:36.94 nts	1688362513093
533005 toao      20   0  103.6g  46.1g  36.2g S  1712  24.6  66:50.02 nts	1688362513782
533005 toao      20   0  103.6g  46.1g  36.2g S  2000  24.6  67:03.36 nts	1688362514463
533005 toao      20   0  103.6g  46.1g  36.2g S  1988  24.6  67:16.21 nts	1688362515150
533005 toao      20   0  103.6g  46.1g  36.2g S  1594  24.6  67:29.19 nts	1688362515832
533005 toao      20   0  103.6g  46.1g  36.2g S  2075  24.6  67:43.27 nts	1688362516535
533005 toao      20   0  104.1g  46.1g  36.2g S  1441  24.6  67:55.65 nts	1688362517223
533005 toao      20   0  103.6g  46.1g  36.2g S  1876  24.6  68:08.29 nts	1688362517918
533005 toao      20   0  103.6g  46.1g  36.2g S  1850  24.6  68:20.85 nts	1688362518608
533005 toao      20   0  103.6g  46.1g  36.2g S  2147  24.6  68:35.35 nts	1688362519304
533005 toao      20   0  103.6g  46.1g  36.2g S  1665  24.6  68:48.28 nts	1688362519992
533005 toao      20   0  103.6g  46.1g  36.2g S  2125  24.6  69:01.67 nts	1688362520687
533005 toao      20   0  103.6g  46.1g  36.2g S  1906  24.6  69:15.08 nts	1688362521375
533005 toao      20   0  103.6g  46.1g  36.2g S  1418  24.6  69:28.61 nts	1688362522076
533005 toao      20   0  103.6g  46.1g  36.2g S  1562  24.6  69:42.27 nts	1688362522758
533005 toao      20   0  100.9g  46.1g  36.2g S  1653  24.6  69:55.07 nts	1688362523432
533005 toao      20   0  103.6g  46.1g  36.2g S  2431  24.6  70:08.44 nts	1688362524118
533005 toao      20   0  103.6g  46.1g  36.2g S  1912  24.6  70:21.51 nts	1688362524814
533005 toao      20   0  103.6g  46.1g  36.2g S  1950  24.6  70:34.62 nts	1688362525493
533005 toao      20   0  104.1g  46.1g  36.2g S  1619  24.6  70:46.93 nts	1688362526180
533005 toao      20   0  103.6g  46.1g  36.2g S  1829  24.6  71:00.55 nts	1688362526871
533005 toao      20   0  102.9g  46.1g  36.2g S  1876  24.6  71:13.42 nts	1688362527554
533005 toao      20   0  102.9g  46.1g  36.2g S  1676  24.6  71:27.24 nts	1688362528239
533005 toao      20   0  102.9g  46.1g  36.2g S  2050  24.6  71:40.50 nts	1688362528928
533005 toao      20   0  102.9g  46.1g  36.2g S  2169  24.6  71:53.46 nts	1688362529618
533005 toao      20   0  103.2g  46.1g  36.2g S  1569  24.6  72:05.98 nts	1688362530303
533005 toao      20   0  102.9g  46.1g  36.2g S  1906  24.6  72:19.82 nts	1688362530997
533005 toao      20   0  102.9g  46.1g  36.2g S  1871  24.6  72:32.56 nts	1688362531684
533005 toao      20   0  102.9g  46.1g  36.2g S  2031  24.6  72:45.52 nts	1688362532365
533005 toao      20   0  102.9g  46.1g  36.2g S  2356  24.6  72:59.74 nts	1688362533050
533005 toao      20   0  102.9g  46.1g  36.2g S  1594  24.6  73:11.51 nts	1688362533734
533005 toao      20   0  102.9g  46.1g  36.2g S  1919  24.6  73:24.07 nts	1688362534418
533005 toao      20   0  102.9g  46.1g  36.2g S  2075  24.6  73:37.11 nts	1688362535106
533005 toao      20   0  102.9g  46.1g  36.2g S  2065  24.6  73:51.23 nts	1688362535793
533005 toao      20   0  103.0g  46.1g  36.2g S  1762  24.6  74:03.92 nts	1688362536480
533005 toao      20   0  103.0g  46.1g  36.2g S  2112  24.6  74:17.50 nts	1688362537164
533005 toao      20   0  103.5g  46.1g  36.2g S  1994  24.6  74:30.81 nts	1688362537847
533005 toao      20   0  103.5g  46.1g  36.2g S  1600  24.6  74:44.53 nts	1688362538533
533005 toao      20   0  103.0g  46.1g  36.2g S  1662  24.6  74:58.18 nts	1688362539238
533005 toao      20   0  103.3g  46.1g  36.2g S  2000  24.6  75:11.98 nts	1688362539921
533005 toao      20   0  103.7g  46.1g  36.2g S  1781  24.6  75:25.65 nts	1688362540630
533005 toao      20   0  103.7g  46.2g  36.2g S  1841  24.6  75:39.16 nts	1688362541314
533005 toao      20   0  104.1g  46.2g  36.2g S  1488  24.6  75:51.44 nts	1688362541997
533005 toao      20   0  103.7g  46.2g  36.2g S  1659  24.6  76:04.41 nts	1688362542682
533005 toao      20   0  103.7g  46.2g  36.2g S  2112  24.6  76:18.13 nts	1688362543366
533005 toao      20   0  103.7g  46.2g  36.2g S  2344  24.6  76:32.41 nts	1688362544052
533005 toao      20   0  103.7g  46.2g  36.2g S  1575  24.6  76:44.63 nts	1688362544731
533005 toao      20   0  102.7g  46.2g  36.2g S  2012  24.6  76:57.39 nts	1688362545409
533005 toao      20   0  102.7g  46.2g  36.2g S  2176  24.6  77:10.78 nts	1688362546095
533005 toao      20   0  103.0g  46.2g  36.2g S  1700  24.6  77:22.48 nts	1688362546786
533005 toao      20   0  102.8g  46.2g  36.2g S  1962  24.6  77:36.06 nts	1688362547468
533005 toao      20   0  102.8g  46.2g  36.2g S  1800  24.6  77:48.80 nts	1688362548154
533005 toao      20   0  102.8g  46.2g  36.2g S  2419  24.6  78:02.52 nts	1688362548836
533005 toao      20   0  102.8g  46.2g  36.2g S  2088  24.6  78:15.84 nts	1688362549523
533005 toao      20   0  102.8g  46.2g  36.2g S  1500  24.6  78:27.32 nts	1688362550205
533005 toao      20   0  102.8g  46.2g  36.2g S  1950  24.6  78:40.05 nts	1688362550889
533005 toao      20   0  102.8g  46.2g  36.2g S  2194  24.6  78:53.08 nts	1688362551578
533005 toao      20   0  102.8g  46.2g  36.2g S  1747  24.6  79:06.39 nts	1688362552264
533005 toao      20   0  102.9g  46.2g  36.2g S  1919  24.6  79:19.23 nts	1688362552947
533005 toao      20   0  102.9g  46.2g  36.2g S  2344  24.6  79:33.39 nts	1688362553632
533005 toao      20   0  103.0g  46.2g  36.2g S  2059  24.6  79:46.55 nts	1688362554329
533005 toao      20   0  102.9g  46.2g  36.2g S  2250  24.6  80:00.14 nts	1688362554997
533005 toao      20   0  102.9g  46.2g  36.2g S  1612  24.6  80:13.07 nts	1688362555690
533005 toao      20   0  104.1g  46.2g  36.2g S  1962  24.6  80:26.66 nts	1688362556380
533005 toao      20   0  103.6g  46.2g  36.2g S  1894  24.6  80:40.37 nts	1688362557065
533005 toao      20   0  103.6g  46.2g  36.2g S  1900  24.6  80:53.25 nts	1688362557747
533005 toao      20   0  103.6g  46.2g  36.2g S  1850  24.6  81:05.96 nts	1688362558433
533005 toao      20   0  103.6g  46.2g  36.2g S  1562  24.6  81:18.46 nts	1688362559117
533005 toao      20   0  102.3g  46.2g  36.2g S  1835  24.6  81:32.24 nts	1688362559800
533005 toao      20   0  102.5g  46.2g  36.2g S  2356  24.6  81:46.61 nts	1688362560491
533005 toao      20   0  102.7g  46.2g  36.2g S  1575  24.6  81:58.92 nts	1688362561174
533005 toao      20   0  102.9g  46.2g  36.2g S  1841  24.6  82:12.38 nts	1688362561863
533005 toao      20   0  103.0g  46.2g  36.2g S  2187  24.6  82:25.26 nts	1688362562556
533005 toao      20   0  103.0g  46.2g  36.2g S  2062  24.6  82:37.87 nts	1688362563246
533005 toao      20   0  103.5g  46.2g  36.2g S  1782  24.6  82:50.89 nts	1688362563923
533005 toao      20   0  103.1g  46.2g  36.2g S  1994  24.6  83:03.72 nts	1688362564614
533005 toao      20   0  103.1g  46.2g  36.2g S  2138  24.6  83:17.00 nts	1688362565297
533005 toao      20   0  103.1g  46.2g  36.2g S  1975  24.6  83:30.53 nts	1688362565988
533005 toao      20   0  103.1g  46.2g  36.2g S  1725  24.6  83:41.83 nts	1688362566672
533005 toao      20   0  103.1g  46.2g  36.2g S  2031  24.6  83:54.75 nts	1688362567350
533005 toao      20   0  103.1g  46.2g  36.2g S  2206  24.6  84:08.25 nts	1688362568034
533005 toao      20   0  103.1g  46.2g  36.2g S  1919  24.6  84:21.82 nts	1688362568719
533005 toao      20   0  103.1g  46.2g  36.2g S  1600  24.6  84:33.97 nts	1688362569404
533005 toao      20   0  103.1g  46.2g  36.2g S  2006  24.6  84:48.14 nts	1688362570097
533005 toao      20   0  103.1g  46.2g  36.2g S  2025  24.6  85:01.18 nts	1688362570771
533005 toao      20   0  103.1g  46.2g  36.2g S  2050  24.6  85:14.72 nts	1688362571456
533005 toao      20   0  103.1g  46.2g  36.2g S  2056  24.6  85:28.13 nts	1688362572138
533005 toao      20   0  103.4g  46.2g  36.2g S  1894  24.6  85:41.37 nts	1688362572825
533005 toao      20   0  103.6g  46.2g  36.2g S  1938  24.6  85:54.97 nts	1688362573507
533005 toao      20   0  103.6g  46.2g  36.2g S  1956  24.6  86:07.97 nts	1688362574192
533005 toao      20   0  103.6g  46.2g  36.2g S  1794  24.6  86:20.78 nts	1688362574875
533005 toao      20   0  103.6g  46.2g  36.2g S  1856  24.6  86:33.12 nts	1688362575560
533005 toao      20   0  103.6g  46.2g  36.2g S  1962  24.6  86:46.93 nts	1688362576249
533005 toao      20   0  103.6g  46.2g  36.2g S  2075  24.6  87:01.48 nts	1688362576936
533005 toao      20   0  103.6g  46.2g  36.2g S  1475  24.6  87:13.61 nts	1688362577616
533005 toao      20   0  103.6g  46.2g  36.2g S  1581  24.6  87:27.42 nts	1688362578318
533005 toao      20   0  103.6g  46.2g  36.2g S  1571  24.6  87:40.27 nts	1688362579009
533005 toao      20   0  104.1g  46.2g  36.2g S  2106  24.6  87:53.24 nts	1688362579690
533005 toao      20   0  103.6g  46.2g  36.2g S  1544  24.6  88:06.09 nts	1688362580378
533005 toao      20   0  103.6g  46.2g  36.2g S  2212  24.6  88:19.58 nts	1688362581062
533005 toao      20   0  103.6g  46.2g  36.2g S  1988  24.6  88:32.54 nts	1688362581741
533005 toao      20   0  103.6g  46.2g  36.2g S  1869  24.6  88:46.08 nts	1688362582432
533005 toao      20   0  103.6g  46.2g  36.2g S  1641  24.6  88:57.55 nts	1688362583115
533005 toao      20   0  103.6g  46.2g  36.2g S  1894  24.6  89:10.26 nts	1688362583797
533005 toao      20   0  103.6g  46.2g  36.2g S  2224  24.6  89:23.97 nts	1688362584500
533005 toao      20   0  103.6g  46.2g  36.2g S  1975  24.6  89:37.31 nts	1688362585177
533005 toao      20   0  103.6g  46.2g  36.2g S  1612  24.6  89:49.40 nts	1688362585859
533005 toao      20   0  103.6g  46.2g  36.2g S  1659  24.6  90:03.59 nts	1688362586542
533005 toao      20   0  103.6g  46.2g  36.2g S  1875  24.6  90:16.99 nts	1688362587237
533005 toao      20   0  103.6g  46.2g  36.2g S  1638  24.6  90:29.93 nts	1688362587915
533005 toao      20   0  103.6g  46.2g  36.2g S  2024  24.6  90:43.63 nts	1688362588610
533005 toao      20   0  103.6g  46.2g  36.2g S  1444  24.6  90:56.04 nts	1688362589303
533005 toao      20   0  103.6g  46.2g  36.2g S  2038  24.6  91:10.41 nts	1688362589992
533005 toao      20   0  103.6g  46.2g  36.2g S  1756  24.6  91:22.79 nts	1688362590678
533005 toao      20   0  103.6g  46.2g  36.2g S  2188  24.6  91:35.74 nts	1688362591357
533005 toao      20   0  103.6g  46.2g  36.2g S  1894  24.6  91:48.09 nts	1688362592044
533005 toao      20   0  103.6g  46.2g  36.2g S  1775  24.6  92:01.26 nts	1688362592734
533005 toao      20   0  103.6g  46.2g  36.2g S  1956  24.6  92:15.96 nts	1688362593426
533005 toao      20   0  104.1g  46.2g  36.2g S  1600  24.6  92:28.15 nts	1688362594118
533005 toao      20   0  103.6g  46.2g  36.2g S  1456  24.6  92:40.70 nts	1688362594799
533005 toao      20   0  103.6g  46.2g  36.2g S  1556  24.6  92:54.48 nts	1688362595495
533005 toao      20   0  103.6g  46.2g  36.2g S  1882  24.6  93:08.08 nts	1688362596192
533005 toao      20   0  103.6g  46.2g  36.2g S  1881  24.6  93:20.92 nts	1688362596881
533005 toao      20   0  103.6g  46.2g  36.2g S  1838  24.6  93:34.34 nts	1688362597572
533005 toao      20   0  103.6g  46.2g  36.2g S  1906  24.6  93:47.34 nts	1688362598252
533005 toao      20   0  103.6g  46.2g  36.2g S  1706  24.6  94:00.61 nts	1688362598936
533005 toao      20   0  103.6g  46.2g  36.2g S  1856  24.6  94:12.36 nts	1688362599622
533005 toao      20   0  104.1g  46.2g  36.2g S  1665  24.6  94:25.07 nts	1688362600305
533005 toao      20   0  103.6g  46.2g  36.2g S  1594  24.6  94:39.01 nts	1688362600992
533005 toao      20   0  103.6g  46.2g  36.2g S  1956  24.6  94:52.85 nts	1688362601679
533005 toao      20   0  103.6g  46.2g  36.2g S  1988  24.6  95:05.23 nts	1688362602359
533005 toao      20   0  103.6g  46.2g  36.2g S  1925  24.6  95:19.81 nts	1688362603052
533005 toao      20   0  103.6g  46.2g  36.2g S  2431  24.6  95:34.23 nts	1688362603741
533005 toao      20   0  103.6g  46.2g  36.2g S  2294  24.6  95:47.56 nts	1688362604434
533005 toao      20   0  103.6g  46.2g  36.2g S  1888  24.6  96:00.62 nts	1688362605130
533005 toao      20   0  102.8g  46.2g  36.2g S  2025  24.6  96:12.88 nts	1688362605806
533005 toao      20   0  102.9g  46.2g  36.2g S  1494  24.6  96:26.70 nts	1688362606502
533005 toao      20   0  102.9g  46.2g  36.2g S  2188  24.6  96:40.05 nts	1688362607178
533005 toao      20   0  102.9g  46.2g  36.2g S  1694  24.6  96:52.87 nts	1688362607877
533005 toao      20   0  102.9g  46.2g  36.2g S  2012  24.6  97:05.64 nts	1688362608553
533005 toao      20   0  103.1g  46.2g  36.2g S  2350  24.6  97:19.50 nts	1688362609232
533005 toao      20   0  103.1g  46.2g  36.2g S  1712  24.6  97:33.64 nts	1688362609922
533005 toao      20   0  103.3g  46.2g  36.2g S  2300  24.6  97:46.43 nts	1688362610614
533005 toao      20   0  103.3g  46.2g  36.2g S  1938  24.6  97:58.89 nts	1688362611294
533005 toao      20   0  103.3g  46.2g  36.2g S  1982  24.6  98:12.26 nts	1688362611974
533005 toao      20   0  103.3g  46.2g  36.2g S  1619  24.6  98:24.82 nts	1688362612658
533005 toao      20   0  103.3g  46.2g  36.2g S  1835  24.6  98:37.67 nts	1688362613344
533005 toao      20   0  103.3g  46.2g  36.2g S  1571  24.6  98:51.22 nts	1688362614048
533005 toao      20   0  103.3g  46.2g  36.2g S  2000  24.6  99:04.79 nts	1688362614734
533005 toao      20   0  103.3g  46.2g  36.2g S  2019  24.6  99:17.80 nts	1688362615414
533005 toao      20   0  103.3g  46.2g  36.2g S  1947  24.6  99:29.86 nts	1688362616095
533005 toao      20   0  103.3g  46.2g  36.2g S  2362  24.6  99:42.75 nts	1688362616780
533005 toao      20   0  103.3g  46.2g  36.2g S  1988  24.6  99:56.23 nts	1688362617466
533005 toao      20   0  103.3g  46.2g  36.2g S  1962  24.6 100:10.04 nts	1688362618157
533005 toao      20   0  103.3g  46.2g  36.2g S  2024  24.6 100:23.00 nts	1688362618854
533005 toao      20   0  103.3g  46.2g  36.2g S  2056  24.6 100:36.70 nts	1688362619528
533005 toao      20   0  103.3g  46.2g  36.2g S  1625  24.6 100:50.43 nts	1688362620223
533005 toao      20   0  103.3g  46.2g  36.2g S  2175  24.6 101:04.39 nts	1688362620903
533005 toao      20   0  103.3g  46.2g  36.2g S  1956  24.6 101:17.64 nts	1688362621596
533005 toao      20   0  103.6g  46.2g  36.2g S  2271  24.6 101:31.25 nts	1688362622284
533005 toao      20   0  103.6g  46.2g  36.2g S  1931  24.6 101:44.37 nts	1688362622969
533005 toao      20   0  103.6g  46.2g  36.2g S  1825  24.6 101:57.85 nts	1688362623662
533005 toao      20   0  103.6g  46.2g  36.2g S  1888  24.6 102:10.37 nts	1688362624349
533005 toao      20   0  103.6g  46.2g  36.2g S  2069  24.6 102:23.33 nts	1688362625041
533005 toao      20   0  103.6g  46.2g  36.2g S  1931  24.6 102:36.88 nts	1688362625721
533005 toao      20   0  103.6g  46.2g  36.2g S  1841  24.6 102:50.68 nts	1688362626404
533005 toao      20   0  103.6g  46.2g  36.2g S  1869  24.6 103:03.65 nts	1688362627096
533005 toao      20   0  103.6g  46.2g  36.2g S  1931  24.6 103:16.50 nts	1688362627781
533005 toao      20   0  103.6g  46.2g  36.2g S  1671  24.6 103:29.35 nts	1688362628464
533005 toao      20   0  103.6g  46.2g  36.2g S  1956  24.6 103:42.29 nts	1688362629150
533005 toao      20   0  103.6g  46.2g  36.2g S  1994  24.6 103:55.10 nts	1688362629843
533005 toao      20   0  103.6g  46.2g  36.2g S  1859  24.6 104:08.04 nts	1688362630524
533005 toao      20   0  104.1g  46.2g  36.2g S  2106  24.6 104:22.02 nts	1688362631210
533005 toao      20   0  103.6g  46.2g  36.2g S  1688  24.6 104:34.73 nts	1688362631898
533005 toao      20   0  103.6g  46.2g  36.2g S  1956  24.6 104:46.71 nts	1688362632586
533005 toao      20   0  103.6g  46.2g  36.2g S  1806  24.6 104:59.62 nts	1688362633276
533005 toao      20   0  103.6g  46.2g  36.2g S  1859  24.6 105:13.37 nts	1688362633973
533005 toao      20   0  103.6g  46.2g  36.2g S  1824  24.6 105:26.59 nts	1688362634644
533005 toao      20   0  103.6g  46.2g  36.2g S  2238  24.6 105:39.81 nts	1688362635330
533005 toao      20   0  103.6g  46.2g  36.2g S  1950  24.6 105:53.50 nts	1688362636010
533005 toao      20   0  103.6g  46.2g  36.2g S  1482  24.6 106:07.18 nts	1688362636693
533005 toao      20   0  103.6g  46.2g  36.2g S  2062  24.6 106:20.94 nts	1688362637381
533005 toao      20   0  101.8g  46.2g  36.2g S  1524  24.6 106:33.72 nts	1688362638066
533005 toao      20   0       0      0      0 Z 100.0   0.0 106:34.42 nts	1688362638746
533005 toao      20   0       0      0      0 Z 100.0   0.0 106:35.11 nts	1688362639435
533005 toao      20   0       0      0      0 Z 100.0   0.0 106:35.79 nts	1688362640122
533005 toao      20   0       0      0      0 Z 100.0   0.0 106:36.42 nts	1688362640809
533005 toao      20   0       0      0      0 Z 100.0   0.0 106:37.10 nts	1688362641496
533005 toao      20   0       0      0      0 Z 100.0   0.0 106:37.78 nts	1688362642183
533005 toao      20   0       0      0      0 Z 100.0   0.0 106:38.46 nts	1688362642868
533005 toao      20   0       0      0      0 Z  94.1   0.0 106:39.15 nts	1688362643555
