1152693 toao      20   0 2489328 104508  70392 R  94.4   0.1   0:00.19 nts	1693204124962
1152693 toao      20   0 8389884 237592 118488 R  7372   0.2   0:29.73 nts	1693204125695
1152693 toao      20   0 8621156 366868 118740 S 593.8   0.3   0:58.10 nts	1693204126387
1152693 toao      20   0 8621156 390892 118740 R 194.1   0.3   0:59.48 nts	1693204127078
1152693 toao      20   0 8621156 390892 118740 R 205.9   0.3   1:00.88 nts	1693204127778
1152693 toao      20   0 8621156 390892 118740 R 205.9   0.3   1:02.28 nts	1693204128484
1152693 toao      20   0 8621156 390892 118740 R 200.0   0.3   1:03.66 nts	1693204129189
1152693 toao      20   0 8621156 390892 118740 R 200.0   0.3   1:05.06 nts	1693204129892
1152693 toao      20   0 8621156 415972 118740 R 200.0   0.3   1:06.46 nts	1693204130596
1152693 toao      20   0 8621156 415972 118740 R 194.1   0.3   1:07.85 nts	1693204131304
1152693 toao      20   0 8621156 417820 118740 R 200.0   0.3   1:09.24 nts	1693204132006
1152693 toao      20   0 8621156 427852 118740 R 200.0   0.3   1:10.65 nts	1693204132707
1152693 toao      20   0 8621156 439732 118740 R 200.0   0.3   1:12.04 nts	1693204133415
1152693 toao      20   0 8621156 448972 118740 R 194.1   0.3   1:13.43 nts	1693204134115
1152693 toao      20   0    9.9g 994108 118800 R 982.4   0.8   1:16.54 nts	1693204134819
1152693 toao      20   0    9.9g   1.0g 118800 R  1300   0.8   1:23.71 nts	1693204135523
1152693 toao      20   0    9.9g   1.0g 118800 S  1100   0.8   1:31.45 nts	1693204136227
1152693 toao      20   0    9.9g   1.0g 118800 R  1400   0.8   1:39.46 nts	1693204136932
1152693 toao      20   0    9.9g   1.2g 118800 R  1306   1.0   1:48.99 nts	1693204137635
1152693 toao      20   0    9.9g   1.3g 118800 R  1559   1.0   1:59.22 nts	1693204138342
1152693 toao      20   0    9.9g   1.4g 118800 R  1382   1.1   2:08.72 nts	1693204139046
1152693 toao      20   0    9.9g   1.4g 118800 R  1306   1.1   2:18.08 nts	1693204139754
1152693 toao      20   0   14.1g   1.4g 118940 R 200.0   1.1   2:21.03 nts	1693204140463
1152693 toao      20   0   14.1g   1.5g 118940 R 200.0   1.2   2:22.41 nts	1693204141172
1152693 toao      20   0   14.1g   1.5g 118940 R 194.1   1.2   2:23.78 nts	1693204141879
1152693 toao      20   0   14.1g   1.5g 118940 R 188.2   1.2   2:25.14 nts	1693204142585
1152693 toao      20   0   14.1g   1.5g 118940 R 194.1   1.2   2:26.50 nts	1693204143289
1152693 toao      20   0   14.1g   1.5g 118940 R 194.1   1.2   2:27.88 nts	1693204143993
1152693 toao      20   0   14.1g   1.5g 118940 R 200.0   1.2   2:29.24 nts	1693204144702
1152693 toao      20   0   14.1g   1.5g 118940 R 188.2   1.2   2:30.61 nts	1693204145406
1152693 toao      20   0   15.7g   1.7g 118940 R 664.7   1.3   2:33.09 nts	1693204146110
1152693 toao      20   0   15.7g   1.8g 118940 R  2276   1.4   2:40.42 nts	1693204146815
1152693 toao      20   0   15.7g   1.9g 118940 R  1582   1.5   2:53.95 nts	1693204147521
1152693 toao      20   0   15.7g   2.0g 118940 S 900.0   1.6   3:03.37 nts	1693204148223
1152693 toao      20   0   15.7g   2.1g 118940 R 688.2   1.7   3:08.31 nts	1693204148927
1152693 toao      20   0   15.7g   2.2g 118940 R 583.3   1.8   3:12.89 nts	1693204149631
1152693 toao      20   0   15.7g   2.3g 118940 R 464.7   1.8   3:16.90 nts	1693204150338
1152693 toao      20   0   15.7g   2.4g 118940 R 464.7   1.9   3:20.47 nts	1693204151046
1152693 toao      20   0   15.7g   2.5g 118940 R 464.7   2.0   3:24.17 nts	1693204151758
1152693 toao      20   0   19.7g   2.5g 118940 R 100.0   2.0   3:25.67 nts	1693204152466
1152693 toao      20   0   19.9g   2.6g 118940 R 100.0   2.1   3:28.02 nts	1693204153175
1152693 toao      20   0   19.9g   2.6g 118940 R 100.0   2.1   3:28.73 nts	1693204153881
1152693 toao      20   0   19.9g   2.6g 118940 R 105.9   2.1   3:29.43 nts	1693204154590
1152693 toao      20   0   19.9g   2.6g 118940 R 100.0   2.1   3:30.13 nts	1693204155294
1152693 toao      20   0   19.9g   2.6g 118940 R 100.0   2.1   3:30.83 nts	1693204156000
1152693 toao      20   0   19.9g   2.6g 118940 R 100.0   2.1   3:31.54 nts	1693204156702
1152693 toao      20   0   19.9g   2.6g 118940 R 100.0   2.1   3:32.23 nts	1693204157407
1152693 toao      20   0   19.9g   2.6g 118940 R  94.1   2.1   3:32.93 nts	1693204158107
1152693 toao      20   0   19.9g   2.6g 118940 R 100.0   2.1   3:33.64 nts	1693204158805
1152693 toao      20   0   20.8g   3.1g 118940 R 100.0   2.4   3:34.34 nts	1693204159511
1152693 toao      20   0   20.8g   3.2g 118940 R 105.9   2.5   3:35.05 nts	1693204160210
1152693 toao      20   0   20.8g   3.2g 118940 R 105.9   2.5   3:35.75 nts	1693204160911
1152693 toao      20   0   20.8g   3.2g 118940 R  94.1   2.5   3:36.44 nts	1693204161610
1152693 toao      20   0   20.8g   3.2g 118940 R 100.0   2.5   3:37.14 nts	1693204162311
1152693 toao      20   0   20.8g   3.2g 118940 R 100.0   2.5   3:37.84 nts	1693204163011
1152693 toao      20   0   20.8g   3.2g 118940 R  94.1   2.5   3:38.54 nts	1693204163711
1152693 toao      20   0   20.8g   3.2g 118940 R  94.1   2.5   3:39.23 nts	1693204164411
1152693 toao      20   0   20.8g   3.2g 118940 R  94.1   2.5   3:39.94 nts	1693204165111
1152693 toao      20   0   20.8g   3.2g 118940 R 100.0   2.5   3:40.65 nts	1693204165815
1152693 toao      20   0   20.8g   3.2g 118940 R  94.1   2.5   3:41.34 nts	1693204166515
1152693 toao      20   0   20.8g   3.2g 118940 R 100.0   2.5   3:42.05 nts	1693204167219
1152693 toao      20   0   20.8g   3.2g 118940 R 100.0   2.5   3:42.75 nts	1693204167919
1152693 toao      20   0   20.8g   3.2g 118940 R 100.0   2.5   3:43.44 nts	1693204168620
1152693 toao      20   0   20.8g   3.2g 118940 R 100.0   2.5   3:44.15 nts	1693204169319
1152693 toao      20   0   20.8g   3.4g 118940 R 106.2   2.7   3:44.85 nts	1693204170023
1152693 toao      20   0   20.8g   3.4g 118940 R 100.0   2.7   3:45.55 nts	1693204170724
1152693 toao      20   0   20.8g   3.4g 118940 R 100.0   2.7   3:46.26 nts	1693204171427
1152693 toao      20   0   20.8g   3.4g 118940 R 100.0   2.7   3:46.96 nts	1693204172131
1152693 toao      20   0   20.8g   3.4g 118940 R 105.9   2.7   3:47.66 nts	1693204172831
1152693 toao      20   0   20.8g   3.5g 118940 R 100.0   2.8   3:48.36 nts	1693204173531
1152693 toao      20   0   20.8g   3.5g 118940 R 100.0   2.8   3:49.06 nts	1693204174230
1152693 toao      20   0   20.8g   3.5g 118940 R 105.9   2.8   3:49.76 nts	1693204174930
1152693 toao      20   0   20.8g   3.5g 118940 R 100.0   2.8   3:50.46 nts	1693204175630
1152693 toao      20   0   20.8g   3.5g 118940 R 100.0   2.8   3:51.16 nts	1693204176331
1152693 toao      20   0   20.8g   3.6g 118940 R 105.9   2.8   3:51.86 nts	1693204177031
1152693 toao      20   0   20.8g   3.6g 118940 R 100.0   2.9   3:52.56 nts	1693204177734
1152693 toao      20   0   20.8g   3.6g 118940 R  94.1   2.9   3:53.26 nts	1693204178439
1152693 toao      20   0   20.8g   3.6g 118940 R 100.0   2.9   3:53.97 nts	1693204179140
1152693 toao      20   0   29.8g   3.8g 218104 R 100.0   3.0   3:55.79 nts	1693204179840
1152693 toao      20   0   30.7g   4.6g 345144 R 100.0   3.7   3:56.49 nts	1693204180540
1152693 toao      20   0   31.6g   5.4g 478416 R 106.2   4.3   3:57.19 nts	1693204181243
1152693 toao      20   0   33.1g   6.7g 532804 R 100.0   5.3   3:57.89 nts	1693204181944
1152693 toao      20   0   33.1g   6.7g 532804 R 100.0   5.4   3:58.60 nts	1693204182646
1152693 toao      20   0   33.1g   6.7g 532804 R 100.0   5.4   3:59.30 nts	1693204183351
1152693 toao      20   0   44.3g   7.4g   1.1g R 105.9   5.9   4:00.01 nts	1693204184055
1152693 toao      20   0   44.3g   9.6g   3.4g R  94.1   7.7   4:00.70 nts	1693204184759
1152693 toao      20   0   44.3g  11.9g   5.6g R 100.0   9.5   4:01.40 nts	1693204185458
1152693 toao      20   0   44.3g  14.2g   7.9g R 100.0  11.3   4:02.11 nts	1693204186158
1152693 toao      20   0   44.3g  16.4g  10.2g R 100.0  13.1   4:02.80 nts	1693204186859
1152693 toao      20   0   44.3g  17.9g  11.7g R 100.0  14.3   4:03.51 nts	1693204187560
1152693 toao      20   0   44.4g  17.9g  11.7g R 100.0  14.3   4:04.20 nts	1693204188260
1152693 toao      20   0   44.4g  17.9g  11.7g R 100.0  14.3   4:04.91 nts	1693204188963
1152693 toao      20   0   44.4g  17.9g  11.7g R 100.0  14.3   4:05.61 nts	1693204189666
1152693 toao      20   0   44.4g  17.9g  11.7g R 100.0  14.3   4:06.31 nts	1693204190366
1152693 toao      20   0   44.4g  17.9g  11.7g R  94.1  14.3   4:07.01 nts	1693204191070
1152693 toao      20   0   44.4g  17.9g  11.7g R 100.0  14.3   4:07.71 nts	1693204191771
1152693 toao      20   0   44.4g  17.9g  11.7g R  94.4  14.3   4:08.41 nts	1693204192472
1152693 toao      20   0   44.4g  17.9g  11.7g R 100.0  14.3   4:09.12 nts	1693204193175
1152693 toao      20   0   44.4g  17.9g  11.7g R 100.0  14.3   4:09.82 nts	1693204193878
1152693 toao      20   0   44.4g  17.9g  11.7g R 100.0  14.3   4:10.52 nts	1693204194580
1152693 toao      20   0   44.4g  17.9g  11.7g R 112.5  14.3   4:11.23 nts	1693204195283
1152693 toao      20   0   44.4g  17.9g  11.7g R 105.9  14.3   4:11.93 nts	1693204195981
1152693 toao      20   0   44.4g  17.9g  11.7g R 106.2  14.3   4:12.63 nts	1693204196683
1152693 toao      20   0   44.4g  17.9g  11.7g R  94.4  14.3   4:13.33 nts	1693204197382
1152693 toao      20   0   44.4g  17.9g  11.7g R 100.0  14.3   4:14.03 nts	1693204198086
1152693 toao      20   0   44.4g  17.9g  11.7g R 100.0  14.3   4:14.73 nts	1693204198786
1152693 toao      20   0   44.4g  18.0g  11.7g R 100.0  14.3   4:15.44 nts	1693204199493
1152693 toao      20   0   44.4g  18.0g  11.7g R 100.0  14.3   4:16.14 nts	1693204200199
1152693 toao      20   0   44.4g  18.0g  11.7g R 100.0  14.3   4:16.85 nts	1693204200902
1152693 toao      20   0   44.4g  18.0g  11.7g R 100.0  14.3   4:17.55 nts	1693204201606
1152693 toao      20   0   44.4g  18.0g  11.7g R 100.0  14.3   4:18.25 nts	1693204202306
1152693 toao      20   0   44.2g  18.0g  11.7g R 100.0  14.4   4:19.53 nts	1693204203006
1152693 toao      20   0   44.3g  18.1g  11.7g S 168.8  14.4   4:21.76 nts	1693204203714
1152693 toao      20   0   44.3g  18.1g  11.7g S 105.9  14.4   4:22.47 nts	1693204204415
1152693 toao      20   0   44.4g  18.2g  11.7g R 356.2  14.5   4:23.57 nts	1693204205124
1152693 toao      20   0   44.5g  18.2g  11.7g R  3494  14.5   4:40.68 nts	1693204205824
1152693 toao      20   0   44.5g  18.2g  11.7g S 768.8  14.5   4:52.00 nts	1693204206524
1152693 toao      20   0   44.5g  18.2g  11.7g S 100.0  14.5   4:52.90 nts	1693204207226
1152693 toao      20   0   44.6g  18.2g  11.7g R 417.6  14.5   4:54.15 nts	1693204207928
1152693 toao      20   0   44.5g  18.2g  11.7g R 217.6  14.5   5:05.13 nts	1693204208631
1152693 toao      20   0   44.5g  18.2g  11.7g S 100.0  14.5   5:05.86 nts	1693204209331
1152693 toao      20   0   44.6g  18.2g  11.7g R  3672  14.5   5:13.57 nts	1693204210031
1152693 toao      20   0   44.5g  18.2g  11.7g S 100.0  14.5   5:17.62 nts	1693204210736
1152693 toao      20   0   44.6g  18.2g  11.7g R 417.6  14.5   5:18.86 nts	1693204211435
1152693 toao      20   0   44.5g  18.2g  11.7g R  3606  14.5   5:34.68 nts	1693204212139
1152693 toao      20   0   44.6g  18.2g  11.7g R  3688  14.5   5:49.80 nts	1693204212837
1152693 toao      20   0   44.6g  18.2g  11.7g R  3424  14.5   6:04.79 nts	1693204213540
1152693 toao      20   0   44.5g  18.2g  11.7g S 747.1  14.5   6:10.40 nts	1693204214242
1152693 toao      20   0   44.5g  18.2g  11.7g S 100.0  14.5   6:11.31 nts	1693204214943
1152693 toao      20   0   44.6g  18.2g  11.7g R  3894  14.5   6:18.88 nts	1693204215642
1152693 toao      20   0   44.5g  18.2g  11.7g S 100.0  14.5   6:22.87 nts	1693204216356
1152693 toao      20   0   44.6g  18.2g  11.7g R  3747  14.5   6:30.16 nts	1693204217059
1152693 toao      20   0   44.6g  18.2g  11.7g R  2494  14.5   6:44.16 nts	1693204217759
1152693 toao      20   0   44.6g  18.2g  11.7g R  2206  14.5   6:58.41 nts	1693204218459
1152693 toao      20   0   44.5g  18.2g  11.7g S 264.7  14.5   7:09.88 nts	1693204219158
1152693 toao      20   0   44.5g  18.2g  11.7g S 100.0  14.5   7:10.59 nts	1693204219869
1152693 toao      20   0   44.5g  18.2g  11.7g R  3253  14.5   7:19.11 nts	1693204220574
1152693 toao      20   0   44.5g  18.2g  11.7g R  3165  14.5   7:33.50 nts	1693204221275
1152693 toao      20   0   44.5g  18.2g  11.7g S 117.6  14.5   7:42.32 nts	1693204221979
1152693 toao      20   0   44.5g  18.2g  11.7g S 105.9  14.5   7:43.02 nts	1693204222679
1152693 toao      20   0   44.6g  18.2g  11.7g R  1941  14.5   7:52.42 nts	1693204223380
1152693 toao      20   0   44.5g  18.2g  11.7g S 106.2  14.5   8:00.72 nts	1693204224084
1152693 toao      20   0   44.6g  18.2g  11.7g R 323.5  14.5   8:01.80 nts	1693204224782
1152693 toao      20   0   44.5g  18.2g  11.7g R  2547  14.5   8:17.92 nts	1693204225486
1152693 toao      20   0   44.5g  18.2g  11.7g S 100.0  14.5   8:19.33 nts	1693204226187
1152693 toao      20   0   44.6g  18.2g  11.7g R 394.1  14.5   8:20.53 nts	1693204226887
1152693 toao      20   0   44.5g  18.2g  11.7g S 100.0  14.5   8:29.39 nts	1693204227589
1152693 toao      20   0   44.5g  18.2g  11.7g R  1028  14.5   8:39.11 nts	1693204228291
1152693 toao      20   0   44.5g  18.2g  11.7g S 100.0  14.5   8:41.14 nts	1693204228999
1152693 toao      20   0   44.6g  18.2g  11.7g R 417.6  14.5   8:42.38 nts	1693204229700
1152693 toao      20   0   44.5g  18.2g  11.7g S  94.1  14.5   8:51.92 nts	1693204230399
1152693 toao      20   0   44.6g  18.2g  11.7g R 317.6  14.5   8:53.00 nts	1693204231100
1152693 toao      20   0   44.5g  18.2g  11.7g S  2931  14.5   9:08.25 nts	1693204231802
1152693 toao      20   0   44.5g  18.2g  11.7g S 112.5  14.5   9:10.79 nts	1693204232504
1152693 toao      20   0   44.6g  18.2g  11.7g R 356.2  14.5   9:11.88 nts	1693204233204
1152693 toao      20   0   44.5g  18.2g  11.7g S 105.9  14.5   9:21.61 nts	1693204233903
1152693 toao      20   0   44.5g  18.2g  11.7g S 100.0  14.5   9:22.31 nts	1693204234607
1152693 toao      20   0   44.6g  18.2g  11.7g R  2853  14.5   9:31.32 nts	1693204235310
1152693 toao      20   0   44.6g  18.2g  11.7g R  2841  14.5   9:45.79 nts	1693204236012
1152693 toao      20   0   44.6g  18.2g  11.7g R  2906  14.5  10:00.44 nts	1693204236712
1152693 toao      20   0   44.6g  18.2g  11.7g R  2224  14.5  10:14.32 nts	1693204237415
1152693 toao      20   0   44.5g  18.2g  11.7g S 100.0  14.5  10:22.67 nts	1693204238115
1152693 toao      20   0   44.5g  18.2g  11.7g S 100.0  14.5  10:23.38 nts	1693204238818
1152693 toao      20   0   44.6g  18.2g  11.7g R  1076  14.5  10:34.65 nts	1693204239523
1152693 toao      20   0   44.6g  18.2g  11.7g R  1288  14.5  10:49.57 nts	1693204240227
1152693 toao      20   0   44.5g  18.2g  11.7g S 100.0  14.5  10:55.53 nts	1693204240931
1152693 toao      20   0   44.5g  18.2g  11.7g S 106.2  14.5  10:56.23 nts	1693204241634
1152693 toao      20   0   44.5g  18.2g  11.7g R  3506  14.5  11:11.29 nts	1693204242335
1152693 toao      20   0   44.5g  18.2g  11.7g S 105.9  14.5  11:13.52 nts	1693204243049
1152693 toao      20   0   44.6g  18.2g  11.7g R 988.2  14.5  11:15.97 nts	1693204243750
1152693 toao      20   0   44.5g  18.2g  11.7g S 100.0  14.5  11:24.74 nts	1693204244457
1152693 toao      20   0   44.5g  18.2g  11.7g S  94.1  14.5  11:25.44 nts	1693204245158
1152693 toao      20   0   44.6g  18.2g  11.7g R 829.4  14.5  11:35.18 nts	1693204245859
1152693 toao      20   0   44.5g  18.2g  11.7g S 100.0  14.5  11:43.65 nts	1693204246560
1152693 toao      20   0   44.5g  18.2g  11.7g S 100.0  14.5  11:44.35 nts	1693204247259
1152693 toao      20   0   44.5g  18.2g  11.7g R  1165  14.5  11:54.21 nts	1693204247958
1152693 toao      20   0   44.5g  18.2g  11.7g S 100.0  14.5  11:55.00 nts	1693204248661
1152693 toao      20   0   44.5g  18.2g  11.7g R  3682  14.5  12:03.57 nts	1693204249358
1152693 toao      20   0   44.5g  18.2g  11.7g R  3488  14.5  12:17.77 nts	1693204250059
1152693 toao      20   0   44.5g  18.2g  11.7g S 147.1  14.5  12:27.01 nts	1693204250759
1152693 toao      20   0   44.5g  18.2g  11.7g S 100.0  14.5  12:27.71 nts	1693204251459
1152693 toao      20   0   44.5g  18.2g  11.7g S  3394  14.5  12:36.70 nts	1693204252163
1152693 toao      20   0   44.5g  18.2g  11.7g S  2875  14.5  12:50.45 nts	1693204252863
1152693 toao      20   0   44.5g  18.2g  11.7g S 100.0  14.5  12:52.89 nts	1693204253564
1152693 toao      20   0   44.6g  18.2g  11.7g R 382.4  14.5  12:54.08 nts	1693204254267
1152693 toao      20   0   44.5g  18.2g  11.7g S 100.0  14.5  13:03.53 nts	1693204254971
1152693 toao      20   0   44.6g  18.2g  11.7g R 400.0  14.5  13:04.74 nts	1693204255675
1152693 toao      20   0   44.5g  18.2g  11.7g R  3271  14.5  13:19.75 nts	1693204256375
1152693 toao      20   0   44.5g  18.2g  11.7g S 100.0  14.5  13:27.88 nts	1693204257076
1152693 toao      20   0   44.6g  18.2g  11.7g R 335.3  14.5  13:28.98 nts	1693204257776
1152693 toao      20   0   44.6g  18.2g  11.7g R  2929  14.5  13:44.19 nts	1693204258476
1152693 toao      20   0   44.5g  18.2g  11.7g S  2494  14.5  13:57.74 nts	1693204259175
1152693 toao      20   0   44.5g  18.2g  11.7g S 100.0  14.5  13:58.44 nts	1693204259876
1152693 toao      20   0   44.5g  18.2g  11.7g S 100.0  14.5  14:03.39 nts	1693204260579
1152693 toao      20   0   44.5g  18.2g  11.7g S 100.0  14.5  14:04.09 nts	1693204261278
1152693 toao      20   0   44.6g  18.2g  11.7g R 682.4  14.5  14:14.70 nts	1693204261979
1152693 toao      20   0   44.6g  18.2g  11.7g R 662.5  14.5  14:28.85 nts	1693204262682
1152693 toao      20   0   44.5g  18.2g  11.7g S 100.0  14.5  14:37.70 nts	1693204263382
1152693 toao      20   0   44.5g  18.2g  11.7g S 105.9  14.5  14:38.41 nts	1693204264086
1152693 toao      20   0   44.5g  18.2g  11.7g R  1118  14.5  14:48.81 nts	1693204264787
1152693 toao      20   0   44.5g  18.2g  11.7g S  94.1  14.5  14:50.03 nts	1693204265488
1152693 toao      20   0   44.6g  18.2g  11.7g R 635.3  14.5  14:51.65 nts	1693204266188
1152693 toao      20   0   44.5g  18.2g  11.7g S 100.0  14.5  15:00.40 nts	1693204266887
1152693 toao      20   0   44.6g  18.2g  11.7g R  1576  14.5  15:03.94 nts	1693204267588
1152693 toao      20   0   44.5g  18.2g  11.7g S 105.9  14.5  15:11.76 nts	1693204268290
1152693 toao      20   0   44.5g  18.2g  11.7g S 112.5  14.5  15:12.46 nts	1693204268992
1152693 toao      20   0   44.6g  18.2g  11.7g R 947.1  14.5  15:22.66 nts	1693204269691
1152693 toao      20   0   44.5g  18.2g  11.7g S 858.8  14.5  15:36.48 nts	1693204270392
1152693 toao      20   0   44.5g  18.2g  11.7g S  94.1  14.5  15:37.20 nts	1693204271095
1152693 toao      20   0   44.6g  18.2g  11.7g R  3312  14.5  15:43.77 nts	1693204271795
1152693 toao      20   0   44.5g  18.2g  11.7g S 282.4  14.5  15:54.79 nts	1693204272500
1152693 toao      20   0   44.5g  18.2g  11.7g S 100.0  14.5  15:55.49 nts	1693204273205
1152693 toao      20   0   44.5g  18.2g  11.7g R  3662  14.5  16:03.94 nts	1693204273905
1152693 toao      20   0   44.5g  18.2g  11.7g R  3169  14.5  16:17.88 nts	1693204274603
1152693 toao      20   0   44.5g  18.2g  11.7g S 864.7  14.5  16:27.85 nts	1693204275304
1152693 toao      20   0   44.5g  18.2g  11.7g S 100.0  14.5  16:28.66 nts	1693204276006
1152693 toao      20   0   44.6g  18.2g  11.7g R  2165  14.5  16:33.40 nts	1693204276707
1152693 toao      20   0   44.6g  18.2g  11.7g R  1471  14.5  16:47.86 nts	1693204277407
1152693 toao      20   0   44.6g  18.2g  11.7g R  1900  14.5  17:02.83 nts	1693204278110
1152693 toao      20   0   44.6g  18.2g  11.7g R  1982  14.5  17:16.95 nts	1693204278818
1152693 toao      20   0   44.5g  18.2g  11.7g S  94.1  14.5  17:23.32 nts	1693204279519
1152693 toao      20   0   44.5g  18.2g  11.7g S 100.0  14.5  17:24.03 nts	1693204280223
1152693 toao      20   0   44.5g  18.2g  11.7g S 352.9  14.5  17:34.00 nts	1693204280927
1152693 toao      20   0   44.5g  18.2g  11.7g S 100.0  14.5  17:34.71 nts	1693204281630
1152693 toao      20   0   44.5g  18.2g  11.7g R 764.7  14.5  17:44.39 nts	1693204282331
1152693 toao      20   0   44.5g  18.2g  11.7g S 100.0  14.5  17:47.56 nts	1693204283031
1152693 toao      20   0   44.6g  18.2g  11.7g R 370.6  14.5  17:48.72 nts	1693204283735
1152693 toao      20   0   44.6g  18.2g  11.7g R  3194  14.5  18:04.53 nts	1693204284435
1152693 toao      20   0   44.5g  18.2g  11.7g S 205.9  14.5  18:13.51 nts	1693204285134
1152693 toao      20   0   44.5g  18.2g  11.7g S 100.0  14.5  18:14.21 nts	1693204285835
1152693 toao      20   0   44.5g  18.2g  11.7g R  2239  14.5  18:23.52 nts	1693204286540
1152693 toao      20   0   44.5g  18.2g  11.7g S 100.0  14.5  18:25.37 nts	1693204287255
1152693 toao      20   0   44.6g  18.2g  11.7g R 370.6  14.5  18:26.53 nts	1693204287959
1152693 toao      20   0   44.6g  18.2g  11.7g R  1635  14.5  18:42.45 nts	1693204288658
1152693 toao      20   0   44.5g  18.2g  11.7g R  1335  14.5  18:56.78 nts	1693204289358
1152693 toao      20   0   44.5g  18.2g  11.7g S 100.0  14.5  18:57.51 nts	1693204290063
1152693 toao      20   0   44.5g  18.2g  11.7g R 893.8  14.5  19:07.18 nts	1693204290763
1152693 toao      20   0   44.5g  18.2g  11.7g S 106.2  14.5  19:07.92 nts	1693204291465
1152693 toao      20   0   44.5g  18.2g  11.7g R  2312  14.5  19:17.71 nts	1693204292164
1152693 toao      20   0   44.5g  18.2g  11.7g S 100.0  14.5  19:18.51 nts	1693204292875
1152693 toao      20   0   44.5g  18.2g  11.7g R  2435  14.5  19:27.84 nts	1693204293579
1152693 toao      20   0   44.5g  18.2g  11.7g S 100.0  14.5  19:28.65 nts	1693204294280
1152693 toao      20   0   44.5g  18.2g  11.7g R  3071  14.5  19:37.46 nts	1693204294979
1152693 toao      20   0   44.5g  18.2g  11.7g S 100.0  14.5  19:38.93 nts	1693204295684
1152693 toao      20   0   44.6g  18.2g  11.7g R  3312  14.5  19:48.19 nts	1693204296386
1152693 toao      20   0   44.6g  18.2g  11.7g R  2956  14.5  20:02.03 nts	1693204297102
1152693 toao      20   0   44.5g  18.2g  11.7g S 100.0  14.5  20:10.12 nts	1693204297803
1152693 toao      20   0   44.5g  18.2g  11.7g S 100.0  14.5  20:10.82 nts	1693204298507
1152693 toao      20   0   44.6g  18.2g  11.7g R  2965  14.5  20:25.26 nts	1693204299206
1152693 toao      20   0   44.5g  18.2g  11.7g S 123.5  14.5  20:35.17 nts	1693204299911
1152693 toao      20   0   44.5g  18.2g  11.7g S 106.2  14.5  20:35.87 nts	1693204300612
1152693 toao      20   0   44.6g  18.2g  11.7g R  3531  14.5  20:50.38 nts	1693204301314
1152693 toao      20   0   44.5g  18.2g  11.7g S 100.0  14.5  20:54.82 nts	1693204302015
1152693 toao      20   0   44.5g  18.2g  11.7g S 100.0  14.5  20:55.52 nts	1693204302719
1152693 toao      20   0   44.5g  18.2g  11.7g S 447.1  14.5  21:05.38 nts	1693204303420
1152693 toao      20   0   44.5g  18.2g  11.7g S 100.0  14.5  21:06.08 nts	1693204304122
1152693 toao      20   0   44.5g  18.2g  11.7g R  1124  14.5  21:16.38 nts	1693204304822
1152693 toao      20   0   44.5g  18.2g  11.7g S 100.0  14.5  21:17.15 nts	1693204305524
1152693 toao      20   0   44.6g  18.2g  11.7g R  4047  14.5  21:25.22 nts	1693204306227
1152693 toao      20   0   44.5g  18.2g  11.7g R  3529  14.5  21:39.70 nts	1693204306932
1152693 toao      20   0   44.5g  18.2g  11.7g S 141.2  14.5  21:49.24 nts	1693204307635
1152693 toao      20   0   44.5g  18.2g  11.7g S 100.0  14.5  21:49.94 nts	1693204308339
1152693 toao      20   0   44.5g  18.2g  11.7g R  2681  14.5  21:58.80 nts	1693204309042
1152693 toao      20   0   44.5g  18.2g  11.7g S 106.2  14.5  22:00.52 nts	1693204309744
1152693 toao      20   0   44.6g  18.2g  11.7g R 358.8  14.5  22:01.66 nts	1693204310444
1152693 toao      20   0   44.6g  18.2g  11.7g R 723.5  14.5  22:16.85 nts	1693204311149
1152693 toao      20   0   44.5g  18.2g  11.7g S 100.0  14.5  22:24.61 nts	1693204311851
1152693 toao      20   0   44.5g  18.2g  11.7g S 100.0  14.5  22:25.31 nts	1693204312554
1152693 toao      20   0   93.9g  18.8g  12.2g R 100.0  15.0  22:33.63 nts	1693204313254
1152693 toao      20   0   97.4g  20.0g  13.4g R 200.0  15.9  22:34.72 nts	1693204313957
1152693 toao      20   0  101.2g  21.4g  14.8g R 200.0  17.0  22:36.12 nts	1693204314659
1152693 toao      20   0  108.6g  21.8g  15.3g S  2047  17.4  22:41.29 nts	1693204315361
1152693 toao      20   0  111.2g  21.9g  15.3g S  1512  17.4  22:48.66 nts	1693204316064
1152693 toao      20   0  115.0g  21.9g  15.3g S 458.8  17.4  22:53.32 nts	1693204316767
1152693 toao      20   0  115.0g  21.9g  15.3g S  1400  17.4  23:02.70 nts	1693204317472
1152693 toao      20   0  115.0g  21.9g  15.3g S  1329  17.4  23:10.43 nts	1693204318175
1152693 toao      20   0  115.0g  21.9g  15.3g S  1376  17.4  23:18.46 nts	1693204318879
1152693 toao      20   0  115.0g  21.9g  15.3g S 376.5  17.4  23:26.27 nts	1693204319579
1152693 toao      20   0  115.0g  21.9g  15.3g S  1259  17.4  23:35.74 nts	1693204320280
1152693 toao      20   0  115.0g  21.9g  15.3g S 437.5  17.4  23:41.84 nts	1693204320984
1152693 toao      20   0  115.0g  21.9g  15.3g S  1300  17.4  23:49.52 nts	1693204321683
1152693 toao      20   0  115.0g  21.9g  15.3g S 405.9  17.4  23:55.51 nts	1693204322387
1152693 toao      20   0  115.0g  21.9g  15.3g S  1441  17.4  24:03.63 nts	1693204323092
1152693 toao      20   0  115.5g  21.9g  15.3g S  1365  17.4  24:09.84 nts	1693204323792
1152693 toao      20   0  115.5g  21.9g  15.3g S  1447  17.4  24:19.69 nts	1693204324493
1152693 toao      20   0  116.6g  21.9g  15.3g S  1424  17.4  24:27.72 nts	1693204325196
1152693 toao      20   0  116.6g  21.9g  15.3g S 347.1  17.4  24:35.54 nts	1693204325901
1152693 toao      20   0  116.6g  21.9g  15.3g S  1447  17.4  24:43.59 nts	1693204326600
1152693 toao      20   0  116.6g  21.9g  15.3g S 370.6  17.4  24:49.85 nts	1693204327303
1152693 toao      20   0  116.6g  21.9g  15.3g S  1459  17.4  24:56.12 nts	1693204328007
1152693 toao      20   0  116.6g  21.9g  15.3g S 447.1  17.4  25:04.02 nts	1693204328714
1152693 toao      20   0  117.2g  21.9g  15.3g S  1018  17.4  25:12.75 nts	1693204329414
1152693 toao      20   0  117.2g  21.9g  15.3g S  1776  17.4  25:20.44 nts	1693204330116
1152693 toao      20   0  116.8g  21.9g  15.3g S  1076  17.4  25:27.64 nts	1693204330819
1152693 toao      20   0  116.6g  21.9g  15.3g S 529.4  17.4  25:35.44 nts	1693204331520
1152693 toao      20   0  116.6g  21.9g  15.3g S  1424  17.4  25:45.15 nts	1693204332224
1152693 toao      20   0  116.6g  21.9g  15.3g S  1435  17.4  25:51.37 nts	1693204332928
1152693 toao      20   0  116.6g  21.9g  15.3g S  2394  17.4  25:59.41 nts	1693204333631
1152693 toao      20   0  116.6g  21.9g  15.3g S 852.9  17.4  26:05.37 nts	1693204334347
1152693 toao      20   0  116.6g  21.9g  15.3g S  2294  17.4  26:14.56 nts	1693204335048
1152693 toao      20   0  117.2g  21.9g  15.3g S  1731  17.4  26:21.49 nts	1693204335753
1152693 toao      20   0  116.6g  21.9g  15.3g S  1994  17.4  26:31.83 nts	1693204336456
1152693 toao      20   0  116.6g  21.9g  15.3g S  1347  17.4  26:38.42 nts	1693204337159
1152693 toao      20   0  117.2g  21.9g  15.3g S  1462  17.4  26:44.89 nts	1693204337863
1152693 toao      20   0  117.1g  21.9g  15.3g S 464.7  17.4  26:51.10 nts	1693204338565
1152693 toao      20   0  117.1g  21.9g  15.3g S  1306  17.4  27:00.87 nts	1693204339267
1152693 toao      20   0  117.1g  21.9g  15.3g S  1394  17.4  27:07.12 nts	1693204339971
1152693 toao      20   0  117.1g  21.9g  15.3g S  1276  17.4  27:13.11 nts	1693204340671
1152693 toao      20   0  117.1g  21.9g  15.3g S  1447  17.4  27:19.73 nts	1693204341372
1152693 toao      20   0  117.1g  21.9g  15.3g S  1347  17.4  27:27.49 nts	1693204342079
1152693 toao      20   0  117.1g  21.9g  15.3g S  1494  17.4  27:35.03 nts	1693204342782
1152693 toao      20   0  117.1g  21.9g  15.3g S 429.4  17.4  27:41.05 nts	1693204343483
1152693 toao      20   0  118.3g  21.9g  15.3g S  1378  17.4  27:47.44 nts	1693204344187
1152693 toao      20   0  118.8g  21.9g  15.3g S 841.2  17.4  27:56.25 nts	1693204344904
1152693 toao      20   0  118.8g  21.9g  15.3g S  1959  17.4  28:04.41 nts	1693204345607
1152693 toao      20   0  136.0g  21.9g  15.3g S  1165  17.4  28:10.51 nts	1693204346307
1152693 toao      20   0  136.6g  21.9g  15.3g S 582.4  17.4  28:17.09 nts	1693204347008
1152693 toao      20   0  136.7g  21.9g  15.3g S 341.2  17.4  28:22.89 nts	1693204347710
1152693 toao      20   0  136.7g  21.9g  15.3g S  1133  17.4  28:32.21 nts	1693204348411
1152693 toao      20   0  136.7g  21.9g  15.3g S  1376  17.4  28:40.30 nts	1693204349116
1152693 toao      20   0  137.2g  21.9g  15.3g S  1176  17.4  28:47.36 nts	1693204349816
1152693 toao      20   0  136.7g  21.9g  15.3g S 382.4  17.4  28:55.93 nts	1693204350519
1152693 toao      20   0  136.7g  21.9g  15.3g S  2141  17.4  29:05.92 nts	1693204351223
1152693 toao      20   0  136.7g  21.9g  15.3g S 376.5  17.4  29:12.11 nts	1693204351927
1152693 toao      20   0  136.7g  21.9g  15.3g S  1347  17.4  29:19.93 nts	1693204352635
1152693 toao      20   0  136.7g  21.9g  15.3g S  1259  17.4  29:26.16 nts	1693204353339
1152693 toao      20   0  136.7g  21.9g  15.3g S 506.2  17.4  29:32.47 nts	1693204354043
1152693 toao      20   0  136.7g  21.9g  15.3g S  1429  17.4  29:40.32 nts	1693204354744
1152693 toao      20   0  136.7g  21.9g  15.3g S  1424  17.4  29:50.03 nts	1693204355448
1152693 toao      20   0  137.0g  21.9g  15.3g S 500.0  17.4  29:56.38 nts	1693204356148
1152693 toao      20   0  137.0g  21.9g  15.3g S  1247  17.4  30:05.78 nts	1693204356851
1152693 toao      20   0  137.0g  21.9g  15.3g S 482.4  17.4  30:12.10 nts	1693204357555
1152693 toao      20   0  137.0g  21.9g  15.3g S  1288  17.4  30:19.78 nts	1693204358255
1152693 toao      20   0  137.0g  21.9g  15.3g S  1476  17.4  30:26.08 nts	1693204358956
1152693 toao      20   0  137.0g  21.9g  15.3g S 341.2  17.4  30:33.81 nts	1693204359659
1152693 toao      20   0  137.0g  21.9g  15.3g S 417.6  17.4  30:41.44 nts	1693204360358
1152693 toao      20   0  137.0g  21.9g  15.3g S  1418  17.4  30:49.36 nts	1693204361059
1152693 toao      20   0  137.0g  21.9g  15.3g S  1341  17.4  30:57.17 nts	1693204361758
1152693 toao      20   0  137.0g  21.9g  15.3g S  1469  17.4  31:05.02 nts	1693204362463
1152693 toao      20   0  137.0g  21.9g  15.3g S 481.2  17.4  31:12.95 nts	1693204363164
1152693 toao      20   0  137.0g  21.9g  15.3g S 487.5  17.4  31:19.18 nts	1693204363864
1152693 toao      20   0  137.0g  21.9g  15.3g S  1531  17.4  31:27.00 nts	1693204364563
1152693 toao      20   0  137.0g  21.9g  15.3g S  1450  17.4  31:34.67 nts	1693204365263
1152693 toao      20   0  137.0g  21.9g  15.3g S  1306  17.4  31:42.44 nts	1693204365963
1152693 toao      20   0  137.0g  21.9g  15.3g S  1556  17.4  31:50.56 nts	1693204366676
1152693 toao      20   0  137.5g  21.9g  15.3g S 776.5  17.4  31:58.77 nts	1693204367375
1152693 toao      20   0  137.0g  21.9g  15.3g S 358.8  17.4  32:05.76 nts	1693204368080
1152693 toao      20   0  137.0g  21.9g  15.3g S  1341  17.4  32:11.84 nts	1693204368779
1152693 toao      20   0  137.0g  21.9g  15.3g S 682.4  17.4  32:19.40 nts	1693204369479
1152693 toao      20   0  137.0g  21.9g  15.3g S  1424  17.4  32:27.42 nts	1693204370179
1152693 toao      20   0  137.0g  21.9g  15.3g S 435.3  17.4  32:33.63 nts	1693204370878
1152693 toao      20   0  137.0g  21.9g  15.3g S 394.1  17.4  32:39.73 nts	1693204371582
1152693 toao      20   0  137.0g  21.9g  15.3g S 323.5  17.4  32:45.71 nts	1693204372287
1152693 toao      20   0  137.0g  21.9g  15.3g S 470.6  17.4  32:53.65 nts	1693204372991
1152693 toao      20   0  137.0g  21.9g  15.3g S 412.5  17.4  33:01.34 nts	1693204373692
1152693 toao      20   0  137.0g  21.9g  15.3g S  1341  17.4  33:08.98 nts	1693204374395
1152693 toao      20   0  137.9g  21.9g  15.3g S 500.0  17.4  33:13.66 nts	1693204375097
1152693 toao      20   0  137.9g  21.9g  15.3g S  1335  17.4  33:23.31 nts	1693204375799
1152693 toao      20   0  137.9g  21.9g  15.3g S  1353  17.4  33:29.58 nts	1693204376505
1152693 toao      20   0  142.7g  21.8g  15.3g S 382.4  17.4  33:37.19 nts	1693204377211
1152693 toao      20   0  144.6g  21.9g  15.3g S 311.8  17.4  33:44.76 nts	1693204377914
1152693 toao      20   0  144.6g  21.9g  15.3g S  1282  17.4  33:50.88 nts	1693204378615
1152693 toao      20   0  144.6g  21.9g  15.3g S  1394  17.4  33:58.62 nts	1693204379319
1152693 toao      20   0  144.6g  21.9g  15.3g S 458.8  17.4  34:06.57 nts	1693204380019
1152693 toao      20   0  144.6g  21.9g  15.3g S  1506  17.4  34:14.73 nts	1693204380723
1152693 toao      20   0  144.6g  21.9g  15.3g S  1818  17.4  34:24.58 nts	1693204381423
1152693 toao      20   0  144.6g  21.9g  15.3g S  1371  17.4  34:32.32 nts	1693204382126
1152693 toao      20   0  144.6g  21.9g  15.3g S  1318  17.4  34:40.06 nts	1693204382828
1152693 toao      20   0  144.6g  21.9g  15.3g S 388.2  17.4  34:46.16 nts	1693204383531
1152693 toao      20   0  145.1g  21.9g  15.3g S 794.1  17.4  34:53.08 nts	1693204384236
1152693 toao      20   0  144.6g  21.9g  15.3g S 982.4  17.4  35:00.31 nts	1693204384940
1152693 toao      20   0  144.6g  21.9g  15.3g S  1129  17.4  35:06.67 nts	1693204385643
1152693 toao      20   0  144.6g  21.9g  15.3g S  1429  17.4  35:16.67 nts	1693204386348
1152693 toao      20   0  144.6g  21.9g  15.3g S 405.9  17.4  35:24.66 nts	1693204387051
1152693 toao      20   0  145.1g  21.9g  15.3g S  1888  17.4  35:33.41 nts	1693204387752
1152693 toao      20   0  144.6g  21.9g  15.3g S 425.0  17.4  35:40.39 nts	1693204388452
1152693 toao      20   0  144.6g  21.9g  15.3g S  2035  17.4  35:47.83 nts	1693204389150
1152693 toao      20   0  144.6g  21.9g  15.3g S 476.5  17.4  35:52.85 nts	1693204389851
1152693 toao      20   0  144.6g  21.9g  15.3g S  1224  17.4  36:02.39 nts	1693204390554
1152693 toao      20   0  144.6g  21.9g  15.3g S  1306  17.4  36:10.09 nts	1693204391258
1152693 toao      20   0  144.6g  21.9g  15.3g S  1317  17.4  36:16.38 nts	1693204391962
1152693 toao      20   0  144.6g  21.9g  15.3g S  1453  17.4  36:24.45 nts	1693204392667
1152693 toao      20   0  144.6g  21.9g  15.3g S 441.2  17.4  36:32.34 nts	1693204393371
1152693 toao      20   0  144.6g  21.9g  15.3g S  1265  17.4  36:41.43 nts	1693204394073
1152693 toao      20   0  144.6g  21.9g  15.3g S  1341  17.4  36:47.61 nts	1693204394776
1152693 toao      20   0  144.6g  21.9g  15.3g S  1441  17.4  36:53.98 nts	1693204395478
1152693 toao      20   0  144.6g  21.9g  15.3g S  1406  17.4  37:01.87 nts	1693204396178
1152693 toao      20   0  144.6g  21.9g  15.3g S  1353  17.4  37:09.76 nts	1693204396878
1152693 toao      20   0  144.6g  21.9g  15.3g S  1412  17.4  37:17.72 nts	1693204397579
1152693 toao      20   0  144.6g  21.9g  15.3g S  1412  17.4  37:26.83 nts	1693204398279
1152693 toao      20   0  144.6g  21.9g  15.3g S  1419  17.4  37:34.51 nts	1693204398983
1152693 toao      20   0  144.6g  21.9g  15.3g S 506.2  17.4  37:39.04 nts	1693204399684
1152693 toao      20   0  145.0g  21.9g  15.3g S  1525  17.4  37:48.43 nts	1693204400382
1152693 toao      20   0  145.0g  21.9g  15.3g S  1444  17.4  37:54.71 nts	1693204401083
1152693 toao      20   0  145.0g  21.9g  15.3g S  1359  17.4  38:02.33 nts	1693204401783
1152693 toao      20   0  145.0g  21.9g  15.3g S  1318  17.4  38:08.47 nts	1693204402487
1152693 toao      20   0  145.0g  21.9g  15.3g S  1359  17.4  38:14.62 nts	1693204403187
1152693 toao      20   0  145.0g  21.9g  15.3g S 400.0  17.4  38:21.94 nts	1693204403888
1152693 toao      20   0  145.0g  21.9g  15.3g S  1324  17.4  38:29.71 nts	1693204404588
1152693 toao      20   0  145.0g  21.9g  15.3g S 476.5  17.4  38:35.94 nts	1693204405291
1152693 toao      20   0  145.0g  21.9g  15.3g S 400.0  17.4  38:42.12 nts	1693204405991
1152693 toao      20   0  145.0g  21.9g  15.3g S  1412  17.4  38:50.33 nts	1693204406691
1152693 toao      20   0  145.0g  21.9g  15.3g S 506.2  17.4  38:56.56 nts	1693204407392
1152693 toao      20   0       0      0      0 Z 105.9   0.0  39:03.84 nts	1693204408093
1152693 toao      20   0       0      0      0 Z 100.0   0.0  39:04.54 nts	1693204408797
1152693 toao      20   0       0      0      0 Z 100.0   0.0  39:05.23 nts	1693204409498
1152693 toao      20   0       0      0      0 Z  94.1   0.0  39:05.91 nts	1693204410199
