3702006 toao      20   0 2568708 101308  68432 R 100.0   0.1   0:00.17 nts	1688350906067
3702006 toao      20   0 5311784 229792 115168 S  2888   0.1   0:12.51 nts	1688350906754
3702006 toao      20   0 5311784 229792 115168 R  3188   0.1   0:33.80 nts	1688350907453
3702006 toao      20   0 5495888 359008 115424 R 193.8   0.2   0:42.23 nts	1688350908135
3702006 toao      20   0 5495888 377752 115424 R 206.2   0.2   0:43.60 nts	1688350908814
3702006 toao      20   0 5495888 383032 115424 R 193.8   0.2   0:44.94 nts	1688350909497
3702006 toao      20   0 5495888 383032 115424 R 212.5   0.2   0:46.31 nts	1688350910176
3702006 toao      20   0 5495888 383032 115424 R 194.1   0.2   0:47.68 nts	1688350910864
3702006 toao      20   0 5495888 383032 115424 R 200.0   0.2   0:49.04 nts	1688350911552
3702006 toao      20   0 5495888 383032 115424 R 206.2   0.2   0:50.41 nts	1688350912240
3702006 toao      20   0 5495888 383032 115424 R 206.2   0.2   0:51.78 nts	1688350912928
3702006 toao      20   0 5495888 383032 115424 R 200.0   0.2   0:53.14 nts	1688350913617
3702006 toao      20   0 5495888 383032 115424 R 194.1   0.2   0:54.51 nts	1688350914304
3702006 toao      20   0 5495888 383032 115424 R 200.0   0.2   0:55.87 nts	1688350914992
3702006 toao      20   0 5495888 383032 115424 R 200.0   0.2   0:57.23 nts	1688350915680
3702006 toao      20   0 5495888 383032 115424 R 206.2   0.2   0:58.61 nts	1688350916366
3702006 toao      20   0 5495888 383032 115424 R 206.2   0.2   0:59.97 nts	1688350917056
3702006 toao      20   0 5495888 383032 115424 R 194.1   0.2   1:01.34 nts	1688350917745
3702006 toao      20   0 5495888 384088 115424 R 193.8   0.2   1:02.69 nts	1688350918435
3702006 toao      20   0 5495888 385936 115424 R 212.5   0.2   1:04.06 nts	1688350919118
3702006 toao      20   0 5495888 388312 115424 R 206.2   0.2   1:05.43 nts	1688350919808
3702006 toao      20   0 5495888 390160 115424 R 206.2   0.2   1:06.79 nts	1688350920496
3702006 toao      20   0 5495888 391744 115424 R 188.2   0.2   1:08.16 nts	1688350921185
3702006 toao      20   0 7220088 692656 115552 R 462.5   0.4   1:09.85 nts	1688350921875
3702006 toao      20   0 7220088   1.1g 115552 R 864.7   0.6   1:17.69 nts	1688350922564
3702006 toao      20   0 7220088   1.1g 115552 R  1031   0.6   1:23.82 nts	1688350923248
3702006 toao      20   0 7220088   1.1g 115552 R  1259   0.6   1:31.36 nts	1688350923934
3702006 toao      20   0 7220088   1.1g 115552 R  1294   0.6   1:40.17 nts	1688350924617
3702006 toao      20   0 7220088   1.1g 115552 R  1119   0.6   1:47.60 nts	1688350925301
3702006 toao      20   0 7220088   1.2g 115552 R  1062   0.6   1:54.81 nts	1688350925990
3702006 toao      20   0 7220088   1.2g 115552 R  1194   0.7   2:02.62 nts	1688350926664
3702006 toao      20   0 7220088   1.3g 115552 R  1169   0.7   2:09.48 nts	1688350927354
3702006 toao      20   0 7220088   1.3g 115552 R  1071   0.7   2:17.36 nts	1688350928035
3702006 toao      20   0 8216460   1.3g 115584 R 206.2   0.7   2:20.32 nts	1688350928716
3702006 toao      20   0 8216460   1.3g 115584 R 200.0   0.7   2:21.68 nts	1688350929407
3702006 toao      20   0 8216460   1.4g 115584 R 206.2   0.7   2:23.05 nts	1688350930095
3702006 toao      20   0 8216460   1.4g 115584 R 188.2   0.7   2:24.40 nts	1688350930785
3702006 toao      20   0 8216460   1.4g 115584 R 200.0   0.7   2:25.76 nts	1688350931472
3702006 toao      20   0 8216460   1.4g 115584 R 200.0   0.7   2:27.12 nts	1688350932160
3702006 toao      20   0 8216460   1.4g 115584 R 200.0   0.7   2:28.48 nts	1688350932848
3702006 toao      20   0 8216460   1.4g 115584 R 206.2   0.7   2:29.84 nts	1688350933536
3702006 toao      20   0 8216460   1.4g 115584 R 194.1   0.7   2:31.21 nts	1688350934224
3702006 toao      20   0 8216460   1.4g 115584 R 200.0   0.7   2:32.56 nts	1688350934912
3702006 toao      20   0 8216460   1.4g 115584 R 206.2   0.7   2:33.92 nts	1688350935600
3702006 toao      20   0 8216460   1.4g 115584 R 206.2   0.7   2:35.28 nts	1688350936287
3702006 toao      20   0 8216460   1.4g 115584 R 206.2   0.7   2:36.64 nts	1688350936976
3702006 toao      20   0 8216460   1.4g 115584 R 206.2   0.7   2:37.99 nts	1688350937664
3702006 toao      20   0 9911408   1.5g 115584 R 568.8   0.8   2:40.63 nts	1688350938353
3702006 toao      20   0 9911408   1.6g 115584 R  1631   0.9   2:48.96 nts	1688350939032
3702006 toao      20   0 9911408   1.7g 115584 R  1165   0.9   2:58.37 nts	1688350939712
3702006 toao      20   0 9911408   1.8g 115584 R 658.8   1.0   3:04.69 nts	1688350940404
3702006 toao      20   0 9911408   1.9g 115584 R 518.8   1.0   3:08.80 nts	1688350941087
3702006 toao      20   0 9911408   2.1g 115584 R 656.2   1.1   3:12.93 nts	1688350941775
3702006 toao      20   0 9911408   2.2g 115584 R 568.8   1.2   3:16.68 nts	1688350942454
3702006 toao      20   0 9911408   2.3g 115584 S 581.2   1.2   3:20.37 nts	1688350943140
3702006 toao      20   0   10.6g   2.4g 115584 R 437.5   1.3   3:22.85 nts	1688350943821
3702006 toao      20   0   10.6g   2.4g 115584 R 106.2   1.3   3:23.53 nts	1688350944503
3702006 toao      20   0   10.6g   2.4g 115584 R 106.2   1.3   3:24.22 nts	1688350945189
3702006 toao      20   0   10.6g   2.4g 115584 R  94.1   1.3   3:24.90 nts	1688350945873
3702006 toao      20   0   10.6g   2.4g 115584 R 100.0   1.3   3:25.59 nts	1688350946560
3702006 toao      20   0   10.6g   2.4g 115584 R 106.2   1.3   3:26.28 nts	1688350947248
3702006 toao      20   0   10.6g   2.4g 115584 R 100.0   1.3   3:26.97 nts	1688350947934
3702006 toao      20   0   10.6g   2.4g 115584 R 100.0   1.3   3:27.66 nts	1688350948624
3702006 toao      20   0   11.6g   2.8g 115584 R  94.1   1.5   3:28.34 nts	1688350949317
3702006 toao      20   0   11.6g   3.1g 115584 R 106.2   1.6   3:29.03 nts	1688350950005
3702006 toao      20   0   11.6g   3.1g 115584 R  93.8   1.7   3:29.71 nts	1688350950689
3702006 toao      20   0   11.6g   3.1g 115584 R 112.5   1.7   3:30.41 nts	1688350951376
3702006 toao      20   0   11.6g   3.1g 115584 R  94.1   1.7   3:31.09 nts	1688350952064
3702006 toao      20   0   11.6g   3.1g 115584 R  94.1   1.7   3:31.78 nts	1688350952753
3702006 toao      20   0   11.6g   3.1g 115584 R  94.1   1.7   3:32.47 nts	1688350953445
3702006 toao      20   0   11.6g   3.1g 115584 R  94.1   1.7   3:33.16 nts	1688350954136
3702006 toao      20   0   11.6g   3.1g 115584 R 106.2   1.7   3:33.86 nts	1688350954825
3702006 toao      20   0   11.6g   3.1g 115584 R 100.0   1.7   3:34.54 nts	1688350955518
3702006 toao      20   0   11.6g   3.1g 115584 R 106.2   1.7   3:35.24 nts	1688350956208
3702006 toao      20   0   11.6g   3.1g 115584 R 100.0   1.7   3:35.92 nts	1688350956896
3702006 toao      20   0   11.6g   3.1g 115584 R  94.1   1.7   3:36.61 nts	1688350957584
3702006 toao      20   0   11.6g   3.1g 115584 R 106.2   1.7   3:37.30 nts	1688350958272
3702006 toao      20   0   11.6g   3.2g 115584 R 106.2   1.7   3:37.99 nts	1688350958959
3702006 toao      20   0   11.6g   3.2g 115584 R 106.2   1.7   3:38.67 nts	1688350959647
3702006 toao      20   0   11.6g   3.2g 115584 R 100.0   1.7   3:39.35 nts	1688350960336
3702006 toao      20   0   11.6g   3.2g 115584 R 100.0   1.7   3:40.05 nts	1688350961021
3702006 toao      20   0   11.6g   3.2g 115584 R 106.2   1.7   3:40.74 nts	1688350961713
3702006 toao      20   0   11.6g   3.3g 115584 R 100.0   1.7   3:41.43 nts	1688350962401
3702006 toao      20   0   11.6g   3.3g 115584 R 100.0   1.8   3:42.11 nts	1688350963093
3702006 toao      20   0   11.6g   3.3g 115584 R 100.0   1.8   3:42.81 nts	1688350963780
3702006 toao      20   0   16.8g   3.8g 277556 R 100.0   2.0   3:44.05 nts	1688350964468
3702006 toao      20   0   17.8g   4.6g 376284 R 100.0   2.4   3:44.73 nts	1688350965156
3702006 toao      20   0   19.4g   5.7g 508988 R 106.2   3.0   3:45.43 nts	1688350965846
3702006 toao      20   0   19.4g   6.1g 508988 R 100.0   3.3   3:46.11 nts	1688350966535
3702006 toao      20   0   19.4g   6.1g 508988 R  94.1   3.3   3:46.80 nts	1688350967224
3702006 toao      20   0   30.6g   6.7g   1.1g R 106.2   3.6   3:47.49 nts	1688350967912
3702006 toao      20   0   30.6g   9.7g   4.0g R 100.0   5.2   3:48.18 nts	1688350968600
3702006 toao      20   0   30.6g  12.7g   7.0g R 106.2   6.8   3:48.87 nts	1688350969288
3702006 toao      20   0   30.6g  15.6g  10.0g R 106.2   8.4   3:49.56 nts	1688350969976
3702006 toao      20   0   30.7g  17.3g  11.6g R  88.2   9.2   3:50.23 nts	1688350970665
3702006 toao      20   0   30.7g  17.3g  11.6g R 106.2   9.2   3:50.92 nts	1688350971352
3702006 toao      20   0   30.7g  17.3g  11.6g R 106.2   9.2   3:51.61 nts	1688350972040
3702006 toao      20   0   30.7g  17.3g  11.6g R 106.2   9.2   3:52.30 nts	1688350972728
3702006 toao      20   0   30.7g  17.3g  11.6g R 100.0   9.2   3:52.98 nts	1688350973416
3702006 toao      20   0   30.7g  17.3g  11.6g R  94.1   9.2   3:53.67 nts	1688350974104
3702006 toao      20   0   30.7g  17.3g  11.6g R  94.1   9.2   3:54.36 nts	1688350974792
3702006 toao      20   0   30.7g  17.3g  11.6g R  94.1   9.2   3:55.05 nts	1688350975483
3702006 toao      20   0   30.7g  17.3g  11.6g R 100.0   9.2   3:55.74 nts	1688350976171
3702006 toao      20   0   30.7g  17.3g  11.6g R 100.0   9.2   3:56.42 nts	1688350976861
3702006 toao      20   0   30.7g  17.3g  11.6g R 100.0   9.2   3:57.11 nts	1688350977548
3702006 toao      20   0   30.7g  17.3g  11.6g R 106.2   9.2   3:57.81 nts	1688350978236
3702006 toao      20   0   30.7g  17.3g  11.6g R 100.0   9.2   3:58.50 nts	1688350978924
3702006 toao      20   0   30.7g  17.3g  11.6g R 100.0   9.2   3:59.18 nts	1688350979612
3702006 toao      20   0   30.7g  17.3g  11.6g R 106.2   9.2   3:59.87 nts	1688350980301
3702006 toao      20   0   30.7g  17.3g  11.6g R  94.1   9.2   4:00.56 nts	1688350980990
3702006 toao      20   0   30.7g  17.3g  11.6g R 105.9   9.2   4:01.26 nts	1688350981682
3702006 toao      20   0   30.7g  17.3g  11.6g R 106.2   9.2   4:01.95 nts	1688350982372
3702006 toao      20   0   30.7g  17.3g  11.6g R 106.2   9.2   4:02.64 nts	1688350983060
3702006 toao      20   0   30.7g  17.3g  11.6g R 100.0   9.2   4:03.32 nts	1688350983748
3702006 toao      20   0   30.7g  17.3g  11.6g R 100.0   9.2   4:04.01 nts	1688350984436
3702006 toao      20   0   30.7g  17.3g  11.6g R 100.0   9.2   4:04.70 nts	1688350985125
3702006 toao      20   0   30.7g  17.3g  11.6g R  94.1   9.3   4:05.38 nts	1688350985812
3702006 toao      20   0   30.7g  17.3g  11.6g R 100.0   9.3   4:06.07 nts	1688350986501
3702006 toao      20   0   30.7g  17.3g  11.6g R 106.2   9.3   4:06.76 nts	1688350987188
3702006 toao      20   0   30.7g  17.3g  11.6g R 106.2   9.3   4:07.45 nts	1688350987876
3702006 toao      20   0   30.7g  17.3g  11.6g R 100.0   9.3   4:08.13 nts	1688350988566
3702006 toao      20   0   30.7g  17.3g  11.6g R 100.0   9.3   4:08.83 nts	1688350989254
3702006 toao      20   0   30.7g  17.3g  11.6g R  94.1   9.3   4:09.51 nts	1688350989943
3702006 toao      20   0   30.5g  17.4g  11.7g R 106.2   9.3   4:10.37 nts	1688350990631
3702006 toao      20   0   30.6g  17.5g  11.7g S 106.2   9.3   4:11.29 nts	1688350991320
3702006 toao      20   0   30.6g  17.5g  11.7g S 100.0   9.3   4:11.97 nts	1688350992007
3702006 toao      20   0   30.6g  17.5g  11.7g S 543.8   9.3   4:16.00 nts	1688350992695
3702006 toao      20   0   30.6g  17.5g  11.7g S  94.1   9.3   4:17.83 nts	1688350993382
3702006 toao      20   0   30.6g  17.5g  11.7g S 106.2   9.3   4:18.52 nts	1688350994071
3702006 toao      20   0   31.8g  17.6g  11.7g R 925.0   9.4   4:20.70 nts	1688350994757
3702006 toao      20   0   31.7g  17.5g  11.7g R  1278   9.4   4:34.93 nts	1688350995492
3702006 toao      20   0   31.7g  17.5g  11.7g S 100.0   9.4   4:36.44 nts	1688350996183
3702006 toao      20   0   31.7g  17.5g  11.7g S 100.0   9.4   4:37.12 nts	1688350996865
3702006 toao      20   0   31.7g  17.5g  11.7g S  94.1   9.4   4:37.81 nts	1688350997553
3702006 toao      20   0   31.7g  17.5g  11.7g R 387.5   9.4   4:46.31 nts	1688350998238
3702006 toao      20   0   31.7g  17.5g  11.7g S 231.2   9.4   4:48.97 nts	1688350998917
3702006 toao      20   0   31.7g  17.5g  11.7g S 100.0   9.4   4:49.65 nts	1688350999601
3702006 toao      20   0   31.7g  17.5g  11.7g S 106.2   9.4   4:50.34 nts	1688351000286
3702006 toao      20   0   31.8g  17.6g  11.7g R 100.0   9.4   4:51.18 nts	1688351000974
3702006 toao      20   0   31.7g  17.5g  11.7g R  2547   9.3   5:04.82 nts	1688351001668
3702006 toao      20   0   31.7g  17.5g  11.7g S 333.3   9.4   5:07.84 nts	1688351002347
3702006 toao      20   0   31.7g  17.5g  11.7g S 106.2   9.4   5:08.91 nts	1688351003031
3702006 toao      20   0   31.7g  17.5g  11.7g S 100.0   9.4   5:09.59 nts	1688351003716
3702006 toao      20   0   31.8g  17.6g  11.7g R 100.0   9.4   5:10.44 nts	1688351004399
3702006 toao      20   0   31.8g  17.6g  11.7g R  3012   9.4   5:24.06 nts	1688351005100
3702006 toao      20   0   31.7g  17.5g  11.7g S 100.0   9.4   5:26.11 nts	1688351005784
3702006 toao      20   0   31.7g  17.5g  11.7g S  94.1   9.4   5:26.80 nts	1688351006473
3702006 toao      20   0   31.7g  17.5g  11.7g S 100.0   9.4   5:27.48 nts	1688351007157
3702006 toao      20   0   31.8g  17.6g  11.7g R 837.5   9.4   5:36.08 nts	1688351007866
3702006 toao      20   0   31.7g  17.5g  11.7g R 594.1   9.4   5:43.29 nts	1688351008543
3702006 toao      20   0   31.7g  17.5g  11.7g S 243.8   9.4   5:46.05 nts	1688351009225
3702006 toao      20   0   31.7g  17.5g  11.7g S 106.2   9.4   5:46.76 nts	1688351009910
3702006 toao      20   0   31.7g  17.5g  11.7g S 100.0   9.4   5:47.44 nts	1688351010601
3702006 toao      20   0   31.8g  17.6g  11.7g R  1181   9.4   5:50.03 nts	1688351011287
3702006 toao      20   0   31.7g  17.5g  11.7g S 106.2   9.4   5:57.60 nts	1688351011988
3702006 toao      20   0   31.7g  17.5g  11.7g S 100.0   9.4   5:58.28 nts	1688351012667
3702006 toao      20   0   31.8g  17.6g  11.7g R  2744   9.4   6:03.37 nts	1688351013351
3702006 toao      20   0   31.8g  17.6g  11.7g R 381.2   9.4   6:12.76 nts	1688351014056
3702006 toao      20   0   31.7g  17.5g  11.7g R  1918   9.4   6:24.09 nts	1688351014762
3702006 toao      20   0   31.8g  17.6g  11.7g R 325.0   9.4   6:30.93 nts	1688351015457
3702006 toao      20   0   31.7g  17.5g  11.7g S 100.0   9.4   6:37.61 nts	1688351016141
3702006 toao      20   0   31.7g  17.5g  11.7g S 100.0   9.4   6:38.30 nts	1688351016822
3702006 toao      20   0   31.7g  17.5g  11.7g S 106.2   9.4   6:38.99 nts	1688351017507
3702006 toao      20   0   31.8g  17.6g  11.7g R 206.2   9.4   6:39.84 nts	1688351018196
3702006 toao      20   0   31.7g  17.5g  11.7g S 206.2   9.4   6:48.69 nts	1688351018882
3702006 toao      20   0   31.7g  17.5g  11.7g S 100.0   9.4   6:49.37 nts	1688351019565
3702006 toao      20   0   31.7g  17.5g  11.7g S 100.0   9.4   6:50.05 nts	1688351020250
3702006 toao      20   0   31.7g  17.5g  11.7g R  1706   9.4   6:58.25 nts	1688351020964
3702006 toao      20   0   31.7g  17.5g  11.7g S 100.0   9.4   7:00.24 nts	1688351021653
3702006 toao      20   0   31.7g  17.5g  11.7g S 100.0   9.4   7:00.92 nts	1688351022338
3702006 toao      20   0   31.7g  17.5g  11.7g S 106.2   9.4   7:01.61 nts	1688351023025
3702006 toao      20   0   31.7g  17.5g  11.7g S 106.2   9.4   7:02.30 nts	1688351023711
3702006 toao      20   0   31.8g  17.6g  11.7g R  1988   9.4   7:06.19 nts	1688351024400
3702006 toao      20   0   31.7g  17.5g  11.7g S 417.6   9.4   7:16.87 nts	1688351025142
3702006 toao      20   0   31.7g  17.5g  11.7g R 450.0   9.4   7:18.11 nts	1688351025817
3702006 toao      20   0   31.7g  17.5g  11.7g S 405.9   9.4   7:21.88 nts	1688351026494
3702006 toao      20   0   31.7g  17.5g  11.7g S 106.2   9.4   7:23.26 nts	1688351027182
3702006 toao      20   0   31.7g  17.5g  11.7g S 100.0   9.4   7:23.94 nts	1688351027868
3702006 toao      20   0   31.7g  17.5g  11.7g S 106.2   9.4   7:24.64 nts	1688351028557
3702006 toao      20   0   31.7g  17.5g  11.7g R  2011   9.4   7:33.96 nts	1688351029262
3702006 toao      20   0   31.7g  17.5g  11.7g S 106.2   9.4   7:35.47 nts	1688351029958
3702006 toao      20   0   31.7g  17.5g  11.7g S 106.2   9.4   7:36.16 nts	1688351030647
3702006 toao      20   0   31.7g  17.5g  11.7g R  1906   9.4   7:44.66 nts	1688351031356
3702006 toao      20   0   31.7g  17.5g  11.7g R 718.8   9.4   7:51.77 nts	1688351032037
3702006 toao      20   0   31.7g  17.5g  11.7g S 275.0   9.4   7:54.73 nts	1688351032725
3702006 toao      20   0   31.7g  17.5g  11.7g S 100.0   9.4   7:55.53 nts	1688351033409
3702006 toao      20   0   31.7g  17.5g  11.7g S  94.1   9.4   7:56.21 nts	1688351034093
3702006 toao      20   0   31.7g  17.5g  11.7g R  1238   9.4   8:05.37 nts	1688351034802
3702006 toao      20   0   31.7g  17.5g  11.7g S 100.0   9.4   8:06.87 nts	1688351035479
3702006 toao      20   0   31.7g  17.5g  11.7g S 106.7   9.4   8:07.55 nts	1688351036165
3702006 toao      20   0   31.8g  17.6g  11.7g R 275.0   9.4   8:08.68 nts	1688351036847
3702006 toao      20   0   31.8g  17.5g  11.7g R  1818   9.4   8:22.50 nts	1688351037570
3702006 toao      20   0   31.8g  17.6g  11.7g R  2969   9.4   8:33.37 nts	1688351038262
3702006 toao      20   0   31.7g  17.5g  11.7g S 625.0   9.4   8:41.42 nts	1688351038949
3702006 toao      20   0   31.7g  17.5g  11.7g S 106.2   9.4   8:42.42 nts	1688351039624
3702006 toao      20   0   31.7g  17.5g  11.7g S 100.0   9.4   8:43.10 nts	1688351040308
3702006 toao      20   0   31.8g  17.6g  11.7g R 200.0   9.4   8:43.96 nts	1688351040994
3702006 toao      20   0   31.8g  17.6g  11.7g R  2088   9.4   8:55.65 nts	1688351041682
3702006 toao      20   0   31.8g  17.6g  11.7g R 331.2   9.4   9:04.38 nts	1688351042388
3702006 toao      20   0   31.7g  17.5g  11.7g S  94.1   9.4   9:11.00 nts	1688351043074
3702006 toao      20   0   31.7g  17.5g  11.7g S 100.0   9.4   9:11.69 nts	1688351043757
3702006 toao      20   0   31.8g  17.6g  11.7g R 212.5   9.4   9:12.55 nts	1688351044446
3702006 toao      20   0   31.8g  17.6g  11.7g R 868.8   9.4   9:22.05 nts	1688351045129
3702006 toao      20   0   31.7g  17.5g  11.7g S 111.8   9.4   9:27.78 nts	1688351045833
3702006 toao      20   0   31.7g  17.5g  11.7g S 100.0   9.4   9:28.46 nts	1688351046519
3702006 toao      20   0   31.7g  17.5g  11.7g S 106.2   9.4   9:29.15 nts	1688351047206
3702006 toao      20   0   31.8g  17.6g  11.7g R 318.8   9.4   9:37.56 nts	1688351047889
3702006 toao      20   0   31.7g  17.5g  11.7g R  2162   9.4   9:48.99 nts	1688351048590
3702006 toao      20   0   31.7g  17.5g  11.7g R 612.5   9.4   9:56.57 nts	1688351049257
3702006 toao      20   0   31.7g  17.5g  11.7g S 100.0   9.4   9:58.20 nts	1688351049945
3702006 toao      20   0   31.7g  17.5g  11.7g S  94.1   9.4   9:58.89 nts	1688351050634
3702006 toao      20   0   31.7g  17.5g  11.7g S 100.0   9.4   9:59.57 nts	1688351051318
3702006 toao      20   0   31.8g  17.6g  11.7g R  1171   9.4  10:08.43 nts	1688351052038
3702006 toao      20   0   31.8g  17.6g  11.7g R  2576   9.4  10:18.67 nts	1688351052724
3702006 toao      20   0   31.7g  17.5g  11.7g S 100.0   9.4  10:21.40 nts	1688351053422
3702006 toao      20   0   31.7g  17.5g  11.7g S 100.0   9.4  10:22.08 nts	1688351054106
3702006 toao      20   0   31.7g  17.5g  11.7g S 106.2   9.4  10:22.77 nts	1688351054790
3702006 toao      20   0   31.8g  17.6g  11.7g R 935.3   9.4  10:25.07 nts	1688351055474
3702006 toao      20   0   31.8g  17.6g  11.7g R 876.5   9.4  10:37.65 nts	1688351056202
3702006 toao      20   0   31.7g  17.5g  11.7g R  1805   9.4  10:49.10 nts	1688351056906
3702006 toao      20   0   31.8g  17.6g  11.7g R  1138   9.4  10:57.31 nts	1688351057602
3702006 toao      20   0   31.7g  17.5g  11.7g S 100.0   9.4  11:02.46 nts	1688351058314
3702006 toao      20   0   31.7g  17.5g  11.7g S 100.0   9.4  11:03.14 nts	1688351058998
3702006 toao      20   0   31.8g  17.6g  11.7g R 200.0   9.4  11:03.98 nts	1688351059681
3702006 toao      20   0   31.8g  17.6g  11.7g R  2356   9.4  11:16.11 nts	1688351060365
3702006 toao      20   0   31.7g  17.5g  11.7g R 375.0   9.4  11:24.28 nts	1688351061087
3702006 toao      20   0   31.7g  17.5g  11.7g S 100.0   9.4  11:26.00 nts	1688351061769
3702006 toao      20   0   31.7g  17.5g  11.7g S  94.1   9.4  11:26.68 nts	1688351062454
3702006 toao      20   0   31.7g  17.5g  11.7g S 100.0   9.4  11:27.37 nts	1688351063138
3702006 toao      20   0   31.7g  17.5g  11.7g S  1505   9.4  11:36.13 nts	1688351063850
3702006 toao      20   0   31.7g  17.5g  11.7g S 262.5   9.4  11:39.06 nts	1688351064540
3702006 toao      20   0   31.7g  17.5g  11.7g S 100.0   9.4  11:39.75 nts	1688351065226
3702006 toao      20   0   31.7g  17.5g  11.7g S 100.0   9.4  11:40.44 nts	1688351065913
3702006 toao      20   0   31.7g  17.5g  11.7g S 106.2   9.4  11:41.13 nts	1688351066599
3702006 toao      20   0   31.8g  17.5g  11.7g R  1606   9.4  11:49.94 nts	1688351067318
3702006 toao      20   0   31.8g  17.6g  11.7g R  2000   9.4  11:59.31 nts	1688351067995
3702006 toao      20   0   31.7g  17.5g  11.7g S 113.3   9.4  12:03.17 nts	1688351068687
3702006 toao      20   0   31.7g  17.5g  11.7g S 100.0   9.4  12:03.85 nts	1688351069367
3702006 toao      20   0   31.7g  17.5g  11.7g S 100.0   9.4  12:04.54 nts	1688351070055
3702006 toao      20   0   31.7g  17.5g  11.7g S 106.2   9.4  12:05.23 nts	1688351070742
3702006 toao      20   0   31.7g  17.5g  11.7g R 631.2   9.4  12:14.07 nts	1688351071431
3702006 toao      20   0   31.7g  17.5g  11.7g S 100.0   9.4  12:14.90 nts	1688351072117
3702006 toao      20   0   31.7g  17.5g  11.7g S 106.2   9.4  12:15.59 nts	1688351072805
3702006 toao      20   0   31.8g  17.6g  11.7g R 200.0   9.4  12:16.43 nts	1688351073489
3702006 toao      20   0   31.7g  17.5g  11.7g R 718.8   9.4  12:25.54 nts	1688351074175
3702006 toao      20   0   31.7g  17.5g  11.7g S  94.1   9.4  12:26.73 nts	1688351074862
3702006 toao      20   0   31.7g  17.5g  11.7g S 106.2   9.4  12:27.42 nts	1688351075549
3702006 toao      20   0   31.7g  17.5g  11.7g R  1811   9.4  12:36.16 nts	1688351076262
3702006 toao      20   0   31.7g  17.5g  11.7g S 100.0   9.4  12:37.51 nts	1688351076944
3702006 toao      20   0   31.8g  17.6g  11.7g R 193.8   9.4  12:38.34 nts	1688351077626
3702006 toao      20   0   31.7g  17.5g  11.7g S 506.2   9.4  12:47.18 nts	1688351078310
3702006 toao      20   0   31.7g  17.5g  11.7g S 100.0   9.4  12:47.91 nts	1688351078991
3702006 toao      20   0   31.7g  17.5g  11.7g S 106.2   9.4  12:48.60 nts	1688351079677
3702006 toao      20   0   31.7g  17.5g  11.7g R  2472   9.3  12:56.85 nts	1688351080390
3702006 toao      20   0   31.7g  17.5g  11.7g S 106.2   9.4  12:58.97 nts	1688351081071
3702006 toao      20   0   31.7g  17.5g  11.7g S 106.2   9.4  12:59.66 nts	1688351081757
3702006 toao      20   0   31.8g  17.6g  11.7g R 218.8   9.4  13:00.53 nts	1688351082447
3702006 toao      20   0   31.7g  17.5g  11.7g S 606.2   9.4  13:10.08 nts	1688351083135
3702006 toao      20   0   31.7g  17.5g  11.7g S 100.0   9.4  13:11.51 nts	1688351083821
3702006 toao      20   0   31.7g  17.5g  11.7g S 100.0   9.4  13:12.20 nts	1688351084507
3702006 toao      20   0   31.8g  17.5g  11.7g R 143.8   9.4  13:12.95 nts	1688351085194
3702006 toao      20   0   31.7g  17.5g  11.7g R 500.0   9.4  13:21.72 nts	1688351085878
3702006 toao      20   0   31.7g  17.5g  11.7g S 100.0   9.4  13:23.05 nts	1688351086563
3702006 toao      20   0   31.7g  17.5g  11.7g S 106.2   9.4  13:23.74 nts	1688351087251
3702006 toao      20   0   31.8g  17.6g  11.7g R 200.0   9.4  13:24.59 nts	1688351087939
3702006 toao      20   0   31.8g  17.6g  11.7g R  2988   9.4  13:38.19 nts	1688351088625
3702006 toao      20   0   31.8g  17.6g  11.7g R 981.2   9.4  13:46.63 nts	1688351089311
3702006 toao      20   0   31.7g  17.5g  11.7g S 100.0   9.4  13:51.81 nts	1688351090033
3702006 toao      20   0   31.7g  17.5g  11.7g S 100.0   9.4  13:52.50 nts	1688351090722
3702006 toao      20   0   31.8g  17.6g  11.7g R  2778   9.4  14:00.09 nts	1688351091446
3702006 toao      20   0   31.7g  17.5g  11.7g S 100.0   9.4  14:01.92 nts	1688351092127
3702006 toao      20   0   31.7g  17.5g  11.7g S 100.0   9.4  14:02.60 nts	1688351092810
3702006 toao      20   0   31.8g  17.6g  11.7g R  1353   9.4  14:05.61 nts	1688351093494
3702006 toao      20   0   31.7g  17.5g  11.7g R  2133   9.4  14:17.18 nts	1688351094242
3702006 toao      20   0   31.7g  17.5g  11.7g S 556.2   9.4  14:24.71 nts	1688351094908
3702006 toao      20   0   31.7g  17.5g  11.7g S 106.2   9.4  14:25.58 nts	1688351095595
3702006 toao      20   0   31.7g  17.5g  11.7g S 100.0   9.4  14:26.26 nts	1688351096279
3702006 toao      20   0   31.8g  17.6g  11.7g R 200.0   9.4  14:27.11 nts	1688351096966
3702006 toao      20   0   31.7g  17.5g  11.7g R 325.0   9.4  14:36.18 nts	1688351097648
3702006 toao      20   0   31.7g  17.5g  11.7g S 100.0   9.4  14:36.97 nts	1688351098330
3702006 toao      20   0   31.7g  17.5g  11.7g S 100.0   9.4  14:37.66 nts	1688351099015
3702006 toao      20   0   31.8g  17.6g  11.7g R  1094   9.4  14:46.26 nts	1688351099726
3702006 toao      20   0   31.7g  17.5g  11.7g S 381.2   9.4  14:53.42 nts	1688351100410
3702006 toao      20   0   31.7g  17.5g  11.7g S 106.2   9.4  14:54.20 nts	1688351101097
3702006 toao      20   0   31.7g  17.5g  11.7g S 100.0   9.4  14:54.88 nts	1688351101782
3702006 toao      20   0   31.8g  17.6g  11.7g R 218.8   9.4  14:55.75 nts	1688351102471
3702006 toao      20   0   31.8g  17.6g  11.7g R  1100   9.4  15:05.72 nts	1688351103157
3702006 toao      20   0   31.8g  17.6g  11.7g R 425.0   9.4  15:15.93 nts	1688351103856
3702006 toao      20   0   31.7g  17.5g  11.7g S  1356   9.4  15:27.63 nts	1688351104566
3702006 toao      20   0   31.7g  17.5g  11.7g S 131.2   9.4  15:30.26 nts	1688351105258
3702006 toao      20   0   31.7g  17.5g  11.7g S 106.2   9.4  15:30.95 nts	1688351105946
3702006 toao      20   0   31.7g  17.5g  11.7g S 100.0   9.4  15:31.64 nts	1688351106635
3702006 toao      20   0   31.7g  17.5g  11.7g S 100.0   9.4  15:32.33 nts	1688351107321
3702006 toao      20   0   31.8g  17.6g  11.7g R 606.2   9.4  15:41.10 nts	1688351108037
3702006 toao      20   0   31.7g  17.5g  11.7g R  2294   9.3  15:52.72 nts	1688351108730
3702006 toao      20   0   31.8g  17.6g  11.7g R  1150   9.4  16:00.91 nts	1688351109421
3702006 toao      20   0   31.8g  17.6g  11.7g R 456.2   9.4  16:11.28 nts	1688351110125
3702006 toao      20   0   31.7g  17.5g  11.7g S 123.5   9.4  16:17.85 nts	1688351110804
3702006 toao      20   0   31.7g  17.5g  11.7g S 100.0   9.4  16:18.53 nts	1688351111489
3702006 toao      20   0   31.7g  17.5g  11.7g S 100.0   9.4  16:19.22 nts	1688351112174
3702006 toao      20   0   31.8g  17.6g  11.7g R  2788   9.4  16:26.92 nts	1688351112890
3702006 toao      20   0   31.7g  17.5g  11.7g R 412.5   9.4  16:34.19 nts	1688351113573
3702006 toao      20   0   31.7g  17.5g  11.7g S 100.0   9.4  16:35.01 nts	1688351114259
3702006 toao      20   0   31.7g  17.5g  11.7g S 100.0   9.4  16:35.69 nts	1688351114945
3702006 toao      20   0   31.7g  17.5g  11.7g S  1218   9.4  16:44.06 nts	1688351115650
3702006 toao      20   0   31.7g  17.5g  11.7g S 175.0   9.4  16:46.93 nts	1688351116341
3702006 toao      20   0   31.7g  17.5g  11.7g S 100.0   9.4  16:47.61 nts	1688351117027
3702006 toao      20   0   31.7g  17.5g  11.7g S 100.0   9.4  16:48.29 nts	1688351117713
3702006 toao      20   0   31.7g  17.5g  11.7g S 100.0   9.4  16:48.98 nts	1688351118394
3702006 toao      20   0   31.8g  17.6g  11.7g R 362.5   9.4  16:57.98 nts	1688351119077
3702006 toao      20   0   31.7g  17.5g  11.7g S 143.8   9.4  17:05.13 nts	1688351119761
3702006 toao      20   0   31.7g  17.5g  11.7g S 100.0   9.4  17:05.81 nts	1688351120444
3702006 toao      20   0   31.7g  17.5g  11.7g S 106.2   9.4  17:06.50 nts	1688351121127
3702006 toao      20   0   31.8g  17.6g  11.7g R 481.2   9.4  17:15.14 nts	1688351121814
3702006 toao      20   0   31.7g  17.5g  11.7g R  1583   9.4  17:26.91 nts	1688351122526
3702006 toao      20   0   31.8g  17.6g  11.7g R  2531   9.4  17:37.18 nts	1688351123200
3702006 toao      20   0   31.7g  17.5g  11.7g S  94.1   9.4  17:40.20 nts	1688351123902
3702006 toao      20   0   31.7g  17.5g  11.7g S 106.2   9.4  17:40.89 nts	1688351124588
3702006 toao      20   0   31.8g  17.6g  11.7g R 212.5   9.4  17:41.75 nts	1688351125273
3702006 toao      20   0   31.7g  17.5g  11.7g S 143.8   9.4  17:50.54 nts	1688351125960
3702006 toao      20   0   31.7g  17.5g  11.7g S 100.0   9.4  17:51.22 nts	1688351126646
3702006 toao      20   0   31.8g  17.6g  11.7g R  2544   9.4  17:55.98 nts	1688351127331
3702006 toao      20   0   31.7g  17.5g  11.7g S 106.2   9.4  18:00.94 nts	1688351128038
3702006 toao      20   0   31.7g  17.5g  11.7g S 100.0   9.4  18:01.62 nts	1688351128725
3702006 toao      20   0   31.8g  17.6g  11.7g R 193.8   9.4  18:02.45 nts	1688351129412
3702006 toao      20   0   31.8g  17.6g  11.7g R  2600   9.4  18:14.86 nts	1688351130099
3702006 toao      20   0   31.7g  17.5g  11.7g S  94.1   9.4  18:17.94 nts	1688351130800
3702006 toao      20   0   31.7g  17.5g  11.7g S 106.2   9.4  18:18.63 nts	1688351131487
3702006 toao      20   0   31.7g  17.5g  11.7g S 100.0   9.4  18:19.31 nts	1688351132172
3702006 toao      20   0   31.7g  17.5g  11.7g R  1865   9.4  18:27.63 nts	1688351132890
3702006 toao      20   0   31.7g  17.5g  11.7g S 100.0   9.4  18:29.06 nts	1688351133558
3702006 toao      20   0   31.7g  17.5g  11.7g S 106.2   9.4  18:29.75 nts	1688351134245
3702006 toao      20   0   31.7g  17.5g  11.7g R  2482   9.3  18:37.82 nts	1688351134942
3702006 toao      20   0   31.8g  17.6g  11.7g R 168.8   9.4  18:44.60 nts	1688351135622
3702006 toao      20   0   31.7g  17.5g  11.7g S 106.2   9.4  18:50.99 nts	1688351136308
3702006 toao      20   0   31.8g  17.6g  11.7g R 194.1   9.4  18:51.84 nts	1688351136993
3702006 toao      20   0   31.7g  17.5g  11.7g S 181.2   9.4  19:00.47 nts	1688351137710
3702006 toao      20   0   31.7g  17.5g  11.7g S 100.0   9.4  19:01.15 nts	1688351138398
3702006 toao      20   0   31.7g  17.5g  11.7g S 106.2   9.4  19:01.84 nts	1688351139082
3702006 toao      20   0   31.8g  17.6g  11.7g R  2106   9.4  19:05.90 nts	1688351139766
3702006 toao      20   0   31.8g  17.6g  11.7g R 437.5   9.4  19:16.51 nts	1688351140472
3702006 toao      20   0   31.7g  17.5g  11.7g S 443.8   9.4  19:23.97 nts	1688351141156
3702006 toao      20   0   31.7g  17.5g  11.7g S 100.0   9.4  19:24.78 nts	1688351141830
3702006 toao      20   0   31.7g  17.5g  11.7g S 100.0   9.4  19:25.47 nts	1688351142518
3702006 toao      20   0   31.8g  17.6g  11.7g R 225.0   9.4  19:26.35 nts	1688351143203
3702006 toao      20   0   31.8g  17.6g  11.7g R 925.0   9.4  19:36.39 nts	1688351143885
3702006 toao      20   0   31.7g  17.5g  11.7g R 587.5   9.4  19:47.37 nts	1688351144580
3702006 toao      20   0   31.7g  17.5g  11.7g S 100.0   9.4  19:48.62 nts	1688351145261
3702006 toao      20   0   31.7g  17.5g  11.7g S 100.0   9.4  19:49.30 nts	1688351145946
3702006 toao      20   0   31.7g  17.5g  11.7g R  2424   9.3  19:57.93 nts	1688351146670
3702006 toao      20   0   31.8g  17.6g  11.7g R  1406   9.4  20:06.89 nts	1688351147336
3702006 toao      20   0   31.7g  17.5g  11.7g R 441.2   9.4  20:17.13 nts	1688351148044
3702006 toao      20   0   31.7g  17.5g  11.7g S 100.0   9.4  20:17.90 nts	1688351148721
3702006 toao      20   0   31.7g  17.5g  11.7g S 100.0   9.4  20:18.58 nts	1688351149406
3702006 toao      20   0   31.8g  17.6g  11.7g R 331.2   9.4  20:26.82 nts	1688351150089
3702006 toao      20   0   31.8g  17.5g  11.7g R  1524   9.4  20:38.42 nts	1688351150794
3702006 toao      20   0   31.8g  17.6g  11.7g R  2100   9.4  20:48.05 nts	1688351151478
3702006 toao      20   0   31.8g  17.6g  11.7g R 350.0   9.4  20:57.14 nts	1688351152197
3702006 toao      20   0   31.7g  17.5g  11.7g S  94.1   9.4  21:03.64 nts	1688351152902
3702006 toao      20   0   31.7g  17.5g  11.7g S 100.0   9.4  21:04.33 nts	1688351153588
3702006 toao      20   0   31.7g  17.5g  11.7g S 100.0   9.4  21:05.01 nts	1688351154274
3702006 toao      20   0   31.7g  17.5g  11.7g S 106.2   9.4  21:05.70 nts	1688351154961
3702006 toao      20   0   31.8g  17.6g  11.7g R 958.8   9.4  21:13.99 nts	1688351155674
3702006 toao      20   0   60.9g  19.2g  12.9g R 437.5  10.2  21:18.92 nts	1688351156367
3702006 toao      20   0   62.8g  20.9g  14.5g R 206.2  11.1  21:20.29 nts	1688351157053
3702006 toao      20   0   69.7g  21.1g  14.6g S  1406  11.2  21:28.66 nts	1688351157746
3702006 toao      20   0   71.5g  21.1g  14.6g S  1281  11.2  21:37.43 nts	1688351158434
3702006 toao      20   0   70.6g  21.0g  14.6g S 843.8  11.2  21:45.26 nts	1688351159126
3702006 toao      20   0   71.4g  20.8g  14.6g S  1447  11.1  21:53.79 nts	1688351159815
3702006 toao      20   0   71.6g  21.0g  14.6g S  1159  11.2  22:01.54 nts	1688351160502
3702006 toao      20   0   71.5g  21.0g  14.6g S 900.0  11.2  22:09.46 nts	1688351161199
3702006 toao      20   0   71.9g  21.0g  14.6g S 929.4  11.2  22:18.53 nts	1688351161899
3702006 toao      20   0   71.7g  20.8g  14.6g S  1306  11.1  22:27.27 nts	1688351162598
3702006 toao      20   0   71.7g  21.1g  14.6g S  1469  11.2  22:35.92 nts	1688351163287
3702006 toao      20   0   71.4g  20.8g  14.6g S  1531  11.1  22:44.36 nts	1688351163972
3702006 toao      20   0   71.5g  20.8g  14.6g S  1581  11.1  22:53.22 nts	1688351164651
3702006 toao      20   0   70.5g  20.8g  14.6g S  1250  11.1  23:02.03 nts	1688351165340
3702006 toao      20   0   71.5g  20.8g  14.6g S  1241  11.1  23:10.37 nts	1688351166024
3702006 toao      20   0   71.5g  20.8g  14.6g S  1144  11.1  23:18.97 nts	1688351166708
3702006 toao      20   0   71.5g  20.8g  14.6g S 506.2  11.1  23:27.36 nts	1688351167390
3702006 toao      20   0   71.6g  20.9g  14.6g S  1038  11.1  23:35.65 nts	1688351168078
3702006 toao      20   0   71.6g  21.0g  14.6g S 937.5  11.2  23:44.67 nts	1688351168764
3702006 toao      20   0   70.2g  21.1g  14.8g S 656.2  11.2  23:53.12 nts	1688351169442
3702006 toao      20   0   72.0g  21.2g  14.8g S  1071  11.3  24:02.65 nts	1688351170125
3702006 toao      20   0   71.4g  21.3g  14.8g S  1512  11.4  24:12.48 nts	1688351170804
3702006 toao      20   0   70.3g  21.3g  14.8g S  1619  11.4  24:21.99 nts	1688351171501
3702006 toao      20   0   71.7g  21.1g  14.8g S  1438  11.2  24:31.02 nts	1688351172180
3702006 toao      20   0   70.1g  21.1g  14.8g S  1238  11.2  24:40.15 nts	1688351172858
3702006 toao      20   0   71.1g  21.2g  14.8g S  1006  11.3  24:49.50 nts	1688351173538
3702006 toao      20   0   72.4g  21.3g  14.8g S  1606  11.4  24:59.56 nts	1688351174223
3702006 toao      20   0   72.1g  21.1g  14.8g S  1600  11.2  25:08.34 nts	1688351174900
3702006 toao      20   0   72.1g  21.2g  14.8g S  1050  11.3  25:17.45 nts	1688351175597
3702006 toao      20   0   71.9g  21.1g  14.8g S  1431  11.2  25:26.75 nts	1688351176297
3702006 toao      20   0   71.0g  21.1g  14.8g S  1259  11.2  25:36.00 nts	1688351176977
3702006 toao      20   0   72.2g  21.1g  14.8g S  1100  11.2  25:44.86 nts	1688351177671
3702006 toao      20   0   72.2g  21.1g  14.8g S  1369  11.2  25:52.67 nts	1688351178358
3702006 toao      20   0   72.4g  21.1g  14.8g S  1588  11.2  26:01.57 nts	1688351179041
3702006 toao      20   0   72.5g  21.1g  14.8g S  1153  11.2  26:10.40 nts	1688351179733
3702006 toao      20   0   72.5g  21.1g  14.8g S  1494  11.2  26:18.43 nts	1688351180408
3702006 toao      20   0   72.5g  21.1g  14.8g S  1612  11.2  26:27.38 nts	1688351181087
3702006 toao      20   0   72.7g  21.2g  14.8g S  1056  11.3  26:36.70 nts	1688351181776
3702006 toao      20   0   70.7g  21.2g  14.8g S 687.5  11.3  26:45.02 nts	1688351182476
3702006 toao      20   0   71.0g  21.2g  14.8g S 987.5  11.3  26:54.26 nts	1688351183153
3702006 toao      20   0   70.9g  21.1g  14.8g S  1138  11.2  27:01.84 nts	1688351183834
3702006 toao      20   0   77.1g  21.1g  14.8g S  1250  11.2  27:10.62 nts	1688351184522
3702006 toao      20   0   75.4g  21.2g  14.8g S 981.2  11.3  27:19.92 nts	1688351185207
3702006 toao      20   0   78.9g  21.1g  14.8g S 575.0  11.2  27:28.52 nts	1688351185912
3702006 toao      20   0   78.9g  21.1g  14.8g S  1350  11.2  27:36.70 nts	1688351186592
3702006 toao      20   0   79.1g  21.1g  14.8g S  1419  11.2  27:46.29 nts	1688351187269
3702006 toao      20   0   79.2g  21.1g  14.8g S  1288  11.2  27:54.90 nts	1688351187954
3702006 toao      20   0   79.4g  21.1g  14.8g S  1106  11.2  28:03.87 nts	1688351188638
3702006 toao      20   0   79.0g  21.1g  14.8g S  1482  11.2  28:12.53 nts	1688351189324
3702006 toao      20   0   77.4g  21.1g  14.8g S  1712  11.2  28:21.59 nts	1688351190005
3702006 toao      20   0   79.4g  21.3g  14.8g S  1281  11.4  28:29.40 nts	1688351190688
3702006 toao      20   0   79.4g  21.2g  14.8g S  1535  11.3  28:38.18 nts	1688351191371
3702006 toao      20   0   79.2g  21.1g  14.8g S  1338  11.2  28:46.24 nts	1688351192053
3702006 toao      20   0   77.6g  21.1g  14.8g S  1529  11.2  28:55.32 nts	1688351192734
3702006 toao      20   0   77.3g  21.1g  14.8g S  1612  11.2  29:04.23 nts	1688351193414
3702006 toao      20   0   77.4g  21.1g  14.8g S  1500  11.2  29:12.72 nts	1688351194092
3702006 toao      20   0   77.8g  21.1g  14.8g S  1294  11.2  29:21.35 nts	1688351194778
3702006 toao      20   0   78.7g  21.2g  14.8g S 876.5  11.3  29:30.14 nts	1688351195464
3702006 toao      20   0   78.5g  21.3g  14.8g S  1712  11.4  29:40.27 nts	1688351196151
3702006 toao      20   0   78.8g  21.1g  14.8g S  1456  11.2  29:49.47 nts	1688351196830
3702006 toao      20   0   77.4g  21.1g  14.8g S  1888  11.2  29:59.32 nts	1688351197509
3702006 toao      20   0   79.3g  21.1g  14.8g S  1588  11.2  30:08.84 nts	1688351198195
3702006 toao      20   0   78.1g  21.1g  14.8g S  1481  11.2  30:18.02 nts	1688351198879
3702006 toao      20   0   79.2g  21.1g  14.8g S  1459  11.2  30:26.56 nts	1688351199568
3702006 toao      20   0   78.6g  21.1g  14.8g S  1435  11.2  30:35.20 nts	1688351200265
3702006 toao      20   0   78.5g  21.2g  14.8g S  1450  11.3  30:43.52 nts	1688351200953
3702006 toao      20   0   79.1g  21.1g  14.8g S  1381  11.2  30:51.77 nts	1688351201628
3702006 toao      20   0   79.1g  21.1g  14.8g S  1359  11.2  31:00.26 nts	1688351202305
3702006 toao      20   0   77.8g  21.1g  14.8g S  1382  11.2  31:09.04 nts	1688351202983
3702006 toao      20   0   77.9g  21.1g  14.8g S  1319  11.2  31:16.94 nts	1688351203664
3702006 toao      20   0   79.1g  21.1g  14.8g S  1494  11.2  31:25.83 nts	1688351204339
3702006 toao      20   0   79.1g  21.1g  14.8g S  1431  11.2  31:34.87 nts	1688351205019
3702006 toao      20   0   79.3g  21.1g  14.8g S  1362  11.2  31:43.56 nts	1688351205707
3702006 toao      20   0   79.3g  21.1g  14.8g S  1194  11.2  31:52.37 nts	1688351206394
3702006 toao      20   0   79.3g  21.1g  14.8g S  1188  11.2  32:01.01 nts	1688351207079
3702006 toao      20   0   79.3g  21.1g  14.8g S  1256  11.2  32:09.89 nts	1688351207773
3702006 toao      20   0   79.4g  21.2g  14.8g S 981.2  11.3  32:19.08 nts	1688351208457
3702006 toao      20   0   79.5g  21.3g  14.8g S  1335  11.4  32:28.37 nts	1688351209135
3702006 toao      20   0   77.6g  21.2g  14.8g S 937.5  11.3  32:36.31 nts	1688351209824
3702006 toao      20   0   77.5g  21.1g  14.8g S 693.8  11.2  32:44.16 nts	1688351210540
3702006 toao      20   0   77.9g  21.1g  14.8g S  1282  11.2  32:52.16 nts	1688351211204
3702006 toao      20   0   78.5g  21.2g  14.8g S  1394  11.3  33:00.45 nts	1688351211887
3702006 toao      20   0   78.3g  21.1g  14.8g S  1294  11.2  33:09.21 nts	1688351212565
3702006 toao      20   0   77.3g  21.2g  14.8g S 875.0  11.3  33:16.88 nts	1688351213246
3702006 toao      20   0   78.5g  21.1g  14.8g S  1559  11.2  33:25.09 nts	1688351213934
3702006 toao      20   0   77.0g  21.1g  14.8g S  1794  11.2  33:34.00 nts	1688351214619
3702006 toao      20   0   79.2g  21.1g  14.8g S  1435  11.2  33:42.76 nts	1688351215304
3702006 toao      20   0   79.2g  21.1g  14.8g S  1575  11.2  33:51.39 nts	1688351215989
3702006 toao      20   0   79.3g  21.1g  14.8g S  1475  11.2  34:00.01 nts	1688351216676
3702006 toao      20   0   79.3g  21.1g  14.8g S  1659  11.2  34:09.23 nts	1688351217355
3702006 toao      20   0   76.5g  21.2g  14.8g S 986.7  11.3  34:16.96 nts	1688351218036
3702006 toao      20   0   79.4g  21.2g  14.8g S 931.2  11.3  34:25.28 nts	1688351218724
3702006 toao      20   0   77.2g  21.3g  14.8g S  1647  11.4  34:35.18 nts	1688351219418
3702006 toao      20   0   78.0g  21.1g  14.8g S  1627  11.2  34:43.84 nts	1688351220106
3702006 toao      20   0   77.3g  21.1g  14.8g S  1588  11.2  34:53.12 nts	1688351220781
3702006 toao      20   0   77.5g  21.2g  14.8g S  1162  11.3  35:02.63 nts	1688351221482
3702006 toao      20   0   76.9g  21.2g  14.8g S  1781  11.3  35:12.82 nts	1688351222158
3702006 toao      20   0   77.9g  21.1g  14.8g S  1438  11.2  35:21.05 nts	1688351222844
3702006 toao      20   0   78.6g  21.1g  14.8g S  1606  11.2  35:30.15 nts	1688351223528
3702006 toao      20   0   76.5g  21.1g  14.8g S  1244  11.2  35:39.41 nts	1688351224211
3702006 toao      20   0   79.1g  21.2g  14.8g S 931.2  11.3  35:48.76 nts	1688351224895
3702006 toao      20   0   77.7g  21.1g  14.8g S 731.2  11.3  35:57.79 nts	1688351225580
3702006 toao      20   0   76.7g  21.1g  14.8g S 937.5  11.3  36:06.73 nts	1688351226280
3702006 toao      20   0   79.2g  21.1g  14.8g S  1088  11.3  36:15.62 nts	1688351226950
3702006 toao      20   0   79.3g  21.1g  14.8g S  1425  11.3  36:23.94 nts	1688351227638
3702006 toao      20   0   79.3g  21.1g  14.8g S  1562  11.3  36:32.35 nts	1688351228319
3702006 toao      20   0   78.4g  21.1g  14.8g S  1519  11.3  36:41.15 nts	1688351229007
3702006 toao      20   0   79.4g  21.2g  14.8g S  1438  11.3  36:48.91 nts	1688351229683
3702006 toao      20   0   79.0g  21.3g  14.8g S  1450  11.4  36:57.39 nts	1688351230358
3702006 toao      20   0   78.8g  21.1g  14.8g S  1469  11.2  37:05.70 nts	1688351231037
3702006 toao      20   0   79.0g  21.1g  14.8g S 725.0  11.2  37:14.23 nts	1688351231728
3702006 toao      20   0   76.7g  21.1g  14.8g S 737.5  11.3  37:23.28 nts	1688351232405
3702006 toao      20   0   79.3g  21.1g  14.8g S  1156  11.3  37:31.73 nts	1688351233089
3702006 toao      20   0   79.3g  21.1g  14.8g S  1250  11.3  37:40.07 nts	1688351233782
3702006 toao      20   0   79.6g  21.1g  14.8g S  1012  11.3  37:48.93 nts	1688351234456
3702006 toao      20   0   77.7g  21.1g  14.8g S  1475  11.3  37:57.44 nts	1688351235136
3702006 toao      20   0   79.8g  21.1g  14.8g S  1600  11.3  38:06.32 nts	1688351235817
3702006 toao      20   0   78.8g  21.1g  14.8g S  1375  11.3  38:14.61 nts	1688351236505
3702006 toao      20   0   78.1g  21.1g  14.8g S  1556  11.3  38:23.65 nts	1688351237188
3702006 toao      20   0   78.8g  21.1g  14.8g S  1544  11.3  38:32.56 nts	1688351237873
3702006 toao      20   0   79.6g  21.1g  14.8g S  1394  11.2  38:41.14 nts	1688351238554
3702006 toao      20   0   79.8g  21.2g  14.8g S  1438  11.3  38:49.13 nts	1688351239237
3702006 toao      20   0   79.1g  21.1g  14.8g S  1700  11.3  38:57.40 nts	1688351239921
3702006 toao      20   0       0      0      0 Z 106.2   0.0  38:58.21 nts	1688351240608
3702006 toao      20   0       0      0      0 Z 106.2   0.0  38:58.89 nts	1688351241298
3702006 toao      20   0       0      0      0 Z 106.2   0.0  38:59.57 nts	1688351241987
3702006 toao      20   0       0      0      0 Z 106.2   0.0  39:00.26 nts	1688351242676
