3412999 toao      20   0 2487864 101168  68560 R 100.0   0.1   0:00.18 nts	1693221714642
3412999 toao      20   0 8370196 217080 117500 R  7782   0.2   0:28.51 nts	1693221715377
3412999 toao      20   0 8462428 281568 117792 R 205.9   0.2   0:58.22 nts	1693221716101
3412999 toao      20   0 8462428 281568 117792 R 194.4   0.2   0:59.64 nts	1693221716810
3412999 toao      20   0 8462428 281568 117792 R 200.0   0.2   1:01.03 nts	1693221717515
3412999 toao      20   0 8462428 281568 117792 R 200.0   0.2   1:02.43 nts	1693221718218
3412999 toao      20   0 8462428 281568 117792 R 194.1   0.2   1:03.82 nts	1693221718918
3412999 toao      20   0 8462428 281568 117792 R 212.5   0.2   1:05.23 nts	1693221719623
3412999 toao      20   0 8462428 281568 117792 R 194.1   0.2   1:06.62 nts	1693221720322
3412999 toao      20   0 8462428 281568 117792 R 205.9   0.2   1:08.04 nts	1693221721026
3412999 toao      20   0 8462428 281568 117792 R 218.8   0.2   1:09.44 nts	1693221721734
3412999 toao      20   0 8462428 281568 117792 R 194.1   0.2   1:10.82 nts	1693221722431
3412999 toao      20   0 8462428 281568 117792 R 200.0   0.2   1:12.22 nts	1693221723129
3412999 toao      20   0 8462428 300840 117792 R 200.0   0.2   1:13.62 nts	1693221723831
3412999 toao      20   0 8462428 300840 117792 R 200.0   0.2   1:15.02 nts	1693221724531
3412999 toao      20   0 8462428 300840 117792 R 206.2   0.2   1:16.41 nts	1693221725233
3412999 toao      20   0 8462428 300840 117792 R 194.1   0.2   1:17.80 nts	1693221725934
3412999 toao      20   0 8462428 300840 117792 R 212.5   0.2   1:19.20 nts	1693221726634
3412999 toao      20   0 8462428 300840 117792 R 200.0   0.2   1:20.60 nts	1693221727334
3412999 toao      20   0 8462428 300840 117792 R 200.0   0.2   1:22.00 nts	1693221728038
3412999 toao      20   0 8462428 300840 117792 R 200.0   0.2   1:23.39 nts	1693221728738
3412999 toao      20   0 9720188 595052 117920 R  1141   0.5   1:26.31 nts	1693221729438
3412999 toao      20   0 9720188 597408 117920 R 988.2   0.5   1:34.15 nts	1693221730138
3412999 toao      20   0 9720188 597928 117920 R  1347   0.5   1:42.24 nts	1693221730840
3412999 toao      20   0 9720188 831480 117920 R  1025   0.6   1:49.75 nts	1693221731543
3412999 toao      20   0 9720188 832272 117920 R  1482   0.6   2:00.28 nts	1693221732246
3412999 toao      20   0 9720188 832272 117920 R  1488   0.6   2:10.92 nts	1693221732953
3412999 toao      20   0   13.4g 836832 118056 R 211.8   0.6   2:15.74 nts	1693221733658
3412999 toao      20   0   13.4g 837092 118056 R 200.0   0.6   2:17.13 nts	1693221734361
3412999 toao      20   0   13.4g 837356 118056 R 200.0   0.6   2:18.54 nts	1693221735061
3412999 toao      20   0   13.4g 837884 118056 R 194.1   0.6   2:19.94 nts	1693221735766
3412999 toao      20   0   13.4g 838412 118056 R 194.1   0.6   2:21.33 nts	1693221736471
3412999 toao      20   0   13.4g 840260 118056 R 205.9   0.6   2:22.74 nts	1693221737170
3412999 toao      20   0   13.4g 842372 118056 R 200.0   0.6   2:24.13 nts	1693221737870
3412999 toao      20   0   13.4g 844484 118056 R 200.0   0.6   2:25.53 nts	1693221738570
3412999 toao      20   0   13.4g 846332 118056 R 205.9   0.6   2:26.93 nts	1693221739271
3412999 toao      20   0   13.4g 848180 118056 R 212.5   0.6   2:28.33 nts	1693221739973
3412999 toao      20   0   13.4g 850292 118056 R 200.0   0.6   2:29.72 nts	1693221740676
3412999 toao      20   0   13.4g 852404 118056 R 200.0   0.6   2:31.12 nts	1693221741374
3412999 toao      20   0   13.4g 854516 118056 R 200.0   0.6   2:32.52 nts	1693221742075
3412999 toao      20   0   13.4g 856100 118056 R 200.0   0.7   2:33.92 nts	1693221742774
3412999 toao      20   0   13.4g 856628 118056 R 200.0   0.7   2:35.30 nts	1693221743475
3412999 toao      20   0   13.4g 857420 118056 R 194.1   0.7   2:36.70 nts	1693221744175
3412999 toao      20   0   13.4g 860324 118056 R 206.2   0.7   2:38.09 nts	1693221744872
3412999 toao      20   0   13.4g 863228 118056 R 194.1   0.7   2:39.48 nts	1693221745571
3412999 toao      20   0   13.4g 866396 118056 R 194.1   0.7   2:40.88 nts	1693221746270
3412999 toao      20   0   13.4g 870092 118056 R 200.0   0.7   2:42.28 nts	1693221746975
3412999 toao      20   0   13.4g 873260 118056 R 194.1   0.7   2:43.68 nts	1693221747675
3412999 toao      20   0   14.6g 964228 118056 R 670.6   0.7   2:46.14 nts	1693221748376
3412999 toao      20   0   14.6g   1.0g 118056 R 476.5   0.8   2:50.20 nts	1693221749079
3412999 toao      20   0   14.6g   1.1g 118056 R 605.9   0.9   2:53.94 nts	1693221749780
3412999 toao      20   0   14.6g   1.3g 118056 R 588.2   1.0   2:58.44 nts	1693221750483
3412999 toao      20   0   18.6g   1.3g 118056 R 464.7   1.1   3:02.22 nts	1693221751187
3412999 toao      20   0   18.6g   1.4g 118056 R  94.4   1.1   3:04.42 nts	1693221751890
3412999 toao      20   0   18.6g   1.4g 118056 R 100.0   1.1   3:05.14 nts	1693221752598
3412999 toao      20   0   18.6g   1.4g 118056 R 100.0   1.1   3:05.83 nts	1693221753305
3412999 toao      20   0   18.6g   1.4g 118056 R 100.0   1.1   3:06.54 nts	1693221754006
3412999 toao      20   0   18.6g   1.4g 118056 R 100.0   1.1   3:07.25 nts	1693221754712
3412999 toao      20   0   19.1g   1.4g 118056 R  94.1   1.1   3:07.94 nts	1693221755415
3412999 toao      20   0   19.1g   1.7g 118056 R 105.9   1.3   3:08.65 nts	1693221756119
3412999 toao      20   0   19.1g   1.7g 118056 R 100.0   1.3   3:09.34 nts	1693221756820
3412999 toao      20   0   19.1g   1.7g 118056 R  94.1   1.3   3:10.04 nts	1693221757518
3412999 toao      20   0   19.1g   1.7g 118056 R 105.9   1.3   3:10.76 nts	1693221758218
3412999 toao      20   0   19.1g   1.7g 118056 R 106.2   1.3   3:11.45 nts	1693221758924
3412999 toao      20   0   19.1g   1.7g 118056 R 100.0   1.3   3:12.15 nts	1693221759622
3412999 toao      20   0   19.1g   1.7g 118056 R 100.0   1.3   3:12.85 nts	1693221760322
3412999 toao      20   0   19.1g   1.7g 118056 R 106.2   1.3   3:13.55 nts	1693221761026
3412999 toao      20   0   19.1g   1.8g 118056 R 106.2   1.4   3:14.25 nts	1693221761722
3412999 toao      20   0   19.1g   1.9g 118056 R 100.0   1.5   3:14.94 nts	1693221762423
3412999 toao      20   0   19.1g   1.9g 118056 R 112.5   1.5   3:15.65 nts	1693221763122
3412999 toao      20   0   19.1g   1.9g 118056 R 100.0   1.5   3:16.35 nts	1693221763823
3412999 toao      20   0   19.1g   1.9g 118056 R 100.0   1.5   3:17.05 nts	1693221764526
3412999 toao      20   0   19.1g   1.9g 118056 R 100.0   1.5   3:17.75 nts	1693221765225
3412999 toao      20   0   19.1g   1.9g 118056 R  94.1   1.5   3:18.45 nts	1693221765926
3412999 toao      20   0   19.1g   1.9g 118056 R 100.0   1.5   3:19.15 nts	1693221766626
3412999 toao      20   0   19.1g   1.9g 118056 R 105.9   1.5   3:19.86 nts	1693221767327
3412999 toao      20   0   19.1g   1.9g 118056 R 100.0   1.5   3:20.55 nts	1693221768030
3412999 toao      20   0   19.1g   1.9g 118056 R 100.0   1.5   3:21.26 nts	1693221768731
3412999 toao      20   0   28.5g   2.4g 270704 R 112.5   1.9   3:23.27 nts	1693221769432
3412999 toao      20   0   29.4g   3.1g 375204 R 100.0   2.5   3:23.97 nts	1693221770134
3412999 toao      20   0   30.4g   4.0g 519240 R 100.0   3.2   3:24.67 nts	1693221770839
3412999 toao      20   0   31.0g   4.6g 531940 R  94.4   3.6   3:25.37 nts	1693221771541
3412999 toao      20   0   31.9g   4.9g 845304 R 100.0   3.9   3:26.08 nts	1693221772246
3412999 toao      20   0   31.9g   5.5g   1.4g R 105.9   4.4   3:26.78 nts	1693221772946
3412999 toao      20   0   31.9g   5.5g   1.4g R 100.0   4.4   3:27.48 nts	1693221773647
3412999 toao      20   0   31.9g   5.5g   1.4g R 100.0   4.4   3:28.17 nts	1693221774347
3412999 toao      20   0   31.9g   5.5g   1.4g R  94.1   4.4   3:28.87 nts	1693221775050
3412999 toao      20   0   31.9g   5.5g   1.4g R 100.0   4.4   3:29.58 nts	1693221775750
3412999 toao      20   0   31.9g   5.5g   1.4g R 100.0   4.4   3:30.27 nts	1693221776450
3412999 toao      20   0   31.9g   5.5g   1.4g R  94.4   4.4   3:30.98 nts	1693221777150
3412999 toao      20   0   31.9g   5.5g   1.4g R 100.0   4.4   3:31.68 nts	1693221777855
3412999 toao      20   0   31.9g   5.5g   1.4g R  94.1   4.4   3:32.38 nts	1693221778558
3412999 toao      20   0   31.9g   5.5g   1.4g R  94.1   4.4   3:33.09 nts	1693221779258
3412999 toao      20   0   31.9g   5.5g   1.4g R 106.2   4.4   3:33.79 nts	1693221779963
3412999 toao      20   0   31.9g   5.5g   1.4g R 100.0   4.4   3:34.49 nts	1693221780663
3412999 toao      20   0   31.9g   5.5g   1.4g R 106.2   4.4   3:35.19 nts	1693221781365
3412999 toao      20   0   31.9g   5.5g   1.4g R 106.2   4.4   3:35.89 nts	1693221782062
3412999 toao      20   0   31.9g   5.5g   1.4g R 100.0   4.4   3:36.60 nts	1693221782762
3412999 toao      20   0   31.9g   5.5g   1.4g R 100.0   4.4   3:37.30 nts	1693221783467
3412999 toao      20   0   31.9g   5.5g   1.4g R 100.0   4.4   3:38.00 nts	1693221784166
3412999 toao      20   0   31.9g   5.5g   1.4g R 100.0   4.4   3:38.70 nts	1693221784866
3412999 toao      20   0   31.9g   5.5g   1.4g R 100.0   4.4   3:39.40 nts	1693221785566
3412999 toao      20   0   31.9g   5.5g   1.4g R 100.0   4.4   3:40.10 nts	1693221786267
3412999 toao      20   0   31.9g   5.5g   1.4g R 100.0   4.4   3:40.80 nts	1693221786971
3412999 toao      20   0   31.9g   5.5g   1.4g R 100.0   4.4   3:41.50 nts	1693221787670
3412999 toao      20   0   31.9g   5.5g   1.4g R  94.1   4.4   3:42.19 nts	1693221788370
3412999 toao      20   0   31.9g   5.5g   1.4g R 100.0   4.4   3:42.90 nts	1693221789070
3412999 toao      20   0   31.9g   5.5g   1.4g R 105.9   4.4   3:43.61 nts	1693221789770
3412999 toao      20   0   31.9g   5.5g   1.4g R 100.0   4.4   3:44.30 nts	1693221790471
3412999 toao      20   0   31.9g   5.5g   1.4g R  94.1   4.4   3:44.99 nts	1693221791170
3412999 toao      20   0   31.9g   5.5g   1.4g R 100.0   4.4   3:45.70 nts	1693221791870
3412999 toao      20   0   31.9g   5.5g   1.4g R 100.0   4.4   3:46.40 nts	1693221792570
3412999 toao      20   0   31.9g   5.5g   1.4g R  94.1   4.4   3:47.10 nts	1693221793270
3412999 toao      20   0   31.9g   5.5g   1.4g R  94.1   4.4   3:47.80 nts	1693221793970
3412999 toao      20   0   31.9g   5.5g   1.4g R 100.0   4.4   3:48.51 nts	1693221794674
3412999 toao      20   0   31.9g   5.5g   1.4g R 100.0   4.4   3:49.21 nts	1693221795374
3412999 toao      20   0   31.9g   5.5g   1.4g R 100.0   4.4   3:49.91 nts	1693221796075
3412999 toao      20   0   31.9g   5.5g   1.4g R 100.0   4.4   3:50.60 nts	1693221796774
3412999 toao      20   0   31.9g   5.5g   1.4g R 100.0   4.4   3:51.30 nts	1693221797474
3412999 toao      20   0   31.9g   5.5g   1.4g R 106.2   4.4   3:52.01 nts	1693221798174
3412999 toao      20   0   31.9g   5.5g   1.4g R 100.0   4.4   3:52.71 nts	1693221798874
3412999 toao      20   0   31.9g   5.5g   1.4g R 100.0   4.4   3:53.41 nts	1693221799576
3412999 toao      20   0   31.9g   5.5g   1.4g R 100.0   4.4   3:54.11 nts	1693221800275
3412999 toao      20   0   31.9g   5.5g   1.4g R 100.0   4.4   3:54.80 nts	1693221800974
3412999 toao      20   0   31.9g   5.5g   1.4g R 100.0   4.4   3:55.50 nts	1693221801674
3412999 toao      20   0   31.9g   5.5g   1.4g R 106.2   4.4   3:56.21 nts	1693221802373
3412999 toao      20   0   31.9g   5.5g   1.4g R  94.1   4.4   3:56.90 nts	1693221803074
3412999 toao      20   0   31.9g   5.5g   1.4g R  94.1   4.4   3:57.60 nts	1693221803774
3412999 toao      20   0   31.9g   5.5g   1.4g R 100.0   4.4   3:58.31 nts	1693221804474
3412999 toao      20   0   31.9g   5.5g   1.4g R 100.0   4.4   3:59.00 nts	1693221805175
3412999 toao      20   0   31.9g   5.5g   1.4g R 106.2   4.4   3:59.71 nts	1693221805873
3412999 toao      20   0   31.9g   5.5g   1.4g R 105.9   4.4   4:00.41 nts	1693221806571
3412999 toao      20   0   31.9g   5.5g   1.4g R 100.0   4.4   4:01.10 nts	1693221807271
3412999 toao      20   0   31.9g   5.5g   1.4g R 100.0   4.4   4:01.80 nts	1693221807970
3412999 toao      20   0   31.9g   5.5g   1.4g R 100.0   4.4   4:02.50 nts	1693221808670
3412999 toao      20   0   31.9g   5.5g   1.4g R  94.1   4.4   4:03.20 nts	1693221809370
3412999 toao      20   0   31.9g   5.5g   1.4g R 100.0   4.4   4:03.90 nts	1693221810070
3412999 toao      20   0   31.9g   5.5g   1.4g R 100.0   4.4   4:04.60 nts	1693221810770
3412999 toao      20   0   31.9g   5.5g   1.4g R  94.1   4.4   4:05.30 nts	1693221811470
3412999 toao      20   0   31.9g   5.5g   1.4g R  94.1   4.4   4:06.00 nts	1693221812170
3412999 toao      20   0   31.9g   5.5g   1.4g R  94.1   4.4   4:06.70 nts	1693221812871
3412999 toao      20   0   32.0g   5.5g   1.4g R  1494   4.4   4:09.75 nts	1693221813570
3412999 toao      20   0   34.6g   5.6g   1.4g R  3418   4.4   4:29.87 nts	1693221814266
3412999 toao      20   0   34.6g   5.6g   1.4g R  1669   4.4   4:48.33 nts	1693221814983
3412999 toao      20   0   34.6g   5.6g   1.4g R  1682   4.4   5:09.96 nts	1693221815679
3412999 toao      20   0   34.6g   5.6g   1.4g R  3500   4.4   5:32.90 nts	1693221816381
3412999 toao      20   0   34.6g   5.6g   1.4g R  3300   4.4   5:51.15 nts	1693221817088
3412999 toao      20   0   34.6g   5.6g   1.4g S  2588   4.4   6:08.00 nts	1693221817783
3412999 toao      20   0   34.6g   5.6g   1.4g R 800.0   4.4   6:22.49 nts	1693221818488
3412999 toao      20   0   34.6g   5.6g   1.4g R  2668   4.4   6:43.80 nts	1693221819179
3412999 toao      20   0   34.6g   5.6g   1.4g R 876.5   4.4   7:00.04 nts	1693221819899
3412999 toao      20   0   34.6g   5.6g   1.4g R  4035   4.4   7:19.36 nts	1693221820596
3412999 toao      20   0   34.6g   5.6g   1.4g R 976.5   4.4   7:36.93 nts	1693221821302
3412999 toao      20   0   34.6g   5.6g   1.4g S  4341   4.4   7:57.60 nts	1693221821999
3412999 toao      20   0   34.6g   5.6g   1.4g R  4000   4.4   8:17.95 nts	1693221822697
3412999 toao      20   0   34.6g   5.6g   1.4g R  1371   4.4   8:37.62 nts	1693221823417
3412999 toao      20   0   34.6g   5.6g   1.4g R  3853   4.4   8:57.85 nts	1693221824118
3412999 toao      20   0   34.6g   5.6g   1.4g R  1435   4.4   9:16.64 nts	1693221824819
3412999 toao      20   0   34.6g   5.6g   1.4g S  5265   4.4   9:39.51 nts	1693221825519
3412999 toao      20   0   34.6g   5.6g   1.4g R  1781   4.4   9:55.10 nts	1693221826222
3412999 toao      20   0   34.6g   5.6g   1.4g R  2641   4.4  10:16.05 nts	1693221826921
3412999 toao      20   0   34.6g   5.6g   1.4g R  4300   4.4  10:36.19 nts	1693221827624
3412999 toao      20   0   34.6g   5.6g   1.4g S 358.8   4.4  10:54.19 nts	1693221828314
3412999 toao      20   0   34.6g   5.6g   1.4g S  4862   4.4  11:16.19 nts	1693221829021
3412999 toao      20   0   34.6g   5.6g   1.4g R  3318   4.4  11:34.04 nts	1693221829724
3412999 toao      20   0   34.6g   5.6g   1.4g R 729.4   4.4  11:51.97 nts	1693221830428
3412999 toao      20   0   34.4g   5.6g   1.4g R  3094   4.5  12:14.46 nts	1693221831131
3412999 toao      20   0   90.5g   6.8g   2.5g R 364.7   5.4  12:19.51 nts	1693221831837
3412999 toao      20   0   94.9g   7.2g   3.0g S  1941   5.8  12:28.40 nts	1693221832543
3412999 toao      20   0   96.1g   7.3g   3.0g S  1724   5.8  12:40.99 nts	1693221833247
3412999 toao      20   0   97.0g   7.4g   3.0g S  1447   5.9  12:54.76 nts	1693221833947
3412999 toao      20   0   96.4g   7.4g   3.0g S  1994   5.9  13:08.13 nts	1693221834648
3412999 toao      20   0   96.7g   7.5g   3.0g S  2171   6.0  13:22.99 nts	1693221835350
3412999 toao      20   0   97.7g   7.5g   3.0g S  1612   6.0  13:35.07 nts	1693221836049
3412999 toao      20   0   98.0g   7.6g   3.0g S  2044   6.0  13:50.07 nts	1693221836750
3412999 toao      20   0   98.6g   7.6g   3.0g S  1750   6.1  14:03.06 nts	1693221837463
3412999 toao      20   0   98.1g   7.7g   3.0g S  2129   6.1  14:16.93 nts	1693221838163
3412999 toao      20   0   98.2g   7.7g   3.0g S  2082   6.1  14:31.64 nts	1693221838866
3412999 toao      20   0   98.2g   7.7g   3.0g S  1871   6.1  14:45.91 nts	1693221839571
3412999 toao      20   0  114.7g   7.7g   3.0g S  1994   6.1  14:58.22 nts	1693221840275
3412999 toao      20   0  114.7g   7.7g   3.0g S  2165   6.1  15:13.09 nts	1693221840978
3412999 toao      20   0  116.0g   7.7g   3.0g S  1929   6.1  15:26.69 nts	1693221841683
3412999 toao      20   0  116.0g   7.7g   3.0g S  2281   6.1  15:39.69 nts	1693221842384
3412999 toao      20   0  116.0g   7.7g   3.0g S  2176   6.1  15:54.39 nts	1693221843083
3412999 toao      20   0  116.5g   7.7g   3.0g S  1224   6.2  16:06.86 nts	1693221843787
3412999 toao      20   0  116.1g   7.7g   3.0g S  2006   6.1  16:21.08 nts	1693221844491
3412999 toao      20   0  116.1g   7.7g   3.0g S  2118   6.1  16:35.77 nts	1693221845195
3412999 toao      20   0  116.7g   7.7g   3.0g S  1635   6.2  16:49.13 nts	1693221845899
3412999 toao      20   0  116.1g   7.7g   3.0g S  2012   6.1  17:02.49 nts	1693221846598
3412999 toao      20   0  116.7g   7.7g   3.0g S  1606   6.2  17:15.82 nts	1693221847298
3412999 toao      20   0  115.4g   7.7g   3.0g S  2000   6.1  17:29.29 nts	1693221847997
3412999 toao      20   0  116.1g   7.7g   3.0g S  2219   6.1  17:44.06 nts	1693221848702
3412999 toao      20   0  116.1g   7.7g   3.0g S  1853   6.1  17:57.73 nts	1693221849402
3412999 toao      20   0  116.1g   7.7g   3.0g S  1676   6.1  18:11.17 nts	1693221850108
3412999 toao      20   0  116.1g   7.7g   3.0g S  2171   6.1  18:25.52 nts	1693221850811
3412999 toao      20   0  116.1g   7.7g   3.0g S  2194   6.1  18:40.13 nts	1693221851511
3412999 toao      20   0  116.7g   7.7g   3.0g S  1829   6.2  18:53.59 nts	1693221852215
3412999 toao      20   0  116.6g   7.7g   3.0g S  2153   6.2  19:07.66 nts	1693221852929
3412999 toao      20   0  116.1g   7.7g   3.0g S  2147   6.1  19:21.75 nts	1693221853640
3412999 toao      20   0  116.1g   7.7g   3.0g S  1906   6.1  19:36.01 nts	1693221854342
3412999 toao      20   0  116.1g   7.7g   3.0g S  1918   6.1  19:48.87 nts	1693221855043
3412999 toao      20   0  115.5g   7.7g   3.0g S  2088   6.1  20:02.83 nts	1693221855747
3412999 toao      20   0  116.7g   7.7g   3.0g S  1471   6.2  20:15.93 nts	1693221856448
3412999 toao      20   0  116.1g   7.7g   3.0g S  1924   6.1  20:29.99 nts	1693221857150
3412999 toao      20   0  116.1g   7.7g   3.0g S  2141   6.1  20:44.31 nts	1693221857850
3412999 toao      20   0  116.1g   7.7g   3.0g S  2141   6.1  20:59.03 nts	1693221858555
3412999 toao      20   0  116.1g   7.7g   3.0g S  2018   6.1  21:13.31 nts	1693221859259
3412999 toao      20   0  116.1g   7.7g   3.0g S  2153   6.1  21:25.94 nts	1693221859963
3412999 toao      20   0  116.7g   7.7g   3.0g S  1847   6.2  21:39.48 nts	1693221860666
3412999 toao      20   0  116.1g   7.7g   3.0g S  2075   6.1  21:52.57 nts	1693221861372
3412999 toao      20   0  116.1g   7.7g   3.0g S  1894   6.1  22:06.89 nts	1693221862074
3412999 toao      20   0  116.1g   7.7g   3.0g S  1959   6.1  22:19.94 nts	1693221862779
3412999 toao      20   0  115.5g   7.7g   3.0g S  2118   6.1  22:34.00 nts	1693221863483
3412999 toao      20   0  116.7g   7.7g   3.0g S  1724   6.2  22:47.58 nts	1693221864187
3412999 toao      20   0  116.1g   7.7g   3.0g S  2076   6.1  23:00.65 nts	1693221864888
3412999 toao      20   0  116.1g   7.7g   3.0g S  2171   6.1  23:15.31 nts	1693221865590
3412999 toao      20   0  116.1g   7.7g   3.0g S  1906   6.1  23:29.50 nts	1693221866291
3412999 toao      20   0  116.2g   7.7g   3.0g S  2147   6.1  23:41.95 nts	1693221866995
3412999 toao      20   0  116.2g   7.7g   3.0g S  2129   6.1  23:56.62 nts	1693221867698
3412999 toao      20   0  116.2g   7.7g   3.0g S  1582   6.1  24:10.38 nts	1693221868400
3412999 toao      20   0  116.8g   7.7g   3.0g S  1962   6.2  24:24.01 nts	1693221869103
3412999 toao      20   0  116.2g   7.7g   3.0g S  2269   6.1  24:37.83 nts	1693221869802
3412999 toao      20   0  116.8g   7.7g   3.0g S  1371   6.2  24:50.83 nts	1693221870502
3412999 toao      20   0  116.2g   7.7g   3.0g S  2176   6.1  25:04.63 nts	1693221871206
3412999 toao      20   0  116.2g   7.7g   3.0g S  1900   6.2  25:18.33 nts	1693221871908
3412999 toao      20   0  116.2g   7.7g   3.0g S  1806   6.1  25:31.29 nts	1693221872607
3412999 toao      20   0  116.2g   7.7g   3.0g S  2118   6.1  25:45.94 nts	1693221873306
3412999 toao      20   0  116.8g   7.7g   3.0g S  1853   6.2  25:59.64 nts	1693221874006
3412999 toao      20   0  116.2g   7.7g   3.0g S  1847   6.2  26:13.27 nts	1693221874708
3412999 toao      20   0  116.2g   7.7g   3.0g S  2141   6.1  26:27.49 nts	1693221875407
3412999 toao      20   0  116.2g   7.7g   3.0g S  1994   6.1  26:41.75 nts	1693221876108
3412999 toao      20   0  116.2g   7.7g   3.0g S  2206   6.1  26:54.06 nts	1693221876807
3412999 toao      20   0  116.2g   7.7g   3.0g S  2182   6.1  27:08.85 nts	1693221877511
3412999 toao      20   0  116.2g   7.7g   3.0g S  1481   6.1  27:20.95 nts	1693221878213
3412999 toao      20   0  115.6g   7.7g   3.0g S  2165   6.1  27:35.75 nts	1693221878916
3412999 toao      20   0  116.8g   7.7g   3.0g S  1424   6.2  27:48.78 nts	1693221879619
3412999 toao      20   0  116.2g   7.7g   3.0g S  2106   6.1  28:02.61 nts	1693221880319
3412999 toao      20   0  116.2g   7.7g   3.0g S  2088   6.1  28:17.09 nts	1693221881027
3412999 toao      20   0  116.8g   7.7g   3.0g S  1453   6.2  28:30.16 nts	1693221881730
3412999 toao      20   0  116.2g   7.7g   3.0g S  2165   6.2  28:43.74 nts	1693221882428
3412999 toao      20   0  116.2g   7.7g   3.0g S  2018   6.1  28:58.25 nts	1693221883130
3412999 toao      20   0  116.2g   7.7g   3.0g S  1824   6.1  29:12.38 nts	1693221883832
3412999 toao      20   0  116.2g   7.7g   3.0g S  2129   6.1  29:24.99 nts	1693221884531
3412999 toao      20   0  116.2g   7.7g   3.0g S  2053   6.1  29:39.00 nts	1693221885231
3412999 toao      20   0  116.2g   7.7g   3.0g S  2106   6.1  29:51.79 nts	1693221885934
3412999 toao      20   0  116.2g   7.7g   3.0g S  2129   6.2  30:06.40 nts	1693221886635
3412999 toao      20   0  116.2g   7.7g   3.0g S  1971   6.1  30:18.24 nts	1693221887336
3412999 toao      20   0  116.2g   7.7g   3.0g S  2018   6.1  30:32.65 nts	1693221888035
3412999 toao      20   0  116.2g   7.7g   3.0g S  1747   6.2  30:44.67 nts	1693221888738
3412999 toao      20   0  116.2g   7.7g   3.0g S  2112   6.2  30:59.30 nts	1693221889443
3412999 toao      20   0  116.8g   7.7g   3.0g S  1906   6.2  31:12.44 nts	1693221890145
3412999 toao      20   0  116.2g   7.7g   3.0g S  2076   6.1  31:25.93 nts	1693221890846
3412999 toao      20   0  116.8g   7.7g   3.0g S  1582   6.2  31:39.27 nts	1693221891549
3412999 toao      20   0  116.2g   7.7g   3.0g S  2112   6.2  31:52.69 nts	1693221892251
3412999 toao      20   0  116.2g   7.7g   3.0g S  2165   6.2  32:07.54 nts	1693221892955
3412999 toao      20   0  116.2g   7.7g   3.0g S  2171   6.2  32:22.38 nts	1693221893658
3412999 toao      20   0  115.6g   7.7g   3.0g S  1925   6.1  32:35.80 nts	1693221894363
3412999 toao      20   0  116.2g   7.7g   3.0g S  2147   6.1  32:49.06 nts	1693221895066
3412999 toao      20   0  116.3g   7.7g   3.0g S  1959   6.2  33:02.76 nts	1693221895767
3412999 toao      20   0  116.2g   7.7g   3.0g S  1629   6.2  33:16.02 nts	1693221896470
3412999 toao      20   0  116.2g   7.7g   3.0g S  2118   6.2  33:30.42 nts	1693221897172
3412999 toao      20   0  116.8g   7.7g   3.0g S  1653   6.2  33:43.27 nts	1693221897874
3412999 toao      20   0  116.2g   7.7g   3.0g S  2100   6.1  33:57.07 nts	1693221898579
3412999 toao      20   0  116.2g   7.7g   3.0g S  1906   6.1  34:11.41 nts	1693221899282
3412999 toao      20   0  116.2g   7.7g   3.0g S  2006   6.2  34:23.59 nts	1693221899982
3412999 toao      20   0  116.2g   7.7g   3.0g S  2331   6.2  34:38.55 nts	1693221900684
3412999 toao      20   0  116.8g   7.7g   3.0g S  1481   6.2  34:51.88 nts	1693221901393
3412999 toao      20   0  116.2g   7.7g   3.0g S  1962   6.2  35:05.77 nts	1693221902092
3412999 toao      20   0  116.2g   7.7g   3.0g S  2106   6.1  35:19.90 nts	1693221902794
3412999 toao      20   0  116.2g   7.7g   3.0g S  2035   6.1  35:34.19 nts	1693221903496
3412999 toao      20   0  116.2g   7.7g   3.0g S  1571   6.2  35:46.70 nts	1693221904199
3412999 toao      20   0  116.2g   7.7g   3.0g S  2135   6.2  36:01.25 nts	1693221904902
3412999 toao      20   0  116.2g   7.7g   3.0g S  1906   6.2  36:15.59 nts	1693221905607
3412999 toao      20   0  116.8g   7.7g   3.0g S  1859   6.2  36:29.33 nts	1693221906308
3412999 toao      20   0  116.2g   7.7g   3.0g S  1724   6.2  36:43.22 nts	1693221907012
3412999 toao      20   0  116.2g   7.7g   3.0g S  2129   6.1  36:57.54 nts	1693221907715
3412999 toao      20   0  116.2g   7.7g   3.0g S  1888   6.1  37:11.88 nts	1693221908415
3412999 toao      20   0  116.2g   7.7g   3.0g S  1865   6.2  37:24.59 nts	1693221909121
3412999 toao      20   0       0      0      0 Z  94.1   0.0  37:27.69 nts	1693221909824
