672242 toao      20   0 2496384 113868  72636 R  94.4   0.1   0:00.19 nts	1693186984860
672242 toao      20   0 8392648 227080 115524 R  3683   0.2   0:34.58 nts	1693186985597
672242 toao      20   0 8392648 227080 115524 R 200.0   0.2   0:35.98 nts	1693186986286
672242 toao      20   0 8392648 228928 115524 R 211.8   0.2   0:37.38 nts	1693186986993
672242 toao      20   0 8392648 228928 115524 R 200.0   0.2   0:38.77 nts	1693186987707
672242 toao      20   0 9560220 426320 115584 R 787.5   0.3   0:43.58 nts	1693186988414
672242 toao      20   0 9560220 448488 115584 R  1083   0.3   0:50.25 nts	1693186989109
672242 toao      20   0 9560220 655984 115584 R  1165   0.5   0:57.98 nts	1693186989820
672242 toao      20   0 9560220 677564 115584 R  1088   0.5   1:05.97 nts	1693186990525
672242 toao      20   0   13.2g 684076 115620 R 200.0   0.5   1:11.92 nts	1693186991229
672242 toao      20   0   13.2g 684868 115620 R 200.0   0.5   1:13.32 nts	1693186991927
672242 toao      20   0   13.2g 685660 115620 R 194.1   0.5   1:14.70 nts	1693186992630
672242 toao      20   0   13.2g 686188 115620 R 200.0   0.5   1:16.09 nts	1693186993330
672242 toao      20   0   13.2g 686452 115620 R 194.1   0.5   1:17.47 nts	1693186994027
672242 toao      20   0   13.2g 686716 115620 R 200.0   0.5   1:18.87 nts	1693186994726
672242 toao      20   0   14.3g 699072 115620 R 447.1   0.5   1:20.68 nts	1693186995426
672242 toao      20   0   14.3g 830972 115620 R 652.9   0.6   1:25.08 nts	1693186996127
672242 toao      20   0   14.3g 966932 115620 R 817.6   0.7   1:30.34 nts	1693186996830
672242 toao      20   0   14.3g   1.0g 115620 R 835.3   0.8   1:35.88 nts	1693186997531
672242 toao      20   0   18.3g   1.1g 115620 R 100.0   0.9   1:40.84 nts	1693186998232
672242 toao      20   0   18.3g   1.1g 115620 R  94.1   0.9   1:41.54 nts	1693186998927
672242 toao      20   0   18.8g   1.2g 115620 R  94.1   1.0   1:42.24 nts	1693186999631
672242 toao      20   0   18.8g   1.3g 115620 R  94.1   1.0   1:42.95 nts	1693187000334
672242 toao      20   0   18.8g   1.3g 115620 R 100.0   1.0   1:43.66 nts	1693187001038
672242 toao      20   0   18.8g   1.5g 115620 R 100.0   1.2   1:44.35 nts	1693187001742
672242 toao      20   0   18.8g   1.5g 115620 R 112.5   1.2   1:45.06 nts	1693187002442
672242 toao      20   0   18.8g   1.5g 115620 R 100.0   1.2   1:45.75 nts	1693187003143
672242 toao      20   0   18.8g   1.5g 115620 R 100.0   1.2   1:46.45 nts	1693187003843
672242 toao      20   0   27.9g   1.8g 242924 R 100.0   1.5   1:48.30 nts	1693187004540
672242 toao      20   0   28.8g   2.7g 360188 R 100.0   2.1   1:49.01 nts	1693187005242
672242 toao      20   0   29.8g   3.4g 497332 R 100.0   2.7   1:49.71 nts	1693187005947
672242 toao      20   0   30.6g   4.1g 526740 R  94.1   3.3   1:50.41 nts	1693187006647
672242 toao      20   0   31.1g   4.5g 894488 R 100.0   3.6   1:51.11 nts	1693187007347
672242 toao      20   0   31.1g   4.7g   1.0g R 100.0   3.7   1:51.81 nts	1693187008048
672242 toao      20   0   31.1g   4.7g   1.0g R 105.9   3.7   1:52.52 nts	1693187008748
672242 toao      20   0   31.1g   4.7g   1.0g R 100.0   3.7   1:53.21 nts	1693187009448
672242 toao      20   0   31.1g   4.7g   1.0g R 100.0   3.7   1:53.92 nts	1693187010147
672242 toao      20   0   31.1g   4.7g   1.0g R 100.0   3.7   1:54.61 nts	1693187010851
672242 toao      20   0   31.1g   4.7g   1.0g R 100.0   3.7   1:55.32 nts	1693187011551
672242 toao      20   0   31.1g   4.7g   1.0g R 105.9   3.7   1:56.02 nts	1693187012249
672242 toao      20   0   31.1g   4.7g   1.0g R 100.0   3.7   1:56.71 nts	1693187012951
672242 toao      20   0   31.1g   4.7g   1.0g R 100.0   3.7   1:57.41 nts	1693187013651
672242 toao      20   0   31.1g   4.7g   1.0g R 100.0   3.7   1:58.11 nts	1693187014351
672242 toao      20   0   31.1g   4.7g   1.0g R 106.2   3.7   1:58.82 nts	1693187015052
672242 toao      20   0   31.1g   4.7g   1.0g R 106.2   3.7   1:59.52 nts	1693187015752
672242 toao      20   0   31.1g   4.7g   1.0g R 100.0   3.7   2:00.22 nts	1693187016451
672242 toao      20   0   31.1g   4.7g   1.0g R 100.0   3.7   2:00.92 nts	1693187017152
672242 toao      20   0   31.1g   4.7g   1.0g R 100.0   3.7   2:01.62 nts	1693187017855
672242 toao      20   0   31.1g   4.7g   1.0g R  94.1   3.7   2:02.32 nts	1693187018559
672242 toao      20   0   31.1g   4.7g   1.0g R 100.0   3.7   2:03.03 nts	1693187019264
672242 toao      20   0   31.1g   4.7g   1.0g R 100.0   3.7   2:03.73 nts	1693187019966
672242 toao      20   0   31.1g   4.7g   1.0g R 100.0   3.7   2:04.44 nts	1693187020669
672242 toao      20   0   31.1g   4.7g   1.0g R 100.0   3.7   2:05.13 nts	1693187021370
672242 toao      20   0   31.1g   4.7g   1.0g R  94.1   3.7   2:05.83 nts	1693187022071
672242 toao      20   0   31.1g   4.7g   1.0g R 100.0   3.7   2:06.54 nts	1693187022775
672242 toao      20   0   31.1g   4.7g   1.0g R 106.2   3.7   2:07.24 nts	1693187023474
672242 toao      20   0   31.1g   4.7g   1.0g R 100.0   3.7   2:07.94 nts	1693187024174
672242 toao      20   0   31.1g   4.7g   1.0g R  94.1   3.7   2:08.64 nts	1693187024878
672242 toao      20   0   31.1g   4.7g   1.0g R 100.0   3.7   2:09.36 nts	1693187025583
672242 toao      20   0   31.1g   4.7g   1.0g R  94.1   3.7   2:10.05 nts	1693187026289
672242 toao      20   0   31.1g   4.7g   1.0g R 100.0   3.7   2:10.75 nts	1693187026988
672242 toao      20   0   31.1g   4.7g   1.0g R 100.0   3.7   2:11.46 nts	1693187027686
672242 toao      20   0   31.1g   4.7g   1.0g R 100.0   3.7   2:12.15 nts	1693187028387
672242 toao      20   0   31.1g   4.7g   1.0g R 105.9   3.7   2:12.86 nts	1693187029087
672242 toao      20   0   31.1g   4.7g   1.0g R 100.0   3.7   2:13.55 nts	1693187029788
672242 toao      20   0   31.1g   4.7g   1.0g R  94.1   3.7   2:14.25 nts	1693187030487
672242 toao      20   0   33.6g   4.7g   1.0g R  3847   3.8   2:29.66 nts	1693187031190
672242 toao      20   0   87.0g   6.1g   2.2g R 200.0   4.9   2:32.87 nts	1693187031897
672242 toao      20   0  101.4g   6.4g   2.4g S  2412   5.1   2:45.24 nts	1693187032598
672242 toao      20   0  112.7g   6.4g   2.4g S  3150   5.1   3:04.33 nts	1693187033303
672242 toao      20   0  113.9g   6.5g   2.4g S  3041   5.2   3:23.22 nts	1693187034007
672242 toao      20   0  113.0g   6.5g   2.4g S  2447   5.2   3:41.47 nts	1693187034710
672242 toao      20   0  114.3g   6.7g   2.5g S  2447   5.3   3:58.54 nts	1693187035416
672242 toao      20   0  112.4g   6.7g   2.5g S  2365   5.3   4:17.73 nts	1693187036119
672242 toao      20   0  113.1g   6.7g   2.5g S  2341   5.4   4:37.10 nts	1693187036824
672242 toao      20   0       0      0      0 Z 100.0   0.0   4:44.25 nts	1693187037528
