733415 toao      20   0 2565632  97624  67952 R 100.0   0.0   0:00.17 nts	1688363185772
733415 toao      20   0 5335628 253248 114848 R  3181   0.1   0:12.95 nts	1688363186466
733415 toao      20   0 5335628 253248 114848 S  3169   0.1   0:35.04 nts	1688363187173
733415 toao      20   0 5639660 503432 115100 R 337.5   0.3   0:46.88 nts	1688363187843
733415 toao      20   0 5639660 531152 115100 R 200.0   0.3   0:48.24 nts	1688363188527
733415 toao      20   0 5639660 533528 115100 R 188.2   0.3   0:49.60 nts	1688363189214
733415 toao      20   0 5639660 534056 115100 R 193.8   0.3   0:50.95 nts	1688363189898
733415 toao      20   0 5639660 534320 115100 R 200.0   0.3   0:52.31 nts	1688363190582
733415 toao      20   0 5639660 534584 115100 R 200.0   0.3   0:53.66 nts	1688363191266
733415 toao      20   0 5639660 534848 115100 R 200.0   0.3   0:55.02 nts	1688363191952
733415 toao      20   0 5639660 535112 115100 R 200.0   0.3   0:56.38 nts	1688363192640
733415 toao      20   0 5639660 535376 115100 R 200.0   0.3   0:57.74 nts	1688363193328
733415 toao      20   0 5639660 535376 115100 R 206.2   0.3   0:59.11 nts	1688363194015
733415 toao      20   0 5639660 535376 115100 R 200.0   0.3   1:00.46 nts	1688363194703
733415 toao      20   0 5639660 535640 115100 R 206.2   0.3   1:01.83 nts	1688363195387
733415 toao      20   0 5639660 535640 115100 R 194.1   0.3   1:03.19 nts	1688363196075
733415 toao      20   0 5639660 535640 115100 R 188.2   0.3   1:04.55 nts	1688363196763
733415 toao      20   0 5639660 535640 115100 R 200.0   0.3   1:05.90 nts	1688363197450
733415 toao      20   0 5639660 535640 115100 R 193.8   0.3   1:07.26 nts	1688363198135
733415 toao      20   0 5639660 535640 115100 R 200.0   0.3   1:08.62 nts	1688363198820
733415 toao      20   0 5639660 535640 115100 R 200.0   0.3   1:09.98 nts	1688363199508
733415 toao      20   0 5639660 535640 115100 R 206.2   0.3   1:11.35 nts	1688363200195
733415 toao      20   0 5639660 535640 115100 R 188.2   0.3   1:12.70 nts	1688363200885
733415 toao      20   0 5639660 535640 115100 R 206.2   0.3   1:14.06 nts	1688363201572
733415 toao      20   0 5639660 535640 115100 R 200.0   0.3   1:15.42 nts	1688363202259
733415 toao      20   0 5639660 535640 115100 R 206.2   0.3   1:16.78 nts	1688363202948
733415 toao      20   0 5639660 535640 115100 R 200.0   0.3   1:18.14 nts	1688363203635
733415 toao      20   0 5639660 535640 115100 R 200.0   0.3   1:19.52 nts	1688363204324
733415 toao      20   0 5639660 535640 115100 R 200.0   0.3   1:20.87 nts	1688363205013
733415 toao      20   0 5864492 542672 115164 R 125.0   0.3   1:22.11 nts	1688363205700
733415 toao      20   0 8260284   1.9g 115164 R 868.8   1.0   1:27.40 nts	1688363206388
733415 toao      20   0 8260284   2.0g 115164 R  1088   1.1   1:33.48 nts	1688363207066
733415 toao      20   0 8260284   2.0g 115164 R 881.2   1.1   1:40.33 nts	1688363207750
733415 toao      20   0 8260284   2.1g 115164 R  1081   1.1   1:47.16 nts	1688363208426
733415 toao      20   0 8260284   2.1g 115164 R 881.2   1.1   1:53.52 nts	1688363209108
733415 toao      20   0 8260284   2.1g 115164 R 837.5   1.1   1:59.82 nts	1688363209789
733415 toao      20   0 8260284   2.1g 115164 R 935.3   1.1   2:06.69 nts	1688363210478
733415 toao      20   0 8260284   2.3g 115164 R  1188   1.2   2:13.82 nts	1688363211159
733415 toao      20   0 8260284   2.3g 115164 R  1006   1.2   2:20.11 nts	1688363211839
733415 toao      20   0 8260284   2.3g 115164 R 912.5   1.2   2:26.39 nts	1688363212520
733415 toao      20   0 8260284   2.3g 115164 R  1025   1.2   2:32.71 nts	1688363213204
733415 toao      20   0 8260284   2.3g 115164 R  1075   1.2   2:39.18 nts	1688363213885
733415 toao      20   0 8260284   2.3g 115164 R 818.8   1.2   2:44.86 nts	1688363214567
733415 toao      20   0 8260284   2.3g 115164 R  1094   1.2   2:51.18 nts	1688363215254
733415 toao      20   0 8260284   2.3g 115164 R 943.8   1.2   2:57.93 nts	1688363215935
733415 toao      20   0 8260284   2.3g 115164 R  1056   1.2   3:04.12 nts	1688363216616
733415 toao      20   0 8260284   2.3g 115164 R  1162   1.2   3:11.64 nts	1688363217300
733415 toao      20   0 9371536   2.3g 115208 S 193.8   1.3   3:14.74 nts	1688363217982
733415 toao      20   0 9371536   2.3g 115208 R 200.0   1.3   3:16.10 nts	1688363218667
733415 toao      20   0 9371536   2.3g 115208 R 193.8   1.3   3:17.46 nts	1688363219355
733415 toao      20   0 9371536   2.3g 115208 R 200.0   1.3   3:18.82 nts	1688363220041
733415 toao      20   0 9371536   2.3g 115208 R 200.0   1.3   3:20.18 nts	1688363220728
733415 toao      20   0 9371536   2.3g 115208 R 200.0   1.3   3:21.55 nts	1688363221416
733415 toao      20   0 9371536   2.4g 115208 R 193.8   1.3   3:22.91 nts	1688363222107
733415 toao      20   0 9371536   2.4g 115208 R 200.0   1.3   3:24.27 nts	1688363222793
733415 toao      20   0 9371536   2.4g 115208 R 206.2   1.3   3:25.64 nts	1688363223480
733415 toao      20   0 9371536   2.4g 115208 R 200.0   1.3   3:26.99 nts	1688363224166
733415 toao      20   0 9371536   2.4g 115208 R 200.0   1.3   3:28.35 nts	1688363224852
733415 toao      20   0 9371536   2.4g 115208 R 206.2   1.3   3:29.72 nts	1688363225540
733415 toao      20   0 9371536   2.4g 115208 R 206.2   1.3   3:31.08 nts	1688363226228
733415 toao      20   0 9371536   2.4g 115208 R 200.0   1.3   3:32.44 nts	1688363226915
733415 toao      20   0 9371536   2.4g 115208 R 194.1   1.3   3:33.81 nts	1688363227604
733415 toao      20   0 9371536   2.4g 115208 R 200.0   1.3   3:35.16 nts	1688363228292
733415 toao      20   0 9371536   2.4g 115208 R 200.0   1.3   3:36.53 nts	1688363228980
733415 toao      20   0 9371536   2.4g 115208 R 200.0   1.3   3:37.89 nts	1688363229668
733415 toao      20   0 9371536   2.4g 115208 R 200.0   1.3   3:39.26 nts	1688363230355
733415 toao      20   0 9371536   2.4g 115208 R 194.1   1.3   3:40.62 nts	1688363231043
733415 toao      20   0 9371536   2.4g 115208 R 212.5   1.3   3:41.99 nts	1688363231730
733415 toao      20   0 9371536   2.4g 115208 R 206.2   1.3   3:43.35 nts	1688363232419
733415 toao      20   0 9371536   2.4g 115208 R 200.0   1.3   3:44.71 nts	1688363233107
733415 toao      20   0 9371536   2.4g 115208 R 200.0   1.3   3:46.07 nts	1688363233795
733415 toao      20   0 9371536   2.4g 115208 R 188.2   1.3   3:47.43 nts	1688363234483
733415 toao      20   0 9371536   2.4g 115208 R 200.0   1.3   3:48.79 nts	1688363235171
733415 toao      20   0   11.4g   2.6g 115208 R 658.8   1.4   3:50.62 nts	1688363235854
733415 toao      20   0   11.4g   2.7g 115208 R 652.9   1.5   3:55.26 nts	1688363236543
733415 toao      20   0   11.4g   2.8g 115208 R 693.8   1.5   3:59.50 nts	1688363237227
733415 toao      20   0   11.4g   2.9g 115208 R 543.8   1.6   4:03.35 nts	1688363237910
733415 toao      20   0   11.4g   3.1g 115208 R 587.5   1.6   4:07.77 nts	1688363238597
733415 toao      20   0   11.4g   3.2g 115208 R 606.2   1.7   4:11.99 nts	1688363239277
733415 toao      20   0   11.4g   3.3g 115208 R 612.5   1.8   4:16.13 nts	1688363239960
733415 toao      20   0   11.4g   3.4g 115208 R 850.0   1.8   4:22.72 nts	1688363240649
733415 toao      20   0   11.4g   3.5g 115208 R 682.4   1.9   4:27.19 nts	1688363241333
733415 toao      20   0   11.4g   3.6g 115208 R 611.8   1.9   4:31.41 nts	1688363242015
733415 toao      20   0   11.4g   3.7g 115208 R 575.0   2.0   4:35.57 nts	1688363242698
733415 toao      20   0   11.4g   3.8g 115208 R 537.5   2.0   4:39.33 nts	1688363243382
733415 toao      20   0   11.4g   3.9g 115208 R 568.8   2.1   4:43.50 nts	1688363244066
733415 toao      20   0   11.4g   4.1g 115208 R 700.0   2.2   4:48.46 nts	1688363244755
733415 toao      20   0   11.4g   4.2g 115208 R 650.0   2.2   4:52.46 nts	1688363245441
733415 toao      20   0   11.4g   4.3g 115208 R 525.0   2.3   4:56.45 nts	1688363246131
733415 toao      20   0   12.7g   4.4g 115208 R 318.8   2.3   4:57.93 nts	1688363246818
733415 toao      20   0   12.7g   4.4g 115208 R 100.0   2.3   4:58.62 nts	1688363247504
733415 toao      20   0   12.7g   4.4g 115208 R 100.0   2.3   4:59.30 nts	1688363248192
733415 toao      20   0   12.7g   4.4g 115208 R 106.2   2.3   4:59.99 nts	1688363248880
733415 toao      20   0   12.7g   4.4g 115208 R 106.2   2.3   5:00.69 nts	1688363249568
733415 toao      20   0   12.7g   4.4g 115208 R 106.2   2.3   5:01.37 nts	1688363250259
733415 toao      20   0   12.7g   4.4g 115208 R 106.2   2.3   5:02.06 nts	1688363250947
733415 toao      20   0   12.7g   4.4g 115208 R 100.0   2.3   5:02.75 nts	1688363251634
733415 toao      20   0   12.7g   4.4g 115208 R 100.0   2.3   5:03.44 nts	1688363252323
733415 toao      20   0   12.7g   4.4g 115208 R 100.0   2.3   5:04.12 nts	1688363253013
733415 toao      20   0   12.7g   4.4g 115208 R 100.0   2.3   5:04.81 nts	1688363253699
733415 toao      20   0   12.7g   4.4g 115208 R 106.2   2.3   5:05.50 nts	1688363254387
733415 toao      20   0   12.7g   4.4g 115208 R 106.2   2.3   5:06.19 nts	1688363255075
733415 toao      20   0   12.7g   4.4g 115208 R  94.1   2.3   5:06.87 nts	1688363255763
733415 toao      20   0   12.7g   4.4g 115208 R 100.0   2.3   5:07.56 nts	1688363256451
733415 toao      20   0   14.6g   5.2g 115208 R 100.0   2.8   5:08.24 nts	1688363257140
733415 toao      20   0   14.6g   5.7g 115208 R 100.0   3.1   5:08.93 nts	1688363257828
733415 toao      20   0   14.6g   5.8g 115208 R 100.0   3.1   5:09.62 nts	1688363258516
733415 toao      20   0   14.6g   5.9g 115208 R  94.1   3.1   5:10.31 nts	1688363259203
733415 toao      20   0   14.6g   5.9g 115208 R 100.0   3.1   5:11.00 nts	1688363259892
733415 toao      20   0   14.6g   5.9g 115208 R 100.0   3.1   5:11.69 nts	1688363260580
733415 toao      20   0   14.6g   5.9g 115208 R 106.2   3.2   5:12.38 nts	1688363261268
733415 toao      20   0   14.6g   5.9g 115208 R 100.0   3.2   5:13.06 nts	1688363261955
733415 toao      20   0   14.6g   6.0g 115208 R 100.0   3.2   5:13.75 nts	1688363262643
733415 toao      20   0   14.6g   6.0g 115208 R 106.2   3.2   5:14.44 nts	1688363263332
733415 toao      20   0   14.6g   6.0g 115208 R 100.0   3.2   5:15.12 nts	1688363264016
733415 toao      20   0   14.6g   6.0g 115208 R 100.0   3.2   5:15.81 nts	1688363264705
733415 toao      20   0   14.6g   6.0g 115208 R 100.0   3.2   5:16.50 nts	1688363265395
733415 toao      20   0   14.6g   6.0g 115208 R  94.1   3.2   5:17.19 nts	1688363266084
733415 toao      20   0   14.6g   6.0g 115208 R 100.0   3.2   5:17.88 nts	1688363266772
733415 toao      20   0   14.6g   6.2g 115208 R 106.2   3.3   5:18.57 nts	1688363267460
733415 toao      20   0   14.6g   6.2g 115208 R 106.2   3.3   5:19.26 nts	1688363268150
733415 toao      20   0   14.6g   6.2g 115208 R 106.2   3.3   5:19.94 nts	1688363268837
733415 toao      20   0   14.6g   6.2g 115208 R 100.0   3.3   5:20.63 nts	1688363269522
733415 toao      20   0   14.6g   6.2g 115208 R 106.2   3.3   5:21.32 nts	1688363270212
733415 toao      20   0   14.6g   6.2g 115208 R 100.0   3.3   5:22.00 nts	1688363270899
733415 toao      20   0   14.6g   6.2g 115208 R 100.0   3.3   5:22.69 nts	1688363271587
733415 toao      20   0   14.6g   6.2g 115208 R 106.2   3.3   5:23.38 nts	1688363272276
733415 toao      20   0   14.6g   6.2g 115208 R 100.0   3.3   5:24.06 nts	1688363272964
733415 toao      20   0   14.6g   6.2g 115208 R 106.2   3.3   5:24.75 nts	1688363273648
733415 toao      20   0   14.6g   6.2g 115208 R 100.0   3.3   5:25.44 nts	1688363274336
733415 toao      20   0   14.6g   6.2g 115208 R 100.0   3.3   5:26.13 nts	1688363275024
733415 toao      20   0   14.6g   6.2g 115208 R 100.0   3.3   5:26.81 nts	1688363275712
733415 toao      20   0   14.6g   6.2g 115208 R 100.0   3.3   5:27.50 nts	1688363276399
733415 toao      20   0   14.6g   6.2g 115208 R 100.0   3.3   5:28.19 nts	1688363277088
733415 toao      20   0   14.6g   6.2g 115208 R 100.0   3.3   5:28.88 nts	1688363277776
733415 toao      20   0   14.6g   6.2g 115340 R  94.1   3.3   5:29.56 nts	1688363278464
733415 toao      20   0   20.1g   6.9g 300952 R  93.8   3.7   5:30.75 nts	1688363279159
733415 toao      20   0   21.0g   7.7g 445848 R 106.2   4.1   5:31.45 nts	1688363279849
733415 toao      20   0   23.2g   9.3g 509552 R 106.2   4.9   5:32.14 nts	1688363280541
733415 toao      20   0   23.3g   9.9g 509552 R 100.0   5.3   5:32.82 nts	1688363281229
733415 toao      20   0   23.3g   9.9g 509552 R 106.7   5.3   5:33.51 nts	1688363281915
733415 toao      20   0   23.3g   9.9g 509552 R 106.2   5.3   5:34.20 nts	1688363282600
733415 toao      20   0   23.3g   9.9g 509552 R 106.2   5.3   5:34.89 nts	1688363283288
733415 toao      20   0   23.3g   9.9g 509552 R 100.0   5.3   5:35.57 nts	1688363283976
733415 toao      20   0   53.6g  12.1g   2.8g R 100.0   6.5   5:36.26 nts	1688363284664
733415 toao      20   0   53.6g  15.1g   5.8g R 106.2   8.0   5:36.95 nts	1688363285352
733415 toao      20   0   53.6g  18.0g   8.7g R 100.0   9.6   5:37.63 nts	1688363286040
733415 toao      20   0   53.6g  21.0g  11.7g R 100.0  11.2   5:38.32 nts	1688363286728
733415 toao      20   0   53.6g  24.0g  14.7g R 100.0  12.8   5:39.01 nts	1688363287416
733415 toao      20   0   53.6g  27.0g  17.7g R 100.0  14.4   5:39.70 nts	1688363288105
733415 toao      20   0   53.6g  30.0g  20.7g R 106.2  16.0   5:40.39 nts	1688363288790
733415 toao      20   0   53.6g  33.1g  23.7g R 106.2  17.6   5:41.08 nts	1688363289480
733415 toao      20   0   53.6g  36.1g  26.7g R 100.0  19.2   5:41.76 nts	1688363290166
733415 toao      20   0   53.6g  39.1g  29.7g R 100.0  20.8   5:42.45 nts	1688363290856
733415 toao      20   0   53.6g  40.2g  30.9g R  94.1  21.4   5:43.13 nts	1688363291544
733415 toao      20   0   53.8g  40.2g  30.9g R 100.0  21.5   5:43.82 nts	1688363292231
733415 toao      20   0   53.8g  40.2g  30.9g R 106.2  21.5   5:44.51 nts	1688363292919
733415 toao      20   0   53.8g  40.3g  30.9g R 106.2  21.5   5:45.20 nts	1688363293607
733415 toao      20   0   53.8g  40.3g  30.9g R  94.1  21.5   5:45.88 nts	1688363294294
733415 toao      20   0   53.8g  40.3g  30.9g R  94.1  21.5   5:46.57 nts	1688363294982
733415 toao      20   0   53.8g  40.3g  30.9g R  94.1  21.5   5:47.26 nts	1688363295673
733415 toao      20   0   53.8g  40.3g  30.9g R  94.1  21.5   5:47.95 nts	1688363296362
733415 toao      20   0   53.8g  40.3g  30.9g R 100.0  21.5   5:48.64 nts	1688363297050
733415 toao      20   0   53.8g  40.3g  30.9g R 100.0  21.5   5:49.32 nts	1688363297737
733415 toao      20   0   53.8g  40.3g  30.9g R  94.1  21.5   5:50.01 nts	1688363298422
733415 toao      20   0   53.8g  40.3g  30.9g R 100.0  21.5   5:50.70 nts	1688363299110
733415 toao      20   0   53.8g  40.3g  30.9g R 106.2  21.5   5:51.39 nts	1688363299798
733415 toao      20   0   53.8g  40.3g  30.9g R 106.2  21.5   5:52.08 nts	1688363300488
733415 toao      20   0   53.8g  40.3g  30.9g R  94.1  21.5   5:52.76 nts	1688363301175
733415 toao      20   0   53.8g  40.3g  30.9g R  94.1  21.5   5:53.45 nts	1688363301862
733415 toao      20   0   53.8g  40.3g  30.9g R 100.0  21.5   5:54.14 nts	1688363302551
733415 toao      20   0   53.8g  40.3g  30.9g R 106.2  21.5   5:54.83 nts	1688363303236
733415 toao      20   0   53.8g  40.3g  30.9g R  94.1  21.5   5:55.51 nts	1688363303923
733415 toao      20   0   53.8g  40.3g  30.9g R 100.0  21.5   5:56.20 nts	1688363304611
733415 toao      20   0   53.8g  40.3g  30.9g R 100.0  21.5   5:56.89 nts	1688363305299
733415 toao      20   0   53.8g  40.3g  30.9g R 106.2  21.5   5:57.58 nts	1688363305986
733415 toao      20   0   53.8g  40.3g  30.9g R 106.2  21.5   5:58.27 nts	1688363306676
733415 toao      20   0   53.8g  40.3g  30.9g R  94.1  21.5   5:58.95 nts	1688363307363
733415 toao      20   0   53.8g  40.3g  30.9g R 106.2  21.5   5:59.65 nts	1688363308051
733415 toao      20   0   53.8g  40.3g  30.9g R 100.0  21.5   6:00.33 nts	1688363308741
733415 toao      20   0   53.8g  40.3g  30.9g R 106.2  21.5   6:01.02 nts	1688363309427
733415 toao      20   0   53.8g  40.3g  30.9g R 106.2  21.5   6:01.71 nts	1688363310116
733415 toao      20   0   53.8g  40.3g  30.9g R  94.1  21.5   6:02.39 nts	1688363310803
733415 toao      20   0   53.8g  40.3g  30.9g R 100.0  21.5   6:03.08 nts	1688363311490
733415 toao      20   0   53.8g  40.3g  30.9g R 100.0  21.5   6:03.77 nts	1688363312179
733415 toao      20   0   53.8g  40.3g  30.9g R 106.2  21.5   6:04.46 nts	1688363312867
733415 toao      20   0   53.8g  40.3g  30.9g R 100.0  21.5   6:05.15 nts	1688363313555
733415 toao      20   0   53.8g  40.3g  30.9g R  94.1  21.5   6:05.83 nts	1688363314242
733415 toao      20   0   53.8g  40.3g  30.9g R 100.0  21.5   6:06.52 nts	1688363314931
733415 toao      20   0   53.8g  40.3g  30.9g R 100.0  21.5   6:07.21 nts	1688363315618
733415 toao      20   0   53.8g  40.3g  30.9g R 106.2  21.5   6:07.90 nts	1688363316308
733415 toao      20   0   53.8g  40.3g  30.9g R 100.0  21.5   6:08.59 nts	1688363316995
733415 toao      20   0   53.8g  40.3g  30.9g R 100.0  21.5   6:09.28 nts	1688363317682
733415 toao      20   0   53.8g  40.3g  30.9g R 100.0  21.5   6:09.96 nts	1688363318371
733415 toao      20   0   53.8g  40.3g  30.9g R 100.0  21.5   6:10.65 nts	1688363319059
733415 toao      20   0   53.8g  40.3g  30.9g R 106.2  21.5   6:11.34 nts	1688363319747
733415 toao      20   0   53.8g  40.3g  30.9g R  94.1  21.5   6:12.02 nts	1688363320434
733415 toao      20   0   53.8g  40.3g  30.9g R 100.0  21.5   6:12.72 nts	1688363321123
733415 toao      20   0   53.8g  40.3g  30.9g R 100.0  21.5   6:13.40 nts	1688363321810
733415 toao      20   0   53.8g  40.3g  30.9g R 100.0  21.5   6:14.09 nts	1688363322499
733415 toao      20   0   53.8g  40.3g  30.9g R 100.0  21.5   6:14.78 nts	1688363323187
733415 toao      20   0   53.8g  40.3g  30.9g R 100.0  21.5   6:15.47 nts	1688363323874
733415 toao      20   0   53.8g  40.3g  30.9g R 100.0  21.5   6:16.16 nts	1688363324563
733415 toao      20   0   53.8g  40.3g  30.9g R 106.2  21.5   6:16.85 nts	1688363325250
733415 toao      20   0   53.8g  40.3g  30.9g R 100.0  21.5   6:17.53 nts	1688363325939
733415 toao      20   0   53.8g  40.3g  30.9g R 100.0  21.5   6:18.22 nts	1688363326627
733415 toao      20   0   53.8g  40.3g  30.9g R 100.0  21.5   6:18.91 nts	1688363327315
733415 toao      20   0   53.8g  40.3g  30.9g R 100.0  21.5   6:19.60 nts	1688363328006
733415 toao      20   0   53.8g  40.3g  30.9g R 100.0  21.5   6:20.29 nts	1688363328696
733415 toao      20   0   53.8g  40.3g  30.9g R 100.0  21.5   6:20.97 nts	1688363329378
733415 toao      20   0   53.8g  40.3g  30.9g R 100.0  21.5   6:21.66 nts	1688363330066
733415 toao      20   0   53.8g  40.3g  30.9g R  94.1  21.5   6:22.35 nts	1688363330754
733415 toao      20   0   53.8g  40.3g  30.9g R 100.0  21.5   6:23.03 nts	1688363331440
733415 toao      20   0   53.8g  40.3g  30.9g R 100.0  21.5   6:23.72 nts	1688363332128
733415 toao      20   0   53.8g  40.3g  30.9g R  94.1  21.5   6:24.41 nts	1688363332813
733415 toao      20   0   53.8g  40.3g  30.9g R 100.0  21.5   6:25.10 nts	1688363333501
733415 toao      20   0   53.8g  40.3g  30.9g R 106.2  21.5   6:25.79 nts	1688363334190
733415 toao      20   0   53.8g  40.3g  30.9g R 100.0  21.5   6:26.47 nts	1688363334878
733415 toao      20   0   53.8g  40.3g  30.9g R 100.0  21.5   6:27.16 nts	1688363335566
733415 toao      20   0   53.8g  40.3g  30.9g R  94.1  21.5   6:27.84 nts	1688363336254
733415 toao      20   0   53.8g  40.3g  30.9g R 100.0  21.5   6:28.52 nts	1688363336937
733415 toao      20   0   53.8g  40.3g  30.9g R 100.0  21.5   6:29.21 nts	1688363337624
733415 toao      20   0   53.8g  40.3g  30.9g R 100.0  21.5   6:29.89 nts	1688363338310
733415 toao      20   0   53.8g  40.3g  30.9g R 100.0  21.5   6:30.58 nts	1688363338995
733415 toao      20   0   53.8g  40.3g  30.9g R 100.0  21.5   6:31.28 nts	1688363339683
733415 toao      20   0   53.8g  40.3g  30.9g R 100.0  21.5   6:31.96 nts	1688363340369
733415 toao      20   0   53.8g  40.3g  30.9g R 100.0  21.5   6:32.65 nts	1688363341054
733415 toao      20   0   53.8g  40.3g  30.9g R 100.0  21.5   6:33.34 nts	1688363341744
733415 toao      20   0   53.8g  40.3g  30.9g R 100.0  21.5   6:34.02 nts	1688363342431
733415 toao      20   0   53.8g  40.4g  30.9g R 100.0  21.6   6:34.84 nts	1688363343118
733415 toao      20   0   53.8g  40.4g  30.9g R 106.2  21.6   6:35.54 nts	1688363343802
733415 toao      20   0   54.0g  40.6g  30.9g R  93.8  21.7   6:36.59 nts	1688363344489
733415 toao      20   0   55.0g  40.6g  30.9g R 175.0  21.7   6:47.23 nts	1688363345175
733415 toao      20   0   55.0g  40.6g  30.9g R 100.0  21.7   6:57.14 nts	1688363345856
733415 toao      20   0   55.0g  40.6g  30.9g R 106.2  21.7   7:06.87 nts	1688363346535
733415 toao      20   0   55.0g  40.6g  30.9g R 106.2  21.7   7:16.50 nts	1688363347215
733415 toao      20   0   55.1g  40.6g  30.9g R 487.5  21.7   7:26.71 nts	1688363347895
733415 toao      20   0   55.1g  40.6g  30.9g R 694.1  21.7   7:36.83 nts	1688363348582
733415 toao      20   0   55.1g  40.6g  30.9g R  1612  21.7   7:48.09 nts	1688363349294
733415 toao      20   0   55.1g  40.6g  30.9g R  1856  21.7   7:58.22 nts	1688363349996
733415 toao      20   0   55.1g  40.7g  30.9g R  3156  21.7   8:10.07 nts	1688363350700
733415 toao      20   0   55.1g  40.7g  30.9g R  2839  21.7   8:22.46 nts	1688363351438
733415 toao      20   0   54.9g  40.5g  30.9g R  2353  21.6   8:33.53 nts	1688363352158
733415 toao      20   0   55.0g  40.6g  30.9g S  1244  21.6   8:43.35 nts	1688363352870
733415 toao      20   0   55.0g  40.6g  30.9g R 694.4  21.6   8:53.33 nts	1688363353566
733415 toao      20   0   55.0g  40.6g  30.9g R 368.8  21.6   9:03.06 nts	1688363354243
733415 toao      20   0   55.0g  40.6g  30.9g R 270.6  21.6   9:12.78 nts	1688363354923
733415 toao      20   0   55.0g  40.6g  30.9g R 270.6  21.6   9:22.67 nts	1688363355605
733415 toao      20   0   55.0g  40.6g  30.9g R 311.8  21.6   9:32.57 nts	1688363356285
733415 toao      20   0   55.0g  40.6g  30.9g S 262.5  21.6   9:42.33 nts	1688363356966
733415 toao      20   0   55.0g  40.6g  30.9g R 870.6  21.6   9:52.39 nts	1688363357678
733415 toao      20   0   55.0g  40.6g  30.9g R 393.8  21.6  10:02.12 nts	1688363358352
733415 toao      20   0   55.0g  40.6g  30.9g R 250.0  21.6  10:11.96 nts	1688363359031
733415 toao      20   0   55.0g  40.6g  30.9g R 243.8  21.7  10:21.71 nts	1688363359711
733415 toao      20   0   55.0g  40.6g  30.9g R 262.5  21.6  10:31.47 nts	1688363360382
733415 toao      20   0   55.0g  40.6g  30.9g R 280.0  21.7  10:41.29 nts	1688363361056
733415 toao      20   0   55.0g  40.6g  30.9g R 231.2  21.7  10:51.04 nts	1688363361734
733415 toao      20   0   55.0g  40.6g  30.9g R 175.0  21.7  11:00.79 nts	1688363362411
733415 toao      20   0   55.0g  40.6g  30.9g R 175.0  21.7  11:10.73 nts	1688363363094
733415 toao      20   0   55.0g  40.6g  30.9g R 187.5  21.7  11:20.39 nts	1688363363775
733415 toao      20   0   55.0g  40.6g  30.9g R  94.1  21.7  11:30.26 nts	1688363364451
733415 toao      20   0   55.0g  40.6g  30.9g R 120.0  21.7  11:39.95 nts	1688363365137
733415 toao      20   0   55.0g  40.6g  30.9g R 106.2  21.7  11:49.75 nts	1688363365814
733415 toao      20   0   55.0g  40.6g  30.9g R 100.0  21.7  11:59.57 nts	1688363366493
733415 toao      20   0   55.1g  40.6g  30.9g R 577.8  21.7  12:10.17 nts	1688363367175
733415 toao      20   0   55.1g  40.6g  30.9g R  2253  21.7  12:22.25 nts	1688363367916
733415 toao      20   0   55.1g  40.6g  30.9g R  1375  21.7  12:30.76 nts	1688363368622
733415 toao      20   0   55.1g  40.6g  30.9g R  1888  21.7  12:41.85 nts	1688363369344
733415 toao      20   0   55.1g  40.7g  30.9g R  2824  21.7  12:53.34 nts	1688363370045
733415 toao      20   0   55.1g  40.7g  30.9g R  2806  21.7  13:06.31 nts	1688363370774
733415 toao      20   0   55.1g  40.7g  30.9g R  3200  21.7  13:15.78 nts	1688363371505
733415 toao      20   0   55.1g  40.7g  30.9g R  2894  21.7  13:26.74 nts	1688363372214
733415 toao      20   0   55.0g  40.5g  30.9g R  1976  21.6  13:36.61 nts	1688363372922
733415 toao      20   0   55.0g  40.6g  30.9g R  1595  21.6  13:46.50 nts	1688363373622
733415 toao      20   0   55.0g  40.6g  30.9g S  1453  21.6  13:56.60 nts	1688363374326
733415 toao      20   0   55.0g  40.6g  30.9g R 836.8  21.6  14:06.54 nts	1688363375050
733415 toao      20   0   55.0g  40.6g  30.9g R 380.0  21.6  14:16.27 nts	1688363375726
733415 toao      20   0   55.0g  40.6g  30.9g R 243.8  21.6  14:26.00 nts	1688363376398
733415 toao      20   0   55.0g  40.6g  30.9g R 231.2  21.7  14:35.73 nts	1688363377070
733415 toao      20   0   55.0g  40.6g  30.9g R 250.0  21.7  14:45.35 nts	1688363377739
733415 toao      20   0   55.0g  40.6g  30.9g R  94.1  21.7  14:55.14 nts	1688363378412
733415 toao      20   0   55.0g  40.6g  30.9g R 175.0  21.7  15:04.83 nts	1688363379095
733415 toao      20   0   55.0g  40.6g  30.9g R 181.2  21.7  15:14.73 nts	1688363379773
733415 toao      20   0   55.0g  40.6g  30.9g R 181.2  21.7  15:24.66 nts	1688363380455
733415 toao      20   0   55.0g  40.6g  30.9g R 106.2  21.7  15:34.39 nts	1688363381141
733415 toao      20   0   55.0g  40.6g  30.9g R 100.0  21.7  15:44.08 nts	1688363381824
733415 toao      20   0   55.0g  40.6g  30.9g R 106.2  21.7  15:53.80 nts	1688363382509
733415 toao      20   0   55.0g  40.6g  30.9g R 100.0  21.7  16:03.69 nts	1688363383192
733415 toao      20   0   55.0g  40.6g  30.9g R 100.0  21.7  16:13.57 nts	1688363383876
733415 toao      20   0   55.1g  40.6g  30.9g R 281.2  21.7  16:23.68 nts	1688363384560
733415 toao      20   0   55.1g  40.6g  30.9g R  1525  21.7  16:35.39 nts	1688363385273
733415 toao      20   0   55.1g  40.7g  30.9g R  2738  21.7  16:47.00 nts	1688363385972
733415 toao      20   0   55.1g  40.7g  30.9g R  3059  21.7  17:00.35 nts	1688363386730
733415 toao      20   0   55.0g  40.6g  30.9g R  2918  21.7  17:11.03 nts	1688363387438
733415 toao      20   0   54.9g  40.5g  30.9g R  2776  21.6  17:21.11 nts	1688363388154
733415 toao      20   0   55.0g  40.6g  30.9g R  1394  21.6  17:30.82 nts	1688363388870
733415 toao      20   0   55.0g  40.6g  30.9g R 823.5  21.6  17:40.92 nts	1688363389582
733415 toao      20   0   55.0g  40.6g  30.9g R 356.2  21.6  17:50.61 nts	1688363390265
733415 toao      20   0   55.0g  40.6g  30.9g R 250.0  21.6  18:00.27 nts	1688363390944
733415 toao      20   0   55.0g  40.6g  30.9g R 250.0  21.7  18:10.04 nts	1688363391623
733415 toao      20   0   55.0g  40.6g  30.9g R 268.8  21.6  18:19.84 nts	1688363392303
733415 toao      20   0   55.0g  40.6g  30.9g R 237.5  21.7  18:29.63 nts	1688363392983
733415 toao      20   0   55.0g  40.6g  30.9g R 187.5  21.7  18:39.40 nts	1688363393663
733415 toao      20   0   55.0g  40.6g  30.9g R 243.8  21.7  18:49.07 nts	1688363394343
733415 toao      20   0   55.0g  40.6g  30.9g R 175.0  21.7  18:58.81 nts	1688363395020
733415 toao      20   0   55.0g  40.6g  30.9g R 194.1  21.7  19:08.75 nts	1688363395701
733415 toao      20   0   55.0g  40.6g  30.9g R 168.8  21.7  19:18.52 nts	1688363396387
733415 toao      20   0   55.0g  40.6g  30.9g R 173.3  21.7  19:28.37 nts	1688363397068
733415 toao      20   0   55.0g  40.6g  30.9g R 200.0  21.6  19:38.19 nts	1688363397746
733415 toao      20   0   55.0g  40.6g  30.9g R 281.2  21.6  19:48.14 nts	1688363398425
733415 toao      20   0   55.0g  40.6g  30.9g R 275.0  21.6  19:57.97 nts	1688363399107
733415 toao      20   0   55.0g  40.6g  30.9g R 280.0  21.6  20:07.90 nts	1688363399786
733415 toao      20   0   55.0g  40.6g  30.9g R 243.8  21.7  20:17.68 nts	1688363400462
733415 toao      20   0   55.0g  40.6g  30.9g R 243.8  21.7  20:27.45 nts	1688363401134
733415 toao      20   0   55.0g  40.6g  30.9g R 206.2  21.6  20:37.26 nts	1688363401816
733415 toao      20   0   55.0g  40.6g  30.9g R 243.8  21.7  20:47.03 nts	1688363402501
733415 toao      20   0   55.0g  40.6g  30.9g R 306.7  21.6  20:56.89 nts	1688363403176
733415 toao      20   0   55.0g  40.6g  30.9g R 250.0  21.7  21:06.67 nts	1688363403854
733415 toao      20   0   55.0g  40.6g  30.9g R 175.0  21.7  21:16.39 nts	1688363404538
733415 toao      20   0   55.0g  40.6g  30.9g R 100.0  21.7  21:26.17 nts	1688363405219
733415 toao      20   0   55.0g  40.6g  30.9g R 106.2  21.7  21:35.96 nts	1688363405900
733415 toao      20   0   55.0g  40.6g  30.9g R 100.0  21.7  21:45.75 nts	1688363406582
733415 toao      20   0   55.1g  40.6g  30.9g R 243.8  21.7  21:55.64 nts	1688363407263
733415 toao      20   0   55.1g  40.6g  30.9g R  1281  21.7  22:06.97 nts	1688363407969
733415 toao      20   0   55.1g  40.7g  30.9g R  2675  21.7  22:18.96 nts	1688363408689
733415 toao      20   0   55.1g  40.7g  30.9g R  2679  21.7  22:30.62 nts	1688363409402
733415 toao      20   0   55.0g  40.6g  30.9g R  2871  21.7  22:43.18 nts	1688363410178
733415 toao      20   0   54.9g  40.5g  30.9g R  2371  21.6  22:53.26 nts	1688363410874
733415 toao      20   0   55.0g  40.5g  30.9g R  1741  21.6  23:03.17 nts	1688363411598
733415 toao      20   0   55.0g  40.6g  30.9g R 505.6  21.6  23:13.17 nts	1688363412314
733415 toao      20   0   55.0g  40.6g  30.9g R 375.0  21.6  23:22.99 nts	1688363412999
733415 toao      20   0   55.0g  40.6g  30.9g R 256.2  21.6  23:32.74 nts	1688363413679
733415 toao      20   0   55.0g  40.6g  30.9g R 337.5  21.6  23:42.73 nts	1688363414362
733415 toao      20   0   55.0g  40.6g  30.9g R 362.5  21.6  23:52.64 nts	1688363415057
733415 toao      20   0   55.0g  40.6g  30.9g R 346.7  21.6  24:02.50 nts	1688363415746
733415 toao      20   0   55.0g  40.6g  30.9g R 262.5  21.6  24:12.29 nts	1688363416426
733415 toao      20   0   55.0g  40.6g  30.9g R 250.0  21.7  24:21.99 nts	1688363417103
733415 toao      20   0   55.0g  40.6g  30.9g R 243.8  21.7  24:31.70 nts	1688363417780
733415 toao      20   0   55.0g  40.6g  30.9g R 181.2  21.7  24:41.45 nts	1688363418456
733415 toao      20   0   55.0g  40.6g  30.9g R 143.8  21.7  24:51.27 nts	1688363419131
733415 toao      20   0   55.0g  40.6g  30.9g R  94.1  21.7  25:01.06 nts	1688363419815
733415 toao      20   0   55.0g  40.6g  30.9g R 106.2  21.7  25:10.88 nts	1688363420499
733415 toao      20   0   55.0g  40.6g  30.9g R 100.0  21.7  25:20.73 nts	1688363421180
733415 toao      20   0   55.0g  40.6g  30.9g R 100.0  21.7  25:30.54 nts	1688363421865
733415 toao      20   0   55.0g  40.6g  30.9g R 100.0  21.7  25:40.33 nts	1688363422549
733415 toao      20   0   55.0g  40.6g  30.9g R 187.5  21.6  25:50.29 nts	1688363423231
733415 toao      20   0   55.0g  40.6g  30.9g R 243.8  21.6  26:00.41 nts	1688363423904
733415 toao      20   0   55.0g  40.6g  30.9g R 268.8  21.6  26:10.18 nts	1688363424574
733415 toao      20   0   55.0g  40.6g  30.9g R 312.5  21.6  26:20.16 nts	1688363425257
733415 toao      20   0   55.0g  40.6g  30.9g R 275.0  21.6  26:30.00 nts	1688363425938
733415 toao      20   0   55.0g  40.6g  30.9g R 262.5  21.6  26:39.91 nts	1688363426615
733415 toao      20   0   55.0g  40.6g  30.9g R 268.8  21.6  26:49.75 nts	1688363427295
733415 toao      20   0   55.0g  40.6g  30.9g R 256.2  21.7  26:59.57 nts	1688363427974
733415 toao      20   0   55.0g  40.6g  30.9g R 275.0  21.6  27:09.51 nts	1688363428655
733415 toao      20   0   55.0g  40.6g  30.9g R 262.5  21.6  27:19.47 nts	1688363429348
733415 toao      20   0   55.0g  40.6g  30.9g R 810.5  21.6  27:29.55 nts	1688363430054
733415 toao      20   0   55.0g  40.6g  30.9g R 400.0  21.6  27:39.32 nts	1688363430749
733415 toao      20   0   55.0g  40.6g  30.9g R 256.2  21.6  27:49.11 nts	1688363431427
733415 toao      20   0   55.0g  40.6g  30.9g R 268.8  21.7  27:58.92 nts	1688363432107
733415 toao      20   0   55.0g  40.6g  30.9g R 218.8  21.6  28:08.61 nts	1688363432790
733415 toao      20   0   55.0g  40.6g  30.9g R 331.2  21.6  28:18.58 nts	1688363433476
733415 toao      20   0   55.0g  40.6g  30.9g R 262.5  21.6  28:28.37 nts	1688363434154
733415 toao      20   0   55.0g  40.6g  30.9g R 260.0  21.6  28:38.16 nts	1688363434827
733415 toao      20   0   55.0g  40.6g  30.9g R 268.8  21.6  28:47.93 nts	1688363435499
733415 toao      20   0   55.0g  40.6g  30.9g R 262.5  21.6  28:57.86 nts	1688363436170
733415 toao      20   0   55.0g  40.6g  30.9g R 243.8  21.7  29:07.70 nts	1688363436844
733415 toao      20   0   55.0g  40.6g  30.9g R 200.0  21.7  29:17.44 nts	1688363437530
733415 toao      20   0   55.0g  40.6g  30.9g R 100.0  21.7  29:27.22 nts	1688363438216
733415 toao      20   0   55.0g  40.6g  30.9g R 100.0  21.7  29:36.94 nts	1688363438895
733415 toao      20   0   55.0g  40.6g  30.9g R  93.8  21.7  29:46.62 nts	1688363439580
733415 toao      20   0   55.0g  40.6g  30.9g R 100.0  21.7  29:56.41 nts	1688363440263
733415 toao      20   0   55.0g  40.6g  30.9g R 100.0  21.7  30:06.08 nts	1688363440941
733415 toao      20   0   55.0g  40.6g  30.9g R  94.1  21.7  30:16.01 nts	1688363441624
733415 toao      20   0   55.0g  40.6g  30.9g R 106.7  21.7  30:26.00 nts	1688363442307
733415 toao      20   0   55.0g  40.6g  30.9g R  93.8  21.7  30:35.72 nts	1688363442990
733415 toao      20   0   55.0g  40.6g  30.9g R 100.0  21.7  30:45.61 nts	1688363443672
733415 toao      20   0   55.1g  40.6g  30.9g R 482.4  21.7  30:55.85 nts	1688363444356
733415 toao      20   0   55.1g  40.6g  30.9g R  1969  21.7  31:08.04 nts	1688363445097
733415 toao      20   0   55.1g  40.6g  30.9g R  1156  21.7  31:16.50 nts	1688363445810
733415 toao      20   0   55.1g  40.7g  30.9g R  2306  21.7  31:28.34 nts	1688363446525
733415 toao      20   0   55.1g  40.7g  30.9g R  2947  21.7  31:39.59 nts	1688363447249
733415 toao      20   0   55.1g  40.7g  30.9g R  3200  21.7  31:52.29 nts	1688363447994
733415 toao      20   0   55.1g  40.7g  30.9g R  2878  21.7  32:01.80 nts	1688363448734
733415 toao      20   0   55.0g  40.6g  30.9g R  2883  21.7  32:12.75 nts	1688363449446
733415 toao      20   0   55.0g  40.5g  30.9g R  1744  21.6  32:22.65 nts	1688363450162
733415 toao      20   0   55.0g  40.6g  30.9g S  1289  21.6  32:32.65 nts	1688363450850
733415 toao      20   0   55.0g  40.6g  30.9g R 994.1  21.6  32:42.64 nts	1688363451567
733415 toao      20   0   55.0g  40.6g  30.9g R 783.3  21.6  32:52.64 nts	1688363452270
733415 toao      20   0   55.0g  40.6g  30.9g R 343.8  21.6  33:02.34 nts	1688363452944
733415 toao      20   0   55.0g  40.6g  30.9g R 300.0  21.6  33:12.20 nts	1688363453634
733415 toao      20   0   55.0g  40.6g  30.9g R 235.3  21.7  33:21.89 nts	1688363454314
733415 toao      20   0   55.0g  40.6g  30.9g R 287.5  21.6  33:31.73 nts	1688363455000
733415 toao      20   0   55.0g  40.6g  30.9g R 243.8  21.7  33:41.60 nts	1688363455671
733415 toao      20   0   55.0g  40.6g  30.9g R 300.0  21.7  33:51.43 nts	1688363456349
733415 toao      20   0   55.0g  40.6g  30.9g R 250.0  21.7  34:01.28 nts	1688363457026
733415 toao      20   0   55.0g  40.6g  30.9g R 225.0  21.7  34:11.01 nts	1688363457699
733415 toao      20   0   55.0g  40.6g  30.9g R 250.0  21.7  34:20.94 nts	1688363458378
733415 toao      20   0   55.0g  40.6g  30.9g R 106.2  21.7  34:30.72 nts	1688363459060
733415 toao      20   0   55.0g  40.6g  30.9g R 100.0  21.7  34:40.51 nts	1688363459739
733415 toao      20   0   55.0g  40.6g  30.9g R 106.2  21.7  34:50.30 nts	1688363460423
733415 toao      20   0   55.1g  40.6g  30.9g R 331.2  21.7  35:00.36 nts	1688363461101
733415 toao      20   0   55.1g  40.6g  30.9g R 812.5  21.7  35:10.78 nts	1688363461796
733415 toao      20   0   55.1g  40.6g  30.9g R  2056  21.7  35:22.54 nts	1688363462514
733415 toao      20   0   55.1g  40.7g  30.9g R  3038  21.7  35:33.81 nts	1688363463206
733415 toao      20   0   55.1g  40.7g  30.9g R  3156  21.7  35:45.89 nts	1688363463922
733415 toao      20   0   55.1g  40.6g  30.9g R  3035  21.7  35:57.47 nts	1688363464670
733415 toao      20   0   55.0g  40.6g  30.9g R  2772  21.7  36:07.43 nts	1688363465362
733415 toao      20   0   54.9g  40.5g  30.9g R  2675  21.6  36:17.45 nts	1688363466073
733415 toao      20   0   55.0g  40.6g  30.9g R  1241  21.6  36:27.41 nts	1688363466766
733415 toao      20   0   55.0g  40.6g  30.9g R  1465  21.6  36:37.35 nts	1688363467486
733415 toao      20   0   55.0g  40.6g  30.9g R  1518  21.6  36:47.05 nts	1688363468202
733415 toao      20   0   55.0g  40.6g  30.9g R 705.9  21.6  36:56.87 nts	1688363468890
733415 toao      20   0   55.0g  40.6g  30.9g R 287.5  21.6  37:06.65 nts	1688363469562
733415 toao      20   0   55.0g  40.6g  30.9g R 237.5  21.7  37:16.37 nts	1688363470244
733415 toao      20   0   55.0g  40.6g  30.9g R 243.8  21.7  37:26.06 nts	1688363470925
733415 toao      20   0   55.0g  40.6g  30.9g R 187.5  21.6  37:35.82 nts	1688363471608
733415 toao      20   0   55.0g  40.6g  30.9g R 243.8  21.7  37:45.73 nts	1688363472291
733415 toao      20   0   55.0g  40.6g  30.9g R 218.8  21.7  37:55.47 nts	1688363472969
733415 toao      20   0   55.0g  40.6g  30.9g R 106.2  21.7  38:05.17 nts	1688363473658
733415 toao      20   0   55.0g  40.6g  30.9g R 100.0  21.7  38:14.94 nts	1688363474343
733415 toao      20   0   55.0g  40.6g  30.9g R 106.7  21.7  38:24.90 nts	1688363475026
733415 toao      20   0   55.0g  40.6g  30.9g R 106.2  21.7  38:34.67 nts	1688363475707
733415 toao      20   0   55.0g  40.6g  30.9g R 106.2  21.7  38:44.44 nts	1688363476385
733415 toao      20   0   55.0g  40.6g  30.9g R 100.0  21.7  38:54.29 nts	1688363477069
733415 toao      20   0   55.0g  40.6g  30.9g R 100.0  21.7  39:04.22 nts	1688363477751
733415 toao      20   0   55.0g  40.6g  30.9g R  94.1  21.7  39:14.00 nts	1688363478432
733415 toao      20   0   55.1g  40.6g  30.9g R 193.8  21.7  39:23.99 nts	1688363479116
733415 toao      20   0   55.1g  40.6g  30.9g R  1112  21.7  39:35.14 nts	1688363479820
733415 toao      20   0   55.1g  40.7g  30.9g R  2388  21.7  39:46.94 nts	1688363480530
733415 toao      20   0   55.1g  40.7g  30.9g R  3011  21.7  40:00.18 nts	1688363481282
733415 toao      20   0   55.1g  40.7g  30.9g R  2939  21.7  40:11.58 nts	1688363482030
733415 toao      20   0   55.1g  40.7g  30.9g R  3200  21.7  40:19.25 nts	1688363482718
733415 toao      20   0   55.0g  40.6g  30.9g R  2835  21.7  40:31.27 nts	1688363483463
733415 toao      20   0   55.0g  40.5g  30.9g R  1622  21.6  40:41.10 nts	1688363484162
733415 toao      20   0   55.1g  40.6g  30.9g R  1350  21.6  40:51.17 nts	1688363484858
733415 toao      20   0   55.0g  40.6g  30.9g R 350.0  21.6  41:01.00 nts	1688363485567
733415 toao      20   0   55.0g  40.6g  30.9g R 293.8  21.6  41:10.73 nts	1688363486244
733415 toao      20   0   55.0g  40.6g  30.9g R 337.5  21.6  41:20.67 nts	1688363486930
733415 toao      20   0   55.1g  40.6g  30.9g R 356.2  21.7  41:30.53 nts	1688363487620
733415 toao      20   0   55.0g  40.6g  30.9g R 347.1  21.6  41:40.45 nts	1688363488326
733415 toao      20   0   55.0g  40.6g  30.9g R 262.5  21.6  41:50.17 nts	1688363488993
733415 toao      20   0   55.0g  40.6g  30.9g R 243.8  21.6  42:00.00 nts	1688363489672
733415 toao      20   0   55.0g  40.6g  30.9g R 250.0  21.7  42:09.81 nts	1688363490353
733415 toao      20   0   55.0g  40.6g  30.9g R 162.5  21.7  42:19.45 nts	1688363491031
733415 toao      20   0   55.0g  40.6g  30.9g R 106.2  21.7  42:29.17 nts	1688363491713
733415 toao      20   0   55.0g  40.6g  30.9g R 175.0  21.7  42:39.10 nts	1688363492395
733415 toao      20   0   55.0g  40.6g  30.9g R 181.2  21.7  42:49.02 nts	1688363493071
733415 toao      20   0   55.0g  40.6g  30.9g R 237.5  21.7  42:58.91 nts	1688363493755
733415 toao      20   0   55.0g  40.6g  30.9g R 268.8  21.7  43:08.83 nts	1688363494434
733415 toao      20   0   55.0g  40.6g  30.9g R 293.8  21.6  43:18.70 nts	1688363495114
733415 toao      20   0   55.0g  40.6g  30.9g R 262.5  21.6  43:28.56 nts	1688363495791
733415 toao      20   0   55.0g  40.6g  30.9g R 237.5  21.7  43:38.40 nts	1688363496464
733415 toao      20   0   55.0g  40.6g  30.9g R 262.5  21.6  43:48.10 nts	1688363497145
733415 toao      20   0   55.0g  40.6g  30.9g R 250.0  21.7  43:58.09 nts	1688363497825
733415 toao      20   0   55.0g  40.6g  30.9g R 113.3  21.7  44:07.69 nts	1688363498507
733415 toao      20   0   55.1g  40.6g  30.9g R 200.0  21.6  44:17.46 nts	1688363499187
733415 toao      20   0   55.1g  40.6g  30.9g R 347.1  21.6  44:27.67 nts	1688363499886
733415 toao      20   0   55.1g  40.6g  30.9g R 452.9  21.7  44:37.67 nts	1688363500593
733415 toao      20   0   55.0g  40.6g  30.9g R 368.8  21.6  44:47.59 nts	1688363501281
733415 toao      20   0   55.0g  40.6g  30.9g R 350.0  21.6  44:57.40 nts	1688363501964
733415 toao      20   0   55.1g  40.6g  30.9g R 275.0  21.6  45:07.28 nts	1688363502644
733415 toao      20   0   55.0g  40.6g  30.9g R 375.0  21.6  45:17.27 nts	1688363503333
733415 toao      20   0   55.0g  40.6g  30.9g R 275.0  21.6  45:27.01 nts	1688363504014
733415 toao      20   0   55.0g  40.6g  30.9g R 250.0  21.6  45:36.91 nts	1688363504695
733415 toao      20   0   55.0g  40.6g  30.9g R 243.8  21.7  45:46.45 nts	1688363505373
733415 toao      20   0   55.0g  40.6g  30.9g R 206.2  21.6  45:56.24 nts	1688363506052
733415 toao      20   0   55.0g  40.6g  30.9g R 243.8  21.7  46:06.14 nts	1688363506737
733415 toao      20   0   55.0g  40.6g  30.9g R 162.5  21.7  46:15.90 nts	1688363507411
733415 toao      20   0   55.0g  40.6g  30.9g R 256.2  21.7  46:25.80 nts	1688363508090
733415 toao      20   0   55.0g  40.6g  30.9g R 162.5  21.7  46:35.54 nts	1688363508764
733415 toao      20   0   55.0g  40.6g  30.9g R 100.0  21.7  46:45.21 nts	1688363509443
733415 toao      20   0   55.0g  40.6g  30.9g R 106.2  21.7  46:54.97 nts	1688363510119
733415 toao      20   0   55.0g  40.6g  30.9g R 106.2  21.7  47:04.73 nts	1688363510803
733415 toao      20   0   55.1g  40.6g  30.9g R 300.0  21.7  47:14.85 nts	1688363511483
733415 toao      20   0   55.1g  40.6g  30.9g R 762.5  21.7  47:25.19 nts	1688363512184
733415 toao      20   0   55.0g  40.6g  30.9g R  88.2  21.7  47:33.99 nts	1688363512893
733415 toao      20   0   55.1g  40.6g  30.9g R 337.5  21.7  47:44.40 nts	1688363513575
733415 toao      20   0   55.1g  40.6g  30.9g R 212.5  21.7  47:54.11 nts	1688363514284
733415 toao      20   0   55.1g  40.6g  30.9g R  1388  21.7  48:05.81 nts	1688363514999
733415 toao      20   0   55.1g  40.6g  30.9g R  1744  21.7  48:16.18 nts	1688363515714
733415 toao      20   0   55.1g  40.7g  30.9g R  2594  21.7  48:27.45 nts	1688363516412
733415 toao      20   0   55.1g  40.6g  30.9g R  2175  21.7  48:36.59 nts	1688363517129
733415 toao      20   0   55.1g  40.7g  30.9g R  2544  21.7  48:47.15 nts	1688363517835
733415 toao      20   0   55.1g  40.7g  30.9g R  2450  21.7  48:56.89 nts	1688363518538
733415 toao      20   0   55.1g  40.7g  30.9g R  3065  21.7  49:09.87 nts	1688363519278
733415 toao      20   0   55.1g  40.7g  30.9g R  3035  21.7  49:21.02 nts	1688363520006
733415 toao      20   0   55.0g  40.5g  30.9g R  2041  21.6  49:31.46 nts	1688363520718
733415 toao      20   0   55.0g  40.6g  30.9g R 938.9  21.6  49:41.35 nts	1688363521422
733415 toao      20   0   55.0g  40.6g  30.9g R 256.2  21.6  49:51.05 nts	1688363522117
733415 toao      20   0   55.0g  40.6g  30.9g R 256.2  21.6  50:00.91 nts	1688363522800
733415 toao      20   0   55.0g  40.6g  30.9g S 206.2  21.6  50:10.55 nts	1688363523484
733415 toao      20   0   55.0g  40.6g  30.9g R 605.6  21.6  50:20.64 nts	1688363524182
733415 toao      20   0   55.0g  40.6g  30.9g R 281.2  21.6  50:30.37 nts	1688363524855
733415 toao      20   0   55.0g  40.6g  30.9g R 325.0  21.6  50:40.27 nts	1688363525534
733415 toao      20   0   55.0g  40.6g  30.9g R 368.8  21.6  50:50.18 nts	1688363526222
733415 toao      20   0   55.0g  40.6g  30.9g R 343.8  21.6  51:00.00 nts	1688363526908
733415 toao      20   0   55.0g  40.6g  30.9g R 237.5  21.6  51:09.78 nts	1688363527587
733415 toao      20   0   55.0g  40.6g  30.9g R 237.5  21.7  51:19.59 nts	1688363528269
733415 toao      20   0   55.0g  40.6g  30.9g R 268.8  21.6  51:29.33 nts	1688363528946
733415 toao      20   0   55.0g  40.6g  30.9g R 293.3  21.6  51:39.34 nts	1688363529627
733415 toao      20   0   55.0g  40.6g  30.9g R 381.2  21.6  51:49.32 nts	1688363530326
733415 toao      20   0   55.0g  40.6g  30.9g R 256.2  21.6  51:59.13 nts	1688363531000
733415 toao      20   0   55.0g  40.6g  30.9g R 268.8  21.6  52:09.03 nts	1688363531679
733415 toao      20   0   55.1g  40.6g  30.9g R 318.8  21.6  52:18.84 nts	1688363532366
733415 toao      20   0   55.0g  40.6g  30.9g R 338.9  21.6  52:28.96 nts	1688363533079
733415 toao      20   0   55.0g  40.6g  30.9g R 256.2  21.6  52:38.82 nts	1688363533749
733415 toao      20   0   55.0g  40.6g  30.9g R 300.0  21.6  52:48.69 nts	1688363534434
733415 toao      20   0   55.0g  40.6g  30.9g R 287.5  21.6  52:58.40 nts	1688363535115
733415 toao      20   0   55.0g  40.6g  30.9g R 237.5  21.6  53:08.33 nts	1688363535794
733415 toao      20   0   55.0g  40.6g  30.9g R 231.2  21.7  53:17.95 nts	1688363536476
733415 toao      20   0   55.0g  40.6g  30.9g R 106.2  21.7  53:27.60 nts	1688363537155
733415 toao      20   0   55.0g  40.6g  30.9g R 106.7  21.7  53:37.26 nts	1688363537837
733415 toao      20   0   55.0g  40.6g  30.9g R 100.0  21.7  53:46.91 nts	1688363538516
733415 toao      20   0   55.1g  40.6g  30.9g R 723.5  21.7  53:57.66 nts	1688363539192
733415 toao      20   0   55.1g  40.6g  30.9g R  1288  21.7  54:08.33 nts	1688363539929
733415 toao      20   0   55.1g  40.7g  30.9g R  2253  21.7  54:20.09 nts	1688363540641
733415 toao      20   0   55.1g  40.7g  30.9g R  2644  21.7  54:30.25 nts	1688363541338
733415 toao      20   0   55.1g  40.7g  30.9g R  3059  21.7  54:41.79 nts	1688363542063
733415 toao      20   0   83.3g  42.3g  32.5g R 206.2  22.6  54:47.53 nts	1688363542749
733415 toao      20   0   86.9g  44.2g  34.4g R 206.2  23.6  54:48.90 nts	1688363543436
733415 toao      20   0   90.5g  45.9g  36.1g R 200.0  24.5  54:50.26 nts	1688363544121
733415 toao      20   0   94.9g  46.0g  36.2g S  1659  24.6  54:57.98 nts	1688363544807
733415 toao      20   0   95.2g  46.1g  36.2g S  1971  24.6  55:11.25 nts	1688363545493
733415 toao      20   0   95.5g  46.2g  36.2g S  1853  24.6  55:24.42 nts	1688363546182
733415 toao      20   0   96.5g  46.1g  36.2g S  2012  24.6  55:37.68 nts	1688363546886
733415 toao      20   0   96.5g  46.1g  36.2g S  1735  24.6  55:50.66 nts	1688363547574
733415 toao      20   0   96.6g  46.1g  36.2g S  2062  24.6  56:03.81 nts	1688363548256
733415 toao      20   0   96.6g  46.2g  36.2g S  1950  24.6  56:17.17 nts	1688363548941
733415 toao      20   0   96.5g  46.1g  36.2g S  1906  24.6  56:30.30 nts	1688363549626
733415 toao      20   0   96.2g  46.1g  36.2g S  1844  24.6  56:43.38 nts	1688363550310
733415 toao      20   0   95.7g  46.2g  36.3g S  1869  24.6  56:56.22 nts	1688363550998
733415 toao      20   0   95.7g  46.2g  36.3g S  1819  24.6  57:08.80 nts	1688363551680
733415 toao      20   0   95.7g  46.2g  36.3g S  1876  24.7  57:22.02 nts	1688363552362
733415 toao      20   0   95.6g  46.2g  36.3g S  1859  24.6  57:35.25 nts	1688363553055
733415 toao      20   0   95.7g  46.2g  36.3g S  1906  24.6  57:48.30 nts	1688363553740
733415 toao      20   0   95.7g  46.2g  36.3g S  1671  24.6  58:01.02 nts	1688363554428
733415 toao      20   0   95.6g  46.2g  36.3g S  2188  24.6  58:14.42 nts	1688363555109
733415 toao      20   0   95.7g  46.2g  36.3g S  1850  24.6  58:27.51 nts	1688363555793
733415 toao      20   0   95.7g  46.2g  36.3g S  2019  24.6  58:41.22 nts	1688363556477
733415 toao      20   0   95.7g  46.2g  36.3g S  1653  24.6  58:53.97 nts	1688363557167
733415 toao      20   0   95.6g  46.2g  36.3g S  1871  24.6  59:07.32 nts	1688363557845
733415 toao      20   0   95.7g  46.2g  36.3g S  1738  24.7  59:19.92 nts	1688363558527
733415 toao      20   0   95.6g  46.2g  36.3g S  1859  24.6  59:32.99 nts	1688363559213
733415 toao      20   0   96.2g  46.2g  36.3g S  2019  24.7  59:46.18 nts	1688363559900
733415 toao      20   0   95.7g  46.2g  36.3g S  1765  24.6  59:59.53 nts	1688363560596
733415 toao      20   0   95.7g  46.2g  36.3g S  1862  24.6  60:12.49 nts	1688363561276
733415 toao      20   0   95.8g  46.2g  36.3g S  1806  24.7  60:25.29 nts	1688363561965
733415 toao      20   0   96.3g  46.2g  36.3g S  1862  24.7  60:38.15 nts	1688363562647
733415 toao      20   0   95.7g  46.2g  36.3g S  1924  24.6  60:51.36 nts	1688363563329
733415 toao      20   0   95.7g  46.2g  36.3g S  1844  24.6  61:04.38 nts	1688363564027
733415 toao      20   0   95.7g  46.2g  36.3g S  1844  24.6  61:17.25 nts	1688363564700
733415 toao      20   0   95.7g  46.2g  36.3g S  1956  24.6  61:30.91 nts	1688363565394
733415 toao      20   0  100.0g  46.2g  36.3g S  1812  24.6  61:43.56 nts	1688363566071
733415 toao      20   0  101.7g  46.2g  36.3g S  1888  24.6  61:56.49 nts	1688363566754
733415 toao      20   0  102.3g  46.2g  36.3g S  2019  24.7  62:09.56 nts	1688363567438
733415 toao      20   0  101.7g  46.2g  36.3g S  2175  24.6  62:22.91 nts	1688363568126
733415 toao      20   0  101.7g  46.2g  36.3g S  1850  24.6  62:35.63 nts	1688363568810
733415 toao      20   0  101.7g  46.2g  36.3g S  1819  24.6  62:48.17 nts	1688363569485
733415 toao      20   0  101.7g  46.2g  36.3g S  1844  24.6  63:01.25 nts	1688363570167
733415 toao      20   0  101.7g  46.2g  36.3g S  2200  24.6  63:14.75 nts	1688363570850
733415 toao      20   0  101.7g  46.2g  36.3g S  1988  24.6  63:27.73 nts	1688363571539
733415 toao      20   0  101.6g  46.2g  36.3g S  1782  24.7  63:40.98 nts	1688363572222
733415 toao      20   0  101.0g  46.2g  36.3g S  1956  24.6  63:54.15 nts	1688363572907
733415 toao      20   0  101.0g  46.2g  36.3g S  1800  24.6  64:06.97 nts	1688363573589
733415 toao      20   0  101.1g  46.2g  36.3g S  1875  24.6  64:19.79 nts	1688363574267
733415 toao      20   0  101.1g  46.2g  36.3g S  1847  24.7  64:33.02 nts	1688363574951
733415 toao      20   0  101.2g  46.2g  36.3g S  1788  24.6  64:46.24 nts	1688363575637
733415 toao      20   0  101.3g  46.2g  36.3g S  1812  24.6  64:59.01 nts	1688363576317
733415 toao      20   0  101.4g  46.2g  36.3g S  1925  24.7  65:12.06 nts	1688363576997
733415 toao      20   0  101.3g  46.2g  36.3g S  1812  24.6  65:25.30 nts	1688363577681
733415 toao      20   0  101.4g  46.2g  36.3g S  1931  24.7  65:38.25 nts	1688363578360
733415 toao      20   0  101.3g  46.2g  36.3g S  1888  24.6  65:51.36 nts	1688363579042
733415 toao      20   0  101.4g  46.2g  36.3g S  1869  24.7  66:04.36 nts	1688363579732
733415 toao      20   0  101.3g  46.2g  36.3g S  1931  24.6  66:17.62 nts	1688363580418
733415 toao      20   0  101.3g  46.2g  36.3g S  2188  24.6  66:31.28 nts	1688363581105
733415 toao      20   0  101.4g  46.2g  36.3g S  1819  24.7  66:44.31 nts	1688363581788
733415 toao      20   0  101.3g  46.2g  36.3g S  2025  24.6  66:57.72 nts	1688363582473
733415 toao      20   0  101.3g  46.2g  36.3g S  1765  24.6  67:10.89 nts	1688363583160
733415 toao      20   0  101.3g  46.2g  36.3g S  1994  24.6  67:24.48 nts	1688363583855
733415 toao      20   0  101.3g  46.2g  36.3g S  1838  24.6  67:37.23 nts	1688363584540
733415 toao      20   0  101.4g  46.2g  36.3g S  1919  24.7  67:50.26 nts	1688363585220
733415 toao      20   0  101.3g  46.2g  36.3g S  1950  24.6  68:03.48 nts	1688363585905
733415 toao      20   0  101.4g  46.2g  36.3g S  1988  24.7  68:16.77 nts	1688363586588
733415 toao      20   0  101.3g  46.2g  36.3g S  1931  24.6  68:29.83 nts	1688363587276
733415 toao      20   0  103.7g  46.2g  36.3g S  1769  24.6  68:42.45 nts	1688363587949
733415 toao      20   0  103.7g  46.2g  36.3g S  1875  24.7  68:55.56 nts	1688363588630
733415 toao      20   0  103.6g  46.2g  36.3g S  2062  24.6  69:08.73 nts	1688363589318
733415 toao      20   0  103.6g  46.2g  36.3g S  1800  24.6  69:21.50 nts	1688363590004
733415 toao      20   0  103.7g  46.2g  36.3g S  1825  24.6  69:34.30 nts	1688363590687
733415 toao      20   0  103.7g  46.2g  36.3g S  2050  24.6  69:47.71 nts	1688363591371
733415 toao      20   0  103.6g  46.2g  36.3g S  2044  24.6  70:00.75 nts	1688363592052
733415 toao      20   0  103.7g  46.2g  36.3g S  1894  24.6  70:13.88 nts	1688363592739
733415 toao      20   0  102.4g  46.2g  36.3g S  2156  24.7  70:27.25 nts	1688363593423
733415 toao      20   0  102.8g  46.2g  36.3g S  1850  24.6  70:40.47 nts	1688363594118
733415 toao      20   0  102.9g  46.2g  36.3g S  1944  24.7  70:53.21 nts	1688363594797
733415 toao      20   0  102.9g  46.2g  36.3g S  2012  24.7  71:06.29 nts	1688363595484
733415 toao      20   0  102.8g  46.2g  36.3g S  2162  24.6  71:19.64 nts	1688363596166
733415 toao      20   0  102.9g  46.2g  36.3g S  1856  24.6  71:32.40 nts	1688363596849
733415 toao      20   0  102.9g  46.2g  36.3g S  1871  24.7  71:45.35 nts	1688363597534
733415 toao      20   0  102.8g  46.2g  36.3g S  1838  24.6  71:58.20 nts	1688363598227
733415 toao      20   0  102.9g  46.2g  36.3g S  1771  24.7  72:11.53 nts	1688363598916
733415 toao      20   0  102.8g  46.2g  36.3g S  1882  24.6  72:24.72 nts	1688363599601
733415 toao      20   0  102.8g  46.2g  36.3g S  1925  24.6  72:37.70 nts	1688363600296
733415 toao      20   0  103.4g  46.2g  36.3g S  1841  24.7  72:50.84 nts	1688363600973
733415 toao      20   0  102.9g  46.2g  36.3g S  1969  24.7  73:03.67 nts	1688363601669
733415 toao      20   0  102.8g  46.2g  36.3g S  1747  24.6  73:16.86 nts	1688363602352
733415 toao      20   0  103.4g  46.2g  36.3g S  1929  24.7  73:29.89 nts	1688363603035
733415 toao      20   0  102.9g  46.2g  36.3g S  1771  24.6  73:43.17 nts	1688363603726
733415 toao      20   0  103.0g  46.2g  36.3g S  1844  24.7  73:56.39 nts	1688363604414
733415 toao      20   0  103.0g  46.2g  36.3g S  1825  24.6  74:09.34 nts	1688363605095
733415 toao      20   0  102.9g  46.2g  36.3g S  1912  24.6  74:22.37 nts	1688363605781
733415 toao      20   0  103.5g  46.2g  36.3g S  2038  24.7  74:35.67 nts	1688363606462
733415 toao      20   0  103.0g  46.2g  36.3g S  2019  24.7  74:48.50 nts	1688363607145
733415 toao      20   0  103.0g  46.2g  36.3g S  1862  24.7  75:01.77 nts	1688363607834
733415 toao      20   0  102.9g  46.2g  36.3g S  1844  24.6  75:15.20 nts	1688363608519
733415 toao      20   0  102.9g  46.2g  36.3g S  1862  24.6  75:27.90 nts	1688363609196
733415 toao      20   0  103.5g  46.2g  36.3g S  1794  24.6  75:40.55 nts	1688363609876
733415 toao      20   0  103.5g  46.2g  36.3g S  1906  24.7  75:53.52 nts	1688363610554
733415 toao      20   0  103.5g  46.2g  36.3g S  1925  24.7  76:06.67 nts	1688363611242
733415 toao      20   0  103.6g  46.2g  36.3g S  1747  24.6  76:19.76 nts	1688363611941
733415 toao      20   0  103.6g  46.2g  36.3g S  1762  24.6  76:32.38 nts	1688363612612
733415 toao      20   0  103.6g  46.2g  36.3g S  2044  24.7  76:45.26 nts	1688363613290
733415 toao      20   0  103.6g  46.2g  36.3g S  1925  24.7  76:58.58 nts	1688363613981
733415 toao      20   0  103.6g  46.2g  36.3g S  1856  24.6  77:11.89 nts	1688363614673
733415 toao      20   0  104.2g  46.2g  36.3g S  1956  24.7  77:25.07 nts	1688363615351
733415 toao      20   0  103.6g  46.2g  36.3g S  1829  24.6  77:37.95 nts	1688363616034
733415 toao      20   0  103.6g  46.2g  36.3g S  1856  24.6  77:51.21 nts	1688363616728
733415 toao      20   0  104.2g  46.2g  36.3g S  1938  24.7  78:04.05 nts	1688363617412
733415 toao      20   0  103.6g  46.2g  36.3g S  2031  24.6  78:17.39 nts	1688363618095
733415 toao      20   0  103.6g  46.2g  36.3g S  1676  24.6  78:30.18 nts	1688363618779
733415 toao      20   0  103.6g  46.2g  36.3g S  1850  24.7  78:43.00 nts	1688363619470
733415 toao      20   0  103.7g  46.2g  36.3g S  2050  24.7  78:56.48 nts	1688363620161
733415 toao      20   0  103.7g  46.2g  36.3g S  1847  24.7  79:09.43 nts	1688363620844
733415 toao      20   0  103.7g  46.2g  36.3g S  1738  24.7  79:22.31 nts	1688363621531
733415 toao      20   0  103.7g  46.2g  36.3g S  2050  24.6  79:35.50 nts	1688363622218
733415 toao      20   0  103.7g  46.2g  36.3g S  1825  24.6  79:48.24 nts	1688363622898
733415 toao      20   0  103.7g  46.2g  36.3g S  2047  24.6  80:01.93 nts	1688363623584
733415 toao      20   0  103.7g  46.2g  36.3g S  1888  24.6  80:15.47 nts	1688363624278
733415 toao      20   0  103.7g  46.2g  36.3g S  1812  24.7  80:28.22 nts	1688363624959
733415 toao      20   0  104.2g  46.3g  36.3g S  2006  24.7  80:41.23 nts	1688363625640
733415 toao      20   0  103.7g  46.2g  36.3g S  1850  24.7  80:54.68 nts	1688363626325
733415 toao      20   0  103.7g  46.2g  36.3g S  1812  24.7  81:07.46 nts	1688363627002
733415 toao      20   0  103.7g  46.2g  36.3g S  1912  24.6  81:20.69 nts	1688363627690
733415 toao      20   0  103.7g  46.2g  36.3g S  1841  24.6  81:33.71 nts	1688363628380
733415 toao      20   0  103.7g  46.2g  36.3g S  1938  24.7  81:46.78 nts	1688363629067
733415 toao      20   0  103.7g  46.2g  36.3g S  1869  24.7  82:00.39 nts	1688363629766
733415 toao      20   0  103.7g  46.2g  36.3g S  1882  24.7  82:13.61 nts	1688363630443
733415 toao      20   0  103.7g  46.2g  36.3g S  1753  24.7  82:26.41 nts	1688363631125
733415 toao      20   0  103.7g  46.2g  36.3g S  1825  24.7  82:39.06 nts	1688363631806
733415 toao      20   0  103.7g  46.2g  36.3g S  1871  24.7  82:52.48 nts	1688363632493
733415 toao      20   0  103.7g  46.2g  36.3g S  1994  24.7  83:05.23 nts	1688363633177
733415 toao      20   0  103.7g  46.3g  36.3g S  1847  24.7  83:18.22 nts	1688363633861
733415 toao      20   0  103.7g  46.2g  36.3g S  1831  24.7  83:31.40 nts	1688363634556
733415 toao      20   0  103.7g  46.2g  36.3g S  2050  24.7  83:44.65 nts	1688363635240
733415 toao      20   0  103.7g  46.2g  36.3g S  1819  24.7  83:57.61 nts	1688363635935
733415 toao      20   0  103.7g  46.2g  36.3g S  1682  24.7  84:10.59 nts	1688363636613
733415 toao      20   0  103.7g  46.2g  36.3g S  1981  24.7  84:23.65 nts	1688363637296
733415 toao      20   0  103.7g  46.2g  36.3g S  1775  24.7  84:36.70 nts	1688363637990
733415 toao      20   0  103.7g  46.2g  36.3g S  1844  24.7  84:49.49 nts	1688363638674
733415 toao      20   0  104.3g  46.3g  36.3g S  1931  24.7  85:02.66 nts	1688363639357
733415 toao      20   0  103.9g  46.3g  36.3g S  1650  24.7  85:15.25 nts	1688363640040
733415 toao      20   0  103.7g  46.2g  36.3g S  1919  24.7  85:28.21 nts	1688363640728
733415 toao      20   0  103.7g  46.2g  36.3g S  1831  24.7  85:41.19 nts	1688363641416
733415 toao      20   0  103.7g  46.3g  36.3g S  1950  24.7  85:54.32 nts	1688363642093
733415 toao      20   0  103.7g  46.2g  36.3g S  1875  24.7  86:07.74 nts	1688363642789
733415 toao      20   0  103.7g  46.2g  36.3g S  1900  24.7  86:20.43 nts	1688363643464
733415 toao      20   0  103.7g  46.2g  36.3g S  1812  24.7  86:33.23 nts	1688363644144
733415 toao      20   0  103.7g  46.2g  36.3g S  1800  24.7  86:45.77 nts	1688363644825
733415 toao      20   0  103.7g  46.2g  36.3g S  1800  24.7  86:58.69 nts	1688363645503
733415 toao      20   0  103.7g  46.2g  36.3g S  1844  24.7  87:12.17 nts	1688363646189
733415 toao      20   0  103.7g  46.3g  36.3g S  1824  24.7  87:25.19 nts	1688363646873
733415 toao      20   0  103.7g  46.2g  36.3g S  2069  24.7  87:38.57 nts	1688363647559
733415 toao      20   0  103.7g  46.2g  36.3g S  1731  24.7  87:51.39 nts	1688363648249
733415 toao      20   0  103.7g  46.2g  36.3g S  1969  24.7  88:04.38 nts	1688363648928
733415 toao      20   0  103.7g  46.2g  36.3g S  1956  24.7  88:17.82 nts	1688363649616
733415 toao      20   0  103.7g  46.2g  36.3g S  2019  24.7  88:30.55 nts	1688363650307
733415 toao      20   0  104.3g  46.3g  36.3g S  1994  24.7  88:43.63 nts	1688363650985
733415 toao      20   0  103.7g  46.2g  36.3g S  1750  24.7  88:56.78 nts	1688363651670
733415 toao      20   0  101.9g  46.2g  36.3g S  1812  24.7  89:09.40 nts	1688363652348
733415 toao      20   0  102.6g  46.3g  36.3g S  1900  24.7  89:22.55 nts	1688363653037
733415 toao      20   0  102.7g  46.2g  36.3g S  2069  24.7  89:35.87 nts	1688363653723
733415 toao      20   0  103.8g  46.2g  36.3g S  1844  24.7  89:48.70 nts	1688363654417
733415 toao      20   0  103.8g  46.2g  36.3g S  1800  24.7  90:01.31 nts	1688363655105
733415 toao      20   0  103.9g  46.3g  36.3g S  1931  24.7  90:14.36 nts	1688363655780
733415 toao      20   0  103.8g  46.2g  36.3g S  1806  24.7  90:27.47 nts	1688363656473
733415 toao      20   0  103.8g  46.2g  36.3g S  1844  24.7  90:40.97 nts	1688363657160
733415 toao      20   0  103.8g  46.2g  36.3g S  1856  24.7  90:53.64 nts	1688363657854
733415 toao      20   0  103.3g  46.2g  36.3g S  1765  24.7  91:06.58 nts	1688363658532
733415 toao      20   0  103.4g  46.3g  36.3g S  1931  24.7  91:19.51 nts	1688363659217
733415 toao      20   0  103.3g  46.2g  36.3g S  2056  24.7  91:32.91 nts	1688363659902
733415 toao      20   0  103.3g  46.2g  36.3g S  1875  24.7  91:45.64 nts	1688363660586
733415 toao      20   0  103.3g  46.3g  36.3g S  2012  24.7  91:58.80 nts	1688363661268
733415 toao      20   0  103.3g  46.2g  36.3g S  1994  24.7  92:12.13 nts	1688363661956
733415 toao      20   0  103.3g  46.2g  36.3g S  1838  24.7  92:25.01 nts	1688363662652
733415 toao      20   0  103.3g  46.2g  36.3g S  2006  24.7  92:38.47 nts	1688363663339
733415 toao      20   0  103.3g  46.3g  36.3g S  2019  24.7  92:51.69 nts	1688363664022
733415 toao      20   0  103.3g  46.2g  36.3g S  1756  24.7  93:04.92 nts	1688363664709
733415 toao      20   0  103.3g  46.2g  36.3g S  1844  24.7  93:17.54 nts	1688363665391
733415 toao      20   0  103.3g  46.3g  36.3g S  1869  24.7  93:30.31 nts	1688363666075
733415 toao      20   0  103.3g  46.2g  36.3g S  1875  24.7  93:43.66 nts	1688363666766
733415 toao      20   0  103.3g  46.2g  36.3g S  1700  24.7  93:57.00 nts	1688363667459
733415 toao      20   0  103.3g  46.3g  36.3g S  1819  24.7  94:10.03 nts	1688363668129
733415 toao      20   0  103.3g  46.2g  36.3g S  1700  24.7  94:23.52 nts	1688363668826
733415 toao      20   0  103.3g  46.3g  36.3g S  2012  24.7  94:36.59 nts	1688363669506
733415 toao      20   0  103.3g  46.2g  36.3g S  1794  24.7  94:49.91 nts	1688363670200
733415 toao      20   0  103.3g  46.2g  36.3g S  2031  24.7  95:03.32 nts	1688363670887
733415 toao      20   0  103.3g  46.3g  36.3g S  1888  24.7  95:16.20 nts	1688363671572
733415 toao      20   0  103.3g  46.2g  36.3g S  1775  24.7  95:29.51 nts	1688363672266
733415 toao      20   0  103.3g  46.2g  36.3g S  1788  24.7  95:42.99 nts	1688363672960
733415 toao      20   0  102.5g  46.2g  36.3g S  1888  24.7  95:55.53 nts	1688363673634
733415 toao      20   0  103.8g  46.2g  36.3g S  1950  24.7  96:08.58 nts	1688363674316
733415 toao      20   0  103.8g  46.2g  36.3g S  1931  24.7  96:21.56 nts	1688363675008
733415 toao      20   0  103.9g  46.3g  36.3g S  1881  24.7  96:34.20 nts	1688363675682
733415 toao      20   0  103.8g  46.2g  36.3g S  2150  24.7  96:47.45 nts	1688363676370
733415 toao      20   0  103.9g  46.3g  36.3g S  1912  24.7  97:00.18 nts	1688363677051
733415 toao      20   0  103.8g  46.2g  36.3g S  1775  24.7  97:13.21 nts	1688363677739
733415 toao      20   0  103.8g  46.2g  36.3g S  1759  24.7  97:26.56 nts	1688363678429
733415 toao      20   0  103.8g  46.2g  36.3g S  2150  24.7  97:39.90 nts	1688363679111
733415 toao      20   0  103.8g  46.2g  36.3g S  1641  24.7  97:52.48 nts	1688363679794
733415 toao      20   0  103.9g  46.2g  36.3g S  1859  24.7  98:05.48 nts	1688363680473
733415 toao      20   0  103.8g  46.2g  36.3g S  1856  24.7  98:18.01 nts	1688363681160
733415 toao      20   0  103.8g  46.2g  36.3g S  1819  24.7  98:31.03 nts	1688363681843
733415 toao      20   0  103.8g  46.2g  36.3g S  2100  24.7  98:44.53 nts	1688363682527
733415 toao      20   0  103.8g  46.2g  36.3g S  1812  24.7  98:57.13 nts	1688363683206
733415 toao      20   0  103.8g  46.2g  36.3g S  1819  24.7  99:09.65 nts	1688363683885
733415 toao      20   0  103.8g  46.2g  36.3g S  2194  24.7  99:22.98 nts	1688363684564
733415 toao      20   0  103.9g  46.3g  36.3g S  1825  24.7  99:35.94 nts	1688363685248
733415 toao      20   0  103.8g  46.2g  36.3g S  1838  24.7  99:49.12 nts	1688363685942
733415 toao      20   0  103.9g  46.3g  36.3g S  1988  24.7 100:01.88 nts	1688363686620
733415 toao      20   0  103.9g  46.3g  36.3g S  1994  24.7 100:14.59 nts	1688363687310
733415 toao      20   0  103.8g  46.2g  36.3g S  1794  24.7 100:27.68 nts	1688363687995
733415 toao      20   0  103.8g  46.2g  36.3g S  1894  24.7 100:40.67 nts	1688363688673
733415 toao      20   0  103.8g  46.2g  36.3g S  1706  24.7 100:53.62 nts	1688363689354
733415 toao      20   0  103.9g  46.3g  36.3g S  2000  24.7 101:06.78 nts	1688363690037
733415 toao      20   0  103.8g  46.2g  36.3g S  1781  24.7 101:19.72 nts	1688363690724
733415 toao      20   0  103.8g  46.2g  36.3g S  1794  24.7 101:32.23 nts	1688363691400
733415 toao      20   0  103.8g  46.2g  36.3g S  1859  24.7 101:45.43 nts	1688363692080
733415 toao      20   0  103.8g  46.2g  36.3g S  1738  24.7 101:58.28 nts	1688363692767
733415 toao      20   0  104.2g  46.3g  36.3g S  1925  24.7 102:11.21 nts	1688363693448
733415 toao      20   0  103.9g  46.3g  36.3g S  2012  24.7 102:24.93 nts	1688363694135
733415 toao      20   0  103.8g  46.2g  36.3g S  1838  24.7 102:37.78 nts	1688363694818
733415 toao      20   0  103.8g  46.2g  36.3g S  1769  24.7 102:50.33 nts	1688363695498
733415 toao      20   0  103.8g  46.2g  36.3g S  1825  24.7 103:02.99 nts	1688363696185
733415 toao      20   0  104.0g  46.3g  36.3g S  1969  24.7 103:15.91 nts	1688363696859
733415 toao      20   0  103.9g  46.2g  36.3g S  1806  24.7 103:28.83 nts	1688363697547
733415 toao      20   0  103.8g  46.2g  36.3g S  1831  24.7 103:41.84 nts	1688363698227
733415 toao      20   0  103.8g  46.2g  36.3g S  2162  24.7 103:54.98 nts	1688363698912
733415 toao      20   0  103.9g  46.3g  36.3g S  1859  24.7 104:07.81 nts	1688363699594
733415 toao      20   0  103.9g  46.3g  36.3g S  1931  24.7 104:21.04 nts	1688363700278
733415 toao      20   0  104.5g  46.3g  36.3g S  1794  24.7 104:33.75 nts	1688363700967
733415 toao      20   0  104.1g  46.2g  36.3g S  1844  24.7 104:46.89 nts	1688363701677
733415 toao      20   0  104.1g  46.2g  36.3g S  1812  24.7 104:59.45 nts	1688363702340
733415 toao      20   0  104.7g  46.3g  36.3g S  1938  24.7 105:12.30 nts	1688363703020
733415 toao      20   0  104.1g  46.2g  36.3g S  1850  24.7 105:25.64 nts	1688363703710
733415 toao      20   0  104.6g  46.3g  36.3g S  1938  24.7 105:38.48 nts	1688363704390
733415 toao      20   0  104.0g  46.2g  36.3g S  1738  24.7 105:51.31 nts	1688363705082
733415 toao      20   0  104.1g  46.2g  36.3g S  1781  24.7 106:04.09 nts	1688363705758
733415 toao      20   0  104.1g  46.2g  36.3g S  1769  24.7 106:17.58 nts	1688363706447
733415 toao      20   0  104.0g  46.2g  36.3g S  1841  24.7 106:30.65 nts	1688363707134
733415 toao      20   0  104.1g  46.2g  36.3g S  1738  24.7 106:43.31 nts	1688363707821
733415 toao      20   0  104.1g  46.3g  36.3g S  1771  24.7 106:56.22 nts	1688363708501
733415 toao      20   0  104.0g  46.2g  36.3g S  2106  24.7 107:09.10 nts	1688363709190
733415 toao      20   0  104.1g  46.2g  36.3g S  2047  24.7 107:22.48 nts	1688363709874
733415 toao      20   0  104.1g  46.3g  36.3g S  1835  24.7 107:35.43 nts	1688363710555
733415 toao      20   0  104.1g  46.2g  36.3g S  2000  24.7 107:48.64 nts	1688363711244
733415 toao      20   0  104.1g  46.3g  36.3g S  1906  24.7 108:01.58 nts	1688363711924
733415 toao      20   0  104.1g  46.2g  36.3g S  1925  24.7 108:14.88 nts	1688363712611
733415 toao      20   0  104.1g  46.2g  36.3g S  1869  24.7 108:27.47 nts	1688363713294
733415 toao      20   0  104.0g  46.2g  36.3g S  1888  24.7 108:40.57 nts	1688363713978
733415 toao      20   0  104.1g  46.2g  36.3g S  1794  24.7 108:53.50 nts	1688363714659
733415 toao      20   0  104.7g  46.3g  36.3g S  1825  24.7 109:07.16 nts	1688363715351
733415 toao      20   0  104.1g  46.2g  36.3g S  1859  24.7 109:20.12 nts	1688363716035
733415 toao      20   0  104.1g  46.3g  36.3g S  1900  24.7 109:32.82 nts	1688363716717
733415 toao      20   0  104.1g  46.3g  36.3g S  1765  24.7 109:45.84 nts	1688363717401
733415 toao      20   0  104.1g  46.2g  36.3g S  1794  24.7 109:58.70 nts	1688363718093
733415 toao      20   0  104.1g  46.3g  36.3g S  1765  24.7 110:11.71 nts	1688363718770
733415 toao      20   0  104.1g  46.2g  36.3g S  2075  24.7 110:24.55 nts	1688363719459
733415 toao      20   0  104.1g  46.3g  36.3g S  1994  24.7 110:37.32 nts	1688363720136
733415 toao      20   0  104.7g  46.3g  36.3g S  1912  24.7 110:50.52 nts	1688363720819
733415 toao      20   0  104.1g  46.2g  36.3g S  1953  24.7 111:03.56 nts	1688363721502
733415 toao      20   0  104.1g  46.2g  36.3g S  1881  24.7 111:16.32 nts	1688363722189
733415 toao      20   0  104.1g  46.3g  36.3g S  2012  24.7 111:29.29 nts	1688363722869
733415 toao      20   0  104.1g  46.2g  36.3g S  1819  24.7 111:42.26 nts	1688363723553
733415 toao      20   0  104.1g  46.2g  36.3g S  1747  24.7 111:55.67 nts	1688363724239
733415 toao      20   0  104.1g  46.2g  36.3g S  2056  24.7 112:08.78 nts	1688363724916
733415 toao      20   0  104.1g  46.2g  36.3g S  1725  24.7 112:21.64 nts	1688363725601
733415 toao      20   0  104.1g  46.3g  36.3g S  1844  24.7 112:34.38 nts	1688363726276
733415 toao      20   0  104.1g  46.2g  36.3g S  1806  24.7 112:47.57 nts	1688363726968
733415 toao      20   0  104.1g  46.2g  36.3g S  2219  24.7 113:00.96 nts	1688363727646
733415 toao      20   0  104.1g  46.2g  36.3g S  1769  24.7 113:13.48 nts	1688363728331
733415 toao      20   0  104.1g  46.2g  36.3g S  1769  24.7 113:25.93 nts	1688363729013
733415 toao      20   0  104.1g  46.2g  36.3g S  1838  24.7 113:39.39 nts	1688363729699
733415 toao      20   0  104.1g  46.2g  36.3g S  1769  24.7 113:51.97 nts	1688363730380
733415 toao      20   0  104.1g  46.3g  36.3g S  1862  24.7 114:05.37 nts	1688363731064
733415 toao      20   0  104.0g  46.2g  36.3g S  1900  24.7 114:18.37 nts	1688363731744
733415 toao      20   0  104.1g  46.2g  36.3g S  1862  24.7 114:31.38 nts	1688363732429
733415 toao      20   0  104.0g  46.2g  36.3g S  1829  24.7 114:44.36 nts	1688363733111
733415 toao      20   0  104.1g  46.2g  36.3g S  1838  24.7 114:57.41 nts	1688363733801
733415 toao      20   0  104.1g  46.3g  36.3g S  1800  24.7 115:10.21 nts	1688363734477
733415 toao      20   0  104.1g  46.3g  36.3g S  1869  24.7 115:23.37 nts	1688363735165
733415 toao      20   0  104.1g  46.2g  36.3g S  1819  24.7 115:36.71 nts	1688363735850
733415 toao      20   0  104.0g  46.2g  36.3g S  1859  24.7 115:49.76 nts	1688363736531
733415 toao      20   0  104.1g  46.2g  36.3g S  1781  24.7 116:02.27 nts	1688363737217
733415 toao      20   0  104.7g  46.3g  36.3g S  1931  24.7 116:15.12 nts	1688363737899
733415 toao      20   0  104.7g  46.3g  36.3g S  1962  24.7 116:27.73 nts	1688363738582
733415 toao      20   0  104.1g  46.2g  36.3g S  1812  24.7 116:40.92 nts	1688363739267
733415 toao      20   0  104.1g  46.3g  36.3g S  1981  24.7 116:53.86 nts	1688363739957
733415 toao      20   0  104.1g  46.3g  36.3g S  1956  24.7 117:07.13 nts	1688363740638
733415 toao      20   0  104.1g  46.2g  36.3g S  1869  24.7 117:20.13 nts	1688363741337
733415 toao      20   0  104.1g  46.2g  36.3g S  2038  24.7 117:33.30 nts	1688363742017
733415 toao      20   0  104.1g  46.2g  36.3g S  1844  24.7 117:45.83 nts	1688363742700
733415 toao      20   0  104.1g  46.2g  36.3g S  1825  24.7 117:59.48 nts	1688363743396
733415 toao      20   0  104.1g  46.2g  36.3g S  1731  24.7 118:11.84 nts	1688363744071
733415 toao      20   0  104.4g  46.3g  36.3g S  1975  24.7 118:24.68 nts	1688363744747
733415 toao      20   0  104.1g  46.2g  36.3g S  2031  24.7 118:37.92 nts	1688363745446
733415 toao      20   0  104.1g  46.3g  36.3g S  1981  24.7 118:50.85 nts	1688363746128
733415 toao      20   0  104.1g  46.2g  36.3g S  1869  24.7 119:03.86 nts	1688363746813
733415 toao      20   0  104.1g  46.3g  36.3g S  1824  24.7 119:16.77 nts	1688363747494
733415 toao      20   0  104.1g  46.2g  36.3g S  1838  24.7 119:29.86 nts	1688363748185
733415 toao      20   0  104.1g  46.2g  36.3g S  1918  24.7 119:43.29 nts	1688363748864
733415 toao      20   0  104.1g  46.2g  36.3g S  1812  24.7 119:55.82 nts	1688363749546
733415 toao      20   0  104.1g  46.3g  36.3g S  1756  24.7 120:08.21 nts	1688363750228
733415 toao      20   0  104.1g  46.2g  36.3g S  1988  24.7 120:21.58 nts	1688363750911
733415 toao      20   0  104.1g  46.3g  36.3g S  1906  24.7 120:34.33 nts	1688363751591
733415 toao      20   0  104.1g  46.2g  36.3g S  1912  24.7 120:47.42 nts	1688363752289
733415 toao      20   0  104.4g  46.3g  36.3g S  1906  24.7 121:00.21 nts	1688363752962
733415 toao      20   0  104.1g  46.2g  36.3g S  1862  24.7 121:13.52 nts	1688363753663
733415 toao      20   0  104.1g  46.2g  36.3g S  1700  24.7 121:26.09 nts	1688363754341
733415 toao      20   0  104.1g  46.2g  36.3g S  2056  24.7 121:39.11 nts	1688363755029
733415 toao      20   0  104.1g  46.2g  36.3g S  1831  24.7 121:52.07 nts	1688363755715
733415 toao      20   0  104.0g  46.2g  36.3g S  1831  24.7 122:05.08 nts	1688363756388
733415 toao      20   0  104.1g  46.2g  36.3g S  1781  24.7 122:17.97 nts	1688363757068
733415 toao      20   0  104.1g  46.2g  36.3g S  2094  24.7 122:31.34 nts	1688363757750
733415 toao      20   0  104.0g  46.2g  36.3g S  1976  24.7 122:44.27 nts	1688363758433
733415 toao      20   0       0      0      0 Z 106.2   0.0 122:47.74 nts	1688363759126
733415 toao      20   0       0      0      0 Z 100.0   0.0 122:48.42 nts	1688363759817
733415 toao      20   0       0      0      0 Z  94.1   0.0 122:49.11 nts	1688363760504
733415 toao      20   0       0      0      0 Z 100.0   0.0 122:49.73 nts	1688363761192
733415 toao      20   0       0      0      0 Z 100.0   0.0 122:50.41 nts	1688363761879
733415 toao      20   0       0      0      0 Z 100.0   0.0 122:51.09 nts	1688363762567
733415 toao      20   0       0      0      0 Z 100.0   0.0 122:51.77 nts	1688363763255
733415 toao      20   0       0      0      0 Z 100.0   0.0 122:52.46 nts	1688363763940
733415 toao      20   0       0      0      0 Z 100.0   0.0 122:53.15 nts	1688363764627
