845629 toao      20   0 2488524 103104  69740 R 100.0   0.1   0:00.19 nts	1693201542008
845629 toao      20   0 8361540 208980 118108 R  7888   0.2   0:29.41 nts	1693201542742
845629 toao      20   0 8392648 229908 118344 R 194.1   0.2   0:36.26 nts	1693201543434
845629 toao      20   0 8392648 231756 118344 R 194.1   0.2   0:37.64 nts	1693201544139
845629 toao      20   0 8392648 231756 118344 R 200.0   0.2   0:39.04 nts	1693201544843
845629 toao      20   0 9560220 422636 118468 R 966.7   0.3   0:43.24 nts	1693201545549
845629 toao      20   0 9560220 450216 118468 R 676.5   0.3   0:49.30 nts	1693201546259
845629 toao      20   0 9560220 647812 118468 R 900.0   0.5   0:55.84 nts	1693201546966
845629 toao      20   0 9560220 675952 118468 R  1006   0.5   1:02.78 nts	1693201547677
845629 toao      20   0   13.1g 687000 118604 R 700.0   0.5   1:10.92 nts	1693201548382
845629 toao      20   0   13.1g 688056 118604 R 218.8   0.5   1:12.33 nts	1693201549083
845629 toao      20   0   13.1g 688848 118604 R 212.5   0.5   1:13.71 nts	1693201549783
845629 toao      20   0   13.1g 689376 118604 R 183.3   0.5   1:15.10 nts	1693201550482
845629 toao      20   0   13.1g 689640 118604 R 194.1   0.5   1:16.50 nts	1693201551189
845629 toao      20   0   13.1g 689904 118604 R 200.0   0.5   1:17.89 nts	1693201551890
845629 toao      20   0   14.2g 707716 118604 R 535.3   0.5   1:19.86 nts	1693201552590
845629 toao      20   0   14.2g 803920 118604 S 541.2   0.6   1:23.73 nts	1693201553290
845629 toao      20   0   14.2g 924536 118604 R 635.3   0.7   1:28.68 nts	1693201553988
845629 toao      20   0   14.2g   1.0g 118604 R 741.2   0.8   1:33.19 nts	1693201554691
845629 toao      20   0   18.2g   1.1g 118604 R  1300   0.9   1:40.52 nts	1693201555391
845629 toao      20   0   18.2g   1.1g 118604 R 100.0   0.9   1:43.67 nts	1693201556114
845629 toao      20   0   18.2g   1.1g 118604 R 100.0   0.9   1:44.37 nts	1693201556816
845629 toao      20   0   18.6g   1.3g 118604 R 100.0   1.0   1:45.07 nts	1693201557518
845629 toao      20   0   18.6g   1.3g 118604 R 100.0   1.0   1:45.77 nts	1693201558219
845629 toao      20   0   18.6g   1.4g 118604 R  94.1   1.1   1:46.47 nts	1693201558918
845629 toao      20   0   18.6g   1.5g 118604 R 100.0   1.2   1:47.18 nts	1693201559620
845629 toao      20   0   18.6g   1.5g 118604 R 105.9   1.2   1:47.88 nts	1693201560320
845629 toao      20   0   18.6g   1.5g 118604 R 105.9   1.2   1:48.58 nts	1693201561019
845629 toao      20   0   27.6g   1.7g 216376 R 100.0   1.3   1:50.47 nts	1693201561726
845629 toao      20   0   28.5g   2.5g 338732 R 100.0   2.0   1:51.18 nts	1693201562427
845629 toao      20   0   29.5g   3.3g 476848 R 105.9   2.6   1:51.88 nts	1693201563128
845629 toao      20   0   30.4g   4.1g 532172 R 105.9   3.3   1:52.59 nts	1693201563828
845629 toao      20   0   30.4g   4.1g 532172 R 100.0   3.3   1:53.29 nts	1693201564539
845629 toao      20   0   31.0g   4.7g   1.0g R 100.0   3.7   1:53.99 nts	1693201565240
845629 toao      20   0   31.0g   4.7g   1.0g R 105.9   3.7   1:54.69 nts	1693201565941
845629 toao      20   0   31.0g   4.7g   1.0g R 100.0   3.7   1:55.39 nts	1693201566639
845629 toao      20   0   31.0g   4.7g   1.0g R 106.2   3.7   1:56.09 nts	1693201567343
845629 toao      20   0   31.0g   4.7g   1.0g R 106.2   3.7   1:56.79 nts	1693201568044
845629 toao      20   0   31.0g   4.7g   1.0g R 106.2   3.7   1:57.49 nts	1693201568743
845629 toao      20   0   31.0g   4.7g   1.0g R 106.2   3.7   1:58.19 nts	1693201569444
845629 toao      20   0   31.0g   4.7g   1.0g R 112.5   3.7   1:58.90 nts	1693201570143
845629 toao      20   0   31.0g   4.7g   1.0g R 100.0   3.7   1:59.60 nts	1693201570843
845629 toao      20   0   31.0g   4.7g   1.0g R 100.0   3.7   2:00.30 nts	1693201571547
845629 toao      20   0   31.0g   4.7g   1.0g R 100.0   3.7   2:01.00 nts	1693201572247
845629 toao      20   0   31.0g   4.7g   1.0g R  94.1   3.7   2:01.70 nts	1693201572950
845629 toao      20   0   31.0g   4.7g   1.0g R 106.2   3.7   2:02.40 nts	1693201573655
845629 toao      20   0   31.0g   4.7g   1.0g R 105.9   3.7   2:03.11 nts	1693201574354
845629 toao      20   0   31.0g   4.7g   1.0g R 100.0   3.7   2:03.80 nts	1693201575058
845629 toao      20   0   31.0g   4.7g   1.0g R 100.0   3.7   2:04.51 nts	1693201575758
845629 toao      20   0   31.0g   4.7g   1.0g R 106.2   3.7   2:05.21 nts	1693201576463
845629 toao      20   0   31.0g   4.7g   1.0g R 100.0   3.7   2:05.91 nts	1693201577161
845629 toao      20   0   31.0g   4.7g   1.0g R 100.0   3.7   2:06.61 nts	1693201577863
845629 toao      20   0   31.0g   4.7g   1.0g R 100.0   3.7   2:07.31 nts	1693201578563
845629 toao      20   0   31.0g   4.7g   1.0g R  94.1   3.7   2:08.01 nts	1693201579267
845629 toao      20   0   31.0g   4.7g   1.0g R 100.0   3.7   2:08.72 nts	1693201579971
845629 toao      20   0   31.0g   4.7g   1.0g R 106.2   3.7   2:09.42 nts	1693201580672
845629 toao      20   0   31.0g   4.7g   1.0g R 100.0   3.7   2:10.12 nts	1693201581370
845629 toao      20   0   31.0g   4.7g   1.0g R 100.0   3.7   2:10.83 nts	1693201582070
845629 toao      20   0   31.0g   4.7g   1.0g R 100.0   3.7   2:11.52 nts	1693201582774
845629 toao      20   0   31.0g   4.7g   1.0g R 100.0   3.7   2:12.22 nts	1693201583475
845629 toao      20   0   31.0g   4.7g   1.0g R 100.0   3.7   2:12.93 nts	1693201584175
845629 toao      20   0   31.0g   4.7g   1.0g R 100.0   3.7   2:13.63 nts	1693201584879
845629 toao      20   0   31.0g   4.7g   1.0g R 100.0   3.7   2:14.33 nts	1693201585582
845629 toao      20   0   31.0g   4.7g   1.0g R 106.2   3.7   2:15.03 nts	1693201586283
845629 toao      20   0   31.0g   4.7g   1.0g R 106.2   3.7   2:15.73 nts	1693201586983
845629 toao      20   0   31.0g   4.7g   1.0g R 100.0   3.7   2:16.44 nts	1693201587682
845629 toao      20   0   30.7g   4.7g   1.0g S 652.9   3.7   2:22.33 nts	1693201588387
845629 toao      20   0   30.8g   4.7g   1.0g S  1624   3.7   2:33.04 nts	1693201589091
845629 toao      20   0   33.5g   4.7g   1.0g R  2700   3.7   2:44.15 nts	1693201589790
845629 toao      20   0   86.3g   6.1g   2.1g R 205.9   4.9   2:52.65 nts	1693201590493
845629 toao      20   0   93.6g   6.6g   2.6g S  2635   5.3   2:58.46 nts	1693201591196
845629 toao      20   0  104.5g   6.7g   2.6g S  2161   5.3   3:14.33 nts	1693201591900
845629 toao      20   0  113.9g   6.5g   2.6g S  2459   5.2   3:29.79 nts	1693201592607
845629 toao      20   0  114.3g   6.7g   2.6g S  2441   5.3   3:46.65 nts	1693201593308
845629 toao      20   0  114.5g   6.7g   2.6g S  2024   5.3   4:01.96 nts	1693201594014
845629 toao      20   0  115.4g   6.5g   2.6g S  2371   5.2   4:18.00 nts	1693201594718
845629 toao      20   0  115.3g   6.7g   2.8g S  2383   5.4   4:31.81 nts	1693201595422
845629 toao      20   0  115.5g   6.9g   2.8g S  2271   5.5   4:48.19 nts	1693201596127
845629 toao      20   0  115.3g   6.7g   2.8g S  2144   5.4   5:03.00 nts	1693201596829
845629 toao      20   0  115.6g   6.7g   2.8g S  2529   5.4   5:20.14 nts	1693201597537
845629 toao      20   0  116.5g   6.9g   2.8g S  1735   5.5   5:36.14 nts	1693201598243
845629 toao      20   0       0      0      0 Z 105.9   0.0   5:47.92 nts	1693201598948
845629 toao      20   0       0      0      0 Z 100.0   0.0   5:48.59 nts	1693201599654
