3490500 toao      20   0 2488524 102776  69404 R 100.0   0.1   0:00.19 nts	1693222098054
3490500 toao      20   0 8370196 218208 118664 R  8000   0.2   0:29.42 nts	1693222098789
3490500 toao      20   0 8462428 282632 118856 R 200.0   0.2   1:00.08 nts	1693222099480
3490500 toao      20   0 8462428 282632 118856 R 200.0   0.2   1:01.47 nts	1693222100179
3490500 toao      20   0 8462428 282632 118856 R 200.0   0.2   1:02.86 nts	1693222100881
3490500 toao      20   0 8462428 282632 118856 R 200.0   0.2   1:04.24 nts	1693222101579
3490500 toao      20   0 8462428 301904 118856 R 200.0   0.2   1:05.63 nts	1693222102278
3490500 toao      20   0 8462428 301904 118856 R 200.0   0.2   1:07.02 nts	1693222102978
3490500 toao      20   0 8462428 301904 118856 R 200.0   0.2   1:08.41 nts	1693222103678
3490500 toao      20   0 8462428 301904 118856 R 200.0   0.2   1:09.80 nts	1693222104378
3490500 toao      20   0 9720188 595796 118976 R 923.5   0.5   1:13.51 nts	1693222105077
3490500 toao      20   0 9720188 599440 118976 R  1229   0.5   1:21.30 nts	1693222105775
3490500 toao      20   0 9720188 600216 118976 R  1028   0.5   1:28.66 nts	1693222106482
3490500 toao      20   0 9720188 832656 118976 R  1259   0.6   1:37.16 nts	1693222107186
3490500 toao      20   0 9720188 833700 118976 R  1165   0.6   1:45.00 nts	1693222107891
3490500 toao      20   0   13.3g 837888 119120 R 755.6   0.6   1:52.67 nts	1693222108594
3490500 toao      20   0   13.3g 838412 119120 R 200.0   0.6   1:54.08 nts	1693222109294
3490500 toao      20   0   13.3g 838940 119120 R 200.0   0.6   1:55.47 nts	1693222109997
3490500 toao      20   0   13.3g 839996 119120 R 200.0   0.6   1:56.87 nts	1693222110695
3490500 toao      20   0   13.3g 840788 119120 R 200.0   0.6   1:58.28 nts	1693222111397
3490500 toao      20   0   13.3g 842372 119120 R 212.5   0.6   1:59.67 nts	1693222112104
3490500 toao      20   0   13.3g 845012 119120 R 212.5   0.6   2:01.06 nts	1693222112802
3490500 toao      20   0   13.3g 847652 119120 R 212.5   0.6   2:02.46 nts	1693222113502
3490500 toao      20   0   13.3g 850292 119120 R 212.5   0.6   2:03.85 nts	1693222114202
3490500 toao      20   0   13.3g 852668 119120 R 194.1   0.6   2:05.24 nts	1693222114902
3490500 toao      20   0   13.3g 855572 119120 R 200.0   0.7   2:06.64 nts	1693222115599
3490500 toao      20   0   13.3g 857684 119120 R 200.0   0.7   2:08.03 nts	1693222116298
3490500 toao      20   0   13.3g 858476 119120 R 200.0   0.7   2:09.42 nts	1693222116998
3490500 toao      20   0   13.3g 860852 119120 R 200.0   0.7   2:10.82 nts	1693222117698
3490500 toao      20   0   13.3g 864548 119120 R 200.0   0.7   2:12.21 nts	1693222118398
3490500 toao      20   0   13.3g 868772 119120 R 194.1   0.7   2:13.59 nts	1693222119098
3490500 toao      20   0   13.3g 872468 119120 R 200.0   0.7   2:14.99 nts	1693222119798
3490500 toao      20   0   13.9g 918404 119120 R 129.4   0.7   2:16.28 nts	1693222120498
3490500 toao      20   0   14.5g   1.0g 119120 R 718.8   0.8   2:20.57 nts	1693222121203
3490500 toao      20   0   14.5g   1.1g 119120 R 529.4   0.9   2:24.93 nts	1693222121903
3490500 toao      20   0   14.5g   1.2g 119120 R 623.5   1.0   2:28.69 nts	1693222122609
3490500 toao      20   0   14.5g   1.3g 119120 R 494.1   1.0   2:32.32 nts	1693222123316
3490500 toao      20   0   18.6g   1.4g 119120 R 105.9   1.1   2:35.67 nts	1693222124019
3490500 toao      20   0   18.6g   1.4g 119120 R 105.9   1.1   2:36.38 nts	1693222124722
3490500 toao      20   0   18.6g   1.4g 119120 R 100.0   1.1   2:37.08 nts	1693222125429
3490500 toao      20   0   18.6g   1.4g 119120 R 100.0   1.1   2:37.78 nts	1693222126133
3490500 toao      20   0   18.6g   1.4g 119120 R 100.0   1.1   2:38.48 nts	1693222126837
3490500 toao      20   0   18.6g   1.4g 119120 R 100.0   1.1   2:39.18 nts	1693222127538
3490500 toao      20   0   19.1g   1.7g 119120 R 100.0   1.3   2:39.88 nts	1693222128238
3490500 toao      20   0   19.1g   1.7g 119120 R 100.0   1.3   2:40.58 nts	1693222128938
3490500 toao      20   0   19.1g   1.7g 119120 R 100.0   1.3   2:41.28 nts	1693222129638
3490500 toao      20   0   19.1g   1.7g 119120 R 105.9   1.3   2:41.99 nts	1693222130338
3490500 toao      20   0   19.1g   1.7g 119120 R 100.0   1.3   2:42.68 nts	1693222131038
3490500 toao      20   0   19.1g   1.7g 119120 R 100.0   1.3   2:43.38 nts	1693222131739
3490500 toao      20   0   19.1g   1.7g 119120 R 100.0   1.3   2:44.08 nts	1693222132442
3490500 toao      20   0   19.1g   1.7g 119120 R 100.0   1.3   2:44.79 nts	1693222133141
3490500 toao      20   0   19.1g   1.7g 119120 R 105.9   1.3   2:45.49 nts	1693222133842
3490500 toao      20   0   19.1g   1.9g 119120 R 100.0   1.5   2:46.18 nts	1693222134542
3490500 toao      20   0   19.1g   1.9g 119120 R 100.0   1.5   2:46.88 nts	1693222135242
3490500 toao      20   0   19.1g   1.9g 119120 R 100.0   1.5   2:47.58 nts	1693222135940
3490500 toao      20   0   19.1g   1.9g 119120 R  94.1   1.5   2:48.27 nts	1693222136641
3490500 toao      20   0   19.1g   1.9g 119120 R 100.0   1.5   2:48.98 nts	1693222137339
3490500 toao      20   0   19.1g   1.9g 119120 R 100.0   1.5   2:49.68 nts	1693222138038
3490500 toao      20   0   19.1g   1.9g 119120 R 105.9   1.5   2:50.38 nts	1693222138738
3490500 toao      20   0   19.1g   1.9g 119120 R 100.0   1.5   2:51.08 nts	1693222139439
3490500 toao      20   0   19.1g   1.9g 119120 R  94.1   1.5   2:51.78 nts	1693222140140
3490500 toao      20   0   19.1g   1.9g 119120 R 106.2   1.5   2:52.48 nts	1693222140843
3490500 toao      20   0   28.2g   2.1g 228472 R  94.1   1.7   2:54.23 nts	1693222141541
3490500 toao      20   0   28.7g   2.6g 312120 R  94.1   2.1   2:54.93 nts	1693222142246
3490500 toao      20   0   29.6g   3.4g 439320 R 100.0   2.7   2:55.63 nts	1693222142946
3490500 toao      20   0   30.9g   4.4g 533196 R 112.5   3.5   2:56.34 nts	1693222143645
3490500 toao      20   0   30.9g   4.6g 533196 R  94.1   3.6   2:57.03 nts	1693222144344
3490500 toao      20   0   31.9g   5.5g   1.4g R 100.0   4.4   2:57.74 nts	1693222145044
3490500 toao      20   0   31.9g   5.5g   1.4g R 106.2   4.4   2:58.44 nts	1693222145746
3490500 toao      20   0   31.9g   5.5g   1.4g R 106.2   4.4   2:59.14 nts	1693222146443
3490500 toao      20   0   31.9g   5.5g   1.4g R  94.1   4.4   2:59.83 nts	1693222147143
3490500 toao      20   0   31.9g   5.5g   1.4g R 100.0   4.4   3:00.53 nts	1693222147842
3490500 toao      20   0   31.9g   5.5g   1.4g R 100.0   4.4   3:01.23 nts	1693222148539
3490500 toao      20   0   31.9g   5.5g   1.4g R 100.0   4.4   3:01.93 nts	1693222149239
3490500 toao      20   0   31.9g   5.5g   1.4g R 100.0   4.4   3:02.64 nts	1693222149940
3490500 toao      20   0   31.9g   5.5g   1.4g R 106.2   4.4   3:03.34 nts	1693222150644
3490500 toao      20   0   31.9g   5.5g   1.4g R 106.2   4.4   3:04.04 nts	1693222151343
3490500 toao      20   0   31.9g   5.5g   1.4g R 105.9   4.4   3:04.74 nts	1693222152043
3490500 toao      20   0   31.9g   5.5g   1.4g R  94.1   4.4   3:05.43 nts	1693222152746
3490500 toao      20   0   31.9g   5.5g   1.4g R 100.0   4.4   3:06.14 nts	1693222153444
3490500 toao      20   0   31.9g   5.5g   1.4g R  94.1   4.4   3:06.84 nts	1693222154147
3490500 toao      20   0   31.9g   5.5g   1.4g R 100.0   4.4   3:07.54 nts	1693222154850
3490500 toao      20   0   31.9g   5.5g   1.4g R  94.1   4.4   3:08.24 nts	1693222155551
3490500 toao      20   0   31.9g   5.5g   1.4g R 112.5   4.4   3:08.95 nts	1693222156253
3490500 toao      20   0   31.9g   5.5g   1.4g R 100.0   4.4   3:09.65 nts	1693222156954
3490500 toao      20   0   31.9g   5.5g   1.4g R 105.9   4.4   3:10.35 nts	1693222157656
3490500 toao      20   0   31.9g   5.5g   1.4g R 100.0   4.4   3:11.04 nts	1693222158355
3490500 toao      20   0   31.9g   5.5g   1.4g R 106.2   4.4   3:11.74 nts	1693222159053
3490500 toao      20   0   31.9g   5.5g   1.4g R 112.5   4.4   3:12.45 nts	1693222159752
3490500 toao      20   0   31.9g   5.5g   1.4g R  94.1   4.4   3:13.14 nts	1693222160452
3490500 toao      20   0   31.9g   5.5g   1.4g R 100.0   4.4   3:13.84 nts	1693222161149
3490500 toao      20   0   31.9g   5.5g   1.4g R 100.0   4.4   3:14.54 nts	1693222161847
3490500 toao      20   0   31.9g   5.5g   1.4g R 106.2   4.4   3:15.23 nts	1693222162545
3490500 toao      20   0   31.9g   5.5g   1.4g R  94.1   4.4   3:15.93 nts	1693222163242
3490500 toao      20   0   31.9g   5.5g   1.4g R 100.0   4.4   3:16.63 nts	1693222163942
3490500 toao      20   0   31.9g   5.5g   1.4g R 100.0   4.4   3:17.33 nts	1693222164640
3490500 toao      20   0   31.9g   5.5g   1.4g R 100.0   4.4   3:18.03 nts	1693222165338
3490500 toao      20   0   31.9g   5.5g   1.4g R 100.0   4.4   3:18.74 nts	1693222166039
3490500 toao      20   0   31.9g   5.5g   1.4g R 100.0   4.4   3:19.44 nts	1693222166741
3490500 toao      20   0   31.9g   5.5g   1.4g R  94.1   4.4   3:20.13 nts	1693222167439
3490500 toao      20   0   31.9g   5.5g   1.4g R  94.1   4.4   3:20.83 nts	1693222168143
3490500 toao      20   0   31.9g   5.5g   1.4g R 100.0   4.4   3:21.54 nts	1693222168847
3490500 toao      20   0   31.9g   5.5g   1.4g R 105.9   4.4   3:22.25 nts	1693222169546
3490500 toao      20   0   31.9g   5.5g   1.4g R 105.9   4.4   3:22.95 nts	1693222170247
3490500 toao      20   0   31.9g   5.5g   1.4g R 100.0   4.4   3:23.64 nts	1693222170946
3490500 toao      20   0   31.9g   5.5g   1.4g R  94.1   4.4   3:24.34 nts	1693222171646
3490500 toao      20   0   31.9g   5.5g   1.4g R 100.0   4.4   3:25.04 nts	1693222172350
3490500 toao      20   0   31.9g   5.5g   1.4g R 105.9   4.4   3:25.75 nts	1693222173051
3490500 toao      20   0   31.9g   5.5g   1.4g R 100.0   4.4   3:26.44 nts	1693222173750
3490500 toao      20   0   31.9g   5.5g   1.4g R 100.0   4.4   3:27.15 nts	1693222174451
3490500 toao      20   0   31.9g   5.5g   1.4g R  94.1   4.4   3:27.84 nts	1693222175154
3490500 toao      20   0   31.9g   5.5g   1.4g R 105.9   4.4   3:28.55 nts	1693222175854
3490500 toao      20   0   31.9g   5.5g   1.4g R 105.9   4.4   3:29.25 nts	1693222176554
3490500 toao      20   0   31.9g   5.5g   1.4g R 100.0   4.4   3:29.94 nts	1693222177254
3490500 toao      20   0   31.9g   5.5g   1.4g R 100.0   4.4   3:30.64 nts	1693222177951
3490500 toao      20   0   31.9g   5.5g   1.4g R 100.0   4.4   3:31.35 nts	1693222178650
3490500 toao      20   0   31.9g   5.5g   1.4g R 100.0   4.4   3:32.04 nts	1693222179347
3490500 toao      20   0   31.9g   5.5g   1.4g R 100.0   4.4   3:32.74 nts	1693222180050
3490500 toao      20   0   31.9g   5.5g   1.4g R 100.0   4.4   3:33.45 nts	1693222180747
3490500 toao      20   0   31.9g   5.5g   1.4g R 100.0   4.4   3:34.15 nts	1693222181450
3490500 toao      20   0   31.9g   5.5g   1.4g R 100.0   4.4   3:34.85 nts	1693222182155
3490500 toao      20   0   31.9g   5.5g   1.4g R 100.0   4.4   3:35.55 nts	1693222182854
3490500 toao      20   0   31.9g   5.5g   1.4g R  94.1   4.4   3:36.24 nts	1693222183555
3490500 toao      20   0   31.9g   5.5g   1.4g R 106.2   4.4   3:36.95 nts	1693222184255
3490500 toao      20   0   31.9g   5.5g   1.4g R 100.0   4.4   3:37.65 nts	1693222184956
3490500 toao      20   0   31.9g   5.5g   1.4g R 100.0   4.4   3:38.35 nts	1693222185655
3490500 toao      20   0   34.6g   5.6g   1.4g R  1906   4.4   3:46.53 nts	1693222186357
3490500 toao      20   0   34.6g   5.6g   1.4g R  1482   4.5   4:04.89 nts	1693222187056
3490500 toao      20   0   34.6g   5.6g   1.4g S  2718   4.5   4:22.28 nts	1693222187767
3490500 toao      20   0   34.6g   5.6g   1.4g S  2047   4.5   4:40.75 nts	1693222188489
3490500 toao      20   0   34.6g   5.6g   1.4g S  3435   4.5   4:58.58 nts	1693222189192
3490500 toao      20   0   34.6g   5.6g   1.4g S  2106   4.5   5:15.49 nts	1693222189897
3490500 toao      20   0   34.6g   5.6g   1.4g S  3747   4.5   5:36.26 nts	1693222190597
3490500 toao      20   0   34.6g   5.6g   1.4g R 623.5   4.5   5:52.87 nts	1693222191294
3490500 toao      20   0   34.6g   5.6g   1.4g S  4082   4.5   6:13.39 nts	1693222191996
3490500 toao      20   0   34.6g   5.6g   1.4g R  2724   4.5   6:29.97 nts	1693222192693
3490500 toao      20   0   34.6g   5.6g   1.4g R  3288   4.5   6:47.71 nts	1693222193385
3490500 toao      20   0   34.6g   5.6g   1.4g R  3318   4.5   7:05.07 nts	1693222194079
3490500 toao      20   0   34.6g   5.6g   1.4g R 664.7   4.5   7:20.85 nts	1693222194776
3490500 toao      20   0   34.6g   5.6g   1.4g S  4435   4.5   7:41.70 nts	1693222195471
3490500 toao      20   0   34.6g   5.6g   1.4g R 676.5   4.5   7:53.87 nts	1693222196170
3490500 toao      20   0   34.6g   5.6g   1.4g S  3139   4.5   8:14.07 nts	1693222196870
3490500 toao      20   0   34.6g   5.6g   1.4g R 700.0   4.5   8:28.50 nts	1693222197574
3490500 toao      20   0   34.6g   5.6g   1.4g S  4035   4.5   8:49.12 nts	1693222198269
3490500 toao      20   0   34.6g   5.6g   1.4g R  3082   4.5   9:05.74 nts	1693222198975
3490500 toao      20   0   34.6g   5.6g   1.4g S  2753   4.5   9:23.21 nts	1693222199686
3490500 toao      20   0   34.6g   5.6g   1.4g R  2753   4.5   9:39.20 nts	1693222200390
3490500 toao      20   0   34.6g   5.6g   1.4g R  1735   4.5   9:57.59 nts	1693222201088
3490500 toao      20   0   34.6g   5.6g   1.4g R  4059   4.5  10:17.34 nts	1693222201785
3490500 toao      20   0   34.6g   5.6g   1.4g S  2618   4.5  10:33.87 nts	1693222202484
3490500 toao      20   0   34.6g   5.6g   1.4g R  2253   4.5  10:53.57 nts	1693222203196
3490500 toao      20   0   34.6g   5.6g   1.4g R  3272   4.5  11:13.76 nts	1693222203898
3490500 toao      20   0   89.3g   6.8g   2.5g R 282.4   5.4  11:19.37 nts	1693222204611
3490500 toao      20   0   94.4g   7.4g   3.0g S  2247   5.9  11:25.20 nts	1693222205317
3490500 toao      20   0   96.7g   7.3g   3.0g S  2131   5.8  11:38.19 nts	1693222206022
3490500 toao      20   0   97.3g   7.3g   3.0g S  2438   5.8  11:51.50 nts	1693222206723
3490500 toao      20   0   97.8g   7.3g   3.0g S  2444   5.8  12:04.25 nts	1693222207422
3490500 toao      20   0   97.8g   7.3g   3.0g S  2306   5.8  12:16.98 nts	1693222208122
3490500 toao      20   0   97.8g   7.3g   3.0g S  1853   5.8  12:29.66 nts	1693222208820
3490500 toao      20   0   97.8g   7.3g   3.0g S  1606   5.8  12:42.50 nts	1693222209523
3490500 toao      20   0   97.9g   7.4g   3.0g S  1518   5.9  12:56.85 nts	1693222210223
3490500 toao      20   0   98.4g   7.4g   3.0g S  1135   5.9  13:08.72 nts	1693222210926
3490500 toao      20   0   97.9g   7.4g   3.0g S  1735   5.9  13:22.57 nts	1693222211630
3490500 toao      20   0   97.9g   7.4g   3.0g S  1729   5.9  13:35.23 nts	1693222212327
3490500 toao      20   0   97.9g   7.4g   3.0g S  1853   5.9  13:48.11 nts	1693222213030
3490500 toao      20   0   97.8g   7.3g   3.0g S  2350   5.8  14:01.52 nts	1693222213733
3490500 toao      20   0  115.2g   7.3g   3.0g S  2276   5.8  14:14.35 nts	1693222214435
3490500 toao      20   0  115.8g   7.3g   3.0g S  2088   5.8  14:26.93 nts	1693222215135
3490500 toao      20   0  115.8g   7.3g   3.0g S  1865   5.8  14:39.72 nts	1693222215838
3490500 toao      20   0  115.9g   7.3g   3.0g S  2094   5.8  14:52.51 nts	1693222216542
3490500 toao      20   0  115.9g   7.3g   3.0g S  1571   5.8  15:05.19 nts	1693222217243
3490500 toao      20   0  116.6g   7.4g   3.0g S  1376   5.9  15:18.92 nts	1693222217945
3490500 toao      20   0  115.9g   7.3g   3.0g S  1971   5.8  15:33.26 nts	1693222218647
3490500 toao      20   0  116.6g   7.4g   3.0g S  1341   5.9  15:44.81 nts	1693222219350
3490500 toao      20   0  116.0g   7.3g   3.0g S  1753   5.8  15:58.23 nts	1693222220052
3490500 toao      20   0  115.9g   7.3g   3.0g S  2324   5.8  16:11.96 nts	1693222220754
3490500 toao      20   0  115.9g   7.3g   3.0g S  1676   5.8  16:24.80 nts	1693222221459
3490500 toao      20   0  115.9g   7.3g   3.0g S  1482   5.8  16:37.49 nts	1693222222158
3490500 toao      20   0  116.0g   7.4g   3.0g S  1282   5.9  16:50.52 nts	1693222222862
3490500 toao      20   0  114.7g   7.4g   3.0g S  1012   5.9  17:03.36 nts	1693222223568
3490500 toao      20   0  115.4g   7.4g   3.0g S  1324   5.9  17:15.92 nts	1693222224272
3490500 toao      20   0  115.9g   7.3g   3.0g S  1218   5.8  17:27.85 nts	1693222224976
3490500 toao      20   0  116.0g   7.3g   3.0g S  2088   5.8  17:40.40 nts	1693222225678
3490500 toao      20   0  116.1g   7.3g   3.0g S  1324   5.8  17:53.35 nts	1693222226378
3490500 toao      20   0  116.1g   7.4g   3.0g S  1324   5.9  18:06.49 nts	1693222227080
3490500 toao      20   0  116.1g   7.3g   3.0g S  1062   5.8  18:18.63 nts	1693222227782
3490500 toao      20   0  116.7g   7.4g   3.0g S  1694   5.9  18:32.31 nts	1693222228482
3490500 toao      20   0  116.0g   7.3g   3.0g S  2069   5.8  18:46.23 nts	1693222229182
3490500 toao      20   0  116.0g   7.3g   3.0g S  2481   5.8  18:59.69 nts	1693222229883
3490500 toao      20   0  116.0g   7.3g   3.0g S  2012   5.8  19:12.31 nts	1693222230583
3490500 toao      20   0  116.0g   7.3g   3.0g S  1569   5.8  19:25.02 nts	1693222231283
3490500 toao      20   0  116.1g   7.3g   3.0g S  1588   5.8  19:37.95 nts	1693222231983
3490500 toao      20   0  115.5g   7.4g   3.0g S  1719   5.9  19:51.73 nts	1693222232683
3490500 toao      20   0  116.7g   7.4g   3.0g S  1519   5.9  20:04.16 nts	1693222233384
3490500 toao      20   0  116.7g   7.4g   3.0g S  1706   5.9  20:17.22 nts	1693222234083
3490500 toao      20   0  116.7g   7.4g   3.0g S  1831   5.9  20:30.33 nts	1693222234783
3490500 toao      20   0  116.0g   7.3g   3.0g S  1906   5.8  20:43.66 nts	1693222235483
3490500 toao      20   0  116.0g   7.3g   3.0g S  2318   5.8  20:56.85 nts	1693222236187
3490500 toao      20   0  116.0g   7.3g   3.0g S  2265   5.8  21:09.54 nts	1693222236887
3490500 toao      20   0  116.0g   7.3g   3.0g S  1912   5.8  21:21.62 nts	1693222237588
3490500 toao      20   0  116.0g   7.3g   3.0g S  2324   5.8  21:35.01 nts	1693222238290
3490500 toao      20   0  116.0g   7.3g   3.0g S  2294   5.8  21:47.70 nts	1693222238991
3490500 toao      20   0  116.0g   7.3g   3.0g S  1829   5.8  22:00.42 nts	1693222239691
3490500 toao      20   0  116.1g   7.4g   3.0g S  1322   5.9  22:13.97 nts	1693222240391
3490500 toao      20   0  116.1g   7.4g   3.0g S  1276   5.9  22:26.41 nts	1693222241096
3490500 toao      20   0  114.9g   7.4g   3.0g S  1541   5.9  22:39.10 nts	1693222241799
3490500 toao      20   0  116.7g   7.4g   3.0g S  1241   5.9  22:52.30 nts	1693222242504
3490500 toao      20   0  116.7g   7.4g   3.0g S  1694   5.9  23:05.78 nts	1693222243207
3490500 toao      20   0  116.0g   7.3g   3.0g S  1935   5.8  23:19.05 nts	1693222243907
3490500 toao      20   0  116.1g   7.4g   3.0g S  1924   5.9  23:31.67 nts	1693222244607
3490500 toao      20   0  116.0g   7.3g   3.0g S  2288   5.8  23:45.04 nts	1693222245311
3490500 toao      20   0  116.0g   7.3g   3.0g S  1794   5.8  23:57.82 nts	1693222246015
3490500 toao      20   0  116.0g   7.3g   3.0g S  1118   5.8  24:10.57 nts	1693222246718
3490500 toao      20   0  116.1g   7.4g   3.0g S  1206   5.9  24:23.79 nts	1693222247422
3490500 toao      20   0  116.7g   7.4g   3.0g S  1606   5.9  24:37.04 nts	1693222248119
3490500 toao      20   0  116.1g   7.4g   3.0g S  1000   5.9  24:48.72 nts	1693222248823
3490500 toao      20   0  116.7g   7.4g   3.0g S  2053   5.9  25:03.15 nts	1693222249526
3490500 toao      20   0  116.7g   7.4g   3.0g S  1488   5.9  25:15.42 nts	1693222250226
3490500 toao      20   0  114.9g   7.4g   3.0g S  1912   5.9  25:28.41 nts	1693222250926
3490500 toao      20   0  115.4g   7.3g   3.0g S  1959   5.8  25:41.65 nts	1693222251627
3490500 toao      20   0  116.0g   7.3g   3.0g S  2282   5.8  25:55.13 nts	1693222252327
3490500 toao      20   0  116.0g   7.3g   3.0g S  2276   5.8  26:07.81 nts	1693222253026
3490500 toao      20   0  116.0g   7.3g   3.0g S  1971   5.8  26:20.43 nts	1693222253727
3490500 toao      20   0  116.0g   7.3g   3.0g S  2165   5.8  26:33.01 nts	1693222254430
3490500 toao      20   0  116.0g   7.3g   3.0g S  1765   5.8  26:45.88 nts	1693222255131
3490500 toao      20   0  116.0g   7.3g   3.0g S 988.2   5.8  26:58.69 nts	1693222255835
3490500 toao      20   0  116.1g   7.4g   3.0g S  1782   5.9  27:13.37 nts	1693222256536
3490500 toao      20   0  116.0g   7.3g   3.0g S  1953   5.8  27:26.16 nts	1693222257238
3490500 toao      20   0  116.0g   7.3g   3.0g S  1882   5.8  27:38.71 nts	1693222257938
3490500 toao      20   0  116.0g   7.3g   3.0g S  2271   5.8  27:52.08 nts	1693222258639
3490500 toao      20   0  114.2g   7.3g   3.0g S  2347   5.8  28:04.88 nts	1693222259339
3490500 toao      20   0  115.4g   7.3g   3.0g S  2312   5.8  28:17.65 nts	1693222260041
3490500 toao      20   0  115.4g   7.3g   3.0g S  2029   5.8  28:30.28 nts	1693222260743
3490500 toao      20   0  116.0g   7.3g   3.0g S  2359   5.8  28:43.03 nts	1693222261447
3490500 toao      20   0  116.0g   7.3g   3.0g S  2224   5.8  28:55.84 nts	1693222262151
3490500 toao      20   0  116.0g   7.3g   3.0g S  1559   5.8  29:08.64 nts	1693222262851
3490500 toao      20   0  116.0g   7.3g   3.0g S  1559   5.8  29:21.23 nts	1693222263551
3490500 toao      20   0  116.0g   7.3g   3.0g S  1306   5.8  29:34.06 nts	1693222264251
3490500 toao      20   0  116.7g   7.4g   3.0g S  1594   5.9  29:47.85 nts	1693222264950
3490500 toao      20   0  116.0g   7.3g   3.0g S  1947   5.8  30:01.68 nts	1693222265651
3490500 toao      20   0  116.0g   7.3g   3.0g S  2288   5.8  30:14.83 nts	1693222266352
3490500 toao      20   0  116.0g   7.3g   3.0g S  2294   5.8  30:27.84 nts	1693222267051
3490500 toao      20   0  116.0g   7.3g   3.0g S  2294   5.8  30:40.35 nts	1693222267752
3490500 toao      20   0  114.2g   7.3g   3.0g S  1825   5.8  30:53.05 nts	1693222268455
3490500 toao      20   0  115.5g   7.4g   3.0g S  1347   5.9  31:06.46 nts	1693222269155
3490500 toao      20   0  116.7g   7.4g   3.0g S  1776   5.9  31:20.34 nts	1693222269856
3490500 toao      20   0  116.1g   7.3g   3.0g S  1994   5.8  31:33.80 nts	1693222270559
3490500 toao      20   0  116.0g   7.3g   3.0g S  2265   5.8  31:47.27 nts	1693222271259
3490500 toao      20   0  116.0g   7.3g   3.0g S  2194   5.8  32:00.04 nts	1693222271962
3490500 toao      20   0  116.0g   7.3g   3.0g S  2206   5.8  32:12.81 nts	1693222272661
3490500 toao      20   0  116.0g   7.3g   3.0g S  2229   5.8  32:25.44 nts	1693222273360
3490500 toao      20   0  116.0g   7.3g   3.0g S  2259   5.8  32:38.18 nts	1693222274063
3490500 toao      20   0  116.0g   7.3g   3.0g S  2294   5.8  32:50.89 nts	1693222274767
3490500 toao      20   0  116.0g   7.3g   3.0g S  2347   5.8  33:03.81 nts	1693222275470
3490500 toao      20   0  116.0g   7.3g   3.0g S  2006   5.8  33:16.61 nts	1693222276171
3490500 toao      20   0  116.0g   7.3g   3.0g S  1300   5.8  33:29.53 nts	1693222276871
3490500 toao      20   0  114.2g   7.3g   3.0g S 956.2   5.8  33:42.07 nts	1693222277574
3490500 toao      20   0  115.4g   7.3g   3.0g S  1822   5.8  33:54.61 nts	1693222278271
3490500 toao      20   0  115.4g   7.3g   3.0g S  2000   5.8  34:07.28 nts	1693222278974
3490500 toao      20   0  116.0g   7.3g   3.0g S  1865   5.8  34:19.88 nts	1693222279680
3490500 toao      20   0  116.0g   7.3g   3.0g S  2118   5.8  34:32.48 nts	1693222280383
3490500 toao      20   0  116.0g   7.3g   3.0g S  1641   5.8  34:45.22 nts	1693222281082
3490500 toao      20   0  116.0g   7.3g   3.0g S  1282   5.8  34:58.25 nts	1693222281786
3490500 toao      20   0  116.1g   7.4g   3.0g S  1312   5.9  35:11.48 nts	1693222282491
3490500 toao      20   0  116.0g   7.3g   3.0g S  1924   5.8  35:23.42 nts	1693222283192
3490500 toao      20   0  116.0g   7.3g   3.0g S  1371   5.8  35:36.29 nts	1693222283893
3490500 toao      20   0  116.2g   7.4g   3.0g S  1276   5.9  35:49.43 nts	1693222284598
3490500 toao      20   0  116.0g   7.3g   3.0g S  1965   5.8  36:03.75 nts	1693222285300
3490500 toao      20   0  116.0g   7.3g   3.0g S  1971   5.8  36:16.51 nts	1693222286002
3490500 toao      20   0  114.0g   7.3g   3.0g S  2029   5.8  36:29.28 nts	1693222286707
3490500 toao      20   0  115.5g   7.4g   3.0g S  1800   5.9  36:41.50 nts	1693222287406
3490500 toao      20   0  116.0g   7.3g   3.0g S  2300   5.8  36:55.08 nts	1693222288107
3490500 toao      20   0  116.0g   7.3g   3.0g S  2288   5.8  37:07.67 nts	1693222288806
3490500 toao      20   0  116.0g   7.3g   3.0g S  2300   5.8  37:20.50 nts	1693222289507
3490500 toao      20   0  116.0g   7.3g   3.0g S  1494   5.8  37:33.26 nts	1693222290206
3490500 toao      20   0  116.3g   7.4g   3.0g S  1300   5.9  37:46.58 nts	1693222290906
3490500 toao      20   0  116.1g   7.4g   3.0g S  1306   5.9  37:58.91 nts	1693222291607
3490500 toao      20   0  116.0g   7.3g   3.0g S  1494   5.8  38:11.13 nts	1693222292308
3490500 toao      20   0  116.1g   7.4g   3.0g S  1394   5.9  38:24.42 nts	1693222293007
3490500 toao      20   0  116.1g   7.3g   3.0g S  1394   5.8  38:36.72 nts	1693222293709
3490500 toao      20   0  116.7g   7.4g   3.0g S  1635   5.9  38:50.43 nts	1693222294412
3490500 toao      20   0  116.7g   7.4g   3.0g S  1282   5.9  39:03.13 nts	1693222295114
3490500 toao      20   0  116.7g   7.4g   3.0g S  1471   5.9  39:16.08 nts	1693222295814
3490500 toao      20   0       0      0      0 Z 100.0   0.0  39:17.72 nts	1693222296519
