975055 toao      20   0 2488656 103800  70192 R 100.0   0.1   0:00.18 nts	1693202657682
975055 toao      20   0 8389884 237652 118548 R  7829   0.2   0:28.68 nts	1693202658395
975055 toao      20   0 8621164 366940 118800 R 800.0   0.3   1:00.84 nts	1693202659109
975055 toao      20   0 8621164 387796 118800 R 200.0   0.3   1:02.23 nts	1693202659801
975055 toao      20   0 8621164 390964 118800 R 194.1   0.3   1:03.62 nts	1693202660503
975055 toao      20   0 8621164 390964 118800 R 194.4   0.3   1:05.04 nts	1693202661207
975055 toao      20   0 8621164 390964 118800 R 200.0   0.3   1:06.44 nts	1693202661921
975055 toao      20   0 8621164 390964 118800 R 205.9   0.3   1:07.85 nts	1693202662631
975055 toao      20   0 8621164 390964 118800 R 200.0   0.3   1:09.24 nts	1693202663338
975055 toao      20   0 8621164 416044 118800 R 194.1   0.3   1:10.63 nts	1693202664040
975055 toao      20   0 8621164 416044 118800 R 206.2   0.3   1:12.02 nts	1693202664743
975055 toao      20   0 8621164 416044 118800 R 200.0   0.3   1:13.41 nts	1693202665440
975055 toao      20   0 8621164 419212 118800 R 205.9   0.3   1:14.81 nts	1693202666135
975055 toao      20   0 8621164 426604 118800 R 200.0   0.3   1:16.19 nts	1693202666842
975055 toao      20   0 8621164 436900 118800 R 194.1   0.3   1:17.59 nts	1693202667540
975055 toao      20   0 8621164 444028 118800 R 200.0   0.3   1:18.99 nts	1693202668246
975055 toao      20   0 8786824 488508 118860 R 141.2   0.4   1:20.30 nts	1693202668955
975055 toao      20   0    9.9g 987.5m 118860 R 935.3   0.8   1:24.92 nts	1693202669657
975055 toao      20   0    9.9g   1.0g 118860 R  1182   0.8   1:32.36 nts	1693202670359
975055 toao      20   0    9.9g   1.0g 118860 R  1006   0.8   1:40.37 nts	1693202671069
975055 toao      20   0    9.9g   1.0g 118860 R  1194   0.8   1:47.65 nts	1693202671779
975055 toao      20   0    9.9g   1.2g 118860 R  1406   1.0   1:57.04 nts	1693202672477
975055 toao      20   0    9.9g   1.3g 118860 R  1011   1.0   2:05.42 nts	1693202673177
975055 toao      20   0    9.9g   1.3g 118860 R  1247   1.1   2:12.32 nts	1693202673885
975055 toao      20   0    9.9g   1.4g 118860 R  1294   1.1   2:21.33 nts	1693202674592
975055 toao      20   0    9.9g   1.4g 118860 R  1135   1.1   2:29.23 nts	1693202675295
975055 toao      20   0   14.1g   1.4g 119000 R 194.1   1.1   2:32.40 nts	1693202675999
975055 toao      20   0   14.1g   1.5g 119000 R 200.0   1.2   2:33.81 nts	1693202676704
975055 toao      20   0   14.1g   1.5g 119000 R 205.9   1.2   2:35.22 nts	1693202677413
975055 toao      20   0   14.1g   1.5g 119000 R 194.4   1.2   2:36.62 nts	1693202678121
975055 toao      20   0   14.1g   1.5g 119000 R 200.0   1.2   2:38.01 nts	1693202678829
975055 toao      20   0   14.1g   1.5g 119000 R 200.0   1.2   2:39.41 nts	1693202679538
975055 toao      20   0   14.1g   1.5g 119000 R 194.1   1.2   2:40.80 nts	1693202680246
975055 toao      20   0   14.1g   1.5g 119000 R 200.0   1.2   2:42.20 nts	1693202680951
975055 toao      20   0   14.1g   1.5g 119000 R 194.1   1.2   2:43.59 nts	1693202681654
975055 toao      20   0   14.1g   1.5g 119000 R 200.0   1.2   2:44.99 nts	1693202682358
975055 toao      20   0   14.1g   1.5g 119000 R 194.1   1.2   2:46.37 nts	1693202683060
975055 toao      20   0   14.1g   1.5g 119000 R 188.2   1.2   2:47.75 nts	1693202683759
975055 toao      20   0   14.1g   1.5g 119000 R 200.0   1.2   2:49.15 nts	1693202684459
975055 toao      20   0   15.7g   1.7g 119000 R 670.6   1.4   2:51.96 nts	1693202685159
975055 toao      20   0   15.7g   1.8g 119000 R  2282   1.4   3:01.20 nts	1693202685860
975055 toao      20   0   15.7g   1.9g 119000 R  1576   1.5   3:13.61 nts	1693202686560
975055 toao      20   0   15.7g   2.0g 119000 R  1150   1.6   3:22.35 nts	1693202687264
975055 toao      20   0   15.7g   2.1g 119000 R 712.5   1.7   3:28.07 nts	1693202687964
975055 toao      20   0   15.7g   2.2g 119000 R 552.9   1.8   3:33.12 nts	1693202688664
975055 toao      20   0   15.7g   2.3g 119000 R 505.6   1.8   3:36.69 nts	1693202689368
975055 toao      20   0   15.7g   2.4g 119000 R 605.9   1.9   3:40.34 nts	1693202690078
975055 toao      20   0   15.7g   2.5g 119000 R 494.1   2.0   3:43.72 nts	1693202690780
975055 toao      20   0   19.7g   2.5g 119000 R 100.0   2.0   3:46.31 nts	1693202691486
975055 toao      20   0   19.9g   2.6g 119000 R 105.9   2.1   3:48.81 nts	1693202692189
975055 toao      20   0   19.9g   2.6g 119000 R 100.0   2.1   3:49.51 nts	1693202692893
975055 toao      20   0   19.9g   2.6g 119000 R 100.0   2.1   3:50.21 nts	1693202693598
975055 toao      20   0   19.9g   2.6g 119000 R 105.9   2.1   3:50.92 nts	1693202694301
975055 toao      20   0   19.9g   2.6g 119000 R 100.0   2.1   3:51.62 nts	1693202695006
975055 toao      20   0   19.9g   2.6g 119000 R 100.0   2.1   3:52.32 nts	1693202695706
975055 toao      20   0   19.9g   2.6g 119000 R 106.2   2.1   3:53.02 nts	1693202696406
975055 toao      20   0   19.9g   2.6g 119000 R  94.1   2.1   3:53.71 nts	1693202697106
975055 toao      20   0   19.9g   2.6g 119000 R 100.0   2.1   3:54.42 nts	1693202697807
975055 toao      20   0   20.8g   2.8g 119000 R 100.0   2.2   3:55.12 nts	1693202698507
975055 toao      20   0   20.8g   3.1g 119000 R 100.0   2.5   3:55.83 nts	1693202699212
975055 toao      20   0   20.8g   3.2g 119000 R 106.2   2.5   3:56.52 nts	1693202699915
975055 toao      20   0   20.8g   3.2g 119000 R 100.0   2.5   3:57.23 nts	1693202700613
975055 toao      20   0   20.8g   3.2g 119000 R 100.0   2.5   3:57.93 nts	1693202701319
975055 toao      20   0   20.8g   3.2g 119000 R 100.0   2.5   3:58.63 nts	1693202702018
975055 toao      20   0   20.8g   3.2g 119000 R 100.0   2.5   3:59.33 nts	1693202702719
975055 toao      20   0   20.8g   3.2g 119000 R 100.0   2.5   4:00.02 nts	1693202703417
975055 toao      20   0   20.8g   3.2g 119000 R 100.0   2.5   4:00.73 nts	1693202704118
975055 toao      20   0   20.8g   3.2g 119000 R 106.2   2.5   4:01.43 nts	1693202704822
975055 toao      20   0   20.8g   3.2g 119000 R 100.0   2.5   4:02.13 nts	1693202705521
975055 toao      20   0   20.8g   3.2g 119000 R 100.0   2.5   4:02.83 nts	1693202706221
975055 toao      20   0   20.8g   3.2g 119000 R 100.0   2.5   4:03.53 nts	1693202706919
975055 toao      20   0   20.8g   3.2g 119000 R 106.2   2.5   4:04.23 nts	1693202707623
975055 toao      20   0   20.8g   3.2g 119000 R 100.0   2.5   4:04.93 nts	1693202708322
975055 toao      20   0   20.8g   3.4g 119000 R 106.2   2.7   4:05.63 nts	1693202709022
975055 toao      20   0   20.8g   3.4g 119000 R 106.2   2.7   4:06.33 nts	1693202709723
975055 toao      20   0   20.8g   3.4g 119000 R 100.0   2.7   4:07.03 nts	1693202710423
975055 toao      20   0   20.8g   3.4g 119000 R 100.0   2.7   4:07.74 nts	1693202711126
975055 toao      20   0   20.8g   3.4g 119000 R 100.0   2.7   4:08.44 nts	1693202711831
975055 toao      20   0   20.8g   3.5g 119000 R 105.9   2.8   4:09.15 nts	1693202712535
975055 toao      20   0   20.8g   3.5g 119000 R 100.0   2.8   4:09.85 nts	1693202713238
975055 toao      20   0   20.8g   3.5g 119000 R  94.1   2.8   4:10.55 nts	1693202713943
975055 toao      20   0   20.8g   3.5g 119000 R 100.0   2.8   4:11.25 nts	1693202714646
975055 toao      20   0   20.8g   3.5g 119000 R  94.1   2.8   4:11.95 nts	1693202715347
975055 toao      20   0   20.8g   3.6g 119000 R 100.0   2.8   4:12.65 nts	1693202716051
975055 toao      20   0   20.8g   3.6g 119000 R 100.0   2.9   4:13.36 nts	1693202716751
975055 toao      20   0   20.8g   3.6g 119000 R 100.0   2.9   4:14.06 nts	1693202717455
975055 toao      20   0   20.8g   3.6g 119000 R 100.0   2.9   4:14.77 nts	1693202718158
975055 toao      20   0   29.9g   3.9g 226932 R 105.9   3.1   4:16.63 nts	1693202718860
975055 toao      20   0   30.4g   4.3g 299828 R 100.0   3.5   4:17.33 nts	1693202719571
975055 toao      20   0   31.2g   5.0g 409272 R 105.9   4.0   4:18.04 nts	1693202720276
975055 toao      20   0   33.1g   5.9g 532980 R 100.0   4.7   4:18.74 nts	1693202720979
975055 toao      20   0   33.1g   6.8g 532980 R 100.0   5.4   4:19.44 nts	1693202721684
975055 toao      20   0   33.1g   6.8g 532980 R  94.1   5.4   4:20.14 nts	1693202722387
975055 toao      20   0   33.1g   6.8g 532980 R 100.0   5.4   4:20.85 nts	1693202723087
975055 toao      20   0   44.3g   8.8g   2.6g R 100.0   7.0   4:21.55 nts	1693202723791
975055 toao      20   0   44.3g  11.1g   4.8g R  94.1   8.8   4:22.25 nts	1693202724495
975055 toao      20   0   44.3g  13.3g   7.1g R 100.0  10.6   4:22.96 nts	1693202725199
975055 toao      20   0   44.3g  15.6g   9.3g R 106.2  12.4   4:23.66 nts	1693202725903
975055 toao      20   0   44.3g  17.8g  11.6g R 106.2  14.2   4:24.36 nts	1693202726602
975055 toao      20   0   44.4g  17.9g  11.7g R 100.0  14.3   4:25.04 nts	1693202727303
975055 toao      20   0   44.4g  17.9g  11.7g R 100.0  14.3   4:25.75 nts	1693202728003
975055 toao      20   0   44.4g  17.9g  11.7g R 100.0  14.3   4:26.45 nts	1693202728706
975055 toao      20   0   44.4g  17.9g  11.7g R 100.0  14.3   4:27.15 nts	1693202729407
975055 toao      20   0   44.4g  17.9g  11.7g R 100.0  14.3   4:27.85 nts	1693202730111
975055 toao      20   0   44.4g  17.9g  11.7g R  94.1  14.3   4:28.56 nts	1693202730812
975055 toao      20   0   44.4g  17.9g  11.7g R 100.0  14.3   4:29.26 nts	1693202731515
975055 toao      20   0   44.4g  17.9g  11.7g R 100.0  14.3   4:29.96 nts	1693202732214
975055 toao      20   0   44.4g  17.9g  11.7g R 100.0  14.3   4:30.66 nts	1693202732915
975055 toao      20   0   44.4g  17.9g  11.7g R 100.0  14.3   4:31.37 nts	1693202733614
975055 toao      20   0   44.4g  17.9g  11.7g R  94.1  14.3   4:32.06 nts	1693202734319
975055 toao      20   0   44.4g  17.9g  11.7g R 100.0  14.3   4:32.76 nts	1693202735019
975055 toao      20   0   44.4g  17.9g  11.7g R 100.0  14.3   4:33.47 nts	1693202735719
975055 toao      20   0   44.4g  17.9g  11.7g R 100.0  14.3   4:34.17 nts	1693202736419
975055 toao      20   0   44.4g  17.9g  11.7g R 100.0  14.3   4:34.87 nts	1693202737118
975055 toao      20   0   44.4g  18.0g  11.7g R 100.0  14.3   4:35.57 nts	1693202737819
975055 toao      20   0   44.4g  18.0g  11.7g R 100.0  14.3   4:36.27 nts	1693202738520
975055 toao      20   0   44.4g  18.0g  11.7g R 100.0  14.3   4:36.97 nts	1693202739222
975055 toao      20   0   44.4g  18.0g  11.7g R 106.2  14.3   4:37.67 nts	1693202739923
975055 toao      20   0   44.4g  18.0g  11.7g R 106.2  14.3   4:38.37 nts	1693202740622
975055 toao      20   0   44.4g  18.0g  11.7g R 100.0  14.3   4:39.07 nts	1693202741322
975055 toao      20   0   44.2g  18.0g  11.7g R 535.3  14.3   4:40.52 nts	1693202742027
975055 toao      20   0   44.3g  18.0g  11.7g R  94.1  14.4   4:41.22 nts	1693202742733
975055 toao      20   0   44.3g  18.1g  11.7g S  94.4  14.4   4:43.91 nts	1693202743440
975055 toao      20   0   44.3g  18.1g  11.7g S  94.1  14.4   4:44.61 nts	1693202744149
975055 toao      20   0   44.4g  18.1g  11.7g R  3606  14.4   4:54.07 nts	1693202744854
975055 toao      20   0   44.4g  18.1g  11.7g S  94.1  14.4   4:56.37 nts	1693202745554
975055 toao      20   0   44.6g  18.1g  11.7g R 205.9  14.5   4:57.83 nts	1693202746255
975055 toao      20   0   44.5g  18.1g  11.7g R  2888  14.5   5:14.49 nts	1693202746956
975055 toao      20   0   44.6g  18.2g  11.7g R  1724  14.5   5:25.79 nts	1693202747660
975055 toao      20   0   44.5g  18.1g  11.7g R  1250  14.5   5:39.61 nts	1693202748362
975055 toao      20   0   44.5g  18.1g  11.7g S 106.2  14.5   5:40.34 nts	1693202749063
975055 toao      20   0   44.6g  18.2g  11.7g R  2571  14.5   5:50.45 nts	1693202749763
975055 toao      20   0   44.5g  18.1g  11.7g S 100.0  14.5   5:58.54 nts	1693202750466
975055 toao      20   0   44.6g  18.2g  11.7g R 300.0  14.5   5:59.58 nts	1693202751166
975055 toao      20   0   44.5g  18.1g  11.7g S 464.7  14.5   6:11.02 nts	1693202751868
975055 toao      20   0   44.5g  18.1g  11.7g S  94.1  14.5   6:11.76 nts	1693202752568
975055 toao      20   0   44.6g  18.2g  11.7g R  3953  14.5   6:20.55 nts	1693202753270
975055 toao      20   0   44.6g  18.2g  11.7g R  3524  14.5   6:35.41 nts	1693202753975
975055 toao      20   0   44.6g  18.2g  11.7g R  3294  14.5   6:50.09 nts	1693202754677
975055 toao      20   0   44.6g  18.2g  11.7g R  3606  14.5   7:05.14 nts	1693202755382
975055 toao      20   0   44.5g  18.1g  11.7g S 100.0  14.5   7:07.43 nts	1693202756087
975055 toao      20   0   44.6g  18.2g  11.7g R  3953  14.5   7:15.82 nts	1693202756789
975055 toao      20   0   44.5g  18.1g  11.7g S 100.0  14.5   7:18.43 nts	1693202757495
975055 toao      20   0   44.6g  18.2g  11.7g R  1959  14.5   7:22.74 nts	1693202758195
975055 toao      20   0   44.6g  18.2g  11.7g R  1565  14.5   7:36.74 nts	1693202758895
975055 toao      20   0   44.5g  18.1g  11.7g S 111.8  14.5   7:44.97 nts	1693202759595
975055 toao      20   0   44.5g  18.1g  11.7g S 100.0  14.5   7:45.67 nts	1693202760296
975055 toao      20   0   44.6g  18.2g  11.7g R 635.3  14.5   7:56.58 nts	1693202760999
975055 toao      20   0   44.5g  18.1g  11.7g S 100.0  14.5   8:03.92 nts	1693202761700
975055 toao      20   0   44.6g  18.2g  11.7g R 617.6  14.5   8:05.99 nts	1693202762400
975055 toao      20   0   44.5g  18.1g  11.7g S 100.0  14.5   8:15.14 nts	1693202763100
975055 toao      20   0   44.5g  18.1g  11.7g S 100.0  14.5   8:15.84 nts	1693202763801
975055 toao      20   0   44.5g  18.1g  11.7g R 812.5  14.5   8:26.53 nts	1693202764503
975055 toao      20   0   44.5g  18.1g  11.7g S 106.2  14.5   8:27.27 nts	1693202765203
975055 toao      20   0   44.6g  18.2g  11.7g R  2129  14.5   8:37.01 nts	1693202765904
975055 toao      20   0   44.5g  18.1g  11.7g S 105.9  14.5   8:45.32 nts	1693202766607
975055 toao      20   0   44.5g  18.1g  11.7g S 100.0  14.5   8:46.02 nts	1693202767306
975055 toao      20   0   44.6g  18.2g  11.7g R 570.6  14.5   8:55.55 nts	1693202768006
975055 toao      20   0   44.5g  18.1g  11.7g S 100.0  14.5   9:03.48 nts	1693202768706
975055 toao      20   0   44.5g  18.1g  11.7g S 970.6  14.5   9:13.76 nts	1693202769406
975055 toao      20   0   44.5g  18.1g  11.7g S 105.9  14.5   9:14.63 nts	1693202770110
975055 toao      20   0   44.6g  18.2g  11.7g R  1947  14.5   9:18.97 nts	1693202770811
975055 toao      20   0   44.5g  18.1g  11.7g S 106.2  14.5   9:25.47 nts	1693202771512
975055 toao      20   0   44.6g  18.2g  11.7g R  2044  14.5   9:29.68 nts	1693202772214
975055 toao      20   0   44.5g  18.1g  11.7g S  1119  14.5   9:43.70 nts	1693202772913
975055 toao      20   0   44.5g  18.1g  11.7g S 100.0  14.5   9:44.55 nts	1693202773615
975055 toao      20   0   44.6g  18.2g  11.7g R  2306  14.5   9:49.44 nts	1693202774315
975055 toao      20   0   44.6g  18.2g  11.7g R  1718  14.5  10:04.70 nts	1693202775016
975055 toao      20   0   44.6g  18.2g  11.7g R  1876  14.5  10:19.47 nts	1693202775715
975055 toao      20   0   44.5g  18.1g  11.7g S 100.0  14.5  10:24.31 nts	1693202776415
975055 toao      20   0   44.6g  18.2g  11.7g R  3376  14.5  10:30.93 nts	1693202777115
975055 toao      20   0   44.5g  18.1g  11.7g S 182.4  14.5  10:41.73 nts	1693202777819
975055 toao      20   0   44.5g  18.1g  11.7g S 100.0  14.5  10:42.43 nts	1693202778519
975055 toao      20   0   44.6g  18.1g  11.7g R  3481  14.5  10:51.59 nts	1693202779222
975055 toao      20   0   44.5g  18.1g  11.7g S 112.5  14.5  10:59.73 nts	1693202779924
975055 toao      20   0   44.5g  18.1g  11.7g S 106.2  14.5  11:00.43 nts	1693202780623
975055 toao      20   0   44.5g  18.1g  11.7g R  1324  14.5  11:09.22 nts	1693202781323
975055 toao      20   0   44.5g  18.1g  11.7g S 100.0  14.5  11:11.67 nts	1693202782027
975055 toao      20   0   44.6g  18.2g  11.7g R 782.4  14.5  11:13.53 nts	1693202782731
975055 toao      20   0   44.6g  18.2g  11.7g R 581.2  14.5  11:28.63 nts	1693202783432
975055 toao      20   0   44.6g  18.2g  11.7g R 552.9  14.5  11:42.61 nts	1693202784129
975055 toao      20   0   44.5g  18.1g  11.7g S 276.5  14.5  11:56.10 nts	1693202784827
975055 toao      20   0   44.5g  18.1g  11.7g R 888.2  14.5  11:58.13 nts	1693202785527
975055 toao      20   0   44.5g  18.1g  11.7g S 100.0  14.5  12:01.82 nts	1693202786227
975055 toao      20   0   44.6g  18.2g  11.7g R 411.8  14.5  12:03.05 nts	1693202786927
975055 toao      20   0   44.5g  18.1g  11.7g S 129.4  14.5  12:13.82 nts	1693202787627
975055 toao      20   0   44.5g  18.1g  11.7g S 100.0  14.5  12:14.53 nts	1693202788326
975055 toao      20   0   44.6g  18.2g  11.7g R  2659  14.5  12:23.66 nts	1693202789031
975055 toao      20   0   44.5g  18.1g  11.7g S 833.3  14.5  12:33.83 nts	1693202789731
975055 toao      20   0   44.5g  18.1g  11.7g S 100.0  14.5  12:34.67 nts	1693202790436
975055 toao      20   0   44.6g  18.2g  11.7g R  2806  14.5  12:40.46 nts	1693202791135
975055 toao      20   0   44.5g  18.1g  11.7g S 100.0  14.5  12:46.23 nts	1693202791834
975055 toao      20   0   44.5g  18.1g  11.7g S 100.0  14.5  12:46.93 nts	1693202792535
975055 toao      20   0   44.5g  18.1g  11.7g R  3553  14.5  13:02.16 nts	1693202793235
975055 toao      20   0   44.5g  18.1g  11.7g S 100.0  14.5  13:05.51 nts	1693202793938
975055 toao      20   0   44.5g  18.1g  11.7g S 100.0  14.5  13:06.21 nts	1693202794639
975055 toao      20   0   44.5g  18.1g  11.7g S 405.9  14.5  13:16.60 nts	1693202795339
975055 toao      20   0   44.5g  18.1g  11.7g S 100.0  14.5  13:17.30 nts	1693202796039
975055 toao      20   0   44.6g  18.1g  11.7g R  4035  14.5  13:25.60 nts	1693202796740
975055 toao      20   0   44.5g  18.1g  11.7g S  94.1  14.5  13:34.38 nts	1693202797440
975055 toao      20   0   44.5g  18.1g  11.7g S 100.0  14.5  13:35.09 nts	1693202798143
975055 toao      20   0   44.5g  18.1g  11.7g S 123.5  14.5  13:44.87 nts	1693202798846
975055 toao      20   0   44.5g  18.1g  11.7g S 100.0  14.5  13:45.57 nts	1693202799546
975055 toao      20   0   44.5g  18.1g  11.7g R  2083  14.5  13:54.95 nts	1693202800247
975055 toao      20   0   44.5g  18.1g  11.7g S 100.0  14.5  13:56.41 nts	1693202800959
975055 toao      20   0   44.6g  18.2g  11.7g R 352.9  14.5  13:57.55 nts	1693202801657
975055 toao      20   0   44.6g  18.2g  11.7g R 717.6  14.5  14:13.12 nts	1693202802362
975055 toao      20   0   44.6g  18.2g  11.7g R  1076  14.5  14:27.98 nts	1693202803067
975055 toao      20   0   44.5g  18.1g  11.7g S 100.0  14.5  14:36.63 nts	1693202803775
975055 toao      20   0   44.5g  18.1g  11.7g S 100.0  14.5  14:37.33 nts	1693202804479
975055 toao      20   0   44.5g  18.1g  11.7g R  1288  14.5  14:47.93 nts	1693202805178
975055 toao      20   0   44.5g  18.1g  11.7g S 106.2  14.5  14:49.34 nts	1693202805882
975055 toao      20   0   44.6g  18.2g  11.7g R 829.4  14.5  14:51.52 nts	1693202806583
975055 toao      20   0   44.5g  18.1g  11.7g S 105.9  14.5  15:00.27 nts	1693202807287
975055 toao      20   0   44.5g  18.1g  11.7g S 105.9  14.5  15:00.97 nts	1693202807986
975055 toao      20   0   44.6g  18.2g  11.7g R  2800  14.5  15:15.10 nts	1693202808688
975055 toao      20   0   44.6g  18.2g  11.7g R  2771  14.5  15:29.67 nts	1693202809391
975055 toao      20   0   44.5g  18.1g  11.7g S 129.4  14.5  15:40.08 nts	1693202810094
975055 toao      20   0   44.5g  18.1g  11.7g S 100.0  14.5  15:40.78 nts	1693202810798
975055 toao      20   0   44.6g  18.2g  11.7g R  2482  14.5  15:54.10 nts	1693202811499
975055 toao      20   0   44.6g  18.2g  11.7g R  2459  14.5  16:08.76 nts	1693202812205
975055 toao      20   0   44.6g  18.2g  11.7g R  3135  14.5  16:23.88 nts	1693202812907
975055 toao      20   0   44.5g  18.1g  11.7g S 158.8  14.5  16:33.69 nts	1693202813616
975055 toao      20   0   44.5g  18.1g  11.7g S  94.1  14.5  16:34.39 nts	1693202814319
975055 toao      20   0   44.5g  18.1g  11.7g R  2994  14.5  16:43.06 nts	1693202815019
975055 toao      20   0   44.5g  18.1g  11.7g S 123.5  14.5  16:52.31 nts	1693202815726
975055 toao      20   0   44.5g  18.1g  11.7g S 100.0  14.5  16:53.01 nts	1693202816427
975055 toao      20   0   44.5g  18.1g  11.7g R  3194  14.5  17:01.29 nts	1693202817127
975055 toao      20   0   44.6g  18.2g  11.7g R  2894  14.5  17:15.73 nts	1693202817827
975055 toao      20   0   44.5g  18.1g  11.7g R  2341  14.5  17:29.65 nts	1693202818528
975055 toao      20   0   44.5g  18.1g  11.7g S 100.0  14.5  17:31.73 nts	1693202819227
975055 toao      20   0   44.6g  18.2g  11.7g R 335.3  14.5  17:32.84 nts	1693202819931
975055 toao      20   0   44.5g  18.1g  11.7g R  2729  14.5  17:47.57 nts	1693202820635
975055 toao      20   0   44.5g  18.1g  11.7g S 100.0  14.5  17:49.24 nts	1693202821339
975055 toao      20   0   44.5g  18.1g  11.7g R  3535  14.5  17:57.44 nts	1693202822036
975055 toao      20   0   44.5g  18.1g  11.7g R  3288  14.5  18:11.92 nts	1693202822738
975055 toao      20   0   44.5g  18.1g  11.7g S  2641  14.5  18:25.72 nts	1693202823439
975055 toao      20   0   44.5g  18.1g  11.7g S 106.2  14.5  18:28.89 nts	1693202824143
975055 toao      20   0   44.6g  18.1g  11.7g R 241.2  14.5  18:29.84 nts	1693202824844
975055 toao      20   0   44.5g  18.1g  11.7g R  3288  14.5  18:44.89 nts	1693202825546
975055 toao      20   0   44.6g  18.2g  11.7g R  3065  14.5  18:59.34 nts	1693202826248
975055 toao      20   0   44.5g  18.1g  11.7g S 100.0  14.5  19:07.11 nts	1693202826951
975055 toao      20   0   44.6g  18.2g  11.7g R 329.4  14.5  19:08.20 nts	1693202827651
975055 toao      20   0   44.5g  18.1g  11.7g S  2041  14.5  19:23.03 nts	1693202828350
975055 toao      20   0   44.5g  18.1g  11.7g S 329.4  14.5  19:27.78 nts	1693202829051
975055 toao      20   0   44.5g  18.1g  11.7g S 100.0  14.5  19:28.48 nts	1693202829751
975055 toao      20   0   44.5g  18.1g  11.7g S  3047  14.5  19:37.94 nts	1693202830452
975055 toao      20   0   44.5g  18.1g  11.7g S 100.0  14.5  19:41.71 nts	1693202831150
975055 toao      20   0   44.5g  18.1g  11.7g S 100.0  14.5  19:42.41 nts	1693202831851
975055 toao      20   0   44.6g  18.2g  11.7g R  1525  14.5  19:54.28 nts	1693202832552
975055 toao      20   0   44.5g  18.1g  11.7g S 618.8  14.5  20:07.00 nts	1693202833253
975055 toao      20   0   44.5g  18.1g  11.7g S 100.0  14.5  20:07.72 nts	1693202833956
975055 toao      20   0   44.6g  18.2g  11.7g R  3135  14.5  20:14.03 nts	1693202834655
975055 toao      20   0   44.5g  18.1g  11.7g S  94.4  14.5  20:19.14 nts	1693202835362
975055 toao      20   0   44.5g  18.1g  11.7g S  94.1  14.5  20:19.84 nts	1693202836067
975055 toao      20   0   44.6g  18.2g  11.7g R  2171  14.5  20:32.81 nts	1693202836771
975055 toao      20   0   44.5g  18.1g  11.7g S 100.0  14.5  20:36.93 nts	1693202837475
975055 toao      20   0   44.6g  18.2g  11.7g R  3512  14.5  20:43.83 nts	1693202838178
975055 toao      20   0   44.5g  18.1g  11.7g S 105.9  14.5  20:53.62 nts	1693202838879
975055 toao      20   0   44.5g  18.1g  11.7g S 106.2  14.5  20:54.32 nts	1693202839583
975055 toao      20   0   44.5g  18.1g  11.7g R  3424  14.5  21:09.04 nts	1693202840282
975055 toao      20   0   44.5g  18.1g  11.7g S 100.0  14.5  21:11.30 nts	1693202840987
975055 toao      20   0   44.6g  18.2g  11.7g R 800.0  14.5  21:13.19 nts	1693202841688
975055 toao      20   0   44.6g  18.2g  11.7g R 566.7  14.5  21:28.17 nts	1693202842388
975055 toao      20   0   44.6g  18.2g  11.7g R 894.1  14.5  21:42.84 nts	1693202843095
975055 toao      20   0   44.5g  18.1g  11.7g S 100.0  14.5  21:49.59 nts	1693202843800
975055 toao      20   0   44.6g  18.2g  11.7g R  2929  14.5  21:55.63 nts	1693202844503
975055 toao      20   0   44.5g  18.1g  11.7g S 894.1  14.5  22:07.68 nts	1693202845206
975055 toao      20   0   44.5g  18.1g  11.7g S 100.0  14.5  22:08.53 nts	1693202845907
975055 toao      20   0   44.6g  18.2g  11.7g R  2188  14.5  22:13.05 nts	1693202846606
975055 toao      20   0   44.5g  18.1g  11.7g S 100.0  14.5  22:20.17 nts	1693202847303
975055 toao      20   0   44.5g  18.1g  11.7g S 100.0  14.5  22:20.87 nts	1693202848007
975055 toao      20   0   44.6g  18.2g  11.7g R  1471  14.5  22:32.43 nts	1693202848708
975055 toao      20   0   44.5g  18.1g  11.7g S 100.0  14.5  22:38.35 nts	1693202849410
975055 toao      20   0   44.5g  18.1g  11.7g S 112.5  14.5  22:39.05 nts	1693202850113
975055 toao      20   0   44.5g  18.1g  11.7g S 135.3  14.5  22:48.80 nts	1693202850811
975055 toao      20   0   44.5g  18.1g  11.7g S 100.0  14.5  22:49.50 nts	1693202851515
975055 toao      20   0   44.6g  18.2g  11.7g R  2682  14.5  22:58.03 nts	1693202852219
975055 toao      20   0  100.3g  19.5g  12.8g R 705.9  15.6  23:08.41 nts	1693202852920
975055 toao      20   0  104.1g  21.1g  14.3g R 200.0  16.8  23:09.83 nts	1693202853624
975055 toao      20   0  110.9g  21.5g  14.7g S  1065  17.1  23:15.23 nts	1693202854328
975055 toao      20   0  115.7g  21.5g  14.7g S  2041  17.1  23:27.24 nts	1693202855031
975055 toao      20   0  115.7g  21.5g  14.7g S  2141  17.1  23:41.34 nts	1693202855737
975055 toao      20   0  115.9g  21.6g  14.7g S  1735  17.2  23:51.30 nts	1693202856438
975055 toao      20   0  116.5g  21.6g  14.7g S  2438  17.2  24:06.36 nts	1693202857144
975055 toao      20   0  116.6g  21.6g  14.7g S  1253  17.2  24:17.36 nts	1693202857849
975055 toao      20   0  115.9g  21.5g  14.7g S  1971  17.1  24:30.89 nts	1693202858551
975055 toao      20   0  117.1g  21.6g  14.7g S 852.9  17.2  24:41.39 nts	1693202859255
975055 toao      20   0  116.6g  21.6g  14.7g S  1412  17.2  24:52.78 nts	1693202859956
975055 toao      20   0  116.6g  21.5g  14.7g S  1759  17.1  25:06.22 nts	1693202860660
975055 toao      20   0  116.6g  21.5g  14.7g S  1753  17.1  25:18.35 nts	1693202861364
975055 toao      20   0  116.6g  21.5g  14.7g S  1900  17.1  25:32.15 nts	1693202862068
975055 toao      20   0  117.2g  21.6g  14.7g S  1876  17.2  25:45.48 nts	1693202862768
975055 toao      20   0  118.3g  21.5g  14.7g S  1706  17.1  25:56.28 nts	1693202863472
975055 toao      20   0  118.3g  21.5g  14.7g S  2059  17.1  26:10.51 nts	1693202864176
975055 toao      20   0  118.3g  21.5g  14.7g S  2094  17.1  26:24.86 nts	1693202864880
975055 toao      20   0  118.4g  21.6g  14.7g S  2159  17.2  26:36.70 nts	1693202865585
975055 toao      20   0  118.9g  21.6g  14.7g S  1653  17.2  26:47.71 nts	1693202866290
975055 toao      20   0  118.3g  21.5g  14.7g S  1129  17.1  26:57.99 nts	1693202866996
975055 toao      20   0  118.3g  21.5g  14.7g S  2059  17.1  27:12.21 nts	1693202867699
975055 toao      20   0  118.3g  21.5g  14.7g S  1441  17.1  27:23.68 nts	1693202868399
975055 toao      20   0  118.3g  21.5g  14.7g S  2112  17.1  27:35.49 nts	1693202869100
975055 toao      20   0  118.9g  21.6g  14.7g S  2012  17.2  27:48.71 nts	1693202869802
975055 toao      20   0  118.4g  21.6g  14.7g S  1865  17.2  28:02.56 nts	1693202870508
975055 toao      20   0  118.3g  21.5g  14.7g S  2024  17.1  28:16.37 nts	1693202871213
975055 toao      20   0  118.9g  21.6g  14.7g S  1918  17.2  28:29.92 nts	1693202871919
975055 toao      20   0  118.3g  21.5g  14.7g S  2041  17.1  28:42.65 nts	1693202872622
975055 toao      20   0  118.3g  21.5g  14.7g S  2094  17.1  28:56.80 nts	1693202873322
975055 toao      20   0  118.9g  21.6g  14.7g S  2171  17.2  29:10.54 nts	1693202874023
975055 toao      20   0  118.3g  21.5g  14.7g S  1771  17.1  29:23.02 nts	1693202874728
975055 toao      20   0  118.4g  21.6g  14.7g S  1565  17.2  29:34.35 nts	1693202875432
975055 toao      20   0  118.4g  21.6g  14.7g S  2082  17.2  29:47.38 nts	1693202876135
975055 toao      20   0  118.3g  21.5g  14.7g S  1871  17.1  29:58.69 nts	1693202876837
975055 toao      20   0  118.4g  21.6g  14.7g S  1076  17.2  30:10.90 nts	1693202877540
975055 toao      20   0  118.3g  21.5g  14.7g S  2125  17.1  30:24.12 nts	1693202878242
975055 toao      20   0  118.9g  21.6g  14.7g S  1612  17.2  30:37.49 nts	1693202878949
975055 toao      20   0  118.9g  21.6g  14.7g S  1729  17.2  30:49.44 nts	1693202879655
975055 toao      20   0  136.7g  21.6g  14.7g S  1083  17.2  31:00.00 nts	1693202880361
975055 toao      20   0  137.3g  21.6g  14.7g S  2006  17.2  31:11.52 nts	1693202881070
975055 toao      20   0  137.2g  21.5g  14.7g S  2147  17.1  31:24.83 nts	1693202881778
975055 toao      20   0  138.5g  21.6g  14.7g S  1847  17.2  31:35.34 nts	1693202882479
975055 toao      20   0  138.5g  21.6g  14.7g S  1583  17.2  31:49.56 nts	1693202883180
975055 toao      20   0  138.5g  21.6g  14.7g S  1265  17.2  32:00.49 nts	1693202883892
975055 toao      20   0  137.8g  21.5g  14.7g S  2194  17.1  32:13.88 nts	1693202884594
975055 toao      20   0  138.5g  21.6g  14.7g S  1094  17.2  32:24.78 nts	1693202885294
975055 toao      20   0  137.9g  21.5g  14.7g S  1241  17.2  32:35.40 nts	1693202885996
975055 toao      20   0  137.8g  21.5g  14.7g S  1847  17.1  32:49.45 nts	1693202886700
975055 toao      20   0  137.8g  21.5g  14.7g S  1865  17.1  33:01.17 nts	1693202887404
975055 toao      20   0  137.8g  21.5g  14.7g S  2029  17.1  33:15.47 nts	1693202888107
975055 toao      20   0  138.5g  21.6g  14.7g S  2281  17.2  33:28.80 nts	1693202888812
975055 toao      20   0  138.5g  21.5g  14.7g S  1688  17.1  33:39.64 nts	1693202889514
975055 toao      20   0  138.5g  21.5g  14.7g S  2035  17.1  33:53.73 nts	1693202890219
975055 toao      20   0  138.6g  21.6g  14.7g S  1818  17.2  34:07.23 nts	1693202890920
975055 toao      20   0  138.9g  21.6g  14.7g S  1976  17.2  34:18.90 nts	1693202891621
975055 toao      20   0  138.6g  21.6g  14.7g S  1782  17.2  34:29.71 nts	1693202892325
975055 toao      20   0  138.5g  21.5g  14.7g S  1612  17.1  34:40.73 nts	1693202893033
975055 toao      20   0  138.6g  21.6g  14.7g S  2082  17.2  34:54.68 nts	1693202893733
975055 toao      20   0  138.6g  21.6g  14.7g S  1535  17.2  35:06.61 nts	1693202894437
975055 toao      20   0  138.6g  21.6g  14.7g S  1994  17.2  35:16.59 nts	1693202895141
975055 toao      20   0  138.5g  21.5g  14.7g S  2306  17.1  35:30.47 nts	1693202895844
975055 toao      20   0  138.5g  21.5g  14.7g S  2181  17.1  35:44.21 nts	1693202896544
975055 toao      20   0  138.5g  21.5g  14.7g S  2088  17.1  35:58.60 nts	1693202897246
975055 toao      20   0  138.6g  21.6g  14.7g S  2000  17.2  36:10.63 nts	1693202897947
975055 toao      20   0  138.5g  21.5g  14.7g S  1906  17.1  36:24.60 nts	1693202898653
975055 toao      20   0  138.6g  21.6g  14.7g S  2029  17.2  36:38.73 nts	1693202899355
975055 toao      20   0  138.8g  21.6g  14.7g S  1971  17.2  36:51.48 nts	1693202900059
975055 toao      20   0  138.5g  21.5g  14.7g S  2124  17.1  37:05.04 nts	1693202900764
975055 toao      20   0  138.6g  21.6g  14.7g S  1159  17.2  37:15.78 nts	1693202901468
975055 toao      20   0  138.6g  21.6g  14.7g S  1794  17.2  37:28.70 nts	1693202902170
975055 toao      20   0  138.6g  21.5g  14.7g S  2238  17.1  37:40.30 nts	1693202902882
975055 toao      20   0  138.6g  21.6g  14.7g S  1169  17.2  37:52.50 nts	1693202903582
975055 toao      20   0  138.5g  21.5g  14.7g S  2238  17.1  38:06.04 nts	1693202904283
975055 toao      20   0  138.6g  21.6g  14.7g S 947.1  17.2  38:18.37 nts	1693202904984
975055 toao      20   0  138.7g  21.6g  14.7g S  1159  17.2  38:30.28 nts	1693202905689
975055 toao      20   0  137.2g  21.6g  14.7g S  1144  17.2  38:42.08 nts	1693202906395
975055 toao      20   0  139.1g  21.6g  14.7g S  2106  17.2  38:54.94 nts	1693202907111
975055 toao      20   0  139.0g  21.5g  14.7g S  2129  17.1  39:07.29 nts	1693202907815
975055 toao      20   0  139.0g  21.5g  14.7g S  2088  17.1  39:18.50 nts	1693202908514
975055 toao      20   0  139.0g  21.5g  14.7g S  2112  17.1  39:32.59 nts	1693202909216
975055 toao      20   0  139.0g  21.5g  14.7g S  1529  17.1  39:44.11 nts	1693202909915
975055 toao      20   0  139.6g  21.6g  14.7g S  1994  17.2  39:57.43 nts	1693202910615
975055 toao      20   0  139.0g  21.5g  14.7g S  1653  17.1  40:07.85 nts	1693202911316
975055 toao      20   0  139.0g  21.5g  14.7g S  2017  17.1  40:19.76 nts	1693202912021
975055 toao      20   0  139.0g  21.5g  14.7g S  1400  17.1  40:31.38 nts	1693202912726
975055 toao      20   0  139.5g  21.6g  14.7g S  1835  17.2  40:44.18 nts	1693202913428
975055 toao      20   0  139.1g  21.5g  14.7g S  1553  17.1  40:57.85 nts	1693202914131
975055 toao      20   0  139.0g  21.5g  14.7g S  2059  17.1  41:12.23 nts	1693202914832
975055 toao      20   0  139.1g  21.6g  14.7g S  2000  17.2  41:23.40 nts	1693202915537
975055 toao      20   0  139.1g  21.6g  14.7g S  1888  17.2  41:37.20 nts	1693202916250
975055 toao      20   0  139.1g  21.6g  14.7g S  2200  17.2  41:50.62 nts	1693202916953
975055 toao      20   0  139.0g  21.5g  14.7g S  1859  17.1  42:01.72 nts	1693202917660
975055 toao      20   0  139.0g  21.5g  14.7g S  2135  17.1  42:13.98 nts	1693202918363
975055 toao      20   0  139.6g  21.6g  14.7g S  1600  17.2  42:24.36 nts	1693202919067
975055 toao      20   0  139.6g  21.6g  14.7g S  2135  17.2  42:38.06 nts	1693202919769
975055 toao      20   0  139.1g  21.6g  14.7g S  1918  17.2  42:49.44 nts	1693202920471
975055 toao      20   0  139.0g  21.5g  14.7g S  1953  17.1  43:00.68 nts	1693202921173
975055 toao      20   0  139.0g  21.5g  14.7g S  2035  17.1  43:14.51 nts	1693202921877
975055 toao      20   0  139.0g  21.5g  14.7g S  1994  17.1  43:28.52 nts	1693202922578
975055 toao      20   0  139.1g  21.6g  14.7g S  1076  17.2  43:41.18 nts	1693202923280
975055 toao      20   0  139.0g  21.5g  14.7g S  2194  17.1  43:54.90 nts	1693202923981
975055 toao      20   0  139.6g  21.6g  14.7g S  1462  17.2  44:07.82 nts	1693202924683
975055 toao      20   0  139.6g  21.6g  14.7g S  2076  17.2  44:21.66 nts	1693202925380
975055 toao      20   0  139.0g  21.5g  14.7g S  2035  17.1  44:35.17 nts	1693202926082
975055 toao      20   0  139.1g  21.6g  14.7g S  1931  17.2  44:48.84 nts	1693202926784
975055 toao      20   0  139.0g  21.5g  14.7g S  1725  17.1  44:58.43 nts	1693202927485
975055 toao      20   0  139.1g  21.6g  14.7g S  1094  17.2  45:10.85 nts	1693202928185
975055 toao      20   0  139.1g  21.6g  14.7g S  2129  17.3  45:24.48 nts	1693202928888
975055 toao      20   0  139.0g  21.5g  14.7g S  1629  17.2  45:36.13 nts	1693202929587
975055 toao      20   0  139.1g  21.6g  14.7g S  1747  17.2  45:49.82 nts	1693202930291
975055 toao      20   0  139.0g  21.5g  14.7g S  1588  17.1  46:02.42 nts	1693202930994
975055 toao      20   0  139.0g  21.5g  14.7g S  1847  17.1  46:13.81 nts	1693202931698
975055 toao      20   0       0      0      0 Z 100.0   0.0  46:15.40 nts	1693202932399
975055 toao      20   0       0      0      0 Z 106.2   0.0  46:16.09 nts	1693202933104
975055 toao      20   0       0      0      0 Z 100.0   0.0  46:16.78 nts	1693202933805
975055 toao      20   0       0      0      0 Z 100.0   0.0  46:17.48 nts	1693202934507
