4161409 toao      20   0 2487468 100892  68548 R 100.0   0.1   0:00.19 nts	1693198504362
4161409 toao      20   0 8413728 260964 117856 R  7612   0.2   0:22.48 nts	1693198505085
4161409 toao      20   0 8413728 260964 117856 S  8000   0.2   1:20.44 nts	1693198505816
4161409 toao      20   0 8573028 361252 118036 R 105.9   0.3   1:59.95 nts	1693198506520
4161409 toao      20   0 8813328 538508 118160 R 200.0   0.4   2:01.98 nts	1693198507220
4161409 toao      20   0 8813328 540884 118160 R 206.2   0.4   2:03.35 nts	1693198507915
4161409 toao      20   0 8813328 541676 118160 R 206.2   0.4   2:04.73 nts	1693198508612
4161409 toao      20   0 8813328 541940 118160 R 200.0   0.4   2:06.11 nts	1693198509307
4161409 toao      20   0 8813328 542204 118160 R 206.2   0.4   2:07.49 nts	1693198510004
4161409 toao      20   0 8813328 542468 118160 R 200.0   0.4   2:08.88 nts	1693198510701
4161409 toao      20   0 8813328 542732 118160 R 188.9   0.4   2:10.28 nts	1693198511401
4161409 toao      20   0 8813328 542732 118160 R 188.2   0.4   2:11.65 nts	1693198512108
4161409 toao      20   0 8813328 542996 118160 R 206.2   0.4   2:13.04 nts	1693198512804
4161409 toao      20   0 8813328 542996 118160 R 218.8   0.4   2:14.43 nts	1693198513504
4161409 toao      20   0 8813328 561740 118160 R 194.1   0.4   2:15.80 nts	1693198514200
4161409 toao      20   0 8813328 643844 118160 R 194.1   0.5   2:17.19 nts	1693198514897
4161409 toao      20   0 8813328 646748 118160 R 206.2   0.5   2:18.58 nts	1693198515602
4161409 toao      20   0 8813328 647540 118160 R 206.2   0.5   2:19.94 nts	1693198516296
4161409 toao      20   0 8813328 648068 118160 R 200.0   0.5   2:21.33 nts	1693198516987
4161409 toao      20   0 8813328 648068 118160 R 212.5   0.5   2:22.71 nts	1693198517684
4161409 toao      20   0 8813328 648332 118160 R 205.9   0.5   2:24.09 nts	1693198518380
4161409 toao      20   0 8813328 648332 118160 R 218.8   0.5   2:25.47 nts	1693198519076
4161409 toao      20   0 8813328 648332 118160 R 212.5   0.5   2:26.85 nts	1693198519772
4161409 toao      20   0 8813328 648332 118160 R 205.9   0.5   2:28.24 nts	1693198520468
4161409 toao      20   0 8813328 648332 118160 R 194.1   0.5   2:29.63 nts	1693198521176
4161409 toao      20   0 8813328 648596 118160 R 212.5   0.5   2:31.01 nts	1693198521873
4161409 toao      20   0 8813328 648596 118160 R 194.1   0.5   2:32.40 nts	1693198522569
4161409 toao      20   0 9780.9m 803104 118348 R  94.1   0.6   2:33.27 nts	1693198523269
4161409 toao      20   0   11.0g   1.7g 118348 R 829.4   1.3   2:39.30 nts	1693198523965
4161409 toao      20   0   11.0g   1.7g 118348 R 805.9   1.3   2:45.22 nts	1693198524668
4161409 toao      20   0   11.0g   1.7g 118348 R 952.9   1.3   2:52.40 nts	1693198525374
4161409 toao      20   0   11.0g   1.7g 118348 R 876.5   1.3   2:59.19 nts	1693198526085
4161409 toao      20   0   11.0g   1.7g 118348 R 923.5   1.3   3:04.78 nts	1693198526785
4161409 toao      20   0   11.0g   1.7g 118348 R 944.4   1.3   3:11.18 nts	1693198527490
4161409 toao      20   0   11.0g   1.7g 118348 R 970.6   1.3   3:18.28 nts	1693198528197
4161409 toao      20   0   11.0g   1.7g 118348 R 916.7   1.4   3:25.50 nts	1693198528901
4161409 toao      20   0   11.0g   1.7g 118348 S 800.0   1.4   3:31.55 nts	1693198529609
4161409 toao      20   0   11.0g   2.4g 118348 R  1182   1.9   3:40.64 nts	1693198530316
4161409 toao      20   0   11.0g   2.5g 118348 R  1153   2.0   3:48.60 nts	1693198531025
4161409 toao      20   0   11.0g   2.5g 118348 R  1288   2.0   3:57.17 nts	1693198531734
4161409 toao      20   0   11.0g   2.5g 118348 R  1028   2.0   4:05.01 nts	1693198532441
4161409 toao      20   0   11.0g   2.5g 118348 R 905.9   2.0   4:12.53 nts	1693198533155
4161409 toao      20   0   11.0g   2.5g 118348 R  1000   2.0   4:19.95 nts	1693198533861
4161409 toao      20   0   11.0g   2.5g 118348 R  1147   2.0   4:27.09 nts	1693198534566
4161409 toao      20   0   11.0g   2.5g 118348 R  1153   2.0   4:35.12 nts	1693198535273
4161409 toao      20   0   11.0g   2.5g 118348 R  1218   2.0   4:42.77 nts	1693198535981
4161409 toao      20   0   15.1g   2.5g 118484 R 311.8   2.0   4:50.67 nts	1693198536685
4161409 toao      20   0   15.3g   2.5g 118484 R 188.9   2.0   4:53.05 nts	1693198537391
4161409 toao      20   0   15.3g   2.5g 118484 R 188.9   2.0   4:54.45 nts	1693198538100
4161409 toao      20   0   15.3g   2.5g 118484 R 194.1   2.0   4:55.84 nts	1693198538809
4161409 toao      20   0   15.3g   2.5g 118484 R 200.0   2.0   4:57.24 nts	1693198539518
4161409 toao      20   0   15.3g   2.5g 118484 R 200.0   2.0   4:58.64 nts	1693198540223
4161409 toao      20   0   15.3g   2.5g 118484 R 200.0   2.0   5:00.04 nts	1693198540933
4161409 toao      20   0   15.3g   2.5g 118484 R 200.0   2.0   5:01.42 nts	1693198541638
4161409 toao      20   0   15.3g   2.5g 118484 R 200.0   2.0   5:02.82 nts	1693198542339
4161409 toao      20   0   15.3g   2.6g 118484 R 212.5   2.0   5:04.21 nts	1693198543043
4161409 toao      20   0   15.3g   2.6g 118484 R 212.5   2.0   5:05.60 nts	1693198543743
4161409 toao      20   0   15.3g   2.6g 118484 R 212.5   2.1   5:06.99 nts	1693198544444
4161409 toao      20   0   15.3g   2.6g 118484 R 218.8   2.1   5:08.38 nts	1693198545143
4161409 toao      20   0   15.3g   2.6g 118484 S 205.9   2.1   5:09.77 nts	1693198545842
4161409 toao      20   0   15.3g   2.6g 118484 R 188.9   2.1   5:11.15 nts	1693198546541
4161409 toao      20   0   15.3g   2.6g 118484 R 194.1   2.1   5:12.54 nts	1693198547247
4161409 toao      20   0   15.3g   2.6g 118484 S 194.1   2.1   5:13.93 nts	1693198547946
4161409 toao      20   0   15.3g   2.6g 118484 R 194.1   2.1   5:15.32 nts	1693198548646
4161409 toao      20   0   15.3g   2.6g 118484 R 194.1   2.1   5:16.71 nts	1693198549347
4161409 toao      20   0   15.3g   2.7g 118484 R 194.1   2.1   5:18.10 nts	1693198550047
4161409 toao      20   0   15.3g   2.7g 118484 R 194.1   2.1   5:19.48 nts	1693198550747
4161409 toao      20   0   15.3g   2.7g 118484 R 200.0   2.1   5:20.88 nts	1693198551447
4161409 toao      20   0   15.3g   2.7g 118484 R 194.1   2.1   5:22.27 nts	1693198552147
4161409 toao      20   0   15.3g   2.7g 118484 R 200.0   2.2   5:23.67 nts	1693198552851
4161409 toao      20   0   15.5g   2.8g 118484 R 100.0   2.3   5:24.81 nts	1693198553555
4161409 toao      20   0   17.8g   3.0g 118484 R 882.4   2.4   5:28.31 nts	1693198554259
4161409 toao      20   0   17.8g   3.1g 118484 R 635.3   2.5   5:33.46 nts	1693198554959
4161409 toao      20   0   17.8g   3.2g 118484 R 429.4   2.6   5:37.28 nts	1693198555659
4161409 toao      20   0   17.8g   3.3g 118484 R 705.9   2.7   5:41.99 nts	1693198556366
4161409 toao      20   0   17.8g   3.4g 118484 R 770.6   2.7   5:46.51 nts	1693198557072
4161409 toao      20   0   17.8g   3.5g 118484 R 623.5   2.8   5:50.11 nts	1693198557775
4161409 toao      20   0   17.8g   3.6g 118484 R 747.1   2.9   5:54.62 nts	1693198558476
4161409 toao      20   0   17.8g   3.7g 118484 R 917.6   3.0   6:03.19 nts	1693198559179
4161409 toao      20   0   17.8g   3.8g 118484 R 782.4   3.0   6:07.67 nts	1693198559884
4161409 toao      20   0   17.8g   3.9g 118484 R 652.9   3.1   6:12.59 nts	1693198560587
4161409 toao      20   0   17.8g   4.1g 118484 R 731.2   3.2   6:17.98 nts	1693198561292
4161409 toao      20   0   17.8g   4.1g 118484 R 470.6   3.3   6:21.43 nts	1693198561997
4161409 toao      20   0   17.8g   4.3g 118484 R 676.5   3.4   6:26.28 nts	1693198562706
4161409 toao      20   0   17.8g   4.4g 118484 R 517.6   3.5   6:30.43 nts	1693198563413
4161409 toao      20   0   17.8g   4.5g 118484 R 723.5   3.6   6:35.21 nts	1693198564116
4161409 toao      20   0   17.8g   4.6g 118484 R 694.1   3.6   6:40.41 nts	1693198564822
4161409 toao      20   0   21.8g   4.6g 118484 R 100.0   3.7   6:42.79 nts	1693198565526
4161409 toao      20   0   22.1g   4.8g 118484 R 506.2   3.8   6:45.21 nts	1693198566233
4161409 toao      20   0   22.1g   4.8g 118484 R 105.9   3.8   6:45.93 nts	1693198566937
4161409 toao      20   0   22.1g   4.8g 118484 R  94.1   3.8   6:46.62 nts	1693198567645
4161409 toao      20   0   22.1g   4.8g 118484 R  88.9   3.8   6:47.33 nts	1693198568349
4161409 toao      20   0   22.1g   4.8g 118484 R 100.0   3.8   6:48.04 nts	1693198569058
4161409 toao      20   0   22.1g   4.8g 118484 R  88.9   3.8   6:48.75 nts	1693198569766
4161409 toao      20   0   22.1g   4.8g 118484 R 100.0   3.8   6:49.46 nts	1693198570476
4161409 toao      20   0   22.1g   4.8g 118484 R 100.0   3.8   6:50.16 nts	1693198571179
4161409 toao      20   0   22.1g   4.8g 118484 R 106.2   3.8   6:50.86 nts	1693198571883
4161409 toao      20   0   22.1g   4.8g 118484 R 106.2   3.8   6:51.56 nts	1693198572582
4161409 toao      20   0   22.1g   4.8g 118484 R 106.2   3.8   6:52.26 nts	1693198573282
4161409 toao      20   0   22.1g   4.8g 118484 R 106.2   3.8   6:52.96 nts	1693198573983
4161409 toao      20   0   22.1g   4.8g 118484 R 106.2   3.8   6:53.66 nts	1693198574683
4161409 toao      20   0   22.1g   4.8g 118484 R 100.0   3.8   6:54.36 nts	1693198575384
4161409 toao      20   0   22.1g   4.8g 118484 R 100.0   3.8   6:55.06 nts	1693198576086
4161409 toao      20   0   22.1g   4.8g 118484 R 100.0   3.8   6:55.76 nts	1693198576787
4161409 toao      20   0   22.1g   4.8g 118484 R 100.0   3.8   6:56.47 nts	1693198577491
4161409 toao      20   0   24.0g   5.0g 118484 R  94.1   4.0   6:57.17 nts	1693198578194
4161409 toao      20   0   24.0g   5.8g 118484 R 100.0   4.6   6:57.87 nts	1693198578895
4161409 toao      20   0   24.0g   5.8g 118484 R 100.0   4.7   6:58.57 nts	1693198579595
4161409 toao      20   0   24.0g   5.9g 118484 R 100.0   4.7   6:59.27 nts	1693198580295
4161409 toao      20   0   24.0g   5.9g 118484 R  94.1   4.7   6:59.97 nts	1693198580995
4161409 toao      20   0   24.0g   5.9g 118484 R 100.0   4.7   7:00.67 nts	1693198581695
4161409 toao      20   0   24.0g   5.9g 118484 R 100.0   4.7   7:01.37 nts	1693198582396
4161409 toao      20   0   24.0g   5.9g 118484 R 100.0   4.7   7:02.08 nts	1693198583098
4161409 toao      20   0   24.0g   5.9g 118484 R 100.0   4.7   7:02.78 nts	1693198583803
4161409 toao      20   0   24.0g   5.9g 118484 R  94.1   4.7   7:03.48 nts	1693198584506
4161409 toao      20   0   24.0g   5.9g 118484 R 105.9   4.7   7:04.19 nts	1693198585208
4161409 toao      20   0   24.0g   5.9g 118484 R 100.0   4.7   7:04.88 nts	1693198585910
4161409 toao      20   0   24.0g   5.9g 118484 R  94.1   4.7   7:05.58 nts	1693198586611
4161409 toao      20   0   24.0g   5.9g 118484 R 100.0   4.7   7:06.28 nts	1693198587311
4161409 toao      20   0   24.0g   5.9g 118484 R  94.1   4.7   7:06.98 nts	1693198588010
4161409 toao      20   0   24.0g   5.9g 118484 R 105.9   4.7   7:07.69 nts	1693198588711
4161409 toao      20   0   24.0g   5.9g 118484 R 100.0   4.7   7:08.39 nts	1693198589415
4161409 toao      20   0   24.0g   5.9g 118484 R  94.1   4.7   7:09.09 nts	1693198590118
4161409 toao      20   0   24.0g   5.9g 118484 R 100.0   4.7   7:09.79 nts	1693198590819
4161409 toao      20   0   24.0g   5.9g 118484 R 100.0   4.7   7:10.49 nts	1693198591519
4161409 toao      20   0   24.0g   5.9g 118484 R 105.9   4.7   7:11.20 nts	1693198592221
4161409 toao      20   0   24.0g   5.9g 118484 R 106.2   4.7   7:11.90 nts	1693198592923
4161409 toao      20   0   24.0g   5.9g 118484 R 106.2   4.7   7:12.59 nts	1693198593623
4161409 toao      20   0   24.0g   6.4g 118484 R 106.2   5.1   7:13.29 nts	1693198594324
4161409 toao      20   0   24.0g   6.5g 118484 R 106.2   5.2   7:13.99 nts	1693198595024
4161409 toao      20   0   24.0g   6.6g 118484 R 105.9   5.2   7:14.70 nts	1693198595724
4161409 toao      20   0   24.0g   6.6g 118484 R  94.1   5.3   7:15.39 nts	1693198596427
4161409 toao      20   0   24.0g   6.6g 118484 R 100.0   5.3   7:16.10 nts	1693198597127
4161409 toao      20   0   24.0g   6.6g 118484 R 100.0   5.3   7:16.80 nts	1693198597828
4161409 toao      20   0   24.0g   6.7g 118484 R 100.0   5.3   7:17.50 nts	1693198598531
4161409 toao      20   0   24.0g   6.7g 118484 R 100.0   5.3   7:18.20 nts	1693198599231
4161409 toao      20   0   24.0g   6.7g 118484 R 100.0   5.3   7:18.90 nts	1693198599930
4161409 toao      20   0   24.0g   6.7g 118484 R 106.2   5.3   7:19.60 nts	1693198600632
4161409 toao      20   0   24.0g   6.7g 118484 R 105.9   5.3   7:20.31 nts	1693198601330
4161409 toao      20   0   24.0g   6.7g 118484 R 100.0   5.3   7:21.00 nts	1693198602035
4161409 toao      20   0   24.0g   6.7g 118484 R  94.1   5.3   7:21.70 nts	1693198602734
4161409 toao      20   0   24.0g   6.7g 118484 R 100.0   5.3   7:22.41 nts	1693198603437
4161409 toao      20   0   24.0g   6.7g 118484 R 100.0   5.3   7:23.11 nts	1693198604138
4161409 toao      20   0   24.0g   6.7g 118484 R 100.0   5.3   7:23.81 nts	1693198604838
4161409 toao      20   0   24.0g   6.7g 118484 R 100.0   5.3   7:24.51 nts	1693198605538
4161409 toao      20   0   24.0g   6.7g 118484 R 105.9   5.3   7:25.21 nts	1693198606239
4161409 toao      20   0   24.0g   6.7g 118484 R 100.0   5.3   7:25.91 nts	1693198606941
4161409 toao      20   0   24.0g   6.7g 118484 R 106.2   5.3   7:26.61 nts	1693198607643
4161409 toao      20   0   24.0g   6.7g 118484 R 100.0   5.3   7:27.31 nts	1693198608344
4161409 toao      20   0   24.0g   6.7g 118484 R  94.1   5.3   7:28.01 nts	1693198609047
4161409 toao      20   0   24.0g   6.7g 118484 R 100.0   5.3   7:28.72 nts	1693198609746
4161409 toao      20   0   24.0g   6.7g 118484 R 100.0   5.3   7:29.42 nts	1693198610451
4161409 toao      20   0   24.0g   6.7g 118484 R 106.2   5.3   7:30.12 nts	1693198611154
4161409 toao      20   0   24.0g   6.7g 118484 R 100.0   5.3   7:30.82 nts	1693198611854
4161409 toao      20   0   24.0g   6.7g 118484 R 100.0   5.3   7:31.52 nts	1693198612558
4161409 toao      20   0   32.6g   6.8g 201308 R 835.3   5.4   7:33.48 nts	1693198613260
4161409 toao      20   0   33.7g   7.6g 319500 R 105.9   6.0   7:34.19 nts	1693198613956
4161409 toao      20   0   34.7g   8.4g 467692 R 100.0   6.7   7:34.89 nts	1693198614658
4161409 toao      20   0   37.1g   9.7g 532896 R  94.1   7.7   7:35.59 nts	1693198615359
4161409 toao      20   0   37.1g  10.7g 532896 R 112.5   8.5   7:36.30 nts	1693198616064
4161409 toao      20   0   37.1g  10.7g 532896 R 100.0   8.5   7:36.99 nts	1693198616763
4161409 toao      20   0   37.1g  10.7g 532896 R 106.2   8.5   7:37.69 nts	1693198617463
4161409 toao      20   0   37.1g  10.7g 532896 R 106.2   8.5   7:38.39 nts	1693198618163
4161409 toao      20   0   37.1g  10.7g 532896 R 112.5   8.5   7:39.10 nts	1693198618862
4161409 toao      20   0   67.5g  11.2g   1.1g R 100.0   8.9   7:39.79 nts	1693198619561
4161409 toao      20   0   67.5g  13.5g   3.3g R 100.0  10.7   7:40.49 nts	1693198620262
4161409 toao      20   0   67.5g  15.7g   5.6g R 100.0  12.5   7:41.20 nts	1693198620962
4161409 toao      20   0   67.5g  18.0g   7.9g R 100.0  14.3   7:41.90 nts	1693198621667
4161409 toao      20   0   67.5g  20.3g  10.2g R 100.0  16.2   7:42.60 nts	1693198622367
4161409 toao      20   0   67.5g  22.6g  12.4g R  94.1  18.0   7:43.30 nts	1693198623070
4161409 toao      20   0   67.5g  24.8g  14.7g R 100.0  19.8   7:44.00 nts	1693198623771
4161409 toao      20   0   67.5g  27.1g  17.0g R 100.0  21.6   7:44.70 nts	1693198624471
4161409 toao      20   0   67.5g  29.4g  19.2g R 100.0  23.4   7:45.41 nts	1693198625175
4161409 toao      20   0   67.5g  31.7g  21.5g R 100.0  25.2   7:46.11 nts	1693198625876
4161409 toao      20   0   67.5g  33.9g  23.8g R 100.0  27.0   7:46.81 nts	1693198626578
4161409 toao      20   0   67.5g  36.2g  26.1g R  94.1  28.8   7:47.51 nts	1693198627279
4161409 toao      20   0   67.5g  38.5g  28.3g R 100.0  30.7   7:48.21 nts	1693198627979
4161409 toao      20   0   67.5g  40.7g  30.6g R 100.0  32.5   7:48.91 nts	1693198628679
4161409 toao      20   0   67.5g  41.0g  30.9g R 100.0  32.7   7:49.60 nts	1693198629379
4161409 toao      20   0   67.5g  41.0g  30.9g R  94.1  32.7   7:50.30 nts	1693198630084
4161409 toao      20   0   67.6g  41.1g  30.9g R  88.9  32.7   7:51.01 nts	1693198630790
4161409 toao      20   0   67.6g  41.1g  30.9g R  94.1  32.7   7:51.71 nts	1693198631496
4161409 toao      20   0   67.6g  41.1g  30.9g R 100.0  32.7   7:52.41 nts	1693198632196
4161409 toao      20   0   67.6g  41.1g  30.9g R  94.1  32.7   7:53.11 nts	1693198632898
4161409 toao      20   0   67.6g  41.1g  30.9g R 100.0  32.7   7:53.82 nts	1693198633598
4161409 toao      20   0   67.6g  41.1g  30.9g R 100.0  32.7   7:54.52 nts	1693198634304
4161409 toao      20   0   67.6g  41.1g  30.9g R 100.0  32.7   7:55.22 nts	1693198635006
4161409 toao      20   0   67.6g  41.1g  30.9g R 100.0  32.7   7:55.92 nts	1693198635707
4161409 toao      20   0   67.6g  41.1g  30.9g R 100.0  32.7   7:56.62 nts	1693198636407
4161409 toao      20   0   67.6g  41.1g  30.9g R 100.0  32.7   7:57.32 nts	1693198637106
4161409 toao      20   0   67.6g  41.1g  30.9g R  94.1  32.7   7:58.02 nts	1693198637807
4161409 toao      20   0   67.6g  41.1g  30.9g R 100.0  32.7   7:58.73 nts	1693198638507
4161409 toao      20   0   67.6g  41.1g  30.9g R 100.0  32.8   7:59.43 nts	1693198639211
4161409 toao      20   0   67.6g  41.1g  30.9g R 100.0  32.8   8:00.13 nts	1693198639914
4161409 toao      20   0   67.6g  41.1g  30.9g R 105.9  32.8   8:00.84 nts	1693198640615
4161409 toao      20   0   67.6g  41.1g  30.9g R 100.0  32.8   8:01.54 nts	1693198641318
4161409 toao      20   0   67.6g  41.1g  30.9g R 100.0  32.8   8:02.25 nts	1693198642022
4161409 toao      20   0   67.6g  41.1g  30.9g R 100.0  32.8   8:02.95 nts	1693198642727
4161409 toao      20   0   67.6g  41.1g  30.9g R 100.0  32.8   8:03.65 nts	1693198643430
4161409 toao      20   0   67.6g  41.1g  30.9g R 100.0  32.8   8:04.35 nts	1693198644130
4161409 toao      20   0   67.6g  41.1g  30.9g R  94.1  32.8   8:05.05 nts	1693198644835
4161409 toao      20   0   67.6g  41.1g  30.9g R  94.1  32.8   8:05.75 nts	1693198645535
4161409 toao      20   0   67.6g  41.1g  30.9g R 100.0  32.8   8:06.46 nts	1693198646236
4161409 toao      20   0   67.6g  41.1g  30.9g R 100.0  32.8   8:07.16 nts	1693198646939
4161409 toao      20   0   67.6g  41.1g  30.9g R 100.0  32.8   8:07.86 nts	1693198647641
4161409 toao      20   0   67.6g  41.1g  30.9g R 105.9  32.8   8:08.57 nts	1693198648341
4161409 toao      20   0   67.6g  41.1g  30.9g R 100.0  32.8   8:09.27 nts	1693198649042
4161409 toao      20   0   67.6g  41.1g  30.9g R 100.0  32.8   8:09.97 nts	1693198649745
4161409 toao      20   0   67.6g  41.1g  30.9g R 100.0  32.8   8:10.67 nts	1693198650449
4161409 toao      20   0   67.6g  41.1g  30.9g R 100.0  32.8   8:11.37 nts	1693198651150
4161409 toao      20   0   67.6g  41.1g  30.9g R 100.0  32.8   8:12.08 nts	1693198651851
4161409 toao      20   0   67.6g  41.1g  30.9g R 100.0  32.8   8:12.77 nts	1693198652554
4161409 toao      20   0   67.6g  41.1g  30.9g R 100.0  32.8   8:13.48 nts	1693198653253
4161409 toao      20   0   67.6g  41.1g  30.9g R 105.9  32.8   8:14.19 nts	1693198653959
4161409 toao      20   0   67.6g  41.1g  30.9g R 100.0  32.8   8:14.89 nts	1693198654663
4161409 toao      20   0   67.6g  41.1g  30.9g R 105.9  32.8   8:15.60 nts	1693198655365
4161409 toao      20   0   67.6g  41.1g  30.9g R 105.9  32.8   8:16.30 nts	1693198656070
4161409 toao      20   0   67.6g  41.1g  30.9g R 105.9  32.8   8:17.00 nts	1693198656771
4161409 toao      20   0   67.6g  41.1g  30.9g R 100.0  32.8   8:17.70 nts	1693198657475
4161409 toao      20   0   67.6g  41.1g  30.9g R 112.5  32.8   8:18.40 nts	1693198658175
4161409 toao      20   0   67.6g  41.1g  30.9g R 100.0  32.8   8:19.10 nts	1693198658874
4161409 toao      20   0   67.6g  41.1g  30.9g R 100.0  32.8   8:19.80 nts	1693198659575
4161409 toao      20   0   67.6g  41.2g  30.9g R 100.0  32.8   8:20.50 nts	1693198660274
4161409 toao      20   0   67.6g  41.2g  30.9g R 100.0  32.8   8:21.20 nts	1693198660976
4161409 toao      20   0   67.6g  41.2g  30.9g R 106.2  32.8   8:21.90 nts	1693198661674
4161409 toao      20   0   67.6g  41.2g  30.9g R 105.9  32.8   8:22.61 nts	1693198662375
4161409 toao      20   0   67.6g  41.2g  30.9g R 100.0  32.8   8:23.31 nts	1693198663079
4161409 toao      20   0   67.6g  41.2g  30.9g R 106.2  32.8   8:24.01 nts	1693198663783
4161409 toao      20   0   67.6g  41.2g  30.9g R 100.0  32.8   8:24.71 nts	1693198664484
4161409 toao      20   0   67.6g  41.2g  30.9g R 100.0  32.8   8:25.42 nts	1693198665186
4161409 toao      20   0   67.6g  41.2g  30.9g R 100.0  32.8   8:26.12 nts	1693198665891
4161409 toao      20   0   67.6g  41.2g  30.9g R 100.0  32.8   8:26.82 nts	1693198666590
4161409 toao      20   0   67.6g  41.2g  30.9g R 100.0  32.8   8:27.52 nts	1693198667291
4161409 toao      20   0   67.6g  41.2g  30.9g R 100.0  32.8   8:28.22 nts	1693198667991
4161409 toao      20   0   67.6g  41.2g  30.9g R 100.0  32.8   8:28.91 nts	1693198668691
4161409 toao      20   0   67.6g  41.2g  30.9g R 105.9  32.8   8:29.62 nts	1693198669390
4161409 toao      20   0   67.6g  41.2g  30.9g R 100.0  32.8   8:30.32 nts	1693198670095
4161409 toao      20   0   67.6g  41.2g  30.9g R 100.0  32.8   8:31.02 nts	1693198670795
4161409 toao      20   0   67.6g  41.2g  30.9g R 423.5  32.9   8:32.24 nts	1693198671496
4161409 toao      20   0   67.7g  41.3g  30.9g R 100.0  32.9   8:32.96 nts	1693198672201
4161409 toao      20   0   67.7g  41.3g  30.9g R  94.1  32.9   8:33.65 nts	1693198672910
4161409 toao      20   0   68.1g  41.5g  30.9g R  3141  33.1   8:40.50 nts	1693198673618
4161409 toao      20   0   68.0g  41.4g  30.9g R 100.0  33.0   8:48.52 nts	1693198674324
4161409 toao      20   0   68.0g  41.4g  30.9g R 100.0  33.0   9:01.76 nts	1693198675033
4161409 toao      20   0   68.0g  41.4g  30.9g R 270.6  33.0   9:14.51 nts	1693198675738
4161409 toao      20   0   68.0g  41.4g  30.9g R 505.9  33.0   9:27.43 nts	1693198676443
4161409 toao      20   0   68.0g  41.4g  30.9g R 100.0  33.0   9:40.34 nts	1693198677147
4161409 toao      20   0   68.0g  41.4g  30.9g R 106.2  33.0   9:53.15 nts	1693198677852
4161409 toao      20   0   68.0g  41.4g  30.9g R  94.1  33.0  10:05.94 nts	1693198678551
4161409 toao      20   0   68.1g  41.4g  30.9g R 305.9  33.0  10:18.65 nts	1693198679251
4161409 toao      20   0   68.1g  41.4g  30.9g R 105.9  33.0  10:31.36 nts	1693198679951
4161409 toao      20   0   68.1g  41.4g  30.9g R 570.6  33.0  10:45.16 nts	1693198680651
4161409 toao      20   0   68.1g  41.5g  30.9g R  1553  33.0  10:59.66 nts	1693198681355
4161409 toao      20   0   68.1g  41.5g  30.9g R  2559  33.1  11:14.06 nts	1693198682055
4161409 toao      20   0   68.1g  41.5g  30.9g R  2288  33.1  11:26.42 nts	1693198682757
4161409 toao      20   0   68.1g  41.5g  30.9g R  1465  33.0  11:38.27 nts	1693198683461
4161409 toao      20   0   68.1g  41.5g  30.9g R  1135  33.0  11:50.82 nts	1693198684166
4161409 toao      20   0   68.1g  41.5g  30.9g R  2135  33.1  12:05.48 nts	1693198684866
4161409 toao      20   0   68.1g  41.5g  30.9g R  3118  33.1  12:20.02 nts	1693198685571
4161409 toao      20   0   68.1g  41.5g  30.9g R  1631  33.0  12:30.23 nts	1693198686272
4161409 toao      20   0   68.1g  41.5g  30.9g R  2435  33.1  12:44.75 nts	1693198686975
4161409 toao      20   0   68.1g  41.5g  30.9g R  3453  33.1  12:59.19 nts	1693198687676
4161409 toao      20   0   68.1g  41.5g  30.9g R  4041  33.1  13:13.50 nts	1693198688378
4161409 toao      20   0   68.1g  41.5g  30.9g R  3947  33.1  13:28.03 nts	1693198689083
4161409 toao      20   0   68.1g  41.5g  30.9g R  4531  33.1  13:42.56 nts	1693198689784
4161409 toao      20   0   67.9g  41.3g  30.9g R  3029  32.9  13:55.45 nts	1693198690496
4161409 toao      20   0   67.9g  41.4g  30.9g R  2382  33.0  14:08.45 nts	1693198691196
4161409 toao      20   0   67.9g  41.3g  30.9g R  2588  33.0  14:21.46 nts	1693198691896
4161409 toao      20   0   67.9g  41.4g  30.9g R  1788  33.0  14:34.26 nts	1693198692596
4161409 toao      20   0   68.0g  41.4g  30.9g R 988.2  33.0  14:47.46 nts	1693198693298
4161409 toao      20   0   68.0g  41.4g  30.9g R 488.2  33.0  14:59.69 nts	1693198693999
4161409 toao      20   0   68.0g  41.4g  30.9g R 482.4  33.0  15:11.67 nts	1693198694700
4161409 toao      20   0   68.0g  41.4g  30.9g R 482.4  33.0  15:23.93 nts	1693198695399
4161409 toao      20   0   68.0g  41.4g  30.9g R 100.0  33.0  15:36.08 nts	1693198696100
4161409 toao      20   0   68.0g  41.4g  30.9g R 100.0  33.0  15:47.86 nts	1693198696800
4161409 toao      20   0   68.1g  41.5g  30.9g R 800.0  33.0  16:01.32 nts	1693198697499
4161409 toao      20   0   68.1g  41.5g  30.9g R  1419  33.0  16:14.10 nts	1693198698203
4161409 toao      20   0   68.1g  41.5g  30.9g R  3056  33.1  16:28.54 nts	1693198698903
4161409 toao      20   0   68.1g  41.5g  30.9g R  4035  33.1  16:42.49 nts	1693198699603
4161409 toao      20   0   68.1g  41.5g  30.9g R  4041  33.1  16:56.75 nts	1693198700306
4161409 toao      20   0   67.9g  41.3g  30.9g R  2839  32.9  17:09.78 nts	1693198701011
4161409 toao      20   0   67.9g  41.3g  30.9g R  2847  32.9  17:21.91 nts	1693198701718
4161409 toao      20   0   67.9g  41.4g  30.9g S  1676  33.0  17:34.16 nts	1693198702423
4161409 toao      20   0   68.0g  41.4g  30.9g R 470.6  33.0  17:46.32 nts	1693198703124
4161409 toao      20   0   68.0g  41.4g  30.9g R 470.6  33.0  17:58.09 nts	1693198703831
4161409 toao      20   0   68.0g  41.4g  30.9g R 482.4  33.0  18:10.39 nts	1693198704531
4161409 toao      20   0   68.0g  41.4g  30.9g R 512.5  33.0  18:22.23 nts	1693198705232
4161409 toao      20   0   68.0g  41.4g  30.9g R 252.9  33.0  18:34.24 nts	1693198705935
4161409 toao      20   0   68.0g  41.4g  30.9g R  94.1  33.0  18:46.05 nts	1693198706637
4161409 toao      20   0   68.0g  41.4g  30.9g R 100.0  33.0  18:58.33 nts	1693198707336
4161409 toao      20   0   68.0g  41.4g  30.9g R 100.0  33.0  19:10.27 nts	1693198708035
4161409 toao      20   0   68.1g  41.5g  30.9g R  1294  33.0  19:24.36 nts	1693198708739
4161409 toao      20   0   68.1g  41.5g  30.9g R  2194  33.1  19:37.73 nts	1693198709439
4161409 toao      20   0   68.1g  41.5g  30.9g R  3465  33.1  19:52.00 nts	1693198710139
4161409 toao      20   0   68.1g  41.5g  30.9g R  1935  33.0  20:01.38 nts	1693198710839
4161409 toao      20   0   68.1g  41.5g  30.9g R  2512  33.1  20:14.46 nts	1693198711540
4161409 toao      20   0   68.1g  41.5g  30.9g R  2888  33.1  20:27.35 nts	1693198712242
4161409 toao      20   0   68.1g  41.5g  30.9g R  2235  33.1  20:38.41 nts	1693198712947
4161409 toao      20   0   68.1g  41.5g  30.9g R  3259  33.1  20:52.58 nts	1693198713651
4161409 toao      20   0   68.1g  41.5g  30.9g R  3959  33.1  21:06.90 nts	1693198714350
4161409 toao      20   0   68.1g  41.5g  30.9g R  4041  33.1  21:21.06 nts	1693198715050
4161409 toao      20   0   68.1g  41.5g  30.9g R  4041  33.1  21:32.84 nts	1693198715756
4161409 toao      20   0   67.9g  41.3g  30.9g R  3371  32.9  21:46.28 nts	1693198716459
4161409 toao      20   0   67.9g  41.4g  30.9g R  2256  33.0  21:58.46 nts	1693198717159
4161409 toao      20   0   67.9g  41.4g  30.9g R  2147  33.0  22:10.73 nts	1693198717866
4161409 toao      20   0   68.0g  41.4g  30.9g R 750.0  33.0  22:23.21 nts	1693198718567
4161409 toao      20   0   68.0g  41.4g  30.9g R 488.2  33.0  22:35.46 nts	1693198719281
4161409 toao      20   0   68.0g  41.4g  30.9g R 512.5  33.0  22:47.42 nts	1693198719984
4161409 toao      20   0   68.0g  41.4g  30.9g R 487.5  33.0  22:58.99 nts	1693198720682
4161409 toao      20   0   68.0g  41.4g  30.9g R 100.0  33.0  23:10.62 nts	1693198721384
4161409 toao      20   0   68.1g  41.5g  30.9g R 917.6  33.0  23:23.90 nts	1693198722087
4161409 toao      20   0   68.1g  41.5g  30.9g R  2962  33.1  23:38.61 nts	1693198722793
4161409 toao      20   0   68.1g  41.5g  30.9g R  3806  33.1  23:51.51 nts	1693198723498
4161409 toao      20   0   68.0g  41.4g  30.9g R  4024  33.0  24:05.97 nts	1693198724198
4161409 toao      20   0   67.9g  41.4g  30.9g R  2253  33.0  24:17.54 nts	1693198724906
4161409 toao      20   0   68.0g  41.4g  30.9g R 576.5  33.0  24:29.21 nts	1693198725606
4161409 toao      20   0   68.0g  41.4g  30.9g R 458.8  33.0  24:40.21 nts	1693198726311
4161409 toao      20   0   68.0g  41.4g  30.9g R 543.8  33.0  24:51.90 nts	1693198727013
4161409 toao      20   0   68.0g  41.4g  30.9g R 100.0  33.0  25:03.06 nts	1693198727711
4161409 toao      20   0   68.1g  41.5g  30.9g R  1247  33.0  25:16.15 nts	1693198728411
4161409 toao      20   0   68.1g  41.5g  30.9g R  3047  33.1  25:30.43 nts	1693198729111
4161409 toao      20   0   68.1g  41.5g  30.9g R  3941  33.1  25:44.63 nts	1693198729811
4161409 toao      20   0   67.9g  41.3g  30.9g R  2947  32.9  25:57.33 nts	1693198730511
4161409 toao      20   0   67.9g  41.4g  30.9g S  1656  33.0  26:09.12 nts	1693198731212
4161409 toao      20   0   68.0g  41.4g  30.9g R  1144  33.0  26:20.59 nts	1693198731914
4161409 toao      20   0   68.0g  41.4g  30.9g R 493.8  33.0  26:31.78 nts	1693198732615
4161409 toao      20   0   68.0g  41.4g  30.9g R 276.5  33.0  26:43.20 nts	1693198733314
4161409 toao      20   0   68.0g  41.4g  30.9g R 106.2  33.0  26:54.15 nts	1693198734015
4161409 toao      20   0   68.1g  41.4g  30.9g R 318.8  33.0  27:05.96 nts	1693198734715
4161409 toao      20   0   68.1g  41.5g  30.9g R  1776  33.1  27:19.96 nts	1693198735414
4161409 toao      20   0   68.1g  41.5g  30.9g R  3988  33.1  27:34.32 nts	1693198736115
4161409 toao      20   0   68.1g  41.5g  30.9g R  4294  33.1  27:48.27 nts	1693198736814
4161409 toao      20   0   67.9g  41.3g  30.9g R  3582  32.9  28:01.04 nts	1693198737518
4161409 toao      20   0   67.9g  41.3g  30.9g R  3212  32.9  28:12.32 nts	1693198738216
4161409 toao      20   0   67.9g  41.4g  30.9g R  1653  33.0  28:23.79 nts	1693198738916
4161409 toao      20   0   68.0g  41.4g  30.9g R 964.7  33.0  28:35.68 nts	1693198739618
4161409 toao      20   0   68.0g  41.4g  30.9g R 487.5  33.0  28:46.85 nts	1693198740323
4161409 toao      20   0   68.0g  41.4g  30.9g R 458.8  33.0  28:58.21 nts	1693198741023
4161409 toao      20   0   68.0g  41.4g  30.9g R 105.9  33.0  29:09.60 nts	1693198741724
4161409 toao      20   0   68.1g  41.4g  30.9g R 241.2  33.0  29:21.11 nts	1693198742428
4161409 toao      20   0   68.0g  41.4g  30.9g R  94.1  33.0  29:32.16 nts	1693198743131
4161409 toao      20   0   68.1g  41.5g  30.9g R  1582  33.0  29:46.07 nts	1693198743828
4161409 toao      20   0   68.1g  41.5g  30.9g R  2729  33.1  29:59.09 nts	1693198744531
4161409 toao      20   0   68.1g  41.5g  30.9g R  3994  33.1  30:12.66 nts	1693198745231
4161409 toao      20   0   68.0g  41.4g  30.9g R  3941  33.0  30:26.73 nts	1693198745931
4161409 toao      20   0   67.9g  41.4g  30.9g R  2135  33.0  30:38.45 nts	1693198746632
4161409 toao      20   0   68.0g  41.4g  30.9g R 625.0  33.0  30:50.15 nts	1693198747341
4161409 toao      20   0   68.0g  41.4g  30.9g R 447.1  33.0  31:01.44 nts	1693198748048
4161409 toao      20   0   68.0g  41.4g  30.9g R  94.1  33.0  31:12.49 nts	1693198748747
4161409 toao      20   0   68.0g  41.4g  30.9g R 105.9  33.0  31:23.87 nts	1693198749451
4161409 toao      20   0   68.1g  41.5g  30.9g R  1435  33.0  31:37.44 nts	1693198750155
4161409 toao      20   0   68.1g  41.5g  30.9g R  3218  33.1  31:51.69 nts	1693198750859
4161409 toao      20   0   68.1g  41.5g  30.9g R  3947  33.1  32:04.41 nts	1693198751560
4161409 toao      20   0   68.1g  41.5g  30.9g R  3953  33.1  32:16.74 nts	1693198752259
4161409 toao      20   0   68.1g  41.5g  30.9g R  3959  33.1  32:28.78 nts	1693198752960
4161409 toao      20   0   67.9g  41.3g  30.9g R  3712  32.9  32:42.51 nts	1693198753658
4161409 toao      20   0   67.9g  41.4g  30.9g R  1712  33.0  32:53.49 nts	1693198754359
4161409 toao      20   0   68.0g  41.4g  30.9g R 452.9  33.0  33:05.11 nts	1693198755060
4161409 toao      20   0   68.0g  41.4g  30.9g R 500.0  33.0  33:16.59 nts	1693198755762
4161409 toao      20   0   68.0g  41.4g  30.9g R 500.0  33.0  33:27.94 nts	1693198756463
4161409 toao      20   0   68.0g  41.4g  30.9g R 475.0  33.0  33:39.35 nts	1693198757164
4161409 toao      20   0   68.0g  41.4g  30.9g R 437.5  33.0  33:50.89 nts	1693198757863
4161409 toao      20   0   68.0g  41.4g  30.9g R 243.8  33.0  34:02.12 nts	1693198758563
4161409 toao      20   0   68.0g  41.4g  30.9g R 106.2  33.0  34:13.26 nts	1693198759263
4161409 toao      20   0   68.1g  41.5g  30.9g R 762.5  33.0  34:25.46 nts	1693198759964
4161409 toao      20   0   68.1g  41.5g  30.9g R  2788  33.1  34:39.87 nts	1693198760664
4161409 toao      20   0   68.1g  41.5g  30.9g R  4106  33.1  34:52.84 nts	1693198761364
4161409 toao      20   0   68.1g  41.5g  30.9g R  4200  33.1  35:05.87 nts	1693198762062
4161409 toao      20   0   67.9g  41.3g  30.9g R  3244  32.9  35:18.70 nts	1693198762763
4161409 toao      20   0   68.0g  41.4g  30.9g R  1265  33.0  35:30.20 nts	1693198763464
4161409 toao      20   0   68.0g  41.4g  30.9g R 447.1  33.0  35:41.22 nts	1693198764167
4161409 toao      20   0   68.0g  41.4g  30.9g R 229.4  33.0  35:52.51 nts	1693198764871
4161409 toao      20   0   68.0g  41.4g  30.9g R  94.1  33.0  36:04.02 nts	1693198765570
4161409 toao      20   0   68.1g  41.5g  30.9g R  1512  33.0  36:17.82 nts	1693198766270
4161409 toao      20   0   68.1g  41.5g  30.9g R  3224  33.1  36:31.99 nts	1693198766971
4161409 toao      20   0   68.1g  41.5g  30.9g R  3947  33.1  36:44.98 nts	1693198767670
4161409 toao      20   0   68.0g  41.4g  30.9g R  3847  33.0  36:59.04 nts	1693198768371
4161409 toao      20   0   67.9g  41.4g  30.9g R  1882  33.0  37:10.36 nts	1693198769072
4161409 toao      20   0   68.0g  41.4g  30.9g R 594.1  33.0  37:22.35 nts	1693198769783
4161409 toao      20   0   68.0g  41.4g  30.9g R 452.9  33.0  37:33.55 nts	1693198770487
4161409 toao      20   0   68.0g  41.4g  30.9g R 158.8  33.0  37:44.68 nts	1693198771186
4161409 toao      20   0   68.0g  41.4g  30.9g R 100.0  33.0  37:56.21 nts	1693198771887
4161409 toao      20   0   68.0g  41.4g  30.9g R 100.0  33.0  38:07.58 nts	1693198772587
4161409 toao      20   0   68.0g  41.4g  30.9g R 100.0  33.0  38:19.21 nts	1693198773286
4161409 toao      20   0   68.1g  41.5g  30.9g R  1812  33.1  38:33.30 nts	1693198773988
4161409 toao      20   0   68.1g  41.5g  30.9g R  3082  33.1  38:46.79 nts	1693198774690
4161409 toao      20   0   68.1g  41.5g  30.9g R  3841  33.1  38:59.62 nts	1693198775392
4161409 toao      20   0   68.0g  41.4g  30.9g R  3953  33.0  39:14.03 nts	1693198776095
4161409 toao      20   0   67.9g  41.3g  30.9g R  2776  32.9  39:25.73 nts	1693198776799
4161409 toao      20   0   68.0g  41.4g  30.9g R  1165  33.0  39:37.51 nts	1693198777503
4161409 toao      20   0   68.0g  41.4g  30.9g R 458.8  33.0  39:48.66 nts	1693198778204
4161409 toao      20   0   68.0g  41.4g  30.9g R 105.9  33.0  39:59.94 nts	1693198778907
4161409 toao      20   0   68.1g  41.4g  30.9g R 447.1  33.0  40:11.86 nts	1693198779611
4161409 toao      20   0   68.1g  41.5g  30.9g R  2276  33.1  40:26.38 nts	1693198780314
4161409 toao      20   0   68.1g  41.5g  30.9g R  4200  33.1  40:40.71 nts	1693198781024
4161409 toao      20   0   68.1g  41.5g  30.9g R  4200  33.1  40:53.07 nts	1693198781724
4161409 toao      20   0   67.9g  41.3g  30.9g R  3965  32.9  41:06.44 nts	1693198782423
4161409 toao      20   0   67.9g  41.3g  30.9g R  3325  32.9  41:17.95 nts	1693198783142
4161409 toao      20   0   68.0g  41.4g  30.9g R  1706  33.0  41:29.57 nts	1693198783843
4161409 toao      20   0   68.0g  41.4g  30.9g R 447.1  33.0  41:40.94 nts	1693198784544
4161409 toao      20   0   68.0g  41.4g  30.9g R 423.5  33.0  41:52.18 nts	1693198785246
4161409 toao      20   0   68.0g  41.4g  30.9g R 100.0  33.0  42:03.38 nts	1693198785948
4161409 toao      20   0   68.1g  41.4g  30.9g R 170.6  33.0  42:14.79 nts	1693198786650
4161409 toao      20   0   68.1g  41.5g  30.9g R 882.4  33.0  42:27.42 nts	1693198787351
4161409 toao      20   0   68.1g  41.5g  30.9g R  2076  33.1  42:40.83 nts	1693198788055
4161409 toao      20   0   68.1g  41.5g  30.9g R  3965  33.1  42:55.37 nts	1693198788755
4161409 toao      20   0   68.1g  41.5g  30.9g R  4035  33.1  43:06.68 nts	1693198789459
4161409 toao      20   0   68.1g  41.5g  30.9g R  4194  33.1  43:19.15 nts	1693198790162
4161409 toao      20   0   68.1g  41.5g  30.9g R  4306  33.1  43:31.97 nts	1693198790864
4161409 toao      20   0   67.9g  41.3g  30.9g R  2900  32.9  43:44.48 nts	1693198791565
4161409 toao      20   0   67.9g  41.4g  30.9g R  1706  33.0  43:55.87 nts	1693198792266
4161409 toao      20   0   67.9g  41.4g  30.9g S  1241  33.0  44:07.59 nts	1693198792964
4161409 toao      20   0   67.9g  41.4g  30.9g S  1388  33.0  44:19.03 nts	1693198793666
4161409 toao      20   0   68.0g  41.4g  30.9g R 470.6  33.0  44:30.73 nts	1693198794369
4161409 toao      20   0   68.0g  41.4g  30.9g R 462.5  33.0  44:41.69 nts	1693198795072
4161409 toao      20   0   68.0g  41.4g  30.9g R 106.2  33.0  44:52.88 nts	1693198795772
4161409 toao      20   0   68.0g  41.4g  30.9g R 182.4  33.0  45:04.45 nts	1693198796475
4161409 toao      20   0   68.0g  41.4g  30.9g R 100.0  33.0  45:16.05 nts	1693198797178
4161409 toao      20   0   68.1g  41.5g  30.9g R 635.3  33.0  45:28.36 nts	1693198797880
4161409 toao      20   0   68.1g  41.5g  30.9g R  1424  33.0  45:40.88 nts	1693198798580
4161409 toao      20   0   68.1g  41.5g  30.9g R  1789  33.1  45:52.90 nts	1693198799281
4161409 toao      20   0   68.1g  41.5g  30.9g R  3318  33.1  46:06.68 nts	1693198799981
4161409 toao      20   0   68.1g  41.5g  30.9g R  4194  33.1  46:20.39 nts	1693198800684
4161409 toao      20   0   68.1g  41.5g  30.9g R  4141  33.1  46:33.09 nts	1693198801383
4161409 toao      20   0   67.9g  41.3g  30.9g R  3131  32.9  46:45.07 nts	1693198802093
4161409 toao      20   0   68.0g  41.4g  30.9g R  1194  33.0  46:56.49 nts	1693198802795
4161409 toao      20   0   68.0g  41.4g  30.9g R 452.9  33.0  47:07.66 nts	1693198803499
4161409 toao      20   0   68.0g  41.4g  30.9g R 458.8  33.0  47:19.19 nts	1693198804203
4161409 toao      20   0   68.0g  41.4g  30.9g R 100.0  33.0  47:30.51 nts	1693198804906
4161409 toao      20   0   68.0g  41.4g  30.9g R 100.0  33.0  47:41.74 nts	1693198805605
4161409 toao      20   0   68.0g  41.4g  30.9g R 100.0  33.0  47:53.14 nts	1693198806309
4161409 toao      20   0   68.1g  41.4g  30.9g R 223.5  33.0  48:04.33 nts	1693198807017
4161409 toao      20   0   68.1g  41.5g  30.9g R  2400  33.1  48:18.67 nts	1693198807722
4161409 toao      20   0   68.1g  41.5g  30.9g R  3694  33.1  48:31.71 nts	1693198808423
4161409 toao      20   0   68.1g  41.5g  30.9g R  4300  33.1  48:46.09 nts	1693198809123
4161409 toao      20   0   67.9g  41.4g  30.9g R  2412  33.0  48:57.92 nts	1693198809826
4161409 toao      20   0   67.9g  41.3g  30.9g R  3682  32.9  49:09.26 nts	1693198810528
4161409 toao      20   0   67.9g  41.4g  30.9g R  2394  33.0  49:20.62 nts	1693198811232
4161409 toao      20   0   67.9g  41.4g  30.9g S  1676  33.0  49:32.13 nts	1693198811935
4161409 toao      20   0   68.0g  41.4g  30.9g R 458.8  33.0  49:43.33 nts	1693198812638
4161409 toao      20   0   68.0g  41.4g  30.9g R 493.8  33.0  49:54.54 nts	1693198813343
4161409 toao      20   0   68.0g  41.4g  30.9g R 429.4  33.0  50:05.54 nts	1693198814044
4161409 toao      20   0   68.0g  41.4g  30.9g R 100.0  33.0  50:17.04 nts	1693198814745
4161409 toao      20   0   68.0g  41.4g  30.9g R 100.0  33.0  50:28.44 nts	1693198815448
4161409 toao      20   0   68.1g  41.5g  30.9g R  1312  33.0  50:42.04 nts	1693198816151
4161409 toao      20   0   68.1g  41.5g  30.9g R  3206  33.1  50:56.29 nts	1693198816851
4161409 toao      20   0   68.1g  41.5g  30.9g R  2918  33.1  51:06.73 nts	1693198817550
4161409 toao      20   0   68.1g  41.5g  30.9g R  4041  33.1  51:21.29 nts	1693198818256
4161409 toao      20   0   67.9g  41.3g  30.9g R  2718  32.9  51:33.51 nts	1693198818959
4161409 toao      20   0   67.9g  41.4g  30.9g R  1853  33.0  51:44.90 nts	1693198819658
4161409 toao      20   0   68.0g  41.4g  30.9g R 541.2  33.0  51:56.86 nts	1693198820361
4161409 toao      20   0   68.0g  41.4g  30.9g R 494.1  33.0  52:08.28 nts	1693198821060
4161409 toao      20   0   68.0g  41.4g  30.9g R 447.1  33.0  52:19.33 nts	1693198821763
4161409 toao      20   0   68.0g  41.4g  30.9g R 264.7  33.0  52:30.60 nts	1693198822467
4161409 toao      20   0   68.0g  41.4g  30.9g R 105.9  33.0  52:41.86 nts	1693198823167
4161409 toao      20   0   68.1g  41.5g  30.9g R  1665  33.1  52:55.41 nts	1693198823870
4161409 toao      20   0   68.1g  41.5g  30.9g R  2494  33.1  53:08.05 nts	1693198824571
4161409 toao      20   0   68.1g  41.5g  30.9g R  4047  33.1  53:22.32 nts	1693198825270
4161409 toao      20   0   68.1g  41.5g  30.9g R  4135  33.1  53:34.80 nts	1693198825973
4161409 toao      20   0   67.9g  41.3g  30.9g R  3394  32.9  53:47.51 nts	1693198826685
4161409 toao      20   0   67.9g  41.4g  30.9g S  1506  33.0  53:58.75 nts	1693198827391
4161409 toao      20   0   68.0g  41.4g  30.9g R  1056  33.0  54:10.37 nts	1693198828091
4161409 toao      20   0   68.0g  41.4g  30.9g R 452.9  33.0  54:21.82 nts	1693198828796
4161409 toao      20   0   68.0g  41.4g  30.9g R 311.8  33.0  54:32.83 nts	1693198829499
4161409 toao      20   0   68.0g  41.4g  30.9g R 270.6  33.0  54:44.20 nts	1693198830200
4161409 toao      20   0   68.0g  41.4g  30.9g R 247.1  33.0  54:55.57 nts	1693198830903
4161409 toao      20   0   68.0g  41.4g  30.9g R 100.0  33.0  55:07.18 nts	1693198831607
4161409 toao      20   0   68.0g  41.4g  30.9g R  94.1  33.0  55:18.10 nts	1693198832311
4161409 toao      20   0   68.1g  41.5g  30.9g R 629.4  33.0  55:30.32 nts	1693198833011
4161409 toao      20   0   68.1g  41.5g  30.9g R  2459  33.1  55:44.51 nts	1693198833711
4161409 toao      20   0   68.1g  41.5g  30.9g R  1071  33.0  55:53.29 nts	1693198834415
4161409 toao      20   0   68.1g  41.5g  30.9g R  1953  33.1  56:06.15 nts	1693198835119
4161409 toao      20   0   68.1g  41.5g  30.9g R  3471  33.1  56:20.17 nts	1693198835818
4161409 toao      20   0   68.1g  41.5g  30.9g R  4112  33.0  56:34.67 nts	1693198836519
4161409 toao      20   0   67.9g  41.3g  30.9g R  3365  32.9  56:46.56 nts	1693198837227
4161409 toao      20   0   67.9g  41.4g  30.9g S  1771  33.0  56:58.16 nts	1693198837926
4161409 toao      20   0   68.0g  41.4g  30.9g R 423.5  33.0  57:09.74 nts	1693198838638
4161409 toao      20   0   68.0g  41.4g  30.9g R 435.3  33.0  57:20.91 nts	1693198839343
4161409 toao      20   0   68.0g  41.4g  30.9g R 105.9  33.0  57:32.03 nts	1693198840047
4161409 toao      20   0   68.1g  41.5g  30.9g R  1535  33.0  57:45.51 nts	1693198840751
4161409 toao      20   0   68.1g  41.5g  30.9g R  2524  33.1  57:58.10 nts	1693198841451
4161409 toao      20   0   68.1g  41.5g  30.9g R  3471  33.1  58:11.07 nts	1693198842155
4161409 toao      20   0   68.1g  41.5g  30.9g R  4047  33.1  58:24.16 nts	1693198842855
4161409 toao      20   0   68.1g  41.5g  30.9g R  3953  33.1  58:36.26 nts	1693198843559
4161409 toao      20   0   67.9g  41.3g  30.9g R  3194  32.9  58:49.30 nts	1693198844259
4161409 toao      20   0   67.9g  41.4g  30.9g R  2124  33.0  59:00.64 nts	1693198844959
4161409 toao      20   0   67.9g  41.3g  30.9g R  2582  32.9  59:11.94 nts	1693198845659
4161409 toao      20   0   67.9g  41.4g  30.9g R  1994  33.0  59:23.24 nts	1693198846360
4161409 toao      20   0   68.0g  41.4g  30.9g R  1382  33.0  59:35.19 nts	1693198847063
4161409 toao      20   0   68.0g  41.4g  30.9g R 452.9  33.0  59:46.44 nts	1693198847767
4161409 toao      20   0   68.0g  41.4g  30.9g R 482.4  33.0  59:57.81 nts	1693198848471
4161409 toao      20   0   68.0g  41.4g  30.9g R 241.2  33.0  60:09.01 nts	1693198849169
4161409 toao      20   0   68.0g  41.4g  30.9g R 105.9  33.0  60:20.12 nts	1693198849871
4161409 toao      20   0   68.1g  41.5g  30.9g R  1212  33.0  60:33.21 nts	1693198850574
4161409 toao      20   0   68.1g  41.5g  30.9g R  2882  33.1  60:47.39 nts	1693198851276
4161409 toao      20   0   68.1g  41.5g  30.9g R  3947  33.1  61:01.71 nts	1693198851978
4161409 toao      20   0   68.1g  41.4g  30.9g R  3929  33.0  61:14.60 nts	1693198852679
4161409 toao      20   0   67.9g  41.4g  30.9g R  2078  33.0  61:26.13 nts	1693198853382
4161409 toao      20   0   67.9g  41.4g  30.9g S  1588  33.0  61:37.81 nts	1693198854087
4161409 toao      20   0   68.0g  41.4g  30.9g R 447.1  33.0  61:49.44 nts	1693198854790
4161409 toao      20   0   68.0g  41.4g  30.9g R 452.9  33.0  62:00.64 nts	1693198855492
4161409 toao      20   0   68.0g  41.4g  30.9g R 100.0  33.0  62:11.73 nts	1693198856195
4161409 toao      20   0   68.1g  41.5g  30.9g R  1124  33.0  62:24.75 nts	1693198856899
4161409 toao      20   0   68.1g  41.5g  30.9g R  2818  33.1  62:38.88 nts	1693198857599
4161409 toao      20   0   68.1g  41.5g  30.9g R  3953  33.1  62:52.75 nts	1693198858299
4161409 toao      20   0   68.0g  41.4g  30.9g R  3835  33.0  63:06.57 nts	1693198858999
4161409 toao      20   0   67.9g  41.3g  30.9g R  3129  32.9  63:18.24 nts	1693198859701
4161409 toao      20   0   67.9g  41.4g  30.9g R  2118  33.0  63:29.59 nts	1693198860406
4161409 toao      20   0   68.0g  41.4g  30.9g R 664.7  33.0  63:41.28 nts	1693198861110
4161409 toao      20   0   68.0g  41.4g  30.9g R 582.4  33.0  63:52.56 nts	1693198861814
4161409 toao      20   0   68.0g  41.4g  30.9g R 241.2  33.0  64:03.85 nts	1693198862516
4161409 toao      20   0   68.0g  41.4g  30.9g R 105.9  33.0  64:15.01 nts	1693198863219
4161409 toao      20   0   68.1g  41.5g  30.9g R  1653  33.1  64:28.86 nts	1693198863918
4161409 toao      20   0   68.1g  41.5g  30.9g R  3488  33.1  64:43.14 nts	1693198864618
4161409 toao      20   0   68.1g  41.5g  30.9g R  3953  33.1  64:57.04 nts	1693198865321
4161409 toao      20   0  125.2g  42.2g  31.5g R 188.9  33.6  65:08.22 nts	1693198866020
4161409 toao      20   0  125.2g  43.4g  32.8g R 194.1  34.6  65:09.62 nts	1693198866728
4161409 toao      20   0  128.8g  45.0g  34.3g R 205.9  35.8  65:11.03 nts	1693198867429
4161409 toao      20   0  132.4g  46.0g  35.3g R 211.8  36.6  65:12.44 nts	1693198868130
4161409 toao      20   0  133.8g  46.9g  36.2g S 411.8  37.4  65:14.20 nts	1693198868838
4161409 toao      20   0  137.5g  46.9g  36.2g S  2350  37.4  65:29.64 nts	1693198869544
4161409 toao      20   0  138.6g  47.1g  36.3g S  2194  37.5  65:45.66 nts	1693198870247
4161409 toao      20   0  139.3g  47.2g  36.3g S  2065  37.6  66:01.69 nts	1693198870955
4161409 toao      20   0  138.6g  47.1g  36.3g S  2053  37.6  66:17.18 nts	1693198871654
4161409 toao      20   0  138.6g  47.1g  36.3g S  2588  37.6  66:34.43 nts	1693198872356
4161409 toao      20   0  139.3g  47.2g  36.3g S  2512  37.6  66:50.71 nts	1693198873060
4161409 toao      20   0  138.6g  47.1g  36.3g S  1965  37.6  67:06.91 nts	1693198873763
4161409 toao      20   0  139.3g  47.2g  36.3g S  2359  37.6  67:22.81 nts	1693198874468
4161409 toao      20   0  138.7g  47.1g  36.3g S  1947  37.6  67:39.30 nts	1693198875169
4161409 toao      20   0  138.6g  47.1g  36.3g S  2235  37.6  67:56.75 nts	1693198875875
4161409 toao      20   0  139.3g  47.2g  36.3g S  2465  37.6  68:12.74 nts	1693198876577
4161409 toao      20   0  138.6g  47.1g  36.3g S  2018  37.6  68:29.09 nts	1693198877278
4161409 toao      20   0  139.3g  47.2g  36.3g S  2259  37.6  68:45.12 nts	1693198877979
4161409 toao      20   0  138.6g  47.1g  36.3g S  2350  37.6  69:01.21 nts	1693198878684
4161409 toao      20   0  139.3g  47.2g  36.3g S  2235  37.6  69:16.93 nts	1693198879384
4161409 toao      20   0  138.6g  47.1g  36.3g S  2000  37.6  69:33.54 nts	1693198880088
4161409 toao      20   0  139.3g  47.2g  36.3g S  2400  37.6  69:49.63 nts	1693198880792
4161409 toao      20   0  139.3g  47.2g  36.3g S  2441  37.6  70:05.55 nts	1693198881494
4161409 toao      20   0  139.3g  47.2g  36.3g S  1989  37.6  70:19.98 nts	1693198882198
4161409 toao      20   0  138.7g  47.1g  36.3g S  1982  37.6  70:36.24 nts	1693198882907
4161409 toao      20   0  138.6g  47.1g  36.3g S  2394  37.6  70:53.23 nts	1693198883607
4161409 toao      20   0  139.3g  47.2g  36.3g S  2012  37.6  71:09.08 nts	1693198884313
4161409 toao      20   0  138.7g  47.1g  36.3g S  2194  37.6  71:25.39 nts	1693198885014
4161409 toao      20   0  139.3g  47.2g  36.3g S  2224  37.6  71:40.94 nts	1693198885716
4161409 toao      20   0  138.6g  47.1g  36.3g S  1865  37.6  71:57.07 nts	1693198886419
4161409 toao      20   0  138.6g  47.1g  36.3g S  2812  37.6  72:14.21 nts	1693198887124
4161409 toao      20   0  139.3g  47.2g  36.3g S  2353  37.6  72:30.22 nts	1693198887828
4161409 toao      20   0  138.6g  47.1g  36.3g S  2124  37.6  72:46.70 nts	1693198888526
4161409 toao      20   0  139.3g  47.2g  36.3g S  2441  37.6  73:02.72 nts	1693198889228
4161409 toao      20   0  138.7g  47.2g  36.3g S  2253  37.6  73:19.32 nts	1693198889931
4161409 toao      20   0  138.6g  47.1g  36.3g S  2029  37.6  73:33.53 nts	1693198890636
4161409 toao      20   0  138.7g  47.2g  36.3g S  2771  37.6  73:50.53 nts	1693198891341
4161409 toao      20   0  139.2g  47.2g  36.3g S  2456  37.6  74:06.47 nts	1693198892043
4161409 toao      20   0  138.6g  47.1g  36.3g S  1935  37.6  74:20.70 nts	1693198892745
4161409 toao      20   0  138.7g  47.2g  36.3g S  2594  37.6  74:37.51 nts	1693198893449
4161409 toao      20   0  138.6g  47.1g  36.3g S  2006  37.6  74:52.80 nts	1693198894155
4161409 toao      20   0  138.6g  47.1g  36.3g S  1988  37.6  75:08.01 nts	1693198894857
4161409 toao      20   0  138.6g  47.1g  36.3g S  2106  37.6  75:25.07 nts	1693198895559
4161409 toao      20   0  139.3g  47.2g  36.3g S  2129  37.6  75:41.33 nts	1693198896264
4161409 toao      20   0  138.9g  47.2g  36.3g S  2235  37.6  75:55.65 nts	1693198896967
4161409 toao      20   0  139.3g  47.2g  36.3g S  2239  37.6  76:12.99 nts	1693198897672
4161409 toao      20   0  139.1g  47.2g  36.3g S  2225  37.6  76:29.55 nts	1693198898382
4161409 toao      20   0  138.6g  47.1g  36.3g S  2500  37.6  76:46.34 nts	1693198899086
4161409 toao      20   0  138.6g  47.1g  36.3g S  2247  37.6  77:03.50 nts	1693198899791
4161409 toao      20   0  138.7g  47.2g  36.3g S  2306  37.6  77:19.59 nts	1693198900496
4161409 toao      20   0  138.6g  47.1g  36.3g S  2794  37.6  77:36.00 nts	1693198901202
4161409 toao      20   0  139.3g  47.2g  36.3g S  2518  37.6  77:52.14 nts	1693198901907
4161409 toao      20   0  138.6g  47.1g  36.3g S  2631  37.6  78:07.90 nts	1693198902613
4161409 toao      20   0  139.1g  47.2g  36.3g S  2212  37.6  78:23.57 nts	1693198903314
4161409 toao      20   0  138.6g  47.1g  36.3g S  1976  37.6  78:40.40 nts	1693198904020
4161409 toao      20   0  138.7g  47.2g  36.3g S  2553  37.6  78:57.13 nts	1693198904724
4161409 toao      20   0  138.7g  47.2g  36.3g S  2065  37.6  79:12.84 nts	1693198905428
4161409 toao      20   0  138.6g  47.1g  36.3g S  2394  37.6  79:29.41 nts	1693198906132
4161409 toao      20   0  153.7g  47.2g  36.3g S  2700  37.6  79:46.17 nts	1693198906834
4161409 toao      20   0  153.0g  47.1g  36.3g S  2241  37.6  80:01.70 nts	1693198907537
4161409 toao      20   0  153.8g  47.2g  36.3g S  2388  37.6  80:17.46 nts	1693198908239
4161409 toao      20   0  153.2g  47.1g  36.3g S  1865  37.6  80:33.61 nts	1693198908939
4161409 toao      20   0  153.2g  47.1g  36.3g S  2431  37.6  80:50.37 nts	1693198909644
4161409 toao      20   0  153.8g  47.2g  36.3g S  2347  37.6  81:06.19 nts	1693198910348
4161409 toao      20   0  153.3g  47.2g  36.3g S  2024  37.6  81:22.59 nts	1693198911050
4161409 toao      20   0  153.2g  47.1g  36.3g S  2447  37.6  81:39.49 nts	1693198911753
4161409 toao      20   0  153.8g  47.2g  36.3g S  2329  37.6  81:55.57 nts	1693198912456
4161409 toao      20   0  153.2g  47.1g  36.3g S  2269  37.6  82:12.13 nts	1693198913162
4161409 toao      20   0  153.8g  47.2g  36.3g S  2259  37.6  82:28.89 nts	1693198913866
4161409 toao      20   0  153.2g  47.1g  36.3g S  2059  37.6  82:44.38 nts	1693198914567
4161409 toao      20   0  153.3g  47.2g  36.3g S  2229  37.6  83:00.29 nts	1693198915270
4161409 toao      20   0  153.2g  47.1g  36.3g S  1976  37.6  83:16.91 nts	1693198915977
4161409 toao      20   0  153.2g  47.1g  36.3g S  2788  37.6  83:33.91 nts	1693198916679
4161409 toao      20   0  153.3g  47.2g  36.3g S  2035  37.6  83:49.30 nts	1693198917387
4161409 toao      20   0  153.2g  47.1g  36.3g S  2781  37.6  84:06.42 nts	1693198918093
4161409 toao      20   0  153.2g  47.1g  36.3g S  1941  37.6  84:21.48 nts	1693198918796
4161409 toao      20   0  153.2g  47.1g  36.3g S  1900  37.6  84:36.63 nts	1693198919500
4161409 toao      20   0  153.4g  47.2g  36.3g S  2771  37.6  84:53.30 nts	1693198920199
4161409 toao      20   0  153.2g  47.1g  36.3g S  2035  37.6  85:08.84 nts	1693198920900
4161409 toao      20   0  153.2g  47.1g  36.3g S  2629  37.6  85:25.90 nts	1693198921605
4161409 toao      20   0  153.8g  47.2g  36.3g S  2259  37.6  85:41.43 nts	1693198922307
4161409 toao      20   0  153.2g  47.1g  36.3g S  2335  37.6  85:57.86 nts	1693198923008
4161409 toao      20   0  153.3g  47.2g  36.3g S  2247  37.6  86:13.32 nts	1693198923708
4161409 toao      20   0  153.2g  47.1g  36.3g S  2206  37.6  86:29.93 nts	1693198924410
4161409 toao      20   0  153.3g  47.2g  36.3g S  2106  37.6  86:45.28 nts	1693198925111
4161409 toao      20   0  153.2g  47.1g  36.3g S  2600  37.6  87:01.98 nts	1693198925813
4161409 toao      20   0  153.3g  47.1g  36.3g S  2018  37.6  87:17.07 nts	1693198926512
4161409 toao      20   0  153.2g  47.1g  36.3g S  2647  37.6  87:33.87 nts	1693198927216
4161409 toao      20   0  153.3g  47.2g  36.3g S  1806  37.6  87:48.78 nts	1693198927919
4161409 toao      20   0  153.2g  47.1g  36.3g S  2024  37.6  88:04.03 nts	1693198928620
4161409 toao      20   0  153.2g  47.1g  36.3g S  2669  37.6  88:21.03 nts	1693198929325
4161409 toao      20   0  153.2g  47.1g  36.3g S  2129  37.6  88:36.15 nts	1693198930024
4161409 toao      20   0  153.3g  47.2g  36.3g S  2176  37.6  88:51.78 nts	1693198930731
4161409 toao      20   0  153.3g  47.2g  36.3g S  2382  37.6  89:08.03 nts	1693198931432
4161409 toao      20   0  153.2g  47.1g  36.3g S  2094  37.6  89:23.46 nts	1693198932140
4161409 toao      20   0  153.8g  47.2g  36.3g S  2242  37.6  89:39.95 nts	1693198932842
4161409 toao      20   0  153.3g  47.2g  36.3g S  2165  37.6  89:56.33 nts	1693198933554
4161409 toao      20   0  153.8g  47.2g  36.3g S  2341  37.6  90:11.81 nts	1693198934261
4161409 toao      20   0  153.2g  47.1g  36.3g S  1924  37.6  90:27.85 nts	1693198934963
4161409 toao      20   0  153.8g  47.2g  36.3g S  2541  37.6  90:44.23 nts	1693198935665
4161409 toao      20   0  153.8g  47.2g  36.3g S  2500  37.6  91:00.83 nts	1693198936369
4161409 toao      20   0  153.3g  47.2g  36.3g S  2100  37.6  91:17.21 nts	1693198937071
4161409 toao      20   0  153.3g  47.1g  36.3g S  2612  37.6  91:34.22 nts	1693198937774
4161409 toao      20   0  153.3g  47.2g  36.3g S  2206  37.6  91:50.13 nts	1693198938475
4161409 toao      20   0  153.2g  47.1g  36.3g S  2571  37.6  92:06.79 nts	1693198939179
4161409 toao      20   0  153.3g  47.2g  36.3g S  2100  37.6  92:22.09 nts	1693198939881
4161409 toao      20   0  153.3g  47.2g  36.3g S  2782  37.6  92:38.59 nts	1693198940585
4161409 toao      20   0  153.5g  47.2g  36.3g S  2356  37.6  92:54.63 nts	1693198941293
4161409 toao      20   0  153.2g  47.1g  36.3g S  2247  37.6  93:11.34 nts	1693198941995
4161409 toao      20   0  153.8g  47.2g  36.3g S  2447  37.6  93:27.32 nts	1693198942695
4161409 toao      20   0  153.2g  47.1g  36.3g S  2229  37.6  93:43.28 nts	1693198943400
4161409 toao      20   0  158.4g  47.2g  36.3g S  2235  37.6  93:59.04 nts	1693198944099
4161409 toao      20   0  159.0g  47.1g  36.3g S  2135  37.6  94:15.24 nts	1693198944804
4161409 toao      20   0  159.8g  47.2g  36.3g S  1759  37.6  94:31.09 nts	1693198945508
4161409 toao      20   0  159.1g  47.1g  36.3g S  1965  37.6  94:47.30 nts	1693198946206
4161409 toao      20   0  159.1g  47.1g  36.3g S  2681  37.6  95:04.16 nts	1693198946913
4161409 toao      20   0  159.8g  47.2g  36.3g S  2341  37.6  95:20.33 nts	1693198947615
4161409 toao      20   0  159.1g  47.1g  36.3g S  2141  37.6  95:36.71 nts	1693198948318
4161409 toao      20   0  159.2g  47.1g  36.3g S  2859  37.6  95:53.73 nts	1693198949019
4161409 toao      20   0  159.1g  47.1g  36.3g S  2006  37.6  96:08.87 nts	1693198949722
4161409 toao      20   0  159.2g  47.2g  36.3g S  2576  37.6  96:25.60 nts	1693198950424
4161409 toao      20   0  159.5g  47.2g  36.3g S  2212  37.6  96:41.81 nts	1693198951128
4161409 toao      20   0  159.8g  47.2g  36.3g S  2725  37.6  96:57.68 nts	1693198951832
4161409 toao      20   0  159.2g  47.1g  36.3g S  2059  37.6  97:13.73 nts	1693198952536
4161409 toao      20   0  159.6g  47.2g  36.3g S  2247  37.6  97:29.25 nts	1693198953240
4161409 toao      20   0  159.1g  47.1g  36.3g S  2076  37.6  97:45.84 nts	1693198953944
4161409 toao      20   0  159.2g  47.2g  36.3g S  2647  37.6  98:02.35 nts	1693198954649
4161409 toao      20   0  159.1g  47.1g  36.3g S  1918  37.6  98:17.89 nts	1693198955351
4161409 toao      20   0  159.8g  47.2g  36.3g S  2635  37.6  98:34.79 nts	1693198956056
4161409 toao      20   0  159.1g  47.1g  36.3g S  2594  37.6  98:49.88 nts	1693198956763
4161409 toao      20   0  159.1g  47.1g  36.3g S  2553  37.6  99:04.97 nts	1693198957468
4161409 toao      20   0  159.8g  47.2g  36.3g S  2856  37.6  99:21.59 nts	1693198958172
4161409 toao      20   0  159.2g  47.2g  36.3g S  2159  37.6  99:37.74 nts	1693198958874
4161409 toao      20   0  159.8g  47.2g  36.3g S  1800  37.6  99:53.22 nts	1693198959577
4161409 toao      20   0  159.2g  47.2g  36.3g S  2318  37.6 100:09.96 nts	1693198960276
4161409 toao      20   0  159.8g  47.2g  36.3g S  1965  37.6 100:25.10 nts	1693198960984
4161409 toao      20   0  159.2g  47.1g  36.3g S  1918  37.6 100:41.17 nts	1693198961686
4161409 toao      20   0  159.1g  47.1g  36.3g S  2647  37.6 100:58.14 nts	1693198962389
4161409 toao      20   0  159.8g  47.2g  36.3g S  2647  37.6 101:14.41 nts	1693198963090
4161409 toao      20   0  159.1g  47.1g  36.3g S  2081  37.6 101:30.57 nts	1693198963792
4161409 toao      20   0  159.8g  47.2g  36.3g S  2500  37.6 101:46.66 nts	1693198964495
4161409 toao      20   0  159.4g  47.2g  36.3g S  2300  37.6 102:03.24 nts	1693198965198
4161409 toao      20   0  159.1g  47.1g  36.3g S  1971  37.6 102:17.34 nts	1693198965902
4161409 toao      20   0  159.8g  47.2g  36.3g S  2581  37.6 102:33.40 nts	1693198966604
4161409 toao      20   0  159.1g  47.1g  36.3g S  2029  37.6 102:49.68 nts	1693198967304
4161409 toao      20   0  159.2g  47.2g  36.3g S  1988  37.6 103:04.62 nts	1693198968012
4161409 toao      20   0  159.1g  47.1g  36.3g S  2176  37.6 103:21.60 nts	1693198968716
4161409 toao      20   0  159.1g  47.1g  36.3g S  1953  37.6 103:36.71 nts	1693198969420
4161409 toao      20   0  159.3g  47.2g  36.3g S  2218  37.6 103:52.34 nts	1693198970119
4161409 toao      20   0  159.1g  47.1g  36.3g S  2194  37.6 104:08.72 nts	1693198970823
4161409 toao      20   0  159.2g  47.2g  36.3g S  2729  37.6 104:25.51 nts	1693198971528
4161409 toao      20   0  159.8g  47.2g  36.3g S  2259  37.6 104:39.67 nts	1693198972235
4161409 toao      20   0  159.7g  47.2g  36.3g S  2218  37.6 104:56.44 nts	1693198972938
4161409 toao      20   0  159.1g  47.1g  36.3g S  2041  37.6 105:13.18 nts	1693198973644
4161409 toao      20   0  159.1g  47.1g  36.3g S  2600  37.6 105:30.34 nts	1693198974349
4161409 toao      20   0  159.8g  47.2g  36.3g S  2450  37.6 105:46.31 nts	1693198975052
4161409 toao      20   0  159.1g  47.1g  36.3g S  2224  37.6 106:02.69 nts	1693198975755
4161409 toao      20   0  159.8g  47.2g  36.3g S  2318  37.6 106:19.16 nts	1693198976456
4161409 toao      20   0  159.1g  47.1g  36.3g S  2088  37.6 106:35.32 nts	1693198977163
4161409 toao      20   0  159.6g  47.2g  36.3g S  2024  37.6 106:50.58 nts	1693198977868
4161409 toao      20   0  159.1g  47.1g  36.3g S  2429  37.6 107:07.35 nts	1693198978572
4161409 toao      20   0  159.8g  47.2g  36.3g S  2435  37.6 107:23.40 nts	1693198979271
4161409 toao      20   0  159.1g  47.1g  36.3g S  2076  37.6 107:39.81 nts	1693198979975
4161409 toao      20   0  159.1g  47.1g  36.3g S  2571  37.6 107:56.86 nts	1693198980681
4161409 toao      20   0  159.1g  47.1g  36.3g S  2041  37.6 108:11.98 nts	1693198981383
4161409 toao      20   0  158.6g  47.2g  36.3g S  2665  37.6 108:29.18 nts	1693198982089
4161409 toao      20   0  159.3g  47.2g  36.3g S  2188  37.6 108:44.93 nts	1693198982795
4161409 toao      20   0  159.4g  47.2g  36.3g S  2953  37.6 109:01.50 nts	1693198983497
4161409 toao      20   0  160.0g  47.2g  36.3g S  2469  37.6 109:17.55 nts	1693198984204
4161409 toao      20   0  159.3g  47.1g  36.3g S  2500  37.6 109:33.51 nts	1693198984907
4161409 toao      20   0  160.0g  47.2g  36.3g S  2576  37.6 109:49.85 nts	1693198985607
4161409 toao      20   0  159.3g  47.1g  36.3g S  1976  37.6 110:05.66 nts	1693198986313
4161409 toao      20   0  159.3g  47.1g  36.3g S  2688  37.6 110:22.59 nts	1693198987017
4161409 toao      20   0  160.0g  47.2g  36.3g S  2418  37.6 110:38.75 nts	1693198987720
4161409 toao      20   0  159.3g  47.1g  36.3g S  2218  37.6 110:55.05 nts	1693198988422
4161409 toao      20   0  159.4g  47.2g  36.3g S  2694  37.6 111:11.76 nts	1693198989128
4161409 toao      20   0  159.3g  47.1g  36.3g S  2018  37.6 111:27.47 nts	1693198989828
4161409 toao      20   0  160.0g  47.2g  36.3g S  2324  37.6 111:43.50 nts	1693198990535
4161409 toao      20   0  159.3g  47.1g  36.3g S  2176  37.6 111:59.47 nts	1693198991236
4161409 toao      20   0  159.3g  47.1g  36.3g S  2341  37.6 112:16.37 nts	1693198991937
4161409 toao      20   0  159.4g  47.2g  36.3g S  2071  37.6 112:31.71 nts	1693198992639
4161409 toao      20   0  159.3g  47.1g  36.3g S  2618  37.6 112:48.62 nts	1693198993341
4161409 toao      20   0  159.3g  47.1g  36.3g S  2075  37.6 113:04.05 nts	1693198994044
4161409 toao      20   0  159.3g  47.1g  36.3g S  1912  37.6 113:18.98 nts	1693198994745
4161409 toao      20   0  160.0g  47.2g  36.3g S  2524  37.6 113:35.07 nts	1693198995453
4161409 toao      20   0  159.3g  47.1g  36.3g S  2094  37.6 113:50.81 nts	1693198996159
4161409 toao      20   0  159.3g  47.1g  36.3g S  2747  37.6 114:07.81 nts	1693198996862
4161409 toao      20   0  159.3g  47.1g  36.3g S  1906  37.6 114:22.70 nts	1693198997568
4161409 toao      20   0  160.0g  47.2g  36.3g S  2171  37.6 114:38.89 nts	1693198998273
4161409 toao      20   0  159.3g  47.1g  36.3g S  2229  37.6 114:54.69 nts	1693198998975
4161409 toao      20   0  159.6g  47.2g  36.3g S  2129  37.6 115:09.95 nts	1693198999674
4161409 toao      20   0  159.3g  47.1g  36.3g S  2088  37.6 115:26.38 nts	1693199000374
4161409 toao      20   0  160.0g  47.2g  36.3g S  2424  37.6 115:42.38 nts	1693199001075
4161409 toao      20   0  159.3g  47.1g  36.3g S  1853  37.6 115:58.71 nts	1693199001777
4161409 toao      20   0  159.3g  47.1g  36.3g S  1894  37.6 116:13.85 nts	1693199002476
4161409 toao      20   0  159.4g  47.2g  36.3g S  1912  37.6 116:28.98 nts	1693199003181
4161409 toao      20   0  160.0g  47.2g  36.3g S  2500  37.6 116:44.44 nts	1693199003884
4161409 toao      20   0  159.3g  47.1g  36.3g S  2106  37.6 117:00.67 nts	1693199004587
4161409 toao      20   0  159.4g  47.2g  36.3g S  2165  37.6 117:16.31 nts	1693199005294
4161409 toao      20   0  159.8g  47.2g  36.3g S  2229  37.6 117:31.11 nts	1693199005998
4161409 toao      20   0  159.3g  47.1g  36.3g S  2082  37.6 117:47.63 nts	1693199006700
4161409 toao      20   0  159.3g  47.1g  36.3g S  2244  37.6 118:02.77 nts	1693199007403
4161409 toao      20   0  160.0g  47.2g  36.3g S  2494  37.6 118:19.17 nts	1693199008105
4161409 toao      20   0  159.3g  47.1g  36.3g S  2000  37.6 118:35.36 nts	1693199008813
4161409 toao      20   0  160.0g  47.2g  36.3g S  2100  37.6 118:51.18 nts	1693199009517
4161409 toao      20   0  159.4g  47.2g  36.3g S  2853  37.6 119:07.12 nts	1693199010220
4161409 toao      20   0  159.5g  47.2g  36.3g S  2247  37.6 119:22.89 nts	1693199010924
4161409 toao      20   0  160.0g  47.2g  36.3g S  2659  37.6 119:40.65 nts	1693199011628
4161409 toao      20   0  159.4g  47.2g  36.3g S  2035  37.6 119:56.85 nts	1693199012334
4161409 toao      20   0  159.3g  47.1g  36.3g S  1982  37.6 120:13.81 nts	1693199013037
4161409 toao      20   0  160.0g  47.2g  36.3g S  2553  37.6 120:30.09 nts	1693199013738
4161409 toao      20   0  159.3g  47.1g  36.3g S  2006  37.6 120:46.05 nts	1693199014442
4161409 toao      20   0  160.0g  47.2g  36.3g S  2212  37.6 121:01.62 nts	1693199015144
4161409 toao      20   0  159.3g  47.1g  36.3g S  2159  37.6 121:17.72 nts	1693199015847
4161409 toao      20   0  160.0g  47.2g  36.3g S  2235  37.6 121:33.61 nts	1693199016548
4161409 toao      20   0  159.3g  47.1g  36.3g S  2529  37.6 121:50.24 nts	1693199017251
4161409 toao      20   0  160.0g  47.2g  36.3g S  2441  37.6 122:06.47 nts	1693199017954
4161409 toao      20   0  159.3g  47.1g  36.3g S  1788  37.6 122:22.34 nts	1693199018657
4161409 toao      20   0  159.5g  47.2g  36.3g S  2212  37.6 122:37.84 nts	1693199019356
4161409 toao      20   0  159.3g  47.1g  36.3g S  2441  37.6 122:54.49 nts	1693199020060
4161409 toao      20   0  159.4g  47.2g  36.3g S  3062  37.6 123:11.29 nts	1693199020762
4161409 toao      20   0  159.3g  47.1g  36.3g S  2259  37.6 123:26.47 nts	1693199021468
4161409 toao      20   0  159.4g  47.2g  36.3g S  2489  37.6 123:43.16 nts	1693199022172
4161409 toao      20   0  160.0g  47.2g  36.3g S  2488  37.6 123:59.17 nts	1693199022876
4161409 toao      20   0  159.3g  47.1g  36.3g S  1988  37.6 124:15.12 nts	1693199023578
4161409 toao      20   0  159.3g  47.1g  36.3g S  2559  37.6 124:32.12 nts	1693199024282
4161409 toao      20   0  159.4g  47.2g  36.3g S  2706  37.6 124:48.88 nts	1693199024988
4161409 toao      20   0  159.3g  47.1g  36.3g S  2000  37.6 125:04.35 nts	1693199025692
4161409 toao      20   0  159.3g  47.1g  36.3g S  2706  37.6 125:21.62 nts	1693199026393
4161409 toao      20   0  159.3g  47.1g  36.3g S  1924  37.6 125:36.95 nts	1693199027100
4161409 toao      20   0  159.3g  47.1g  36.3g S  2959  37.6 125:54.24 nts	1693199027803
4161409 toao      20   0  159.3g  47.1g  36.3g S  1994  37.6 126:09.49 nts	1693199028513
4161409 toao      20   0  159.4g  47.1g  36.3g S  2688  37.6 126:26.38 nts	1693199029220
4161409 toao      20   0  159.4g  47.2g  36.3g S  2112  37.6 126:41.87 nts	1693199029922
4161409 toao      20   0  159.3g  47.1g  36.3g S  2606  37.6 126:58.25 nts	1693199030628
4161409 toao      20   0  159.4g  47.2g  36.3g S  2206  37.6 127:13.86 nts	1693199031331
4161409 toao      20   0  159.4g  47.2g  36.3g S  1818  37.6 127:28.98 nts	1693199032036
4161409 toao      20   0  160.0g  47.2g  36.3g S  1965  37.6 127:44.45 nts	1693199032742
4161409 toao      20   0  159.3g  47.1g  36.3g S  1953  37.6 128:00.57 nts	1693199033447
4161409 toao      20   0  159.4g  47.2g  36.3g S  2129  37.6 128:16.25 nts	1693199034151
4161409 toao      20   0  159.3g  47.1g  36.3g S  2188  37.6 128:32.82 nts	1693199034857
4161409 toao      20   0  160.0g  47.2g  36.3g S  2962  37.6 128:49.27 nts	1693199035562
4161409 toao      20   0  159.3g  47.1g  36.3g S  1788  37.6 129:04.59 nts	1693199036266
4161409 toao      20   0  159.4g  47.2g  36.3g S  2059  37.6 129:19.93 nts	1693199036970
4161409 toao      20   0  159.3g  47.1g  36.3g S  2535  37.6 129:36.73 nts	1693199037674
4161409 toao      20   0  160.0g  47.2g  36.3g S  2465  37.6 129:53.12 nts	1693199038376
4161409 toao      20   0  159.3g  47.1g  36.3g S  1971  37.6 130:09.00 nts	1693199039076
4161409 toao      20   0  160.0g  47.2g  36.3g S  2250  37.6 130:24.98 nts	1693199039782
4161409 toao      20   0  159.3g  47.1g  36.3g S  1994  37.6 130:41.01 nts	1693199040486
4161409 toao      20   0  159.3g  47.1g  36.3g S  1824  37.6 130:55.76 nts	1693199041191
4161409 toao      20   0  159.9g  47.2g  36.3g S  2635  37.6 131:12.50 nts	1693199041892
4161409 toao      20   0  159.3g  47.1g  36.3g S  1906  37.6 131:27.68 nts	1693199042594
4161409 toao      20   0  159.3g  47.1g  36.3g S  1994  37.6 131:42.83 nts	1693199043299
4161409 toao      20   0  160.0g  47.2g  36.3g S  2519  37.6 131:58.74 nts	1693199044002
4161409 toao      20   0  159.3g  47.1g  36.3g S  2362  37.6 132:15.11 nts	1693199044703
4161409 toao      20   0  159.3g  47.1g  36.3g S  1924  37.6 132:30.34 nts	1693199045402
4161409 toao      20   0  160.0g  47.2g  36.3g S  2559  37.6 132:46.62 nts	1693199046106
4161409 toao      20   0  160.0g  47.2g  36.3g S  2335  37.6 133:03.06 nts	1693199046811
4161409 toao      20   0  160.0g  47.2g  36.3g S  2065  37.6 133:18.03 nts	1693199047516
4161409 toao      20   0  159.3g  47.1g  36.3g S  1882  37.6 133:34.30 nts	1693199048220
4161409 toao      20   0  159.3g  47.1g  36.3g S  2835  37.6 133:51.62 nts	1693199048923
4161409 toao      20   0  159.3g  47.1g  36.3g S  2282  37.6 134:08.48 nts	1693199049631
4161409 toao      20   0  159.3g  47.1g  36.3g S  2865  37.6 134:25.78 nts	1693199050335
4161409 toao      20   0  159.7g  47.2g  36.3g S  2194  37.6 134:41.52 nts	1693199051040
4161409 toao      20   0  159.3g  47.1g  36.3g S  2241  37.6 134:58.42 nts	1693199051744
4161409 toao      20   0  160.0g  47.2g  36.3g S  2559  37.6 135:14.61 nts	1693199052446
4161409 toao      20   0  159.3g  47.1g  36.3g S  2665  37.6 135:30.45 nts	1693199053151
4161409 toao      20   0  159.4g  47.2g  36.3g S  2171  37.6 135:45.96 nts	1693199053855
4161409 toao      20   0  159.3g  47.1g  36.3g S  2041  37.6 136:02.52 nts	1693199054561
4161409 toao      20   0  160.0g  47.2g  36.3g S  2541  37.6 136:19.02 nts	1693199055264
4161409 toao      20   0  159.3g  47.1g  36.3g S  2041  37.6 136:34.97 nts	1693199055968
4161409 toao      20   0  159.5g  47.2g  36.3g S  2606  37.6 136:51.82 nts	1693199056673
4161409 toao      20   0  158.7g  47.1g  36.3g S  1994  37.6 137:07.53 nts	1693199057375
4161409 toao      20   0  159.3g  47.1g  36.3g S  2588  37.6 137:24.83 nts	1693199058080
4161409 toao      20   0  159.4g  47.2g  36.3g S  2381  37.6 137:40.35 nts	1693199058783
4161409 toao      20   0  159.3g  47.1g  36.3g S  2394  37.6 137:56.82 nts	1693199059490
4161409 toao      20   0  160.0g  47.2g  36.3g S  2382  37.6 138:12.81 nts	1693199060195
4161409 toao      20   0  159.3g  47.1g  36.3g S  2124  37.6 138:28.79 nts	1693199060899
4161409 toao      20   0  159.9g  47.2g  36.3g S  2265  37.6 138:44.39 nts	1693199061598
4161409 toao      20   0  159.3g  47.1g  36.3g S  2211  37.6 139:00.98 nts	1693199062302
4161409 toao      20   0  159.3g  47.1g  36.3g S  2794  37.6 139:18.00 nts	1693199063008
4161409 toao      20   0  160.0g  47.2g  36.3g S  2288  37.6 139:33.94 nts	1693199063714
4161409 toao      20   0  159.3g  47.1g  36.3g S  2076  37.6 139:50.64 nts	1693199064416
4161409 toao      20   0  159.4g  47.2g  36.3g S  2194  37.6 140:06.16 nts	1693199065118
4161409 toao      20   0  159.3g  47.1g  36.3g S  2144  37.6 140:22.92 nts	1693199065821
4161409 toao      20   0  160.0g  47.2g  36.3g S  2359  37.6 140:38.92 nts	1693199066524
4161409 toao      20   0  159.3g  47.1g  36.3g S  2018  37.6 140:54.95 nts	1693199067228
4161409 toao      20   0  160.0g  47.2g  36.3g S  2438  37.6 141:10.55 nts	1693199067932
4161409 toao      20   0  159.3g  47.1g  36.3g S  2435  37.6 141:27.07 nts	1693199068635
4161409 toao      20   0  160.0g  47.2g  36.3g S  2647  37.6 141:43.96 nts	1693199069335
4161409 toao      20   0  160.0g  47.2g  36.3g S  2441  37.6 141:58.92 nts	1693199070038
4161409 toao      20   0  159.4g  47.1g  36.3g S  2935  37.6 142:14.28 nts	1693199070744
4161409 toao      20   0  159.3g  47.1g  36.3g S  1906  37.6 142:29.42 nts	1693199071444
4161409 toao      20   0  159.3g  47.1g  36.3g S  2371  37.6 142:46.29 nts	1693199072145
4161409 toao      20   0  159.3g  47.1g  36.3g S  2029  37.6 143:01.53 nts	1693199072846
4161409 toao      20   0  159.3g  47.1g  36.3g S  2712  37.6 143:18.42 nts	1693199073550
4161409 toao      20   0  159.4g  47.2g  36.3g S  2112  37.6 143:33.57 nts	1693199074255
4161409 toao      20   0  159.3g  47.1g  36.3g S  2435  37.6 143:50.36 nts	1693199074957
4161409 toao      20   0  159.4g  47.2g  36.3g S  2076  37.6 144:05.75 nts	1693199075661
4161409 toao      20   0  159.3g  47.1g  36.3g S  2471  37.6 144:22.57 nts	1693199076364
4161409 toao      20   0  160.0g  47.2g  36.3g S  2647  37.6 144:39.22 nts	1693199077064
4161409 toao      20   0  159.3g  47.1g  36.3g S  2447  37.6 144:54.52 nts	1693199077768
4161409 toao      20   0  159.4g  47.2g  36.3g S  2059  37.6 145:09.86 nts	1693199078471
4161409 toao      20   0  159.3g  47.1g  36.3g S  1918  37.6 145:24.23 nts	1693199079177
4161409 toao      20   0  160.0g  47.2g  36.3g S  2324  37.6 145:40.53 nts	1693199079883
4161409 toao      20   0  159.3g  47.1g  36.3g S  2000  37.6 145:56.38 nts	1693199080586
4161409 toao      20   0  159.3g  47.1g  36.3g S  2076  37.6 146:11.25 nts	1693199081290
4161409 toao      20   0  160.0g  47.2g  36.3g S  2371  37.6 146:27.16 nts	1693199081995
4161409 toao      20   0  160.0g  47.2g  36.3g S  2494  37.6 146:42.73 nts	1693199082696
4161409 toao      20   0  159.3g  47.1g  36.3g S  1959  37.6 146:58.94 nts	1693199083398
4161409 toao      20   0  159.4g  47.2g  36.3g S  2676  37.6 147:15.20 nts	1693199084100
4161409 toao      20   0  159.3g  47.1g  36.3g S  2006  37.6 147:31.16 nts	1693199084802
4161409 toao      20   0  159.3g  47.1g  36.3g S  1906  37.6 147:45.89 nts	1693199085508
4161409 toao      20   0  159.3g  47.1g  36.3g S  2218  37.6 148:02.88 nts	1693199086213
4161409 toao      20   0  159.3g  47.1g  36.3g S  2353  37.6 148:19.70 nts	1693199086921
4161409 toao      20   0  159.3g  47.1g  36.3g S  2700  37.6 148:36.97 nts	1693199087625
4161409 toao      20   0  159.3g  47.1g  36.3g S  2671  37.6 148:53.99 nts	1693199088329
4161409 toao      20   0  159.4g  47.1g  36.3g S  2059  37.6 149:09.61 nts	1693199089037
4161409 toao      20   0  159.3g  47.1g  36.3g S  2371  37.6 149:26.70 nts	1693199089747
4161409 toao      20   0  160.0g  47.2g  36.3g S  2367  37.6 149:42.98 nts	1693199090450
4161409 toao      20   0  159.3g  47.1g  36.3g S  2653  37.6 149:58.93 nts	1693199091160
4161409 toao      20   0  159.3g  47.1g  36.3g S  2012  37.6 150:14.22 nts	1693199091863
4161409 toao      20   0  159.3g  47.1g  36.3g S  2271  37.6 150:31.36 nts	1693199092568
4161409 toao      20   0  159.4g  47.2g  36.3g S  2035  37.6 150:46.57 nts	1693199093266
4161409 toao      20   0  159.3g  47.1g  36.3g S  2353  37.6 151:02.96 nts	1693199093969
4161409 toao      20   0  159.3g  47.1g  36.3g S  1965  37.6 151:18.49 nts	1693199094667
4161409 toao      20   0  159.3g  47.1g  36.3g S  2553  37.6 151:35.52 nts	1693199095369
4161409 toao      20   0  160.0g  47.2g  36.3g S  2669  37.6 151:51.58 nts	1693199096072
4161409 toao      20   0  159.3g  47.1g  36.3g S  2718  37.6 152:07.89 nts	1693199096777
4161409 toao      20   0  160.0g  47.2g  36.3g S  2347  37.6 152:23.96 nts	1693199097480
4161409 toao      20   0  159.4g  47.2g  36.3g S  2024  37.6 152:40.07 nts	1693199098184
4161409 toao      20   0  159.3g  47.2g  36.3g S  2547  37.6 152:56.93 nts	1693199098890
4161409 toao      20   0  159.4g  47.2g  36.3g S  2129  37.6 153:12.36 nts	1693199099592
4161409 toao      20   0  159.3g  47.2g  36.3g S  2259  37.6 153:28.90 nts	1693199100296
4161409 toao      20   0  159.3g  47.2g  36.3g S  2429  37.6 153:46.15 nts	1693199100997
4161409 toao      20   0  160.0g  47.2g  36.3g S  2538  37.6 154:02.02 nts	1693199101702
4161409 toao      20   0  159.3g  47.2g  36.3g S  2031  37.6 154:18.32 nts	1693199102403
4161409 toao      20   0  159.7g  47.2g  36.3g S  2375  37.6 154:33.96 nts	1693199103104
4161409 toao      20   0  159.3g  47.2g  36.3g S  1935  37.6 154:50.81 nts	1693199103804
4161409 toao      20   0  159.4g  47.2g  36.3g S  2088  37.6 155:06.21 nts	1693199104506
4161409 toao      20   0  159.3g  47.2g  36.3g S  2159  37.6 155:22.79 nts	1693199105208
4161409 toao      20   0  160.0g  47.2g  36.3g S  2606  37.6 155:39.02 nts	1693199105910
4161409 toao      20   0  159.9g  47.2g  36.3g S  2072  37.6 155:55.33 nts	1693199106610
4161409 toao      20   0  160.0g  47.2g  36.3g S  2594  37.6 156:11.10 nts	1693199107316
4161409 toao      20   0  160.0g  47.2g  36.3g S  2153  37.6 156:26.36 nts	1693199108019
4161409 toao      20   0  159.4g  47.2g  36.3g S  2088  37.6 156:42.27 nts	1693199108720
4161409 toao      20   0  159.3g  47.2g  36.3g S  2735  37.6 156:59.05 nts	1693199109424
4161409 toao      20   0  160.0g  47.2g  36.3g S  2476  37.6 157:15.02 nts	1693199110131
4161409 toao      20   0  159.3g  47.2g  36.3g S  2906  37.6 157:31.17 nts	1693199110832
4161409 toao      20   0  159.4g  47.2g  36.3g S  2012  37.6 157:46.73 nts	1693199111533
4161409 toao      20   0  160.0g  47.2g  36.3g S  2312  37.6 158:02.79 nts	1693199112240
4161409 toao      20   0  159.3g  47.2g  36.3g S  2044  37.6 158:18.37 nts	1693199112944
4161409 toao      20   0  159.3g  47.2g  36.3g S  2559  37.6 158:35.41 nts	1693199113645
4161409 toao      20   0  160.0g  47.2g  36.3g S  2429  37.6 158:51.15 nts	1693199114348
4161409 toao      20   0  159.3g  47.2g  36.3g S  2544  37.6 159:07.37 nts	1693199115050
4161409 toao      20   0  160.0g  47.2g  36.3g S  2229  37.6 159:23.20 nts	1693199115764
4161409 toao      20   0  159.4g  47.2g  36.3g S  1612  37.6 159:37.54 nts	1693199116468
4161409 toao      20   0  159.3g  47.2g  36.3g S  2371  37.6 159:54.16 nts	1693199117172
4161409 toao      20   0  160.0g  47.2g  36.3g S  2612  37.6 160:10.46 nts	1693199117872
4161409 toao      20   0  160.0g  47.2g  36.3g S  2141  37.6 160:25.47 nts	1693199118574
4161409 toao      20   0  159.3g  47.2g  36.3g S  2382  37.6 160:41.66 nts	1693199119278
4161409 toao      20   0  159.3g  47.2g  36.3g S  1906  37.6 160:56.71 nts	1693199119979
4161409 toao      20   0  159.4g  47.2g  36.3g S  2182  37.6 161:12.15 nts	1693199120679
4161409 toao      20   0  159.3g  47.2g  36.3g S  2094  37.6 161:28.65 nts	1693199121381
4161409 toao      20   0  159.4g  47.2g  36.3g S  2835  37.6 161:45.34 nts	1693199122087
4161409 toao      20   0  159.3g  47.2g  36.3g S  2106  37.6 162:00.69 nts	1693199122796
4161409 toao      20   0  159.4g  47.2g  36.3g S  1959  37.6 162:15.92 nts	1693199123499
4161409 toao      20   0  159.3g  47.2g  36.3g S  2388  37.6 162:32.72 nts	1693199124200
4161409 toao      20   0  159.4g  47.2g  36.3g S  2561  37.6 162:49.48 nts	1693199124901
4161409 toao      20   0  159.4g  47.2g  36.3g S  2118  37.6 163:05.12 nts	1693199125607
4161409 toao      20   0  159.3g  47.2g  36.3g S  1835  37.6 163:21.72 nts	1693199126309
4161409 toao      20   0  159.4g  47.2g  36.3g S  2188  37.6 163:37.50 nts	1693199127011
4161409 toao      20   0  159.3g  47.2g  36.3g S  2550  37.6 163:54.13 nts	1693199127713
4161409 toao      20   0  159.4g  47.2g  36.3g S  2029  37.6 164:09.50 nts	1693199128416
4161409 toao      20   0  160.0g  47.2g  36.3g S  2039  37.6 164:25.46 nts	1693199129122
4161409 toao      20   0  159.3g  47.2g  36.3g S  2006  37.6 164:41.82 nts	1693199129827
4161409 toao      20   0  159.4g  47.2g  36.3g S  2544  37.6 164:58.60 nts	1693199130532
4161409 toao      20   0  159.3g  47.2g  36.3g S  1971  37.6 165:14.05 nts	1693199131239
4161409 toao      20   0  159.4g  47.2g  36.3g S  2518  37.6 165:30.88 nts	1693199131941
4161409 toao      20   0  159.3g  47.2g  36.3g S  2025  37.6 165:46.28 nts	1693199132644
4161409 toao      20   0  159.3g  47.2g  36.3g S  2300  37.6 166:03.21 nts	1693199133346
4161409 toao      20   0  160.0g  47.2g  36.3g S  2706  37.6 166:19.74 nts	1693199134046
4161409 toao      20   0  159.3g  47.2g  36.3g S  2131  37.6 166:35.46 nts	1693199134752
4161409 toao      20   0  159.4g  47.2g  36.3g S  2524  37.6 166:52.09 nts	1693199135456
4161409 toao      20   0  159.4g  47.2g  36.3g S  2218  37.6 167:07.89 nts	1693199136159
4161409 toao      20   0  159.3g  47.2g  36.3g S  2476  37.6 167:24.64 nts	1693199136862
4161409 toao      20   0  160.0g  47.2g  36.3g S  2429  37.6 167:40.72 nts	1693199137566
4161409 toao      20   0  159.4g  47.2g  36.3g S  2072  37.6 167:57.47 nts	1693199138267
4161409 toao      20   0  159.3g  47.2g  36.3g S  2318  37.6 168:14.42 nts	1693199138977
4161409 toao      20   0  159.3g  47.2g  36.3g S  2735  37.6 168:31.73 nts	1693199139680
4161409 toao      20   0  159.3g  47.2g  36.3g S  1935  37.6 168:46.82 nts	1693199140383
4161409 toao      20   0  159.4g  47.2g  36.3g S  2565  37.6 169:03.87 nts	1693199141088
4161409 toao      20   0  159.3g  47.2g  36.3g S  1756  37.6 169:19.23 nts	1693199141791
4161409 toao      20   0  159.3g  47.2g  36.3g S  2682  37.6 169:36.08 nts	1693199142497
4161409 toao      20   0  160.0g  47.2g  36.3g S  2424  37.6 169:52.22 nts	1693199143202
4161409 toao      20   0  159.3g  47.2g  36.3g S  2200  37.6 170:08.36 nts	1693199143904
4161409 toao      20   0  160.0g  47.2g  36.3g S  2506  37.6 170:24.79 nts	1693199144611
4161409 toao      20   0  159.3g  47.2g  36.3g S  2718  37.6 170:40.74 nts	1693199145315
4161409 toao      20   0  160.0g  47.2g  36.3g S  2035  37.6 170:55.35 nts	1693199146020
4161409 toao      20   0  160.0g  47.2g  36.3g S  2471  37.6 171:11.96 nts	1693199146723
4161409 toao      20   0  159.3g  47.2g  36.3g S  2129  37.6 171:27.97 nts	1693199147426
4161409 toao      20   0  159.4g  47.2g  36.3g S  2094  37.6 171:43.57 nts	1693199148128
4161409 toao      20   0  159.3g  47.2g  36.3g S  2041  37.6 172:00.40 nts	1693199148832
4161409 toao      20   0  159.4g  47.2g  36.3g S  2059  37.6 172:15.67 nts	1693199149533
4161409 toao      20   0  159.3g  47.2g  36.3g S  1871  37.6 172:31.96 nts	1693199150235
4161409 toao      20   0  160.0g  47.2g  36.3g S  2353  37.6 172:47.83 nts	1693199150938
4161409 toao      20   0  159.3g  47.2g  36.3g S  2276  37.6 173:04.11 nts	1693199151640
4161409 toao      20   0  160.0g  47.2g  36.3g S  2306  37.6 173:20.44 nts	1693199152339
4161409 toao      20   0  159.3g  47.2g  36.3g S  1988  37.6 173:36.51 nts	1693199153046
4161409 toao      20   0  159.4g  47.2g  36.3g S  2500  37.6 173:53.35 nts	1693199153749
4161409 toao      20   0  160.0g  47.2g  36.3g S  2288  37.6 174:07.23 nts	1693199154456
4161409 toao      20   0  159.3g  47.2g  36.3g S  2094  37.6 174:23.58 nts	1693199155156
4161409 toao      20   0  160.0g  47.2g  36.3g S  2382  37.6 174:39.84 nts	1693199155858
4161409 toao      20   0  159.4g  47.2g  36.3g S  2112  37.6 174:54.15 nts	1693199156559
4161409 toao      20   0  159.3g  47.2g  36.3g S  2565  37.6 175:10.81 nts	1693199157261
4161409 toao      20   0  159.3g  47.2g  36.3g S  1888  37.6 175:25.69 nts	1693199157960
4161409 toao      20   0  159.8g  47.2g  36.3g S  2259  37.6 175:41.31 nts	1693199158665
4161409 toao      20   0  159.3g  47.2g  36.3g S  2435  37.6 175:57.75 nts	1693199159374
4161409 toao      20   0  160.0g  47.2g  36.3g S  2194  37.6 176:13.77 nts	1693199160079
4161409 toao      20   0  160.0g  47.2g  36.3g S  2600  37.6 176:28.91 nts	1693199160783
4161409 toao      20   0  159.3g  47.2g  36.3g S  2041  37.6 176:44.67 nts	1693199161487
4161409 toao      20   0  160.0g  47.2g  36.3g S  2400  37.6 177:01.05 nts	1693199162192
4161409 toao      20   0  160.0g  47.2g  36.3g S  2665  37.6 177:18.02 nts	1693199162896
4161409 toao      20   0  160.0g  47.2g  36.3g S  2624  37.6 177:35.08 nts	1693199163599
4161409 toao      20   0  159.4g  47.2g  36.3g S  2582  37.6 177:50.88 nts	1693199164302
4161409 toao      20   0  159.3g  47.2g  36.3g S  1947  37.6 178:06.63 nts	1693199165009
4161409 toao      20   0  159.3g  47.2g  36.3g S  2641  37.6 178:23.20 nts	1693199165716
4161409 toao      20   0  159.3g  47.2g  36.3g S  2165  37.6 178:38.78 nts	1693199166419
4161409 toao      20   0  159.7g  47.2g  36.3g S  2281  37.6 178:54.22 nts	1693199167123
4161409 toao      20   0  159.3g  47.2g  36.3g S  1828  37.6 179:11.00 nts	1693199167829
4161409 toao      20   0  159.3g  47.2g  36.3g S  2765  37.6 179:28.26 nts	1693199168543
4161409 toao      20   0  159.7g  47.2g  36.3g S  2182  37.6 179:43.92 nts	1693199169251
4161409 toao      20   0  159.3g  47.2g  36.3g S  2488  37.6 180:00.73 nts	1693199169952
4161409 toao      20   0  159.4g  47.2g  36.3g S  2676  37.6 180:17.31 nts	1693199170654
4161409 toao      20   0  159.3g  47.2g  36.3g S  2053  37.6 180:33.05 nts	1693199171359
4161409 toao      20   0  160.0g  47.2g  36.3g S  2129  37.6 180:48.78 nts	1693199172065
4161409 toao      20   0  159.6g  47.2g  36.3g S  2206  37.6 181:05.39 nts	1693199172765
4161409 toao      20   0  159.3g  47.2g  36.3g S  2406  37.6 181:21.85 nts	1693199173474
4161409 toao      20   0  159.4g  47.2g  36.3g S  2582  37.6 181:38.72 nts	1693199174180
4161409 toao      20   0  160.0g  47.2g  36.3g S  2612  37.6 181:55.12 nts	1693199174887
4161409 toao      20   0  159.3g  47.2g  36.3g S  1965  37.6 182:11.25 nts	1693199175591
4161409 toao      20   0  159.3g  47.2g  36.3g S  2735  37.6 182:28.11 nts	1693199176293
4161409 toao      20   0  159.3g  47.2g  36.3g S  2029  37.6 182:43.30 nts	1693199177000
4161409 toao      20   0  159.3g  47.2g  36.3g S  2365  37.6 183:00.59 nts	1693199177705
4161409 toao      20   0  159.4g  47.2g  36.3g S  2053  37.6 183:16.16 nts	1693199178407
4161409 toao      20   0  159.3g  47.2g  36.3g S  2188  37.6 183:33.15 nts	1693199179108
4161409 toao      20   0  160.0g  47.2g  36.3g S  2241  37.6 183:48.92 nts	1693199179812
4161409 toao      20   0  159.3g  47.2g  36.3g S  2412  37.6 184:05.20 nts	1693199180515
4161409 toao      20   0  159.4g  47.2g  36.3g S  2747  37.6 184:21.88 nts	1693199181215
4161409 toao      20   0  159.3g  47.2g  36.3g S  1965  37.6 184:37.53 nts	1693199181917
4161409 toao      20   0  159.4g  47.2g  36.3g S  2741  37.6 184:54.35 nts	1693199182621
4161409 toao      20   0  159.4g  47.2g  36.3g S  2271  37.6 185:09.88 nts	1693199183322
4161409 toao      20   0  159.3g  47.2g  36.3g S  1935  37.6 185:24.90 nts	1693199184035
4161409 toao      20   0  159.4g  47.2g  36.3g S  2788  37.6 185:41.75 nts	1693199184741
4161409 toao      20   0  159.6g  47.2g  36.3g S  2235  37.6 185:57.82 nts	1693199185444
4161409 toao      20   0  159.3g  47.2g  36.3g S  2665  37.6 186:14.39 nts	1693199186146
4161409 toao      20   0  160.0g  47.2g  36.3g S  2444  37.6 186:30.87 nts	1693199186851
4161409 toao      20   0  159.3g  47.2g  36.3g S  2382  37.6 186:46.76 nts	1693199187556
4161409 toao      20   0  160.0g  47.2g  36.3g S  2576  37.6 187:03.71 nts	1693199188259
4161409 toao      20   0  159.3g  47.2g  36.3g S  1941  37.6 187:19.20 nts	1693199188964
4161409 toao      20   0  160.0g  47.2g  36.3g S  2388  37.6 187:34.87 nts	1693199189668
4161409 toao      20   0  159.3g  47.2g  36.3g S  1789  37.6 187:51.30 nts	1693199190371
4161409 toao      20   0  160.0g  47.2g  36.3g S  2218  37.6 188:06.72 nts	1693199191080
4161409 toao      20   0  160.0g  47.2g  36.3g S  1769  37.6 188:22.05 nts	1693199191784
4161409 toao      20   0  159.3g  47.2g  36.3g S  2700  37.6 188:37.80 nts	1693199192488
4161409 toao      20   0  159.4g  47.2g  36.3g S  2082  37.6 188:53.23 nts	1693199193194
4161409 toao      20   0  160.0g  47.2g  36.3g S  1894  37.6 189:09.47 nts	1693199193898
4161409 toao      20   0  159.4g  47.2g  36.3g S  2776  37.6 189:24.94 nts	1693199194608
4161409 toao      20   0  159.4g  47.2g  36.3g S  1776  37.6 189:40.47 nts	1693199195308
4161409 toao      20   0  160.0g  47.2g  36.3g S  2576  37.6 189:56.79 nts	1693199196011
4161409 toao      20   0  159.3g  47.2g  36.3g S  1871  37.6 190:12.72 nts	1693199196712
4161409 toao      20   0  159.3g  47.2g  36.3g S  2435  37.6 190:29.74 nts	1693199197417
4161409 toao      20   0  159.3g  47.2g  36.3g S  1818  37.6 190:44.76 nts	1693199198119
4161409 toao      20   0  159.9g  47.2g  36.3g S  2147  37.6 191:00.39 nts	1693199198826
4161409 toao      20   0  159.3g  47.2g  36.3g S  2176  37.6 191:16.75 nts	1693199199532
4161409 toao      20   0  160.0g  47.2g  36.3g S  2641  37.6 191:33.18 nts	1693199200237
4161409 toao      20   0  159.4g  47.2g  36.3g S  2024  37.6 191:49.14 nts	1693199200938
4161409 toao      20   0  159.3g  47.2g  36.3g S  1994  37.6 192:06.09 nts	1693199201641
4161409 toao      20   0  160.0g  47.2g  36.3g S  2335  37.6 192:22.55 nts	1693199202348
4161409 toao      20   0  159.3g  47.2g  36.3g S  1947  37.6 192:38.52 nts	1693199203055
4161409 toao      20   0  160.0g  47.2g  36.3g S  1971  37.6 192:54.28 nts	1693199203765
4161409 toao      20   0  159.3g  47.2g  36.3g S  2353  37.6 193:10.63 nts	1693199204467
4161409 toao      20   0  160.0g  47.2g  36.3g S  2353  37.6 193:26.64 nts	1693199205170
4161409 toao      20   0  159.3g  47.2g  36.3g S  2012  37.6 193:43.11 nts	1693199205875
4161409 toao      20   0  160.0g  47.2g  36.3g S  2394  37.6 193:58.88 nts	1693199206579
4161409 toao      20   0  159.3g  47.2g  36.3g S  2029  37.6 194:15.07 nts	1693199207285
4161409 toao      20   0  160.0g  47.2g  36.3g S  2571  37.6 194:31.28 nts	1693199207988
4161409 toao      20   0  159.4g  47.2g  36.3g S  2124  37.6 194:47.57 nts	1693199208692
4161409 toao      20   0  159.3g  47.2g  36.3g S  2259  37.6 195:04.51 nts	1693199209398
4161409 toao      20   0  160.0g  47.2g  36.3g S  2229  37.6 195:19.98 nts	1693199210105
4161409 toao      20   0  159.3g  47.2g  36.3g S  2471  37.6 195:36.36 nts	1693199210809
4161409 toao      20   0  160.0g  47.2g  36.3g S  2588  37.6 195:52.55 nts	1693199211510
4161409 toao      20   0  159.3g  47.2g  36.3g S  2000  37.6 196:08.59 nts	1693199212215
4161409 toao      20   0  159.4g  47.2g  36.3g S  2506  37.6 196:25.11 nts	1693199212923
4161409 toao      20   0  159.4g  47.2g  36.3g S  2100  37.6 196:40.98 nts	1693199213626
4161409 toao      20   0  160.0g  47.2g  36.3g S  2400  37.6 196:57.28 nts	1693199214328
4161409 toao      20   0  159.4g  47.2g  36.3g S  2076  37.6 197:13.58 nts	1693199215031
4161409 toao      20   0  159.3g  47.2g  36.3g S  2429  37.6 197:30.31 nts	1693199215736
4161409 toao      20   0  159.4g  47.2g  36.3g S  2147  37.6 197:46.11 nts	1693199216441
4161409 toao      20   0  160.0g  47.2g  36.3g S  2500  37.6 198:01.59 nts	1693199217143
4161409 toao      20   0  159.3g  47.2g  36.3g S  1982  37.6 198:17.83 nts	1693199217844
4161409 toao      20   0  160.0g  47.2g  36.3g S  2771  37.6 198:34.52 nts	1693199218548
4161409 toao      20   0  159.4g  47.2g  36.3g S  2024  37.6 198:50.43 nts	1693199219250
4161409 toao      20   0  159.4g  47.2g  36.3g S  2729  37.6 199:07.52 nts	1693199219955
4161409 toao      20   0  159.3g  47.2g  36.3g S  1888  37.6 199:22.59 nts	1693199220663
4161409 toao      20   0  159.3g  47.2g  36.3g S  1956  37.6 199:37.59 nts	1693199221363
4161409 toao      20   0  160.0g  47.2g  36.3g S  2462  37.6 199:53.30 nts	1693199222064
4161409 toao      20   0  159.3g  47.2g  36.3g S  2382  37.6 200:09.89 nts	1693199222765
4161409 toao      20   0  160.0g  47.2g  36.3g S  2688  37.6 200:26.25 nts	1693199223469
4161409 toao      20   0  159.4g  47.2g  36.3g S  2647  37.6 200:41.51 nts	1693199224171
4161409 toao      20   0  159.3g  47.2g  36.3g S  1953  37.6 200:56.94 nts	1693199224872
4161409 toao      20   0  159.4g  47.2g  36.3g S  2694  37.6 201:13.11 nts	1693199225577
4161409 toao      20   0  159.4g  47.2g  36.3g S  1929  37.6 201:28.71 nts	1693199226280
4161409 toao      20   0  159.3g  47.2g  36.3g S  2453  37.6 201:45.53 nts	1693199226986
4161409 toao      20   0  160.0g  47.2g  36.3g S  2350  37.6 202:01.71 nts	1693199227690
4161409 toao      20   0  159.3g  47.2g  36.3g S  2206  37.6 202:17.78 nts	1693199228395
4161409 toao      20   0  160.0g  47.2g  36.3g S  2388  37.6 202:33.68 nts	1693199229099
4161409 toao      20   0  159.7g  47.2g  36.3g S  1629  37.6 202:48.06 nts	1693199229804
4161409 toao      20   0  159.3g  47.2g  36.3g S  2200  37.6 203:04.53 nts	1693199230509
4161409 toao      20   0  160.0g  47.2g  36.3g S  2612  37.6 203:20.56 nts	1693199231213
4161409 toao      20   0  160.0g  47.2g  36.3g S  2362  37.6 203:35.71 nts	1693199231914
4161409 toao      20   0  159.3g  47.2g  36.3g S  2225  37.6 203:51.64 nts	1693199232614
4161409 toao      20   0  159.3g  47.2g  36.3g S  2069  37.6 204:06.59 nts	1693199233314
4161409 toao      20   0  159.9g  47.2g  36.3g S  2276  37.6 204:22.15 nts	1693199234011
4161409 toao      20   0  159.3g  47.2g  36.3g S  2353  37.6 204:38.98 nts	1693199234719
4161409 toao      20   0  159.3g  47.2g  36.3g S  2676  37.6 204:55.98 nts	1693199235424
4161409 toao      20   0  159.3g  47.2g  36.3g S  1824  37.6 205:11.02 nts	1693199236127
4161409 toao      20   0  160.0g  47.2g  36.3g S  2353  37.6 205:26.78 nts	1693199236826
4161409 toao      20   0  159.3g  47.2g  36.3g S  2053  37.6 205:42.74 nts	1693199237527
4161409 toao      20   0  159.3g  47.2g  36.3g S  2571  37.6 205:59.75 nts	1693199238232
4161409 toao      20   0  160.0g  47.2g  36.3g S  2429  37.6 206:15.89 nts	1693199238936
4161409 toao      20   0  159.3g  47.2g  36.3g S  2029  37.6 206:32.30 nts	1693199239639
4161409 toao      20   0  160.0g  47.2g  36.3g S  2565  37.6 206:48.83 nts	1693199240342
4161409 toao      20   0  159.3g  47.2g  36.3g S  1871  37.6 207:04.38 nts	1693199241048
4161409 toao      20   0  159.4g  47.2g  36.3g S  1618  37.6 207:19.28 nts	1693199241753
4161409 toao      20   0  159.3g  47.2g  36.3g S  2741  37.6 207:36.35 nts	1693199242458
4161409 toao      20   0  159.4g  47.2g  36.3g S  2035  37.6 207:51.80 nts	1693199243164
4161409 toao      20   0  159.3g  47.2g  36.3g S  2353  37.6 208:08.68 nts	1693199243869
4161409 toao      20   0  159.4g  47.2g  36.3g S  1924  37.6 208:23.84 nts	1693199244571
4161409 toao      20   0  159.4g  47.2g  36.3g S  2631  37.6 208:40.18 nts	1693199245273
4161409 toao      20   0  159.3g  47.2g  36.3g S  1965  37.6 208:55.84 nts	1693199245975
4161409 toao      20   0       0      0      0 Z 100.0   0.0 208:59.01 nts	1693199246681
4161409 toao      20   0       0      0      0 Z 100.0   0.0 208:59.72 nts	1693199247383
4161409 toao      20   0       0      0      0 Z 100.0   0.0 209:00.42 nts	1693199248087
4161409 toao      20   0       0      0      0 Z 100.0   0.0 209:01.11 nts	1693199248791
4161409 toao      20   0       0      0      0 Z  94.1   0.0 209:01.79 nts	1693199249496
4161409 toao      20   0       0      0      0 Z  94.1   0.0 209:02.48 nts	1693199250195
4161409 toao      20   0       0      0      0 Z 105.9   0.0 209:03.19 nts	1693199250896
4161409 toao      20   0       0      0      0 Z 100.0   0.0 209:03.89 nts	1693199251603
4161409 toao      20   0       0      0      0 Z 100.0   0.0 209:04.59 nts	1693199252308
