365256 root      20   0 2535644  98612  67708 R  94.1   0.0   0:00.17 nts	1696912437877
365256 root      20   0 9599564 215340 114584 R  7171   0.0   0:28.65 nts	1696912438572
365256 root      20   0 9672328 279928 114864 R 206.2   0.0   0:54.48 nts	1696912439276
365256 root      20   0 9672328 279928 114864 R 206.2   0.0   0:55.84 nts	1696912439963
365256 root      20   0 9672328 279928 114864 R 206.2   0.0   0:57.20 nts	1696912440652
365256 root      20   0 9672328 279928 114864 S 188.2   0.0   0:58.56 nts	1696912441339
365256 root      20   0 9672328 279928 114864 R 194.1   0.0   0:59.93 nts	1696912442027
365256 root      20   0 9672328 279928 114864 R 194.1   0.0   1:01.29 nts	1696912442717
365256 root      20   0 9672328 279928 114864 R 206.2   0.0   1:02.65 nts	1696912443405
365256 root      20   0 9672328 279928 114864 R 206.2   0.0   1:04.01 nts	1696912444092
365256 root      20   0 9672328 279928 114864 R 182.4   0.0   1:05.36 nts	1696912444780
365256 root      20   0 9776132 286944 114864 R 170.6   0.0   1:06.70 nts	1696912445466
365256 root      20   0   10.5g 779040 114864 R  1824   0.1   1:19.74 nts	1696912446159
365256 root      20   0   10.5g 788968 114864 S  1588   0.1   1:31.91 nts	1696912446856
365256 root      20   0   10.5g 795496 114864 R  1912   0.1   1:44.27 nts	1696912447552
365256 root      20   0   10.5g 796272 114864 R  1776   0.1   1:56.28 nts	1696912448248
365256 root      20   0   15.5g 802440 114896 R 212.5   0.1   2:02.47 nts	1696912448943
365256 root      20   0   15.5g 802968 114896 R 212.5   0.1   2:03.84 nts	1696912449635
365256 root      20   0   15.5g 805344 114896 R 206.2   0.1   2:05.20 nts	1696912450323
365256 root      20   0   15.5g 807456 114896 R 206.2   0.1   2:06.56 nts	1696912451014
365256 root      20   0   15.5g 809568 114896 R 194.1   0.1   2:07.93 nts	1696912451701
365256 root      20   0   15.5g 811680 114896 R 194.1   0.1   2:09.29 nts	1696912452388
365256 root      20   0   15.5g 812472 114896 R 206.2   0.1   2:10.65 nts	1696912453076
365256 root      20   0   15.5g 814584 114896 R 206.2   0.1   2:12.02 nts	1696912453763
365256 root      20   0   15.5g 817752 114896 R 194.1   0.1   2:13.38 nts	1696912454451
365256 root      20   0   15.5g 820920 114896 R 188.2   0.1   2:14.73 nts	1696912455139
365256 root      20   0   16.7g 959184 114896 R 417.6   0.1   2:17.36 nts	1696912455826
365256 root      20   0   16.7g   1.1g 114896 R 435.3   0.1   2:20.33 nts	1696912456521
365256 root      20   0   16.7g   1.2g 114896 R 400.0   0.2   2:23.22 nts	1696912457214
365256 root      20   0   21.7g   1.3g 114896 R 564.7   0.2   2:26.25 nts	1696912457908
365256 root      20   0   21.7g   1.3g 114896 R 100.0   0.2   2:26.94 nts	1696912458603
365256 root      20   0   21.7g   1.3g 114896 R  94.1   0.2   2:27.63 nts	1696912459297
365256 root      20   0   21.7g   1.3g 114896 R 100.0   0.2   2:28.33 nts	1696912459989
365256 root      20   0   21.7g   1.3g 114896 R 106.2   0.2   2:29.02 nts	1696912460683
365256 root      20   0   21.7g   1.3g 114896 R  94.1   0.2   2:29.71 nts	1696912461376
365256 root      20   0   22.2g   1.7g 114896 R 100.0   0.2   2:30.41 nts	1696912462066
365256 root      20   0   22.2g   1.7g 114896 R  94.1   0.2   2:31.09 nts	1696912462760
365256 root      20   0   22.2g   1.7g 114896 R 100.0   0.2   2:31.79 nts	1696912463449
365256 root      20   0   22.2g   1.8g 114896 R  94.1   0.2   2:32.47 nts	1696912464138
365256 root      20   0   22.2g   1.8g 114896 R  94.1   0.2   2:33.16 nts	1696912464831
365256 root      20   0   22.2g   1.8g 114896 R 100.0   0.2   2:33.86 nts	1696912465521
365256 root      20   0   22.2g   1.8g 114896 R  94.1   0.2   2:34.55 nts	1696912466213
365256 root      20   0   22.2g   1.8g 114896 R 100.0   0.2   2:35.25 nts	1696912466908
365256 root      20   0   22.2g   1.8g 114896 R 100.0   0.2   2:35.94 nts	1696912467599
365256 root      20   0   22.2g   1.8g 114896 R 100.0   0.2   2:36.63 nts	1696912468292
365256 root      20   0   22.2g   1.8g 114896 R 100.0   0.2   2:37.32 nts	1696912468981
365256 root      20   0   22.2g   1.8g 114896 R 100.0   0.2   2:38.01 nts	1696912469668
365256 root      20   0   22.2g   1.8g 114896 R 106.2   0.2   2:38.70 nts	1696912470361
365256 root      20   0   22.2g   1.8g 114896 R 100.0   0.2   2:39.39 nts	1696912471051
365256 root      20   0   22.2g   1.8g 114896 R 100.0   0.2   2:40.07 nts	1696912471744
365256 root      20   0   22.2g   1.8g 114896 R 100.0   0.2   2:40.76 nts	1696912472434
365256 root      20   0   22.2g   1.8g 114896 R 106.2   0.2   2:41.46 nts	1696912473121
365256 root      20   0   22.2g   1.8g 114896 R 106.2   0.2   2:42.15 nts	1696912473812
365256 root      20   0   22.2g   1.8g 114896 R 106.2   0.2   2:42.84 nts	1696912474504
365256 root      20   0   22.2g   1.8g 114896 R  94.1   0.2   2:43.53 nts	1696912475196
365256 root      20   0   22.2g   1.8g 114896 R  94.1   0.2   2:44.22 nts	1696912475885
365256 root      20   0   22.2g   1.8g 114896 R  94.1   0.2   2:44.91 nts	1696912476577
365256 root      20   0   22.2g   1.8g 114896 R  94.1   0.2   2:45.60 nts	1696912477268
365256 root      20   0   22.2g   1.8g 114896 R 100.0   0.2   2:46.30 nts	1696912477957
365256 root      20   0   22.2g   1.8g 114896 R  94.1   0.2   2:46.98 nts	1696912478650
365256 root      20   0   22.2g   1.8g 114896 R  94.1   0.2   2:47.68 nts	1696912479341
365256 root      20   0   22.2g   1.8g 114896 R 106.2   0.2   2:48.37 nts	1696912480034
365256 root      20   0   22.2g   1.8g 114896 R 100.0   0.2   2:49.06 nts	1696912480726
365256 root      20   0   22.2g   1.8g 114896 R 100.0   0.2   2:49.75 nts	1696912481416
365256 root      20   0   22.2g   1.8g 114896 R 100.0   0.2   2:50.44 nts	1696912482108
365256 root      20   0   22.3g   1.8g 115960 R  94.1   0.2   2:51.60 nts	1696912482798
365256 root      20   0   55.4g   2.0g 241344 D  50.0   0.3   2:52.16 nts	1696912483485
365256 root      20   0   55.7g   2.2g 289780 R 100.0   0.3   2:52.55 nts	1696912484173
365256 root      20   0   55.9g   2.5g 327604 D   5.9   0.3   2:52.90 nts	1696912484861
365256 root      20   0   56.3g   2.9g 386680 R 100.0   0.4   2:53.56 nts	1696912485553
365256 root      20   0   56.6g   3.1g 425688 R 100.0   0.4   2:53.91 nts	1696912486242
365256 root      20   0   57.0g   3.5g 512484 D  11.8   0.5   2:54.40 nts	1696912486936
365256 root      20   0   59.1g   4.0g 856916 R 281.2   0.5   2:55.61 nts	1696912487625
365256 root      20   0   59.2g   4.0g 859124 R 176.5   0.6   2:56.73 nts	1696912488314
365256 root      20   0   59.6g   4.3g 859124 R 164.7   0.6   2:58.28 nts	1696912489008
365256 root      20   0   59.8g   4.3g 859124 R 237.5   0.6   2:59.48 nts	1696912489703
365256 root      20   0   60.1g   4.5g 859124 R 112.5   0.6   3:00.69 nts	1696912490392
365256 root      20   0   60.6g   4.8g 859124 R 235.3   0.7   3:02.21 nts	1696912491083
365256 root      20   0   60.8g   4.9g 859124 R 229.4   0.7   3:03.36 nts	1696912491778
365256 root      20   0   61.1g   5.0g 859124 R 105.9   0.7   3:04.75 nts	1696912492473
365256 root      20   0   61.5g   5.1g 859620 R 188.2   0.7   3:06.05 nts	1696912493167
365256 root      20   0   62.7g   5.2g 974436 R 117.6   0.7   3:08.07 nts	1696912493860
365256 root      20   0   64.7g   5.6g   1.3g R 141.2   0.8   3:10.40 nts	1696912494553
365256 root      20   0   64.7g   5.9g   1.6g R 100.0   0.8   3:10.75 nts	1696912495245
365256 root      20   0   64.7g   5.9g   1.6g R 100.0   0.8   3:11.44 nts	1696912495933
365256 root      20   0   65.7g   6.1g   1.8g R 100.0   0.8   3:12.13 nts	1696912496621
365256 root      20   0   65.7g   6.8g   2.5g R  11.8   0.9   3:12.52 nts	1696912497307
365256 root      20   0   65.7g   6.8g   2.5g R 100.0   0.9   3:13.22 nts	1696912497995
365256 root      20   0   65.7g   6.8g   2.5g R 100.0   0.9   3:13.91 nts	1696912498682
365256 root      20   0   65.7g   6.8g   2.5g R 106.2   0.9   3:14.61 nts	1696912499373
365256 root      20   0   65.7g   6.8g   2.5g R 100.0   0.9   3:15.29 nts	1696912500063
365256 root      20   0   65.7g   6.8g   2.5g R 106.2   0.9   3:15.98 nts	1696912500753
365256 root      20   0   65.7g   6.8g   2.5g R 106.2   0.9   3:16.67 nts	1696912501441
365256 root      20   0   65.7g   6.8g   2.5g R 100.0   0.9   3:17.36 nts	1696912502128
365256 root      20   0   65.7g   6.8g   2.5g R 100.0   0.9   3:18.04 nts	1696912502815
365256 root      20   0   65.7g   6.8g   2.5g R 100.0   0.9   3:18.72 nts	1696912503503
365256 root      20   0   65.7g   6.8g   2.5g R  94.1   0.9   3:19.41 nts	1696912504189
365256 root      20   0   65.7g   6.8g   2.5g R 100.0   0.9   3:20.10 nts	1696912504875
365256 root      20   0   65.7g   6.8g   2.5g R 100.0   0.9   3:20.78 nts	1696912505563
365256 root      20   0   65.7g   6.8g   2.5g R  94.1   0.9   3:21.47 nts	1696912506249
365256 root      20   0   65.7g   6.8g   2.5g R  94.1   0.9   3:22.16 nts	1696912506936
365256 root      20   0   65.7g   6.8g   2.5g R 100.0   0.9   3:22.85 nts	1696912507624
365256 root      20   0   65.7g   6.8g   2.5g R 100.0   0.9   3:23.54 nts	1696912508310
365256 root      20   0   65.7g   6.8g   2.5g R  94.1   0.9   3:24.22 nts	1696912508997
365256 root      20   0   65.7g   6.8g   2.5g R 106.2   0.9   3:24.92 nts	1696912509683
365256 root      20   0   65.7g   6.8g   2.5g R  94.1   0.9   3:25.60 nts	1696912510371
365256 root      20   0   65.7g   6.8g   2.5g R 106.2   0.9   3:26.29 nts	1696912511062
365256 root      20   0   65.7g   6.8g   2.5g R 100.0   0.9   3:26.99 nts	1696912511751
365256 root      20   0   65.7g   6.8g   2.5g R  94.1   0.9   3:27.67 nts	1696912512441
365256 root      20   0   65.7g   6.8g   2.5g R 100.0   0.9   3:28.36 nts	1696912513129
365256 root      20   0   65.7g   6.8g   2.5g R 100.0   0.9   3:29.06 nts	1696912513818
365256 root      20   0   65.7g   6.8g   2.5g R 100.0   0.9   3:29.75 nts	1696912514510
365256 root      20   0   65.7g   6.8g   2.5g R  94.1   0.9   3:30.43 nts	1696912515200
365256 root      20   0   65.7g   6.8g   2.5g R 100.0   0.9   3:31.12 nts	1696912515889
365256 root      20   0   65.7g   6.8g   2.5g R 100.0   0.9   3:31.82 nts	1696912516579
365256 root      20   0   65.7g   6.8g   2.5g R  94.1   0.9   3:32.50 nts	1696912517269
365256 root      20   0   65.7g   6.8g   2.5g R 100.0   0.9   3:33.19 nts	1696912517959
365256 root      20   0   65.7g   6.8g   2.5g R  94.1   0.9   3:33.88 nts	1696912518646
365256 root      20   0   65.7g   6.8g   2.5g R 105.9   0.9   3:34.58 nts	1696912519337
365256 root      20   0   65.7g   6.8g   2.5g R 100.0   0.9   3:35.27 nts	1696912520027
365256 root      20   0   65.7g   6.8g   2.5g R 100.0   0.9   3:35.96 nts	1696912520718
365256 root      20   0   65.7g   6.8g   2.5g R 100.0   0.9   3:36.65 nts	1696912521405
365256 root      20   0   65.7g   6.8g   2.5g R 100.0   0.9   3:37.34 nts	1696912522095
365256 root      20   0   65.7g   6.8g   2.5g R 106.2   0.9   3:38.02 nts	1696912522785
365256 root      20   0   65.7g   6.8g   2.5g R 100.0   0.9   3:38.71 nts	1696912523473
365256 root      20   0   65.7g   6.8g   2.5g R 106.2   0.9   3:39.40 nts	1696912524164
365256 root      20   0   65.7g   6.8g   2.5g R 100.0   0.9   3:40.09 nts	1696912524853
365256 root      20   0   65.7g   6.8g   2.5g R 106.2   0.9   3:40.79 nts	1696912525541
365256 root      20   0   65.7g   6.8g   2.5g R 100.0   0.9   3:41.47 nts	1696912526232
365256 root      20   0   65.7g   6.8g   2.5g R 100.0   0.9   3:42.16 nts	1696912526921
365256 root      20   0   65.7g   6.8g   2.5g R 100.0   0.9   3:42.85 nts	1696912527611
365256 root      20   0   65.7g   6.8g   2.5g R 100.0   0.9   3:43.54 nts	1696912528302
365256 root      20   0   65.7g   6.8g   2.5g R 106.2   0.9   3:44.24 nts	1696912528992
365256 root      20   0   65.7g   6.8g   2.5g R  94.1   0.9   3:44.92 nts	1696912529679
365256 root      20   0   65.7g   6.8g   2.5g R  94.1   0.9   3:45.61 nts	1696912530369
365256 root      20   0   65.7g   6.8g   2.5g R 100.0   0.9   3:46.31 nts	1696912531060
365256 root      20   0   65.7g   6.8g   2.5g R  94.1   0.9   3:46.99 nts	1696912531750
365256 root      20   0   65.7g   6.8g   2.5g R  94.1   0.9   3:47.68 nts	1696912532440
365256 root      20   0   65.7g   6.8g   2.5g R  94.1   0.9   3:48.37 nts	1696912533129
365256 root      20   0   65.7g   6.8g   2.5g R  94.1   0.9   3:49.06 nts	1696912533819
365256 root      20   0   65.7g   6.8g   2.5g R  94.1   0.9   3:49.75 nts	1696912534506
365256 root      20   0   65.7g   6.8g   2.5g R 105.9   0.9   3:50.45 nts	1696912535196
365256 root      20   0   65.7g   6.8g   2.5g R 100.0   0.9   3:51.13 nts	1696912535887
365256 root      20   0   65.7g   6.8g   2.5g R 100.0   0.9   3:51.82 nts	1696912536577
365256 root      20   0   65.7g   6.8g   2.5g R 100.0   0.9   3:52.51 nts	1696912537264
365256 root      20   0   65.7g   6.8g   2.5g R 106.2   0.9   3:53.20 nts	1696912537954
365256 root      20   0   65.7g   6.8g   2.5g R 100.0   0.9   3:53.89 nts	1696912538644
365256 root      20   0   65.7g   6.8g   2.5g R  94.1   0.9   3:54.58 nts	1696912539334
365256 root      20   0   65.7g   6.8g   2.5g R 106.2   0.9   3:55.27 nts	1696912540025
365256 root      20   0   65.7g   6.8g   2.5g R 106.2   0.9   3:55.97 nts	1696912540714
365256 root      20   0   65.7g   6.8g   2.5g R 100.0   0.9   3:56.65 nts	1696912541404
365256 root      20   0   65.7g   6.8g   2.5g R 106.2   0.9   3:57.34 nts	1696912542094
365256 root      20   0   65.7g   6.8g   2.5g R 106.2   0.9   3:58.04 nts	1696912542782
365256 root      20   0   65.7g   6.8g   2.5g R 106.2   0.9   3:58.73 nts	1696912543471
365256 root      20   0   65.7g   6.8g   2.5g R 106.2   0.9   3:59.42 nts	1696912544162
365256 root      20   0   65.7g   6.8g   2.5g R 100.0   0.9   4:00.10 nts	1696912544851
365256 root      20   0   65.7g   6.8g   2.5g R  94.1   0.9   4:00.79 nts	1696912545539
365256 root      20   0   65.7g   6.8g   2.5g R 100.0   0.9   4:01.49 nts	1696912546229
365256 root      20   0   65.7g   6.8g   2.5g R 100.0   0.9   4:02.18 nts	1696912546919
365256 root      20   0   65.7g   6.8g   2.5g R  94.1   0.9   4:02.86 nts	1696912547610
365256 root      20   0   65.7g   6.8g   2.5g R 100.0   0.9   4:03.55 nts	1696912548297
365256 root      20   0   65.7g   6.8g   2.5g R 100.0   0.9   4:04.24 nts	1696912548987
365256 root      20   0   65.7g   6.8g   2.5g R 100.0   0.9   4:04.93 nts	1696912549677
365256 root      20   0   65.7g   6.8g   2.5g R  94.1   0.9   4:05.62 nts	1696912550366
365256 root      20   0   65.7g   6.8g   2.5g R 100.0   0.9   4:06.31 nts	1696912551054
365256 root      20   0   65.7g   6.8g   2.5g R 100.0   0.9   4:07.00 nts	1696912551744
365256 root      20   0   65.7g   6.8g   2.5g R 100.0   0.9   4:07.69 nts	1696912552434
365256 root      20   0   65.7g   6.8g   2.5g R 106.2   0.9   4:08.38 nts	1696912553122
365256 root      20   0   65.7g   6.8g   2.5g R 100.0   0.9   4:09.06 nts	1696912553812
365256 root      20   0   65.7g   6.8g   2.5g R  94.1   0.9   4:09.76 nts	1696912554501
365256 root      20   0   65.7g   6.8g   2.5g R 106.2   0.9   4:10.45 nts	1696912555193
365256 root      20   0   65.7g   6.8g   2.5g R 100.0   0.9   4:11.14 nts	1696912555880
365256 root      20   0   65.7g   6.8g   2.5g R 100.0   0.9   4:11.83 nts	1696912556570
365256 root      20   0   65.7g   6.8g   2.5g R 100.0   0.9   4:12.52 nts	1696912557259
365256 root      20   0   65.7g   6.8g   2.5g R  94.1   0.9   4:13.21 nts	1696912557949
365256 root      20   0   65.7g   6.8g   2.5g R 100.0   0.9   4:13.90 nts	1696912558636
365256 root      20   0   65.7g   6.8g   2.5g R  94.1   0.9   4:14.59 nts	1696912559326
365256 root      20   0   65.7g   6.8g   2.5g R 100.0   0.9   4:15.28 nts	1696912560018
365256 root      20   0   65.7g   6.8g   2.5g R  94.1   0.9   4:15.97 nts	1696912560708
365256 root      20   0   65.7g   6.8g   2.5g R 100.0   0.9   4:16.66 nts	1696912561396
365256 root      20   0   65.7g   6.8g   2.5g R  94.1   0.9   4:17.35 nts	1696912562087
365256 root      20   0   65.7g   6.8g   2.5g R  94.1   0.9   4:18.03 nts	1696912562778
365256 root      20   0   65.7g   6.8g   2.5g R 100.0   0.9   4:18.73 nts	1696912563466
365256 root      20   0   65.7g   6.8g   2.5g R  94.1   0.9   4:19.41 nts	1696912564156
365256 root      20   0   65.7g   6.8g   2.5g R 100.0   0.9   4:20.11 nts	1696912564845
365256 root      20   0   65.7g   6.8g   2.5g R 100.0   0.9   4:20.80 nts	1696912565534
365256 root      20   0   65.7g   6.8g   2.5g R 100.0   0.9   4:21.49 nts	1696912566224
365256 root      20   0   65.7g   6.8g   2.5g R 100.0   0.9   4:22.17 nts	1696912566912
365256 root      20   0   65.7g   6.8g   2.5g R 100.0   0.9   4:22.87 nts	1696912567602
365256 root      20   0   65.7g   6.8g   2.5g R 106.2   0.9   4:23.56 nts	1696912568292
365256 root      20   0   65.9g   6.8g   2.5g R 341.2   0.9   4:24.56 nts	1696912568979
365256 root      20   0   66.1g   6.9g   2.5g D   0.0   1.0   4:24.98 nts	1696912569669
365256 root      20   0   66.4g   7.0g   2.5g R  94.1   1.0   4:25.53 nts	1696912570360
365256 root      20   0   66.6g   7.0g   2.5g R  82.4   1.0   4:25.85 nts	1696912571049
365256 root      20   0  334.8g   7.1g   2.6g S 662.5   1.0   4:30.38 nts	1696912571743
365256 root      20   0  336.9g   7.1g   2.6g S  1006   1.0   4:38.97 nts	1696912572437
365256 root      20   0  338.6g   7.2g   2.6g S  1306   1.0   4:48.08 nts	1696912573130
365256 root      20   0  339.4g   7.2g   2.6g S  1276   1.0   4:54.21 nts	1696912573824
365256 root      20   0  340.1g   7.2g   2.6g S 394.1   1.0   5:02.01 nts	1696912574519
365256 root      20   0  341.3g   7.2g   2.6g S  1419   1.0   5:11.01 nts	1696912575211
365256 root      20   0  342.0g   7.2g   2.6g S 635.3   1.0   5:19.19 nts	1696912575906
365256 root      20   0  342.5g   7.2g   2.6g S  1382   1.0   5:28.07 nts	1696912576600
365256 root      20   0  342.5g   7.2g   2.6g S 956.2   1.0   5:35.99 nts	1696912577292
365256 root      20   0  342.5g   7.2g   2.6g S  1400   1.0   5:45.70 nts	1696912577984
365256 root      20   0  342.6g   7.2g   2.6g S  1382   1.0   5:53.65 nts	1696912578680
365256 root      20   0  342.6g   7.2g   2.6g S  1394   1.0   6:03.39 nts	1696912579375
365256 root      20   0  343.3g   7.2g   2.6g S  1431   1.0   6:11.12 nts	1696912580072
365256 root      20   0  343.0g   7.2g   2.6g S  1282   1.0   6:20.37 nts	1696912580767
365256 root      20   0  343.4g   7.3g   2.6g S  1335   1.0   6:28.56 nts	1696912581460
365256 root      20   0  343.0g   7.3g   2.6g S 800.0   1.0   6:36.73 nts	1696912582153
365256 root      20   0  343.4g   7.3g   2.6g S  1359   1.0   6:46.42 nts	1696912582845
365256 root      20   0  343.4g   7.3g   2.6g S  1335   1.0   6:54.59 nts	1696912583538
365256 root      20   0  343.4g   7.3g   2.6g S  1462   1.0   7:04.36 nts	1696912584232
365256 root      20   0  343.4g   7.3g   2.6g S  1388   1.0   7:12.72 nts	1696912584927
365256 root      20   0  343.0g   7.3g   2.6g S 652.9   1.0   7:21.12 nts	1696912585621
365256 root      20   0  343.4g   7.3g   2.6g S  1365   1.0   7:30.47 nts	1696912586314
365256 root      20   0  343.4g   7.3g   2.6g S  1359   1.0   7:38.60 nts	1696912587009
365256 root      20   0  343.4g   7.3g   2.6g S  1382   1.0   7:48.29 nts	1696912587703
365256 root      20   0  344.2g   7.3g   2.6g S  1324   1.0   7:56.26 nts	1696912588397
365256 root      20   0  343.8g   7.3g   2.6g S  1162   1.0   8:05.40 nts	1696912589092
365256 root      20   0  344.2g   7.3g   2.6g S  1382   1.0   8:14.15 nts	1696912589786
365256 root      20   0  344.2g   7.3g   2.6g S 929.4   1.0   8:22.32 nts	1696912590480
365256 root      20   0  344.2g   7.3g   2.6g S  1359   1.0   8:32.10 nts	1696912591174
365256 root      20   0  356.7g   7.2g   2.6g S  1347   1.0   8:39.83 nts	1696912591868
365256 root      20   0  359.1g   7.3g   2.6g S  1375   1.0   8:48.80 nts	1696912592562
365256 root      20   0  360.6g   7.3g   2.6g S  1353   1.0   8:56.18 nts	1696912593256
365256 root      20   0  361.6g   7.3g   2.6g S  1165   1.0   9:05.55 nts	1696912593950
365256 root      20   0  362.3g   7.3g   2.6g S  1339   1.0   9:13.09 nts	1696912594645
365256 root      20   0  363.4g   7.3g   2.6g S 847.1   1.0   9:21.83 nts	1696912595363
365256 root      20   0  363.8g   7.3g   2.6g S  1347   1.0   9:30.30 nts	1696912596057
365256 root      20   0  363.5g   7.3g   2.6g S 729.4   1.0   9:38.35 nts	1696912596751
365256 root      20   0  363.8g   7.3g   2.6g S  1376   1.0   9:47.94 nts	1696912597443
365256 root      20   0  363.8g   7.3g   2.7g S  1376   1.0   9:56.07 nts	1696912598138
365256 root      20   0  363.8g   7.3g   2.7g S  1376   1.0  10:05.60 nts	1696912598833
365256 root      20   0  363.8g   7.3g   2.7g S  1347   1.0  10:13.67 nts	1696912599527
365256 root      20   0  363.5g   7.3g   2.7g S  1300   1.0  10:23.03 nts	1696912600222
365256 root      20   0  363.9g   7.3g   2.7g S  1335   1.0  10:31.14 nts	1696912600916
365256 root      20   0  364.3g   7.3g   2.7g S 741.2   1.0  10:39.23 nts	1696912601611
365256 root      20   0  364.6g   7.4g   2.7g S  1412   1.0  10:48.93 nts	1696912602303
365256 root      20   0  364.6g   7.4g   2.7g S  1324   1.0  10:57.14 nts	1696912603006
365256 root      20   0  364.6g   7.4g   2.7g S  1382   1.0  11:06.91 nts	1696912603699
365256 root      20   0  364.6g   7.4g   2.7g S  1450   1.0  11:15.22 nts	1696912604393
365256 root      20   0  364.3g   7.4g   2.7g S 658.8   1.0  11:23.66 nts	1696912605086
365256 root      20   0  364.6g   7.4g   2.7g S  1347   1.0  11:32.98 nts	1696912605780
365256 root      20   0  364.6g   7.4g   2.7g S  1371   1.0  11:41.16 nts	1696912606475
365256 root      20   0  364.6g   7.4g   2.7g S  1388   1.0  11:50.83 nts	1696912607170
365256 root      20   0  364.6g   7.4g   2.7g S  1359   1.0  11:58.95 nts	1696912607865
365256 root      20   0  364.3g   7.4g   2.7g S  1124   1.0  12:08.16 nts	1696912608560
365256 root      20   0  364.6g   7.4g   2.7g S  1353   1.0  12:16.53 nts	1696912609253
365256 root      20   0  364.3g   7.4g   2.7g S 670.6   1.0  12:24.64 nts	1696912609948
365256 root      20   0  364.6g   7.4g   2.7g S  1438   1.0  12:34.09 nts	1696912610642
365256 root      20   0  356.4g   7.3g   2.7g S 870.6   1.0  12:42.31 nts	1696912611337
365256 root      20   0  358.0g   7.3g   2.7g S  1294   1.0  12:51.64 nts	1696912612038
365256 root      20   0  359.5g   7.3g   2.7g S  1394   1.0  12:59.55 nts	1696912612746
365256 root      20   0  359.5g   7.3g   2.7g S  1353   1.0  13:09.22 nts	1696912613441
365256 root      20   0  360.9g   7.3g   2.7g S  1376   1.0  13:17.41 nts	1696912614134
365256 root      20   0  361.4g   7.4g   2.7g S 852.9   1.0  13:26.11 nts	1696912614829
365256 root      20   0  362.5g   7.4g   2.7g S  1382   1.0  13:35.06 nts	1696912615522
365256 root      20   0  363.2g   7.4g   2.7g S  1059   1.0  13:42.99 nts	1696912616216
365256 root      20   0  363.2g   7.4g   2.7g S  1394   1.0  13:52.73 nts	1696912616911
365256 root      20   0  363.2g   7.4g   2.7g S  1371   1.0  14:00.63 nts	1696912617606
365256 root      20   0  363.2g   7.4g   2.7g S  1359   1.0  14:10.33 nts	1696912618300
365256 root      20   0  363.2g   7.4g   2.7g S  1365   1.0  14:18.20 nts	1696912618994
365256 root      20   0  362.9g   7.4g   2.7g S  1041   1.0  14:27.31 nts	1696912619686
365256 root      20   0  363.2g   7.4g   2.7g S  1353   1.0  14:35.79 nts	1696912620381
365256 root      20   0  363.2g   7.4g   2.7g S  1018   1.0  14:44.15 nts	1696912621074
365256 root      20   0  363.2g   7.4g   2.7g S  1388   1.0  14:53.96 nts	1696912621769
365256 root      20   0  363.2g   7.4g   2.7g S  1353   1.0  15:02.15 nts	1696912622464
365256 root      20   0  362.9g   7.4g   2.7g S  1300   1.0  15:11.67 nts	1696912623160
365256 root      20   0  363.2g   7.4g   2.7g S  1365   1.0  15:19.90 nts	1696912623854
365256 root      20   0  363.6g   7.4g   2.7g S 676.5   1.0  15:28.11 nts	1696912624547
365256 root      20   0  364.0g   7.4g   2.7g S  1371   1.0  15:37.66 nts	1696912625241
365256 root      20   0  364.0g   7.4g   2.7g S  1400   1.0  15:45.85 nts	1696912625938
365256 root      20   0  364.0g   7.4g   2.7g S  1388   1.0  15:55.68 nts	1696912626633
365256 root      20   0  364.0g   7.4g   2.7g S  1335   1.0  16:03.78 nts	1696912627328
365256 root      20   0  363.6g   7.4g   2.7g S 941.2   1.0  16:12.69 nts	1696912628023
365256 root      20   0  364.0g   7.4g   2.8g S  1341   1.0  16:21.23 nts	1696912628717
365256 root      20   0  363.6g   7.4g   2.8g S 700.0   1.0  16:29.24 nts	1696912629409
365256 root      20   0  364.0g   7.4g   2.8g S  1425   1.0  16:38.76 nts	1696912630101
365256 root      20   0       0      0      0 Z  94.1   0.0  16:42.16 nts	1696912630794
365256 root      20   0       0      0      0 Z  64.7   0.0  16:42.75 nts	1696912631487
365256 root      20   0       0      0      0 Z 106.2   0.0  16:42.99 nts	1696912632175
