4189312 toao      20   0 2564556  96240  67708 R  94.1   0.0   0:00.17 nts	1687263768844
4189312 toao      20   0 2586924 129776  78748 R 100.0   0.1   0:00.33 nts	1687263768999
4189312 toao      20   0 5292080 210276 115456 S  2988   0.1   0:12.42 nts	1687263769533
4189312 toao      20   0 5292080 210276 115456 R  2859   0.1   0:17.28 nts	1687263769697
4189312 toao      20   0 5377128 274948 115740 R 194.1   0.1   0:23.47 nts	1687263770226
4189312 toao      20   0 5377128 274948 115740 R 200.0   0.1   0:23.79 nts	1687263770384
4189312 toao      20   0 5377128 274948 115740 R 194.1   0.1   0:24.83 nts	1687263770915
4189312 toao      20   0 5377128 274948 115740 R 194.1   0.1   0:25.15 nts	1687263771073
4189312 toao      20   0 5377128 274948 115740 R 194.1   0.1   0:26.20 nts	1687263771602
4189312 toao      20   0 5377128 274948 115740 R 206.2   0.1   0:26.51 nts	1687263771762
4189312 toao      20   0 5377128 274948 115740 R 194.1   0.1   0:27.57 nts	1687263772294
4189312 toao      20   0 5377128 274948 115740 R 206.2   0.1   0:27.87 nts	1687263772449
4189312 toao      20   0 5377128 274948 115740 R 206.2   0.1   0:28.95 nts	1687263772989
4189312 toao      20   0 5377128 274948 115740 R 206.2   0.1   0:29.24 nts	1687263773138
4189312 toao      20   0 5377128 274948 115740 R 194.1   0.1   0:30.32 nts	1687263773684
4189312 toao      20   0 5377128 274948 115740 R 212.5   0.1   0:30.62 nts	1687263773830
4189312 toao      20   0 5377128 274948 115740 R 200.0   0.1   0:31.69 nts	1687263774374
4189312 toao      20   0 5377128 274948 115740 R 188.2   0.1   0:31.98 nts	1687263774523
4189312 toao      20   0 5377128 274948 115740 R 188.2   0.1   0:33.06 nts	1687263775065
4189312 toao      20   0 5377128 274948 115740 R 194.1   0.1   0:33.36 nts	1687263775214
4189312 toao      20   0 5377128 274948 115740 R 206.2   0.1   0:34.43 nts	1687263775756
4189312 toao      20   0 5377128 274948 115740 R 206.2   0.1   0:34.74 nts	1687263775906
4189312 toao      20   0 5377128 274948 115740 R 200.0   0.1   0:35.80 nts	1687263776446
4189312 toao      20   0 5377128 274948 115740 R 206.2   0.1   0:36.10 nts	1687263776598
4189312 toao      20   0 6608776 789168 115928 R 712.5   0.4   0:38.99 nts	1687263777148
4189312 toao      20   0 6608776 790484 115928 R 737.5   0.4   0:40.00 nts	1687263777292
4189312 toao      20   0 6608776 791800 115928 R 711.8   0.4   0:43.97 nts	1687263777834
4189312 toao      20   0 6608776 791800 115928 R 781.2   0.4   0:45.21 nts	1687263777989
4189312 toao      20   0 6608776 793860 115928 R 805.9   0.4   0:49.42 nts	1687263778522
4189312 toao      20   0 6608776 794380 115928 R 758.8   0.4   0:50.69 nts	1687263778678
4189312 toao      20   0 6608776 794888 115928 R 831.2   0.4   0:54.68 nts	1687263779212
4189312 toao      20   0 6608776 794888 115928 R 806.2   0.4   0:55.99 nts	1687263779374
4189312 toao      20   0 7696844 815812 115964 R 443.8   0.4   0:59.39 nts	1687263779900
4189312 toao      20   0 7696844 815812 115964 R 200.0   0.4   0:59.75 nts	1687263780072
4189312 toao      20   0 7696844 815812 115964 R 200.0   0.4   1:00.76 nts	1687263780589
4189312 toao      20   0 7696844 815812 115964 R 206.2   0.4   1:01.11 nts	1687263780767
4189312 toao      20   0 7696844 815812 115964 R 194.1   0.4   1:02.14 nts	1687263781285
4189312 toao      20   0 7696844 815812 115964 R 200.0   0.4   1:02.47 nts	1687263781457
4189312 toao      20   0 7696844 815812 115964 R 206.2   0.4   1:03.52 nts	1687263781979
4189312 toao      20   0 7696844 815812 115964 R 206.2   0.4   1:03.86 nts	1687263782149
4189312 toao      20   0 7696844 815812 115964 R 188.2   0.4   1:04.89 nts	1687263782671
4189312 toao      20   0 7696844 815812 115964 R 188.2   0.4   1:05.23 nts	1687263782842
4189312 toao      20   0 7696844 815812 115964 R 194.1   0.4   1:06.27 nts	1687263783365
4189312 toao      20   0 7696844 815812 115964 R 206.2   0.4   1:06.60 nts	1687263783536
4189312 toao      20   0 7696844 815812 115964 R 200.0   0.4   1:07.64 nts	1687263784059
4189312 toao      20   0 7696844 815812 115964 R 200.0   0.4   1:07.97 nts	1687263784230
4189312 toao      20   0 7696844 815812 115964 R 188.2   0.4   1:09.01 nts	1687263784754
4189312 toao      20   0 7696844 815812 115964 R 188.2   0.4   1:09.34 nts	1687263784921
4189312 toao      20   0 7696844 815812 115964 R 206.2   0.4   1:10.37 nts	1687263785442
4189312 toao      20   0 7696844 815812 115964 R 194.1   0.4   1:10.72 nts	1687263785614
4189312 toao      20   0 7696844 815812 115964 R 200.0   0.4   1:11.73 nts	1687263786130
4189312 toao      20   0 8918928   1.3g 115964 R 811.8   0.7   1:13.14 nts	1687263786305
4189312 toao      20   0 8918928   1.3g 115964 R 856.2   0.7   1:17.25 nts	1687263786817
4189312 toao      20   0 8918928   1.3g 115964 R 831.2   0.7   1:18.78 nts	1687263786987
4189312 toao      20   0 8918928   1.3g 115964 R 917.6   0.7   1:23.30 nts	1687263787507
4189312 toao      20   0 8918928   1.3g 115964 R 906.2   0.7   1:24.76 nts	1687263787677
4189312 toao      20   0 8918928   1.3g 115964 R 905.9   0.7   1:29.60 nts	1687263788192
4189312 toao      20   0 8918928   1.3g 115964 R 923.5   0.7   1:31.17 nts	1687263788363
4189312 toao      20   0 8918928   1.3g 115964 R 931.2   0.7   1:35.93 nts	1687263788891
4189312 toao      20   0 8918928   1.3g 115964 R  1041   0.7   1:37.70 nts	1687263789053
4189312 toao      20   0 8918928   1.3g 115964 R 962.5   0.7   1:42.66 nts	1687263789581
4189312 toao      20   0 8918928   1.3g 115964 R 918.8   0.7   1:44.03 nts	1687263789738
4189312 toao      20   0 9892.5m   1.3g 115964 R 100.0   0.7   1:45.49 nts	1687263790269
4189312 toao      20   0 9892.5m   1.3g 115964 R 100.0   0.7   1:45.65 nts	1687263790426
4189312 toao      20   0 9892.5m   1.3g 115964 R 106.2   0.7   1:46.18 nts	1687263790959
4189312 toao      20   0 9892.5m   1.3g 115964 R 106.2   0.7   1:46.35 nts	1687263791118
4189312 toao      20   0 9892.5m   1.3g 115964 R 106.2   0.7   1:46.88 nts	1687263791652
4189312 toao      20   0 9892.5m   1.3g 115964 R 100.0   0.7   1:47.04 nts	1687263791817
4189312 toao      20   0 9892.5m   1.3g 115964 R 100.0   0.7   1:47.57 nts	1687263792342
4189312 toao      20   0 9892.5m   1.3g 115964 R 100.0   0.7   1:47.73 nts	1687263792509
4189312 toao      20   0 9892.5m   1.3g 115964 R 100.0   0.7   1:48.26 nts	1687263793038
4189312 toao      20   0 9892.5m   1.3g 115964 R 100.0   0.7   1:48.43 nts	1687263793197
4189312 toao      20   0   10.2g   1.8g 115964 R 100.0   0.9   1:48.95 nts	1687263793728
4189312 toao      20   0   10.2g   1.8g 115964 R 100.0   0.9   1:49.12 nts	1687263793896
4189312 toao      20   0   10.2g   1.8g 115964 R 100.0   0.9   1:49.65 nts	1687263794420
4189312 toao      20   0   10.2g   1.8g 115964 R 100.0   0.9   1:49.81 nts	1687263794590
4189312 toao      20   0   10.2g   1.8g 115964 R  94.1   0.9   1:50.33 nts	1687263795115
4189312 toao      20   0   10.2g   1.8g 115964 R 100.0   0.9   1:50.51 nts	1687263795283
4189312 toao      20   0   10.2g   1.8g 115964 R 105.9   1.0   1:51.03 nts	1687263795802
4189312 toao      20   0   10.2g   1.8g 115964 R  94.1   1.0   1:51.20 nts	1687263795981
4189312 toao      20   0   10.2g   1.8g 115964 R 106.2   1.0   1:51.72 nts	1687263796498
4189312 toao      20   0   10.2g   1.8g 115964 R 100.0   1.0   1:51.89 nts	1687263796670
4189312 toao      20   0   10.2g   1.8g 115964 R 106.2   1.0   1:52.42 nts	1687263797191
4189312 toao      20   0   10.2g   1.8g 115964 R  93.8   1.0   1:52.57 nts	1687263797362
4189312 toao      20   0   10.2g   1.8g 115964 R  94.1   1.0   1:53.10 nts	1687263797883
4189312 toao      20   0   10.2g   1.8g 115964 R 106.2   1.0   1:53.27 nts	1687263798050
4189312 toao      20   0   10.2g   1.8g 115964 R 100.0   1.0   1:53.79 nts	1687263798570
4189312 toao      20   0   10.2g   1.8g 115964 R 106.2   1.0   1:53.96 nts	1687263798737
4189312 toao      20   0   10.2g   1.8g 115964 R  94.1   1.0   1:54.48 nts	1687263799263
4189312 toao      20   0   10.2g   1.8g 115964 R 100.0   1.0   1:54.65 nts	1687263799430
4189312 toao      20   0   10.2g   1.8g 115964 R 106.2   1.0   1:55.18 nts	1687263799957
4189312 toao      20   0   10.2g   1.8g 115964 R  94.1   1.0   1:55.35 nts	1687263800126
4189312 toao      20   0   10.2g   1.8g 116096 R 143.8   1.0   1:55.94 nts	1687263800649
4189312 toao      20   0   15.1g   1.9g 220212 R 481.2   1.0   1:56.72 nts	1687263800819
4189312 toao      20   0   15.7g   2.5g 300152 R 100.0   1.3   1:57.25 nts	1687263801345
4189312 toao      20   0   15.9g   2.7g 329968 R 106.2   1.4   1:57.42 nts	1687263801510
4189312 toao      20   0   16.6g   3.3g 445672 R 106.2   1.7   1:57.94 nts	1687263802037
4189312 toao      20   0   16.8g   3.5g 479648 R  94.1   1.9   1:58.10 nts	1687263802203
4189312 toao      20   0   17.6g   4.2g 510060 R 106.2   2.2   1:58.63 nts	1687263802730
4189312 toao      20   0   17.6g   4.2g 510060 R  94.1   2.2   1:58.79 nts	1687263802897
4189312 toao      20   0   17.6g   4.2g 510060 R 106.2   2.2   1:59.32 nts	1687263803420
4189312 toao      20   0   17.6g   4.2g 510060 R 106.2   2.2   1:59.49 nts	1687263803588
4189312 toao      20   0   17.6g   4.2g 510060 R 105.9   2.2   2:00.02 nts	1687263804113
4189312 toao      20   0   17.6g   4.2g 510060 R  94.1   2.2   2:00.18 nts	1687263804280
4189312 toao      20   0   17.6g   4.2g 510060 R 100.0   2.2   2:00.70 nts	1687263804808
4189312 toao      20   0   17.6g   4.2g 510060 R 100.0   2.2   2:00.87 nts	1687263804973
4189312 toao      20   0   17.6g   4.2g 510060 R  94.1   2.2   2:01.39 nts	1687263805501
4189312 toao      20   0   17.6g   4.2g 510060 R 106.2   2.2   2:01.57 nts	1687263805668
4189312 toao      20   0   17.6g   4.2g 510060 R  94.1   2.2   2:02.09 nts	1687263806192
4189312 toao      20   0   17.6g   4.2g 510060 R 100.0   2.2   2:02.26 nts	1687263806362
4189312 toao      20   0   17.6g   4.2g 510060 R 112.5   2.2   2:02.79 nts	1687263806886
4189312 toao      20   0   17.6g   4.2g 510060 R 100.0   2.2   2:02.95 nts	1687263807056
4189312 toao      20   0   18.5g   4.7g   1.0g R 106.2   2.5   2:03.48 nts	1687263807580
4189312 toao      20   0   18.5g   5.1g   1.4g R  94.1   2.7   2:03.64 nts	1687263807743
4189312 toao      20   0   18.5g   5.1g   1.4g R 100.0   2.7   2:04.17 nts	1687263808272
4189312 toao      20   0   18.5g   5.1g   1.4g R 106.2   2.7   2:04.34 nts	1687263808436
4189312 toao      20   0   18.5g   5.1g   1.4g R 100.0   2.7   2:04.87 nts	1687263808964
4189312 toao      20   0   18.5g   5.1g   1.4g R 106.2   2.7   2:05.03 nts	1687263809130
4189312 toao      20   0   18.5g   5.1g   1.4g R 100.0   2.7   2:05.55 nts	1687263809656
4189312 toao      20   0   18.5g   5.1g   1.4g R 106.2   2.7   2:05.72 nts	1687263809820
4189312 toao      20   0   18.5g   5.1g   1.4g R 100.0   2.7   2:06.24 nts	1687263810347
4189312 toao      20   0   18.5g   5.1g   1.4g R 106.2   2.7   2:06.41 nts	1687263810513
4189312 toao      20   0   18.5g   5.1g   1.4g R  94.1   2.7   2:06.93 nts	1687263811036
4189312 toao      20   0   18.5g   5.1g   1.4g R 100.0   2.7   2:07.09 nts	1687263811200
4189312 toao      20   0   18.5g   5.1g   1.4g R 106.2   2.7   2:07.63 nts	1687263811727
4189312 toao      20   0   18.5g   5.1g   1.4g R 106.2   2.7   2:07.79 nts	1687263811887
4189312 toao      20   0   18.5g   5.1g   1.4g R 100.0   2.7   2:08.31 nts	1687263812421
4189312 toao      20   0   18.5g   5.1g   1.4g R 100.0   2.7   2:08.48 nts	1687263812580
4189312 toao      20   0   18.5g   5.1g   1.4g R 100.0   2.7   2:09.01 nts	1687263813110
4189312 toao      20   0   18.5g   5.1g   1.4g R 100.0   2.7   2:09.18 nts	1687263813273
4189312 toao      20   0   18.5g   5.1g   1.4g R 106.2   2.7   2:09.70 nts	1687263813800
4189312 toao      20   0   18.5g   5.1g   1.4g R 100.0   2.7   2:09.86 nts	1687263813967
4189312 toao      20   0   18.5g   5.1g   1.4g R 100.0   2.7   2:10.39 nts	1687263814494
4189312 toao      20   0   18.5g   5.1g   1.4g R 100.0   2.7   2:10.56 nts	1687263814662
4189312 toao      20   0   18.5g   5.1g   1.4g R 100.0   2.7   2:11.09 nts	1687263815185
4189312 toao      20   0   18.5g   5.1g   1.4g R 106.2   2.7   2:11.26 nts	1687263815356
4189312 toao      20   0   18.5g   5.1g   1.4g R 100.0   2.7   2:11.77 nts	1687263815876
4189312 toao      20   0   18.5g   5.1g   1.4g R 100.0   2.7   2:11.95 nts	1687263816047
4189312 toao      20   0   18.5g   5.1g   1.4g R 100.0   2.7   2:12.46 nts	1687263816563
4189312 toao      20   0   18.5g   5.1g   1.4g R 100.0   2.7   2:12.63 nts	1687263816739
4189312 toao      20   0   18.5g   5.1g   1.4g R 100.0   2.7   2:13.16 nts	1687263817253
4189312 toao      20   0   18.5g   5.1g   1.4g R 100.0   2.7   2:13.33 nts	1687263817429
4189312 toao      20   0   18.5g   5.1g   1.4g R 100.0   2.7   2:13.85 nts	1687263817949
4189312 toao      20   0   18.5g   5.1g   1.4g R 100.0   2.7   2:14.02 nts	1687263818120
4189312 toao      20   0   18.5g   5.1g   1.4g R 100.0   2.7   2:14.54 nts	1687263818642
4189312 toao      20   0   18.5g   5.1g   1.4g R 100.0   2.7   2:14.72 nts	1687263818813
4189312 toao      20   0   18.5g   5.1g   1.4g R 100.0   2.7   2:15.24 nts	1687263819332
4189312 toao      20   0   18.5g   5.1g   1.4g R 100.0   2.7   2:15.41 nts	1687263819504
4189312 toao      20   0   18.5g   5.1g   1.4g R 100.0   2.7   2:15.93 nts	1687263820025
4189312 toao      20   0   18.5g   5.1g   1.4g R 100.0   2.7   2:16.10 nts	1687263820197
4189312 toao      20   0   18.5g   5.1g   1.4g R  94.1   2.7   2:16.61 nts	1687263820714
4189312 toao      20   0   18.5g   5.1g   1.4g R 106.2   2.7   2:16.79 nts	1687263820889
4189312 toao      20   0   18.5g   5.1g   1.4g R 100.0   2.7   2:17.30 nts	1687263821403
4189312 toao      20   0   18.5g   5.1g   1.4g R 100.0   2.7   2:17.49 nts	1687263821580
4189312 toao      20   0   18.5g   5.1g   1.4g R 100.0   2.7   2:17.99 nts	1687263822088
4189312 toao      20   0   18.5g   5.1g   1.4g R 100.0   2.7   2:18.17 nts	1687263822270
4189312 toao      20   0   18.5g   5.1g   1.4g R 106.2   2.7   2:18.68 nts	1687263822780
4189312 toao      20   0   18.5g   5.1g   1.4g R 100.0   2.7   2:18.86 nts	1687263822960
4189312 toao      20   0   18.5g   5.1g   1.4g R 100.0   2.7   2:19.38 nts	1687263823472
4189312 toao      20   0   18.5g   5.1g   1.4g R 100.0   2.7   2:19.56 nts	1687263823653
4189312 toao      20   0   18.5g   5.1g   1.4g R 100.0   2.7   2:20.07 nts	1687263824166
4189312 toao      20   0   18.5g   5.1g   1.4g R 100.0   2.7   2:20.25 nts	1687263824345
4189312 toao      20   0   18.5g   5.1g   1.4g R 100.0   2.7   2:20.77 nts	1687263824861
4189312 toao      20   0   18.5g   5.1g   1.4g R 100.0   2.7   2:20.94 nts	1687263825038
4189312 toao      20   0   18.5g   5.1g   1.4g R 100.0   2.7   2:21.45 nts	1687263825552
4189312 toao      20   0   18.5g   5.1g   1.4g R 106.2   2.7   2:21.64 nts	1687263825728
4189312 toao      20   0   18.5g   5.1g   1.4g R 106.2   2.7   2:22.14 nts	1687263826233
4189312 toao      20   0   18.5g   5.1g   1.4g R 106.2   2.7   2:22.33 nts	1687263826420
4189312 toao      20   0   18.5g   5.1g   1.4g R 100.0   2.7   2:22.82 nts	1687263826921
4189312 toao      20   0   18.5g   5.1g   1.4g R 100.0   2.7   2:23.01 nts	1687263827112
4189312 toao      20   0   18.5g   5.1g   1.4g R  94.1   2.7   2:23.51 nts	1687263827612
4189312 toao      20   0   18.5g   5.1g   1.4g R 100.0   2.7   2:23.70 nts	1687263827800
4189312 toao      20   0   18.5g   5.1g   1.4g R 100.0   2.7   2:24.21 nts	1687263828307
4189312 toao      20   0   18.5g   5.1g   1.4g R  94.1   2.7   2:24.39 nts	1687263828493
4189312 toao      20   0   18.5g   5.1g   1.4g R 100.0   2.7   2:24.90 nts	1687263829000
4189312 toao      20   0   18.5g   5.1g   1.4g R 100.0   2.7   2:25.09 nts	1687263829185
4189312 toao      20   0   18.5g   5.1g   1.4g R 106.2   2.7   2:25.60 nts	1687263829689
4189312 toao      20   0   18.5g   5.1g   1.4g R  94.1   2.7   2:25.78 nts	1687263829873
4189312 toao      20   0   18.5g   5.1g   1.4g R 100.0   2.7   2:26.28 nts	1687263830380
4189312 toao      20   0   18.5g   5.1g   1.4g R 100.0   2.7   2:26.47 nts	1687263830563
4189312 toao      20   0   18.5g   5.1g   1.4g R 100.0   2.7   2:26.97 nts	1687263831064
4189312 toao      20   0   18.5g   5.1g   1.4g R 100.0   2.7   2:27.15 nts	1687263831254
4189312 toao      20   0   18.5g   5.1g   1.4g R 106.2   2.7   2:27.66 nts	1687263831757
4189312 toao      20   0   18.5g   5.1g   1.4g R 106.2   2.7   2:27.84 nts	1687263831940
4189312 toao      20   0   18.5g   5.1g   1.4g R 106.2   2.7   2:28.35 nts	1687263832449
4189312 toao      20   0   18.5g   5.1g   1.4g R 100.0   2.7   2:28.54 nts	1687263832632
4189312 toao      20   0   18.5g   5.1g   1.4g R 100.0   2.7   2:29.04 nts	1687263833141
4189312 toao      20   0   18.5g   5.1g   1.4g R  94.1   2.7   2:29.23 nts	1687263833323
4189312 toao      20   0   18.5g   5.1g   1.4g R 100.0   2.7   2:29.74 nts	1687263833830
4189312 toao      20   0   18.5g   5.1g   1.4g R 100.0   2.7   2:29.92 nts	1687263834016
4189312 toao      20   0   18.5g   5.1g   1.4g R 100.0   2.7   2:30.43 nts	1687263834523
4189312 toao      20   0   18.5g   5.1g   1.4g R 100.0   2.7   2:30.61 nts	1687263834705
4189312 toao      20   0   18.5g   5.1g   1.4g R 100.0   2.7   2:31.12 nts	1687263835218
4189312 toao      20   0   18.5g   5.1g   1.4g R 100.0   2.7   2:31.30 nts	1687263835396
4189312 toao      20   0   18.5g   5.1g   1.4g R 100.0   2.7   2:31.81 nts	1687263835908
4189312 toao      20   0   18.5g   5.1g   1.4g R  94.1   2.7   2:31.98 nts	1687263836083
4189312 toao      20   0   18.5g   5.1g   1.4g R 100.0   2.7   2:32.50 nts	1687263836595
4189312 toao      20   0   18.5g   5.1g   1.4g R  94.1   2.7   2:32.68 nts	1687263836775
4189312 toao      20   0   18.5g   5.1g   1.4g R  94.1   2.7   2:33.19 nts	1687263837285
4189312 toao      20   0   18.5g   5.1g   1.4g R  94.1   2.7   2:33.38 nts	1687263837472
4189312 toao      20   0   18.5g   5.1g   1.4g R 100.0   2.7   2:33.88 nts	1687263837976
4189312 toao      20   0   18.5g   5.1g   1.4g R 100.0   2.7   2:34.07 nts	1687263838164
4189312 toao      20   0   18.5g   5.1g   1.4g R  94.1   2.7   2:34.57 nts	1687263838670
4189312 toao      20   0   18.5g   5.1g   1.4g R 106.2   2.7   2:34.76 nts	1687263838856
4189312 toao      20   0   18.5g   5.1g   1.4g R 100.0   2.7   2:35.27 nts	1687263839364
4189312 toao      20   0   18.5g   5.1g   1.4g R 100.0   2.7   2:35.45 nts	1687263839550
4189312 toao      20   0   18.5g   5.1g   1.4g R 100.0   2.7   2:35.97 nts	1687263840055
4189312 toao      20   0   18.5g   5.1g   1.4g R  94.1   2.7   2:36.15 nts	1687263840241
4189312 toao      20   0   18.5g   5.1g   1.4g R  94.1   2.7   2:36.66 nts	1687263840750
4189312 toao      20   0   18.5g   5.1g   1.4g R 106.2   2.7   2:36.84 nts	1687263840931
4189312 toao      20   0   18.5g   5.1g   1.4g R 100.0   2.7   2:37.35 nts	1687263841442
4189312 toao      20   0   18.5g   5.1g   1.4g R 100.0   2.7   2:37.52 nts	1687263841620
4189312 toao      20   0   18.5g   5.1g   1.4g R 100.0   2.7   2:38.04 nts	1687263842136
4189312 toao      20   0   18.5g   5.1g   1.4g R 106.2   2.7   2:38.21 nts	1687263842308
4189312 toao      20   0   18.5g   5.1g   1.4g R 100.0   2.7   2:38.73 nts	1687263842828
4189312 toao      20   0   18.5g   5.1g   1.4g R 100.0   2.7   2:38.91 nts	1687263843000
4189312 toao      20   0   18.5g   5.1g   1.4g R 106.2   2.7   2:39.43 nts	1687263843520
4189312 toao      20   0   18.5g   5.1g   1.4g R 100.0   2.7   2:39.60 nts	1687263843695
4189312 toao      20   0   18.5g   5.1g   1.4g R 100.0   2.7   2:40.13 nts	1687263844214
4189312 toao      20   0   18.5g   5.1g   1.4g R 106.2   2.7   2:40.30 nts	1687263844387
4189312 toao      20   0   18.5g   5.1g   1.4g R 106.2   2.7   2:40.82 nts	1687263844908
4189312 toao      20   0   18.5g   5.1g   1.4g R 106.2   2.7   2:40.99 nts	1687263845076
4189312 toao      20   0   18.5g   5.1g   1.4g R 100.0   2.7   2:41.51 nts	1687263845600
4189312 toao      20   0   18.5g   5.1g   1.4g R 106.2   2.7   2:41.68 nts	1687263845769
4189312 toao      20   0   18.5g   5.1g   1.4g R 106.2   2.7   2:42.20 nts	1687263846292
4189312 toao      20   0   18.5g   5.1g   1.4g R 100.0   2.7   2:42.37 nts	1687263846459
4189312 toao      20   0   18.5g   5.1g   1.4g R  94.1   2.7   2:42.88 nts	1687263846982
4189312 toao      20   0   18.5g   5.1g   1.4g R  94.1   2.7   2:43.06 nts	1687263847153
4189312 toao      20   0   18.5g   5.1g   1.4g R 106.2   2.7   2:43.58 nts	1687263847669
4189312 toao      20   0   18.5g   5.1g   1.4g R  94.1   2.7   2:43.75 nts	1687263847843
4189312 toao      20   0   18.5g   5.1g   1.4g R  94.1   2.7   2:44.27 nts	1687263848364
4189312 toao      20   0   18.5g   5.1g   1.4g R 106.2   2.7   2:44.45 nts	1687263848536
4189312 toao      20   0   18.5g   5.1g   1.4g R 100.0   2.7   2:44.96 nts	1687263849051
4189312 toao      20   0   18.5g   5.1g   1.4g R 100.0   2.7   2:45.13 nts	1687263849227
4189312 toao      20   0   18.5g   5.1g   1.4g R 106.2   2.7   2:45.65 nts	1687263849740
4189312 toao      20   0   18.5g   5.1g   1.4g R 100.0   2.7   2:45.83 nts	1687263849922
4189312 toao      20   0   18.5g   5.1g   1.4g R 100.0   2.7   2:46.33 nts	1687263850433
4189312 toao      20   0   18.5g   5.1g   1.4g R 106.2   2.7   2:46.52 nts	1687263850615
4189312 toao      20   0   18.5g   5.1g   1.4g R 106.2   2.7   2:47.03 nts	1687263851120
4189312 toao      20   0   18.5g   5.1g   1.4g R 100.0   2.7   2:47.21 nts	1687263851306
4189312 toao      20   0   18.5g   5.1g   1.4g R 100.0   2.7   2:47.73 nts	1687263851813
4189312 toao      20   0   18.5g   5.1g   1.4g R 100.0   2.7   2:47.91 nts	1687263851997
4189312 toao      20   0   18.5g   5.1g   1.4g R 106.2   2.7   2:48.42 nts	1687263852512
4189312 toao      20   0   18.5g   5.1g   1.4g R 106.2   2.7   2:48.60 nts	1687263852688
4189312 toao      20   0   18.5g   5.1g   1.4g R 100.0   2.7   2:49.12 nts	1687263853204
4189312 toao      20   0   18.5g   5.1g   1.4g R 100.0   2.7   2:49.29 nts	1687263853381
4189312 toao      20   0   18.5g   5.1g   1.4g R 100.0   2.7   2:49.81 nts	1687263853895
4189312 toao      20   0   18.5g   5.1g   1.4g R 100.0   2.7   2:49.99 nts	1687263854072
4189312 toao      20   0   18.5g   5.1g   1.4g R 112.5   2.7   2:50.51 nts	1687263854590
4189312 toao      20   0   18.5g   5.1g   1.4g R 106.2   2.7   2:50.68 nts	1687263854767
4189312 toao      20   0   18.5g   5.1g   1.4g R 100.0   2.7   2:51.20 nts	1687263855283
4189312 toao      20   0   18.5g   5.1g   1.4g R 100.0   2.7   2:51.37 nts	1687263855459
4189312 toao      20   0   18.5g   5.1g   1.4g R 100.0   2.7   2:51.89 nts	1687263855976
4189312 toao      20   0   18.5g   5.1g   1.4g R 106.2   2.7   2:52.06 nts	1687263856151
4189312 toao      20   0   18.5g   5.1g   1.4g R 100.0   2.7   2:52.58 nts	1687263856668
4189312 toao      20   0   18.5g   5.1g   1.4g R 106.2   2.7   2:52.76 nts	1687263856838
4189312 toao      20   0   18.5g   5.1g   1.4g R  94.1   2.7   2:53.27 nts	1687263857361
4189312 toao      20   0   18.5g   5.1g   1.4g R  94.1   2.7   2:53.44 nts	1687263857533
4189312 toao      20   0   18.5g   5.1g   1.4g R 100.0   2.7   2:53.97 nts	1687263858054
4189312 toao      20   0   18.5g   5.1g   1.4g R 100.0   2.7   2:54.14 nts	1687263858223
4189312 toao      20   0   18.5g   5.1g   1.4g R 106.2   2.7   2:54.66 nts	1687263858746
4189312 toao      20   0   18.5g   5.1g   1.4g R 100.0   2.7   2:54.83 nts	1687263858916
4189312 toao      20   0   18.5g   5.1g   1.4g R 106.2   2.7   2:55.35 nts	1687263859438
4189312 toao      20   0   18.5g   5.1g   1.4g R 100.0   2.7   2:55.52 nts	1687263859608
4189312 toao      20   0   18.5g   5.1g   1.4g R 100.0   2.7   2:56.04 nts	1687263860130
4189312 toao      20   0   18.5g   5.1g   1.4g R 106.2   2.7   2:56.22 nts	1687263860300
4189312 toao      20   0   20.7g   5.1g   1.4g R 464.7   2.7   2:57.64 nts	1687263860816
4189312 toao      20   0   20.7g   5.1g   1.4g R  1553   2.7   3:00.73 nts	1687263860992
4189312 toao      20   0   20.7g   5.2g   1.4g R  1519   2.8   3:06.56 nts	1687263861507
4189312 toao      20   0   20.7g   5.2g   1.4g S 576.5   2.8   3:07.89 nts	1687263861705
4189312 toao      20   0   20.7g   5.2g   1.4g S  2012   2.8   3:14.63 nts	1687263862220
4189312 toao      20   0   20.7g   5.2g   1.4g R  1250   2.8   3:16.64 nts	1687263862390
4189312 toao      20   0   20.7g   5.2g   1.4g R  1141   2.8   3:25.52 nts	1687263862928
4189312 toao      20   0   20.7g   5.2g   1.4g R  1389   2.8   3:29.23 nts	1687263863117
4189312 toao      20   0   20.7g   5.2g   1.4g R  1594   2.8   3:37.20 nts	1687263863647
4189312 toao      20   0   20.7g   5.2g   1.4g R  1779   2.8   3:42.48 nts	1687263863876
4189312 toao      20   0   20.7g   5.2g   1.4g R  1524   2.8   3:49.13 nts	1687263864326
4189312 toao      20   0   20.7g   5.2g   1.4g R  1894   2.8   3:53.44 nts	1687263864596
4189312 toao      20   0   20.7g   5.2g   1.4g R  1700   2.8   4:00.90 nts	1687263865012
4189312 toao      20   0   20.7g   5.2g   1.4g R  1447   2.8   4:04.73 nts	1687263865311
4189312 toao      20   0   20.7g   5.2g   1.4g R  1629   2.8   4:12.42 nts	1687263865716
4189312 toao      20   0   20.7g   5.2g   1.4g R  1459   2.8   4:17.41 nts	1687263866037
4189312 toao      20   0   20.7g   5.2g   1.4g R  1329   2.8   4:23.95 nts	1687263866423
4189312 toao      20   0   20.7g   5.2g   1.4g R  1571   2.8   4:30.11 nts	1687263866774
4189312 toao      20   0   20.7g   5.2g   1.4g R  1669   2.8   4:36.09 nts	1687263867131
4189312 toao      20   0   20.7g   5.2g   1.4g R  1194   2.8   4:40.95 nts	1687263867470
4189312 toao      20   0   20.7g   5.2g   1.4g R  1600   2.8   4:47.78 nts	1687263867840
4189312 toao      20   0   20.7g   5.2g   1.4g R  1794   2.8   4:54.04 nts	1687263868182
4189312 toao      20   0   20.7g   5.2g   1.4g R  1694   2.8   5:00.08 nts	1687263868542
4189312 toao      20   0   46.5g   5.8g   2.1g R 212.5   3.1   5:02.31 nts	1687263868888
4189312 toao      20   0   48.3g   6.6g   2.9g S 205.9   3.5   5:03.01 nts	1687263869234
4189312 toao      20   0   51.6g   6.7g   2.9g S  2000   3.6   5:09.23 nts	1687263869576
4189312 toao      20   0   52.2g   6.7g   2.9g S  2312   3.6   5:16.80 nts	1687263869924
4189312 toao      20   0   52.2g   6.7g   2.9g S  2071   3.6   5:23.56 nts	1687263870255
4189312 toao      20   0   52.2g   6.7g   2.9g S  2062   3.6   5:30.83 nts	1687263870608
4189312 toao      20   0   57.9g   6.7g   2.9g S  1800   3.6   5:37.01 nts	1687263870939
4189312 toao      20   0   58.5g   6.7g   2.9g S  1835   3.6   5:44.01 nts	1687263871295
4189312 toao      20   0   58.4g   6.7g   2.9g S  2175   3.6   5:51.23 nts	1687263871633
4189312 toao      20   0   58.4g   6.7g   2.9g S  1929   3.6   5:58.73 nts	1687263871995
4189312 toao      20   0   56.7g   6.7g   2.9g S  2038   3.6   6:05.43 nts	1687263872323
4189312 toao      20   0   58.5g   6.7g   2.9g S  2144   3.6   6:12.39 nts	1687263872679
4189312 toao      20   0   58.4g   6.7g   2.9g S  2219   3.6   6:19.10 nts	1687263873000
4189312 toao      20   0   58.5g   6.7g   2.9g S  1888   3.6   6:26.55 nts	1687263873373
4189312 toao      20   0   58.4g   6.7g   2.9g S  2175   3.6   6:33.33 nts	1687263873683
4189312 toao      20   0   58.4g   6.7g   2.9g S  2031   3.6   6:40.78 nts	1687263874053
4189312 toao      20   0   58.4g   6.7g   2.9g S  2325   3.6   6:47.66 nts	1687263874368
4189312 toao      20   0   58.5g   6.7g   2.9g S  2076   3.6   6:55.64 nts	1687263874742
4189312 toao      20   0   58.5g   6.7g   2.9g S  2344   3.6   7:02.62 nts	1687263875066
4189312 toao      20   0   57.3g   6.7g   2.9g S  1981   3.6   7:09.86 nts	1687263875436
4189312 toao      20   0   58.6g   6.7g   2.9g S  2294   3.6   7:16.86 nts	1687263875760
4189312 toao      20   0   58.6g   6.7g   2.9g S  1959   3.6   7:23.92 nts	1687263876112
4189312 toao      20   0   59.2g   6.7g   2.9g S  2129   3.6   7:31.47 nts	1687263876465
4189312 toao      20   0   58.6g   6.7g   2.9g S  2056   3.6   7:38.18 nts	1687263876799
4189312 toao      20   0   58.6g   6.7g   2.9g S  2188   3.6   7:45.80 nts	1687263877158
4189312 toao      20   0   58.6g   6.7g   2.9g S  2024   3.6   7:52.90 nts	1687263877492
4189312 toao      20   0   58.6g   6.7g   2.9g S  2038   3.6   7:59.25 nts	1687263877839
4189312 toao      20   0   58.7g   6.7g   2.9g S  2125   3.6   8:06.55 nts	1687263878182
4189312 toao      20   0   58.0g   6.7g   2.9g S  1969   3.6   8:13.58 nts	1687263878520
4189312 toao      20   0   58.6g   6.7g   2.9g S  2206   3.6   8:20.93 nts	1687263878863
4189312 toao      20   0   58.7g   6.7g   2.9g S  1988   3.6   8:28.43 nts	1687263879214
4189312 toao      20   0   58.6g   6.7g   2.9g S  2171   3.6   8:36.05 nts	1687263879558
4189312 toao      20   0   57.4g   6.7g   2.9g S  2082   3.6   8:43.24 nts	1687263879902
4189312 toao      20   0   58.6g   6.7g   2.9g S  2225   3.6   8:50.58 nts	1687263880249
4189312 toao      20   0   59.1g   6.7g   2.9g S  1959   3.6   8:57.70 nts	1687263880592
4189312 toao      20   0   59.2g   6.7g   2.9g S  1894   3.6   9:04.82 nts	1687263880936
4189312 toao      20   0   58.6g   6.7g   2.9g S  2288   3.6   9:12.68 nts	1687263881287
4189312 toao      20   0   58.6g   6.7g   2.9g S  1981   3.6   9:19.14 nts	1687263881631
4189312 toao      20   0   58.6g   6.7g   2.9g S  2131   3.6   9:26.72 nts	1687263881980
4189312 toao      20   0   58.6g   6.7g   2.9g S  2231   3.6   9:34.05 nts	1687263882313
4189312 toao      20   0   58.6g   6.7g   2.9g S  2006   3.6   9:41.69 nts	1687263882672
4189312 toao      20   0   58.0g   6.7g   2.9g S  1853   3.6   9:48.15 nts	1687263883005
4189312 toao      20   0   58.6g   6.7g   2.9g S  2125   3.6   9:55.63 nts	1687263883371
4189312 toao      20   0   58.6g   6.7g   2.9g S  2065   3.6  10:02.98 nts	1687263883692
4189312 toao      20   0   58.9g   6.7g   2.9g S  2175   3.6  10:11.02 nts	1687263884074
4189312 toao      20   0   58.1g   6.7g   2.9g S  2269   3.6  10:17.80 nts	1687263884387
4189312 toao      20   0       0      0      0 Z 106.2   0.0  10:18.34 nts	1687263884760
4189312 toao      20   0       0      0      0 Z  93.8   0.0  10:18.59 nts	1687263885071
