| 27%   40C    P8    22W / 250W |     10MiB / 11019MiB |      0%      Default |	1687263768845
| 27%   40C    P8    22W / 250W |     10MiB / 11019MiB |      0%      Default |	1687263769403
| 27%   40C    P8    22W / 250W |     10MiB / 11019MiB |      0%      Default |	1687263769974
| 27%   40C    P8    22W / 250W |     10MiB / 11019MiB |      0%      Default |	1687263770512
| 27%   40C    P8    22W / 250W |     10MiB / 11019MiB |      0%      Default |	1687263771049
| 27%   40C    P8    22W / 250W |     10MiB / 11019MiB |      0%      Default |	1687263771587
| 27%   40C    P8    22W / 250W |     10MiB / 11019MiB |      0%      Default |	1687263772123
| 27%   40C    P8    22W / 250W |     10MiB / 11019MiB |      0%      Default |	1687263772663
| 27%   40C    P8    22W / 250W |     10MiB / 11019MiB |      0%      Default |	1687263773203
| 27%   40C    P8    22W / 250W |     10MiB / 11019MiB |      0%      Default |	1687263773742
| 27%   40C    P8    22W / 250W |     10MiB / 11019MiB |      0%      Default |	1687263774282
| 27%   40C    P8    22W / 250W |     10MiB / 11019MiB |      0%      Default |	1687263774823
| 27%   40C    P8    22W / 250W |     10MiB / 11019MiB |      0%      Default |	1687263775364
| 27%   40C    P8    22W / 250W |     10MiB / 11019MiB |      0%      Default |	1687263775903
| 27%   40C    P8    22W / 250W |     10MiB / 11019MiB |      0%      Default |	1687263776446
| 27%   40C    P8    22W / 250W |     10MiB / 11019MiB |      0%      Default |	1687263776986
| 27%   40C    P8    22W / 250W |     10MiB / 11019MiB |      0%      Default |	1687263777521
| 27%   40C    P8    22W / 250W |     10MiB / 11019MiB |      0%      Default |	1687263778060
| 27%   40C    P8    22W / 250W |     10MiB / 11019MiB |      0%      Default |	1687263778599
| 27%   40C    P8    22W / 250W |     10MiB / 11019MiB |      0%      Default |	1687263779143
| 27%   40C    P8    22W / 250W |     10MiB / 11019MiB |      0%      Default |	1687263779685
| 27%   40C    P8    22W / 250W |     10MiB / 11019MiB |      0%      Default |	1687263780231
| 27%   40C    P8    22W / 250W |     10MiB / 11019MiB |      0%      Default |	1687263780769
| 27%   40C    P8    22W / 250W |     10MiB / 11019MiB |      0%      Default |	1687263781309
| 27%   40C    P8    22W / 250W |     10MiB / 11019MiB |      0%      Default |	1687263781850
| 27%   40C    P8    22W / 250W |     10MiB / 11019MiB |      0%      Default |	1687263782395
| 27%   40C    P8    22W / 250W |     10MiB / 11019MiB |      0%      Default |	1687263782934
| 27%   40C    P8    22W / 250W |     10MiB / 11019MiB |      0%      Default |	1687263783473
| 27%   40C    P8    22W / 250W |     10MiB / 11019MiB |      0%      Default |	1687263784011
| 27%   40C    P8    22W / 250W |     10MiB / 11019MiB |      0%      Default |	1687263784547
| 27%   40C    P8    22W / 250W |     10MiB / 11019MiB |      0%      Default |	1687263785088
| 27%   40C    P8    22W / 250W |     10MiB / 11019MiB |      0%      Default |	1687263785624
| 27%   40C    P8    22W / 250W |     10MiB / 11019MiB |      0%      Default |	1687263786157
| 27%   40C    P8    22W / 250W |     10MiB / 11019MiB |      0%      Default |	1687263786695
| 27%   40C    P8    22W / 250W |     10MiB / 11019MiB |      0%      Default |	1687263787239
| 27%   40C    P8    22W / 250W |     10MiB / 11019MiB |      0%      Default |	1687263787778
| 27%   40C    P8    22W / 250W |     10MiB / 11019MiB |      0%      Default |	1687263788313
| 27%   40C    P8    22W / 250W |     10MiB / 11019MiB |      0%      Default |	1687263788850
| 27%   40C    P8    22W / 250W |     10MiB / 11019MiB |      0%      Default |	1687263789394
| 27%   40C    P8    22W / 250W |     10MiB / 11019MiB |      0%      Default |	1687263789933
| 27%   40C    P8    22W / 250W |     10MiB / 11019MiB |      0%      Default |	1687263790470
| 27%   40C    P8    22W / 250W |     10MiB / 11019MiB |      0%      Default |	1687263791009
| 27%   40C    P8    22W / 250W |     10MiB / 11019MiB |      0%      Default |	1687263791544
| 27%   40C    P8    22W / 250W |     10MiB / 11019MiB |      0%      Default |	1687263792085
| 27%   40C    P8    22W / 250W |     10MiB / 11019MiB |      0%      Default |	1687263792625
| 27%   40C    P8    22W / 250W |     10MiB / 11019MiB |      0%      Default |	1687263793162
| 27%   40C    P8    22W / 250W |     10MiB / 11019MiB |      0%      Default |	1687263793702
| 27%   40C    P8    22W / 250W |     10MiB / 11019MiB |      0%      Default |	1687263794239
| 27%   40C    P8    22W / 250W |     10MiB / 11019MiB |      0%      Default |	1687263794777
| 27%   40C    P8    22W / 250W |     10MiB / 11019MiB |      0%      Default |	1687263795316
| 27%   40C    P8    22W / 250W |     10MiB / 11019MiB |      0%      Default |	1687263795858
| 27%   40C    P8    22W / 250W |     10MiB / 11019MiB |      0%      Default |	1687263796395
| 27%   40C    P8    22W / 250W |     10MiB / 11019MiB |      0%      Default |	1687263796931
| 27%   40C    P8    22W / 250W |     10MiB / 11019MiB |      0%      Default |	1687263797468
| 27%   40C    P8    22W / 250W |     10MiB / 11019MiB |      0%      Default |	1687263798006
| 27%   40C    P8    22W / 250W |     10MiB / 11019MiB |      0%      Default |	1687263798544
| 27%   40C    P8    22W / 250W |     10MiB / 11019MiB |      0%      Default |	1687263799084
| 27%   40C    P8    22W / 250W |     10MiB / 11019MiB |      0%      Default |	1687263799622
| 27%   40C    P8    22W / 250W |     10MiB / 11019MiB |      0%      Default |	1687263800159
| 27%   40C    P8    22W / 250W |     10MiB / 11019MiB |      0%      Default |	1687263800695
| 27%   41C    P2    55W / 250W |    314MiB / 11019MiB |      0%      Default |	1687263801234
| 27%   41C    P2    55W / 250W |    542MiB / 11019MiB |      0%      Default |	1687263801774
| 27%   41C    P2    55W / 250W |    754MiB / 11019MiB |      5%      Default |	1687263802313
| 27%   41C    P2    55W / 250W |    852MiB / 11019MiB |      5%      Default |	1687263802852
| 26%   41C    P2    55W / 250W |    852MiB / 11019MiB |      3%      Default |	1687263803394
| 27%   41C    P2    55W / 250W |    852MiB / 11019MiB |      0%      Default |	1687263803934
| 27%   41C    P2    55W / 250W |    852MiB / 11019MiB |      0%      Default |	1687263804473
| 27%   41C    P2    55W / 250W |    852MiB / 11019MiB |      0%      Default |	1687263805010
| 27%   42C    P2    55W / 250W |    852MiB / 11019MiB |      0%      Default |	1687263805547
| 27%   42C    P2    55W / 250W |    852MiB / 11019MiB |      0%      Default |	1687263806086
| 27%   42C    P2    55W / 250W |    852MiB / 11019MiB |      0%      Default |	1687263806626
| 27%   42C    P2    55W / 250W |    852MiB / 11019MiB |      0%      Default |	1687263807166
| 27%   42C    P2    55W / 250W |    852MiB / 11019MiB |      0%      Default |	1687263807706
| 27%   42C    P2    55W / 250W |    854MiB / 11019MiB |      0%      Default |	1687263808247
| 27%   42C    P2    55W / 250W |    854MiB / 11019MiB |      0%      Default |	1687263808785
| 27%   42C    P2    55W / 250W |    854MiB / 11019MiB |      0%      Default |	1687263809322
| 27%   42C    P2    55W / 250W |    854MiB / 11019MiB |      0%      Default |	1687263809864
| 27%   42C    P2    55W / 250W |    854MiB / 11019MiB |      0%      Default |	1687263810402
| 27%   42C    P2    55W / 250W |    854MiB / 11019MiB |      0%      Default |	1687263810940
| 27%   42C    P2    55W / 250W |    854MiB / 11019MiB |      0%      Default |	1687263811478
| 27%   42C    P2    55W / 250W |    854MiB / 11019MiB |      0%      Default |	1687263812011
| 27%   42C    P2    55W / 250W |    854MiB / 11019MiB |      0%      Default |	1687263812547
| 27%   42C    P2    55W / 250W |    854MiB / 11019MiB |      0%      Default |	1687263813084
| 27%   42C    P2    55W / 250W |    854MiB / 11019MiB |      0%      Default |	1687263813625
| 27%   42C    P2    55W / 250W |    854MiB / 11019MiB |      0%      Default |	1687263814166
| 27%   42C    P2    55W / 250W |    854MiB / 11019MiB |      0%      Default |	1687263814706
| 27%   43C    P2    55W / 250W |    854MiB / 11019MiB |      0%      Default |	1687263815242
| 27%   43C    P2    55W / 250W |    854MiB / 11019MiB |      0%      Default |	1687263815779
| 27%   43C    P2    55W / 250W |    854MiB / 11019MiB |      0%      Default |	1687263816317
| 27%   43C    P2    55W / 250W |    854MiB / 11019MiB |      0%      Default |	1687263816857
| 27%   43C    P2    55W / 250W |    854MiB / 11019MiB |      0%      Default |	1687263817396
| 27%   43C    P2    55W / 250W |    854MiB / 11019MiB |      0%      Default |	1687263817934
| 27%   43C    P2    55W / 250W |    854MiB / 11019MiB |      0%      Default |	1687263818473
| 27%   43C    P2    55W / 250W |    854MiB / 11019MiB |      0%      Default |	1687263819009
| 27%   43C    P2    55W / 250W |    854MiB / 11019MiB |      0%      Default |	1687263819546
| 26%   42C    P8    22W / 250W |    854MiB / 11019MiB |      0%      Default |	1687263820083
| 26%   42C    P8    22W / 250W |    854MiB / 11019MiB |      0%      Default |	1687263820626
| 27%   42C    P8    22W / 250W |    854MiB / 11019MiB |      0%      Default |	1687263821165
| 27%   42C    P8    22W / 250W |    854MiB / 11019MiB |      0%      Default |	1687263821708
| 27%   42C    P8    22W / 250W |    854MiB / 11019MiB |      0%      Default |	1687263822246
| 27%   42C    P8    22W / 250W |    854MiB / 11019MiB |      0%      Default |	1687263822784
| 27%   42C    P8    22W / 250W |    854MiB / 11019MiB |      0%      Default |	1687263823327
| 27%   42C    P8    22W / 250W |    854MiB / 11019MiB |      0%      Default |	1687263823865
| 27%   42C    P8    22W / 250W |    854MiB / 11019MiB |      0%      Default |	1687263824407
| 27%   42C    P8    22W / 250W |    854MiB / 11019MiB |      0%      Default |	1687263824944
| 27%   42C    P8    22W / 250W |    854MiB / 11019MiB |      0%      Default |	1687263825483
| 27%   42C    P8    22W / 250W |    854MiB / 11019MiB |      0%      Default |	1687263826021
| 27%   42C    P8    22W / 250W |    854MiB / 11019MiB |      0%      Default |	1687263826559
| 27%   42C    P8    22W / 250W |    854MiB / 11019MiB |      0%      Default |	1687263827099
| 27%   42C    P8    22W / 250W |    854MiB / 11019MiB |      0%      Default |	1687263827637
| 27%   42C    P8    22W / 250W |    854MiB / 11019MiB |      0%      Default |	1687263828176
| 27%   42C    P8    22W / 250W |    854MiB / 11019MiB |      0%      Default |	1687263828715
| 27%   42C    P8    22W / 250W |    854MiB / 11019MiB |      0%      Default |	1687263829254
| 27%   42C    P8    22W / 250W |    854MiB / 11019MiB |      0%      Default |	1687263829794
| 27%   42C    P8    22W / 250W |    854MiB / 11019MiB |      0%      Default |	1687263830335
| 27%   42C    P8    22W / 250W |    854MiB / 11019MiB |      0%      Default |	1687263830870
| 27%   42C    P8    22W / 250W |    854MiB / 11019MiB |      0%      Default |	1687263831410
| 27%   42C    P8    22W / 250W |    854MiB / 11019MiB |      0%      Default |	1687263831946
| 27%   42C    P8    22W / 250W |    854MiB / 11019MiB |      0%      Default |	1687263832486
| 27%   42C    P8    22W / 250W |    854MiB / 11019MiB |      0%      Default |	1687263833026
| 27%   41C    P8    22W / 250W |    854MiB / 11019MiB |      0%      Default |	1687263833565
| 27%   41C    P8    22W / 250W |    854MiB / 11019MiB |      0%      Default |	1687263834102
| 27%   41C    P8    22W / 250W |    854MiB / 11019MiB |      0%      Default |	1687263834641
| 27%   42C    P8    22W / 250W |    854MiB / 11019MiB |      0%      Default |	1687263835180
| 27%   41C    P8    22W / 250W |    854MiB / 11019MiB |      0%      Default |	1687263835717
| 27%   41C    P8    22W / 250W |    854MiB / 11019MiB |      0%      Default |	1687263836257
| 27%   41C    P8    22W / 250W |    854MiB / 11019MiB |      0%      Default |	1687263836797
| 27%   41C    P8    22W / 250W |    854MiB / 11019MiB |      0%      Default |	1687263837336
| 27%   41C    P8    22W / 250W |    854MiB / 11019MiB |      0%      Default |	1687263837876
| 27%   41C    P8    22W / 250W |    854MiB / 11019MiB |      0%      Default |	1687263838415
| 27%   41C    P8    22W / 250W |    854MiB / 11019MiB |      0%      Default |	1687263838953
| 27%   41C    P8    22W / 250W |    854MiB / 11019MiB |      0%      Default |	1687263839493
| 27%   41C    P8    22W / 250W |    854MiB / 11019MiB |      0%      Default |	1687263840033
| 27%   41C    P8    22W / 250W |    854MiB / 11019MiB |      0%      Default |	1687263840573
| 27%   41C    P8    22W / 250W |    854MiB / 11019MiB |      0%      Default |	1687263841111
| 27%   41C    P8    22W / 250W |    854MiB / 11019MiB |      0%      Default |	1687263841649
| 27%   41C    P8    22W / 250W |    854MiB / 11019MiB |      0%      Default |	1687263842189
| 27%   41C    P8    22W / 250W |    854MiB / 11019MiB |      0%      Default |	1687263842728
| 27%   41C    P8    22W / 250W |    854MiB / 11019MiB |      0%      Default |	1687263843267
| 27%   41C    P8    22W / 250W |    854MiB / 11019MiB |      0%      Default |	1687263843805
| 27%   41C    P8    22W / 250W |    854MiB / 11019MiB |      0%      Default |	1687263844345
| 27%   41C    P8    22W / 250W |    854MiB / 11019MiB |      0%      Default |	1687263844885
| 27%   41C    P8    22W / 250W |    854MiB / 11019MiB |      0%      Default |	1687263845421
| 27%   41C    P8    22W / 250W |    854MiB / 11019MiB |      0%      Default |	1687263845962
| 27%   41C    P8    22W / 250W |    854MiB / 11019MiB |      0%      Default |	1687263846499
| 27%   41C    P8    22W / 250W |    854MiB / 11019MiB |      0%      Default |	1687263847037
| 27%   41C    P8    22W / 250W |    854MiB / 11019MiB |      0%      Default |	1687263847575
| 27%   41C    P8    22W / 250W |    854MiB / 11019MiB |      0%      Default |	1687263848120
| 27%   41C    P8    22W / 250W |    854MiB / 11019MiB |      0%      Default |	1687263848659
| 27%   41C    P8    22W / 250W |    854MiB / 11019MiB |      0%      Default |	1687263849199
| 27%   41C    P8    22W / 250W |    854MiB / 11019MiB |      0%      Default |	1687263849737
| 27%   41C    P8    22W / 250W |    854MiB / 11019MiB |      0%      Default |	1687263850277
| 27%   41C    P8    22W / 250W |    854MiB / 11019MiB |      0%      Default |	1687263850816
| 27%   41C    P8    22W / 250W |    854MiB / 11019MiB |      0%      Default |	1687263851353
| 27%   41C    P8    22W / 250W |    854MiB / 11019MiB |      0%      Default |	1687263851892
| 27%   41C    P8    22W / 250W |    854MiB / 11019MiB |      0%      Default |	1687263852432
| 27%   41C    P8    22W / 250W |    854MiB / 11019MiB |      0%      Default |	1687263852972
| 27%   41C    P8    22W / 250W |    854MiB / 11019MiB |      0%      Default |	1687263853510
| 27%   41C    P8    22W / 250W |    854MiB / 11019MiB |      0%      Default |	1687263854048
| 27%   41C    P8    22W / 250W |    854MiB / 11019MiB |      0%      Default |	1687263854584
| 27%   41C    P8    22W / 250W |    854MiB / 11019MiB |      0%      Default |	1687263855125
| 27%   41C    P8    22W / 250W |    854MiB / 11019MiB |      0%      Default |	1687263855666
| 27%   41C    P8    22W / 250W |    854MiB / 11019MiB |      0%      Default |	1687263856205
| 27%   41C    P8    22W / 250W |    854MiB / 11019MiB |      0%      Default |	1687263856746
| 27%   41C    P8    22W / 250W |    854MiB / 11019MiB |      0%      Default |	1687263857285
| 27%   41C    P8    22W / 250W |    854MiB / 11019MiB |      0%      Default |	1687263857823
| 27%   41C    P8    22W / 250W |    854MiB / 11019MiB |      0%      Default |	1687263858362
| 27%   41C    P8    22W / 250W |    854MiB / 11019MiB |      0%      Default |	1687263858901
| 27%   41C    P8    22W / 250W |    854MiB / 11019MiB |      0%      Default |	1687263859440
| 27%   41C    P8    22W / 250W |    854MiB / 11019MiB |      0%      Default |	1687263859976
| 27%   41C    P8    22W / 250W |    854MiB / 11019MiB |      0%      Default |	1687263860514
| 27%   42C    P2    55W / 250W |    896MiB / 11019MiB |      0%      Default |	1687263861062
| 27%   42C    P2    55W / 250W |    896MiB / 11019MiB |      0%      Default |	1687263861603
| 27%   42C    P2    55W / 250W |    896MiB / 11019MiB |      0%      Default |	1687263862159
| 27%   43C    P2    55W / 250W |    896MiB / 11019MiB |      0%      Default |	1687263862694
| 26%   43C    P2    55W / 250W |    896MiB / 11019MiB |      0%      Default |	1687263863247
| 27%   43C    P2    55W / 250W |    896MiB / 11019MiB |      0%      Default |	1687263863786
| 27%   43C    P2    55W / 250W |    896MiB / 11019MiB |      0%      Default |	1687263864323
| 27%   43C    P2    55W / 250W |    896MiB / 11019MiB |      0%      Default |	1687263864854
| 27%   43C    P2    55W / 250W |    896MiB / 11019MiB |      0%      Default |	1687263865386
| 27%   43C    P2    55W / 250W |    896MiB / 11019MiB |      0%      Default |	1687263865921
| 27%   43C    P2    55W / 250W |    896MiB / 11019MiB |      0%      Default |	1687263866452
| 27%   43C    P2    55W / 250W |    896MiB / 11019MiB |      0%      Default |	1687263866983
| 27%   43C    P2    55W / 250W |    896MiB / 11019MiB |      0%      Default |	1687263867538
| 27%   43C    P2    55W / 250W |    896MiB / 11019MiB |      0%      Default |	1687263868076
| 27%   43C    P2    55W / 250W |    896MiB / 11019MiB |      0%      Default |	1687263868610
| 27%   43C    P2    55W / 250W |   2768MiB / 11019MiB |      1%      Default |	1687263869141
| 27%   45C    P2    75W / 250W |   4514MiB / 11019MiB |      1%      Default |	1687263869682
| 27%   46C    P2   118W / 250W |   4514MiB / 11019MiB |     65%      Default |	1687263870225
| 27%   46C    P2   121W / 250W |   4514MiB / 11019MiB |     65%      Default |	1687263870770
| 27%   46C    P2   123W / 250W |   4516MiB / 11019MiB |     91%      Default |	1687263871297
| 29%   47C    P2   124W / 250W |   4516MiB / 11019MiB |     91%      Default |	1687263871851
| 30%   47C    P2   120W / 250W |   4516MiB / 11019MiB |     94%      Default |	1687263872389
| 31%   47C    P2   121W / 250W |   4518MiB / 11019MiB |     94%      Default |	1687263872926
| 31%   47C    P2   121W / 250W |   4518MiB / 11019MiB |     92%      Default |	1687263873463
| 31%   47C    P2   121W / 250W |   4520MiB / 11019MiB |     92%      Default |	1687263874000
| 31%   48C    P2   123W / 250W |   4520MiB / 11019MiB |     92%      Default |	1687263874541
| 32%   48C    P2   120W / 250W |   4520MiB / 11019MiB |     92%      Default |	1687263875082
| 32%   48C    P2   115W / 250W |   4522MiB / 11019MiB |     94%      Default |	1687263875629
| 33%   48C    P2   124W / 250W |   4622MiB / 11019MiB |     92%      Default |	1687263876168
| 33%   49C    P2   124W / 250W |   4622MiB / 11019MiB |     92%      Default |	1687263876724
| 33%   49C    P2   125W / 250W |   4622MiB / 11019MiB |     94%      Default |	1687263877255
| 33%   49C    P2   125W / 250W |   4622MiB / 11019MiB |     94%      Default |	1687263877794
| 34%   49C    P2   123W / 250W |   4622MiB / 11019MiB |     91%      Default |	1687263878330
| 34%   49C    P2   123W / 250W |   4622MiB / 11019MiB |     91%      Default |	1687263878868
| 35%   49C    P2   126W / 250W |   4622MiB / 11019MiB |     94%      Default |	1687263879416
| 35%   50C    P2   124W / 250W |   4622MiB / 11019MiB |     94%      Default |	1687263879956
| 35%   50C    P2   122W / 250W |   4622MiB / 11019MiB |     94%      Default |	1687263880504
| 35%   50C    P2   122W / 250W |   4622MiB / 11019MiB |     94%      Default |	1687263881052
| 36%   50C    P2   115W / 250W |   4622MiB / 11019MiB |     94%      Default |	1687263881585
| 36%   50C    P2   125W / 250W |   4622MiB / 11019MiB |     94%      Default |	1687263882133
| 36%   50C    P2   126W / 250W |   4622MiB / 11019MiB |     91%      Default |	1687263882671
| 36%   50C    P2   119W / 250W |   4622MiB / 11019MiB |     91%      Default |	1687263883215
| 37%   51C    P2   125W / 250W |   4622MiB / 11019MiB |     91%      Default |	1687263883753
| 37%   51C    P2   128W / 250W |   4622MiB / 11019MiB |     94%      Default |	1687263884292
| 37%   50C    P2    75W / 250W |   4622MiB / 11019MiB |     94%      Default |	1687263884838
