646782 toao      20   0 2487732 101408  68788 R  94.1   0.1   0:00.18 nts	1693200764694
646782 toao      20   0 8370196 217288 117688 R  7894   0.2   0:29.73 nts	1693200765424
646782 toao      20   0 8462428 281652 117872 R 200.0   0.2   0:37.66 nts	1693200766143
646782 toao      20   0 8462428 281652 117872 R 205.9   0.2   0:39.07 nts	1693200766855
646782 toao      20   0 8462428 281652 117872 R 194.1   0.2   0:40.47 nts	1693200767566
646782 toao      20   0 8462428 281652 117872 R 200.0   0.2   0:41.88 nts	1693200768272
646782 toao      20   0 8462428 281652 117872 R 194.1   0.2   0:43.27 nts	1693200768981
646782 toao      20   0 8462428 300924 117872 R 200.0   0.2   0:44.67 nts	1693200769683
646782 toao      20   0 8462428 300924 117872 R 200.0   0.2   0:46.07 nts	1693200770391
646782 toao      20   0 8462428 300924 117872 R 194.1   0.2   0:47.45 nts	1693200771091
646782 toao      20   0 8462428 300924 117872 R 194.1   0.2   0:48.85 nts	1693200771791
646782 toao      20   0 9720188 594760 117992 R  1012   0.5   0:52.95 nts	1693200772495
646782 toao      20   0 9720188 596836 117992 R 958.8   0.5   0:59.89 nts	1693200773198
646782 toao      20   0 9720188 597348 117992 R  1135   0.5   1:07.91 nts	1693200773906
646782 toao      20   0 9720188 833084 117992 R  1159   0.6   1:17.13 nts	1693200774613
646782 toao      20   0 9720188 833612 117992 R 935.3   0.6   1:25.27 nts	1693200775321
646782 toao      20   0   13.3g 837164 118128 R 200.0   0.6   1:31.37 nts	1693200776023
646782 toao      20   0   13.3g 839276 118128 R 200.0   0.6   1:32.76 nts	1693200776730
646782 toao      20   0   13.3g 844028 118128 R 205.9   0.6   1:34.16 nts	1693200777434
646782 toao      20   0   13.3g 849044 118128 R 200.0   0.6   1:35.55 nts	1693200778142
646782 toao      20   0   13.3g 853796 118128 R 205.9   0.6   1:36.95 nts	1693200778853
646782 toao      20   0   13.3g 856700 118128 R 200.0   0.7   1:38.34 nts	1693200779558
646782 toao      20   0   13.3g 859868 118128 R 188.2   0.7   1:39.72 nts	1693200780264
646782 toao      20   0   13.3g 868316 118128 R 194.1   0.7   1:41.12 nts	1693200780970
646782 toao      20   0   14.5g 944552 118128 R 594.1   0.7   1:43.12 nts	1693200781675
646782 toao      20   0   14.5g   1.0g 118128 R 617.6   0.8   1:47.52 nts	1693200782379
646782 toao      20   0   14.5g   1.1g 118128 R 541.2   0.9   1:51.44 nts	1693200783080
646782 toao      20   0   14.5g   1.2g 118128 R 511.1   0.9   1:54.62 nts	1693200783780
646782 toao      20   0   14.5g   1.3g 118128 R 647.1   1.0   1:59.07 nts	1693200784489
646782 toao      20   0   18.6g   1.4g 118128 R 105.9   1.1   2:02.35 nts	1693200785190
646782 toao      20   0   18.6g   1.4g 118128 R 100.0   1.1   2:03.04 nts	1693200785892
646782 toao      20   0   18.6g   1.4g 118128 R 100.0   1.1   2:03.76 nts	1693200786600
646782 toao      20   0   18.6g   1.4g 118128 R 100.0   1.1   2:04.46 nts	1693200787310
646782 toao      20   0   18.6g   1.4g 118128 R 100.0   1.1   2:05.17 nts	1693200788014
646782 toao      20   0   18.6g   1.4g 118128 R 106.2   1.1   2:05.87 nts	1693200788722
646782 toao      20   0   19.1g   1.7g 118128 R 100.0   1.3   2:06.57 nts	1693200789423
646782 toao      20   0   19.1g   1.7g 118128 R 106.2   1.3   2:07.27 nts	1693200790122
646782 toao      20   0   19.1g   1.7g 118128 R 100.0   1.3   2:07.97 nts	1693200790824
646782 toao      20   0   19.1g   1.7g 118128 R 100.0   1.3   2:08.68 nts	1693200791528
646782 toao      20   0   19.1g   1.7g 118128 R  94.1   1.3   2:09.38 nts	1693200792231
646782 toao      20   0   19.1g   1.7g 118128 R 100.0   1.3   2:10.09 nts	1693200792936
646782 toao      20   0   19.1g   1.7g 118128 R 100.0   1.3   2:10.79 nts	1693200793639
646782 toao      20   0   19.1g   1.7g 118128 R  94.1   1.3   2:11.49 nts	1693200794343
646782 toao      20   0   19.1g   1.7g 118128 R 100.0   1.3   2:12.19 nts	1693200795045
646782 toao      20   0   19.1g   1.8g 118128 R 100.0   1.4   2:12.89 nts	1693200795746
646782 toao      20   0   19.1g   1.9g 118128 R  94.1   1.5   2:13.59 nts	1693200796446
646782 toao      20   0   19.1g   1.9g 118128 R 100.0   1.5   2:14.30 nts	1693200797147
646782 toao      20   0   19.1g   1.9g 118128 R 100.0   1.5   2:15.00 nts	1693200797848
646782 toao      20   0   19.1g   1.9g 118128 R 100.0   1.5   2:15.70 nts	1693200798551
646782 toao      20   0   19.1g   1.9g 118128 R 100.0   1.5   2:16.40 nts	1693200799255
646782 toao      20   0   19.1g   1.9g 118128 R 100.0   1.5   2:17.10 nts	1693200799956
646782 toao      20   0   19.1g   1.9g 118128 R 105.9   1.5   2:17.81 nts	1693200800653
646782 toao      20   0   19.1g   1.9g 118128 R 105.9   1.5   2:18.51 nts	1693200801356
646782 toao      20   0   19.1g   1.9g 118128 R  94.1   1.5   2:19.20 nts	1693200802057
646782 toao      20   0   28.1g   2.0g 208316 R  94.1   1.6   2:21.18 nts	1693200802766
646782 toao      20   0   28.9g   2.8g 336188 R 106.2   2.2   2:21.88 nts	1693200803453
646782 toao      20   0   29.8g   3.6g 470820 R 100.0   2.9   2:22.58 nts	1693200804154
646782 toao      20   0   30.9g   4.6g 531328 R 106.2   3.6   2:23.28 nts	1693200804855
646782 toao      20   0   30.9g   4.6g 531328 R 105.9   3.6   2:23.99 nts	1693200805555
646782 toao      20   0   31.9g   5.5g   1.4g R 100.0   4.4   2:24.69 nts	1693200806256
646782 toao      20   0   31.9g   5.5g   1.4g R 100.0   4.4   2:25.39 nts	1693200806958
646782 toao      20   0   31.9g   5.5g   1.4g R  94.4   4.4   2:26.09 nts	1693200807662
646782 toao      20   0   31.9g   5.5g   1.4g R 100.0   4.4   2:26.79 nts	1693200808365
646782 toao      20   0   31.9g   5.5g   1.4g R 100.0   4.4   2:27.50 nts	1693200809068
646782 toao      20   0   31.9g   5.5g   1.4g R 100.0   4.4   2:28.20 nts	1693200809770
646782 toao      20   0   31.9g   5.5g   1.4g R 100.0   4.4   2:28.90 nts	1693200810471
646782 toao      20   0   31.9g   5.5g   1.4g R 100.0   4.4   2:29.60 nts	1693200811172
646782 toao      20   0   31.9g   5.5g   1.4g R 100.0   4.4   2:30.31 nts	1693200811879
646782 toao      20   0   31.9g   5.5g   1.4g R 100.0   4.4   2:31.01 nts	1693200812581
646782 toao      20   0   31.9g   5.5g   1.4g R 100.0   4.4   2:31.71 nts	1693200813285
646782 toao      20   0   31.9g   5.5g   1.4g R 100.0   4.4   2:32.41 nts	1693200813986
646782 toao      20   0   31.9g   5.5g   1.4g R 100.0   4.4   2:33.11 nts	1693200814687
646782 toao      20   0   31.9g   5.5g   1.4g R 100.0   4.4   2:33.81 nts	1693200815387
646782 toao      20   0   31.9g   5.5g   1.4g R 100.0   4.4   2:34.51 nts	1693200816087
646782 toao      20   0   31.9g   5.5g   1.4g R 100.0   4.4   2:35.22 nts	1693200816791
646782 toao      20   0   31.9g   5.5g   1.4g R 100.0   4.4   2:35.92 nts	1693200817491
646782 toao      20   0   31.9g   5.5g   1.4g R 106.2   4.4   2:36.63 nts	1693200818203
646782 toao      20   0   31.9g   5.5g   1.4g R 100.0   4.4   2:37.32 nts	1693200818903
646782 toao      20   0   31.9g   5.5g   1.4g R 106.2   4.4   2:38.04 nts	1693200819603
646782 toao      20   0   31.9g   5.5g   1.4g R 106.2   4.4   2:38.74 nts	1693200820303
646782 toao      20   0   31.9g   5.5g   1.4g R  94.1   4.4   2:39.43 nts	1693200821004
646782 toao      20   0   31.9g   5.5g   1.4g R 100.0   4.4   2:40.14 nts	1693200821706
646782 toao      20   0   31.9g   5.5g   1.4g R  94.1   4.4   2:40.83 nts	1693200822408
646782 toao      20   0   31.9g   5.5g   1.4g R 100.0   4.4   2:41.53 nts	1693200823107
646782 toao      20   0   31.9g   5.5g   1.4g R 100.0   4.4   2:42.23 nts	1693200823807
646782 toao      20   0   31.9g   5.5g   1.4g R 100.0   4.4   2:42.93 nts	1693200824507
646782 toao      20   0   31.9g   5.5g   1.4g R 100.0   4.4   2:43.64 nts	1693200825207
646782 toao      20   0   31.9g   5.5g   1.4g R 100.0   4.4   2:44.34 nts	1693200825910
646782 toao      20   0   31.9g   5.5g   1.4g R 100.0   4.4   2:45.05 nts	1693200826615
646782 toao      20   0   31.9g   5.5g   1.4g R 100.0   4.4   2:45.75 nts	1693200827318
646782 toao      20   0   31.9g   5.5g   1.4g R 100.0   4.4   2:46.45 nts	1693200828023
646782 toao      20   0   31.9g   5.5g   1.4g R 100.0   4.4   2:47.15 nts	1693200828723
646782 toao      20   0   31.9g   5.5g   1.4g R 106.2   4.4   2:47.85 nts	1693200829423
646782 toao      20   0   31.9g   5.5g   1.4g R  94.1   4.4   2:48.55 nts	1693200830126
646782 toao      20   0   31.9g   5.5g   1.4g R 105.9   4.4   2:49.26 nts	1693200830827
646782 toao      20   0   31.9g   5.5g   1.4g R 100.0   4.4   2:49.96 nts	1693200831527
646782 toao      20   0   31.9g   5.5g   1.4g R 100.0   4.4   2:50.66 nts	1693200832228
646782 toao      20   0   31.9g   5.5g   1.4g R 100.0   4.4   2:51.36 nts	1693200832931
646782 toao      20   0   31.9g   5.5g   1.4g R 100.0   4.4   2:52.07 nts	1693200833631
646782 toao      20   0   31.9g   5.5g   1.4g R 100.0   4.4   2:52.77 nts	1693200834340
646782 toao      20   0   31.9g   5.5g   1.4g R 105.9   4.4   2:53.48 nts	1693200835043
646782 toao      20   0   31.9g   5.5g   1.4g R 100.0   4.4   2:54.18 nts	1693200835746
646782 toao      20   0   31.9g   5.5g   1.4g R 100.0   4.4   2:54.88 nts	1693200836446
646782 toao      20   0   31.9g   5.5g   1.4g R 100.0   4.4   2:55.58 nts	1693200837147
646782 toao      20   0   31.9g   5.5g   1.4g R 105.9   4.4   2:56.28 nts	1693200837847
646782 toao      20   0   31.9g   5.5g   1.4g R  94.1   4.4   2:56.97 nts	1693200838547
646782 toao      20   0   31.9g   5.5g   1.4g R 100.0   4.4   2:57.68 nts	1693200839248
646782 toao      20   0   31.9g   5.5g   1.4g R 105.9   4.4   2:58.39 nts	1693200839950
646782 toao      20   0   31.9g   5.5g   1.4g R 100.0   4.4   2:59.08 nts	1693200840651
646782 toao      20   0   31.9g   5.5g   1.4g R  94.1   4.4   2:59.78 nts	1693200841355
646782 toao      20   0   31.9g   5.5g   1.4g R 100.0   4.4   3:00.48 nts	1693200842056
646782 toao      20   0   31.9g   5.5g   1.4g R 100.0   4.4   3:01.19 nts	1693200842756
646782 toao      20   0   31.9g   5.5g   1.4g R 100.0   4.4   3:01.89 nts	1693200843459
646782 toao      20   0   31.9g   5.5g   1.4g R 100.0   4.4   3:02.59 nts	1693200844161
646782 toao      20   0   31.9g   5.5g   1.4g R 100.0   4.4   3:03.30 nts	1693200844863
646782 toao      20   0   31.9g   5.5g   1.4g R 100.0   4.4   3:04.00 nts	1693200845567
646782 toao      20   0   31.9g   5.5g   1.4g R 100.0   4.4   3:04.70 nts	1693200846266
646782 toao      20   0   31.9g   5.5g   1.4g R 100.0   4.4   3:05.38 nts	1693200846970
646782 toao      20   0   34.5g   5.6g   1.4g R  2988   4.4   3:21.84 nts	1693200847669
646782 toao      20   0   34.5g   5.6g   1.4g R  2589   4.4   3:39.65 nts	1693200848370
646782 toao      20   0   34.5g   5.6g   1.4g R  2088   4.4   3:57.85 nts	1693200849074
646782 toao      20   0   34.5g   5.6g   1.4g R  3688   4.4   4:21.33 nts	1693200849767
646782 toao      20   0   34.5g   5.6g   1.4g S  3371   4.4   4:42.17 nts	1693200850471
646782 toao      20   0   34.5g   5.6g   1.4g R  3776   4.4   5:05.36 nts	1693200851161
646782 toao      20   0   34.5g   5.6g   1.4g R  2659   4.4   5:28.53 nts	1693200851871
646782 toao      20   0   34.5g   5.6g   1.4g R  3147   4.4   5:48.09 nts	1693200852566
646782 toao      20   0   34.5g   5.6g   1.4g R  3444   4.4   6:11.41 nts	1693200853263
646782 toao      20   0   84.3g   6.2g   2.1g R 141.2   5.0   6:24.41 nts	1693200853960
646782 toao      20   0   87.6g   7.5g   3.3g S 276.5   6.0   6:25.94 nts	1693200854664
646782 toao      20   0   91.6g   7.5g   3.4g S  2806   6.0   6:45.62 nts	1693200855370
646782 toao      20   0   91.8g   7.5g   3.4g S  3076   6.0   7:06.37 nts	1693200856075
646782 toao      20   0   91.5g   7.5g   3.4g S  2671   6.0   7:25.76 nts	1693200856779
646782 toao      20   0   91.2g   7.5g   3.4g S  2741   6.0   7:45.84 nts	1693200857480
646782 toao      20   0  109.5g   7.5g   3.4g S  2800   6.0   8:04.15 nts	1693200858182
646782 toao      20   0  109.6g   7.5g   3.4g S  2881   6.0   8:23.97 nts	1693200858884
646782 toao      20   0  110.2g   7.5g   3.4g S  3076   6.0   8:44.00 nts	1693200859586
646782 toao      20   0  110.2g   7.5g   3.4g S  3000   6.0   9:04.11 nts	1693200860289
646782 toao      20   0  110.2g   7.5g   3.4g S  3119   6.0   9:24.02 nts	1693200860994
646782 toao      20   0  114.5g   7.5g   3.4g S  2200   6.0   9:40.59 nts	1693200861700
646782 toao      20   0  114.5g   7.5g   3.4g S  2835   6.0  10:00.86 nts	1693200862403
646782 toao      20   0  114.2g   7.5g   3.4g S  2565   6.0  10:20.51 nts	1693200863105
646782 toao      20   0  114.0g   7.5g   3.4g S  2653   6.0  10:40.56 nts	1693200863808
646782 toao      20   0  113.3g   7.5g   3.4g S  1865   6.0  10:59.01 nts	1693200864511
646782 toao      20   0  114.5g   7.5g   3.4g S  2841   6.0  11:17.53 nts	1693200865216
646782 toao      20   0  114.5g   7.5g   3.4g S  2788   6.0  11:37.32 nts	1693200865919
646782 toao      20   0  114.3g   7.5g   3.4g S  2838   6.0  11:57.35 nts	1693200866623
646782 toao      20   0  114.0g   7.5g   3.4g S  2676   6.0  12:17.14 nts	1693200867323
646782 toao      20   0  114.5g   7.5g   3.4g S  2400   6.0  12:35.67 nts	1693200868027
646782 toao      20   0  114.0g   7.5g   3.4g S  3182   6.0  12:55.21 nts	1693200868731
646782 toao      20   0  114.5g   7.5g   3.4g S  3188   6.0  13:14.87 nts	1693200869435
646782 toao      20   0  114.5g   7.5g   3.4g S  2976   6.0  13:34.82 nts	1693200870134
646782 toao      20   0  112.5g   7.5g   3.4g S  2882   6.0  13:54.86 nts	1693200870836
646782 toao      20   0  114.0g   7.5g   3.4g S  2700   6.0  14:12.25 nts	1693200871547
646782 toao      20   0  114.0g   7.5g   3.4g S  2788   6.0  14:31.98 nts	1693200872251
646782 toao      20   0  114.0g   7.5g   3.4g S  2965   6.0  14:52.78 nts	1693200872951
646782 toao      20   0  114.5g   7.5g   3.4g S  2453   6.0  15:11.85 nts	1693200873656
646782 toao      20   0  113.3g   7.5g   3.4g S  2741   6.0  15:31.68 nts	1693200874359
646782 toao      20   0  114.5g   7.5g   3.4g S  3000   6.0  15:50.60 nts	1693200875062
646782 toao      20   0  114.5g   7.5g   3.4g S  3019   6.0  16:10.34 nts	1693200875763
646782 toao      20   0  114.5g   7.5g   3.4g S  3047   6.0  16:30.89 nts	1693200876464
646782 toao      20   0  114.5g   7.5g   3.4g S  2624   6.0  16:51.45 nts	1693200877167
646782 toao      20   0  114.5g   7.5g   3.4g S  2759   6.0  17:09.06 nts	1693200877871
646782 toao      20   0  114.5g   7.5g   3.4g S  3024   6.0  17:29.23 nts	1693200878574
646782 toao      20   0  114.5g   7.5g   3.4g S  2882   6.0  17:49.50 nts	1693200879275
646782 toao      20   0  114.3g   7.5g   3.4g S  2706   6.0  18:09.24 nts	1693200879980
646782 toao      20   0  113.2g   7.5g   3.4g S  2612   6.0  18:28.99 nts	1693200880683
646782 toao      20   0  114.0g   7.5g   3.4g S  2912   6.0  18:47.18 nts	1693200881384
646782 toao      20   0  114.5g   7.6g   3.4g S  2988   6.0  19:06.82 nts	1693200882086
646782 toao      20   0  114.0g   7.5g   3.4g S  2747   6.0  19:27.95 nts	1693200882790
646782 toao      20   0  114.0g   7.5g   3.4g S  2818   6.0  19:48.34 nts	1693200883494
646782 toao      20   0  114.5g   7.6g   3.4g S  2782   6.0  20:07.42 nts	1693200884199
646782 toao      20   0  114.5g   7.6g   3.4g S  2906   6.0  20:27.08 nts	1693200884903
646782 toao      20   0  114.5g   7.6g   3.4g S  2859   6.0  20:47.14 nts	1693200885609
646782 toao      20   0  114.5g   7.6g   3.4g S  2753   6.0  21:07.44 nts	1693200886315
646782 toao      20   0       0      0      0 Z 200.0   0.0  21:25.06 nts	1693200887019
646782 toao      20   0       0      0      0 Z 100.0   0.0  21:25.75 nts	1693200887723
