3850133 toao      20   0 2565804  97884  68132 R 100.0   0.0   0:00.17 nts	1688353129972
3850133 toao      20   0 5294532 212816 115356 R  2869   0.1   0:12.38 nts	1688353130662
3850133 toao      20   0 5294532 212816 115356 R  2988   0.1   0:32.22 nts	1688353131352
3850133 toao      20   0 5294532 212816 115356 R  2812   0.1   0:53.44 nts	1688353132050
3850133 toao      20   0 5294532 212816 115356 S  2562   0.1   1:11.86 nts	1688353132742
3850133 toao      20   0 5391836 289160 115640 R 206.2   0.1   1:16.15 nts	1688353133421
3850133 toao      20   0 5391836 289424 115640 R 200.0   0.1   1:17.51 nts	1688353134100
3850133 toao      20   0 5391836 289424 115640 R 200.0   0.1   1:18.86 nts	1688353134786
3850133 toao      20   0 5391836 289424 115640 R 200.0   0.1   1:20.22 nts	1688353135470
3850133 toao      20   0 5391836 289424 115640 R 200.0   0.1   1:21.58 nts	1688353136154
3850133 toao      20   0 5391836 289424 115640 R 194.1   0.1   1:22.94 nts	1688353136843
3850133 toao      20   0 5391836 289424 115640 S 200.0   0.1   1:24.31 nts	1688353137532
3850133 toao      20   0 5391836 289424 115640 R 194.1   0.1   1:25.68 nts	1688353138224
3850133 toao      20   0 5391836 289424 115640 R 188.2   0.1   1:27.03 nts	1688353138912
3850133 toao      20   0 5391836 289424 115640 S 206.2   0.1   1:28.40 nts	1688353139601
3850133 toao      20   0 5391836 289424 115640 R 206.2   0.1   1:29.76 nts	1688353140288
3850133 toao      20   0 5391836 289424 115640 R 187.5   0.1   1:31.10 nts	1688353140976
3850133 toao      20   0 5391836 289424 115640 R 200.0   0.1   1:32.47 nts	1688353141662
3850133 toao      20   0 5391836 289424 115640 R 193.8   0.1   1:33.82 nts	1688353142349
3850133 toao      20   0 5391836 289424 115640 R 188.2   0.1   1:35.19 nts	1688353143035
3850133 toao      20   0 7067896   1.0g 115832 R 847.1   0.5   1:39.34 nts	1688353143723
3850133 toao      20   0 7067896   1.1g 115832 R 953.3   0.6   1:45.56 nts	1688353144406
3850133 toao      20   0 7067896   1.1g 115832 R 881.2   0.6   1:51.74 nts	1688353145086
3850133 toao      20   0 7067896   1.1g 115832 R 887.5   0.6   1:57.64 nts	1688353145769
3850133 toao      20   0 7067896   1.1g 115832 R 668.8   0.6   2:02.75 nts	1688353146452
3850133 toao      20   0 7067896   1.2g 115832 R 637.5   0.6   2:07.24 nts	1688353147138
3850133 toao      20   0 7067896   1.2g 115832 R 831.2   0.6   2:12.69 nts	1688353147819
3850133 toao      20   0 7067896   1.2g 115832 R 806.2   0.6   2:18.44 nts	1688353148504
3850133 toao      20   0 8095300   1.2g 115868 R 200.0   0.6   2:22.31 nts	1688353149187
3850133 toao      20   0 8095300   1.2g 115868 R 206.2   0.6   2:23.66 nts	1688353149872
3850133 toao      20   0 8095300   1.2g 115868 R 206.2   0.6   2:25.01 nts	1688353150557
3850133 toao      20   0 8095300   1.2g 115868 R 200.0   0.6   2:26.35 nts	1688353151247
3850133 toao      20   0 8095300   1.2g 115868 S 200.0   0.6   2:27.69 nts	1688353151936
3850133 toao      20   0 8095300   1.2g 115868 R 188.2   0.6   2:29.02 nts	1688353152623
3850133 toao      20   0 9759360   1.3g 115868 R 381.2   0.7   2:30.66 nts	1688353153310
3850133 toao      20   0 9759360   1.4g 115868 R 637.5   0.7   2:35.19 nts	1688353153998
3850133 toao      20   0 9759360   1.5g 115868 R 562.5   0.8   2:39.26 nts	1688353154685
3850133 toao      20   0 9759360   1.6g 115868 R 562.5   0.9   2:43.02 nts	1688353155371
3850133 toao      20   0 9759360   1.7g 115868 R 535.3   0.9   2:46.99 nts	1688353156054
3850133 toao      20   0 9759360   1.8g 115868 R 537.5   1.0   2:50.47 nts	1688353156742
3850133 toao      20   0 9759360   2.0g 115868 R 587.5   1.0   2:54.35 nts	1688353157430
3850133 toao      20   0 9759360   2.1g 115868 R 612.5   1.1   2:58.40 nts	1688353158113
3850133 toao      20   0   10.4g   2.2g 115868 R 100.0   1.1   3:00.72 nts	1688353158799
3850133 toao      20   0   10.4g   2.2g 115868 R 100.0   1.1   3:01.41 nts	1688353159488
3850133 toao      20   0   10.4g   2.2g 115868 R 100.0   1.1   3:02.10 nts	1688353160174
3850133 toao      20   0   10.4g   2.2g 115868 R  94.1   1.1   3:02.78 nts	1688353160863
3850133 toao      20   0   10.4g   2.2g 115868 R 106.2   1.1   3:03.48 nts	1688353161552
3850133 toao      20   0   10.4g   2.2g 115868 R 100.0   1.1   3:04.16 nts	1688353162241
3850133 toao      20   0   10.4g   2.2g 115868 R  93.8   1.1   3:04.84 nts	1688353162929
3850133 toao      20   0   10.4g   2.2g 115868 R 106.2   1.1   3:05.54 nts	1688353163617
3850133 toao      20   0   10.4g   2.2g 115868 R 100.0   1.1   3:06.23 nts	1688353164305
3850133 toao      20   0   10.4g   2.2g 115868 R 100.0   1.1   3:06.91 nts	1688353164992
3850133 toao      20   0   11.3g   2.9g 115868 R 100.0   1.5   3:07.60 nts	1688353165680
3850133 toao      20   0   11.3g   2.9g 115868 R 106.2   1.6   3:08.29 nts	1688353166368
3850133 toao      20   0   11.3g   2.9g 115868 R 100.0   1.6   3:08.97 nts	1688353167056
3850133 toao      20   0   11.3g   2.9g 115868 R 100.0   1.6   3:09.67 nts	1688353167744
3850133 toao      20   0   11.3g   2.9g 115868 R 100.0   1.6   3:10.35 nts	1688353168434
3850133 toao      20   0   11.3g   3.0g 115868 R 100.0   1.6   3:11.04 nts	1688353169121
3850133 toao      20   0   11.3g   3.0g 115868 R 100.0   1.6   3:11.72 nts	1688353169808
3850133 toao      20   0   11.3g   3.0g 115868 R 100.0   1.6   3:12.41 nts	1688353170497
3850133 toao      20   0   11.3g   3.0g 115868 R  94.1   1.6   3:13.10 nts	1688353171184
3850133 toao      20   0   11.3g   3.0g 115868 R 106.2   1.6   3:13.79 nts	1688353171873
3850133 toao      20   0   11.3g   3.0g 115868 R 100.0   1.6   3:14.48 nts	1688353172563
3850133 toao      20   0   11.3g   3.0g 115868 R 100.0   1.6   3:15.17 nts	1688353173251
3850133 toao      20   0   11.3g   3.0g 115868 R  94.1   1.6   3:15.86 nts	1688353173940
3850133 toao      20   0   11.3g   3.0g 115868 R 106.2   1.6   3:16.55 nts	1688353174633
3850133 toao      20   0   11.3g   3.1g 115868 R 106.2   1.6   3:17.24 nts	1688353175320
3850133 toao      20   0   11.3g   3.1g 115868 R 106.2   1.6   3:17.93 nts	1688353176009
3850133 toao      20   0   11.3g   3.1g 115868 R 106.2   1.6   3:18.62 nts	1688353176697
3850133 toao      20   0   11.3g   3.1g 115868 R 106.2   1.6   3:19.31 nts	1688353177388
3850133 toao      20   0   11.3g   3.1g 115868 R 100.0   1.6   3:19.99 nts	1688353178077
3850133 toao      20   0   11.3g   3.1g 115868 R 100.0   1.6   3:20.68 nts	1688353178765
3850133 toao      20   0   11.3g   3.1g 115868 R  94.1   1.6   3:21.36 nts	1688353179453
3850133 toao      20   0   11.3g   3.1g 115868 R 106.2   1.6   3:22.05 nts	1688353180138
3850133 toao      20   0   16.6g   3.6g 274728 R 106.2   1.9   3:23.10 nts	1688353180827
3850133 toao      20   0   17.5g   4.3g 378280 R 100.0   2.3   3:23.78 nts	1688353181516
3850133 toao      20   0   19.1g   5.4g 510204 R  94.1   2.9   3:24.47 nts	1688353182203
3850133 toao      20   0   19.2g   5.9g 510204 R 100.0   3.1   3:25.16 nts	1688353182891
3850133 toao      20   0   19.2g   5.9g 510204 R 106.2   3.1   3:25.85 nts	1688353183579
3850133 toao      20   0   26.0g   6.3g 992528 R  93.8   3.4   3:26.53 nts	1688353184269
3850133 toao      20   0   26.0g   9.2g   3.9g R 106.2   4.9   3:27.23 nts	1688353184957
3850133 toao      20   0   26.0g  12.2g   6.8g R 100.0   6.5   3:27.91 nts	1688353185648
3850133 toao      20   0   26.0g  12.7g   7.4g R 100.0   6.8   3:28.60 nts	1688353186336
3850133 toao      20   0   26.0g  12.7g   7.4g R 100.0   6.8   3:29.29 nts	1688353187024
3850133 toao      20   0   26.0g  12.7g   7.4g R 106.2   6.8   3:29.98 nts	1688353187712
3850133 toao      20   0   26.0g  12.7g   7.4g R 106.2   6.8   3:30.67 nts	1688353188400
3850133 toao      20   0   26.0g  12.7g   7.4g R 100.0   6.8   3:31.35 nts	1688353189090
3850133 toao      20   0   26.0g  12.7g   7.4g R 106.2   6.8   3:32.05 nts	1688353189779
3850133 toao      20   0   26.0g  12.7g   7.4g R 100.0   6.8   3:32.73 nts	1688353190467
3850133 toao      20   0   26.0g  12.7g   7.4g R 100.0   6.8   3:33.42 nts	1688353191156
3850133 toao      20   0   26.0g  12.7g   7.4g R  94.1   6.8   3:34.11 nts	1688353191844
3850133 toao      20   0   26.0g  12.7g   7.4g R 100.0   6.8   3:34.80 nts	1688353192531
3850133 toao      20   0   26.0g  12.7g   7.4g R 100.0   6.8   3:35.49 nts	1688353193223
3850133 toao      20   0   26.0g  12.7g   7.4g R 100.0   6.8   3:36.17 nts	1688353193912
3850133 toao      20   0   26.0g  12.7g   7.4g R 100.0   6.8   3:36.86 nts	1688353194600
3850133 toao      20   0   26.0g  12.8g   7.4g R 106.2   6.8   3:37.55 nts	1688353195289
3850133 toao      20   0   26.0g  12.8g   7.4g R 106.2   6.8   3:38.24 nts	1688353195977
3850133 toao      20   0   26.0g  12.8g   7.4g R 100.0   6.8   3:38.92 nts	1688353196664
3850133 toao      20   0   26.0g  12.8g   7.4g R 100.0   6.8   3:39.61 nts	1688353197352
3850133 toao      20   0   25.8g  12.8g   7.4g R 187.5   6.8   3:40.44 nts	1688353198039
3850133 toao      20   0   25.8g  12.8g   7.4g R 731.2   6.8   3:44.05 nts	1688353198725
3850133 toao      20   0   26.9g  12.8g   7.4g R  1269   6.8   3:49.03 nts	1688353199446
3850133 toao      20   0   26.9g  12.8g   7.4g R 212.5   6.8   3:52.78 nts	1688353200117
3850133 toao      20   0   26.9g  12.8g   7.4g R 837.5   6.9   3:58.90 nts	1688353200799
3850133 toao      20   0   26.9g  12.8g   7.4g R 231.2   6.9   4:01.74 nts	1688353201489
3850133 toao      20   0   26.9g  12.8g   7.4g R 811.8   6.9   4:07.77 nts	1688353202175
3850133 toao      20   0   27.0g  12.9g   7.4g R  2019   6.9   4:13.20 nts	1688353202858
3850133 toao      20   0   26.9g  12.8g   7.4g R 452.9   6.9   4:17.66 nts	1688353203543
3850133 toao      20   0   26.9g  12.8g   7.4g R 844.4   6.9   4:22.71 nts	1688353204255
3850133 toao      20   0   27.0g  12.9g   7.4g R  1606   6.9   4:27.82 nts	1688353204945
3850133 toao      20   0   26.9g  12.8g   7.4g R 493.8   6.9   4:32.88 nts	1688353205662
3850133 toao      20   0   27.0g  12.9g   7.4g R  1962   6.9   4:37.32 nts	1688353206342
3850133 toao      20   0   26.9g  12.8g   7.4g R 818.8   6.9   4:42.39 nts	1688353207028
3850133 toao      20   0   26.9g  12.8g   7.4g R 175.0   6.9   4:44.73 nts	1688353207714
3850133 toao      20   0   26.9g  12.8g   7.4g R 662.5   6.9   4:52.10 nts	1688353208397
3850133 toao      20   0   27.0g  12.9g   7.4g R  1788   6.9   4:56.58 nts	1688353209081
3850133 toao      20   0   26.9g  12.8g   7.4g R 476.5   6.9   5:01.48 nts	1688353209780
3850133 toao      20   0   26.9g  12.8g   7.4g R  2212   6.9   5:06.36 nts	1688353210469
3850133 toao      20   0   26.9g  12.8g   7.4g R 381.2   6.9   5:10.91 nts	1688353211149
3850133 toao      20   0   26.9g  12.8g   7.4g R 835.3   6.9   5:16.62 nts	1688353211851
3850133 toao      20   0   26.9g  12.8g   7.4g R 187.5   6.9   5:19.83 nts	1688353212537
3850133 toao      20   0   26.9g  12.8g   7.4g S 562.5   6.9   5:25.91 nts	1688353213219
3850133 toao      20   0   26.9g  12.8g   7.4g R 843.8   6.9   5:31.73 nts	1688353213898
3850133 toao      20   0   26.9g  12.8g   7.4g S  1981   6.9   5:37.19 nts	1688353214584
3850133 toao      20   0   27.0g  12.9g   7.4g R 243.8   6.9   5:41.01 nts	1688353215261
3850133 toao      20   0   26.9g  12.8g   7.4g S 293.8   6.9   5:47.22 nts	1688353215935
3850133 toao      20   0   26.9g  12.8g   7.4g R 706.2   6.9   5:54.03 nts	1688353216619
3850133 toao      20   0   26.9g  12.8g   7.4g R 711.8   6.9   5:59.61 nts	1688353217330
3850133 toao      20   0   26.9g  12.8g   7.4g R 250.0   6.9   6:03.20 nts	1688353218023
3850133 toao      20   0   26.9g  12.8g   7.4g R 805.9   6.9   6:09.16 nts	1688353218694
3850133 toao      20   0   26.9g  12.8g   7.4g R 206.2   6.9   6:12.31 nts	1688353219380
3850133 toao      20   0   26.9g  12.8g   7.4g R 818.8   6.9   6:18.56 nts	1688353220064
3850133 toao      20   0   26.9g  12.8g   7.4g R 200.0   6.9   6:21.10 nts	1688353220745
3850133 toao      20   0   26.9g  12.8g   7.4g S 493.8   6.9   6:27.28 nts	1688353221429
3850133 toao      20   0   26.9g  12.8g   7.4g R 887.5   6.9   6:33.12 nts	1688353222113
3850133 toao      20   0   26.9g  12.8g   7.4g R  2106   6.8   6:38.78 nts	1688353222801
3850133 toao      20   0   26.9g  12.8g   7.4g R 512.5   6.9   6:43.14 nts	1688353223479
3850133 toao      20   0   26.9g  12.8g   7.4g R 583.3   6.9   6:48.61 nts	1688353224182
3850133 toao      20   0   26.9g  12.8g   7.4g R 312.5   6.9   6:52.50 nts	1688353224877
3850133 toao      20   0   26.9g  12.8g   7.4g R 937.5   6.9   6:58.33 nts	1688353225564
3850133 toao      20   0   27.0g  12.9g   7.4g R  1931   6.9   7:03.72 nts	1688353226247
3850133 toao      20   0   26.9g  12.8g   7.4g R 375.0   6.9   7:08.08 nts	1688353226959
3850133 toao      20   0   26.9g  12.8g   7.4g R 706.2   6.9   7:13.18 nts	1688353227645
3850133 toao      20   0   26.9g  12.8g   7.4g R  2150   6.8   7:18.61 nts	1688353228324
3850133 toao      20   0   26.9g  12.8g   7.4g R 200.0   6.9   7:22.43 nts	1688353229004
3850133 toao      20   0   26.9g  12.8g   7.4g S 456.2   6.9   7:28.69 nts	1688353229686
3850133 toao      20   0   26.9g  12.8g   7.4g S 813.3   6.9   7:34.66 nts	1688353230378
3850133 toao      20   0   26.9g  12.8g   7.4g S 680.0   6.9   7:40.24 nts	1688353231056
3850133 toao      20   0   27.0g  12.9g   7.4g R  2075   6.9   7:45.75 nts	1688353231737
3850133 toao      20   0   26.9g  12.8g   7.4g R 217.6   6.9   7:49.76 nts	1688353232421
3850133 toao      20   0   26.9g  12.8g   7.4g R 812.5   6.9   7:56.00 nts	1688353233108
3850133 toao      20   0   26.9g  12.8g   7.4g R 200.0   6.9   7:58.75 nts	1688353233793
3850133 toao      20   0   26.9g  12.8g   7.4g R 729.4   6.9   8:05.35 nts	1688353234483
3850133 toao      20   0   26.9g  12.8g   7.4g S  1362   6.9   8:10.47 nts	1688353235190
3850133 toao      20   0   27.0g  12.9g   7.4g R 200.0   6.9   8:13.73 nts	1688353235871
3850133 toao      20   0   26.9g  12.8g   7.4g R 570.6   6.9   8:20.73 nts	1688353236561
3850133 toao      20   0   26.9g  12.8g   7.4g R 833.3   6.9   8:26.34 nts	1688353237248
3850133 toao      20   0   26.9g  12.8g   7.4g R 235.3   6.9   8:29.84 nts	1688353237931
3850133 toao      20   0   26.9g  12.8g   7.4g R 825.0   6.9   8:35.97 nts	1688353238624
3850133 toao      20   0   26.9g  12.8g   7.4g S  2225   6.9   8:41.59 nts	1688353239309
3850133 toao      20   0   26.9g  12.8g   7.4g R 212.5   6.9   8:45.50 nts	1688353239992
3850133 toao      20   0   26.9g  12.8g   7.4g R 781.2   6.9   8:52.20 nts	1688353240677
3850133 toao      20   0   26.9g  12.8g   7.4g R 200.0   6.9   8:54.55 nts	1688353241366
3850133 toao      20   0   26.9g  12.8g   7.4g R 705.9   6.9   9:01.28 nts	1688353242054
3850133 toao      20   0   26.9g  12.8g   7.4g R 535.3   6.9   9:06.71 nts	1688353242756
3850133 toao      20   0   26.9g  12.8g   7.4g R 337.5   6.9   9:10.75 nts	1688353243452
3850133 toao      20   0   26.9g  12.8g   7.4g S 856.2   6.9   9:16.32 nts	1688353244133
3850133 toao      20   0   27.0g  12.9g   7.4g R 987.5   6.9   9:19.81 nts	1688353244812
3850133 toao      20   0   26.9g  12.8g   7.4g S 256.2   6.9   9:25.05 nts	1688353245522
3850133 toao      20   0   26.9g  12.8g   7.4g R 818.8   6.9   9:31.50 nts	1688353246204
3850133 toao      20   0   26.9g  12.8g   7.4g R 206.2   6.9   9:34.18 nts	1688353246887
3850133 toao      20   0   26.9g  12.8g   7.4g S 562.5   6.9   9:40.34 nts	1688353247564
3850133 toao      20   0   26.9g  12.8g   7.4g R 711.8   6.9   9:45.95 nts	1688353248253
3850133 toao      20   0   26.9g  12.8g   7.4g R 252.9   6.9   9:49.44 nts	1688353248943
3850133 toao      20   0   26.9g  12.8g   7.4g R 818.8   6.9   9:55.08 nts	1688353249630
3850133 toao      20   0   26.9g  12.8g   7.4g R 268.8   6.9   9:58.42 nts	1688353250312
3850133 toao      20   0   26.9g  12.8g   7.4g R 818.8   6.9  10:04.39 nts	1688353250997
3850133 toao      20   0   26.9g  12.8g   7.4g R 205.9   6.9  10:07.38 nts	1688353251682
3850133 toao      20   0   26.9g  12.8g   7.4g R 818.8   6.9  10:13.93 nts	1688353252368
3850133 toao      20   0   26.9g  12.8g   7.4g R 176.5   6.9  10:16.37 nts	1688353253052
3850133 toao      20   0   26.9g  12.8g   7.4g R 693.8   6.9  10:23.43 nts	1688353253737
3850133 toao      20   0   27.0g  12.9g   7.4g R  1171   6.9  10:27.09 nts	1688353254424
3850133 toao      20   0   26.9g  12.8g   7.4g R 200.0   6.9  10:32.40 nts	1688353255126
3850133 toao      20   0   26.9g  12.8g   7.4g S 331.2   6.9  10:39.10 nts	1688353255801
3850133 toao      20   0   26.9g  12.8g   7.4g R 818.8   6.9  10:45.45 nts	1688353256480
3850133 toao      20   0   26.9g  12.8g   7.4g R 213.3   6.9  10:48.20 nts	1688353257170
3850133 toao      20   0   26.9g  12.8g   7.4g R 768.8   6.9  10:54.87 nts	1688353257848
3850133 toao      20   0   27.0g  12.9g   7.4g R 262.5   6.9  10:57.24 nts	1688353258538
3850133 toao      20   0   26.9g  12.8g   7.4g R 687.5   6.9  11:04.35 nts	1688353259227
3850133 toao      20   0   27.0g  12.9g   7.4g R 212.5   6.9  11:06.39 nts	1688353259916
3850133 toao      20   0   26.9g  12.8g   7.4g R 523.5   6.9  11:13.53 nts	1688353260601
3850133 toao      20   0   27.0g  12.9g   7.4g R  1156   6.9  11:16.92 nts	1688353261291
3850133 toao      20   0   26.9g  12.8g   7.4g R 518.8   6.9  11:22.60 nts	1688353261994
3850133 toao      20   0   27.0g  12.9g   7.4g R  1044   6.9  11:25.85 nts	1688353262668
3850133 toao      20   0   27.0g  12.8g   7.4g R 262.5   6.9  11:31.02 nts	1688353263377
3850133 toao      20   0   26.9g  12.8g   7.4g R 706.2   6.9  11:37.85 nts	1688353264063
3850133 toao      20   0   26.9g  12.8g   7.4g R 137.5   6.9  11:40.09 nts	1688353264750
3850133 toao      20   0   26.9g  12.8g   7.4g R 606.2   6.9  11:46.78 nts	1688353265436
3850133 toao      20   0   26.9g  12.8g   7.4g R 317.6   6.9  11:51.30 nts	1688353266138
3850133 toao      20   0   26.9g  12.8g   7.4g R 481.2   6.9  11:55.93 nts	1688353266820
3850133 toao      20   0   26.9g  12.8g   7.4g R  1188   6.9  12:01.01 nts	1688353267535
3850133 toao      20   0   27.0g  12.9g   7.4g R  1312   6.9  12:05.50 nts	1688353268237
3850133 toao      20   0   26.9g  12.8g   7.4g R 512.5   6.9  12:10.95 nts	1688353268951
3850133 toao      20   0   27.0g  12.9g   7.4g R  1575   6.9  12:14.85 nts	1688353269629
3850133 toao      20   0   26.9g  12.8g   7.4g R 512.5   6.9  12:19.91 nts	1688353270329
3850133 toao      20   0   26.9g  12.8g   7.4g S  2138   6.9  12:24.68 nts	1688353271009
3850133 toao      20   0   26.9g  12.8g   7.4g R 418.8   6.9  12:28.92 nts	1688353271686
3850133 toao      20   0   26.9g  12.8g   7.4g S 752.9   6.9  12:34.63 nts	1688353272365
3850133 toao      20   0   28.2g  13.1g   7.4g R  1950   7.0  12:42.32 nts	1688353273048
3850133 toao      20   0   55.9g  15.4g   9.4g R 213.3   8.2  12:45.09 nts	1688353273727
3850133 toao      20   0   60.3g  16.3g  10.3g S 375.0   8.7  12:46.77 nts	1688353274406
3850133 toao      20   0   64.8g  16.4g  10.6g S 593.8   8.7  12:53.68 nts	1688353275090
3850133 toao      20   0   66.1g  16.6g  10.6g S  1135   8.9  13:01.85 nts	1688353275792
3850133 toao      20   0   66.6g  16.4g  10.6g S 612.5   8.8  13:08.04 nts	1688353276484
3850133 toao      20   0   65.8g  16.6g  10.6g S  1150   8.9  13:15.86 nts	1688353277173
3850133 toao      20   0   66.3g  16.6g  10.6g S  1081   8.9  13:22.86 nts	1688353277874
3850133 toao      20   0   66.5g  16.4g  10.6g S  1106   8.8  13:29.54 nts	1688353278553
3850133 toao      20   0   66.5g  16.4g  10.6g S  1175   8.8  13:36.83 nts	1688353279243
3850133 toao      20   0   67.4g  16.4g  10.6g S  1125   8.8  13:44.02 nts	1688353279918
3850133 toao      20   0   66.1g  16.4g  10.6g S  1112   8.8  13:51.15 nts	1688353280601
3850133 toao      20   0   67.0g  16.4g  10.6g S 905.9   8.8  13:58.62 nts	1688353281289
3850133 toao      20   0   67.0g  16.6g  10.6g S  1338   8.9  14:06.88 nts	1688353281979
3850133 toao      20   0   67.3g  16.6g  10.6g S  1319   8.9  14:14.27 nts	1688353282671
3850133 toao      20   0   65.4g  16.6g  10.6g S  1025   8.9  14:21.40 nts	1688353283358
3850133 toao      20   0   66.3g  16.6g  10.6g S  1025   8.9  14:28.52 nts	1688353284042
3850133 toao      20   0   65.9g  16.6g  10.6g S 994.1   8.9  14:35.71 nts	1688353284722
3850133 toao      20   0   67.8g  16.6g  10.6g S  1188   8.9  14:43.04 nts	1688353285409
3850133 toao      20   0   66.5g  16.6g  10.6g S  1331   8.9  14:51.02 nts	1688353286106
3850133 toao      20   0   66.2g  16.4g  10.6g S 881.2   8.8  14:58.36 nts	1688353286818
3850133 toao      20   0   67.0g  16.4g  10.6g S 875.0   8.8  15:05.57 nts	1688353287493
3850133 toao      20   0   66.6g  16.4g  10.6g S 993.8   8.8  15:12.92 nts	1688353288178
3850133 toao      20   0   65.7g  16.4g  10.6g S 818.8   8.8  15:20.13 nts	1688353288862
3850133 toao      20   0   65.7g  16.4g  10.6g S 843.8   8.8  15:27.28 nts	1688353289546
3850133 toao      20   0   66.3g  16.6g  10.6g S 512.5   8.9  15:33.86 nts	1688353290219
3850133 toao      20   0   65.9g  16.6g  10.6g S 506.2   8.9  15:40.72 nts	1688353290915
3850133 toao      20   0   67.1g  16.6g  10.6g S  1038   8.9  15:47.87 nts	1688353291599
3850133 toao      20   0   67.0g  16.6g  10.6g S  1069   8.9  15:54.94 nts	1688353292275
3850133 toao      20   0   67.1g  16.6g  10.6g S  1173   8.9  16:02.05 nts	1688353292956
3850133 toao      20   0   66.7g  16.6g  10.6g S 987.5   8.9  16:09.24 nts	1688353293636
3850133 toao      20   0   66.3g  16.6g  10.6g S 958.8   8.9  16:16.28 nts	1688353294315
3850133 toao      20   0   65.6g  16.6g  10.6g S 987.5   8.9  16:23.37 nts	1688353294992
3850133 toao      20   0   67.3g  16.6g  10.6g S 747.1   8.9  16:30.48 nts	1688353295665
3850133 toao      20   0   66.6g  16.7g  10.6g S  1025   8.9  16:37.89 nts	1688353296354
3850133 toao      20   0   70.6g  16.4g  10.6g S  1453   8.7  16:45.67 nts	1688353297044
3850133 toao      20   0   71.4g  16.4g  10.6g S 881.2   8.8  16:52.93 nts	1688353297729
3850133 toao      20   0   71.8g  16.7g  10.6g S 758.8   8.9  16:59.79 nts	1688353298403
3850133 toao      20   0   71.5g  16.6g  10.6g S 418.8   8.9  17:06.55 nts	1688353299096
3850133 toao      20   0   72.1g  16.6g  10.6g S  1344   8.9  17:13.68 nts	1688353299785
3850133 toao      20   0   72.9g  16.4g  10.6g S  1181   8.8  17:19.95 nts	1688353300463
3850133 toao      20   0   71.8g  16.4g  10.6g S 837.5   8.8  17:26.51 nts	1688353301144
3850133 toao      20   0   71.8g  16.7g  10.6g S  1212   8.9  17:33.46 nts	1688353301828
3850133 toao      20   0   70.8g  16.4g  10.6g S 782.4   8.8  17:40.94 nts	1688353302534
3850133 toao      20   0   72.4g  16.4g  10.6g S  1075   8.8  17:48.36 nts	1688353303222
3850133 toao      20   0   71.1g  16.4g  10.6g S 868.8   8.8  17:55.26 nts	1688353303916
3850133 toao      20   0   72.1g  16.4g  10.6g S  1112   8.8  18:02.97 nts	1688353304599
3850133 toao      20   0   71.8g  16.4g  10.6g S  1025   8.8  18:09.83 nts	1688353305283
3850133 toao      20   0   72.3g  16.4g  10.6g S  1150   8.8  18:17.14 nts	1688353305960
3850133 toao      20   0   72.2g  16.4g  10.6g S  1162   8.8  18:24.21 nts	1688353306633
3850133 toao      20   0   72.2g  16.4g  10.6g S  1188   8.8  18:31.35 nts	1688353307315
3850133 toao      20   0   71.6g  16.4g  10.6g S  1062   8.8  18:38.34 nts	1688353307997
3850133 toao      20   0   72.3g  16.4g  10.6g S  1371   8.8  18:45.98 nts	1688353308681
3850133 toao      20   0   72.4g  16.6g  10.6g S  1112   8.9  18:53.71 nts	1688353309376
3850133 toao      20   0   72.1g  16.4g  10.6g S  1231   8.8  19:00.48 nts	1688353310076
3850133 toao      20   0   72.6g  16.6g  10.6g S 887.5   8.8  19:08.04 nts	1688353310762
3850133 toao      20   0   72.6g  16.6g  10.6g S  1088   8.9  19:15.95 nts	1688353311450
3850133 toao      20   0   72.1g  16.6g  10.6g S  1275   8.9  19:22.90 nts	1688353312129
3850133 toao      20   0   72.1g  16.4g  10.6g S 694.1   8.8  19:29.00 nts	1688353312814
3850133 toao      20   0   72.5g  16.6g  10.6g S 922.2   8.9  19:36.55 nts	1688353313502
3850133 toao      20   0   72.6g  16.6g  10.6g S  1038   8.9  19:43.78 nts	1688353314207
3850133 toao      20   0   72.3g  16.6g  10.6g S 911.8   8.9  19:50.76 nts	1688353314903
3850133 toao      20   0   72.5g  16.6g  10.6g S 931.2   8.9  19:57.81 nts	1688353315598
3850133 toao      20   0   72.2g  16.6g  10.6g S  1050   8.9  20:04.90 nts	1688353316272
3850133 toao      20   0   72.1g  16.4g  10.6g S  1053   8.8  20:11.45 nts	1688353316974
3850133 toao      20   0   71.5g  16.4g  10.6g S  1081   8.8  20:18.48 nts	1688353317653
3850133 toao      20   0   71.2g  16.4g  10.6g S  1088   8.8  20:25.49 nts	1688353318326
3850133 toao      20   0   72.1g  16.4g  10.6g S 893.8   8.8  20:32.06 nts	1688353319003
3850133 toao      20   0   71.8g  16.4g  10.6g S  1106   8.8  20:39.29 nts	1688353319680
3850133 toao      20   0   72.1g  16.4g  10.6g S  1106   8.8  20:46.21 nts	1688353320363
3850133 toao      20   0   72.8g  16.4g  10.6g S 893.8   8.8  20:52.60 nts	1688353321040
3850133 toao      20   0   74.2g  16.7g  10.6g S  1494   8.9  20:59.64 nts	1688353321721
3850133 toao      20   0   73.0g  16.6g  10.6g S 387.5   8.9  21:06.08 nts	1688353322407
3850133 toao      20   0   74.7g  16.6g  10.6g S  1100   8.9  21:13.22 nts	1688353323088
3850133 toao      20   0   74.0g  16.4g  10.6g S  1144   8.8  21:19.17 nts	1688353323768
3850133 toao      20   0   75.4g  16.4g  10.6g S 875.0   8.8  21:25.92 nts	1688353324455
3850133 toao      20   0   73.3g  16.4g  10.6g S 800.0   8.8  21:33.30 nts	1688353325132
3850133 toao      20   0   73.2g  16.4g  10.6g S 900.0   8.8  21:40.57 nts	1688353325817
3850133 toao      20   0   73.0g  16.4g  10.6g S 906.2   8.8  21:47.65 nts	1688353326502
3850133 toao      20   0   72.8g  16.7g  10.6g S  1088   8.9  21:54.65 nts	1688353327182
3850133 toao      20   0   73.5g  16.4g  10.6g S 831.2   8.8  22:01.82 nts	1688353327865
3850133 toao      20   0   73.4g  16.4g  10.6g S 931.2   8.8  22:08.97 nts	1688353328541
3850133 toao      20   0   74.2g  16.4g  10.6g S  1200   8.8  22:16.79 nts	1688353329234
3850133 toao      20   0   73.9g  16.4g  10.6g S  1150   8.8  22:23.94 nts	1688353329912
3850133 toao      20   0   74.2g  16.4g  10.6g S 656.2   8.8  22:31.23 nts	1688353330595
3850133 toao      20   0   74.3g  16.4g  10.6g S  1047   8.8  22:38.41 nts	1688353331276
3850133 toao      20   0   74.2g  16.4g  10.6g S 718.8   8.8  22:45.78 nts	1688353331959
3850133 toao      20   0   72.8g  16.6g  10.6g S  1094   8.9  22:53.91 nts	1688353332641
3850133 toao      20   0   72.8g  16.6g  10.6g S  1224   8.9  23:01.10 nts	1688353333315
3850133 toao      20   0   74.1g  16.6g  10.6g S  1088   8.9  23:08.22 nts	1688353333995
3850133 toao      20   0   74.5g  16.6g  10.6g S  1300   8.9  23:15.23 nts	1688353334678
3850133 toao      20   0   74.2g  16.6g  10.6g S  1281   8.9  23:22.18 nts	1688353335359
3850133 toao      20   0   74.3g  16.4g  10.6g S 820.0   8.8  23:28.68 nts	1688353336050
3850133 toao      20   0   74.3g  16.6g  10.6g S  1225   8.9  23:36.62 nts	1688353336750
3850133 toao      20   0   74.4g  16.6g  10.6g S  1169   8.9  23:43.59 nts	1688353337441
3850133 toao      20   0   73.9g  16.6g  10.6g S  1056   8.9  23:50.64 nts	1688353338143
3850133 toao      20   0   74.4g  16.6g  10.6g S  1069   8.9  23:57.83 nts	1688353338827
3850133 toao      20   0   73.8g  16.6g  10.6g S  1306   8.9  24:05.20 nts	1688353339521
3850133 toao      20   0   74.1g  16.4g  10.6g S  1181   8.8  24:11.38 nts	1688353340199
3850133 toao      20   0   73.8g  16.4g  10.6g S  1112   8.8  24:18.42 nts	1688353340883
3850133 toao      20   0   73.6g  16.4g  10.6g S  1231   8.8  24:25.70 nts	1688353341556
3850133 toao      20   0   74.5g  16.6g  10.6g S  1147   8.9  24:33.19 nts	1688353342235
3850133 toao      20   0   74.5g  16.6g  10.6g S 962.5   8.9  24:40.51 nts	1688353342940
3850133 toao      20   0   70.2g  16.6g  10.6g S  1218   8.9  24:48.31 nts	1688353343634
3850133 toao      20   0   72.6g  16.4g  10.6g S 568.8   8.8  24:54.31 nts	1688353344312
3850133 toao      20   0   74.0g  16.4g  10.6g S 706.2   8.8  25:01.56 nts	1688353344995
3850133 toao      20   0   74.6g  16.4g  10.6g S 987.5   8.8  25:08.36 nts	1688353345684
3850133 toao      20   0   74.9g  16.4g  10.6g S 876.5   8.8  25:15.43 nts	1688353346363
3850133 toao      20   0   74.7g  16.5g  10.6g S 906.2   8.8  25:22.38 nts	1688353347060
3850133 toao      20   0   73.5g  16.6g  10.6g S  1044   8.9  25:28.60 nts	1688353347740
3850133 toao      20   0   73.3g  16.6g  10.6g S  1088   8.9  25:35.65 nts	1688353348420
3850133 toao      20   0   74.3g  16.6g  10.6g S  1062   8.9  25:42.67 nts	1688353349102
3850133 toao      20   0   74.1g  16.6g  10.6g S  1294   8.9  25:49.68 nts	1688353349772
3850133 toao      20   0   73.9g  16.4g  10.6g S 737.5   8.8  25:55.79 nts	1688353350449
3850133 toao      20   0   72.8g  16.6g  10.6g S  1088   8.9  26:03.93 nts	1688353351141
3850133 toao      20   0   74.3g  16.4g  10.6g S 762.5   8.8  26:10.23 nts	1688353351822
3850133 toao      20   0   74.2g  16.4g  10.6g S  1680   8.8  26:19.33 nts	1688353352505
3850133 toao      20   0   72.7g  16.4g  10.6g S 837.5   8.8  26:26.38 nts	1688353353182
3850133 toao      20   0   72.5g  16.6g  10.6g S 594.1   8.9  26:32.75 nts	1688353353861
3850133 toao      20   0   74.6g  16.6g  10.6g S  1038   8.9  26:39.93 nts	1688353354546
3850133 toao      20   0   74.3g  16.4g  10.6g S  1219   8.8  26:48.56 nts	1688353355230
3850133 toao      20   0   73.3g  16.4g  10.6g S 943.8   8.8  26:55.35 nts	1688353355920
3850133 toao      20   0   72.7g  16.4g  10.6g S 917.6   8.8  27:02.45 nts	1688353356610
3850133 toao      20   0   73.4g  16.6g  10.6g S  1112   8.9  27:10.92 nts	1688353357290
3850133 toao      20   0   74.3g  16.6g  10.6g S  1094   8.9  27:17.95 nts	1688353357999
3850133 toao      20   0   74.2g  16.4g  10.6g S  1088   8.8  27:24.45 nts	1688353358675
3850133 toao      20   0   73.9g  16.4g  10.6g S  1175   8.8  27:31.49 nts	1688353359358
3850133 toao      20   0   73.3g  16.4g  10.6g S  1081   8.8  27:38.51 nts	1688353360036
3850133 toao      20   0   72.9g  16.4g  10.6g S 793.8   8.8  27:45.14 nts	1688353360713
3850133 toao      20   0   72.7g  16.4g  10.6g S  1100   8.8  27:52.16 nts	1688353361387
3850133 toao      20   0   72.7g  16.7g  10.6g S 875.0   8.9  27:59.08 nts	1688353362070
3850133 toao      20   0   73.4g  16.4g  10.6g S 856.2   8.8  28:06.22 nts	1688353362758
3850133 toao      20   0   72.9g  16.4g  10.6g S 913.3   8.8  28:13.40 nts	1688353363446
3850133 toao      20   0   73.3g  16.6g  10.6g S  1088   8.8  28:20.67 nts	1688353364133
3850133 toao      20   0   73.7g  16.5g  10.6g S 843.8   8.8  28:27.60 nts	1688353364813
3850133 toao      20   0   72.9g  16.4g  10.6g S 975.0   8.8  28:34.96 nts	1688353365506
3850133 toao      20   0   73.8g  16.4g  10.6g S 856.2   8.8  28:42.00 nts	1688353366204
3850133 toao      20   0   73.0g  16.4g  10.6g S  1027   8.8  28:49.26 nts	1688353366886
3850133 toao      20   0   74.4g  16.4g  10.6g S  1300   8.8  28:56.28 nts	1688353367570
3850133 toao      20   0   74.7g  16.5g  10.6g S 887.5   8.8  29:03.57 nts	1688353368250
3850133 toao      20   0   73.4g  16.6g  10.6g S 729.4   8.9  29:09.63 nts	1688353368934
3850133 toao      20   0   73.4g  16.6g  10.6g S 918.8   8.9  29:16.16 nts	1688353369620
3850133 toao      20   0   73.7g  16.6g  10.6g S 872.2   8.9  29:23.40 nts	1688353370303
3850133 toao      20   0   73.5g  16.6g  10.6g S  1494   8.9  29:30.14 nts	1688353371016
3850133 toao      20   0   73.0g  16.4g  10.6g S  1456   8.8  29:37.34 nts	1688353371695
3850133 toao      20   0   73.7g  16.4g  10.6g S 918.8   8.8  29:44.56 nts	1688353372378
3850133 toao      20   0   73.8g  16.7g  10.6g S  1069   8.9  29:51.76 nts	1688353373063
3850133 toao      20   0   74.2g  16.4g  10.6g S  1281   8.8  29:59.06 nts	1688353373758
3850133 toao      20   0   73.7g  16.4g  10.6g S 931.2   8.8  30:06.16 nts	1688353374442
3850133 toao      20   0   73.3g  16.4g  10.6g S 825.0   8.8  30:13.36 nts	1688353375127
3850133 toao      20   0   73.8g  16.6g  10.6g S 938.9   8.9  30:21.47 nts	1688353375810
3850133 toao      20   0   74.3g  16.6g  10.6g S  1300   8.9  30:29.21 nts	1688353376515
3850133 toao      20   0   74.3g  16.4g  10.6g S  1044   8.8  30:35.37 nts	1688353377195
3850133 toao      20   0   74.2g  16.6g  10.6g S 938.9   8.9  30:43.17 nts	1688353377880
3850133 toao      20   0   74.4g  16.6g  10.6g S  1094   8.9  30:50.86 nts	1688353378593
3850133 toao      20   0   74.2g  16.6g  10.6g S  1124   8.9  30:57.97 nts	1688353379273
3850133 toao      20   0   74.1g  16.6g  10.6g S  1006   8.9  31:05.53 nts	1688353379979
3850133 toao      20   0   72.5g  16.6g  10.6g S 947.1   8.9  31:12.64 nts	1688353380654
3850133 toao      20   0   73.4g  16.6g  10.6g S 900.0   8.9  31:19.75 nts	1688353381341
3850133 toao      20   0   74.3g  16.6g  10.6g S  1094   8.9  31:27.01 nts	1688353382024
3850133 toao      20   0   72.8g  16.6g  10.6g S  1106   8.9  31:34.07 nts	1688353382703
3850133 toao      20   0   74.2g  16.6g  10.6g S  1400   8.9  31:41.17 nts	1688353383376
3850133 toao      20   0   74.2g  16.6g  10.6g S  1319   8.9  31:48.30 nts	1688353384055
3850133 toao      20   0   74.0g  16.6g  10.6g S  1288   8.9  31:55.42 nts	1688353384728
3850133 toao      20   0   74.1g  16.6g  10.6g S  1231   8.8  32:01.78 nts	1688353385408
3850133 toao      20   0   74.5g  16.6g  10.6g S  1031   8.9  32:09.24 nts	1688353386105
3850133 toao      20   0   74.2g  16.6g  10.6g S  1081   8.9  32:16.60 nts	1688353386795
3850133 toao      20   0   74.0g  16.4g  10.6g S  1194   8.8  32:22.99 nts	1688353387484
3850133 toao      20   0   74.0g  16.6g  10.6g S  1088   8.9  32:30.65 nts	1688353388181
3850133 toao      20   0   73.8g  16.4g  10.6g S 987.5   8.8  32:37.29 nts	1688353388869
3850133 toao      20   0   74.0g  16.4g  10.6g S  1212   8.8  32:44.49 nts	1688353389552
3850133 toao      20   0   72.2g  16.5g  10.6g S 737.5   8.8  32:51.72 nts	1688353390228
3850133 toao      20   0   72.3g  16.4g  10.6g S 823.5   8.8  32:58.37 nts	1688353390916
3850133 toao      20   0   74.2g  16.4g  10.6g S  1187   8.8  33:05.45 nts	1688353391596
3850133 toao      20   0   74.3g  16.4g  10.6g S  1012   8.8  33:12.37 nts	1688353392268
3850133 toao      20   0   73.6g  16.4g  10.6g S 906.2   8.8  33:19.38 nts	1688353392953
3850133 toao      20   0   75.1g  16.6g  10.6g S 393.8   8.9  33:25.64 nts	1688353393629
3850133 toao      20   0   73.5g  16.6g  10.6g S  1106   8.9  33:32.95 nts	1688353394313
3850133 toao      20   0   74.0g  16.6g  10.6g S  1150   8.9  33:40.42 nts	1688353394986
3850133 toao      20   0   72.6g  16.6g  10.6g S  1088   8.9  33:47.43 nts	1688353395664
3850133 toao      20   0   73.2g  16.6g  10.6g S  1194   8.9  33:54.49 nts	1688353396352
3850133 toao      20   0   74.2g  16.6g  10.6g S  1140   8.9  34:01.76 nts	1688353397037
3850133 toao      20   0   74.2g  16.6g  10.6g S  1141   8.9  34:08.88 nts	1688353397716
3850133 toao      20   0   74.1g  16.6g  10.6g S  1312   8.9  34:15.89 nts	1688353398399
3850133 toao      20   0   72.8g  16.6g  10.6g S  1044   8.9  34:23.02 nts	1688353399081
3850133 toao      20   0   74.3g  16.6g  10.6g S  1119   8.9  34:30.08 nts	1688353399759
3850133 toao      20   0   73.8g  16.6g  10.6g S  1319   8.9  34:37.12 nts	1688353400438
3850133 toao      20   0   74.2g  16.6g  10.6g S 993.3   8.9  34:43.61 nts	1688353401117
3850133 toao      20   0   74.2g  16.6g  10.6g S  1106   8.9  34:51.33 nts	1688353401796
3850133 toao      20   0   74.2g  16.6g  10.6g S  1281   8.9  34:58.39 nts	1688353402471
3850133 toao      20   0   74.2g  16.6g  10.6g S  1006   8.9  35:04.91 nts	1688353403152
3850133 toao      20   0   74.3g  16.6g  10.6g S  1250   8.9  35:12.51 nts	1688353403873
3850133 toao      20   0   74.4g  16.6g  10.6g S 825.0   8.9  35:18.89 nts	1688353404552
3850133 toao      20   0   73.7g  16.4g  10.6g S  1100   8.8  35:25.27 nts	1688353405236
3850133 toao      20   0   73.3g  16.4g  10.6g S 956.2   8.8  35:32.02 nts	1688353405913
3850133 toao      20   0   73.4g  16.5g  10.6g S 856.2   8.8  35:38.88 nts	1688353406595
3850133 toao      20   0   73.2g  16.7g  10.6g S 600.0   8.9  35:45.45 nts	1688353407285
3850133 toao      20   0   72.7g  16.6g  10.6g S  1153   8.9  35:52.72 nts	1688353407982
3850133 toao      20   0   72.4g  16.6g  10.6g S 800.0   8.9  35:59.80 nts	1688353408686
3850133 toao      20   0   72.5g  16.6g  10.6g S  1025   8.9  36:06.89 nts	1688353409374
3850133 toao      20   0   72.5g  16.6g  10.6g S  1075   8.9  36:14.05 nts	1688353410056
3850133 toao      20   0   73.0g  16.6g  10.6g S  1153   8.9  36:21.20 nts	1688353410731
3850133 toao      20   0   73.8g  16.6g  10.6g S  1100   8.9  36:28.34 nts	1688353411420
3850133 toao      20   0   72.6g  16.6g  10.6g S  1269   8.9  36:35.20 nts	1688353412101
3850133 toao      20   0   74.3g  16.6g  10.6g S  1325   8.9  36:42.30 nts	1688353412783
3850133 toao      20   0   70.0g  16.6g  10.6g S  1325   8.9  36:49.30 nts	1688353413459
3850133 toao      20   0   73.2g  16.6g  10.6g S  1118   8.9  36:56.35 nts	1688353414145
3850133 toao      20   0   73.8g  16.4g  10.6g S 768.8   8.8  37:02.41 nts	1688353414841
3850133 toao      20   0   72.6g  16.4g  10.6g S  1138   8.8  37:09.38 nts	1688353415518
3850133 toao      20   0   73.7g  16.4g  10.6g S 856.2   8.8  37:16.06 nts	1688353416204
3850133 toao      20   0   74.0g  16.4g  10.6g S 881.2   8.8  37:23.20 nts	1688353416893
3850133 toao      20   0   74.2g  16.7g  10.6g S  1506   8.9  37:30.23 nts	1688353417574
3850133 toao      20   0   73.0g  16.4g  10.6g S 843.8   8.8  37:37.76 nts	1688353418268
3850133 toao      20   0   73.3g  16.4g  10.6g S 856.2   8.8  37:44.93 nts	1688353418942
3850133 toao      20   0   73.6g  16.5g  10.6g S 831.2   8.8  37:52.07 nts	1688353419619
3850133 toao      20   0   74.1g  16.4g  10.6g S  1500   8.8  37:59.45 nts	1688353420296
3850133 toao      20   0   73.1g  16.4g  10.6g S  1119   8.8  38:06.89 nts	1688353420986
3850133 toao      20   0   72.5g  16.4g  10.6g S 831.2   8.8  38:13.61 nts	1688353421665
3850133 toao      20   0   74.2g  16.4g  10.6g S 743.8   8.8  38:21.36 nts	1688353422358
3850133 toao      20   0   73.9g  16.6g  10.6g S 962.5   8.9  38:28.70 nts	1688353423050
3850133 toao      20   0   74.5g  16.6g  10.6g S 968.8   8.9  38:35.73 nts	1688353423759
3850133 toao      20   0   74.2g  16.6g  10.6g S  1088   8.9  38:43.22 nts	1688353424436
3850133 toao      20   0   74.1g  16.6g  10.6g S  1081   8.9  38:50.80 nts	1688353425141
3850133 toao      20   0   74.2g  16.6g  10.6g S  1225   8.9  38:57.98 nts	1688353425818
3850133 toao      20   0   74.1g  16.6g  10.6g S  1344   8.9  39:05.29 nts	1688353426506
3850133 toao      20   0   74.2g  16.6g  10.6g S  1050   8.9  39:12.42 nts	1688353427181
3850133 toao      20   0   74.4g  16.6g  10.6g S  1112   8.9  39:19.47 nts	1688353427860
3850133 toao      20   0   74.3g  16.6g  10.6g S  1362   8.9  39:26.69 nts	1688353428540
3850133 toao      20   0   74.2g  16.6g  10.6g S  1025   8.9  39:33.37 nts	1688353429227
3850133 toao      20   0   74.2g  16.6g  10.6g S  1194   8.9  39:40.90 nts	1688353429915
3850133 toao      20   0   74.1g  16.5g  10.6g S 850.0   8.8  39:47.30 nts	1688353430607
3850133 toao      20   0   74.0g  16.6g  10.6g S 794.1   8.8  39:54.54 nts	1688353431291
3850133 toao      20   0   73.1g  16.6g  10.6g S  1244   8.9  40:02.36 nts	1688353431995
3850133 toao      20   0   74.4g  16.6g  10.6g S 925.0   8.9  40:08.85 nts	1688353432680
3850133 toao      20   0   74.0g  16.4g  10.6g S 931.2   8.8  40:15.52 nts	1688353433384
3850133 toao      20   0   74.0g  16.4g  10.6g S  1124   8.8  40:22.73 nts	1688353434043
3850133 toao      20   0   74.1g  16.6g  10.6g S 956.2   8.9  40:30.16 nts	1688353434734
3850133 toao      20   0   74.0g  16.6g  10.6g S  1025   8.9  40:37.39 nts	1688353435413
3850133 toao      20   0   74.3g  16.6g  10.6g S  1188   8.9  40:44.78 nts	1688353436095
3850133 toao      20   0   72.6g  16.4g  10.6g S 668.8   8.8  40:51.11 nts	1688353436776
3850133 toao      20   0   73.2g  16.4g  10.6g S 837.5   8.8  40:58.27 nts	1688353437479
3850133 toao      20   0   73.5g  16.4g  10.6g S 693.8   8.8  41:05.72 nts	1688353438163
3850133 toao      20   0   75.0g  16.4g  10.6g S  1206   8.8  41:12.89 nts	1688353438855
3850133 toao      20   0   74.6g  16.4g  10.6g S  1125   8.8  41:20.02 nts	1688353439539
3850133 toao      20   0   74.9g  16.4g  10.6g S 906.2   8.8  41:26.82 nts	1688353440223
3850133 toao      20   0   73.6g  16.4g  10.6g S 776.5   8.8  41:34.08 nts	1688353440902
3850133 toao      20   0   73.9g  16.4g  10.6g S 864.7   8.8  41:41.41 nts	1688353441584
3850133 toao      20   0   73.2g  16.4g  10.6g S 825.0   8.8  41:48.22 nts	1688353442272
3850133 toao      20   0   73.0g  16.4g  10.6g S 881.2   8.8  41:55.25 nts	1688353442948
3850133 toao      20   0   73.5g  16.4g  10.6g S  1133   8.8  42:02.73 nts	1688353443627
3850133 toao      20   0   73.4g  16.4g  10.6g S 812.5   8.8  42:09.41 nts	1688353444299
3850133 toao      20   0   74.2g  16.4g  10.6g S  1144   8.8  42:16.93 nts	1688353444981
3850133 toao      20   0   74.3g  16.6g  10.6g S  1031   8.9  42:24.73 nts	1688353445664
3850133 toao      20   0   73.4g  16.4g  10.6g S  1125   8.8  42:31.15 nts	1688353446348
3850133 toao      20   0   74.3g  16.4g  10.6g S  1106   8.8  42:38.26 nts	1688353447025
3850133 toao      20   0   74.2g  16.4g  10.6g S 662.5   8.8  42:45.34 nts	1688353447712
3850133 toao      20   0   72.6g  16.6g  10.6g S  1165   8.9  42:53.37 nts	1688353448392
3850133 toao      20   0   72.7g  16.6g  10.6g S  1150   8.9  43:00.56 nts	1688353449078
3850133 toao      20   0   74.5g  16.7g  10.6g S  1462   8.9  43:08.44 nts	1688353449765
3850133 toao      20   0   74.1g  16.6g  10.6g S  1124   8.9  43:15.13 nts	1688353450443
3850133 toao      20   0   74.4g  16.6g  10.6g S  1319   8.9  43:22.03 nts	1688353451128
3850133 toao      20   0   74.2g  16.6g  10.6g S  1006   8.9  43:28.58 nts	1688353451809
3850133 toao      20   0   74.0g  16.4g  10.6g S  1169   8.8  43:35.05 nts	1688353452495
3850133 toao      20   0   73.7g  16.4g  10.6g S  1144   8.8  43:42.01 nts	1688353453176
3850133 toao      20   0   73.3g  16.4g  10.6g S 800.0   8.8  43:48.74 nts	1688353453853
3850133 toao      20   0   73.3g  16.4g  10.6g S 782.4   8.8  43:56.12 nts	1688353454531
3850133 toao      20   0   74.2g  16.4g  10.6g S  1233   8.8  44:03.69 nts	1688353455226
3850133 toao      20   0   73.1g  16.4g  10.6g S 935.3   8.8  44:10.57 nts	1688353455903
3850133 toao      20   0   73.4g  16.4g  10.6g S 856.2   8.8  44:17.42 nts	1688353456593
3850133 toao      20   0   72.6g  16.4g  10.6g S  1141   8.8  44:24.46 nts	1688353457273
3850133 toao      20   0   73.6g  16.5g  10.6g S 856.2   8.8  44:31.41 nts	1688353457954
3850133 toao      20   0   73.4g  16.4g  10.6g S  1056   8.8  44:38.47 nts	1688353458630
3850133 toao      20   0   72.7g  16.4g  10.6g S  1075   8.8  44:45.82 nts	1688353459324
3850133 toao      20   0   73.4g  16.4g  10.6g S 870.6   8.8  44:52.66 nts	1688353460005
3850133 toao      20   0   72.8g  16.4g  10.6g S 906.2   8.8  44:59.72 nts	1688353460689
3850133 toao      20   0   74.6g  16.6g  10.6g S 400.0   8.9  45:06.22 nts	1688353461380
3850133 toao      20   0   73.3g  16.6g  10.6g S  1038   8.9  45:13.52 nts	1688353462060
3850133 toao      20   0   72.4g  16.6g  10.6g S 956.2   8.9  45:20.04 nts	1688353462744
3850133 toao      20   0   73.4g  16.6g  10.6g S  1069   8.9  45:27.40 nts	1688353463430
3850133 toao      20   0   73.3g  16.4g  10.6g S  1044   8.8  45:33.57 nts	1688353464112
3850133 toao      20   0   73.7g  16.4g  10.6g S 993.8   8.8  45:40.76 nts	1688353464790
3850133 toao      20   0   73.3g  16.4g  10.6g S 918.8   8.8  45:47.70 nts	1688353465479
3850133 toao      20   0   72.9g  16.4g  10.6g S 875.0   8.8  45:54.78 nts	1688353466161
3850133 toao      20   0   73.6g  16.4g  10.6g S  1088   8.8  46:02.37 nts	1688353466836
3850133 toao      20   0   73.3g  16.4g  10.6g S  1050   8.8  46:09.46 nts	1688353467514
3850133 toao      20   0   74.2g  16.4g  10.6g S  1144   8.8  46:16.71 nts	1688353468197
3850133 toao      20   0   73.3g  16.6g  10.6g S  1238   8.9  46:24.99 nts	1688353468881
3850133 toao      20   0   74.8g  16.6g  10.6g S  1250   8.9  46:32.26 nts	1688353469565
3850133 toao      20   0   74.7g  16.4g  10.6g S  1200   8.8  46:38.57 nts	1688353470244
3850133 toao      20   0   74.5g  16.6g  10.6g S  1338   8.9  46:46.88 nts	1688353470922
3850133 toao      20   0   74.6g  16.6g  10.6g S  1275   8.9  46:53.96 nts	1688353471600
3850133 toao      20   0   74.0g  16.4g  10.6g S 952.9   8.8  47:00.28 nts	1688353472279
3850133 toao      20   0   74.4g  16.6g  10.6g S  1356   8.9  47:08.37 nts	1688353472979
3850133 toao      20   0   74.4g  16.6g  10.6g S  1206   8.9  47:15.38 nts	1688353473661
3850133 toao      20   0   74.3g  16.6g  10.6g S 823.5   8.9  47:21.63 nts	1688353474356
3850133 toao      20   0   74.3g  16.6g  10.6g S  1162   8.9  47:29.09 nts	1688353475040
3850133 toao      20   0   74.0g  16.4g  10.6g S  1038   8.8  47:35.39 nts	1688353475721
3850133 toao      20   0   74.3g  16.4g  10.6g S 916.7   8.8  47:42.54 nts	1688353476404
3850133 toao      20   0   73.6g  16.4g  10.6g S  1112   8.8  47:49.53 nts	1688353477096
3850133 toao      20   0   73.7g  16.4g  10.6g S  1094   8.8  47:56.55 nts	1688353477769
3850133 toao      20   0   72.2g  16.4g  10.6g S  1162   8.8  48:03.66 nts	1688353478442
3850133 toao      20   0   74.2g  16.4g  10.6g S  1112   8.8  48:10.95 nts	1688353479121
3850133 toao      20   0   73.8g  16.4g  10.6g S  1024   8.8  48:18.03 nts	1688353479803
3850133 toao      20   0   73.5g  16.4g  10.6g S  1119   8.8  48:25.18 nts	1688353480486
3850133 toao      20   0   73.9g  16.4g  10.6g S  1100   8.8  48:32.18 nts	1688353481168
3850133 toao      20   0   73.7g  16.4g  10.6g S  1119   8.8  48:39.31 nts	1688353481848
3850133 toao      20   0   72.0g  16.4g  10.6g S  1144   8.8  48:46.43 nts	1688353482527
3850133 toao      20   0   73.7g  16.4g  10.6g S  1088   8.8  48:53.52 nts	1688353483207
3850133 toao      20   0   74.5g  16.7g  10.6g S 933.3   8.9  49:00.28 nts	1688353483887
3850133 toao      20   0   76.2g  16.6g  10.6g S 543.8   8.9  49:06.81 nts	1688353484578
3850133 toao      20   0   73.2g  16.7g  10.6g S 725.0   8.9  49:14.47 nts	1688353485284
3850133 toao      20   0   74.0g  16.6g  10.6g S 768.8   8.9  49:21.01 nts	1688353485969
3850133 toao      20   0   73.7g  16.6g  10.6g S  1019   8.9  49:27.96 nts	1688353486665
3850133 toao      20   0   72.8g  16.6g  10.6g S  1273   8.9  49:35.24 nts	1688353487346
3850133 toao      20   0   74.4g  16.6g  10.6g S  1062   8.9  49:42.38 nts	1688353488025
3850133 toao      20   0   74.2g  16.6g  10.6g S  1100   8.9  49:49.55 nts	1688353488704
3850133 toao      20   0   74.2g  16.6g  10.6g S  1319   8.9  49:56.59 nts	1688353489385
3850133 toao      20   0   73.1g  16.6g  10.6g S  1100   8.9  50:03.72 nts	1688353490061
3850133 toao      20   0   74.6g  16.6g  10.6g S  1100   8.9  50:10.77 nts	1688353490735
3850133 toao      20   0   74.6g  16.7g  10.6g S  1531   8.9  50:18.69 nts	1688353491407
3850133 toao      20   0   74.0g  16.4g  10.6g S 900.0   8.8  50:26.02 nts	1688353492084
3850133 toao      20   0   73.8g  16.4g  10.6g S 900.0   8.8  50:33.31 nts	1688353492766
3850133 toao      20   0   72.9g  16.7g  10.6g S 766.7   8.9  50:40.29 nts	1688353493447
3850133 toao      20   0   74.3g  16.4g  10.6g S  1162   8.8  50:48.21 nts	1688353494123
3850133 toao      20   0   73.4g  16.4g  10.6g S  1150   8.8  50:55.35 nts	1688353494800
3850133 toao      20   0   73.3g  16.4g  10.6g S  1119   8.8  51:02.50 nts	1688353495477
3850133 toao      20   0   72.5g  16.6g  10.6g S  1206   8.9  51:10.59 nts	1688353496155
3850133 toao      20   0   74.3g  16.5g  10.6g S 705.9   8.8  51:16.95 nts	1688353496848
3850133 toao      20   0   74.2g  16.4g  10.6g S  1213   8.8  51:23.77 nts	1688353497528
3850133 toao      20   0   73.8g  16.4g  10.6g S  1112   8.8  51:30.79 nts	1688353498203
3850133 toao      20   0   73.2g  16.4g  10.6g S  1062   8.8  51:37.87 nts	1688353498885
3850133 toao      20   0   73.0g  16.4g  10.6g S 825.0   8.8  51:44.43 nts	1688353499561
3850133 toao      20   0   72.7g  16.7g  10.6g S  1524   8.9  51:55.36 nts	1688353500244
3850133 toao      20   0   73.2g  16.6g  10.6g S 864.7   8.9  52:02.66 nts	1688353500934
3850133 toao      20   0   73.3g  16.4g  10.6g S 850.0   8.8  52:10.24 nts	1688353501640
3850133 toao      20   0   73.3g  16.7g  10.6g S  1125   8.9  52:17.14 nts	1688353502320
3850133 toao      20   0   72.7g  16.6g  10.6g S 787.5   8.9  52:23.71 nts	1688353503007
3850133 toao      20   0   73.1g  16.7g  10.6g S 781.2   8.9  52:31.30 nts	1688353503697
3850133 toao      20   0   73.2g  16.6g  10.6g S  1288   8.9  52:38.44 nts	1688353504385
3850133 toao      20   0   73.9g  16.4g  10.6g S 944.4   8.8  52:52.30 nts	1688353505118
3850133 toao      20   0       0      0      0 Z 100.0   0.0  52:59.89 nts	1688353505820
3850133 toao      20   0       0      0      0 Z  94.1   0.0  53:00.57 nts	1688353506504
3850133 toao      20   0       0      0      0 Z 106.2   0.0  53:01.25 nts	1688353507190
