1010785 toao      20   0 2488920 103548  69684 R 100.0   0.1   0:00.18 nts	1693202936410
1010785 toao      20   0 8389884 237160 118068 R  7865   0.2   0:28.47 nts	1693202937105
1010785 toao      20   0 8621156 366860 118196 R 194.1   0.3   0:57.74 nts	1693202937808
1010785 toao      20   0 8621156 390356 118196 R 194.1   0.3   0:59.13 nts	1693202938511
1010785 toao      20   0 8621156 390356 118196 R 194.1   0.3   1:00.52 nts	1693202939214
1010785 toao      20   0 8621156 390356 118196 R 200.0   0.3   1:01.92 nts	1693202939920
1010785 toao      20   0 8621156 390356 118196 R 200.0   0.3   1:03.32 nts	1693202940626
1010785 toao      20   0 8621156 390356 118196 R 206.2   0.3   1:04.71 nts	1693202941332
1010785 toao      20   0 8621156 415436 118196 R 200.0   0.3   1:06.12 nts	1693202942034
1010785 toao      20   0 8621156 415436 118196 R 194.1   0.3   1:07.50 nts	1693202942740
1010785 toao      20   0 8621156 416756 118196 R 194.1   0.3   1:08.89 nts	1693202943442
1010785 toao      20   0 8621156 425204 118196 R 212.5   0.3   1:10.28 nts	1693202944143
1010785 toao      20   0 8621156 437348 118196 R 194.1   0.3   1:11.66 nts	1693202944842
1010785 toao      20   0 8621156 446852 118196 R 200.0   0.3   1:13.05 nts	1693202945541
1010785 toao      20   0    9.9g 900836 118316 R 735.3   0.7   1:15.08 nts	1693202946237
1010785 toao      20   0    9.9g   1.0g 118316 R 875.0   0.8   1:21.22 nts	1693202946942
1010785 toao      20   0    9.9g   1.0g 118316 R  1229   0.8   1:29.17 nts	1693202947644
1010785 toao      20   0    9.9g   1.0g 118316 R  1171   0.8   1:36.50 nts	1693202948347
1010785 toao      20   0    9.9g   1.2g 118316 R  1006   1.0   1:45.32 nts	1693202949047
1010785 toao      20   0    9.9g   1.3g 118316 R  1241   1.0   1:54.09 nts	1693202949748
1010785 toao      20   0    9.9g   1.4g 118316 R  1065   1.1   2:02.31 nts	1693202950448
1010785 toao      20   0   14.0g   1.4g 118468 R 841.2   1.1   2:09.27 nts	1693202951150
1010785 toao      20   0   14.1g   1.4g 118468 R 183.3   1.1   2:11.60 nts	1693202951852
1010785 toao      20   0   14.1g   1.5g 118468 R 200.0   1.2   2:12.98 nts	1693202952560
1010785 toao      20   0   14.1g   1.5g 118468 R 194.1   1.2   2:14.36 nts	1693202953268
1010785 toao      20   0   14.1g   1.5g 118468 R 212.5   1.2   2:15.73 nts	1693202953973
1010785 toao      20   0   14.1g   1.5g 118468 R 200.0   1.2   2:17.10 nts	1693202954677
1010785 toao      20   0   14.1g   1.5g 118468 R 183.3   1.2   2:18.48 nts	1693202955382
1010785 toao      20   0   14.1g   1.5g 118468 R 200.0   1.2   2:19.85 nts	1693202956089
1010785 toao      20   0   14.1g   1.5g 118468 S 194.1   1.2   2:21.22 nts	1693202956787
1010785 toao      20   0   15.7g   1.7g 118468 R 694.1   1.4   2:23.62 nts	1693202957487
1010785 toao      20   0   15.7g   1.8g 118468 R  2606   1.4   2:33.27 nts	1693202958188
1010785 toao      20   0   15.7g   1.9g 118468 R  1518   1.5   2:44.54 nts	1693202958889
1010785 toao      20   0   15.7g   1.9g 118468 R 711.8   1.6   2:52.88 nts	1693202959592
1010785 toao      20   0   15.7g   2.0g 118468 R 723.5   1.6   2:57.47 nts	1693202960296
1010785 toao      20   0   15.7g   2.1g 118468 R 594.1   1.7   3:01.32 nts	1693202961005
1010785 toao      20   0   15.7g   2.2g 118468 R 577.8   1.8   3:05.30 nts	1693202961709
1010785 toao      20   0   15.7g   2.4g 118468 R 517.6   1.9   3:09.06 nts	1693202962418
1010785 toao      20   0   15.7g   2.4g 118468 R 506.2   2.0   3:12.65 nts	1693202963123
1010785 toao      20   0   19.7g   2.5g 118468 R 405.9   2.0   3:15.89 nts	1693202963826
1010785 toao      20   0   19.9g   2.6g 118468 R 583.3   2.1   3:18.64 nts	1693202964543
1010785 toao      20   0   19.9g   2.6g 118468 R 105.9   2.1   3:19.36 nts	1693202965263
1010785 toao      20   0   19.9g   2.6g 118468 R 100.0   2.1   3:20.06 nts	1693202965977
1010785 toao      20   0   19.9g   2.6g 118468 R  94.4   2.1   3:20.77 nts	1693202966689
1010785 toao      20   0   19.9g   2.6g 118468 R 100.0   2.1   3:21.48 nts	1693202967400
1010785 toao      20   0   19.9g   2.6g 118468 R  94.1   2.1   3:22.18 nts	1693202968104
1010785 toao      20   0   19.9g   2.6g 118468 R 100.0   2.1   3:22.89 nts	1693202968809
1010785 toao      20   0   19.9g   2.6g 118468 R 106.2   2.1   3:23.59 nts	1693202969513
1010785 toao      20   0   19.9g   2.6g 118468 R 100.0   2.1   3:24.29 nts	1693202970216
1010785 toao      20   0   20.8g   3.0g 118468 R 105.9   2.4   3:25.00 nts	1693202970921
1010785 toao      20   0   20.8g   3.2g 118468 R 100.0   2.5   3:25.71 nts	1693202971625
1010785 toao      20   0   20.8g   3.2g 118468 R 100.0   2.5   3:26.41 nts	1693202972332
1010785 toao      20   0   20.8g   3.2g 118468 R 100.0   2.5   3:27.12 nts	1693202973037
1010785 toao      20   0   20.8g   3.2g 118468 R 105.9   2.5   3:27.83 nts	1693202973745
1010785 toao      20   0   20.8g   3.2g 118468 R  94.1   2.5   3:28.52 nts	1693202974450
1010785 toao      20   0   20.8g   3.2g 118468 R 105.9   2.5   3:29.24 nts	1693202975152
1010785 toao      20   0   20.8g   3.2g 118468 R 105.9   2.5   3:29.94 nts	1693202975857
1010785 toao      20   0   20.8g   3.2g 118468 R 105.9   2.5   3:30.64 nts	1693202976560
1010785 toao      20   0   20.8g   3.2g 118468 R 100.0   2.5   3:31.35 nts	1693202977265
1010785 toao      20   0   20.8g   3.2g 118468 R 112.5   2.5   3:32.05 nts	1693202977973
1010785 toao      20   0   20.8g   3.2g 118468 R  94.1   2.5   3:32.75 nts	1693202978677
1010785 toao      20   0   20.8g   3.2g 118468 R 105.9   2.5   3:33.46 nts	1693202979380
1010785 toao      20   0   20.8g   3.2g 118468 R 100.0   2.5   3:34.16 nts	1693202980085
1010785 toao      20   0   20.8g   3.2g 118468 R 105.9   2.5   3:34.88 nts	1693202980793
1010785 toao      20   0   20.8g   3.4g 118468 R  94.4   2.7   3:35.58 nts	1693202981501
1010785 toao      20   0   20.8g   3.4g 118468 R 100.0   2.7   3:36.28 nts	1693202982208
1010785 toao      20   0   20.8g   3.4g 118468 R 100.0   2.7   3:36.99 nts	1693202982912
1010785 toao      20   0   20.8g   3.4g 118468 R 100.0   2.7   3:37.70 nts	1693202983621
1010785 toao      20   0   20.8g   3.4g 118468 R 105.9   2.7   3:38.41 nts	1693202984324
1010785 toao      20   0   20.8g   3.5g 118468 R 105.9   2.8   3:39.11 nts	1693202985028
1010785 toao      20   0   20.8g   3.5g 118468 R 106.2   2.8   3:39.81 nts	1693202985732
1010785 toao      20   0   20.8g   3.5g 118468 R 100.0   2.8   3:40.51 nts	1693202986436
1010785 toao      20   0   20.8g   3.5g 118468 R  94.1   2.8   3:41.21 nts	1693202987141
1010785 toao      20   0   20.8g   3.5g 118468 R 100.0   2.8   3:41.92 nts	1693202987844
1010785 toao      20   0   20.8g   3.6g 118468 R 105.9   2.8   3:42.63 nts	1693202988549
1010785 toao      20   0   20.8g   3.6g 118468 R  94.1   2.9   3:43.33 nts	1693202989256
1010785 toao      20   0   20.8g   3.6g 118468 R 100.0   2.9   3:44.05 nts	1693202989960
1010785 toao      20   0   20.8g   3.6g 119544 R 700.0   2.9   3:45.84 nts	1693202990672
1010785 toao      20   0   30.4g   4.4g 310564 R 105.9   3.5   3:46.55 nts	1693202991370
1010785 toao      20   0   31.4g   5.2g 447360 R 105.9   4.2   3:47.25 nts	1693202992075
1010785 toao      20   0   33.1g   6.3g 531824 R 105.9   5.0   3:47.95 nts	1693202992780
1010785 toao      20   0   33.1g   6.7g 531824 R 100.0   5.4   3:48.65 nts	1693202993484
1010785 toao      20   0   33.1g   6.7g 531824 R 100.0   5.4   3:49.35 nts	1693202994187
1010785 toao      20   0   44.3g   7.1g 911740 R 100.0   5.7   3:50.06 nts	1693202994892
1010785 toao      20   0   44.3g   9.4g   3.2g R 100.0   7.5   3:50.76 nts	1693202995596
1010785 toao      20   0   44.3g  11.7g   5.5g R 100.0   9.3   3:51.47 nts	1693202996300
1010785 toao      20   0   44.3g  14.0g   7.8g R 112.5  11.2   3:52.18 nts	1693202997003
1010785 toao      20   0   44.3g  16.3g  10.1g R 100.0  13.0   3:52.87 nts	1693202997708
1010785 toao      20   0   44.3g  17.9g  11.7g R 100.0  14.3   3:53.58 nts	1693202998411
1010785 toao      20   0   44.4g  17.9g  11.7g R 100.0  14.3   3:54.28 nts	1693202999115
1010785 toao      20   0   44.4g  17.9g  11.7g R  94.1  14.3   3:54.98 nts	1693202999823
1010785 toao      20   0   44.4g  17.9g  11.7g R 106.2  14.3   3:55.68 nts	1693203000522
1010785 toao      20   0   44.4g  17.9g  11.7g R  94.1  14.3   3:56.38 nts	1693203001225
1010785 toao      20   0   44.4g  17.9g  11.7g R 100.0  14.3   3:57.08 nts	1693203001927
1010785 toao      20   0   44.4g  17.9g  11.7g R 100.0  14.3   3:57.78 nts	1693203002628
1010785 toao      20   0   44.4g  17.9g  11.7g R 100.0  14.3   3:58.50 nts	1693203003331
1010785 toao      20   0   44.4g  17.9g  11.7g R 106.2  14.3   3:59.20 nts	1693203004032
1010785 toao      20   0   44.4g  17.9g  11.7g R 100.0  14.3   3:59.90 nts	1693203004735
1010785 toao      20   0   44.4g  17.9g  11.7g R 105.9  14.3   4:00.60 nts	1693203005436
1010785 toao      20   0   44.4g  17.9g  11.7g R 100.0  14.3   4:01.30 nts	1693203006140
1010785 toao      20   0   44.4g  17.9g  11.7g R 100.0  14.3   4:02.00 nts	1693203006844
1010785 toao      20   0   44.4g  17.9g  11.7g R 100.0  14.3   4:02.70 nts	1693203007549
1010785 toao      20   0   44.4g  17.9g  11.7g R 100.0  14.3   4:03.41 nts	1693203008251
1010785 toao      20   0   44.4g  17.9g  11.7g R 112.5  14.3   4:04.12 nts	1693203008952
1010785 toao      20   0   44.4g  17.9g  11.7g R 100.0  14.3   4:04.81 nts	1693203009656
1010785 toao      20   0   44.4g  17.9g  11.7g R 105.9  14.3   4:05.52 nts	1693203010356
1010785 toao      20   0   44.4g  18.0g  11.7g R 100.0  14.3   4:06.23 nts	1693203011061
1010785 toao      20   0   44.4g  18.0g  11.7g R 106.2  14.3   4:06.93 nts	1693203011764
1010785 toao      20   0   44.4g  18.0g  11.7g R 100.0  14.3   4:07.63 nts	1693203012464
1010785 toao      20   0   44.4g  18.0g  11.7g R 100.0  14.3   4:08.33 nts	1693203013169
1010785 toao      20   0   44.2g  18.0g  11.7g R 417.6  14.3   4:09.57 nts	1693203013871
1010785 toao      20   0   44.2g  18.0g  11.7g R 100.0  14.4   4:10.28 nts	1693203014568
1010785 toao      20   0   44.3g  18.1g  11.7g S 105.9  14.4   4:11.51 nts	1693203015278
1010785 toao      20   0   44.3g  18.1g  11.7g S 100.0  14.4   4:17.00 nts	1693203015986
1010785 toao      20   0   44.3g  18.1g  11.7g S 105.9  14.4   4:17.71 nts	1693203016692
1010785 toao      20   0   44.4g  18.1g  11.7g R 382.4  14.5   4:18.89 nts	1693203017401
1010785 toao      20   0   44.4g  18.1g  11.7g S  94.4  14.4   4:30.24 nts	1693203018101
1010785 toao      20   0   44.4g  18.1g  11.7g S 105.9  14.4   4:30.95 nts	1693203018807
1010785 toao      20   0   44.5g  18.1g  11.7g S  1265  14.5   4:43.34 nts	1693203019511
1010785 toao      20   0   44.5g  18.1g  11.7g S 105.9  14.5   4:44.32 nts	1693203020214
1010785 toao      20   0   44.6g  18.2g  11.7g R  1100  14.5   4:47.25 nts	1693203020919
1010785 toao      20   0   44.5g  18.1g  11.7g S  94.4  14.5   4:55.98 nts	1693203021630
1010785 toao      20   0   44.6g  18.2g  11.7g R  1788  14.5   4:59.81 nts	1693203022334
1010785 toao      20   0   44.5g  18.1g  11.7g S 100.0  14.5   5:07.67 nts	1693203023049
1010785 toao      20   0   44.5g  18.1g  11.7g S 100.0  14.5   5:08.37 nts	1693203023751
1010785 toao      20   0   44.6g  18.2g  11.7g R  3265  14.5   5:24.09 nts	1693203024455
1010785 toao      20   0   44.5g  18.1g  11.7g S 535.3  14.5   5:35.72 nts	1693203025160
1010785 toao      20   0   44.5g  18.1g  11.7g S 112.5  14.5   5:36.46 nts	1693203025864
1010785 toao      20   0   44.6g  18.2g  11.7g R  3488  14.5   5:43.40 nts	1693203026566
1010785 toao      20   0   44.5g  18.1g  11.7g S 135.3  14.5   5:55.35 nts	1693203027268
1010785 toao      20   0   44.5g  18.1g  11.7g S 105.9  14.5   5:56.06 nts	1693203027972
1010785 toao      20   0   44.6g  18.2g  11.7g R 394.1  14.5   5:57.26 nts	1693203028677
1010785 toao      20   0   44.5g  18.1g  11.7g S  2665  14.5   6:13.98 nts	1693203029384
1010785 toao      20   0   44.5g  18.1g  11.7g S 100.0  14.5   6:17.41 nts	1693203030087
1010785 toao      20   0   44.5g  18.1g  11.7g S 105.9  14.5   6:18.12 nts	1693203030791
1010785 toao      20   0   44.6g  18.2g  11.7g R 258.8  14.5   6:28.58 nts	1693203031494
1010785 toao      20   0   44.5g  18.1g  11.7g S 100.0  14.5   6:37.31 nts	1693203032200
1010785 toao      20   0   44.6g  18.2g  11.7g R 329.4  14.5   6:38.40 nts	1693203032899
1010785 toao      20   0   44.5g  18.1g  11.7g S 152.9  14.5   6:48.53 nts	1693203033599
1010785 toao      20   0   44.5g  18.1g  11.7g S 106.2  14.5   6:49.23 nts	1693203034303
1010785 toao      20   0   44.6g  18.2g  11.7g R  1124  14.5   6:59.59 nts	1693203035004
1010785 toao      20   0   44.6g  18.2g  11.7g R 923.5  14.5   7:14.61 nts	1693203035707
1010785 toao      20   0   44.6g  18.2g  11.7g R  1418  14.5   7:30.26 nts	1693203036415
1010785 toao      20   0   44.6g  18.2g  11.7g R  1494  14.5   7:45.10 nts	1693203037120
1010785 toao      20   0   44.5g  18.1g  11.7g S  94.1  14.5   7:54.14 nts	1693203037823
1010785 toao      20   0   44.5g  18.1g  11.7g S 100.0  14.5   7:54.85 nts	1693203038528
1010785 toao      20   0   44.6g  18.2g  11.7g R  3471  14.5   8:01.75 nts	1693203039231
1010785 toao      20   0   44.6g  18.2g  11.7g R  2494  14.5   8:16.65 nts	1693203039935
1010785 toao      20   0   44.6g  18.2g  11.7g R  1494  14.5   8:30.63 nts	1693203040640
1010785 toao      20   0   44.5g  18.1g  11.7g S 122.2  14.5   8:38.44 nts	1693203041342
1010785 toao      20   0   44.5g  18.1g  11.7g S 100.0  14.5   8:39.13 nts	1693203042048
1010785 toao      20   0   44.5g  18.1g  11.7g R  1612  14.5   8:49.51 nts	1693203042751
1010785 toao      20   0   44.5g  18.1g  11.7g S 100.0  14.5   8:50.23 nts	1693203043451
1010785 toao      20   0   44.5g  18.1g  11.7g R 964.7  14.5   9:00.30 nts	1693203044151
1010785 toao      20   0   44.5g  18.1g  11.7g S  94.1  14.5   9:01.79 nts	1693203044851
1010785 toao      20   0   44.6g  18.2g  11.7g R 382.4  14.5   9:02.98 nts	1693203045555
1010785 toao      20   0   44.6g  18.2g  11.7g R  2129  14.5   9:20.23 nts	1693203046255
1010785 toao      20   0   44.5g  18.1g  11.7g R  2425  14.5   9:35.21 nts	1693203046955
1010785 toao      20   0   44.5g  18.1g  11.7g S 106.2  14.5   9:36.56 nts	1693203047654
1010785 toao      20   0   44.6g  18.2g  11.7g R 382.4  14.5   9:37.74 nts	1693203048355
1010785 toao      20   0   44.5g  18.1g  11.7g S 100.0  14.5   9:47.13 nts	1693203049054
1010785 toao      20   0   44.6g  18.2g  11.7g R 335.3  14.5   9:48.23 nts	1693203049755
1010785 toao      20   0   44.5g  18.1g  11.7g S  1306  14.5  10:03.52 nts	1693203050455
1010785 toao      20   0   44.5g  18.1g  11.7g S  94.1  14.5  10:07.88 nts	1693203051155
1010785 toao      20   0   44.5g  18.1g  11.7g S 100.0  14.5  10:08.59 nts	1693203051859
1010785 toao      20   0   44.5g  18.1g  11.7g S 352.9  14.5  10:19.51 nts	1693203052561
1010785 toao      20   0   44.5g  18.1g  11.7g S  94.1  14.5  10:20.21 nts	1693203053263
1010785 toao      20   0   44.6g  18.2g  11.7g R  4041  14.5  10:28.81 nts	1693203053967
1010785 toao      20   0   44.5g  18.1g  11.7g R  3659  14.5  10:43.27 nts	1693203054668
1010785 toao      20   0   44.5g  18.1g  11.7g S 100.0  14.5  10:46.47 nts	1693203055372
1010785 toao      20   0   44.5g  18.1g  11.7g S 100.0  14.5  10:47.17 nts	1693203056074
1010785 toao      20   0   44.5g  18.1g  11.7g R  3600  14.5  11:02.63 nts	1693203056774
1010785 toao      20   0   44.5g  18.1g  11.7g R  3182  14.5  11:16.83 nts	1693203057476
1010785 toao      20   0   44.5g  18.1g  11.7g S  2676  14.5  11:30.72 nts	1693203058178
1010785 toao      20   0   44.5g  18.1g  11.7g S 105.9  14.5  11:32.70 nts	1693203058877
1010785 toao      20   0   44.6g  18.2g  11.7g R 347.1  14.5  11:33.82 nts	1693203059582
1010785 toao      20   0   44.6g  18.2g  11.7g R 935.3  14.5  11:49.25 nts	1693203060281
1010785 toao      20   0   44.6g  18.2g  11.7g R 600.0  14.5  12:03.56 nts	1693203060986
1010785 toao      20   0   44.5g  18.1g  11.7g S 100.0  14.5  12:11.66 nts	1693203061690
1010785 toao      20   0   44.5g  18.1g  11.7g S  94.4  14.5  12:12.36 nts	1693203062392
1010785 toao      20   0   44.6g  18.2g  11.7g R  1212  14.5  12:23.45 nts	1693203063095
1010785 toao      20   0   44.5g  18.1g  11.7g S 105.9  14.5  12:29.98 nts	1693203063801
1010785 toao      20   0   44.5g  18.1g  11.7g S 100.0  14.5  12:30.68 nts	1693203064501
1010785 toao      20   0   44.6g  18.2g  11.7g R  1019  14.5  12:41.05 nts	1693203065202
1010785 toao      20   0   44.5g  18.1g  11.7g R  1088  14.5  12:54.45 nts	1693203065904
1010785 toao      20   0   44.5g  18.1g  11.7g S 100.0  14.5  12:55.23 nts	1693203066607
1010785 toao      20   0   44.5g  18.1g  11.7g R  2800  14.5  13:03.72 nts	1693203067311
1010785 toao      20   0   44.6g  18.2g  11.7g R  2024  14.5  13:14.93 nts	1693203068011
1010785 toao      20   0   44.5g  18.1g  11.7g S 100.0  14.5  13:19.38 nts	1693203068717
1010785 toao      20   0   44.6g  18.2g  11.7g R 717.6  14.5  13:21.59 nts	1693203069418
1010785 toao      20   0   44.5g  18.1g  11.7g R  1729  14.5  13:36.29 nts	1693203070123
1010785 toao      20   0   44.5g  18.1g  11.7g S 100.0  14.5  13:37.36 nts	1693203070827
1010785 toao      20   0   44.6g  18.2g  11.7g R 641.2  14.5  13:38.98 nts	1693203071526
1010785 toao      20   0   44.6g  18.2g  11.7g R 817.6  14.5  13:53.89 nts	1693203072228
1010785 toao      20   0   44.5g  18.1g  11.7g S 105.9  14.5  14:01.44 nts	1693203072931
1010785 toao      20   0   44.6g  18.2g  11.7g R  1382  14.5  14:04.72 nts	1693203073632
1010785 toao      20   0   44.5g  18.1g  11.7g S 100.0  14.5  14:11.12 nts	1693203074336
1010785 toao      20   0   44.6g  18.2g  11.7g R  1653  14.5  14:22.43 nts	1693203075036
1010785 toao      20   0   44.6g  18.2g  11.7g R  2181  14.5  14:37.06 nts	1693203075735
1010785 toao      20   0   44.5g  18.1g  11.7g S 675.0  14.5  14:49.42 nts	1693203076434
1010785 toao      20   0   44.5g  18.1g  11.7g S 106.2  14.5  14:50.16 nts	1693203077135
1010785 toao      20   0   44.6g  18.2g  11.7g R  3150  14.5  14:56.19 nts	1693203077834
1010785 toao      20   0   44.5g  18.1g  11.7g S 106.2  14.5  15:01.11 nts	1693203078534
1010785 toao      20   0   44.5g  18.1g  11.7g S 106.2  14.5  15:01.81 nts	1693203079235
1010785 toao      20   0   44.6g  18.2g  11.7g R  2088  14.5  15:14.40 nts	1693203079932
1010785 toao      20   0   44.6g  18.2g  11.7g R  2712  14.5  15:29.13 nts	1693203080634
1010785 toao      20   0   44.6g  18.2g  11.7g R  3324  14.5  15:44.25 nts	1693203081335
1010785 toao      20   0   44.5g  18.1g  11.7g S 135.3  14.5  15:53.09 nts	1693203082040
1010785 toao      20   0   44.5g  18.1g  11.7g S 105.9  14.5  15:53.79 nts	1693203082742
1010785 toao      20   0   44.5g  18.1g  11.7g R  1329  14.5  16:04.59 nts	1693203083442
1010785 toao      20   0   44.5g  18.1g  11.7g S 106.2  14.5  16:05.77 nts	1693203084142
1010785 toao      20   0   44.6g  18.2g  11.7g R  1181  14.5  16:08.60 nts	1693203084842
1010785 toao      20   0   44.5g  18.1g  11.7g S  1224  14.5  16:23.50 nts	1693203085543
1010785 toao      20   0   44.5g  18.1g  11.7g S 100.0  14.5  16:24.57 nts	1693203086246
1010785 toao      20   0   44.6g  18.2g  11.7g R  1282  14.5  16:27.74 nts	1693203086947
1010785 toao      20   0   44.5g  18.1g  11.7g S  1100  14.5  16:42.59 nts	1693203087650
1010785 toao      20   0   44.5g  18.1g  11.7g S 100.0  14.5  16:43.68 nts	1693203088354
1010785 toao      20   0   44.6g  18.2g  11.7g R 958.8  14.5  16:46.37 nts	1693203089058
1010785 toao      20   0   44.5g  18.1g  11.7g S 929.4  14.5  17:01.27 nts	1693203089758
1010785 toao      20   0   44.5g  18.1g  11.7g S 106.2  14.5  17:02.00 nts	1693203090464
1010785 toao      20   0   44.6g  18.2g  11.7g R  2694  14.5  17:07.62 nts	1693203091165
1010785 toao      20   0   44.5g  18.1g  11.7g S 429.4  14.5  17:19.28 nts	1693203091870
1010785 toao      20   0   44.5g  18.1g  11.7g S 100.0  14.5  17:19.99 nts	1693203092571
1010785 toao      20   0   44.6g  18.2g  11.7g R  3947  14.5  17:27.68 nts	1693203093271
1010785 toao      20   0   44.5g  18.1g  11.7g R  3562  14.5  17:41.38 nts	1693203093973
1010785 toao      20   0   44.5g  18.1g  11.7g S 106.2  14.5  17:49.68 nts	1693203094674
1010785 toao      20   0   44.6g  18.2g  11.7g R 325.0  14.5  17:50.73 nts	1693203095374
1010785 toao      20   0   44.6g  18.1g  11.7g R  3300  14.5  18:06.16 nts	1693203096074
1010785 toao      20   0   44.5g  18.1g  11.7g S 100.0  14.5  18:14.66 nts	1693203096774
1010785 toao      20   0   44.6g  18.2g  11.7g R 381.2  14.5  18:15.81 nts	1693203097475
1010785 toao      20   0   44.5g  18.1g  11.7g S 106.2  14.5  18:24.87 nts	1693203098173
1010785 toao      20   0   44.6g  18.2g  11.7g R 376.5  14.5  18:26.04 nts	1693203098874
1010785 toao      20   0   44.5g  18.1g  11.7g S 100.0  14.5  18:34.85 nts	1693203099575
1010785 toao      20   0   44.6g  18.2g  11.7g R 352.9  14.5  18:35.99 nts	1693203100275
1010785 toao      20   0   44.5g  18.1g  11.7g S 105.9  14.5  18:45.42 nts	1693203100979
1010785 toao      20   0   44.5g  18.1g  11.7g S 100.0  14.5  18:46.13 nts	1693203101678
1010785 toao      20   0   44.5g  18.1g  11.7g R  2035  14.5  18:55.64 nts	1693203102379
1010785 toao      20   0   44.5g  18.1g  11.7g S 100.0  14.5  18:56.48 nts	1693203103079
1010785 toao      20   0   44.5g  18.1g  11.7g R  3647  14.5  19:04.69 nts	1693203103780
1010785 toao      20   0   44.5g  18.1g  11.7g S 175.0  14.5  19:13.81 nts	1693203104483
1010785 toao      20   0   44.5g  18.1g  11.7g S 112.5  14.5  19:14.52 nts	1693203105182
1010785 toao      20   0   44.6g  18.2g  11.7g R  3144  14.5  19:23.50 nts	1693203105884
1010785 toao      20   0   44.5g  18.1g  11.7g S 129.4  14.5  19:32.02 nts	1693203106587
1010785 toao      20   0   44.5g  18.1g  11.7g S 100.0  14.5  19:32.72 nts	1693203107290
1010785 toao      20   0   44.5g  18.1g  11.7g R  2350  14.5  19:42.13 nts	1693203107992
1010785 toao      20   0   44.5g  18.1g  11.7g S 100.0  14.5  19:42.90 nts	1693203108694
1010785 toao      20   0   44.5g  18.1g  11.7g R  2153  14.5  19:51.97 nts	1693203109396
1010785 toao      20   0   44.5g  18.1g  11.7g S 100.0  14.5  19:53.53 nts	1693203110099
1010785 toao      20   0   44.6g  18.2g  11.7g R 376.5  14.5  19:54.70 nts	1693203110799
1010785 toao      20   0   44.5g  18.1g  11.7g S 852.9  14.5  20:09.80 nts	1693203111499
1010785 toao      20   0   44.5g  18.1g  11.7g R 343.8  14.5  20:10.88 nts	1693203112202
1010785 toao      20   0   44.5g  18.1g  11.7g S 106.2  14.5  20:15.54 nts	1693203112903
1010785 toao      20   0   44.5g  18.1g  11.7g S  94.1  14.5  20:16.24 nts	1693203113604
1010785 toao      20   0   44.6g  18.2g  11.7g R 694.1  14.5  20:27.35 nts	1693203114306
1010785 toao      20   0   44.5g  18.1g  11.7g S 217.6  14.5  20:36.69 nts	1693203115006
1010785 toao      20   0   44.5g  18.1g  11.7g S 100.0  14.5  20:37.39 nts	1693203115706
1010785 toao      20   0   44.6g  18.2g  11.7g R  2553  14.5  20:46.86 nts	1693203116407
1010785 toao      20   0   44.6g  18.2g  11.7g R  1753  14.5  21:00.35 nts	1693203117111
1010785 toao      20   0   44.6g  18.2g  11.7g R 705.9  14.5  21:13.56 nts	1693203117814
1010785 toao      20   0   44.5g  18.1g  11.7g S 100.0  14.5  21:21.58 nts	1693203118518
1010785 toao      20   0   44.5g  18.1g  11.7g S 100.0  14.5  21:22.28 nts	1693203119218
1010785 toao      20   0   44.6g  18.2g  11.7g R  1347  14.5  21:33.33 nts	1693203119918
1010785 toao      20   0   44.6g  18.2g  11.7g R  2041  14.5  21:48.23 nts	1693203120619
1010785 toao      20   0   44.5g  18.1g  11.7g S 100.0  14.5  21:52.71 nts	1693203121320
1010785 toao      20   0   44.6g  18.2g  11.7g R 358.8  14.5  21:53.85 nts	1693203122023
1010785 toao      20   0   44.5g  18.1g  11.7g S 100.0  14.5  22:03.10 nts	1693203122726
1010785 toao      20   0   44.6g  18.2g  11.7g R 394.1  14.5  22:04.30 nts	1693203123429
1010785 toao      20   0   44.5g  18.1g  11.7g R  2259  14.5  22:19.61 nts	1693203124132
1010785 toao      20   0   44.5g  18.1g  11.7g S 100.0  14.5  22:20.53 nts	1693203124835
1010785 toao      20   0   44.6g  18.2g  11.7g R  1047  14.5  22:23.37 nts	1693203125538
1010785 toao      20   0   96.6g  19.2g  12.7g R 141.2  15.3  22:29.40 nts	1693203126238
1010785 toao      20   0   98.5g  20.8g  14.3g R 194.1  16.6  22:30.79 nts	1693203126944
1010785 toao      20   0  102.1g  21.7g  15.2g S 411.8  17.3  22:32.61 nts	1693203127644
1010785 toao      20   0  109.1g  21.8g  15.3g S  1312  17.3  22:39.77 nts	1693203128348
1010785 toao      20   0  110.3g  21.8g  15.3g S  1353  17.3  22:46.06 nts	1693203129051
1010785 toao      20   0  113.0g  21.8g  15.3g S  1394  17.4  22:53.74 nts	1693203129754
1010785 toao      20   0  113.0g  21.8g  15.3g S 441.2  17.4  22:59.89 nts	1693203130456
1010785 toao      20   0  113.0g  21.8g  15.3g S  1400  17.4  23:07.94 nts	1693203131158
1010785 toao      20   0  113.0g  21.8g  15.3g S 447.1  17.4  23:14.27 nts	1693203131859
1010785 toao      20   0  113.0g  21.8g  15.3g S  1394  17.4  23:23.65 nts	1693203132563
1010785 toao      20   0  113.0g  21.8g  15.3g S 629.4  17.4  23:33.12 nts	1693203133267
1010785 toao      20   0  113.6g  21.8g  15.3g S  1329  17.4  23:42.01 nts	1693203133971
1010785 toao      20   0  113.0g  21.8g  15.3g S 437.5  17.4  23:49.23 nts	1693203134683
1010785 toao      20   0  114.8g  21.8g  15.3g S  1082  17.4  23:56.14 nts	1693203135384
1010785 toao      20   0  114.2g  21.8g  15.3g S  1306  17.4  24:04.82 nts	1693203136088
1010785 toao      20   0  114.2g  21.8g  15.3g S  1224  17.4  24:12.49 nts	1693203136793
1010785 toao      20   0  114.2g  21.8g  15.3g S  1312  17.4  24:20.58 nts	1693203137496
1010785 toao      20   0  114.2g  21.8g  15.3g S  1312  17.4  24:28.46 nts	1693203138197
1010785 toao      20   0  114.2g  21.8g  15.3g S  1394  17.4  24:38.06 nts	1693203138898
1010785 toao      20   0  114.2g  21.8g  15.3g S 447.1  17.4  24:47.70 nts	1693203139598
1010785 toao      20   0  114.2g  21.8g  15.3g S  1535  17.4  24:57.30 nts	1693203140300
1010785 toao      20   0  114.2g  21.8g  15.3g S  1412  17.4  25:05.06 nts	1693203140999
1010785 toao      20   0  114.2g  21.8g  15.3g S  1365  17.4  25:12.83 nts	1693203141699
1010785 toao      20   0  114.2g  21.8g  15.3g S 400.0  17.4  25:20.73 nts	1693203142396
1010785 toao      20   0  114.8g  21.8g  15.3g S  1641  17.4  25:29.25 nts	1693203143099
1010785 toao      20   0  114.2g  21.8g  15.3g S  1481  17.4  25:38.30 nts	1693203143803
1010785 toao      20   0  114.2g  21.8g  15.3g S  1481  17.4  25:46.27 nts	1693203144503
1010785 toao      20   0  114.2g  21.8g  15.3g S  1076  17.4  25:55.74 nts	1693203145204
1010785 toao      20   0  114.8g  21.8g  15.3g S  1500  17.4  26:02.21 nts	1693203145906
1010785 toao      20   0  114.2g  21.8g  15.3g S  1106  17.4  26:09.86 nts	1693203146607
1010785 toao      20   0  114.2g  21.8g  15.3g S  1382  17.4  26:17.65 nts	1693203147308
1010785 toao      20   0  114.2g  21.8g  15.3g S  1429  17.4  26:25.79 nts	1693203148007
1010785 toao      20   0  114.2g  21.8g  15.3g S  1212  17.4  26:34.97 nts	1693203148708
1010785 toao      20   0  114.2g  21.8g  15.3g S 441.2  17.4  26:41.57 nts	1693203149414
1010785 toao      20   0  114.2g  21.8g  15.3g S 458.8  17.4  26:47.87 nts	1693203150116
1010785 toao      20   0  114.2g  21.8g  15.3g S  1324  17.4  26:55.52 nts	1693203150819
1010785 toao      20   0  114.2g  21.8g  15.3g S  1481  17.4  27:03.51 nts	1693203151523
1010785 toao      20   0  114.2g  21.8g  15.3g S  1538  17.4  27:09.76 nts	1693203152224
1010785 toao      20   0  114.2g  21.8g  15.3g S 956.2  17.4  27:17.51 nts	1693203152924
1010785 toao      20   0  114.8g  21.8g  15.3g S  1612  17.4  27:25.91 nts	1693203153624
1010785 toao      20   0  114.2g  21.8g  15.3g S  1424  17.4  27:35.27 nts	1693203154326
1010785 toao      20   0  114.2g  21.8g  15.3g S  1194  17.4  27:44.67 nts	1693203155028
1010785 toao      20   0  118.0g  21.8g  15.3g S 588.2  17.3  27:51.34 nts	1693203155731
1010785 toao      20   0  131.7g  21.8g  15.3g S 470.6  17.3  27:57.48 nts	1693203156432
1010785 toao      20   0  133.0g  21.8g  15.3g S 435.3  17.3  28:03.66 nts	1693203157135
1010785 toao      20   0  133.9g  21.8g  15.3g S  1100  17.4  28:11.01 nts	1693203157836
1010785 toao      20   0  133.9g  21.8g  15.3g S  1241  17.4  28:19.05 nts	1693203158539
1010785 toao      20   0  133.9g  21.8g  15.3g S 405.9  17.4  28:25.16 nts	1693203159239
1010785 toao      20   0  133.9g  21.8g  15.3g S  1329  17.4  28:32.98 nts	1693203159939
1010785 toao      20   0  133.9g  21.8g  15.3g S  1412  17.4  28:40.95 nts	1693203160640
1010785 toao      20   0  134.4g  21.8g  15.3g S  2138  17.4  28:51.36 nts	1693203161343
1010785 toao      20   0  133.9g  21.8g  15.3g S  1247  17.4  28:59.31 nts	1693203162043
1010785 toao      20   0  133.9g  21.8g  15.3g S  1394  17.4  29:07.48 nts	1693203162747
1010785 toao      20   0  134.2g  21.8g  15.3g S  1159  17.4  29:13.28 nts	1693203163448
1010785 toao      20   0  134.2g  21.8g  15.3g S 441.2  17.4  29:21.62 nts	1693203164149
1010785 toao      20   0  134.2g  21.8g  15.3g S 635.3  17.4  29:29.59 nts	1693203164851
1010785 toao      20   0  134.2g  21.8g  15.3g S  1361  17.4  29:37.61 nts	1693203165552
1010785 toao      20   0  134.2g  21.8g  15.3g S  1424  17.4  29:45.52 nts	1693203166255
1010785 toao      20   0  134.2g  21.8g  15.3g S 417.6  17.4  29:54.96 nts	1693203166956
1010785 toao      20   0  134.2g  21.8g  15.3g S  2400  17.4  30:06.03 nts	1693203167656
1010785 toao      20   0  134.8g  21.8g  15.3g S 729.4  17.4  30:12.78 nts	1693203168356
1010785 toao      20   0  134.8g  21.8g  15.3g S 817.6  17.4  30:20.87 nts	1693203169056
1010785 toao      20   0  134.2g  21.8g  15.3g S  1418  17.4  30:29.86 nts	1693203169756
1010785 toao      20   0  134.2g  21.8g  15.3g S  2376  17.4  30:39.54 nts	1693203170459
1010785 toao      20   0  134.8g  21.8g  15.3g S  1361  17.4  30:45.96 nts	1693203171161
1010785 toao      20   0  134.2g  21.8g  15.3g S 429.4  17.4  30:55.43 nts	1693203171867
1010785 toao      20   0  134.2g  21.8g  15.3g S  1353  17.4  31:03.32 nts	1693203172568
1010785 toao      20   0  134.8g  21.8g  15.3g S  1669  17.4  31:13.10 nts	1693203173272
1010785 toao      20   0  134.2g  21.8g  15.3g S 488.2  17.4  31:18.92 nts	1693203173976
1010785 toao      20   0  134.8g  21.8g  15.3g S  1718  17.4  31:27.40 nts	1693203174684
1010785 toao      20   0  134.2g  21.8g  15.3g S 364.7  17.4  31:34.60 nts	1693203175387
1010785 toao      20   0  134.2g  21.8g  15.3g S  1465  17.4  31:42.57 nts	1693203176092
1010785 toao      20   0  134.2g  21.8g  15.3g S  1394  17.4  31:51.92 nts	1693203176791
1010785 toao      20   0  134.2g  21.8g  15.3g S  1382  17.4  31:59.79 nts	1693203177491
1010785 toao      20   0  134.2g  21.8g  15.3g S  1335  17.4  32:06.01 nts	1693203178195
1010785 toao      20   0  134.2g  21.8g  15.3g S  1447  17.4  32:12.35 nts	1693203178899
1010785 toao      20   0  134.2g  21.8g  15.3g S 537.5  17.4  32:20.16 nts	1693203179603
1010785 toao      20   0  134.2g  21.8g  15.3g S 437.5  17.4  32:26.47 nts	1693203180303
1010785 toao      20   0  134.8g  21.8g  15.3g S  2031  17.4  32:35.33 nts	1693203181003
1010785 toao      20   0  134.2g  21.8g  15.3g S  1418  17.4  32:42.50 nts	1693203181703
1010785 toao      20   0  134.2g  21.8g  15.3g S 405.9  17.4  32:52.14 nts	1693203182408
1010785 toao      20   0  134.2g  21.8g  15.3g S 382.4  17.4  33:01.66 nts	1693203183108
1010785 toao      20   0  134.2g  21.8g  15.3g S  1600  17.4  33:09.69 nts	1693203183811
1010785 toao      20   0  139.5g  21.8g  15.3g S  1312  17.3  33:15.64 nts	1693203184511
1010785 toao      20   0  140.7g  21.8g  15.3g S  1462  17.4  33:21.81 nts	1693203185214
1010785 toao      20   0  140.7g  21.8g  15.3g S  1356  17.4  33:27.77 nts	1693203185913
1010785 toao      20   0  140.7g  21.8g  15.3g S  1482  17.4  33:36.13 nts	1693203186615
1010785 toao      20   0  140.7g  21.8g  15.3g S  1429  17.4  33:44.07 nts	1693203187315
1010785 toao      20   0  140.7g  21.8g  15.3g S 447.1  17.4  33:50.21 nts	1693203188018
1010785 toao      20   0  140.7g  21.8g  15.3g S  1412  17.4  33:58.20 nts	1693203188719
1010785 toao      20   0  140.7g  21.8g  15.3g S  1525  17.4  34:08.04 nts	1693203189423
1010785 toao      20   0  140.7g  21.8g  15.3g S  1371  17.4  34:15.85 nts	1693203190124
1010785 toao      20   0  140.7g  21.8g  15.3g S 923.5  17.4  34:25.24 nts	1693203190826
1010785 toao      20   0  141.6g  21.8g  15.3g S 358.8  17.4  34:31.25 nts	1693203191527
1010785 toao      20   0  142.0g  21.8g  15.3g S  2165  17.4  34:40.51 nts	1693203192231
1010785 toao      20   0  142.0g  21.8g  15.3g S  1400  17.4  34:47.11 nts	1693203192931
1010785 toao      20   0  142.0g  21.8g  15.3g S 470.6  17.4  34:53.34 nts	1693203193631
1010785 toao      20   0  142.0g  21.8g  15.3g S  1388  17.4  35:02.77 nts	1693203194330
1010785 toao      20   0  142.5g  21.8g  15.3g S  1671  17.4  35:12.70 nts	1693203195030
1010785 toao      20   0  142.0g  21.8g  15.3g S  1376  17.4  35:21.94 nts	1693203195731
1010785 toao      20   0  142.0g  21.8g  15.3g S  1318  17.4  35:31.18 nts	1693203196431
1010785 toao      20   0  142.0g  21.8g  15.3g S  1259  17.4  35:39.04 nts	1693203197131
1010785 toao      20   0  142.0g  21.8g  15.3g S 817.6  17.4  35:46.92 nts	1693203197831
1010785 toao      20   0  142.0g  21.8g  15.3g S  1471  17.4  35:54.97 nts	1693203198535
1010785 toao      20   0  142.0g  21.8g  15.3g S  1200  17.4  36:02.72 nts	1693203199237
1010785 toao      20   0  142.0g  21.8g  15.3g S  1394  17.4  36:12.23 nts	1693203199939
1010785 toao      20   0  142.5g  21.8g  15.3g S  1100  17.4  36:19.42 nts	1693203200638
1010785 toao      20   0  142.0g  21.8g  15.3g S  1365  17.4  36:29.55 nts	1693203201339
1010785 toao      20   0  142.0g  21.8g  15.3g S  1388  17.4  36:37.45 nts	1693203202042
1010785 toao      20   0  142.0g  21.8g  15.3g S 452.9  17.4  36:43.55 nts	1693203202745
1010785 toao      20   0  142.0g  21.8g  15.3g S  1412  17.4  36:51.48 nts	1693203203450
1010785 toao      20   0  142.0g  21.8g  15.3g S 376.5  17.4  36:59.37 nts	1693203204151
1010785 toao      20   0  142.0g  21.8g  15.3g S  1335  17.4  37:08.99 nts	1693203204851
1010785 toao      20   0  142.0g  21.8g  15.3g S  1094  17.4  37:16.98 nts	1693203205552
1010785 toao      20   0  142.0g  21.8g  15.3g S 382.4  17.4  37:23.27 nts	1693203206254
1010785 toao      20   0  142.0g  21.8g  15.3g S 456.2  17.4  37:29.37 nts	1693203206953
1010785 toao      20   0  142.0g  21.8g  15.3g S  1412  17.4  37:37.24 nts	1693203207656
1010785 toao      20   0  142.0g  21.8g  15.3g S  1418  17.4  37:45.26 nts	1693203208355
1010785 toao      20   0  142.0g  21.8g  15.3g S 376.5  17.4  37:51.33 nts	1693203209059
1010785 toao      20   0  142.0g  21.8g  15.3g S  1438  17.4  37:59.13 nts	1693203209762
1010785 toao      20   0  142.0g  21.8g  15.3g S  2131  17.4  38:10.27 nts	1693203210463
1010785 toao      20   0  142.5g  21.8g  15.3g S  1644  17.4  38:18.40 nts	1693203211163
1010785 toao      20   0  142.0g  21.8g  15.3g S 482.4  17.4  38:24.43 nts	1693203211863
1010785 toao      20   0       0      0      0 Z 100.0   0.0  38:29.53 nts	1693203212571
1010785 toao      20   0       0      0      0 Z 100.0   0.0  38:30.23 nts	1693203213275
1010785 toao      20   0       0      0      0 Z 100.0   0.0  38:30.92 nts	1693203213975
1010785 toao      20   0       0      0      0 Z 100.0   0.0  38:31.62 nts	1693203214684
