70876 toao      20   0 2569104 101652  68516 R 100.0   0.1   0:00.17 nts	1688359104599
70876 toao      20   0 5292096 210048 115220 R  3169   0.1   0:14.94 nts	1688359105312
70876 toao      20   0 5377144 274712 115504 R 194.1   0.1   0:18.31 nts	1688359105993
70876 toao      20   0 5377144 274712 115504 S 206.2   0.1   0:19.67 nts	1688359106681
70876 toao      20   0 5377144 274712 115504 R 200.0   0.1   0:21.03 nts	1688359107367
70876 toao      20   0 5377144 274712 115504 R 200.0   0.1   0:22.39 nts	1688359108053
70876 toao      20   0 5377144 274712 115504 R 206.2   0.1   0:23.76 nts	1688359108738
70876 toao      20   0 5377144 274712 115504 R 200.0   0.1   0:25.12 nts	1688359109427
70876 toao      20   0 5377144 274712 115504 R 206.2   0.1   0:26.48 nts	1688359110113
70876 toao      20   0 5377144 274712 115504 R 206.2   0.1   0:27.85 nts	1688359110800
70876 toao      20   0 5377144 274712 115504 R 212.5   0.1   0:29.22 nts	1688359111487
70876 toao      20   0 5377144 274712 115504 R 200.0   0.1   0:30.57 nts	1688359112176
70876 toao      20   0 5452244 274996 115632 R 176.5   0.1   0:31.92 nts	1688359112864
70876 toao      20   0 6608792 772544 115696 R  1175   0.4   0:39.37 nts	1688359113550
70876 toao      20   0 6608792 784660 115696 R  1159   0.4   0:47.34 nts	1688359114232
70876 toao      20   0 6608792 789380 115696 R  1106   0.4   0:55.52 nts	1688359114923
70876 toao      20   0 6608792 794124 115696 R  1088   0.4   1:03.34 nts	1688359115603
70876 toao      20   0 6608792 794644 115696 R  1069   0.4   1:10.78 nts	1688359116287
70876 toao      20   0 7631324 796832 115732 R 206.2   0.4   1:15.09 nts	1688359116969
70876 toao      20   0 7631324 798680 115732 R 206.2   0.4   1:16.45 nts	1688359117655
70876 toao      20   0 7631324 801584 115732 R 194.1   0.4   1:17.81 nts	1688359118344
70876 toao      20   0 7631324 804224 115732 R 206.2   0.4   1:19.18 nts	1688359119031
70876 toao      20   0 7631324 806336 115732 R 200.0   0.4   1:20.54 nts	1688359119719
70876 toao      20   0 7631324 808448 115732 R 206.2   0.4   1:21.90 nts	1688359120407
70876 toao      20   0 7631324 812408 115732 R 200.0   0.4   1:23.26 nts	1688359121095
70876 toao      20   0 8853408 864424 115732 R 547.1   0.4   1:25.21 nts	1688359121783
70876 toao      20   0 8853408 982168 115732 R 562.5   0.5   1:29.29 nts	1688359122470
70876 toao      20   0 8853408   1.0g 115732 R 606.2   0.6   1:33.40 nts	1688359123157
70876 toao      20   0 8853408   1.2g 115732 R 550.0   0.6   1:37.96 nts	1688359123842
70876 toao      20   0 9979680   1.3g 115732 R 388.2   0.7   1:41.64 nts	1688359124525
70876 toao      20   0 9998816   1.3g 115732 R 106.2   0.7   1:42.69 nts	1688359125213
70876 toao      20   0 9998816   1.3g 115732 R 100.0   0.7   1:43.38 nts	1688359125900
70876 toao      20   0 9998816   1.3g 115732 R 100.0   0.7   1:44.06 nts	1688359126588
70876 toao      20   0 9998816   1.3g 115732 R 106.2   0.7   1:44.76 nts	1688359127276
70876 toao      20   0   10.0g   1.6g 115732 R 100.0   0.9   1:45.45 nts	1688359127964
70876 toao      20   0   10.0g   1.7g 115732 R  94.1   0.9   1:46.13 nts	1688359128655
70876 toao      20   0   10.0g   1.8g 115732 R  94.1   0.9   1:46.82 nts	1688359129344
70876 toao      20   0   10.0g   1.8g 115732 R 106.2   0.9   1:47.51 nts	1688359130031
70876 toao      20   0   10.0g   1.8g 115732 R 100.0   0.9   1:48.20 nts	1688359130722
70876 toao      20   0   10.0g   1.8g 115732 R 100.0   0.9   1:48.88 nts	1688359131411
70876 toao      20   0   10.0g   1.8g 115732 R 100.0   0.9   1:49.57 nts	1688359132100
70876 toao      20   0   10.0g   1.8g 115732 R 100.0   0.9   1:50.26 nts	1688359132788
70876 toao      20   0   10.0g   1.8g 115732 R 100.0   1.0   1:50.95 nts	1688359133476
70876 toao      20   0   10.0g   1.8g 115732 R 100.0   1.0   1:51.64 nts	1688359134164
70876 toao      20   0   10.0g   1.8g 115732 R 106.2   1.0   1:52.33 nts	1688359134852
70876 toao      20   0   10.0g   1.8g 115732 R 100.0   1.0   1:53.01 nts	1688359135539
70876 toao      20   0   10.0g   1.8g 115732 R 100.0   1.0   1:53.70 nts	1688359136228
70876 toao      20   0   10.0g   1.8g 115732 R 106.2   1.0   1:54.39 nts	1688359136917
70876 toao      20   0   15.2g   2.2g 252796 R 100.0   1.2   1:55.43 nts	1688359137604
70876 toao      20   0   16.2g   3.0g 366712 R 106.2   1.6   1:56.13 nts	1688359138287
70876 toao      20   0   17.4g   4.1g 510176 R 106.2   2.2   1:56.82 nts	1688359138976
70876 toao      20   0   17.4g   4.2g 510176 R  94.1   2.2   1:57.50 nts	1688359139664
70876 toao      20   0   18.4g   5.1g   1.4g R 100.0   2.7   1:58.19 nts	1688359140352
70876 toao      20   0   18.4g   5.1g   1.4g R 100.0   2.7   1:58.87 nts	1688359141040
70876 toao      20   0   18.4g   5.1g   1.4g R 100.0   2.7   1:59.56 nts	1688359141727
70876 toao      20   0   18.4g   5.1g   1.4g R 100.0   2.7   2:00.26 nts	1688359142415
70876 toao      20   0   18.4g   5.1g   1.4g R  94.1   2.7   2:00.94 nts	1688359143102
70876 toao      20   0   18.4g   5.1g   1.4g R 100.0   2.7   2:01.63 nts	1688359143791
70876 toao      20   0   18.4g   5.1g   1.4g R 106.2   2.7   2:02.33 nts	1688359144480
70876 toao      20   0   18.4g   5.1g   1.4g R 100.0   2.7   2:03.01 nts	1688359145172
70876 toao      20   0   18.4g   5.1g   1.4g R 106.2   2.7   2:03.70 nts	1688359145859
70876 toao      20   0   18.4g   5.1g   1.4g R  94.1   2.7   2:04.38 nts	1688359146544
70876 toao      20   0   18.4g   5.1g   1.4g R 100.0   2.7   2:05.07 nts	1688359147231
70876 toao      20   0   18.4g   5.1g   1.4g R 106.2   2.7   2:05.76 nts	1688359147918
70876 toao      20   0   18.4g   5.1g   1.4g R 100.0   2.7   2:06.45 nts	1688359148606
70876 toao      20   0   18.4g   5.1g   1.4g R 100.0   2.7   2:07.14 nts	1688359149293
70876 toao      20   0   18.4g   5.1g   1.4g R  94.1   2.7   2:07.82 nts	1688359149982
70876 toao      20   0   18.4g   5.1g   1.4g R 100.0   2.7   2:08.51 nts	1688359150671
70876 toao      20   0   18.4g   5.1g   1.4g R 100.0   2.7   2:09.20 nts	1688359151358
70876 toao      20   0   18.4g   5.1g   1.4g R 100.0   2.7   2:09.89 nts	1688359152046
70876 toao      20   0   18.4g   5.1g   1.4g R 100.0   2.7   2:10.58 nts	1688359152735
70876 toao      20   0   18.4g   5.1g   1.4g R 100.0   2.7   2:11.26 nts	1688359153422
70876 toao      20   0   18.4g   5.1g   1.4g R 100.0   2.7   2:11.95 nts	1688359154107
70876 toao      20   0   18.4g   5.1g   1.4g R 100.0   2.7   2:12.63 nts	1688359154795
70876 toao      20   0   18.4g   5.1g   1.4g R 100.0   2.7   2:13.32 nts	1688359155482
70876 toao      20   0   18.4g   5.1g   1.4g R 100.0   2.7   2:14.01 nts	1688359156171
70876 toao      20   0   18.4g   5.1g   1.4g R 106.2   2.7   2:14.70 nts	1688359156858
70876 toao      20   0   18.4g   5.1g   1.4g R 100.0   2.7   2:15.38 nts	1688359157547
70876 toao      20   0   18.4g   5.1g   1.4g R 106.2   2.7   2:16.08 nts	1688359158235
70876 toao      20   0   18.4g   5.1g   1.4g R  94.1   2.7   2:16.76 nts	1688359158923
70876 toao      20   0   18.4g   5.1g   1.4g R 106.2   2.7   2:17.45 nts	1688359159608
70876 toao      20   0   18.4g   5.1g   1.4g R 106.2   2.7   2:18.14 nts	1688359160295
70876 toao      20   0   18.4g   5.1g   1.4g R 100.0   2.7   2:18.83 nts	1688359160982
70876 toao      20   0   18.4g   5.1g   1.4g R 106.2   2.7   2:19.52 nts	1688359161670
70876 toao      20   0   18.4g   5.1g   1.4g R 100.0   2.7   2:20.20 nts	1688359162359
70876 toao      20   0   18.4g   5.1g   1.4g R 100.0   2.7   2:20.89 nts	1688359163043
70876 toao      20   0   18.4g   5.1g   1.4g R 100.0   2.7   2:21.57 nts	1688359163730
70876 toao      20   0   18.4g   5.1g   1.4g R 100.0   2.7   2:22.26 nts	1688359164417
70876 toao      20   0   18.4g   5.1g   1.4g R 100.0   2.7   2:22.95 nts	1688359165104
70876 toao      20   0   18.4g   5.1g   1.4g R 100.0   2.7   2:23.63 nts	1688359165791
70876 toao      20   0   18.4g   5.1g   1.4g R 100.0   2.7   2:24.32 nts	1688359166478
70876 toao      20   0   18.4g   5.1g   1.4g R 100.0   2.7   2:25.00 nts	1688359167167
70876 toao      20   0   18.4g   5.1g   1.4g R 100.0   2.7   2:25.70 nts	1688359167852
70876 toao      20   0   18.4g   5.1g   1.4g R  94.1   2.7   2:26.39 nts	1688359168543
70876 toao      20   0   18.4g   5.1g   1.4g R 100.0   2.7   2:27.07 nts	1688359169230
70876 toao      20   0   18.4g   5.1g   1.4g R 100.0   2.7   2:27.76 nts	1688359169916
70876 toao      20   0   18.4g   5.1g   1.4g R  94.1   2.7   2:28.44 nts	1688359170604
70876 toao      20   0   18.4g   5.1g   1.4g R 100.0   2.7   2:29.13 nts	1688359171290
70876 toao      20   0   18.4g   5.1g   1.4g R 106.2   2.7   2:29.82 nts	1688359171978
70876 toao      20   0   18.4g   5.1g   1.4g R 100.0   2.7   2:30.51 nts	1688359172667
70876 toao      20   0   18.4g   5.1g   1.4g R 106.2   2.7   2:31.20 nts	1688359173354
70876 toao      20   0   18.4g   5.1g   1.4g R 100.0   2.7   2:31.88 nts	1688359174039
70876 toao      20   0   18.4g   5.1g   1.4g R  94.1   2.7   2:32.57 nts	1688359174729
70876 toao      20   0   18.4g   5.1g   1.4g R 100.0   2.7   2:33.26 nts	1688359175419
70876 toao      20   0   18.4g   5.1g   1.4g R 100.0   2.7   2:33.95 nts	1688359176107
70876 toao      20   0   18.4g   5.1g   1.4g R  94.1   2.7   2:34.64 nts	1688359176795
70876 toao      20   0   18.4g   5.1g   1.4g R 100.0   2.7   2:35.33 nts	1688359177483
70876 toao      20   0   18.4g   5.1g   1.4g R 106.2   2.7   2:36.02 nts	1688359178171
70876 toao      20   0   18.4g   5.1g   1.4g R 106.2   2.7   2:36.71 nts	1688359178859
70876 toao      20   0   18.4g   5.1g   1.4g R 106.2   2.7   2:37.40 nts	1688359179548
70876 toao      20   0   18.4g   5.1g   1.4g R 100.0   2.7   2:38.08 nts	1688359180237
70876 toao      20   0   18.4g   5.1g   1.4g R 100.0   2.7   2:38.77 nts	1688359180924
70876 toao      20   0   18.4g   5.1g   1.4g R 100.0   2.7   2:39.45 nts	1688359181612
70876 toao      20   0   18.4g   5.1g   1.4g R 100.0   2.7   2:40.14 nts	1688359182300
70876 toao      20   0   18.4g   5.1g   1.4g R 100.0   2.7   2:40.83 nts	1688359182987
70876 toao      20   0   18.4g   5.1g   1.4g R 100.0   2.7   2:41.52 nts	1688359183675
70876 toao      20   0   18.4g   5.1g   1.4g R  94.1   2.7   2:42.21 nts	1688359184362
70876 toao      20   0   18.4g   5.1g   1.4g R 100.0   2.7   2:42.90 nts	1688359185051
70876 toao      20   0   18.4g   5.1g   1.4g R 100.0   2.7   2:43.58 nts	1688359185739
70876 toao      20   0   18.4g   5.1g   1.4g R 106.2   2.7   2:44.28 nts	1688359186428
70876 toao      20   0   18.4g   5.1g   1.4g R 100.0   2.7   2:44.97 nts	1688359187114
70876 toao      20   0   18.4g   5.1g   1.4g R  88.2   2.7   2:45.64 nts	1688359187803
70876 toao      20   0   18.4g   5.1g   1.4g R 100.0   2.7   2:46.33 nts	1688359188484
70876 toao      20   0   18.4g   5.1g   1.4g R 100.0   2.7   2:47.02 nts	1688359189170
70876 toao      20   0   18.4g   5.1g   1.4g R 100.0   2.7   2:47.68 nts	1688359189859
70876 toao      20   0   20.6g   5.2g   1.4g R 911.8   2.8   2:54.00 nts	1688359190544
70876 toao      20   0   20.6g   5.2g   1.4g S  2480   2.8   3:03.90 nts	1688359191276
70876 toao      20   0   20.6g   5.2g   1.4g R  1712   2.8   3:10.88 nts	1688359191950
70876 toao      20   0   20.6g   5.2g   1.4g S  1711   2.8   3:20.92 nts	1688359192686
70876 toao      20   0   20.6g   5.2g   1.4g R  1582   2.8   3:29.02 nts	1688359193382
70876 toao      20   0   20.6g   5.2g   1.4g S  1669   2.8   3:37.24 nts	1688359194068
70876 toao      20   0   20.6g   5.2g   1.4g S 756.2   2.8   3:44.51 nts	1688359194743
70876 toao      20   0   20.6g   5.2g   1.4g R 733.3   2.8   3:52.66 nts	1688359195427
70876 toao      20   0   20.6g   5.2g   1.4g S 206.2   2.8   3:59.86 nts	1688359196107
70876 toao      20   0   20.6g   5.2g   1.4g R 156.2   2.8   4:07.97 nts	1688359196789
70876 toao      20   0   20.6g   5.2g   1.4g S 212.5   2.8   4:15.99 nts	1688359197472
70876 toao      20   0   20.6g   5.2g   1.4g S 193.3   2.8   4:23.42 nts	1688359198157
70876 toao      20   0   20.6g   5.2g   1.4g R 325.0   2.8   4:30.91 nts	1688359198834
70876 toao      20   0   20.6g   5.2g   1.4g R 243.8   2.8   4:38.81 nts	1688359199506
70876 toao      20   0   20.6g   5.2g   1.4g R 300.0   2.8   4:46.94 nts	1688359200184
70876 toao      20   0   20.6g   5.2g   1.4g R  1841   2.8   4:56.69 nts	1688359200865
70876 toao      20   0   20.6g   5.2g   1.4g R  1976   2.8   5:05.91 nts	1688359201586
70876 toao      20   0   20.6g   5.2g   1.4g R  1483   2.8   5:14.34 nts	1688359202294
70876 toao      20   0   20.6g   5.2g   1.4g R  1650   2.8   5:22.56 nts	1688359202984
70876 toao      20   0   20.6g   5.2g   1.4g R  1688   2.8   5:31.04 nts	1688359203661
70876 toao      20   0   20.6g   5.2g   1.4g S  1076   2.8   5:38.76 nts	1688359204345
70876 toao      20   0   20.6g   5.2g   1.4g S 431.2   2.8   5:46.19 nts	1688359205027
70876 toao      20   0   20.6g   5.2g   1.4g R 258.8   2.8   5:54.37 nts	1688359205713
70876 toao      20   0   20.6g   5.2g   1.4g R  1547   2.8   6:03.10 nts	1688359206397
70876 toao      20   0   20.6g   5.2g   1.4g R  1394   2.8   6:11.27 nts	1688359207072
70876 toao      20   0   20.6g   5.2g   1.4g S 506.2   2.8   6:18.48 nts	1688359207755
70876 toao      20   0   20.6g   5.2g   1.4g R 456.2   2.8   6:26.62 nts	1688359208440
70876 toao      20   0   20.6g   5.2g   1.4g R 223.5   2.8   6:34.75 nts	1688359209124
70876 toao      20   0   20.6g   5.2g   1.4g R 181.2   2.8   6:42.91 nts	1688359209810
70876 toao      20   0   20.6g   5.2g   1.4g S 575.0   2.8   6:50.96 nts	1688359210498
70876 toao      20   0   20.6g   5.2g   1.4g R 518.8   2.8   6:59.33 nts	1688359211177
70876 toao      20   0   20.6g   5.2g   1.4g S 193.8   2.8   7:06.54 nts	1688359211863
70876 toao      20   0   20.6g   5.2g   1.4g R 326.7   2.8   7:15.17 nts	1688359212548
70876 toao      20   0   20.6g   5.2g   1.4g R 387.5   2.8   7:23.59 nts	1688359213228
70876 toao      20   0   20.6g   5.2g   1.4g R  1424   2.8   7:32.34 nts	1688359213912
70876 toao      20   0   20.6g   5.2g   1.4g R  1553   2.8   7:42.41 nts	1688359214614
70876 toao      20   0   20.6g   5.2g   1.4g S 693.8   2.8   7:50.27 nts	1688359215298
70876 toao      20   0   20.6g   5.2g   1.4g S 187.5   2.8   7:57.24 nts	1688359215982
70876 toao      20   0   46.5g   6.0g   2.1g R 568.8   3.2   8:05.35 nts	1688359216668
70876 toao      20   0   51.9g   6.9g   3.0g S  1350   3.7   8:10.24 nts	1688359217355
70876 toao      20   0   53.0g   7.0g   3.0g S  1481   3.7   8:19.84 nts	1688359218043
70876 toao      20   0   53.7g   7.0g   3.0g S  1369   3.7   8:30.00 nts	1688359218733
70876 toao      20   0   53.9g   7.0g   3.0g S  1475   3.7   8:39.65 nts	1688359219411
70876 toao      20   0   54.2g   7.0g   3.0g S  1438   3.7   8:49.54 nts	1688359220091
70876 toao      20   0   54.1g   7.0g   3.0g S  1447   3.8   8:59.71 nts	1688359220786
70876 toao      20   0   54.4g   7.1g   3.0g S  1612   3.8   9:09.36 nts	1688359221461
70876 toao      20   0   54.5g   7.2g   3.0g S  1338   3.8   9:19.29 nts	1688359222142
70876 toao      20   0   57.7g   7.2g   3.0g S  1612   3.8   9:29.47 nts	1688359222825
70876 toao      20   0   60.5g   7.2g   3.0g S  1606   3.9   9:38.88 nts	1688359223509
70876 toao      20   0   61.1g   7.2g   3.0g S  1362   3.8   9:48.69 nts	1688359224195
70876 toao      20   0   61.8g   7.2g   3.0g S  1394   3.9   9:58.50 nts	1688359224870
70876 toao      20   0   61.8g   7.2g   3.0g S  1556   3.9  10:08.33 nts	1688359225558
70876 toao      20   0   61.8g   7.3g   3.0g S  1276   3.9  10:18.05 nts	1688359226243
70876 toao      20   0   61.7g   7.2g   3.0g S  1369   3.9  10:28.09 nts	1688359226929
70876 toao      20   0   61.8g   7.3g   3.0g S  1375   3.9  10:38.18 nts	1688359227611
70876 toao      20   0   62.0g   7.2g   3.0g S  1494   3.9  10:47.78 nts	1688359228287
70876 toao      20   0   60.8g   7.3g   3.0g S  1456   3.9  10:57.15 nts	1688359228975
70876 toao      20   0   62.1g   7.3g   3.0g S  1381   3.9  11:07.08 nts	1688359229662
70876 toao      20   0   62.0g   7.3g   3.0g S  1562   3.9  11:17.04 nts	1688359230342
70876 toao      20   0   62.1g   7.3g   3.0g S  1431   3.9  11:26.11 nts	1688359231018
70876 toao      20   0   62.1g   7.3g   3.0g S  1344   3.9  11:35.80 nts	1688359231700
70876 toao      20   0   62.0g   7.3g   3.0g S  1350   3.9  11:45.77 nts	1688359232380
70876 toao      20   0   62.1g   7.3g   3.0g S  1612   3.9  11:55.90 nts	1688359233054
70876 toao      20   0   62.0g   7.3g   3.0g S  1694   3.9  12:05.57 nts	1688359233741
70876 toao      20   0   60.3g   7.3g   3.0g S  1506   3.9  12:15.07 nts	1688359234422
70876 toao      20   0   61.5g   7.3g   3.0g S  1362   3.9  12:24.87 nts	1688359235107
70876 toao      20   0   62.0g   7.3g   3.0g S  1381   3.9  12:34.96 nts	1688359235792
70876 toao      20   0   62.1g   7.3g   3.0g S  1600   3.9  12:45.06 nts	1688359236466
70876 toao      20   0   62.0g   7.3g   3.0g S  1681   3.9  12:54.39 nts	1688359237146
70876 toao      20   0   62.0g   7.3g   3.0g S  1312   3.9  13:03.87 nts	1688359237831
70876 toao      20   0   62.1g   7.3g   3.0g S  1362   3.9  13:13.97 nts	1688359238512
70876 toao      20   0   62.0g   7.3g   3.0g S  1525   3.9  13:23.93 nts	1688359239190
70876 toao      20   0   62.0g   7.3g   3.0g S  1575   3.9  13:33.50 nts	1688359239873
70876 toao      20   0   60.9g   7.3g   3.0g S  1419   3.9  13:42.91 nts	1688359240552
70876 toao      20   0   61.4g   7.3g   3.0g S  1338   3.9  13:52.99 nts	1688359241232
70876 toao      20   0   62.1g   7.3g   3.0g S  1375   3.9  14:03.01 nts	1688359241915
70876 toao      20   0   62.0g   7.3g   3.0g S  1512   3.9  14:13.11 nts	1688359242598
70876 toao      20   0   62.1g   7.3g   3.0g S  1569   3.9  14:22.37 nts	1688359243279
70876 toao      20   0   62.1g   7.3g   3.0g S  1375   3.9  14:32.03 nts	1688359243965
70876 toao      20   0   62.0g   7.3g   3.0g S  1300   3.9  14:41.98 nts	1688359244645
70876 toao      20   0   62.1g   7.3g   3.0g S  1425   3.9  14:51.79 nts	1688359245322
70876 toao      20   0   61.0g   7.3g   3.0g S  1462   3.9  15:00.92 nts	1688359246007
70876 toao      20   0   61.6g   7.3g   3.0g S  1319   3.9  15:10.80 nts	1688359246696
70876 toao      20   0   61.6g   7.3g   3.0g S  1362   3.9  15:21.01 nts	1688359247375
70876 toao      20   0   62.2g   7.3g   3.0g S  1324   3.9  15:30.69 nts	1688359248060
70876 toao      20   0   62.2g   7.3g   3.0g S  1344   3.9  15:39.70 nts	1688359248738
70876 toao      20   0   62.2g   7.3g   3.0g S  1388   3.9  15:49.81 nts	1688359249423
70876 toao      20   0   62.2g   7.3g   3.0g S  1306   3.9  15:59.82 nts	1688359250114
70876 toao      20   0   62.2g   7.3g   3.0g S  1459   3.9  16:09.33 nts	1688359250797
70876 toao      20   0   62.2g   7.3g   3.0g S  1306   3.9  16:18.72 nts	1688359251478
70876 toao      20   0   62.2g   7.3g   3.0g S  1356   3.9  16:28.76 nts	1688359252161
70876 toao      20   0   62.2g   7.3g   3.0g S  1582   3.9  16:38.60 nts	1688359252835
70876 toao      20   0   62.2g   7.3g   3.0g S  1325   3.9  16:47.55 nts	1688359253518
70876 toao      20   0   62.2g   7.3g   3.0g S  1306   3.9  16:57.61 nts	1688359254201
70876 toao      20   0   62.2g   7.3g   3.0g S  1467   3.9  17:07.78 nts	1688359254886
70876 toao      20   0   62.2g   7.3g   3.0g S  1569   3.9  17:17.69 nts	1688359255561
70876 toao      20   0   62.2g   7.3g   3.0g S  1675   3.9  17:27.34 nts	1688359256246
70876 toao      20   0   62.2g   7.3g   3.0g S  1331   3.9  17:36.66 nts	1688359256930
70876 toao      20   0   60.9g   7.3g   3.0g S  1338   3.9  17:46.73 nts	1688359257612
70876 toao      20   0   62.2g   7.3g   3.0g S  1481   3.9  17:56.20 nts	1688359258292
70876 toao      20   0   62.2g   7.3g   3.0g S  1381   3.9  18:05.49 nts	1688359258975
70876 toao      20   0   62.2g   7.3g   3.0g S  1319   3.9  18:15.47 nts	1688359259657
70876 toao      20   0   62.2g   7.3g   3.0g S  1381   3.9  18:25.31 nts	1688359260337
70876 toao      20   0   62.2g   7.3g   3.0g S  1544   3.9  18:34.41 nts	1688359261020
70876 toao      20   0   62.2g   7.3g   3.0g S  1319   3.9  18:44.04 nts	1688359261703
70876 toao      20   0   62.2g   7.3g   3.0g S  1375   3.9  18:54.21 nts	1688359262385
70876 toao      20   0   60.3g   7.3g   3.0g S  1312   3.9  19:04.18 nts	1688359263068
70876 toao      20   0   62.2g   7.3g   3.0g S  1669   3.9  19:14.22 nts	1688359263747
70876 toao      20   0   62.1g   7.3g   3.0g S  1569   3.9  19:23.86 nts	1688359264434
70876 toao      20   0   62.2g   7.3g   3.0g S  1329   3.9  19:33.33 nts	1688359265113
70876 toao      20   0   62.2g   7.3g   3.0g S  1356   3.9  19:43.37 nts	1688359265798
70876 toao      20   0   62.2g   7.3g   3.0g S  1575   3.9  19:53.22 nts	1688359266482
70876 toao      20   0   62.2g   7.3g   3.0g S  1562   3.9  20:02.50 nts	1688359267162
70876 toao      20   0   62.2g   7.3g   3.0g S  1325   3.9  20:12.23 nts	1688359267843
70876 toao      20   0   62.2g   7.3g   3.0g S  1562   3.9  20:22.15 nts	1688359268527
70876 toao      20   0   61.0g   7.3g   3.0g S  1425   3.9  20:31.76 nts	1688359269212
70876 toao      20   0   61.6g   7.3g   3.0g S  1550   3.9  20:41.60 nts	1688359269892
70876 toao      20   0   61.6g   7.3g   3.0g S  1300   3.9  20:51.12 nts	1688359270575
70876 toao      20   0   62.2g   7.3g   3.0g S  1806   3.9  21:01.24 nts	1688359271250
70876 toao      20   0   62.1g   7.3g   3.0g S  1725   3.9  21:10.75 nts	1688359271935
70876 toao      20   0   62.2g   7.3g   3.0g S  1288   3.9  21:19.99 nts	1688359272616
70876 toao      20   0   62.2g   7.3g   3.0g S  1325   3.9  21:30.01 nts	1688359273302
70876 toao      20   0   62.2g   7.3g   3.0g S  1600   3.9  21:39.84 nts	1688359273981
70876 toao      20   0       0      0      0 Z 200.0   0.0  21:47.94 nts	1688359274666
70876 toao      20   0       0      0      0 Z 100.0   0.0  21:48.58 nts	1688359275350
