1825949 toao      20   0 2488392 101760  68384 R 100.0   0.1   0:00.19 nts	1693337858414
1825949 toao      20   0 8361540 205744 114892 R  7422   0.2   0:30.55 nts	1693337859157
1825949 toao      20   0 8392648 226584 115020 R 200.0   0.2   0:36.98 nts	1693337859859
1825949 toao      20   0 8392648 226584 115020 R 194.1   0.2   0:38.37 nts	1693337860556
1825949 toao      20   0 8392648 228432 115020 R 200.0   0.2   0:39.76 nts	1693337861258
1825949 toao      20   0 8392648 228432 115020 R 212.5   0.2   0:41.16 nts	1693337861963
1825949 toao      20   0 8392648 228432 115020 S 200.0   0.2   0:42.56 nts	1693337862664
1825949 toao      20   0 9560220 397772 115144 R  1035   0.3   0:45.36 nts	1693337863369
1825949 toao      20   0 9560220 445900 115144 R 858.8   0.3   0:51.50 nts	1693337864071
1825949 toao      20   0 9560220 636748 115144 R 982.4   0.5   0:57.58 nts	1693337864772
1825949 toao      20   0 9560220 669444 115144 R  1265   0.5   1:05.09 nts	1693337865471
1825949 toao      20   0   13.2g 683372 115188 R  1071   0.5   1:13.60 nts	1693337866168
1825949 toao      20   0   13.2g 684428 115188 R 194.1   0.5   1:14.99 nts	1693337866872
1825949 toao      20   0   13.2g 685220 115188 R 188.2   0.5   1:16.37 nts	1693337867575
1825949 toao      20   0   13.2g 685748 115188 R 188.9   0.5   1:17.77 nts	1693337868272
1825949 toao      20   0   13.2g 686012 115188 R 205.9   0.5   1:19.17 nts	1693337868976
1825949 toao      20   0   13.2g 686276 115188 R 183.3   0.5   1:20.57 nts	1693337869682
1825949 toao      20   0   13.2g 686540 115188 R 194.1   0.5   1:21.96 nts	1693337870387
1825949 toao      20   0   14.3g 830008 115188 R 723.5   0.6   1:26.82 nts	1693337871089
1825949 toao      20   0   14.3g 966608 115188 R 911.8   0.7   1:32.72 nts	1693337871793
1825949 toao      20   0   14.3g   1.1g 115188 R 841.2   0.8   1:38.80 nts	1693337872493
1825949 toao      20   0   18.3g   1.1g 115188 R 105.9   0.9   1:42.51 nts	1693337873191
1825949 toao      20   0   18.3g   1.1g 115188 R 105.9   0.9   1:43.23 nts	1693337873903
1825949 toao      20   0   18.3g   1.1g 115188 R 100.0   0.9   1:43.93 nts	1693337874612
1825949 toao      20   0   18.8g   1.2g 115188 R  94.4   0.9   1:44.64 nts	1693337875321
1825949 toao      20   0   18.8g   1.3g 115188 R 100.0   1.0   1:45.36 nts	1693337876033
1825949 toao      20   0   18.8g   1.3g 115188 R 100.0   1.0   1:46.07 nts	1693337876745
1825949 toao      20   0   18.8g   1.3g 115188 R 100.0   1.0   1:46.77 nts	1693337877455
1825949 toao      20   0   18.8g   1.5g 115188 R 100.0   1.2   1:47.47 nts	1693337878159
1825949 toao      20   0   18.8g   1.5g 115188 R 100.0   1.2   1:48.18 nts	1693337878863
1825949 toao      20   0   18.8g   1.5g 115188 R 100.0   1.2   1:48.89 nts	1693337879568
1825949 toao      20   0   18.8g   1.5g 115188 R 106.2   1.2   1:49.59 nts	1693337880273
1825949 toao      20   0   27.8g   1.7g 218280 R 106.2   1.4   1:51.30 nts	1693337880973
1825949 toao      20   0   28.6g   2.5g 331744 R 106.2   2.0   1:52.00 nts	1693337881671
1825949 toao      20   0   29.6g   3.3g 471952 R 100.0   2.6   1:52.70 nts	1693337882374
1825949 toao      20   0   30.6g   4.1g 525684 R 105.9   3.3   1:53.41 nts	1693337883080
1825949 toao      20   0   30.6g   4.1g 525684 R 100.0   3.3   1:54.11 nts	1693337883783
1825949 toao      20   0   31.1g   4.7g   1.0g R  94.1   3.7   1:54.81 nts	1693337884486
1825949 toao      20   0   31.1g   4.7g   1.0g R  94.1   3.7   1:55.51 nts	1693337885187
1825949 toao      20   0   31.1g   4.7g   1.0g R 100.0   3.7   1:56.21 nts	1693337885886
1825949 toao      20   0   31.1g   4.7g   1.0g R 100.0   3.7   1:56.91 nts	1693337886587
1825949 toao      20   0   31.1g   4.7g   1.0g R 106.2   3.7   1:57.61 nts	1693337887285
1825949 toao      20   0   31.1g   4.7g   1.0g R 106.2   3.7   1:58.31 nts	1693337887985
1825949 toao      20   0   31.1g   4.7g   1.0g R 106.2   3.7   1:59.01 nts	1693337888682
1825949 toao      20   0   31.1g   4.7g   1.0g R 100.0   3.7   1:59.71 nts	1693337889382
1825949 toao      20   0   31.1g   4.7g   1.0g R 100.0   3.7   2:00.41 nts	1693337890081
1825949 toao      20   0   31.1g   4.7g   1.0g R 106.2   3.7   2:01.11 nts	1693337890785
1825949 toao      20   0   31.1g   4.7g   1.0g R 106.2   3.7   2:01.81 nts	1693337891482
1825949 toao      20   0   31.1g   4.7g   1.0g R  94.1   3.7   2:02.50 nts	1693337892182
1825949 toao      20   0   31.1g   4.7g   1.0g R  94.1   3.7   2:03.20 nts	1693337892879
1825949 toao      20   0   31.1g   4.7g   1.0g R 100.0   3.7   2:03.90 nts	1693337893578
1825949 toao      20   0   31.1g   4.7g   1.0g R 100.0   3.7   2:04.61 nts	1693337894282
1825949 toao      20   0   31.1g   4.7g   1.0g R 100.0   3.7   2:05.32 nts	1693337894986
1825949 toao      20   0   31.1g   4.7g   1.0g R 106.2   3.7   2:06.02 nts	1693337895685
1825949 toao      20   0   31.1g   4.7g   1.0g R 100.0   3.7   2:06.71 nts	1693337896382
1825949 toao      20   0   31.1g   4.7g   1.0g R  94.1   3.7   2:07.40 nts	1693337897081
1825949 toao      20   0   31.1g   4.7g   1.0g R  94.1   3.7   2:08.10 nts	1693337897778
1825949 toao      20   0   31.1g   4.7g   1.0g R 100.0   3.7   2:08.81 nts	1693337898478
1825949 toao      20   0   31.1g   4.7g   1.0g R 106.2   3.7   2:09.51 nts	1693337899183
1825949 toao      20   0   31.1g   4.7g   1.0g R 100.0   3.7   2:10.21 nts	1693337899882
1825949 toao      20   0   31.1g   4.7g   1.0g R 100.0   3.7   2:10.91 nts	1693337900577
1825949 toao      20   0   31.1g   4.7g   1.0g R 106.2   3.7   2:11.60 nts	1693337901274
1825949 toao      20   0   31.1g   4.7g   1.0g R 100.0   3.7   2:12.30 nts	1693337901970
1825949 toao      20   0   31.1g   4.7g   1.0g R 106.2   3.7   2:12.99 nts	1693337902666
1825949 toao      20   0   31.1g   4.7g   1.0g R 100.0   3.7   2:13.68 nts	1693337903363
1825949 toao      20   0   31.1g   4.7g   1.0g R 100.0   3.7   2:14.38 nts	1693337904058
1825949 toao      20   0   31.1g   4.7g   1.0g R 106.2   3.7   2:15.08 nts	1693337904754
1825949 toao      20   0   31.1g   4.7g   1.0g R 100.0   3.7   2:15.78 nts	1693337905451
1825949 toao      20   0   31.1g   4.7g   1.0g R 106.2   3.7   2:16.48 nts	1693337906153
1825949 toao      20   0   31.1g   4.7g   1.0g R 100.0   3.7   2:17.18 nts	1693337906850
1825949 toao      20   0   31.0g   4.7g   1.0g R  1219   3.7   2:22.86 nts	1693337907552
1825949 toao      20   0   31.0g   4.7g   1.0g S  1888   3.7   2:34.98 nts	1693337908255
1825949 toao      20   0   79.3g   4.7g   1.1g R  1324   3.8   2:44.91 nts	1693337908959
1825949 toao      20   0   82.7g   5.6g   1.9g R 206.2   4.4   2:45.89 nts	1693337909663
1825949 toao      20   0   90.6g   6.4g   2.8g S  1476   5.1   2:49.46 nts	1693337910364
1825949 toao      20   0  111.8g   6.4g   2.8g S  1106   5.1   2:59.27 nts	1693337911067
1825949 toao      20   0  118.6g   6.4g   2.8g S  1328   5.1   3:10.55 nts	1693337911768
1825949 toao      20   0  119.0g   6.4g   2.8g S  1441   5.1   3:20.47 nts	1693337912480
1825949 toao      20   0  118.4g   6.4g   2.8g S  1388   5.1   3:29.94 nts	1693337913178
1825949 toao      20   0  119.2g   6.4g   2.8g S  1459   5.1   3:39.60 nts	1693337913878
1825949 toao      20   0  118.6g   6.4g   2.8g S  1524   5.1   3:49.44 nts	1693337914579
1825949 toao      20   0  119.2g   6.4g   2.8g S  1524   5.1   3:59.29 nts	1693337915282
1825949 toao      20   0  119.3g   6.4g   2.8g S  1506   5.1   4:09.02 nts	1693337915982
1825949 toao      20   0  120.6g   6.5g   2.8g S  1569   5.1   4:19.33 nts	1693337916683
1825949 toao      20   0       0      0      0 Z 105.9   0.0   4:24.25 nts	1693337917383
1825949 toao      20   0       0      0      0 Z 105.9   0.0   4:24.94 nts	1693337918089
