1397759 toao      20   0 2529992  99508  67228 R 100.0   0.0   0:00.20 nts	1697534516426
1397759 toao      20   0 8431772 209584 111772 R  8000   0.1   0:27.67 nts	1697534517156
1397759 toao      20   0 8523984 273852 111900 R 205.9   0.1   0:54.84 nts	1697534517870
1397759 toao      20   0 8523984 273852 111900 R 194.4   0.1   0:56.27 nts	1697534518584
1397759 toao      20   0 8523984 273852 111900 R 211.8   0.1   0:57.70 nts	1697534519296
1397759 toao      20   0 8523984 273852 111900 R 200.0   0.1   0:59.10 nts	1697534520008
1397759 toao      20   0 8523984 293124 111900 R 205.9   0.1   1:00.52 nts	1697534520714
1397759 toao      20   0 8523984 293124 111900 R 211.8   0.1   1:01.95 nts	1697534521421
1397759 toao      20   0 8523984 293124 111900 R 200.0   0.1   1:03.37 nts	1697534522133
1397759 toao      20   0 9772176 587596 112140 R  1000   0.1   1:07.78 nts	1697534522845
1397759 toao      20   0 9772176 590192 112140 R  1000   0.1   1:15.22 nts	1697534523550
1397759 toao      20   0 9772176 825220 112140 R  1459   0.2   1:24.60 nts	1697534524252
1397759 toao      20   0   13.4g 829436 112164 R  1053   0.2   1:34.01 nts	1697534524959
1397759 toao      20   0   13.4g 835768 112164 R 200.0   0.2   1:35.43 nts	1697534525666
1397759 toao      20   0   13.4g 845800 112164 R 205.9   0.2   1:36.86 nts	1697534526380
1397759 toao      20   0   13.4g 851344 112164 R 188.9   0.2   1:38.29 nts	1697534527094
1397759 toao      20   0   13.4g 864280 112164 R 205.9   0.2   1:39.72 nts	1697534527808
1397759 toao      20   0   14.6g 958384 112164 R 461.1   0.2   1:42.19 nts	1697534528523
1397759 toao      20   0   14.6g   1.0g 112164 R 570.6   0.3   1:45.65 nts	1697534529236
1397759 toao      20   0   14.6g   1.1g 112164 R 516.7   0.3   1:49.26 nts	1697534529949
1397759 toao      20   0   14.6g   1.2g 112164 R 500.0   0.3   1:52.55 nts	1697534530667
1397759 toao      20   0   14.6g   1.3g 112164 R 511.1   0.3   1:56.01 nts	1697534531383
1397759 toao      20   0   18.6g   1.3g 112164 R  1935   0.4   2:01.98 nts	1697534532096
1397759 toao      20   0   18.6g   1.4g 112164 R 100.0   0.4   2:04.14 nts	1697534532818
1397759 toao      20   0   18.6g   1.4g 112164 R  94.4   0.4   2:04.85 nts	1697534533533
1397759 toao      20   0   18.6g   1.4g 112164 R 105.9   0.4   2:05.57 nts	1697534534249
1397759 toao      20   0   18.6g   1.4g 112164 R 100.0   0.4   2:06.28 nts	1697534534964
1397759 toao      20   0   18.6g   1.4g 112164 R 105.9   0.4   2:07.00 nts	1697534535679
1397759 toao      20   0   18.6g   1.4g 112164 R  94.4   0.4   2:07.71 nts	1697534536391
1397759 toao      20   0   19.1g   1.6g 112164 R 100.0   0.4   2:08.43 nts	1697534537107
1397759 toao      20   0   19.1g   1.6g 112164 R 100.0   0.4   2:09.13 nts	1697534537817
1397759 toao      20   0   19.1g   1.6g 112164 R  94.4   0.4   2:09.83 nts	1697534538523
1397759 toao      20   0   19.1g   1.6g 112164 R 100.0   0.4   2:10.54 nts	1697534539231
1397759 toao      20   0   19.1g   1.6g 112164 R 105.9   0.4   2:11.25 nts	1697534539935
1397759 toao      20   0   19.1g   1.6g 112164 R 100.0   0.4   2:11.95 nts	1697534540640
1397759 toao      20   0   19.1g   1.6g 112164 R 100.0   0.4   2:12.66 nts	1697534541347
1397759 toao      20   0   19.1g   1.6g 112164 R 105.9   0.4   2:13.37 nts	1697534542052
1397759 toao      20   0   19.1g   1.6g 112164 R 100.0   0.4   2:14.07 nts	1697534542760
1397759 toao      20   0   19.1g   1.9g 112164 R 100.0   0.5   2:14.78 nts	1697534543468
1397759 toao      20   0   19.1g   1.9g 112164 R 100.0   0.5   2:15.49 nts	1697534544177
1397759 toao      20   0   19.1g   1.9g 112164 R  94.4   0.5   2:16.20 nts	1697534544884
1397759 toao      20   0   19.1g   1.9g 112164 R 100.0   0.5   2:16.90 nts	1697534545593
1397759 toao      20   0   19.1g   1.9g 112164 R 100.0   0.5   2:17.61 nts	1697534546298
1397759 toao      20   0   19.1g   1.9g 112164 R 105.9   0.5   2:18.32 nts	1697534547004
1397759 toao      20   0   19.1g   1.9g 112164 R 100.0   0.5   2:19.02 nts	1697534547711
1397759 toao      20   0   19.1g   1.9g 112164 R 100.0   0.5   2:19.72 nts	1697534548417
1397759 toao      20   0   19.1g   1.9g 112164 R  94.4   0.5   2:20.44 nts	1697534549125
1397759 toao      20   0   19.1g   1.9g 112164 R 111.8   0.5   2:21.15 nts	1697534549832
1397759 toao      20   0   19.1g   1.9g 112164 R 100.0   0.5   2:21.85 nts	1697534550540
1397759 toao      20   0   28.5g   2.4g 269564 R  94.4   0.6   2:24.68 nts	1697534551245
1397759 toao      20   0   29.2g   3.0g 362640 R 100.0   0.8   2:25.22 nts	1697534551954
1397759 toao      20   0   29.9g   3.6g 463840 R  94.4   1.0   2:25.76 nts	1697534552665
1397759 toao      20   0   31.3g   4.2g 605592 R 155.6   1.1   2:26.41 nts	1697534553374
1397759 toao      20   0   31.4g   4.3g 605832 R 200.0   1.1   2:27.66 nts	1697534554089
1397759 toao      20   0   31.8g   4.5g 605832 R 211.8   1.2   2:28.89 nts	1697534554805
1397759 toao      20   0   33.2g   5.1g   1.1g R 188.2   1.3   2:30.15 nts	1697534555517
1397759 toao      20   0   33.3g   5.3g   1.3g R 105.9   1.4   2:30.86 nts	1697534556229
1397759 toao      20   0   34.2g   5.9g   1.9g R 100.0   1.6   2:31.58 nts	1697534556940
1397759 toao      20   0   34.2g   6.3g   2.2g R  94.4   1.7   2:32.29 nts	1697534557661
1397759 toao      20   0   34.2g   6.3g   2.2g R 105.9   1.7   2:33.00 nts	1697534558379
1397759 toao      20   0   34.2g   6.3g   2.2g R 100.0   1.7   2:33.71 nts	1697534559083
1397759 toao      20   0   34.2g   6.3g   2.2g R 105.9   1.7   2:34.42 nts	1697534559788
1397759 toao      20   0   34.2g   6.3g   2.2g R 105.9   1.7   2:35.12 nts	1697534560495
1397759 toao      20   0   34.2g   6.3g   2.2g R 100.0   1.7   2:35.82 nts	1697534561198
1397759 toao      20   0   34.2g   6.3g   2.2g R 100.0   1.7   2:36.53 nts	1697534561902
1397759 toao      20   0   34.2g   6.3g   2.2g R 106.2   1.7   2:37.23 nts	1697534562607
1397759 toao      20   0   34.2g   6.3g   2.2g R 100.0   1.7   2:37.93 nts	1697534563308
1397759 toao      20   0   34.2g   6.3g   2.2g R 100.0   1.7   2:38.63 nts	1697534564011
1397759 toao      20   0   34.2g   6.3g   2.2g R 100.0   1.7   2:39.35 nts	1697534564719
1397759 toao      20   0   34.2g   6.3g   2.2g R 100.0   1.7   2:40.05 nts	1697534565422
1397759 toao      20   0   34.2g   6.3g   2.2g R 100.0   1.7   2:40.76 nts	1697534566127
1397759 toao      20   0   34.2g   6.3g   2.2g R 100.0   1.7   2:41.46 nts	1697534566835
1397759 toao      20   0   34.2g   6.3g   2.2g R 100.0   1.7   2:42.17 nts	1697534567540
1397759 toao      20   0   34.2g   6.3g   2.2g R 105.9   1.7   2:42.88 nts	1697534568243
1397759 toao      20   0   34.2g   6.3g   2.2g R 100.0   1.7   2:43.58 nts	1697534568950
1397759 toao      20   0   34.2g   6.3g   2.2g R 105.9   1.7   2:44.29 nts	1697534569660
1397759 toao      20   0   34.2g   6.3g   2.2g R  94.1   1.7   2:44.99 nts	1697534570366
1397759 toao      20   0   34.2g   6.3g   2.2g R 105.9   1.7   2:45.71 nts	1697534571072
1397759 toao      20   0   34.2g   6.3g   2.2g R 100.0   1.7   2:46.41 nts	1697534571778
1397759 toao      20   0   34.2g   6.3g   2.2g R 100.0   1.7   2:47.11 nts	1697534572481
1397759 toao      20   0   34.2g   6.3g   2.2g R 112.5   1.7   2:47.82 nts	1697534573187
1397759 toao      20   0   34.2g   6.3g   2.2g R 105.9   1.7   2:48.52 nts	1697534573891
1397759 toao      20   0   34.2g   6.3g   2.2g R 100.0   1.7   2:49.22 nts	1697534574594
1397759 toao      20   0   34.2g   6.3g   2.2g R 100.0   1.7   2:49.93 nts	1697534575298
1397759 toao      20   0   34.2g   6.3g   2.2g R  94.1   1.7   2:50.63 nts	1697534576001
1397759 toao      20   0   34.2g   6.3g   2.2g R 100.0   1.7   2:51.34 nts	1697534576707
1397759 toao      20   0   34.2g   6.3g   2.2g R 105.9   1.7   2:52.05 nts	1697534577409
1397759 toao      20   0   34.2g   6.3g   2.2g R 100.0   1.7   2:52.74 nts	1697534578115
1397759 toao      20   0   34.2g   6.3g   2.2g R 100.0   1.7   2:53.45 nts	1697534578818
1397759 toao      20   0   34.2g   6.3g   2.2g R 100.0   1.7   2:54.16 nts	1697534579523
1397759 toao      20   0   34.2g   6.3g   2.2g R 100.0   1.7   2:54.87 nts	1697534580231
1397759 toao      20   0   34.2g   6.3g   2.2g R 100.0   1.7   2:55.57 nts	1697534580938
1397759 toao      20   0   34.2g   6.3g   2.2g R 100.0   1.7   2:56.28 nts	1697534581635
1397759 toao      20   0   34.2g   6.3g   2.2g R 100.0   1.7   2:56.98 nts	1697534582341
1397759 toao      20   0   34.2g   6.3g   2.2g R  94.1   1.7   2:57.68 nts	1697534583046
1397759 toao      20   0   34.2g   6.3g   2.2g R 100.0   1.7   2:58.38 nts	1697534583751
1397759 toao      20   0   34.2g   6.3g   2.2g R 100.0   1.7   2:59.09 nts	1697534584453
1397759 toao      20   0   34.2g   6.3g   2.2g R 100.0   1.7   2:59.79 nts	1697534585159
1397759 toao      20   0   34.2g   6.3g   2.2g R 105.9   1.7   3:00.50 nts	1697534585862
1397759 toao      20   0   34.2g   6.3g   2.2g R 100.0   1.7   3:01.20 nts	1697534586565
1397759 toao      20   0   34.2g   6.3g   2.2g R 100.0   1.7   3:01.92 nts	1697534587271
1397759 toao      20   0   34.2g   6.3g   2.2g R 100.0   1.7   3:02.62 nts	1697534587977
1397759 toao      20   0   34.2g   6.3g   2.2g R 100.0   1.7   3:03.33 nts	1697534588683
1397759 toao      20   0   34.2g   6.3g   2.2g R  94.4   1.7   3:04.04 nts	1697534589390
1397759 toao      20   0   34.2g   6.3g   2.2g R 106.2   1.7   3:04.75 nts	1697534590106
1397759 toao      20   0   34.2g   6.3g   2.2g R 105.9   1.7   3:05.46 nts	1697534590810
1397759 toao      20   0   34.2g   6.3g   2.2g R 105.9   1.7   3:06.17 nts	1697534591518
1397759 toao      20   0   34.2g   6.3g   2.2g R  94.1   1.7   3:06.87 nts	1697534592228
1397759 toao      20   0   34.2g   6.3g   2.2g R 100.0   1.7   3:07.58 nts	1697534592935
1397759 toao      20   0   34.2g   6.3g   2.2g R 105.9   1.7   3:08.28 nts	1697534593634
1397759 toao      20   0   34.2g   6.3g   2.2g R  94.1   1.7   3:08.98 nts	1697534594338
1397759 toao      20   0   34.2g   6.3g   2.2g R 100.0   1.7   3:09.69 nts	1697534595043
1397759 toao      20   0   34.2g   6.3g   2.2g R  88.9   1.7   3:10.40 nts	1697534595747
1397759 toao      20   0   34.2g   6.3g   2.2g R  94.1   1.7   3:11.11 nts	1697534596467
1397759 toao      20   0   34.2g   6.3g   2.2g R  94.4   1.7   3:11.82 nts	1697534597174
1397759 toao      20   0   34.5g   6.4g   2.3g R 105.9   1.7   3:13.67 nts	1697534597880
1397759 toao      20   0   34.7g   6.5g   2.3g R 100.0   1.7   3:14.21 nts	1697534598595
1397759 toao      20   0  141.0g   6.6g   2.3g S 794.1   1.7   3:22.46 nts	1697534599315
1397759 toao      20   0  143.6g   6.6g   2.3g S 947.1   1.8   3:27.19 nts	1697534600028
1397759 toao      20   0  144.9g   6.7g   2.4g S 675.0   1.8   3:32.87 nts	1697534600737
1397759 toao      20   0  145.2g   6.7g   2.4g S 247.1   1.8   3:38.12 nts	1697534601437
1397759 toao      20   0  145.8g   6.7g   2.4g S 664.7   1.8   3:44.24 nts	1697534602144
1397759 toao      20   0  146.0g   6.8g   2.4g S 929.4   1.8   3:50.23 nts	1697534602849
1397759 toao      20   0  146.0g   6.8g   2.5g S 917.6   1.8   3:55.76 nts	1697534603555
1397759 toao      20   0  146.0g   6.8g   2.5g S 929.4   1.8   4:01.04 nts	1697534604267
1397759 toao      20   0  146.0g   6.8g   2.5g S 935.3   1.8   4:06.45 nts	1697534604972
1397759 toao      20   0  146.0g   6.9g   2.5g S 900.0   1.8   4:12.04 nts	1697534605680
1397759 toao      20   0  146.0g   6.9g   2.6g S 864.7   1.8   4:17.56 nts	1697534606391
1397759 toao      20   0  146.0g   6.9g   2.6g S 541.2   1.8   4:23.19 nts	1697534607101
1397759 toao      20   0  160.4g   6.9g   2.6g S 683.3   1.8   4:29.11 nts	1697534607813
1397759 toao      20   0  162.9g   7.0g   2.6g S 817.6   1.8   4:35.09 nts	1697534608523
1397759 toao      20   0  163.8g   7.0g   2.7g S 929.4   1.9   4:40.56 nts	1697534609233
1397759 toao      20   0  164.1g   7.0g   2.7g S  1006   1.9   4:45.88 nts	1697534609941
1397759 toao      20   0  164.1g   7.0g   2.7g S 894.1   1.9   4:50.93 nts	1697534610651
1397759 toao      20   0  164.1g   7.1g   2.7g S  1006   1.9   4:56.58 nts	1697534611360
1397759 toao      20   0  164.1g   7.1g   2.7g S  1018   1.9   5:02.05 nts	1697534612071
1397759 toao      20   0  164.1g   7.1g   2.8g S 929.4   1.9   5:07.56 nts	1697534612777
1397759 toao      20   0  164.1g   7.1g   2.8g S  1024   1.9   5:13.09 nts	1697534613489
1397759 toao      20   0  164.1g   7.1g   2.8g S 588.2   1.9   5:18.47 nts	1697534614197
1397759 toao      20   0  163.8g   7.2g   2.8g S 311.8   1.9   5:23.97 nts	1697534614904
1397759 toao      20   0  163.8g   7.2g   2.9g S 752.9   1.9   5:30.23 nts	1697534615613
1397759 toao      20   0  164.1g   7.2g   2.9g S 935.3   1.9   5:36.05 nts	1697534616321
1397759 toao      20   0  162.2g   7.2g   2.9g S 941.2   1.9   5:41.15 nts	1697534617030
1397759 toao      20   0  163.5g   7.3g   2.9g S 829.4   1.9   5:46.61 nts	1697534617740
1397759 toao      20   0  164.4g   7.3g   3.0g S 835.3   1.9   5:52.23 nts	1697534618450
1397759 toao      20   0  164.4g   7.3g   3.0g S 958.8   1.9   5:57.55 nts	1697534619159
1397759 toao      20   0  164.4g   7.3g   3.0g S 935.3   1.9   6:03.02 nts	1697534619870
1397759 toao      20   0  164.5g   7.4g   3.0g S 811.8   2.0   6:08.61 nts	1697534620577
1397759 toao      20   0  164.5g   7.4g   3.1g S 355.6   2.0   6:14.12 nts	1697534621285
1397759 toao      20   0  164.3g   7.4g   3.1g S 547.1   2.0   6:20.01 nts	1697534621993
1397759 toao      20   0  164.6g   7.4g   3.1g S 923.5   2.0   6:26.19 nts	1697534622699
1397759 toao      20   0  164.6g   7.5g   3.1g S 929.4   2.0   6:31.85 nts	1697534623409
1397759 toao      20   0  164.6g   7.5g   3.2g S 929.4   2.0   6:37.36 nts	1697534624122
1397759 toao      20   0  164.7g   7.5g   3.2g S 911.8   2.0   6:42.86 nts	1697534624831
1397759 toao      20   0  162.2g   7.5g   3.2g S 870.6   2.0   6:47.97 nts	1697534625539
1397759 toao      20   0  162.9g   7.5g   3.2g S 993.8   2.0   6:53.44 nts	1697534626249
1397759 toao      20   0  164.6g   7.6g   3.2g S 741.2   2.0   6:58.97 nts	1697534626949
1397759 toao      20   0  164.8g   7.6g   3.3g S 605.9   2.0   7:04.24 nts	1697534627657
1397759 toao      20   0  164.6g   7.6g   3.3g S 335.3   2.0   7:09.74 nts	1697534628365
1397759 toao      20   0  164.6g   7.6g   3.3g S 729.4   2.0   7:15.91 nts	1697534629071
1397759 toao      20   0  164.9g   7.7g   3.3g S 994.1   2.0   7:21.82 nts	1697534629781
1397759 toao      20   0  164.9g   7.7g   3.4g S  1024   2.0   7:27.32 nts	1697534630491
1397759 toao      20   0  165.0g   7.7g   3.4g S 923.5   2.0   7:32.88 nts	1697534631200
1397759 toao      20   0  164.8g   7.7g   3.4g S 829.4   2.1   7:38.28 nts	1697534631911
1397759 toao      20   0  165.0g   7.8g   3.4g S 929.4   2.1   7:43.90 nts	1697534632619
1397759 toao      20   0  165.1g   7.8g   3.5g S 964.7   2.1   7:49.51 nts	1697534633332
1397759 toao      20   0  165.1g   7.8g   3.5g S 423.5   2.1   7:54.71 nts	1697534634040
1397759 toao      20   0  163.9g   7.8g   3.5g S 235.3   2.1   7:59.86 nts	1697534634752
1397759 toao      20   0  164.3g   7.9g   3.5g S 658.8   2.1   8:05.97 nts	1697534635460
1397759 toao      20   0  164.3g   7.9g   3.6g S 670.6   2.1   8:11.55 nts	1697534636171
1397759 toao      20   0  164.6g   7.9g   3.6g S 929.4   2.1   8:17.27 nts	1697534636881
1397759 toao      20   0  164.6g   7.9g   3.6g S 944.4   2.1   8:22.91 nts	1697534637593
1397759 toao      20   0  164.7g   7.9g   3.6g S 941.2   2.1   8:28.45 nts	1697534638303
1397759 toao      20   0  165.1g   8.0g   3.6g S 829.4   2.1   8:33.95 nts	1697534639011
1397759 toao      20   0  165.4g   8.0g   3.7g S 911.8   2.1   8:39.60 nts	1697534639720
1397759 toao      20   0  165.4g   8.0g   3.7g S 900.0   2.1   8:45.15 nts	1697534640427
1397759 toao      20   0  165.4g   8.1g   3.7g S 588.2   2.1   8:50.80 nts	1697534641137
1397759 toao      20   0  165.2g   8.1g   3.7g S 364.7   2.1   8:56.42 nts	1697534641848
1397759 toao      20   0  165.2g   8.1g   3.8g S 775.0   2.1   9:02.62 nts	1697534642555
1397759 toao      20   0  163.5g   8.1g   3.8g S 852.9   2.1   9:08.21 nts	1697534643262
1397759 toao      20   0  163.7g   8.1g   3.8g S 917.6   2.2   9:13.59 nts	1697534643973
1397759 toao      20   0  165.1g   8.2g   3.8g S 905.9   2.2   9:19.10 nts	1697534644679
1397759 toao      20   0  165.7g   8.2g   3.9g S 982.4   2.2   9:24.41 nts	1697534645386
1397759 toao      20   0  165.7g   8.2g   3.9g S 933.3   2.2   9:29.99 nts	1697534646092
1397759 toao      20   0  165.8g   8.2g   3.9g S 911.8   2.2   9:35.41 nts	1697534646808
1397759 toao      20   0  165.8g   8.3g   3.9g S 766.7   2.2   9:41.04 nts	1697534647513
1397759 toao      20   0  165.9g   8.3g   4.0g S 523.5   2.2   9:46.74 nts	1697534648224
1397759 toao      20   0  165.6g   8.3g   4.0g S 505.9   2.2   9:52.45 nts	1697534648933
1397759 toao      20   0  165.7g   8.3g   4.0g S 858.8   2.2   9:58.67 nts	1697534649640
1397759 toao      20   0  166.0g   8.4g   4.0g S 917.6   2.2  10:04.38 nts	1697534650349
1397759 toao      20   0  166.0g   8.4g   4.1g S 976.5   2.2  10:10.01 nts	1697534651061
1397759 toao      20   0  164.2g   8.4g   4.1g S  1035   2.2  10:15.11 nts	1697534651768
1397759 toao      20   0  164.5g   8.4g   4.1g S 850.0   2.2  10:20.30 nts	1697534652476
1397759 toao      20   0  164.9g   8.4g   4.1g S 829.4   2.2  10:25.91 nts	1697534653181
1397759 toao      20   0  165.5g   8.5g   4.1g S 941.2   2.2  10:31.20 nts	1697534653890
1397759 toao      20   0  165.9g   8.5g   4.2g S 688.2   2.3  10:36.71 nts	1697534654597
1397759 toao      20   0  166.2g   8.5g   4.2g S 370.6   2.3  10:42.34 nts	1697534655308
1397759 toao      20   0  165.9g   8.6g   4.2g S 676.5   2.3  10:48.28 nts	1697534656015
1397759 toao      20   0  166.2g   8.6g   4.2g S 905.9   2.3  10:54.31 nts	1697534656721
1397759 toao      20   0  166.2g   8.6g   4.3g S 835.3   2.3  10:59.78 nts	1697534657426
1397759 toao      20   0  166.3g   8.6g   4.3g S 929.4   2.3  11:05.32 nts	1697534658131
1397759 toao      20   0  166.3g   8.6g   4.3g S 911.8   2.3  11:10.86 nts	1697534658840
1397759 toao      20   0  166.4g   8.7g   4.3g S  1000   2.3  11:16.46 nts	1697534659549
1397759 toao      20   0  163.3g   8.7g   4.4g S 705.9   2.3  11:21.43 nts	1697534660256
1397759 toao      20   0  165.8g   8.7g   4.4g S 788.2   2.3  11:26.91 nts	1697534660969
1397759 toao      20   0  166.5g   8.7g   4.4g S 400.0   2.3  11:32.42 nts	1697534661680
1397759 toao      20   0  166.2g   8.8g   4.4g S 205.9   2.3  11:37.68 nts	1697534662387
1397759 toao      20   0  166.3g   8.8g   4.5g S 700.0   2.3  11:43.85 nts	1697534663097
1397759 toao      20   0  166.6g   8.8g   4.5g S 927.8   2.3  11:49.78 nts	1697534663805
1397759 toao      20   0  166.6g   8.8g   4.5g S 900.0   2.3  11:55.33 nts	1697534664513
1397759 toao      20   0  166.6g   8.9g   4.5g S 888.2   2.3  12:00.79 nts	1697534665223
1397759 toao      20   0  166.7g   8.9g   4.6g S 917.6   2.4  12:06.48 nts	1697534665931
1397759 toao      20   0  166.7g   8.9g   4.6g S 917.6   2.4  12:12.05 nts	1697534666639
1397759 toao      20   0  166.7g   8.9g   4.6g S  1006   2.4  12:17.78 nts	1697534667347
1397759 toao      20   0  166.8g   9.0g   4.6g S 600.0   2.4  12:23.39 nts	1697534668060
1397759 toao      20   0  166.5g   9.0g   4.6g S 300.0   2.4  12:28.92 nts	1697534668773
1397759 toao      20   0  164.7g   9.0g   4.7g S 541.2   2.4  12:34.49 nts	1697534669480
1397759 toao      20   0  165.6g   9.0g   4.7g S 941.2   2.4  12:40.48 nts	1697534670188
1397759 toao      20   0  166.9g   9.1g   4.7g S 882.4   2.4  12:45.99 nts	1697534670897
1397759 toao      20   0  166.9g   9.1g   4.7g S 994.1   2.4  12:51.35 nts	1697534671608
1397759 toao      20   0  167.0g   9.1g   4.8g S 929.4   2.4  12:56.86 nts	1697534672318
1397759 toao      20   0  167.0g   9.1g   4.8g S 844.4   2.4  13:02.36 nts	1697534673025
1397759 toao      20   0  167.0g   9.1g   4.8g S 962.5   2.4  13:07.94 nts	1697534673735
1397759 toao      20   0  167.1g   9.2g   4.8g S 847.1   2.4  13:13.42 nts	1697534674441
1397759 toao      20   0  167.1g   9.2g   4.9g S 494.1   2.4  13:19.02 nts	1697534675148
1397759 toao      20   0  166.8g   9.2g   4.9g S 464.7   2.4  13:24.70 nts	1697534675857
1397759 toao      20   0  166.9g   9.2g   4.9g S 372.2   2.4  13:30.20 nts	1697534676563
1397759 toao      20   0  167.2g   9.3g   4.9g S 961.1   2.5  13:36.18 nts	1697534677273
1397759 toao      20   0  164.7g   9.3g   5.0g S  1047   2.5  13:41.43 nts	1697534677985
1397759 toao      20   0  166.6g   9.3g   5.0g S 888.2   2.5  13:46.71 nts	1697534678697
1397759 toao      20   0  167.0g   9.3g   5.0g S 800.0   2.5  13:52.16 nts	1697534679407
1397759 toao      20   0  167.3g   9.4g   5.0g S 888.9   2.5  13:57.48 nts	1697534680112
1397759 toao      20   0  167.3g   9.4g   5.0g S 844.4   2.5  14:03.06 nts	1697534680823
1397759 toao      20   0  167.4g   9.4g   5.1g S 941.2   2.5  14:08.71 nts	1697534681535
1397759 toao      20   0  167.4g   9.4g   5.1g S 576.5   2.5  14:14.17 nts	1697534682251
1397759 toao      20   0  167.2g   9.5g   5.1g S 358.8   2.5  14:19.78 nts	1697534682961
1397759 toao      20   0  167.2g   9.5g   5.1g S 741.2   2.5  14:26.00 nts	1697534683671
1397759 toao      20   0  167.5g   9.5g   5.2g S  1018   2.5  14:31.95 nts	1697534684381
1397759 toao      20   0  167.6g   9.5g   5.2g S 923.5   2.5  14:37.38 nts	1697534685093
1397759 toao      20   0  167.6g   9.6g   5.2g S 844.4   2.5  14:42.91 nts	1697534685800
1397759 toao      20   0  163.2g   9.5g   5.2g R 305.9   2.5  14:47.26 nts	1697534686512
1397759 toao      20   0       0      0      0 Z  94.4   0.0  14:47.97 nts	1697534687222
1397759 toao      20   0       0      0      0 Z 100.0   0.0  14:48.56 nts	1697534687935
1397759 toao      20   0       0      0      0 Z  94.4   0.0  14:49.25 nts	1697534688651
