1818023 toao      20   0 2486016  98812  67772 R 100.0   0.1   0:00.19 nts	1693337781757
1818023 toao      20   0 8361540 205220 114344 R  7444   0.2   0:27.99 nts	1693337782488
1818023 toao      20   0 8392512 226080 114524 R 205.9   0.2   0:36.99 nts	1693337783202
1818023 toao      20   0 8392512 226080 114524 R 200.0   0.2   0:38.39 nts	1693337783915
1818023 toao      20   0 8392512 226080 114524 R 205.9   0.2   0:39.80 nts	1693337784624
1818023 toao      20   0 8392512 226080 114524 R 200.0   0.2   0:41.19 nts	1693337785335
1818023 toao      20   0 8392512 227928 114524 R 200.0   0.2   0:42.58 nts	1693337786036
1818023 toao      20   0 8392512 227928 114524 R 200.0   0.2   0:43.98 nts	1693337786739
1818023 toao      20   0 8392512 227928 114524 R 200.0   0.2   0:45.37 nts	1693337787440
1818023 toao      20   0 9560212 398628 114648 R 794.1   0.3   0:48.52 nts	1693337788139
1818023 toao      20   0 9560212 437512 114648 R 916.7   0.3   0:54.78 nts	1693337788831
1818023 toao      20   0 9560212 635380 114648 R  1594   0.5   1:02.99 nts	1693337789545
1818023 toao      20   0 9560212 670620 114648 R  1012   0.5   1:10.17 nts	1693337790247
1818023 toao      20   0   13.1g 683156 114680 R  1012   0.5   1:17.99 nts	1693337790954
1818023 toao      20   0   13.1g 683948 114680 R 200.0   0.5   1:19.39 nts	1693337791653
1818023 toao      20   0   13.1g 685004 114680 R 200.0   0.5   1:20.78 nts	1693337792359
1818023 toao      20   0   13.1g 685532 114680 R 218.8   0.5   1:22.18 nts	1693337793063
1818023 toao      20   0   13.1g 685796 114680 R 200.0   0.5   1:23.57 nts	1693337793764
1818023 toao      20   0   13.1g 686324 114680 R 205.9   0.5   1:24.97 nts	1693337794468
1818023 toao      20   0   14.2g 697804 114680 R 370.6   0.5   1:26.66 nts	1693337795172
1818023 toao      20   0   14.2g 803072 114680 R 505.9   0.6   1:30.53 nts	1693337795876
1818023 toao      20   0   14.2g 894660 114680 R 541.2   0.7   1:34.86 nts	1693337796583
1818023 toao      20   0   14.2g 978.4m 114680 R 694.1   0.8   1:39.71 nts	1693337797287
1818023 toao      20   0   14.2g   1.1g 114680 S  1094   0.8   1:45.53 nts	1693337797998
1818023 toao      20   0   18.2g   1.1g 114680 R 105.9   0.9   1:49.83 nts	1693337798716
1818023 toao      20   0   18.2g   1.1g 114680 R 105.9   0.9   1:50.54 nts	1693337799421
1818023 toao      20   0   18.2g   1.1g 114680 R  94.1   0.9   1:51.24 nts	1693337800136
1818023 toao      20   0   18.6g   1.2g 114680 R 105.9   0.9   1:51.96 nts	1693337800844
1818023 toao      20   0   18.6g   1.3g 114680 R 105.9   1.0   1:52.67 nts	1693337801553
1818023 toao      20   0   18.6g   1.3g 114680 R 100.0   1.0   1:53.37 nts	1693337802264
1818023 toao      20   0   18.6g   1.3g 114680 R 100.0   1.0   1:54.07 nts	1693337802969
1818023 toao      20   0   18.6g   1.5g 114680 R  94.1   1.2   1:54.78 nts	1693337803674
1818023 toao      20   0   18.6g   1.5g 114680 R 100.0   1.2   1:55.48 nts	1693337804381
1818023 toao      20   0   18.6g   1.5g 114680 R 105.9   1.2   1:56.20 nts	1693337805085
1818023 toao      20   0   18.6g   1.5g 114680 R 100.0   1.2   1:56.90 nts	1693337805800
1818023 toao      20   0   27.8g   1.9g 248268 R 100.0   1.5   1:58.72 nts	1693337806501
1818023 toao      20   0   28.8g   2.7g 371704 R 100.0   2.2   1:59.43 nts	1693337807209
1818023 toao      20   0   29.7g   3.5g 495764 R 100.0   2.8   2:00.13 nts	1693337807912
1818023 toao      20   0   30.4g   4.1g 525232 R 100.0   3.3   2:00.83 nts	1693337808615
1818023 toao      20   0   31.0g   4.5g 936040 R 100.0   3.6   2:01.54 nts	1693337809319
1818023 toao      20   0   31.0g   4.7g   1.0g R  94.1   3.7   2:02.24 nts	1693337810023
1818023 toao      20   0   31.0g   4.7g   1.0g R 100.0   3.7   2:02.94 nts	1693337810727
1818023 toao      20   0   31.0g   4.7g   1.0g R 100.0   3.7   2:03.64 nts	1693337811426
1818023 toao      20   0   31.0g   4.7g   1.0g R  94.1   3.7   2:04.34 nts	1693337812126
1818023 toao      20   0   31.0g   4.7g   1.0g R 100.0   3.7   2:05.04 nts	1693337812826
1818023 toao      20   0   31.0g   4.7g   1.0g R 106.2   3.7   2:05.74 nts	1693337813526
1818023 toao      20   0   31.0g   4.7g   1.0g R 100.0   3.7   2:06.43 nts	1693337814222
1818023 toao      20   0   31.0g   4.7g   1.0g R  94.1   3.7   2:07.13 nts	1693337814922
1818023 toao      20   0   31.0g   4.7g   1.0g R 100.0   3.7   2:07.84 nts	1693337815622
1818023 toao      20   0   31.0g   4.7g   1.0g R 100.0   3.7   2:08.53 nts	1693337816322
1818023 toao      20   0   31.0g   4.7g   1.0g R 100.0   3.7   2:09.23 nts	1693337817022
1818023 toao      20   0   31.0g   4.7g   1.0g R 100.0   3.7   2:09.93 nts	1693337817718
1818023 toao      20   0   31.0g   4.7g   1.0g R 100.0   3.7   2:10.64 nts	1693337818418
1818023 toao      20   0   31.0g   4.7g   1.0g R 100.0   3.7   2:11.33 nts	1693337819118
1818023 toao      20   0   31.0g   4.7g   1.0g R 105.9   3.7   2:12.04 nts	1693337819813
1818023 toao      20   0   31.0g   4.7g   1.0g R 100.0   3.7   2:12.73 nts	1693337820518
1818023 toao      20   0   31.0g   4.7g   1.0g R 100.0   3.7   2:13.43 nts	1693337821214
1818023 toao      20   0   31.0g   4.7g   1.0g R 100.0   3.7   2:14.12 nts	1693337821914
1818023 toao      20   0   31.0g   4.7g   1.0g R 100.0   3.7   2:14.83 nts	1693337822610
1818023 toao      20   0   31.0g   4.7g   1.0g R  94.1   3.7   2:15.52 nts	1693337823309
1818023 toao      20   0   31.0g   4.7g   1.0g R  94.1   3.7   2:16.22 nts	1693337824006
1818023 toao      20   0   31.0g   4.7g   1.0g R 106.2   3.7   2:16.92 nts	1693337824705
1818023 toao      20   0   31.0g   4.7g   1.0g R 100.0   3.7   2:17.62 nts	1693337825402
1818023 toao      20   0   31.0g   4.7g   1.0g R  94.1   3.7   2:18.32 nts	1693337826108
1818023 toao      20   0   31.0g   4.7g   1.0g R  94.1   3.7   2:19.02 nts	1693337826807
1818023 toao      20   0   31.0g   4.7g   1.0g R 100.0   3.7   2:19.72 nts	1693337827506
1818023 toao      20   0   31.0g   4.7g   1.0g R 106.2   3.7   2:20.42 nts	1693337828206
1818023 toao      20   0   31.0g   4.7g   1.0g R 100.0   3.7   2:21.12 nts	1693337828902
1818023 toao      20   0   31.0g   4.7g   1.0g R  94.1   3.7   2:21.82 nts	1693337829607
1818023 toao      20   0   31.0g   4.7g   1.0g R  94.1   3.7   2:22.52 nts	1693337830306
1818023 toao      20   0   31.0g   4.7g   1.0g R 106.2   3.7   2:23.22 nts	1693337831006
1818023 toao      20   0   31.0g   4.7g   1.0g R 106.2   3.7   2:23.92 nts	1693337831702
1818023 toao      20   0   31.0g   4.7g   1.0g R  94.4   3.7   2:24.62 nts	1693337832401
1818023 toao      20   0   30.8g   4.7g   1.0g S  1776   3.7   2:34.36 nts	1693337833106
1818023 toao      20   0   30.8g   4.7g   1.0g S 382.4   3.7   2:43.00 nts	1693337833808
1818023 toao      20   0   31.9g   4.7g   1.0g R  2300   3.7   2:54.08 nts	1693337834511
1818023 toao      20   0   35.2g   6.1g   1.7g R 100.0   4.9   3:08.50 nts	1693337835215
1818023 toao      20   0   89.2g   8.0g   3.0g R  1729   6.3   3:13.45 nts	1693337835915
1818023 toao      20   0   97.8g   8.3g   3.1g S  3300   6.6   3:28.36 nts	1693337836622
1818023 toao      20   0  106.4g   7.6g   3.1g S 711.8   6.0   3:38.84 nts	1693337837325
1818023 toao      20   0  117.5g   8.1g   3.1g S  2747   6.4   3:52.73 nts	1693337838027
1818023 toao      20   0  117.3g   7.6g   3.1g S 711.8   6.0   4:04.76 nts	1693337838728
1818023 toao      20   0  116.7g   8.0g   3.1g S  1594   6.3   4:16.34 nts	1693337839431
1818023 toao      20   0  117.6g   7.9g   3.1g S  2900   6.3   4:31.46 nts	1693337840134
1818023 toao      20   0  117.8g   7.6g   3.1g S 770.6   6.0   4:41.73 nts	1693337840835
1818023 toao      20   0  117.3g   8.1g   3.1g S  2894   6.4   4:55.97 nts	1693337841539
1818023 toao      20   0  116.6g   7.6g   3.1g S 458.8   6.0   5:07.71 nts	1693337842246
1818023 toao      20   0  118.0g   8.1g   3.1g S  1747   6.4   5:20.30 nts	1693337842954
1818023 toao      20   0  116.9g   7.6g   3.1g S  1494   6.0   5:34.02 nts	1693337843660
1818023 toao      20   0  118.6g   7.9g   3.1g S  1367   6.3   5:45.51 nts	1693337844362
1818023 toao      20   0  118.9g   7.8g   3.1g S  2653   6.2   6:00.38 nts	1693337845069
1818023 toao      20   0  117.5g   7.6g   3.1g S 875.0   6.0   6:10.75 nts	1693337845773
1818023 toao      20   0  118.8g   8.2g   3.1g S  3456   6.5   6:25.34 nts	1693337846473
1818023 toao      20   0  118.1g   7.6g   3.1g S 223.5   6.0   6:36.19 nts	1693337847176
1818023 toao      20   0  117.4g   8.1g   3.1g S  1724   6.4   6:48.32 nts	1693337847878
1818023 toao      20   0  117.5g   7.6g   3.1g S  2089   6.0   7:02.37 nts	1693337848582
1818023 toao      20   0  116.9g   7.6g   3.1g S 817.6   6.0   7:12.63 nts	1693337849287
1818023 toao      20   0  118.2g   8.3g   3.1g S  3600   6.6   7:29.11 nts	1693337849989
1818023 toao      20   0  118.1g   7.6g   3.1g S 364.7   6.0   7:38.86 nts	1693337850698
1818023 toao      20   0  117.4g   8.1g   3.1g S  2100   6.4   7:51.85 nts	1693337851398
1818023 toao      20   0  117.5g   7.6g   3.1g S  2065   6.0   8:05.37 nts	1693337852100
1818023 toao      20   0  118.6g   7.7g   3.1g S  1000   6.1   8:15.84 nts	1693337852801
1818023 toao      20   0  117.6g   8.1g   3.1g S  3053   6.4   8:31.37 nts	1693337853504
1818023 toao      20   0  118.4g   7.6g   3.1g S 735.3   6.1   8:41.75 nts	1693337854206
1818023 toao      20   0  120.1g   8.1g   3.1g S  2788   6.5   8:55.33 nts	1693337854906
1818023 toao      20   0       0      0      0 Z 100.0   0.0   8:59.04 nts	1693337855607
1818023 toao      20   0       0      0      0 Z 100.0   0.0   8:59.73 nts	1693337856316
