| 34%   45C    P0    57W / 250W |      5MiB / 11019MiB |     12%      Default |	1688359745400
| 34%   45C    P3    50W / 250W |      5MiB / 11019MiB |      0%      Default |	1688359745965
| 34%   45C    P3    50W / 250W |      5MiB / 11019MiB |      0%      Default |	1688359746530
| 34%   44C    P5    24W / 250W |      5MiB / 11019MiB |      0%      Default |	1688359747075
| 34%   44C    P5    20W / 250W |      5MiB / 11019MiB |      0%      Default |	1688359747615
| 34%   44C    P5    20W / 250W |      5MiB / 11019MiB |      0%      Default |	1688359748151
| 34%   43C    P8    18W / 250W |      5MiB / 11019MiB |      0%      Default |	1688359748687
| 34%   43C    P8    15W / 250W |      5MiB / 11019MiB |      0%      Default |	1688359749222
| 34%   43C    P8    16W / 250W |      5MiB / 11019MiB |      0%      Default |	1688359749758
| 34%   43C    P8    15W / 250W |      5MiB / 11019MiB |      0%      Default |	1688359750294
| 34%   43C    P8    15W / 250W |      5MiB / 11019MiB |      0%      Default |	1688359750830
| 34%   43C    P8    14W / 250W |      5MiB / 11019MiB |      0%      Default |	1688359751370
| 34%   43C    P8    14W / 250W |      5MiB / 11019MiB |      0%      Default |	1688359751909
| 34%   43C    P8    14W / 250W |      5MiB / 11019MiB |      0%      Default |	1688359752449
| 34%   42C    P8    14W / 250W |      5MiB / 11019MiB |      0%      Default |	1688359752988
| 34%   42C    P8    15W / 250W |      5MiB / 11019MiB |      0%      Default |	1688359753528
| 34%   42C    P8    15W / 250W |      5MiB / 11019MiB |      0%      Default |	1688359754068
| 34%   42C    P8    15W / 250W |      5MiB / 11019MiB |      0%      Default |	1688359754608
| 34%   42C    P8    14W / 250W |      5MiB / 11019MiB |      0%      Default |	1688359755148
| 34%   42C    P8    16W / 250W |      5MiB / 11019MiB |      0%      Default |	1688359755689
| 34%   42C    P8    15W / 250W |      5MiB / 11019MiB |      0%      Default |	1688359756229
| 34%   42C    P8    15W / 250W |      5MiB / 11019MiB |      0%      Default |	1688359756767
| 34%   42C    P8    15W / 250W |      5MiB / 11019MiB |      0%      Default |	1688359757306
| 34%   42C    P8    16W / 250W |      5MiB / 11019MiB |      0%      Default |	1688359757846
| 34%   42C    P8    15W / 250W |      5MiB / 11019MiB |      0%      Default |	1688359758385
| 34%   42C    P8    15W / 250W |      5MiB / 11019MiB |      0%      Default |	1688359758923
| 34%   41C    P8    15W / 250W |      5MiB / 11019MiB |      0%      Default |	1688359759471
| 34%   41C    P8    14W / 250W |      5MiB / 11019MiB |      0%      Default |	1688359760012
| 34%   41C    P8    15W / 250W |      5MiB / 11019MiB |      0%      Default |	1688359760551
| 34%   41C    P8    14W / 250W |      5MiB / 11019MiB |      0%      Default |	1688359761089
| 34%   41C    P8    15W / 250W |      5MiB / 11019MiB |      0%      Default |	1688359761626
| 34%   41C    P8    14W / 250W |      5MiB / 11019MiB |      0%      Default |	1688359762164
| 34%   41C    P8    16W / 250W |      5MiB / 11019MiB |      0%      Default |	1688359762699
| 34%   41C    P8    15W / 250W |      5MiB / 11019MiB |      0%      Default |	1688359763234
| 34%   41C    P8    15W / 250W |      5MiB / 11019MiB |      0%      Default |	1688359763772
| 33%   41C    P8    14W / 250W |      5MiB / 11019MiB |      0%      Default |	1688359764312
| 33%   41C    P8    14W / 250W |      5MiB / 11019MiB |      0%      Default |	1688359764850
| 33%   41C    P8    15W / 250W |      5MiB / 11019MiB |      0%      Default |	1688359765388
| 33%   41C    P8    16W / 250W |      5MiB / 11019MiB |      0%      Default |	1688359765927
| 33%   41C    P8    15W / 250W |      5MiB / 11019MiB |      0%      Default |	1688359766466
| 33%   41C    P8    15W / 250W |      5MiB / 11019MiB |      0%      Default |	1688359767004
| 33%   41C    P8    15W / 250W |      5MiB / 11019MiB |      0%      Default |	1688359767544
| 33%   41C    P8    14W / 250W |      5MiB / 11019MiB |      0%      Default |	1688359768082
| 33%   40C    P8    14W / 250W |      5MiB / 11019MiB |      0%      Default |	1688359768620
| 33%   41C    P8    19W / 250W |      5MiB / 11019MiB |      0%      Default |	1688359769159
| 33%   40C    P8    14W / 250W |      5MiB / 11019MiB |      0%      Default |	1688359769698
| 33%   40C    P8    14W / 250W |      5MiB / 11019MiB |      0%      Default |	1688359770236
| 33%   40C    P8    13W / 250W |      5MiB / 11019MiB |      0%      Default |	1688359770775
| 33%   40C    P8    15W / 250W |      5MiB / 11019MiB |      0%      Default |	1688359771314
| 33%   40C    P8    15W / 250W |      5MiB / 11019MiB |      0%      Default |	1688359771853
| 33%   40C    P8    15W / 250W |      5MiB / 11019MiB |      0%      Default |	1688359772391
| 33%   40C    P8    14W / 250W |      5MiB / 11019MiB |      0%      Default |	1688359772929
| 33%   40C    P8    13W / 250W |      5MiB / 11019MiB |      0%      Default |	1688359773472
| 33%   40C    P8    14W / 250W |      5MiB / 11019MiB |      0%      Default |	1688359774010
| 33%   40C    P8    14W / 250W |      5MiB / 11019MiB |      0%      Default |	1688359774550
| 33%   40C    P8    15W / 250W |      5MiB / 11019MiB |      0%      Default |	1688359775090
| 33%   40C    P8    14W / 250W |      5MiB / 11019MiB |      0%      Default |	1688359775629
| 33%   40C    P8    15W / 250W |      5MiB / 11019MiB |      0%      Default |	1688359776166
| 33%   40C    P8    15W / 250W |      5MiB / 11019MiB |      0%      Default |	1688359776703
| 33%   40C    P8    14W / 250W |      5MiB / 11019MiB |      0%      Default |	1688359777240
| 33%   40C    P8    15W / 250W |      5MiB / 11019MiB |      0%      Default |	1688359777782
| 33%   40C    P8    15W / 250W |      5MiB / 11019MiB |      0%      Default |	1688359778319
| 33%   39C    P8    14W / 250W |      5MiB / 11019MiB |      0%      Default |	1688359778863
| 33%   39C    P8    14W / 250W |      5MiB / 11019MiB |      0%      Default |	1688359779402
| 33%   39C    P8    14W / 250W |      5MiB / 11019MiB |      0%      Default |	1688359779941
| 33%   39C    P8    14W / 250W |      5MiB / 11019MiB |      0%      Default |	1688359780480
| 33%   39C    P8    15W / 250W |      5MiB / 11019MiB |      0%      Default |	1688359781019
| 33%   39C    P8    19W / 250W |      5MiB / 11019MiB |      0%      Default |	1688359781558
| 33%   39C    P8    14W / 250W |      5MiB / 11019MiB |      0%      Default |	1688359782097
| 33%   39C    P8    14W / 250W |      5MiB / 11019MiB |      0%      Default |	1688359782637
| 33%   39C    P8    14W / 250W |      5MiB / 11019MiB |      0%      Default |	1688359783179
| 33%   39C    P8    14W / 250W |      5MiB / 11019MiB |      0%      Default |	1688359783717
| 33%   39C    P8    15W / 250W |      5MiB / 11019MiB |      0%      Default |	1688359784256
| 33%   39C    P8    15W / 250W |      5MiB / 11019MiB |      0%      Default |	1688359784795
| 33%   39C    P8    14W / 250W |      5MiB / 11019MiB |      0%      Default |	1688359785333
| 33%   39C    P8    15W / 250W |      5MiB / 11019MiB |      0%      Default |	1688359785871
| 33%   39C    P8    16W / 250W |      5MiB / 11019MiB |      0%      Default |	1688359786411
| 32%   39C    P8    15W / 250W |      5MiB / 11019MiB |      0%      Default |	1688359786949
| 32%   39C    P8    15W / 250W |      5MiB / 11019MiB |      0%      Default |	1688359787488
| 32%   39C    P8    16W / 250W |      5MiB / 11019MiB |      0%      Default |	1688359788026
| 32%   39C    P8    15W / 250W |      5MiB / 11019MiB |      0%      Default |	1688359788566
| 32%   39C    P8    15W / 250W |      5MiB / 11019MiB |      0%      Default |	1688359789106
| 32%   39C    P8    13W / 250W |      5MiB / 11019MiB |      0%      Default |	1688359789644
| 32%   39C    P8    14W / 250W |      5MiB / 11019MiB |      0%      Default |	1688359790184
| 32%   39C    P8    14W / 250W |      5MiB / 11019MiB |      0%      Default |	1688359790722
| 32%   39C    P8    14W / 250W |      5MiB / 11019MiB |      0%      Default |	1688359791260
| 32%   39C    P8    13W / 250W |      5MiB / 11019MiB |      0%      Default |	1688359791800
| 32%   39C    P8    14W / 250W |      5MiB / 11019MiB |      0%      Default |	1688359792339
| 32%   39C    P8    14W / 250W |      5MiB / 11019MiB |      0%      Default |	1688359792877
| 32%   39C    P8    15W / 250W |      5MiB / 11019MiB |      0%      Default |	1688359793417
| 32%   39C    P8    14W / 250W |      5MiB / 11019MiB |      0%      Default |	1688359793957
| 32%   39C    P8    14W / 250W |      5MiB / 11019MiB |      0%      Default |	1688359794496
| 32%   38C    P8    15W / 250W |      5MiB / 11019MiB |      0%      Default |	1688359795036
| 32%   38C    P8    14W / 250W |      5MiB / 11019MiB |      0%      Default |	1688359795579
| 32%   38C    P8    14W / 250W |      5MiB / 11019MiB |      0%      Default |	1688359796115
| 32%   38C    P8    14W / 250W |      5MiB / 11019MiB |      0%      Default |	1688359796655
| 32%   38C    P8    15W / 250W |      5MiB / 11019MiB |      0%      Default |	1688359797193
| 32%   40C    P2    56W / 250W |    303MiB / 11019MiB |      0%      Default |	1688359797731
| 32%   40C    P2    56W / 250W |    535MiB / 11019MiB |      3%      Default |	1688359798269
| 32%   40C    P2    55W / 250W |    765MiB / 11019MiB |      3%      Default |	1688359798807
| 32%   41C    P2    55W / 250W |    847MiB / 11019MiB |      5%      Default |	1688359799345
| 32%   41C    P2    55W / 250W |    847MiB / 11019MiB |      5%      Default |	1688359799882
| 32%   41C    P2    55W / 250W |    847MiB / 11019MiB |      0%      Default |	1688359800421
| 32%   41C    P2    56W / 250W |    847MiB / 11019MiB |      0%      Default |	1688359800958
| 32%   41C    P2    56W / 250W |    847MiB / 11019MiB |      0%      Default |	1688359801496
| 32%   41C    P2    56W / 250W |    847MiB / 11019MiB |      0%      Default |	1688359802034
| 32%   41C    P2    55W / 250W |    847MiB / 11019MiB |      0%      Default |	1688359802574
| 32%   41C    P2    56W / 250W |    847MiB / 11019MiB |      0%      Default |	1688359803113
| 32%   42C    P2    55W / 250W |    869MiB / 11019MiB |      0%      Default |	1688359803654
| 32%   42C    P2    56W / 250W |    869MiB / 11019MiB |      1%      Default |	1688359804310
| 32%   42C    P2    55W / 250W |    869MiB / 11019MiB |      1%      Default |	1688359804847
| 32%   42C    P2    55W / 250W |    869MiB / 11019MiB |      0%      Default |	1688359805384
| 32%   42C    P2    55W / 250W |    869MiB / 11019MiB |      0%      Default |	1688359805924
| 32%   42C    P2    56W / 250W |    869MiB / 11019MiB |      0%      Default |	1688359806462
| 32%   42C    P2    55W / 250W |    869MiB / 11019MiB |      0%      Default |	1688359807000
| 32%   42C    P2    55W / 250W |    869MiB / 11019MiB |      0%      Default |	1688359807536
| 32%   42C    P2    56W / 250W |    869MiB / 11019MiB |      0%      Default |	1688359808073
| 32%   42C    P2    56W / 250W |    869MiB / 11019MiB |      0%      Default |	1688359808611
| 32%   42C    P2    56W / 250W |    869MiB / 11019MiB |      0%      Default |	1688359809149
| 32%   42C    P2    55W / 250W |    869MiB / 11019MiB |      0%      Default |	1688359809686
| 32%   42C    P2    56W / 250W |    869MiB / 11019MiB |      0%      Default |	1688359810223
| 32%   42C    P2    55W / 250W |    869MiB / 11019MiB |      0%      Default |	1688359810760
| 32%   42C    P2    55W / 250W |    869MiB / 11019MiB |      0%      Default |	1688359811298
| 31%   42C    P2    55W / 250W |    869MiB / 11019MiB |      0%      Default |	1688359811835
| 31%   42C    P2    55W / 250W |    869MiB / 11019MiB |      0%      Default |	1688359812372
| 31%   42C    P2    55W / 250W |    869MiB / 11019MiB |      0%      Default |	1688359812909
| 31%   42C    P2    56W / 250W |    869MiB / 11019MiB |      0%      Default |	1688359813449
| 31%   42C    P2    55W / 250W |    869MiB / 11019MiB |      0%      Default |	1688359813986
| 31%   42C    P2    55W / 250W |    869MiB / 11019MiB |      0%      Default |	1688359814523
| 31%   42C    P2    56W / 250W |    869MiB / 11019MiB |      0%      Default |	1688359815060
| 31%   43C    P2    56W / 250W |    869MiB / 11019MiB |      0%      Default |	1688359815596
| 31%   42C    P8    21W / 250W |    869MiB / 11019MiB |      0%      Default |	1688359816134
| 31%   41C    P8    16W / 250W |    869MiB / 11019MiB |      0%      Default |	1688359816672
| 31%   41C    P8    14W / 250W |    869MiB / 11019MiB |      0%      Default |	1688359817211
| 31%   41C    P8    14W / 250W |    869MiB / 11019MiB |      0%      Default |	1688359817750
| 32%   41C    P8    15W / 250W |    869MiB / 11019MiB |      0%      Default |	1688359818288
| 31%   41C    P8    14W / 250W |    869MiB / 11019MiB |      0%      Default |	1688359818826
| 31%   40C    P8    13W / 250W |    869MiB / 11019MiB |      0%      Default |	1688359819366
| 31%   40C    P8    13W / 250W |    869MiB / 11019MiB |      0%      Default |	1688359819904
| 31%   40C    P8    14W / 250W |    869MiB / 11019MiB |      0%      Default |	1688359820442
| 31%   40C    P8    14W / 250W |    869MiB / 11019MiB |      0%      Default |	1688359820980
| 31%   40C    P8    14W / 250W |    869MiB / 11019MiB |      0%      Default |	1688359821518
| 31%   40C    P8    14W / 250W |    869MiB / 11019MiB |      0%      Default |	1688359822056
| 31%   40C    P8    13W / 250W |    869MiB / 11019MiB |      0%      Default |	1688359822594
| 31%   41C    P2    55W / 250W |    961MiB / 11019MiB |      1%      Default |	1688359823132
| 31%   42C    P2    55W / 250W |    961MiB / 11019MiB |      1%      Default |	1688359823668
| 31%   42C    P2    55W / 250W |    961MiB / 11019MiB |      0%      Default |	1688359824206
| 31%   42C    P2    55W / 250W |    961MiB / 11019MiB |      0%      Default |	1688359824738
| 31%   42C    P2    55W / 250W |    961MiB / 11019MiB |      0%      Default |	1688359825299
| 31%   42C    P2    55W / 250W |    961MiB / 11019MiB |      0%      Default |	1688359825843
| 31%   42C    P2    55W / 250W |    961MiB / 11019MiB |      0%      Default |	1688359826402
| 31%   42C    P2    55W / 250W |    961MiB / 11019MiB |      0%      Default |	1688359826943
| 31%   42C    P2    55W / 250W |    961MiB / 11019MiB |      0%      Default |	1688359827504
| 31%   42C    P2    56W / 250W |    961MiB / 11019MiB |      0%      Default |	1688359828041
| 31%   42C    P2    56W / 250W |    961MiB / 11019MiB |      0%      Default |	1688359828571
| 31%   42C    P2    56W / 250W |    961MiB / 11019MiB |      0%      Default |	1688359829104
| 31%   43C    P2    56W / 250W |    961MiB / 11019MiB |      0%      Default |	1688359829682
| 31%   43C    P2    55W / 250W |    961MiB / 11019MiB |      0%      Default |	1688359830226
| 31%   43C    P2    56W / 250W |    961MiB / 11019MiB |      0%      Default |	1688359830759
| 31%   43C    P2    56W / 250W |    961MiB / 11019MiB |      0%      Default |	1688359831310
| 31%   43C    P2    56W / 250W |    961MiB / 11019MiB |      0%      Default |	1688359831880
| 31%   43C    P2    56W / 250W |    961MiB / 11019MiB |      0%      Default |	1688359832414
| 31%   43C    P2    56W / 250W |    961MiB / 11019MiB |      0%      Default |	1688359832972
| 31%   43C    P2    56W / 250W |    961MiB / 11019MiB |      0%      Default |	1688359833495
| 31%   43C    P2    56W / 250W |    961MiB / 11019MiB |      0%      Default |	1688359834050
| 31%   43C    P2    56W / 250W |    961MiB / 11019MiB |      0%      Default |	1688359834605
| 31%   43C    P2    56W / 250W |    961MiB / 11019MiB |      0%      Default |	1688359835166
| 31%   43C    P2    56W / 250W |    961MiB / 11019MiB |      0%      Default |	1688359835722
| 31%   43C    P2    56W / 250W |    961MiB / 11019MiB |      0%      Default |	1688359836282
| 31%   43C    P2    56W / 250W |    961MiB / 11019MiB |      0%      Default |	1688359836818
| 31%   43C    P2    56W / 250W |    961MiB / 11019MiB |      0%      Default |	1688359837353
| 31%   43C    P2    56W / 250W |    961MiB / 11019MiB |      0%      Default |	1688359837884
| 31%   43C    P2    56W / 250W |    961MiB / 11019MiB |      0%      Default |	1688359838458
| 31%   43C    P2    56W / 250W |    961MiB / 11019MiB |      0%      Default |	1688359838992
| 31%   43C    P2    56W / 250W |    961MiB / 11019MiB |      0%      Default |	1688359839550
| 31%   42C    P8    15W / 250W |    961MiB / 11019MiB |      0%      Default |	1688359840086
| 31%   42C    P8    15W / 250W |    961MiB / 11019MiB |      0%      Default |	1688359840642
| 31%   42C    P8    14W / 250W |    961MiB / 11019MiB |      0%      Default |	1688359841197
| 31%   42C    P8    15W / 250W |    961MiB / 11019MiB |      0%      Default |	1688359841750
| 31%   42C    P8    15W / 250W |    961MiB / 11019MiB |      0%      Default |	1688359842324
| 31%   42C    P8    14W / 250W |    961MiB / 11019MiB |      0%      Default |	1688359842894
| 31%   41C    P8    15W / 250W |    961MiB / 11019MiB |      0%      Default |	1688359843420
| 31%   41C    P8    14W / 250W |    961MiB / 11019MiB |      0%      Default |	1688359843969
| 31%   41C    P8    14W / 250W |    961MiB / 11019MiB |      0%      Default |	1688359844495
| 31%   41C    P8    14W / 250W |    961MiB / 11019MiB |      0%      Default |	1688359845054
| 31%   41C    P8    14W / 250W |    961MiB / 11019MiB |      0%      Default |	1688359845595
| 31%   41C    P8    14W / 250W |    961MiB / 11019MiB |      0%      Default |	1688359846163
| 31%   41C    P8    14W / 250W |    961MiB / 11019MiB |      0%      Default |	1688359846695
| 31%   41C    P8    14W / 250W |    961MiB / 11019MiB |      0%      Default |	1688359847246
| 31%   41C    P8    15W / 250W |    961MiB / 11019MiB |      0%      Default |	1688359847836
| 31%   41C    P8    13W / 250W |    961MiB / 11019MiB |      0%      Default |	1688359848383
| 31%   41C    P8    13W / 250W |    961MiB / 11019MiB |      0%      Default |	1688359848952
| 31%   41C    P8    13W / 250W |    961MiB / 11019MiB |      0%      Default |	1688359849518
| 31%   40C    P8    14W / 250W |    961MiB / 11019MiB |      0%      Default |	1688359850067
| 31%   40C    P8    13W / 250W |    961MiB / 11019MiB |      0%      Default |	1688359850622
| 31%   40C    P8    13W / 250W |    961MiB / 11019MiB |      0%      Default |	1688359851203
| 31%   40C    P8    13W / 250W |    961MiB / 11019MiB |      0%      Default |	1688359851766
| 31%   40C    P8    13W / 250W |    961MiB / 11019MiB |      0%      Default |	1688359852313
| 31%   40C    P8    13W / 250W |    961MiB / 11019MiB |      0%      Default |	1688359852870
| 31%   40C    P8    14W / 250W |    961MiB / 11019MiB |      0%      Default |	1688359853395
| 31%   40C    P8    14W / 250W |    961MiB / 11019MiB |      0%      Default |	1688359853934
| 31%   40C    P8    14W / 250W |    961MiB / 11019MiB |      0%      Default |	1688359854472
| 31%   40C    P8    14W / 250W |    961MiB / 11019MiB |      0%      Default |	1688359855042
| 31%   40C    P8    14W / 250W |    961MiB / 11019MiB |      0%      Default |	1688359855565
| 31%   40C    P8    14W / 250W |    961MiB / 11019MiB |      0%      Default |	1688359856118
| 31%   40C    P8    14W / 250W |    961MiB / 11019MiB |      0%      Default |	1688359856649
| 31%   40C    P8    14W / 250W |    961MiB / 11019MiB |      0%      Default |	1688359857210
| 31%   40C    P8    13W / 250W |    961MiB / 11019MiB |      0%      Default |	1688359857781
| 31%   40C    P8    14W / 250W |    961MiB / 11019MiB |      0%      Default |	1688359858342
| 30%   40C    P8    14W / 250W |    961MiB / 11019MiB |      0%      Default |	1688359858916
| 30%   40C    P8    14W / 250W |    961MiB / 11019MiB |      0%      Default |	1688359859490
| 30%   40C    P8    14W / 250W |    961MiB / 11019MiB |      0%      Default |	1688359860040
| 30%   39C    P8    14W / 250W |    961MiB / 11019MiB |      0%      Default |	1688359860600
| 30%   39C    P8    14W / 250W |    961MiB / 11019MiB |      0%      Default |	1688359861135
| 30%   39C    P8    13W / 250W |    961MiB / 11019MiB |      0%      Default |	1688359861694
| 30%   39C    P8    14W / 250W |    961MiB / 11019MiB |      0%      Default |	1688359862252
| 30%   39C    P8    14W / 250W |    961MiB / 11019MiB |      0%      Default |	1688359862810
| 30%   39C    P8    13W / 250W |    961MiB / 11019MiB |      0%      Default |	1688359863356
| 30%   39C    P8    14W / 250W |    961MiB / 11019MiB |      0%      Default |	1688359863922
| 30%   39C    P8    13W / 250W |    961MiB / 11019MiB |      0%      Default |	1688359864465
| 30%   39C    P8    13W / 250W |    961MiB / 11019MiB |      0%      Default |	1688359865026
| 30%   39C    P8    14W / 250W |    961MiB / 11019MiB |      0%      Default |	1688359865558
| 30%   39C    P8    13W / 250W |    961MiB / 11019MiB |      0%      Default |	1688359866097
| 30%   39C    P8    13W / 250W |    961MiB / 11019MiB |      0%      Default |	1688359866628
| 30%   39C    P8    14W / 250W |    961MiB / 11019MiB |      0%      Default |	1688359867190
| 30%   39C    P8    14W / 250W |    961MiB / 11019MiB |      0%      Default |	1688359867732
| 30%   39C    P8    15W / 250W |    961MiB / 11019MiB |      0%      Default |	1688359868302
| 30%   39C    P8    13W / 250W |    961MiB / 11019MiB |      0%      Default |	1688359868838
| 30%   39C    P8    14W / 250W |    961MiB / 11019MiB |      0%      Default |	1688359869402
| 30%   39C    P8    14W / 250W |    961MiB / 11019MiB |      0%      Default |	1688359869944
| 30%   40C    P2    55W / 250W |   2953MiB / 11019MiB |      0%      Default |	1688359870479
| 30%   41C    P2    55W / 250W |   5337MiB / 11019MiB |      0%      Default |	1688359871018
| 30%   43C    P2    84W / 250W |   7151MiB / 11019MiB |      4%      Default |	1688359871552
| 30%   44C    P2   130W / 250W |   7657MiB / 11019MiB |      4%      Default |	1688359872101
| 30%   45C    P2   145W / 250W |   7819MiB / 11019MiB |     74%      Default |	1688359872640
| 30%   45C    P2   129W / 250W |   8331MiB / 11019MiB |     96%      Default |	1688359873190
| 30%   45C    P2   144W / 250W |   8331MiB / 11019MiB |     96%      Default |	1688359873731
| 30%   46C    P2   138W / 250W |   8331MiB / 11019MiB |     95%      Default |	1688359874275
| 30%   46C    P2   139W / 250W |   8331MiB / 11019MiB |     95%      Default |	1688359874819
| 30%   47C    P2   145W / 250W |   8331MiB / 11019MiB |     96%      Default |	1688359875351
| 30%   47C    P2   135W / 250W |   8331MiB / 11019MiB |     96%      Default |	1688359875890
| 30%   46C    P2   140W / 250W |   8431MiB / 11019MiB |     97%      Default |	1688359876435
| 30%   47C    P2   145W / 250W |   8431MiB / 11019MiB |     97%      Default |	1688359876967
| 31%   47C    P2   136W / 250W |   8431MiB / 11019MiB |     94%      Default |	1688359877502
| 31%   48C    P2   145W / 250W |   8431MiB / 11019MiB |     94%      Default |	1688359878038
| 32%   48C    P2   142W / 250W |   8559MiB / 11019MiB |     95%      Default |	1688359878582
| 32%   48C    P2   136W / 250W |   8559MiB / 11019MiB |     95%      Default |	1688359879130
| 32%   48C    P2   144W / 250W |   8559MiB / 11019MiB |     96%      Default |	1688359879663
| 33%   48C    P2   140W / 250W |   8559MiB / 11019MiB |     96%      Default |	1688359880208
| 33%   49C    P2   142W / 250W |   8559MiB / 11019MiB |     96%      Default |	1688359880747
| 34%   49C    P2   149W / 250W |   8559MiB / 11019MiB |     97%      Default |	1688359881281
| 34%   49C    P2   146W / 250W |   8559MiB / 11019MiB |     97%      Default |	1688359881820
| 34%   49C    P2   149W / 250W |   8559MiB / 11019MiB |     96%      Default |	1688359882356
| 35%   50C    P2   145W / 250W |   8559MiB / 11019MiB |     96%      Default |	1688359882896
| 35%   50C    P2   136W / 250W |   8559MiB / 11019MiB |     95%      Default |	1688359883449
| 35%   50C    P2   143W / 250W |   8559MiB / 11019MiB |     95%      Default |	1688359883981
| 36%   50C    P2   140W / 250W |   8559MiB / 11019MiB |     95%      Default |	1688359884518
| 36%   50C    P2   150W / 250W |   8559MiB / 11019MiB |     95%      Default |	1688359885062
| 36%   51C    P2   147W / 250W |   8559MiB / 11019MiB |     97%      Default |	1688359885595
| 37%   51C    P2   145W / 250W |   8559MiB / 11019MiB |     97%      Default |	1688359886135
| 37%   51C    P2   145W / 250W |   8559MiB / 11019MiB |     96%      Default |	1688359886671
| 37%   51C    P2   137W / 250W |   8559MiB / 11019MiB |     93%      Default |	1688359887227
| 38%   51C    P2   137W / 250W |   8559MiB / 11019MiB |     93%      Default |	1688359887767
| 38%   52C    P2   138W / 250W |   8689MiB / 11019MiB |     96%      Default |	1688359888323
| 38%   52C    P2   141W / 250W |   8689MiB / 11019MiB |     96%      Default |	1688359888865
| 38%   52C    P2   144W / 250W |   8689MiB / 11019MiB |     96%      Default |	1688359889400
| 39%   52C    P2   146W / 250W |   8689MiB / 11019MiB |     96%      Default |	1688359889942
| 39%   52C    P2   146W / 250W |   8689MiB / 11019MiB |     97%      Default |	1688359890481
| 39%   52C    P2   143W / 250W |   8689MiB / 11019MiB |     97%      Default |	1688359891016
| 39%   52C    P2   144W / 250W |   8689MiB / 11019MiB |     96%      Default |	1688359891556
| 40%   53C    P2   144W / 250W |   8689MiB / 11019MiB |     96%      Default |	1688359892092
| 40%   53C    P2   142W / 250W |   8689MiB / 11019MiB |     94%      Default |	1688359892635
| 40%   53C    P2   144W / 250W |   8689MiB / 11019MiB |     94%      Default |	1688359893165
| 41%   53C    P2   148W / 250W |   8689MiB / 11019MiB |     96%      Default |	1688359893705
| 41%   53C    P2   137W / 250W |   8689MiB / 11019MiB |     96%      Default |	1688359894241
| 41%   53C    P2   144W / 250W |   8689MiB / 11019MiB |     96%      Default |	1688359894781
| 41%   53C    P2   145W / 250W |   8689MiB / 11019MiB |     96%      Default |	1688359895316
| 42%   54C    P2   145W / 250W |   8689MiB / 11019MiB |     96%      Default |	1688359895856
| 42%   54C    P2   144W / 250W |   8689MiB / 11019MiB |     96%      Default |	1688359896395
| 42%   54C    P2   148W / 250W |   8689MiB / 11019MiB |     96%      Default |	1688359896949
| 42%   54C    P2   149W / 250W |   8689MiB / 11019MiB |     94%      Default |	1688359897491
| 43%   54C    P2   147W / 250W |   8689MiB / 11019MiB |     94%      Default |	1688359898033
| 43%   54C    P2   138W / 250W |   8689MiB / 11019MiB |     96%      Default |	1688359898569
| 43%   55C    P2   143W / 250W |   8689MiB / 11019MiB |     96%      Default |	1688359899112
| 43%   55C    P2   147W / 250W |   8689MiB / 11019MiB |     94%      Default |	1688359899666
| 44%   55C    P2   149W / 250W |   8689MiB / 11019MiB |     94%      Default |	1688359900212
| 44%   55C    P2   148W / 250W |   8689MiB / 11019MiB |     97%      Default |	1688359900747
| 44%   55C    P2   152W / 250W |   8689MiB / 11019MiB |     97%      Default |	1688359901291
| 44%   55C    P2   155W / 250W |   8689MiB / 11019MiB |     97%      Default |	1688359901834
| 45%   55C    P2   143W / 250W |   8689MiB / 11019MiB |     95%      Default |	1688359902372
| 45%   55C    P2   153W / 250W |   8689MiB / 11019MiB |     95%      Default |	1688359902906
| 45%   56C    P2   150W / 250W |   8817MiB / 11019MiB |     97%      Default |	1688359903451
| 45%   56C    P2   146W / 250W |   8817MiB / 11019MiB |     97%      Default |	1688359903987
| 46%   56C    P2   145W / 250W |   8817MiB / 11019MiB |     95%      Default |	1688359904520
| 46%   56C    P2   144W / 250W |   8817MiB / 11019MiB |     95%      Default |	1688359905067
| 46%   56C    P2   150W / 250W |   8817MiB / 11019MiB |     95%      Default |	1688359905606
| 46%   57C    P2   151W / 250W |   8817MiB / 11019MiB |     95%      Default |	1688359906145
| 46%   56C    P2   139W / 250W |   8817MiB / 11019MiB |     96%      Default |	1688359906687
| 47%   56C    P2   152W / 250W |   8817MiB / 11019MiB |     96%      Default |	1688359907224
| 47%   57C    P2   150W / 250W |   8817MiB / 11019MiB |     94%      Default |	1688359907768
| 47%   57C    P2   153W / 250W |   8817MiB / 11019MiB |     97%      Default |	1688359908314
| 47%   57C    P2   155W / 250W |   8817MiB / 11019MiB |     97%      Default |	1688359908853
| 47%   57C    P2   153W / 250W |   8817MiB / 11019MiB |     95%      Default |	1688359909392
| 48%   57C    P2   153W / 250W |   8817MiB / 11019MiB |     95%      Default |	1688359909927
| 48%   57C    P2   152W / 250W |   8817MiB / 11019MiB |     97%      Default |	1688359910465
| 48%   57C    P2   153W / 250W |   8817MiB / 11019MiB |     97%      Default |	1688359911001
| 48%   57C    P2   152W / 250W |   8817MiB / 11019MiB |     96%      Default |	1688359911546
| 49%   57C    P2   150W / 250W |   8817MiB / 11019MiB |     96%      Default |	1688359912095
| 49%   58C    P2   151W / 250W |   8817MiB / 11019MiB |     93%      Default |	1688359912631
| 49%   58C    P2   150W / 250W |   8817MiB / 11019MiB |     93%      Default |	1688359913175
| 49%   58C    P2   150W / 250W |   8945MiB / 11019MiB |     96%      Default |	1688359913715
| 49%   58C    P2   145W / 250W |   8945MiB / 11019MiB |     96%      Default |	1688359914253
| 49%   58C    P2   154W / 250W |   8945MiB / 11019MiB |     96%      Default |	1688359914788
| 50%   58C    P2   155W / 250W |   8945MiB / 11019MiB |     95%      Default |	1688359915335
| 50%   58C    P2   141W / 250W |   8945MiB / 11019MiB |     95%      Default |	1688359915872
| 50%   58C    P2   157W / 250W |   8945MiB / 11019MiB |     96%      Default |	1688359916415
| 50%   58C    P2   145W / 250W |   8945MiB / 11019MiB |     96%      Default |	1688359916951
| 50%   58C    P2   147W / 250W |   8945MiB / 11019MiB |     92%      Default |	1688359917489
| 50%   59C    P2   150W / 250W |   8945MiB / 11019MiB |     92%      Default |	1688359918030
| 51%   59C    P2   150W / 250W |   8945MiB / 11019MiB |     96%      Default |	1688359918573
| 51%   58C    P2   148W / 250W |   8945MiB / 11019MiB |     96%      Default |	1688359919121
| 51%   59C    P2   153W / 250W |   8945MiB / 11019MiB |     95%      Default |	1688359919658
| 51%   59C    P2   147W / 250W |   8945MiB / 11019MiB |     95%      Default |	1688359920212
| 51%   59C    P2   156W / 250W |   8945MiB / 11019MiB |     96%      Default |	1688359920753
| 51%   59C    P2   153W / 250W |   8945MiB / 11019MiB |     96%      Default |	1688359921303
| 51%   59C    P2   155W / 250W |   8945MiB / 11019MiB |     95%      Default |	1688359921834
| 51%   57C    P2    81W / 250W |   8945MiB / 11019MiB |     48%      Default |	1688359922370
| 51%   57C    P2    81W / 250W |   8945MiB / 11019MiB |     48%      Default |	1688359922908
| 52%   57C    P2    81W / 250W |   8914MiB / 11019MiB |      1%      Default |	1688359923443
| 51%   57C    P0    81W / 250W |      5MiB / 11019MiB |     23%      Default |	1688359923987
