3665125 toao      20   0 2569764 102140  68500 R 100.0   0.1   0:00.17 nts	1688350290265
3665125 toao      20   0 5311784 229180 114556 R  2862   0.1   0:11.98 nts	1688350290957
3665125 toao      20   0 5311784 229180 114556 S  3125   0.1   0:33.71 nts	1688350291661
3665125 toao      20   0 5495888 365720 114748 R 200.0   0.2   0:40.04 nts	1688350292342
3665125 toao      20   0 5495888 382352 114748 R 206.2   0.2   0:41.40 nts	1688350293022
3665125 toao      20   0 5495888 382352 114748 R 206.2   0.2   0:42.76 nts	1688350293709
3665125 toao      20   0 5495888 382352 114748 R 212.5   0.2   0:44.12 nts	1688350294393
3665125 toao      20   0 5495888 382352 114748 R 212.5   0.2   0:45.48 nts	1688350295080
3665125 toao      20   0 5495888 382352 114748 R 206.2   0.2   0:46.84 nts	1688350295767
3665125 toao      20   0 5495888 382352 114748 R 200.0   0.2   0:48.20 nts	1688350296456
3665125 toao      20   0 5495888 382352 114748 R 194.1   0.2   0:49.57 nts	1688350297144
3665125 toao      20   0 5495888 382352 114748 R 200.0   0.2   0:50.94 nts	1688350297835
3665125 toao      20   0 5495888 382352 114748 R 200.0   0.2   0:52.30 nts	1688350298528
3665125 toao      20   0 5495888 382880 114748 R 206.2   0.2   0:53.66 nts	1688350299215
3665125 toao      20   0 5495888 385256 114748 S 193.8   0.2   0:55.01 nts	1688350299902
3665125 toao      20   0 5495888 388160 114748 R 193.8   0.2   0:56.35 nts	1688350300585
3665125 toao      20   0 5495888 390536 114748 R 206.2   0.2   0:57.71 nts	1688350301264
3665125 toao      20   0 7220088 535476 114808 R 158.8   0.3   0:58.96 nts	1688350301951
3665125 toao      20   0 7220088   1.1g 114808 R 600.0   0.6   1:04.66 nts	1688350302653
3665125 toao      20   0 7220088   1.1g 114808 R 850.0   0.6   1:10.18 nts	1688350303337
3665125 toao      20   0 7220088   1.1g 114808 R 931.2   0.6   1:16.13 nts	1688350304022
3665125 toao      20   0 7220088   1.1g 114808 R 906.2   0.6   1:22.93 nts	1688350304704
3665125 toao      20   0 7220088   1.2g 114808 R 800.0   0.6   1:28.89 nts	1688350305383
3665125 toao      20   0 7220088   1.3g 114808 R  1031   0.7   1:35.00 nts	1688350306068
3665125 toao      20   0 7220088   1.3g 114808 R 968.8   0.7   1:41.12 nts	1688350306751
3665125 toao      20   0 8413068   1.3g 114852 R 212.5   0.7   1:44.02 nts	1688350307439
3665125 toao      20   0 8413068   1.3g 114852 R 206.2   0.7   1:45.37 nts	1688350308123
3665125 toao      20   0 8413068   1.4g 114852 R 212.5   0.7   1:46.73 nts	1688350308808
3665125 toao      20   0 8413068   1.4g 114852 R 188.2   0.7   1:48.08 nts	1688350309495
3665125 toao      20   0 8413068   1.4g 114852 R 200.0   0.7   1:49.43 nts	1688350310178
3665125 toao      20   0 8413068   1.4g 114852 R 200.0   0.7   1:50.78 nts	1688350310863
3665125 toao      20   0 8413068   1.4g 114852 R 194.1   0.7   1:52.16 nts	1688350311551
3665125 toao      20   0 8413068   1.4g 114852 R 200.0   0.7   1:53.52 nts	1688350312245
3665125 toao      20   0 8413068   1.4g 114852 R 200.0   0.7   1:54.87 nts	1688350312931
3665125 toao      20   0 8413068   1.4g 114852 R 188.2   0.7   1:56.22 nts	1688350313614
3665125 toao      20   0 8413068   1.4g 114852 R 200.0   0.7   1:57.58 nts	1688350314301
3665125 toao      20   0 8413068   1.4g 114852 R 200.0   0.7   1:58.95 nts	1688350314988
3665125 toao      20   0 8413068   1.4g 114852 R 200.0   0.7   2:00.30 nts	1688350315676
3665125 toao      20   0 9871.1m   1.5g 114852 R 264.7   0.8   2:01.71 nts	1688350316363
3665125 toao      20   0 9871.1m   1.6g 114852 R  1462   0.8   2:07.31 nts	1688350317046
3665125 toao      20   0 9871.1m   1.7g 114852 R  1547   0.9   2:17.95 nts	1688350317728
3665125 toao      20   0 9871.1m   1.7g 114852 R 794.1   0.9   2:25.31 nts	1688350318404
3665125 toao      20   0 9871.1m   1.8g 114852 R 588.2   1.0   2:29.65 nts	1688350319085
3665125 toao      20   0 9871.1m   2.0g 114852 R 581.2   1.0   2:33.55 nts	1688350319769
3665125 toao      20   0 9871.1m   2.1g 114852 R 593.8   1.1   2:37.55 nts	1688350320452
3665125 toao      20   0 9871.1m   2.2g 114852 R 575.0   1.2   2:41.61 nts	1688350321136
3665125 toao      20   0 9871.1m   2.3g 114852 R 631.2   1.2   2:45.61 nts	1688350321819
3665125 toao      20   0   10.8g   2.4g 114852 R 106.2   1.3   2:47.50 nts	1688350322503
3665125 toao      20   0   10.8g   2.4g 114852 R 100.0   1.3   2:48.18 nts	1688350323188
3665125 toao      20   0   10.8g   2.4g 114852 R 100.0   1.3   2:48.87 nts	1688350323878
3665125 toao      20   0   10.8g   2.4g 114852 R 100.0   1.3   2:49.56 nts	1688350324563
3665125 toao      20   0   10.8g   2.4g 114852 R 100.0   1.3   2:50.24 nts	1688350325252
3665125 toao      20   0   10.8g   2.4g 114852 R 106.2   1.3   2:50.94 nts	1688350325939
3665125 toao      20   0   10.8g   2.4g 114852 R 100.0   1.3   2:51.62 nts	1688350326629
3665125 toao      20   0   10.8g   2.4g 114852 R 100.0   1.3   2:52.30 nts	1688350327317
3665125 toao      20   0   10.8g   2.4g 114852 R  94.1   1.3   2:53.00 nts	1688350328005
3665125 toao      20   0   10.8g   2.4g 114852 R 100.0   1.3   2:53.69 nts	1688350328697
3665125 toao      20   0   11.8g   2.5g 114852 R 106.2   1.3   2:54.38 nts	1688350329386
3665125 toao      20   0   11.8g   3.0g 114852 R 106.2   1.6   2:55.07 nts	1688350330075
3665125 toao      20   0   11.8g   3.1g 114852 R 100.0   1.6   2:55.75 nts	1688350330763
3665125 toao      20   0   11.8g   3.1g 114852 R 106.2   1.7   2:56.44 nts	1688350331451
3665125 toao      20   0   11.8g   3.1g 114852 R  94.1   1.7   2:57.13 nts	1688350332142
3665125 toao      20   0   11.8g   3.1g 114852 R 106.2   1.7   2:57.82 nts	1688350332831
3665125 toao      20   0   11.8g   3.1g 114852 R 106.2   1.7   2:58.52 nts	1688350333520
3665125 toao      20   0   11.8g   3.1g 114852 R 106.2   1.7   2:59.20 nts	1688350334212
3665125 toao      20   0   11.8g   3.1g 114852 R  93.8   1.7   2:59.88 nts	1688350334900
3665125 toao      20   0   11.8g   3.1g 114852 R 106.2   1.7   3:00.58 nts	1688350335586
3665125 toao      20   0   11.8g   3.1g 114852 R 100.0   1.7   3:01.27 nts	1688350336277
3665125 toao      20   0   11.8g   3.1g 114852 R 106.2   1.7   3:01.96 nts	1688350336967
3665125 toao      20   0   11.8g   3.1g 114852 R  93.8   1.7   3:02.64 nts	1688350337656
3665125 toao      20   0   11.8g   3.1g 114852 R 100.0   1.7   3:03.32 nts	1688350338339
3665125 toao      20   0   11.8g   3.1g 114852 R  94.1   1.7   3:04.00 nts	1688350339023
3665125 toao      20   0   11.8g   3.2g 114852 R 100.0   1.7   3:04.69 nts	1688350339707
3665125 toao      20   0   11.8g   3.2g 114852 R  94.1   1.7   3:05.37 nts	1688350340391
3665125 toao      20   0   11.8g   3.2g 114852 R 100.0   1.7   3:06.06 nts	1688350341080
3665125 toao      20   0   11.8g   3.2g 114852 R 106.2   1.7   3:06.76 nts	1688350341769
3665125 toao      20   0   11.8g   3.3g 114852 R 106.2   1.7   3:07.44 nts	1688350342456
3665125 toao      20   0   11.8g   3.3g 114852 R 100.0   1.8   3:08.12 nts	1688350343143
3665125 toao      20   0   11.8g   3.3g 114852 R 106.2   1.8   3:08.82 nts	1688350343831
3665125 toao      20   0   16.9g   3.7g 240576 R 106.2   2.0   3:10.19 nts	1688350344518
3665125 toao      20   0   17.8g   4.5g 363660 R 106.2   2.4   3:10.88 nts	1688350345207
3665125 toao      20   0   19.6g   5.4g 508208 R 106.2   2.9   3:11.57 nts	1688350345896
3665125 toao      20   0   19.6g   6.1g 508208 R 100.0   3.3   3:12.26 nts	1688350346584
3665125 toao      20   0   19.6g   6.1g 508208 R 100.0   3.3   3:12.94 nts	1688350347272
3665125 toao      20   0   30.8g   6.2g 589516 R 106.2   3.3   3:13.63 nts	1688350347957
3665125 toao      20   0   30.8g   9.1g   3.5g R 100.0   4.9   3:14.32 nts	1688350348648
3665125 toao      20   0   30.8g  12.0g   6.3g R 100.0   6.4   3:15.01 nts	1688350349336
3665125 toao      20   0   30.8g  15.0g   9.3g R 100.0   8.0   3:15.70 nts	1688350350025
3665125 toao      20   0   30.8g  17.3g  11.6g R 100.0   9.2   3:16.38 nts	1688350350713
3665125 toao      20   0   30.8g  17.3g  11.6g R 100.0   9.2   3:17.06 nts	1688350351401
3665125 toao      20   0   30.8g  17.3g  11.6g R 106.2   9.2   3:17.75 nts	1688350352089
3665125 toao      20   0   30.8g  17.3g  11.6g R 106.2   9.2   3:18.44 nts	1688350352778
3665125 toao      20   0   30.8g  17.3g  11.6g R 106.2   9.2   3:19.13 nts	1688350353467
3665125 toao      20   0   30.8g  17.3g  11.6g R 106.2   9.2   3:19.82 nts	1688350354155
3665125 toao      20   0   30.8g  17.3g  11.6g R  94.1   9.2   3:20.50 nts	1688350354844
3665125 toao      20   0   30.8g  17.3g  11.6g R 100.0   9.2   3:21.19 nts	1688350355532
3665125 toao      20   0   30.8g  17.3g  11.6g R 100.0   9.2   3:21.88 nts	1688350356220
3665125 toao      20   0   30.8g  17.3g  11.6g R 106.2   9.2   3:22.57 nts	1688350356907
3665125 toao      20   0   30.8g  17.3g  11.6g R 106.2   9.2   3:23.26 nts	1688350357597
3665125 toao      20   0   30.8g  17.3g  11.6g R 100.0   9.2   3:23.94 nts	1688350358287
3665125 toao      20   0   30.8g  17.3g  11.6g R 100.0   9.2   3:24.63 nts	1688350358969
3665125 toao      20   0   30.8g  17.3g  11.6g R 106.2   9.2   3:25.32 nts	1688350359652
3665125 toao      20   0   30.8g  17.3g  11.6g R 100.0   9.2   3:26.00 nts	1688350360338
3665125 toao      20   0   30.8g  17.3g  11.6g R 100.0   9.2   3:26.69 nts	1688350361027
3665125 toao      20   0   30.8g  17.3g  11.6g R 106.2   9.2   3:27.38 nts	1688350361713
3665125 toao      20   0   30.8g  17.3g  11.6g R  94.1   9.2   3:28.07 nts	1688350362401
3665125 toao      20   0   30.8g  17.3g  11.6g R 100.0   9.2   3:28.75 nts	1688350363092
3665125 toao      20   0   30.8g  17.3g  11.6g R 100.0   9.2   3:29.44 nts	1688350363777
3665125 toao      20   0   30.8g  17.3g  11.6g R  94.1   9.2   3:30.13 nts	1688350364465
3665125 toao      20   0   30.8g  17.3g  11.6g R 106.2   9.2   3:30.82 nts	1688350365152
3665125 toao      20   0   30.8g  17.3g  11.6g R 106.2   9.2   3:31.51 nts	1688350365840
3665125 toao      20   0   30.8g  17.3g  11.6g R 106.2   9.3   3:32.20 nts	1688350366528
3665125 toao      20   0   30.8g  17.3g  11.6g R 106.2   9.3   3:32.89 nts	1688350367219
3665125 toao      20   0   30.8g  17.3g  11.6g R 100.0   9.3   3:33.57 nts	1688350367907
3665125 toao      20   0   30.8g  17.3g  11.6g R 100.0   9.3   3:34.26 nts	1688350368596
3665125 toao      20   0   30.8g  17.3g  11.6g R  94.1   9.3   3:34.95 nts	1688350369284
3665125 toao      20   0   30.8g  17.3g  11.6g R 106.2   9.3   3:35.64 nts	1688350369972
3665125 toao      20   0   30.7g  17.4g  11.6g R 106.2   9.3   3:36.49 nts	1688350370660
3665125 toao      20   0   30.8g  17.5g  11.6g R 358.8   9.3   3:37.62 nts	1688350371345
3665125 toao      20   0   31.8g  17.5g  11.6g S 106.2   9.3   3:44.32 nts	1688350372028
3665125 toao      20   0   31.9g  17.5g  11.6g R 200.0   9.3   3:45.18 nts	1688350372715
3665125 toao      20   0   31.9g  17.5g  11.6g S 446.7   9.3   3:53.49 nts	1688350373398
3665125 toao      20   0   31.9g  17.5g  11.6g S 100.0   9.3   3:54.29 nts	1688350374078
3665125 toao      20   0   31.9g  17.5g  11.6g S 106.2   9.3   3:54.98 nts	1688350374766
3665125 toao      20   0   31.9g  17.5g  11.6g S 100.0   9.3   3:55.66 nts	1688350375450
3665125 toao      20   0   31.9g  17.6g  11.6g R  2994   9.4   4:03.32 nts	1688350376178
3665125 toao      20   0   31.9g  17.5g  11.6g S 468.8   9.3   4:10.65 nts	1688350376846
3665125 toao      20   0   31.9g  17.5g  11.6g S 106.2   9.3   4:11.43 nts	1688350377529
3665125 toao      20   0   31.9g  17.5g  11.6g S 100.0   9.3   4:12.12 nts	1688350378213
3665125 toao      20   0   31.9g  17.5g  11.6g R  2411   9.3   4:20.28 nts	1688350378914
3665125 toao      20   0   31.9g  17.5g  11.6g S 100.0   9.3   4:21.68 nts	1688350379605
3665125 toao      20   0   31.9g  17.5g  11.6g S 100.0   9.3   4:22.37 nts	1688350380289
3665125 toao      20   0   31.9g  17.5g  11.6g R 393.8   9.3   4:31.13 nts	1688350380970
3665125 toao      20   0   31.9g  17.5g  11.6g S 106.2   9.3   4:31.83 nts	1688350381652
3665125 toao      20   0   31.9g  17.6g  11.6g R  1669   9.4   4:35.21 nts	1688350382336
3665125 toao      20   0   31.9g  17.5g  11.6g R 412.5   9.3   4:46.47 nts	1688350383044
3665125 toao      20   0   31.9g  17.5g  11.6g S 181.2   9.3   4:49.02 nts	1688350383726
3665125 toao      20   0   31.9g  17.5g  11.6g S 100.0   9.3   4:49.70 nts	1688350384410
3665125 toao      20   0   31.9g  17.5g  11.6g S 106.2   9.3   4:50.39 nts	1688350385093
3665125 toao      20   0   31.9g  17.6g  11.6g R 370.6   9.4   4:59.06 nts	1688350385798
3665125 toao      20   0   31.9g  17.5g  11.6g R 822.2   9.4   5:10.29 nts	1688350386506
3665125 toao      20   0   31.9g  17.5g  11.6g S 106.2   9.3   5:16.58 nts	1688350387192
3665125 toao      20   0   31.9g  17.5g  11.6g S 100.0   9.3   5:17.27 nts	1688350387878
3665125 toao      20   0   31.9g  17.6g  11.6g R 206.2   9.4   5:18.12 nts	1688350388562
3665125 toao      20   0   31.9g  17.5g  11.6g R  2656   9.3   5:31.12 nts	1688350389267
3665125 toao      20   0   31.9g  17.5g  11.6g S 118.8   9.3   5:33.64 nts	1688350389952
3665125 toao      20   0   31.9g  17.5g  11.6g S 106.2   9.3   5:34.33 nts	1688350390634
3665125 toao      20   0   31.9g  17.5g  11.6g S 100.0   9.3   5:35.01 nts	1688350391323
3665125 toao      20   0   31.9g  17.6g  11.6g R 831.2   9.4   5:37.05 nts	1688350392006
3665125 toao      20   0   31.9g  17.5g  11.6g R 584.2   9.4   5:49.84 nts	1688350392742
3665125 toao      20   0   31.9g  17.6g  11.6g R 718.8   9.4   5:57.02 nts	1688350393437
3665125 toao      20   0   31.9g  17.5g  11.6g S 368.8   9.3   6:03.91 nts	1688350394150
3665125 toao      20   0   31.9g  17.5g  11.6g S 106.2   9.3   6:04.98 nts	1688350394837
3665125 toao      20   0   31.9g  17.5g  11.6g S 100.0   9.3   6:05.66 nts	1688350395526
3665125 toao      20   0   31.9g  17.5g  11.6g S 106.2   9.3   6:06.35 nts	1688350396209
3665125 toao      20   0   31.9g  17.5g  11.6g R 506.2   9.3   6:15.32 nts	1688350396891
3665125 toao      20   0   31.9g  17.5g  11.6g S  94.1   9.3   6:16.09 nts	1688350397574
3665125 toao      20   0   31.9g  17.5g  11.6g S 100.0   9.3   6:16.77 nts	1688350398257
3665125 toao      20   0   31.9g  17.5g  11.6g R 637.5   9.3   6:25.74 nts	1688350398944
3665125 toao      20   0   31.9g  17.5g  11.6g S 100.0   9.3   6:26.69 nts	1688350399625
3665125 toao      20   0   31.9g  17.5g  11.6g S 100.0   9.3   6:27.38 nts	1688350400310
3665125 toao      20   0   31.9g  17.6g  11.6g R 200.0   9.4   6:28.24 nts	1688350400994
3665125 toao      20   0   31.9g  17.6g  11.6g R  2412   9.4   6:40.41 nts	1688350401679
3665125 toao      20   0   31.9g  17.5g  11.6g S 100.0   9.3   6:47.90 nts	1688350402393
3665125 toao      20   0   31.9g  17.5g  11.6g S 535.3   9.3   6:51.02 nts	1688350403081
3665125 toao      20   0   31.9g  17.5g  11.6g S 168.8   9.3   6:53.30 nts	1688350403765
3665125 toao      20   0   31.9g  17.5g  11.6g S 100.0   9.3   6:53.99 nts	1688350404446
3665125 toao      20   0   31.9g  17.5g  11.6g S  94.1   9.3   6:54.68 nts	1688350405134
3665125 toao      20   0   31.9g  17.6g  11.6g R  2717   9.4   7:01.71 nts	1688350405850
3665125 toao      20   0   31.9g  17.6g  11.6g R 237.5   9.4   7:10.13 nts	1688350406568
3665125 toao      20   0   31.9g  17.5g  11.6g S 113.3   9.3   7:16.50 nts	1688350407250
3665125 toao      20   0   31.9g  17.5g  11.6g S 106.2   9.3   7:17.19 nts	1688350407929
3665125 toao      20   0   31.9g  17.5g  11.6g S  94.1   9.3   7:17.87 nts	1688350408615
3665125 toao      20   0   31.9g  17.5g  11.6g S 915.8   9.3   7:26.05 nts	1688350409322
3665125 toao      20   0   31.9g  17.5g  11.6g S 512.5   9.3   7:29.34 nts	1688350410020
3665125 toao      20   0   31.9g  17.5g  11.6g S 100.0   9.3   7:31.03 nts	1688350410710
3665125 toao      20   0   31.9g  17.5g  11.6g S 106.2   9.3   7:31.73 nts	1688350411397
3665125 toao      20   0   31.9g  17.5g  11.6g S 106.2   9.3   7:32.42 nts	1688350412089
3665125 toao      20   0   31.9g  17.5g  11.6g R 206.2   9.4   7:33.27 nts	1688350412779
3665125 toao      20   0   31.9g  17.5g  11.6g R 462.5   9.3   7:42.37 nts	1688350413464
3665125 toao      20   0   31.9g  17.5g  11.6g S 100.0   9.3   7:43.14 nts	1688350414146
3665125 toao      20   0   31.9g  17.5g  11.6g S 100.0   9.3   7:43.83 nts	1688350414834
3665125 toao      20   0   31.9g  17.5g  11.6g R 206.2   9.4   7:44.68 nts	1688350415522
3665125 toao      20   0   31.9g  17.6g  11.6g R  1606   9.4   7:55.09 nts	1688350416210
3665125 toao      20   0   31.9g  17.5g  11.6g R 493.8   9.3   8:04.46 nts	1688350416930
3665125 toao      20   0   31.9g  17.5g  11.6g S 106.2   9.3   8:06.80 nts	1688350417603
3665125 toao      20   0   31.9g  17.5g  11.6g S 100.0   9.3   8:07.48 nts	1688350418291
3665125 toao      20   0   31.9g  17.5g  11.6g S 100.0   9.3   8:08.16 nts	1688350418979
3665125 toao      20   0   31.9g  17.6g  11.6g R 200.0   9.4   8:09.01 nts	1688350419666
3665125 toao      20   0   31.9g  17.6g  11.6g R  2862   9.4   8:21.86 nts	1688350420353
3665125 toao      20   0   31.9g  17.6g  11.6g R 462.5   9.4   8:29.48 nts	1688350421039
3665125 toao      20   0   31.9g  17.6g  11.6g R 387.5   9.4   8:40.20 nts	1688350421746
3665125 toao      20   0   31.9g  17.5g  11.6g S 100.0   9.3   8:46.12 nts	1688350422423
3665125 toao      20   0   31.9g  17.5g  11.6g R 368.8   9.3   8:47.23 nts	1688350423106
3665125 toao      20   0   31.9g  17.5g  11.6g S 456.2   9.3   8:51.20 nts	1688350423790
3665125 toao      20   0   31.9g  17.5g  11.6g S  94.1   9.3   8:52.59 nts	1688350424473
3665125 toao      20   0   31.9g  17.5g  11.6g S 100.0   9.3   8:53.27 nts	1688350425157
3665125 toao      20   0   31.9g  17.6g  11.6g R  2900   9.4   8:58.92 nts	1688350425842
3665125 toao      20   0   31.9g  17.5g  11.6g S 100.0   9.3   9:04.23 nts	1688350426544
3665125 toao      20   0   31.9g  17.5g  11.6g S 106.2   9.3   9:04.92 nts	1688350427227
3665125 toao      20   0   31.9g  17.6g  11.6g R 212.5   9.4   9:05.78 nts	1688350427912
3665125 toao      20   0   31.9g  17.5g  11.6g R  2831   9.3   9:18.79 nts	1688350428598
3665125 toao      20   0   31.9g  17.5g  11.6g S  94.1   9.3   9:20.45 nts	1688350429282
3665125 toao      20   0   31.9g  17.5g  11.6g S 100.0   9.3   9:21.13 nts	1688350429969
3665125 toao      20   0   31.9g  17.5g  11.6g R 194.1   9.4   9:21.99 nts	1688350430654
3665125 toao      20   0   31.9g  17.6g  11.6g R  1738   9.4   9:32.74 nts	1688350431336
3665125 toao      20   0   31.9g  17.6g  11.6g R 225.0   9.4   9:41.42 nts	1688350432037
3665125 toao      20   0   31.9g  17.5g  11.6g R 994.4   9.4   9:52.76 nts	1688350432729
3665125 toao      20   0   31.9g  17.5g  11.6g R  2088   9.3  10:03.86 nts	1688350433450
3665125 toao      20   0   31.9g  17.5g  11.6g S 200.0   9.3  10:10.64 nts	1688350434130
3665125 toao      20   0   31.9g  17.5g  11.6g S 100.0   9.3  10:11.32 nts	1688350434816
3665125 toao      20   0   31.9g  17.6g  11.6g R 187.5   9.4  10:12.15 nts	1688350435502
3665125 toao      20   0   31.9g  17.5g  11.6g R  2135   9.3  10:25.40 nts	1688350436202
3665125 toao      20   0   31.9g  17.6g  11.6g R  1994   9.4  10:34.72 nts	1688350436891
3665125 toao      20   0   31.9g  17.5g  11.6g S 506.2   9.3  10:39.99 nts	1688350437606
3665125 toao      20   0   31.9g  17.5g  11.6g S 106.2   9.3  10:41.53 nts	1688350438289
3665125 toao      20   0   31.9g  17.5g  11.6g S 106.2   9.3  10:42.22 nts	1688350438979
3665125 toao      20   0   31.9g  17.5g  11.6g R 218.8   9.4  10:43.09 nts	1688350439668
3665125 toao      20   0   31.9g  17.6g  11.6g R  1238   9.4  10:53.40 nts	1688350440356
3665125 toao      20   0   31.9g  17.5g  11.6g S 193.8   9.3  10:58.98 nts	1688350441066
3665125 toao      20   0   31.9g  17.5g  11.6g S 100.0   9.3  10:59.67 nts	1688350441755
3665125 toao      20   0   31.9g  17.5g  11.6g S 100.0   9.3  11:00.35 nts	1688350442444
3665125 toao      20   0   31.9g  17.5g  11.6g R 417.6   9.3  11:09.07 nts	1688350443139
3665125 toao      20   0   31.9g  17.5g  11.6g S 100.0   9.3  11:10.66 nts	1688350443829
3665125 toao      20   0   31.9g  17.5g  11.6g S 100.0   9.3  11:11.35 nts	1688350444512
3665125 toao      20   0   31.9g  17.5g  11.6g S 100.0   9.3  11:12.03 nts	1688350445198
3665125 toao      20   0   31.9g  17.5g  11.6g R 761.1   9.3  11:20.47 nts	1688350445906
3665125 toao      20   0   31.9g  17.5g  11.6g S 100.0   9.3  11:21.82 nts	1688350446596
3665125 toao      20   0   31.9g  17.5g  11.6g S  94.1   9.3  11:22.51 nts	1688350447282
3665125 toao      20   0   31.9g  17.6g  11.6g R 175.0   9.4  11:23.32 nts	1688350447970
3665125 toao      20   0   31.9g  17.6g  11.6g R  2347   9.4  11:35.23 nts	1688350448656
3665125 toao      20   0   31.9g  17.5g  11.6g S 100.0   9.3  11:37.88 nts	1688350449354
3665125 toao      20   0   31.9g  17.5g  11.6g S 100.0   9.3  11:38.56 nts	1688350450037
3665125 toao      20   0   31.9g  17.6g  11.6g R  2806   9.4  11:43.72 nts	1688350450723
3665125 toao      20   0   31.9g  17.6g  11.6g R 835.3   9.4  11:53.96 nts	1688350451432
3665125 toao      20   0   31.9g  17.5g  11.6g R 418.8   9.4  12:04.38 nts	1688350452175
3665125 toao      20   0   31.9g  17.6g  11.6g R  2912   9.4  12:14.94 nts	1688350452850
3665125 toao      20   0   31.9g  17.5g  11.6g S  94.1   9.3  12:17.13 nts	1688350453534
3665125 toao      20   0   31.9g  17.5g  11.6g S 106.2   9.3  12:17.82 nts	1688350454222
3665125 toao      20   0   31.9g  17.5g  11.6g R 206.2   9.4  12:18.67 nts	1688350454906
3665125 toao      20   0   31.9g  17.6g  11.6g R  1138   9.4  12:28.47 nts	1688350455590
3665125 toao      20   0   31.9g  17.5g  11.6g S 100.0   9.3  12:33.54 nts	1688350456285
3665125 toao      20   0   31.9g  17.5g  11.6g S 100.0   9.3  12:34.23 nts	1688350456965
3665125 toao      20   0   31.9g  17.5g  11.6g S 106.2   9.3  12:34.92 nts	1688350457654
3665125 toao      20   0   31.9g  17.5g  11.6g S 100.0   9.3  12:35.60 nts	1688350458338
3665125 toao      20   0   31.9g  17.6g  11.6g R 905.9   9.4  12:37.82 nts	1688350459020
3665125 toao      20   0   31.9g  17.5g  11.6g S 168.8   9.3  12:45.38 nts	1688350459725
3665125 toao      20   0   31.9g  17.5g  11.6g S 100.0   9.3  12:46.06 nts	1688350460404
3665125 toao      20   0   31.9g  17.5g  11.6g S 100.0   9.3  12:46.74 nts	1688350461089
3665125 toao      20   0   31.9g  17.5g  11.6g R  2050   9.3  12:54.77 nts	1688350461786
3665125 toao      20   0   31.9g  17.5g  11.6g S 100.0   9.3  12:56.95 nts	1688350462453
3665125 toao      20   0   31.9g  17.5g  11.6g S 100.0   9.3  12:57.63 nts	1688350463141
3665125 toao      20   0   31.9g  17.5g  11.6g S 100.0   9.3  12:58.32 nts	1688350463824
3665125 toao      20   0   31.9g  17.6g  11.6g R  2006   9.4  13:02.22 nts	1688350464509
3665125 toao      20   0   31.9g  17.5g  11.6g S 100.0   9.3  13:08.00 nts	1688350465224
3665125 toao      20   0   31.9g  17.5g  11.6g S 106.2   9.3  13:08.69 nts	1688350465910
3665125 toao      20   0   31.9g  17.5g  11.6g R 218.8   9.4  13:09.56 nts	1688350466596
3665125 toao      20   0   31.9g  17.5g  11.6g S 618.8   9.3  13:18.73 nts	1688350467281
3665125 toao      20   0   31.9g  17.5g  11.6g S 106.2   9.3  13:19.71 nts	1688350467967
3665125 toao      20   0   31.9g  17.5g  11.6g S 100.0   9.3  13:20.39 nts	1688350468650
3665125 toao      20   0   31.9g  17.6g  11.6g R  1638   9.4  13:23.70 nts	1688350469333
3665125 toao      20   0   31.9g  17.6g  11.6g R 337.5   9.4  13:35.08 nts	1688350470052
3665125 toao      20   0   31.9g  17.5g  11.6g R  1788   9.4  13:46.75 nts	1688350470754
3665125 toao      20   0   31.9g  17.5g  11.6g S 126.7   9.3  13:53.09 nts	1688350471427
3665125 toao      20   0   31.9g  17.5g  11.6g S 100.0   9.3  13:53.77 nts	1688350472110
3665125 toao      20   0   31.9g  17.6g  11.6g R  2883   9.4  14:01.24 nts	1688350472814
3665125 toao      20   0   31.9g  17.5g  11.6g R 300.0   9.3  14:08.40 nts	1688350473521
3665125 toao      20   0   31.9g  17.5g  11.6g S 100.0   9.3  14:09.22 nts	1688350474201
3665125 toao      20   0   31.9g  17.5g  11.6g S 100.0   9.3  14:09.90 nts	1688350474892
3665125 toao      20   0   31.9g  17.5g  11.6g S  1239   9.3  14:18.12 nts	1688350475598
3665125 toao      20   0   31.9g  17.5g  11.6g S 293.8   9.3  14:21.15 nts	1688350476294
3665125 toao      20   0   31.9g  17.5g  11.6g S  94.1   9.3  14:21.87 nts	1688350476974
3665125 toao      20   0   31.9g  17.5g  11.6g S 106.2   9.3  14:22.56 nts	1688350477658
3665125 toao      20   0   31.9g  17.5g  11.6g S 100.0   9.3  14:23.24 nts	1688350478342
3665125 toao      20   0   31.9g  17.6g  11.6g R 318.8   9.4  14:31.79 nts	1688350479024
3665125 toao      20   0   31.9g  17.5g  11.6g R  1188   9.4  14:43.01 nts	1688350479730
3665125 toao      20   0   31.9g  17.5g  11.6g R  2406   9.3  14:53.87 nts	1688350480438
3665125 toao      20   0   31.9g  17.6g  11.6g R 337.5   9.4  15:00.98 nts	1688350481096
3665125 toao      20   0   31.9g  17.5g  11.6g R 747.1   9.4  15:12.45 nts	1688350481811
3665125 toao      20   0   31.9g  17.5g  11.6g S 125.0   9.3  15:19.11 nts	1688350482484
3665125 toao      20   0   31.9g  17.5g  11.6g S 100.0   9.3  15:19.79 nts	1688350483172
3665125 toao      20   0   31.9g  17.5g  11.6g R 212.5   9.4  15:20.65 nts	1688350483857
3665125 toao      20   0   31.9g  17.5g  11.6g S 576.5   9.3  15:29.87 nts	1688350484542
3665125 toao      20   0   31.9g  17.5g  11.6g S 100.0   9.3  15:31.34 nts	1688350485229
3665125 toao      20   0   31.9g  17.5g  11.6g S 106.2   9.3  15:32.03 nts	1688350485913
3665125 toao      20   0   31.9g  17.5g  11.6g S 106.2   9.3  15:32.72 nts	1688350486598
3665125 toao      20   0   31.9g  17.5g  11.6g R  1567   9.3  15:41.33 nts	1688350487310
3665125 toao      20   0   31.9g  17.6g  11.6g R  1844   9.4  15:50.46 nts	1688350487986
3665125 toao      20   0   31.9g  17.6g  11.6g R 166.7   9.4  15:59.14 nts	1688350488697
3665125 toao      20   0   31.9g  17.5g  11.6g R 427.8   9.4  16:10.84 nts	1688350489418
3665125 toao      20   0   31.9g  17.5g  11.6g R  1628   9.3  16:22.11 nts	1688350490130
3665125 toao      20   0   31.9g  17.5g  11.6g S 100.0   9.3  16:23.77 nts	1688350490824
3665125 toao      20   0   31.9g  17.5g  11.6g S 100.0   9.3  16:24.46 nts	1688350491501
3665125 toao      20   0   31.9g  17.6g  11.6g R 375.0   9.4  16:25.73 nts	1688350492189
3665125 toao      20   0   31.9g  17.5g  11.6g S 112.5   9.3  16:34.00 nts	1688350492904
3665125 toao      20   0   31.9g  17.5g  11.6g S 106.2   9.3  16:34.69 nts	1688350493584
3665125 toao      20   0   31.9g  17.6g  11.6g R 618.8   9.4  16:36.37 nts	1688350494267
3665125 toao      20   0   31.9g  17.5g  11.6g S  1344   9.3  16:48.90 nts	1688350494974
3665125 toao      20   0   31.9g  17.5g  11.6g S 100.0   9.3  16:50.95 nts	1688350495664
3665125 toao      20   0   31.9g  17.5g  11.6g S 100.0   9.3  16:51.63 nts	1688350496353
3665125 toao      20   0   31.9g  17.5g  11.6g S 100.0   9.3  16:52.32 nts	1688350497038
3665125 toao      20   0   31.9g  17.5g  11.6g S 100.0   9.3  16:53.00 nts	1688350497722
3665125 toao      20   0   31.9g  17.6g  11.6g R 300.0   9.4  17:01.52 nts	1688350498404
3665125 toao      20   0   31.9g  17.5g  11.6g R 429.4   9.3  17:13.00 nts	1688350499136
3665125 toao      20   0   31.9g  17.5g  11.6g S 100.0   9.3  17:14.74 nts	1688350499822
3665125 toao      20   0   31.9g  17.5g  11.6g S 100.0   9.3  17:15.42 nts	1688350500506
3665125 toao      20   0   31.9g  17.5g  11.6g S 106.2   9.3  17:16.11 nts	1688350501190
3665125 toao      20   0   31.9g  17.5g  11.6g S 106.2   9.3  17:16.80 nts	1688350501877
3665125 toao      20   0   31.9g  17.6g  11.6g R  3006   9.4  17:22.30 nts	1688350502562
3665125 toao      20   0   31.9g  17.5g  11.6g S 100.0   9.3  17:26.42 nts	1688350503261
3665125 toao      20   0   31.9g  17.5g  11.6g S 100.0   9.3  17:27.11 nts	1688350503946
3665125 toao      20   0   31.9g  17.5g  11.6g S 100.0   9.3  17:27.79 nts	1688350504630
3665125 toao      20   0   31.9g  17.5g  11.6g R  1241   9.3  17:36.09 nts	1688350505362
3665125 toao      20   0   31.9g  17.5g  11.6g S 100.0   9.3  17:37.51 nts	1688350506028
3665125 toao      20   0   31.9g  17.5g  11.6g S 100.0   9.3  17:38.20 nts	1688350506711
3665125 toao      20   0   31.9g  17.5g  11.6g S 100.0   9.3  17:38.88 nts	1688350507396
3665125 toao      20   0   31.9g  17.6g  11.6g R 356.2   9.4  17:40.15 nts	1688350508080
3665125 toao      20   0   31.9g  17.5g  11.6g R 976.5   9.4  17:53.20 nts	1688350508806
3665125 toao      20   0   31.9g  17.5g  11.6g S 100.0   9.3  17:59.70 nts	1688350509492
3665125 toao      20   0   31.9g  17.5g  11.6g S 100.0   9.3  18:00.38 nts	1688350510177
3665125 toao      20   0   31.9g  17.5g  11.6g R  1933   9.3  18:08.53 nts	1688350510874
3665125 toao      20   0   31.9g  17.5g  11.6g S 337.5   9.3  18:15.56 nts	1688350511575
3665125 toao      20   0   31.9g  17.5g  11.6g S 100.0   9.3  18:16.31 nts	1688350512253
3665125 toao      20   0   31.9g  17.5g  11.6g S 106.2   9.3  18:17.00 nts	1688350512936
3665125 toao      20   0   31.9g  17.6g  11.6g R  3053   9.4  18:24.41 nts	1688350513650
3665125 toao      20   0   31.9g  17.5g  11.6g S 100.0   9.3  18:27.26 nts	1688350514335
3665125 toao      20   0   31.9g  17.5g  11.6g S 106.2   9.3  18:27.95 nts	1688350515020
3665125 toao      20   0   31.9g  17.5g  11.6g R 188.2   9.4  18:28.79 nts	1688350515705
3665125 toao      20   0   31.9g  17.5g  11.6g R 231.2   9.3  18:37.91 nts	1688350516390
3665125 toao      20   0   31.9g  17.5g  11.6g S 106.2   9.3  18:38.65 nts	1688350517076
3665125 toao      20   0   31.9g  17.6g  11.6g R 188.2   9.4  18:39.49 nts	1688350517764
3665125 toao      20   0   31.9g  17.6g  11.6g R  2894   9.4  18:52.28 nts	1688350518452
3665125 toao      20   0   31.9g  17.5g  11.6g S 100.0   9.3  18:54.57 nts	1688350519136
3665125 toao      20   0   31.9g  17.5g  11.6g S 106.2   9.3  18:55.26 nts	1688350519820
3665125 toao      20   0   31.9g  17.5g  11.6g S 106.2   9.3  18:55.95 nts	1688350520506
3665125 toao      20   0   31.9g  17.5g  11.6g S 100.0   9.3  18:56.63 nts	1688350521195
3665125 toao      20   0   31.9g  17.6g  11.6g R  2947   9.4  19:04.38 nts	1688350521906
3665125 toao      20   0   31.9g  17.5g  11.6g S 200.0   9.3  19:07.32 nts	1688350522589
3665125 toao      20   0   31.9g  17.5g  11.6g S  94.1   9.3  19:08.00 nts	1688350523274
3665125 toao      20   0   31.9g  17.5g  11.6g S 106.2   9.3  19:08.69 nts	1688350523958
3665125 toao      20   0   31.9g  17.5g  11.6g R 225.0   9.4  19:09.57 nts	1688350524642
3665125 toao      20   0   31.9g  17.5g  11.6g S 425.0   9.3  19:18.50 nts	1688350525336
3665125 toao      20   0   31.9g  17.5g  11.6g S  94.1   9.3  19:19.20 nts	1688350526022
3665125 toao      20   0   31.9g  17.5g  11.6g S 100.0   9.3  19:19.89 nts	1688350526710
3665125 toao      20   0   31.9g  17.5g  11.6g R 206.2   9.4  19:20.74 nts	1688350527399
3665125 toao      20   0   31.9g  17.6g  11.6g R  1631   9.4  19:31.49 nts	1688350528084
3665125 toao      20   0   31.9g  17.6g  11.6g R 794.1   9.4  19:41.58 nts	1688350528789
3665125 toao      20   0   31.9g  17.5g  11.6g R 493.8   9.3  19:52.30 nts	1688350529528
3665125 toao      20   0   31.9g  17.5g  11.6g S 100.0   9.3  19:53.16 nts	1688350530198
3665125 toao      20   0   31.9g  17.5g  11.6g S 100.0   9.3  19:53.85 nts	1688350530886
3665125 toao      20   0   31.9g  17.5g  11.6g R  1544   9.3  20:01.97 nts	1688350531590
3665125 toao      20   0   31.9g  17.5g  11.6g S 100.0   9.3  20:03.27 nts	1688350532285
3665125 toao      20   0   31.9g  17.5g  11.6g S 100.0   9.3  20:03.96 nts	1688350532967
3665125 toao      20   0   31.9g  17.5g  11.6g R 212.5   9.4  20:04.82 nts	1688350533653
3665125 toao      20   0   58.5g  18.0g  12.0g R 768.8   9.6  20:14.76 nts	1688350534341
3665125 toao      20   0   62.3g  19.7g  13.7g R 200.0  10.5  20:16.13 nts	1688350535021
3665125 toao      20   0   71.6g  20.6g  14.5g S 943.8  11.0  20:21.55 nts	1688350535697
3665125 toao      20   0   71.5g  20.7g  14.5g S  1150  11.0  20:28.54 nts	1688350536385
3665125 toao      20   0   70.9g  20.7g  14.5g S  1756  11.1  20:37.71 nts	1688350537073
3665125 toao      20   0   70.4g  20.7g  14.5g S  1788  11.0  20:47.34 nts	1688350537754
3665125 toao      20   0   72.0g  20.7g  14.5g S  1076  11.1  20:54.36 nts	1688350538433
3665125 toao      20   0   72.1g  20.7g  14.5g S  1488  11.1  21:04.27 nts	1688350539132
3665125 toao      20   0   69.7g  20.7g  14.5g S  1350  11.1  21:12.85 nts	1688350539818
3665125 toao      20   0   71.2g  20.7g  14.5g S  1750  11.0  21:23.68 nts	1688350540500
3665125 toao      20   0   72.7g  20.7g  14.5g S  1531  11.1  21:33.87 nts	1688350541185
3665125 toao      20   0   71.4g  20.7g  14.5g S  1706  11.0  21:44.08 nts	1688350541867
3665125 toao      20   0   68.8g  20.7g  14.5g S 543.8  11.1  21:50.42 nts	1688350542552
3665125 toao      20   0   71.8g  20.7g  14.5g S  1500  11.0  21:59.91 nts	1688350543232
3665125 toao      20   0   71.4g  20.7g  14.5g S  1269  11.0  22:09.60 nts	1688350543924
3665125 toao      20   0   72.0g  20.7g  14.5g S  1100  11.1  22:17.28 nts	1688350544603
3665125 toao      20   0   72.0g  20.7g  14.5g S  1325  11.0  22:26.72 nts	1688350545289
3665125 toao      20   0   72.0g  20.7g  14.5g S  1419  11.0  22:34.94 nts	1688350545967
3665125 toao      20   0   72.0g  20.7g  14.5g S  1438  11.1  22:44.83 nts	1688350546663
3665125 toao      20   0   72.0g  20.7g  14.5g S  1424  11.0  22:54.33 nts	1688350547340
3665125 toao      20   0   72.1g  20.7g  14.5g S  1175  11.0  23:04.15 nts	1688350548033
3665125 toao      20   0   72.1g  20.7g  14.5g S  1200  11.0  23:13.00 nts	1688350548716
3665125 toao      20   0   69.2g  20.7g  14.5g S 652.9  11.1  23:22.21 nts	1688350549404
3665125 toao      20   0   71.8g  20.7g  14.5g S  1156  11.0  23:30.43 nts	1688350550100
3665125 toao      20   0   72.3g  20.7g  14.5g S  1831  11.0  23:40.36 nts	1688350550777
3665125 toao      20   0   77.4g  20.7g  14.5g S  1531  11.0  23:48.75 nts	1688350551461
3665125 toao      20   0   78.8g  20.7g  14.5g S  1575  11.1  23:56.79 nts	1688350552145
3665125 toao      20   0   78.6g  20.7g  14.5g S  1644  11.1  24:06.69 nts	1688350552836
3665125 toao      20   0   76.7g  20.7g  14.5g S  1181  11.1  24:15.76 nts	1688350553526
3665125 toao      20   0   79.0g  20.7g  14.5g S  1344  11.1  24:23.43 nts	1688350554214
3665125 toao      20   0   78.6g  20.7g  14.5g S  1131  11.1  24:31.94 nts	1688350554893
3665125 toao      20   0   78.7g  20.7g  14.5g S  1600  11.0  24:43.44 nts	1688350555566
3665125 toao      20   0   78.8g  20.7g  14.5g S  1825  11.0  24:54.94 nts	1688350556252
3665125 toao      20   0   78.8g  20.7g  14.5g S  1844  11.0  25:06.93 nts	1688350556929
3665125 toao      20   0   76.7g  20.7g  14.5g S 844.4  11.1  25:14.90 nts	1688350557613
3665125 toao      20   0   78.7g  20.7g  14.5g S  1894  11.0  25:24.51 nts	1688350558310
3665125 toao      20   0   78.5g  20.7g  14.5g S  1381  11.1  25:34.63 nts	1688350558988
3665125 toao      20   0   79.0g  20.7g  14.5g S  1541  11.0  25:43.05 nts	1688350559663
3665125 toao      20   0   76.9g  20.7g  14.5g S 687.5  11.0  25:52.74 nts	1688350560349
3665125 toao      20   0   79.0g  20.7g  14.5g S  1719  11.0  26:02.62 nts	1688350561035
3665125 toao      20   0   79.0g  20.7g  14.5g S  1631  11.0  26:12.56 nts	1688350561719
3665125 toao      20   0   79.6g  20.7g  14.5g S  1459  11.1  26:22.92 nts	1688350562403
3665125 toao      20   0   77.3g  20.7g  14.5g S  1153  11.0  26:31.00 nts	1688350563093
3665125 toao      20   0   78.6g  20.7g  14.5g S  1650  11.0  26:39.67 nts	1688350563779
3665125 toao      20   0   78.8g  20.7g  14.5g S  1144  11.1  26:48.60 nts	1688350564457
3665125 toao      20   0   79.1g  20.7g  14.5g S  1194  11.0  26:56.95 nts	1688350565143
3665125 toao      20   0   73.9g  20.7g  14.5g S  1188  11.1  27:07.11 nts	1688350565825
3665125 toao      20   0   78.1g  20.7g  14.5g S  1135  11.1  27:15.73 nts	1688350566512
3665125 toao      20   0   77.2g  20.7g  14.5g S 800.0  11.0  27:22.73 nts	1688350567198
3665125 toao      20   0   78.5g  20.7g  14.5g S  1418  11.1  27:33.61 nts	1688350567885
3665125 toao      20   0   76.6g  20.7g  14.5g S 681.2  11.1  27:41.74 nts	1688350568573
3665125 toao      20   0   76.9g  20.7g  14.5g S  1231  11.0  27:50.35 nts	1688350569253
3665125 toao      20   0   78.4g  20.7g  14.5g S  1482  11.0  27:58.86 nts	1688350569934
3665125 toao      20   0   78.7g  20.7g  14.5g S  1271  11.0  28:10.05 nts	1688350570635
3665125 toao      20   0   79.3g  20.7g  14.5g S  1406  11.1  28:21.27 nts	1688350571330
3665125 toao      20   0   79.4g  20.7g  14.5g S  1500  11.1  28:32.42 nts	1688350572011
3665125 toao      20   0   75.9g  20.7g  14.5g S 643.8  11.1  28:39.97 nts	1688350572696
3665125 toao      20   0   78.7g  20.7g  14.5g S  1235  11.0  28:49.63 nts	1688350573390
3665125 toao      20   0   78.4g  20.7g  14.5g S  1300  11.0  28:59.53 nts	1688350574085
3665125 toao      20   0   79.0g  20.7g  14.5g S  1471  11.0  29:08.08 nts	1688350574762
3665125 toao      20   0   77.1g  20.7g  14.5g S 588.2  11.1  29:17.98 nts	1688350575450
3665125 toao      20   0   79.0g  20.7g  14.5g S  1850  11.0  29:28.29 nts	1688350576141
3665125 toao      20   0   79.2g  20.7g  14.5g S  1294  11.1  29:38.43 nts	1688350576825
3665125 toao      20   0   79.2g  20.7g  14.5g S  1400  11.1  29:49.59 nts	1688350577534
3665125 toao      20   0   79.2g  20.7g  14.5g S  1475  11.1  29:59.85 nts	1688350578234
3665125 toao      20   0   78.7g  20.7g  14.5g S  1362  11.1  30:08.50 nts	1688350578917
3665125 toao      20   0   77.6g  20.7g  14.5g S  1112  11.1  30:15.90 nts	1688350579599
3665125 toao      20   0   78.2g  20.7g  14.5g S  1559  11.0  30:24.21 nts	1688350580282
3665125 toao      20   0   73.9g  20.6g  14.6g R 131.2  11.0  30:30.80 nts	1688350580966
3665125 toao      20   0       0      0      0 Z 106.2   0.0  30:31.49 nts	1688350581656
3665125 toao      20   0       0      0      0 Z 100.0   0.0  30:32.17 nts	1688350582344
3665125 toao      20   0       0      0      0 Z 106.2   0.0  30:32.85 nts	1688350583031
