| 31%   46C    P0    75W / 250W |      8MiB / 11019MiB |     17%      Default |	1688350148308
| 31%   45C    P3    50W / 250W |      8MiB / 11019MiB |      0%      Default |	1688350148862
| 30%   45C    P3    50W / 250W |      8MiB / 11019MiB |      0%      Default |	1688350149422
| 30%   44C    P5    40W / 250W |      8MiB / 11019MiB |      0%      Default |	1688350149985
| 30%   44C    P5    20W / 250W |      8MiB / 11019MiB |      0%      Default |	1688350150531
| 31%   44C    P5    19W / 250W |      8MiB / 11019MiB |      0%      Default |	1688350151065
| 31%   43C    P5    20W / 250W |      8MiB / 11019MiB |      0%      Default |	1688350151603
| 31%   43C    P8    13W / 250W |      8MiB / 11019MiB |      0%      Default |	1688350152139
| 31%   43C    P8    13W / 250W |      8MiB / 11019MiB |      0%      Default |	1688350152674
| 31%   43C    P8    14W / 250W |      8MiB / 11019MiB |      0%      Default |	1688350153208
| 31%   43C    P8    14W / 250W |      8MiB / 11019MiB |      0%      Default |	1688350153745
| 31%   43C    P8    14W / 250W |      8MiB / 11019MiB |      0%      Default |	1688350154282
| 31%   43C    P8    14W / 250W |      8MiB / 11019MiB |      0%      Default |	1688350154818
| 31%   43C    P8    14W / 250W |      8MiB / 11019MiB |      0%      Default |	1688350155374
| 31%   42C    P8    14W / 250W |      8MiB / 11019MiB |      0%      Default |	1688350155914
| 31%   42C    P8    13W / 250W |      8MiB / 11019MiB |      0%      Default |	1688350156452
| 31%   42C    P8    13W / 250W |      8MiB / 11019MiB |      0%      Default |	1688350156989
| 31%   42C    P8    13W / 250W |      8MiB / 11019MiB |      0%      Default |	1688350157526
| 31%   42C    P8    13W / 250W |      8MiB / 11019MiB |      0%      Default |	1688350158064
| 31%   42C    P8    13W / 250W |      8MiB / 11019MiB |      0%      Default |	1688350158601
| 31%   42C    P8    13W / 250W |      8MiB / 11019MiB |      0%      Default |	1688350159138
| 31%   42C    P8    14W / 250W |      8MiB / 11019MiB |      0%      Default |	1688350159675
| 31%   42C    P8    13W / 250W |      8MiB / 11019MiB |      0%      Default |	1688350160217
| 31%   42C    P8    13W / 250W |      8MiB / 11019MiB |      0%      Default |	1688350160756
| 31%   42C    P8    13W / 250W |      8MiB / 11019MiB |      0%      Default |	1688350161295
| 31%   41C    P8    13W / 250W |      8MiB / 11019MiB |      0%      Default |	1688350161835
| 31%   41C    P8    14W / 250W |      8MiB / 11019MiB |      0%      Default |	1688350162373
| 30%   41C    P8    13W / 250W |      8MiB / 11019MiB |      0%      Default |	1688350162912
| 30%   41C    P8    14W / 250W |      8MiB / 11019MiB |      0%      Default |	1688350163450
| 30%   41C    P8    13W / 250W |      8MiB / 11019MiB |      0%      Default |	1688350163987
| 30%   41C    P8    13W / 250W |      8MiB / 11019MiB |      0%      Default |	1688350164526
| 30%   41C    P8    14W / 250W |      8MiB / 11019MiB |      0%      Default |	1688350165064
| 31%   42C    P2    55W / 250W |    253MiB / 11019MiB |      0%      Default |	1688350165602
| 31%   43C    P2    55W / 250W |    497MiB / 11019MiB |      2%      Default |	1688350166144
| 31%   43C    P2    55W / 250W |    735MiB / 11019MiB |      5%      Default |	1688350166685
| 30%   43C    P2    55W / 250W |    847MiB / 11019MiB |      5%      Default |	1688350167223
| 30%   43C    P2    55W / 250W |    847MiB / 11019MiB |      1%      Default |	1688350167761
| 30%   43C    P2    55W / 250W |    847MiB / 11019MiB |      1%      Default |	1688350168297
| 30%   43C    P2    55W / 250W |    847MiB / 11019MiB |      0%      Default |	1688350168832
| 30%   43C    P2    55W / 250W |    847MiB / 11019MiB |      0%      Default |	1688350169370
| 30%   43C    P2    55W / 250W |    847MiB / 11019MiB |      0%      Default |	1688350169906
| 30%   43C    P2    55W / 250W |    847MiB / 11019MiB |      0%      Default |	1688350170443
| 30%   43C    P2    56W / 250W |    847MiB / 11019MiB |      0%      Default |	1688350170981
| 30%   43C    P2    55W / 250W |    847MiB / 11019MiB |      0%      Default |	1688350171520
| 30%   43C    P2    55W / 250W |    847MiB / 11019MiB |      0%      Default |	1688350172061
| 30%   43C    P2    56W / 250W |    847MiB / 11019MiB |      0%      Default |	1688350172599
| 30%   43C    P2    56W / 250W |    847MiB / 11019MiB |      0%      Default |	1688350173134
| 30%   43C    P2    55W / 250W |    847MiB / 11019MiB |      0%      Default |	1688350173671
| 30%   44C    P2    55W / 250W |    847MiB / 11019MiB |      0%      Default |	1688350174210
| 30%   44C    P2    56W / 250W |    847MiB / 11019MiB |      0%      Default |	1688350174745
| 30%   44C    P2    56W / 250W |    847MiB / 11019MiB |      0%      Default |	1688350175281
| 30%   44C    P2    55W / 250W |    847MiB / 11019MiB |      0%      Default |	1688350175818
| 30%   44C    P2    56W / 250W |    847MiB / 11019MiB |      0%      Default |	1688350176356
| 30%   44C    P2    55W / 250W |    847MiB / 11019MiB |      0%      Default |	1688350176898
| 30%   44C    P2    55W / 250W |    847MiB / 11019MiB |      0%      Default |	1688350177437
| 30%   44C    P2    55W / 250W |    847MiB / 11019MiB |      0%      Default |	1688350177975
| 30%   44C    P2    55W / 250W |    847MiB / 11019MiB |      0%      Default |	1688350178514
| 30%   44C    P2    55W / 250W |    847MiB / 11019MiB |      0%      Default |	1688350179053
| 30%   44C    P2    55W / 250W |    847MiB / 11019MiB |      0%      Default |	1688350179592
| 30%   44C    P2    55W / 250W |    847MiB / 11019MiB |      0%      Default |	1688350180132
| 30%   44C    P2    56W / 250W |    847MiB / 11019MiB |      0%      Default |	1688350180673
| 30%   44C    P2    55W / 250W |    847MiB / 11019MiB |      0%      Default |	1688350181216
| 30%   44C    P2    55W / 250W |    847MiB / 11019MiB |      0%      Default |	1688350181756
| 30%   44C    P2    56W / 250W |    847MiB / 11019MiB |      0%      Default |	1688350182295
| 30%   44C    P2    55W / 250W |    847MiB / 11019MiB |      0%      Default |	1688350182834
| 30%   44C    P2    55W / 250W |    847MiB / 11019MiB |      0%      Default |	1688350183373
| 30%   44C    P2    55W / 250W |    847MiB / 11019MiB |      0%      Default |	1688350183912
| 30%   43C    P8    13W / 250W |    847MiB / 11019MiB |      0%      Default |	1688350184452
| 30%   43C    P8    13W / 250W |    847MiB / 11019MiB |      0%      Default |	1688350184992
| 30%   43C    P8    14W / 250W |    847MiB / 11019MiB |      0%      Default |	1688350185531
| 31%   42C    P8    13W / 250W |    847MiB / 11019MiB |      0%      Default |	1688350186072
| 30%   42C    P8    13W / 250W |    847MiB / 11019MiB |      0%      Default |	1688350186613
| 30%   42C    P8    13W / 250W |    847MiB / 11019MiB |      0%      Default |	1688350187152
| 30%   42C    P8    13W / 250W |    847MiB / 11019MiB |      0%      Default |	1688350187694
| 30%   42C    P8    13W / 250W |    847MiB / 11019MiB |      0%      Default |	1688350188232
| 30%   42C    P8    12W / 250W |    847MiB / 11019MiB |      0%      Default |	1688350188771
| 30%   42C    P8    13W / 250W |    847MiB / 11019MiB |      0%      Default |	1688350189309
| 30%   42C    P8    13W / 250W |    847MiB / 11019MiB |      0%      Default |	1688350189847
| 30%   42C    P8    14W / 250W |    847MiB / 11019MiB |      0%      Default |	1688350190386
| 30%   42C    P8    13W / 250W |    847MiB / 11019MiB |      0%      Default |	1688350190926
| 30%   41C    P8    14W / 250W |    847MiB / 11019MiB |      0%      Default |	1688350191466
| 30%   41C    P8    13W / 250W |    847MiB / 11019MiB |      0%      Default |	1688350192008
| 30%   41C    P8    14W / 250W |    847MiB / 11019MiB |      0%      Default |	1688350192549
| 30%   41C    P8    14W / 250W |    847MiB / 11019MiB |      0%      Default |	1688350193089
| 30%   41C    P8    14W / 250W |    847MiB / 11019MiB |      0%      Default |	1688350193630
| 30%   41C    P8    13W / 250W |    847MiB / 11019MiB |      0%      Default |	1688350194171
| 30%   41C    P8    14W / 250W |    847MiB / 11019MiB |      0%      Default |	1688350194709
| 30%   41C    P8    13W / 250W |    847MiB / 11019MiB |      0%      Default |	1688350195247
| 30%   41C    P8    14W / 250W |    847MiB / 11019MiB |      0%      Default |	1688350195785
| 30%   41C    P8    14W / 250W |    847MiB / 11019MiB |      0%      Default |	1688350196325
| 30%   41C    P8    13W / 250W |    847MiB / 11019MiB |      0%      Default |	1688350196863
| 30%   41C    P8    13W / 250W |    847MiB / 11019MiB |      0%      Default |	1688350197402
| 30%   41C    P2    14W / 250W |    849MiB / 11019MiB |      0%      Default |	1688350197943
| 30%   42C    P2    55W / 250W |    855MiB / 11019MiB |      0%      Default |	1688350198496
| 30%   42C    P2    55W / 250W |    855MiB / 11019MiB |      0%      Default |	1688350199029
| 30%   43C    P2    56W / 250W |    855MiB / 11019MiB |      0%      Default |	1688350199561
| 30%   43C    P2    55W / 250W |    855MiB / 11019MiB |      0%      Default |	1688350200097
| 30%   43C    P2    55W / 250W |    855MiB / 11019MiB |      0%      Default |	1688350200640
| 30%   43C    P2    55W / 250W |    865MiB / 11019MiB |      0%      Default |	1688350201178
| 30%   43C    P2    55W / 250W |   2873MiB / 11019MiB |      4%      Default |	1688350201735
| 30%   44C    P2    87W / 250W |   7965MiB / 11019MiB |      4%      Default |	1688350202340
| 30%   46C    P2    74W / 250W |   9359MiB / 11019MiB |     28%      Default |	1688350202881
| 30%   46C    P2   128W / 250W |   9361MiB / 11019MiB |     28%      Default |	1688350203413
| 30%   46C    P2   140W / 250W |   9577MiB / 11019MiB |     33%      Default |	1688350203950
| 30%   47C    P2   106W / 250W |   9579MiB / 11019MiB |     33%      Default |	1688350204497
| 30%   45C    P2   143W / 250W |   9579MiB / 11019MiB |     33%      Default |	1688350205044
| 30%   46C    P2   159W / 250W |   9579MiB / 11019MiB |     33%      Default |	1688350205615
| 30%   46C    P2    74W / 250W |   9579MiB / 11019MiB |     30%      Default |	1688350206149
| 30%   46C    P2   140W / 250W |   9579MiB / 11019MiB |     30%      Default |	1688350206679
| 30%   46C    P2    94W / 250W |   9579MiB / 11019MiB |     28%      Default |	1688350207212
| 31%   46C    P2    75W / 250W |   9579MiB / 11019MiB |     28%      Default |	1688350207747
| 31%   46C    P2    75W / 250W |   9729MiB / 11019MiB |     31%      Default |	1688350208278
| 31%   47C    P2   107W / 250W |   9729MiB / 11019MiB |     33%      Default |	1688350208809
| 31%   47C    P2    75W / 250W |   9729MiB / 11019MiB |     33%      Default |	1688350209343
| 31%   47C    P2    75W / 250W |   9729MiB / 11019MiB |     32%      Default |	1688350209877
| 32%   47C    P2    75W / 250W |   9879MiB / 11019MiB |     32%      Default |	1688350210411
| 32%   48C    P2   105W / 250W |   9879MiB / 11019MiB |     33%      Default |	1688350210944
| 32%   48C    P2    75W / 250W |  10027MiB / 11019MiB |     33%      Default |	1688350211488
| 32%   49C    P2    75W / 250W |  10239MiB / 11019MiB |     29%      Default |	1688350212015
| 33%   47C    P2    75W / 250W |  10239MiB / 11019MiB |     29%      Default |	1688350212554
