166484 root      20   0 2536040  99172  68008 R  94.1   0.0   0:00.17 nts	1697337369106
166484 root      20   0 9599564 215888 115140 R  7889   0.0   0:31.07 nts	1697337369807
166484 root      20   0 9672328 280448 115376 R 200.0   0.0   0:57.03 nts	1697337370517
166484 root      20   0 9672328 280448 115376 R 194.1   0.0   0:58.40 nts	1697337371208
166484 root      20   0 9672328 280448 115376 R 188.2   0.0   0:59.75 nts	1697337371895
166484 root      20   0 9672328 280448 115376 R 200.0   0.0   1:01.14 nts	1697337372584
166484 root      20   0 9672328 280448 115376 R 194.1   0.0   1:02.52 nts	1697337373278
166484 root      20   0 9672328 280448 115376 R 200.0   0.0   1:03.89 nts	1697337373972
166484 root      20   0 9672328 280448 115376 R 194.1   0.0   1:05.26 nts	1697337374664
166484 root      20   0 9672328 280448 115376 R 200.0   0.0   1:06.61 nts	1697337375352
166484 root      20   0 9672328 280448 115376 R 212.5   0.0   1:08.00 nts	1697337376039
166484 root      20   0 9672328 280448 115376 R 200.0   0.0   1:09.37 nts	1697337376733
166484 root      20   0 9672328 280448 115376 R 200.0   0.0   1:10.73 nts	1697337377422
166484 root      20   0 9672328 280448 115376 R 194.1   0.0   1:12.10 nts	1697337378113
166484 root      20   0 9672328 280448 115376 R 188.2   0.0   1:13.47 nts	1697337378804
166484 root      20   0 9737864 280656 115440 R 188.2   0.0   1:14.84 nts	1697337379494
166484 root      20   0   10.5g 778588 115500 R  1565   0.1   1:26.22 nts	1697337380187
166484 root      20   0   10.5g 791160 115500 R  1347   0.1   1:36.52 nts	1697337380882
166484 root      20   0   10.5g 797696 115500 R  1412   0.1   1:47.01 nts	1697337381578
166484 root      20   0   10.5g 798480 115500 R  1506   0.1   1:57.50 nts	1697337382275
166484 root      20   0   15.5g 803064 115532 R 194.1   0.1   2:02.91 nts	1697337382973
166484 root      20   0   15.5g 804120 115532 R 200.0   0.1   2:04.28 nts	1697337383664
166484 root      20   0   15.5g 805968 115532 R 188.2   0.1   2:05.64 nts	1697337384357
166484 root      20   0   15.5g 807552 115532 R 194.1   0.1   2:07.01 nts	1697337385048
166484 root      20   0   15.5g 809400 115532 R 194.1   0.1   2:08.37 nts	1697337385736
166484 root      20   0   15.5g 810984 115532 R 194.1   0.1   2:09.73 nts	1697337386423
166484 root      20   0   15.5g 812304 115532 R 188.2   0.1   2:11.10 nts	1697337387116
166484 root      20   0   15.5g 812832 115532 R 188.2   0.1   2:12.46 nts	1697337387805
166484 root      20   0   15.5g 814152 115532 R 194.1   0.1   2:13.83 nts	1697337388494
166484 root      20   0   15.5g 816528 115532 R 206.2   0.1   2:15.19 nts	1697337389182
166484 root      20   0   15.5g 819432 115532 R 200.0   0.1   2:16.54 nts	1697337389870
166484 root      20   0   15.5g 821544 115532 R 194.1   0.1   2:17.91 nts	1697337390558
166484 root      20   0   16.7g 951416 115532 R 370.6   0.1   2:20.49 nts	1697337391246
166484 root      20   0   16.7g   1.0g 115532 R 437.5   0.1   2:23.34 nts	1697337391940
166484 root      20   0   16.7g   1.2g 115532 R 400.0   0.2   2:26.12 nts	1697337392633
166484 root      20   0   21.7g   1.3g 115532 R 364.7   0.2   2:28.90 nts	1697337393326
166484 root      20   0   21.7g   1.3g 115532 R  94.1   0.2   2:30.40 nts	1697337394018
166484 root      20   0   21.7g   1.3g 115532 R 100.0   0.2   2:31.09 nts	1697337394711
166484 root      20   0   21.7g   1.3g 115532 R  94.1   0.2   2:31.78 nts	1697337395404
166484 root      20   0   21.7g   1.3g 115532 R 100.0   0.2   2:32.48 nts	1697337396095
166484 root      20   0   21.7g   1.3g 115532 R 100.0   0.2   2:33.17 nts	1697337396787
166484 root      20   0   22.2g   1.6g 115532 R 100.0   0.2   2:33.86 nts	1697337397476
166484 root      20   0   22.2g   1.7g 115532 R 100.0   0.2   2:34.55 nts	1697337398169
166484 root      20   0   22.2g   1.7g 115532 R 100.0   0.2   2:35.25 nts	1697337398859
166484 root      20   0   22.2g   1.8g 115532 R 100.0   0.2   2:35.94 nts	1697337399552
166484 root      20   0   22.2g   1.8g 115532 R 100.0   0.2   2:36.63 nts	1697337400245
166484 root      20   0   22.2g   1.8g 115532 R 100.0   0.2   2:37.32 nts	1697337400935
166484 root      20   0   22.2g   1.8g 115532 R  94.1   0.2   2:38.01 nts	1697337401628
166484 root      20   0   22.2g   1.8g 115532 R  94.1   0.2   2:38.69 nts	1697337402317
166484 root      20   0   22.2g   1.8g 115532 R 100.0   0.2   2:39.38 nts	1697337403005
166484 root      20   0   22.2g   1.8g 115532 R 100.0   0.2   2:40.07 nts	1697337403691
166484 root      20   0   22.2g   1.8g 115532 R 100.0   0.2   2:40.76 nts	1697337404378
166484 root      20   0   22.2g   1.8g 115532 R  94.1   0.2   2:41.44 nts	1697337405066
166484 root      20   0   22.2g   1.8g 115532 R 106.2   0.2   2:42.14 nts	1697337405753
166484 root      20   0   22.2g   1.8g 115532 R 100.0   0.2   2:42.82 nts	1697337406441
166484 root      20   0   22.2g   1.8g 115532 R 100.0   0.2   2:43.52 nts	1697337407127
166484 root      20   0   22.2g   1.8g 115532 R 106.2   0.2   2:44.20 nts	1697337407820
166484 root      20   0   22.2g   1.8g 115532 R 100.0   0.2   2:44.89 nts	1697337408511
166484 root      20   0   22.2g   1.8g 115532 R 100.0   0.2   2:45.59 nts	1697337409204
166484 root      20   0   22.2g   1.8g 115532 R  94.1   0.2   2:46.27 nts	1697337409897
166484 root      20   0   22.2g   1.8g 115532 R 100.0   0.2   2:46.97 nts	1697337410586
166484 root      20   0   22.2g   1.8g 115532 R  94.1   0.2   2:47.65 nts	1697337411276
166484 root      20   0   22.2g   1.8g 115532 R 100.0   0.2   2:48.35 nts	1697337411963
166484 root      20   0   22.2g   1.8g 115532 R 100.0   0.2   2:49.04 nts	1697337412657
166484 root      20   0   22.2g   1.8g 115532 R 106.2   0.2   2:49.73 nts	1697337413349
166484 root      20   0   22.2g   1.8g 115532 R  94.1   0.2   2:50.42 nts	1697337414042
166484 root      20   0   22.2g   1.8g 115532 R  94.1   0.2   2:51.11 nts	1697337414736
166484 root      20   0   22.2g   1.8g 115532 R 100.0   0.2   2:51.81 nts	1697337415426
166484 root      20   0   22.2g   1.8g 115532 R  94.1   0.2   2:52.49 nts	1697337416114
166484 root      20   0   22.2g   1.8g 115532 R 100.0   0.2   2:53.18 nts	1697337416802
166484 root      20   0   22.2g   1.8g 115532 R 100.0   0.2   2:53.86 nts	1697337417490
166484 root      20   0   22.2g   1.8g 116664 D 570.6   0.2   2:55.36 nts	1697337418177
166484 root      20   0   22.3g   1.8g 116664 R  93.8   0.2   2:55.91 nts	1697337418869
166484 root      20   0   55.5g   2.0g 246836 D   0.0   0.3   2:56.25 nts	1697337419564
166484 root      20   0   55.8g   2.4g 298236 R  94.1   0.3   2:56.79 nts	1697337420257
166484 root      20   0   56.0g   2.6g 338696 D   5.9   0.4   2:57.11 nts	1697337420947
166484 root      20   0   56.5g   3.0g 397216 R 100.0   0.4   2:57.76 nts	1697337421640
166484 root      20   0   56.7g   3.2g 445844 R  31.2   0.4   2:58.05 nts	1697337422333
166484 root      20   0   58.7g   3.6g 614064 R 618.8   0.5   2:59.62 nts	1697337423022
166484 root      20   0   58.7g   4.1g   1.1g R 247.1   0.6   3:01.55 nts	1697337423716
166484 root      20   0   60.1g   4.5g   1.2g R 400.0   0.6   3:03.47 nts	1697337424408
166484 root      20   0   61.9g   4.7g   1.2g R 182.4   0.6   3:05.03 nts	1697337425102
166484 root      20   0   62.3g   4.8g   1.2g R 241.2   0.7   3:06.30 nts	1697337425798
166484 root      20   0   62.4g   4.9g   1.2g R 100.0   0.7   3:07.49 nts	1697337426494
166484 root      20   0   63.0g   5.1g   1.2g R 229.4   0.7   3:09.14 nts	1697337427187
166484 root      20   0   63.3g   5.2g   1.2g R 235.3   0.7   3:10.34 nts	1697337427883
166484 root      20   0   63.6g   5.4g   1.2g R 118.8   0.7   3:11.72 nts	1697337428579
166484 root      20   0   63.8g   5.5g   1.2g R 235.3   0.8   3:13.12 nts	1697337429274
166484 root      20   0   63.8g   5.6g   1.2g R 193.8   0.8   3:14.25 nts	1697337429970
166484 root      20   0   64.1g   5.8g   1.2g R 176.5   0.8   3:15.81 nts	1697337430665
166484 root      20   0   64.4g   5.9g   1.2g R 235.3   0.8   3:17.03 nts	1697337431360
166484 root      20   0   64.8g   6.1g   1.2g R 111.8   0.8   3:18.34 nts	1697337432056
166484 root      20   0   65.2g   6.3g   1.2g R 225.0   0.9   3:19.87 nts	1697337432749
166484 root      20   0   65.4g   6.4g   1.2g R 223.5   0.9   3:20.99 nts	1697337433445
166484 root      20   0   65.9g   6.7g   1.2g R 123.5   0.9   3:22.51 nts	1697337434141
166484 root      20   0   66.0g   6.7g   1.2g R 223.5   0.9   3:24.01 nts	1697337434835
166484 root      20   0   66.2g   6.9g   1.2g R 100.0   0.9   3:25.22 nts	1697337435532
166484 root      20   0   66.7g   7.1g   1.2g R 229.4   1.0   3:26.78 nts	1697337436225
166484 root      20   0   66.8g   7.2g   1.2g R 256.2   1.0   3:27.90 nts	1697337436920
166484 root      20   0   67.7g   7.2g   1.2g R 568.8   1.0   3:30.58 nts	1697337437613
166484 root      20   0   68.0g   7.2g   1.2g R 718.8   1.0   3:34.79 nts	1697337438301
166484 root      20   0   70.5g   7.3g   1.4g R 493.8   1.0   3:38.73 nts	1697337438989
166484 root      20   0   70.8g   7.5g   1.5g R 141.2   1.0   3:40.21 nts	1697337439684
166484 root      20   0   71.8g   7.5g   1.5g R 705.9   1.0   3:43.80 nts	1697337440375
166484 root      20   0   72.5g   7.5g   1.5g R 476.5   1.0   3:47.36 nts	1697337441068
166484 root      20   0   74.6g   7.8g   1.8g R 225.0   1.1   3:50.81 nts	1697337441760
166484 root      20   0   75.1g   8.2g   2.3g R  82.4   1.1   3:51.31 nts	1697337442454
166484 root      20   0   75.1g   8.2g   2.3g R 106.2   1.1   3:52.00 nts	1697337443150
166484 root      20   0   75.1g   8.2g   2.3g R 105.9   1.1   3:52.70 nts	1697337443842
166484 root      20   0   76.0g   9.1g   3.2g R  23.5   1.3   3:53.26 nts	1697337444534
166484 root      20   0   76.0g   9.1g   3.2g R 100.0   1.3   3:53.85 nts	1697337445228
166484 root      20   0   76.0g   9.1g   3.2g R 100.0   1.3   3:54.54 nts	1697337445921
166484 root      20   0   76.0g   9.1g   3.2g R 100.0   1.3   3:55.23 nts	1697337446613
166484 root      20   0   76.0g   9.1g   3.2g R 100.0   1.3   3:55.92 nts	1697337447300
166484 root      20   0   76.0g   9.1g   3.2g R 106.2   1.3   3:56.62 nts	1697337447991
166484 root      20   0   76.0g   9.1g   3.2g R 100.0   1.3   3:57.30 nts	1697337448681
166484 root      20   0   76.0g   9.1g   3.2g R 106.2   1.3   3:58.00 nts	1697337449369
166484 root      20   0   76.0g   9.1g   3.2g R 106.2   1.3   3:58.69 nts	1697337450060
166484 root      20   0   76.0g   9.1g   3.2g R 106.2   1.3   3:59.38 nts	1697337450750
166484 root      20   0   76.0g   9.1g   3.2g R 100.0   1.3   4:00.06 nts	1697337451441
166484 root      20   0   76.0g   9.1g   3.2g R 100.0   1.3   4:00.75 nts	1697337452131
166484 root      20   0   76.0g   9.1g   3.2g R 106.2   1.3   4:01.45 nts	1697337452819
166484 root      20   0   76.0g   9.1g   3.2g R 100.0   1.3   4:02.14 nts	1697337453511
166484 root      20   0   76.0g   9.1g   3.2g R 106.2   1.3   4:02.83 nts	1697337454201
166484 root      20   0   76.0g   9.1g   3.2g R 106.2   1.3   4:03.53 nts	1697337454891
166484 root      20   0   76.0g   9.1g   3.2g R  94.1   1.3   4:04.22 nts	1697337455582
166484 root      20   0   76.0g   9.1g   3.2g R 100.0   1.3   4:04.91 nts	1697337456273
166484 root      20   0   76.0g   9.1g   3.2g R 106.2   1.3   4:05.60 nts	1697337456961
166484 root      20   0   76.0g   9.1g   3.2g R 106.2   1.3   4:06.29 nts	1697337457650
166484 root      20   0   76.0g   9.1g   3.2g R 100.0   1.3   4:06.98 nts	1697337458339
166484 root      20   0   76.0g   9.1g   3.2g R 100.0   1.3   4:07.67 nts	1697337459026
166484 root      20   0   76.0g   9.1g   3.2g R 100.0   1.3   4:08.35 nts	1697337459715
166484 root      20   0   76.0g   9.1g   3.2g R 106.2   1.3   4:09.04 nts	1697337460403
166484 root      20   0   76.0g   9.1g   3.2g R 106.2   1.3   4:09.74 nts	1697337461091
166484 root      20   0   76.0g   9.1g   3.2g R 106.2   1.3   4:10.43 nts	1697337461780
166484 root      20   0   76.0g   9.1g   3.2g R 100.0   1.3   4:11.11 nts	1697337462469
166484 root      20   0   76.0g   9.1g   3.2g R  94.1   1.3   4:11.80 nts	1697337463157
166484 root      20   0   76.0g   9.1g   3.2g R 100.0   1.3   4:12.49 nts	1697337463846
166484 root      20   0   76.0g   9.1g   3.2g R 100.0   1.3   4:13.18 nts	1697337464535
166484 root      20   0   76.0g   9.1g   3.2g R 100.0   1.3   4:13.87 nts	1697337465223
166484 root      20   0   76.0g   9.1g   3.2g R 106.2   1.3   4:14.56 nts	1697337465911
166484 root      20   0   76.0g   9.1g   3.2g R 100.0   1.3   4:15.25 nts	1697337466600
166484 root      20   0   76.0g   9.1g   3.2g R  94.1   1.3   4:15.94 nts	1697337467289
166484 root      20   0   76.0g   9.1g   3.2g R 100.0   1.3   4:16.63 nts	1697337467978
166484 root      20   0   76.0g   9.1g   3.2g R 100.0   1.3   4:17.32 nts	1697337468666
166484 root      20   0   76.0g   9.1g   3.2g R  94.1   1.3   4:18.01 nts	1697337469354
166484 root      20   0   76.0g   9.1g   3.2g R 106.2   1.3   4:18.70 nts	1697337470043
166484 root      20   0   76.0g   9.1g   3.2g R 106.2   1.3   4:19.39 nts	1697337470732
166484 root      20   0   76.0g   9.1g   3.2g R  94.1   1.3   4:20.08 nts	1697337471423
166484 root      20   0   76.0g   9.1g   3.2g R 100.0   1.3   4:20.78 nts	1697337472115
166484 root      20   0   76.0g   9.1g   3.2g R  94.1   1.3   4:21.47 nts	1697337472807
166484 root      20   0   76.0g   9.1g   3.2g R  94.1   1.3   4:22.16 nts	1697337473498
166484 root      20   0   76.0g   9.1g   3.2g R 100.0   1.3   4:22.85 nts	1697337474189
166484 root      20   0   76.0g   9.1g   3.2g R 106.2   1.3   4:23.55 nts	1697337474880
166484 root      20   0   76.0g   9.1g   3.2g R 100.0   1.3   4:24.24 nts	1697337475572
166484 root      20   0   76.0g   9.1g   3.2g R 100.0   1.3   4:24.93 nts	1697337476264
166484 root      20   0   76.0g   9.1g   3.2g R  94.1   1.3   4:25.62 nts	1697337476957
166484 root      20   0   76.0g   9.1g   3.2g R 106.2   1.3   4:26.32 nts	1697337477649
166484 root      20   0   76.0g   9.1g   3.2g R  94.1   1.3   4:27.01 nts	1697337478342
166484 root      20   0   76.0g   9.1g   3.2g R 100.0   1.3   4:27.71 nts	1697337479034
166484 root      20   0   76.0g   9.1g   3.2g R  94.1   1.3   4:28.40 nts	1697337479726
166484 root      20   0   76.0g   9.1g   3.2g R 100.0   1.3   4:29.09 nts	1697337480415
166484 root      20   0   76.0g   9.1g   3.2g R 100.0   1.3   4:29.78 nts	1697337481104
166484 root      20   0   76.0g   9.1g   3.2g R 106.2   1.3   4:30.47 nts	1697337481792
166484 root      20   0   76.0g   9.1g   3.2g R 100.0   1.3   4:31.15 nts	1697337482481
166484 root      20   0   76.0g   9.1g   3.2g R 106.2   1.3   4:31.85 nts	1697337483170
166484 root      20   0   76.0g   9.1g   3.2g R  94.1   1.3   4:32.53 nts	1697337483857
166484 root      20   0   76.0g   9.1g   3.2g R 100.0   1.3   4:33.23 nts	1697337484546
166484 root      20   0   76.0g   9.1g   3.2g R 100.0   1.3   4:33.92 nts	1697337485235
166484 root      20   0   76.0g   9.1g   3.2g R 100.0   1.3   4:34.61 nts	1697337485924
166484 root      20   0   76.0g   9.1g   3.2g R  94.1   1.3   4:35.30 nts	1697337486616
166484 root      20   0   76.0g   9.1g   3.2g R  94.1   1.3   4:35.99 nts	1697337487304
166484 root      20   0   76.0g   9.1g   3.2g R  94.1   1.3   4:36.68 nts	1697337487997
166484 root      20   0   76.0g   9.1g   3.2g R 100.0   1.3   4:37.38 nts	1697337488688
166484 root      20   0   76.0g   9.1g   3.2g R 100.0   1.3   4:38.07 nts	1697337489380
166484 root      20   0   76.0g   9.1g   3.2g R 100.0   1.3   4:38.75 nts	1697337490070
166484 root      20   0   76.0g   9.1g   3.2g R 100.0   1.3   4:39.45 nts	1697337490758
166484 root      20   0   76.0g   9.1g   3.2g R  94.1   1.3   4:40.14 nts	1697337491449
166484 root      20   0   76.0g   9.1g   3.2g R 100.0   1.3   4:40.83 nts	1697337492139
166484 root      20   0   76.0g   9.1g   3.2g R 100.0   1.3   4:41.52 nts	1697337492827
166484 root      20   0   76.0g   9.1g   3.2g R 100.0   1.3   4:42.21 nts	1697337493518
166484 root      20   0   76.0g   9.1g   3.2g R 100.0   1.3   4:42.90 nts	1697337494207
166484 root      20   0   76.0g   9.1g   3.2g R  94.1   1.3   4:43.59 nts	1697337494895
166484 root      20   0   76.0g   9.1g   3.2g R  94.1   1.3   4:44.28 nts	1697337495586
166484 root      20   0   76.0g   9.1g   3.2g R 100.0   1.3   4:44.97 nts	1697337496275
166484 root      20   0   76.0g   9.1g   3.2g R 100.0   1.3   4:45.67 nts	1697337496965
166484 root      20   0   76.0g   9.1g   3.2g R  94.1   1.3   4:46.35 nts	1697337497656
166484 root      20   0   76.0g   9.1g   3.2g R  94.1   1.3   4:47.04 nts	1697337498346
166484 root      20   0   76.0g   9.1g   3.2g R 100.0   1.3   4:47.74 nts	1697337499036
166484 root      20   0   76.0g   9.1g   3.2g R  94.1   1.3   4:48.43 nts	1697337499728
166484 root      20   0   76.0g   9.1g   3.2g R 100.0   1.3   4:49.12 nts	1697337500419
166484 root      20   0   76.0g   9.1g   3.2g R 100.0   1.3   4:49.81 nts	1697337501111
166484 root      20   0   76.0g   9.1g   3.2g R 106.2   1.3   4:50.51 nts	1697337501799
166484 root      20   0   76.0g   9.1g   3.2g R 106.2   1.3   4:51.20 nts	1697337502489
166484 root      20   0   76.0g   9.1g   3.2g R 100.0   1.3   4:51.89 nts	1697337503182
166484 root      20   0   76.0g   9.1g   3.2g R 100.0   1.3   4:52.58 nts	1697337503872
166484 root      20   0   76.0g   9.1g   3.2g R 100.0   1.3   4:53.28 nts	1697337504560
166484 root      20   0   76.0g   9.1g   3.2g R 100.0   1.3   4:53.97 nts	1697337505253
166484 root      20   0   76.0g   9.1g   3.2g R  94.1   1.3   4:54.65 nts	1697337505944
166484 root      20   0   76.0g   9.1g   3.2g R 100.0   1.3   4:55.35 nts	1697337506635
166484 root      20   0   76.0g   9.1g   3.2g R 100.0   1.3   4:56.04 nts	1697337507330
166484 root      20   0   76.0g   9.1g   3.2g R 100.0   1.3   4:56.74 nts	1697337508023
166484 root      20   0   76.0g   9.1g   3.2g R 100.0   1.3   4:57.44 nts	1697337508720
166484 root      20   0   76.0g   9.1g   3.2g R 100.0   1.3   4:58.14 nts	1697337509415
166484 root      20   0   76.0g   9.1g   3.2g R 100.0   1.3   4:58.83 nts	1697337510109
166484 root      20   0   76.0g   9.1g   3.2g R  94.1   1.3   4:59.52 nts	1697337510806
166484 root      20   0   76.0g   9.1g   3.2g R 100.0   1.3   5:00.22 nts	1697337511500
166484 root      20   0   76.0g   9.1g   3.2g R 100.0   1.3   5:00.91 nts	1697337512193
166484 root      20   0   76.0g   9.1g   3.2g R 100.0   1.3   5:01.61 nts	1697337512882
166484 root      20   0   76.0g   9.1g   3.2g R 100.0   1.3   5:02.30 nts	1697337513576
166484 root      20   0   76.0g   9.1g   3.2g R 105.9   1.3   5:03.00 nts	1697337514267
166484 root      20   0   76.0g   9.1g   3.2g R 100.0   1.3   5:03.70 nts	1697337514961
166484 root      20   0   76.0g   9.1g   3.2g R  94.1   1.3   5:04.39 nts	1697337515664
166484 root      20   0   76.2g   9.1g   3.2g R  29.4   1.3   5:04.86 nts	1697337516356
166484 root      20   0   76.5g   9.2g   3.2g D  93.8   1.3   5:05.96 nts	1697337517049
166484 root      20   0   76.6g   9.3g   3.2g R  94.1   1.3   5:06.26 nts	1697337517743
166484 root      20   0   76.8g   9.4g   3.2g D  58.8   1.3   5:06.88 nts	1697337518438
166484 root      20   0   76.9g   9.4g   3.2g R 100.0   1.3   5:07.22 nts	1697337519130
166484 root      20   0   77.2g   9.5g   3.2g D   5.9   1.3   5:07.73 nts	1697337519818
166484 root      20   0   77.5g   9.6g   3.2g R 100.0   1.3   5:08.20 nts	1697337520506
166484 root      20   0   77.7g   9.6g   3.2g D   5.9   1.3   5:08.61 nts	1697337521193
166484 root      20   0       0      0      0 R  88.2   0.0   5:09.27 nts	1697337521886
166484 root      20   0       0      0      0 D   0.0   0.0   5:09.50 nts	1697337522576
166484 root      20   0       0      0      0 R  88.2   0.0   5:10.05 nts	1697337523267
166484 root      20   0       0      0      0 D   0.0   0.0   5:10.33 nts	1697337523957
166484 root      20   0       0      0      0 R 100.0   0.0   5:10.87 nts	1697337524648
