164598 toao      20   0 2563516  95180  67700 R 100.0   0.0   0:00.16 nts	1688359926107
164598 toao      20   0 5311784 230304 115692 R  3188   0.1   0:13.26 nts	1688359926814
164598 toao      20   0 5495888 359096 116048 R 306.7   0.2   0:30.01 nts	1688359927497
164598 toao      20   0 5495888 377840 116048 R 200.0   0.2   0:31.36 nts	1688359928172
164598 toao      20   0 5495888 383648 116048 R 200.0   0.2   0:32.71 nts	1688359928857
164598 toao      20   0 5495888 383648 116048 R 200.0   0.2   0:34.07 nts	1688359929542
164598 toao      20   0 5495888 383648 116048 R 200.0   0.2   0:35.42 nts	1688359930226
164598 toao      20   0 5495888 383648 116048 R 200.0   0.2   0:36.78 nts	1688359930910
164598 toao      20   0 5495888 383648 116048 R 194.1   0.2   0:38.14 nts	1688359931593
164598 toao      20   0 5495888 383648 116048 R 206.2   0.2   0:39.51 nts	1688359932282
164598 toao      20   0 5495888 383648 116048 R 200.0   0.2   0:40.86 nts	1688359932971
164598 toao      20   0 5495888 383648 116048 R 206.2   0.2   0:42.23 nts	1688359933659
164598 toao      20   0 5495888 383648 116048 R 200.0   0.2   0:43.58 nts	1688359934346
164598 toao      20   0 5495888 384704 116048 R 200.0   0.2   0:44.94 nts	1688359935032
164598 toao      20   0 5495888 387608 116048 R 200.0   0.2   0:46.30 nts	1688359935720
164598 toao      20   0 5495888 390512 116048 R 200.0   0.2   0:47.66 nts	1688359936408
164598 toao      20   0 5495888 393152 116048 R 200.0   0.2   0:49.02 nts	1688359937094
164598 toao      20   0 7220088   1.1g 116176 R  1156   0.6   0:53.18 nts	1688359937782
164598 toao      20   0 7220088   1.1g 116176 R 981.2   0.6   0:59.77 nts	1688359938463
164598 toao      20   0 7220088   1.1g 116176 R  1262   0.6   1:07.00 nts	1688359939148
164598 toao      20   0 7220088   1.1g 116176 R  1238   0.6   1:15.74 nts	1688359939839
164598 toao      20   0 7220088   1.1g 116176 R  1431   0.6   1:23.89 nts	1688359940530
164598 toao      20   0 7220088   1.1g 116176 R  1267   0.6   1:31.37 nts	1688359941217
164598 toao      20   0 7220088   1.2g 116176 R  1181   0.6   1:39.15 nts	1688359941893
164598 toao      20   0 7220088   1.2g 116176 R  1188   0.7   1:46.53 nts	1688359942575
164598 toao      20   0 7220088   1.3g 116176 R  1169   0.7   1:54.51 nts	1688359943275
164598 toao      20   0 8354556   1.3g 116208 R 525.0   0.7   2:00.90 nts	1688359943953
164598 toao      20   0 8413068   1.3g 116208 R 200.0   0.7   2:02.76 nts	1688359944646
164598 toao      20   0 8413068   1.4g 116208 R 206.2   0.7   2:04.12 nts	1688359945336
164598 toao      20   0 8413068   1.4g 116208 R 206.2   0.7   2:05.47 nts	1688359946018
164598 toao      20   0 8413068   1.4g 116208 R 188.2   0.7   2:06.84 nts	1688359946703
164598 toao      20   0 8413068   1.4g 116208 R 188.2   0.7   2:08.19 nts	1688359947394
164598 toao      20   0 8413068   1.4g 116208 R 212.5   0.7   2:09.56 nts	1688359948080
164598 toao      20   0 8413068   1.4g 116208 R 200.0   0.7   2:10.90 nts	1688359948767
164598 toao      20   0 8413068   1.4g 116208 R 194.1   0.7   2:12.28 nts	1688359949453
164598 toao      20   0 8413068   1.4g 116208 R 188.2   0.7   2:13.64 nts	1688359950143
164598 toao      20   0 8413068   1.4g 116208 R 188.2   0.7   2:15.00 nts	1688359950833
164598 toao      20   0 8413068   1.4g 116208 R 194.1   0.7   2:16.37 nts	1688359951523
164598 toao      20   0 8413068   1.4g 116208 R 206.2   0.7   2:17.73 nts	1688359952211
164598 toao      20   0 9871.1m   1.5g 116208 R 737.5   0.8   2:20.34 nts	1688359952898
164598 toao      20   0 9871.1m   1.6g 116208 R  2062   0.9   2:28.24 nts	1688359953578
164598 toao      20   0 9871.1m   1.7g 116208 R  1500   0.9   2:39.86 nts	1688359954259
164598 toao      20   0 9871.1m   1.8g 116208 R 793.8   1.0   2:46.64 nts	1688359954937
164598 toao      20   0 9871.1m   1.9g 116208 R 543.8   1.0   2:50.70 nts	1688359955622
164598 toao      20   0 9871.1m   2.0g 116208 R 582.4   1.1   2:54.96 nts	1688359956304
164598 toao      20   0 9871.1m   2.1g 116208 R 537.5   1.1   2:58.85 nts	1688359956993
164598 toao      20   0 9871.1m   2.3g 116208 R 675.0   1.2   3:03.21 nts	1688359957671
164598 toao      20   0   10.8g   2.3g 116208 R 100.0   1.2   3:05.98 nts	1688359958358
164598 toao      20   0   10.9g   2.4g 116208 R 100.0   1.3   3:07.07 nts	1688359959048
164598 toao      20   0   10.9g   2.4g 116208 R 100.0   1.3   3:07.75 nts	1688359959739
164598 toao      20   0   10.9g   2.4g 116208 R 106.2   1.3   3:08.45 nts	1688359960426
164598 toao      20   0   10.9g   2.4g 116208 R 100.0   1.3   3:09.13 nts	1688359961116
164598 toao      20   0   10.9g   2.4g 116208 R  94.1   1.3   3:09.82 nts	1688359961803
164598 toao      20   0   10.9g   2.4g 116208 R 106.2   1.3   3:10.51 nts	1688359962492
164598 toao      20   0   10.9g   2.4g 116208 R 100.0   1.3   3:11.20 nts	1688359963179
164598 toao      20   0   11.8g   2.4g 116208 R 106.2   1.3   3:11.88 nts	1688359963868
164598 toao      20   0   11.8g   3.0g 116208 R 106.2   1.6   3:12.57 nts	1688359964556
164598 toao      20   0   11.8g   3.1g 116208 R 100.0   1.7   3:13.26 nts	1688359965244
164598 toao      20   0   11.8g   3.1g 116208 R 100.0   1.7   3:13.94 nts	1688359965932
164598 toao      20   0   11.8g   3.1g 116208 R 100.0   1.7   3:14.63 nts	1688359966616
164598 toao      20   0   11.8g   3.1g 116208 R  94.1   1.7   3:15.31 nts	1688359967304
164598 toao      20   0   11.8g   3.1g 116208 R 106.2   1.7   3:16.01 nts	1688359967992
164598 toao      20   0   11.8g   3.1g 116208 R 100.0   1.7   3:16.69 nts	1688359968680
164598 toao      20   0   11.8g   3.1g 116208 R 100.0   1.7   3:17.38 nts	1688359969368
164598 toao      20   0   11.8g   3.1g 116208 R 100.0   1.7   3:18.07 nts	1688359970056
164598 toao      20   0   11.8g   3.1g 116208 R  88.2   1.7   3:18.75 nts	1688359970744
164598 toao      20   0   11.8g   3.1g 116208 R 100.0   1.7   3:19.44 nts	1688359971432
164598 toao      20   0   11.8g   3.1g 116208 R 106.2   1.7   3:20.14 nts	1688359972120
164598 toao      20   0   11.8g   3.1g 116208 R 100.0   1.7   3:20.82 nts	1688359972807
164598 toao      20   0   11.8g   3.2g 116208 R 100.0   1.7   3:21.51 nts	1688359973494
164598 toao      20   0   11.8g   3.2g 116208 R  88.2   1.7   3:22.19 nts	1688359974183
164598 toao      20   0   11.8g   3.2g 116208 R  94.1   1.7   3:22.89 nts	1688359974872
164598 toao      20   0   11.8g   3.2g 116208 R 100.0   1.7   3:23.58 nts	1688359975567
164598 toao      20   0   11.8g   3.3g 116208 R 100.0   1.7   3:24.27 nts	1688359976256
164598 toao      20   0   11.8g   3.3g 116208 R 100.0   1.8   3:24.96 nts	1688359976944
164598 toao      20   0   11.8g   3.3g 116208 R 100.0   1.8   3:25.65 nts	1688359977634
164598 toao      20   0   16.9g   3.7g 241296 R 100.0   2.0   3:26.70 nts	1688359978322
164598 toao      20   0   17.8g   4.4g 357620 R 106.2   2.4   3:27.39 nts	1688359979007
164598 toao      20   0   19.6g   5.4g 510488 R 106.2   2.9   3:28.08 nts	1688359979697
164598 toao      20   0   19.7g   6.1g 510488 R 100.0   3.3   3:28.77 nts	1688359980384
164598 toao      20   0   19.7g   6.1g 510488 R 106.2   3.3   3:29.45 nts	1688359981071
164598 toao      20   0   30.9g   6.5g 871660 R 100.0   3.5   3:30.14 nts	1688359981760
164598 toao      20   0   30.9g   9.5g   3.8g R 106.2   5.1   3:30.83 nts	1688359982448
164598 toao      20   0   30.9g  12.5g   6.8g R 106.2   6.7   3:31.52 nts	1688359983136
164598 toao      20   0   30.9g  15.4g   9.8g R 106.2   8.2   3:32.21 nts	1688359983828
164598 toao      20   0   30.9g  17.3g  11.6g R 100.0   9.2   3:32.89 nts	1688359984517
164598 toao      20   0   30.9g  17.3g  11.6g R 100.0   9.2   3:33.58 nts	1688359985204
164598 toao      20   0   30.9g  17.3g  11.6g R 100.0   9.2   3:34.27 nts	1688359985893
164598 toao      20   0   30.9g  17.3g  11.6g R 100.0   9.2   3:34.96 nts	1688359986582
164598 toao      20   0   30.9g  17.3g  11.6g R 106.2   9.2   3:35.65 nts	1688359987271
164598 toao      20   0   30.9g  17.3g  11.6g R 106.2   9.2   3:36.34 nts	1688359987958
164598 toao      20   0   30.9g  17.3g  11.6g R 100.0   9.2   3:37.02 nts	1688359988646
164598 toao      20   0   30.9g  17.3g  11.6g R 100.0   9.2   3:37.71 nts	1688359989335
164598 toao      20   0   30.9g  17.3g  11.6g R 100.0   9.2   3:38.40 nts	1688359990023
164598 toao      20   0   30.9g  17.3g  11.6g R 106.2   9.2   3:39.09 nts	1688359990711
164598 toao      20   0   30.9g  17.3g  11.6g R 100.0   9.2   3:39.77 nts	1688359991400
164598 toao      20   0   30.9g  17.3g  11.6g R 100.0   9.2   3:40.47 nts	1688359992087
164598 toao      20   0   30.9g  17.3g  11.6g R 100.0   9.2   3:41.16 nts	1688359992774
164598 toao      20   0   30.9g  17.3g  11.6g R 100.0   9.2   3:41.84 nts	1688359993462
164598 toao      20   0   30.9g  17.3g  11.6g R 100.0   9.2   3:42.53 nts	1688359994148
164598 toao      20   0   30.9g  17.3g  11.6g R 106.2   9.2   3:43.22 nts	1688359994835
164598 toao      20   0   30.9g  17.3g  11.6g R  94.1   9.2   3:43.90 nts	1688359995523
164598 toao      20   0   30.9g  17.3g  11.6g R 100.0   9.2   3:44.59 nts	1688359996212
164598 toao      20   0   30.9g  17.3g  11.6g R 100.0   9.2   3:45.28 nts	1688359996901
164598 toao      20   0   30.9g  17.3g  11.6g R 100.0   9.2   3:45.97 nts	1688359997590
164598 toao      20   0   30.9g  17.3g  11.6g R 106.2   9.2   3:46.66 nts	1688359998279
164598 toao      20   0   30.9g  17.3g  11.6g R 106.2   9.3   3:47.35 nts	1688359998967
164598 toao      20   0   30.9g  17.3g  11.6g R 100.0   9.3   3:48.03 nts	1688359999655
164598 toao      20   0   30.9g  17.3g  11.6g R  94.1   9.3   3:48.72 nts	1688360000343
164598 toao      20   0   30.9g  17.3g  11.6g R 100.0   9.3   3:49.40 nts	1688360001031
164598 toao      20   0   30.9g  17.3g  11.6g R 100.0   9.3   3:50.09 nts	1688360001717
164598 toao      20   0   30.9g  17.3g  11.6g R 106.2   9.3   3:50.79 nts	1688360002407
164598 toao      20   0   30.9g  17.3g  11.6g R  94.1   9.3   3:51.47 nts	1688360003094
164598 toao      20   0   30.8g  17.4g  11.7g R  94.1   9.3   3:52.30 nts	1688360003783
164598 toao      20   0   32.0g  17.5g  11.7g R  1556   9.4   3:55.64 nts	1688360004469
164598 toao      20   0   32.0g  17.6g  11.7g R 862.5   9.4   4:06.16 nts	1688360005172
164598 toao      20   0   32.0g  17.6g  11.7g R 931.2   9.4   4:17.21 nts	1688360005896
164598 toao      20   0   32.0g  17.6g  11.7g R 211.8   9.4   4:26.91 nts	1688360006605
164598 toao      20   0   32.0g  17.6g  11.7g R 306.2   9.4   4:38.02 nts	1688360007314
164598 toao      20   0   32.0g  17.5g  11.7g R 376.5   9.4   4:48.96 nts	1688360008025
164598 toao      20   0   32.0g  17.6g  11.7g R  3112   9.4   4:59.67 nts	1688360008700
164598 toao      20   0   32.0g  17.6g  11.7g R  1700   9.4   5:03.36 nts	1688360009377
164598 toao      20   0   32.0g  17.6g  11.7g R 825.0   9.4   5:13.55 nts	1688360010084
164598 toao      20   0   32.0g  17.5g  11.7g R 175.0   9.4   5:23.44 nts	1688360010792
164598 toao      20   0   32.0g  17.5g  11.7g R 361.1   9.4   5:34.49 nts	1688360011498
164598 toao      20   0   32.0g  17.5g  11.7g R  1017   9.4   5:45.56 nts	1688360012218
164598 toao      20   0   31.9g  17.5g  11.7g R  2447   9.3   5:56.58 nts	1688360012938
164598 toao      20   0   32.0g  17.6g  11.7g R  2694   9.4   6:06.94 nts	1688360013601
164598 toao      20   0   32.0g  17.6g  11.7g R  2306   9.4   6:17.02 nts	1688360014290
164598 toao      20   0   32.0g  17.6g  11.7g R  2006   9.4   6:27.66 nts	1688360014992
164598 toao      20   0   32.0g  17.6g  11.7g R  2194   9.4   6:38.69 nts	1688360015713
164598 toao      20   0   32.0g  17.6g  11.7g R  1929   9.4   6:49.41 nts	1688360016425
164598 toao      20   0   32.0g  17.6g  11.7g R  1888   9.4   7:00.24 nts	1688360017133
164598 toao      20   0   32.0g  17.6g  11.7g R  1420   9.4   7:10.16 nts	1688360017857
164598 toao      20   0   32.0g  17.6g  11.7g R 225.0   9.4   7:19.35 nts	1688360018565
164598 toao      20   0   32.0g  17.6g  11.7g R 252.9   9.4   7:30.22 nts	1688360019270
164598 toao      20   0   32.0g  17.6g  11.7g R 252.9   9.4   7:41.05 nts	1688360019976
164598 toao      20   0   32.0g  17.5g  11.7g R 400.0   9.4   7:52.03 nts	1688360020679
164598 toao      20   0   32.0g  17.5g  11.7g R  1712   9.4   8:03.06 nts	1688360021386
164598 toao      20   0   32.0g  17.5g  11.7g R  1906   9.3   8:14.00 nts	1688360022086
164598 toao      20   0   32.0g  17.6g  11.7g R  2881   9.4   8:24.34 nts	1688360022763
164598 toao      20   0   32.0g  17.6g  11.7g R  1718   9.4   8:33.76 nts	1688360023453
164598 toao      20   0   32.0g  17.6g  11.7g R 646.7   9.4   8:42.93 nts	1688360024148
164598 toao      20   0   32.0g  17.6g  11.7g R 835.3   9.4   8:54.19 nts	1688360024845
164598 toao      20   0   32.0g  17.6g  11.7g R 593.8   9.4   9:04.78 nts	1688360025572
164598 toao      20   0   32.0g  17.6g  11.7g R 280.0   9.4   9:15.12 nts	1688360026276
164598 toao      20   0   32.0g  17.6g  11.7g R 300.0   9.4   9:26.06 nts	1688360026984
164598 toao      20   0   32.0g  17.5g  11.7g R 255.6   9.4   9:36.83 nts	1688360027687
164598 toao      20   0   32.0g  17.5g  11.7g R  1850   9.4   9:47.98 nts	1688360028382
164598 toao      20   0   31.9g  17.5g  11.7g S  1478   9.3   9:58.72 nts	1688360029098
164598 toao      20   0   32.0g  17.6g  11.7g R  1944   9.4  10:07.73 nts	1688360029783
164598 toao      20   0   31.9g  17.5g  11.7g S 113.3   9.3  10:15.99 nts	1688360030476
164598 toao      20   0   31.9g  17.5g  11.7g S 106.2   9.3  10:16.68 nts	1688360031157
164598 toao      20   0   32.0g  17.6g  11.7g R 268.8   9.4  10:23.66 nts	1688360031849
164598 toao      20   0   32.0g  17.5g  11.7g R  1381   9.4  10:34.74 nts	1688360032554
164598 toao      20   0   31.9g  17.5g  11.7g S  1211   9.3  10:45.51 nts	1688360033238
164598 toao      20   0   32.0g  17.6g  11.7g R  1044   9.4  10:53.27 nts	1688360033938
164598 toao      20   0   32.0g  17.6g  11.7g R 968.8   9.4  11:03.94 nts	1688360034642
164598 toao      20   0   32.0g  17.6g  11.7g R  1194   9.4  11:15.11 nts	1688360035353
164598 toao      20   0   32.0g  17.6g  11.7g R 912.5   9.4  11:25.51 nts	1688360036064
164598 toao      20   0   32.0g  17.6g  11.7g R 186.7   9.4  11:35.28 nts	1688360036757
164598 toao      20   0   32.0g  17.5g  11.7g R 961.1   9.4  11:46.52 nts	1688360037462
164598 toao      20   0   31.9g  17.5g  11.7g S  1806   9.3  11:57.70 nts	1688360038170
164598 toao      20   0   31.9g  17.5g  11.7g R  2706   9.3  12:08.37 nts	1688360038863
164598 toao      20   0   32.0g  17.6g  11.7g R  1988   9.4  12:17.33 nts	1688360039544
164598 toao      20   0   32.0g  17.6g  11.7g R  1606   9.4  12:27.90 nts	1688360040232
164598 toao      20   0   32.0g  17.6g  11.7g R 170.6   9.4  12:36.39 nts	1688360040932
164598 toao      20   0   32.0g  17.6g  11.7g R 268.8   9.4  12:47.33 nts	1688360041632
164598 toao      20   0   32.0g  17.5g  11.7g R 283.3   9.4  12:58.19 nts	1688360042334
164598 toao      20   0   31.9g  17.5g  11.7g R 541.2   9.3  13:08.91 nts	1688360043050
164598 toao      20   0   31.9g  17.5g  11.7g R  2894   9.3  13:19.82 nts	1688360043709
164598 toao      20   0   32.0g  17.6g  11.7g R  2431   9.4  13:29.55 nts	1688360044395
164598 toao      20   0   32.0g  17.6g  11.7g R  1844   9.4  13:39.54 nts	1688360045097
164598 toao      20   0   32.0g  17.6g  11.7g R  1694   9.4  13:50.19 nts	1688360045804
164598 toao      20   0   32.0g  17.6g  11.7g R 831.2   9.4  13:59.88 nts	1688360046512
164598 toao      20   0   32.0g  17.6g  11.7g R 212.5   9.4  14:09.73 nts	1688360047217
164598 toao      20   0   32.0g  17.6g  11.7g R 325.0   9.4  14:20.60 nts	1688360047916
164598 toao      20   0   32.0g  17.5g  11.7g R 527.8   9.4  14:31.62 nts	1688360048634
164598 toao      20   0   32.0g  17.5g  11.7g R  1412   9.4  14:42.70 nts	1688360049334
164598 toao      20   0   32.0g  17.5g  11.7g R  1594   9.4  14:53.63 nts	1688360050037
164598 toao      20   0   32.0g  17.5g  11.7g R  1626   9.4  15:04.58 nts	1688360050738
164598 toao      20   0   58.3g  18.5g  12.6g R 212.5   9.9  15:11.85 nts	1688360051437
164598 toao      20   0   62.0g  20.3g  14.4g R 194.1  10.8  15:13.21 nts	1688360052125
164598 toao      20   0   69.0g  20.6g  14.5g S  2106  11.0  15:24.39 nts	1688360052808
164598 toao      20   0   69.9g  20.6g  14.5g S  1971  11.0  15:38.80 nts	1688360053513
164598 toao      20   0   69.9g  20.6g  14.5g S  2062  11.0  15:53.75 nts	1688360054193
164598 toao      20   0   69.9g  20.6g  14.5g S  2175  11.0  16:07.87 nts	1688360054872
164598 toao      20   0   69.8g  20.6g  14.5g S  1969  11.0  16:22.04 nts	1688360055566
164598 toao      20   0   69.9g  20.6g  14.5g S  2000  11.0  16:36.43 nts	1688360056248
164598 toao      20   0   70.4g  20.6g  14.5g S  2119  11.0  16:50.68 nts	1688360056931
164598 toao      20   0   70.5g  20.6g  14.5g S  2144  11.0  17:05.03 nts	1688360057609
164598 toao      20   0   77.2g  20.6g  14.5g S  2175  11.0  17:19.05 nts	1688360058298
164598 toao      20   0   77.3g  20.6g  14.5g S  2069  11.0  17:33.10 nts	1688360058983
164598 toao      20   0   77.3g  20.6g  14.5g S  2275  11.0  17:47.98 nts	1688360059662
164598 toao      20   0   77.3g  20.6g  14.5g S  1931  11.0  18:02.69 nts	1688360060360
164598 toao      20   0   77.9g  20.6g  14.5g S  2056  11.0  18:16.75 nts	1688360061032
164598 toao      20   0   77.8g  20.6g  14.5g S  1938  11.0  18:30.68 nts	1688360061720
164598 toao      20   0   77.3g  20.6g  14.5g S  2175  11.0  18:44.86 nts	1688360062394
164598 toao      20   0   77.7g  20.6g  14.5g S  2150  11.0  18:59.22 nts	1688360063073
164598 toao      20   0   77.7g  20.6g  14.5g S  2200  11.0  19:13.37 nts	1688360063756
164598 toao      20   0   77.7g  20.6g  14.5g S  2025  11.0  19:27.64 nts	1688360064444
164598 toao      20   0   77.7g  20.6g  14.5g S  2327  11.0  19:42.07 nts	1688360065117
164598 toao      20   0   77.7g  20.6g  14.5g S  2156  11.0  19:56.98 nts	1688360065798
164598 toao      20   0   78.2g  20.6g  14.5g S  2225  11.0  20:11.17 nts	1688360066486
164598 toao      20   0   77.7g  20.6g  14.5g S  2175  11.0  20:25.39 nts	1688360067167
164598 toao      20   0   77.7g  20.6g  14.5g S  1888  11.0  20:39.64 nts	1688360067854
164598 toao      20   0   78.2g  20.6g  14.5g S  2281  11.0  20:53.82 nts	1688360068537
164598 toao      20   0   77.7g  20.6g  14.5g S  1853  11.0  21:07.94 nts	1688360069224
164598 toao      20   0   77.7g  20.6g  14.5g S  2225  11.0  21:22.48 nts	1688360069913
164598 toao      20   0   77.7g  20.6g  14.5g S  2144  11.0  21:36.98 nts	1688360070599
164598 toao      20   0   77.7g  20.6g  14.5g S  2175  11.0  21:51.71 nts	1688360071286
164598 toao      20   0   77.7g  20.6g  14.5g S  1988  11.0  22:05.93 nts	1688360071965
164598 toao      20   0   77.7g  20.6g  14.5g S  2006  11.0  22:20.06 nts	1688360072650
164598 toao      20   0   77.7g  20.6g  14.5g S  2269  11.0  22:34.46 nts	1688360073332
164598 toao      20   0   77.7g  20.6g  14.5g S  2206  11.0  22:48.56 nts	1688360074011
164598 toao      20   0   77.8g  20.6g  14.5g S  1824  11.0  23:02.59 nts	1688360074695
164598 toao      20   0   77.2g  20.6g  14.5g S  2031  11.0  23:16.79 nts	1688360075382
164598 toao      20   0   78.0g  20.6g  14.5g S  1894  11.0  23:30.77 nts	1688360076064
164598 toao      20   0   78.0g  20.6g  14.5g S  2244  11.0  23:45.31 nts	1688360076756
164598 toao      20   0   78.5g  20.6g  14.5g S  1935  11.0  24:00.18 nts	1688360077443
164598 toao      20   0   78.0g  20.6g  14.5g S  2194  11.0  24:14.76 nts	1688360078128
164598 toao      20   0   78.0g  20.6g  14.5g S  2106  11.0  24:29.19 nts	1688360078809
164598 toao      20   0   78.0g  20.6g  14.5g S  1988  11.0  24:43.04 nts	1688360079498
164598 toao      20   0   78.0g  20.6g  14.5g S  2171  11.0  24:57.57 nts	1688360080185
164598 toao      20   0   78.0g  20.6g  14.5g S  2019  11.0  25:11.77 nts	1688360080878
164598 toao      20   0   78.5g  20.6g  14.5g S  1888  11.0  25:25.78 nts	1688360081554
164598 toao      20   0   78.4g  20.6g  14.5g S  1962  11.0  25:39.95 nts	1688360082240
164598 toao      20   0   78.0g  20.6g  14.5g S  2138  11.0  25:54.88 nts	1688360082925
164598 toao      20   0   78.0g  20.6g  14.5g S  1956  11.0  26:08.96 nts	1688360083611
164598 toao      20   0   78.0g  20.6g  14.5g S  2194  11.0  26:23.14 nts	1688360084290
164598 toao      20   0   78.0g  20.6g  14.5g S  2181  11.0  26:37.25 nts	1688360084980
164598 toao      20   0   78.0g  20.6g  14.5g S  2025  11.0  26:51.24 nts	1688360085662
164598 toao      20   0   78.0g  20.6g  14.5g S  2041  11.0  27:05.80 nts	1688360086350
164598 toao      20   0   77.4g  20.6g  14.5g S  2031  11.0  27:19.42 nts	1688360087036
164598 toao      20   0   78.0g  20.6g  14.5g S  1988  11.0  27:33.85 nts	1688360087723
164598 toao      20   0   78.0g  20.6g  14.5g S  2100  11.0  27:48.22 nts	1688360088412
164598 toao      20   0   78.0g  20.6g  14.5g S  2206  11.0  28:03.27 nts	1688360089096
164598 toao      20   0   78.0g  20.6g  14.5g S  2006  11.0  28:17.34 nts	1688360089795
164598 toao      20   0   78.0g  20.6g  14.5g S  2250  11.0  28:31.77 nts	1688360090473
164598 toao      20   0   78.0g  20.6g  14.5g S  2050  11.0  28:46.07 nts	1688360091164
164598 toao      20   0   78.0g  20.6g  14.5g S  2047  11.0  29:00.58 nts	1688360091845
164598 toao      20   0   78.0g  20.6g  14.5g S  1931  11.0  29:14.52 nts	1688360092528
164598 toao      20   0   78.0g  20.6g  14.5g S  2175  11.0  29:28.82 nts	1688360093210
164598 toao      20   0   78.5g  20.6g  14.5g S  1935  11.0  29:43.37 nts	1688360093892
164598 toao      20   0   78.0g  20.6g  14.5g S  2188  11.0  29:58.24 nts	1688360094579
164598 toao      20   0   78.0g  20.6g  14.5g S  1862  11.0  30:11.80 nts	1688360095261
164598 toao      20   0   78.0g  20.6g  14.5g S  2031  11.0  30:26.34 nts	1688360095953
164598 toao      20   0   78.0g  20.6g  14.5g S  1994  11.0  30:40.91 nts	1688360096633
164598 toao      20   0   78.0g  20.6g  14.5g S  1924  11.0  30:54.80 nts	1688360097316
164598 toao      20   0   78.0g  20.6g  14.5g S  2050  11.0  31:09.35 nts	1688360098004
164598 toao      20   0   76.8g  20.6g  14.5g S  1812  11.0  31:23.30 nts	1688360098684
164598 toao      20   0   78.0g  20.6g  14.5g S  2194  11.0  31:37.81 nts	1688360099365
164598 toao      20   0   78.0g  20.6g  14.5g S  2300  11.0  31:52.71 nts	1688360100050
164598 toao      20   0   78.0g  20.6g  14.5g S  2182  11.0  32:07.27 nts	1688360100732
164598 toao      20   0   78.0g  20.6g  14.5g S  2169  11.0  32:21.52 nts	1688360101416
164598 toao      20   0   78.5g  20.6g  14.5g S  2031  11.0  32:35.51 nts	1688360102099
164598 toao      20   0   78.1g  20.6g  14.5g S  2056  11.0  32:49.57 nts	1688360102787
164598 toao      20   0   78.5g  20.6g  14.5g S  2081  11.0  33:04.29 nts	1688360103475
164598 toao      20   0   78.0g  20.6g  14.5g S  1938  11.0  33:18.39 nts	1688360104162
164598 toao      20   0   78.0g  20.6g  14.5g S  2162  11.0  33:32.44 nts	1688360104835
164598 toao      20   0   78.0g  20.6g  14.5g S  2076  11.0  33:46.81 nts	1688360105515
164598 toao      20   0   78.0g  20.6g  14.5g S  1918  11.0  34:01.76 nts	1688360106205
164598 toao      20   0   78.0g  20.6g  14.5g S  2169  11.0  34:16.35 nts	1688360106893
164598 toao      20   0   78.5g  20.6g  14.5g S  1931  11.0  34:30.40 nts	1688360107576
164598 toao      20   0   78.0g  20.6g  14.5g S  2181  11.0  34:44.82 nts	1688360108261
164598 toao      20   0   78.0g  20.6g  14.5g S  1969  11.0  34:59.06 nts	1688360108941
164598 toao      20   0   78.3g  20.6g  14.5g S  2075  11.0  35:13.49 nts	1688360109626
164598 toao      20   0       0      0      0 Z 100.0   0.0  35:24.17 nts	1688360110309
164598 toao      20   0       0      0      0 Z 100.0   0.0  35:24.86 nts	1688360110994
164598 toao      20   0       0      0      0 Z  94.1   0.0  35:25.47 nts	1688360111681
164598 toao      20   0       0      0      0 Z  94.1   0.0  35:26.15 nts	1688360112370
