2229873 toao      20   0 2495724 112760  72320 R 100.0   0.1   0:00.18 nts	1693341352481
2229873 toao      20   0 8389884 233748 114624 R  7865   0.2   0:37.71 nts	1693341353200
2229873 toao      20   0 8621164 363016 114868 R 212.5   0.3   1:00.35 nts	1693341353894
2229873 toao      20   0 8621164 382288 114868 R 212.5   0.3   1:01.73 nts	1693341354583
2229873 toao      20   0 8621164 387040 114868 R 194.1   0.3   1:03.11 nts	1693341355278
2229873 toao      20   0 8621164 387040 114868 R 188.2   0.3   1:04.48 nts	1693341355975
2229873 toao      20   0 8621164 387040 114868 R 225.0   0.3   1:05.89 nts	1693341356673
2229873 toao      20   0 8621164 387040 114868 R 194.1   0.3   1:07.28 nts	1693341357379
2229873 toao      20   0 8621164 387040 114868 R 218.8   0.3   1:08.69 nts	1693341358084
2229873 toao      20   0 8621164 412120 114868 R 205.9   0.3   1:10.08 nts	1693341358788
2229873 toao      20   0 8621164 412120 114868 R 188.9   0.3   1:11.48 nts	1693341359491
2229873 toao      20   0 8621164 412120 114868 R 205.9   0.3   1:12.89 nts	1693341360197
2229873 toao      20   0 8621164 413176 114868 R 211.8   0.3   1:14.30 nts	1693341360905
2229873 toao      20   0 8621164 419248 114868 R 218.8   0.3   1:15.69 nts	1693341361612
2229873 toao      20   0 8621164 428488 114868 R 200.0   0.3   1:17.08 nts	1693341362316
2229873 toao      20   0 8621164 436408 114868 R 205.9   0.3   1:18.49 nts	1693341363019
2229873 toao      20   0 8621164 443800 114868 R 212.5   0.3   1:19.88 nts	1693341363723
2229873 toao      20   0    9.9g 825832 114992 R 594.1   0.6   1:21.71 nts	1693341364427
2229873 toao      20   0    9.9g   1.0g 114992 R 800.0   0.8   1:28.00 nts	1693341365124
2229873 toao      20   0    9.9g   1.0g 114992 R  1159   0.8   1:34.44 nts	1693341365829
2229873 toao      20   0    9.9g   1.0g 114992 R  1229   0.8   1:42.35 nts	1693341366536
2229873 toao      20   0    9.9g   1.0g 114992 R 952.9   0.8   1:49.22 nts	1693341367238
2229873 toao      20   0    9.9g   1.2g 114992 S  1118   1.0   1:58.07 nts	1693341367943
2229873 toao      20   0    9.9g   1.3g 114992 R  1078   1.0   2:06.77 nts	1693341368665
2229873 toao      20   0    9.9g   1.3g 114992 R  1029   1.0   2:14.24 nts	1693341369374
2229873 toao      20   0    9.9g   1.4g 114992 R  1035   1.1   2:21.21 nts	1693341370077
2229873 toao      20   0    9.9g   1.4g 114992 R 966.7   1.1   2:29.12 nts	1693341370780
2229873 toao      20   0   14.1g   1.4g 115024 R 211.8   1.1   2:32.52 nts	1693341371484
2229873 toao      20   0   14.1g   1.4g 115024 R 200.0   1.1   2:33.92 nts	1693341372194
2229873 toao      20   0   14.1g   1.4g 115024 R 205.9   1.1   2:35.34 nts	1693341372903
2229873 toao      20   0   14.1g   1.4g 115024 R 205.9   1.1   2:36.74 nts	1693341373609
2229873 toao      20   0   14.1g   1.4g 115024 R 205.9   1.1   2:38.16 nts	1693341374318
2229873 toao      20   0   14.1g   1.4g 115024 R 205.9   1.1   2:39.56 nts	1693341375021
2229873 toao      20   0   14.1g   1.5g 115024 R 205.9   1.2   2:40.97 nts	1693341375730
2229873 toao      20   0   14.1g   1.5g 115024 R 200.0   1.2   2:42.37 nts	1693341376432
2229873 toao      20   0   14.1g   1.5g 115024 R 200.0   1.2   2:43.76 nts	1693341377136
2229873 toao      20   0   14.1g   1.5g 115024 R 200.0   1.2   2:45.17 nts	1693341377839
2229873 toao      20   0   14.1g   1.5g 115024 R 194.1   1.2   2:46.57 nts	1693341378544
2229873 toao      20   0   14.1g   1.5g 115024 R 205.9   1.2   2:47.97 nts	1693341379248
2229873 toao      20   0   14.1g   1.5g 115024 R 188.9   1.2   2:49.38 nts	1693341379952
2229873 toao      20   0   14.1g   1.5g 115024 R 200.0   1.2   2:50.77 nts	1693341380656
2229873 toao      20   0   14.1g   1.5g 115024 R 200.0   1.2   2:52.18 nts	1693341381360
2229873 toao      20   0   14.1g   1.5g 115024 R 211.1   1.2   2:53.64 nts	1693341382063
2229873 toao      20   0   14.1g   1.5g 115024 R 212.5   1.2   2:55.02 nts	1693341382793
2229873 toao      20   0   14.1g   1.5g 115024 R 200.0   1.2   2:56.43 nts	1693341383494
2229873 toao      20   0   14.1g   1.5g 115024 R 200.0   1.2   2:57.82 nts	1693341384196
2229873 toao      20   0   14.1g   1.5g 115024 R 205.9   1.2   2:59.23 nts	1693341384900
2229873 toao      20   0   14.1g   1.5g 115024 R 231.2   1.2   3:00.65 nts	1693341385604
2229873 toao      20   0   14.1g   1.5g 115024 R 205.9   1.2   3:02.05 nts	1693341386316
2229873 toao      20   0   14.1g   1.5g 115024 R 205.9   1.2   3:03.45 nts	1693341387019
2229873 toao      20   0   14.1g   1.5g 115024 R 194.1   1.2   3:04.87 nts	1693341387733
2229873 toao      20   0   14.1g   1.5g 115024 R 194.7   1.2   3:06.34 nts	1693341388439
2229873 toao      20   0   14.1g   1.5g 115024 R 212.5   1.2   3:07.76 nts	1693341389182
2229873 toao      20   0   14.1g   1.5g 115024 R 205.9   1.2   3:09.16 nts	1693341389885
2229873 toao      20   0   14.1g   1.5g 115024 R 205.9   1.2   3:10.57 nts	1693341390589
2229873 toao      20   0   14.1g   1.5g 115024 R 200.0   1.2   3:11.97 nts	1693341391296
2229873 toao      20   0   14.1g   1.5g 115024 R 200.0   1.2   3:13.36 nts	1693341391999
2229873 toao      20   0   14.7g   1.6g 115024 R 100.0   1.3   3:14.36 nts	1693341392701
2229873 toao      20   0   15.7g   1.7g 115024 R 444.4   1.4   3:18.18 nts	1693341393411
2229873 toao      20   0   15.7g   1.8g 115024 R  1971   1.4   3:30.00 nts	1693341394123
2229873 toao      20   0   15.7g   1.9g 115024 R  1153   1.5   3:40.62 nts	1693341394827
2229873 toao      20   0   15.7g   2.0g 115024 R 576.5   1.6   3:46.78 nts	1693341395527
2229873 toao      20   0   15.7g   2.1g 115024 R 729.4   1.7   3:52.18 nts	1693341396232
2229873 toao      20   0   15.7g   2.2g 115024 R 629.4   1.7   3:56.85 nts	1693341396931
2229873 toao      20   0   15.7g   2.3g 115024 R 535.3   1.8   4:00.64 nts	1693341397637
2229873 toao      20   0   15.7g   2.4g 115024 R 500.0   1.9   4:04.17 nts	1693341398341
2229873 toao      20   0   15.7g   2.5g 115024 R 570.6   2.0   4:07.70 nts	1693341399043
2229873 toao      20   0   19.7g   2.5g 115024 R 100.0   2.0   4:09.45 nts	1693341399748
2229873 toao      20   0   19.9g   2.6g 115024 R 100.0   2.1   4:11.82 nts	1693341400452
2229873 toao      20   0   19.9g   2.6g 115024 R 100.0   2.1   4:12.52 nts	1693341401157
2229873 toao      20   0   19.9g   2.6g 115024 R 100.0   2.1   4:13.22 nts	1693341401859
2229873 toao      20   0   19.9g   2.6g 115024 R 100.0   2.1   4:13.93 nts	1693341402563
2229873 toao      20   0   19.9g   2.6g 115024 R 100.0   2.1   4:14.63 nts	1693341403270
2229873 toao      20   0   19.9g   2.6g 115024 R 100.0   2.1   4:15.33 nts	1693341403970
2229873 toao      20   0   19.9g   2.6g 115024 R 100.0   2.1   4:16.03 nts	1693341404670
2229873 toao      20   0   19.9g   2.6g 115024 R 100.0   2.1   4:16.73 nts	1693341405370
2229873 toao      20   0   20.8g   2.7g 115024 R 100.0   2.1   4:17.43 nts	1693341406070
2229873 toao      20   0   20.8g   3.1g 115024 R 100.0   2.5   4:18.13 nts	1693341406772
2229873 toao      20   0   20.8g   3.2g 115024 R  94.1   2.5   4:18.83 nts	1693341407475
2229873 toao      20   0   20.8g   3.2g 115024 R 100.0   2.5   4:19.53 nts	1693341408174
2229873 toao      20   0   20.8g   3.2g 115024 R 105.9   2.5   4:20.24 nts	1693341408875
2229873 toao      20   0   20.8g   3.2g 115024 R 105.9   2.5   4:20.94 nts	1693341409574
2229873 toao      20   0   20.8g   3.2g 115024 R 100.0   2.5   4:21.64 nts	1693341410279
2229873 toao      20   0   20.8g   3.2g 115024 R 100.0   2.5   4:22.33 nts	1693341410981
2229873 toao      20   0   20.8g   3.2g 115024 R 100.0   2.5   4:23.04 nts	1693341411678
2229873 toao      20   0   20.8g   3.2g 115024 R 100.0   2.5   4:23.74 nts	1693341412380
2229873 toao      20   0   20.8g   3.2g 115024 R  94.1   2.5   4:24.43 nts	1693341413081
2229873 toao      20   0   20.8g   3.2g 115024 R 105.9   2.5   4:25.14 nts	1693341413778
2229873 toao      20   0   20.8g   3.2g 115024 R 100.0   2.5   4:25.84 nts	1693341414478
2229873 toao      20   0   20.8g   3.2g 115024 R 100.0   2.5   4:26.53 nts	1693341415182
2229873 toao      20   0   20.8g   3.2g 115024 R 106.2   2.5   4:27.24 nts	1693341415882
2229873 toao      20   0   20.8g   3.3g 115024 R 106.2   2.6   4:27.94 nts	1693341416582
2229873 toao      20   0   20.8g   3.4g 115024 R 106.2   2.7   4:28.64 nts	1693341417282
2229873 toao      20   0   20.8g   3.4g 115024 R  94.4   2.7   4:29.34 nts	1693341417982
2229873 toao      20   0   20.8g   3.4g 115024 R  94.1   2.7   4:30.04 nts	1693341418686
2229873 toao      20   0   20.8g   3.4g 115024 R 100.0   2.7   4:30.74 nts	1693341419386
2229873 toao      20   0   20.8g   3.4g 115024 R 100.0   2.7   4:31.45 nts	1693341420090
2229873 toao      20   0   20.8g   3.5g 115024 R 100.0   2.8   4:32.14 nts	1693341420794
2229873 toao      20   0   20.8g   3.5g 115024 R 105.9   2.8   4:32.85 nts	1693341421491
2229873 toao      20   0   20.8g   3.5g 115024 R 105.9   2.8   4:33.55 nts	1693341422190
2229873 toao      20   0   20.8g   3.5g 115024 R 100.0   2.8   4:34.24 nts	1693341422890
2229873 toao      20   0   20.8g   3.5g 115024 R 100.0   2.8   4:34.95 nts	1693341423590
2229873 toao      20   0   20.8g   3.6g 115024 R  94.1   2.8   4:35.64 nts	1693341424290
2229873 toao      20   0   20.8g   3.6g 115024 R  94.1   2.9   4:36.34 nts	1693341424990
2229873 toao      20   0   20.8g   3.6g 115024 R  94.1   2.9   4:37.04 nts	1693341425690
2229873 toao      20   0   29.8g   3.7g 204044 R 611.8   3.0   4:39.08 nts	1693341426390
2229873 toao      20   0   30.6g   4.6g 336268 R 100.0   3.6   4:39.79 nts	1693341427090
2229873 toao      20   0   31.6g   5.3g 460900 R 100.0   4.3   4:40.49 nts	1693341427794
2229873 toao      20   0   33.1g   6.6g 525496 R 100.0   5.2   4:41.19 nts	1693341428494
2229873 toao      20   0   33.1g   6.7g 525496 R  94.1   5.4   4:41.89 nts	1693341429199
2229873 toao      20   0   33.1g   6.7g 525496 R  94.1   5.4   4:42.59 nts	1693341429902
2229873 toao      20   0   44.3g   7.3g   1.1g R 106.2   5.9   4:43.29 nts	1693341430602
2229873 toao      20   0   44.3g   9.6g   3.4g R 100.0   7.6   4:44.00 nts	1693341431305
2229873 toao      20   0   44.3g  11.8g   5.6g R 100.0   9.4   4:44.70 nts	1693341432010
2229873 toao      20   0   44.3g  14.1g   7.9g R 100.0  11.2   4:45.40 nts	1693341432712
2229873 toao      20   0   44.3g  16.4g  10.1g R 100.0  13.0   4:46.10 nts	1693341433415
2229873 toao      20   0   44.3g  17.9g  11.7g R 106.2  14.3   4:46.80 nts	1693341434114
2229873 toao      20   0   44.4g  17.9g  11.7g R 105.9  14.3   4:47.50 nts	1693341434815
2229873 toao      20   0   44.4g  17.9g  11.7g R 105.9  14.3   4:48.21 nts	1693341435520
2229873 toao      20   0   44.4g  17.9g  11.7g R 100.0  14.3   4:48.90 nts	1693341436221
2229873 toao      20   0   44.4g  17.9g  11.7g R 100.0  14.3   4:49.60 nts	1693341436919
2229873 toao      20   0   44.4g  17.9g  11.7g R 100.0  14.3   4:50.31 nts	1693341437622
2229873 toao      20   0   44.4g  17.9g  11.7g R 100.0  14.3   4:51.01 nts	1693341438326
2229873 toao      20   0   44.4g  17.9g  11.7g R 100.0  14.3   4:51.71 nts	1693341439030
2229873 toao      20   0   44.4g  17.9g  11.7g R 100.0  14.3   4:52.41 nts	1693341439730
2229873 toao      20   0   44.4g  17.9g  11.7g R 100.0  14.3   4:53.11 nts	1693341440430
2229873 toao      20   0   44.4g  17.9g  11.7g R 100.0  14.3   4:53.82 nts	1693341441132
2229873 toao      20   0   44.4g  17.9g  11.7g R 100.0  14.3   4:54.52 nts	1693341441834
2229873 toao      20   0   44.4g  17.9g  11.7g R 100.0  14.3   4:55.22 nts	1693341442538
2229873 toao      20   0   44.4g  17.9g  11.7g R 100.0  14.3   4:55.92 nts	1693341443241
2229873 toao      20   0   44.4g  17.9g  11.7g R 100.0  14.3   4:56.63 nts	1693341443941
2229873 toao      20   0   44.4g  17.9g  11.7g R 100.0  14.3   4:57.34 nts	1693341444648
2229873 toao      20   0   44.4g  17.9g  11.7g R 100.0  14.3   4:58.04 nts	1693341445349
2229873 toao      20   0   44.4g  17.9g  11.7g R  94.1  14.3   4:58.73 nts	1693341446051
2229873 toao      20   0   44.4g  18.0g  11.7g R 100.0  14.3   4:59.43 nts	1693341446750
2229873 toao      20   0   44.4g  18.0g  11.7g R 100.0  14.3   5:00.13 nts	1693341447449
2229873 toao      20   0   44.4g  18.0g  11.7g R 100.0  14.3   5:00.83 nts	1693341448150
2229873 toao      20   0   44.4g  18.0g  11.7g R 100.0  14.3   5:01.53 nts	1693341448850
2229873 toao      20   0   44.2g  18.0g  11.7g R 435.3  14.3   5:02.80 nts	1693341449550
2229873 toao      20   0   44.2g  18.0g  11.7g R 100.0  14.4   5:03.51 nts	1693341450259
2229873 toao      20   0   44.5g  18.1g  11.7g R  4050  14.5   5:14.81 nts	1693341450964
2229873 toao      20   0   44.6g  18.2g  11.7g R 912.5  14.5   5:26.22 nts	1693341451662
2229873 toao      20   0   44.6g  18.2g  11.7g R  3031  14.5   5:41.25 nts	1693341452362
2229873 toao      20   0   44.6g  18.2g  11.7g R  2353  14.5   5:56.88 nts	1693341453062
2229873 toao      20   0   44.6g  18.2g  11.7g R  3112  14.5   6:11.60 nts	1693341453766
2229873 toao      20   0   44.6g  18.2g  11.7g S 106.2  14.5   6:17.71 nts	1693341454462
2229873 toao      20   0   44.6g  18.2g  11.7g S 100.0  14.5   6:18.41 nts	1693341455164
2229873 toao      20   0   44.6g  18.2g  11.7g R 782.4  14.5   6:20.27 nts	1693341455869
2229873 toao      20   0   44.6g  18.2g  11.7g S  3088  14.5   6:39.77 nts	1693341456570
2229873 toao      20   0   44.6g  18.2g  11.7g R  3118  14.5   6:55.71 nts	1693341457270
2229873 toao      20   0   44.6g  18.2g  11.7g S 100.0  14.5   7:00.70 nts	1693341457971
2229873 toao      20   0   44.6g  18.2g  11.7g S 100.0  14.5   7:01.40 nts	1693341458673
2229873 toao      20   0   44.6g  18.2g  11.7g R  1976  14.5   7:12.92 nts	1693341459375
2229873 toao      20   0   44.6g  18.2g  11.7g S 100.0  14.5   7:13.91 nts	1693341460079
2229873 toao      20   0   44.6g  18.2g  11.7g R  2894  14.5   7:19.85 nts	1693341460782
2229873 toao      20   0   44.6g  18.2g  11.7g R  2718  14.5   7:35.44 nts	1693341461488
2229873 toao      20   0   44.6g  18.2g  11.7g S 100.0  14.5   7:45.03 nts	1693341462185
2229873 toao      20   0   44.6g  18.2g  11.7g S 100.0  14.5   7:49.95 nts	1693341462887
2229873 toao      20   0   44.6g  18.2g  11.7g S 100.0  14.5   7:50.65 nts	1693341463591
2229873 toao      20   0   44.6g  18.2g  11.7g R 817.6  14.5   8:03.06 nts	1693341464294
2229873 toao      20   0   44.6g  18.2g  11.7g R  3935  14.5   8:19.76 nts	1693341464998
2229873 toao      20   0   44.6g  18.2g  11.7g R  2024  14.5   8:34.13 nts	1693341465699
2229873 toao      20   0   44.6g  18.2g  11.7g S  1006  14.5   8:49.82 nts	1693341466399
2229873 toao      20   0   44.6g  18.2g  11.7g S 100.0  14.5   8:50.58 nts	1693341467102
2229873 toao      20   0   44.6g  18.2g  11.7g R  1947  14.5   8:54.89 nts	1693341467803
2229873 toao      20   0   44.6g  18.2g  11.7g S 100.0  14.5   9:03.03 nts	1693341468509
2229873 toao      20   0   44.6g  18.2g  11.7g R 417.6  14.5   9:04.28 nts	1693341469215
2229873 toao      20   0   44.6g  18.2g  11.7g R  3747  14.5   9:21.13 nts	1693341469918
2229873 toao      20   0   44.6g  18.2g  11.7g S 100.0  14.5   9:26.10 nts	1693341470622
2229873 toao      20   0   44.6g  18.2g  11.7g S 100.0  14.5   9:26.80 nts	1693341471326
2229873 toao      20   0   44.6g  18.2g  11.7g R 800.0  14.5   9:38.51 nts	1693341472032
2229873 toao      20   0   44.6g  18.2g  11.7g S 105.9  14.5   9:41.96 nts	1693341472735
2229873 toao      20   0   44.6g  18.2g  11.7g S 100.0  14.5   9:42.66 nts	1693341473438
2229873 toao      20   0   44.6g  18.2g  11.7g R 488.2  14.5   9:54.41 nts	1693341474142
2229873 toao      20   0   44.6g  18.2g  11.7g S 100.0  14.5  10:04.11 nts	1693341474850
2229873 toao      20   0   44.6g  18.2g  11.7g R 337.5  14.5  10:05.19 nts	1693341475553
2229873 toao      20   0   44.6g  18.2g  11.7g R 329.4  14.5  10:16.40 nts	1693341476254
2229873 toao      20   0   44.6g  18.2g  11.7g R  2053  14.5  10:34.38 nts	1693341476956
2229873 toao      20   0   44.6g  18.2g  11.7g R  3871  14.5  10:51.53 nts	1693341477658
2229873 toao      20   0   44.6g  18.2g  11.7g S 158.8  14.5  11:02.33 nts	1693341478358
2229873 toao      20   0   44.6g  18.2g  11.7g S 100.0  14.5  11:03.03 nts	1693341479058
2229873 toao      20   0   44.6g  18.2g  11.7g S  1182  14.5  11:14.91 nts	1693341479758
2229873 toao      20   0   44.6g  18.2g  11.7g S 100.0  14.5  11:15.85 nts	1693341480456
2229873 toao      20   0   44.6g  18.2g  11.7g R 894.1  14.5  11:17.90 nts	1693341481158
2229873 toao      20   0   44.6g  18.2g  11.7g R  2747  14.5  11:36.52 nts	1693341481857
2229873 toao      20   0   44.6g  18.2g  11.7g R  3759  14.5  11:52.38 nts	1693341482559
2229873 toao      20   0   44.6g  18.2g  11.7g S 100.0  14.5  11:57.14 nts	1693341483257
2229873 toao      20   0   44.6g  18.2g  11.7g S 106.2  14.5  11:57.84 nts	1693341483963
2229873 toao      20   0   44.6g  18.2g  11.7g R 943.8  14.5  12:10.06 nts	1693341484662
2229873 toao      20   0   44.6g  18.2g  11.7g R  1953  14.5  12:27.76 nts	1693341485362
2229873 toao      20   0   44.6g  18.2g  11.7g S 100.0  14.5  12:28.91 nts	1693341486066
2229873 toao      20   0   44.6g  18.2g  11.7g R 364.7  14.5  12:30.06 nts	1693341486766
2229873 toao      20   0   44.6g  18.2g  11.7g S 294.1  14.5  12:42.48 nts	1693341487467
2229873 toao      20   0   44.6g  18.2g  11.7g S  94.1  14.5  12:43.18 nts	1693341488172
2229873 toao      20   0   44.6g  18.2g  11.7g R  3935  14.5  12:52.00 nts	1693341488871
2229873 toao      20   0   44.6g  18.2g  11.7g S 100.0  14.5  12:55.32 nts	1693341489571
2229873 toao      20   0   44.6g  18.2g  11.7g R  1506  14.5  12:58.83 nts	1693341490269
2229873 toao      20   0   44.6g  18.2g  11.7g R  3100  14.5  13:15.19 nts	1693341490974
2229873 toao      20   0   44.6g  18.2g  11.7g S 100.0  14.5  13:17.17 nts	1693341491678
2229873 toao      20   0   44.6g  18.2g  11.7g R  3341  14.5  13:23.89 nts	1693341492378
2229873 toao      20   0   44.6g  18.2g  11.7g R  1853  14.5  13:38.26 nts	1693341493078
2229873 toao      20   0   44.6g  18.2g  11.7g S 100.0  14.5  13:39.19 nts	1693341493779
2229873 toao      20   0   44.6g  18.2g  11.7g R 641.2  14.5  13:40.81 nts	1693341494479
2229873 toao      20   0   44.6g  18.2g  11.7g R  4112  14.5  13:58.41 nts	1693341495182
2229873 toao      20   0   44.6g  18.2g  11.7g S 100.0  14.5  14:00.80 nts	1693341495881
2229873 toao      20   0   44.6g  18.2g  11.7g R  2324  14.5  14:05.64 nts	1693341496578
2229873 toao      20   0   44.6g  18.2g  11.7g R  2059  14.5  14:20.53 nts	1693341497278
2229873 toao      20   0   44.6g  18.2g  11.7g S 223.5  14.5  14:31.15 nts	1693341497978
2229873 toao      20   0   44.6g  18.2g  11.7g S 100.0  14.5  14:31.85 nts	1693341498678
2229873 toao      20   0   44.6g  18.2g  11.7g S  3900  14.5  14:41.31 nts	1693341499378
2229873 toao      20   0   44.6g  18.2g  11.7g S 205.9  14.5  14:52.59 nts	1693341500081
2229873 toao      20   0   44.6g  18.2g  11.7g S 100.0  14.5  14:53.29 nts	1693341500784
2229873 toao      20   0   44.6g  18.2g  11.7g R 887.5  14.5  15:04.26 nts	1693341501483
2229873 toao      20   0   44.6g  18.2g  11.7g S  2859  14.5  15:21.95 nts	1693341502182
2229873 toao      20   0   44.6g  18.2g  11.7g S 100.0  14.5  15:24.28 nts	1693341502880
2229873 toao      20   0   44.6g  18.2g  11.7g R 417.6  14.5  15:25.52 nts	1693341503579
2229873 toao      20   0   44.6g  18.2g  11.7g R  3806  14.5  15:42.39 nts	1693341504286
2229873 toao      20   0   44.6g  18.2g  11.7g R  1029  14.5  15:54.89 nts	1693341504985
2229873 toao      20   0   44.6g  18.2g  11.7g S  94.1  14.5  15:55.65 nts	1693341505687
2229873 toao      20   0   44.6g  18.2g  11.7g R  3253  14.5  16:02.15 nts	1693341506387
2229873 toao      20   0   44.6g  18.2g  11.7g R 605.9  14.5  16:16.35 nts	1693341507090
2229873 toao      20   0   44.6g  18.2g  11.7g S 200.0  14.5  16:27.53 nts	1693341507786
2229873 toao      20   0   44.6g  18.2g  11.7g S 100.0  14.5  16:28.24 nts	1693341508487
2229873 toao      20   0   44.6g  18.2g  11.7g R  3335  14.5  16:38.18 nts	1693341509189
2229873 toao      20   0   44.6g  18.2g  11.7g R  2912  14.5  16:53.04 nts	1693341509887
2229873 toao      20   0   44.6g  18.2g  11.7g S 100.0  14.5  16:58.26 nts	1693341510587
2229873 toao      20   0   44.6g  18.2g  11.7g S 100.0  14.5  16:58.95 nts	1693341511287
2229873 toao      20   0   44.6g  18.2g  11.7g S  1306  14.5  17:11.26 nts	1693341511979
2229873 toao      20   0   44.6g  18.2g  11.7g S 100.0  14.5  17:12.41 nts	1693341512679
2229873 toao      20   0   44.6g  18.2g  11.7g R 788.2  14.5  17:14.28 nts	1693341513378
2229873 toao      20   0   44.6g  18.2g  11.7g R  2953  14.5  17:32.70 nts	1693341514078
2229873 toao      20   0   44.6g  18.2g  11.7g S 250.0  14.5  17:43.38 nts	1693341514782
2229873 toao      20   0   44.6g  18.2g  11.7g S  94.1  14.5  17:44.08 nts	1693341515481
2229873 toao      20   0   44.6g  18.2g  11.7g R  3947  14.5  17:52.72 nts	1693341516182
2229873 toao      20   0   44.6g  18.2g  11.7g S 600.0  14.5  18:05.18 nts	1693341516883
2229873 toao      20   0   44.6g  18.2g  11.7g S 100.0  14.5  18:05.88 nts	1693341517583
2229873 toao      20   0   44.6g  18.2g  11.7g R  3047  14.5  18:12.09 nts	1693341518287
2229873 toao      20   0   44.6g  18.2g  11.7g S 106.2  14.5  18:17.63 nts	1693341518986
2229873 toao      20   0   44.6g  18.2g  11.7g R  1062  14.5  18:20.26 nts	1693341519684
2229873 toao      20   0   44.6g  18.2g  11.7g R  1971  14.5  18:37.91 nts	1693341520382
2229873 toao      20   0   44.6g  18.2g  11.7g S 100.0  14.5  18:39.19 nts	1693341521090
2229873 toao      20   0   44.6g  18.2g  11.7g R 423.5  14.5  18:40.43 nts	1693341521790
2229873 toao      20   0   44.6g  18.2g  11.7g R  4000  14.5  18:58.92 nts	1693341522486
2229873 toao      20   0   44.6g  18.2g  11.7g S 100.0  14.5  19:03.13 nts	1693341523186
2229873 toao      20   0   44.6g  18.2g  11.7g S 100.0  14.5  19:03.83 nts	1693341523890
2229873 toao      20   0   44.6g  18.2g  11.7g R 917.6  14.5  19:14.83 nts	1693341524588
2229873 toao      20   0   44.6g  18.2g  11.7g S 100.0  14.5  19:24.72 nts	1693341525291
2229873 toao      20   0   44.6g  18.2g  11.7g S 100.0  14.5  19:25.42 nts	1693341525994
2229873 toao      20   0   44.6g  18.2g  11.7g R  2047  14.5  19:36.26 nts	1693341526695
2229873 toao      20   0   44.6g  18.2g  11.7g S 100.0  14.5  19:37.35 nts	1693341527399
2229873 toao      20   0   44.6g  18.2g  11.7g R 381.2  14.5  19:38.49 nts	1693341528095
2229873 toao      20   0   44.6g  18.2g  11.7g R  2476  14.5  19:56.59 nts	1693341528794
2229873 toao      20   0   44.6g  18.2g  11.7g S 106.2  14.5  19:58.56 nts	1693341529503
2229873 toao      20   0   44.6g  18.2g  11.7g R  1012  14.5  20:00.85 nts	1693341530199
2229873 toao      20   0   44.6g  18.2g  11.7g R  2041  14.5  20:18.87 nts	1693341530902
2229873 toao      20   0   44.6g  18.2g  11.7g S  94.1  14.5  20:20.21 nts	1693341531614
2229873 toao      20   0   44.6g  18.2g  11.7g R 294.1  14.5  20:21.25 nts	1693341532310
2229873 toao      20   0   44.6g  18.2g  11.7g S  2976  14.5  20:38.88 nts	1693341533010
2229873 toao      20   0   44.6g  18.2g  11.7g S 100.0  14.5  20:40.36 nts	1693341533714
2229873 toao      20   0   44.6g  18.2g  11.7g R  3029  14.5  20:50.03 nts	1693341534411
2229873 toao      20   0   44.6g  18.2g  11.7g S  94.1  14.5  20:51.95 nts	1693341535111
2229873 toao      20   0   44.6g  18.2g  11.7g R  4006  14.5  21:00.98 nts	1693341535810
2229873 toao      20   0   44.6g  18.2g  11.7g S 100.0  14.5  21:05.01 nts	1693341536515
2229873 toao      20   0   44.6g  18.2g  11.7g S 100.0  14.5  21:05.71 nts	1693341537215
2229873 toao      20   0   44.6g  18.2g  11.7g R 552.9  14.5  21:16.38 nts	1693341537914
2229873 toao      20   0   44.6g  18.2g  11.7g S 100.0  14.5  21:26.70 nts	1693341538611
2229873 toao      20   0   44.6g  18.2g  11.7g S 100.0  14.5  21:27.40 nts	1693341539310
2229873 toao      20   0   44.6g  18.2g  11.7g R  2329  14.5  21:37.46 nts	1693341540011
2229873 toao      20   0   44.6g  18.2g  11.7g S 106.2  14.5  21:39.33 nts	1693341540715
2229873 toao      20   0   44.6g  18.2g  11.7g R 335.3  14.5  21:40.43 nts	1693341541413
2229873 toao      20   0   44.6g  18.2g  11.7g S 123.5  14.5  21:51.28 nts	1693341542116
2229873 toao      20   0   44.6g  18.2g  11.7g S 100.0  14.5  21:51.98 nts	1693341542815
2229873 toao      20   0   44.6g  18.2g  11.7g R  1035  14.5  22:02.78 nts	1693341543518
2229873 toao      20   0   44.6g  18.2g  11.7g S  94.1  14.5  22:03.51 nts	1693341544218
2229873 toao      20   0   44.6g  18.2g  11.7g R  2335  14.5  22:14.13 nts	1693341544918
2229873 toao      20   0   44.6g  18.2g  11.7g R  4075  14.5  22:30.39 nts	1693341545622
2229873 toao      20   0   44.6g  18.2g  11.7g S 425.0  14.5  22:41.47 nts	1693341546323
2229873 toao      20   0   44.6g  18.2g  11.7g S 100.0  14.5  22:42.17 nts	1693341547022
2229873 toao      20   0   44.6g  18.2g  11.7g R  3447  14.5  22:48.97 nts	1693341547723
2229873 toao      20   0   44.6g  18.2g  11.7g S 282.4  14.5  23:01.91 nts	1693341548427
2229873 toao      20   0   44.6g  18.2g  11.7g S 100.0  14.5  23:02.61 nts	1693341549127
2229873 toao      20   0   44.6g  18.2g  11.7g R 870.6  14.5  23:14.30 nts	1693341549827
2229873 toao      20   0   44.6g  18.2g  11.7g S 100.0  14.5  23:22.73 nts	1693341550531
2229873 toao      20   0   44.6g  18.2g  11.7g R 358.8  14.5  23:23.87 nts	1693341551230
2229873 toao      20   0   44.6g  18.2g  11.7g R  3082  14.5  23:41.99 nts	1693341551931
2229873 toao      20   0   44.6g  18.2g  11.7g R  3953  14.5  23:57.96 nts	1693341552631
2229873 toao      20   0   44.6g  18.2g  11.7g S 106.2  14.5  24:01.66 nts	1693341553334
2229873 toao      20   0   44.6g  18.2g  11.7g S 100.0  14.5  24:02.36 nts	1693341554034
2229873 toao      20   0   44.6g  18.2g  11.7g R 776.5  14.5  24:13.86 nts	1693341554738
2229873 toao      20   0   44.6g  18.2g  11.7g S 100.0  14.5  24:21.34 nts	1693341555439
2229873 toao      20   0   44.6g  18.2g  11.7g S 782.4  14.5  24:26.38 nts	1693341556138
2229873 toao      20   0   44.6g  18.2g  11.7g S 100.0  14.5  24:27.16 nts	1693341556838
2229873 toao      20   0   44.6g  18.2g  11.7g R  2524  14.5  24:32.43 nts	1693341557538
2229873 toao      20   0   44.6g  18.2g  11.7g S 582.4  14.5  24:47.54 nts	1693341558244
2229873 toao      20   0   44.6g  18.2g  11.7g R 835.3  14.5  24:49.48 nts	1693341558947
2229873 toao      20   0   44.6g  18.2g  11.7g R  2111  14.5  25:07.44 nts	1693341559644
2229873 toao      20   0   44.6g  18.2g  11.7g S 100.0  14.5  25:08.22 nts	1693341560358
2229873 toao      20   0   44.6g  18.2g  11.7g R  2635  14.5  25:18.51 nts	1693341561058
2229873 toao      20   0   44.6g  18.2g  11.7g R  3918  14.5  25:34.38 nts	1693341561751
2229873 toao      20   0   44.6g  18.2g  11.7g R  2759  14.5  25:48.92 nts	1693341562451
2229873 toao      20   0   44.6g  18.2g  11.7g S 629.4  14.5  26:02.58 nts	1693341563152
2229873 toao      20   0   44.6g  18.2g  11.7g S 112.5  14.5  26:03.29 nts	1693341563855
2229873 toao      20   0   44.6g  18.2g  11.7g R  2489  14.5  26:13.90 nts	1693341564562
2229873 toao      20   0   44.6g  18.2g  11.7g S 164.7  14.5  26:24.00 nts	1693341565266
2229873 toao      20   0   44.6g  18.2g  11.7g S 100.0  14.5  26:24.70 nts	1693341565970
2229873 toao      20   0   44.6g  18.2g  11.7g R  3618  14.5  26:34.22 nts	1693341566670
2229873 toao      20   0   44.6g  18.2g  11.7g S 123.5  14.5  26:44.11 nts	1693341567370
2229873 toao      20   0   44.6g  18.2g  11.7g S 100.0  14.5  26:44.81 nts	1693341568075
2229873 toao      20   0   44.6g  18.2g  11.7g R  3035  14.5  26:54.33 nts	1693341568773
2229873 toao      20   0   95.9g  19.2g  12.6g R 125.0  15.3  26:55.06 nts	1693341569474
2229873 toao      20   0   99.9g  20.6g  14.0g R 200.0  16.4  26:56.46 nts	1693341570175
2229873 toao      20   0  103.0g  21.8g  15.2g S 276.5  17.4  26:58.00 nts	1693341570875
2229873 toao      20   0  109.9g  21.9g  15.3g S  1288  17.5  27:06.22 nts	1693341571580
2229873 toao      20   0  110.6g  21.9g  15.3g S  1918  17.5  27:14.81 nts	1693341572283
2229873 toao      20   0  115.2g  21.9g  15.3g S 700.0  17.5  27:20.02 nts	1693341572987
2229873 toao      20   0  114.6g  21.9g  15.3g S 494.1  17.5  27:27.62 nts	1693341573687
2229873 toao      20   0  114.7g  21.9g  15.3g S  1288  17.5  27:33.65 nts	1693341574388
2229873 toao      20   0  115.3g  21.9g  15.3g S 843.8  17.5  27:40.21 nts	1693341575094
2229873 toao      20   0  115.8g  21.9g  15.3g S  1100  17.5  27:48.51 nts	1693341575786
2229873 toao      20   0  115.4g  21.9g  15.3g S  1371  17.5  27:56.76 nts	1693341576487
2229873 toao      20   0  115.5g  21.9g  15.3g S  1335  17.5  28:02.65 nts	1693341577181
2229873 toao      20   0  116.2g  21.9g  15.3g S 747.1  17.5  28:07.46 nts	1693341577879
2229873 toao      20   0  115.6g  21.9g  15.3g S  1429  17.5  28:14.69 nts	1693341578582
2229873 toao      20   0  115.6g  21.9g  15.3g S  1382  17.5  28:22.35 nts	1693341579288
2229873 toao      20   0  115.6g  21.9g  15.3g S  1082  17.5  28:28.99 nts	1693341579987
2229873 toao      20   0  115.6g  21.9g  15.3g S  1371  17.5  28:35.92 nts	1693341580690
2229873 toao      20   0  115.6g  21.9g  15.3g S 441.2  17.5  28:42.31 nts	1693341581395
2229873 toao      20   0  115.6g  21.9g  15.3g S 847.1  17.5  28:49.98 nts	1693341582094
2229873 toao      20   0  115.6g  21.9g  15.3g S 682.4  17.5  28:56.07 nts	1693341582794
2229873 toao      20   0  115.6g  21.9g  15.3g S 331.2  17.5  29:01.95 nts	1693341583494
2229873 toao      20   0  115.6g  21.9g  15.3g S 435.3  17.5  29:08.17 nts	1693341584194
2229873 toao      20   0  115.6g  21.9g  15.3g S  1341  17.5  29:15.64 nts	1693341584895
2229873 toao      20   0  116.0g  21.9g  15.3g S 476.5  17.5  29:21.59 nts	1693341585595
2229873 toao      20   0  115.6g  21.9g  15.3g S  1453  17.5  29:29.45 nts	1693341586296
2229873 toao      20   0  115.6g  21.9g  15.3g S 458.8  17.5  29:35.57 nts	1693341587000
2229873 toao      20   0  116.2g  21.9g  15.3g S 356.2  17.5  29:43.43 nts	1693341587702
2229873 toao      20   0  117.4g  21.9g  15.3g S  1338  17.5  29:51.30 nts	1693341588403
2229873 toao      20   0  117.4g  21.9g  15.3g S  1394  17.5  29:57.77 nts	1693341589102
2229873 toao      20   0  117.4g  21.9g  15.3g S 376.5  17.5  30:03.68 nts	1693341589806
2229873 toao      20   0  117.4g  21.9g  15.3g S  1353  17.5  30:11.67 nts	1693341590508
2229873 toao      20   0  117.4g  21.9g  15.3g S 394.1  17.5  30:17.93 nts	1693341591211
2229873 toao      20   0  117.9g  21.9g  15.3g S  1476  17.5  30:24.11 nts	1693341591910
2229873 toao      20   0  117.4g  21.9g  15.3g S  1406  17.5  30:31.77 nts	1693341592612
2229873 toao      20   0  117.4g  21.9g  15.3g S 735.3  17.5  30:37.85 nts	1693341593312
2229873 toao      20   0  117.4g  21.9g  15.3g S  1347  17.5  30:44.14 nts	1693341594013
2229873 toao      20   0  117.9g  21.9g  15.3g S  1653  17.5  30:51.08 nts	1693341594717
2229873 toao      20   0  117.4g  21.9g  15.3g S  1024  17.5  30:58.00 nts	1693341595415
2229873 toao      20   0  117.4g  21.9g  15.3g S  1247  17.5  31:04.13 nts	1693341596110
2229873 toao      20   0  117.4g  21.9g  15.3g S 388.2  17.5  31:10.39 nts	1693341596810
2229873 toao      20   0  117.4g  21.9g  15.3g S 417.6  17.5  31:16.44 nts	1693341597506
2229873 toao      20   0  117.4g  21.9g  15.3g S  1129  17.5  31:22.73 nts	1693341598207
2229873 toao      20   0  117.4g  21.9g  15.3g S 358.8  17.5  31:29.89 nts	1693341598911
2229873 toao      20   0  117.4g  21.9g  15.3g S  1371  17.5  31:37.66 nts	1693341599614
2229873 toao      20   0  117.4g  21.9g  15.3g S  1435  17.5  31:43.94 nts	1693341600320
2229873 toao      20   0  117.4g  21.9g  15.3g S 388.2  17.5  31:51.68 nts	1693341601022
2229873 toao      20   0  117.9g  21.9g  15.3g S  1150  17.5  31:58.99 nts	1693341601723
2229873 toao      20   0  117.4g  21.9g  15.3g S  1400  17.5  32:07.39 nts	1693341602424
2229873 toao      20   0  117.4g  21.9g  15.3g S  1341  17.5  32:13.40 nts	1693341603127
2229873 toao      20   0  117.4g  21.9g  15.3g S  1418  17.5  32:20.71 nts	1693341603827
2229873 toao      20   0  117.4g  21.9g  15.3g S  1694  17.5  32:28.59 nts	1693341604527
2229873 toao      20   0  117.4g  21.9g  15.3g S 388.2  17.5  32:34.56 nts	1693341605232
2229873 toao      20   0  135.2g  21.9g  15.3g S  1235  17.5  32:41.72 nts	1693341605936
2229873 toao      20   0  135.9g  21.9g  15.3g S  1176  17.5  32:48.66 nts	1693341606636
2229873 toao      20   0  135.9g  21.9g  15.3g S 435.3  17.5  32:54.22 nts	1693341607336
2229873 toao      20   0  135.9g  21.9g  15.3g S  2259  17.5  33:03.47 nts	1693341608037
2229873 toao      20   0  135.9g  21.9g  15.3g S 417.6  17.5  33:07.66 nts	1693341608734
2229873 toao      20   0  135.9g  21.9g  15.3g S 758.8  17.5  33:15.48 nts	1693341609434
2229873 toao      20   0  136.4g  21.9g  15.3g S 747.1  17.5  33:21.73 nts	1693341610134
2229873 toao      20   0  135.9g  21.9g  15.3g S  1318  17.5  33:30.62 nts	1693341610835
2229873 toao      20   0  136.4g  21.9g  15.3g S 535.3  17.5  33:35.08 nts	1693341611539
2229873 toao      20   0  135.9g  21.9g  15.3g S 406.2  17.5  33:42.79 nts	1693341612243
2229873 toao      20   0  135.9g  21.9g  15.3g S 305.9  17.5  33:48.70 nts	1693341612938
2229873 toao      20   0  135.9g  21.9g  15.3g S  1371  17.5  33:56.55 nts	1693341613634
2229873 toao      20   0  135.9g  21.9g  15.3g S  1218  17.5  34:03.51 nts	1693341614334
2229873 toao      20   0  136.4g  21.9g  15.3g S 523.5  17.5  34:08.06 nts	1693341615029
2229873 toao      20   0  135.9g  21.9g  15.3g S  1265  17.5  34:17.27 nts	1693341615730
2229873 toao      20   0  135.9g  21.9g  15.3g S  1376  17.5  34:23.68 nts	1693341616430
2229873 toao      20   0  135.9g  21.9g  15.3g S 450.0  17.5  34:29.70 nts	1693341617134
2229873 toao      20   0  135.9g  21.9g  15.3g S  1729  17.5  34:36.79 nts	1693341617836
2229873 toao      20   0  135.9g  21.9g  15.3g S  1371  17.5  34:43.45 nts	1693341618539
2229873 toao      20   0  135.9g  21.9g  15.3g S 400.0  17.5  34:49.56 nts	1693341619239
2229873 toao      20   0  135.9g  21.9g  15.3g S  1118  17.5  34:57.00 nts	1693341619939
2229873 toao      20   0  135.9g  21.9g  15.3g S 400.0  17.5  35:03.26 nts	1693341620639
2229873 toao      20   0  135.9g  21.9g  15.3g S  1271  17.5  35:11.15 nts	1693341621339
2229873 toao      20   0  136.4g  21.9g  15.3g S  1447  17.5  35:17.44 nts	1693341622043
2229873 toao      20   0  136.4g  21.9g  15.3g S  1306  17.5  35:23.45 nts	1693341622747
2229873 toao      20   0  136.4g  21.9g  15.3g S  1441  17.5  35:31.01 nts	1693341623446
2229873 toao      20   0  136.4g  21.9g  15.3g S  1359  17.5  35:38.93 nts	1693341624147
2229873 toao      20   0  136.4g  21.9g  15.3g S  1318  17.5  35:45.11 nts	1693341624851
2229873 toao      20   0  137.0g  21.9g  15.3g S  1550  17.5  35:51.90 nts	1693341625552
2229873 toao      20   0  136.4g  21.9g  15.3g S 400.0  17.5  35:56.97 nts	1693341626252
2229873 toao      20   0  136.4g  21.9g  15.3g S  1441  17.5  36:04.75 nts	1693341626951
2229873 toao      20   0  136.4g  21.9g  15.3g S  1412  17.5  36:11.18 nts	1693341627651
2229873 toao      20   0  136.4g  21.9g  15.3g S 400.0  17.5  36:17.02 nts	1693341628354
2229873 toao      20   0  136.4g  21.9g  15.3g S 452.9  17.5  36:23.09 nts	1693341629054
2229873 toao      20   0  136.4g  21.9g  15.3g S  1418  17.5  36:30.80 nts	1693341629759
2229873 toao      20   0  136.4g  21.9g  15.3g S 441.2  17.5  36:36.84 nts	1693341630463
2229873 toao      20   0  137.0g  21.9g  15.3g S  1988  17.5  36:44.08 nts	1693341631166
2229873 toao      20   0  136.4g  21.9g  15.3g S  1347  17.5  36:50.81 nts	1693341631870
2229873 toao      20   0  136.4g  21.9g  15.3g S 441.2  17.5  36:55.58 nts	1693341632576
2229873 toao      20   0  136.4g  21.9g  15.3g S  1172  17.5  37:04.58 nts	1693341633280
2229873 toao      20   0  136.4g  21.9g  15.3g S 235.3  17.5  37:10.38 nts	1693341633991
2229873 toao      20   0  136.4g  21.9g  15.3g S 488.2  17.5  37:16.67 nts	1693341634695
2229873 toao      20   0  136.4g  21.9g  15.3g S  2000  17.5  37:25.77 nts	1693341635395
2229873 toao      20   0  136.4g  21.9g  15.3g S  1365  17.5  37:32.07 nts	1693341636094
2229873 toao      20   0  137.0g  21.9g  15.3g S 494.1  17.5  37:38.35 nts	1693341636794
2229873 toao      20   0  136.4g  21.9g  15.3g S  1400  17.5  37:46.08 nts	1693341637500
2229873 toao      20   0  136.4g  21.9g  15.3g S  1229  17.5  37:53.47 nts	1693341638199
2229873 toao      20   0  136.4g  21.9g  15.3g S 475.0  17.5  37:59.37 nts	1693341638903
2229873 toao      20   0  136.4g  21.9g  15.3g S  1429  17.5  38:07.35 nts	1693341639601
2229873 toao      20   0  141.8g  21.9g  15.3g S  1312  17.5  38:14.66 nts	1693341640299
2229873 toao      20   0  143.0g  21.9g  15.3g S  1100  17.5  38:21.83 nts	1693341640998
2229873 toao      20   0  142.7g  21.9g  15.3g S 941.2  17.5  38:29.55 nts	1693341641699
2229873 toao      20   0  142.7g  21.9g  15.3g S  1462  17.5  38:35.91 nts	1693341642402
2229873 toao      20   0  142.7g  21.9g  15.3g S  1444  17.5  38:43.43 nts	1693341643103
2229873 toao      20   0  143.4g  21.9g  15.3g S  1431  17.5  38:49.31 nts	1693341643802
2229873 toao      20   0  143.4g  21.9g  15.3g S  1429  17.5  38:55.64 nts	1693341644502
2229873 toao      20   0  143.4g  21.9g  15.3g S  1376  17.5  39:03.29 nts	1693341645207
2229873 toao      20   0  143.4g  21.9g  15.3g S 688.2  17.5  39:10.74 nts	1693341645910
2229873 toao      20   0  143.4g  21.9g  15.3g S 376.5  17.5  39:16.67 nts	1693341646611
2229873 toao      20   0  143.4g  21.9g  15.3g S  1300  17.5  39:22.74 nts	1693341647315
2229873 toao      20   0  143.9g  21.9g  15.3g S 852.9  17.5  39:29.73 nts	1693341648018
2229873 toao      20   0  143.4g  21.9g  15.3g S 806.2  17.5  39:36.36 nts	1693341648724
2229873 toao      20   0  143.4g  21.9g  15.3g S  1371  17.5  39:44.17 nts	1693341649424
2229873 toao      20   0  143.4g  21.9g  15.3g S  1024  17.5  39:50.60 nts	1693341650125
2229873 toao      20   0  143.4g  21.9g  15.3g S  1388  17.5  39:58.44 nts	1693341650830
2229873 toao      20   0  143.9g  21.9g  15.3g S 564.7  17.5  40:04.92 nts	1693341651530
2229873 toao      20   0  143.4g  21.9g  15.3g S 394.1  17.5  40:10.70 nts	1693341652235
2229873 toao      20   0  143.4g  21.9g  15.3g S 468.8  17.5  40:16.98 nts	1693341652934
2229873 toao      20   0  143.4g  21.9g  15.3g S  1335  17.5  40:24.77 nts	1693341653635
2229873 toao      20   0  143.4g  21.9g  15.3g S  1347  17.5  40:31.10 nts	1693341654336
2229873 toao      20   0  143.4g  21.9g  15.3g S  1371  17.5  40:38.73 nts	1693341655038
2229873 toao      20   0  143.4g  21.9g  15.3g S  1412  17.5  40:45.12 nts	1693341655741
2229873 toao      20   0  143.4g  21.9g  15.3g S  1424  17.5  40:52.98 nts	1693341656438
2229873 toao      20   0  143.4g  21.9g  15.3g S 400.0  17.5  40:59.00 nts	1693341657138
2229873 toao      20   0  143.6g  21.9g  15.3g S 831.2  17.5  41:06.52 nts	1693341657842
2229873 toao      20   0  143.6g  21.9g  15.3g S  1588  17.5  41:14.69 nts	1693341658543
2229873 toao      20   0  143.6g  21.9g  15.3g S 512.5  17.5  41:19.26 nts	1693341659243
2229873 toao      20   0  143.6g  21.9g  15.3g S 318.8  17.5  41:27.08 nts	1693341659943
2229873 toao      20   0  143.6g  21.9g  15.3g S  1512  17.5  41:34.95 nts	1693341660642
2229873 toao      20   0  143.6g  21.9g  15.3g S  1347  17.5  41:41.23 nts	1693341661354
2229873 toao      20   0  143.6g  21.9g  15.3g S 294.1  17.5  41:47.23 nts	1693341662058
2229873 toao      20   0  143.6g  21.9g  15.3g S 464.7  17.5  41:53.59 nts	1693341662760
2229873 toao      20   0  143.6g  21.9g  15.3g S  1359  17.5  42:01.49 nts	1693341663463
2229873 toao      20   0  143.6g  21.9g  15.3g S  1306  17.5  42:07.47 nts	1693341664166
2229873 toao      20   0  143.6g  21.9g  15.3g S 441.2  17.5  42:13.70 nts	1693341664866
2229873 toao      20   0  143.6g  21.9g  15.3g S 425.0  17.5  42:19.63 nts	1693341665572
2229873 toao      20   0  143.6g  21.9g  15.3g S  1382  17.5  42:27.65 nts	1693341666275
2229873 toao      20   0  144.2g  21.9g  15.3g S 876.5  17.5  42:32.78 nts	1693341666978
2229873 toao      20   0  143.6g  21.9g  15.3g S  1335  17.5  42:39.90 nts	1693341667679
2229873 toao      20   0  144.2g  21.9g  15.3g S 841.2  17.5  42:46.53 nts	1693341668381
2229873 toao      20   0  143.6g  21.9g  15.3g S  1400  17.5  42:53.60 nts	1693341669080
2229873 toao      20   0  144.2g  21.9g  15.3g S 882.4  17.5  43:00.52 nts	1693341669778
2229873 toao      20   0  143.6g  21.9g  15.3g S 494.1  17.5  43:07.16 nts	1693341670480
2229873 toao      20   0  144.2g  21.9g  15.3g S  1624  17.5  43:15.35 nts	1693341671180
2229873 toao      20   0  143.6g  21.9g  15.3g S  1282  17.5  43:22.61 nts	1693341671879
2229873 toao      20   0  143.6g  21.9g  15.3g S  1459  17.5  43:29.25 nts	1693341672582
2229873 toao      20   0  143.6g  21.9g  15.3g S  1435  17.5  43:38.63 nts	1693341673287
2229873 toao      20   0  143.6g  21.9g  15.3g S  1324  17.5  43:44.58 nts	1693341673993
2229873 toao      20   0       0      0      0 Z 200.0   0.0  43:50.43 nts	1693341674699
2229873 toao      20   0       0      0      0 Z 100.0   0.0  43:51.13 nts	1693341675399
2229873 toao      20   0       0      0      0 Z 100.0   0.0  43:51.82 nts	1693341676098
2229873 toao      20   0       0      0      0 Z  94.1   0.0  43:52.51 nts	1693341676799
2229873 toao      20   0       0      0      0 Z 100.0   0.0  43:53.21 nts	1693341677503
2229873 toao      20   0       0      0      0 Z 100.0   0.0  43:53.91 nts	1693341678208
