3760782 toao      20   0 2573916 109104  71184 R 100.0   0.1   0:00.17 nts	1688351981953
3760782 toao      20   0 5294532 212628 115164 S  2844   0.1   0:13.78 nts	1688351982646
3760782 toao      20   0 5294532 212628 115164 R  2544   0.1   0:34.11 nts	1688351983333
3760782 toao      20   0 5294532 212628 115164 R  2625   0.1   0:54.23 nts	1688351984059
3760782 toao      20   0 5294532 212628 115164 R  2944   0.1   1:12.83 nts	1688351984741
3760782 toao      20   0 5391836 288952 115420 R 206.2   0.1   1:21.01 nts	1688351985428
3760782 toao      20   0 5391836 288952 115420 R 200.0   0.1   1:22.35 nts	1688351986109
3760782 toao      20   0 5391836 288952 115420 R 200.0   0.1   1:23.70 nts	1688351986789
3760782 toao      20   0 5391836 288952 115420 R 206.2   0.1   1:25.05 nts	1688351987473
3760782 toao      20   0 5391836 288952 115420 R 193.8   0.1   1:26.40 nts	1688351988157
3760782 toao      20   0 5391836 288952 115420 S 206.2   0.1   1:27.75 nts	1688351988840
3760782 toao      20   0 5391836 288952 115420 R 200.0   0.1   1:29.08 nts	1688351989517
3760782 toao      20   0 5391836 288952 115420 R 200.0   0.1   1:30.43 nts	1688351990190
3760782 toao      20   0 5391836 288952 115420 R 200.0   0.1   1:31.77 nts	1688351990873
3760782 toao      20   0 5391836 288952 115420 R 187.5   0.1   1:33.11 nts	1688351991554
3760782 toao      20   0 5391836 288952 115420 R 200.0   0.1   1:34.47 nts	1688351992233
3760782 toao      20   0 5391836 288952 115420 R 206.2   0.1   1:35.84 nts	1688351992920
3760782 toao      20   0 5391836 288952 115420 R 188.2   0.1   1:37.21 nts	1688351993613
3760782 toao      20   0 5391836 288952 115420 R 194.1   0.1   1:38.58 nts	1688351994305
3760782 toao      20   0 7067896   1.0g 115548 R  1006   0.5   1:44.11 nts	1688351994996
3760782 toao      20   0 7067896   1.1g 115548 R 993.8   0.6   1:51.84 nts	1688351995690
3760782 toao      20   0 7067896   1.1g 115548 R  1260   0.6   1:58.92 nts	1688351996366
3760782 toao      20   0 7067896   1.1g 115548 R  1019   0.6   2:05.80 nts	1688351997041
3760782 toao      20   0 7067896   1.1g 115548 R  1231   0.6   2:13.30 nts	1688351997717
3760782 toao      20   0 7067896   1.1g 115548 R  1038   0.6   2:20.43 nts	1688351998403
3760782 toao      20   0 7067896   1.2g 115548 R  1000   0.6   2:27.41 nts	1688351999086
3760782 toao      20   0 7067896   1.2g 115548 R  1012   0.6   2:34.08 nts	1688351999770
3760782 toao      20   0 7067896   1.2g 115548 R  1141   0.6   2:41.07 nts	1688352000455
3760782 toao      20   0 7067896   1.2g 115548 R 987.5   0.6   2:47.91 nts	1688352001135
3760782 toao      20   0 8095300   1.2g 115580 R 206.2   0.6   2:51.41 nts	1688352001814
3760782 toao      20   0 8095300   1.2g 115580 R 194.1   0.6   2:52.78 nts	1688352002503
3760782 toao      20   0 8095300   1.2g 115580 R 206.2   0.6   2:54.13 nts	1688352003192
3760782 toao      20   0 8095300   1.2g 115580 R 200.0   0.6   2:55.49 nts	1688352003880
3760782 toao      20   0 8095300   1.2g 115580 R 200.0   0.6   2:56.84 nts	1688352004568
3760782 toao      20   0 8095300   1.2g 115580 R 200.0   0.6   2:58.21 nts	1688352005256
3760782 toao      20   0 8095300   1.2g 115580 R 194.1   0.6   2:59.58 nts	1688352005945
3760782 toao      20   0 8095300   1.2g 115580 R 200.0   0.6   3:00.94 nts	1688352006636
3760782 toao      20   0 8095300   1.2g 115580 R 206.2   0.6   3:02.30 nts	1688352007323
3760782 toao      20   0 8095300   1.2g 115580 R 200.0   0.6   3:03.65 nts	1688352008012
3760782 toao      20   0 8095300   1.2g 115580 R 212.5   0.6   3:05.03 nts	1688352008699
3760782 toao      20   0 8095300   1.2g 115580 R 200.0   0.6   3:06.38 nts	1688352009388
3760782 toao      20   0 8095300   1.2g 115580 R 200.0   0.6   3:07.74 nts	1688352010076
3760782 toao      20   0 9759360   1.3g 115580 R 643.8   0.7   3:10.09 nts	1688352010762
3760782 toao      20   0 9759360   1.4g 115580 R 505.9   0.8   3:14.50 nts	1688352011445
3760782 toao      20   0 9759360   1.5g 115580 R 494.1   0.8   3:18.32 nts	1688352012132
3760782 toao      20   0 9759360   1.6g 115580 R 681.2   0.9   3:22.32 nts	1688352012817
3760782 toao      20   0 9759360   1.8g 115580 R 488.2   0.9   3:26.30 nts	1688352013502
3760782 toao      20   0 9759360   1.9g 115580 R 581.2   1.0   3:30.34 nts	1688352014189
3760782 toao      20   0 9759360   2.0g 115580 R 525.0   1.1   3:34.26 nts	1688352014867
3760782 toao      20   0 9759360   2.1g 115580 R 543.8   1.1   3:37.88 nts	1688352015551
3760782 toao      20   0   10.4g   2.2g 115580 R 106.2   1.1   3:40.41 nts	1688352016236
3760782 toao      20   0   10.4g   2.2g 115580 R 100.0   1.1   3:41.09 nts	1688352016922
3760782 toao      20   0   10.4g   2.2g 115580 R 100.0   1.1   3:41.78 nts	1688352017609
3760782 toao      20   0   10.4g   2.2g 115580 R 100.0   1.1   3:42.47 nts	1688352018299
3760782 toao      20   0   10.4g   2.2g 115580 R 100.0   1.1   3:43.15 nts	1688352018988
3760782 toao      20   0   10.4g   2.2g 115580 R 100.0   1.1   3:43.83 nts	1688352019667
3760782 toao      20   0   10.4g   2.2g 115580 R 100.0   1.1   3:44.53 nts	1688352020354
3760782 toao      20   0   10.4g   2.2g 115580 R 100.0   1.1   3:45.22 nts	1688352021041
3760782 toao      20   0   10.4g   2.2g 115580 R 106.2   1.1   3:45.91 nts	1688352021732
3760782 toao      20   0   10.4g   2.2g 115580 R 112.5   1.1   3:46.60 nts	1688352022421
3760782 toao      20   0   11.3g   2.8g 115580 R 106.2   1.5   3:47.28 nts	1688352023106
3760782 toao      20   0   11.3g   2.9g 115580 R 106.2   1.5   3:47.97 nts	1688352023796
3760782 toao      20   0   11.3g   2.9g 115580 R 106.2   1.6   3:48.66 nts	1688352024485
3760782 toao      20   0   11.3g   2.9g 115580 R  94.1   1.6   3:49.34 nts	1688352025173
3760782 toao      20   0   11.3g   2.9g 115580 R  94.1   1.6   3:50.03 nts	1688352025864
3760782 toao      20   0   11.3g   2.9g 115580 R 100.0   1.6   3:50.73 nts	1688352026553
3760782 toao      20   0   11.3g   2.9g 115580 R 100.0   1.6   3:51.41 nts	1688352027241
3760782 toao      20   0   11.3g   3.0g 115580 R 100.0   1.6   3:52.10 nts	1688352027929
3760782 toao      20   0   11.3g   3.0g 115580 R 100.0   1.6   3:52.79 nts	1688352028620
3760782 toao      20   0   11.3g   3.0g 115580 R 106.2   1.6   3:53.48 nts	1688352029308
3760782 toao      20   0   11.3g   3.0g 115580 R 106.2   1.6   3:54.17 nts	1688352029996
3760782 toao      20   0   11.3g   3.0g 115580 R  94.1   1.6   3:54.85 nts	1688352030684
3760782 toao      20   0   11.3g   3.0g 115580 R 100.0   1.6   3:55.54 nts	1688352031372
3760782 toao      20   0   11.3g   3.0g 115580 R 100.0   1.6   3:56.23 nts	1688352032060
3760782 toao      20   0   11.3g   3.1g 115580 R 106.2   1.6   3:56.92 nts	1688352032748
3760782 toao      20   0   11.3g   3.1g 115580 R 100.0   1.6   3:57.60 nts	1688352033437
3760782 toao      20   0   11.3g   3.1g 115580 R  94.1   1.6   3:58.29 nts	1688352034124
3760782 toao      20   0   11.3g   3.1g 115580 R 106.2   1.6   3:58.98 nts	1688352034812
3760782 toao      20   0   11.3g   3.1g 115580 R 106.2   1.6   3:59.67 nts	1688352035500
3760782 toao      20   0   11.3g   3.1g 115580 R 106.2   1.6   4:00.36 nts	1688352036188
3760782 toao      20   0   11.3g   3.1g 115580 R 100.0   1.6   4:01.04 nts	1688352036876
3760782 toao      20   0   11.3g   3.1g 115580 R 100.0   1.6   4:01.74 nts	1688352037564
3760782 toao      20   0   16.4g   3.4g 239408 R 100.0   1.8   4:03.02 nts	1688352038251
3760782 toao      20   0   17.3g   4.1g 349568 R 112.5   2.2   4:03.72 nts	1688352038940
3760782 toao      20   0   18.2g   4.9g 508152 R  94.1   2.6   4:04.40 nts	1688352039628
3760782 toao      20   0   19.1g   5.9g 508984 R  93.8   3.1   4:05.08 nts	1688352040321
3760782 toao      20   0   19.1g   5.9g 508984 R 112.5   3.1   4:05.78 nts	1688352041009
3760782 toao      20   0   19.1g   5.9g 508984 R 106.2   3.1   4:06.47 nts	1688352041696
3760782 toao      20   0   26.0g   8.4g   3.0g R 100.0   4.5   4:07.15 nts	1688352042385
3760782 toao      20   0   26.0g  11.3g   5.9g R 100.0   6.0   4:07.84 nts	1688352043073
3760782 toao      20   0   26.0g  12.7g   7.4g R 106.2   6.8   4:08.53 nts	1688352043760
3760782 toao      20   0   26.0g  12.7g   7.4g R 100.0   6.8   4:09.21 nts	1688352044447
3760782 toao      20   0   26.0g  12.7g   7.4g R 100.0   6.8   4:09.90 nts	1688352045135
3760782 toao      20   0   26.0g  12.7g   7.4g R 100.0   6.8   4:10.59 nts	1688352045825
3760782 toao      20   0   26.0g  12.7g   7.4g R 106.2   6.8   4:11.28 nts	1688352046511
3760782 toao      20   0   26.0g  12.7g   7.4g R 100.0   6.8   4:11.96 nts	1688352047200
3760782 toao      20   0   26.0g  12.7g   7.4g R 100.0   6.8   4:12.65 nts	1688352047888
3760782 toao      20   0   26.0g  12.7g   7.4g R 100.0   6.8   4:13.34 nts	1688352048576
3760782 toao      20   0   26.0g  12.7g   7.4g R 100.0   6.8   4:14.04 nts	1688352049264
3760782 toao      20   0   26.0g  12.7g   7.4g R 100.0   6.8   4:14.72 nts	1688352049952
3760782 toao      20   0   26.0g  12.7g   7.4g R 106.2   6.8   4:15.41 nts	1688352050639
3760782 toao      20   0   26.0g  12.7g   7.4g R 100.0   6.8   4:16.09 nts	1688352051327
3760782 toao      20   0   26.0g  12.7g   7.4g R 100.0   6.8   4:16.79 nts	1688352052014
3760782 toao      20   0   26.0g  12.7g   7.4g R  94.1   6.8   4:17.47 nts	1688352052703
3760782 toao      20   0   26.0g  12.8g   7.4g R 100.0   6.8   4:18.16 nts	1688352053391
3760782 toao      20   0   26.0g  12.8g   7.4g R 106.2   6.8   4:18.85 nts	1688352054078
3760782 toao      20   0   26.0g  12.8g   7.4g R 100.0   6.8   4:19.54 nts	1688352054765
3760782 toao      20   0   26.0g  12.8g   7.4g R 106.2   6.8   4:20.23 nts	1688352055456
3760782 toao      20   0   25.8g  12.8g   7.4g R 823.5   6.8   4:23.20 nts	1688352056143
3760782 toao      20   0   25.8g  12.8g   7.4g R 194.1   6.8   4:26.47 nts	1688352056834
3760782 toao      20   0   26.9g  12.8g   7.4g R 818.8   6.8   4:32.69 nts	1688352057522
3760782 toao      20   0   26.9g  12.8g   7.4g R  2000   6.8   4:38.04 nts	1688352058204
3760782 toao      20   0   26.9g  12.8g   7.4g R 994.1   6.9   4:43.22 nts	1688352058894
3760782 toao      20   0   26.9g  12.8g   7.4g R 313.3   6.8   4:48.97 nts	1688352059617
3760782 toao      20   0   26.9g  12.8g   7.4g R 770.6   6.8   4:55.58 nts	1688352060297
3760782 toao      20   0   26.9g  12.8g   7.4g R 135.3   6.8   4:57.83 nts	1688352060984
3760782 toao      20   0   26.9g  12.8g   7.4g R 541.2   6.8   5:05.09 nts	1688352061672
3760782 toao      20   0   26.9g  12.8g   7.4g S 875.0   6.8   5:10.98 nts	1688352062360
3760782 toao      20   0   26.9g  12.8g   7.4g S  1853   6.8   5:16.18 nts	1688352063040
3760782 toao      20   0   26.9g  12.8g   7.4g R 460.0   6.8   5:20.53 nts	1688352063725
3760782 toao      20   0   26.9g  12.8g   7.4g R 550.0   6.8   5:25.35 nts	1688352064430
3760782 toao      20   0   26.9g  12.8g   7.4g S 187.5   6.8   5:28.03 nts	1688352065116
3760782 toao      20   0   26.9g  12.8g   7.4g R 741.2   6.8   5:34.73 nts	1688352065804
3760782 toao      20   0   26.9g  12.8g   7.4g R 843.8   6.8   5:40.15 nts	1688352066502
3760782 toao      20   0   26.9g  12.8g   7.4g R 337.5   6.8   5:44.07 nts	1688352067195
3760782 toao      20   0   26.9g  12.8g   7.4g R 547.1   6.8   5:49.34 nts	1688352067898
3760782 toao      20   0   26.9g  12.8g   7.4g R 356.2   6.8   5:53.46 nts	1688352068579
3760782 toao      20   0   26.9g  12.8g   7.4g R 381.2   6.8   5:58.17 nts	1688352069266
3760782 toao      20   0   26.9g  12.8g   7.4g R 437.5   6.8   6:02.58 nts	1688352069950
3760782 toao      20   0   26.9g  12.8g   7.4g S  2281   6.8   6:07.54 nts	1688352070639
3760782 toao      20   0   26.9g  12.8g   7.4g R 418.8   6.8   6:11.89 nts	1688352071325
3760782 toao      20   0   26.9g  12.8g   7.4g R 243.8   6.8   6:16.41 nts	1688352072036
3760782 toao      20   0   26.9g  12.8g   7.4g R 437.5   6.8   6:20.81 nts	1688352072717
3760782 toao      20   0   26.9g  12.8g   7.4g R 688.9   6.8   6:26.16 nts	1688352073426
3760782 toao      20   0   26.9g  12.8g   7.4g R 923.5   6.9   6:30.59 nts	1688352074114
3760782 toao      20   0   26.9g  12.8g   7.4g R 206.2   6.8   6:35.54 nts	1688352074826
3760782 toao      20   0   26.9g  12.8g   7.4g S 300.0   6.8   6:42.15 nts	1688352075514
3760782 toao      20   0   26.9g  12.8g   7.4g R 825.0   6.8   6:48.28 nts	1688352076202
3760782 toao      20   0   26.9g  12.8g   7.4g R 200.0   6.8   6:51.14 nts	1688352076885
3760782 toao      20   0   26.9g  12.8g   7.4g R 787.5   6.8   6:57.68 nts	1688352077568
3760782 toao      20   0   26.9g  12.8g   7.4g R 237.5   6.9   6:59.99 nts	1688352078256
3760782 toao      20   0   26.9g  12.8g   7.4g S 218.8   6.8   7:06.13 nts	1688352078940
3760782 toao      20   0   26.9g  12.8g   7.4g R 681.2   6.8   7:13.10 nts	1688352079622
3760782 toao      20   0   26.9g  12.8g   7.4g R 656.2   6.9   7:15.86 nts	1688352080305
3760782 toao      20   0   26.9g  12.8g   7.4g R 252.9   6.8   7:21.87 nts	1688352081014
3760782 toao      20   0   26.9g  12.8g   7.4g R 700.0   6.8   7:28.55 nts	1688352081704
3760782 toao      20   0   26.9g  12.8g   7.4g R 187.5   6.8   7:30.81 nts	1688352082391
3760782 toao      20   0   26.9g  12.8g   7.4g R 712.5   6.8   7:37.39 nts	1688352083077
3760782 toao      20   0   26.9g  12.8g   7.4g R 231.2   6.9   7:39.61 nts	1688352083758
3760782 toao      20   0   26.9g  12.8g   7.4g R 693.8   6.8   7:46.27 nts	1688352084444
3760782 toao      20   0   26.9g  12.8g   7.4g R 229.4   6.8   7:48.53 nts	1688352085125
3760782 toao      20   0   26.9g  12.8g   7.4g R 656.2   6.8   7:55.36 nts	1688352085805
3760782 toao      20   0   26.9g  12.8g   7.4g R 211.8   6.9   7:57.51 nts	1688352086493
3760782 toao      20   0   26.9g  12.8g   7.4g R 575.0   6.8   8:04.60 nts	1688352087181
3760782 toao      20   0   26.9g  12.8g   7.4g S 880.0   6.8   8:10.17 nts	1688352087867
3760782 toao      20   0   26.9g  12.8g   7.4g S  2100   6.8   8:15.30 nts	1688352088545
3760782 toao      20   0   26.9g  12.8g   7.4g R 306.2   6.8   8:19.40 nts	1688352089229
3760782 toao      20   0   26.9g  12.8g   7.4g S 781.2   6.8   8:25.35 nts	1688352089912
3760782 toao      20   0   26.9g  12.8g   7.4g R 175.0   6.8   8:30.20 nts	1688352090597
3760782 toao      20   0   26.9g  12.8g   7.4g R 517.6   6.8   8:35.67 nts	1688352091284
3760782 toao      20   0   26.9g  12.8g   7.4g R  1375   6.9   8:39.31 nts	1688352091971
3760782 toao      20   0   26.9g  12.8g   7.4g R 518.8   6.8   8:45.11 nts	1688352092689
3760782 toao      20   0   26.9g  12.8g   7.4g R  2094   6.9   8:49.92 nts	1688352093377
3760782 toao      20   0   26.9g  12.8g   7.4g R 194.1   6.8   8:53.12 nts	1688352094060
3760782 toao      20   0   26.9g  12.8g   7.4g S 368.8   6.8   8:59.32 nts	1688352094749
3760782 toao      20   0   26.9g  12.8g   7.4g R 800.0   6.8   9:05.45 nts	1688352095433
3760782 toao      20   0   26.9g  12.8g   7.4g R 200.0   6.8   9:08.22 nts	1688352096117
3760782 toao      20   0   26.9g  12.8g   7.4g S 568.8   6.8   9:14.23 nts	1688352096800
3760782 toao      20   0   26.9g  12.8g   7.4g S 650.0   6.8   9:19.91 nts	1688352097478
3760782 toao      20   0   26.9g  12.8g   7.4g R 647.1   6.8   9:25.32 nts	1688352098163
3760782 toao      20   0   26.9g  12.8g   7.4g R 250.0   6.8   9:28.94 nts	1688352098851
3760782 toao      20   0   26.9g  12.8g   7.4g R 768.8   6.8   9:35.42 nts	1688352099536
3760782 toao      20   0   26.9g  12.8g   7.4g R 787.5   6.8   9:41.08 nts	1688352100219
3760782 toao      20   0   26.9g  12.8g   7.4g R 275.0   6.8   9:44.54 nts	1688352100902
3760782 toao      20   0   26.9g  12.8g   7.4g R 837.5   6.8   9:50.99 nts	1688352101591
3760782 toao      20   0   26.9g  12.8g   7.4g R 693.8   6.8   9:56.76 nts	1688352102278
3760782 toao      20   0   26.9g  12.8g   7.4g R 241.2   6.8  10:00.23 nts	1688352102962
3760782 toao      20   0   26.9g  12.8g   7.4g R 837.5   6.8  10:06.22 nts	1688352103649
3760782 toao      20   0   26.9g  12.8g   7.4g R 225.0   6.8  10:09.19 nts	1688352104338
3760782 toao      20   0   26.9g  12.8g   7.4g R 843.8   6.8  10:15.55 nts	1688352105028
3760782 toao      20   0   26.9g  12.8g   7.4g R 181.2   6.8  10:18.06 nts	1688352105716
3760782 toao      20   0   26.9g  12.8g   7.4g R 700.0   6.8  10:25.05 nts	1688352106404
3760782 toao      20   0   26.9g  12.8g   7.4g R 143.8   6.8  10:27.04 nts	1688352107090
3760782 toao      20   0   26.9g  12.8g   7.4g R 688.2   6.8  10:34.03 nts	1688352107774
3760782 toao      20   0   26.9g  12.8g   7.4g R 256.2   6.8  10:36.29 nts	1688352108457
3760782 toao      20   0   26.9g  12.8g   7.4g S 306.2   6.8  10:42.48 nts	1688352109145
3760782 toao      20   0   26.9g  12.8g   7.4g R 825.0   6.8  10:48.90 nts	1688352109832
3760782 toao      20   0   26.9g  12.8g   7.4g R 200.0   6.8  10:51.45 nts	1688352110514
3760782 toao      20   0   26.9g  12.8g   7.4g R 637.5   6.8  10:57.97 nts	1688352111194
3760782 toao      20   0   26.9g  12.8g   7.4g R 800.0   6.8  11:03.87 nts	1688352111877
3760782 toao      20   0   26.9g  12.8g   7.4g R 275.0   6.8  11:07.17 nts	1688352112563
3760782 toao      20   0   26.9g  12.8g   7.4g R 837.5   6.8  11:13.73 nts	1688352113251
3760782 toao      20   0   26.9g  12.8g   7.4g R 193.8   6.8  11:16.16 nts	1688352113939
3760782 toao      20   0   26.9g  12.8g   7.4g R 656.2   6.8  11:23.00 nts	1688352114628
3760782 toao      20   0   26.9g  12.8g   7.4g R 225.0   6.8  11:25.30 nts	1688352115315
3760782 toao      20   0   26.9g  12.8g   7.4g S 600.0   6.8  11:31.55 nts	1688352116000
3760782 toao      20   0   26.9g  12.8g   7.4g S 713.3   6.8  11:37.03 nts	1688352116686
3760782 toao      20   0   26.9g  12.8g   7.4g R  1756   6.9  11:42.01 nts	1688352117367
3760782 toao      20   0   26.9g  12.8g   7.4g S 331.2   6.8  11:46.15 nts	1688352118066
3760782 toao      20   0   26.9g  12.8g   7.4g R 912.5   6.8  11:51.92 nts	1688352118759
3760782 toao      20   0   26.9g  12.8g   7.4g R  1475   6.9  11:56.77 nts	1688352119448
3760782 toao      20   0   26.9g  12.8g   7.4g R 482.4   6.8  12:02.00 nts	1688352120133
3760782 toao      20   0   26.9g  12.8g   7.4g R 800.0   6.9  12:04.56 nts	1688352120821
3760782 toao      20   0   26.9g  12.8g   7.4g R 500.0   6.8  12:10.71 nts	1688352121546
3760782 toao      20   0   26.9g  12.8g   7.4g R  2044   6.8  12:15.60 nts	1688352122225
3760782 toao      20   0   26.9g  12.8g   7.4g R 312.5   6.8  12:19.72 nts	1688352122909
3760782 toao      20   0   26.9g  12.8g   7.4g R 712.5   6.8  12:26.25 nts	1688352123599
3760782 toao      20   0   26.9g  12.8g   7.4g R 812.5   6.8  12:32.35 nts	1688352124282
3760782 toao      20   0   26.9g  12.8g   7.4g R  1289   6.8  12:38.52 nts	1688352124987
3760782 toao      20   0   26.9g  12.8g   7.4g R  1588   6.9  12:43.86 nts	1688352125690
3760782 toao      20   0   26.9g  12.8g   7.4g R 331.2   6.8  12:48.59 nts	1688352126387
3760782 toao      20   0   26.9g  12.8g   7.4g R 843.8   6.8  12:54.58 nts	1688352127070
3760782 toao      20   0   26.9g  12.8g   7.4g R 200.0   6.8  12:57.37 nts	1688352127759
3760782 toao      20   0   26.9g  12.8g   7.4g R 641.2   6.8  13:04.11 nts	1688352128440
3760782 toao      20   0   26.9g  12.8g   7.4g S 687.5   6.8  13:09.88 nts	1688352129125
3760782 toao      20   0   53.2g  13.7g   8.1g R 152.9   7.3  13:15.65 nts	1688352129815
3760782 toao      20   0   57.0g  15.5g   9.9g R 206.2   8.3  13:17.27 nts	1688352130497
3760782 toao      20   0   65.0g  15.8g  10.2g S 758.8   8.4  13:21.17 nts	1688352131182
3760782 toao      20   0   66.1g  15.9g  10.2g S 406.2   8.5  13:25.92 nts	1688352131868
3760782 toao      20   0   66.1g  15.8g  10.2g S 862.5   8.4  13:31.42 nts	1688352132547
3760782 toao      20   0   64.9g  15.9g  10.2g S 386.7   8.5  13:35.06 nts	1688352133227
3760782 toao      20   0   66.8g  15.9g  10.2g S 556.2   8.5  13:40.04 nts	1688352133900
3760782 toao      20   0   66.0g  15.8g  10.2g S 712.5   8.5  13:45.05 nts	1688352134581
3760782 toao      20   0   64.7g  15.8g  10.2g S 712.5   8.5  13:49.74 nts	1688352135264
3760782 toao      20   0   66.0g  15.9g  10.2g S  1006   8.5  13:54.82 nts	1688352135945
3760782 toao      20   0   64.9g  15.9g  10.2g S 981.2   8.5  13:59.33 nts	1688352136621
3760782 toao      20   0   64.8g  15.9g  10.2g S 770.6   8.5  14:03.91 nts	1688352137307
3760782 toao      20   0   65.1g  15.9g  10.2g S 987.5   8.5  14:08.48 nts	1688352137989
3760782 toao      20   0   64.8g  15.9g  10.2g S 962.5   8.5  14:13.03 nts	1688352138676
3760782 toao      20   0   66.1g  15.9g  10.2g S  1025   8.5  14:17.70 nts	1688352139355
3760782 toao      20   0   66.2g  15.9g  10.2g S 681.2   8.5  14:22.33 nts	1688352140046
3760782 toao      20   0   65.2g  15.9g  10.2g S  1006   8.5  14:26.90 nts	1688352140717
3760782 toao      20   0   66.2g  15.9g  10.2g S  1006   8.5  14:31.60 nts	1688352141399
3760782 toao      20   0   66.4g  15.9g  10.2g S  1056   8.5  14:36.31 nts	1688352142077
3760782 toao      20   0   66.3g  15.9g  10.2g S  1012   8.5  14:40.92 nts	1688352142760
3760782 toao      20   0   65.1g  15.8g  10.2g S 781.2   8.5  14:45.12 nts	1688352143438
3760782 toao      20   0   64.8g  15.8g  10.2g S 768.8   8.5  14:49.66 nts	1688352144120
3760782 toao      20   0   66.0g  15.9g  10.2g S  1038   8.5  14:54.64 nts	1688352144800
3760782 toao      20   0   65.1g  15.9g  10.2g S 806.2   8.5  14:58.91 nts	1688352145490
3760782 toao      20   0   65.7g  15.9g  10.2g S  1019   8.5  15:03.75 nts	1688352146179
3760782 toao      20   0   65.5g  15.9g  10.2g S  1006   8.5  15:08.42 nts	1688352146863
3760782 toao      20   0   66.7g  15.9g  10.2g S  1056   8.5  15:13.14 nts	1688352147541
3760782 toao      20   0   65.9g  15.9g  10.2g S 968.8   8.5  15:17.72 nts	1688352148227
3760782 toao      20   0   65.6g  15.9g  10.2g S 437.5   8.5  15:21.29 nts	1688352148909
3760782 toao      20   0   66.3g  15.9g  10.2g S 406.2   8.5  15:25.97 nts	1688352149598
3760782 toao      20   0   65.3g  15.9g  10.2g S 368.8   8.5  15:30.56 nts	1688352150282
3760782 toao      20   0   66.1g  15.9g  10.2g S 837.5   8.5  15:35.98 nts	1688352150965
3760782 toao      20   0   66.1g  15.9g  10.2g S 850.0   8.5  15:40.65 nts	1688352151649
3760782 toao      20   0   66.1g  15.9g  10.2g S 982.4   8.5  15:45.71 nts	1688352152322
3760782 toao      20   0   65.9g  15.9g  10.2g S 952.9   8.5  15:50.29 nts	1688352153014
3760782 toao      20   0   70.4g  15.9g  10.2g S  1050   8.5  15:54.90 nts	1688352153700
3760782 toao      20   0   71.3g  15.9g  10.2g S 393.8   8.5  15:59.74 nts	1688352154381
3760782 toao      20   0   71.9g  15.9g  10.2g S 600.0   8.5  16:05.01 nts	1688352155063
3760782 toao      20   0   70.6g  15.9g  10.2g S 387.5   8.5  16:09.33 nts	1688352155754
3760782 toao      20   0   71.5g  15.9g  10.2g S 756.2   8.5  16:14.67 nts	1688352156438
3760782 toao      20   0   70.2g  15.9g  10.2g S 700.0   8.5  16:19.34 nts	1688352157117
3760782 toao      20   0   71.2g  15.9g  10.2g S 982.4   8.5  16:24.58 nts	1688352157801
3760782 toao      20   0   71.4g  15.9g  10.2g S 931.2   8.5  16:29.32 nts	1688352158488
3760782 toao      20   0   70.4g  15.9g  10.2g S 911.8   8.5  16:33.85 nts	1688352159173
3760782 toao      20   0   71.4g  15.9g  10.2g S 576.5   8.5  16:38.51 nts	1688352159873
3760782 toao      20   0   70.0g  15.9g  10.2g S  1019   8.5  16:43.15 nts	1688352160546
3760782 toao      20   0   71.3g  15.9g  10.2g S 752.9   8.5  16:47.90 nts	1688352161234
3760782 toao      20   0   70.9g  15.9g  10.2g S  1000   8.5  16:52.39 nts	1688352161924
3760782 toao      20   0   71.3g  15.9g  10.2g S  1056   8.5  16:57.09 nts	1688352162602
3760782 toao      20   0   70.3g  15.9g  10.2g S 987.5   8.5  17:01.61 nts	1688352163289
3760782 toao      20   0   71.4g  15.9g  10.2g S  1012   8.5  17:06.26 nts	1688352163969
3760782 toao      20   0   70.7g  15.9g  10.2g S 958.8   8.5  17:10.99 nts	1688352164652
3760782 toao      20   0   70.4g  15.9g  10.2g S  1012   8.5  17:15.68 nts	1688352165330
3760782 toao      20   0   70.3g  15.9g  10.2g S 712.5   8.5  17:19.85 nts	1688352166018
3760782 toao      20   0   71.4g  15.9g  10.2g S 843.8   8.5  17:24.77 nts	1688352166699
3760782 toao      20   0   71.5g  15.9g  10.2g S  1019   8.5  17:29.80 nts	1688352167379
3760782 toao      20   0   70.6g  15.9g  10.2g S 568.8   8.5  17:34.34 nts	1688352168077
3760782 toao      20   0   71.2g  15.9g  10.2g S  1062   8.5  17:39.09 nts	1688352168753
3760782 toao      20   0   71.6g  15.9g  10.2g S 964.7   8.5  17:43.70 nts	1688352169433
3760782 toao      20   0   71.6g  15.9g  10.2g S 562.5   8.5  17:48.40 nts	1688352170117
3760782 toao      20   0   71.6g  15.9g  10.2g S 406.2   8.5  17:53.24 nts	1688352170795
3760782 toao      20   0   70.4g  15.9g  10.2g S  1062   8.5  17:57.91 nts	1688352171480
3760782 toao      20   0   71.6g  15.9g  10.2g S  1088   8.5  18:02.79 nts	1688352172169
3760782 toao      20   0   70.9g  15.9g  10.2g S 981.2   8.5  18:07.34 nts	1688352172855
3760782 toao      20   0   71.4g  15.9g  10.2g S 687.5   8.5  18:12.21 nts	1688352173550
3760782 toao      20   0   71.0g  15.9g  10.2g S  1050   8.5  18:16.79 nts	1688352174228
3760782 toao      20   0   71.4g  15.9g  10.2g S 406.2   8.5  18:21.68 nts	1688352174914
3760782 toao      20   0   71.9g  15.9g  10.2g S 337.5   8.5  18:26.19 nts	1688352175601
3760782 toao      20   0   73.3g  15.9g  10.2g S 500.0   8.5  18:31.11 nts	1688352176281
3760782 toao      20   0   73.6g  15.9g  10.2g S  1050   8.5  18:36.83 nts	1688352176968
3760782 toao      20   0   72.2g  15.9g  10.2g S  1031   8.5  18:41.56 nts	1688352177657
3760782 toao      20   0   73.3g  15.9g  10.2g S  1075   8.5  18:46.30 nts	1688352178332
3760782 toao      20   0   72.3g  15.9g  10.2g S  1000   8.5  18:50.91 nts	1688352179009
3760782 toao      20   0   73.4g  15.9g  10.2g S  1044   8.5  18:55.60 nts	1688352179697
3760782 toao      20   0   73.1g  15.9g  10.2g S  1012   8.5  19:00.18 nts	1688352180386
3760782 toao      20   0   73.7g  15.9g  10.2g S 558.8   8.5  19:04.86 nts	1688352181068
3760782 toao      20   0   72.7g  15.9g  10.2g S  1006   8.5  19:09.36 nts	1688352181747
3760782 toao      20   0   73.4g  15.9g  10.2g S 541.2   8.5  19:14.03 nts	1688352182427
3760782 toao      20   0   73.4g  15.9g  10.2g S  1081   8.5  19:18.84 nts	1688352183109
3760782 toao      20   0   73.0g  16.0g  10.2g S  1044   8.5  19:23.49 nts	1688352183800
3760782 toao      20   0   73.5g  15.9g  10.2g S  1012   8.5  19:28.04 nts	1688352184484
3760782 toao      20   0   73.1g  15.9g  10.2g S 805.9   8.5  19:32.69 nts	1688352185167
3760782 toao      20   0   73.6g  15.9g  10.2g S  1056   8.5  19:37.40 nts	1688352185860
3760782 toao      20   0   73.5g  15.9g  10.2g S  1031   8.5  19:42.02 nts	1688352186541
3760782 toao      20   0   72.8g  15.9g  10.2g S 968.8   8.5  19:46.58 nts	1688352187220
3760782 toao      20   0   73.7g  15.9g  10.2g S  1006   8.5  19:51.35 nts	1688352187898
3760782 toao      20   0   72.7g  15.9g  10.2g S 993.8   8.5  19:56.03 nts	1688352188583
3760782 toao      20   0   73.7g  15.9g  10.2g S 976.5   8.5  20:00.75 nts	1688352189265
3760782 toao      20   0   73.2g  15.9g  10.2g S 931.2   8.5  20:05.44 nts	1688352189945
3760782 toao      20   0   72.9g  15.9g  10.2g S 347.1   8.5  20:10.04 nts	1688352190635
3760782 toao      20   0   73.1g  15.9g  10.2g S 487.5   8.5  20:14.76 nts	1688352191318
3760782 toao      20   0   73.0g  15.9g  10.2g S 411.8   8.5  20:19.50 nts	1688352192003
3760782 toao      20   0   73.4g  16.0g  10.2g S 400.0   8.5  20:24.28 nts	1688352192692
3760782 toao      20   0   73.5g  15.9g  10.2g S 400.0   8.5  20:28.91 nts	1688352193374
3760782 toao      20   0   73.4g  15.9g  10.2g S 741.2   8.5  20:33.47 nts	1688352194058
3760782 toao      20   0   73.4g  15.9g  10.2g S  1106   8.5  20:38.31 nts	1688352194751
3760782 toao      20   0   72.5g  16.0g  10.2g S 981.2   8.5  20:42.82 nts	1688352195433
3760782 toao      20   0   73.2g  15.9g  10.2g S 717.6   8.5  20:47.62 nts	1688352196107
3760782 toao      20   0   73.5g  15.9g  10.2g S 393.8   8.5  20:52.41 nts	1688352196799
3760782 toao      20   0   73.5g  15.9g  10.2g S 393.8   8.5  20:57.06 nts	1688352197480
3760782 toao      20   0   72.3g  15.9g  10.2g S  1012   8.5  21:02.72 nts	1688352198165
3760782 toao      20   0   72.8g  15.9g  10.2g S  1025   8.5  21:07.34 nts	1688352198850
3760782 toao      20   0   73.7g  15.9g  10.2g S 687.5   8.5  21:12.07 nts	1688352199544
3760782 toao      20   0   73.7g  16.0g  10.2g S 376.5   8.5  21:16.81 nts	1688352200223
3760782 toao      20   0   73.4g  16.0g  10.2g S 625.0   8.5  21:21.30 nts	1688352200924
3760782 toao      20   0   73.6g  16.0g  10.2g S 375.0   8.5  21:26.02 nts	1688352201602
3760782 toao      20   0   73.7g  16.0g  10.2g S 406.2   8.5  21:30.73 nts	1688352202281
3760782 toao      20   0   72.2g  15.9g  10.2g S 675.0   8.5  21:35.91 nts	1688352202959
3760782 toao      20   0   73.8g  15.9g  10.2g S 843.8   8.5  21:40.66 nts	1688352203642
3760782 toao      20   0   73.6g  15.9g  10.2g S 847.1   8.5  21:45.39 nts	1688352204323
3760782 toao      20   0   72.9g  16.0g  10.2g S 441.2   8.5  21:49.26 nts	1688352205012
3760782 toao      20   0   73.3g  15.9g  10.2g S 875.0   8.5  21:54.77 nts	1688352205707
3760782 toao      20   0   73.0g  16.0g  10.2g S  1038   8.5  21:59.76 nts	1688352206402
3760782 toao      20   0   72.4g  16.0g  10.2g S 987.5   8.5  22:04.40 nts	1688352207076
3760782 toao      20   0   73.0g  16.0g  10.2g S 918.8   8.5  22:08.96 nts	1688352207760
3760782 toao      20   0   73.6g  15.9g  10.2g S 717.6   8.5  22:13.21 nts	1688352208444
3760782 toao      20   0   72.2g  15.9g  10.2g S 737.5   8.5  22:17.96 nts	1688352209127
3760782 toao      20   0   73.6g  16.0g  10.2g S 656.2   8.5  22:22.39 nts	1688352209810
3760782 toao      20   0   73.1g  16.0g  10.2g S 375.0   8.5  22:26.55 nts	1688352210496
3760782 toao      20   0   73.3g  16.0g  10.2g S 412.5   8.5  22:31.10 nts	1688352211180
3760782 toao      20   0   73.1g  16.0g  10.2g S 406.2   8.5  22:35.81 nts	1688352211873
3760782 toao      20   0   74.0g  16.0g  10.2g S 456.2   8.5  22:40.49 nts	1688352212552
3760782 toao      20   0   74.2g  16.0g  10.2g S 500.0   8.5  22:45.22 nts	1688352213245
3760782 toao      20   0   73.7g  16.0g  10.2g S  1044   8.5  22:50.88 nts	1688352213923
3760782 toao      20   0   72.1g  15.9g  10.2g S 787.5   8.5  22:55.23 nts	1688352214606
3760782 toao      20   0   73.4g  16.0g  10.2g S  1025   8.5  23:00.18 nts	1688352215291
3760782 toao      20   0   73.0g  16.0g  10.2g S  1000   8.5  23:04.79 nts	1688352215979
3760782 toao      20   0   72.3g  16.0g  10.2g S 382.4   8.5  23:08.38 nts	1688352216662
3760782 toao      20   0   73.4g  16.0g  10.2g S 412.5   8.5  23:13.00 nts	1688352217350
3760782 toao      20   0   72.4g  16.0g  10.2g S 368.8   8.5  23:17.67 nts	1688352218039
3760782 toao      20   0   71.8g  16.0g  10.2g S 356.2   8.5  23:22.35 nts	1688352218719
3760782 toao      20   0   73.4g  15.9g  10.2g S 800.0   8.5  23:27.79 nts	1688352219403
3760782 toao      20   0   73.0g  16.0g  10.2g S 993.8   8.5  23:32.76 nts	1688352220086
3760782 toao      20   0   72.3g  15.9g  10.2g S  1050   8.5  23:37.32 nts	1688352220774
3760782 toao      20   0   73.4g  16.0g  10.2g S 888.2   8.5  23:42.15 nts	1688352221463
3760782 toao      20   0   72.9g  16.0g  10.2g S 537.5   8.5  23:46.76 nts	1688352222148
3760782 toao      20   0   73.4g  16.0g  10.2g S 800.0   8.5  23:51.36 nts	1688352222830
3760782 toao      20   0   73.9g  16.0g  10.2g S  1031   8.5  23:56.01 nts	1688352223516
3760782 toao      20   0   73.9g  16.0g  10.2g S 562.5   8.5  24:00.76 nts	1688352224193
3760782 toao      20   0   73.5g  16.0g  10.2g S 575.0   8.5  24:05.35 nts	1688352224879
3760782 toao      20   0   72.4g  16.0g  10.2g S 375.0   8.5  24:10.04 nts	1688352225561
3760782 toao      20   0   73.0g  16.0g  10.2g S 418.8   8.5  24:14.75 nts	1688352226245
3760782 toao      20   0   73.6g  16.0g  10.2g S 370.6   8.5  24:19.42 nts	1688352226934
3760782 toao      20   0   73.4g  16.0g  10.2g S 406.2   8.5  24:24.03 nts	1688352227621
3760782 toao      20   0   73.9g  16.0g  10.2g S 418.8   8.5  24:28.67 nts	1688352228300
3760782 toao      20   0   72.4g  16.0g  10.2g S 311.8   8.5  24:33.19 nts	1688352228985
3760782 toao      20   0   73.6g  16.0g  10.2g S 941.2   8.5  24:38.92 nts	1688352229681
3760782 toao      20   0   72.6g  16.0g  10.2g S 637.5   8.5  24:42.90 nts	1688352230364
3760782 toao      20   0   72.4g  15.9g  10.2g S 582.4   8.5  24:47.51 nts	1688352231054
3760782 toao      20   0   72.2g  15.9g  10.2g S 664.7   8.5  24:52.33 nts	1688352231746
3760782 toao      20   0   74.3g  16.0g  10.2g S 523.5   8.5  24:56.63 nts	1688352232425
3760782 toao      20   0   73.3g  16.0g  10.2g S 364.7   8.5  25:01.10 nts	1688352233113
3760782 toao      20   0   73.3g  16.0g  10.2g S 382.4   8.5  25:05.74 nts	1688352233799
3760782 toao      20   0   73.1g  16.0g  10.2g S 400.0   8.5  25:10.38 nts	1688352234488
3760782 toao      20   0   73.7g  16.0g  10.2g S 393.8   8.5  25:14.97 nts	1688352235172
3760782 toao      20   0   73.8g  16.0g  10.2g S 393.8   8.5  25:19.67 nts	1688352235856
3760782 toao      20   0   74.2g  16.0g  10.2g S 375.0   8.5  25:24.20 nts	1688352236546
3760782 toao      20   0   73.4g  16.0g  10.2g S 382.4   8.5  25:28.88 nts	1688352237225
3760782 toao      20   0   73.4g  15.9g  10.2g S 631.2   8.5  25:33.91 nts	1688352237910
3760782 toao      20   0   72.3g  16.0g  10.2g S 352.9   8.5  25:38.04 nts	1688352238596
3760782 toao      20   0   72.9g  16.0g  10.2g S 625.0   8.5  25:42.60 nts	1688352239279
3760782 toao      20   0   73.6g  16.0g  10.2g S 982.4   8.5  25:47.32 nts	1688352239954
3760782 toao      20   0   72.8g  16.0g  10.2g S  1000   8.5  25:51.91 nts	1688352240637
3760782 toao      20   0   73.1g  16.0g  10.2g S 993.8   8.5  25:56.53 nts	1688352241320
3760782 toao      20   0   73.4g  16.0g  10.2g S  1056   8.5  26:01.18 nts	1688352241999
3760782 toao      20   0   73.6g  16.0g  10.2g S 370.6   8.5  26:05.94 nts	1688352242685
3760782 toao      20   0   72.6g  16.0g  10.2g S 581.2   8.5  26:10.46 nts	1688352243368
3760782 toao      20   0   72.8g  16.0g  10.2g S 387.5   8.5  26:15.03 nts	1688352244056
3760782 toao      20   0   73.2g  15.9g  10.2g S 606.2   8.5  26:20.08 nts	1688352244733
3760782 toao      20   0   73.3g  15.9g  10.2g S 747.1   8.5  26:24.99 nts	1688352245412
3760782 toao      20   0   72.0g  16.0g  10.2g S 412.5   8.5  26:29.13 nts	1688352246103
3760782 toao      20   0   73.6g  15.9g  10.2g S 850.0   8.5  26:34.53 nts	1688352246787
3760782 toao      20   0   73.5g  15.9g  10.2g S 837.5   8.5  26:39.14 nts	1688352247475
3760782 toao      20   0   72.4g  15.9g  10.2g S 856.2   8.5  26:43.92 nts	1688352248160
3760782 toao      20   0   72.0g  16.0g  10.2g S 956.2   8.5  26:48.62 nts	1688352248849
3760782 toao      20   0   72.8g  16.0g  10.2g S  1062   8.5  26:53.29 nts	1688352249534
3760782 toao      20   0   72.2g  16.0g  10.2g S 856.2   8.5  26:57.67 nts	1688352250219
3760782 toao      20   0   72.7g  16.0g  10.2g S 562.5   8.5  27:01.80 nts	1688352250909
3760782 toao      20   0   73.4g  16.0g  10.2g S 988.2   8.5  27:07.40 nts	1688352251594
3760782 toao      20   0   72.3g  16.0g  10.2g S 947.1   8.5  27:12.03 nts	1688352252282
3760782 toao      20   0   73.4g  16.0g  10.2g S 888.2   8.5  27:16.56 nts	1688352252972
3760782 toao      20   0   72.4g  15.9g  10.2g S 617.6   8.5  27:20.80 nts	1688352253662
3760782 toao      20   0   73.4g  15.9g  10.2g S 831.2   8.5  27:25.68 nts	1688352254351
3760782 toao      20   0   73.0g  15.9g  10.2g S 737.5   8.5  27:30.30 nts	1688352255032
3760782 toao      20   0   72.5g  15.9g  10.2g S 793.8   8.5  27:34.97 nts	1688352255711
3760782 toao      20   0   73.8g  16.0g  10.2g S 393.8   8.5  27:38.83 nts	1688352256392
3760782 toao      20   0   73.6g  16.0g  10.2g S 406.2   8.5  27:43.50 nts	1688352257076
3760782 toao      20   0   73.4g  16.0g  10.2g S 387.5   8.5  27:48.08 nts	1688352257764
3760782 toao      20   0   73.2g  15.9g  10.2g S 775.0   8.5  27:53.27 nts	1688352258449
3760782 toao      20   0   72.0g  16.0g  10.2g S 323.5   8.5  27:57.24 nts	1688352259133
3760782 toao      20   0   73.1g  16.0g  10.2g S 406.2   8.5  28:01.79 nts	1688352259818
3760782 toao      20   0   73.8g  16.0g  10.2g S 393.8   8.5  28:06.48 nts	1688352260496
3760782 toao      20   0   73.3g  16.0g  10.2g S 426.7   8.5  28:11.05 nts	1688352261176
3760782 toao      20   0   73.9g  16.0g  10.2g S 343.8   8.5  28:15.48 nts	1688352261850
3760782 toao      20   0   73.0g  16.0g  10.2g S  1080   8.5  28:20.14 nts	1688352262526
3760782 toao      20   0   73.6g  16.0g  10.2g S  1062   8.5  28:24.85 nts	1688352263199
3760782 toao      20   0   73.4g  16.0g  10.2g S  1056   8.5  28:29.57 nts	1688352263877
3760782 toao      20   0   73.4g  16.0g  10.2g S 612.5   8.5  28:34.32 nts	1688352264559
3760782 toao      20   0   73.4g  16.0g  10.2g S 487.5   8.5  28:38.93 nts	1688352265240
3760782 toao      20   0   73.2g  16.0g  10.2g S 406.2   8.5  28:43.60 nts	1688352265925
3760782 toao      20   0   72.7g  16.0g  10.2g S 462.5   8.5  28:48.29 nts	1688352266605
3760782 toao      20   0   73.9g  16.0g  10.2g S  1000   8.5  28:54.03 nts	1688352267302
3760782 toao      20   0   72.9g  16.0g  10.2g S  1025   8.5  28:58.64 nts	1688352267987
3760782 toao      20   0   72.3g  16.0g  10.2g S  1006   8.5  29:03.36 nts	1688352268672
3760782 toao      20   0   72.2g  16.0g  10.2g S 981.2   8.5  29:08.03 nts	1688352269359
3760782 toao      20   0   72.5g  16.0g  10.2g S 981.2   8.5  29:12.61 nts	1688352270043
3760782 toao      20   0   73.4g  16.0g  10.2g S  1031   8.5  29:17.21 nts	1688352270718
3760782 toao      20   0   73.2g  16.0g  10.2g S 970.6   8.5  29:21.85 nts	1688352271401
3760782 toao      20   0   73.5g  16.0g  10.2g S  1031   8.5  29:26.45 nts	1688352272086
3760782 toao      20   0   73.5g  16.0g  10.2g S 568.8   8.5  29:31.15 nts	1688352272763
3760782 toao      20   0   72.9g  16.0g  10.2g S  1012   8.5  29:35.78 nts	1688352273446
3760782 toao      20   0   73.6g  16.0g  10.2g S 893.8   8.5  29:40.53 nts	1688352274136
3760782 toao      20   0   72.8g  16.0g  10.2g S 987.5   8.5  29:45.01 nts	1688352274825
3760782 toao      20   0   73.7g  16.0g  10.2g S 606.2   8.5  29:49.72 nts	1688352275500
3760782 toao      20   0   73.7g  16.0g  10.2g S 593.8   8.5  29:54.34 nts	1688352276181
3760782 toao      20   0   72.6g  16.0g  10.2g S  1019   8.5  29:58.87 nts	1688352276865
3760782 toao      20   0   73.4g  16.0g  10.2g S 631.2   8.5  30:03.60 nts	1688352277553
3760782 toao      20   0   72.8g  16.0g  10.2g S  1060   8.5  30:08.14 nts	1688352278228
3760782 toao      20   0   72.5g  16.0g  10.2g S 943.8   8.5  30:12.68 nts	1688352278906
3760782 toao      20   0   73.6g  16.0g  10.2g S  1019   8.5  30:17.22 nts	1688352279585
3760782 toao      20   0   72.2g  15.9g  10.2g S 706.2   8.5  30:21.24 nts	1688352280264
3760782 toao      20   0   73.6g  16.0g  10.2g S  1050   8.5  30:26.34 nts	1688352280943
3760782 toao      20   0   72.1g  16.0g  10.2g S 906.2   8.5  30:30.79 nts	1688352281622
3760782 toao      20   0   73.4g  16.0g  10.2g S  1094   8.5  30:35.77 nts	1688352282311
3760782 toao      20   0   72.4g  16.0g  10.2g S 981.2   8.5  30:40.34 nts	1688352282997
3760782 toao      20   0   73.6g  16.0g  10.2g S  1012   8.5  30:45.05 nts	1688352283674
3760782 toao      20   0   73.1g  16.0g  10.2g S 981.2   8.5  30:49.56 nts	1688352284348
3760782 toao      20   0   72.7g  16.0g  10.2g S 440.0   8.5  30:53.08 nts	1688352285026
3760782 toao      20   0   72.0g  16.0g  10.2g S 337.5   8.5  30:57.75 nts	1688352285708
3760782 toao      20   0   71.9g  16.0g  10.2g S 368.8   8.5  31:02.32 nts	1688352286393
3760782 toao      20   0   72.4g  16.0g  10.2g S 756.2   8.5  31:07.57 nts	1688352287077
3760782 toao      20   0   73.5g  15.9g  10.2g S 831.2   8.5  31:12.36 nts	1688352287760
3760782 toao      20   0   72.7g  15.9g  10.2g S 781.2   8.5  31:16.87 nts	1688352288442
3760782 toao      20   0   72.5g  16.0g  10.2g S 531.2   8.5  31:21.72 nts	1688352289120
3760782 toao      20   0   72.8g  16.0g  10.2g S  1000   8.5  31:26.52 nts	1688352289804
3760782 toao      20   0   72.8g  16.0g  10.2g S 393.8   8.5  31:31.35 nts	1688352290490
3760782 toao      20   0   73.0g  16.0g  10.2g S 550.0   8.5  31:35.88 nts	1688352291171
3760782 toao      20   0   73.7g  16.0g  10.2g S  1025   8.5  31:40.45 nts	1688352291853
3760782 toao      20   0   73.6g  16.0g  10.2g S  1012   8.5  31:45.06 nts	1688352292529
3760782 toao      20   0   72.4g  16.0g  10.2g S  1000   8.5  31:49.65 nts	1688352293211
3760782 toao      20   0   73.1g  16.0g  10.2g S  1006   8.5  31:54.40 nts	1688352293894
3760782 toao      20   0   73.7g  16.0g  10.2g S 381.2   8.5  31:59.20 nts	1688352294575
3760782 toao      20   0   73.1g  16.0g  10.2g S 706.2   8.5  32:03.82 nts	1688352295266
3760782 toao      20   0   73.8g  16.0g  10.2g S 356.2   8.5  32:08.37 nts	1688352295949
3760782 toao      20   0   73.4g  16.0g  10.2g S 976.5   8.5  32:13.14 nts	1688352296636
3760782 toao      20   0   73.6g  16.0g  10.2g S 375.0   8.5  32:17.87 nts	1688352297326
3760782 toao      20   0   73.5g  16.0g  10.2g S 406.2   8.5  32:22.56 nts	1688352298009
3760782 toao      20   0   73.8g  16.0g  10.2g S 400.0   8.5  32:27.28 nts	1688352298695
3760782 toao      20   0   73.8g  16.0g  10.2g S 406.2   8.5  32:31.92 nts	1688352299382
3760782 toao      20   0   73.7g  16.0g  10.2g S 376.5   8.5  32:36.55 nts	1688352300064
3760782 toao      20   0   73.8g  16.0g  10.2g S 412.5   8.5  32:41.24 nts	1688352300755
3760782 toao      20   0   73.6g  16.0g  10.2g S 406.2   8.5  32:45.85 nts	1688352301438
3760782 toao      20   0   73.7g  16.0g  10.2g S 406.2   8.5  32:50.53 nts	1688352302119
3760782 toao      20   0   73.2g  16.0g  10.2g S 400.0   8.5  32:55.16 nts	1688352302799
3760782 toao      20   0   73.4g  16.0g  10.2g S 400.0   8.5  32:59.72 nts	1688352303483
3760782 toao      20   0   73.3g  16.0g  10.2g S 406.2   8.5  33:04.36 nts	1688352304163
3760782 toao      20   0   72.6g  16.0g  10.2g S 375.0   8.5  33:09.02 nts	1688352304846
3760782 toao      20   0   73.7g  16.0g  10.2g S 418.8   8.5  33:13.62 nts	1688352305531
3760782 toao      20   0   73.0g  16.0g  10.2g S 388.2   8.5  33:18.26 nts	1688352306213
3760782 toao      20   0   73.3g  16.0g  10.2g S 381.2   8.5  33:22.79 nts	1688352306898
3760782 toao      20   0   73.3g  16.0g  10.2g S  1050   8.5  33:27.31 nts	1688352307577
3760782 toao      20   0   72.5g  16.0g  10.2g S  1000   8.5  33:32.00 nts	1688352308258
3760782 toao      20   0   73.5g  16.0g  10.2g S  1025   8.5  33:36.74 nts	1688352308936
3760782 toao      20   0   73.4g  16.0g  10.2g S  1025   8.5  33:41.32 nts	1688352309618
3760782 toao      20   0   73.3g  16.0g  10.2g S  1025   8.5  33:46.00 nts	1688352310296
3760782 toao      20   0   73.4g  16.0g  10.2g S 406.2   8.5  33:50.71 nts	1688352310986
3760782 toao      20   0   71.9g  16.0g  10.2g S 531.2   8.5  33:55.27 nts	1688352311673
3760782 toao      20   0   73.7g  16.0g  10.2g S 443.8   8.5  34:00.00 nts	1688352312357
3760782 toao      20   0   72.1g  15.9g  10.2g S 793.8   8.5  34:05.43 nts	1688352313046
3760782 toao      20   0   72.0g  16.0g  10.2g S 981.2   8.5  34:10.41 nts	1688352313728
3760782 toao      20   0   73.6g  15.9g  10.2g S 856.2   8.5  34:14.71 nts	1688352314417
3760782 toao      20   0   73.4g  15.9g  10.2g S 762.5   8.5  34:19.15 nts	1688352315092
3760782 toao      20   0   73.2g  15.9g  10.2g S 662.5   8.5  34:23.64 nts	1688352315769
3760782 toao      20   0   73.7g  15.9g  10.2g S 881.2   8.5  34:28.78 nts	1688352316456
3760782 toao      20   0   73.8g  16.0g  10.2g S 568.8   8.5  34:33.82 nts	1688352317143
3760782 toao      20   0   73.6g  16.0g  10.2g S 637.5   8.5  34:38.42 nts	1688352317824
3760782 toao      20   0   73.4g  16.0g  10.2g S 362.5   8.5  34:43.13 nts	1688352318505
3760782 toao      20   0   73.5g  16.0g  10.2g S 556.2   8.5  34:47.80 nts	1688352319186
3760782 toao      20   0   73.1g  16.0g  10.2g S 558.8   8.5  34:52.52 nts	1688352319864
3760782 toao      20   0   73.5g  16.0g  10.2g S 420.0   8.5  34:57.12 nts	1688352320546
3760782 toao      20   0   73.1g  16.0g  10.2g S 376.5   8.5  35:01.81 nts	1688352321225
3760782 toao      20   0   74.0g  16.0g  10.2g S 381.2   8.5  35:06.42 nts	1688352321907
3760782 toao      20   0   73.5g  16.0g  10.2g S 447.1   8.5  35:11.09 nts	1688352322592
3760782 toao      20   0   73.7g  16.0g  10.2g S 381.2   8.5  35:15.75 nts	1688352323280
3760782 toao      20   0   73.6g  16.0g  10.2g S 562.5   8.5  35:20.37 nts	1688352323962
3760782 toao      20   0   73.3g  16.0g  10.2g S 964.7   8.5  35:24.94 nts	1688352324644
3760782 toao      20   0   73.5g  16.0g  10.2g S 976.5   8.5  35:29.58 nts	1688352325334
3760782 toao      20   0   73.2g  16.0g  10.2g S  1050   8.5  35:34.25 nts	1688352326019
3760782 toao      20   0   72.7g  16.0g  10.2g S 637.5   8.5  35:38.86 nts	1688352326695
3760782 toao      20   0   73.4g  16.0g  10.2g S 625.0   8.5  35:43.55 nts	1688352327381
3760782 toao      20   0   73.7g  16.0g  10.2g S 794.1   8.5  35:48.23 nts	1688352328060
3760782 toao      20   0   73.4g  16.0g  10.2g S 618.8   8.5  35:52.92 nts	1688352328754
3760782 toao      20   0   73.4g  16.0g  10.2g S 988.2   8.5  35:57.53 nts	1688352329434
3760782 toao      20   0   72.1g  15.9g  10.2g S 906.7   8.5  36:01.79 nts	1688352330118
3760782 toao      20   0   73.1g  16.0g  10.2g S 425.0   8.5  36:05.75 nts	1688352330795
3760782 toao      20   0   73.3g  16.0g  10.2g S 350.0   8.5  36:10.45 nts	1688352331482
3760782 toao      20   0   73.4g  16.0g  10.2g S 400.0   8.5  36:15.10 nts	1688352332165
3760782 toao      20   0   73.4g  16.0g  10.2g S 412.5   8.5  36:19.74 nts	1688352332842
3760782 toao      20   0   73.2g  15.9g  10.2g S 862.5   8.5  36:25.17 nts	1688352333523
3760782 toao      20   0   73.5g  16.0g  10.2g S  1044   8.5  36:30.09 nts	1688352334209
3760782 toao      20   0   72.2g  16.0g  10.2g S  1019   8.5  36:34.66 nts	1688352334895
3760782 toao      20   0   73.1g  16.0g  10.2g S 656.2   8.5  36:39.34 nts	1688352335583
3760782 toao      20   0   73.7g  16.0g  10.2g S 388.2   8.5  36:44.04 nts	1688352336263
3760782 toao      20   0   73.6g  16.0g  10.2g S 556.2   8.5  36:48.53 nts	1688352336952
3760782 toao      20   0   73.4g  16.0g  10.2g S 800.0   8.5  36:53.29 nts	1688352337642
3760782 toao      20   0   73.3g  16.0g  10.2g S 623.5   8.5  36:57.93 nts	1688352338322
3760782 toao      20   0   73.0g  16.0g  10.2g S 558.8   8.5  37:02.59 nts	1688352338998
3760782 toao      20   0   73.3g  16.0g  10.2g S 376.5   8.5  37:07.28 nts	1688352339681
3760782 toao      20   0   73.2g  16.0g  10.2g S 531.2   8.5  37:11.81 nts	1688352340368
3760782 toao      20   0   73.1g  16.0g  10.2g S 556.2   8.5  37:16.52 nts	1688352341054
3760782 toao      20   0   72.7g  16.0g  10.2g S 975.0   8.5  37:20.96 nts	1688352341742
3760782 toao      20   0   73.4g  16.0g  10.2g S  1038   8.5  37:25.56 nts	1688352342419
3760782 toao      20   0   73.2g  16.0g  10.2g S  1080   8.5  37:30.19 nts	1688352343105
3760782 toao      20   0   72.6g  16.0g  10.2g S 962.5   8.5  37:34.70 nts	1688352343782
3760782 toao      20   0   72.9g  15.9g  10.2g S 850.0   8.5  37:39.18 nts	1688352344461
3760782 toao      20   0   73.8g  16.0g  10.2g S  1081   8.5  37:44.21 nts	1688352345147
3760782 toao      20   0   73.4g  16.0g  10.2g S  1056   8.5  37:48.94 nts	1688352345829
3760782 toao      20   0   72.4g  15.9g  10.2g S 787.5   8.5  37:53.19 nts	1688352346518
3760782 toao      20   0   72.7g  16.0g  10.2g S 817.6   8.5  37:58.06 nts	1688352347202
3760782 toao      20   0   73.6g  15.9g  10.2g S 793.8   8.5  38:02.54 nts	1688352347893
3760782 toao      20   0   73.6g  16.0g  10.2g S 982.4   8.5  38:07.78 nts	1688352348574
3760782 toao      20   0   73.6g  16.0g  10.2g S 687.5   8.5  38:12.59 nts	1688352349262
3760782 toao      20   0   73.5g  16.0g  10.2g S 541.2   8.5  38:17.23 nts	1688352349954
3760782 toao      20   0   73.6g  16.0g  10.2g S 406.2   8.5  38:21.93 nts	1688352350637
3760782 toao      20   0   72.8g  16.0g  10.2g S 656.2   8.5  38:26.35 nts	1688352351320
3760782 toao      20   0   73.4g  16.0g  10.2g S 381.2   8.5  38:30.96 nts	1688352351998
3760782 toao      20   0   73.4g  16.0g  10.2g S 306.2   8.5  38:35.40 nts	1688352352689
3760782 toao      20   0   72.6g  16.0g  10.2g S  1094   8.5  38:40.23 nts	1688352353370
3760782 toao      20   0   73.6g  16.0g  10.2g S  1056   8.5  38:44.83 nts	1688352354058
3760782 toao      20   0   72.2g  16.0g  10.2g S  1019   8.5  38:49.56 nts	1688352354738
3760782 toao      20   0   71.8g  16.0g  10.2g S 923.5   8.5  38:54.28 nts	1688352355425
3760782 toao      20   0   73.6g  16.0g  10.2g S 805.9   8.5  38:59.04 nts	1688352356106
3760782 toao      20   0   73.4g  16.0g  10.2g S 418.8   8.5  39:03.73 nts	1688352356794
3760782 toao      20   0       0      0      0 Z 100.0   0.0  39:05.71 nts	1688352357487
3760782 toao      20   0       0      0      0 Z 100.0   0.0  39:06.39 nts	1688352358173
3760782 toao      20   0       0      0      0 Z 100.0   0.0  39:07.07 nts	1688352358856
