| 30%   46C    P5    74W / 230W |      5MiB / 24256MiB |      0%      Default |	1696951310496
| 30%   35C    P8    25W / 230W |      5MiB / 24256MiB |      0%      Default |	1696951310496
| 30%   46C    P8    38W / 230W |      5MiB / 24256MiB |      0%      Default |	1696951311260
| 30%   35C    P8    25W / 230W |      5MiB / 24256MiB |      0%      Default |	1696951311260
| 30%   45C    P8    31W / 230W |      5MiB / 24256MiB |      0%      Default |	1696951312064
| 30%   35C    P8    25W / 230W |      5MiB / 24256MiB |      0%      Default |	1696951312064
| 30%   45C    P8    31W / 230W |      5MiB / 24256MiB |      0%      Default |	1696951312819
| 30%   35C    P8    25W / 230W |      5MiB / 24256MiB |      0%      Default |	1696951312819
| 30%   45C    P8    28W / 230W |      5MiB / 24256MiB |      0%      Default |	1696951313567
| 30%   35C    P8    25W / 230W |      5MiB / 24256MiB |      0%      Default |	1696951313567
| 30%   44C    P8    28W / 230W |      5MiB / 24256MiB |      0%      Default |	1696951314300
| 30%   35C    P8    25W / 230W |      5MiB / 24256MiB |      0%      Default |	1696951314300
| 30%   44C    P8    28W / 230W |      5MiB / 24256MiB |      0%      Default |	1696951315038
| 30%   35C    P8    25W / 230W |      5MiB / 24256MiB |      0%      Default |	1696951315038
| 30%   44C    P8    28W / 230W |      5MiB / 24256MiB |      0%      Default |	1696951315772
| 30%   35C    P8    25W / 230W |      5MiB / 24256MiB |      0%      Default |	1696951315772
| 30%   44C    P8    28W / 230W |      5MiB / 24256MiB |      0%      Default |	1696951316514
| 30%   35C    P8    25W / 230W |      5MiB / 24256MiB |      0%      Default |	1696951316514
| 30%   44C    P8    28W / 230W |      5MiB / 24256MiB |      0%      Default |	1696951317253
| 30%   35C    P8    25W / 230W |      5MiB / 24256MiB |      0%      Default |	1696951317253
| 30%   44C    P8    28W / 230W |      5MiB / 24256MiB |      0%      Default |	1696951317987
| 30%   35C    P8    25W / 230W |      5MiB / 24256MiB |      0%      Default |	1696951317987
| 30%   43C    P8    28W / 230W |      5MiB / 24256MiB |      0%      Default |	1696951318722
| 30%   35C    P8    25W / 230W |      5MiB / 24256MiB |      0%      Default |	1696951318722
| 30%   43C    P8    28W / 230W |      5MiB / 24256MiB |      0%      Default |	1696951319484
| 30%   35C    P8    25W / 230W |      5MiB / 24256MiB |      0%      Default |	1696951319484
| 30%   43C    P8    28W / 230W |      5MiB / 24256MiB |      0%      Default |	1696951320220
| 30%   35C    P8    25W / 230W |      5MiB / 24256MiB |      0%      Default |	1696951320220
| 30%   43C    P8    28W / 230W |      5MiB / 24256MiB |      0%      Default |	1696951320970
| 30%   35C    P8    25W / 230W |      5MiB / 24256MiB |      0%      Default |	1696951320970
| 30%   43C    P8    28W / 230W |      5MiB / 24256MiB |      0%      Default |	1696951321720
| 30%   35C    P8    25W / 230W |      5MiB / 24256MiB |      0%      Default |	1696951321720
| 30%   43C    P8    28W / 230W |      5MiB / 24256MiB |      0%      Default |	1696951322471
| 30%   35C    P8    25W / 230W |      5MiB / 24256MiB |      0%      Default |	1696951322471
| 30%   42C    P8    28W / 230W |      5MiB / 24256MiB |      0%      Default |	1696951323223
| 30%   35C    P8    25W / 230W |      5MiB / 24256MiB |      0%      Default |	1696951323223
| 30%   42C    P8    28W / 230W |      5MiB / 24256MiB |      0%      Default |	1696951323969
| 30%   35C    P8    25W / 230W |      5MiB / 24256MiB |      0%      Default |	1696951323969
| 30%   42C    P8    28W / 230W |      5MiB / 24256MiB |      0%      Default |	1696951324720
| 30%   35C    P8    25W / 230W |      5MiB / 24256MiB |      0%      Default |	1696951324720
| 30%   42C    P8    28W / 230W |      5MiB / 24256MiB |      0%      Default |	1696951325472
| 30%   35C    P8    25W / 230W |      5MiB / 24256MiB |      0%      Default |	1696951325472
| 30%   42C    P8    28W / 230W |      5MiB / 24256MiB |      0%      Default |	1696951326222
| 30%   35C    P8    25W / 230W |      5MiB / 24256MiB |      0%      Default |	1696951326222
| 30%   42C    P8    28W / 230W |      5MiB / 24256MiB |      0%      Default |	1696951326972
| 30%   35C    P8    25W / 230W |      5MiB / 24256MiB |      0%      Default |	1696951326972
| 30%   41C    P8    28W / 230W |      5MiB / 24256MiB |      0%      Default |	1696951327719
| 30%   35C    P8    25W / 230W |      5MiB / 24256MiB |      0%      Default |	1696951327719
| 30%   41C    P8    28W / 230W |      5MiB / 24256MiB |      0%      Default |	1696951328467
| 30%   35C    P8    25W / 230W |      5MiB / 24256MiB |      0%      Default |	1696951328467
| 30%   41C    P8    28W / 230W |      5MiB / 24256MiB |      0%      Default |	1696951329220
| 30%   35C    P8    25W / 230W |      5MiB / 24256MiB |      0%      Default |	1696951329220
| 30%   41C    P8    28W / 230W |      5MiB / 24256MiB |      0%      Default |	1696951329981
| 30%   35C    P8    25W / 230W |      5MiB / 24256MiB |      0%      Default |	1696951329981
| 30%   41C    P8    28W / 230W |      5MiB / 24256MiB |      0%      Default |	1696951330716
| 30%   34C    P8    25W / 230W |      5MiB / 24256MiB |      0%      Default |	1696951330716
| 30%   41C    P8    28W / 230W |      5MiB / 24256MiB |      0%      Default |	1696951331451
| 30%   35C    P8    25W / 230W |      5MiB / 24256MiB |      0%      Default |	1696951331451
| 30%   41C    P8    28W / 230W |      5MiB / 24256MiB |      0%      Default |	1696951332186
| 30%   35C    P8    25W / 230W |      5MiB / 24256MiB |      0%      Default |	1696951332186
| 30%   41C    P8    28W / 230W |      5MiB / 24256MiB |      0%      Default |	1696951332919
| 30%   34C    P8    25W / 230W |      5MiB / 24256MiB |      0%      Default |	1696951332919
| 30%   41C    P8    28W / 230W |      5MiB / 24256MiB |      0%      Default |	1696951333657
| 30%   34C    P8    25W / 230W |      5MiB / 24256MiB |      0%      Default |	1696951333657
| 30%   40C    P8    28W / 230W |      5MiB / 24256MiB |      0%      Default |	1696951334392
| 30%   34C    P8    25W / 230W |      5MiB / 24256MiB |      0%      Default |	1696951334392
| 30%   40C    P8    28W / 230W |      5MiB / 24256MiB |      0%      Default |	1696951335125
| 30%   34C    P8    25W / 230W |      5MiB / 24256MiB |      0%      Default |	1696951335125
| 30%   40C    P8    28W / 230W |      5MiB / 24256MiB |      0%      Default |	1696951335864
| 30%   34C    P8    25W / 230W |      5MiB / 24256MiB |      0%      Default |	1696951335864
| 30%   40C    P8    28W / 230W |      5MiB / 24256MiB |      0%      Default |	1696951336600
| 30%   34C    P8    25W / 230W |      5MiB / 24256MiB |      0%      Default |	1696951336600
| 30%   40C    P8    28W / 230W |      5MiB / 24256MiB |      0%      Default |	1696951337335
| 30%   34C    P8    25W / 230W |      5MiB / 24256MiB |      0%      Default |	1696951337335
| 30%   40C    P8    28W / 230W |      5MiB / 24256MiB |      0%      Default |	1696951338076
| 30%   34C    P8    25W / 230W |      5MiB / 24256MiB |      0%      Default |	1696951338076
| 30%   40C    P8    28W / 230W |      5MiB / 24256MiB |      0%      Default |	1696951338815
| 30%   34C    P8    25W / 230W |      5MiB / 24256MiB |      0%      Default |	1696951338815
| 30%   40C    P8    28W / 230W |      5MiB / 24256MiB |      0%      Default |	1696951339549
| 30%   34C    P8    25W / 230W |      5MiB / 24256MiB |      0%      Default |	1696951339549
| 30%   40C    P8    28W / 230W |      5MiB / 24256MiB |      0%      Default |	1696951340283
| 30%   34C    P8    25W / 230W |      5MiB / 24256MiB |      0%      Default |	1696951340283
| 30%   40C    P8    28W / 230W |      5MiB / 24256MiB |      0%      Default |	1696951341024
| 30%   34C    P8    25W / 230W |      5MiB / 24256MiB |      0%      Default |	1696951341024
| 30%   39C    P8    28W / 230W |      5MiB / 24256MiB |      0%      Default |	1696951341763
| 30%   34C    P8    25W / 230W |      5MiB / 24256MiB |      0%      Default |	1696951341763
| 30%   39C    P8    28W / 230W |      5MiB / 24256MiB |      0%      Default |	1696951342498
| 30%   34C    P8    25W / 230W |      5MiB / 24256MiB |      0%      Default |	1696951342498
| 30%   39C    P8    28W / 230W |      5MiB / 24256MiB |      0%      Default |	1696951343233
| 30%   34C    P8    25W / 230W |      5MiB / 24256MiB |      0%      Default |	1696951343233
| 30%   39C    P8    28W / 230W |      5MiB / 24256MiB |      0%      Default |	1696951343973
| 30%   34C    P8    25W / 230W |      5MiB / 24256MiB |      0%      Default |	1696951343973
| 30%   39C    P8    28W / 230W |     18MiB / 24256MiB |      0%      Default |	1696951344710
| 30%   34C    P8    25W / 230W |      8MiB / 24256MiB |      0%      Default |	1696951344710
| 30%   40C    P2    46W / 230W |    281MiB / 24256MiB |      3%      Default |	1696951345469
| 30%   34C    P8    25W / 230W |      8MiB / 24256MiB |      0%      Default |	1696951345469
| 30%   41C    P2    66W / 230W |    353MiB / 24256MiB |      0%      Default |	1696951346215
| 30%   34C    P8    25W / 230W |      8MiB / 24256MiB |      0%      Default |	1696951346215
| 30%   41C    P2    65W / 230W |    435MiB / 24256MiB |      1%      Default |	1696951346971
| 30%   34C    P8    25W / 230W |      8MiB / 24256MiB |      0%      Default |	1696951346971
| 30%   41C    P2    65W / 230W |    517MiB / 24256MiB |      1%      Default |	1696951347721
| 30%   34C    P8    25W / 230W |      8MiB / 24256MiB |      0%      Default |	1696951347721
| 30%   41C    P2    65W / 230W |    573MiB / 24256MiB |      0%      Default |	1696951348467
| 30%   34C    P8    25W / 230W |      8MiB / 24256MiB |      0%      Default |	1696951348467
| 30%   41C    P2    66W / 230W |    673MiB / 24256MiB |      1%      Default |	1696951349211
| 30%   34C    P8    25W / 230W |      8MiB / 24256MiB |      0%      Default |	1696951349211
| 30%   41C    P2    66W / 230W |    719MiB / 24256MiB |      1%      Default |	1696951349963
| 30%   34C    P8    25W / 230W |      8MiB / 24256MiB |      0%      Default |	1696951349963
| 30%   41C    P2    65W / 230W |    765MiB / 24256MiB |      1%      Default |	1696951350722
| 30%   34C    P8    25W / 230W |      8MiB / 24256MiB |      0%      Default |	1696951350722
| 30%   41C    P2    66W / 230W |    807MiB / 24256MiB |      0%      Default |	1696951351490
| 30%   34C    P8    25W / 230W |      8MiB / 24256MiB |      0%      Default |	1696951351490
| 30%   41C    P2    66W / 230W |    851MiB / 24256MiB |      1%      Default |	1696951352258
| 30%   34C    P8    25W / 230W |      8MiB / 24256MiB |      0%      Default |	1696951352258
| 30%   41C    P2    66W / 230W |    903MiB / 24256MiB |      0%      Default |	1696951353022
| 30%   34C    P8    25W / 230W |      8MiB / 24256MiB |      0%      Default |	1696951353022
| 30%   41C    P2    66W / 230W |    971MiB / 24256MiB |      0%      Default |	1696951353782
| 30%   34C    P8    25W / 230W |      8MiB / 24256MiB |      0%      Default |	1696951353782
| 30%   41C    P2    66W / 230W |   1033MiB / 24256MiB |      1%      Default |	1696951354526
| 30%   34C    P8    25W / 230W |     18MiB / 24256MiB |      0%      Default |	1696951354526
| 30%   41C    P2    65W / 230W |   1033MiB / 24256MiB |      0%      Default |	1696951355295
| 30%   36C    P2    39W / 230W |    277MiB / 24256MiB |      3%      Default |	1696951355295
| 30%   41C    P2    65W / 230W |   1033MiB / 24256MiB |      0%      Default |	1696951356043
| 30%   36C    P2    64W / 230W |    333MiB / 24256MiB |      2%      Default |	1696951356043
| 30%   41C    P2    65W / 230W |   1033MiB / 24256MiB |      0%      Default |	1696951356805
| 30%   36C    P2    64W / 230W |    393MiB / 24256MiB |      0%      Default |	1696951356805
| 30%   41C    P2    65W / 230W |   1033MiB / 24256MiB |      0%      Default |	1696951357556
| 30%   36C    P2    64W / 230W |    479MiB / 24256MiB |      1%      Default |	1696951357556
| 30%   41C    P2    65W / 230W |   1033MiB / 24256MiB |      0%      Default |	1696951358313
| 30%   36C    P2    64W / 230W |    553MiB / 24256MiB |      1%      Default |	1696951358313
| 30%   41C    P2    65W / 230W |   1033MiB / 24256MiB |      0%      Default |	1696951359071
| 30%   36C    P2    64W / 230W |    639MiB / 24256MiB |      1%      Default |	1696951359071
| 30%   41C    P2    65W / 230W |   1033MiB / 24256MiB |      0%      Default |	1696951359834
| 30%   36C    P2    64W / 230W |    709MiB / 24256MiB |      0%      Default |	1696951359834
| 30%   41C    P2    65W / 230W |   1037MiB / 24256MiB |      0%      Default |	1696951360593
| 30%   37C    P2    64W / 230W |    719MiB / 24256MiB |      0%      Default |	1696951360593
| 30%   41C    P2    66W / 230W |   1041MiB / 24256MiB |      0%      Default |	1696951361355
| 30%   37C    P2    64W / 230W |    723MiB / 24256MiB |      0%      Default |	1696951361355
| 30%   41C    P2    66W / 230W |   1041MiB / 24256MiB |      0%      Default |	1696951362132
| 30%   37C    P2    64W / 230W |    723MiB / 24256MiB |      0%      Default |	1696951362132
| 30%   41C    P2    66W / 230W |   1043MiB / 24256MiB |      0%      Default |	1696951362892
| 30%   37C    P2    64W / 230W |    725MiB / 24256MiB |      1%      Default |	1696951362892
| 30%   42C    P2    65W / 230W |   1043MiB / 24256MiB |      0%      Default |	1696951363677
| 30%   37C    P2    64W / 230W |    725MiB / 24256MiB |      0%      Default |	1696951363677
| 30%   41C    P2    66W / 230W |   1043MiB / 24256MiB |      0%      Default |	1696951364431
| 30%   37C    P2    64W / 230W |    725MiB / 24256MiB |      0%      Default |	1696951364431
| 30%   41C    P2    66W / 230W |   1043MiB / 24256MiB |      0%      Default |	1696951365192
| 30%   37C    P2    64W / 230W |    725MiB / 24256MiB |      0%      Default |	1696951365192
| 30%   41C    P2    66W / 230W |   1043MiB / 24256MiB |      0%      Default |	1696951365952
| 30%   37C    P2    65W / 230W |    725MiB / 24256MiB |      0%      Default |	1696951365952
| 30%   42C    P2    66W / 230W |   1043MiB / 24256MiB |      0%      Default |	1696951366709
| 30%   37C    P2    65W / 230W |    725MiB / 24256MiB |      0%      Default |	1696951366709
| 30%   42C    P2    66W / 230W |   1043MiB / 24256MiB |      0%      Default |	1696951367456
| 30%   38C    P2    65W / 230W |    725MiB / 24256MiB |      0%      Default |	1696951367456
| 30%   42C    P2    66W / 230W |   1043MiB / 24256MiB |      0%      Default |	1696951368209
| 30%   38C    P2    65W / 230W |    725MiB / 24256MiB |      0%      Default |	1696951368209
| 30%   42C    P2    66W / 230W |   1043MiB / 24256MiB |      0%      Default |	1696951368958
| 30%   38C    P2    65W / 230W |    725MiB / 24256MiB |      0%      Default |	1696951368958
| 30%   42C    P2    66W / 230W |   1043MiB / 24256MiB |      0%      Default |	1696951369710
| 30%   38C    P2    65W / 230W |    725MiB / 24256MiB |      0%      Default |	1696951369710
| 30%   42C    P2    66W / 230W |   1043MiB / 24256MiB |      0%      Default |	1696951370455
| 30%   38C    P2    65W / 230W |    725MiB / 24256MiB |      0%      Default |	1696951370455
| 30%   42C    P2    66W / 230W |   1043MiB / 24256MiB |      0%      Default |	1696951371210
| 30%   38C    P2    65W / 230W |    725MiB / 24256MiB |      0%      Default |	1696951371210
| 30%   42C    P2    66W / 230W |   1043MiB / 24256MiB |      0%      Default |	1696951371960
| 30%   38C    P2    65W / 230W |    725MiB / 24256MiB |      0%      Default |	1696951371960
| 30%   42C    P2    66W / 230W |   1043MiB / 24256MiB |      0%      Default |	1696951372708
| 30%   38C    P2    65W / 230W |    725MiB / 24256MiB |      0%      Default |	1696951372708
| 30%   42C    P2    66W / 230W |   1043MiB / 24256MiB |      0%      Default |	1696951373465
| 30%   38C    P2    65W / 230W |    725MiB / 24256MiB |      0%      Default |	1696951373465
| 30%   42C    P2    66W / 230W |   1043MiB / 24256MiB |      0%      Default |	1696951374217
| 30%   38C    P2    65W / 230W |    725MiB / 24256MiB |      0%      Default |	1696951374217
| 30%   42C    P2    66W / 230W |   1043MiB / 24256MiB |      0%      Default |	1696951374969
| 30%   38C    P2    65W / 230W |    725MiB / 24256MiB |      0%      Default |	1696951374969
| 30%   42C    P2    66W / 230W |   1043MiB / 24256MiB |      0%      Default |	1696951375726
| 30%   39C    P2    65W / 230W |    725MiB / 24256MiB |      0%      Default |	1696951375726
| 30%   42C    P2    66W / 230W |   1043MiB / 24256MiB |      0%      Default |	1696951376475
| 30%   39C    P2    65W / 230W |    725MiB / 24256MiB |      0%      Default |	1696951376475
| 30%   42C    P2    66W / 230W |   1043MiB / 24256MiB |      0%      Default |	1696951377227
| 30%   39C    P2    65W / 230W |    725MiB / 24256MiB |      0%      Default |	1696951377227
| 30%   40C    P8    66W / 230W |   1043MiB / 24256MiB |      0%      Default |	1696951377991
| 30%   37C    P8    65W / 230W |    725MiB / 24256MiB |      0%      Default |	1696951377991
| 30%   40C    P8    30W / 230W |   1043MiB / 24256MiB |      0%      Default |	1696951378731
| 30%   37C    P8    33W / 230W |    725MiB / 24256MiB |      0%      Default |	1696951378731
| 30%   40C    P8    29W / 230W |   1043MiB / 24256MiB |      0%      Default |	1696951379467
| 30%   37C    P8    27W / 230W |    725MiB / 24256MiB |      0%      Default |	1696951379467
| 30%   40C    P8    29W / 230W |   1043MiB / 24256MiB |      0%      Default |	1696951380204
| 30%   37C    P8    27W / 230W |    725MiB / 24256MiB |      0%      Default |	1696951380204
| 30%   40C    P8    27W / 230W |   1043MiB / 24256MiB |      0%      Default |	1696951380945
| 30%   37C    P8    25W / 230W |    725MiB / 24256MiB |      0%      Default |	1696951380945
| 30%   39C    P8    27W / 230W |   1043MiB / 24256MiB |      0%      Default |	1696951381686
| 30%   37C    P8    25W / 230W |    725MiB / 24256MiB |      0%      Default |	1696951381686
| 30%   39C    P8    27W / 230W |   1043MiB / 24256MiB |      0%      Default |	1696951382420
| 30%   37C    P8    25W / 230W |    725MiB / 24256MiB |      0%      Default |	1696951382420
| 30%   39C    P8    27W / 230W |   1043MiB / 24256MiB |      0%      Default |	1696951383161
| 30%   37C    P8    25W / 230W |    725MiB / 24256MiB |      0%      Default |	1696951383161
| 30%   39C    P8    28W / 230W |   1043MiB / 24256MiB |      0%      Default |	1696951383896
| 30%   37C    P8    25W / 230W |    725MiB / 24256MiB |      0%      Default |	1696951383896
| 30%   39C    P8    28W / 230W |   1043MiB / 24256MiB |      0%      Default |	1696951384631
| 30%   37C    P8    25W / 230W |    725MiB / 24256MiB |      0%      Default |	1696951384631
| 30%   39C    P8    28W / 230W |   1043MiB / 24256MiB |      0%      Default |	1696951385367
| 30%   37C    P8    25W / 230W |    725MiB / 24256MiB |      0%      Default |	1696951385367
| 30%   39C    P8    27W / 230W |   1043MiB / 24256MiB |      0%      Default |	1696951386102
| 30%   37C    P8    25W / 230W |    725MiB / 24256MiB |      0%      Default |	1696951386102
| 30%   39C    P8    27W / 230W |   1043MiB / 24256MiB |      0%      Default |	1696951386845
| 30%   36C    P8    25W / 230W |    725MiB / 24256MiB |      0%      Default |	1696951386845
| 30%   39C    P8    27W / 230W |   1043MiB / 24256MiB |      0%      Default |	1696951387579
| 30%   36C    P8    25W / 230W |    725MiB / 24256MiB |      0%      Default |	1696951387579
| 30%   39C    P8    27W / 230W |   1043MiB / 24256MiB |      0%      Default |	1696951388314
| 30%   36C    P8    25W / 230W |    725MiB / 24256MiB |      0%      Default |	1696951388314
| 30%   38C    P8    27W / 230W |   1043MiB / 24256MiB |      0%      Default |	1696951389050
| 30%   36C    P8    25W / 230W |    725MiB / 24256MiB |      0%      Default |	1696951389050
| 30%   38C    P8    27W / 230W |   1043MiB / 24256MiB |      0%      Default |	1696951389786
| 30%   36C    P8    25W / 230W |    725MiB / 24256MiB |      0%      Default |	1696951389786
| 30%   38C    P8    27W / 230W |   1043MiB / 24256MiB |      0%      Default |	1696951390522
| 30%   36C    P8    25W / 230W |    725MiB / 24256MiB |      0%      Default |	1696951390522
| 30%   38C    P8    27W / 230W |   1043MiB / 24256MiB |      0%      Default |	1696951391261
| 30%   36C    P8    25W / 230W |    725MiB / 24256MiB |      0%      Default |	1696951391261
| 30%   38C    P8    27W / 230W |   1043MiB / 24256MiB |      0%      Default |	1696951391998
| 30%   36C    P8    25W / 230W |    725MiB / 24256MiB |      0%      Default |	1696951391998
| 30%   38C    P8    27W / 230W |   1043MiB / 24256MiB |      0%      Default |	1696951392734
| 30%   36C    P8    25W / 230W |    725MiB / 24256MiB |      0%      Default |	1696951392734
| 30%   38C    P8    27W / 230W |   1043MiB / 24256MiB |      0%      Default |	1696951393472
| 30%   36C    P8    25W / 230W |    725MiB / 24256MiB |      0%      Default |	1696951393472
| 30%   38C    P8    27W / 230W |   1043MiB / 24256MiB |      0%      Default |	1696951394234
| 30%   36C    P8    25W / 230W |    725MiB / 24256MiB |      0%      Default |	1696951394234
| 30%   38C    P8    27W / 230W |   1043MiB / 24256MiB |      0%      Default |	1696951394969
| 30%   36C    P8    25W / 230W |    725MiB / 24256MiB |      0%      Default |	1696951394969
| 30%   38C    P8    27W / 230W |   1043MiB / 24256MiB |      0%      Default |	1696951395709
| 30%   36C    P8    25W / 230W |    725MiB / 24256MiB |      0%      Default |	1696951395709
| 30%   38C    P8    27W / 230W |   1043MiB / 24256MiB |      0%      Default |	1696951396446
| 30%   36C    P8    25W / 230W |    725MiB / 24256MiB |      0%      Default |	1696951396446
| 30%   38C    P8    27W / 230W |   1043MiB / 24256MiB |      0%      Default |	1696951397184
| 30%   36C    P8    25W / 230W |    725MiB / 24256MiB |      0%      Default |	1696951397184
| 30%   37C    P8    27W / 230W |   1043MiB / 24256MiB |      0%      Default |	1696951397924
| 30%   36C    P8    25W / 230W |    725MiB / 24256MiB |      0%      Default |	1696951397924
| 30%   37C    P8    27W / 230W |   1043MiB / 24256MiB |      0%      Default |	1696951398660
| 30%   36C    P8    25W / 230W |    725MiB / 24256MiB |      0%      Default |	1696951398660
| 30%   37C    P8    27W / 230W |   1043MiB / 24256MiB |      0%      Default |	1696951399398
| 30%   36C    P8    25W / 230W |    725MiB / 24256MiB |      0%      Default |	1696951399398
| 30%   37C    P8    27W / 230W |   1043MiB / 24256MiB |      0%      Default |	1696951400135
| 30%   36C    P8    25W / 230W |    725MiB / 24256MiB |      0%      Default |	1696951400135
| 30%   37C    P8    27W / 230W |   1043MiB / 24256MiB |      0%      Default |	1696951400869
| 30%   36C    P8    25W / 230W |    725MiB / 24256MiB |      0%      Default |	1696951400869
| 30%   37C    P8    27W / 230W |   1043MiB / 24256MiB |      0%      Default |	1696951401604
| 30%   36C    P8    25W / 230W |    725MiB / 24256MiB |      0%      Default |	1696951401604
| 30%   37C    P8    27W / 230W |   1043MiB / 24256MiB |      0%      Default |	1696951402343
| 30%   36C    P8    25W / 230W |    725MiB / 24256MiB |      0%      Default |	1696951402343
| 30%   38C    P2    28W / 230W |   1085MiB / 24256MiB |      0%      Default |	1696951403082
| 30%   36C    P2    26W / 230W |    767MiB / 24256MiB |      0%      Default |	1696951403082
| 30%   38C    P2    43W / 230W |   1085MiB / 24256MiB |      0%      Default |	1696951403839
| 30%   37C    P2    42W / 230W |    845MiB / 24256MiB |      1%      Default |	1696951403839
| 30%   39C    P2    64W / 230W |   1085MiB / 24256MiB |      0%      Default |	1696951404606
| 30%   38C    P2    65W / 230W |    929MiB / 24256MiB |      0%      Default |	1696951404606
| 30%   39C    P2    64W / 230W |   1085MiB / 24256MiB |      0%      Default |	1696951405359
| 30%   38C    P2    65W / 230W |   1023MiB / 24256MiB |      1%      Default |	1696951405359
| 30%   39C    P2    65W / 230W |   1303MiB / 24256MiB |      0%      Default |	1696951406117
| 30%   38C    P2    65W / 230W |   1303MiB / 24256MiB |      1%      Default |	1696951406117
| 30%   39C    P2    66W / 230W |   1765MiB / 24256MiB |     16%      Default |	1696951406878
| 30%   38C    P2    67W / 230W |   1863MiB / 24256MiB |     17%      Default |	1696951406878
| 30%   40C    P2    79W / 230W |   1887MiB / 24256MiB |     78%      Default |	1696951407642
| 30%   39C    P2    76W / 230W |   1937MiB / 24256MiB |     69%      Default |	1696951407642
| 30%   42C    P2   104W / 230W |   1923MiB / 24256MiB |     93%      Default |	1696951408518
| 30%   41C    P2   106W / 230W |   1937MiB / 24256MiB |     91%      Default |	1696951408518
| 30%   42C    P2   114W / 230W |   1923MiB / 24256MiB |     92%      Default |	1696951409623
| 30%   41C    P2   112W / 230W |   1937MiB / 24256MiB |     90%      Default |	1696951409623
| 30%   43C    P2   114W / 230W |   1923MiB / 24256MiB |     90%      Default |	1696951410780
| 30%   42C    P2   112W / 230W |   1937MiB / 24256MiB |     88%      Default |	1696951410780
| 30%   43C    P2   115W / 230W |   1923MiB / 24256MiB |     90%      Default |	1696951411949
| 30%   42C    P2   113W / 230W |   1937MiB / 24256MiB |     92%      Default |	1696951411949
| 30%   43C    P2   114W / 230W |   1923MiB / 24256MiB |     89%      Default |	1696951413137
| 30%   43C    P2   114W / 230W |   1937MiB / 24256MiB |     90%      Default |	1696951413137
| 30%   43C    P2   114W / 230W |   1923MiB / 24256MiB |     90%      Default |	1696951414342
| 30%   43C    P2   115W / 230W |   1937MiB / 24256MiB |     87%      Default |	1696951414342
| 30%   43C    P2   109W / 230W |   1923MiB / 24256MiB |     80%      Default |	1696951415545
| 30%   43C    P2   110W / 230W |   2051MiB / 24256MiB |     86%      Default |	1696951415545
| 30%   44C    P2   116W / 230W |   1923MiB / 24256MiB |     90%      Default |	1696951416541
| 30%   44C    P2   116W / 230W |   2051MiB / 24256MiB |     92%      Default |	1696951416541
| 30%   44C    P2   115W / 230W |   1923MiB / 24256MiB |     81%      Default |	1696951417698
| 30%   44C    P2   116W / 230W |   2051MiB / 24256MiB |     91%      Default |	1696951417698
| 30%   44C    P2   114W / 230W |   1923MiB / 24256MiB |     82%      Default |	1696951418880
| 30%   44C    P2   116W / 230W |   2051MiB / 24256MiB |     90%      Default |	1696951418880
| 30%   45C    P2   115W / 230W |   1923MiB / 24256MiB |     91%      Default |	1696951420069
| 30%   45C    P2   115W / 230W |   2051MiB / 24256MiB |     90%      Default |	1696951420069
| 30%   45C    P2   116W / 230W |   1923MiB / 24256MiB |     91%      Default |	1696951421237
| 30%   45C    P2   116W / 230W |   2051MiB / 24256MiB |     91%      Default |	1696951421237
| 30%   45C    P2   116W / 230W |   1923MiB / 24256MiB |     89%      Default |	1696951422424
| 30%   46C    P2   116W / 230W |   2051MiB / 24256MiB |     90%      Default |	1696951422424
| 30%   45C    P2   108W / 230W |   2037MiB / 24256MiB |     69%      Default |	1696951423473
| 30%   45C    P2   109W / 230W |   2149MiB / 24256MiB |     95%      Default |	1696951423473
| 30%   46C    P2   116W / 230W |   2037MiB / 24256MiB |     92%      Default |	1696951424400
| 30%   46C    P2   117W / 230W |   2149MiB / 24256MiB |     90%      Default |	1696951424400
| 30%   46C    P2   115W / 230W |   2037MiB / 24256MiB |     90%      Default |	1696951425574
| 30%   46C    P2   117W / 230W |   2149MiB / 24256MiB |     91%      Default |	1696951425574
| 30%   46C    P2   115W / 230W |   2037MiB / 24256MiB |     93%      Default |	1696951426753
| 30%   47C    P2   117W / 230W |   2149MiB / 24256MiB |     91%      Default |	1696951426753
| 30%   46C    P2   116W / 230W |   2037MiB / 24256MiB |     90%      Default |	1696951427952
| 30%   47C    P2   117W / 230W |   2149MiB / 24256MiB |     92%      Default |	1696951427952
| 30%   47C    P2   116W / 230W |   2037MiB / 24256MiB |     90%      Default |	1696951429144
| 30%   47C    P2   117W / 230W |   2151MiB / 24256MiB |     92%      Default |	1696951429144
| 30%   47C    P2   116W / 230W |   2039MiB / 24256MiB |     89%      Default |	1696951430333
| 30%   48C    P2   116W / 230W |   2151MiB / 24256MiB |     89%      Default |	1696951430333
| 30%   46C    P2   100W / 230W |   2039MiB / 24256MiB |      0%      Default |	1696951431432
| 30%   46C    P2   101W / 230W |   2151MiB / 24256MiB |      0%      Default |	1696951431432
| 30%   45C    P0    87W / 230W |      5MiB / 24256MiB |      0%      Default |	1696951432205
| 30%   46C    P0    89W / 230W |      5MiB / 24256MiB |      0%      Default |	1696951432205
