| 30%   45C    P0    70W / 230W |      5MiB / 24256MiB |      0%      Default |	1696949285449
| 30%   35C    P8    25W / 230W |      5MiB / 24256MiB |      0%      Default |	1696949285449
| 30%   44C    P5    68W / 230W |      5MiB / 24256MiB |      0%      Default |	1696949286235
| 30%   35C    P8    25W / 230W |      5MiB / 24256MiB |      0%      Default |	1696949286235
| 30%   43C    P8    37W / 230W |      5MiB / 24256MiB |      0%      Default |	1696949286999
| 30%   35C    P8    25W / 230W |      5MiB / 24256MiB |      0%      Default |	1696949286999
| 30%   43C    P8    28W / 230W |      5MiB / 24256MiB |      0%      Default |	1696949287776
| 30%   35C    P8    25W / 230W |      5MiB / 24256MiB |      0%      Default |	1696949287776
| 30%   43C    P8    28W / 230W |      5MiB / 24256MiB |      0%      Default |	1696949288527
| 30%   35C    P8    25W / 230W |      5MiB / 24256MiB |      0%      Default |	1696949288527
| 30%   42C    P8    28W / 230W |      5MiB / 24256MiB |      0%      Default |	1696949289263
| 30%   35C    P8    25W / 230W |      5MiB / 24256MiB |      0%      Default |	1696949289263
| 30%   42C    P8    27W / 230W |      5MiB / 24256MiB |      0%      Default |	1696949289996
| 30%   35C    P8    25W / 230W |      5MiB / 24256MiB |      0%      Default |	1696949289996
| 30%   42C    P8    27W / 230W |      5MiB / 24256MiB |      0%      Default |	1696949290734
| 30%   35C    P8    25W / 230W |      5MiB / 24256MiB |      0%      Default |	1696949290734
| 30%   42C    P8    27W / 230W |      5MiB / 24256MiB |      0%      Default |	1696949291471
| 30%   35C    P8    25W / 230W |      5MiB / 24256MiB |      0%      Default |	1696949291471
| 30%   42C    P8    28W / 230W |      5MiB / 24256MiB |      0%      Default |	1696949292210
| 30%   35C    P8    25W / 230W |      5MiB / 24256MiB |      0%      Default |	1696949292210
| 30%   42C    P8    28W / 230W |      5MiB / 24256MiB |      0%      Default |	1696949292943
| 30%   35C    P8    25W / 230W |      5MiB / 24256MiB |      0%      Default |	1696949292943
| 30%   41C    P8    28W / 230W |      5MiB / 24256MiB |      0%      Default |	1696949293681
| 30%   35C    P8    25W / 230W |      5MiB / 24256MiB |      0%      Default |	1696949293681
| 30%   41C    P8    28W / 230W |      5MiB / 24256MiB |      0%      Default |	1696949294419
| 30%   35C    P8    25W / 230W |      5MiB / 24256MiB |      0%      Default |	1696949294419
| 30%   41C    P8    28W / 230W |      5MiB / 24256MiB |      0%      Default |	1696949295160
| 30%   35C    P8    25W / 230W |      5MiB / 24256MiB |      0%      Default |	1696949295160
| 30%   41C    P8    28W / 230W |      5MiB / 24256MiB |      0%      Default |	1696949295907
| 30%   35C    P8    25W / 230W |      5MiB / 24256MiB |      0%      Default |	1696949295907
| 30%   41C    P8    28W / 230W |      5MiB / 24256MiB |      0%      Default |	1696949296646
| 30%   35C    P8    25W / 230W |      5MiB / 24256MiB |      0%      Default |	1696949296646
| 30%   41C    P8    28W / 230W |      5MiB / 24256MiB |      0%      Default |	1696949297378
| 30%   35C    P8    25W / 230W |      5MiB / 24256MiB |      0%      Default |	1696949297378
| 30%   41C    P8    28W / 230W |      5MiB / 24256MiB |      0%      Default |	1696949298131
| 30%   35C    P8    25W / 230W |      5MiB / 24256MiB |      0%      Default |	1696949298131
| 30%   40C    P8    28W / 230W |      5MiB / 24256MiB |      0%      Default |	1696949298870
| 30%   35C    P8    25W / 230W |      5MiB / 24256MiB |      0%      Default |	1696949298870
| 30%   40C    P8    28W / 230W |      5MiB / 24256MiB |      0%      Default |	1696949299610
| 30%   35C    P8    25W / 230W |      5MiB / 24256MiB |      0%      Default |	1696949299610
| 30%   40C    P8    28W / 230W |      5MiB / 24256MiB |      0%      Default |	1696949300344
| 30%   35C    P8    25W / 230W |      5MiB / 24256MiB |      0%      Default |	1696949300344
| 30%   40C    P8    28W / 230W |      5MiB / 24256MiB |      0%      Default |	1696949301082
| 30%   35C    P8    25W / 230W |      5MiB / 24256MiB |      0%      Default |	1696949301082
| 30%   40C    P8    28W / 230W |      5MiB / 24256MiB |      0%      Default |	1696949301824
| 30%   35C    P8    25W / 230W |      5MiB / 24256MiB |      0%      Default |	1696949301824
| 30%   40C    P8    28W / 230W |      5MiB / 24256MiB |      0%      Default |	1696949302566
| 30%   35C    P8    25W / 230W |      5MiB / 24256MiB |      0%      Default |	1696949302566
| 30%   40C    P8    28W / 230W |      5MiB / 24256MiB |      0%      Default |	1696949303318
| 30%   35C    P8    25W / 230W |      5MiB / 24256MiB |      0%      Default |	1696949303318
| 30%   40C    P8    28W / 230W |      5MiB / 24256MiB |      0%      Default |	1696949304076
| 30%   35C    P8    25W / 230W |      5MiB / 24256MiB |      0%      Default |	1696949304076
| 30%   40C    P8    28W / 230W |      5MiB / 24256MiB |      0%      Default |	1696949304828
| 30%   35C    P8    25W / 230W |      5MiB / 24256MiB |      0%      Default |	1696949304828
| 30%   40C    P8    28W / 230W |      5MiB / 24256MiB |      0%      Default |	1696949305578
| 30%   35C    P8    25W / 230W |      5MiB / 24256MiB |      0%      Default |	1696949305578
| 30%   39C    P8    28W / 230W |      5MiB / 24256MiB |      0%      Default |	1696949306326
| 30%   35C    P8    25W / 230W |      5MiB / 24256MiB |      0%      Default |	1696949306326
| 30%   39C    P8    28W / 230W |      5MiB / 24256MiB |      0%      Default |	1696949307086
| 30%   35C    P8    25W / 230W |      5MiB / 24256MiB |      0%      Default |	1696949307086
| 30%   39C    P8    28W / 230W |      5MiB / 24256MiB |      0%      Default |	1696949307821
| 30%   35C    P8    25W / 230W |      5MiB / 24256MiB |      0%      Default |	1696949307821
| 30%   39C    P8    28W / 230W |      5MiB / 24256MiB |      0%      Default |	1696949308557
| 30%   35C    P8    25W / 230W |      5MiB / 24256MiB |      0%      Default |	1696949308557
| 30%   39C    P8    28W / 230W |      5MiB / 24256MiB |      0%      Default |	1696949309292
| 30%   35C    P8    25W / 230W |      5MiB / 24256MiB |      0%      Default |	1696949309292
| 30%   39C    P8    28W / 230W |      5MiB / 24256MiB |      0%      Default |	1696949310031
| 30%   35C    P8    25W / 230W |      5MiB / 24256MiB |      0%      Default |	1696949310031
| 30%   39C    P8    28W / 230W |      5MiB / 24256MiB |      0%      Default |	1696949310771
| 30%   35C    P8    25W / 230W |      5MiB / 24256MiB |      0%      Default |	1696949310771
| 30%   39C    P8    28W / 230W |      5MiB / 24256MiB |      0%      Default |	1696949311504
| 30%   35C    P8    25W / 230W |      5MiB / 24256MiB |      0%      Default |	1696949311504
| 30%   39C    P8    28W / 230W |      5MiB / 24256MiB |      0%      Default |	1696949312241
| 30%   35C    P8    25W / 230W |      5MiB / 24256MiB |      0%      Default |	1696949312241
| 30%   38C    P8    28W / 230W |      5MiB / 24256MiB |      0%      Default |	1696949312984
| 30%   35C    P8    25W / 230W |      5MiB / 24256MiB |      0%      Default |	1696949312984
| 30%   38C    P8    28W / 230W |      5MiB / 24256MiB |      0%      Default |	1696949313718
| 30%   35C    P8    25W / 230W |      5MiB / 24256MiB |      0%      Default |	1696949313718
| 30%   38C    P8    28W / 230W |      5MiB / 24256MiB |      0%      Default |	1696949314455
| 30%   35C    P8    25W / 230W |      5MiB / 24256MiB |      0%      Default |	1696949314455
| 30%   38C    P8    27W / 230W |      5MiB / 24256MiB |      0%      Default |	1696949315188
| 30%   35C    P8    25W / 230W |      5MiB / 24256MiB |      0%      Default |	1696949315188
| 30%   38C    P8    27W / 230W |      5MiB / 24256MiB |      0%      Default |	1696949315923
| 30%   35C    P8    25W / 230W |      5MiB / 24256MiB |      0%      Default |	1696949315923
| 30%   38C    P8    27W / 230W |      5MiB / 24256MiB |      0%      Default |	1696949316664
| 30%   34C    P8    25W / 230W |      5MiB / 24256MiB |      0%      Default |	1696949316664
| 30%   38C    P8    28W / 230W |      5MiB / 24256MiB |      0%      Default |	1696949317406
| 30%   34C    P8    25W / 230W |      5MiB / 24256MiB |      0%      Default |	1696949317406
| 30%   38C    P8    27W / 230W |      5MiB / 24256MiB |      0%      Default |	1696949318145
| 30%   34C    P8    25W / 230W |      5MiB / 24256MiB |      0%      Default |	1696949318145
| 30%   38C    P8    27W / 230W |      5MiB / 24256MiB |      0%      Default |	1696949318880
| 30%   34C    P8    25W / 230W |      5MiB / 24256MiB |      0%      Default |	1696949318880
| 30%   38C    P8    27W / 230W |      5MiB / 24256MiB |      0%      Default |	1696949319622
| 30%   34C    P8    25W / 230W |      5MiB / 24256MiB |      0%      Default |	1696949319622
| 30%   38C    P8    27W / 230W |      5MiB / 24256MiB |      0%      Default |	1696949320361
| 30%   34C    P8    25W / 230W |      5MiB / 24256MiB |      0%      Default |	1696949320361
| 30%   38C    P8    27W / 230W |      5MiB / 24256MiB |      0%      Default |	1696949321101
| 30%   34C    P8    25W / 230W |      5MiB / 24256MiB |      0%      Default |	1696949321101
| 30%   39C    P2    37W / 230W |    343MiB / 24256MiB |      2%      Default |	1696949321837
| 30%   34C    P8    25W / 230W |      8MiB / 24256MiB |      0%      Default |	1696949321837
| 30%   39C    P2    64W / 230W |    511MiB / 24256MiB |      0%      Default |	1696949322583
| 30%   34C    P8    25W / 230W |      8MiB / 24256MiB |      0%      Default |	1696949322583
| 30%   39C    P2    64W / 230W |    659MiB / 24256MiB |      1%      Default |	1696949323341
| 30%   34C    P8    25W / 230W |      8MiB / 24256MiB |      0%      Default |	1696949323341
| 30%   39C    P2    64W / 230W |    805MiB / 24256MiB |      2%      Default |	1696949324091
| 30%   34C    P8    25W / 230W |      8MiB / 24256MiB |      0%      Default |	1696949324091
| 30%   39C    P2    64W / 230W |    955MiB / 24256MiB |      2%      Default |	1696949324839
| 30%   34C    P8    25W / 230W |      8MiB / 24256MiB |      0%      Default |	1696949324839
| 30%   39C    P2    64W / 230W |   1033MiB / 24256MiB |      0%      Default |	1696949325586
| 30%   35C    P2    27W / 230W |    281MiB / 24256MiB |      0%      Default |	1696949325586
| 30%   39C    P2    64W / 230W |   1033MiB / 24256MiB |      0%      Default |	1696949326335
| 30%   36C    P2    55W / 230W |    457MiB / 24256MiB |      2%      Default |	1696949326335
| 30%   39C    P2    64W / 230W |   1033MiB / 24256MiB |      0%      Default |	1696949327097
| 30%   36C    P2    63W / 230W |    591MiB / 24256MiB |      3%      Default |	1696949327097
| 30%   40C    P2    64W / 230W |   1033MiB / 24256MiB |      0%      Default |	1696949327856
| 30%   36C    P2    63W / 230W |    713MiB / 24256MiB |      4%      Default |	1696949327856
| 30%   40C    P2    64W / 230W |   1041MiB / 24256MiB |      0%      Default |	1696949328616
| 30%   36C    P2    63W / 230W |    723MiB / 24256MiB |      0%      Default |	1696949328616
| 30%   40C    P2    64W / 230W |   1041MiB / 24256MiB |      0%      Default |	1696949329385
| 30%   36C    P2    63W / 230W |    723MiB / 24256MiB |      0%      Default |	1696949329385
| 30%   40C    P2    64W / 230W |   1043MiB / 24256MiB |      0%      Default |	1696949330132
| 30%   37C    P2    63W / 230W |    725MiB / 24256MiB |      0%      Default |	1696949330132
| 30%   40C    P2    65W / 230W |   1043MiB / 24256MiB |      0%      Default |	1696949330890
| 30%   37C    P2    64W / 230W |    725MiB / 24256MiB |      0%      Default |	1696949330890
| 30%   40C    P2    65W / 230W |   1043MiB / 24256MiB |      0%      Default |	1696949331651
| 30%   37C    P2    64W / 230W |    725MiB / 24256MiB |      0%      Default |	1696949331651
| 30%   40C    P2    65W / 230W |   1043MiB / 24256MiB |      0%      Default |	1696949332409
| 30%   37C    P2    64W / 230W |    725MiB / 24256MiB |      0%      Default |	1696949332409
| 30%   40C    P2    65W / 230W |   1043MiB / 24256MiB |      0%      Default |	1696949333159
| 30%   37C    P2    64W / 230W |    725MiB / 24256MiB |      0%      Default |	1696949333159
| 30%   40C    P2    65W / 230W |   1043MiB / 24256MiB |      0%      Default |	1696949333912
| 30%   37C    P2    65W / 230W |    725MiB / 24256MiB |      0%      Default |	1696949333912
| 30%   40C    P2    65W / 230W |   1043MiB / 24256MiB |      0%      Default |	1696949334671
| 30%   37C    P2    65W / 230W |    725MiB / 24256MiB |      0%      Default |	1696949334671
| 30%   40C    P2    65W / 230W |   1043MiB / 24256MiB |      0%      Default |	1696949335429
| 30%   37C    P2    64W / 230W |    725MiB / 24256MiB |      0%      Default |	1696949335429
| 30%   40C    P2    65W / 230W |   1043MiB / 24256MiB |      0%      Default |	1696949336177
| 30%   37C    P2    65W / 230W |    725MiB / 24256MiB |      0%      Default |	1696949336177
| 30%   40C    P2    65W / 230W |   1043MiB / 24256MiB |      0%      Default |	1696949336931
| 30%   38C    P2    64W / 230W |    725MiB / 24256MiB |      0%      Default |	1696949336931
| 30%   40C    P2    65W / 230W |   1043MiB / 24256MiB |      0%      Default |	1696949337686
| 30%   38C    P2    65W / 230W |    725MiB / 24256MiB |      0%      Default |	1696949337686
| 30%   40C    P2    65W / 230W |   1043MiB / 24256MiB |      0%      Default |	1696949338443
| 30%   38C    P2    64W / 230W |    725MiB / 24256MiB |      0%      Default |	1696949338443
| 30%   40C    P2    65W / 230W |   1043MiB / 24256MiB |      0%      Default |	1696949339189
| 30%   38C    P2    64W / 230W |    725MiB / 24256MiB |      0%      Default |	1696949339189
| 30%   40C    P2    65W / 230W |   1043MiB / 24256MiB |      0%      Default |	1696949339951
| 30%   38C    P2    65W / 230W |    725MiB / 24256MiB |      0%      Default |	1696949339951
| 30%   40C    P2    65W / 230W |   1043MiB / 24256MiB |      0%      Default |	1696949340714
| 30%   38C    P2    65W / 230W |    725MiB / 24256MiB |      0%      Default |	1696949340714
| 30%   40C    P2    65W / 230W |   1043MiB / 24256MiB |      0%      Default |	1696949341468
| 30%   38C    P2    65W / 230W |    725MiB / 24256MiB |      0%      Default |	1696949341468
| 30%   40C    P2    65W / 230W |   1043MiB / 24256MiB |      0%      Default |	1696949342225
| 30%   38C    P2    65W / 230W |    725MiB / 24256MiB |      0%      Default |	1696949342225
| 30%   40C    P2    65W / 230W |   1043MiB / 24256MiB |      0%      Default |	1696949342968
| 30%   38C    P2    65W / 230W |    725MiB / 24256MiB |      0%      Default |	1696949342968
| 30%   40C    P2    65W / 230W |   1043MiB / 24256MiB |      0%      Default |	1696949343727
| 30%   38C    P2    65W / 230W |    725MiB / 24256MiB |      0%      Default |	1696949343727
| 30%   40C    P2    65W / 230W |   1043MiB / 24256MiB |      0%      Default |	1696949344485
| 30%   38C    P2    65W / 230W |    725MiB / 24256MiB |      0%      Default |	1696949344485
| 30%   40C    P2    65W / 230W |   1043MiB / 24256MiB |      0%      Default |	1696949345228
| 30%   38C    P5    64W / 230W |    725MiB / 24256MiB |      0%      Default |	1696949345228
| 30%   39C    P5    66W / 230W |   1043MiB / 24256MiB |      0%      Default |	1696949346002
| 30%   37C    P8    40W / 230W |    725MiB / 24256MiB |      0%      Default |	1696949346002
| 30%   39C    P8    34W / 230W |   1043MiB / 24256MiB |      0%      Default |	1696949346741
| 30%   37C    P8    40W / 230W |    725MiB / 24256MiB |      0%      Default |	1696949346741
| 30%   38C    P8    34W / 230W |   1043MiB / 24256MiB |      0%      Default |	1696949347493
| 30%   37C    P8    25W / 230W |    725MiB / 24256MiB |      0%      Default |	1696949347493
| 30%   38C    P8    29W / 230W |   1043MiB / 24256MiB |      0%      Default |	1696949348226
| 30%   37C    P8    25W / 230W |    725MiB / 24256MiB |      0%      Default |	1696949348226
| 30%   38C    P8    27W / 230W |   1043MiB / 24256MiB |      0%      Default |	1696949348959
| 30%   37C    P8    25W / 230W |    725MiB / 24256MiB |      0%      Default |	1696949348959
| 30%   38C    P8    27W / 230W |   1043MiB / 24256MiB |      0%      Default |	1696949349697
| 30%   37C    P8    25W / 230W |    725MiB / 24256MiB |      0%      Default |	1696949349697
| 30%   38C    P8    27W / 230W |   1043MiB / 24256MiB |      0%      Default |	1696949350436
| 30%   37C    P8    25W / 230W |    725MiB / 24256MiB |      0%      Default |	1696949350436
| 30%   38C    P8    27W / 230W |   1043MiB / 24256MiB |      0%      Default |	1696949351173
| 30%   36C    P8    25W / 230W |    725MiB / 24256MiB |      0%      Default |	1696949351173
| 30%   38C    P8    27W / 230W |   1043MiB / 24256MiB |      0%      Default |	1696949351913
| 30%   36C    P8    25W / 230W |    725MiB / 24256MiB |      0%      Default |	1696949351913
| 30%   38C    P8    27W / 230W |   1043MiB / 24256MiB |      0%      Default |	1696949352648
| 30%   36C    P8    25W / 230W |    725MiB / 24256MiB |      0%      Default |	1696949352648
| 30%   38C    P8    27W / 230W |   1043MiB / 24256MiB |      0%      Default |	1696949353395
| 30%   36C    P8    25W / 230W |    725MiB / 24256MiB |      0%      Default |	1696949353395
| 30%   38C    P8    27W / 230W |   1043MiB / 24256MiB |      0%      Default |	1696949354135
| 30%   36C    P8    25W / 230W |    725MiB / 24256MiB |      0%      Default |	1696949354135
| 30%   38C    P8    27W / 230W |   1043MiB / 24256MiB |      0%      Default |	1696949354869
| 30%   36C    P8    25W / 230W |    725MiB / 24256MiB |      0%      Default |	1696949354869
| 30%   37C    P8    27W / 230W |   1043MiB / 24256MiB |      0%      Default |	1696949355606
| 30%   36C    P8    25W / 230W |    725MiB / 24256MiB |      0%      Default |	1696949355606
| 30%   37C    P8    27W / 230W |   1043MiB / 24256MiB |      0%      Default |	1696949356344
| 30%   36C    P8    25W / 230W |    725MiB / 24256MiB |      0%      Default |	1696949356344
| 30%   37C    P8    27W / 230W |   1043MiB / 24256MiB |      0%      Default |	1696949357085
| 30%   36C    P8    25W / 230W |    725MiB / 24256MiB |      0%      Default |	1696949357085
| 30%   37C    P8    27W / 230W |   1043MiB / 24256MiB |      0%      Default |	1696949357821
| 30%   36C    P8    25W / 230W |    725MiB / 24256MiB |      0%      Default |	1696949357821
| 30%   37C    P8    27W / 230W |   1043MiB / 24256MiB |      0%      Default |	1696949358559
| 30%   36C    P8    25W / 230W |    725MiB / 24256MiB |      0%      Default |	1696949358559
| 30%   37C    P8    27W / 230W |   1043MiB / 24256MiB |      0%      Default |	1696949359293
| 30%   36C    P8    25W / 230W |    725MiB / 24256MiB |      0%      Default |	1696949359293
| 30%   37C    P8    27W / 230W |   1043MiB / 24256MiB |      0%      Default |	1696949360031
| 30%   36C    P8    25W / 230W |    725MiB / 24256MiB |      0%      Default |	1696949360031
| 30%   37C    P8    27W / 230W |   1043MiB / 24256MiB |      0%      Default |	1696949360770
| 30%   36C    P8    25W / 230W |    725MiB / 24256MiB |      0%      Default |	1696949360770
| 30%   37C    P8    27W / 230W |   1043MiB / 24256MiB |      0%      Default |	1696949361504
| 30%   36C    P8    25W / 230W |    725MiB / 24256MiB |      0%      Default |	1696949361504
| 30%   37C    P8    27W / 230W |   1043MiB / 24256MiB |      0%      Default |	1696949362239
| 30%   36C    P8    25W / 230W |    725MiB / 24256MiB |      0%      Default |	1696949362239
| 30%   37C    P8    27W / 230W |   1043MiB / 24256MiB |      0%      Default |	1696949362976
| 30%   36C    P8    25W / 230W |    725MiB / 24256MiB |      0%      Default |	1696949362976
| 30%   37C    P8    27W / 230W |   1043MiB / 24256MiB |      0%      Default |	1696949363718
| 30%   36C    P8    25W / 230W |    725MiB / 24256MiB |      0%      Default |	1696949363718
| 30%   37C    P8    27W / 230W |   1043MiB / 24256MiB |      0%      Default |	1696949364457
| 30%   36C    P8    25W / 230W |    725MiB / 24256MiB |      0%      Default |	1696949364457
| 30%   36C    P8    27W / 230W |   1043MiB / 24256MiB |      0%      Default |	1696949365194
| 30%   36C    P8    25W / 230W |    725MiB / 24256MiB |      0%      Default |	1696949365194
| 30%   36C    P8    27W / 230W |   1043MiB / 24256MiB |      0%      Default |	1696949365932
| 30%   36C    P8    25W / 230W |    725MiB / 24256MiB |      0%      Default |	1696949365932
| 30%   36C    P8    27W / 230W |   1043MiB / 24256MiB |      0%      Default |	1696949366672
| 30%   36C    P8    25W / 230W |    725MiB / 24256MiB |      0%      Default |	1696949366672
| 30%   36C    P8    27W / 230W |   1043MiB / 24256MiB |      0%      Default |	1696949367412
| 30%   36C    P8    25W / 230W |    725MiB / 24256MiB |      0%      Default |	1696949367412
| 30%   36C    P8    27W / 230W |   1043MiB / 24256MiB |      0%      Default |	1696949368146
| 30%   36C    P8    25W / 230W |    725MiB / 24256MiB |      0%      Default |	1696949368146
| 30%   36C    P8    27W / 230W |   1043MiB / 24256MiB |      0%      Default |	1696949368883
| 30%   36C    P8    25W / 230W |    725MiB / 24256MiB |      0%      Default |	1696949368883
| 30%   36C    P8    27W / 230W |   1043MiB / 24256MiB |      0%      Default |	1696949369623
| 30%   36C    P8    25W / 230W |    725MiB / 24256MiB |      0%      Default |	1696949369623
| 30%   36C    P8    27W / 230W |   1043MiB / 24256MiB |      0%      Default |	1696949370373
| 30%   36C    P8    25W / 230W |    725MiB / 24256MiB |      0%      Default |	1696949370373
| 30%   37C    P2    37W / 230W |   1085MiB / 24256MiB |      0%      Default |	1696949371121
| 30%   37C    P2    36W / 230W |    817MiB / 24256MiB |      1%      Default |	1696949371121
| 30%   38C    P2    65W / 230W |   1085MiB / 24256MiB |      0%      Default |	1696949371879
| 30%   37C    P2    65W / 230W |    899MiB / 24256MiB |      0%      Default |	1696949371879
| 30%   38C    P2    64W / 230W |   1085MiB / 24256MiB |      0%      Default |	1696949372625
| 30%   37C    P2    64W / 230W |    999MiB / 24256MiB |      1%      Default |	1696949372625
| 30%   38C    P2    65W / 230W |   1303MiB / 24256MiB |      0%      Default |	1696949373379
| 30%   37C    P2    65W / 230W |   1303MiB / 24256MiB |      1%      Default |	1696949373379
| 30%   38C    P2    66W / 230W |   1917MiB / 24256MiB |     26%      Default |	1696949374140
| 30%   38C    P2    66W / 230W |   1999MiB / 24256MiB |      5%      Default |	1696949374140
| 30%   40C    P2    91W / 230W |   1917MiB / 24256MiB |     23%      Default |	1696949374905
| 30%   39C    P2    85W / 230W |   2273MiB / 24256MiB |     47%      Default |	1696949374905
| 30%   41C    P2   109W / 230W |   1917MiB / 24256MiB |     92%      Default |	1696949375934
| 30%   41C    P2   112W / 230W |   2273MiB / 24256MiB |     93%      Default |	1696949375934
| 30%   41C    P2   108W / 230W |   2093MiB / 24256MiB |     26%      Default |	1696949376858
| 30%   41C    P2   112W / 230W |   2447MiB / 24256MiB |     92%      Default |	1696949376858
| 30%   41C    P2   104W / 230W |   2309MiB / 24256MiB |     25%      Default |	1696949377750
| 30%   41C    P2   106W / 230W |   2447MiB / 24256MiB |     42%      Default |	1696949377750
| 30%   42C    P2   111W / 230W |   2309MiB / 24256MiB |     93%      Default |	1696949378770
| 30%   42C    P2   113W / 230W |   2447MiB / 24256MiB |     93%      Default |	1696949378770
| 30%   41C    P2   109W / 230W |   2309MiB / 24256MiB |     25%      Default |	1696949379697
| 30%   42C    P2   111W / 230W |   2447MiB / 24256MiB |     41%      Default |	1696949379697
| 30%   42C    P2   112W / 230W |   2309MiB / 24256MiB |     93%      Default |	1696949380751
| 30%   43C    P2   114W / 230W |   2447MiB / 24256MiB |     93%      Default |	1696949380751
| 30%   42C    P2   109W / 230W |   2309MiB / 24256MiB |     62%      Default |	1696949381662
| 30%   42C    P2   111W / 230W |   2449MiB / 24256MiB |     78%      Default |	1696949381662
| 30%   43C    P2   111W / 230W |   2309MiB / 24256MiB |     93%      Default |	1696949382747
| 30%   43C    P2   114W / 230W |   2449MiB / 24256MiB |     92%      Default |	1696949382747
| 30%   42C    P2   109W / 230W |   2309MiB / 24256MiB |     21%      Default |	1696949383673
| 30%   43C    P2   112W / 230W |   2449MiB / 24256MiB |     44%      Default |	1696949383673
| 30%   43C    P2   111W / 230W |   2309MiB / 24256MiB |     92%      Default |	1696949384708
| 30%   44C    P2   114W / 230W |   2449MiB / 24256MiB |     93%      Default |	1696949384708
| 30%   43C    P2   110W / 230W |   2309MiB / 24256MiB |     21%      Default |	1696949385647
| 30%   44C    P2   113W / 230W |   2449MiB / 24256MiB |     92%      Default |	1696949385647
| 30%   44C    P2   112W / 230W |   2309MiB / 24256MiB |     93%      Default |	1696949386688
| 30%   44C    P2   114W / 230W |   2449MiB / 24256MiB |     92%      Default |	1696949386688
| 30%   43C    P2   111W / 230W |   2309MiB / 24256MiB |     79%      Default |	1696949387616
| 30%   44C    P2   113W / 230W |   2449MiB / 24256MiB |     94%      Default |	1696949387616
| 30%   43C    P2   108W / 230W |   2311MiB / 24256MiB |     47%      Default |	1696949388661
| 30%   44C    P2   109W / 230W |   2449MiB / 24256MiB |    100%      Default |	1696949388661
| 30%   44C    P2   108W / 230W |   2311MiB / 24256MiB |     95%      Default |	1696949389586
| 30%   45C    P2   111W / 230W |   2449MiB / 24256MiB |     92%      Default |	1696949389586
| 30%   44C    P2   111W / 230W |   2311MiB / 24256MiB |     22%      Default |	1696949390479
| 30%   45C    P2   113W / 230W |   2449MiB / 24256MiB |     46%      Default |	1696949390479
| 30%   44C    P2   108W / 230W |   2487MiB / 24256MiB |     32%      Default |	1696949391529
| 30%   45C    P2   112W / 230W |   2449MiB / 24256MiB |     76%      Default |	1696949391529
| 30%   44C    P2   111W / 230W |   2487MiB / 24256MiB |     26%      Default |	1696949392495
| 30%   45C    P2   114W / 230W |   2449MiB / 24256MiB |     42%      Default |	1696949392495
| 30%   45C    P2   111W / 230W |   2487MiB / 24256MiB |     93%      Default |	1696949393544
| 30%   46C    P2   115W / 230W |   2449MiB / 24256MiB |     91%      Default |	1696949393544
| 30%   45C    P2   111W / 230W |   2487MiB / 24256MiB |     26%      Default |	1696949394470
| 30%   46C    P2   114W / 230W |   2449MiB / 24256MiB |     50%      Default |	1696949394470
| 30%   46C    P2   113W / 230W |   2487MiB / 24256MiB |     92%      Default |	1696949395500
| 30%   47C    P2   114W / 230W |   2449MiB / 24256MiB |     93%      Default |	1696949395500
| 30%   44C    P2   100W / 230W |   2487MiB / 24256MiB |      0%      Default |	1696949396404
| 30%   45C    P2   100W / 230W |   2449MiB / 24256MiB |      0%      Default |	1696949396404
| 30%   43C    P0    85W / 230W |      5MiB / 24256MiB |      0%      Default |	1696949397181
| 30%   44C    P0    87W / 230W |      5MiB / 24256MiB |      0%      Default |	1696949397181
