2146460 toao      20   0 2486808  99540  67720 R  94.1   0.1   0:00.18 nts	1693191986698
2146460 toao      20   0 8372632 216404 114440 R  8000   0.2   0:27.98 nts	1693191987411
2146460 toao      20   0 8482068 286756 114732 R 194.1   0.2   1:02.06 nts	1693191988137
2146460 toao      20   0 8482068 292828 114732 R 200.0   0.2   1:03.46 nts	1693191988848
2146460 toao      20   0 8482068 292828 114732 R 200.0   0.2   1:04.85 nts	1693191989556
2146460 toao      20   0 8482068 292828 114732 R 205.9   0.2   1:06.25 nts	1693191990260
2146460 toao      20   0 8482068 292828 114732 R 205.9   0.2   1:07.65 nts	1693191990966
2146460 toao      20   0 8482068 292828 114732 S 200.0   0.2   1:09.04 nts	1693191991673
2146460 toao      20   0 8482068 316588 114732 R 205.9   0.2   1:10.43 nts	1693191992375
2146460 toao      20   0 8482068 316852 114732 R 194.1   0.2   1:11.81 nts	1693191993076
2146460 toao      20   0 8482068 316852 114732 R 200.0   0.2   1:13.21 nts	1693191993778
2146460 toao      20   0 8482068 316852 114732 R 200.0   0.2   1:14.60 nts	1693191994479
2146460 toao      20   0 8482068 316852 114732 R 188.2   0.2   1:15.97 nts	1693191995179
2146460 toao      20   0 8482068 316852 114732 R 200.0   0.2   1:17.37 nts	1693191995876
2146460 toao      20   0 9950.1m 850272 114860 R 911.8   0.6   1:21.74 nts	1693191996575
2146460 toao      20   0 9950.1m 858264 114860 R 941.2   0.7   1:28.49 nts	1693191997276
2146460 toao      20   0 9950.1m 864044 114860 R  1147   0.7   1:36.15 nts	1693191997981
2146460 toao      20   0 9950.1m 867156 114860 R  1129   0.7   1:43.59 nts	1693191998684
2146460 toao      20   0 9950.1m 868232 114860 R 929.4   0.7   1:50.13 nts	1693191999387
2146460 toao      20   0 9950.1m   1.1g 114860 R  1100   0.8   1:58.43 nts	1693192000092
2146460 toao      20   0 9950.1m   1.2g 114860 R  1224   1.0   2:07.21 nts	1693192000797
2146460 toao      20   0 9950.1m   1.2g 114860 R  1253   1.0   2:16.09 nts	1693192001504
2146460 toao      20   0 9950.1m   1.2g 114860 R  1312   1.0   2:25.54 nts	1693192002209
2146460 toao      20   0   13.8g   1.2g 114892 R  1147   1.0   2:34.21 nts	1693192002917
2146460 toao      20   0   13.8g   1.2g 114892 R 200.0   1.0   2:35.60 nts	1693192003619
2146460 toao      20   0   13.8g   1.2g 114892 R 188.2   1.0   2:36.98 nts	1693192004325
2146460 toao      20   0   13.8g   1.2g 114892 R 194.1   1.0   2:38.38 nts	1693192005028
2146460 toao      20   0   13.8g   1.2g 114892 R 200.0   1.0   2:39.77 nts	1693192005735
2146460 toao      20   0   13.8g   1.2g 114892 R 194.1   1.0   2:41.16 nts	1693192006438
2146460 toao      20   0   13.8g   1.3g 114892 R 200.0   1.0   2:42.56 nts	1693192007145
2146460 toao      20   0   13.8g   1.3g 114892 R 200.0   1.0   2:43.96 nts	1693192007848
2146460 toao      20   0   13.8g   1.3g 114892 R 200.0   1.0   2:45.35 nts	1693192008553
2146460 toao      20   0   13.8g   1.3g 114892 R 200.0   1.0   2:46.74 nts	1693192009255
2146460 toao      20   0   13.8g   1.3g 114892 R 200.0   1.0   2:48.13 nts	1693192009955
2146460 toao      20   0   13.8g   1.3g 114892 R 205.9   1.0   2:49.52 nts	1693192010656
2146460 toao      20   0   13.8g   1.3g 114892 R 205.9   1.0   2:50.91 nts	1693192011355
2146460 toao      20   0   14.4g   1.3g 114892 R 129.4   1.1   2:52.18 nts	1693192012055
2146460 toao      20   0   15.4g   1.5g 114892 R 664.7   1.2   2:56.45 nts	1693192012759
2146460 toao      20   0   15.4g   1.6g 114892 R 527.8   1.3   3:00.37 nts	1693192013460
2146460 toao      20   0   15.4g   1.7g 114892 R 564.7   1.3   3:03.74 nts	1693192014170
2146460 toao      20   0   15.4g   1.8g 114892 R 570.6   1.4   3:07.57 nts	1693192014878
2146460 toao      20   0   15.4g   1.9g 114892 R 564.7   1.5   3:11.66 nts	1693192015587
2146460 toao      20   0   15.4g   2.0g 114892 R 535.3   1.6   3:15.71 nts	1693192016294
2146460 toao      20   0   15.4g   2.1g 114892 R 576.5   1.7   3:19.42 nts	1693192017002
2146460 toao      20   0   19.4g   2.2g 114892 R 311.8   1.8   3:22.84 nts	1693192017705
2146460 toao      20   0   19.5g   2.3g 114892 R 100.0   1.8   3:25.16 nts	1693192018409
2146460 toao      20   0   19.5g   2.3g 114892 R 100.0   1.8   3:25.87 nts	1693192019117
2146460 toao      20   0   19.5g   2.3g 114892 R 100.0   1.8   3:26.57 nts	1693192019824
2146460 toao      20   0   19.5g   2.3g 114892 R 100.0   1.8   3:27.28 nts	1693192020531
2146460 toao      20   0   19.5g   2.3g 114892 R 100.0   1.8   3:27.98 nts	1693192021237
2146460 toao      20   0   19.5g   2.3g 114892 R 100.0   1.8   3:28.68 nts	1693192021936
2146460 toao      20   0   19.5g   2.3g 114892 R 100.0   1.8   3:29.38 nts	1693192022639
2146460 toao      20   0   19.5g   2.3g 114892 R 100.0   1.8   3:30.09 nts	1693192023343
2146460 toao      20   0   20.4g   2.8g 114892 R 105.9   2.2   3:30.79 nts	1693192024046
2146460 toao      20   0   20.4g   2.8g 114892 R 105.9   2.2   3:31.49 nts	1693192024747
2146460 toao      20   0   20.4g   2.8g 114892 R 100.0   2.2   3:32.19 nts	1693192025447
2146460 toao      20   0   20.4g   2.8g 114892 R 105.9   2.2   3:32.90 nts	1693192026151
2146460 toao      20   0   20.4g   2.8g 114892 R  94.1   2.2   3:33.59 nts	1693192026851
2146460 toao      20   0   20.4g   2.8g 114892 R 105.9   2.2   3:34.30 nts	1693192027554
2146460 toao      20   0   20.4g   2.8g 114892 R  94.1   2.2   3:34.99 nts	1693192028255
2146460 toao      20   0   20.4g   2.8g 114892 R 100.0   2.2   3:35.70 nts	1693192028959
2146460 toao      20   0   20.4g   2.8g 114892 R 105.9   2.2   3:36.40 nts	1693192029659
2146460 toao      20   0   20.4g   2.8g 114892 R 100.0   2.2   3:37.10 nts	1693192030360
2146460 toao      20   0   20.4g   2.8g 114892 R 100.0   2.2   3:37.80 nts	1693192031060
2146460 toao      20   0   20.4g   2.8g 114892 R  94.1   2.2   3:38.50 nts	1693192031763
2146460 toao      20   0   20.4g   2.8g 114892 R  94.1   2.2   3:39.20 nts	1693192032466
2146460 toao      20   0   20.4g   2.8g 114892 R 106.2   2.2   3:39.90 nts	1693192033163
2146460 toao      20   0   20.4g   2.9g 114892 R 106.2   2.3   3:40.60 nts	1693192033862
2146460 toao      20   0   20.4g   3.0g 114892 R 100.0   2.4   3:41.30 nts	1693192034563
2146460 toao      20   0   20.4g   3.0g 114892 R 100.0   2.4   3:42.01 nts	1693192035267
2146460 toao      20   0   20.4g   3.1g 114892 R  94.1   2.5   3:42.69 nts	1693192035967
2146460 toao      20   0   20.4g   3.2g 114892 R 100.0   2.5   3:43.40 nts	1693192036661
2146460 toao      20   0   20.4g   3.2g 114892 R 100.0   2.5   3:44.10 nts	1693192037362
2146460 toao      20   0   20.4g   3.2g 114892 R 100.0   2.5   3:44.81 nts	1693192038067
2146460 toao      20   0   20.4g   3.2g 114892 R 100.0   2.5   3:45.51 nts	1693192038769
2146460 toao      20   0   20.4g   3.2g 114892 R 100.0   2.5   3:46.21 nts	1693192039475
2146460 toao      20   0   20.4g   3.2g 114892 R 100.0   2.5   3:46.92 nts	1693192040178
2146460 toao      20   0   20.4g   3.2g 114892 R 105.9   2.5   3:47.63 nts	1693192040884
2146460 toao      20   0   20.4g   3.2g 114892 R 100.0   2.5   3:48.33 nts	1693192041590
2146460 toao      20   0   20.4g   3.2g 114892 R 100.0   2.5   3:49.03 nts	1693192042295
2146460 toao      20   0   20.4g   3.2g 114892 R 105.9   2.5   3:49.74 nts	1693192042996
2146460 toao      20   0   20.4g   3.2g 114892 R  94.1   2.5   3:50.43 nts	1693192043699
2146460 toao      20   0   20.4g   3.2g 114892 R 100.0   2.5   3:51.14 nts	1693192044400
2146460 toao      20   0   20.4g   3.2g 114892 R 106.2   2.5   3:51.84 nts	1693192045103
2146460 toao      20   0   20.4g   3.2g 114892 R  94.1   2.5   3:52.54 nts	1693192045804
2146460 toao      20   0   29.4g   3.3g 204472 R 800.0   2.6   3:55.55 nts	1693192046508
2146460 toao      20   0   30.2g   4.1g 325568 R  94.4   3.3   3:56.26 nts	1693192047221
2146460 toao      20   0   31.2g   4.9g 462748 R 100.0   3.9   3:56.97 nts	1693192047930
2146460 toao      20   0   32.6g   6.2g 526224 R 100.0   4.9   3:57.67 nts	1693192048637
2146460 toao      20   0   32.7g   6.3g 526224 R  94.1   5.0   3:58.37 nts	1693192049338
2146460 toao      20   0   32.7g   6.3g 526224 R 100.0   5.0   3:59.07 nts	1693192050043
2146460 toao      20   0   39.5g   6.8g   1.0g R 112.5   5.4   3:59.78 nts	1693192050742
2146460 toao      20   0   39.5g   9.1g   3.3g R 100.0   7.3   4:00.47 nts	1693192051445
2146460 toao      20   0   39.5g  11.4g   5.6g R 100.0   9.1   4:01.18 nts	1693192052147
2146460 toao      20   0   39.5g  13.2g   7.4g R  94.1  10.5   4:01.88 nts	1693192052851
2146460 toao      20   0   39.6g  13.2g   7.4g R  94.1  10.5   4:02.58 nts	1693192053551
2146460 toao      20   0   39.6g  13.2g   7.4g R  94.1  10.5   4:03.28 nts	1693192054250
2146460 toao      20   0   39.6g  13.2g   7.4g R 100.0  10.5   4:03.99 nts	1693192054951
2146460 toao      20   0   39.6g  13.2g   7.4g R  94.1  10.5   4:04.68 nts	1693192055652
2146460 toao      20   0   39.6g  13.2g   7.4g R  94.1  10.5   4:05.37 nts	1693192056348
2146460 toao      20   0   39.6g  13.2g   7.4g R 100.0  10.5   4:06.08 nts	1693192057042
2146460 toao      20   0   39.6g  13.2g   7.4g R 100.0  10.5   4:06.78 nts	1693192057747
2146460 toao      20   0   39.6g  13.2g   7.4g R 100.0  10.5   4:07.48 nts	1693192058451
2146460 toao      20   0   39.6g  13.2g   7.4g R 100.0  10.5   4:08.19 nts	1693192059151
2146460 toao      20   0   39.6g  13.2g   7.4g R 100.0  10.5   4:08.88 nts	1693192059856
2146460 toao      20   0   39.6g  13.2g   7.4g R 105.9  10.5   4:09.59 nts	1693192060555
2146460 toao      20   0   39.6g  13.2g   7.4g R 100.0  10.5   4:10.28 nts	1693192061256
2146460 toao      20   0   39.6g  13.2g   7.4g R 100.0  10.5   4:10.99 nts	1693192061954
2146460 toao      20   0   39.4g  13.3g   7.4g R 300.0  10.6   4:12.94 nts	1693192062658
2146460 toao      20   0   39.5g  13.3g   7.4g R  1288  10.6   4:26.31 nts	1693192063364
2146460 toao      20   0   39.5g  13.3g   7.4g R  1456  10.6   4:38.72 nts	1693192064065
2146460 toao      20   0   39.5g  13.3g   7.4g R  1876  10.6   4:53.24 nts	1693192064766
2146460 toao      20   0   39.5g  13.3g   7.4g R  1835  10.6   5:06.80 nts	1693192065467
2146460 toao      20   0   39.5g  13.3g   7.4g S  2212  10.6   5:19.17 nts	1693192066167
2146460 toao      20   0   39.5g  13.3g   7.4g R  1182  10.6   5:28.30 nts	1693192066871
2146460 toao      20   0   39.5g  13.3g   7.4g R  1076  10.6   5:40.80 nts	1693192067577
2146460 toao      20   0   39.5g  13.3g   7.4g R  1094  10.6   5:53.63 nts	1693192068283
2146460 toao      20   0   39.5g  13.3g   7.4g R  2053  10.6   6:06.43 nts	1693192068986
2146460 toao      20   0   39.5g  13.3g   7.4g S  2347  10.6   6:18.85 nts	1693192069690
2146460 toao      20   0   39.5g  13.3g   7.4g R  1912  10.6   6:30.98 nts	1693192070388
2146460 toao      20   0   39.5g  13.3g   7.4g R  2369  10.6   6:44.74 nts	1693192071094
2146460 toao      20   0   39.5g  13.3g   7.4g R  1482  10.6   6:58.51 nts	1693192071794
2146460 toao      20   0   39.5g  13.3g   7.4g R  1482  10.6   7:09.95 nts	1693192072489
2146460 toao      20   0   39.5g  13.3g   7.4g R  2376  10.6   7:22.11 nts	1693192073195
2146460 toao      20   0   39.5g  13.3g   7.4g S  2206  10.6   7:34.58 nts	1693192073890
2146460 toao      20   0   88.9g  13.9g   8.0g R 100.0  11.1   7:43.08 nts	1693192074592
2146460 toao      20   0   91.5g  14.8g   8.9g R 205.9  11.8   7:44.11 nts	1693192075297
2146460 toao      20   0   93.3g  16.0g  10.1g R 206.2  12.7   7:45.50 nts	1693192076002
2146460 toao      20   0   98.8g  16.9g  11.0g S 918.8  13.5   7:48.19 nts	1693192076703
2146460 toao      20   0  102.0g  16.9g  11.0g S 464.7  13.5   7:55.46 nts	1693192077404
2146460 toao      20   0  103.4g  16.9g  11.0g S 364.7  13.5   8:01.81 nts	1693192078107
2146460 toao      20   0  103.7g  16.9g  11.0g S 388.2  13.5   8:08.26 nts	1693192078810
2146460 toao      20   0  104.0g  16.9g  11.0g S 452.9  13.5   8:15.13 nts	1693192079514
2146460 toao      20   0  104.9g  16.9g  11.0g S 458.8  13.5   8:21.83 nts	1693192080216
2146460 toao      20   0  105.9g  16.9g  11.0g S 429.4  13.5   8:28.40 nts	1693192080919
2146460 toao      20   0  105.9g  16.9g  11.0g S 433.3  13.5   8:35.09 nts	1693192081621
2146460 toao      20   0  105.9g  16.9g  11.0g S 470.6  13.5   8:41.78 nts	1693192082326
2146460 toao      20   0  105.9g  16.9g  11.0g S 441.2  13.5   8:48.40 nts	1693192083028
2146460 toao      20   0  106.2g  16.9g  11.0g S 476.5  13.5   8:55.07 nts	1693192083727
2146460 toao      20   0  107.4g  16.9g  11.0g S 470.6  13.5   9:01.81 nts	1693192084428
2146460 toao      20   0  107.4g  16.9g  11.0g S 470.6  13.5   9:08.43 nts	1693192085131
2146460 toao      20   0  107.4g  16.9g  11.0g S 464.7  13.5   9:15.28 nts	1693192085831
2146460 toao      20   0  107.4g  16.9g  11.0g S  1371  13.5   9:23.52 nts	1693192086534
2146460 toao      20   0  108.3g  16.9g  11.0g S 970.6  13.5   9:29.44 nts	1693192087235
2146460 toao      20   0  108.3g  16.9g  11.0g S 664.7  13.5   9:35.53 nts	1693192087935
2146460 toao      20   0  107.7g  16.9g  11.0g S 458.8  13.5   9:41.91 nts	1693192088639
2146460 toao      20   0  107.7g  16.9g  11.0g S 447.1  13.5   9:48.50 nts	1693192089339
2146460 toao      20   0  107.7g  16.9g  11.0g S 464.7  13.5   9:55.17 nts	1693192090039
2146460 toao      20   0  107.7g  16.9g  11.0g S  1147  13.5  10:03.07 nts	1693192090739
2146460 toao      20   0  107.7g  16.9g  11.0g S  1565  13.5  10:10.34 nts	1693192091438
2146460 toao      20   0  107.7g  16.9g  11.0g S  1576  13.5  10:16.99 nts	1693192092140
2146460 toao      20   0  107.7g  16.9g  11.0g S  1488  13.5  10:23.55 nts	1693192092838
2146460 toao      20   0  107.7g  16.9g  11.0g S  1576  13.5  10:30.24 nts	1693192093538
2146460 toao      20   0  124.8g  16.9g  11.0g S  1553  13.5  10:36.64 nts	1693192094243
2146460 toao      20   0  126.6g  16.9g  11.0g S 835.3  13.5  10:41.91 nts	1693192094945
2146460 toao      20   0  126.6g  16.9g  11.0g S 794.1  13.5  10:48.48 nts	1693192095650
2146460 toao      20   0  126.7g  16.9g  11.0g S 450.0  13.5  10:54.56 nts	1693192096352
2146460 toao      20   0  127.2g  16.9g  11.0g S 888.2  13.5  11:01.94 nts	1693192097056
2146460 toao      20   0  126.7g  16.9g  11.0g S  1541  13.5  11:09.73 nts	1693192097756
2146460 toao      20   0  126.7g  16.9g  11.0g S  1594  13.5  11:16.59 nts	1693192098459
2146460 toao      20   0  127.1g  16.9g  11.0g S  1194  13.5  11:22.65 nts	1693192099159
2146460 toao      20   0  126.7g  16.9g  11.0g S  1524  13.5  11:29.96 nts	1693192099859
2146460 toao      20   0  126.7g  16.9g  11.0g S  1488  13.5  11:36.53 nts	1693192100558
2146460 toao      20   0  126.7g  16.9g  11.0g S  1541  13.5  11:43.02 nts	1693192101260
2146460 toao      20   0  127.4g  16.9g  11.0g S  1431  13.5  11:49.48 nts	1693192101963
2146460 toao      20   0  127.4g  16.9g  11.0g S  1553  13.5  11:56.42 nts	1693192102664
2146460 toao      20   0  127.4g  16.9g  11.0g S  1518  13.5  12:03.09 nts	1693192103368
2146460 toao      20   0  127.4g  16.9g  11.0g S  1441  13.5  12:09.78 nts	1693192104069
2146460 toao      20   0  127.7g  16.9g  11.0g S  1518  13.5  12:16.55 nts	1693192104770
2146460 toao      20   0  127.7g  16.9g  11.0g S  1506  13.5  12:23.19 nts	1693192105475
2146460 toao      20   0  127.7g  16.9g  11.0g S  1529  13.5  12:29.85 nts	1693192106178
2146460 toao      20   0  127.7g  16.9g  11.0g S  1417  13.5  12:36.32 nts	1693192106882
2146460 toao      20   0  127.7g  16.9g  11.0g S  1535  13.5  12:43.08 nts	1693192107586
2146460 toao      20   0  127.7g  16.9g  11.0g S  1482  13.5  12:49.65 nts	1693192108288
2146460 toao      20   0  127.7g  16.9g  11.0g S  1447  13.5  12:56.46 nts	1693192108994
2146460 toao      20   0  127.7g  16.9g  11.0g S  1424  13.5  13:03.00 nts	1693192109696
2146460 toao      20   0  127.7g  16.9g  11.0g S  1335  13.5  13:09.67 nts	1693192110400
2146460 toao      20   0  127.7g  16.9g  11.0g S  1047  13.5  13:16.35 nts	1693192111103
2146460 toao      20   0  132.6g  16.9g  11.0g S 611.8  13.5  13:22.76 nts	1693192111811
2146460 toao      20   0  133.3g  16.9g  11.0g S  1556  13.5  13:29.47 nts	1693192112513
2146460 toao      20   0  133.3g  16.9g  11.0g S  1453  13.5  13:36.08 nts	1693192113214
2146460 toao      20   0  133.9g  16.9g  11.0g S  1500  13.5  13:42.65 nts	1693192113916
2146460 toao      20   0  133.9g  16.9g  11.0g S  1500  13.5  13:49.47 nts	1693192114619
2146460 toao      20   0  133.9g  16.9g  11.0g S 347.1  13.5  13:56.09 nts	1693192115323
2146460 toao      20   0  133.9g  16.9g  11.0g S 405.9  13.5  14:02.77 nts	1693192116026
2146460 toao      20   0  133.9g  16.9g  11.0g S 800.0  13.5  14:09.52 nts	1693192116731
2146460 toao      20   0  133.9g  16.9g  11.0g S 400.0  13.5  14:16.25 nts	1693192117442
2146460 toao      20   0  133.9g  16.9g  11.0g S 441.2  13.5  14:22.96 nts	1693192118139
2146460 toao      20   0  133.9g  16.9g  11.0g S 329.4  13.5  14:29.68 nts	1693192118845
2146460 toao      20   0  133.9g  16.9g  11.0g S 782.4  13.5  14:36.39 nts	1693192119551
2146460 toao      20   0  133.9g  16.9g  11.0g S 594.1  13.5  14:43.29 nts	1693192120255
2146460 toao      20   0  133.9g  16.9g  11.0g S 358.8  13.5  14:49.88 nts	1693192120958
2146460 toao      20   0  133.9g  16.9g  11.0g S 488.2  13.5  14:56.66 nts	1693192121659
2146460 toao      20   0  133.9g  16.9g  11.0g S 464.7  13.5  15:03.35 nts	1693192122360
2146460 toao      20   0  133.9g  16.9g  11.0g S 475.0  13.5  15:10.02 nts	1693192123064
2146460 toao      20   0  133.9g  16.9g  11.0g S 370.6  13.5  15:16.69 nts	1693192123766
2146460 toao      20   0  133.9g  16.9g  11.0g S 372.2  13.5  15:23.22 nts	1693192124470
2146460 toao      20   0  133.9g  16.9g  11.0g S 441.2  13.5  15:29.88 nts	1693192125176
2146460 toao      20   0  133.9g  16.9g  11.0g S 423.5  13.5  15:36.57 nts	1693192125876
2146460 toao      20   0  133.9g  16.9g  11.0g S 482.4  13.5  15:43.34 nts	1693192126578
2146460 toao      20   0  134.3g  16.9g  11.0g S 494.1  13.5  15:50.01 nts	1693192127279
2146460 toao      20   0  134.4g  16.9g  11.0g S 800.0  13.5  15:57.14 nts	1693192127984
2146460 toao      20   0  132.6g  16.9g  11.0g S  1288  13.5  16:04.63 nts	1693192128688
2146460 toao      20   0  133.2g  16.9g  11.0g S 752.9  13.5  16:10.21 nts	1693192129389
2146460 toao      20   0  133.3g  16.9g  11.0g S 470.6  13.5  16:16.40 nts	1693192130094
2146460 toao      20   0  133.9g  16.9g  11.0g S 417.6  13.5  16:22.88 nts	1693192130800
2146460 toao      20   0  133.9g  16.9g  11.0g S 493.8  13.5  16:29.69 nts	1693192131502
2146460 toao      20   0  134.0g  16.9g  11.0g S 470.6  13.5  16:36.50 nts	1693192132205
2146460 toao      20   0  134.4g  16.9g  11.0g S 641.2  13.5  16:43.32 nts	1693192132907
2146460 toao      20   0  133.9g  16.9g  11.0g S 476.5  13.5  16:49.81 nts	1693192133608
2146460 toao      20   0  133.9g  16.9g  11.0g S 476.5  13.5  16:56.55 nts	1693192134307
2146460 toao      20   0  134.1g  16.9g  11.0g S 488.2  13.5  17:03.28 nts	1693192135011
2146460 toao      20   0  134.4g  16.9g  11.0g S 647.1  13.5  17:10.13 nts	1693192135711
2146460 toao      20   0  134.4g  16.9g  11.0g S 905.9  13.5  17:17.22 nts	1693192136412
2146460 toao      20   0  134.4g  16.9g  11.0g S  1024  13.5  17:23.98 nts	1693192137116
2146460 toao      20   0  133.9g  16.9g  11.0g S  1459  13.5  17:31.53 nts	1693192137827
2146460 toao      20   0  133.9g  16.9g  11.0g S  1553  13.5  17:38.45 nts	1693192138527
2146460 toao      20   0  133.9g  16.9g  11.0g S  1494  13.5  17:45.08 nts	1693192139227
2146460 toao      20   0  133.9g  16.9g  11.0g S  1482  13.5  17:51.66 nts	1693192139929
2146460 toao      20   0  133.9g  16.9g  11.0g S  1500  13.5  17:58.16 nts	1693192140628
2146460 toao      20   0  134.4g  16.9g  11.0g S  1129  13.5  18:04.29 nts	1693192141330
2146460 toao      20   0  134.4g  16.9g  11.0g S  1129  13.5  18:11.06 nts	1693192142035
2146460 toao      20   0  133.9g  16.9g  11.0g S  1535  13.5  18:18.33 nts	1693192142736
2146460 toao      20   0  133.9g  16.9g  11.0g S  1559  13.5  18:25.05 nts	1693192143439
2146460 toao      20   0  133.9g  16.9g  11.0g S  1506  13.5  18:31.57 nts	1693192144139
2146460 toao      20   0  133.9g  16.9g  11.0g S  1524  13.5  18:38.11 nts	1693192144842
2146460 toao      20   0  133.9g  16.9g  11.0g S  1524  13.5  18:44.74 nts	1693192145542
2146460 toao      20   0  132.0g  16.9g  11.0g S  1394  13.5  18:51.22 nts	1693192146243
2146460 toao      20   0  132.6g  16.9g  11.0g S  1494  13.5  18:58.00 nts	1693192146948
2146460 toao      20   0  133.9g  16.9g  11.0g S  1500  13.5  19:04.59 nts	1693192147651
2146460 toao      20   0  133.9g  16.9g  11.0g S  1553  13.5  19:11.22 nts	1693192148350
2146460 toao      20   0  133.9g  16.9g  11.0g S  1529  13.5  19:17.72 nts	1693192149051
2146460 toao      20   0  133.9g  16.9g  11.0g S  1459  13.5  19:24.27 nts	1693192149754
2146460 toao      20   0  133.9g  16.9g  11.0g S  1471  13.5  19:31.04 nts	1693192150457
2146460 toao      20   0  133.9g  16.9g  11.0g S  1476  13.5  19:37.85 nts	1693192151160
2146460 toao      20   0  133.9g  16.9g  11.0g S  1512  13.5  19:44.61 nts	1693192151863
2146460 toao      20   0  133.9g  16.9g  11.0g S  1435  13.5  19:51.33 nts	1693192152567
2146460 toao      20   0  133.9g  16.9g  11.0g S  1288  13.5  19:58.07 nts	1693192153271
2146460 toao      20   0  133.9g  16.9g  11.0g S  1071  13.5  20:04.83 nts	1693192153972
2146460 toao      20   0  133.9g  16.9g  11.0g S  1329  13.5  20:11.36 nts	1693192154676
2146460 toao      20   0  133.9g  16.9g  11.0g S  1065  13.5  20:18.09 nts	1693192155379
2146460 toao      20   0  133.9g  16.9g  11.0g S 770.6  13.5  20:25.21 nts	1693192156080
2146460 toao      20   0  134.2g  16.9g  11.0g S 435.3  13.5  20:31.88 nts	1693192156784
2146460 toao      20   0  134.2g  16.9g  11.0g S 341.2  13.5  20:38.45 nts	1693192157486
2146460 toao      20   0  134.2g  16.9g  11.0g S 506.2  13.5  20:45.12 nts	1693192158193
2146460 toao      20   0  134.2g  16.9g  11.0g S 976.5  13.5  20:51.93 nts	1693192158895
2146460 toao      20   0  134.2g  16.9g  11.0g S 917.6  13.5  20:58.69 nts	1693192159599
2146460 toao      20   0  134.2g  16.9g  11.0g S 400.0  13.5  21:05.36 nts	1693192160300
2146460 toao      20   0  134.2g  16.9g  11.0g S 382.4  13.5  21:12.10 nts	1693192161005
2146460 toao      20   0  134.2g  16.9g  11.0g S 405.9  13.5  21:18.90 nts	1693192161711
2146460 toao      20   0  134.2g  16.9g  11.0g S 388.2  13.5  21:25.50 nts	1693192162415
2146460 toao      20   0  134.2g  16.9g  11.0g S 400.0  13.5  21:32.16 nts	1693192163115
2146460 toao      20   0  132.3g  16.9g  11.0g S 447.1  13.5  21:38.69 nts	1693192163819
2146460 toao      20   0  132.9g  16.9g  11.0g S 458.8  13.5  21:45.52 nts	1693192164525
2146460 toao      20   0  133.5g  16.9g  11.0g S 394.1  13.5  21:52.04 nts	1693192165227
2146460 toao      20   0  134.2g  16.9g  11.0g S 417.6  13.5  21:58.47 nts	1693192165928
2146460 toao      20   0  134.2g  16.9g  11.0g S 441.2  13.5  22:05.34 nts	1693192166630
2146460 toao      20   0  134.7g  16.9g  11.0g S 570.6  13.5  22:12.31 nts	1693192167331
2146460 toao      20   0  134.2g  16.9g  11.0g S 470.6  13.5  22:18.80 nts	1693192168031
2146460 toao      20   0  134.2g  16.9g  11.0g S 441.2  13.5  22:25.58 nts	1693192168729
2146460 toao      20   0  134.2g  16.9g  11.0g S 470.6  13.5  22:32.42 nts	1693192169430
2146460 toao      20   0  134.2g  16.9g  11.0g S 447.1  13.5  22:38.99 nts	1693192170129
2146460 toao      20   0  134.2g  16.9g  11.0g S 482.4  13.5  22:45.66 nts	1693192170834
2146460 toao      20   0  134.2g  16.9g  11.0g S 441.2  13.5  22:52.24 nts	1693192171536
2146460 toao      20   0  134.2g  16.9g  11.0g S 458.8  13.5  22:58.95 nts	1693192172236
2146460 toao      20   0  134.7g  16.9g  11.0g S 576.5  13.5  23:05.71 nts	1693192172935
2146460 toao      20   0  134.2g  16.9g  11.0g S  1571  13.5  23:14.11 nts	1693192173640
2146460 toao      20   0  134.2g  16.9g  11.0g S  1288  13.5  23:20.37 nts	1693192174342
2146460 toao      20   0  134.7g  16.9g  11.0g S 923.5  13.5  23:26.46 nts	1693192175048
2146460 toao      20   0  134.2g  16.9g  11.0g S 464.7  13.5  23:32.50 nts	1693192175751
2146460 toao      20   0  134.2g  16.9g  11.0g S 481.2  13.5  23:39.23 nts	1693192176455
2146460 toao      20   0  134.2g  16.9g  11.0g S 458.8  13.5  23:45.85 nts	1693192177156
2146460 toao      20   0  134.7g  16.9g  11.0g S 737.5  13.5  23:52.97 nts	1693192177854
2146460 toao      20   0  134.7g  16.9g  11.0g S 764.7  13.5  23:59.87 nts	1693192178555
2146460 toao      20   0  134.7g  16.9g  11.0g S  1053  13.5  24:07.06 nts	1693192179256
2146460 toao      20   0  134.2g  16.9g  11.0g S  1218  13.5  24:14.01 nts	1693192179959
2146460 toao      20   0  134.7g  16.9g  11.0g S  1256  13.5  24:20.54 nts	1693192180663
2146460 toao      20   0  133.5g  16.9g  11.0g S  1253  13.5  24:27.05 nts	1693192181361
2146460 toao      20   0  133.5g  16.9g  11.0g S 506.2  13.5  24:32.38 nts	1693192182063
2146460 toao      20   0  134.2g  16.9g  11.0g S 452.9  13.5  24:38.96 nts	1693192182765
2146460 toao      20   0  134.2g  16.9g  11.0g S 452.9  13.5  24:45.79 nts	1693192183467
2146460 toao      20   0  134.2g  16.9g  11.0g S 458.8  13.5  24:52.59 nts	1693192184166
2146460 toao      20   0  134.2g  16.9g  11.0g S  1400  13.5  25:00.95 nts	1693192184867
2146460 toao      20   0  134.2g  16.9g  11.0g S  1259  13.5  25:07.42 nts	1693192185569
2146460 toao      20   0  134.7g  16.9g  11.0g S  1047  13.5  25:13.75 nts	1693192186270
2146460 toao      20   0  134.2g  16.9g  11.0g S  1565  13.5  25:21.18 nts	1693192186975
2146460 toao      20   0  134.2g  16.9g  11.0g S  1518  13.5  25:27.80 nts	1693192187675
2146460 toao      20   0  134.2g  16.9g  11.0g S  1553  13.5  25:34.50 nts	1693192188376
2146460 toao      20   0  134.4g  16.9g  11.0g S  1547  13.5  25:41.07 nts	1693192189078
2146460 toao      20   0  134.4g  16.9g  11.0g S  1619  13.5  25:47.68 nts	1693192189784
2146460 toao      20   0  134.4g  16.9g  11.0g S  1512  13.5  25:54.32 nts	1693192190488
2146460 toao      20   0  134.4g  16.9g  11.0g S  1519  13.5  26:00.83 nts	1693192191184
2146460 toao      20   0  134.4g  16.9g  11.0g S  1494  13.5  26:07.50 nts	1693192191889
2146460 toao      20   0  134.4g  16.9g  11.0g S  1606  13.5  26:14.20 nts	1693192192593
2146460 toao      20   0  134.4g  16.9g  11.0g S  1565  13.5  26:20.82 nts	1693192193291
2146460 toao      20   0  134.4g  16.9g  11.0g S  1506  13.5  26:27.46 nts	1693192193992
2146460 toao      20   0  134.4g  16.9g  11.0g S  1631  13.5  26:34.06 nts	1693192194694
2146460 toao      20   0  134.4g  16.9g  11.0g S  1453  13.5  26:40.75 nts	1693192195394
2146460 toao      20   0  134.4g  16.9g  11.0g S  1488  13.5  26:47.50 nts	1693192196095
2146460 toao      20   0  134.4g  16.9g  11.0g S  1429  13.5  26:54.06 nts	1693192196795
2146460 toao      20   0  134.4g  16.9g  11.0g S  1429  13.5  27:00.72 nts	1693192197499
2146460 toao      20   0  134.4g  16.9g  11.0g S  1488  13.5  27:07.40 nts	1693192198203
2146460 toao      20   0  132.5g  16.9g  11.0g S  1153  13.5  27:13.85 nts	1693192198907
2146460 toao      20   0  133.8g  16.9g  11.0g S  1453  13.5  27:20.47 nts	1693192199612
2146460 toao      20   0  134.4g  16.9g  11.0g S  1524  13.5  27:27.12 nts	1693192200315
2146460 toao      20   0  134.4g  16.9g  11.0g S  1506  13.5  27:33.90 nts	1693192201019
2146460 toao      20   0  134.4g  16.9g  11.0g S  1656  13.5  27:40.73 nts	1693192201723
2146460 toao      20   0  134.4g  16.9g  11.0g S 776.5  13.5  27:47.34 nts	1693192202422
2146460 toao      20   0  134.4g  16.9g  11.0g S  1325  13.5  27:54.04 nts	1693192203123
2146460 toao      20   0  134.4g  16.9g  11.0g S  1382  13.5  28:00.57 nts	1693192203826
2146460 toao      20   0  134.4g  16.9g  11.0g S  1094  13.5  28:07.33 nts	1693192204526
2146460 toao      20   0  134.4g  16.9g  11.0g S 876.5  13.5  28:13.89 nts	1693192205228
2146460 toao      20   0  134.4g  16.9g  11.0g S 900.0  13.5  28:20.60 nts	1693192205931
2146460 toao      20   0  134.4g  16.9g  11.0g S  1394  13.5  28:27.36 nts	1693192206632
2146460 toao      20   0  134.4g  16.9g  11.0g S  1175  13.5  28:34.10 nts	1693192207335
2146460 toao      20   0  134.4g  16.9g  11.0g S 552.9  13.5  28:40.94 nts	1693192208033
2146460 toao      20   0  134.4g  16.9g  11.0g S 388.2  13.5  28:47.63 nts	1693192208736
2146460 toao      20   0  134.4g  16.9g  11.0g S 352.9  13.5  28:54.25 nts	1693192209442
2146460 toao      20   0  134.4g  16.9g  11.0g S 417.6  13.5  29:01.10 nts	1693192210143
2146460 toao      20   0  134.4g  16.9g  11.0g S 594.1  13.5  29:07.79 nts	1693192210847
2146460 toao      20   0  134.4g  16.9g  11.0g S 341.2  13.5  29:14.48 nts	1693192211548
2146460 toao      20   0  134.4g  16.9g  11.0g S 664.7  13.5  29:21.31 nts	1693192212252
2146460 toao      20   0  134.4g  16.9g  11.0g S 417.6  13.5  29:28.08 nts	1693192212951
2146460 toao      20   0  134.4g  16.9g  11.0g S 400.0  13.5  29:34.77 nts	1693192213652
2146460 toao      20   0  134.4g  16.9g  11.0g S 400.0  13.5  29:41.43 nts	1693192214354
2146460 toao      20   0  134.4g  16.9g  11.0g S 411.8  13.5  29:48.14 nts	1693192215058
2146460 toao      20   0  134.4g  16.9g  11.0g S 452.9  13.5  29:54.73 nts	1693192215759
2146460 toao      20   0  132.5g  16.9g  11.0g S 470.6  13.5  30:01.30 nts	1693192216461
2146460 toao      20   0  133.8g  16.9g  11.0g S 368.8  13.5  30:07.75 nts	1693192217163
2146460 toao      20   0  134.4g  16.9g  11.0g S 335.3  13.5  30:14.36 nts	1693192217862
2146460 toao      20   0  134.4g  16.9g  11.0g S 411.8  13.5  30:20.99 nts	1693192218567
2146460 toao      20   0  134.4g  16.9g  11.0g S 429.4  13.5  30:27.68 nts	1693192219271
2146460 toao      20   0  134.4g  16.9g  11.0g S 458.8  13.5  30:34.48 nts	1693192219971
2146460 toao      20   0  134.4g  16.9g  11.0g S 447.1  13.5  30:41.15 nts	1693192220671
2146460 toao      20   0  134.4g  16.9g  11.0g S 452.9  13.5  30:47.93 nts	1693192221372
2146460 toao      20   0  134.4g  16.9g  11.0g S 452.9  13.5  30:54.54 nts	1693192222076
2146460 toao      20   0  134.4g  16.9g  11.0g S 441.2  13.5  31:01.25 nts	1693192222776
2146460 toao      20   0  134.4g  16.9g  11.0g S 464.7  13.5  31:08.01 nts	1693192223480
2146460 toao      20   0  134.4g  16.9g  11.0g S 487.5  13.5  31:14.66 nts	1693192224182
2146460 toao      20   0  134.4g  16.9g  11.0g S 470.6  13.5  31:21.38 nts	1693192224884
2146460 toao      20   0  135.0g  16.9g  11.0g S 641.2  13.5  31:28.39 nts	1693192225588
2146460 toao      20   0  134.4g  16.9g  11.0g S  1400  13.5  31:36.27 nts	1693192226291
2146460 toao      20   0  135.0g  16.9g  11.0g S  1006  13.5  31:42.30 nts	1693192226992
2146460 toao      20   0  135.0g  16.9g  11.0g S 676.5  13.5  31:48.38 nts	1693192227696
2146460 toao      20   0  134.4g  16.9g  11.0g S 470.6  13.5  31:54.61 nts	1693192228399
2146460 toao      20   0  134.9g  16.9g  11.0g S 537.5  13.5  32:01.32 nts	1693192229102
2146460 toao      20   0  134.4g  16.9g  11.0g S  1206  13.5  32:09.16 nts	1693192229804
2146460 toao      20   0  134.4g  16.9g  11.0g S  1559  13.5  32:16.58 nts	1693192230507
2146460 toao      20   0  134.4g  16.9g  11.0g S  1535  13.5  32:23.40 nts	1693192231212
2146460 toao      20   0  134.4g  16.9g  11.0g S  1547  13.5  32:30.20 nts	1693192231914
2146460 toao      20   0  134.4g  16.9g  11.0g S  1488  13.5  32:36.86 nts	1693192232614
2146460 toao      20   0  132.5g  16.9g  11.0g S  1365  13.5  32:43.31 nts	1693192233320
2146460 toao      20   0  133.2g  16.9g  11.0g S  1518  13.5  32:50.22 nts	1693192234019
2146460 toao      20   0  133.8g  16.9g  11.0g S  1688  13.5  32:56.89 nts	1693192234723
2146460 toao      20   0  134.4g  16.9g  11.0g S  1112  13.5  33:02.75 nts	1693192235423
2146460 toao      20   0  134.4g  16.9g  11.0g S  1006  13.5  33:09.30 nts	1693192236126
2146460 toao      20   0  134.4g  16.9g  11.0g S  1547  13.5  33:17.09 nts	1693192236827
2146460 toao      20   0  134.4g  16.9g  11.0g S  1571  13.5  33:23.70 nts	1693192237531
2146460 toao      20   0  134.4g  16.9g  11.0g S  1518  13.5  33:30.27 nts	1693192238230
2146460 toao      20   0  134.4g  16.9g  11.0g S  1524  13.5  33:36.87 nts	1693192238932
2146460 toao      20   0  134.4g  16.9g  11.0g S  1482  13.5  33:43.58 nts	1693192239634
2146460 toao      20   0  134.4g  16.9g  11.0g S  1459  13.5  33:50.13 nts	1693192240339
2146460 toao      20   0  134.4g  16.9g  11.0g S  1518  13.5  33:56.71 nts	1693192241039
2146460 toao      20   0  134.4g  16.9g  11.0g S  1482  13.5  34:03.37 nts	1693192241739
2146460 toao      20   0  134.4g  16.9g  11.0g S  1447  13.5  34:10.07 nts	1693192242439
2146460 toao      20   0  134.4g  16.9g  11.0g S  1082  13.5  34:16.91 nts	1693192243139
2146460 toao      20   0  134.4g  16.9g  11.0g S 582.4  13.5  34:23.54 nts	1693192243840
2146460 toao      20   0  134.4g  16.9g  11.0g S  1018  13.5  34:30.27 nts	1693192244539
2146460 toao      20   0  134.4g  16.9g  11.0g S  1544  13.5  34:36.89 nts	1693192245242
2146460 toao      20   0  134.4g  16.9g  11.0g S  1518  13.5  34:43.68 nts	1693192245944
2146460 toao      20   0  134.4g  16.9g  11.0g S  1429  13.5  34:50.33 nts	1693192246648
2146460 toao      20   0  134.4g  16.9g  11.0g S 935.3  13.5  34:57.00 nts	1693192247350
2146460 toao      20   0  134.4g  16.9g  11.0g S 506.2  13.5  35:03.63 nts	1693192248052
2146460 toao      20   0  134.4g  16.9g  11.0g S 388.2  13.5  35:10.42 nts	1693192248756
2146460 toao      20   0  134.4g  16.9g  11.0g S 376.5  13.5  35:16.98 nts	1693192249456
2146460 toao      20   0  134.4g  16.9g  11.0g S 347.1  13.5  35:23.58 nts	1693192250156
2146460 toao      20   0       0      0      0 Z 100.0   0.0  35:27.40 nts	1693192250859
2146460 toao      20   0       0      0      0 Z 100.0   0.0  35:28.10 nts	1693192251564
2146460 toao      20   0       0      0      0 Z  94.4   0.0  35:28.79 nts	1693192252271
2146460 toao      20   0       0      0      0 Z  94.1   0.0  35:29.48 nts	1693192252979
