| 27%   43C    P0    74W / 250W |      8MiB / 11019MiB |     18%      Default |	1688350082186
| 27%   42C    P3    66W / 250W |      8MiB / 11019MiB |      0%      Default |	1688350082740
| 27%   42C    P3    48W / 250W |      8MiB / 11019MiB |      0%      Default |	1688350083311
| 26%   42C    P3    48W / 250W |      8MiB / 11019MiB |      0%      Default |	1688350083869
| 26%   42C    P3    48W / 250W |      8MiB / 11019MiB |      0%      Default |	1688350084409
| 27%   41C    P5    40W / 250W |      8MiB / 11019MiB |      0%      Default |	1688350084946
| 26%   41C    P5    20W / 250W |      8MiB / 11019MiB |      0%      Default |	1688350085481
| 26%   41C    P5    19W / 250W |      8MiB / 11019MiB |      0%      Default |	1688350086017
| 27%   41C    P8    13W / 250W |      8MiB / 11019MiB |      0%      Default |	1688350086555
| 27%   41C    P8    14W / 250W |      8MiB / 11019MiB |      0%      Default |	1688350087089
| 27%   40C    P8    14W / 250W |      8MiB / 11019MiB |      0%      Default |	1688350087621
| 27%   40C    P8    14W / 250W |      8MiB / 11019MiB |      0%      Default |	1688350088156
| 27%   40C    P8    13W / 250W |      8MiB / 11019MiB |      0%      Default |	1688350088693
| 27%   40C    P8    14W / 250W |      8MiB / 11019MiB |      0%      Default |	1688350089228
| 27%   40C    P8    14W / 250W |      8MiB / 11019MiB |      0%      Default |	1688350089765
| 27%   40C    P8    14W / 250W |      8MiB / 11019MiB |      0%      Default |	1688350090305
| 27%   40C    P8    14W / 250W |      8MiB / 11019MiB |      0%      Default |	1688350090844
| 27%   40C    P8    14W / 250W |      8MiB / 11019MiB |      0%      Default |	1688350091384
| 27%   40C    P8    14W / 250W |      8MiB / 11019MiB |      0%      Default |	1688350091924
| 27%   40C    P8    14W / 250W |      8MiB / 11019MiB |      0%      Default |	1688350092464
| 27%   40C    P8    13W / 250W |      8MiB / 11019MiB |      0%      Default |	1688350092998
| 27%   39C    P8    13W / 250W |      8MiB / 11019MiB |      0%      Default |	1688350093537
| 27%   39C    P8    13W / 250W |      8MiB / 11019MiB |      0%      Default |	1688350094074
| 27%   39C    P8    13W / 250W |      8MiB / 11019MiB |      0%      Default |	1688350094613
| 27%   39C    P8    13W / 250W |      8MiB / 11019MiB |      0%      Default |	1688350095151
| 27%   39C    P8    13W / 250W |      8MiB / 11019MiB |      0%      Default |	1688350095687
| 27%   39C    P8    13W / 250W |      8MiB / 11019MiB |      0%      Default |	1688350096221
| 27%   39C    P8    13W / 250W |      8MiB / 11019MiB |      0%      Default |	1688350096760
| 27%   39C    P8    13W / 250W |      8MiB / 11019MiB |      0%      Default |	1688350097297
| 27%   39C    P8    13W / 250W |      8MiB / 11019MiB |      0%      Default |	1688350097835
| 27%   39C    P8    13W / 250W |      8MiB / 11019MiB |      0%      Default |	1688350098368
| 27%   39C    P8    13W / 250W |      8MiB / 11019MiB |      0%      Default |	1688350098906
| 27%   39C    P8    12W / 250W |      8MiB / 11019MiB |      0%      Default |	1688350099444
| 27%   39C    P8    13W / 250W |      8MiB / 11019MiB |      0%      Default |	1688350099982
| 27%   39C    P8    13W / 250W |      8MiB / 11019MiB |      0%      Default |	1688350100520
| 27%   39C    P8    13W / 250W |      8MiB / 11019MiB |      0%      Default |	1688350101058
| 27%   38C    P8    13W / 250W |      8MiB / 11019MiB |      0%      Default |	1688350101594
| 27%   40C    P2    55W / 250W |    261MiB / 11019MiB |      0%      Default |	1688350102131
| 27%   40C    P2    55W / 250W |    491MiB / 11019MiB |      3%      Default |	1688350102666
| 27%   40C    P2    55W / 250W |    707MiB / 11019MiB |      3%      Default |	1688350103205
| 27%   41C    P2    55W / 250W |    847MiB / 11019MiB |      5%      Default |	1688350103743
| 26%   41C    P2    55W / 250W |    847MiB / 11019MiB |      5%      Default |	1688350104280
| 26%   41C    P2    55W / 250W |    847MiB / 11019MiB |      1%      Default |	1688350104818
| 27%   41C    P2    55W / 250W |    847MiB / 11019MiB |      1%      Default |	1688350105355
| 27%   41C    P2    55W / 250W |    847MiB / 11019MiB |      0%      Default |	1688350105894
| 27%   41C    P2    55W / 250W |    847MiB / 11019MiB |      0%      Default |	1688350106432
| 27%   41C    P2    55W / 250W |    847MiB / 11019MiB |      0%      Default |	1688350106968
| 27%   41C    P2    55W / 250W |    847MiB / 11019MiB |      0%      Default |	1688350107506
| 27%   41C    P2    55W / 250W |    847MiB / 11019MiB |      0%      Default |	1688350108044
| 27%   41C    P2    55W / 250W |    847MiB / 11019MiB |      0%      Default |	1688350108584
| 27%   41C    P2    55W / 250W |    847MiB / 11019MiB |      0%      Default |	1688350109124
| 27%   41C    P2    55W / 250W |    847MiB / 11019MiB |      0%      Default |	1688350109662
| 27%   41C    P2    55W / 250W |    847MiB / 11019MiB |      0%      Default |	1688350110200
| 27%   41C    P2    55W / 250W |    847MiB / 11019MiB |      0%      Default |	1688350110738
| 27%   41C    P2    55W / 250W |    847MiB / 11019MiB |      0%      Default |	1688350111276
| 27%   41C    P2    55W / 250W |    847MiB / 11019MiB |      0%      Default |	1688350111815
| 27%   42C    P2    55W / 250W |    847MiB / 11019MiB |      0%      Default |	1688350112356
| 27%   42C    P2    55W / 250W |    847MiB / 11019MiB |      0%      Default |	1688350112894
| 27%   42C    P2    55W / 250W |    847MiB / 11019MiB |      0%      Default |	1688350113431
| 27%   42C    P2    55W / 250W |    847MiB / 11019MiB |      0%      Default |	1688350113969
| 27%   42C    P2    55W / 250W |    847MiB / 11019MiB |      0%      Default |	1688350114507
| 27%   42C    P2    55W / 250W |    847MiB / 11019MiB |      0%      Default |	1688350115045
| 27%   42C    P2    55W / 250W |    847MiB / 11019MiB |      0%      Default |	1688350115585
| 27%   42C    P2    55W / 250W |    847MiB / 11019MiB |      0%      Default |	1688350116122
| 27%   42C    P2    55W / 250W |    847MiB / 11019MiB |      0%      Default |	1688350116659
| 27%   42C    P2    55W / 250W |    847MiB / 11019MiB |      0%      Default |	1688350117196
| 27%   42C    P2    55W / 250W |    847MiB / 11019MiB |      0%      Default |	1688350117736
| 27%   42C    P2    55W / 250W |    847MiB / 11019MiB |      0%      Default |	1688350118273
| 27%   42C    P2    55W / 250W |    847MiB / 11019MiB |      0%      Default |	1688350118810
| 27%   42C    P2    55W / 250W |    847MiB / 11019MiB |      0%      Default |	1688350119347
| 27%   42C    P2    55W / 250W |    847MiB / 11019MiB |      0%      Default |	1688350119886
| 26%   41C    P8    14W / 250W |    847MiB / 11019MiB |      0%      Default |	1688350120423
| 26%   41C    P8    17W / 250W |    847MiB / 11019MiB |      0%      Default |	1688350120963
| 26%   41C    P8    13W / 250W |    847MiB / 11019MiB |      0%      Default |	1688350121501
| 27%   41C    P8    13W / 250W |    847MiB / 11019MiB |      0%      Default |	1688350122039
| 27%   40C    P8    14W / 250W |    847MiB / 11019MiB |      0%      Default |	1688350122577
| 27%   40C    P8    13W / 250W |    847MiB / 11019MiB |      0%      Default |	1688350123115
| 27%   40C    P8    14W / 250W |    847MiB / 11019MiB |      0%      Default |	1688350123653
| 26%   40C    P8    13W / 250W |    847MiB / 11019MiB |      0%      Default |	1688350124192
| 27%   40C    P8    13W / 250W |    847MiB / 11019MiB |      0%      Default |	1688350124730
| 27%   40C    P8    13W / 250W |    847MiB / 11019MiB |      0%      Default |	1688350125269
| 27%   40C    P8    12W / 250W |    847MiB / 11019MiB |      0%      Default |	1688350125807
| 27%   40C    P8    12W / 250W |    847MiB / 11019MiB |      0%      Default |	1688350126346
| 27%   40C    P8    13W / 250W |    847MiB / 11019MiB |      0%      Default |	1688350126884
| 27%   40C    P8    14W / 250W |    847MiB / 11019MiB |      0%      Default |	1688350127423
| 27%   40C    P8    14W / 250W |    847MiB / 11019MiB |      0%      Default |	1688350127962
| 27%   40C    P8    14W / 250W |    847MiB / 11019MiB |      0%      Default |	1688350128502
| 27%   40C    P8    15W / 250W |    847MiB / 11019MiB |      0%      Default |	1688350129040
| 27%   39C    P8    13W / 250W |    847MiB / 11019MiB |      0%      Default |	1688350129578
| 27%   39C    P8    14W / 250W |    847MiB / 11019MiB |      0%      Default |	1688350130117
| 27%   39C    P8    13W / 250W |    847MiB / 11019MiB |      0%      Default |	1688350130655
| 27%   39C    P8    13W / 250W |    847MiB / 11019MiB |      0%      Default |	1688350131193
| 27%   39C    P8    14W / 250W |    847MiB / 11019MiB |      0%      Default |	1688350131732
| 27%   39C    P8    13W / 250W |    847MiB / 11019MiB |      0%      Default |	1688350132273
| 27%   39C    P8    13W / 250W |    847MiB / 11019MiB |      0%      Default |	1688350132812
| 27%   39C    P8    13W / 250W |    847MiB / 11019MiB |      0%      Default |	1688350133352
| 27%   40C    P2    55W / 250W |    855MiB / 11019MiB |      0%      Default |	1688350133889
| 27%   41C    P2    55W / 250W |    855MiB / 11019MiB |      0%      Default |	1688350134428
| 27%   41C    P2    55W / 250W |    855MiB / 11019MiB |      0%      Default |	1688350134962
| 27%   41C    P2    55W / 250W |    855MiB / 11019MiB |      0%      Default |	1688350135494
| 26%   41C    P2    55W / 250W |    855MiB / 11019MiB |      0%      Default |	1688350136028
| 26%   41C    P2    55W / 250W |    855MiB / 11019MiB |      0%      Default |	1688350136561
| 27%   41C    P2    56W / 250W |   2187MiB / 11019MiB |      0%      Default |	1688350137098
| 27%   42C    P2    99W / 250W |   7223MiB / 11019MiB |      3%      Default |	1688350137693
| 27%   43C    P2   112W / 250W |   7493MiB / 11019MiB |      3%      Default |	1688350138238
| 27%   45C    P2   121W / 250W |   7899MiB / 11019MiB |     41%      Default |	1688350138770
| 27%   43C    P2   133W / 250W |   8137MiB / 11019MiB |     41%      Default |	1688350139333
| 26%   45C    P2   114W / 250W |   8437MiB / 11019MiB |     44%      Default |	1688350139865
| 27%   44C    P2   159W / 250W |   8437MiB / 11019MiB |     44%      Default |	1688350140407
| 27%   45C    P2    75W / 250W |   8439MiB / 11019MiB |     40%      Default |	1688350140949
| 27%   45C    P2   118W / 250W |   8573MiB / 11019MiB |     40%      Default |	1688350141507
| 27%   46C    P2    75W / 250W |   8681MiB / 11019MiB |     39%      Default |	1688350142034
| 27%   45C    P2   156W / 250W |   8681MiB / 11019MiB |     43%      Default |	1688350142569
| 28%   47C    P2   111W / 250W |   8681MiB / 11019MiB |     43%      Default |	1688350143102
| 29%   45C    P2   158W / 250W |   8681MiB / 11019MiB |     39%      Default |	1688350143651
| 30%   46C    P2   109W / 250W |   8681MiB / 11019MiB |     39%      Default |	1688350144191
| 30%   46C    P2   176W / 250W |   8681MiB / 11019MiB |     41%      Default |	1688350144729
| 30%   46C    P2   128W / 250W |   8681MiB / 11019MiB |     41%      Default |	1688350145262
| 30%   47C    P2   111W / 250W |   8817MiB / 11019MiB |     35%      Default |	1688350145799
| 30%   46C    P2   142W / 250W |   8817MiB / 11019MiB |     35%      Default |	1688350146331
| 30%   46C    P0    80W / 250W |      8MiB / 11019MiB |     30%      Default |	1688350146867
