3204364 toao      20   0 2565280  96892  68108 R 100.0   0.0   0:00.17 nts	1687831598275
3204364 toao      20   0 5292096 209860 115020 R  2776   0.1   0:06.40 nts	1687831598778
3204364 toao      20   0 5292096 209860 115020 R  2838   0.1   0:11.93 nts	1687831598969
3204364 toao      20   0 5292096 209860 115020 R  3100   0.1   0:26.11 nts	1687831599463
3204364 toao      20   0 5292096 209860 115020 R  3075   0.1   0:31.95 nts	1687831599658
3204364 toao      20   0 5377144 274480 115272 R 194.1   0.1   0:34.64 nts	1687831600147
3204364 toao      20   0 5377144 274480 115272 R 212.5   0.1   0:35.04 nts	1687831600341
3204364 toao      20   0 5377144 274480 115272 R 194.1   0.1   0:36.01 nts	1687831600833
3204364 toao      20   0 5377144 274480 115272 R 200.0   0.1   0:36.38 nts	1687831601029
3204364 toao      20   0 5377144 274480 115272 R 206.2   0.1   0:37.37 nts	1687831601522
3204364 toao      20   0 5377144 274480 115272 R 194.1   0.1   0:37.75 nts	1687831601713
3204364 toao      20   0 5377144 274480 115272 R 194.1   0.1   0:38.74 nts	1687831602212
3204364 toao      20   0 5377144 274480 115272 R 200.0   0.1   0:39.12 nts	1687831602404
3204364 toao      20   0 5377144 274480 115272 R 200.0   0.1   0:40.11 nts	1687831602906
3204364 toao      20   0 5377144 274480 115272 R 194.1   0.1   0:40.48 nts	1687831603098
3204364 toao      20   0 5377144 274480 115272 R 194.1   0.1   0:41.49 nts	1687831603600
3204364 toao      20   0 5377144 274480 115272 R 206.2   0.1   0:41.86 nts	1687831603785
3204364 toao      20   0 5377144 274480 115272 R 206.2   0.1   0:42.86 nts	1687831604297
3204364 toao      20   0 5377144 274480 115272 R 200.0   0.1   0:43.25 nts	1687831604483
3204364 toao      20   0 5377144 274480 115272 R 200.0   0.1   0:44.22 nts	1687831604989
3204364 toao      20   0 5377144 274480 115272 R 200.0   0.1   0:44.59 nts	1687831605180
3204364 toao      20   0 6608792 770184 115324 R 987.5   0.4   0:48.86 nts	1687831605678
3204364 toao      20   0 6608792 777556 115324 R 847.1   0.4   0:50.49 nts	1687831605857
3204364 toao      20   0 6608792 785940 115324 R 900.0   0.4   0:55.13 nts	1687831606361
3204364 toao      20   0 6608792 786988 115324 R 925.0   0.4   0:56.62 nts	1687831606539
3204364 toao      20   0 6608792 793036 115324 R 912.5   0.4   1:01.22 nts	1687831607050
3204364 toao      20   0 6608792 793036 115324 R 906.2   0.4   1:02.85 nts	1687831607227
3204364 toao      20   0 6608792 794604 115324 R 968.8   0.4   1:07.74 nts	1687831607739
3204364 toao      20   0 6608792 794604 115324 R 843.8   0.4   1:09.27 nts	1687831607920
3204364 toao      20   0 7893468 796752 115368 R 188.2   0.4   1:11.59 nts	1687831608429
3204364 toao      20   0 7893468 798072 115368 R 212.5   0.4   1:11.93 nts	1687831608603
3204364 toao      20   0 7893468 803088 115368 R 182.4   0.4   1:12.94 nts	1687831609124
3204364 toao      20   0 7893468 804144 115368 R 206.2   0.4   1:13.28 nts	1687831609291
3204364 toao      20   0 7893468 806520 115368 R 194.1   0.4   1:14.31 nts	1687831609814
3204364 toao      20   0 7893468 808104 115368 R 194.1   0.4   1:14.64 nts	1687831609984
3204364 toao      20   0 7959004 815368 115368 R 193.8   0.4   1:15.65 nts	1687831610509
3204364 toao      20   0 9115552 863552 115368 R 450.0   0.4   1:16.38 nts	1687831610676
3204364 toao      20   0 9115552 954104 115368 R 464.7   0.5   1:18.96 nts	1687831611202
3204364 toao      20   0 9115552 983144 115368 R 625.0   0.5   1:19.90 nts	1687831611367
3204364 toao      20   0 9115552   1.0g 115368 R 568.8   0.5   1:22.59 nts	1687831611889
3204364 toao      20   0 9115552   1.0g 115368 R 482.4   0.6   1:23.39 nts	1687831612045
3204364 toao      20   0 9115552   1.1g 115368 R 556.2   0.6   1:26.16 nts	1687831612578
3204364 toao      20   0 9115552   1.2g 115368 R 600.0   0.6   1:27.11 nts	1687831612731
3204364 toao      20   0 9115552   1.3g 115368 R 535.3   0.7   1:30.15 nts	1687831613263
3204364 toao      20   0 9937.8m   1.3g 115368 R 400.0   0.7   1:30.83 nts	1687831613422
3204364 toao      20   0 9956.5m   1.3g 115368 R 106.2   0.7   1:31.99 nts	1687831613949
3204364 toao      20   0 9956.5m   1.3g 115368 R  93.8   0.7   1:32.15 nts	1687831614117
3204364 toao      20   0 9956.5m   1.3g 115368 R 100.0   0.7   1:32.69 nts	1687831614643
3204364 toao      20   0 9956.5m   1.3g 115368 R 100.0   0.7   1:32.85 nts	1687831614809
3204364 toao      20   0 9956.5m   1.3g 115368 R  93.8   0.7   1:33.37 nts	1687831615336
3204364 toao      20   0 9956.5m   1.3g 115368 R 106.2   0.7   1:33.55 nts	1687831615506
3204364 toao      20   0 9956.5m   1.3g 115368 R 106.2   0.7   1:34.07 nts	1687831616028
3204364 toao      20   0 9956.5m   1.3g 115368 R  94.1   0.7   1:34.24 nts	1687831616200
3204364 toao      20   0   10.2g   1.5g 115368 R 105.9   0.8   1:34.77 nts	1687831616724
3204364 toao      20   0   10.2g   1.6g 115368 R 100.0   0.9   1:34.93 nts	1687831616894
3204364 toao      20   0   10.2g   1.7g 115368 R 106.2   0.9   1:35.46 nts	1687831617417
3204364 toao      20   0   10.2g   1.7g 115368 R 100.0   0.9   1:35.61 nts	1687831617584
3204364 toao      20   0   10.2g   1.8g 115368 R 100.0   0.9   1:36.14 nts	1687831618113
3204364 toao      20   0   10.2g   1.8g 115368 R 112.5   0.9   1:36.32 nts	1687831618271
3204364 toao      20   0   10.2g   1.8g 115368 R 106.2   0.9   1:36.84 nts	1687831618796
3204364 toao      20   0   10.2g   1.8g 115368 R 100.0   0.9   1:37.01 nts	1687831618964
3204364 toao      20   0   10.2g   1.8g 115368 R 100.0   0.9   1:37.53 nts	1687831619488
3204364 toao      20   0   10.2g   1.8g 115368 R 106.2   0.9   1:37.70 nts	1687831619659
3204364 toao      20   0   10.2g   1.8g 115368 R  94.1   0.9   1:38.21 nts	1687831620182
3204364 toao      20   0   10.2g   1.8g 115368 R 100.0   0.9   1:38.40 nts	1687831620351
3204364 toao      20   0   10.2g   1.8g 115368 R 100.0   0.9   1:38.91 nts	1687831620871
3204364 toao      20   0   10.2g   1.8g 115368 R 100.0   0.9   1:39.09 nts	1687831621049
3204364 toao      20   0   10.2g   1.8g 115368 R 100.0   0.9   1:39.61 nts	1687831621565
3204364 toao      20   0   10.2g   1.8g 115368 R 100.0   0.9   1:39.79 nts	1687831621748
3204364 toao      20   0   10.2g   1.8g 115368 R 100.0   0.9   1:40.30 nts	1687831622261
3204364 toao      20   0   10.2g   1.8g 115368 R 106.2   1.0   1:40.48 nts	1687831622437
3204364 toao      20   0   10.2g   1.8g 115368 R 106.2   1.0   1:41.00 nts	1687831622956
3204364 toao      20   0   10.2g   1.8g 115368 R  94.1   1.0   1:41.17 nts	1687831623132
3204364 toao      20   0   10.2g   1.8g 115368 R 106.2   1.0   1:41.69 nts	1687831623649
3204364 toao      20   0   10.2g   1.8g 115368 R 100.0   1.0   1:41.86 nts	1687831623827
3204364 toao      20   0   10.2g   1.8g 115368 R  94.1   1.0   1:42.38 nts	1687831624342
3204364 toao      20   0   10.2g   1.8g 115368 R  94.1   1.0   1:42.55 nts	1687831624522
3204364 toao      20   0   10.2g   1.8g 115368 R 100.0   1.0   1:43.07 nts	1687831625038
3204364 toao      20   0   10.2g   1.8g 115368 R 106.2   1.0   1:43.25 nts	1687831625211
3204364 toao      20   0   10.2g   1.8g 115368 R 106.2   1.0   1:43.77 nts	1687831625730
3204364 toao      20   0   10.2g   1.8g 115368 R 100.0   1.0   1:43.94 nts	1687831625906
3204364 toao      20   0   14.9g   1.9g 205952 R 312.5   1.0   1:44.80 nts	1687831626425
3204364 toao      20   0   15.2g   2.0g 232936 R 106.2   1.1   1:44.97 nts	1687831626598
3204364 toao      20   0   15.8g   2.5g 311176 R  94.1   1.4   1:45.48 nts	1687831627120
3204364 toao      20   0   16.0g   2.7g 330752 R 100.0   1.4   1:45.64 nts	1687831627288
3204364 toao      20   0   16.7g   3.3g 459336 R 106.2   1.8   1:46.18 nts	1687831627816
3204364 toao      20   0   17.0g   3.5g 486384 R 100.0   1.9   1:46.33 nts	1687831627980
3204364 toao      20   0   17.6g   4.2g 509740 R 106.2   2.2   1:46.87 nts	1687831628511
3204364 toao      20   0   17.6g   4.2g 509740 R 100.0   2.2   1:47.03 nts	1687831628669
3204364 toao      20   0   17.6g   4.2g 509740 R 100.0   2.2   1:47.56 nts	1687831629199
3204364 toao      20   0   18.6g   4.3g 699552 R  94.1   2.3   1:47.72 nts	1687831629365
3204364 toao      20   0   18.6g   5.1g   1.4g R  94.1   2.7   1:48.25 nts	1687831629892
3204364 toao      20   0   18.6g   5.1g   1.4g R 100.0   2.7   1:48.42 nts	1687831630061
3204364 toao      20   0   18.6g   5.1g   1.4g R  94.1   2.7   1:48.94 nts	1687831630584
3204364 toao      20   0   18.6g   5.1g   1.4g R  94.1   2.7   1:49.11 nts	1687831630753
3204364 toao      20   0   18.6g   5.1g   1.4g R 100.0   2.7   1:49.63 nts	1687831631278
3204364 toao      20   0   18.6g   5.1g   1.4g R 106.2   2.7   1:49.81 nts	1687831631447
3204364 toao      20   0   18.6g   5.1g   1.4g R 100.0   2.7   1:50.33 nts	1687831631972
3204364 toao      20   0   18.6g   5.1g   1.4g R 100.0   2.7   1:50.50 nts	1687831632145
3204364 toao      20   0   18.6g   5.1g   1.4g R 100.0   2.7   1:51.02 nts	1687831632665
3204364 toao      20   0   18.6g   5.1g   1.4g R 100.0   2.7   1:51.19 nts	1687831632837
3204364 toao      20   0   18.6g   5.1g   1.4g R 100.0   2.7   1:51.71 nts	1687831633356
3204364 toao      20   0   18.6g   5.1g   1.4g R 106.2   2.7   1:51.89 nts	1687831633529
3204364 toao      20   0   18.6g   5.1g   1.4g R  94.1   2.7   1:52.40 nts	1687831634045
3204364 toao      20   0   18.6g   5.1g   1.4g R  94.1   2.7   1:52.58 nts	1687831634222
3204364 toao      20   0   18.6g   5.1g   1.4g R 100.0   2.7   1:53.09 nts	1687831634737
3204364 toao      20   0   18.6g   5.1g   1.4g R 100.0   2.7   1:53.27 nts	1687831634915
3204364 toao      20   0   18.6g   5.1g   1.4g R  94.1   2.7   1:53.79 nts	1687831635434
3204364 toao      20   0   18.6g   5.1g   1.4g R 100.0   2.7   1:53.96 nts	1687831635604
3204364 toao      20   0   18.6g   5.1g   1.4g R 100.0   2.7   1:54.48 nts	1687831636129
3204364 toao      20   0   18.6g   5.1g   1.4g R 100.0   2.7   1:54.65 nts	1687831636297
3204364 toao      20   0   18.6g   5.1g   1.4g R 100.0   2.7   1:55.18 nts	1687831636821
3204364 toao      20   0   18.6g   5.1g   1.4g R 100.0   2.7   1:55.34 nts	1687831636984
3204364 toao      20   0   18.6g   5.1g   1.4g R 100.0   2.7   1:55.87 nts	1687831637517
3204364 toao      20   0   18.6g   5.1g   1.4g R  94.1   2.7   1:56.03 nts	1687831637675
3204364 toao      20   0   18.6g   5.1g   1.4g R 106.2   2.7   1:56.57 nts	1687831638209
3204364 toao      20   0   18.6g   5.1g   1.4g R 106.2   2.7   1:56.73 nts	1687831638367
3204364 toao      20   0   18.6g   5.1g   1.4g R 100.0   2.7   1:57.25 nts	1687831638898
3204364 toao      20   0   18.6g   5.1g   1.4g R  94.1   2.7   1:57.41 nts	1687831639061
3204364 toao      20   0   18.6g   5.1g   1.4g R 100.0   2.7   1:57.94 nts	1687831639590
3204364 toao      20   0   18.6g   5.1g   1.4g R 100.0   2.7   1:58.12 nts	1687831639754
3204364 toao      20   0   18.6g   5.1g   1.4g R 106.2   2.7   1:58.64 nts	1687831640276
3204364 toao      20   0   18.6g   5.1g   1.4g R 100.0   2.7   1:58.80 nts	1687831640449
3204364 toao      20   0   18.6g   5.1g   1.4g R 106.2   2.7   1:59.33 nts	1687831640969
3204364 toao      20   0   18.6g   5.1g   1.4g R 100.0   2.7   1:59.49 nts	1687831641139
3204364 toao      20   0   18.6g   5.1g   1.4g R 100.0   2.7   2:00.01 nts	1687831641663
3204364 toao      20   0   18.6g   5.1g   1.4g R 100.0   2.7   2:00.18 nts	1687831641832
3204364 toao      20   0   18.6g   5.1g   1.4g R 106.2   2.7   2:00.71 nts	1687831642350
3204364 toao      20   0   18.6g   5.1g   1.4g R 106.2   2.7   2:00.88 nts	1687831642518
3204364 toao      20   0   18.6g   5.1g   1.4g R 100.0   2.7   2:01.40 nts	1687831643040
3204364 toao      20   0   18.6g   5.1g   1.4g R 100.0   2.7   2:01.56 nts	1687831643210
3204364 toao      20   0   18.6g   5.1g   1.4g R  94.1   2.7   2:02.09 nts	1687831643734
3204364 toao      20   0   18.6g   5.1g   1.4g R 100.0   2.7   2:02.26 nts	1687831643901
3204364 toao      20   0   18.6g   5.1g   1.4g R 106.2   2.7   2:02.78 nts	1687831644427
3204364 toao      20   0   18.6g   5.1g   1.4g R 100.0   2.7   2:02.95 nts	1687831644593
3204364 toao      20   0   18.6g   5.1g   1.4g R 100.0   2.7   2:03.47 nts	1687831645116
3204364 toao      20   0   18.6g   5.1g   1.4g R 100.0   2.7   2:03.63 nts	1687831645284
3204364 toao      20   0   18.6g   5.1g   1.4g R 106.2   2.7   2:04.17 nts	1687831645809
3204364 toao      20   0   18.6g   5.1g   1.4g R  94.1   2.7   2:04.32 nts	1687831645966
3204364 toao      20   0   18.6g   5.1g   1.4g R 100.0   2.7   2:04.86 nts	1687831646503
3204364 toao      20   0   18.6g   5.1g   1.4g R 100.0   2.7   2:05.00 nts	1687831646650
3204364 toao      20   0   18.6g   5.1g   1.4g R  94.1   2.7   2:05.54 nts	1687831647195
3204364 toao      20   0   18.6g   5.1g   1.4g R 100.0   2.7   2:05.70 nts	1687831647342
3204364 toao      20   0   18.6g   5.1g   1.4g R 106.2   2.7   2:06.24 nts	1687831647882
3204364 toao      20   0   18.6g   5.1g   1.4g R 100.0   2.7   2:06.39 nts	1687831648035
3204364 toao      20   0   18.6g   5.1g   1.4g R  94.1   2.7   2:06.93 nts	1687831648572
3204364 toao      20   0   18.6g   5.1g   1.4g R  94.1   2.7   2:07.08 nts	1687831648724
3204364 toao      20   0   18.6g   5.1g   1.4g R 106.2   2.7   2:07.63 nts	1687831649266
3204364 toao      20   0   18.6g   5.1g   1.4g R  94.1   2.7   2:07.77 nts	1687831649413
3204364 toao      20   0   18.6g   5.1g   1.4g R 100.0   2.7   2:08.31 nts	1687831649959
3204364 toao      20   0   18.6g   5.1g   1.4g R  94.1   2.7   2:08.46 nts	1687831650106
3204364 toao      20   0   18.6g   5.1g   1.4g R 106.2   2.7   2:09.01 nts	1687831650649
3204364 toao      20   0   18.6g   5.1g   1.4g R 100.0   2.7   2:09.15 nts	1687831650797
3204364 toao      20   0   18.6g   5.1g   1.4g R  94.1   2.7   2:09.70 nts	1687831651341
3204364 toao      20   0   18.6g   5.1g   1.4g R 100.0   2.7   2:09.84 nts	1687831651488
3204364 toao      20   0   18.6g   5.1g   1.4g R 100.0   2.7   2:10.39 nts	1687831652033
3204364 toao      20   0   18.6g   5.1g   1.4g R  94.1   2.7   2:10.54 nts	1687831652183
3204364 toao      20   0   18.6g   5.1g   1.4g R  94.1   2.7   2:11.08 nts	1687831652724
3204364 toao      20   0   18.6g   5.1g   1.4g R  94.1   2.7   2:11.23 nts	1687831652874
3204364 toao      20   0   18.6g   5.1g   1.4g R  94.1   2.7   2:11.77 nts	1687831653412
3204364 toao      20   0   18.6g   5.1g   1.4g R 106.2   2.7   2:11.92 nts	1687831653565
3204364 toao      20   0   18.6g   5.1g   1.4g R 100.0   2.7   2:12.47 nts	1687831654104
3204364 toao      20   0   18.6g   5.1g   1.4g R 106.2   2.7   2:12.61 nts	1687831654258
3204364 toao      20   0   18.6g   5.1g   1.4g R 100.0   2.7   2:13.15 nts	1687831654798
3204364 toao      20   0   18.6g   5.1g   1.4g R 100.0   2.7   2:13.30 nts	1687831654944
3204364 toao      20   0   18.6g   5.1g   1.4g R 106.2   2.7   2:13.85 nts	1687831655489
3204364 toao      20   0   18.6g   5.1g   1.4g R 106.2   2.7   2:13.99 nts	1687831655636
3204364 toao      20   0   18.6g   5.1g   1.4g R 105.9   2.7   2:14.55 nts	1687831656183
3204364 toao      20   0   18.6g   5.1g   1.4g R  94.1   2.7   2:14.68 nts	1687831656324
3204364 toao      20   0   18.6g   5.1g   1.4g R 106.2   2.7   2:15.24 nts	1687831656877
3204364 toao      20   0   18.6g   5.1g   1.4g R  94.1   2.7   2:15.37 nts	1687831657011
3204364 toao      20   0   18.6g   5.1g   1.4g R  94.1   2.7   2:15.93 nts	1687831657571
3204364 toao      20   0   18.6g   5.1g   1.4g R  94.1   2.7   2:16.06 nts	1687831657705
3204364 toao      20   0   18.6g   5.1g   1.4g R 106.2   2.7   2:16.62 nts	1687831658263
3204364 toao      20   0   18.6g   5.1g   1.4g R 106.2   2.7   2:16.76 nts	1687831658396
3204364 toao      20   0   18.6g   5.1g   1.4g R 100.0   2.7   2:17.31 nts	1687831658951
3204364 toao      20   0   18.6g   5.1g   1.4g R 106.2   2.7   2:17.45 nts	1687831659089
3204364 toao      20   0   18.6g   5.1g   1.4g R 100.0   2.7   2:18.00 nts	1687831659640
3204364 toao      20   0   18.6g   5.1g   1.4g R 100.0   2.7   2:18.13 nts	1687831659782
3204364 toao      20   0   18.6g   5.1g   1.4g R 106.2   2.7   2:18.69 nts	1687831660332
3204364 toao      20   0   18.6g   5.1g   1.4g R 106.2   2.7   2:18.83 nts	1687831660468
3204364 toao      20   0   18.6g   5.1g   1.4g R 106.2   2.7   2:19.38 nts	1687831661019
3204364 toao      20   0   18.6g   5.1g   1.4g R 106.2   2.7   2:19.52 nts	1687831661160
3204364 toao      20   0   18.6g   5.1g   1.4g R 106.2   2.7   2:20.07 nts	1687831661711
3204364 toao      20   0   18.6g   5.1g   1.4g R  94.1   2.7   2:20.21 nts	1687831661852
3204364 toao      20   0   18.6g   5.1g   1.4g R 100.0   2.7   2:20.77 nts	1687831662405
3204364 toao      20   0   18.6g   5.1g   1.4g R 100.0   2.7   2:20.91 nts	1687831662545
3204364 toao      20   0   18.6g   5.1g   1.4g R 100.0   2.7   2:21.46 nts	1687831663099
3204364 toao      20   0   18.6g   5.1g   1.4g R 100.0   2.7   2:21.60 nts	1687831663236
3204364 toao      20   0   18.6g   5.1g   1.4g R 100.0   2.7   2:22.15 nts	1687831663789
3204364 toao      20   0   18.6g   5.1g   1.4g R 106.2   2.7   2:22.29 nts	1687831663929
3204364 toao      20   0   18.6g   5.1g   1.4g R  94.1   2.7   2:22.84 nts	1687831664480
3204364 toao      20   0   18.6g   5.1g   1.4g R 106.2   2.7   2:22.98 nts	1687831664621
3204364 toao      20   0   18.6g   5.1g   1.4g R 100.0   2.7   2:23.54 nts	1687831665175
3204364 toao      20   0   18.6g   5.1g   1.4g R  94.1   2.7   2:23.67 nts	1687831665314
3204364 toao      20   0   18.6g   5.1g   1.4g R 100.0   2.7   2:24.22 nts	1687831665869
3204364 toao      20   0   18.6g   5.1g   1.4g R  94.1   2.7   2:24.36 nts	1687831666005
3204364 toao      20   0   18.6g   5.1g   1.4g R 105.9   2.7   2:24.92 nts	1687831666556
3204364 toao      20   0   18.6g   5.1g   1.4g R 106.2   2.7   2:25.06 nts	1687831666696
3204364 toao      20   0   18.6g   5.1g   1.4g R 106.2   2.7   2:25.61 nts	1687831667248
3204364 toao      20   0   18.6g   5.1g   1.4g R  94.1   2.7   2:25.75 nts	1687831667393
3204364 toao      20   0   18.6g   5.1g   1.4g R 100.0   2.7   2:26.30 nts	1687831667940
3204364 toao      20   0   18.6g   5.1g   1.4g R 100.0   2.7   2:26.45 nts	1687831668085
3204364 toao      20   0   18.6g   5.1g   1.4g R 100.0   2.7   2:26.99 nts	1687831668632
3204364 toao      20   0   18.6g   5.1g   1.4g R 106.2   2.7   2:27.13 nts	1687831668776
3204364 toao      20   0   18.6g   5.1g   1.4g R  94.1   2.7   2:27.68 nts	1687831669323
3204364 toao      20   0   18.6g   5.1g   1.4g R 100.0   2.7   2:27.83 nts	1687831669469
3204364 toao      20   0   18.6g   5.1g   1.4g R  94.1   2.7   2:28.37 nts	1687831670014
3204364 toao      20   0   18.6g   5.1g   1.4g R 100.0   2.7   2:28.53 nts	1687831670162
3204364 toao      20   0   18.6g   5.1g   1.4g R 100.0   2.7   2:29.06 nts	1687831670706
3204364 toao      20   0   18.6g   5.1g   1.4g R 100.0   2.7   2:29.21 nts	1687831670856
3204364 toao      20   0   18.6g   5.1g   1.4g R  88.2   2.7   2:29.74 nts	1687831671397
3204364 toao      20   0   18.6g   5.1g   1.4g R 100.0   2.7   2:29.90 nts	1687831671547
3204364 toao      20   0   18.6g   5.1g   1.4g R 106.2   2.7   2:30.44 nts	1687831672077
3204364 toao      20   0   18.6g   5.1g   1.4g R 100.0   2.7   2:30.60 nts	1687831672233
3204364 toao      20   0   18.6g   5.1g   1.4g R  94.1   2.7   2:31.13 nts	1687831672773
3204364 toao      20   0   18.6g   5.1g   1.4g R 100.0   2.7   2:31.29 nts	1687831672927
3204364 toao      20   0   18.6g   5.1g   1.4g R 106.2   2.7   2:31.83 nts	1687831673463
3204364 toao      20   0   18.6g   5.1g   1.4g R 100.0   2.7   2:31.98 nts	1687831673614
3204364 toao      20   0   18.6g   5.1g   1.4g R  94.1   2.7   2:32.51 nts	1687831674153
3204364 toao      20   0   18.6g   5.1g   1.4g R 106.2   2.7   2:32.68 nts	1687831674310
3204364 toao      20   0   18.6g   5.1g   1.4g R 100.0   2.7   2:33.21 nts	1687831674842
3204364 toao      20   0   18.6g   5.1g   1.4g R  94.1   2.7   2:33.37 nts	1687831675005
3204364 toao      20   0   18.6g   5.1g   1.4g R  94.1   2.7   2:33.89 nts	1687831675534
3204364 toao      20   0   18.6g   5.1g   1.4g R 100.0   2.7   2:34.05 nts	1687831675696
3204364 toao      20   0   18.6g   5.1g   1.4g R 100.0   2.7   2:34.58 nts	1687831676225
3204364 toao      20   0   18.6g   5.1g   1.4g R  94.1   2.7   2:34.74 nts	1687831676384
3204364 toao      20   0   18.6g   5.1g   1.4g R 100.0   2.7   2:35.27 nts	1687831676916
3204364 toao      20   0   18.6g   5.1g   1.4g R 100.0   2.7   2:35.43 nts	1687831677072
3204364 toao      20   0   18.6g   5.1g   1.4g R 100.0   2.7   2:35.96 nts	1687831677601
3204364 toao      20   0   18.6g   5.1g   1.4g R 100.0   2.7   2:36.12 nts	1687831677762
3204364 toao      20   0   18.6g   5.1g   1.4g R 100.0   2.7   2:36.66 nts	1687831678293
3204364 toao      20   0   18.6g   5.1g   1.4g R 100.0   2.7   2:36.82 nts	1687831678453
3204364 toao      20   0   18.6g   5.1g   1.4g R  94.1   2.7   2:37.34 nts	1687831678984
3204364 toao      20   0   18.6g   5.1g   1.4g R 100.0   2.7   2:37.51 nts	1687831679145
3204364 toao      20   0   18.6g   5.1g   1.4g R 106.2   2.7   2:38.03 nts	1687831679673
3204364 toao      20   0   18.6g   5.1g   1.4g R 100.0   2.7   2:38.20 nts	1687831679839
3204364 toao      20   0   18.6g   5.1g   1.4g R 100.0   2.7   2:38.72 nts	1687831680359
3204364 toao      20   0   18.6g   5.1g   1.4g R 100.0   2.7   2:38.90 nts	1687831680533
3204364 toao      20   0   18.6g   5.1g   1.4g R 106.2   2.7   2:39.42 nts	1687831681050
3204364 toao      20   0   18.6g   5.1g   1.4g R  94.1   2.7   2:39.58 nts	1687831681225
3204364 toao      20   0   18.6g   5.1g   1.4g R 100.0   2.7   2:40.11 nts	1687831681743
3204364 toao      20   0   18.6g   5.1g   1.4g R 100.0   2.7   2:40.28 nts	1687831681917
3204364 toao      20   0   18.6g   5.1g   1.4g R 100.0   2.7   2:40.80 nts	1687831682433
3204364 toao      20   0   18.6g   5.1g   1.4g R 106.2   2.7   2:40.97 nts	1687831682608
3204364 toao      20   0   18.6g   5.1g   1.4g R  94.1   2.7   2:41.47 nts	1687831683123
3204364 toao      20   0   18.7g   5.1g   1.4g R  1712   2.7   2:44.22 nts	1687831683300
3204364 toao      20   0   20.7g   5.1g   1.4g S  2181   2.7   2:49.36 nts	1687831683814
3204364 toao      20   0   20.7g   5.1g   1.4g R  1519   2.7   2:51.80 nts	1687831683988
3204364 toao      20   0   20.8g   5.2g   1.4g S  1994   2.8   2:57.13 nts	1687831684506
3204364 toao      20   0   20.8g   5.2g   1.4g R  1544   2.8   2:59.59 nts	1687831684668
3204364 toao      20   0   20.8g   5.2g   1.4g S  1994   2.8   3:04.98 nts	1687831685190
3204364 toao      20   0   20.8g   5.2g   1.4g R  1441   2.8   3:07.43 nts	1687831685345
3204364 toao      20   0   20.8g   5.2g   1.4g S  2019   2.8   3:12.70 nts	1687831685867
3204364 toao      20   0   20.8g   5.2g   1.4g S  1731   2.8   3:15.49 nts	1687831686032
3204364 toao      20   0   20.8g   5.2g   1.4g R  1000   2.8   3:20.50 nts	1687831686560
3204364 toao      20   0   20.8g   5.2g   1.4g R  1775   2.8   3:23.19 nts	1687831686720
3204364 toao      20   0   20.8g   5.2g   1.4g R  1859   2.8   3:28.11 nts	1687831687245
3204364 toao      20   0   20.8g   5.2g   1.4g R  1869   2.8   3:31.06 nts	1687831687404
3204364 toao      20   0   20.8g   5.2g   1.4g S  2100   2.8   3:36.00 nts	1687831687932
3204364 toao      20   0   20.8g   5.2g   1.4g S  1594   2.8   3:38.54 nts	1687831688089
3204364 toao      20   0   20.8g   5.2g   1.4g R  1482   2.8   3:44.54 nts	1687831688631
3204364 toao      20   0   20.8g   5.2g   1.4g R  1625   2.8   3:46.73 nts	1687831688768
3204364 toao      20   0   20.8g   5.2g   1.4g S  1641   2.8   3:53.10 nts	1687831689314
3204364 toao      20   0   20.8g   5.2g   1.4g S 693.8   2.8   3:53.70 nts	1687831689453
3204364 toao      20   0   20.8g   5.2g   1.4g R  1606   2.8   4:00.99 nts	1687831690001
3204364 toao      20   0   20.8g   5.2g   1.4g R 393.8   2.8   4:01.47 nts	1687831690137
3204364 toao      20   0   20.8g   5.2g   1.4g R  1800   2.8   4:10.69 nts	1687831690700
3204364 toao      20   0   20.8g   5.2g   1.4g R 525.0   2.8   4:11.20 nts	1687831690831
3204364 toao      20   0   20.8g   5.2g   1.4g R  2119   2.8   4:18.80 nts	1687831691387
3204364 toao      20   0   20.8g   5.2g   1.4g S 593.8   2.8   4:19.22 nts	1687831691519
3204364 toao      20   0   20.8g   5.2g   1.4g S 982.4   2.8   4:25.78 nts	1687831692073
3204364 toao      20   0   20.8g   5.2g   1.4g S 188.2   2.8   4:26.03 nts	1687831692205
3204364 toao      20   0   20.8g   5.2g   1.4g S 275.0   2.8   4:32.78 nts	1687831692763
3204364 toao      20   0   20.8g   5.2g   1.4g R 331.2   2.8   4:33.23 nts	1687831692890
3204364 toao      20   0   20.8g   5.2g   1.4g R 200.0   2.8   4:40.56 nts	1687831693449
3204364 toao      20   0   20.8g   5.2g   1.4g R 262.5   2.8   4:40.93 nts	1687831693577
3204364 toao      20   0   20.8g   5.2g   1.4g R 156.2   2.8   4:48.23 nts	1687831694135
3204364 toao      20   0   20.8g   5.2g   1.4g R 268.8   2.8   4:48.62 nts	1687831694253
3204364 toao      20   0   20.8g   5.2g   1.4g R 156.2   2.8   4:55.97 nts	1687831694816
3204364 toao      20   0   20.8g   5.2g   1.4g R 462.5   2.8   4:56.66 nts	1687831694937
3204364 toao      20   0   20.8g   5.2g   1.4g R 305.9   2.8   5:02.87 nts	1687831695504
3204364 toao      20   0   20.8g   5.2g   1.4g S  2144   2.8   5:05.98 nts	1687831695632
3204364 toao      20   0   20.8g   5.2g   1.4g R 241.2   2.8   5:10.54 nts	1687831696184
3204364 toao      20   0   20.8g   5.2g   1.4g S  2000   2.8   5:13.80 nts	1687831696311
3204364 toao      20   0   20.8g   5.2g   1.4g S 175.0   2.8   5:18.18 nts	1687831696869
3204364 toao      20   0   20.8g   5.2g   1.4g R  1394   2.8   5:20.38 nts	1687831696996
3204364 toao      20   0   20.8g   5.2g   1.4g R 112.5   2.8   5:26.11 nts	1687831697551
3204364 toao      20   0   20.8g   5.2g   1.4g R  1925   2.8   5:29.18 nts	1687831697699
3204364 toao      20   0   20.8g   5.2g   1.4g R 882.4   2.8   5:34.24 nts	1687831698232
3204364 toao      20   0   20.8g   5.2g   1.4g S  1425   2.8   5:36.17 nts	1687831698400
3204364 toao      20   0   20.8g   5.2g   1.4g R 356.2   2.8   5:40.77 nts	1687831698964
3204364 toao      20   0   20.8g   5.2g   1.4g S  2047   2.8   5:44.07 nts	1687831699086
3204364 toao      20   0   20.8g   5.2g   1.4g R  1788   2.8   5:50.30 nts	1687831699652
3204364 toao      20   0   20.8g   5.2g   1.4g R  1478   2.8   5:52.54 nts	1687831699780
3204364 toao      20   0   20.8g   5.2g   1.4g S  2075   2.8   5:58.43 nts	1687831700344
3204364 toao      20   0   20.8g   5.2g   1.4g R  1575   2.8   6:00.69 nts	1687831700480
3204364 toao      20   0   20.8g   5.2g   1.4g R  1906   2.8   6:06.03 nts	1687831701021
3204364 toao      20   0   20.8g   5.2g   1.4g R 712.5   2.8   6:07.16 nts	1687831701173
3204364 toao      20   0   20.8g   5.2g   1.4g R 262.5   2.8   6:11.41 nts	1687831701701
3204364 toao      20   0   20.8g   5.2g   1.4g S  2018   2.8   6:14.84 nts	1687831701855
3204364 toao      20   0   20.8g   5.2g   1.4g R 275.0   2.8   6:19.37 nts	1687831702377
3204364 toao      20   0   20.8g   5.2g   1.4g R  1947   2.8   6:22.68 nts	1687831702536
3204364 toao      20   0   20.8g   5.2g   1.4g R 750.0   2.8   6:27.87 nts	1687831703066
3204364 toao      20   0   20.8g   5.2g   1.4g R  2059   2.8   6:31.37 nts	1687831703224
3204364 toao      20   0   20.8g   5.2g   1.4g S  2025   2.8   6:36.99 nts	1687831703766
3204364 toao      20   0   20.8g   5.2g   1.4g S  1631   2.8   6:39.59 nts	1687831703912
3204364 toao      20   0   20.8g   5.2g   1.4g S  1600   2.8   6:45.53 nts	1687831704456
3204364 toao      20   0   20.8g   5.2g   1.4g S 858.8   2.8   6:46.53 nts	1687831704593
3204364 toao      20   0   20.8g   5.2g   1.4g S  1147   2.8   6:52.93 nts	1687831705145
3204364 toao      20   0   20.8g   5.2g   1.4g S 206.2   2.8   6:53.21 nts	1687831705282
3204364 toao      20   0   20.8g   5.2g   1.4g S 362.5   2.8   6:59.69 nts	1687831705829
3204364 toao      20   0   20.8g   5.2g   1.4g R 323.5   2.8   7:00.19 nts	1687831705965
3204364 toao      20   0   20.8g   5.2g   1.4g R 235.3   2.8   7:07.53 nts	1687831706509
3204364 toao      20   0   20.8g   5.2g   1.4g R 300.0   2.8   7:07.98 nts	1687831706646
3204364 toao      20   0   20.8g   5.2g   1.4g S 175.0   2.8   7:14.36 nts	1687831707200
3204364 toao      20   0   20.8g   5.2g   1.4g R  1475   2.8   7:16.69 nts	1687831707329
3204364 toao      20   0   20.8g   5.2g   1.4g R 587.5   2.8   7:22.01 nts	1687831707888
3204364 toao      20   0   20.8g   5.2g   1.4g R  2006   2.8   7:24.72 nts	1687831708034
3204364 toao      20   0   20.8g   5.2g   1.4g R 156.2   2.8   7:29.78 nts	1687831708579
3204364 toao      20   0   20.8g   5.2g   1.4g R 712.5   2.8   7:30.91 nts	1687831708724
3204364 toao      20   0   20.8g   5.2g   1.4g R 325.0   2.8   7:36.84 nts	1687831709258
3204364 toao      20   0   20.8g   5.2g   1.4g R  2262   2.8   7:40.46 nts	1687831709428
3204364 toao      20   0   47.6g   6.4g   2.5g R 194.1   3.4   7:42.88 nts	1687831709944
3204364 toao      20   0   48.5g   6.7g   2.9g S 200.0   3.6   7:43.23 nts	1687831710112
3204364 toao      20   0   54.8g   6.9g   2.9g S  1606   3.7   7:50.50 nts	1687831710633
3204364 toao      20   0   54.8g   6.9g   2.9g S  1419   3.7   7:52.88 nts	1687831710802
3204364 toao      20   0   55.3g   6.9g   2.9g S  1441   3.7   8:00.47 nts	1687831711315
3204364 toao      20   0   55.3g   6.9g   2.9g S  1669   3.7   8:03.18 nts	1687831711492
3204364 toao      20   0   55.3g   6.9g   2.9g S  1306   3.7   8:10.78 nts	1687831712020
3204364 toao      20   0   55.3g   6.9g   2.9g S  1488   3.7   8:13.16 nts	1687831712179
3204364 toao      20   0   55.3g   6.9g   2.9g S  1476   3.7   8:21.12 nts	1687831712702
3204364 toao      20   0   55.3g   6.9g   2.9g S  1500   3.7   8:23.85 nts	1687831712882
3204364 toao      20   0   55.3g   6.9g   2.9g S  1382   3.7   8:31.71 nts	1687831713409
3204364 toao      20   0   55.3g   6.9g   2.9g S  1072   3.7   8:34.04 nts	1687831713584
3204364 toao      20   0   60.3g   6.9g   2.9g S  1435   3.7   8:41.95 nts	1687831714105
3204364 toao      20   0   61.6g   6.9g   2.9g S  1662   3.7   8:44.62 nts	1687831714272
3204364 toao      20   0   61.6g   6.9g   2.9g S  1494   3.7   8:52.15 nts	1687831714791
3204364 toao      20   0   61.7g   6.9g   2.9g S  1550   3.7   8:54.63 nts	1687831714959
3204364 toao      20   0   61.8g   6.9g   2.9g S  1650   3.7   9:02.75 nts	1687831715482
3204364 toao      20   0   61.8g   6.9g   2.9g S  1381   3.7   9:05.10 nts	1687831715655
3204364 toao      20   0   61.8g   6.9g   2.9g S  1571   3.7   9:13.06 nts	1687831716173
3204364 toao      20   0   61.8g   6.9g   2.9g S  1559   3.7   9:15.78 nts	1687831716351
3204364 toao      20   0   61.8g   6.9g   2.9g S  1444   3.7   9:23.51 nts	1687831716864
3204364 toao      20   0   61.8g   6.9g   2.9g S  1519   3.7   9:25.94 nts	1687831717038
3204364 toao      20   0   61.8g   6.9g   2.9g S  1518   3.7   9:34.10 nts	1687831717565
3204364 toao      20   0   60.6g   6.9g   2.9g S  1559   3.7   9:36.78 nts	1687831717731
3204364 toao      20   0   61.8g   6.9g   2.9g S  1112   3.7   9:44.25 nts	1687831718257
3204364 toao      20   0   61.8g   6.9g   2.9g S  1656   3.7   9:46.76 nts	1687831718420
3204364 toao      20   0   61.8g   6.9g   2.9g S  1550   3.7   9:54.80 nts	1687831718949
3204364 toao      20   0   61.8g   6.9g   2.9g S  1424   3.7   9:56.99 nts	1687831719105
3204364 toao      20   0   61.8g   6.9g   2.9g S  1638   3.7  10:05.04 nts	1687831719641
3204364 toao      20   0   61.8g   6.9g   2.9g S  1394   3.7  10:07.24 nts	1687831719798
3204364 toao      20   0   61.8g   6.9g   2.9g S  1569   3.7  10:15.21 nts	1687831720327
3204364 toao      20   0   61.8g   6.9g   2.9g S  1453   3.7  10:17.69 nts	1687831720492
3204364 toao      20   0   61.8g   6.9g   2.9g S  1518   3.7  10:25.86 nts	1687831721016
3204364 toao      20   0   61.8g   6.9g   2.9g S  1211   3.7  10:28.25 nts	1687831721189
3204364 toao      20   0   61.2g   6.9g   2.9g S  1612   3.7  10:36.11 nts	1687831721704
3204364 toao      20   0   61.2g   6.9g   2.9g S  1565   3.7  10:38.86 nts	1687831721886
3204364 toao      20   0   61.8g   6.9g   2.9g S  1553   3.7  10:46.61 nts	1687831722396
3204364 toao      20   0   61.8g   6.9g   2.9g S  1218   3.7  10:49.22 nts	1687831722584
3204364 toao      20   0   61.8g   6.9g   2.9g S  1419   3.7  10:56.57 nts	1687831723087
3204364 toao      20   0   61.8g   6.9g   2.9g S  1612   3.7  10:59.86 nts	1687831723276
3204364 toao      20   0   61.8g   6.9g   2.9g S  1476   3.7  11:07.01 nts	1687831723774
3204364 toao      20   0   61.8g   6.9g   2.9g S  1429   3.7  11:09.86 nts	1687831723975
3204364 toao      20   0   61.8g   6.9g   2.9g S  1317   3.7  11:17.61 nts	1687831724479
3204364 toao      20   0   61.8g   6.9g   2.9g S  1600   3.7  11:20.60 nts	1687831724667
3204364 toao      20   0   60.0g   6.9g   2.9g S  1441   3.7  11:27.85 nts	1687831725161
3204364 toao      20   0   61.2g   6.9g   2.9g S  1512   3.7  11:30.65 nts	1687831725352
3204364 toao      20   0   61.2g   6.9g   2.9g S  1369   3.7  11:38.24 nts	1687831725854
3204364 toao      20   0   61.2g   6.9g   2.9g S  1631   3.7  11:41.54 nts	1687831726048
3204364 toao      20   0   61.8g   6.9g   2.9g S  1669   3.7  11:48.75 nts	1687831726540
3204364 toao      20   0   61.8g   6.9g   2.9g S  1644   3.7  11:51.61 nts	1687831726742
3204364 toao      20   0   61.8g   6.9g   2.9g S  1638   3.7  11:59.01 nts	1687831727230
3204364 toao      20   0   61.8g   6.9g   2.9g S  1400   3.7  12:02.29 nts	1687831727433
3204364 toao      20   0   61.8g   6.9g   2.9g S  1706   3.7  12:09.68 nts	1687831727919
3204364 toao      20   0   61.8g   6.9g   2.9g S  1688   3.7  12:12.67 nts	1687831728136
3204364 toao      20   0   61.8g   6.9g   2.9g S  1600   3.7  12:19.79 nts	1687831728614
3204364 toao      20   0   59.9g   6.9g   2.9g S  1376   3.7  12:23.22 nts	1687831728840
3204364 toao      20   0   61.8g   6.9g   2.9g S  1675   3.7  12:30.65 nts	1687831729308
3204364 toao      20   0   61.8g   6.9g   2.9g S  1681   3.7  12:33.62 nts	1687831729521
3204364 toao      20   0   61.8g   6.9g   2.9g S  1575   3.7  12:40.73 nts	1687831729998
3204364 toao      20   0   61.8g   6.9g   2.9g S  1544   3.7  12:43.68 nts	1687831730204
3204364 toao      20   0   61.8g   6.9g   2.9g S  1382   3.7  12:50.95 nts	1687831730686
3204364 toao      20   0   61.8g   6.9g   2.9g S  1429   3.7  12:54.35 nts	1687831730896
3204364 toao      20   0   61.8g   6.9g   2.9g S  1612   3.7  13:01.81 nts	1687831731372
3204364 toao      20   0   61.8g   6.9g   2.9g S  1669   3.7  13:04.72 nts	1687831731581
3204364 toao      20   0   61.8g   6.9g   2.9g S  1161   3.7  13:12.20 nts	1687831732084
3204364 toao      20   0   61.8g   6.9g   2.9g S  1588   3.7  13:15.51 nts	1687831732274
3204364 toao      20   0   61.2g   6.9g   2.9g S  1631   3.7  13:22.71 nts	1687831732766
3204364 toao      20   0   61.2g   6.9g   2.9g S  1669   3.7  13:25.52 nts	1687831732958
3204364 toao      20   0   61.8g   6.9g   2.9g S  1371   3.7  13:32.92 nts	1687831733463
3204364 toao      20   0   61.8g   6.9g   2.9g S  1441   3.7  13:35.66 nts	1687831733646
3204364 toao      20   0   61.8g   6.9g   2.9g S  1559   3.7  13:43.81 nts	1687831734155
3204364 toao      20   0   61.8g   6.9g   2.9g S  1381   3.7  13:46.11 nts	1687831734334
3204364 toao      20   0   61.8g   6.9g   2.9g S  1600   3.7  13:54.13 nts	1687831734851
3204364 toao      20   0   61.8g   6.9g   2.9g S  1675   3.7  13:56.78 nts	1687831735023
3204364 toao      20   0   62.0g   6.9g   2.9g S  1388   3.7  14:04.86 nts	1687831735556
3204364 toao      20   0   61.8g   6.9g   2.9g S  1612   3.7  14:06.97 nts	1687831735709
3204364 toao      20   0   59.4g   6.9g   2.9g S  1547   3.7  14:15.37 nts	1687831736248
3204364 toao      20   0   60.6g   6.9g   2.9g S  1547   3.7  14:17.95 nts	1687831736401
3204364 toao      20   0   61.8g   6.9g   2.9g S  1606   3.7  14:26.10 nts	1687831736941
3204364 toao      20   0   61.8g   6.9g   2.9g S  1576   3.7  14:29.00 nts	1687831737112
3204364 toao      20   0   61.8g   6.9g   2.9g S  1656   3.7  14:36.34 nts	1687831737629
3204364 toao      20   0   61.8g   6.9g   2.9g S  1553   3.7  14:39.12 nts	1687831737814
3204364 toao      20   0   61.8g   6.9g   2.9g S  1388   3.7  14:46.48 nts	1687831738315
3204364 toao      20   0   61.8g   6.9g   2.9g S  1476   3.7  14:49.51 nts	1687831738504
3204364 toao      20   0   61.8g   6.9g   2.9g S  1438   3.7  14:56.75 nts	1687831739013
3204364 toao      20   0   61.8g   6.9g   2.9g S  1644   3.7  14:59.95 nts	1687831739206
3204364 toao      20   0   61.8g   6.9g   2.9g S  1471   3.7  15:07.40 nts	1687831739695
3204364 toao      20   0   61.8g   6.9g   2.9g S  1656   3.7  15:10.73 nts	1687831739899
3204364 toao      20   0   61.8g   6.9g   2.9g S  1538   3.7  15:17.74 nts	1687831740397
3204364 toao      20   0   61.8g   6.9g   2.9g S  1441   3.7  15:20.52 nts	1687831740597
3204364 toao      20   0   61.8g   6.9g   2.9g S  1453   3.7  15:27.82 nts	1687831741085
3204364 toao      20   0   61.8g   6.9g   2.9g S  1625   3.7  15:30.76 nts	1687831741280
3204364 toao      20   0   61.8g   6.9g   2.9g S  1276   3.7  15:38.09 nts	1687831741775
3204364 toao      20   0   61.8g   6.9g   2.9g S  1500   3.7  15:41.41 nts	1687831741974
3204364 toao      20   0   61.8g   6.9g   2.9g S  1606   3.7  15:48.81 nts	1687831742478
3204364 toao      20   0   61.8g   6.9g   2.9g S  1453   3.7  15:51.58 nts	1687831742660
3204364 toao      20   0   61.8g   6.9g   2.9g S  1469   3.7  15:59.39 nts	1687831743167
3204364 toao      20   0   61.8g   6.9g   2.9g S  1331   3.7  16:01.99 nts	1687831743356
3204364 toao      20   0   60.6g   6.9g   2.9g S  1400   3.7  16:09.68 nts	1687831743858
3204364 toao      20   0   61.2g   6.9g   2.9g S  1675   3.7  16:12.42 nts	1687831744039
3204364 toao      20   0   61.5g   6.9g   2.9g S  1253   3.7  16:19.98 nts	1687831744556
3204364 toao      20   0   61.2g   6.9g   2.9g S  1412   3.7  16:22.61 nts	1687831744730
3204364 toao      20   0   61.8g   6.9g   2.9g S  1675   3.7  16:30.70 nts	1687831745248
3204364 toao      20   0   61.8g   6.9g   2.9g S  1524   3.7  16:33.37 nts	1687831745421
3204364 toao      20   0   61.8g   6.9g   2.9g S  1562   3.7  16:40.83 nts	1687831745937
3204364 toao      20   0   61.8g   6.9g   2.9g S  1588   3.7  16:43.80 nts	1687831746117
3204364 toao      20   0   61.8g   6.9g   2.9g S  1565   3.7  16:51.78 nts	1687831746625
3204364 toao      20   0   61.8g   6.9g   2.9g S  1547   3.7  16:54.56 nts	1687831746811
3204364 toao      20   0   61.8g   6.9g   2.9g S  1506   3.7  17:01.82 nts	1687831747312
3204364 toao      20   0   58.1g   6.9g   3.0g R 694.1   3.7  17:03.12 nts	1687831747504
3204364 toao      20   0       0      0      0 Z  81.2   0.0  17:03.58 nts	1687831748007
3204364 toao      20   0       0      0      0 Z 100.0   0.0  17:03.77 nts	1687831748204
