1235749 toao      20   0 2566068  98052  68048 R  94.1   0.0   0:00.17 nts	1688028870163
1235749 toao      20   0 5311784 229192 114536 R  3131   0.1   0:13.78 nts	1688028870868
1235749 toao      20   0 5311784 229192 114536 R  2994   0.1   0:35.22 nts	1688028871562
1235749 toao      20   0 5495888 358308 114724 R 206.2   0.2   0:37.25 nts	1688028872242
1235749 toao      20   0 5495888 369924 114724 R 206.2   0.2   0:38.62 nts	1688028872927
1235749 toao      20   0 5495888 379164 114724 R 212.5   0.2   0:39.98 nts	1688028873613
1235749 toao      20   0 5495888 382332 114724 R 193.8   0.2   0:41.33 nts	1688028874300
1235749 toao      20   0 5495888 382332 114724 R 206.2   0.2   0:42.71 nts	1688028874982
1235749 toao      20   0 5495888 382332 114724 R 212.5   0.2   0:44.08 nts	1688028875669
1235749 toao      20   0 5495888 382332 114724 R 200.0   0.2   0:45.44 nts	1688028876357
1235749 toao      20   0 5495888 382332 114724 R 188.2   0.2   0:46.81 nts	1688028877043
1235749 toao      20   0 5495888 382332 114724 R 206.2   0.2   0:48.18 nts	1688028877731
1235749 toao      20   0 5495888 382332 114724 R 212.5   0.2   0:49.55 nts	1688028878420
1235749 toao      20   0 5495888 382332 114724 R 212.5   0.2   0:50.92 nts	1688028879107
1235749 toao      20   0 5495888 382332 114724 R 200.0   0.2   0:52.28 nts	1688028879796
1235749 toao      20   0 5495888 382332 114724 R 206.2   0.2   0:53.65 nts	1688028880482
1235749 toao      20   0 5495888 382332 114724 R 206.2   0.2   0:55.02 nts	1688028881167
1235749 toao      20   0 5495888 382332 114724 R 206.2   0.2   0:56.39 nts	1688028881856
1235749 toao      20   0 5495888 382332 114724 R 206.2   0.2   0:57.76 nts	1688028882545
1235749 toao      20   0 5495888 382332 114724 R 206.2   0.2   0:59.13 nts	1688028883233
1235749 toao      20   0 5495888 382332 114724 R 212.5   0.2   1:00.50 nts	1688028883920
1235749 toao      20   0 5495888 382332 114724 R 206.2   0.2   1:01.86 nts	1688028884608
1235749 toao      20   0 5495888 382332 114724 R 206.2   0.2   1:03.23 nts	1688028885297
1235749 toao      20   0 5495888 382332 114724 R 206.2   0.2   1:04.60 nts	1688028885987
1235749 toao      20   0 5495888 383124 114724 R 200.0   0.2   1:05.97 nts	1688028886677
1235749 toao      20   0 5495888 384180 114724 R 200.0   0.2   1:07.35 nts	1688028887365
1235749 toao      20   0 5495888 385500 114724 R 200.0   0.2   1:08.71 nts	1688028888053
1235749 toao      20   0 5495888 386556 114724 R 200.0   0.2   1:10.08 nts	1688028888740
1235749 toao      20   0 5495888 387876 114724 R 212.5   0.2   1:11.46 nts	1688028889428
1235749 toao      20   0 5495888 388932 114724 R 206.2   0.2   1:12.82 nts	1688028890116
1235749 toao      20   0 5495888 389988 114724 R 194.1   0.2   1:14.20 nts	1688028890803
1235749 toao      20   0 5495888 391044 114724 R 206.2   0.2   1:15.56 nts	1688028891492
1235749 toao      20   0 5495888 391836 114724 R 206.2   0.2   1:16.93 nts	1688028892181
1235749 toao      20   0 7220088   1.0g 114848 R  1156   0.6   1:20.86 nts	1688028892866
1235749 toao      20   0 7220088   1.1g 114848 R 981.2   0.6   1:28.09 nts	1688028893547
1235749 toao      20   0 7220088   1.1g 114848 R  1088   0.6   1:36.20 nts	1688028894230
1235749 toao      20   0 7220088   1.1g 114848 R  1194   0.6   1:43.97 nts	1688028894918
1235749 toao      20   0 7220088   1.1g 114848 R  1388   0.6   1:52.68 nts	1688028895599
1235749 toao      20   0 7220088   1.1g 114848 R  1131   0.6   2:00.31 nts	1688028896284
1235749 toao      20   0 7220088   1.2g 114848 R  1138   0.6   2:08.08 nts	1688028896960
1235749 toao      20   0 7220088   1.2g 114848 R  1112   0.6   2:16.01 nts	1688028897653
1235749 toao      20   0 7220088   1.3g 114848 R  1125   0.7   2:23.64 nts	1688028898333
1235749 toao      20   0 7220088   1.3g 114848 R  1525   0.7   2:31.85 nts	1688028899012
1235749 toao      20   0 8150924   1.3g 114880 R 193.8   0.7   2:37.09 nts	1688028899695
1235749 toao      20   0 8150924   1.3g 114880 R 200.0   0.7   2:38.44 nts	1688028900380
1235749 toao      20   0 8150924   1.3g 114880 R 194.1   0.7   2:39.82 nts	1688028901062
1235749 toao      20   0 8150924   1.4g 114880 R 212.5   0.7   2:41.19 nts	1688028901751
1235749 toao      20   0 8150924   1.4g 114880 R 200.0   0.7   2:42.56 nts	1688028902440
1235749 toao      20   0 8150924   1.4g 114880 R 206.2   0.7   2:43.93 nts	1688028903126
1235749 toao      20   0 8150924   1.4g 114880 R 206.2   0.7   2:45.30 nts	1688028903816
1235749 toao      20   0 8150924   1.4g 114880 R 194.1   0.7   2:46.67 nts	1688028904504
1235749 toao      20   0 8150924   1.4g 114880 R 206.2   0.7   2:48.04 nts	1688028905192
1235749 toao      20   0 8150924   1.4g 114880 R 200.0   0.7   2:49.39 nts	1688028905880
1235749 toao      20   0 8150924   1.4g 114880 R 194.1   0.7   2:50.77 nts	1688028906565
1235749 toao      20   0 8150924   1.4g 114880 R 206.2   0.7   2:52.14 nts	1688028907252
1235749 toao      20   0 8150924   1.4g 114880 R 206.2   0.7   2:53.50 nts	1688028907937
1235749 toao      20   0 8150924   1.4g 114880 R 188.2   0.7   2:54.86 nts	1688028908624
1235749 toao      20   0 8150924   1.4g 114880 R 206.2   0.7   2:56.24 nts	1688028909309
1235749 toao      20   0 8150924   1.4g 114880 R 200.0   0.7   2:57.60 nts	1688028909999
1235749 toao      20   0 8150924   1.4g 114880 R 206.2   0.7   2:58.97 nts	1688028910687
1235749 toao      20   0 8150924   1.4g 114880 R 194.1   0.7   3:00.34 nts	1688028911375
1235749 toao      20   0 8150924   1.4g 114880 R 200.0   0.7   3:01.72 nts	1688028912063
1235749 toao      20   0 8150924   1.4g 114880 R 200.0   0.7   3:03.08 nts	1688028912752
1235749 toao      20   0 8150924   1.4g 114880 R 200.0   0.7   3:04.45 nts	1688028913439
1235749 toao      20   0 8150924   1.4g 114880 R 200.0   0.7   3:05.81 nts	1688028914125
1235749 toao      20   0 8150924   1.4g 114880 R 200.0   0.7   3:07.17 nts	1688028914809
1235749 toao      20   0 8150924   1.4g 114880 R 206.2   0.7   3:08.55 nts	1688028915496
1235749 toao      20   0 8150924   1.4g 114880 R 194.1   0.7   3:09.92 nts	1688028916184
1235749 toao      20   0 8150924   1.4g 114880 R 206.2   0.7   3:11.28 nts	1688028916871
1235749 toao      20   0 8150924   1.4g 114880 R 206.2   0.7   3:12.65 nts	1688028917559
1235749 toao      20   0 8150924   1.4g 114880 R 200.0   0.7   3:14.02 nts	1688028918248
1235749 toao      20   0 8150924   1.4g 114880 R 212.5   0.7   3:15.40 nts	1688028918935
1235749 toao      20   0 8150924   1.4g 114880 R 194.1   0.7   3:16.76 nts	1688028919624
1235749 toao      20   0 8150924   1.4g 114880 R 206.2   0.7   3:18.13 nts	1688028920311
1235749 toao      20   0 8150924   1.4g 114880 R 206.2   0.7   3:19.51 nts	1688028920998
1235749 toao      20   0 8150924   1.4g 114880 R 200.0   0.7   3:20.86 nts	1688028921687
1235749 toao      20   0 9845872   1.5g 114880 R 681.2   0.8   3:23.18 nts	1688028922373
1235749 toao      20   0 9845872   1.6g 114880 R  2119   0.9   3:32.07 nts	1688028923062
1235749 toao      20   0 9845872   1.7g 114880 R  1669   0.9   3:43.85 nts	1688028923745
1235749 toao      20   0 9845872   1.8g 114880 R 762.5   1.0   3:51.51 nts	1688028924429
1235749 toao      20   0 9845872   1.9g 114880 R 600.0   1.0   3:55.74 nts	1688028925111
1235749 toao      20   0 9845872   2.0g 114880 R 587.5   1.1   3:59.44 nts	1688028925793
1235749 toao      20   0 9845872   2.1g 114880 R 547.1   1.1   4:03.42 nts	1688028926481
1235749 toao      20   0 9845872   2.2g 114880 R 612.5   1.2   4:07.62 nts	1688028927179
1235749 toao      20   0 9845872   2.3g 114880 R 600.0   1.2   4:11.60 nts	1688028927868
1235749 toao      20   0   10.6g   2.4g 114880 R 106.2   1.3   4:14.34 nts	1688028928553
1235749 toao      20   0   10.6g   2.4g 114880 R 106.2   1.3   4:15.02 nts	1688028929239
1235749 toao      20   0   10.6g   2.4g 114880 R 106.2   1.3   4:15.71 nts	1688028929931
1235749 toao      20   0   10.6g   2.4g 114880 R 100.0   1.3   4:16.40 nts	1688028930620
1235749 toao      20   0   10.6g   2.4g 114880 R 106.2   1.3   4:17.09 nts	1688028931308
1235749 toao      20   0   10.6g   2.4g 114880 R 106.2   1.3   4:17.78 nts	1688028931996
1235749 toao      20   0   10.6g   2.4g 114880 R 100.0   1.3   4:18.47 nts	1688028932683
1235749 toao      20   0   10.6g   2.4g 114880 R 100.0   1.3   4:19.15 nts	1688028933371
1235749 toao      20   0   11.6g   3.0g 114880 R 106.2   1.6   4:19.85 nts	1688028934060
1235749 toao      20   0   11.6g   3.1g 114880 R 106.2   1.6   4:20.54 nts	1688028934752
1235749 toao      20   0   11.6g   3.1g 114880 R 100.0   1.7   4:21.22 nts	1688028935440
1235749 toao      20   0   11.6g   3.1g 114880 R 106.2   1.7   4:21.91 nts	1688028936128
1235749 toao      20   0   11.6g   3.1g 114880 R 106.2   1.7   4:22.60 nts	1688028936816
1235749 toao      20   0   11.6g   3.1g 114880 R  94.1   1.7   4:23.28 nts	1688028937504
1235749 toao      20   0   11.6g   3.1g 114880 R 100.0   1.7   4:23.97 nts	1688028938192
1235749 toao      20   0   11.6g   3.1g 114880 R 100.0   1.7   4:24.66 nts	1688028938880
1235749 toao      20   0   11.6g   3.1g 114880 R 100.0   1.7   4:25.35 nts	1688028939568
1235749 toao      20   0   11.6g   3.1g 114880 R 106.2   1.7   4:26.04 nts	1688028940256
1235749 toao      20   0   11.6g   3.1g 114880 R  94.1   1.7   4:26.72 nts	1688028940943
1235749 toao      20   0   11.6g   3.1g 114880 R 100.0   1.7   4:27.42 nts	1688028941632
1235749 toao      20   0   11.6g   3.1g 114880 R 100.0   1.7   4:28.10 nts	1688028942323
1235749 toao      20   0   11.6g   3.2g 114880 R 100.0   1.7   4:28.79 nts	1688028943012
1235749 toao      20   0   11.6g   3.2g 114880 R 100.0   1.7   4:29.48 nts	1688028943700
1235749 toao      20   0   11.6g   3.2g 114880 R 106.2   1.7   4:30.17 nts	1688028944388
1235749 toao      20   0   11.6g   3.2g 114880 R 106.2   1.7   4:30.85 nts	1688028945076
1235749 toao      20   0   11.6g   3.3g 114880 R  94.1   1.7   4:31.54 nts	1688028945764
1235749 toao      20   0   11.6g   3.3g 114880 R 100.0   1.8   4:32.23 nts	1688028946452
1235749 toao      20   0   11.6g   3.3g 114880 R 100.0   1.8   4:32.91 nts	1688028947140
1235749 toao      20   0   16.8g   3.8g 269876 R 100.0   2.0   4:33.97 nts	1688028947827
1235749 toao      20   0   17.8g   4.6g 388928 R  93.8   2.5   4:34.65 nts	1688028948516
1235749 toao      20   0   19.4g   5.9g 506880 R 100.0   3.2   4:35.35 nts	1688028949205
1235749 toao      20   0   19.4g   6.1g 506880 R 100.0   3.3   4:36.03 nts	1688028949892
1235749 toao      20   0   19.4g   6.1g 506880 R 106.2   3.3   4:36.72 nts	1688028950580
1235749 toao      20   0   30.6g   7.2g   1.5g R 106.2   3.8   4:37.41 nts	1688028951268
1235749 toao      20   0   30.6g  10.2g   4.6g R 106.2   5.5   4:38.10 nts	1688028951957
1235749 toao      20   0   30.6g  13.3g   7.6g R  94.1   7.1   4:38.78 nts	1688028952644
1235749 toao      20   0   30.6g  16.4g  10.7g R  94.1   8.7   4:39.47 nts	1688028953333
1235749 toao      20   0   30.7g  17.3g  11.6g R 100.0   9.2   4:40.15 nts	1688028954021
1235749 toao      20   0   30.7g  17.3g  11.6g R 100.0   9.2   4:40.84 nts	1688028954706
1235749 toao      20   0   30.7g  17.3g  11.6g R 106.2   9.2   4:41.53 nts	1688028955391
1235749 toao      20   0   30.7g  17.3g  11.6g R 106.2   9.2   4:42.22 nts	1688028956081
1235749 toao      20   0   30.7g  17.3g  11.6g R 106.2   9.2   4:42.91 nts	1688028956767
1235749 toao      20   0   30.7g  17.3g  11.6g R  94.1   9.2   4:43.59 nts	1688028957455
1235749 toao      20   0   30.7g  17.3g  11.6g R 100.0   9.2   4:44.28 nts	1688028958142
1235749 toao      20   0   30.7g  17.3g  11.6g R 106.2   9.2   4:44.97 nts	1688028958830
1235749 toao      20   0   30.7g  17.3g  11.6g R 106.2   9.2   4:45.66 nts	1688028959518
1235749 toao      20   0   30.7g  17.3g  11.6g R 106.2   9.2   4:46.35 nts	1688028960207
1235749 toao      20   0   30.7g  17.3g  11.6g R 100.0   9.2   4:47.03 nts	1688028960896
1235749 toao      20   0   30.7g  17.3g  11.6g R 106.2   9.2   4:47.72 nts	1688028961583
1235749 toao      20   0   30.7g  17.3g  11.6g R 100.0   9.2   4:48.40 nts	1688028962269
1235749 toao      20   0   30.7g  17.3g  11.6g R 106.2   9.2   4:49.09 nts	1688028962956
1235749 toao      20   0   30.7g  17.3g  11.6g R 100.0   9.2   4:49.78 nts	1688028963644
1235749 toao      20   0   30.7g  17.3g  11.6g R 106.2   9.2   4:50.47 nts	1688028964331
1235749 toao      20   0   30.7g  17.3g  11.6g R 100.0   9.2   4:51.15 nts	1688028965020
1235749 toao      20   0   30.7g  17.3g  11.6g R  94.1   9.2   4:51.84 nts	1688028965705
1235749 toao      20   0   30.7g  17.3g  11.6g R 106.2   9.2   4:52.53 nts	1688028966391
1235749 toao      20   0   30.7g  17.3g  11.6g R 100.0   9.2   4:53.21 nts	1688028967077
1235749 toao      20   0   30.7g  17.3g  11.6g R 100.0   9.2   4:53.90 nts	1688028967767
1235749 toao      20   0   30.7g  17.3g  11.6g R 100.0   9.2   4:54.59 nts	1688028968453
1235749 toao      20   0   30.7g  17.3g  11.6g R 106.2   9.3   4:55.28 nts	1688028969140
1235749 toao      20   0   30.7g  17.3g  11.6g R 106.2   9.3   4:55.97 nts	1688028969827
1235749 toao      20   0   30.7g  17.3g  11.6g R 100.0   9.3   4:56.65 nts	1688028970516
1235749 toao      20   0   30.7g  17.3g  11.6g R 100.0   9.3   4:57.34 nts	1688028971201
1235749 toao      20   0   30.7g  17.3g  11.6g R 100.0   9.3   4:58.03 nts	1688028971888
1235749 toao      20   0   30.7g  17.3g  11.6g R 106.2   9.3   4:58.72 nts	1688028972576
1235749 toao      20   0   30.5g  17.4g  11.6g R  94.1   9.3   4:59.55 nts	1688028973263
1235749 toao      20   0   54.1g  18.3g  12.5g R 100.0   9.8   5:00.25 nts	1688028973954
1235749 toao      20   0   57.9g  20.0g  14.3g R 100.0  10.7   5:00.93 nts	1688028974644
1235749 toao      20   0   60.3g  20.0g  14.3g S 187.5  10.7   5:02.13 nts	1688028975329
1235749 toao      20   0   60.7g  20.0g  14.3g S 187.5  10.7   5:03.37 nts	1688028976017
1235749 toao      20   0   60.9g  20.0g  14.3g S 200.0  10.7   5:04.60 nts	1688028976704
1235749 toao      20   0   60.9g  20.0g  14.3g S 193.8  10.7   5:05.87 nts	1688028977391
1235749 toao      20   0   60.9g  20.0g  14.3g S 176.5  10.7   5:07.11 nts	1688028978075
1235749 toao      20   0   61.1g  20.0g  14.3g S 170.6  10.7   5:08.34 nts	1688028978763
1235749 toao      20   0   61.1g  20.0g  14.3g S 181.2  10.7   5:09.59 nts	1688028979449
1235749 toao      20   0   61.1g  20.0g  14.3g S 181.2  10.7   5:10.84 nts	1688028980137
1235749 toao      20   0   61.1g  20.0g  14.3g S 187.5  10.7   5:12.08 nts	1688028980824
1235749 toao      20   0   61.1g  20.0g  14.3g S 187.5  10.7   5:13.30 nts	1688028981509
1235749 toao      20   0   61.1g  20.0g  14.3g S 187.5  10.7   5:14.56 nts	1688028982192
1235749 toao      20   0   61.1g  20.0g  14.3g S 170.6  10.7   5:15.81 nts	1688028982875
1235749 toao      20   0   61.2g  20.0g  14.3g S 187.5  10.7   5:17.06 nts	1688028983556
1235749 toao      20   0   61.2g  20.0g  14.3g S 181.2  10.7   5:18.29 nts	1688028984240
1235749 toao      20   0   61.2g  20.0g  14.3g S 187.5  10.7   5:19.53 nts	1688028984927
1235749 toao      20   0   61.2g  20.0g  14.3g S 170.6  10.7   5:20.78 nts	1688028985614
1235749 toao      20   0   61.2g  20.0g  14.3g S 164.7  10.7   5:22.02 nts	1688028986301
1235749 toao      20   0   61.2g  20.0g  14.3g S 187.5  10.7   5:23.27 nts	1688028986991
1235749 toao      20   0   61.2g  20.0g  14.3g S 187.5  10.7   5:24.52 nts	1688028987679
1235749 toao      20   0   61.2g  20.0g  14.3g S 181.2  10.7   5:25.76 nts	1688028988368
1235749 toao      20   0   61.2g  20.0g  14.3g S 170.6  10.7   5:26.99 nts	1688028989054
1235749 toao      20   0   61.2g  20.0g  14.3g S 206.2  10.7   5:28.27 nts	1688028989741
1235749 toao      20   0   61.2g  20.0g  14.3g S 193.8  10.7   5:29.53 nts	1688028990431
1235749 toao      20   0   61.2g  20.0g  14.3g S 187.5  10.7   5:30.77 nts	1688028991119
1235749 toao      20   0   61.2g  20.0g  14.3g S 187.5  10.7   5:32.01 nts	1688028991804
1235749 toao      20   0   61.2g  20.0g  14.3g S 187.5  10.7   5:33.26 nts	1688028992489
1235749 toao      20   0   61.2g  20.0g  14.3g S 181.2  10.7   5:34.49 nts	1688028993180
1235749 toao      20   0   61.2g  20.0g  14.3g S 187.5  10.7   5:35.73 nts	1688028993857
1235749 toao      20   0   61.2g  20.0g  14.3g S 187.5  10.7   5:36.97 nts	1688028994541
1235749 toao      20   0   61.2g  20.0g  14.3g S 187.5  10.7   5:38.21 nts	1688028995227
1235749 toao      20   0   61.2g  20.0g  14.3g S 176.5  10.7   5:39.45 nts	1688028995915
1235749 toao      20   0   61.2g  20.0g  14.3g S 176.5  10.7   5:40.70 nts	1688028996604
1235749 toao      20   0   61.2g  20.0g  14.3g S 193.8  10.7   5:41.98 nts	1688028997295
1235749 toao      20   0   61.2g  20.0g  14.3g S 170.6  10.7   5:43.22 nts	1688028997983
1235749 toao      20   0   61.2g  20.0g  14.3g S 187.5  10.7   5:44.45 nts	1688028998671
1235749 toao      20   0   61.2g  20.0g  14.3g S 187.5  10.7   5:45.69 nts	1688028999352
1235749 toao      20   0   61.2g  20.0g  14.3g S 187.5  10.7   5:46.93 nts	1688029000036
1235749 toao      20   0   61.2g  20.0g  14.3g S 182.4  10.7   5:48.18 nts	1688029000723
1235749 toao      20   0   61.2g  20.0g  14.3g S 187.5  10.7   5:49.42 nts	1688029001411
1235749 toao      20   0   61.2g  20.0g  14.3g S 187.5  10.7   5:50.67 nts	1688029002098
1235749 toao      20   0   61.2g  20.0g  14.3g S 175.0  10.7   5:51.95 nts	1688029002816
1235749 toao      20   0   61.2g  20.0g  14.3g S 181.2  10.7   5:53.20 nts	1688029003501
1235749 toao      20   0   61.2g  20.0g  14.3g S 181.2  10.7   5:54.43 nts	1688029004187
1235749 toao      20   0   61.2g  20.0g  14.3g S 193.8  10.7   5:55.71 nts	1688029004872
1235749 toao      20   0   61.2g  20.0g  14.3g S 187.5  10.7   5:56.96 nts	1688029005557
1235749 toao      20   0   61.2g  20.0g  14.3g S 170.6  10.7   5:58.20 nts	1688029006243
1235749 toao      20   0   61.2g  20.0g  14.3g S 181.2  10.7   5:59.45 nts	1688029006929
1235749 toao      20   0   61.2g  20.0g  14.3g S 181.2  10.7   6:00.70 nts	1688029007619
1235749 toao      20   0   61.2g  20.0g  14.3g S 193.8  10.7   6:01.97 nts	1688029008306
1235749 toao      20   0   61.2g  20.0g  14.3g S 187.5  10.7   6:03.22 nts	1688029008997
1235749 toao      20   0   61.2g  20.0g  14.3g S 193.8  10.7   6:04.47 nts	1688029009687
1235749 toao      20   0   61.2g  20.0g  14.3g S 187.5  10.7   6:05.71 nts	1688029010376
1235749 toao      20   0   61.2g  20.0g  14.3g S 181.2  10.7   6:06.95 nts	1688029011061
1235749 toao      20   0   61.2g  20.0g  14.3g S 181.2  10.7   6:08.19 nts	1688029011751
1235749 toao      20   0   61.2g  20.0g  14.3g S 193.8  10.7   6:09.46 nts	1688029012436
1235749 toao      20   0   61.2g  20.0g  14.3g S 187.5  10.7   6:10.69 nts	1688029013124
1235749 toao      20   0   61.2g  20.0g  14.3g S 187.5  10.7   6:11.93 nts	1688029013808
1235749 toao      20   0   61.2g  20.0g  14.3g S 176.5  10.7   6:13.17 nts	1688029014494
1235749 toao      20   0   61.2g  20.0g  14.3g S 176.5  10.7   6:14.40 nts	1688029015183
1235749 toao      20   0   61.2g  20.0g  14.3g S 187.5  10.7   6:15.65 nts	1688029015871
1235749 toao      20   0   61.2g  20.0g  14.3g S 181.2  10.7   6:16.89 nts	1688029016559
1235749 toao      20   0   61.2g  20.0g  14.3g S 187.5  10.7   6:18.14 nts	1688029017245
1235749 toao      20   0   61.2g  20.0g  14.3g S 187.5  10.7   6:19.38 nts	1688029017935
1235749 toao      20   0   61.2g  20.0g  14.3g S 187.5  10.7   6:20.62 nts	1688029018620
1235749 toao      20   0   61.2g  20.0g  14.3g S 175.0  10.7   6:21.84 nts	1688029019303
1235749 toao      20   0   61.2g  20.0g  14.3g S 181.2  10.7   6:23.12 nts	1688029019988
1235749 toao      20   0   61.2g  20.0g  14.3g S 187.5  10.7   6:24.36 nts	1688029020676
1235749 toao      20   0   61.2g  20.0g  14.3g S 187.5  10.7   6:25.60 nts	1688029021363
1235749 toao      20   0   61.2g  20.0g  14.3g S 187.5  10.7   6:26.85 nts	1688029022050
1235749 toao      20   0   61.2g  20.0g  14.3g S 187.5  10.7   6:28.10 nts	1688029022737
1235749 toao      20   0   61.2g  20.0g  14.3g S 187.5  10.7   6:29.35 nts	1688029023428
1235749 toao      20   0   61.2g  20.0g  14.3g S 187.5  10.7   6:30.58 nts	1688029024116
1235749 toao      20   0   61.2g  20.0g  14.3g S 176.5  10.7   6:31.82 nts	1688029024803
1235749 toao      20   0   61.2g  20.0g  14.3g S 187.5  10.7   6:33.07 nts	1688029025490
1235749 toao      20   0   61.2g  20.0g  14.3g S 193.8  10.7   6:34.32 nts	1688029026176
1235749 toao      20   0   61.2g  20.0g  14.3g S 193.8  10.7   6:35.58 nts	1688029026868
1235749 toao      20   0   61.2g  20.0g  14.3g S 181.2  10.7   6:36.83 nts	1688029027550
1235749 toao      20   0   61.2g  20.0g  14.3g S 181.2  10.7   6:38.08 nts	1688029028239
1235749 toao      20   0   61.2g  20.0g  14.3g S 187.5  10.7   6:39.34 nts	1688029028928
1235749 toao      20   0   61.2g  20.0g  14.3g S 181.2  10.7   6:40.57 nts	1688029029616
1235749 toao      20   0   61.2g  20.0g  14.3g S 175.0  10.7   6:41.80 nts	1688029030301
1235749 toao      20   0   61.2g  20.0g  14.3g S 187.5  10.7   6:43.05 nts	1688029030987
1235749 toao      20   0   61.2g  20.0g  14.3g S 176.5  10.7   6:44.29 nts	1688029031675
1235749 toao      20   0   61.2g  20.0g  14.3g S 170.6  10.7   6:45.53 nts	1688029032362
1235749 toao      20   0   61.2g  20.0g  14.3g S 181.2  10.7   6:46.77 nts	1688029033048
1235749 toao      20   0   61.2g  20.0g  14.3g S 187.5  10.7   6:48.02 nts	1688029033737
1235749 toao      20   0   61.2g  20.0g  14.3g S 187.5  10.7   6:49.29 nts	1688029034427
1235749 toao      20   0   61.2g  20.0g  14.3g S 193.8  10.7   6:50.55 nts	1688029035115
1235749 toao      20   0   61.2g  20.0g  14.3g S 176.5  10.7   6:51.80 nts	1688029035803
1235749 toao      20   0   61.2g  20.0g  14.3g S 181.2  10.7   6:53.03 nts	1688029036491
1235749 toao      20   0   61.2g  20.0g  14.3g S 181.2  10.7   6:54.27 nts	1688029037178
1235749 toao      20   0   61.2g  20.0g  14.3g S 187.5  10.7   6:55.50 nts	1688029037864
1235749 toao      20   0   61.2g  20.0g  14.3g S 182.4  10.7   6:56.75 nts	1688029038545
1235749 toao      20   0   61.2g  20.0g  14.3g S 187.5  10.7   6:57.99 nts	1688029039232
1235749 toao      20   0   61.2g  20.0g  14.3g S 187.5  10.7   6:59.23 nts	1688029039919
1235749 toao      20   0   61.2g  20.0g  14.3g S 193.8  10.7   7:00.49 nts	1688029040610
1235749 toao      20   0   61.2g  20.0g  14.3g S 187.5  10.7   7:01.73 nts	1688029041300
1235749 toao      20   0   61.2g  20.0g  14.3g S 181.2  10.7   7:02.99 nts	1688029041986
1235749 toao      20   0   61.2g  20.0g  14.3g S 182.4  10.7   7:04.25 nts	1688029042675
1235749 toao      20   0   61.2g  20.0g  14.3g S 187.5  10.7   7:05.48 nts	1688029043363
1235749 toao      20   0   61.2g  20.0g  14.3g S 187.5  10.7   7:06.73 nts	1688029044045
1235749 toao      20   0   61.2g  20.0g  14.3g S 176.5  10.7   7:07.97 nts	1688029044734
1235749 toao      20   0   61.2g  20.0g  14.3g S 181.2  10.7   7:09.20 nts	1688029045423
1235749 toao      20   0   61.2g  20.0g  14.3g S 181.2  10.7   7:10.43 nts	1688029046111
1235749 toao      20   0   61.2g  20.0g  14.3g S 193.8  10.7   7:11.69 nts	1688029046796
1235749 toao      20   0   61.2g  20.0g  14.3g S 187.5  10.7   7:12.94 nts	1688029047487
1235749 toao      20   0   61.2g  20.0g  14.3g S 187.5  10.7   7:14.18 nts	1688029048176
1235749 toao      20   0   61.2g  20.0g  14.3g S 170.6  10.7   7:15.42 nts	1688029048861
1235749 toao      20   0       0      0      0 Z 106.2   0.0   7:16.26 nts	1688029049549
1235749 toao      20   0       0      0      0 Z 100.0   0.0   7:16.88 nts	1688029050236
1235749 toao      20   0       0      0      0 Z 100.0   0.0   7:17.56 nts	1688029050922
