354438 toao      20   0 2574708 110116  71428 R 100.0   0.1   0:00.16 nts	1688360970006
354438 toao      20   0 5294532 212452 114976 R  3162   0.1   0:15.41 nts	1688360970706
354438 toao      20   0 5391828 288852 115324 S 206.2   0.1   0:28.53 nts	1688360971388
354438 toao      20   0 5391828 288852 115324 R 193.8   0.1   0:29.87 nts	1688360972075
354438 toao      20   0 5391828 288852 115324 R 200.0   0.1   0:31.23 nts	1688360972760
354438 toao      20   0 5391828 288852 115324 R 188.2   0.1   0:32.58 nts	1688360973444
354438 toao      20   0 5391828 288852 115324 R 206.2   0.1   0:33.95 nts	1688360974131
354438 toao      20   0 5391828 288852 115324 R 193.8   0.1   0:35.29 nts	1688360974819
354438 toao      20   0 5391828 288852 115324 R 194.1   0.1   0:36.66 nts	1688360975504
354438 toao      20   0 5391828 288852 115324 R 200.0   0.1   0:38.01 nts	1688360976192
354438 toao      20   0 5391828 288852 115324 R 200.0   0.1   0:39.38 nts	1688360976880
354438 toao      20   0 5391828 288852 115324 R 206.2   0.1   0:40.74 nts	1688360977567
354438 toao      20   0 5391828 288852 115324 R 206.2   0.1   0:42.09 nts	1688360978252
354438 toao      20   0 5391828 288852 115324 R 200.0   0.1   0:43.45 nts	1688360978940
354438 toao      20   0 5391828 288852 115324 R 200.0   0.1   0:44.82 nts	1688360979628
354438 toao      20   0 5391828 288852 115324 R 206.2   0.1   0:46.18 nts	1688360980318
354438 toao      20   0 7067892   1.1g 115452 R 937.5   0.6   0:51.84 nts	1688360981005
354438 toao      20   0 7067892   1.1g 115452 R  1081   0.6   0:58.21 nts	1688360981687
354438 toao      20   0 7067892   1.1g 115452 R  1006   0.6   1:04.84 nts	1688360982372
354438 toao      20   0 7067892   1.1g 115452 R 912.5   0.6   1:11.35 nts	1688360983058
354438 toao      20   0 7067892   1.2g 115452 R 856.2   0.6   1:17.39 nts	1688360983746
354438 toao      20   0 7067892   1.2g 115452 R 900.0   0.6   1:23.39 nts	1688360984435
354438 toao      20   0 7067892   1.2g 115452 R 881.2   0.6   1:29.28 nts	1688360985119
354438 toao      20   0 8095296   1.2g 115484 R 494.1   0.6   1:34.64 nts	1688360985804
354438 toao      20   0 8095296   1.2g 115484 R 200.0   0.6   1:35.99 nts	1688360986488
354438 toao      20   0 8095296   1.2g 115484 R 200.0   0.6   1:37.35 nts	1688360987175
354438 toao      20   0 8095296   1.2g 115484 R 188.2   0.6   1:38.71 nts	1688360987864
354438 toao      20   0 8095296   1.2g 115484 R 206.2   0.6   1:40.08 nts	1688360988551
354438 toao      20   0 8095296   1.2g 115484 R 206.2   0.6   1:41.44 nts	1688360989239
354438 toao      20   0 8095296   1.2g 115484 R 200.0   0.6   1:42.80 nts	1688360989927
354438 toao      20   0 8095296   1.2g 115484 R 200.0   0.6   1:44.17 nts	1688360990616
354438 toao      20   0 8095296   1.2g 115484 R 206.2   0.6   1:45.53 nts	1688360991308
354438 toao      20   0 8095296   1.2g 115484 R 200.0   0.6   1:46.89 nts	1688360991995
354438 toao      20   0 8095296   1.2g 115484 R 194.1   0.6   1:48.26 nts	1688360992684
354438 toao      20   0 8095296   1.2g 115484 R 200.0   0.6   1:49.62 nts	1688360993371
354438 toao      20   0 8095296   1.2g 115484 R 200.0   0.6   1:50.98 nts	1688360994059
354438 toao      20   0 8095296   1.2g 115484 R 200.0   0.6   1:52.34 nts	1688360994747
354438 toao      20   0 9759356   1.3g 115484 R 650.0   0.7   1:56.03 nts	1688360995434
354438 toao      20   0 9759356   1.5g 115484 R 587.5   0.8   2:00.33 nts	1688360996118
354438 toao      20   0 9759356   1.6g 115484 R 517.6   0.8   2:04.46 nts	1688360996804
354438 toao      20   0 9759356   1.7g 115484 R 562.5   0.9   2:09.04 nts	1688360997488
354438 toao      20   0 9759356   1.8g 115484 R 543.8   1.0   2:13.04 nts	1688360998172
354438 toao      20   0 9759356   1.9g 115484 R 541.2   1.0   2:16.93 nts	1688360998853
354438 toao      20   0 9759356   2.0g 115484 R 600.0   1.1   2:21.02 nts	1688360999544
354438 toao      20   0   10.4g   2.1g 115484 R 133.3   1.1   2:24.88 nts	1688361000237
354438 toao      20   0   10.5g   2.2g 115484 R 100.0   1.1   2:25.97 nts	1688361000915
354438 toao      20   0   10.5g   2.2g 115484 R 100.0   1.1   2:26.66 nts	1688361001604
354438 toao      20   0   10.5g   2.2g 115484 R 106.2   1.1   2:27.35 nts	1688361002292
354438 toao      20   0   10.5g   2.2g 115484 R 100.0   1.1   2:28.03 nts	1688361002978
354438 toao      20   0   10.5g   2.2g 115484 R 100.0   1.1   2:28.72 nts	1688361003664
354438 toao      20   0   10.5g   2.2g 115484 R 100.0   1.1   2:29.41 nts	1688361004351
354438 toao      20   0   10.5g   2.2g 115484 R 100.0   1.1   2:30.09 nts	1688361005039
354438 toao      20   0   11.4g   2.8g 115484 R 100.0   1.5   2:30.78 nts	1688361005728
354438 toao      20   0   11.4g   2.9g 115484 R 100.0   1.6   2:31.47 nts	1688361006415
354438 toao      20   0   11.4g   2.9g 115484 R 100.0   1.6   2:32.16 nts	1688361007106
354438 toao      20   0   11.4g   2.9g 115484 R 106.2   1.6   2:32.85 nts	1688361007796
354438 toao      20   0   11.4g   2.9g 115484 R  94.1   1.6   2:33.54 nts	1688361008484
354438 toao      20   0   11.4g   2.9g 115484 R 106.2   1.6   2:34.23 nts	1688361009172
354438 toao      20   0   11.4g   3.0g 115484 R 100.0   1.6   2:34.91 nts	1688361009860
354438 toao      20   0   11.4g   3.0g 115484 R 106.2   1.6   2:35.61 nts	1688361010548
354438 toao      20   0   11.4g   3.0g 115484 R 106.2   1.6   2:36.29 nts	1688361011236
354438 toao      20   0   11.4g   3.0g 115484 R 100.0   1.6   2:36.98 nts	1688361011924
354438 toao      20   0   11.4g   3.0g 115484 R 106.2   1.6   2:37.67 nts	1688361012611
354438 toao      20   0   11.4g   3.0g 115484 R 106.2   1.6   2:38.36 nts	1688361013300
354438 toao      20   0   11.4g   3.0g 115484 R 100.0   1.6   2:39.04 nts	1688361013988
354438 toao      20   0   11.4g   3.1g 115484 R 106.2   1.6   2:39.73 nts	1688361014676
354438 toao      20   0   11.4g   3.1g 115484 R  94.1   1.6   2:40.42 nts	1688361015364
354438 toao      20   0   11.4g   3.1g 115484 R 106.2   1.6   2:41.11 nts	1688361016053
354438 toao      20   0   11.4g   3.1g 115484 R  94.1   1.6   2:41.80 nts	1688361016741
354438 toao      20   0   11.4g   3.1g 115484 R  93.8   1.6   2:42.48 nts	1688361017433
354438 toao      20   0   11.4g   3.1g 115484 R 100.0   1.6   2:43.18 nts	1688361018121
354438 toao      20   0   11.4g   3.1g 115484 R 106.2   1.6   2:43.87 nts	1688361018811
354438 toao      20   0   11.4g   3.1g 115484 R 100.0   1.6   2:44.55 nts	1688361019501
354438 toao      20   0   16.6g   3.6g 271984 R 100.0   1.9   2:45.60 nts	1688361020185
354438 toao      20   0   17.6g   4.3g 378088 R 106.2   2.3   2:46.29 nts	1688361020871
354438 toao      20   0   19.2g   5.5g 509700 R 106.2   2.9   2:46.97 nts	1688361021556
354438 toao      20   0   19.2g   5.9g 509700 R  94.1   3.1   2:47.66 nts	1688361022243
354438 toao      20   0   19.2g   5.9g 509700 R 100.0   3.1   2:48.34 nts	1688361022932
354438 toao      20   0   26.1g   6.6g   1.2g R 100.0   3.5   2:49.03 nts	1688361023620
354438 toao      20   0   26.1g   9.6g   4.2g R 100.0   5.1   2:49.72 nts	1688361024308
354438 toao      20   0   26.1g  12.5g   7.2g R 106.2   6.7   2:50.41 nts	1688361024997
354438 toao      20   0   26.1g  12.7g   7.4g R  94.1   6.8   2:51.10 nts	1688361025684
354438 toao      20   0   26.1g  12.7g   7.4g R 100.0   6.8   2:51.78 nts	1688361026371
354438 toao      20   0   26.1g  12.7g   7.4g R 100.0   6.8   2:52.47 nts	1688361027061
354438 toao      20   0   26.1g  12.7g   7.4g R 100.0   6.8   2:53.16 nts	1688361027746
354438 toao      20   0   26.1g  12.7g   7.4g R 100.0   6.8   2:53.85 nts	1688361028434
354438 toao      20   0   26.1g  12.7g   7.4g R 100.0   6.8   2:54.54 nts	1688361029122
354438 toao      20   0   26.1g  12.7g   7.4g R 100.0   6.8   2:55.22 nts	1688361029810
354438 toao      20   0   26.1g  12.7g   7.4g R 100.0   6.8   2:55.91 nts	1688361030499
354438 toao      20   0   26.1g  12.7g   7.4g R 106.2   6.8   2:56.61 nts	1688361031187
354438 toao      20   0   26.1g  12.7g   7.4g R  94.1   6.8   2:57.29 nts	1688361031874
354438 toao      20   0   26.1g  12.7g   7.4g R  94.1   6.8   2:57.98 nts	1688361032563
354438 toao      20   0   26.1g  12.7g   7.4g R 100.0   6.8   2:58.67 nts	1688361033251
354438 toao      20   0   26.1g  12.8g   7.4g R 106.2   6.8   2:59.36 nts	1688361033939
354438 toao      20   0   26.1g  12.8g   7.4g R 100.0   6.8   3:00.04 nts	1688361034626
354438 toao      20   0   26.1g  12.8g   7.4g R  94.1   6.8   3:00.73 nts	1688361035314
354438 toao      20   0   26.1g  12.8g   7.4g R  94.1   6.8   3:01.42 nts	1688361036002
354438 toao      20   0   26.1g  12.8g   7.4g R 100.0   6.8   3:02.11 nts	1688361036693
354438 toao      20   0   27.0g  12.8g   7.4g R 366.7   6.8   3:06.23 nts	1688361037399
354438 toao      20   0   27.0g  12.8g   7.4g R 637.5   6.9   3:13.32 nts	1688361038086
354438 toao      20   0   27.0g  12.8g   7.4g R  1012   6.9   3:22.75 nts	1688361038804
354438 toao      20   0   27.0g  12.8g   7.4g R  1644   6.8   3:32.35 nts	1688361039510
354438 toao      20   0   27.0g  12.8g   7.4g R  1238   6.9   3:40.10 nts	1688361040183
354438 toao      20   0   27.0g  12.8g   7.4g R  1582   6.8   3:49.32 nts	1688361040872
354438 toao      20   0   27.0g  12.8g   7.4g R  1087   6.9   3:56.80 nts	1688361041557
354438 toao      20   0   27.0g  12.8g   7.4g R  1482   6.8   4:06.21 nts	1688361042252
354438 toao      20   0   27.0g  12.8g   7.4g R  1425   6.9   4:14.31 nts	1688361042932
354438 toao      20   0   27.0g  12.8g   7.4g R  1356   6.9   4:22.73 nts	1688361043619
354438 toao      20   0   27.0g  12.8g   7.4g R  1625   6.8   4:31.46 nts	1688361044304
354438 toao      20   0   27.0g  12.8g   7.4g R 206.2   6.8   4:37.54 nts	1688361044974
354438 toao      20   0   27.0g  12.8g   7.4g R 558.8   6.9   4:46.50 nts	1688361045682
354438 toao      20   0   27.0g  12.8g   7.4g R 488.2   6.9   4:54.77 nts	1688361046387
354438 toao      20   0   27.0g  12.8g   7.4g R 312.5   6.9   5:03.21 nts	1688361047100
354438 toao      20   0   27.0g  12.8g   7.4g R 256.2   6.8   5:11.64 nts	1688361047808
354438 toao      20   0   27.0g  12.8g   7.4g R 237.5   6.8   5:20.01 nts	1688361048491
354438 toao      20   0   53.2g  13.9g   8.3g R 206.2   7.4   5:27.27 nts	1688361049172
354438 toao      20   0   56.9g  15.6g  10.1g R 206.2   8.3   5:28.64 nts	1688361049858
354438 toao      20   0   64.9g  15.7g  10.2g S  1153   8.4   5:35.82 nts	1688361050546
354438 toao      20   0   66.4g  15.8g  10.2g S  1169   8.4   5:43.47 nts	1688361051235
354438 toao      20   0   63.7g  15.8g  10.2g S  1019   8.4   5:50.07 nts	1688361051911
354438 toao      20   0   63.9g  15.8g  10.2g S  1044   8.5   5:57.69 nts	1688361052595
354438 toao      20   0   63.9g  15.8g  10.2g S  1050   8.5   6:05.14 nts	1688361053279
354438 toao      20   0   63.9g  15.8g  10.2g S 964.7   8.4   6:12.51 nts	1688361053964
354438 toao      20   0   63.9g  15.8g  10.2g S  1047   8.5   6:20.24 nts	1688361054657
354438 toao      20   0   63.9g  15.8g  10.2g S  1431   8.4   6:27.50 nts	1688361055334
354438 toao      20   0   63.9g  15.8g  10.2g S  1300   8.4   6:35.04 nts	1688361056013
354438 toao      20   0   63.9g  15.8g  10.2g S  1147   8.5   6:42.96 nts	1688361056698
354438 toao      20   0   71.3g  15.8g  10.2g S  1056   8.4   6:50.30 nts	1688361057385
354438 toao      20   0   72.2g  15.8g  10.2g S  1300   8.4   6:57.85 nts	1688361058064
354438 toao      20   0   73.4g  15.8g  10.2g S  1175   8.4   7:05.40 nts	1688361058742
354438 toao      20   0   73.4g  15.8g  10.2g S  1106   8.5   7:12.48 nts	1688361059421
354438 toao      20   0   73.4g  15.8g  10.2g S  1038   8.5   7:19.94 nts	1688361060106
354438 toao      20   0   73.4g  15.8g  10.2g S 994.1   8.5   7:27.62 nts	1688361060793
354438 toao      20   0   73.4g  15.8g  10.2g S  1031   8.5   7:35.27 nts	1688361061477
354438 toao      20   0   73.4g  15.8g  10.2g S  1050   8.5   7:42.83 nts	1688361062156
354438 toao      20   0   73.4g  15.8g  10.2g S  1012   8.5   7:50.37 nts	1688361062837
354438 toao      20   0   73.4g  15.8g  10.2g S  1031   8.5   7:57.91 nts	1688361063514
354438 toao      20   0   72.5g  15.8g  10.2g S  1050   8.5   8:05.47 nts	1688361064202
354438 toao      20   0   73.7g  15.8g  10.2g S  1044   8.5   8:13.03 nts	1688361064886
354438 toao      20   0   70.7g  15.8g  10.2g S  1369   8.5   8:20.60 nts	1688361065572
354438 toao      20   0   70.8g  15.8g  10.2g S  1288   8.4   8:28.01 nts	1688361066260
354438 toao      20   0   70.8g  15.8g  10.2g S  1306   8.4   8:35.53 nts	1688361066950
354438 toao      20   0   71.0g  15.8g  10.2g S  1019   8.5   8:42.56 nts	1688361067634
354438 toao      20   0   71.0g  15.8g  10.2g S  1012   8.5   8:50.09 nts	1688361068316
354438 toao      20   0   71.0g  15.8g  10.2g S  1031   8.5   8:57.69 nts	1688361068996
354438 toao      20   0   71.0g  15.8g  10.2g S  1012   8.5   9:05.31 nts	1688361069677
354438 toao      20   0   71.0g  15.8g  10.2g S  1038   8.5   9:12.93 nts	1688361070360
354438 toao      20   0   70.8g  15.8g  10.2g S  1019   8.5   9:20.39 nts	1688361071040
354438 toao      20   0   72.4g  15.8g  10.2g S  1012   8.5   9:27.90 nts	1688361071718
354438 toao      20   0   73.6g  15.8g  10.2g S  1031   8.5   9:35.39 nts	1688361072396
354438 toao      20   0   73.6g  15.8g  10.2g S  1031   8.5   9:42.98 nts	1688361073082
354438 toao      20   0   73.6g  15.8g  10.2g S 958.8   8.5   9:50.60 nts	1688361073764
354438 toao      20   0   73.6g  15.8g  10.2g S  1162   8.5   9:58.17 nts	1688361074446
354438 toao      20   0   73.6g  15.8g  10.2g S  1275   8.5  10:05.67 nts	1688361075131
354438 toao      20   0   73.6g  15.8g  10.2g S  1018   8.4  10:13.23 nts	1688361075812
354438 toao      20   0   73.6g  15.8g  10.2g S  1112   8.5  10:21.05 nts	1688361076499
354438 toao      20   0   73.6g  15.8g  10.2g S  1144   8.5  10:28.60 nts	1688361077193
354438 toao      20   0   67.9g  15.8g  10.2g S 625.0   8.5  10:35.27 nts	1688361077867
354438 toao      20   0   73.5g  15.8g  10.2g S  1019   8.5  10:42.88 nts	1688361078558
354438 toao      20   0   70.4g  15.8g  10.2g S 868.8   8.4  10:50.07 nts	1688361079235
354438 toao      20   0   71.1g  15.8g  10.2g S  1265   8.4  10:57.57 nts	1688361079915
354438 toao      20   0   71.1g  15.8g  10.2g S  1156   8.4  11:04.81 nts	1688361080601
354438 toao      20   0   71.1g  15.8g  10.2g S  1019   8.5  11:12.10 nts	1688361081287
354438 toao      20   0   71.1g  15.8g  10.2g S  1044   8.5  11:19.65 nts	1688361081969
354438 toao      20   0   71.1g  15.8g  10.2g S  1031   8.5  11:27.14 nts	1688361082652
354438 toao      20   0   71.1g  15.8g  10.2g S  1006   8.5  11:34.82 nts	1688361083334
354438 toao      20   0   71.1g  15.8g  10.2g S  1031   8.5  11:42.48 nts	1688361084015
354438 toao      20   0   71.1g  15.8g  10.2g S  1019   8.5  11:50.12 nts	1688361084693
354438 toao      20   0   71.8g  15.8g  10.2g S  1000   8.5  11:57.67 nts	1688361085371
354438 toao      20   0   73.2g  15.8g  10.2g S 993.8   8.5  12:05.22 nts	1688361086056
354438 toao      20   0   73.2g  15.8g  10.2g S 964.7   8.5  12:12.83 nts	1688361086742
354438 toao      20   0   73.8g  15.9g  10.2g S  1025   8.5  12:20.40 nts	1688361087430
354438 toao      20   0   73.8g  15.9g  10.2g S  1019   8.5  12:28.02 nts	1688361088111
354438 toao      20   0   73.8g  15.8g  10.2g S  1131   8.5  12:35.62 nts	1688361088795
354438 toao      20   0   73.8g  15.8g  10.2g S  1169   8.5  12:43.22 nts	1688361089473
354438 toao      20   0   73.8g  15.9g  10.2g S  1106   8.5  12:50.78 nts	1688361090154
354438 toao      20   0   73.8g  15.9g  10.2g S  1219   8.5  12:58.33 nts	1688361090836
354438 toao      20   0   73.8g  15.9g  10.2g S  1150   8.5  13:05.89 nts	1688361091521
354438 toao      20   0   73.2g  15.9g  10.2g S  1162   8.5  13:13.41 nts	1688361092199
354438 toao      20   0   74.1g  15.9g  10.2g S  1162   8.5  13:21.04 nts	1688361092881
354438 toao      20   0   74.1g  15.8g  10.2g S 982.4   8.4  13:28.43 nts	1688361093581
354438 toao      20   0   74.1g  15.8g  10.2g S  1381   8.4  13:36.11 nts	1688361094259
354438 toao      20   0   74.1g  15.8g  10.2g S  1238   8.4  13:43.56 nts	1688361094942
354438 toao      20   0   74.1g  15.9g  10.2g S  1044   8.5  13:50.81 nts	1688361095623
354438 toao      20   0   74.1g  15.9g  10.2g S 982.4   8.5  13:58.52 nts	1688361096305
354438 toao      20   0   74.0g  15.8g  10.2g S  1131   8.4  14:06.17 nts	1688361096988
354438 toao      20   0   74.1g  15.9g  10.2g S  1031   8.5  14:13.54 nts	1688361097681
354438 toao      20   0   74.1g  15.8g  10.2g S  1438   8.4  14:21.63 nts	1688361098357
354438 toao      20   0   71.6g  15.9g  10.2g S  1025   8.5  14:28.62 nts	1688361099048
354438 toao      20   0   73.4g  15.9g  10.2g S  1150   8.5  14:36.28 nts	1688361099729
354438 toao      20   0   70.9g  15.9g  10.2g S  1056   8.5  14:43.00 nts	1688361100415
354438 toao      20   0   71.1g  15.9g  10.2g S 988.2   8.5  14:50.57 nts	1688361101102
354438 toao      20   0   71.1g  15.9g  10.2g S  1025   8.5  14:58.11 nts	1688361101787
354438 toao      20   0   71.1g  15.9g  10.2g S  1006   8.5  15:05.66 nts	1688361102471
354438 toao      20   0   71.2g  15.9g  10.2g S  1031   8.5  15:13.18 nts	1688361103151
354438 toao      20   0   71.2g  15.9g  10.2g S  1220   8.5  15:20.66 nts	1688361103835
354438 toao      20   0   71.2g  15.9g  10.2g S  1181   8.5  15:28.37 nts	1688361104518
354438 toao      20   0   71.2g  15.9g  10.2g S  1131   8.5  15:35.95 nts	1688361105202
354438 toao      20   0   71.3g  15.9g  10.2g S  1050   8.5  15:43.57 nts	1688361105878
354438 toao      20   0   72.2g  15.9g  10.2g S  1181   8.5  15:51.26 nts	1688361106562
354438 toao      20   0   73.0g  15.9g  10.2g S  1188   8.5  15:58.97 nts	1688361107241
354438 toao      20   0   73.6g  15.9g  10.2g S  1181   8.5  16:06.61 nts	1688361107920
354438 toao      20   0   73.6g  15.9g  10.2g S  1124   8.5  16:14.31 nts	1688361108609
354438 toao      20   0   73.6g  15.8g  10.2g S  1219   8.4  16:21.25 nts	1688361109296
354438 toao      20   0   73.6g  15.8g  10.2g S  1144   8.4  16:28.66 nts	1688361109978
354438 toao      20   0   73.7g  15.9g  10.2g S  1038   8.5  16:36.02 nts	1688361110663
354438 toao      20   0   73.6g  15.8g  10.2g S  1106   8.4  16:43.73 nts	1688361111353
354438 toao      20   0   73.6g  15.8g  10.2g S  1131   8.4  16:51.30 nts	1688361112035
354438 toao      20   0   72.4g  15.8g  10.2g S  1181   8.4  16:59.23 nts	1688361112717
354438 toao      20   0   73.0g  15.8g  10.2g S  1238   8.4  17:06.52 nts	1688361113397
354438 toao      20   0   73.6g  15.8g  10.2g S  1312   8.4  17:14.31 nts	1688361114083
354438 toao      20   0   73.6g  15.8g  10.2g S  1194   8.4  17:21.53 nts	1688361114768
354438 toao      20   0   73.6g  15.9g  10.2g S  1069   8.5  17:28.91 nts	1688361115458
354438 toao      20   0   73.6g  15.9g  10.2g S  1025   8.5  17:36.36 nts	1688361116139
354438 toao      20   0   73.6g  15.9g  10.2g S 994.1   8.5  17:43.95 nts	1688361116815
354438 toao      20   0   73.6g  15.9g  10.2g S  1019   8.5  17:51.50 nts	1688361117495
354438 toao      20   0   73.6g  15.9g  10.2g S  1012   8.5  17:59.15 nts	1688361118171
354438 toao      20   0   73.6g  15.9g  10.2g S  1144   8.5  18:06.68 nts	1688361118846
354438 toao      20   0       0      0      0 Z 106.2   0.0  18:11.34 nts	1688361119527
354438 toao      20   0       0      0      0 Z 100.0   0.0  18:12.02 nts	1688361120215
354438 toao      20   0       0      0      0 Z 100.0   0.0  18:12.61 nts	1688361120904
