904731 toao      20   0 2489196 102840  68728 R 100.0   0.1   0:00.19 nts	1693187701039
904731 toao      20   0 8389884 233332 114200 R  7888   0.2   0:29.63 nts	1693187701749
904731 toao      20   0 8621164 362580 114432 R 200.0   0.3   0:56.24 nts	1693187702456
904731 toao      20   0 8621164 383700 114432 R 194.1   0.3   0:57.64 nts	1693187703162
904731 toao      20   0 8621164 386604 114432 R 194.1   0.3   0:59.03 nts	1693187703866
904731 toao      20   0 8621164 386604 114432 R 200.0   0.3   1:00.40 nts	1693187704566
904731 toao      20   0 8621164 386604 114432 R 206.2   0.3   1:01.80 nts	1693187705262
904731 toao      20   0 8621164 386604 114432 R 194.1   0.3   1:03.18 nts	1693187705962
904731 toao      20   0 8621164 386604 114432 R 200.0   0.3   1:04.58 nts	1693187706662
904731 toao      20   0 8621164 411684 114432 R 206.2   0.3   1:05.96 nts	1693187707363
904731 toao      20   0 8621164 411684 114432 R 200.0   0.3   1:07.35 nts	1693187708060
904731 toao      20   0 8621164 411684 114432 R 200.0   0.3   1:08.74 nts	1693187708759
904731 toao      20   0 8621164 411948 114432 R 200.0   0.3   1:10.14 nts	1693187709460
904731 toao      20   0 8621164 418548 114432 R 212.5   0.3   1:11.53 nts	1693187710163
904731 toao      20   0 8621164 428580 114432 R 206.2   0.3   1:12.92 nts	1693187710863
904731 toao      20   0 8621164 436236 114432 R 206.2   0.3   1:14.30 nts	1693187711562
904731 toao      20   0 8621164 443364 114432 R 194.1   0.3   1:15.71 nts	1693187712263
904731 toao      20   0    9.9g 833856 114556 R 617.6   0.6   1:17.57 nts	1693187712970
904731 toao      20   0    9.9g 999.2m 114556 R 823.5   0.8   1:24.19 nts	1693187713667
904731 toao      20   0    9.9g 999.4m 114556 R 994.1   0.8   1:31.40 nts	1693187714372
904731 toao      20   0    9.9g 999.7m 114556 R  1235   0.8   1:39.61 nts	1693187715077
904731 toao      20   0    9.9g   1.0g 114556 R 905.9   0.8   1:47.47 nts	1693187715779
904731 toao      20   0    9.9g   1.2g 114556 R 982.4   1.0   1:54.76 nts	1693187716483
904731 toao      20   0    9.9g   1.3g 114556 R  1188   1.0   2:03.78 nts	1693187717187
904731 toao      20   0    9.9g   1.3g 114556 R  1224   1.1   2:11.42 nts	1693187717890
904731 toao      20   0    9.9g   1.4g 114556 R  1035   1.1   2:19.70 nts	1693187718597
904731 toao      20   0    9.9g   1.4g 114556 R  1265   1.1   2:28.20 nts	1693187719301
904731 toao      20   0   14.1g   1.4g 114588 R 194.1   1.1   2:31.10 nts	1693187720005
904731 toao      20   0   14.1g   1.4g 114588 R 194.1   1.1   2:32.49 nts	1693187720709
904731 toao      20   0   14.1g   1.5g 114588 R 212.5   1.2   2:33.88 nts	1693187721414
904731 toao      20   0   14.1g   1.5g 114588 R 205.9   1.2   2:35.27 nts	1693187722117
904731 toao      20   0   14.1g   1.5g 114588 R 200.0   1.2   2:36.65 nts	1693187722820
904731 toao      20   0   14.1g   1.5g 114588 R 194.1   1.2   2:38.04 nts	1693187723527
904731 toao      20   0   14.1g   1.5g 114588 R 205.9   1.2   2:39.44 nts	1693187724228
904731 toao      20   0   14.1g   1.5g 114588 R 200.0   1.2   2:40.82 nts	1693187724926
904731 toao      20   0   14.1g   1.5g 114588 R 200.0   1.2   2:42.21 nts	1693187725631
904731 toao      20   0   14.1g   1.5g 114588 R 200.0   1.2   2:43.60 nts	1693187726330
904731 toao      20   0   14.1g   1.5g 114588 R 194.1   1.2   2:44.99 nts	1693187727035
904731 toao      20   0   14.1g   1.5g 114588 R 188.2   1.2   2:46.37 nts	1693187727739
904731 toao      20   0   15.7g   1.7g 114588 R 464.7   1.3   2:48.01 nts	1693187728438
904731 toao      20   0   15.7g   1.8g 114588 R 705.6   1.4   2:52.58 nts	1693187729142
904731 toao      20   0   15.7g   1.8g 114588 R  1638   1.5   3:06.64 nts	1693187729844
904731 toao      20   0   15.7g   1.9g 114588 R  1244   1.5   3:16.54 nts	1693187730544
904731 toao      20   0   15.7g   2.0g 114588 R 511.8   1.6   3:21.94 nts	1693187731245
904731 toao      20   0   15.7g   2.1g 114588 R 505.9   1.7   3:25.85 nts	1693187731949
904731 toao      20   0   15.7g   2.2g 114588 R 476.5   1.8   3:29.38 nts	1693187732653
904731 toao      20   0   15.7g   2.3g 114588 R 625.0   1.8   3:32.97 nts	1693187733362
904731 toao      20   0   15.7g   2.4g 114588 R 558.8   1.9   3:36.59 nts	1693187734065
904731 toao      20   0   15.7g   2.5g 114588 R 470.6   2.0   3:40.25 nts	1693187734773
904731 toao      20   0   19.7g   2.5g 114588 R 100.0   2.0   3:41.64 nts	1693187735476
904731 toao      20   0   19.9g   2.6g 114588 R 100.0   2.1   3:45.01 nts	1693187736200
904731 toao      20   0   19.9g   2.6g 114588 R 105.9   2.1   3:45.72 nts	1693187736904
904731 toao      20   0   19.9g   2.6g 114588 R 100.0   2.1   3:46.43 nts	1693187737614
904731 toao      20   0   19.9g   2.6g 114588 R 105.9   2.1   3:47.14 nts	1693187738329
904731 toao      20   0   19.9g   2.6g 114588 R 100.0   2.1   3:47.85 nts	1693187739039
904731 toao      20   0   19.9g   2.6g 114588 R 100.0   2.1   3:48.56 nts	1693187739743
904731 toao      20   0   19.9g   2.6g 114588 R 105.9   2.1   3:49.26 nts	1693187740447
904731 toao      20   0   19.9g   2.6g 114588 R 106.2   2.1   3:49.96 nts	1693187741154
904731 toao      20   0   20.3g   2.6g 114588 R 105.9   2.1   3:50.67 nts	1693187741857
904731 toao      20   0   20.8g   3.1g 114588 R 105.9   2.5   3:51.38 nts	1693187742566
904731 toao      20   0   20.8g   3.2g 114588 R 100.0   2.5   3:52.07 nts	1693187743273
904731 toao      20   0   20.8g   3.2g 114588 R  94.1   2.5   3:52.78 nts	1693187743976
904731 toao      20   0   20.8g   3.2g 114588 R 100.0   2.5   3:53.49 nts	1693187744682
904731 toao      20   0   20.8g   3.2g 114588 R 105.9   2.5   3:54.20 nts	1693187745389
904731 toao      20   0   20.8g   3.2g 114588 R 106.2   2.5   3:54.90 nts	1693187746093
904731 toao      20   0   20.8g   3.2g 114588 R 100.0   2.5   3:55.60 nts	1693187746796
904731 toao      20   0   20.8g   3.2g 114588 R 100.0   2.5   3:56.30 nts	1693187747500
904731 toao      20   0   20.8g   3.2g 114588 R 100.0   2.5   3:57.01 nts	1693187748205
904731 toao      20   0   20.8g   3.2g 114588 R 105.9   2.5   3:57.72 nts	1693187748909
904731 toao      20   0   20.8g   3.2g 114588 R 105.9   2.5   3:58.43 nts	1693187749615
904731 toao      20   0   20.8g   3.2g 114588 R 100.0   2.5   3:59.13 nts	1693187750320
904731 toao      20   0   20.8g   3.2g 114588 R 100.0   2.5   3:59.83 nts	1693187751025
904731 toao      20   0   20.8g   3.2g 114588 R  94.1   2.5   4:00.53 nts	1693187751728
904731 toao      20   0   20.8g   3.2g 114588 R 100.0   2.5   4:01.24 nts	1693187752431
904731 toao      20   0   20.8g   3.4g 114588 R  94.1   2.7   4:01.94 nts	1693187753137
904731 toao      20   0   20.8g   3.4g 114588 R  94.1   2.7   4:02.64 nts	1693187753840
904731 toao      20   0   20.8g   3.4g 114588 R 100.0   2.7   4:03.35 nts	1693187754544
904731 toao      20   0   20.8g   3.4g 114588 R 100.0   2.7   4:04.05 nts	1693187755248
904731 toao      20   0   20.8g   3.4g 114588 R  94.1   2.7   4:04.75 nts	1693187755952
904731 toao      20   0   20.8g   3.5g 114588 R 100.0   2.8   4:05.46 nts	1693187756657
904731 toao      20   0   20.8g   3.5g 114588 R 100.0   2.8   4:06.17 nts	1693187757360
904731 toao      20   0   20.8g   3.5g 114588 R 100.0   2.8   4:06.88 nts	1693187758068
904731 toao      20   0   20.8g   3.5g 114588 R 105.9   2.8   4:07.58 nts	1693187758772
904731 toao      20   0   20.8g   3.5g 114588 R 105.9   2.8   4:08.29 nts	1693187759476
904731 toao      20   0   20.8g   3.6g 114588 R 100.0   2.8   4:08.99 nts	1693187760185
904731 toao      20   0   20.8g   3.6g 114588 R 105.9   2.9   4:09.70 nts	1693187760888
904731 toao      20   0   20.8g   3.6g 114588 R 105.9   2.9   4:10.40 nts	1693187761593
904731 toao      20   0   20.8g   3.6g 114588 R  94.4   2.9   4:11.11 nts	1693187762301
904731 toao      20   0   30.1g   4.1g 257256 R 100.0   3.3   4:12.81 nts	1693187763007
904731 toao      20   0   31.0g   4.9g 371912 R 100.0   3.9   4:13.51 nts	1693187763707
904731 toao      20   0   32.1g   5.7g 514552 R 100.0   4.6   4:14.22 nts	1693187764411
904731 toao      20   0   33.1g   6.7g 526376 R 100.0   5.4   4:14.92 nts	1693187765118
904731 toao      20   0   33.1g   6.7g 526376 R 105.9   5.4   4:15.64 nts	1693187765826
904731 toao      20   0   33.1g   6.7g 526376 R 112.5   5.4   4:16.34 nts	1693187766533
904731 toao      20   0   44.3g   8.4g   2.2g R 100.0   6.7   4:17.04 nts	1693187767237
904731 toao      20   0   44.3g  10.7g   4.4g R 100.0   8.5   4:17.74 nts	1693187767941
904731 toao      20   0   44.3g  12.9g   6.7g R 100.0  10.3   4:18.45 nts	1693187768643
904731 toao      20   0   44.3g  15.2g   9.0g R 100.0  12.1   4:19.15 nts	1693187769347
904731 toao      20   0   44.3g  17.5g  11.2g R 112.5  13.9   4:19.86 nts	1693187770053
904731 toao      20   0   44.4g  17.9g  11.7g R 100.0  14.3   4:20.55 nts	1693187770756
904731 toao      20   0   44.4g  17.9g  11.7g R 100.0  14.3   4:21.26 nts	1693187771463
904731 toao      20   0   44.4g  17.9g  11.7g R 100.0  14.3   4:21.96 nts	1693187772168
904731 toao      20   0   44.4g  17.9g  11.7g R 100.0  14.3   4:22.67 nts	1693187772872
904731 toao      20   0   44.4g  17.9g  11.7g R 105.9  14.3   4:23.38 nts	1693187773577
904731 toao      20   0   44.4g  17.9g  11.7g R 105.9  14.3   4:24.09 nts	1693187774284
904731 toao      20   0   44.4g  17.9g  11.7g R 105.9  14.3   4:24.79 nts	1693187774988
904731 toao      20   0   44.4g  17.9g  11.7g R 105.9  14.3   4:25.49 nts	1693187775690
904731 toao      20   0   44.4g  17.9g  11.7g R 106.2  14.3   4:26.19 nts	1693187776392
904731 toao      20   0   44.4g  17.9g  11.7g R 100.0  14.3   4:26.89 nts	1693187777095
904731 toao      20   0   44.4g  17.9g  11.7g R  94.1  14.3   4:27.59 nts	1693187777800
904731 toao      20   0   44.4g  17.9g  11.7g R 106.2  14.3   4:28.30 nts	1693187778502
904731 toao      20   0   44.4g  17.9g  11.7g R 100.0  14.3   4:29.00 nts	1693187779204
904731 toao      20   0   44.4g  17.9g  11.7g R 100.0  14.3   4:29.70 nts	1693187779907
904731 toao      20   0   44.4g  17.9g  11.7g R 105.9  14.3   4:30.41 nts	1693187780608
904731 toao      20   0   44.4g  17.9g  11.7g R 100.0  14.3   4:31.11 nts	1693187781313
904731 toao      20   0   44.4g  17.9g  11.7g R 100.0  14.3   4:31.82 nts	1693187782016
904731 toao      20   0   44.4g  17.9g  11.7g R 100.0  14.3   4:32.52 nts	1693187782725
904731 toao      20   0   44.4g  17.9g  11.7g R 100.0  14.3   4:33.22 nts	1693187783427
904731 toao      20   0   44.4g  18.0g  11.7g R 105.9  14.3   4:33.93 nts	1693187784127
904731 toao      20   0   44.4g  18.0g  11.7g R 112.5  14.3   4:34.63 nts	1693187784832
904731 toao      20   0   44.4g  18.0g  11.7g R 100.0  14.3   4:35.33 nts	1693187785535
904731 toao      20   0   44.2g  18.0g  11.7g R 100.0  14.4   4:36.59 nts	1693187786239
904731 toao      20   0   44.5g  18.1g  11.7g R  2312  14.4   4:45.22 nts	1693187786937
904731 toao      20   0   44.5g  18.2g  11.7g R  1865  14.5   4:55.99 nts	1693187787643
904731 toao      20   0   44.5g  18.2g  11.7g R 376.5  14.5   5:07.24 nts	1693187788356
904731 toao      20   0   44.5g  18.1g  11.7g R  1424  14.5   5:21.45 nts	1693187789060
904731 toao      20   0   44.5g  18.1g  11.7g S  2881  14.4   5:36.03 nts	1693187789762
904731 toao      20   0   44.5g  18.2g  11.7g R  2244  14.5   5:47.37 nts	1693187790463
904731 toao      20   0   44.5g  18.2g  11.7g R  3169  14.5   6:02.82 nts	1693187791164
904731 toao      20   0   44.5g  18.1g  11.7g R  3969  14.4   6:17.65 nts	1693187791864
904731 toao      20   0   44.5g  18.2g  11.7g R  3141  14.5   6:31.03 nts	1693187792564
904731 toao      20   0   44.5g  18.2g  11.7g R  2735  14.5   6:44.64 nts	1693187793269
904731 toao      20   0   44.5g  18.1g  11.7g R  3606  14.4   6:59.80 nts	1693187793970
904731 toao      20   0   44.5g  18.2g  11.7g R  2794  14.5   7:12.10 nts	1693187794671
904731 toao      20   0   44.5g  18.2g  11.7g R  3376  14.5   7:26.94 nts	1693187795372
904731 toao      20   0   44.5g  18.2g  11.7g R  3600  14.5   7:40.88 nts	1693187796072
904731 toao      20   0   44.5g  18.2g  11.7g R  2218  14.5   7:53.06 nts	1693187796777
904731 toao      20   0   44.5g  18.2g  11.7g R  3047  14.5   8:08.26 nts	1693187797476
904731 toao      20   0   44.5g  18.1g  11.7g R  3541  14.4   8:22.81 nts	1693187798176
904731 toao      20   0   44.5g  18.1g  11.7g R  3518  14.4   8:36.52 nts	1693187798875
904731 toao      20   0   44.5g  18.1g  11.7g R  3206  14.4   8:50.41 nts	1693187799575
904731 toao      20   0   44.5g  18.1g  11.7g R  2682  14.5   9:04.78 nts	1693187800275
904731 toao      20   0   44.5g  18.1g  11.7g S  2871  14.4   9:18.68 nts	1693187800978
904731 toao      20   0   44.5g  18.1g  11.7g R  2941  14.4   9:32.57 nts	1693187801678
904731 toao      20   0   44.5g  18.1g  11.7g R  2453  14.5   9:46.50 nts	1693187802378
904731 toao      20   0   44.5g  18.1g  11.7g S  1588  14.4  10:00.18 nts	1693187803079
904731 toao      20   0   44.5g  18.1g  11.7g R  2471  14.5  10:13.78 nts	1693187803780
904731 toao      20   0   44.5g  18.1g  11.7g R  2047  14.5  10:27.23 nts	1693187804480
904731 toao      20   0   44.5g  18.1g  11.7g R  2062  14.4  10:40.79 nts	1693187805182
904731 toao      20   0   44.5g  18.1g  11.7g R  2606  14.5  10:54.95 nts	1693187805884
904731 toao      20   0   44.5g  18.1g  11.7g R  3606  14.4  11:08.55 nts	1693187806588
904731 toao      20   0   44.5g  18.1g  11.7g R  2594  14.5  11:22.04 nts	1693187807290
904731 toao      20   0   44.5g  18.2g  11.7g R  1875  14.5  11:35.68 nts	1693187807994
904731 toao      20   0   44.5g  18.1g  11.7g R  2529  14.4  11:49.11 nts	1693187808694
904731 toao      20   0   44.5g  18.2g  11.7g R  1847  14.5  11:59.64 nts	1693187809395
904731 toao      20   0   44.5g  18.2g  11.7g R 100.0  14.5  12:09.57 nts	1693187810097
904731 toao      20   0   44.5g  18.2g  11.7g R  1353  14.5  12:22.61 nts	1693187810796
904731 toao      20   0   44.5g  18.2g  11.7g R 529.4  14.5  12:35.39 nts	1693187811495
904731 toao      20   0   44.5g  18.2g  11.7g R  1229  14.5  12:48.29 nts	1693187812199
904731 toao      20   0   44.5g  18.2g  11.7g R 305.9  14.5  13:01.25 nts	1693187812901
904731 toao      20   0   44.5g  18.2g  11.7g R  1081  14.5  13:15.31 nts	1693187813603
904731 toao      20   0   44.5g  18.2g  11.7g R 717.6  14.5  13:27.98 nts	1693187814304
904731 toao      20   0   44.5g  18.2g  11.7g R  1153  14.5  13:42.44 nts	1693187815007
904731 toao      20   0   44.5g  18.2g  11.7g R  1794  14.5  13:56.85 nts	1693187815708
904731 toao      20   0   44.5g  18.2g  11.7g R 758.8  14.5  14:08.24 nts	1693187816408
904731 toao      20   0   44.5g  18.2g  11.7g R  1365  14.5  14:22.30 nts	1693187817111
904731 toao      20   0   44.5g  18.2g  11.7g R  2571  14.5  14:37.08 nts	1693187817811
904731 toao      20   0   44.5g  18.2g  11.7g R  3182  14.5  14:51.30 nts	1693187818513
904731 toao      20   0   44.5g  18.2g  11.7g R  3135  14.5  15:04.46 nts	1693187819221
904731 toao      20   0   44.5g  18.1g  11.7g R  3750  14.4  15:18.21 nts	1693187819924
904731 toao      20   0   44.5g  18.1g  11.7g S  3094  14.4  15:31.20 nts	1693187820623
904731 toao      20   0   44.5g  18.1g  11.7g R  2547  14.5  15:43.74 nts	1693187821323
904731 toao      20   0   44.5g  18.1g  11.7g R  1976  14.5  15:57.01 nts	1693187822027
904731 toao      20   0   44.5g  18.2g  11.7g R 582.4  14.5  16:09.71 nts	1693187822728
904731 toao      20   0   44.5g  18.1g  11.7g R 600.0  14.5  16:23.14 nts	1693187823426
904731 toao      20   0   44.5g  18.1g  11.7g S  2038  14.4  16:36.40 nts	1693187824123
904731 toao      20   0   44.5g  18.2g  11.7g R 533.3  14.5  16:43.96 nts	1693187824823
904731 toao      20   0   44.5g  18.1g  11.7g S 100.0  14.4  16:50.44 nts	1693187825534
904731 toao      20   0   44.5g  18.1g  11.7g R  2482  14.4  16:58.56 nts	1693187826234
904731 toao      20   0   44.5g  18.1g  11.7g R  2200  14.5  17:11.51 nts	1693187826936
904731 toao      20   0   44.5g  18.2g  11.7g R  1076  14.5  17:24.29 nts	1693187827638
904731 toao      20   0   44.5g  18.2g  11.7g R 505.9  14.5  17:37.24 nts	1693187828339
904731 toao      20   0   44.5g  18.2g  11.7g R 656.2  14.5  17:50.58 nts	1693187829043
904731 toao      20   0   44.5g  18.2g  11.7g R  1424  14.5  18:05.26 nts	1693187829743
904731 toao      20   0   44.5g  18.2g  11.7g R  2376  14.5  18:19.29 nts	1693187830448
904731 toao      20   0   99.6g  19.2g  12.6g R 211.8  15.3  18:30.92 nts	1693187831150
904731 toao      20   0  103.4g  20.6g  14.1g R 200.0  16.4  18:32.33 nts	1693187831857
904731 toao      20   0  109.5g  21.2g  14.5g S  2412  16.9  18:43.28 nts	1693187832564
904731 toao      20   0  111.5g  21.2g  14.5g S  2835  16.9  19:02.43 nts	1693187833267
904731 toao      20   0  110.9g  21.2g  14.5g S  2976  16.9  19:22.12 nts	1693187833970
904731 toao      20   0  111.4g  21.2g  14.5g S  2628  16.9  19:40.80 nts	1693187834671
904731 toao      20   0  111.4g  21.2g  14.5g S  3376  16.9  20:00.74 nts	1693187835376
904731 toao      20   0  111.4g  21.2g  14.5g S  2806  16.9  20:20.84 nts	1693187836077
904731 toao      20   0  112.0g  21.2g  14.5g S  2588  16.9  20:40.50 nts	1693187836779
904731 toao      20   0  111.4g  21.2g  14.5g S  2812  16.9  21:01.01 nts	1693187837479
904731 toao      20   0  111.4g  21.2g  14.5g S  2771  16.9  21:21.55 nts	1693187838183
904731 toao      20   0  111.6g  21.2g  14.5g S  2641  16.9  21:39.77 nts	1693187838888
904731 toao      20   0  111.9g  21.2g  14.5g S  2600  16.9  21:58.21 nts	1693187839591
904731 toao      20   0  111.9g  21.2g  14.5g S  2659  16.9  22:16.56 nts	1693187840299
904731 toao      20   0  111.9g  21.2g  14.5g S  1831  16.9  22:34.78 nts	1693187841004
904731 toao      20   0  112.5g  21.2g  14.5g S  3124  16.9  22:55.49 nts	1693187841706
904731 toao      20   0  131.2g  21.2g  14.5g S  2906  16.9  23:15.80 nts	1693187842409
904731 toao      20   0  131.8g  21.2g  14.5g S  3035  16.9  23:35.33 nts	1693187843111
904731 toao      20   0  131.8g  21.2g  14.5g S  2718  16.9  23:54.76 nts	1693187843814
904731 toao      20   0  131.2g  21.2g  14.5g S  2541  16.9  24:12.82 nts	1693187844518
904731 toao      20   0  131.2g  21.2g  14.5g S  2994  16.9  24:33.05 nts	1693187845220
904731 toao      20   0  131.7g  21.2g  14.5g S  2853  16.9  24:53.20 nts	1693187845921
904731 toao      20   0  131.2g  21.2g  14.5g S  2812  16.9  25:13.25 nts	1693187846625
904731 toao      20   0  131.2g  21.2g  14.5g S  2700  16.9  25:33.21 nts	1693187847330
904731 toao      20   0  131.8g  21.2g  14.5g S  2800  16.9  25:53.07 nts	1693187848032
904731 toao      20   0  131.9g  21.2g  14.5g S  2735  16.9  26:11.56 nts	1693187848734
904731 toao      20   0  131.6g  21.2g  14.5g S  2582  16.9  26:29.29 nts	1693187849439
904731 toao      20   0  132.1g  21.2g  14.5g S  3462  16.9  26:48.87 nts	1693187850142
904731 toao      20   0  131.6g  21.2g  14.5g S  2465  16.9  27:07.82 nts	1693187850844
904731 toao      20   0  131.6g  21.2g  14.5g S  3147  16.9  27:27.50 nts	1693187851546
904731 toao      20   0  132.3g  21.2g  14.5g S  2883  16.9  27:48.53 nts	1693187852247
904731 toao      20   0  132.9g  21.2g  14.5g S  2888  16.9  28:07.85 nts	1693187852963
904731 toao      20   0  132.3g  21.2g  14.5g S  2838  16.9  28:27.37 nts	1693187853662
904731 toao      20   0  132.3g  21.2g  14.5g S  2925  16.9  28:45.88 nts	1693187854363
904731 toao      20   0  132.9g  21.2g  14.5g S  3059  16.9  29:05.21 nts	1693187855064
904731 toao      20   0  132.9g  21.2g  14.5g S  2871  16.9  29:24.75 nts	1693187855767
904731 toao      20   0  132.3g  21.2g  14.5g S  2753  16.9  29:44.78 nts	1693187856471
904731 toao      20   0  132.3g  21.2g  14.5g S  2994  16.9  30:04.77 nts	1693187857173
904731 toao      20   0  132.7g  21.2g  14.5g S  2682  16.9  30:24.95 nts	1693187857883
904731 toao      20   0  132.9g  21.2g  14.5g S  2953  16.9  30:43.90 nts	1693187858588
904731 toao      20   0  132.9g  21.2g  14.5g S  3047  16.9  31:02.28 nts	1693187859291
904731 toao      20   0  132.3g  21.2g  14.5g S  3094  16.9  31:21.17 nts	1693187859991
904731 toao      20   0  132.3g  21.2g  14.5g S  2600  16.9  31:41.26 nts	1693187860694
904731 toao      20   0  132.3g  21.2g  14.5g S  2688  16.9  31:59.74 nts	1693187861396
904731 toao      20   0  132.3g  21.2g  14.5g S  2794  16.9  32:19.86 nts	1693187862102
904731 toao      20   0  132.3g  21.2g  14.5g S  2553  16.9  32:39.40 nts	1693187862800
904731 toao      20   0  132.3g  21.2g  14.5g S  3138  16.9  32:59.75 nts	1693187863504
904731 toao      20   0  132.3g  21.2g  14.5g S  2731  16.9  33:18.36 nts	1693187864203
904731 toao      20   0  132.9g  21.2g  14.5g S  3050  16.9  33:37.21 nts	1693187864903
904731 toao      20   0  132.9g  21.2g  14.5g S  3065  16.9  33:58.18 nts	1693187865607
904731 toao      20   0  132.9g  21.2g  14.5g S  2865  16.9  34:17.21 nts	1693187866306
904731 toao      20   0  132.9g  21.2g  14.5g S  2818  16.9  34:37.50 nts	1693187867011
904731 toao      20   0  132.9g  21.2g  14.5g S  2876  16.9  34:57.45 nts	1693187867712
904731 toao      20   0  132.3g  21.2g  14.5g S  2565  16.9  35:16.67 nts	1693187868417
904731 toao      20   0  132.4g  21.2g  14.5g S  2618  16.9  35:34.99 nts	1693187869121
904731 toao      20   0  133.0g  21.2g  14.5g S  3019  16.9  35:54.16 nts	1693187869822
904731 toao      20   0  132.4g  21.2g  14.5g S  2712  16.9  36:13.72 nts	1693187870523
904731 toao      20   0  133.0g  21.2g  14.5g S  3129  16.9  36:33.06 nts	1693187871225
904731 toao      20   0  131.8g  21.2g  14.5g S  2818  16.9  36:53.59 nts	1693187871928
904731 toao      20   0  133.0g  21.2g  14.5g S  2300  16.9  37:13.01 nts	1693187872632
904731 toao      20   0  133.0g  21.2g  14.5g S  3100  16.9  37:33.35 nts	1693187873335
904731 toao      20   0  132.4g  21.2g  14.5g S  2576  16.9  37:52.19 nts	1693187874036
904731 toao      20   0  132.4g  21.2g  14.5g S  2876  16.9  38:11.97 nts	1693187874738
904731 toao      20   0  132.4g  21.2g  14.5g S  2724  16.9  38:32.27 nts	1693187875442
904731 toao      20   0  132.4g  21.2g  14.5g S  2765  16.9  38:52.49 nts	1693187876147
904731 toao      20   0  132.4g  21.2g  14.5g S  2919  16.9  39:12.71 nts	1693187876852
904731 toao      20   0  133.0g  21.2g  14.5g S  3131  16.9  39:33.23 nts	1693187877554
904731 toao      20   0  133.0g  21.2g  14.5g S  2835  16.9  39:51.70 nts	1693187878255
904731 toao      20   0  132.4g  21.2g  14.5g S  3000  16.9  40:10.45 nts	1693187878958
904731 toao      20   0  132.4g  21.2g  14.5g S  2676  16.9  40:28.71 nts	1693187879658
904731 toao      20   0  133.0g  21.2g  14.5g S  2272  16.9  40:47.98 nts	1693187880360
904731 toao      20   0  132.4g  21.2g  14.5g S  2906  16.9  41:07.22 nts	1693187881067
904731 toao      20   0  132.4g  21.2g  14.5g S  2776  16.9  41:27.48 nts	1693187881771
904731 toao      20   0  133.0g  21.2g  14.5g S  2376  16.9  41:46.50 nts	1693187882471
904731 toao      20   0  133.0g  21.2g  14.5g S  2776  16.9  42:05.80 nts	1693187883171
904731 toao      20   0  132.4g  21.2g  14.5g S  2428  16.9  42:25.56 nts	1693187883871
904731 toao      20   0  133.0g  21.2g  14.5g S  2865  16.9  42:44.88 nts	1693187884580
904731 toao      20   0  132.4g  21.2g  14.5g S  3250  16.9  43:05.26 nts	1693187885283
904731 toao      20   0  132.4g  21.2g  14.5g S  2835  16.9  43:25.47 nts	1693187885983
904731 toao      20   0  132.4g  21.2g  14.5g S  2782  16.9  43:45.50 nts	1693187886689
904731 toao      20   0  132.4g  21.2g  14.5g S  2682  16.9  44:05.72 nts	1693187887389
904731 toao      20   0  132.4g  21.2g  14.5g S  2588  16.9  44:24.25 nts	1693187888094
904731 toao      20   0  133.1g  21.2g  14.5g S  2906  16.9  44:43.52 nts	1693187888797
904731 toao      20   0  132.6g  21.2g  14.5g S  2806  16.9  45:02.44 nts	1693187889500
904731 toao      20   0  132.6g  21.2g  14.5g S  2447  16.9  45:21.89 nts	1693187890204
904731 toao      20   0  132.9g  21.2g  14.5g S  2806  16.9  45:40.88 nts	1693187890908
904731 toao      20   0  131.9g  21.2g  14.5g S  2929  16.9  46:01.47 nts	1693187891611
904731 toao      20   0  132.6g  21.2g  14.5g S  2375  16.9  46:20.48 nts	1693187892313
904731 toao      20   0  133.1g  21.2g  14.5g S  3200  16.9  46:39.77 nts	1693187893014
904731 toao      20   0  132.6g  21.2g  14.5g S  2365  16.9  46:58.59 nts	1693187893715
904731 toao      20   0  132.6g  21.2g  14.5g S  2729  16.9  47:17.07 nts	1693187894415
904731 toao      20   0  132.6g  21.2g  14.5g S  2935  16.9  47:37.28 nts	1693187895116
904731 toao      20   0  133.1g  21.3g  14.5g S  2671  16.9  47:57.05 nts	1693187895819
904731 toao      20   0  132.6g  21.2g  14.5g S  3006  16.9  48:17.17 nts	1693187896522
904731 toao      20   0  132.6g  21.2g  14.5g S  3206  16.9  48:37.32 nts	1693187897235
904731 toao      20   0  132.6g  21.2g  14.5g S  2582  16.9  48:55.92 nts	1693187897936
904731 toao      20   0  133.1g  21.3g  14.5g S  2783  16.9  49:14.70 nts	1693187898636
904731 toao      20   0  132.6g  21.2g  14.5g S  3171  16.9  49:34.23 nts	1693187899346
904731 toao      20   0  132.6g  21.2g  14.5g S  2776  16.9  49:54.43 nts	1693187900048
904731 toao      20   0  132.6g  21.2g  14.5g S  2800  16.9  50:12.96 nts	1693187900753
904731 toao      20   0  131.3g  21.2g  14.5g S  3035  16.9  50:33.83 nts	1693187901459
904731 toao      20   0  132.7g  21.2g  14.5g S  2353  16.9  50:52.92 nts	1693187902160
904731 toao      20   0  132.6g  21.2g  14.5g S  2665  16.9  51:12.66 nts	1693187902861
904731 toao      20   0  133.1g  21.3g  14.5g S  1900  16.9  51:31.41 nts	1693187903563
904731 toao      20   0  132.6g  21.2g  14.5g S  2682  16.9  51:51.02 nts	1693187904267
904731 toao      20   0  133.1g  21.3g  14.5g S  3088  16.9  52:11.80 nts	1693187904968
904731 toao      20   0  133.1g  21.3g  14.5g S  2888  16.9  52:31.45 nts	1693187905671
904731 toao      20   0  132.6g  21.2g  14.5g S  2700  16.9  52:51.09 nts	1693187906375
904731 toao      20   0  132.6g  21.3g  14.5g S  2712  16.9  53:11.10 nts	1693187907076
904731 toao      20   0  132.6g  21.3g  14.5g S  2465  16.9  53:29.47 nts	1693187907779
904731 toao      20   0  132.6g  21.3g  14.5g S  3500  16.9  53:49.22 nts	1693187908495
904731 toao      20   0  132.6g  21.3g  14.5g S  2888  16.9  54:07.87 nts	1693187909195
904731 toao      20   0  132.6g  21.3g  14.5g S  2712  17.0  54:27.78 nts	1693187909899
904731 toao      20   0  132.6g  21.3g  14.5g S  2694  17.0  54:46.13 nts	1693187910600
904731 toao      20   0  131.4g  21.3g  14.5g S  2682  16.9  55:06.67 nts	1693187911303
904731 toao      20   0  133.3g  21.3g  14.5g S  2624  17.0  55:25.50 nts	1693187912006
904731 toao      20   0  132.8g  21.3g  14.5g S  2694  17.0  55:44.25 nts	1693187912707
904731 toao      20   0  132.7g  21.3g  14.5g S  2300  17.0  56:03.73 nts	1693187913410
904731 toao      20   0  132.7g  21.3g  14.5g S  2659  17.0  56:22.64 nts	1693187914111
904731 toao      20   0  132.7g  21.3g  14.5g S  2982  17.0  56:42.47 nts	1693187914813
904731 toao      20   0  132.7g  21.3g  14.5g S  2753  17.0  57:02.32 nts	1693187915519
904731 toao      20   0  132.7g  21.3g  14.5g S  2939  17.0  57:22.74 nts	1693187916220
904731 toao      20   0  132.7g  21.3g  14.5g S  2765  17.0  57:42.88 nts	1693187916929
904731 toao      20   0  132.7g  21.3g  14.5g S  2306  17.0  58:01.38 nts	1693187917633
904731 toao      20   0  133.3g  21.3g  14.5g S  3275  17.0  58:20.33 nts	1693187918334
904731 toao      20   0  132.7g  21.3g  14.5g S  2719  17.0  58:39.22 nts	1693187919033
904731 toao      20   0  132.7g  21.3g  14.5g S  3047  17.0  58:59.38 nts	1693187919737
904731 toao      20   0  132.7g  21.3g  14.5g S  3076  17.0  59:17.86 nts	1693187920439
904731 toao      20   0  131.4g  21.3g  14.5g S  2847  17.0  59:37.97 nts	1693187921138
904731 toao      20   0  132.1g  21.3g  14.5g S  2735  17.0  59:57.68 nts	1693187921840
904731 toao      20   0  132.7g  21.3g  14.5g S  2718  17.0  60:15.94 nts	1693187922540
904731 toao      20   0  132.7g  21.3g  14.5g S  2888  17.0  60:35.84 nts	1693187923242
904731 toao      20   0  132.7g  21.3g  14.5g S  2656  17.0  60:54.34 nts	1693187923943
904731 toao      20   0  132.7g  21.3g  14.5g S  2806  17.0  61:14.22 nts	1693187924643
904731 toao      20   0  132.8g  21.3g  14.5g S  2776  17.0  61:34.51 nts	1693187925344
904731 toao      20   0  132.7g  21.3g  14.5g S  2871  17.0  61:54.52 nts	1693187926048
904731 toao      20   0  132.7g  21.3g  14.5g S  2729  17.0  62:14.38 nts	1693187926748
904731 toao      20   0  132.7g  21.3g  14.5g S  2653  17.0  62:34.42 nts	1693187927452
904731 toao      20   0  132.7g  21.3g  14.5g S  2871  17.0  62:52.67 nts	1693187928157
904731 toao      20   0  133.3g  21.3g  14.5g S  2459  17.0  63:12.14 nts	1693187928858
904731 toao      20   0  132.7g  21.3g  14.5g S  3000  17.0  63:32.75 nts	1693187929564
904731 toao      20   0  132.7g  21.3g  14.5g S  2847  17.0  63:51.55 nts	1693187930267
904731 toao      20   0  128.8g  21.3g  14.5g R  1847  17.0  64:10.90 nts	1693187930972
904731 toao      20   0       0      0      0 Z 100.0   0.0  64:11.60 nts	1693187931669
904731 toao      20   0       0      0      0 Z  94.1   0.0  64:12.29 nts	1693187932377
904731 toao      20   0       0      0      0 Z  94.4   0.0  64:12.98 nts	1693187933081
904731 toao      20   0       0      0      0 Z  88.9   0.0  64:13.66 nts	1693187933790
904731 toao      20   0       0      0      0 Z 100.0   0.0  64:14.37 nts	1693187934500
