203963 root      20   0 2535776  98528  67628 R 100.0   0.0   0:00.18 nts	1696910298170
203963 root      20   0 9599564 214792 114008 R  8788   0.0   0:30.21 nts	1696910298871
203963 root      20   0 9672328 279356 114292 R 194.1   0.0   0:53.20 nts	1696910299579
203963 root      20   0 9672328 279356 114292 R 200.0   0.0   0:54.57 nts	1696910300271
203963 root      20   0 9672328 279356 114292 R 200.0   0.0   0:55.92 nts	1696910300963
203963 root      20   0 9672328 279356 114292 R 194.1   0.0   0:57.30 nts	1696910301654
203963 root      20   0 9672328 279356 114292 R 194.1   0.0   0:58.67 nts	1696910302349
203963 root      20   0 9672328 279356 114292 R 200.0   0.0   1:00.04 nts	1696910303040
203963 root      20   0 9672328 279356 114292 R 206.2   0.0   1:01.41 nts	1696910303733
203963 root      20   0 9672328 279356 114292 R 200.0   0.0   1:02.77 nts	1696910304424
203963 root      20   0 9672328 279356 114292 R 206.2   0.0   1:04.15 nts	1696910305113
203963 root      20   0   10.5g 730876 114292 R  2100   0.1   1:08.69 nts	1696910305807
203963 root      20   0   10.5g 785656 114292 R  1335   0.1   1:18.35 nts	1696910306503
203963 root      20   0   10.5g 796292 114292 R  1188   0.1   1:27.70 nts	1696910307198
203963 root      20   0   10.5g 797316 114292 R  1306   0.1   1:36.65 nts	1696910307893
203963 root      20   0   15.5g 801876 114328 R 182.4   0.1   1:42.61 nts	1696910308588
203963 root      20   0   15.5g 806100 114328 R 188.2   0.1   1:43.95 nts	1696910309279
203963 root      20   0   15.5g 811116 114328 R 194.1   0.1   1:45.30 nts	1696910309967
203963 root      20   0   15.5g 815076 114328 R 182.4   0.1   1:46.63 nts	1696910310659
203963 root      20   0   16.8g 857712 114328 S 158.8   0.1   1:47.93 nts	1696910311350
203963 root      20   0   16.8g 984000 114328 R 425.0   0.1   1:50.83 nts	1696910312041
203963 root      20   0   16.8g   1.1g 114328 R 400.0   0.1   1:53.70 nts	1696910312735
203963 root      20   0   16.8g   1.2g 114328 R 411.8   0.2   1:56.65 nts	1696910313430
203963 root      20   0   21.8g   1.3g 114328 R  94.1   0.2   1:59.51 nts	1696910314124
203963 root      20   0   21.8g   1.3g 114328 R  94.1   0.2   2:00.20 nts	1696910314816
203963 root      20   0   21.8g   1.3g 114328 R 100.0   0.2   2:00.89 nts	1696910315510
203963 root      20   0   21.8g   1.3g 114328 R  94.1   0.2   2:01.58 nts	1696910316196
203963 root      20   0   21.8g   1.3g 114328 R 105.9   0.2   2:02.28 nts	1696910316885
203963 root      20   0   21.8g   1.3g 114328 R 100.0   0.2   2:02.96 nts	1696910317576
203963 root      20   0   22.3g   1.7g 114328 R 106.2   0.2   2:03.65 nts	1696910318265
203963 root      20   0   22.3g   1.7g 114328 R 100.0   0.2   2:04.33 nts	1696910318953
203963 root      20   0   22.3g   1.7g 114328 R 100.0   0.2   2:05.03 nts	1696910319640
203963 root      20   0   22.3g   1.8g 114328 R 106.2   0.2   2:05.71 nts	1696910320327
203963 root      20   0   22.3g   1.8g 114328 R 100.0   0.2   2:06.39 nts	1696910321013
203963 root      20   0   22.3g   1.8g 114328 R  94.1   0.2   2:07.08 nts	1696910321699
203963 root      20   0   22.3g   1.8g 114328 R  94.1   0.2   2:07.77 nts	1696910322388
203963 root      20   0   22.3g   1.8g 114328 R  94.1   0.2   2:08.46 nts	1696910323079
203963 root      20   0   22.3g   1.8g 114328 R 100.0   0.2   2:09.15 nts	1696910323766
203963 root      20   0   22.3g   1.8g 114328 R 100.0   0.2   2:09.83 nts	1696910324453
203963 root      20   0   22.3g   1.8g 114328 R  94.1   0.2   2:10.52 nts	1696910325139
203963 root      20   0   22.3g   1.8g 114328 R 100.0   0.2   2:11.21 nts	1696910325826
203963 root      20   0   22.3g   1.8g 114328 R 100.0   0.2   2:11.89 nts	1696910326512
203963 root      20   0   22.3g   1.8g 114328 R 100.0   0.2   2:12.58 nts	1696910327197
203963 root      20   0   22.3g   1.8g 114328 R 100.0   0.2   2:13.26 nts	1696910327884
203963 root      20   0   22.3g   1.8g 114328 R  94.1   0.2   2:13.95 nts	1696910328570
203963 root      20   0   22.3g   1.8g 114328 R  94.1   0.2   2:14.63 nts	1696910329257
203963 root      20   0   22.3g   1.8g 114328 R 100.0   0.2   2:15.32 nts	1696910329944
203963 root      20   0   22.3g   1.8g 114328 R 100.0   0.2   2:16.02 nts	1696910330631
203963 root      20   0   22.3g   1.8g 114328 R 100.0   0.2   2:16.71 nts	1696910331324
203963 root      20   0   22.3g   1.8g 114328 R 106.2   0.2   2:17.40 nts	1696910332016
203963 root      20   0   22.3g   1.8g 114328 R 100.0   0.2   2:18.09 nts	1696910332703
203963 root      20   0   22.3g   1.8g 114328 R  94.1   0.2   2:18.78 nts	1696910333395
203963 root      20   0   22.3g   1.8g 114328 R 100.0   0.2   2:19.47 nts	1696910334084
203963 root      20   0   22.3g   1.8g 114328 R 100.0   0.2   2:20.17 nts	1696910334777
203963 root      20   0   22.3g   1.8g 114328 R 100.0   0.2   2:20.86 nts	1696910335471
203963 root      20   0   22.3g   1.8g 114328 R 106.2   0.2   2:21.55 nts	1696910336163
203963 root      20   0   22.3g   1.8g 114328 R 100.0   0.2   2:22.25 nts	1696910336856
203963 root      20   0   22.3g   1.8g 114328 R  94.1   0.2   2:22.93 nts	1696910337547
203963 root      20   0   22.3g   1.8g 114328 R 105.9   0.2   2:23.63 nts	1696910338235
203963 root      20   0   22.4g   1.8g 115392 R  88.2   0.2   2:24.73 nts	1696910338928
203963 root      20   0   54.8g   1.8g 115392 D   0.0   0.2   2:25.08 nts	1696910339620
203963 root      20   0   55.7g   2.2g 281396 R 100.0   0.3   2:25.61 nts	1696910340310
203963 root      20   0   55.9g   2.4g 316560 R  70.6   0.3   2:25.93 nts	1696910341000
203963 root      20   0   56.3g   2.8g 371940 D  47.1   0.4   2:26.53 nts	1696910341688
203963 root      20   0   56.6g   3.1g 407496 R 106.2   0.4   2:26.95 nts	1696910342382
203963 root      20   0   56.9g   3.4g 483184 D  12.5   0.5   2:27.31 nts	1696910343072
203963 root      20   0   58.7g   4.0g   1.0g R 423.5   0.6   2:29.52 nts	1696910343764
203963 root      20   0   58.7g   4.2g   1.1g R 258.8   0.6   2:31.39 nts	1696910344457
203963 root      20   0   61.6g   4.6g   1.2g R 241.2   0.6   2:33.43 nts	1696910345145
203963 root      20   0   61.9g   4.7g   1.2g R 176.5   0.6   2:34.59 nts	1696910345841
203963 root      20   0   62.7g   4.8g   1.2g R 188.2   0.7   2:36.26 nts	1696910346536
203963 root      20   0   62.8g   4.9g   1.2g R 250.0   0.7   2:37.53 nts	1696910347232
203963 root      20   0   63.3g   5.0g   1.2g R 100.0   0.7   2:38.73 nts	1696910347928
203963 root      20   0   63.5g   5.3g   1.2g R 270.6   0.7   2:40.43 nts	1696910348621
203963 root      20   0   63.7g   5.5g   1.2g R 282.4   0.8   2:41.72 nts	1696910349316
203963 root      20   0   63.8g   5.6g   1.2g R 112.5   0.8   2:43.12 nts	1696910350012
203963 root      20   0   64.0g   5.8g   1.2g R 223.5   0.8   2:44.55 nts	1696910350706
203963 root      20   0   64.2g   5.9g   1.2g R 205.9   0.8   2:45.69 nts	1696910351400
203963 root      20   0   64.7g   6.1g   1.2g R 158.8   0.8   2:47.18 nts	1696910352096
203963 root      20   0   65.1g   6.3g   1.2g R 270.6   0.9   2:48.55 nts	1696910352794
203963 root      20   0   65.3g   6.4g   1.2g R 105.9   0.9   2:49.80 nts	1696910353489
203963 root      20   0   65.9g   6.7g   1.2g R 250.0   0.9   2:51.46 nts	1696910354182
203963 root      20   0   66.0g   6.8g   1.2g R 252.9   0.9   2:52.83 nts	1696910354878
203963 root      20   0   66.3g   6.9g   1.2g R 100.0   0.9   2:54.12 nts	1696910355573
203963 root      20   0   66.7g   7.1g   1.2g R 235.3   1.0   2:55.68 nts	1696910356266
203963 root      20   0   66.8g   7.1g   1.2g R 211.8   1.0   2:56.78 nts	1696910356960
203963 root      20   0   67.7g   7.1g   1.2g R 706.2   1.0   2:59.29 nts	1696910357651
203963 root      20   0   68.3g   7.1g   1.2g R 600.0   1.0   3:02.16 nts	1696910358339
203963 root      20   0   70.1g   7.1g   1.2g R 529.4   1.0   3:06.13 nts	1696910359028
203963 root      20   0   71.4g   7.4g   1.5g R 276.5   1.0   3:07.56 nts	1696910359719
203963 root      20   0   72.3g   7.4g   1.5g R 641.2   1.0   3:11.59 nts	1696910360410
203963 root      20   0   73.3g   7.4g   1.5g R 605.9   1.0   3:14.99 nts	1696910361101
203963 root      20   0   75.8g   7.7g   1.8g R 282.4   1.1   3:18.68 nts	1696910361788
203963 root      20   0   76.3g   8.2g   2.3g R 100.0   1.1   3:19.50 nts	1696910362476
203963 root      20   0   76.3g   8.2g   2.3g R 100.0   1.1   3:20.20 nts	1696910363164
203963 root      20   0   76.3g   8.2g   2.3g R  94.1   1.1   3:20.88 nts	1696910363856
203963 root      20   0   77.3g   9.1g   3.2g R 100.0   1.3   3:21.58 nts	1696910364547
203963 root      20   0   77.3g   9.1g   3.2g R 100.0   1.3   3:22.27 nts	1696910365241
203963 root      20   0   77.3g   9.1g   3.2g R 106.2   1.3   3:22.96 nts	1696910365932
203963 root      20   0   77.3g   9.1g   3.2g R 100.0   1.3   3:23.65 nts	1696910366623
203963 root      20   0   77.3g   9.1g   3.2g R 100.0   1.3   3:24.34 nts	1696910367313
203963 root      20   0   77.3g   9.1g   3.2g R  94.1   1.3   3:25.03 nts	1696910368000
203963 root      20   0   77.3g   9.1g   3.2g R 100.0   1.3   3:25.73 nts	1696910368690
203963 root      20   0   77.3g   9.1g   3.2g R  94.1   1.3   3:26.41 nts	1696910369379
203963 root      20   0   77.3g   9.1g   3.2g R  94.1   1.3   3:27.10 nts	1696910370069
203963 root      20   0   77.3g   9.1g   3.2g R  94.1   1.3   3:27.79 nts	1696910370758
203963 root      20   0   77.3g   9.1g   3.2g R 100.0   1.3   3:28.49 nts	1696910371446
203963 root      20   0   77.3g   9.1g   3.2g R 100.0   1.3   3:29.18 nts	1696910372137
203963 root      20   0   77.3g   9.1g   3.2g R  94.1   1.3   3:29.87 nts	1696910372826
203963 root      20   0   77.3g   9.1g   3.2g R  94.1   1.3   3:30.55 nts	1696910373517
203963 root      20   0   77.3g   9.1g   3.2g R 100.0   1.3   3:31.25 nts	1696910374208
203963 root      20   0   77.3g   9.1g   3.2g R 100.0   1.3   3:31.94 nts	1696910374897
203963 root      20   0   77.3g   9.1g   3.2g R 100.0   1.3   3:32.63 nts	1696910375587
203963 root      20   0   77.3g   9.1g   3.2g R 106.2   1.3   3:33.32 nts	1696910376276
203963 root      20   0   77.3g   9.1g   3.2g R 100.0   1.3   3:34.00 nts	1696910376964
203963 root      20   0   77.3g   9.1g   3.2g R 100.0   1.3   3:34.69 nts	1696910377654
203963 root      20   0   77.3g   9.1g   3.2g R 100.0   1.3   3:35.39 nts	1696910378343
203963 root      20   0   77.3g   9.1g   3.2g R 100.0   1.3   3:36.08 nts	1696910379033
203963 root      20   0   77.3g   9.1g   3.2g R 100.0   1.3   3:36.77 nts	1696910379720
203963 root      20   0   77.3g   9.1g   3.2g R  94.1   1.3   3:37.46 nts	1696910380410
203963 root      20   0   77.3g   9.1g   3.2g R 100.0   1.3   3:38.15 nts	1696910381101
203963 root      20   0   77.3g   9.1g   3.2g R  94.1   1.3   3:38.84 nts	1696910381788
203963 root      20   0   77.3g   9.1g   3.2g R 100.0   1.3   3:39.53 nts	1696910382479
203963 root      20   0   77.3g   9.1g   3.2g R  94.1   1.3   3:40.22 nts	1696910383170
203963 root      20   0   77.3g   9.1g   3.2g R  94.1   1.3   3:40.91 nts	1696910383860
203963 root      20   0   77.3g   9.1g   3.2g R  94.1   1.3   3:41.60 nts	1696910384548
203963 root      20   0   77.3g   9.1g   3.2g R 100.0   1.3   3:42.30 nts	1696910385239
203963 root      20   0   77.3g   9.1g   3.2g R  94.1   1.3   3:42.98 nts	1696910385929
203963 root      20   0   77.3g   9.1g   3.2g R 106.2   1.3   3:43.68 nts	1696910386621
203963 root      20   0   77.3g   9.1g   3.2g R 100.0   1.3   3:44.37 nts	1696910387309
203963 root      20   0   77.3g   9.1g   3.2g R 100.0   1.3   3:45.06 nts	1696910387999
203963 root      20   0   77.3g   9.1g   3.2g R 100.0   1.3   3:45.75 nts	1696910388688
203963 root      20   0   77.3g   9.1g   3.2g R  94.1   1.3   3:46.43 nts	1696910389377
203963 root      20   0   77.3g   9.1g   3.2g R 100.0   1.3   3:47.13 nts	1696910390065
203963 root      20   0   77.3g   9.1g   3.2g R  94.1   1.3   3:47.81 nts	1696910390756
203963 root      20   0   77.3g   9.1g   3.2g R  94.1   1.3   3:48.51 nts	1696910391447
203963 root      20   0   77.3g   9.1g   3.2g R 100.0   1.3   3:49.20 nts	1696910392137
203963 root      20   0   77.3g   9.1g   3.2g R 106.2   1.3   3:49.89 nts	1696910392824
203963 root      20   0   77.3g   9.1g   3.2g R 100.0   1.3   3:50.58 nts	1696910393514
203963 root      20   0   77.3g   9.1g   3.2g R 100.0   1.3   3:51.26 nts	1696910394204
203963 root      20   0   77.3g   9.1g   3.2g R 106.2   1.3   3:51.96 nts	1696910394894
203963 root      20   0   77.3g   9.1g   3.2g R 106.2   1.3   3:52.65 nts	1696910395582
203963 root      20   0   77.3g   9.1g   3.2g R 100.0   1.3   3:53.34 nts	1696910396271
203963 root      20   0   77.3g   9.1g   3.2g R 100.0   1.3   3:54.03 nts	1696910396961
203963 root      20   0   77.3g   9.1g   3.2g R  94.1   1.3   3:54.71 nts	1696910397649
203963 root      20   0   77.3g   9.1g   3.2g R  94.1   1.3   3:55.41 nts	1696910398339
203963 root      20   0   77.3g   9.1g   3.2g R  94.1   1.3   3:56.10 nts	1696910399028
203963 root      20   0   77.3g   9.1g   3.2g R  94.1   1.3   3:56.79 nts	1696910399720
203963 root      20   0   77.3g   9.1g   3.2g R  94.1   1.3   3:57.48 nts	1696910400411
203963 root      20   0   77.3g   9.1g   3.2g R 100.0   1.3   3:58.17 nts	1696910401102
203963 root      20   0   77.3g   9.1g   3.2g R 100.0   1.3   3:58.86 nts	1696910401792
203963 root      20   0   77.3g   9.1g   3.2g R 100.0   1.3   3:59.55 nts	1696910402482
203963 root      20   0   77.3g   9.1g   3.2g R 100.0   1.3   4:00.25 nts	1696910403170
203963 root      20   0   77.3g   9.1g   3.2g R  94.1   1.3   4:00.94 nts	1696910403860
203963 root      20   0   77.3g   9.1g   3.2g R  94.1   1.3   4:01.62 nts	1696910404549
203963 root      20   0   77.3g   9.1g   3.2g R  94.1   1.3   4:02.31 nts	1696910405236
203963 root      20   0   77.3g   9.1g   3.2g R  94.1   1.3   4:03.00 nts	1696910405926
203963 root      20   0   77.3g   9.1g   3.2g R  94.1   1.3   4:03.69 nts	1696910406615
203963 root      20   0   77.3g   9.1g   3.2g R  94.1   1.3   4:04.38 nts	1696910407305
203963 root      20   0   77.3g   9.1g   3.2g R 106.2   1.3   4:05.08 nts	1696910407994
203963 root      20   0   77.3g   9.1g   3.2g R 100.0   1.3   4:05.76 nts	1696910408683
203963 root      20   0   77.3g   9.1g   3.2g R 100.0   1.3   4:06.46 nts	1696910409374
203963 root      20   0   77.3g   9.1g   3.2g R 100.0   1.3   4:07.15 nts	1696910410065
203963 root      20   0   77.3g   9.1g   3.2g R 100.0   1.3   4:07.83 nts	1696910410752
203963 root      20   0   77.3g   9.1g   3.2g R 106.2   1.3   4:08.53 nts	1696910411442
203963 root      20   0   77.3g   9.1g   3.2g R 100.0   1.3   4:09.22 nts	1696910412132
203963 root      20   0   77.3g   9.1g   3.2g R 100.0   1.3   4:09.91 nts	1696910412822
203963 root      20   0   77.3g   9.1g   3.2g R 100.0   1.3   4:10.60 nts	1696910413512
203963 root      20   0   77.3g   9.1g   3.2g R  94.1   1.3   4:11.29 nts	1696910414199
203963 root      20   0   77.3g   9.1g   3.2g R  94.1   1.3   4:11.98 nts	1696910414890
203963 root      20   0   77.3g   9.1g   3.2g R 100.0   1.3   4:12.68 nts	1696910415580
203963 root      20   0   77.3g   9.1g   3.2g R  94.1   1.3   4:13.36 nts	1696910416267
203963 root      20   0   77.3g   9.1g   3.2g R  94.1   1.3   4:14.05 nts	1696910416957
203963 root      20   0   77.3g   9.1g   3.2g R 100.0   1.3   4:14.74 nts	1696910417647
203963 root      20   0   77.3g   9.1g   3.2g R 100.0   1.3   4:15.44 nts	1696910418339
203963 root      20   0   77.3g   9.1g   3.2g R 100.0   1.3   4:16.13 nts	1696910419029
203963 root      20   0   77.3g   9.1g   3.2g R  94.1   1.3   4:16.81 nts	1696910419717
203963 root      20   0   77.3g   9.1g   3.2g R  94.1   1.3   4:17.50 nts	1696910420407
203963 root      20   0   77.3g   9.1g   3.2g R 100.0   1.3   4:18.20 nts	1696910421096
203963 root      20   0   77.3g   9.1g   3.2g R 100.0   1.3   4:18.88 nts	1696910421784
203963 root      20   0   77.3g   9.1g   3.2g R 106.2   1.3   4:19.58 nts	1696910422474
203963 root      20   0   77.3g   9.1g   3.2g R 106.2   1.3   4:20.27 nts	1696910423163
203963 root      20   0   77.3g   9.1g   3.2g R  94.1   1.3   4:20.95 nts	1696910423850
203963 root      20   0   77.3g   9.1g   3.2g R  94.1   1.3   4:21.64 nts	1696910424540
203963 root      20   0   77.3g   9.1g   3.2g R 100.0   1.3   4:22.34 nts	1696910425229
203963 root      20   0   77.3g   9.1g   3.2g R 100.0   1.3   4:23.03 nts	1696910425919
203963 root      20   0   77.3g   9.1g   3.2g R  94.1   1.3   4:23.71 nts	1696910426610
203963 root      20   0   77.3g   9.1g   3.2g R  94.1   1.3   4:24.41 nts	1696910427298
203963 root      20   0   77.3g   9.1g   3.2g R  94.1   1.3   4:25.09 nts	1696910427989
203963 root      20   0   77.3g   9.1g   3.2g R  94.1   1.3   4:25.78 nts	1696910428678
203963 root      20   0   77.3g   9.1g   3.2g R  94.1   1.3   4:26.47 nts	1696910429365
203963 root      20   0   77.3g   9.1g   3.2g R  94.1   1.3   4:27.16 nts	1696910430055
203963 root      20   0   77.3g   9.1g   3.2g R 100.0   1.3   4:27.85 nts	1696910430745
203963 root      20   0   77.3g   9.1g   3.2g R 106.2   1.3   4:28.55 nts	1696910431434
203963 root      20   0   77.3g   9.1g   3.2g R 106.2   1.3   4:29.24 nts	1696910432124
203963 root      20   0   77.3g   9.1g   3.2g R 100.0   1.3   4:29.92 nts	1696910432811
203963 root      20   0   77.3g   9.1g   3.2g R 100.0   1.3   4:30.62 nts	1696910433501
203963 root      20   0   77.3g   9.1g   3.2g R  94.1   1.3   4:31.31 nts	1696910434195
203963 root      20   0   77.3g   9.1g   3.2g R 106.2   1.3   4:32.00 nts	1696910434886
203963 root      20   0   77.3g   9.1g   3.2g R 106.2   1.3   4:32.69 nts	1696910435573
203963 root      20   0   77.7g   9.1g   3.2g R 100.0   1.3   4:33.38 nts	1696910436263
203963 root      20   0   77.8g   9.2g   3.2g R 100.0   1.3   4:34.13 nts	1696910436955
203963 root      20   0   77.9g   9.3g   3.2g D   0.0   1.3   4:34.64 nts	1696910437649
203963 root      20   0   78.0g   9.4g   3.2g R 100.0   1.3   4:35.15 nts	1696910438340
203963 root      20   0   78.1g   9.4g   3.2g R  25.0   1.3   4:35.45 nts	1696910439033
203963 root      20   0   78.5g   9.5g   3.2g D  93.8   1.3   4:36.13 nts	1696910439721
203963 root      20   0   78.7g   9.6g   3.2g R  94.1   1.3   4:36.46 nts	1696910440410
203963 root      20   0   78.9g   9.7g   3.2g D   5.9   1.3   4:36.89 nts	1696910441100
203963 root      20   0       0      0      0 R 100.0   0.0   4:37.58 nts	1696910441792
203963 root      20   0       0      0      0 R  75.0   0.0   4:37.93 nts	1696910442483
203963 root      20   0       0      0      0 R  68.8   0.0   4:38.53 nts	1696910443174
203963 root      20   0       0      0      0 R  68.8   0.0   4:38.74 nts	1696910443862
203963 root      20   0       0      0      0 R 100.0   0.0   4:39.43 nts	1696910444551
