1216231 toao      20   0 2568708 100784  68152 R 100.0   0.1   0:00.17 nts	1688468642735
1216231 toao      20   0 5283440 201292 114884 R  3131   0.1   0:14.68 nts	1688468643452
1216231 toao      20   0 5324876 222204 115208 R 200.0   0.1   0:24.07 nts	1688468644137
1216231 toao      20   0 5324876 222204 115208 R 200.0   0.1   0:25.43 nts	1688468644816
1216231 toao      20   0 5324876 222204 115208 R 206.2   0.1   0:26.79 nts	1688468645501
1216231 toao      20   0 5324876 222204 115208 R 206.2   0.1   0:28.15 nts	1688468646186
1216231 toao      20   0 5324876 222204 115208 S 200.0   0.1   0:29.51 nts	1688468646875
1216231 toao      20   0 5324876 222204 115208 R 200.0   0.1   0:30.89 nts	1688468647564
1216231 toao      20   0 5324876 222204 115208 R 206.2   0.1   0:32.25 nts	1688468648253
1216231 toao      20   0 6477756 586196 115336 R  1150   0.3   0:38.57 nts	1688468648938
1216231 toao      20   0 6477756 628572 115336 R 987.5   0.3   0:44.87 nts	1688468649621
1216231 toao      20   0 6477756 656396 115336 R 950.0   0.3   0:51.32 nts	1688468650303
1216231 toao      20   0 6477756 672052 115336 R  1131   0.3   0:58.03 nts	1688468650984
1216231 toao      20   0 7614048 674332 115408 R 206.2   0.3   1:01.65 nts	1688468651667
1216231 toao      20   0 7614048 674592 115408 R 206.2   0.3   1:03.02 nts	1688468652357
1216231 toao      20   0 7614048 674856 115408 R 200.0   0.3   1:04.40 nts	1688468653044
1216231 toao      20   0 7614048 675120 115408 R 212.5   0.3   1:05.76 nts	1688468653731
1216231 toao      20   0 7614048 675120 115408 R 200.0   0.3   1:07.12 nts	1688468654420
1216231 toao      20   0 7614048 675120 115408 R 206.2   0.3   1:08.49 nts	1688468655105
1216231 toao      20   0 7614048 675384 115408 R 206.2   0.3   1:09.86 nts	1688468655788
1216231 toao      20   0 7614048 675384 115408 R 200.0   0.3   1:11.23 nts	1688468656475
1216231 toao      20   0 7614048 675384 115408 R 194.1   0.3   1:12.59 nts	1688468657164
1216231 toao      20   0 7614048 675648 115408 R 200.0   0.3   1:13.96 nts	1688468657849
1216231 toao      20   0 7614048 675648 115408 R 206.2   0.3   1:15.33 nts	1688468658536
1216231 toao      20   0 7614048 675648 115408 R 200.0   0.3   1:16.71 nts	1688468659224
1216231 toao      20   0 7614048 675912 115408 R 206.2   0.3   1:18.07 nts	1688468659911
1216231 toao      20   0 7614048 675912 115408 R 200.0   0.3   1:19.43 nts	1688468660599
1216231 toao      20   0 7614048 675912 115408 R 206.2   0.3   1:20.81 nts	1688468661288
1216231 toao      20   0 7614048 675912 115408 R 206.2   0.3   1:22.18 nts	1688468661976
1216231 toao      20   0 7614048 675912 115408 R 206.2   0.3   1:23.55 nts	1688468662661
1216231 toao      20   0 8765952 732000 115408 R 743.8   0.4   1:26.50 nts	1688468663346
1216231 toao      20   0 8765952 842080 115408 R 812.5   0.4   1:31.10 nts	1688468664030
1216231 toao      20   0 8765952 980148 115408 R 741.2   0.5   1:36.66 nts	1688468664712
1216231 toao      20   0 8765952   1.0g 115408 R 612.5   0.6   1:41.17 nts	1688468665398
1216231 toao      20   0 9819460   1.1g 115408 R  94.1   0.6   1:45.01 nts	1688468666090
1216231 toao      20   0 9819460   1.1g 115408 R 100.0   0.6   1:45.71 nts	1688468666781
1216231 toao      20   0    9.8g   1.3g 115408 R 106.2   0.7   1:46.39 nts	1688468667471
1216231 toao      20   0    9.8g   1.4g 115408 R 106.2   0.8   1:47.08 nts	1688468668160
1216231 toao      20   0    9.8g   1.4g 115408 R 106.2   0.8   1:47.77 nts	1688468668848
1216231 toao      20   0    9.8g   1.5g 115408 R 106.2   0.8   1:48.46 nts	1688468669536
1216231 toao      20   0    9.8g   1.5g 115408 R 100.0   0.8   1:49.14 nts	1688468670225
1216231 toao      20   0    9.8g   1.5g 115408 R 100.0   0.8   1:49.83 nts	1688468670915
1216231 toao      20   0   15.1g   2.0g 267680 R 100.0   1.1   1:50.99 nts	1688468671602
1216231 toao      20   0   16.1g   2.9g 413788 R 106.2   1.5   1:51.68 nts	1688468672292
1216231 toao      20   0   17.2g   3.8g 508968 R 106.2   2.0   1:52.36 nts	1688468672980
1216231 toao      20   0   17.2g   3.8g 508968 R 100.0   2.0   1:53.05 nts	1688468673670
1216231 toao      20   0   17.7g   4.3g   1.0g R 106.2   2.3   1:53.74 nts	1688468674360
1216231 toao      20   0   17.7g   4.3g   1.0g R 106.2   2.3   1:54.43 nts	1688468675047
1216231 toao      20   0   17.7g   4.3g   1.0g R 100.0   2.3   1:55.12 nts	1688468675735
1216231 toao      20   0   17.7g   4.3g   1.0g R 100.0   2.3   1:55.80 nts	1688468676423
1216231 toao      20   0   17.7g   4.3g   1.0g R 106.2   2.3   1:56.49 nts	1688468677108
1216231 toao      20   0   17.7g   4.3g   1.0g R 106.2   2.3   1:57.18 nts	1688468677796
1216231 toao      20   0   17.7g   4.3g   1.0g R  94.1   2.3   1:57.86 nts	1688468678484
1216231 toao      20   0   17.7g   4.3g   1.0g R 106.2   2.3   1:58.55 nts	1688468679171
1216231 toao      20   0   17.7g   4.3g   1.0g R 106.2   2.3   1:59.24 nts	1688468679859
1216231 toao      20   0   17.7g   4.3g   1.0g R 106.2   2.3   1:59.93 nts	1688468680546
1216231 toao      20   0   17.7g   4.3g   1.0g R 100.0   2.3   2:00.61 nts	1688468681235
1216231 toao      20   0   17.7g   4.3g   1.0g R 106.2   2.3   2:01.30 nts	1688468681920
1216231 toao      20   0   17.7g   4.3g   1.0g R 100.0   2.3   2:01.99 nts	1688468682606
1216231 toao      20   0   17.7g   4.3g   1.0g R 100.0   2.3   2:02.68 nts	1688468683294
1216231 toao      20   0   17.7g   4.3g   1.0g R 100.0   2.3   2:03.37 nts	1688468683983
1216231 toao      20   0   17.7g   4.3g   1.0g R 100.0   2.3   2:04.05 nts	1688468684671
1216231 toao      20   0   17.7g   4.3g   1.0g R 100.0   2.3   2:04.74 nts	1688468685358
1216231 toao      20   0   17.7g   4.3g   1.0g R 106.2   2.3   2:05.43 nts	1688468686047
1216231 toao      20   0   17.7g   4.3g   1.0g R  94.1   2.3   2:06.11 nts	1688468686735
1216231 toao      20   0   17.7g   4.3g   1.0g R  94.1   2.3   2:06.80 nts	1688468687423
1216231 toao      20   0   17.7g   4.3g   1.0g R 106.2   2.3   2:07.50 nts	1688468688110
1216231 toao      20   0   17.7g   4.3g   1.0g R 100.0   2.3   2:08.18 nts	1688468688799
1216231 toao      20   0   17.7g   4.3g   1.0g R 106.2   2.3   2:08.87 nts	1688468689487
1216231 toao      20   0   17.7g   4.3g   1.0g R 106.2   2.3   2:09.56 nts	1688468690172
1216231 toao      20   0   17.7g   4.3g   1.0g R 106.2   2.3   2:10.25 nts	1688468690859
1216231 toao      20   0   17.7g   4.3g   1.0g R 100.0   2.3   2:10.93 nts	1688468691546
1216231 toao      20   0   17.7g   4.3g   1.0g R 106.2   2.3   2:11.62 nts	1688468692232
1216231 toao      20   0   17.7g   4.3g   1.0g R 100.0   2.3   2:12.30 nts	1688468692919
1216231 toao      20   0   17.7g   4.3g   1.0g R 106.2   2.3   2:12.99 nts	1688468693607
1216231 toao      20   0   17.7g   4.3g   1.0g R 100.0   2.3   2:13.68 nts	1688468694295
1216231 toao      20   0   17.7g   4.3g   1.0g R  94.1   2.3   2:14.36 nts	1688468694983
1216231 toao      20   0   17.7g   4.3g   1.0g R 106.2   2.3   2:15.06 nts	1688468695671
1216231 toao      20   0   17.7g   4.3g   1.0g R 106.2   2.3   2:15.74 nts	1688468696358
1216231 toao      20   0   17.7g   4.3g   1.0g R 100.0   2.3   2:16.43 nts	1688468697047
1216231 toao      20   0   17.7g   4.3g   1.0g R 100.0   2.3   2:17.12 nts	1688468697737
1216231 toao      20   0   17.7g   4.3g   1.0g R  94.1   2.3   2:17.81 nts	1688468698425
1216231 toao      20   0   17.7g   4.3g   1.0g R 100.0   2.3   2:18.50 nts	1688468699112
1216231 toao      20   0   17.7g   4.3g   1.0g R 100.0   2.3   2:19.19 nts	1688468699801
1216231 toao      20   0   17.7g   4.3g   1.0g R 100.0   2.3   2:19.88 nts	1688468700488
1216231 toao      20   0   17.7g   4.3g   1.0g R 100.0   2.3   2:20.56 nts	1688468701176
1216231 toao      20   0   17.7g   4.3g   1.0g R  94.1   2.3   2:21.25 nts	1688468701863
1216231 toao      20   0   17.7g   4.3g   1.0g R 100.0   2.3   2:21.95 nts	1688468702553
1216231 toao      20   0   42.2g   5.6g   2.3g S 123.5   3.0   2:22.83 nts	1688468703244
1216231 toao      20   0   45.3g   5.7g   2.3g S 200.0   3.0   2:24.13 nts	1688468703931
1216231 toao      20   0   45.8g   5.7g   2.3g S 218.8   3.0   2:25.48 nts	1688468704620
1216231 toao      20   0   46.0g   5.7g   2.3g S 193.8   3.0   2:26.77 nts	1688468705307
1216231 toao      20   0   46.0g   5.7g   2.3g S 206.2   3.0   2:28.12 nts	1688468705992
1216231 toao      20   0   46.0g   5.7g   2.3g S 187.5   3.0   2:29.43 nts	1688468706679
1216231 toao      20   0   46.0g   5.7g   2.3g S 187.5   3.0   2:30.77 nts	1688468707366
1216231 toao      20   0   46.2g   5.7g   2.3g S 206.2   3.0   2:32.10 nts	1688468708045
1216231 toao      20   0   46.2g   5.7g   2.3g S 187.5   3.0   2:33.42 nts	1688468708722
1216231 toao      20   0   46.2g   5.7g   2.3g S 212.5   3.0   2:34.75 nts	1688468709405
1216231 toao      20   0   46.2g   5.7g   2.3g S 187.5   3.0   2:36.03 nts	1688468710086
1216231 toao      20   0   46.2g   5.7g   2.3g S 193.8   3.0   2:37.37 nts	1688468710771
1216231 toao      20   0   46.4g   5.7g   2.3g S 212.5   3.0   2:38.73 nts	1688468711460
1216231 toao      20   0   46.6g   5.7g   2.3g S 187.5   3.0   2:40.04 nts	1688468712147
1216231 toao      20   0   46.6g   5.7g   2.3g S 218.8   3.0   2:41.40 nts	1688468712835
1216231 toao      20   0   46.6g   5.7g   2.3g S 170.6   3.0   2:42.71 nts	1688468713524
1216231 toao      20   0   46.6g   5.7g   2.3g S 187.5   3.0   2:44.07 nts	1688468714211
1216231 toao      20   0   46.6g   5.7g   2.3g S 206.2   3.0   2:45.41 nts	1688468714899
1216231 toao      20   0   46.6g   5.7g   2.3g S 193.8   3.0   2:46.73 nts	1688468715575
1216231 toao      20   0   46.6g   5.7g   2.3g S 212.5   3.0   2:48.05 nts	1688468716259
1216231 toao      20   0   46.6g   5.7g   2.3g S 187.5   3.0   2:49.37 nts	1688468716947
1216231 toao      20   0   46.6g   5.7g   2.3g S 193.8   3.0   2:50.71 nts	1688468717636
1216231 toao      20   0   46.6g   5.7g   2.3g S 205.9   3.0   2:52.07 nts	1688468718323
1216231 toao      20   0   46.6g   5.7g   2.3g S 181.2   3.0   2:53.37 nts	1688468719011
1216231 toao      20   0   46.6g   5.7g   2.3g S 212.5   3.0   2:54.73 nts	1688468719695
1216231 toao      20   0   46.6g   5.7g   2.3g S 182.4   3.0   2:56.04 nts	1688468720383
1216231 toao      20   0   46.6g   5.7g   2.3g S 193.8   3.0   2:57.39 nts	1688468721070
1216231 toao      20   0   46.6g   5.7g   2.3g S 212.5   3.0   2:58.73 nts	1688468721757
1216231 toao      20   0   46.6g   5.7g   2.3g S 176.5   3.0   3:00.05 nts	1688468722444
1216231 toao      20   0   46.6g   5.7g   2.3g S 200.0   3.0   3:01.41 nts	1688468723134
1216231 toao      20   0   46.6g   5.7g   2.3g S 176.5   3.0   3:02.73 nts	1688468723823
1216231 toao      20   0   46.6g   5.7g   2.3g S 193.8   3.0   3:04.07 nts	1688468724512
1216231 toao      20   0   46.6g   5.7g   2.3g S 218.8   3.0   3:05.42 nts	1688468725199
1216231 toao      20   0   46.6g   5.7g   2.3g S 193.8   3.0   3:06.74 nts	1688468725887
1216231 toao      20   0   46.8g   5.7g   2.3g S 200.0   3.0   3:08.09 nts	1688468726576
1216231 toao      20   0   46.8g   5.7g   2.3g S 182.4   3.0   3:09.41 nts	1688468727264
1216231 toao      20   0   46.8g   5.7g   2.3g S 182.4   3.0   3:10.74 nts	1688468727952
1216231 toao      20   0   46.8g   5.7g   2.3g S 188.2   3.0   3:12.07 nts	1688468728642
1216231 toao      20   0   46.8g   5.7g   2.3g S 187.5   3.0   3:13.37 nts	1688468729331
1216231 toao      20   0   46.8g   5.7g   2.3g S 218.8   3.0   3:14.71 nts	1688468730019
1216231 toao      20   0   46.8g   5.7g   2.3g S 187.5   3.0   3:16.03 nts	1688468730709
1216231 toao      20   0   46.8g   5.7g   2.3g S 193.8   3.0   3:17.40 nts	1688468731396
1216231 toao      20   0   46.8g   5.7g   2.3g S 194.1   3.0   3:18.73 nts	1688468732084
1216231 toao      20   0   46.8g   5.7g   2.3g S 187.5   3.0   3:20.05 nts	1688468732769
1216231 toao      20   0   46.8g   5.7g   2.3g S 200.0   3.0   3:21.41 nts	1688468733452
1216231 toao      20   0   46.8g   5.7g   2.3g S 193.8   3.0   3:22.74 nts	1688468734137
1216231 toao      20   0   46.8g   5.7g   2.3g S 193.8   3.0   3:24.07 nts	1688468734826
1216231 toao      20   0   46.8g   5.7g   2.3g S 193.8   3.0   3:25.39 nts	1688468735512
1216231 toao      20   0   46.8g   5.7g   2.3g S 200.0   3.0   3:26.75 nts	1688468736199
1216231 toao      20   0   46.8g   5.7g   2.3g S 206.2   3.0   3:28.09 nts	1688468736888
1216231 toao      20   0   46.8g   5.7g   2.3g S 193.8   3.0   3:29.40 nts	1688468737574
1216231 toao      20   0   46.8g   5.7g   2.3g S 188.2   3.0   3:30.75 nts	1688468738263
1216231 toao      20   0   46.8g   5.7g   2.3g S 200.0   3.0   3:32.06 nts	1688468738951
1216231 toao      20   0   46.8g   5.7g   2.3g S 182.4   3.0   3:33.39 nts	1688468739644
1216231 toao      20   0   46.8g   5.7g   2.3g S 212.5   3.0   3:34.72 nts	1688468740331
1216231 toao      20   0   46.8g   5.7g   2.3g S 200.0   3.0   3:36.02 nts	1688468741010
1216231 toao      20   0   46.8g   5.7g   2.3g S 205.9   3.0   3:37.37 nts	1688468741681
1216231 toao      20   0   46.8g   5.7g   2.3g S 170.6   3.0   3:38.69 nts	1688468742371
1216231 toao      20   0   46.8g   5.7g   2.3g S 193.8   3.0   3:40.02 nts	1688468743061
1216231 toao      20   0   46.8g   5.7g   2.3g S 206.2   3.0   3:41.34 nts	1688468743745
1216231 toao      20   0   46.8g   5.7g   2.3g S 200.0   3.0   3:42.66 nts	1688468744432
1216231 toao      20   0   46.8g   5.7g   2.3g S 218.8   3.0   3:44.00 nts	1688468745120
1216231 toao      20   0   46.8g   5.7g   2.3g S 181.2   3.0   3:45.30 nts	1688468745809
1216231 toao      20   0       0      0      0 Z 100.0   0.0   3:46.39 nts	1688468746498
