133594 root      20   0 2535644  98960  68060 R 100.0   0.0   0:00.18 nts	1697336746875
133594 root      20   0 9599564 215688 114940 R  9129   0.0   0:32.09 nts	1697336747575
133594 root      20   0 9672328 280324 115256 R 206.2   0.0   0:53.17 nts	1697336748281
133594 root      20   0 9672328 280324 115256 R 200.0   0.0   0:54.54 nts	1697336748971
133594 root      20   0 9672328 280324 115256 R 188.2   0.0   0:55.92 nts	1697336749662
133594 root      20   0 9672328 280324 115256 R 194.1   0.0   0:57.30 nts	1697336750354
133594 root      20   0 9672328 280324 115256 R 188.2   0.0   0:58.66 nts	1697336751048
133594 root      20   0 9672328 280324 115256 R 206.2   0.0   1:00.05 nts	1697336751739
133594 root      20   0 9672328 280324 115256 R 194.1   0.0   1:01.42 nts	1697336752433
133594 root      20   0 9672328 280324 115256 R 188.2   0.0   1:02.79 nts	1697336753125
133594 root      20   0 9672328 280324 115256 R 200.0   0.0   1:04.17 nts	1697336753817
133594 root      20   0 9672328 280324 115256 R 188.2   0.0   1:05.53 nts	1697336754508
133594 root      20   0 9672328 280324 115256 R 212.5   0.0   1:06.92 nts	1697336755199
133594 root      20   0 9672328 280324 115256 R 200.0   0.0   1:08.28 nts	1697336755892
133594 root      20   0 9672328 280324 115256 R 206.2   0.0   1:09.66 nts	1697336756582
133594 root      20   0 9672328 280324 115256 R 194.1   0.0   1:11.02 nts	1697336757272
133594 root      20   0 9672328 280324 115256 R 194.1   0.0   1:12.41 nts	1697336757967
133594 root      20   0 9672328 280324 115256 R 188.2   0.0   1:13.77 nts	1697336758659
133594 root      20   0   10.5g 762428 115384 R  1947   0.1   1:22.39 nts	1697336759351
133594 root      20   0   10.5g 786616 115384 R  2275   0.1   1:36.72 nts	1697336760049
133594 root      20   0   10.5g 791324 115384 R  2165   0.1   1:50.89 nts	1697336760743
133594 root      20   0   10.5g 797852 115384 R  1829   0.1   2:04.93 nts	1697336761438
133594 root      20   0   13.1g 806732 115424 R  1976   0.1   2:18.85 nts	1697336762136
133594 root      20   0   15.5g 802708 115424 R 194.1   0.1   2:20.59 nts	1697336762832
133594 root      20   0   15.5g 802708 115424 R 200.0   0.1   2:21.96 nts	1697336763523
133594 root      20   0   15.5g 802968 115424 R 200.0   0.1   2:23.33 nts	1697336764210
133594 root      20   0   15.5g 802968 115424 R 194.1   0.1   2:24.71 nts	1697336764898
133594 root      20   0   15.5g 803232 115424 R 194.1   0.1   2:26.07 nts	1697336765587
133594 root      20   0   15.5g 803232 115424 R 188.2   0.1   2:27.45 nts	1697336766275
133594 root      20   0   15.5g 803496 115424 R 194.1   0.1   2:28.83 nts	1697336766966
133594 root      20   0   15.5g 803760 115424 R 206.2   0.1   2:30.20 nts	1697336767653
133594 root      20   0   15.5g 804288 115424 R 206.2   0.1   2:31.57 nts	1697336768341
133594 root      20   0   15.5g 804816 115424 R 194.1   0.1   2:32.94 nts	1697336769029
133594 root      20   0   15.5g 805080 115424 R 194.1   0.1   2:34.32 nts	1697336769717
133594 root      20   0   15.5g 805608 115424 R 200.0   0.1   2:35.68 nts	1697336770403
133594 root      20   0   15.5g 806136 115424 R 200.0   0.1   2:37.05 nts	1697336771091
133594 root      20   0   15.5g 806400 115424 R 194.1   0.1   2:38.43 nts	1697336771779
133594 root      20   0   15.5g 806928 115424 R 194.1   0.1   2:39.80 nts	1697336772466
133594 root      20   0   15.5g 807456 115424 R 200.0   0.1   2:41.17 nts	1697336773153
133594 root      20   0   15.5g 807720 115424 R 206.2   0.1   2:42.54 nts	1697336773840
133594 root      20   0   15.5g 808248 115424 R 188.2   0.1   2:43.91 nts	1697336774528
133594 root      20   0   15.5g 808776 115424 R 188.2   0.1   2:45.27 nts	1697336775215
133594 root      20   0   15.5g 809040 115424 R 200.0   0.1   2:46.65 nts	1697336775903
133594 root      20   0   15.5g 809568 115424 R 206.2   0.1   2:48.02 nts	1697336776590
133594 root      20   0   15.5g 810096 115424 R 188.2   0.1   2:49.39 nts	1697336777277
133594 root      20   0   15.5g 810360 115424 R 194.1   0.1   2:50.77 nts	1697336777965
133594 root      20   0   15.5g 810888 115424 R 206.2   0.1   2:52.14 nts	1697336778652
133594 root      20   0   15.5g 811416 115424 R 206.2   0.1   2:53.51 nts	1697336779339
133594 root      20   0   15.5g 811680 115424 R 188.2   0.1   2:54.88 nts	1697336780027
133594 root      20   0   15.5g 812208 115424 R 188.2   0.1   2:56.24 nts	1697336780716
133594 root      20   0   15.5g 812472 115424 R 206.2   0.1   2:57.62 nts	1697336781403
133594 root      20   0   15.5g 812472 115424 R 206.2   0.1   2:58.99 nts	1697336782090
133594 root      20   0   15.5g 812736 115424 R 194.1   0.1   3:00.36 nts	1697336782778
133594 root      20   0   15.5g 812736 115424 R 188.2   0.1   3:01.73 nts	1697336783465
133594 root      20   0   15.5g 813000 115424 R 206.2   0.1   3:03.11 nts	1697336784153
133594 root      20   0   15.5g 813000 115424 R 200.0   0.1   3:04.47 nts	1697336784840
133594 root      20   0   15.5g 813528 115424 R 194.1   0.1   3:05.85 nts	1697336785528
133594 root      20   0   15.5g 814056 115424 R 200.0   0.1   3:07.22 nts	1697336786215
133594 root      20   0   15.5g 814584 115424 R 200.0   0.1   3:08.58 nts	1697336786903
133594 root      20   0   15.5g 815376 115424 R 206.2   0.1   3:09.96 nts	1697336787590
133594 root      20   0   15.5g 815904 115424 R 194.1   0.1   3:11.33 nts	1697336788277
133594 root      20   0   15.5g 816432 115424 R 194.1   0.1   3:12.70 nts	1697336788965
133594 root      20   0   15.5g 817224 115424 R 206.2   0.1   3:14.08 nts	1697336789653
133594 root      20   0   15.5g 817752 115424 R 200.0   0.1   3:15.44 nts	1697336790340
133594 root      20   0   15.5g 818280 115424 R 194.1   0.1   3:16.82 nts	1697336791028
133594 root      20   0   15.5g 819072 115424 R 194.1   0.1   3:18.19 nts	1697336791716
133594 root      20   0   15.5g 819600 115424 R 194.1   0.1   3:19.57 nts	1697336792404
133594 root      20   0   15.5g 820392 115424 R 200.0   0.1   3:20.93 nts	1697336793092
133594 root      20   0   15.5g 820920 115424 R 206.2   0.1   3:22.31 nts	1697336793780
133594 root      20   0   15.5g 821848 115424 R 182.4   0.1   3:23.66 nts	1697336794468
133594 root      20   0   16.7g 959720 115424 R 417.6   0.1   3:26.43 nts	1697336795157
133594 root      20   0   16.7g   1.0g 115424 R 382.4   0.1   3:29.28 nts	1697336795849
133594 root      20   0   16.7g   1.2g 115424 R 431.2   0.2   3:32.18 nts	1697336796541
133594 root      20   0   21.7g   1.3g 115424 R 817.6   0.2   3:35.75 nts	1697336797233
133594 root      20   0   21.7g   1.3g 115424 R  94.1   0.2   3:36.44 nts	1697336797928
133594 root      20   0   21.7g   1.3g 115424 R 106.2   0.2   3:37.14 nts	1697336798620
133594 root      20   0   21.7g   1.3g 115424 R 106.2   0.2   3:37.83 nts	1697336799310
133594 root      20   0   21.7g   1.3g 115424 R 106.2   0.2   3:38.52 nts	1697336800002
133594 root      20   0   21.7g   1.3g 115424 R 100.0   0.2   3:39.21 nts	1697336800693
133594 root      20   0   22.2g   1.6g 115424 R 100.0   0.2   3:39.90 nts	1697336801383
133594 root      20   0   22.2g   1.7g 115424 R  94.1   0.2   3:40.59 nts	1697336802075
133594 root      20   0   22.2g   1.7g 115424 R 106.2   0.2   3:41.28 nts	1697336802763
133594 root      20   0   22.2g   1.8g 115424 R 105.9   0.2   3:41.97 nts	1697336803449
133594 root      20   0   22.2g   1.8g 115424 R 100.0   0.2   3:42.65 nts	1697336804141
133594 root      20   0   22.2g   1.8g 115424 R 100.0   0.2   3:43.34 nts	1697336804830
133594 root      20   0   22.2g   1.8g 115424 R  94.1   0.2   3:44.04 nts	1697336805522
133594 root      20   0   22.2g   1.8g 115424 R 100.0   0.2   3:44.73 nts	1697336806214
133594 root      20   0   22.2g   1.8g 115424 R 100.0   0.2   3:45.42 nts	1697336806903
133594 root      20   0   22.2g   1.8g 115424 R 100.0   0.2   3:46.11 nts	1697336807596
133594 root      20   0   22.2g   1.8g 115424 R  94.1   0.2   3:46.80 nts	1697336808284
133594 root      20   0   22.2g   1.8g 115424 R 100.0   0.2   3:47.49 nts	1697336808975
133594 root      20   0   22.2g   1.8g 115424 R  94.1   0.2   3:48.18 nts	1697336809665
133594 root      20   0   22.2g   1.8g 115424 R 106.2   0.2   3:48.87 nts	1697336810351
133594 root      20   0   22.2g   1.8g 115424 R  94.1   0.2   3:49.56 nts	1697336811044
133594 root      20   0   22.2g   1.8g 115424 R  94.1   0.2   3:50.25 nts	1697336811736
133594 root      20   0   22.2g   1.8g 115424 R 100.0   0.2   3:50.95 nts	1697336812426
133594 root      20   0   22.2g   1.8g 115424 R 100.0   0.2   3:51.64 nts	1697336813119
133594 root      20   0   22.2g   1.8g 115424 R 100.0   0.2   3:52.33 nts	1697336813811
133594 root      20   0   22.2g   1.8g 115424 R 100.0   0.2   3:53.02 nts	1697336814502
133594 root      20   0   22.2g   1.8g 115424 R 100.0   0.2   3:53.71 nts	1697336815195
133594 root      20   0   22.2g   1.8g 115424 R  94.1   0.2   3:54.40 nts	1697336815884
133594 root      20   0   22.2g   1.8g 115424 R  94.1   0.2   3:55.09 nts	1697336816576
133594 root      20   0   22.2g   1.8g 115424 R 100.0   0.2   3:55.78 nts	1697336817269
133594 root      20   0   22.2g   1.8g 115424 R 100.0   0.2   3:56.47 nts	1697336817959
133594 root      20   0   22.2g   1.8g 115424 R 106.2   0.2   3:57.17 nts	1697336818652
133594 root      20   0   22.2g   1.8g 115424 R  94.1   0.2   3:57.86 nts	1697336819344
133594 root      20   0   22.2g   1.8g 115424 R  94.1   0.2   3:58.54 nts	1697336820034
133594 root      20   0   22.2g   1.8g 115424 R 100.0   0.2   3:59.24 nts	1697336820727
133594 root      20   0   22.2g   1.8g 115424 R 100.0   0.2   3:59.93 nts	1697336821419
133594 root      20   0   22.2g   1.8g 116492 D  11.8   0.2   4:01.30 nts	1697336822112
133594 root      20   0   22.3g   1.8g 116492 R 100.0   0.2   4:01.72 nts	1697336822806
133594 root      20   0   55.4g   2.0g 242488 D   6.2   0.3   4:02.12 nts	1697336823500
133594 root      20   0   55.7g   2.3g 302804 R 105.9   0.3   4:02.70 nts	1697336824192
133594 root      20   0   55.9g   2.6g 340008 R  94.1   0.4   4:03.02 nts	1697336824884
133594 root      20   0   56.4g   3.0g 394188 D  29.4   0.4   4:03.59 nts	1697336825578
133594 root      20   0   56.8g   3.3g 469656 R 100.0   0.5   4:04.06 nts	1697336826271
133594 root      20   0   57.0g   3.5g 519364 R  18.8   0.5   4:04.39 nts	1697336826961
133594 root      20   0   58.7g   4.1g   1.1g R 276.5   0.6   4:06.99 nts	1697336827653
133594 root      20   0   60.8g   4.5g   1.2g R 111.8   0.6   4:08.39 nts	1697336828345
133594 root      20   0   61.5g   4.8g   1.2g R 241.2   0.7   4:09.99 nts	1697336829036
133594 root      20   0   61.9g   4.9g   1.2g R 256.2   0.7   4:11.27 nts	1697336829731
133594 root      20   0   62.5g   5.2g   1.2g R 105.9   0.7   4:12.68 nts	1697336830425
133594 root      20   0   63.0g   5.3g   1.2g R 229.4   0.7   4:14.12 nts	1697336831117
133594 root      20   0   63.1g   5.5g   1.2g R 258.8   0.8   4:15.45 nts	1697336831812
133594 root      20   0   63.7g   5.8g   1.2g R 205.9   0.8   4:17.14 nts	1697336832507
133594 root      20   0   63.8g   5.8g   1.2g R 252.9   0.8   4:18.53 nts	1697336833202
133594 root      20   0   64.1g   6.1g   1.2g R 129.4   0.8   4:19.67 nts	1697336833898
133594 root      20   0   64.4g   6.1g   1.2g R 217.6   0.8   4:21.22 nts	1697336834591
133594 root      20   0   64.6g   6.2g   1.2g R 235.3   0.9   4:22.42 nts	1697336835286
133594 root      20   0   64.8g   6.3g   1.2g R 111.8   0.9   4:23.70 nts	1697336835982
133594 root      20   0   65.3g   6.5g   1.2g R 241.2   0.9   4:25.24 nts	1697336836674
133594 root      20   0   65.6g   6.6g   1.2g R 243.8   0.9   4:26.37 nts	1697336837370
133594 root      20   0   66.0g   6.8g   1.2g R 100.0   0.9   4:27.82 nts	1697336838065
133594 root      20   0   66.3g   6.9g   1.2g R 250.0   1.0   4:29.19 nts	1697336838759
133594 root      20   0   66.6g   7.0g   1.2g R 152.9   1.0   4:30.35 nts	1697336839454
133594 root      20   0   67.1g   7.2g   1.2g R 200.0   1.0   4:31.89 nts	1697336840148
133594 root      20   0   67.2g   7.2g   1.2g R 200.0   1.0   4:32.96 nts	1697336840840
133594 root      20   0   68.4g   7.3g   1.2g R 458.8   1.0   4:36.13 nts	1697336841528
133594 root      20   0   69.2g   7.3g   1.2g R 705.9   1.0   4:41.26 nts	1697336842216
133594 root      20   0   71.0g   7.5g   1.5g R 105.9   1.0   4:43.93 nts	1697336842911
133594 root      20   0   71.6g   7.6g   1.5g R 629.4   1.0   4:46.33 nts	1697336843606
133594 root      20   0   72.7g   7.6g   1.5g R 550.0   1.0   4:50.86 nts	1697336844299
133594 root      20   0   74.7g   7.6g   1.6g R 568.8   1.1   4:54.59 nts	1697336844990
133594 root      20   0   75.4g   8.3g   2.3g D   0.0   1.1   4:55.29 nts	1697336845681
133594 root      20   0   75.4g   8.3g   2.3g R 106.2   1.1   4:55.94 nts	1697336846373
133594 root      20   0   75.4g   8.3g   2.3g R 106.2   1.1   4:56.64 nts	1697336847059
133594 root      20   0   76.3g   9.2g   3.2g D  70.6   1.3   4:57.28 nts	1697336847752
133594 root      20   0   76.3g   9.2g   3.2g R 100.0   1.3   4:57.77 nts	1697336848447
133594 root      20   0   76.3g   9.2g   3.2g R 100.0   1.3   4:58.46 nts	1697336849137
133594 root      20   0   76.3g   9.2g   3.2g R 100.0   1.3   4:59.15 nts	1697336849828
133594 root      20   0   76.3g   9.2g   3.2g R 100.0   1.3   4:59.84 nts	1697336850518
133594 root      20   0   76.3g   9.2g   3.2g R 100.0   1.3   5:00.53 nts	1697336851205
133594 root      20   0   76.3g   9.2g   3.2g R 100.0   1.3   5:01.21 nts	1697336851894
133594 root      20   0   76.3g   9.2g   3.2g R 106.2   1.3   5:01.91 nts	1697336852581
133594 root      20   0   76.3g   9.2g   3.2g R 100.0   1.3   5:02.60 nts	1697336853272
133594 root      20   0   76.3g   9.2g   3.2g R 106.2   1.3   5:03.29 nts	1697336853962
133594 root      20   0   76.3g   9.2g   3.2g R  94.1   1.3   5:03.97 nts	1697336854649
133594 root      20   0   76.3g   9.2g   3.2g R  94.1   1.3   5:04.66 nts	1697336855336
133594 root      20   0   76.3g   9.2g   3.2g R 100.0   1.3   5:05.35 nts	1697336856024
133594 root      20   0   76.3g   9.2g   3.2g R 106.2   1.3   5:06.04 nts	1697336856711
133594 root      20   0   76.3g   9.2g   3.2g R 100.0   1.3   5:06.73 nts	1697336857399
133594 root      20   0   76.3g   9.2g   3.2g R 106.2   1.3   5:07.43 nts	1697336858089
133594 root      20   0   76.3g   9.2g   3.2g R 106.2   1.3   5:08.12 nts	1697336858780
133594 root      20   0   76.3g   9.2g   3.2g R 100.0   1.3   5:08.81 nts	1697336859469
133594 root      20   0   76.3g   9.2g   3.2g R  94.1   1.3   5:09.49 nts	1697336860158
133594 root      20   0   76.3g   9.2g   3.2g R  94.1   1.3   5:10.18 nts	1697336860846
133594 root      20   0   76.3g   9.2g   3.2g R 106.2   1.3   5:10.87 nts	1697336861534
133594 root      20   0   76.3g   9.2g   3.2g R 100.0   1.3   5:11.56 nts	1697336862220
133594 root      20   0   76.3g   9.2g   3.2g R 106.2   1.3   5:12.26 nts	1697336862912
133594 root      20   0   76.3g   9.2g   3.2g R 100.0   1.3   5:12.94 nts	1697336863601
133594 root      20   0   76.3g   9.2g   3.2g R  94.1   1.3   5:13.62 nts	1697336864287
133594 root      20   0   76.3g   9.2g   3.2g R  94.1   1.3   5:14.31 nts	1697336864975
133594 root      20   0   76.3g   9.2g   3.2g R 100.0   1.3   5:15.01 nts	1697336865662
133594 root      20   0   76.3g   9.2g   3.2g R  94.1   1.3   5:15.70 nts	1697336866354
133594 root      20   0   76.3g   9.2g   3.2g R 106.2   1.3   5:16.39 nts	1697336867043
133594 root      20   0   76.3g   9.2g   3.2g R 106.2   1.3   5:17.08 nts	1697336867730
133594 root      20   0   76.3g   9.2g   3.2g R  94.1   1.3   5:17.76 nts	1697336868418
133594 root      20   0   76.3g   9.2g   3.2g R 100.0   1.3   5:18.45 nts	1697336869104
133594 root      20   0   76.3g   9.2g   3.2g R 100.0   1.3   5:19.14 nts	1697336869790
133594 root      20   0   76.3g   9.2g   3.2g R  94.1   1.3   5:19.83 nts	1697336870478
133594 root      20   0   76.3g   9.2g   3.2g R 100.0   1.3   5:20.52 nts	1697336871165
133594 root      20   0   76.3g   9.2g   3.2g R 100.0   1.3   5:21.22 nts	1697336871857
133594 root      20   0   76.3g   9.2g   3.2g R  94.1   1.3   5:21.90 nts	1697336872548
133594 root      20   0   76.3g   9.2g   3.2g R 100.0   1.3   5:22.60 nts	1697336873236
133594 root      20   0   76.3g   9.2g   3.2g R  94.1   1.3   5:23.28 nts	1697336873924
133594 root      20   0   76.3g   9.2g   3.2g R 100.0   1.3   5:23.98 nts	1697336874615
133594 root      20   0   76.3g   9.2g   3.2g R 100.0   1.3   5:24.67 nts	1697336875304
133594 root      20   0   76.3g   9.2g   3.2g R 106.2   1.3   5:25.35 nts	1697336875992
133594 root      20   0   76.3g   9.2g   3.2g R 106.2   1.3   5:26.04 nts	1697336876680
133594 root      20   0   76.3g   9.2g   3.2g R 100.0   1.3   5:26.73 nts	1697336877366
133594 root      20   0   76.3g   9.2g   3.2g R  94.1   1.3   5:27.41 nts	1697336878055
133594 root      20   0   76.3g   9.2g   3.2g R  94.1   1.3   5:28.11 nts	1697336878742
133594 root      20   0   76.3g   9.2g   3.2g R  94.1   1.3   5:28.80 nts	1697336879433
133594 root      20   0   76.3g   9.2g   3.2g R 100.0   1.3   5:29.48 nts	1697336880123
133594 root      20   0   76.3g   9.2g   3.2g R 106.2   1.3   5:30.18 nts	1697336880810
133594 root      20   0   76.3g   9.2g   3.2g R 100.0   1.3   5:30.87 nts	1697336881498
133594 root      20   0   76.3g   9.2g   3.2g R 100.0   1.3   5:31.56 nts	1697336882186
133594 root      20   0   76.3g   9.2g   3.2g R 100.0   1.3   5:32.24 nts	1697336882873
133594 root      20   0   76.3g   9.2g   3.2g R 100.0   1.3   5:32.93 nts	1697336883561
133594 root      20   0   76.3g   9.2g   3.2g R 100.0   1.3   5:33.63 nts	1697336884248
133594 root      20   0   76.3g   9.2g   3.2g R 106.2   1.3   5:34.32 nts	1697336884939
133594 root      20   0   76.3g   9.2g   3.2g R 100.0   1.3   5:35.00 nts	1697336885629
133594 root      20   0   76.3g   9.2g   3.2g R  94.1   1.3   5:35.69 nts	1697336886317
133594 root      20   0   76.3g   9.2g   3.2g R  94.1   1.3   5:36.38 nts	1697336887005
133594 root      20   0   76.3g   9.2g   3.2g R 100.0   1.3   5:37.06 nts	1697336887692
133594 root      20   0   76.3g   9.2g   3.2g R  94.1   1.3   5:37.76 nts	1697336888379
133594 root      20   0   76.3g   9.2g   3.2g R  94.1   1.3   5:38.45 nts	1697336889067
133594 root      20   0   76.3g   9.2g   3.2g R  94.1   1.3   5:39.14 nts	1697336889754
133594 root      20   0   76.3g   9.2g   3.2g R  94.1   1.3   5:39.83 nts	1697336890445
133594 root      20   0   76.3g   9.2g   3.2g R  94.1   1.3   5:40.51 nts	1697336891135
133594 root      20   0   76.3g   9.2g   3.2g R 106.2   1.3   5:41.21 nts	1697336891822
133594 root      20   0   76.3g   9.2g   3.2g R 106.2   1.3   5:41.90 nts	1697336892511
133594 root      20   0   76.3g   9.2g   3.2g R 100.0   1.3   5:42.59 nts	1697336893198
133594 root      20   0   76.3g   9.2g   3.2g R  94.1   1.3   5:43.28 nts	1697336893885
133594 root      20   0   76.3g   9.2g   3.2g R  94.1   1.3   5:43.96 nts	1697336894573
133594 root      20   0   76.3g   9.2g   3.2g R 100.0   1.3   5:44.66 nts	1697336895262
133594 root      20   0   76.3g   9.2g   3.2g R 100.0   1.3   5:45.35 nts	1697336895954
133594 root      20   0   76.3g   9.2g   3.2g R  94.1   1.3   5:46.04 nts	1697336896644
133594 root      20   0   76.3g   9.2g   3.2g R 106.2   1.3   5:46.73 nts	1697336897332
133594 root      20   0   76.3g   9.2g   3.2g R 100.0   1.3   5:47.42 nts	1697336898020
133594 root      20   0   76.3g   9.2g   3.2g R 106.2   1.3   5:48.12 nts	1697336898711
133594 root      20   0   76.3g   9.2g   3.2g R 100.0   1.3   5:48.80 nts	1697336899401
133594 root      20   0   76.3g   9.2g   3.2g R 100.0   1.3   5:49.49 nts	1697336900090
133594 root      20   0   76.3g   9.2g   3.2g R 100.0   1.3   5:50.18 nts	1697336900778
133594 root      20   0   76.3g   9.2g   3.2g R  94.1   1.3   5:50.87 nts	1697336901465
133594 root      20   0   76.3g   9.2g   3.2g R 100.0   1.3   5:51.56 nts	1697336902157
133594 root      20   0   76.3g   9.2g   3.2g R 100.0   1.3   5:52.25 nts	1697336902846
133594 root      20   0   76.3g   9.2g   3.2g R 100.0   1.3   5:52.94 nts	1697336903534
133594 root      20   0   76.3g   9.2g   3.2g R 100.0   1.3   5:53.63 nts	1697336904224
133594 root      20   0   76.3g   9.2g   3.2g R 100.0   1.3   5:54.33 nts	1697336904915
133594 root      20   0   76.3g   9.2g   3.2g R  94.1   1.3   5:55.01 nts	1697336905607
133594 root      20   0   76.3g   9.2g   3.2g R  94.1   1.3   5:55.70 nts	1697336906305
133594 root      20   0   76.3g   9.2g   3.2g R  94.1   1.3   5:56.40 nts	1697336906986
133594 root      20   0   76.3g   9.2g   3.2g R 100.0   1.3   5:57.09 nts	1697336907677
133594 root      20   0   76.3g   9.2g   3.2g R  94.1   1.3   5:57.77 nts	1697336908367
133594 root      20   0   76.3g   9.2g   3.2g R 106.2   1.3   5:58.47 nts	1697336909053
133594 root      20   0   76.3g   9.2g   3.2g R 106.2   1.3   5:59.16 nts	1697336909741
133594 root      20   0   76.3g   9.2g   3.2g R 100.0   1.3   5:59.85 nts	1697336910427
133594 root      20   0   76.3g   9.2g   3.2g R  94.1   1.3   6:00.53 nts	1697336911115
133594 root      20   0   76.3g   9.2g   3.2g R 100.0   1.3   6:01.22 nts	1697336911803
133594 root      20   0   76.3g   9.2g   3.2g R 106.2   1.3   6:01.91 nts	1697336912489
133594 root      20   0   76.3g   9.2g   3.2g R  94.1   1.3   6:02.60 nts	1697336913177
133594 root      20   0   76.3g   9.2g   3.2g R 106.2   1.3   6:03.29 nts	1697336913863
133594 root      20   0   76.3g   9.2g   3.2g R 100.0   1.3   6:03.97 nts	1697336914550
133594 root      20   0   76.3g   9.2g   3.2g R 100.0   1.3   6:04.66 nts	1697336915238
133594 root      20   0   76.3g   9.2g   3.2g R  94.1   1.3   6:05.35 nts	1697336915925
133594 root      20   0   76.3g   9.2g   3.2g R  94.1   1.3   6:06.04 nts	1697336916617
133594 root      20   0   76.3g   9.2g   3.2g R  94.1   1.3   6:06.73 nts	1697336917307
133594 root      20   0   76.3g   9.2g   3.2g R  94.1   1.3   6:07.43 nts	1697336917994
133594 root      20   0   76.3g   9.2g   3.2g R 100.0   1.3   6:08.12 nts	1697336918685
133594 root      20   0   76.7g   9.2g   3.2g R  43.8   1.3   6:08.60 nts	1697336919373
133594 root      20   0   76.9g   9.3g   3.2g D  81.2   1.3   6:09.68 nts	1697336920060
133594 root      20   0   77.0g   9.4g   3.2g R 100.0   1.3   6:10.03 nts	1697336920755
133594 root      20   0   77.1g   9.5g   3.2g D  11.8   1.3   6:10.43 nts	1697336921444
133594 root      20   0   77.4g   9.6g   3.2g R 106.2   1.3   6:11.02 nts	1697336922132
133594 root      20   0   77.6g   9.6g   3.2g R 112.5   1.3   6:11.35 nts	1697336922820
133594 root      20   0   77.9g   9.7g   3.2g D  23.5   1.3   6:11.90 nts	1697336923513
133594 root      20   0   78.2g   9.8g   3.2g R 106.2   1.3   6:12.36 nts	1697336924203
133594 root      20   0       0      0      0 R  12.5   0.0   6:12.97 nts	1697336924890
133594 root      20   0       0      0      0 R  58.8   0.0   6:13.58 nts	1697336925578
133594 root      20   0       0      0      0 R  58.8   0.0   6:13.78 nts	1697336926266
133594 root      20   0       0      0      0 R 100.0   0.0   6:14.46 nts	1697336926953
