3750802 toao      20   0 2530512 101832  69028 R  94.4   0.1   0:00.19 nts	1696951559736
3750802 toao      20   0 2549408 131112  79652 R 100.0   0.1   0:00.38 nts	1696951559915
3750802 toao      20   0 8431764 217948 120140 R  7263   0.2   0:27.64 nts	1696951560460
3750802 toao      20   0 8431764 217948 120140 R  7782   0.2   0:41.71 nts	1696951560662
3750802 toao      20   0 8431764 217948 120140 R  7506   0.2   1:24.63 nts	1696951561212
3750802 toao      20   0 8431764 217948 120140 R  6428   0.2   1:34.99 nts	1696951561367
3750802 toao      20   0 8523980 282216 120268 R 205.9   0.2   1:39.82 nts	1696951561920
3750802 toao      20   0 8523980 282216 120268 R 200.0   0.2   1:40.16 nts	1696951562079
3750802 toao      20   0 8523980 282216 120268 R 200.0   0.2   1:41.28 nts	1696951562640
3750802 toao      20   0 8523980 282216 120268 R 200.0   0.2   1:41.60 nts	1696951562809
3750802 toao      20   0 8523980 282216 120268 R 205.9   0.2   1:42.69 nts	1696951563366
3750802 toao      20   0 8523980 282216 120268 R 205.6   0.2   1:43.04 nts	1696951563527
3750802 toao      20   0 8523980 282216 120268 R 200.0   0.2   1:44.11 nts	1696951564074
3750802 toao      20   0 8523980 282216 120268 R 205.9   0.2   1:44.46 nts	1696951564251
3750802 toao      20   0 8523980 282216 120268 R 200.0   0.2   1:45.54 nts	1696951564793
3750802 toao      20   0 8523980 282216 120268 R 205.9   0.2   1:45.89 nts	1696951564961
3750802 toao      20   0 8523980 301488 120268 R 200.0   0.2   1:46.97 nts	1696951565503
3750802 toao      20   0 8523980 301488 120268 R 205.9   0.2   1:47.31 nts	1696951565673
3750802 toao      20   0 8523980 301488 120268 R 200.0   0.2   1:48.39 nts	1696951566214
3750802 toao      20   0 8523980 301488 120268 R 200.0   0.2   1:48.72 nts	1696951566384
3750802 toao      20   0 8523980 301488 120268 R 217.6   0.2   1:49.83 nts	1696951566926
3750802 toao      20   0 8523980 301488 120268 R 205.9   0.2   1:50.14 nts	1696951567092
3750802 toao      20   0 8523980 301488 120268 R 205.9   0.2   1:51.25 nts	1696951567642
3750802 toao      20   0 8523980 301488 120268 R 194.4   0.2   1:51.55 nts	1696951567800
3750802 toao      20   0 9124688 344232 120508 R 123.5   0.3   1:52.53 nts	1696951568357
3750802 toao      20   0 9772172 594404 120508 R  1422   0.5   1:55.06 nts	1696951568508
3750802 toao      20   0 9772172 597560 120508 R  1344   0.5   2:02.17 nts	1696951569060
3750802 toao      20   0 9772172 598336 120508 R  1406   0.5   2:04.30 nts	1696951569220
3750802 toao      20   0 9772172 598596 120508 R  1306   0.5   2:11.47 nts	1696951569774
3750802 toao      20   0 9772172 702684 120508 R  1453   0.5   2:13.63 nts	1696951569928
3750802 toao      20   0 9772172 833008 120508 R  1424   0.6   2:21.84 nts	1696951570482
3750802 toao      20   0 9772172 833272 120508 R  1382   0.6   2:23.96 nts	1696951570635
3750802 toao      20   0 9772172 833272 120508 R  1400   0.6   2:31.56 nts	1696951571194
3750802 toao      20   0   13.4g 837844 120636 R  1371   0.6   2:33.64 nts	1696951571343
3750802 toao      20   0   13.4g 838632 120636 R 205.9   0.6   2:38.54 nts	1696951571901
3750802 toao      20   0   13.4g 838896 120636 R 211.8   0.6   2:38.86 nts	1696951572052
3750802 toao      20   0   13.4g 841800 120636 R 200.0   0.6   2:39.96 nts	1696951572612
3750802 toao      20   0   13.4g 842856 120636 R 205.9   0.6   2:40.29 nts	1696951572770
3750802 toao      20   0   13.4g 846816 120636 R 205.9   0.6   2:41.38 nts	1696951573322
3750802 toao      20   0   13.4g 847872 120636 R 188.9   0.6   2:41.71 nts	1696951573487
3750802 toao      20   0   13.4g 851568 120636 R 188.9   0.6   2:42.81 nts	1696951574035
3750802 toao      20   0   13.4g 852624 120636 R 205.9   0.6   2:43.15 nts	1696951574202
3750802 toao      20   0   13.4g 856320 120636 R 200.0   0.7   2:44.24 nts	1696951574752
3750802 toao      20   0   13.4g 857112 120636 R 194.4   0.7   2:44.57 nts	1696951574917
3750802 toao      20   0   13.4g 858168 120636 R 194.4   0.7   2:45.67 nts	1696951575468
3750802 toao      20   0   13.4g 858432 120636 R 205.9   0.7   2:46.01 nts	1696951575633
3750802 toao      20   0   13.4g 862128 120636 R 211.8   0.7   2:47.11 nts	1696951576184
3750802 toao      20   0   13.4g 863712 120636 R 194.4   0.7   2:47.43 nts	1696951576349
3750802 toao      20   0   13.4g 871632 120636 R 205.9   0.7   2:48.52 nts	1696951576896
3750802 toao      20   0   13.4g 874008 120636 R 200.0   0.7   2:48.85 nts	1696951577060
3750802 toao      20   0   14.6g 981848 120636 R 735.3   0.7   2:51.53 nts	1696951577602
3750802 toao      20   0   14.6g 997.2m 120636 R 733.3   0.8   2:52.85 nts	1696951577770
3750802 toao      20   0   14.6g   1.1g 120636 R 776.5   0.9   2:57.00 nts	1696951578307
3750802 toao      20   0   14.6g   1.1g 120636 R 817.6   0.9   2:58.39 nts	1696951578476
3750802 toao      20   0   14.6g   1.2g 120636 R 835.3   1.0   3:02.87 nts	1696951579013
3750802 toao      20   0   14.6g   1.3g 120636 R 911.8   1.0   3:04.42 nts	1696951579185
3750802 toao      20   0   18.7g   1.4g 120636 R  1512   1.1   3:09.67 nts	1696951579723
3750802 toao      20   0   18.7g   1.4g 120636 R 100.0   1.1   3:09.84 nts	1696951579892
3750802 toao      20   0   18.7g   1.4g 120636 R  94.1   1.1   3:10.37 nts	1696951580424
3750802 toao      20   0   18.7g   1.4g 120636 R 100.0   1.1   3:10.54 nts	1696951580597
3750802 toao      20   0   18.7g   1.4g 120636 R 100.0   1.1   3:11.08 nts	1696951581131
3750802 toao      20   0   18.7g   1.4g 120636 R 100.0   1.1   3:11.25 nts	1696951581304
3750802 toao      20   0   18.7g   1.4g 120636 R 100.0   1.1   3:11.78 nts	1696951581835
3750802 toao      20   0   18.7g   1.4g 120636 R 106.2   1.1   3:11.95 nts	1696951582009
3750802 toao      20   0   19.2g   1.6g 120636 R  94.1   1.3   3:12.49 nts	1696951582543
3750802 toao      20   0   19.2g   1.6g 120636 R 105.9   1.3   3:12.67 nts	1696951582715
3750802 toao      20   0   19.2g   1.6g 120636 R 105.9   1.3   3:13.20 nts	1696951583251
3750802 toao      20   0   19.2g   1.6g 120636 R 105.9   1.3   3:13.39 nts	1696951583431
3750802 toao      20   0   19.2g   1.6g 120636 R 100.0   1.3   3:13.90 nts	1696951583961
3750802 toao      20   0   19.2g   1.6g 120636 R 100.0   1.3   3:14.10 nts	1696951584151
3750802 toao      20   0   19.2g   1.7g 120636 R 105.9   1.3   3:14.62 nts	1696951584671
3750802 toao      20   0   19.2g   1.7g 120636 R 100.0   1.3   3:14.80 nts	1696951584859
3750802 toao      20   0   19.2g   1.7g 120636 R 100.0   1.3   3:15.33 nts	1696951585382
3750802 toao      20   0   19.2g   1.7g 120636 R 100.0   1.3   3:15.51 nts	1696951585567
3750802 toao      20   0   19.2g   1.7g 120636 R  94.1   1.3   3:16.03 nts	1696951586091
3750802 toao      20   0   19.2g   1.7g 120636 R 100.0   1.3   3:16.22 nts	1696951586274
3750802 toao      20   0   19.2g   1.7g 120636 R  94.1   1.3   3:16.74 nts	1696951586798
3750802 toao      20   0   19.2g   1.7g 120636 R 100.0   1.3   3:16.94 nts	1696951586983
3750802 toao      20   0   19.2g   1.7g 120636 R 105.9   1.3   3:17.45 nts	1696951587504
3750802 toao      20   0   19.2g   1.7g 120636 R  94.1   1.3   3:17.64 nts	1696951587703
3750802 toao      20   0   19.2g   1.7g 120636 R 106.2   1.3   3:18.15 nts	1696951588210
3750802 toao      20   0   19.2g   1.7g 120636 R 100.0   1.3   3:18.35 nts	1696951588411
3750802 toao      20   0   19.2g   1.8g 120636 R 100.0   1.4   3:18.86 nts	1696951588915
3750802 toao      20   0   19.2g   1.9g 120636 R 100.0   1.5   3:19.07 nts	1696951589118
3750802 toao      20   0   19.2g   1.9g 120636 R 106.2   1.5   3:19.56 nts	1696951589620
3750802 toao      20   0   19.2g   1.9g 120636 R 100.0   1.5   3:19.78 nts	1696951589827
3750802 toao      20   0   19.2g   1.9g 120636 R  94.4   1.5   3:20.27 nts	1696951590328
3750802 toao      20   0   19.2g   1.9g 120636 R 100.0   1.5   3:20.48 nts	1696951590535
3750802 toao      20   0   19.2g   1.9g 120636 R 105.9   1.5   3:20.99 nts	1696951591039
3750802 toao      20   0   19.2g   1.9g 120636 R  94.1   1.5   3:21.18 nts	1696951591243
3750802 toao      20   0   19.2g   1.9g 120636 R 105.9   1.5   3:21.69 nts	1696951591745
3750802 toao      20   0   19.2g   1.9g 120636 R 100.0   1.5   3:21.89 nts	1696951591952
3750802 toao      20   0   19.2g   1.9g 120636 R 106.2   1.5   3:22.39 nts	1696951592451
3750802 toao      20   0   19.2g   1.9g 120636 R  94.4   1.5   3:22.60 nts	1696951592658
3750802 toao      20   0   19.2g   1.9g 120636 R 105.9   1.5   3:23.10 nts	1696951593155
3750802 toao      20   0   19.2g   1.9g 120636 R  94.1   1.5   3:23.30 nts	1696951593366
3750802 toao      20   0   19.2g   1.9g 120636 R 105.9   1.5   3:23.81 nts	1696951593862
3750802 toao      20   0   19.2g   1.9g 120636 R  94.1   1.5   3:24.01 nts	1696951594074
3750802 toao      20   0   19.2g   1.9g 120636 R 100.0   1.5   3:24.51 nts	1696951594571
3750802 toao      20   0   19.2g   1.9g 120636 R 100.0   1.5   3:24.72 nts	1696951594781
3750802 toao      20   0   19.2g   1.9g 120636 R  94.4   1.5   3:25.22 nts	1696951595278
3750802 toao      20   0   19.2g   1.9g 120636 R 100.0   1.5   3:25.43 nts	1696951595492
3750802 toao      20   0   19.2g   1.9g 122748 D  1471   1.5   3:28.26 nts	1696951595988
3750802 toao      20   0   27.8g   1.9g 179656 D  35.3   1.5   3:28.32 nts	1696951596196
3750802 toao      20   0   28.2g   2.1g 217864 D  52.9   1.6   3:28.48 nts	1696951596688
3750802 toao      20   0   28.2g   2.1g 222824 R  17.6   1.7   3:28.51 nts	1696951596899
3750802 toao      20   0   28.3g   2.2g 240668 R  16.7   1.7   3:28.68 nts	1696951597398
3750802 toao      20   0   28.3g   2.2g 243032 D   0.0   1.8   3:28.72 nts	1696951597611
3750802 toao      20   0   28.4g   2.3g 252108 D   0.0   1.8   3:28.83 nts	1696951598112
3750802 toao      20   0   28.4g   2.3g 257324 D  35.3   1.8   3:28.89 nts	1696951598324
3750802 toao      20   0   28.5g   2.4g 272544 D  55.6   1.9   3:29.05 nts	1696951598826
3750802 toao      20   0   28.5g   2.4g 279316 D  29.4   1.9   3:29.10 nts	1696951599036
3750802 toao      20   0   28.6g   2.5g 290360 D  35.3   2.0   3:29.23 nts	1696951599542
3750802 toao      20   0   28.7g   2.6g 297388 R  35.3   2.0   3:29.29 nts	1696951599748
3750802 toao      20   0   28.8g   2.7g 312772 D  35.3   2.1   3:29.43 nts	1696951600255
3750802 toao      20   0   28.8g   2.7g 315368 R  22.2   2.1   3:29.47 nts	1696951600457
3750802 toao      20   0   29.1g   2.9g 334084 R  16.7   2.3   3:29.72 nts	1696951600968
3750802 toao      20   0   29.1g   2.8g 334768 D   5.6   2.2   3:29.76 nts	1696951601169
3750802 toao      20   0   29.1g   2.9g 340740 D   5.9   2.3   3:29.91 nts	1696951601679
3750802 toao      20   0   29.2g   2.9g 348328 D  27.8   2.3   3:29.97 nts	1696951601879
3750802 toao      20   0   29.3g   3.0g 363320 D  35.3   2.4   3:30.11 nts	1696951602390
3750802 toao      20   0   29.3g   3.1g 370372 D  41.2   2.5   3:30.18 nts	1696951602593
3750802 toao      20   0   29.4g   3.2g 380468 D  41.2   2.5   3:30.32 nts	1696951603104
3750802 toao      20   0   29.5g   3.2g 385248 D  35.3   2.5   3:30.38 nts	1696951603305
3750802 toao      20   0   29.6g   3.3g 413880 D  35.3   2.6   3:30.52 nts	1696951603814
3750802 toao      20   0   29.6g   3.3g 420044 R  29.4   2.7   3:30.57 nts	1696951604022
3750802 toao      20   0   29.8g   3.4g 440988 R  23.5   2.7   3:30.70 nts	1696951604524
3750802 toao      20   0   29.8g   3.4g 442076 R   5.6   2.7   3:30.72 nts	1696951604728
3750802 toao      20   0   29.9g   3.5g 455300 D   0.0   2.8   3:30.85 nts	1696951605233
3750802 toao      20   0   30.0g   3.6g 462744 D  17.6   2.9   3:30.92 nts	1696951605442
3750802 toao      20   0   30.1g   3.7g 477204 D  35.3   2.9   3:31.09 nts	1696951605941
3750802 toao      20   0   30.2g   3.7g 483752 D  52.9   3.0   3:31.18 nts	1696951606150
3750802 toao      20   0   30.3g   3.8g 491468 D  41.2   3.1   3:31.31 nts	1696951606654
3750802 toao      20   0   30.3g   3.9g 495384 D  47.1   3.1   3:31.39 nts	1696951606863
3750802 toao      20   0   30.4g   4.0g 505016 D  33.3   3.2   3:31.53 nts	1696951607368
3750802 toao      20   0   30.5g   4.0g 511424 R  47.1   3.2   3:31.61 nts	1696951607581
3750802 toao      20   0   30.9g   4.1g 521200 R  52.9   3.2   3:31.78 nts	1696951608084
3750802 toao      20   0   30.9g   4.1g 521200 R 100.0   3.2   3:32.01 nts	1696951608295
3750802 toao      20   0   31.3g   4.2g 598268 R 111.8   3.3   3:32.67 nts	1696951608799
3750802 toao      20   0   31.3g   4.2g 598268 R 141.2   3.3   3:32.94 nts	1696951609008
3750802 toao      20   0   31.3g   4.2g 598268 R 133.3   3.3   3:33.60 nts	1696951609517
3750802 toao      20   0   31.3g   4.2g 598268 R 141.2   3.4   3:33.87 nts	1696951609719
3750802 toao      20   0   31.4g   4.2g 598268 R 141.2   3.4   3:34.51 nts	1696951610230
3750802 toao      20   0   31.4g   4.3g 598268 R 135.3   3.4   3:34.76 nts	1696951610429
3750802 toao      20   0   31.5g   4.3g 598268 R 141.2   3.4   3:35.41 nts	1696951610944
3750802 toao      20   0   31.5g   4.3g 598268 R 117.6   3.4   3:35.64 nts	1696951611140
3750802 toao      20   0   31.5g   4.3g 598268 R 111.8   3.5   3:36.26 nts	1696951611649
3750802 toao      20   0   31.6g   4.4g 598268 R 105.9   3.5   3:36.51 nts	1696951611852
3750802 toao      20   0   31.8g   4.5g 598268 R 100.0   3.6   3:37.19 nts	1696951612356
3750802 toao      20   0   31.7g   4.4g 598268 R 150.0   3.5   3:37.46 nts	1696951612561
3750802 toao      20   0   31.9g   4.5g 598268 R 129.4   3.6   3:38.09 nts	1696951613063
3750802 toao      20   0   31.9g   4.5g 598268 R 141.2   3.6   3:38.37 nts	1696951613265
3750802 toao      20   0   32.0g   4.5g 598268 R 129.4   3.6   3:38.99 nts	1696951613766
3750802 toao      20   0   32.0g   4.5g 598268 R 141.2   3.6   3:39.26 nts	1696951613969
3750802 toao      20   0   32.2g   4.7g 674188 R 141.2   3.7   3:39.91 nts	1696951614471
3750802 toao      20   0   32.4g   4.7g 720368 R 122.2   3.7   3:40.17 nts	1696951614676
3750802 toao      20   0   32.9g   4.9g 899176 R 105.9   3.9   3:40.87 nts	1696951615180
3750802 toao      20   0   33.4g   5.3g   1.3g D  82.4   4.3   3:41.05 nts	1696951615387
3750802 toao      20   0   33.4g   5.3g   1.3g R 105.9   4.3   3:41.52 nts	1696951615890
3750802 toao      20   0   33.4g   5.3g   1.3g R 100.0   4.3   3:41.72 nts	1696951616095
3750802 toao      20   0   34.3g   5.6g   1.6g R 100.0   4.5   3:42.22 nts	1696951616598
3750802 toao      20   0   34.3g   6.2g   2.2g R 100.0   4.9   3:42.42 nts	1696951616803
3750802 toao      20   0   34.3g   6.3g   2.2g R 100.0   5.0   3:42.81 nts	1696951617303
3750802 toao      20   0   34.3g   6.3g   2.2g R 105.9   5.0   3:43.02 nts	1696951617509
3750802 toao      20   0   34.3g   6.3g   2.2g R 105.9   5.0   3:43.53 nts	1696951618013
3750802 toao      20   0   34.3g   6.3g   2.2g R 100.0   5.0   3:43.72 nts	1696951618215
3750802 toao      20   0   34.3g   6.3g   2.2g R 100.0   5.0   3:44.23 nts	1696951618722
3750802 toao      20   0   34.3g   6.3g   2.2g R 100.0   5.0   3:44.43 nts	1696951618920
3750802 toao      20   0   34.3g   6.3g   2.2g R 100.0   5.0   3:44.94 nts	1696951619434
3750802 toao      20   0   34.3g   6.3g   2.2g R 100.0   5.0   3:45.14 nts	1696951619632
3750802 toao      20   0   34.3g   6.3g   2.2g R 100.0   5.0   3:45.66 nts	1696951620146
3750802 toao      20   0   34.3g   6.3g   2.2g R 100.0   5.0   3:45.85 nts	1696951620339
3750802 toao      20   0   34.3g   6.3g   2.2g R 100.0   5.0   3:46.36 nts	1696951620855
3750802 toao      20   0   34.3g   6.3g   2.2g R 100.0   5.0   3:46.56 nts	1696951621048
3750802 toao      20   0   34.3g   6.3g   2.2g R 100.0   5.0   3:47.08 nts	1696951621563
3750802 toao      20   0   34.3g   6.3g   2.2g R 100.0   5.0   3:47.27 nts	1696951621759
3750802 toao      20   0   34.3g   6.3g   2.2g R 105.9   5.0   3:47.79 nts	1696951622273
3750802 toao      20   0   34.3g   6.3g   2.2g R  94.1   5.0   3:47.97 nts	1696951622463
3750802 toao      20   0   34.3g   6.3g   2.2g R 100.0   5.0   3:48.50 nts	1696951622980
3750802 toao      20   0   34.3g   6.3g   2.2g R  94.1   5.0   3:48.68 nts	1696951623171
3750802 toao      20   0   34.3g   6.3g   2.2g R 100.0   5.0   3:49.20 nts	1696951623691
3750802 toao      20   0   34.3g   6.3g   2.2g R 106.2   5.0   3:49.39 nts	1696951623880
3750802 toao      20   0   34.3g   6.3g   2.2g R 100.0   5.0   3:49.92 nts	1696951624398
3750802 toao      20   0   34.3g   6.3g   2.2g R 105.9   5.0   3:50.10 nts	1696951624584
3750802 toao      20   0   34.3g   6.3g   2.2g R 100.0   5.0   3:50.62 nts	1696951625111
3750802 toao      20   0   34.3g   6.3g   2.2g R 106.2   5.0   3:50.80 nts	1696951625290
3750802 toao      20   0   34.3g   6.3g   2.2g R 100.0   5.0   3:51.33 nts	1696951625816
3750802 toao      20   0   34.3g   6.3g   2.2g R 100.0   5.0   3:51.50 nts	1696951625994
3750802 toao      20   0   34.3g   6.3g   2.2g R 105.9   5.0   3:52.04 nts	1696951626524
3750802 toao      20   0   34.3g   6.3g   2.2g R 100.0   5.0   3:52.21 nts	1696951626699
3750802 toao      20   0   34.3g   6.3g   2.2g R 100.0   5.0   3:52.75 nts	1696951627232
3750802 toao      20   0   34.3g   6.3g   2.2g R 100.0   5.0   3:52.92 nts	1696951627407
3750802 toao      20   0   34.3g   6.3g   2.2g R 105.9   5.0   3:53.46 nts	1696951627941
3750802 toao      20   0   34.3g   6.3g   2.2g R 100.0   5.0   3:53.63 nts	1696951628118
3750802 toao      20   0   34.3g   6.3g   2.2g R 105.9   5.0   3:54.17 nts	1696951628650
3750802 toao      20   0   34.3g   6.3g   2.2g R 100.0   5.0   3:54.34 nts	1696951628824
3750802 toao      20   0   34.3g   6.3g   2.2g R 105.9   5.0   3:54.88 nts	1696951629361
3750802 toao      20   0   34.3g   6.3g   2.2g R 100.0   5.0   3:55.05 nts	1696951629532
3750802 toao      20   0   34.3g   6.3g   2.2g R 112.5   5.0   3:55.59 nts	1696951630069
3750802 toao      20   0   34.3g   6.3g   2.2g R 100.0   5.0   3:55.76 nts	1696951630242
3750802 toao      20   0   34.3g   6.3g   2.2g R 100.0   5.0   3:56.29 nts	1696951630775
3750802 toao      20   0   34.3g   6.3g   2.2g R  94.1   5.0   3:56.45 nts	1696951630949
3750802 toao      20   0   34.3g   6.3g   2.2g R 100.0   5.0   3:57.00 nts	1696951631480
3750802 toao      20   0   34.3g   6.3g   2.2g R 105.9   5.0   3:57.17 nts	1696951631651
3750802 toao      20   0   34.3g   6.3g   2.2g R 100.0   5.0   3:57.70 nts	1696951632190
3750802 toao      20   0   34.3g   6.3g   2.2g R 100.0   5.0   3:57.87 nts	1696951632359
3750802 toao      20   0   34.3g   6.3g   2.2g R  94.4   5.0   3:58.41 nts	1696951632898
3750802 toao      20   0   34.3g   6.3g   2.2g R 105.9   5.0   3:58.59 nts	1696951633068
3750802 toao      20   0   34.3g   6.3g   2.2g R 100.0   5.0   3:59.12 nts	1696951633604
3750802 toao      20   0   34.3g   6.3g   2.2g R  94.1   5.0   3:59.29 nts	1696951633776
3750802 toao      20   0   34.3g   6.3g   2.2g R 100.0   5.0   3:59.83 nts	1696951634307
3750802 toao      20   0   34.3g   6.3g   2.2g R 100.0   5.0   4:00.00 nts	1696951634483
3750802 toao      20   0   34.3g   6.3g   2.2g R 100.0   5.0   4:00.53 nts	1696951635016
3750802 toao      20   0   34.3g   6.3g   2.2g R  94.4   5.0   4:00.70 nts	1696951635189
3750802 toao      20   0   34.3g   6.3g   2.2g R 100.0   5.0   4:01.25 nts	1696951635726
3750802 toao      20   0   34.3g   6.3g   2.2g R 105.9   5.0   4:01.42 nts	1696951635897
3750802 toao      20   0   34.3g   6.3g   2.2g R 100.0   5.0   4:01.95 nts	1696951636436
3750802 toao      20   0   34.3g   6.3g   2.2g R 100.0   5.0   4:02.12 nts	1696951636604
3750802 toao      20   0   34.3g   6.3g   2.2g R  94.4   5.0   4:02.66 nts	1696951637139
3750802 toao      20   0   34.3g   6.3g   2.2g R 100.0   5.0   4:02.83 nts	1696951637312
3750802 toao      20   0   34.3g   6.3g   2.2g R 105.9   5.0   4:03.37 nts	1696951637847
3750802 toao      20   0   34.3g   6.3g   2.2g R 100.0   5.0   4:03.53 nts	1696951638019
3750802 toao      20   0   34.3g   6.3g   2.2g R 100.0   5.0   4:04.07 nts	1696951638553
3750802 toao      20   0   34.3g   6.3g   2.2g R 100.0   5.0   4:04.24 nts	1696951638723
3750802 toao      20   0   34.3g   6.3g   2.2g R 105.9   5.0   4:04.79 nts	1696951639259
3750802 toao      20   0   34.3g   6.3g   2.2g R 100.0   5.0   4:04.96 nts	1696951639433
3750802 toao      20   0   34.3g   6.3g   2.2g R 100.0   5.0   4:05.49 nts	1696951639971
3750802 toao      20   0   34.3g   6.3g   2.2g R 100.0   5.0   4:05.67 nts	1696951640144
3750802 toao      20   0   34.3g   6.3g   2.2g R  94.4   5.0   4:06.20 nts	1696951640678
3750802 toao      20   0   34.3g   6.3g   2.2g R 100.0   5.0   4:06.37 nts	1696951640851
3750802 toao      20   0   34.3g   6.3g   2.2g R 105.9   5.0   4:06.91 nts	1696951641386
3750802 toao      20   0   34.3g   6.3g   2.2g R 100.0   5.0   4:07.09 nts	1696951641558
3750802 toao      20   0   34.3g   6.3g   2.2g R 100.0   5.0   4:07.62 nts	1696951642095
3750802 toao      20   0   34.3g   6.3g   2.2g R 100.0   5.0   4:07.79 nts	1696951642268
3750802 toao      20   0   34.3g   6.3g   2.2g R 106.2   5.0   4:08.32 nts	1696951642800
3750802 toao      20   0   34.3g   6.3g   2.2g R 105.9   5.0   4:08.50 nts	1696951642975
3750802 toao      20   0   34.3g   6.3g   2.2g R 100.0   5.0   4:09.03 nts	1696951643507
3750802 toao      20   0   34.3g   6.3g   2.2g R 100.0   5.0   4:09.21 nts	1696951643683
3750802 toao      20   0   34.3g   6.3g   2.2g R 100.0   5.0   4:09.74 nts	1696951644215
3750802 toao      20   0   34.3g   6.3g   2.2g R 105.9   5.0   4:09.92 nts	1696951644389
3750802 toao      20   0   34.3g   6.3g   2.2g R 100.0   5.0   4:10.44 nts	1696951644920
3750802 toao      20   0   34.3g   6.3g   2.2g R  94.4   5.0   4:10.62 nts	1696951645100
3750802 toao      20   0   34.3g   6.3g   2.2g R 100.0   5.0   4:11.15 nts	1696951645625
3750802 toao      20   0   34.3g   6.3g   2.2g R 100.0   5.0   4:11.33 nts	1696951645806
3750802 toao      20   0   34.3g   6.3g   2.2g R 105.9   5.0   4:11.87 nts	1696951646336
3750802 toao      20   0   34.3g   6.3g   2.2g R 100.0   5.0   4:12.04 nts	1696951646514
3750802 toao      20   0   34.3g   6.3g   2.2g R 106.2   5.0   4:12.56 nts	1696951647043
3750802 toao      20   0   34.3g   6.3g   2.2g R  94.4   5.0   4:12.74 nts	1696951647218
3750802 toao      20   0   34.3g   6.3g   2.2g R 100.0   5.0   4:13.27 nts	1696951647747
3750802 toao      20   0   34.3g   6.3g   2.2g R 100.0   5.0   4:13.45 nts	1696951647926
3750802 toao      20   0   34.3g   6.3g   2.2g R 100.0   5.0   4:13.97 nts	1696951648451
3750802 toao      20   0   34.3g   6.3g   2.2g R 105.9   5.0   4:14.17 nts	1696951648635
3750802 toao      20   0   34.3g   6.3g   2.2g R  94.1   5.0   4:14.68 nts	1696951649159
3750802 toao      20   0   34.3g   6.3g   2.2g R 100.0   5.0   4:14.87 nts	1696951649343
3750802 toao      20   0   34.3g   6.3g   2.2g R 105.9   5.0   4:15.39 nts	1696951649862
3750802 toao      20   0   34.3g   6.3g   2.2g R 100.0   5.0   4:15.57 nts	1696951650048
3750802 toao      20   0   34.3g   6.3g   2.2g R 100.0   5.0   4:16.09 nts	1696951650567
3750802 toao      20   0   34.3g   6.3g   2.2g R 105.9   5.0   4:16.28 nts	1696951650755
3750802 toao      20   0   34.3g   6.3g   2.2g R 105.9   5.0   4:16.81 nts	1696951651275
3750802 toao      20   0   34.3g   6.3g   2.2g R  94.4   5.0   4:16.99 nts	1696951651459
3750802 toao      20   0   34.3g   6.3g   2.2g R 105.9   5.0   4:17.51 nts	1696951651984
3750802 toao      20   0   34.3g   6.3g   2.2g R 105.9   5.0   4:17.70 nts	1696951652166
3750802 toao      20   0   34.3g   6.3g   2.2g R 105.9   5.0   4:18.22 nts	1696951652690
3750802 toao      20   0   34.3g   6.3g   2.2g R 100.0   5.0   4:18.40 nts	1696951652874
3750802 toao      20   0   34.3g   6.3g   2.2g R 105.9   5.0   4:18.94 nts	1696951653401
3750802 toao      20   0   34.3g   6.3g   2.2g R  94.1   5.0   4:19.11 nts	1696951653583
3750802 toao      20   0   34.3g   6.3g   2.2g R 105.9   5.0   4:19.64 nts	1696951654108
3750802 toao      20   0   34.3g   6.3g   2.2g R 100.0   5.0   4:19.82 nts	1696951654291
3750802 toao      20   0   34.3g   6.3g   2.2g R 100.0   5.0   4:20.35 nts	1696951654815
3750802 toao      20   0   34.3g   6.3g   2.2g R 100.0   5.0   4:20.53 nts	1696951655001
3750802 toao      20   0   34.3g   6.3g   2.2g R 105.9   5.0   4:21.06 nts	1696951655524
3750802 toao      20   0   34.3g   6.3g   2.2g R 106.2   5.0   4:21.24 nts	1696951655710
3750802 toao      20   0   34.3g   6.3g   2.2g R 100.0   5.0   4:21.76 nts	1696951656232
3750802 toao      20   0   34.3g   6.3g   2.2g R 100.0   5.0   4:21.94 nts	1696951656413
3750802 toao      20   0   34.3g   6.3g   2.2g R 100.0   5.0   4:22.47 nts	1696951656940
3750802 toao      20   0   34.3g   6.3g   2.2g D  58.8   5.0   4:22.58 nts	1696951657122
3750802 toao      20   0   34.5g   6.3g   2.2g D   5.9   5.0   4:24.02 nts	1696951657651
3750802 toao      20   0   34.5g   6.3g   2.2g D  23.5   5.1   4:24.06 nts	1696951657827
3750802 toao      20   0   34.6g   6.4g   2.2g D  23.5   5.1   4:24.19 nts	1696951658361
3750802 toao      20   0   34.6g   6.4g   2.2g D  35.3   5.1   4:24.25 nts	1696951658533
3750802 toao      20   0   34.7g   6.4g   2.2g D  41.2   5.1   4:24.38 nts	1696951659068
3750802 toao      20   0   34.7g   6.4g   2.2g D  35.3   5.1   4:24.44 nts	1696951659242
3750802 toao      20   0   34.8g   6.4g   2.2g D  47.1   5.1   4:24.58 nts	1696951659775
3750802 toao      20   0   34.9g   6.4g   2.2g R   6.2   5.1   4:24.59 nts	1696951659951
3750802 toao      20   0  138.8g   6.5g   2.3g S 211.8   5.2   4:29.66 nts	1696951660484
3750802 toao      20   0  139.0g   6.5g   2.3g S 229.4   5.2   4:30.05 nts	1696951660656
3750802 toao      20   0  139.2g   6.5g   2.3g S 250.0   5.2   4:31.58 nts	1696951661194
3750802 toao      20   0  139.2g   6.5g   2.3g S 338.9   5.2   4:32.19 nts	1696951661368
3750802 toao      20   0  139.6g   6.5g   2.3g S 217.6   5.2   4:33.26 nts	1696951661912
3750802 toao      20   0  139.6g   6.5g   2.3g S 270.6   5.2   4:33.71 nts	1696951662082
3750802 toao      20   0  139.5g   6.5g   2.3g S 417.6   5.2   4:35.72 nts	1696951662624
3750802 toao      20   0  139.6g   6.5g   2.3g S 405.6   5.2   4:36.45 nts	1696951662789
3750802 toao      20   0  139.6g   6.5g   2.3g S 423.5   5.2   4:38.22 nts	1696951663331
3750802 toao      20   0  139.6g   6.5g   2.3g S 429.4   5.2   4:38.95 nts	1696951663501
3750802 toao      20   0  139.5g   6.5g   2.3g S 435.3   5.2   4:40.80 nts	1696951664038
3750802 toao      20   0  139.6g   6.5g   2.3g S 458.8   5.2   4:41.58 nts	1696951664208
3750802 toao      20   0  139.6g   6.5g   2.3g S 429.4   5.2   4:43.33 nts	1696951664744
3750802 toao      20   0  139.6g   6.5g   2.3g S 435.3   5.2   4:44.07 nts	1696951664916
3750802 toao      20   0  139.6g   6.5g   2.3g S 417.6   5.2   4:45.85 nts	1696951665453
3750802 toao      20   0  139.3g   6.5g   2.3g S 341.2   5.2   4:46.43 nts	1696951665625
3750802 toao      20   0  139.6g   6.5g   2.3g S 423.5   5.2   4:48.33 nts	1696951666162
3750802 toao      20   0  139.3g   6.5g   2.3g S 258.8   5.2   4:48.77 nts	1696951666336
3750802 toao      20   0  139.6g   6.5g   2.3g S 400.0   5.2   4:50.87 nts	1696951666874
3750802 toao      20   0  139.3g   6.5g   2.3g S 150.0   5.2   4:51.14 nts	1696951667048
3750802 toao      20   0  139.3g   6.5g   2.3g S 355.6   5.2   4:53.33 nts	1696951667587
3750802 toao      20   0  139.6g   6.5g   2.3g S 188.2   5.2   4:53.65 nts	1696951667759
3750802 toao      20   0  149.0g   6.5g   2.3g S 423.5   5.2   4:56.16 nts	1696951668297
3750802 toao      20   0  149.0g   6.6g   2.3g S 205.9   5.2   4:56.52 nts	1696951668473
3750802 toao      20   0  148.9g   6.5g   2.3g S 129.4   5.2   4:58.25 nts	1696951669003
3750802 toao      20   0  149.4g   6.6g   2.3g S 272.2   5.2   4:58.74 nts	1696951669180
3750802 toao      20   0  149.1g   6.6g   2.3g S 152.9   5.2   5:00.58 nts	1696951669716
3750802 toao      20   0  149.4g   6.6g   2.3g S 383.3   5.2   5:01.27 nts	1696951669889
3750802 toao      20   0  149.4g   6.6g   2.3g S 194.1   5.2   5:03.10 nts	1696951670428
3750802 toao      20   0  149.4g   6.6g   2.3g S 400.0   5.2   5:03.82 nts	1696951670597
3750802 toao      20   0  149.4g   6.6g   2.3g S 288.2   5.2   5:05.63 nts	1696951671137
3750802 toao      20   0  149.4g   6.6g   2.3g S 400.0   5.2   5:06.35 nts	1696951671309
3750802 toao      20   0  149.4g   6.6g   2.3g S 366.7   5.2   5:08.16 nts	1696951671846
3750802 toao      20   0  149.4g   6.6g   2.3g S 435.3   5.2   5:08.90 nts	1696951672020
3750802 toao      20   0  149.4g   6.6g   2.3g S 400.0   5.2   5:10.72 nts	1696951672558
3750802 toao      20   0  149.4g   6.6g   2.3g S 405.6   5.2   5:11.46 nts	1696951672735
3750802 toao      20   0  149.4g   6.6g   2.3g S 429.4   5.2   5:13.25 nts	1696951673270
3750802 toao      20   0  149.4g   6.6g   2.3g S 423.5   5.2   5:14.00 nts	1696951673447
3750802 toao      20   0  149.4g   6.6g   2.3g S 423.5   5.2   5:15.82 nts	1696951673980
3750802 toao      20   0  149.4g   6.6g   2.3g S 423.5   5.2   5:16.55 nts	1696951674157
3750802 toao      20   0  149.4g   6.6g   2.3g S 423.5   5.2   5:18.36 nts	1696951674692
3750802 toao      20   0  149.1g   6.6g   2.3g S 335.3   5.2   5:18.93 nts	1696951674865
3750802 toao      20   0  158.9g   6.6g   2.3g S 423.5   5.2   5:21.30 nts	1696951675403
3750802 toao      20   0  158.6g   6.6g   2.4g S 250.0   5.2   5:21.75 nts	1696951675577
3750802 toao      20   0  158.6g   6.6g   2.4g S 355.6   5.2   5:23.77 nts	1696951676118
3750802 toao      20   0  158.9g   6.6g   2.4g S 129.4   5.2   5:24.00 nts	1696951676294
3750802 toao      20   0  158.9g   6.6g   2.4g S 429.4   5.2   5:26.27 nts	1696951676830
3750802 toao      20   0  158.9g   6.6g   2.4g S 205.9   5.2   5:26.63 nts	1696951677005
3750802 toao      20   0  158.6g   6.6g   2.4g S 294.4   5.2   5:28.66 nts	1696951677539
3750802 toao      20   0  158.9g   6.6g   2.4g S 282.4   5.2   5:29.15 nts	1696951677716
3750802 toao      20   0  158.6g   6.6g   2.4g S 217.6   5.2   5:31.02 nts	1696951678249
3750802 toao      20   0  158.9g   6.6g   2.4g S 394.1   5.2   5:31.70 nts	1696951678425
3750802 toao      20   0  158.9g   6.6g   2.4g S 176.5   5.2   5:33.51 nts	1696951678961
3750802 toao      20   0  158.9g   6.6g   2.4g S 417.6   5.2   5:34.22 nts	1696951679136
3750802 toao      20   0  158.9g   6.6g   2.4g S 264.7   5.2   5:36.03 nts	1696951679671
3750802 toao      20   0  158.9g   6.6g   2.4g S 423.5   5.2   5:36.75 nts	1696951679843
3750802 toao      20   0  158.9g   6.6g   2.4g S 382.4   5.3   5:38.57 nts	1696951680383
3750802 toao      20   0  158.9g   6.6g   2.4g S 435.3   5.3   5:39.30 nts	1696951680552
3750802 toao      20   0  158.9g   6.6g   2.4g S 429.4   5.3   5:41.13 nts	1696951681093
3750802 toao      20   0  158.9g   6.6g   2.4g S 435.3   5.3   5:41.86 nts	1696951681263
3750802 toao      20   0  158.9g   6.6g   2.4g S 423.5   5.3   5:43.67 nts	1696951681805
3750802 toao      20   0  158.9g   6.6g   2.4g S 423.5   5.3   5:44.38 nts	1696951681974
3750802 toao      20   0       0      0      0 Z 105.9   0.0   5:45.46 nts	1696951682515
3750802 toao      20   0       0      0      0 Z 100.0   0.0   5:45.61 nts	1696951682681
3750802 toao      20   0       0      0      0 Z  58.8   0.0   5:46.08 nts	1696951683230
3750802 toao      20   0       0      0      0 Z  27.8   0.0   5:46.13 nts	1696951683395
3750802 toao      20   0       0      0      0 Z  94.1   0.0   5:46.48 nts	1696951683946
3750802 toao      20   0       0      0      0 Z 100.0   0.0   5:46.66 nts	1696951684115
