| 30%   45C    P5    69W / 230W |      5MiB / 24256MiB |      0%      Default |	1696951559735
| 30%   35C    P8    25W / 230W |      5MiB / 24256MiB |      0%      Default |	1696951559735
| 30%   44C    P5    69W / 230W |      5MiB / 24256MiB |      0%      Default |	1696951560518
| 30%   35C    P8    25W / 230W |      5MiB / 24256MiB |      0%      Default |	1696951560518
| 30%   44C    P8    37W / 230W |      5MiB / 24256MiB |      0%      Default |	1696951561280
| 30%   35C    P8    25W / 230W |      5MiB / 24256MiB |      0%      Default |	1696951561280
| 30%   43C    P8    31W / 230W |      5MiB / 24256MiB |      0%      Default |	1696951562067
| 30%   35C    P8    25W / 230W |      5MiB / 24256MiB |      0%      Default |	1696951562067
| 30%   43C    P8    28W / 230W |      5MiB / 24256MiB |      0%      Default |	1696951562830
| 30%   35C    P8    25W / 230W |      5MiB / 24256MiB |      0%      Default |	1696951562830
| 30%   43C    P8    28W / 230W |      5MiB / 24256MiB |      0%      Default |	1696951563583
| 30%   35C    P8    25W / 230W |      5MiB / 24256MiB |      0%      Default |	1696951563583
| 30%   43C    P8    27W / 230W |      5MiB / 24256MiB |      0%      Default |	1696951564316
| 30%   35C    P8    25W / 230W |      5MiB / 24256MiB |      0%      Default |	1696951564316
| 30%   43C    P8    27W / 230W |      5MiB / 24256MiB |      0%      Default |	1696951565053
| 30%   35C    P8    25W / 230W |      5MiB / 24256MiB |      0%      Default |	1696951565053
| 30%   42C    P8    27W / 230W |      5MiB / 24256MiB |      0%      Default |	1696951565810
| 30%   35C    P8    25W / 230W |      5MiB / 24256MiB |      0%      Default |	1696951565810
| 30%   42C    P8    28W / 230W |      5MiB / 24256MiB |      0%      Default |	1696951566549
| 30%   35C    P8    25W / 230W |      5MiB / 24256MiB |      0%      Default |	1696951566549
| 30%   42C    P8    28W / 230W |      5MiB / 24256MiB |      0%      Default |	1696951567287
| 30%   35C    P8    25W / 230W |      5MiB / 24256MiB |      0%      Default |	1696951567287
| 30%   42C    P8    28W / 230W |      5MiB / 24256MiB |      0%      Default |	1696951568027
| 30%   35C    P8    25W / 230W |      5MiB / 24256MiB |      0%      Default |	1696951568027
| 30%   42C    P8    28W / 230W |      5MiB / 24256MiB |      0%      Default |	1696951568765
| 30%   35C    P8    25W / 230W |      5MiB / 24256MiB |      0%      Default |	1696951568765
| 30%   42C    P8    28W / 230W |      5MiB / 24256MiB |      0%      Default |	1696951569504
| 30%   35C    P8    25W / 230W |      5MiB / 24256MiB |      0%      Default |	1696951569504
| 30%   41C    P8    28W / 230W |      5MiB / 24256MiB |      0%      Default |	1696951570237
| 30%   35C    P8    25W / 230W |      5MiB / 24256MiB |      0%      Default |	1696951570237
| 30%   41C    P8    28W / 230W |      5MiB / 24256MiB |      0%      Default |	1696951570981
| 30%   35C    P8    25W / 230W |      5MiB / 24256MiB |      0%      Default |	1696951570981
| 30%   41C    P8    28W / 230W |      5MiB / 24256MiB |      0%      Default |	1696951571717
| 30%   35C    P8    25W / 230W |      5MiB / 24256MiB |      0%      Default |	1696951571717
| 30%   41C    P8    28W / 230W |      5MiB / 24256MiB |      0%      Default |	1696951572455
| 30%   35C    P8    25W / 230W |      5MiB / 24256MiB |      0%      Default |	1696951572455
| 30%   41C    P8    28W / 230W |      5MiB / 24256MiB |      0%      Default |	1696951573202
| 30%   35C    P8    25W / 230W |      5MiB / 24256MiB |      0%      Default |	1696951573202
| 30%   41C    P8    28W / 230W |      5MiB / 24256MiB |      0%      Default |	1696951573958
| 30%   35C    P8    25W / 230W |      5MiB / 24256MiB |      0%      Default |	1696951573958
| 30%   41C    P8    28W / 230W |      5MiB / 24256MiB |      0%      Default |	1696951574708
| 30%   35C    P8    25W / 230W |      5MiB / 24256MiB |      0%      Default |	1696951574708
| 30%   41C    P8    28W / 230W |      5MiB / 24256MiB |      0%      Default |	1696951575461
| 30%   35C    P8    25W / 230W |      5MiB / 24256MiB |      0%      Default |	1696951575461
| 30%   40C    P8    28W / 230W |      5MiB / 24256MiB |      0%      Default |	1696951576209
| 30%   35C    P8    25W / 230W |      5MiB / 24256MiB |      0%      Default |	1696951576209
| 30%   40C    P8    28W / 230W |      5MiB / 24256MiB |      0%      Default |	1696951576956
| 30%   35C    P8    25W / 230W |      5MiB / 24256MiB |      0%      Default |	1696951576956
| 30%   40C    P8    28W / 230W |      5MiB / 24256MiB |      0%      Default |	1696951577702
| 30%   35C    P8    25W / 230W |      5MiB / 24256MiB |      0%      Default |	1696951577702
| 30%   40C    P8    28W / 230W |      5MiB / 24256MiB |      0%      Default |	1696951578437
| 30%   35C    P8    25W / 230W |      5MiB / 24256MiB |      0%      Default |	1696951578437
| 30%   40C    P8    28W / 230W |      5MiB / 24256MiB |      0%      Default |	1696951579170
| 30%   35C    P8    25W / 230W |      5MiB / 24256MiB |      0%      Default |	1696951579170
| 30%   40C    P8    28W / 230W |      5MiB / 24256MiB |      0%      Default |	1696951579903
| 30%   35C    P8    25W / 230W |      5MiB / 24256MiB |      0%      Default |	1696951579903
| 30%   40C    P8    28W / 230W |      5MiB / 24256MiB |      0%      Default |	1696951580640
| 30%   35C    P8    25W / 230W |      5MiB / 24256MiB |      0%      Default |	1696951580640
| 30%   40C    P8    28W / 230W |      5MiB / 24256MiB |      0%      Default |	1696951581373
| 30%   35C    P8    25W / 230W |      5MiB / 24256MiB |      0%      Default |	1696951581373
| 30%   40C    P8    28W / 230W |      5MiB / 24256MiB |      0%      Default |	1696951582108
| 30%   35C    P8    25W / 230W |      5MiB / 24256MiB |      0%      Default |	1696951582108
| 30%   40C    P8    28W / 230W |      5MiB / 24256MiB |      0%      Default |	1696951582843
| 30%   35C    P8    25W / 230W |      5MiB / 24256MiB |      0%      Default |	1696951582843
| 30%   39C    P8    28W / 230W |      5MiB / 24256MiB |      0%      Default |	1696951583582
| 30%   35C    P8    25W / 230W |      5MiB / 24256MiB |      0%      Default |	1696951583582
| 30%   39C    P8    28W / 230W |      5MiB / 24256MiB |      0%      Default |	1696951584315
| 30%   35C    P8    25W / 230W |      5MiB / 24256MiB |      0%      Default |	1696951584315
| 30%   39C    P8    28W / 230W |      5MiB / 24256MiB |      0%      Default |	1696951585046
| 30%   35C    P8    25W / 230W |      5MiB / 24256MiB |      0%      Default |	1696951585046
| 30%   39C    P8    28W / 230W |      5MiB / 24256MiB |      0%      Default |	1696951585780
| 30%   35C    P8    25W / 230W |      5MiB / 24256MiB |      0%      Default |	1696951585780
| 30%   39C    P8    28W / 230W |      5MiB / 24256MiB |      0%      Default |	1696951586521
| 30%   35C    P8    25W / 230W |      5MiB / 24256MiB |      0%      Default |	1696951586521
| 30%   39C    P8    28W / 230W |      5MiB / 24256MiB |      0%      Default |	1696951587254
| 30%   35C    P8    25W / 230W |      5MiB / 24256MiB |      0%      Default |	1696951587254
| 30%   39C    P8    28W / 230W |      5MiB / 24256MiB |      0%      Default |	1696951587989
| 30%   35C    P8    25W / 230W |      5MiB / 24256MiB |      0%      Default |	1696951587989
| 30%   39C    P8    28W / 230W |      5MiB / 24256MiB |      0%      Default |	1696951588724
| 30%   35C    P8    25W / 230W |      5MiB / 24256MiB |      0%      Default |	1696951588724
| 30%   39C    P8    28W / 230W |      5MiB / 24256MiB |      0%      Default |	1696951589467
| 30%   35C    P8    25W / 230W |      5MiB / 24256MiB |      0%      Default |	1696951589467
| 30%   39C    P8    28W / 230W |      5MiB / 24256MiB |      0%      Default |	1696951590202
| 30%   35C    P8    25W / 230W |      5MiB / 24256MiB |      0%      Default |	1696951590202
| 30%   38C    P8    28W / 230W |      5MiB / 24256MiB |      0%      Default |	1696951590940
| 30%   35C    P8    25W / 230W |      5MiB / 24256MiB |      0%      Default |	1696951590940
| 30%   38C    P8    28W / 230W |      5MiB / 24256MiB |      0%      Default |	1696951591674
| 30%   35C    P8    25W / 230W |      5MiB / 24256MiB |      0%      Default |	1696951591674
| 30%   38C    P8    27W / 230W |      5MiB / 24256MiB |      0%      Default |	1696951592410
| 30%   35C    P8    25W / 230W |      5MiB / 24256MiB |      0%      Default |	1696951592410
| 30%   38C    P8    27W / 230W |      5MiB / 24256MiB |      0%      Default |	1696951593144
| 30%   35C    P8    25W / 230W |      5MiB / 24256MiB |      0%      Default |	1696951593144
| 30%   38C    P8    27W / 230W |      5MiB / 24256MiB |      0%      Default |	1696951593876
| 30%   34C    P8    25W / 230W |      5MiB / 24256MiB |      0%      Default |	1696951593876
| 30%   38C    P8    28W / 230W |      5MiB / 24256MiB |      0%      Default |	1696951594608
| 30%   35C    P8    25W / 230W |      5MiB / 24256MiB |      0%      Default |	1696951594608
| 30%   38C    P8    28W / 230W |      5MiB / 24256MiB |      0%      Default |	1696951595340
| 30%   35C    P8    25W / 230W |      5MiB / 24256MiB |      0%      Default |	1696951595340
| 30%   38C    P8    28W / 230W |      5MiB / 24256MiB |      0%      Default |	1696951596078
| 30%   35C    P8    25W / 230W |      5MiB / 24256MiB |      0%      Default |	1696951596078
| 30%   39C    P2    34W / 230W |    261MiB / 24256MiB |      2%      Default |	1696951596816
| 30%   35C    P8    25W / 230W |      8MiB / 24256MiB |      0%      Default |	1696951596816
| 30%   39C    P2    63W / 230W |    327MiB / 24256MiB |      1%      Default |	1696951597573
| 30%   35C    P8    25W / 230W |      8MiB / 24256MiB |      0%      Default |	1696951597573
| 30%   39C    P2    65W / 230W |    363MiB / 24256MiB |      0%      Default |	1696951598345
| 30%   35C    P8    25W / 230W |      8MiB / 24256MiB |      0%      Default |	1696951598345
| 30%   40C    P2    65W / 230W |    411MiB / 24256MiB |      0%      Default |	1696951599123
| 30%   34C    P8    25W / 230W |      8MiB / 24256MiB |      0%      Default |	1696951599123
| 30%   40C    P2    65W / 230W |    459MiB / 24256MiB |      0%      Default |	1696951599894
| 30%   35C    P8    25W / 230W |      8MiB / 24256MiB |      0%      Default |	1696951599894
| 30%   40C    P2    65W / 230W |    517MiB / 24256MiB |      1%      Default |	1696951600643
| 30%   34C    P8    25W / 230W |      8MiB / 24256MiB |      0%      Default |	1696951600643
| 30%   40C    P2    65W / 230W |    587MiB / 24256MiB |      3%      Default |	1696951601401
| 30%   34C    P8    25W / 230W |      8MiB / 24256MiB |      0%      Default |	1696951601401
| 30%   40C    P2    65W / 230W |    639MiB / 24256MiB |      1%      Default |	1696951602159
| 30%   34C    P8    25W / 230W |      8MiB / 24256MiB |      0%      Default |	1696951602159
| 30%   40C    P2    65W / 230W |    683MiB / 24256MiB |      0%      Default |	1696951602915
| 30%   34C    P8    25W / 230W |      8MiB / 24256MiB |      0%      Default |	1696951602915
| 30%   40C    P2    65W / 230W |    723MiB / 24256MiB |      1%      Default |	1696951603675
| 30%   34C    P8    25W / 230W |      8MiB / 24256MiB |      0%      Default |	1696951603675
| 30%   40C    P2    65W / 230W |    773MiB / 24256MiB |      1%      Default |	1696951604431
| 30%   34C    P8    25W / 230W |      8MiB / 24256MiB |      0%      Default |	1696951604431
| 30%   40C    P2    65W / 230W |    827MiB / 24256MiB |      1%      Default |	1696951605181
| 30%   34C    P8    25W / 230W |      8MiB / 24256MiB |      0%      Default |	1696951605181
| 30%   40C    P2    65W / 230W |    881MiB / 24256MiB |      1%      Default |	1696951605941
| 30%   34C    P8    25W / 230W |      8MiB / 24256MiB |      0%      Default |	1696951605941
| 30%   40C    P2    65W / 230W |    935MiB / 24256MiB |      0%      Default |	1696951606702
| 30%   34C    P8    25W / 230W |      8MiB / 24256MiB |      0%      Default |	1696951606702
| 30%   40C    P2    65W / 230W |    981MiB / 24256MiB |      1%      Default |	1696951607456
| 30%   34C    P8    25W / 230W |      8MiB / 24256MiB |      0%      Default |	1696951607456
| 30%   40C    P2    65W / 230W |   1033MiB / 24256MiB |      1%      Default |	1696951608219
| 30%   34C    P8    25W / 230W |     14MiB / 24256MiB |      0%      Default |	1696951608219
| 30%   40C    P2    65W / 230W |   1033MiB / 24256MiB |      0%      Default |	1696951609021
| 30%   36C    P2    42W / 230W |    275MiB / 24256MiB |      3%      Default |	1696951609021
| 30%   40C    P2    65W / 230W |   1033MiB / 24256MiB |      0%      Default |	1696951609798
| 30%   36C    P2    64W / 230W |    333MiB / 24256MiB |      1%      Default |	1696951609798
| 30%   40C    P2    65W / 230W |   1033MiB / 24256MiB |      0%      Default |	1696951610563
| 30%   36C    P2    64W / 230W |    385MiB / 24256MiB |      1%      Default |	1696951610563
| 30%   40C    P2    65W / 230W |   1033MiB / 24256MiB |      0%      Default |	1696951611315
| 30%   36C    P2    64W / 230W |    459MiB / 24256MiB |      0%      Default |	1696951611315
| 30%   40C    P2    65W / 230W |   1033MiB / 24256MiB |      0%      Default |	1696951612073
| 30%   37C    P2    64W / 230W |    517MiB / 24256MiB |      1%      Default |	1696951612073
| 30%   40C    P2    65W / 230W |   1033MiB / 24256MiB |      0%      Default |	1696951612832
| 30%   37C    P2    64W / 230W |    587MiB / 24256MiB |      2%      Default |	1696951612832
| 30%   40C    P2    65W / 230W |   1033MiB / 24256MiB |      0%      Default |	1696951613592
| 30%   37C    P2    64W / 230W |    655MiB / 24256MiB |      1%      Default |	1696951613592
| 30%   40C    P2    65W / 230W |   1033MiB / 24256MiB |      0%      Default |	1696951614352
| 30%   37C    P2    64W / 230W |    713MiB / 24256MiB |      0%      Default |	1696951614352
| 30%   40C    P2    65W / 230W |   1037MiB / 24256MiB |      0%      Default |	1696951615108
| 30%   37C    P2    64W / 230W |    719MiB / 24256MiB |      0%      Default |	1696951615108
| 30%   40C    P2    66W / 230W |   1041MiB / 24256MiB |      0%      Default |	1696951615890
| 30%   37C    P2    64W / 230W |    723MiB / 24256MiB |      0%      Default |	1696951615890
| 30%   40C    P2    66W / 230W |   1041MiB / 24256MiB |      0%      Default |	1696951616644
| 30%   37C    P2    64W / 230W |    723MiB / 24256MiB |      0%      Default |	1696951616644
| 30%   40C    P2    65W / 230W |   1043MiB / 24256MiB |      1%      Default |	1696951617393
| 30%   37C    P2    64W / 230W |    725MiB / 24256MiB |      1%      Default |	1696951617393
| 30%   41C    P2    65W / 230W |   1043MiB / 24256MiB |      0%      Default |	1696951618187
| 30%   37C    P2    64W / 230W |    725MiB / 24256MiB |      0%      Default |	1696951618187
| 30%   41C    P2    65W / 230W |   1043MiB / 24256MiB |      0%      Default |	1696951618930
| 30%   37C    P2    65W / 230W |    725MiB / 24256MiB |      0%      Default |	1696951618930
| 30%   41C    P2    65W / 230W |   1043MiB / 24256MiB |      0%      Default |	1696951619684
| 30%   37C    P2    64W / 230W |    725MiB / 24256MiB |      0%      Default |	1696951619684
| 30%   41C    P2    66W / 230W |   1043MiB / 24256MiB |      0%      Default |	1696951620438
| 30%   38C    P2    65W / 230W |    725MiB / 24256MiB |      0%      Default |	1696951620438
| 30%   41C    P2    65W / 230W |   1043MiB / 24256MiB |      0%      Default |	1696951621188
| 30%   38C    P2    64W / 230W |    725MiB / 24256MiB |      0%      Default |	1696951621188
| 30%   41C    P2    65W / 230W |   1043MiB / 24256MiB |      0%      Default |	1696951621946
| 30%   38C    P2    65W / 230W |    725MiB / 24256MiB |      0%      Default |	1696951621946
| 30%   41C    P2    65W / 230W |   1043MiB / 24256MiB |      0%      Default |	1696951622689
| 30%   38C    P2    65W / 230W |    725MiB / 24256MiB |      0%      Default |	1696951622689
| 30%   41C    P2    65W / 230W |   1043MiB / 24256MiB |      0%      Default |	1696951623448
| 30%   38C    P2    65W / 230W |    725MiB / 24256MiB |      0%      Default |	1696951623448
| 30%   41C    P2    65W / 230W |   1043MiB / 24256MiB |      0%      Default |	1696951624206
| 30%   38C    P2    65W / 230W |    725MiB / 24256MiB |      0%      Default |	1696951624206
| 30%   41C    P2    66W / 230W |   1043MiB / 24256MiB |      0%      Default |	1696951624956
| 30%   38C    P2    65W / 230W |    725MiB / 24256MiB |      0%      Default |	1696951624956
| 30%   41C    P2    65W / 230W |   1043MiB / 24256MiB |      0%      Default |	1696951625707
| 30%   38C    P2    65W / 230W |    725MiB / 24256MiB |      0%      Default |	1696951625707
| 30%   41C    P2    65W / 230W |   1043MiB / 24256MiB |      0%      Default |	1696951626466
| 30%   38C    P2    65W / 230W |    725MiB / 24256MiB |      0%      Default |	1696951626466
| 30%   41C    P2    65W / 230W |   1043MiB / 24256MiB |      0%      Default |	1696951627208
| 30%   38C    P2    65W / 230W |    725MiB / 24256MiB |      0%      Default |	1696951627208
| 30%   41C    P2    65W / 230W |   1043MiB / 24256MiB |      0%      Default |	1696951627961
| 30%   38C    P2    65W / 230W |    725MiB / 24256MiB |      0%      Default |	1696951627961
| 30%   41C    P2    65W / 230W |   1043MiB / 24256MiB |      0%      Default |	1696951628712
| 30%   39C    P2    65W / 230W |    725MiB / 24256MiB |      0%      Default |	1696951628712
| 30%   41C    P2    65W / 230W |   1043MiB / 24256MiB |      0%      Default |	1696951629468
| 30%   39C    P2    65W / 230W |    725MiB / 24256MiB |      0%      Default |	1696951629468
| 30%   41C    P2    65W / 230W |   1043MiB / 24256MiB |      0%      Default |	1696951630225
| 30%   39C    P2    65W / 230W |    725MiB / 24256MiB |      0%      Default |	1696951630225
| 30%   41C    P2    65W / 230W |   1043MiB / 24256MiB |      0%      Default |	1696951630975
| 30%   39C    P2    65W / 230W |    725MiB / 24256MiB |      0%      Default |	1696951630975
| 30%   41C    P2    65W / 230W |   1043MiB / 24256MiB |      0%      Default |	1696951631726
| 30%   39C    P2    65W / 230W |    725MiB / 24256MiB |      0%      Default |	1696951631726
| 30%   40C    P8    66W / 230W |   1043MiB / 24256MiB |      0%      Default |	1696951632484
| 30%   38C    P8    65W / 230W |    725MiB / 24256MiB |      0%      Default |	1696951632484
| 30%   39C    P8    31W / 230W |   1043MiB / 24256MiB |      0%      Default |	1696951633220
| 30%   37C    P8    31W / 230W |    725MiB / 24256MiB |      0%      Default |	1696951633220
| 30%   39C    P8    31W / 230W |   1043MiB / 24256MiB |      0%      Default |	1696951633962
| 30%   37C    P8    31W / 230W |    725MiB / 24256MiB |      0%      Default |	1696951633962
| 30%   39C    P8    27W / 230W |   1043MiB / 24256MiB |      0%      Default |	1696951634697
| 30%   37C    P8    26W / 230W |    725MiB / 24256MiB |      0%      Default |	1696951634697
| 30%   39C    P8    27W / 230W |   1043MiB / 24256MiB |      0%      Default |	1696951635436
| 30%   37C    P8    25W / 230W |    725MiB / 24256MiB |      0%      Default |	1696951635436
| 30%   39C    P8    27W / 230W |   1043MiB / 24256MiB |      0%      Default |	1696951636174
| 30%   37C    P8    25W / 230W |    725MiB / 24256MiB |      0%      Default |	1696951636174
| 30%   39C    P8    27W / 230W |   1043MiB / 24256MiB |      0%      Default |	1696951636910
| 30%   37C    P8    25W / 230W |    725MiB / 24256MiB |      0%      Default |	1696951636910
| 30%   38C    P8    27W / 230W |   1043MiB / 24256MiB |      0%      Default |	1696951637649
| 30%   37C    P8    25W / 230W |    725MiB / 24256MiB |      0%      Default |	1696951637649
| 30%   38C    P8    27W / 230W |   1043MiB / 24256MiB |      0%      Default |	1696951638388
| 30%   37C    P8    25W / 230W |    725MiB / 24256MiB |      0%      Default |	1696951638388
| 30%   38C    P8    27W / 230W |   1043MiB / 24256MiB |      0%      Default |	1696951639129
| 30%   37C    P8    25W / 230W |    725MiB / 24256MiB |      0%      Default |	1696951639129
| 30%   38C    P8    27W / 230W |   1043MiB / 24256MiB |      0%      Default |	1696951639868
| 30%   37C    P8    25W / 230W |    725MiB / 24256MiB |      0%      Default |	1696951639868
| 30%   38C    P8    27W / 230W |   1043MiB / 24256MiB |      0%      Default |	1696951640608
| 30%   37C    P8    25W / 230W |    725MiB / 24256MiB |      0%      Default |	1696951640608
| 30%   38C    P8    27W / 230W |   1043MiB / 24256MiB |      0%      Default |	1696951641349
| 30%   37C    P8    25W / 230W |    725MiB / 24256MiB |      0%      Default |	1696951641349
| 30%   38C    P8    27W / 230W |   1043MiB / 24256MiB |      0%      Default |	1696951642093
| 30%   37C    P8    25W / 230W |    725MiB / 24256MiB |      0%      Default |	1696951642093
| 30%   38C    P8    27W / 230W |   1043MiB / 24256MiB |      0%      Default |	1696951642833
| 30%   37C    P8    25W / 230W |    725MiB / 24256MiB |      0%      Default |	1696951642833
| 30%   38C    P8    27W / 230W |   1043MiB / 24256MiB |      0%      Default |	1696951643568
| 30%   37C    P8    25W / 230W |    725MiB / 24256MiB |      0%      Default |	1696951643568
| 30%   38C    P8    27W / 230W |   1043MiB / 24256MiB |      0%      Default |	1696951644307
| 30%   37C    P8    25W / 230W |    725MiB / 24256MiB |      0%      Default |	1696951644307
| 30%   38C    P8    27W / 230W |   1043MiB / 24256MiB |      0%      Default |	1696951645043
| 30%   37C    P8    25W / 230W |    725MiB / 24256MiB |      0%      Default |	1696951645043
| 30%   38C    P8    27W / 230W |   1043MiB / 24256MiB |      0%      Default |	1696951645781
| 30%   36C    P8    25W / 230W |    725MiB / 24256MiB |      0%      Default |	1696951645781
| 30%   37C    P8    27W / 230W |   1043MiB / 24256MiB |      0%      Default |	1696951646521
| 30%   36C    P8    25W / 230W |    725MiB / 24256MiB |      0%      Default |	1696951646521
| 30%   37C    P8    27W / 230W |   1043MiB / 24256MiB |      0%      Default |	1696951647268
| 30%   36C    P8    25W / 230W |    725MiB / 24256MiB |      0%      Default |	1696951647268
| 30%   37C    P8    27W / 230W |   1043MiB / 24256MiB |      0%      Default |	1696951648007
| 30%   36C    P8    25W / 230W |    725MiB / 24256MiB |      0%      Default |	1696951648007
| 30%   37C    P8    27W / 230W |   1043MiB / 24256MiB |      0%      Default |	1696951648750
| 30%   36C    P8    25W / 230W |    725MiB / 24256MiB |      0%      Default |	1696951648750
| 30%   37C    P8    27W / 230W |   1043MiB / 24256MiB |      0%      Default |	1696951649491
| 30%   36C    P8    25W / 230W |    725MiB / 24256MiB |      0%      Default |	1696951649491
| 30%   37C    P8    27W / 230W |   1043MiB / 24256MiB |      0%      Default |	1696951650232
| 30%   36C    P8    25W / 230W |    725MiB / 24256MiB |      0%      Default |	1696951650232
| 30%   37C    P8    27W / 230W |   1043MiB / 24256MiB |      0%      Default |	1696951650967
| 30%   36C    P8    25W / 230W |    725MiB / 24256MiB |      0%      Default |	1696951650967
| 30%   37C    P8    27W / 230W |   1043MiB / 24256MiB |      0%      Default |	1696951651711
| 30%   36C    P8    25W / 230W |    725MiB / 24256MiB |      0%      Default |	1696951651711
| 30%   37C    P8    27W / 230W |   1043MiB / 24256MiB |      0%      Default |	1696951652446
| 30%   36C    P8    25W / 230W |    725MiB / 24256MiB |      0%      Default |	1696951652446
| 30%   37C    P8    27W / 230W |   1043MiB / 24256MiB |      0%      Default |	1696951653180
| 30%   36C    P8    25W / 230W |    725MiB / 24256MiB |      0%      Default |	1696951653180
| 30%   37C    P8    27W / 230W |   1043MiB / 24256MiB |      0%      Default |	1696951653922
| 30%   36C    P8    25W / 230W |    725MiB / 24256MiB |      0%      Default |	1696951653922
| 30%   37C    P8    27W / 230W |   1043MiB / 24256MiB |      0%      Default |	1696951654656
| 30%   36C    P8    25W / 230W |    725MiB / 24256MiB |      0%      Default |	1696951654656
| 30%   37C    P8    27W / 230W |   1043MiB / 24256MiB |      0%      Default |	1696951655396
| 30%   36C    P8    25W / 230W |    725MiB / 24256MiB |      0%      Default |	1696951655396
| 30%   37C    P8    27W / 230W |   1043MiB / 24256MiB |      0%      Default |	1696951656137
| 30%   36C    P8    25W / 230W |    725MiB / 24256MiB |      0%      Default |	1696951656137
| 30%   37C    P8    27W / 230W |   1043MiB / 24256MiB |      0%      Default |	1696951656871
| 30%   36C    P8    25W / 230W |    725MiB / 24256MiB |      0%      Default |	1696951656871
| 30%   38C    P2    33W / 230W |   1085MiB / 24256MiB |      1%      Default |	1696951657604
| 30%   37C    P2    31W / 230W |    797MiB / 24256MiB |      1%      Default |	1696951657604
| 30%   38C    P2    64W / 230W |   1085MiB / 24256MiB |      0%      Default |	1696951658363
| 30%   38C    P2    64W / 230W |    877MiB / 24256MiB |      1%      Default |	1696951658363
| 30%   38C    P2    64W / 230W |   1085MiB / 24256MiB |      0%      Default |	1696951659120
| 30%   38C    P2    65W / 230W |    975MiB / 24256MiB |      0%      Default |	1696951659120
| 30%   38C    P2    64W / 230W |   1085MiB / 24256MiB |      0%      Default |	1696951659881
| 30%   38C    P2    65W / 230W |   1073MiB / 24256MiB |      1%      Default |	1696951659881
| 30%   40C    P2    74W / 230W |   1915MiB / 24256MiB |     99%      Default |	1696951660641
| 30%   39C    P2    72W / 230W |   2121MiB / 24256MiB |     21%      Default |	1696951660641
| 30%   40C    P2    96W / 230W |   2065MiB / 24256MiB |     76%      Default |	1696951661420
| 30%   40C    P2    93W / 230W |   2245MiB / 24256MiB |     81%      Default |	1696951661420
| 30%   41C    P2    98W / 230W |   2303MiB / 24256MiB |     31%      Default |	1696951662240
| 30%   41C    P2   101W / 230W |   2421MiB / 24256MiB |     67%      Default |	1696951662240
| 30%   41C    P2   109W / 230W |   2303MiB / 24256MiB |     25%      Default |	1696951663157
| 30%   41C    P2   110W / 230W |   2421MiB / 24256MiB |     43%      Default |	1696951663157
| 30%   42C    P2   110W / 230W |   2303MiB / 24256MiB |     91%      Default |	1696951664184
| 30%   42C    P2   112W / 230W |   2421MiB / 24256MiB |     93%      Default |	1696951664184
| 30%   42C    P2   108W / 230W |   2303MiB / 24256MiB |     20%      Default |	1696951665118
| 30%   42C    P2   110W / 230W |   2421MiB / 24256MiB |     45%      Default |	1696951665118
| 30%   43C    P2   109W / 230W |   2303MiB / 24256MiB |     92%      Default |	1696951666172
| 30%   43C    P2   112W / 230W |   2421MiB / 24256MiB |     93%      Default |	1696951666172
| 30%   42C    P2   107W / 230W |   2303MiB / 24256MiB |     21%      Default |	1696951667118
| 30%   42C    P2   112W / 230W |   2421MiB / 24256MiB |     45%      Default |	1696951667118
| 30%   42C    P2   109W / 230W |   2303MiB / 24256MiB |     90%      Default |	1696951668160
| 30%   43C    P2   111W / 230W |   2423MiB / 24256MiB |     72%      Default |	1696951668160
| 30%   42C    P2   106W / 230W |   2475MiB / 24256MiB |     15%      Default |	1696951669136
| 30%   43C    P2   111W / 230W |   2601MiB / 24256MiB |     80%      Default |	1696951669136
| 30%   44C    P2   110W / 230W |   2475MiB / 24256MiB |     92%      Default |	1696951670154
| 30%   44C    P2   115W / 230W |   2601MiB / 24256MiB |     93%      Default |	1696951670154
| 30%   43C    P2   110W / 230W |   2475MiB / 24256MiB |     89%      Default |	1696951671093
| 30%   44C    P2   113W / 230W |   2601MiB / 24256MiB |     91%      Default |	1696951671093
| 30%   44C    P2   110W / 230W |   2475MiB / 24256MiB |     92%      Default |	1696951672150
| 30%   44C    P2   114W / 230W |   2601MiB / 24256MiB |     92%      Default |	1696951672150
| 30%   43C    P2   109W / 230W |   2475MiB / 24256MiB |     77%      Default |	1696951673073
| 30%   44C    P2   113W / 230W |   2601MiB / 24256MiB |     94%      Default |	1696951673073
| 30%   44C    P2   110W / 230W |   2475MiB / 24256MiB |     92%      Default |	1696951674075
| 30%   45C    P2   113W / 230W |   2601MiB / 24256MiB |     93%      Default |	1696951674075
| 30%   44C    P2   109W / 230W |   2475MiB / 24256MiB |     56%      Default |	1696951675016
| 30%   45C    P2   113W / 230W |   2601MiB / 24256MiB |     73%      Default |	1696951675016
| 30%   45C    P2   110W / 230W |   2475MiB / 24256MiB |     93%      Default |	1696951676031
| 30%   45C    P2   115W / 230W |   2601MiB / 24256MiB |     93%      Default |	1696951676031
| 30%   44C    P2   108W / 230W |   2475MiB / 24256MiB |     72%      Default |	1696951676993
| 30%   45C    P2   113W / 230W |   2601MiB / 24256MiB |     87%      Default |	1696951676993
| 30%   45C    P2   110W / 230W |   2475MiB / 24256MiB |     95%      Default |	1696951678077
| 30%   46C    P2   114W / 230W |   2601MiB / 24256MiB |     92%      Default |	1696951678077
| 30%   45C    P2   111W / 230W |   2475MiB / 24256MiB |     43%      Default |	1696951678990
| 30%   46C    P2   115W / 230W |   2601MiB / 24256MiB |     59%      Default |	1696951678990
| 30%   45C    P2   112W / 230W |   2475MiB / 24256MiB |     92%      Default |	1696951680044
| 30%   46C    P2   115W / 230W |   2601MiB / 24256MiB |     94%      Default |	1696951680044
| 30%   45C    P2   110W / 230W |   2475MiB / 24256MiB |     25%      Default |	1696951680956
| 30%   46C    P2   115W / 230W |   2601MiB / 24256MiB |     45%      Default |	1696951680956
| 30%   46C    P2   113W / 230W |   2475MiB / 24256MiB |     94%      Default |	1696951682001
| 30%   47C    P2   116W / 230W |   2601MiB / 24256MiB |     92%      Default |	1696951682001
| 30%   45C    P2   100W / 230W |   2475MiB / 24256MiB |      0%      Default |	1696951682929
| 30%   46C    P2   104W / 230W |   2601MiB / 24256MiB |      0%      Default |	1696951682929
| 30%   44C    P2    88W / 230W |   2470MiB / 24256MiB |      0%      Default |	1696951683693
| 30%   46C    P2    91W / 230W |   2596MiB / 24256MiB |      0%      Default |	1696951683693
