21166 toao      20   0 2565672  98052  68296 R  94.1   0.0   0:00.17 nts	1688358647861
21166 toao      20   0 5292096 210548 115732 R  2981   0.1   0:12.21 nts	1688358648574
21166 toao      20   0 5377144 275296 116088 R 406.2   0.1   0:27.86 nts	1688358649249
21166 toao      20   0 5377144 275296 116088 R 206.2   0.1   0:29.21 nts	1688358649937
21166 toao      20   0 5377144 275296 116088 R 200.0   0.1   0:30.56 nts	1688358650620
21166 toao      20   0 5377144 275296 116088 R 188.2   0.1   0:31.92 nts	1688358651305
21166 toao      20   0 5377144 275296 116088 R 200.0   0.1   0:33.28 nts	1688358651993
21166 toao      20   0 5377144 275296 116088 R 206.2   0.1   0:34.64 nts	1688358652678
21166 toao      20   0 5377144 275296 116088 R 188.2   0.1   0:35.99 nts	1688358653363
21166 toao      20   0 5377144 275296 116088 R 200.0   0.1   0:37.35 nts	1688358654053
21166 toao      20   0 6608792 759088 116216 R 931.2   0.4   0:41.06 nts	1688358654736
21166 toao      20   0 6608792 786220 116216 R 918.8   0.4   0:47.78 nts	1688358655420
21166 toao      20   0 6608792 794360 116216 R 925.0   0.4   0:54.17 nts	1688358656094
21166 toao      20   0 6608792 795136 116216 R 800.0   0.4   1:00.11 nts	1688358656774
21166 toao      20   0 7696860 797616 116248 S 182.4   0.4   1:04.81 nts	1688358657462
21166 toao      20   0 7696860 804216 116248 R 193.8   0.4   1:06.15 nts	1688358658145
21166 toao      20   0 7696860 809760 116248 R 200.0   0.4   1:07.50 nts	1688358658835
21166 toao      20   0 8918944 873392 116248 R 641.2   0.4   1:09.55 nts	1688358659523
21166 toao      20   0 8918944 984.4m 116248 R 726.7   0.5   1:13.67 nts	1688358660207
21166 toao      20   0 8918944   1.1g 116248 R 505.9   0.6   1:17.84 nts	1688358660882
21166 toao      20   0 8918944   1.2g 116248 R 593.8   0.6   1:21.75 nts	1688358661568
21166 toao      20   0 9956.5m   1.3g 116248 R 343.8   0.7   1:25.36 nts	1688358662251
21166 toao      20   0 9956.5m   1.3g 116248 R 100.0   0.7   1:26.05 nts	1688358662938
21166 toao      20   0 9956.5m   1.3g 116248 R 100.0   0.7   1:26.73 nts	1688358663628
21166 toao      20   0 9956.5m   1.3g 116248 R 100.0   0.7   1:27.42 nts	1688358664316
21166 toao      20   0 9956.5m   1.3g 116248 R 100.0   0.7   1:28.11 nts	1688358665003
21166 toao      20   0   10.2g   1.7g 116248 R 100.0   0.9   1:28.80 nts	1688358665692
21166 toao      20   0   10.2g   1.8g 116248 R 106.2   0.9   1:29.49 nts	1688358666380
21166 toao      20   0   10.2g   1.8g 116248 R 100.0   0.9   1:30.17 nts	1688358667069
21166 toao      20   0   10.2g   1.8g 116248 R 100.0   0.9   1:30.86 nts	1688358667759
21166 toao      20   0   10.2g   1.8g 116248 R 100.0   0.9   1:31.55 nts	1688358668449
21166 toao      20   0   10.2g   1.8g 116248 R 100.0   0.9   1:32.24 nts	1688358669136
21166 toao      20   0   10.2g   1.8g 116248 R 100.0   0.9   1:32.93 nts	1688358669824
21166 toao      20   0   10.2g   1.8g 116248 R 106.2   1.0   1:33.62 nts	1688358670512
21166 toao      20   0   10.2g   1.8g 116248 R 106.2   1.0   1:34.31 nts	1688358671199
21166 toao      20   0   10.2g   1.8g 116248 R 100.0   1.0   1:34.99 nts	1688358671888
21166 toao      20   0   10.2g   1.8g 116248 R 106.2   1.0   1:35.68 nts	1688358672576
21166 toao      20   0   10.2g   1.8g 116248 R 100.0   1.0   1:36.37 nts	1688358673264
21166 toao      20   0   10.2g   1.8g 116248 R 106.2   1.0   1:37.06 nts	1688358673956
21166 toao      20   0   15.3g   2.1g 243876 R 100.0   1.1   1:38.11 nts	1688358674642
21166 toao      20   0   16.2g   2.8g 346248 R  94.1   1.5   1:38.79 nts	1688358675333
21166 toao      20   0   17.6g   3.8g 510568 R 106.2   2.0   1:39.48 nts	1688358676018
21166 toao      20   0   17.6g   4.2g 510568 R 106.2   2.2   1:40.17 nts	1688358676707
21166 toao      20   0   18.6g   5.1g   1.4g R 106.2   2.7   1:40.86 nts	1688358677395
21166 toao      20   0   18.6g   5.1g   1.4g R 106.2   2.7   1:41.54 nts	1688358678081
21166 toao      20   0   18.6g   5.1g   1.4g R 100.0   2.7   1:42.23 nts	1688358678767
21166 toao      20   0   18.6g   5.1g   1.4g R  94.1   2.7   1:42.91 nts	1688358679455
21166 toao      20   0   18.6g   5.1g   1.4g R  94.1   2.7   1:43.61 nts	1688358680142
21166 toao      20   0   18.6g   5.1g   1.4g R 100.0   2.7   1:44.29 nts	1688358680831
21166 toao      20   0   18.6g   5.1g   1.4g R 106.2   2.7   1:44.99 nts	1688358681519
21166 toao      20   0   18.6g   5.1g   1.4g R 106.2   2.7   1:45.68 nts	1688358682208
21166 toao      20   0   18.6g   5.1g   1.4g R 100.0   2.7   1:46.36 nts	1688358682895
21166 toao      20   0   18.6g   5.1g   1.4g R  94.1   2.7   1:47.05 nts	1688358683584
21166 toao      20   0   18.6g   5.1g   1.4g R 100.0   2.7   1:47.74 nts	1688358684275
21166 toao      20   0   18.6g   5.1g   1.4g R  94.1   2.7   1:48.43 nts	1688358684962
21166 toao      20   0   18.6g   5.1g   1.4g R 106.2   2.7   1:49.12 nts	1688358685651
21166 toao      20   0   18.6g   5.1g   1.4g R 100.0   2.7   1:49.80 nts	1688358686338
21166 toao      20   0   18.6g   5.1g   1.4g R 100.0   2.7   1:50.49 nts	1688358687028
21166 toao      20   0   18.6g   5.1g   1.4g R  94.1   2.7   1:51.18 nts	1688358687715
21166 toao      20   0   18.6g   5.1g   1.4g R 100.0   2.7   1:51.87 nts	1688358688403
21166 toao      20   0   18.6g   5.1g   1.4g R 106.2   2.7   1:52.56 nts	1688358689090
21166 toao      20   0   18.6g   5.1g   1.4g R 100.0   2.7   1:53.24 nts	1688358689778
21166 toao      20   0   18.6g   5.1g   1.4g R 100.0   2.7   1:53.93 nts	1688358690467
21166 toao      20   0   18.6g   5.1g   1.4g R 106.2   2.7   1:54.63 nts	1688358691156
21166 toao      20   0   18.6g   5.1g   1.4g R 100.0   2.7   1:55.31 nts	1688358691842
21166 toao      20   0   18.6g   5.1g   1.4g R  94.1   2.7   1:56.00 nts	1688358692530
21166 toao      20   0   18.6g   5.1g   1.4g R 100.0   2.7   1:56.69 nts	1688358693220
21166 toao      20   0   18.6g   5.1g   1.4g R 100.0   2.7   1:57.37 nts	1688358693907
21166 toao      20   0   18.6g   5.1g   1.4g R 106.2   2.7   1:58.06 nts	1688358694595
21166 toao      20   0   18.6g   5.1g   1.4g R 106.2   2.7   1:58.76 nts	1688358695286
21166 toao      20   0   18.6g   5.1g   1.4g R  94.1   2.7   1:59.44 nts	1688358695974
21166 toao      20   0   18.6g   5.1g   1.4g R  94.1   2.7   2:00.13 nts	1688358696663
21166 toao      20   0   18.6g   5.1g   1.4g R 100.0   2.7   2:00.81 nts	1688358697350
21166 toao      20   0   18.6g   5.1g   1.4g R 106.2   2.7   2:01.51 nts	1688358698037
21166 toao      20   0   18.6g   5.1g   1.4g R 106.2   2.7   2:02.20 nts	1688358698726
21166 toao      20   0   18.6g   5.1g   1.4g R  94.1   2.7   2:02.88 nts	1688358699414
21166 toao      20   0   18.6g   5.1g   1.4g R 100.0   2.7   2:03.56 nts	1688358700100
21166 toao      20   0   18.6g   5.1g   1.4g R 100.0   2.7   2:04.25 nts	1688358700787
21166 toao      20   0   18.6g   5.1g   1.4g R 100.0   2.7   2:04.95 nts	1688358701474
21166 toao      20   0   18.6g   5.1g   1.4g R 100.0   2.7   2:05.64 nts	1688358702163
21166 toao      20   0   18.6g   5.1g   1.4g R 100.0   2.7   2:06.32 nts	1688358702850
21166 toao      20   0   18.6g   5.1g   1.4g R 106.2   2.7   2:07.01 nts	1688358703536
21166 toao      20   0   18.6g   5.1g   1.4g R  94.1   2.7   2:07.69 nts	1688358704221
21166 toao      20   0   18.6g   5.1g   1.4g R 100.0   2.7   2:08.37 nts	1688358704910
21166 toao      20   0   18.6g   5.1g   1.4g R 100.0   2.7   2:09.06 nts	1688358705597
21166 toao      20   0   18.6g   5.1g   1.4g R 100.0   2.7   2:09.75 nts	1688358706284
21166 toao      20   0   18.6g   5.1g   1.4g R 100.0   2.7   2:10.44 nts	1688358706970
21166 toao      20   0   18.6g   5.1g   1.4g R 106.2   2.7   2:11.13 nts	1688358707660
21166 toao      20   0   18.6g   5.1g   1.4g R 100.0   2.7   2:11.82 nts	1688358708347
21166 toao      20   0   18.6g   5.1g   1.4g R 100.0   2.7   2:12.51 nts	1688358709034
21166 toao      20   0   18.6g   5.1g   1.4g R  94.1   2.7   2:13.19 nts	1688358709722
21166 toao      20   0   18.6g   5.1g   1.4g R 100.0   2.7   2:13.88 nts	1688358710410
21166 toao      20   0   18.6g   5.1g   1.4g R 100.0   2.7   2:14.57 nts	1688358711098
21166 toao      20   0   18.6g   5.1g   1.4g R 106.2   2.7   2:15.26 nts	1688358711786
21166 toao      20   0   18.6g   5.1g   1.4g R 106.2   2.7   2:15.95 nts	1688358712475
21166 toao      20   0   18.6g   5.1g   1.4g R  94.1   2.7   2:16.63 nts	1688358713163
21166 toao      20   0   18.6g   5.1g   1.4g R 100.0   2.7   2:17.32 nts	1688358713851
21166 toao      20   0   18.6g   5.1g   1.4g R 106.2   2.7   2:18.01 nts	1688358714538
21166 toao      20   0   18.6g   5.1g   1.4g R 100.0   2.7   2:18.70 nts	1688358715225
21166 toao      20   0   18.6g   5.1g   1.4g R 100.0   2.7   2:19.39 nts	1688358715914
21166 toao      20   0   18.6g   5.1g   1.4g R 100.0   2.7   2:20.07 nts	1688358716602
21166 toao      20   0   18.6g   5.1g   1.4g R 100.0   2.7   2:20.76 nts	1688358717290
21166 toao      20   0   18.6g   5.1g   1.4g R 106.2   2.7   2:21.45 nts	1688358717979
21166 toao      20   0   18.6g   5.1g   1.4g R 100.0   2.7   2:22.14 nts	1688358718666
21166 toao      20   0   18.6g   5.1g   1.4g R 100.0   2.7   2:22.83 nts	1688358719355
21166 toao      20   0   18.6g   5.1g   1.4g R 100.0   2.7   2:23.52 nts	1688358720043
21166 toao      20   0   18.6g   5.1g   1.4g R 100.0   2.7   2:24.20 nts	1688358720731
21166 toao      20   0   18.6g   5.1g   1.4g R 100.0   2.7   2:24.88 nts	1688358721418
21166 toao      20   0   18.6g   5.1g   1.4g R  94.1   2.7   2:25.57 nts	1688358722104
21166 toao      20   0   18.6g   5.1g   1.4g R 100.0   2.7   2:26.25 nts	1688358722786
21166 toao      20   0   18.6g   5.1g   1.4g R 100.0   2.7   2:26.94 nts	1688358723471
21166 toao      20   0   18.6g   5.1g   1.4g R 100.0   2.7   2:27.63 nts	1688358724159
21166 toao      20   0   18.6g   5.1g   1.4g R 100.0   2.7   2:28.32 nts	1688358724846
21166 toao      20   0   18.6g   5.1g   1.4g R 100.0   2.7   2:29.01 nts	1688358725535
21166 toao      20   0   18.6g   5.1g   1.4g R 106.2   2.7   2:29.70 nts	1688358726219
21166 toao      20   0   18.6g   5.1g   1.4g R 100.0   2.7   2:30.38 nts	1688358726907
21166 toao      20   0   18.6g   5.1g   1.4g R 368.8   2.7   2:35.30 nts	1688358727593
21166 toao      20   0   20.7g   5.1g   1.4g R  1238   2.7   2:43.68 nts	1688358728279
21166 toao      20   0   20.8g   5.2g   1.4g R  1012   2.8   2:51.69 nts	1688358728966
21166 toao      20   0   20.8g   5.2g   1.4g S 188.2   2.8   2:58.35 nts	1688358729653
21166 toao      20   0   20.8g   5.2g   1.4g R 125.0   2.8   3:05.76 nts	1688358730337
21166 toao      20   0   20.8g   5.2g   1.4g R 200.0   2.8   3:13.34 nts	1688358731019
21166 toao      20   0   20.8g   5.2g   1.4g R 256.2   2.8   3:20.84 nts	1688358731699
21166 toao      20   0   20.8g   5.2g   1.4g R  1024   2.8   3:29.66 nts	1688358732394
21166 toao      20   0   20.8g   5.2g   1.4g R  2481   2.8   3:38.93 nts	1688358733089
21166 toao      20   0   20.8g   5.2g   1.4g S  1600   2.8   3:49.34 nts	1688358733814
21166 toao      20   0   20.8g   5.2g   1.4g S  1044   2.8   3:56.52 nts	1688358734501
21166 toao      20   0   20.8g   5.2g   1.4g S  1025   2.8   4:04.01 nts	1688358735184
21166 toao      20   0   20.8g   5.2g   1.4g R 906.2   2.8   4:11.84 nts	1688358735865
21166 toao      20   0   20.8g   5.2g   1.4g S 193.8   2.8   4:18.44 nts	1688358736544
21166 toao      20   0   20.8g   5.2g   1.4g R 318.8   2.8   4:25.21 nts	1688358737216
21166 toao      20   0   20.8g   5.2g   1.4g R 600.0   2.8   4:33.18 nts	1688358737888
21166 toao      20   0   20.8g   5.2g   1.4g R  1931   2.8   4:42.17 nts	1688358738591
21166 toao      20   0   20.8g   5.2g   1.4g R  2071   2.8   4:51.05 nts	1688358739286
21166 toao      20   0   20.8g   5.2g   1.4g R  1044   2.8   4:57.79 nts	1688358739953
21166 toao      20   0   20.8g   5.2g   1.4g S  1550   2.8   5:06.80 nts	1688358740654
21166 toao      20   0   20.8g   5.2g   1.4g S 856.2   2.8   5:13.99 nts	1688358741341
21166 toao      20   0   20.8g   5.2g   1.4g S 200.0   2.8   5:20.72 nts	1688358742022
21166 toao      20   0   20.8g   5.2g   1.4g R 776.5   2.8   5:28.33 nts	1688358742702
21166 toao      20   0   20.8g   5.2g   1.4g S  1581   2.8   5:37.09 nts	1688358743422
21166 toao      20   0   20.8g   5.2g   1.4g S  2031   2.8   5:44.80 nts	1688358744096
21166 toao      20   0   20.8g   5.2g   1.4g R  1450   2.8   5:51.84 nts	1688358744771
21166 toao      20   0   20.8g   5.2g   1.4g S  1882   2.8   6:00.63 nts	1688358745473
21166 toao      20   0   20.8g   5.2g   1.4g R  1588   2.8   6:09.19 nts	1688358746170
21166 toao      20   0   20.8g   5.2g   1.4g S  1738   2.8   6:17.48 nts	1688358746854
21166 toao      20   0   20.8g   5.2g   1.4g S 806.2   2.8   6:24.40 nts	1688358747528
21166 toao      20   0   20.8g   5.2g   1.4g R 518.8   2.8   6:32.07 nts	1688358748209
21166 toao      20   0   20.8g   5.2g   1.4g S 293.8   2.8   6:39.49 nts	1688358748887
21166 toao      20   0   20.8g   5.2g   1.4g R 156.2   2.8   6:47.19 nts	1688358749573
21166 toao      20   0   20.8g   5.2g   1.4g R 137.5   2.8   6:54.95 nts	1688358750251
21166 toao      20   0   20.8g   5.2g   1.4g R 140.0   2.8   7:02.46 nts	1688358750927
21166 toao      20   0   20.8g   5.2g   1.4g R 100.0   2.8   7:09.92 nts	1688358751604
21166 toao      20   0   20.8g   5.2g   1.4g R  1794   2.8   7:19.16 nts	1688358752290
21166 toao      20   0   47.6g   6.6g   2.9g R 200.0   3.5   7:22.17 nts	1688358752976
21166 toao      20   0   54.2g   6.8g   2.9g S  1365   3.6   7:30.61 nts	1688358753660
21166 toao      20   0   54.9g   6.8g   2.9g S  1250   3.6   7:39.37 nts	1688358754360
21166 toao      20   0   54.9g   6.8g   2.9g S  1475   3.6   7:48.86 nts	1688358755032
21166 toao      20   0   54.9g   6.8g   2.9g S  1365   3.6   7:57.91 nts	1688358755714
21166 toao      20   0   54.9g   6.8g   2.9g S  1262   3.6   8:07.50 nts	1688358756412
21166 toao      20   0   60.4g   6.8g   2.9g S  1412   3.6   8:17.31 nts	1688358757100
21166 toao      20   0   61.1g   6.8g   2.9g S  1106   3.6   8:26.57 nts	1688358757801
21166 toao      20   0   61.1g   6.8g   2.9g S  1500   3.6   8:36.42 nts	1688358758480
21166 toao      20   0   61.1g   6.8g   2.9g S  1456   3.6   8:45.91 nts	1688358759163
21166 toao      20   0   61.1g   6.8g   2.9g S  1362   3.6   8:55.48 nts	1688358759858
21166 toao      20   0   59.3g   6.8g   2.9g S  1444   3.6   9:05.04 nts	1688358760550
21166 toao      20   0   60.5g   6.8g   2.9g S  1494   3.6   9:14.32 nts	1688358761238
21166 toao      20   0   61.3g   6.8g   2.9g S  1412   3.6   9:23.84 nts	1688358761921
21166 toao      20   0   61.3g   6.8g   2.9g S  1344   3.6   9:33.45 nts	1688358762607
21166 toao      20   0   61.3g   6.8g   2.9g S  1438   3.6   9:42.89 nts	1688358763290
21166 toao      20   0   61.8g   6.8g   2.9g S  1175   3.6   9:52.26 nts	1688358763990
21166 toao      20   0   60.7g   6.8g   2.9g S  1569   3.6  10:02.22 nts	1688358764669
21166 toao      20   0   61.3g   6.8g   2.9g S  1450   3.6  10:11.48 nts	1688358765355
21166 toao      20   0   61.3g   6.8g   2.9g S  1550   3.6  10:20.95 nts	1688358766038
21166 toao      20   0   61.3g   6.8g   2.9g S  1306   3.6  10:30.63 nts	1688358766722
21166 toao      20   0   61.3g   6.8g   2.9g S  1481   3.6  10:40.46 nts	1688358767418
21166 toao      20   0   59.4g   6.8g   2.9g S  1371   3.6  10:49.95 nts	1688358768103
21166 toao      20   0   60.7g   6.8g   2.9g S  1275   3.6  10:59.38 nts	1688358768799
21166 toao      20   0   61.3g   6.8g   2.9g S  1519   3.6  11:08.89 nts	1688358769482
21166 toao      20   0   61.3g   6.8g   2.9g S  1444   3.6  11:18.10 nts	1688358770162
21166 toao      20   0   61.3g   6.8g   2.9g S 994.4   3.6  11:27.52 nts	1688358770857
21166 toao      20   0   61.3g   6.8g   2.9g S  1494   3.6  11:37.44 nts	1688358771539
21166 toao      20   0   60.1g   6.8g   2.9g S  1456   3.6  11:46.67 nts	1688358772230
21166 toao      20   0   61.3g   6.8g   2.9g S  1500   3.6  11:56.10 nts	1688358772910
21166 toao      20   0   61.3g   6.8g   2.9g S  1412   3.6  12:05.94 nts	1688358773592
21166 toao      20   0   61.3g   6.8g   2.9g S  1444   3.6  12:15.46 nts	1688358774279
21166 toao      20   0   61.2g   6.8g   2.9g S  1147   3.6  12:25.10 nts	1688358774977
21166 toao      20   0   60.1g   6.8g   2.9g S  1475   3.6  12:34.88 nts	1688358775667
21166 toao      20   0   61.3g   6.8g   2.9g S  1500   3.6  12:44.20 nts	1688358776351
21166 toao      20   0   61.3g   6.8g   2.9g S  1306   3.6  12:53.78 nts	1688358777039
21166 toao      20   0   61.3g   6.8g   2.9g S  1412   3.6  13:03.49 nts	1688358777726
21166 toao      20   0   61.2g   6.8g   2.9g S  1250   3.6  13:12.92 nts	1688358778420
21166 toao      20   0   61.3g   6.8g   2.9g S  1438   3.6  13:22.69 nts	1688358779113
21166 toao      20   0   61.3g   6.8g   2.9g S  1282   3.6  13:31.97 nts	1688358779795
21166 toao      20   0   61.4g   6.8g   2.9g S  1162   3.6  13:41.25 nts	1688358780485
21166 toao      20   0   61.3g   6.8g   2.9g S  1500   3.6  13:51.19 nts	1688358781172
21166 toao      20   0   61.3g   6.8g   2.9g S  1569   3.6  14:00.71 nts	1688358781851
21166 toao      20   0   61.3g   6.8g   2.9g S  1388   3.6  14:10.30 nts	1688358782533
21166 toao      20   0   60.1g   6.8g   2.9g S  1462   3.6  14:19.79 nts	1688358783219
21166 toao      20   0   61.3g   6.8g   2.9g S  1438   3.6  14:29.06 nts	1688358783901
21166 toao      20   0   61.2g   6.8g   2.9g S  1238   3.6  14:38.47 nts	1688358784589
21166 toao      20   0   61.3g   6.8g   2.9g S  1335   3.6  14:48.07 nts	1688358785274
21166 toao      20   0   61.3g   6.8g   2.9g S  1406   3.6  14:57.33 nts	1688358785958
21166 toao      20   0   61.3g   6.8g   2.9g S  1406   3.6  15:06.99 nts	1688358786640
21166 toao      20   0   61.3g   6.8g   2.9g S  1444   3.6  15:16.45 nts	1688358787326
21166 toao      20   0   61.3g   6.8g   2.9g S  1429   3.6  15:25.84 nts	1688358788011
21166 toao      20   0   61.3g   6.8g   2.9g S  1347   3.6  15:35.66 nts	1688358788701
21166 toao      20   0   61.3g   6.8g   2.9g S  1447   3.6  15:45.21 nts	1688358789389
21166 toao      20   0   61.2g   6.8g   2.9g S  1141   3.6  15:54.62 nts	1688358790078
21166 toao      20   0       0      0      0 Z 100.0   0.0  15:59.58 nts	1688358790786
