104768 root      20   0 2535776  98876  67976 R 100.0   0.0   0:00.18 nts	1696909038360
104768 root      20   0 9599564 216052 115324 S  8547   0.0   0:31.04 nts	1696909039055
104768 root      20   0 9672328 280680 115612 R 188.2   0.0   0:51.23 nts	1696909039756
104768 root      20   0 9672328 280680 115612 R 194.1   0.0   0:52.60 nts	1696909040448
104768 root      20   0 9672328 280680 115612 S 194.1   0.0   0:53.96 nts	1696909041137
104768 root      20   0 9672328 280680 115612 R 200.0   0.0   0:55.31 nts	1696909041824
104768 root      20   0 9672328 280680 115612 R 200.0   0.0   0:56.68 nts	1696909042513
104768 root      20   0 9672328 280680 115612 R 206.2   0.0   0:58.05 nts	1696909043203
104768 root      20   0 9672328 280680 115612 R 200.0   0.0   0:59.42 nts	1696909043895
104768 root      20   0 9672328 280680 115612 R 188.2   0.0   1:00.77 nts	1696909044587
104768 root      20   0 9672328 280680 115612 R 194.1   0.0   1:02.14 nts	1696909045277
104768 root      20   0   10.5g 741280 115736 R  2241   0.1   1:06.90 nts	1696909045968
104768 root      20   0   10.5g 786592 115736 R  1335   0.1   1:16.10 nts	1696909046662
104768 root      20   0   10.5g 795468 115736 R  1324   0.1   1:25.15 nts	1696909047362
104768 root      20   0   10.5g 797812 115736 R  1312   0.1   1:34.09 nts	1696909048059
104768 root      20   0   15.5g 803308 115768 R 182.4   0.1   1:40.61 nts	1696909048756
104768 root      20   0   15.5g 807532 115768 R 194.1   0.1   1:41.96 nts	1696909049449
104768 root      20   0   15.5g 812548 115768 R 182.4   0.1   1:43.29 nts	1696909050140
104768 root      20   0   15.5g 816508 115768 R 188.2   0.1   1:44.63 nts	1696909050830
104768 root      20   0   16.8g 859144 115768 R 194.1   0.1   1:45.97 nts	1696909051521
104768 root      20   0   16.8g 985404 115768 R 417.6   0.1   1:48.92 nts	1696909052209
104768 root      20   0   16.8g   1.1g 115768 R 405.9   0.1   1:51.87 nts	1696909052904
104768 root      20   0   16.8g   1.2g 115768 R 411.8   0.2   1:54.80 nts	1696909053597
104768 root      20   0   21.8g   1.3g 115768 R  94.1   0.2   1:57.67 nts	1696909054289
104768 root      20   0   21.8g   1.3g 115768 R 106.2   0.2   1:58.37 nts	1696909054982
104768 root      20   0   21.8g   1.3g 115768 R  93.8   0.2   1:59.05 nts	1696909055673
104768 root      20   0   21.8g   1.3g 115768 R 100.0   0.2   1:59.75 nts	1696909056365
104768 root      20   0   21.8g   1.3g 115768 R 100.0   0.2   2:00.44 nts	1696909057054
104768 root      20   0   22.3g   1.4g 115768 R 100.0   0.2   2:01.13 nts	1696909057748
104768 root      20   0   22.3g   1.7g 115768 R  94.1   0.2   2:01.82 nts	1696909058437
104768 root      20   0   22.3g   1.7g 115768 R 100.0   0.2   2:02.52 nts	1696909059128
104768 root      20   0   22.3g   1.8g 115768 R  94.1   0.2   2:03.20 nts	1696909059821
104768 root      20   0   22.3g   1.8g 115768 R  94.1   0.2   2:03.89 nts	1696909060510
104768 root      20   0   22.3g   1.8g 115768 R  94.1   0.2   2:04.58 nts	1696909061197
104768 root      20   0   22.3g   1.8g 115768 R 100.0   0.2   2:05.28 nts	1696909061890
104768 root      20   0   22.3g   1.8g 115768 R 100.0   0.2   2:05.96 nts	1696909062579
104768 root      20   0   22.3g   1.8g 115768 R 100.0   0.2   2:06.66 nts	1696909063271
104768 root      20   0   22.3g   1.8g 115768 R  94.1   0.2   2:07.34 nts	1696909063960
104768 root      20   0   22.3g   1.8g 115768 R 105.9   0.2   2:08.04 nts	1696909064648
104768 root      20   0   22.3g   1.8g 115768 R  94.1   0.2   2:08.72 nts	1696909065341
104768 root      20   0   22.3g   1.8g 115768 R 100.0   0.2   2:09.41 nts	1696909066030
104768 root      20   0   22.3g   1.8g 115768 R 100.0   0.2   2:10.10 nts	1696909066722
104768 root      20   0   22.3g   1.8g 115768 R 100.0   0.2   2:10.80 nts	1696909067416
104768 root      20   0   22.3g   1.8g 115768 R  94.1   0.2   2:11.49 nts	1696909068107
104768 root      20   0   22.3g   1.8g 115768 R  94.1   0.2   2:12.18 nts	1696909068800
104768 root      20   0   22.3g   1.8g 115768 R 100.0   0.2   2:12.87 nts	1696909069489
104768 root      20   0   22.3g   1.8g 115768 R 100.0   0.2   2:13.56 nts	1696909070177
104768 root      20   0   22.3g   1.8g 115768 R 106.2   0.2   2:14.26 nts	1696909070872
104768 root      20   0   22.3g   1.8g 115768 R 106.2   0.2   2:14.95 nts	1696909071563
104768 root      20   0   22.3g   1.8g 115768 R 100.0   0.2   2:15.64 nts	1696909072256
104768 root      20   0   22.3g   1.8g 115768 R 100.0   0.2   2:16.33 nts	1696909072949
104768 root      20   0   22.3g   1.8g 115768 R 100.0   0.2   2:17.02 nts	1696909073638
104768 root      20   0   22.3g   1.8g 115768 R 112.5   0.2   2:17.72 nts	1696909074331
104768 root      20   0   22.3g   1.8g 115768 R 100.0   0.2   2:18.41 nts	1696909075025
104768 root      20   0   22.3g   1.8g 115768 R  94.1   0.2   2:19.10 nts	1696909075716
104768 root      20   0   22.3g   1.8g 115768 R  94.1   0.2   2:19.79 nts	1696909076409
104768 root      20   0   22.3g   1.8g 115768 R 100.0   0.2   2:20.48 nts	1696909077099
104768 root      20   0   22.3g   1.8g 115768 R  94.1   0.2   2:21.16 nts	1696909077786
104768 root      20   0   22.4g   1.8g 116904 D   0.0   0.2   2:22.21 nts	1696909078478
104768 root      20   0   54.8g   1.8g 116904 R  94.1   0.2   2:22.79 nts	1696909079170
104768 root      20   0   55.6g   2.1g 258432 R  41.2   0.3   2:23.11 nts	1696909079865
104768 root      20   0   56.0g   2.5g 324356 D  94.1   0.3   2:23.79 nts	1696909080559
104768 root      20   0   56.2g   2.7g 356672 R 105.9   0.4   2:24.13 nts	1696909081254
104768 root      20   0   56.6g   3.1g 395712 D   0.0   0.4   2:24.51 nts	1696909081950
104768 root      20   0   57.0g   3.4g 495720 R 106.2   0.5   2:25.11 nts	1696909082641
104768 root      20   0   57.4g   3.6g 543484 R 141.2   0.5   2:25.51 nts	1696909083337
104768 root      20   0   58.2g   4.1g   1.0g R 106.2   0.6   2:26.26 nts	1696909084032
104768 root      20   0   58.2g   4.1g   1.0g R 106.2   0.6   2:26.95 nts	1696909084723
104768 root      20   0   59.1g   4.8g   1.7g R 100.0   0.7   2:27.64 nts	1696909085416
104768 root      20   0   59.2g   5.0g   2.0g R  94.1   0.7   2:28.33 nts	1696909086107
104768 root      20   0   59.2g   5.0g   2.0g R  94.1   0.7   2:29.02 nts	1696909086799
104768 root      20   0   59.2g   5.0g   2.0g R 100.0   0.7   2:29.71 nts	1696909087487
104768 root      20   0   59.2g   5.0g   2.0g R  94.1   0.7   2:30.40 nts	1696909088178
104768 root      20   0   59.2g   5.0g   2.0g R 100.0   0.7   2:31.09 nts	1696909088869
104768 root      20   0   59.2g   5.0g   2.0g R 100.0   0.7   2:31.78 nts	1696909089559
104768 root      20   0   59.2g   5.0g   2.0g R 100.0   0.7   2:32.47 nts	1696909090246
104768 root      20   0   59.2g   5.0g   2.0g R  94.1   0.7   2:33.16 nts	1696909090937
104768 root      20   0   59.2g   5.0g   2.0g R  94.1   0.7   2:33.85 nts	1696909091628
104768 root      20   0   59.2g   5.0g   2.0g R  94.1   0.7   2:34.54 nts	1696909092316
104768 root      20   0   59.2g   5.0g   2.0g R  94.1   0.7   2:35.23 nts	1696909093005
104768 root      20   0   59.2g   5.0g   2.0g R 100.0   0.7   2:35.92 nts	1696909093695
104768 root      20   0   59.2g   5.0g   2.0g R  94.1   0.7   2:36.61 nts	1696909094386
104768 root      20   0   59.2g   5.0g   2.0g R 100.0   0.7   2:37.29 nts	1696909095075
104768 root      20   0   59.2g   5.0g   2.0g R 106.2   0.7   2:37.99 nts	1696909095762
104768 root      20   0   59.2g   5.0g   2.0g R 106.2   0.7   2:38.68 nts	1696909096452
104768 root      20   0   59.2g   5.0g   2.0g R 106.2   0.7   2:39.37 nts	1696909097141
104768 root      20   0   59.2g   5.0g   2.0g R 100.0   0.7   2:40.06 nts	1696909097831
104768 root      20   0   59.2g   5.0g   2.0g R 100.0   0.7   2:40.75 nts	1696909098519
104768 root      20   0   59.2g   5.0g   2.0g R  94.1   0.7   2:41.43 nts	1696909099210
104768 root      20   0   59.2g   5.0g   2.0g R  94.1   0.7   2:42.12 nts	1696909099899
104768 root      20   0   59.2g   5.0g   2.0g R  94.1   0.7   2:42.81 nts	1696909100588
104768 root      20   0   59.2g   5.0g   2.0g R 100.0   0.7   2:43.50 nts	1696909101276
104768 root      20   0   59.2g   5.0g   2.0g R  94.1   0.7   2:44.19 nts	1696909101967
104768 root      20   0   59.2g   5.0g   2.0g R  94.1   0.7   2:44.88 nts	1696909102656
104768 root      20   0   59.2g   5.0g   2.0g R  94.1   0.7   2:45.57 nts	1696909103348
104768 root      20   0   59.2g   5.0g   2.0g R  94.1   0.7   2:46.26 nts	1696909104035
104768 root      20   0   59.2g   5.0g   2.0g R 100.0   0.7   2:46.96 nts	1696909104725
104768 root      20   0   59.2g   5.0g   2.0g R 100.0   0.7   2:47.65 nts	1696909105416
104768 root      20   0   59.2g   5.0g   2.0g R 100.0   0.7   2:48.34 nts	1696909106106
104768 root      20   0   59.2g   5.0g   2.0g R  94.1   0.7   2:49.02 nts	1696909106797
104768 root      20   0   59.2g   5.0g   2.0g R  94.1   0.7   2:49.71 nts	1696909107487
104768 root      20   0   59.2g   5.0g   2.0g R 100.0   0.7   2:50.40 nts	1696909108174
104768 root      20   0   59.2g   5.0g   2.0g R 100.0   0.7   2:51.08 nts	1696909108861
104768 root      20   0   59.2g   5.0g   2.0g R 100.0   0.7   2:51.78 nts	1696909109548
104768 root      20   0   59.2g   5.0g   2.0g R 100.0   0.7   2:52.47 nts	1696909110239
104768 root      20   0   59.2g   5.0g   2.0g R 100.0   0.7   2:53.16 nts	1696909110929
104768 root      20   0   59.2g   5.0g   2.0g R  94.1   0.7   2:53.84 nts	1696909111619
104768 root      20   0   59.2g   5.0g   2.0g R 100.0   0.7   2:54.54 nts	1696909112307
104768 root      20   0   59.2g   5.0g   2.0g R 100.0   0.7   2:55.23 nts	1696909112996
104768 root      20   0   59.2g   5.0g   2.0g R  94.1   0.7   2:55.91 nts	1696909113686
104768 root      20   0   59.2g   5.0g   2.0g R 100.0   0.7   2:56.60 nts	1696909114376
104768 root      20   0   59.2g   5.0g   2.0g R 105.9   0.7   2:57.30 nts	1696909115063
104768 root      20   0   59.2g   5.0g   2.0g R  94.1   0.7   2:57.98 nts	1696909115755
104768 root      20   0   59.2g   5.0g   2.0g R  94.1   0.7   2:58.67 nts	1696909116446
104768 root      20   0   59.2g   5.0g   2.0g R 100.0   0.7   2:59.37 nts	1696909117135
104768 root      20   0   59.2g   5.0g   2.0g R 100.0   0.7   3:00.06 nts	1696909117826
104768 root      20   0   59.2g   5.0g   2.0g R  94.1   0.7   3:00.74 nts	1696909118517
104768 root      20   0   59.2g   5.0g   2.0g R  94.1   0.7   3:01.43 nts	1696909119205
104768 root      20   0   59.2g   5.0g   2.0g R 100.0   0.7   3:02.13 nts	1696909119896
104768 root      20   0   59.2g   5.0g   2.0g R  94.1   0.7   3:02.81 nts	1696909120585
104768 root      20   0   59.2g   5.0g   2.0g R 100.0   0.7   3:03.50 nts	1696909121274
104768 root      20   0   59.2g   5.0g   2.0g R 100.0   0.7   3:04.19 nts	1696909121964
104768 root      20   0   59.2g   5.0g   2.0g R 100.0   0.7   3:04.88 nts	1696909122652
104768 root      20   0   59.2g   5.0g   2.0g R 100.0   0.7   3:05.57 nts	1696909123343
104768 root      20   0   59.2g   5.0g   2.0g R 106.2   0.7   3:06.26 nts	1696909124032
104768 root      20   0   59.2g   5.0g   2.0g R 106.2   0.7   3:06.95 nts	1696909124721
104768 root      20   0   59.2g   5.0g   2.0g R 100.0   0.7   3:07.64 nts	1696909125409
104768 root      20   0   59.2g   5.0g   2.0g R  94.1   0.7   3:08.33 nts	1696909126099
104768 root      20   0   59.2g   5.0g   2.0g R 100.0   0.7   3:09.02 nts	1696909126788
104768 root      20   0   59.2g   5.0g   2.0g R  94.1   0.7   3:09.70 nts	1696909127478
104768 root      20   0   59.2g   5.0g   2.0g R 100.0   0.7   3:10.40 nts	1696909128165
104768 root      20   0   59.2g   5.0g   2.0g R  94.1   0.7   3:11.08 nts	1696909128855
104768 root      20   0   59.2g   5.0g   2.0g R 100.0   0.7   3:11.78 nts	1696909129544
104768 root      20   0   59.2g   5.0g   2.0g R 100.0   0.7   3:12.46 nts	1696909130235
104768 root      20   0   59.2g   5.0g   2.0g R 106.2   0.7   3:13.16 nts	1696909130923
104768 root      20   0   59.2g   5.0g   2.0g R 100.0   0.7   3:13.84 nts	1696909131613
104768 root      20   0   59.2g   5.0g   2.0g R 106.2   0.7   3:14.54 nts	1696909132302
104768 root      20   0   59.2g   5.0g   2.0g R 100.0   0.7   3:15.22 nts	1696909132992
104768 root      20   0   59.2g   5.0g   2.0g R  94.1   0.7   3:15.91 nts	1696909133679
104768 root      20   0   59.2g   5.0g   2.0g R 100.0   0.7   3:16.60 nts	1696909134369
104768 root      20   0   59.2g   5.0g   2.0g R 100.0   0.7   3:17.29 nts	1696909135059
104768 root      20   0   59.2g   5.0g   2.0g R 100.0   0.7   3:17.98 nts	1696909135748
104768 root      20   0   59.2g   5.0g   2.0g R 100.0   0.7   3:18.67 nts	1696909136436
104768 root      20   0   59.2g   5.0g   2.0g R  94.1   0.7   3:19.35 nts	1696909137125
104768 root      20   0   59.2g   5.0g   2.0g R  94.1   0.7   3:20.05 nts	1696909137815
104768 root      20   0   59.2g   5.0g   2.0g R 106.2   0.7   3:20.74 nts	1696909138505
104768 root      20   0   59.2g   5.0g   2.0g R  94.1   0.7   3:21.42 nts	1696909139194
104768 root      20   0   59.2g   5.0g   2.0g R  94.1   0.7   3:22.11 nts	1696909139885
104768 root      20   0   59.2g   5.0g   2.0g R  94.1   0.7   3:22.80 nts	1696909140577
104768 root      20   0   59.2g   5.0g   2.0g R 106.2   0.7   3:23.50 nts	1696909141266
104768 root      20   0   59.2g   5.0g   2.0g R 100.0   0.7   3:24.19 nts	1696909141953
104768 root      20   0   59.2g   5.0g   2.0g R 106.2   0.7   3:24.88 nts	1696909142644
104768 root      20   0   59.2g   5.0g   2.0g R 100.0   0.7   3:25.56 nts	1696909143333
104768 root      20   0   59.2g   5.0g   2.0g R 100.0   0.7   3:26.25 nts	1696909144022
104768 root      20   0   59.2g   5.0g   2.0g R 100.0   0.7   3:26.95 nts	1696909144710
104768 root      20   0   59.2g   5.0g   2.0g R 100.0   0.7   3:27.64 nts	1696909145399
104768 root      20   0   59.2g   5.0g   2.0g R 100.0   0.7   3:28.33 nts	1696909146091
104768 root      20   0   59.2g   5.0g   2.0g R 100.0   0.7   3:29.01 nts	1696909146781
104768 root      20   0   59.2g   5.0g   2.0g R 100.0   0.7   3:29.71 nts	1696909147469
104768 root      20   0   59.2g   5.0g   2.0g R  94.1   0.7   3:30.39 nts	1696909148160
104768 root      20   0   59.2g   5.0g   2.0g R  94.1   0.7   3:31.08 nts	1696909148848
104768 root      20   0   59.2g   5.0g   2.0g R  94.1   0.7   3:31.77 nts	1696909149539
104768 root      20   0   59.2g   5.0g   2.0g R  94.1   0.7   3:32.46 nts	1696909150227
104768 root      20   0   59.2g   5.0g   2.0g R 100.0   0.7   3:33.16 nts	1696909150916
104768 root      20   0   59.2g   5.0g   2.0g R  94.1   0.7   3:33.84 nts	1696909151607
104768 root      20   0   59.2g   5.0g   2.0g R 100.0   0.7   3:34.53 nts	1696909152296
104768 root      20   0   59.2g   5.0g   2.0g R 100.0   0.7   3:35.22 nts	1696909152983
104768 root      20   0   59.2g   5.0g   2.0g R  94.1   0.7   3:35.91 nts	1696909153673
104768 root      20   0   59.2g   5.0g   2.0g R  94.1   0.7   3:36.60 nts	1696909154364
104768 root      20   0   59.2g   5.0g   2.0g R  94.1   0.7   3:37.29 nts	1696909155056
104768 root      20   0   59.2g   5.0g   2.0g R 100.0   0.7   3:37.98 nts	1696909155746
104768 root      20   0   59.2g   5.0g   2.0g R 100.0   0.7   3:38.67 nts	1696909156436
104768 root      20   0   59.2g   5.1g   2.0g R  58.8   0.7   3:39.15 nts	1696909157128
104768 root      20   0  136.2g   5.3g   2.0g S 461.1   0.7   3:44.04 nts	1696909157819
104768 root      20   0  137.1g   5.3g   2.0g S 537.5   0.7   3:46.91 nts	1696909158531
104768 root      20   0  137.2g   5.3g   2.1g S 452.9   0.7   3:50.24 nts	1696909159226
104768 root      20   0  137.5g   5.3g   2.1g S 541.2   0.7   3:53.85 nts	1696909159920
104768 root      20   0  138.6g   5.4g   2.1g S 547.1   0.7   3:56.95 nts	1696909160615
104768 root      20   0  138.8g   5.4g   2.1g S 382.4   0.7   4:00.55 nts	1696909161310
104768 root      20   0  138.8g   5.4g   2.1g S 523.5   0.7   4:03.74 nts	1696909162004
104768 root      20   0  138.8g   5.4g   2.1g S 335.3   0.7   4:07.01 nts	1696909162697
104768 root      20   0  138.8g   5.4g   2.2g S 543.8   0.7   4:10.85 nts	1696909163391
104768 root      20   0  138.8g   5.4g   2.2g S 541.2   0.8   4:14.06 nts	1696909164086
104768 root      20   0  138.8g   5.5g   2.2g S 329.4   0.8   4:17.64 nts	1696909164780
104768 root      20   0  139.3g   5.5g   2.2g S 605.9   0.8   4:21.30 nts	1696909165475
104768 root      20   0  139.3g   5.5g   2.2g S 631.2   0.8   4:24.45 nts	1696909166171
104768 root      20   0  139.0g   5.5g   2.3g S 452.9   0.8   4:28.22 nts	1696909166870
104768 root      20   0  139.1g   5.5g   2.3g S 541.2   0.8   4:31.33 nts	1696909167564
104768 root      20   0  139.3g   5.5g   2.3g S 247.1   0.8   4:34.42 nts	1696909168259
104768 root      20   0  139.3g   5.6g   2.3g S 635.3   0.8   4:38.45 nts	1696909168954
104768 root      20   0  139.3g   5.6g   2.3g S 588.2   0.8   4:41.59 nts	1696909169651
104768 root      20   0  139.3g   5.6g   2.3g S 305.9   0.8   4:45.01 nts	1696909170346
104768 root      20   0  139.3g   5.6g   2.4g S 662.5   0.8   4:48.52 nts	1696909171041
104768 root      20   0  139.3g   5.6g   2.4g S 288.2   0.8   4:51.52 nts	1696909171737
104768 root      20   0  159.2g   5.6g   2.4g S 612.5   0.8   4:55.59 nts	1696909172431
104768 root      20   0  159.6g   5.7g   2.4g S 547.1   0.8   4:58.50 nts	1696909173126
104768 root      20   0  159.6g   5.7g   2.4g S 335.3   0.8   5:02.09 nts	1696909173820
104768 root      20   0  159.6g   5.7g   2.4g S 582.4   0.8   5:05.60 nts	1696909174514
104768 root      20   0  160.3g   5.7g   2.5g S 452.9   0.8   5:08.77 nts	1696909175209
104768 root      20   0  160.4g   5.8g   2.5g S 529.4   0.8   5:12.56 nts	1696909175906
104768 root      20   0  160.4g   5.8g   2.5g S 588.2   0.8   5:15.67 nts	1696909176601
104768 root      20   0  160.0g   5.8g   2.5g S 452.9   0.8   5:19.05 nts	1696909177295
104768 root      20   0  160.4g   5.8g   2.5g S 582.4   0.8   5:22.53 nts	1696909177990
104768 root      20   0  160.4g   5.8g   2.5g S 523.5   0.8   5:25.56 nts	1696909178685
104768 root      20   0  160.0g   5.8g   2.6g S 452.9   0.8   5:29.38 nts	1696909179381
104768 root      20   0  160.5g   5.9g   2.6g S 564.7   0.8   5:32.70 nts	1696909180075
104768 root      20   0  160.5g   5.9g   2.6g S 217.6   0.8   5:35.83 nts	1696909180770
104768 root      20   0  160.5g   5.9g   2.6g S 576.5   0.8   5:39.93 nts	1696909181464
104768 root      20   0  160.5g   5.9g   2.6g S 570.6   0.8   5:43.17 nts	1696909182159
104768 root      20   0  160.5g   5.9g   2.6g S 335.3   0.8   5:46.61 nts	1696909182853
104768 root      20   0  160.5g   6.0g   2.7g S 652.9   0.8   5:50.11 nts	1696909183547
104768 root      20   0  160.5g   6.0g   2.7g S 643.8   0.8   5:53.23 nts	1696909184242
104768 root      20   0  160.5g   6.0g   2.7g S 629.4   0.8   5:57.14 nts	1696909184937
104768 root      20   0  160.5g   6.0g   2.7g S 650.0   0.8   6:00.17 nts	1696909185632
104768 root      20   0  160.6g   6.0g   2.7g S 323.5   0.8   6:03.53 nts	1696909186326
104768 root      20   0  160.0g   6.0g   2.7g S 605.9   0.8   6:07.19 nts	1696909187021
104768 root      20   0  160.0g   6.0g   2.8g S 547.1   0.8   6:10.27 nts	1696909187716
104768 root      20   0  160.4g   6.1g   2.8g S 364.7   0.8   6:13.84 nts	1696909188411
104768 root      20   0  160.7g   6.1g   2.8g S 552.9   0.8   6:17.48 nts	1696909189106
104768 root      20   0  160.4g   6.1g   2.8g S 300.0   0.8   6:20.53 nts	1696909189800
104768 root      20   0  160.8g   6.1g   2.8g S 529.4   0.8   6:24.35 nts	1696909190495
104768 root      20   0  160.8g   6.1g   2.8g S 552.9   0.8   6:27.19 nts	1696909191190
104768 root      20   0  160.8g   6.1g   2.9g S 341.2   0.8   6:30.77 nts	1696909191884
104768 root      20   0  160.6g   6.2g   2.9g S 470.6   0.9   6:34.24 nts	1696909192578
104768 root      20   0  160.9g   6.2g   2.9g S 347.1   0.9   6:37.43 nts	1696909193273
104768 root      20   0  160.9g   6.2g   2.9g S 576.5   0.9   6:41.36 nts	1696909193968
104768 root      20   0  161.0g   6.2g   2.9g S 570.6   0.9   6:44.29 nts	1696909194663
104768 root      20   0  160.7g   6.2g   2.9g S 194.1   0.9   6:47.32 nts	1696909195358
104768 root      20   0  161.0g   6.3g   3.0g S 594.1   0.9   6:51.46 nts	1696909196054
104768 root      20   0  161.0g   6.3g   3.0g S 582.4   0.9   6:54.55 nts	1696909196758
104768 root      20   0  161.1g   6.3g   3.0g S 270.6   0.9   6:57.94 nts	1696909197453
104768 root      20   0  161.1g   6.3g   3.0g S 535.3   0.9   7:01.32 nts	1696909198148
104768 root      20   0  161.1g   6.3g   3.0g S 282.4   0.9   7:04.24 nts	1696909198842
104768 root      20   0  161.1g   6.3g   3.0g S 564.7   0.9   7:08.06 nts	1696909199538
104768 root      20   0  161.1g   6.3g   3.1g S 535.3   0.9   7:11.18 nts	1696909200233
104768 root      20   0  160.8g   6.4g   3.1g S 464.7   0.9   7:14.47 nts	1696909200929
104768 root      20   0  157.4g   6.4g   3.1g R 329.4   0.9   7:17.59 nts	1696909201623
104768 root      20   0       0      0      0 Z  82.4   0.0   7:18.07 nts	1696909202317
