3683269 toao      20   0 2564440  95912  67368 R 100.0   0.0   0:00.17 nts	1688350585229
3683269 toao      20   0 5311784 229288 114636 R  2765   0.1   0:08.56 nts	1688350585920
3683269 toao      20   0 5311784 229288 114636 S  2800   0.1   0:27.44 nts	1688350586604
3683269 toao      20   0 5311784 229288 114636 S  2919   0.1   0:47.35 nts	1688350587295
3683269 toao      20   0 5311784 229288 114636 S  2981   0.1   1:07.91 nts	1688350587979
3683269 toao      20   0 5495880 360040 114884 R 188.2   0.2   1:14.48 nts	1688350588665
3683269 toao      20   0 5495880 375616 114884 R 206.2   0.2   1:15.84 nts	1688350589352
3683269 toao      20   0 5495880 382480 114884 R 206.2   0.2   1:17.21 nts	1688350590038
3683269 toao      20   0 5495880 382480 114884 R 212.5   0.2   1:18.57 nts	1688350590723
3683269 toao      20   0 5495880 382480 114884 R 206.2   0.2   1:19.93 nts	1688350591411
3683269 toao      20   0 5495880 382480 114884 R 206.2   0.2   1:21.30 nts	1688350592101
3683269 toao      20   0 5495880 382480 114884 R 200.0   0.2   1:22.67 nts	1688350592789
3683269 toao      20   0 5495880 382480 114884 R 206.2   0.2   1:24.04 nts	1688350593476
3683269 toao      20   0 5495880 382480 114884 R 188.2   0.2   1:25.40 nts	1688350594164
3683269 toao      20   0 5495880 382480 114884 R 194.1   0.2   1:26.78 nts	1688350594853
3683269 toao      20   0 5495880 382480 114884 R 200.0   0.2   1:28.14 nts	1688350595540
3683269 toao      20   0 5495880 382480 114884 R 212.5   0.2   1:29.51 nts	1688350596228
3683269 toao      20   0 5495880 382480 114884 S 206.2   0.2   1:30.88 nts	1688350596916
3683269 toao      20   0 5495880 382480 114884 R 188.2   0.2   1:32.24 nts	1688350597604
3683269 toao      20   0 5495880 382480 114884 R 212.5   0.2   1:33.61 nts	1688350598291
3683269 toao      20   0 5495880 382744 114884 R 206.2   0.2   1:34.97 nts	1688350598980
3683269 toao      20   0 5495880 384064 114884 R 206.2   0.2   1:36.35 nts	1688350599672
3683269 toao      20   0 5495880 386440 114884 R 193.8   0.2   1:37.70 nts	1688350600360
3683269 toao      20   0 5495880 388552 114884 R 200.0   0.2   1:39.07 nts	1688350601048
3683269 toao      20   0 5495880 390400 114884 R 206.2   0.2   1:40.44 nts	1688350601736
3683269 toao      20   0 5495880 391984 114884 R 194.1   0.2   1:41.80 nts	1688350602424
3683269 toao      20   0 7220080   1.1g 115008 R  1069   0.6   1:46.48 nts	1688350603110
3683269 toao      20   0 7220080   1.1g 115008 R 775.0   0.6   1:52.42 nts	1688350603789
3683269 toao      20   0 7220080   1.1g 115008 R  1225   0.6   1:59.85 nts	1688350604477
3683269 toao      20   0 7220080   1.1g 115008 R  1131   0.6   2:06.92 nts	1688350605164
3683269 toao      20   0 7220080   1.1g 115008 S  1269   0.6   2:14.83 nts	1688350605850
3683269 toao      20   0 7220080   1.1g 115008 R  1025   0.6   2:22.72 nts	1688350606542
3683269 toao      20   0 7220080   1.2g 115008 R  1006   0.6   2:30.42 nts	1688350607223
3683269 toao      20   0 7220080   1.2g 115008 R 987.5   0.7   2:37.99 nts	1688350607903
3683269 toao      20   0 7220080   1.3g 115008 R 981.2   0.7   2:44.91 nts	1688350608579
3683269 toao      20   0 8157940   1.3g 115040 R 594.1   0.7   2:51.84 nts	1688350609264
3683269 toao      20   0 8216452   1.3g 115040 R 194.1   0.7   2:53.72 nts	1688350609961
3683269 toao      20   0 8216452   1.3g 115040 R 188.2   0.7   2:55.08 nts	1688350610652
3683269 toao      20   0 8216452   1.4g 115040 R 200.0   0.7   2:56.44 nts	1688350611343
3683269 toao      20   0 8216452   1.4g 115040 R 206.2   0.7   2:57.80 nts	1688350612029
3683269 toao      20   0 8216452   1.4g 115040 R 193.8   0.7   2:59.15 nts	1688350612716
3683269 toao      20   0 8216452   1.4g 115040 R 200.0   0.7   3:00.52 nts	1688350613403
3683269 toao      20   0 8216452   1.4g 115040 R 206.2   0.7   3:01.88 nts	1688350614092
3683269 toao      20   0 8216452   1.4g 115040 R 206.2   0.7   3:03.24 nts	1688350614780
3683269 toao      20   0 8216452   1.4g 115040 R 212.5   0.7   3:04.60 nts	1688350615469
3683269 toao      20   0 8216452   1.4g 115040 R 206.2   0.7   3:05.96 nts	1688350616156
3683269 toao      20   0 8216452   1.4g 115040 R 194.1   0.7   3:07.32 nts	1688350616844
3683269 toao      20   0 8216452   1.4g 115040 R 193.8   0.7   3:08.67 nts	1688350617532
3683269 toao      20   0 8281988   1.4g 115040 R 193.8   0.7   3:10.02 nts	1688350618220
3683269 toao      20   0 9911400   1.5g 115040 R 518.8   0.8   3:13.06 nts	1688350618906
3683269 toao      20   0 9911400   1.6g 115040 R  1606   0.9   3:22.51 nts	1688350619592
3683269 toao      20   0 9911400   1.7g 115040 R  1088   0.9   3:30.85 nts	1688350620277
3683269 toao      20   0 9911400   1.8g 115040 R 606.2   1.0   3:36.00 nts	1688350620960
3683269 toao      20   0 9911400   1.9g 115040 R 537.5   1.0   3:39.69 nts	1688350621639
3683269 toao      20   0 9911400   2.0g 115040 R 506.2   1.1   3:43.08 nts	1688350622317
3683269 toao      20   0 9911400   2.1g 115040 R 576.5   1.1   3:47.05 nts	1688350623003
3683269 toao      20   0 9911400   2.2g 115040 R 593.8   1.2   3:50.88 nts	1688350623691
3683269 toao      20   0 9911400   2.3g 115040 R 562.5   1.2   3:54.90 nts	1688350624372
3683269 toao      20   0   10.7g   2.4g 115040 R 100.0   1.3   3:56.35 nts	1688350625051
3683269 toao      20   0   10.7g   2.4g 115040 R 100.0   1.3   3:57.04 nts	1688350625736
3683269 toao      20   0   10.7g   2.4g 115040 R  94.1   1.3   3:57.73 nts	1688350626425
3683269 toao      20   0   10.7g   2.4g 115040 R 100.0   1.3   3:58.42 nts	1688350627112
3683269 toao      20   0   10.7g   2.4g 115040 R 100.0   1.3   3:59.11 nts	1688350627800
3683269 toao      20   0   10.7g   2.4g 115040 R 100.0   1.3   3:59.79 nts	1688350628489
3683269 toao      20   0   10.7g   2.4g 115040 R 100.0   1.3   4:00.48 nts	1688350629177
3683269 toao      20   0   10.7g   2.4g 115040 R  94.1   1.3   4:01.17 nts	1688350629865
3683269 toao      20   0   10.7g   2.4g 115040 R  94.1   1.3   4:01.86 nts	1688350630552
3683269 toao      20   0   10.7g   2.4g 115040 R 100.0   1.3   4:02.54 nts	1688350631240
3683269 toao      20   0   11.7g   2.9g 115040 R 100.0   1.5   4:03.23 nts	1688350631928
3683269 toao      20   0   11.7g   3.1g 115040 R 106.2   1.6   4:03.92 nts	1688350632617
3683269 toao      20   0   11.7g   3.1g 115040 R  94.1   1.7   4:04.61 nts	1688350633304
3683269 toao      20   0   11.7g   3.1g 115040 R 106.2   1.7   4:05.30 nts	1688350633992
3683269 toao      20   0   11.7g   3.1g 115040 R 100.0   1.7   4:05.99 nts	1688350634680
3683269 toao      20   0   11.7g   3.1g 115040 R 100.0   1.7   4:06.67 nts	1688350635367
3683269 toao      20   0   11.7g   3.1g 115040 R 100.0   1.7   4:07.36 nts	1688350636056
3683269 toao      20   0   11.7g   3.1g 115040 R  94.1   1.7   4:08.05 nts	1688350636744
3683269 toao      20   0   11.7g   3.1g 115040 R 106.2   1.7   4:08.74 nts	1688350637432
3683269 toao      20   0   11.7g   3.1g 115040 R 106.2   1.7   4:09.43 nts	1688350638120
3683269 toao      20   0   11.7g   3.1g 115040 R 112.5   1.7   4:10.12 nts	1688350638811
3683269 toao      20   0   11.7g   3.1g 115040 R 106.2   1.7   4:10.80 nts	1688350639500
3683269 toao      20   0   11.7g   3.1g 115040 R 106.2   1.7   4:11.49 nts	1688350640187
3683269 toao      20   0   11.7g   3.1g 115040 R 106.2   1.7   4:12.18 nts	1688350640873
3683269 toao      20   0   11.7g   3.2g 115040 R 106.2   1.7   4:12.87 nts	1688350641560
3683269 toao      20   0   11.7g   3.2g 115040 R 106.2   1.7   4:13.55 nts	1688350642248
3683269 toao      20   0   11.7g   3.2g 115040 R 106.2   1.7   4:14.24 nts	1688350642937
3683269 toao      20   0   11.7g   3.2g 115040 R 100.0   1.7   4:14.92 nts	1688350643625
3683269 toao      20   0   11.7g   3.3g 115040 R 100.0   1.7   4:15.61 nts	1688350644312
3683269 toao      20   0   11.7g   3.3g 115040 R 106.2   1.8   4:16.31 nts	1688350645000
3683269 toao      20   0   11.7g   3.3g 115040 R 106.2   1.8   4:16.99 nts	1688350645687
3683269 toao      20   0   16.1g   3.3g 118712 R 525.0   1.8   4:18.36 nts	1688350646376
3683269 toao      20   0   17.1g   4.0g 295244 R 106.2   2.1   4:19.04 nts	1688350647059
3683269 toao      20   0   18.1g   4.8g 445548 R 100.0   2.6   4:19.73 nts	1688350647748
3683269 toao      20   0   19.5g   6.1g 507444 R 106.2   3.3   4:20.42 nts	1688350648436
3683269 toao      20   0   19.5g   6.1g 507444 R 105.9   3.3   4:21.11 nts	1688350649123
3683269 toao      20   0   19.5g   6.1g 507444 R 100.0   3.3   4:21.78 nts	1688350649811
3683269 toao      20   0   30.7g   7.5g   1.8g R 106.2   4.0   4:22.47 nts	1688350650495
3683269 toao      20   0   30.7g  10.3g   4.7g R  94.1   5.5   4:23.16 nts	1688350651183
3683269 toao      20   0   30.7g  13.3g   7.7g R 106.2   7.1   4:23.85 nts	1688350651872
3683269 toao      20   0   30.7g  16.3g  10.7g R 106.2   8.7   4:24.54 nts	1688350652559
3683269 toao      20   0   30.7g  17.3g  11.6g R 100.0   9.2   4:25.22 nts	1688350653249
3683269 toao      20   0   30.7g  17.3g  11.6g R 100.0   9.2   4:25.91 nts	1688350653936
3683269 toao      20   0   30.7g  17.3g  11.6g R 100.0   9.2   4:26.60 nts	1688350654624
3683269 toao      20   0   30.7g  17.3g  11.6g R 106.2   9.2   4:27.29 nts	1688350655311
3683269 toao      20   0   30.7g  17.3g  11.6g R 106.2   9.2   4:27.98 nts	1688350656000
3683269 toao      20   0   30.7g  17.3g  11.6g R 100.0   9.2   4:28.66 nts	1688350656689
3683269 toao      20   0   30.7g  17.3g  11.6g R 100.0   9.2   4:29.34 nts	1688350657376
3683269 toao      20   0   30.7g  17.3g  11.6g R 100.0   9.2   4:30.03 nts	1688350658063
3683269 toao      20   0   30.7g  17.3g  11.6g R  94.1   9.2   4:30.72 nts	1688350658753
3683269 toao      20   0   30.7g  17.3g  11.6g R  94.1   9.2   4:31.41 nts	1688350659442
3683269 toao      20   0   30.7g  17.3g  11.6g R 106.2   9.2   4:32.10 nts	1688350660131
3683269 toao      20   0   30.7g  17.3g  11.6g R 100.0   9.2   4:32.79 nts	1688350660820
3683269 toao      20   0   30.7g  17.3g  11.6g R  94.1   9.2   4:33.47 nts	1688350661505
3683269 toao      20   0   30.7g  17.3g  11.6g R 100.0   9.2   4:34.16 nts	1688350662191
3683269 toao      20   0   30.7g  17.3g  11.6g R 106.2   9.2   4:34.85 nts	1688350662872
3683269 toao      20   0   30.7g  17.3g  11.6g R 106.2   9.2   4:35.54 nts	1688350663559
3683269 toao      20   0   30.7g  17.3g  11.6g R 106.2   9.2   4:36.23 nts	1688350664247
3683269 toao      20   0   30.7g  17.3g  11.6g R 106.2   9.2   4:36.91 nts	1688350664936
3683269 toao      20   0   30.7g  17.3g  11.6g R 106.2   9.2   4:37.60 nts	1688350665619
3683269 toao      20   0   30.7g  17.3g  11.6g R 100.0   9.2   4:38.28 nts	1688350666308
3683269 toao      20   0   30.7g  17.3g  11.6g R 100.0   9.2   4:38.97 nts	1688350666996
3683269 toao      20   0   30.7g  17.3g  11.6g R 100.0   9.2   4:39.66 nts	1688350667684
3683269 toao      20   0   30.7g  17.3g  11.6g R 100.0   9.2   4:40.35 nts	1688350668373
3683269 toao      20   0   30.7g  17.3g  11.6g R 100.0   9.3   4:41.03 nts	1688350669060
3683269 toao      20   0   30.7g  17.3g  11.6g R 100.0   9.3   4:41.72 nts	1688350669748
3683269 toao      20   0   30.7g  17.3g  11.6g R 100.0   9.3   4:42.41 nts	1688350670435
3683269 toao      20   0   30.7g  17.3g  11.6g R  94.1   9.3   4:43.09 nts	1688350671125
3683269 toao      20   0   30.7g  17.3g  11.6g R 100.0   9.3   4:43.78 nts	1688350671812
3683269 toao      20   0   30.7g  17.3g  11.6g R 100.0   9.3   4:44.47 nts	1688350672500
3683269 toao      20   0   30.6g  17.4g  11.6g R 100.0   9.3   4:45.35 nts	1688350673188
3683269 toao      20   0   30.7g  17.5g  11.6g R 606.2   9.3   4:47.34 nts	1688350673874
3683269 toao      20   0   30.7g  17.5g  11.6g S  94.1   9.3   4:49.28 nts	1688350674556
3683269 toao      20   0   30.7g  17.5g  11.6g S 100.0   9.3   4:49.96 nts	1688350675241
3683269 toao      20   0   30.7g  17.5g  11.6g S 100.0   9.3   4:50.65 nts	1688350675926
3683269 toao      20   0   31.8g  17.5g  11.6g R  1538   9.4   4:53.82 nts	1688350676615
3683269 toao      20   0   31.8g  17.6g  11.6g R 629.4   9.4   5:05.45 nts	1688350677354
3683269 toao      20   0   31.8g  17.6g  11.6g R  2462   9.4   5:15.50 nts	1688350678039
3683269 toao      20   0   31.8g  17.6g  11.6g R 652.9   9.4   5:24.15 nts	1688350678733
3683269 toao      20   0   31.8g  17.5g  11.6g R 537.5   9.4   5:35.30 nts	1688350679444
3683269 toao      20   0   31.8g  17.5g  11.6g S 100.0   9.4   5:36.52 nts	1688350680126
3683269 toao      20   0   31.8g  17.5g  11.6g S 106.2   9.4   5:37.21 nts	1688350680809
3683269 toao      20   0   31.8g  17.6g  11.6g R 225.0   9.4   5:38.09 nts	1688350681492
3683269 toao      20   0   31.8g  17.5g  11.6g R 640.0   9.4   5:47.45 nts	1688350682178
3683269 toao      20   0   31.8g  17.5g  11.6g S 100.0   9.4   5:49.11 nts	1688350682857
3683269 toao      20   0   31.8g  17.5g  11.6g S 100.0   9.4   5:49.79 nts	1688350683541
3683269 toao      20   0   31.8g  17.6g  11.6g R 218.8   9.4   5:50.66 nts	1688350684225
3683269 toao      20   0   31.8g  17.5g  11.6g R 631.2   9.4   5:59.92 nts	1688350684909
3683269 toao      20   0   31.8g  17.5g  11.6g S 250.0   9.4   6:02.69 nts	1688350685589
3683269 toao      20   0   31.8g  17.5g  11.6g S 100.0   9.4   6:03.42 nts	1688350686273
3683269 toao      20   0   31.8g  17.5g  11.6g S 100.0   9.4   6:04.10 nts	1688350686960
3683269 toao      20   0   31.8g  17.5g  11.6g R  1956   9.4   6:12.89 nts	1688350687682
3683269 toao      20   0   31.8g  17.5g  11.6g S 100.0   9.4   6:14.14 nts	1688350688363
3683269 toao      20   0   31.8g  17.5g  11.6g S 106.2   9.4   6:14.82 nts	1688350689045
3683269 toao      20   0   31.8g  17.6g  11.6g R 405.9   9.4   6:23.17 nts	1688350689742
3683269 toao      20   0   31.8g  17.5g  11.6g R  1872   9.3   6:34.32 nts	1688350690439
3683269 toao      20   0   31.8g  17.5g  11.6g S 100.0   9.4   6:35.69 nts	1688350691135
3683269 toao      20   0   31.8g  17.5g  11.6g S 106.2   9.4   6:36.38 nts	1688350691821
3683269 toao      20   0   31.8g  17.6g  11.6g R 856.2   9.4   6:38.45 nts	1688350692506
3683269 toao      20   0   31.8g  17.5g  11.6g R 600.0   9.4   6:51.19 nts	1688350693250
3683269 toao      20   0   31.8g  17.5g  11.6g S 100.0   9.4   6:52.09 nts	1688350693936
3683269 toao      20   0   31.8g  17.5g  11.6g S 106.2   9.4   6:52.78 nts	1688350694622
3683269 toao      20   0   31.8g  17.6g  11.6g R  1344   9.4   6:55.60 nts	1688350695308
3683269 toao      20   0   31.8g  17.5g  11.6g S 175.0   9.4   7:02.72 nts	1688350696011
3683269 toao      20   0   31.8g  17.5g  11.6g S 100.0   9.4   7:03.41 nts	1688350696698
3683269 toao      20   0   31.8g  17.5g  11.6g S 106.2   9.4   7:04.10 nts	1688350697384
3683269 toao      20   0   31.8g  17.5g  11.6g R  1663   9.4   7:12.71 nts	1688350698098
3683269 toao      20   0   31.8g  17.6g  11.6g R  2625   9.4   7:22.98 nts	1688350698791
3683269 toao      20   0   31.8g  17.6g  11.6g R 976.5   9.4   7:31.99 nts	1688350699485
3683269 toao      20   0   31.8g  17.5g  11.6g R 500.0   9.4   7:42.47 nts	1688350700184
3683269 toao      20   0   31.8g  17.5g  11.6g S 100.0   9.4   7:43.83 nts	1688350700864
3683269 toao      20   0   31.8g  17.5g  11.6g S 100.0   9.4   7:44.51 nts	1688350701551
3683269 toao      20   0   31.8g  17.5g  11.6g S 100.0   9.4   7:45.20 nts	1688350702234
3683269 toao      20   0   31.8g  17.5g  11.6g R  2700   9.3   7:53.33 nts	1688350702942
3683269 toao      20   0   31.8g  17.6g  11.6g R  1469   9.4   8:02.07 nts	1688350703596
3683269 toao      20   0   31.8g  17.5g  11.6g S  94.1   9.4   8:06.50 nts	1688350704294
3683269 toao      20   0   31.8g  17.5g  11.6g S 106.2   9.4   8:07.19 nts	1688350704976
3683269 toao      20   0   31.8g  17.6g  11.6g R  2906   9.4   8:14.94 nts	1688350705673
3683269 toao      20   0   31.8g  17.5g  11.6g S 106.2   9.4   8:17.49 nts	1688350706376
3683269 toao      20   0   31.8g  17.5g  11.6g S 100.0   9.4   8:18.17 nts	1688350707061
3683269 toao      20   0   31.8g  17.5g  11.6g S 100.0   9.4   8:18.86 nts	1688350707745
3683269 toao      20   0   31.8g  17.6g  11.6g R  2119   9.4   8:22.94 nts	1688350708429
3683269 toao      20   0   31.8g  17.5g  11.6g R 206.2   9.4   8:29.36 nts	1688350709146
3683269 toao      20   0   31.8g  17.5g  11.6g S 100.0   9.4   8:30.08 nts	1688350709831
3683269 toao      20   0   31.8g  17.5g  11.6g S 100.0   9.4   8:30.77 nts	1688350710518
3683269 toao      20   0   31.8g  17.6g  11.6g R 212.5   9.4   8:31.64 nts	1688350711206
3683269 toao      20   0   31.8g  17.6g  11.6g R 843.8   9.4   8:41.51 nts	1688350711896
3683269 toao      20   0   31.8g  17.6g  11.6g R 313.3   9.4   8:51.96 nts	1688350712616
3683269 toao      20   0   31.8g  17.5g  11.6g R  2062   9.4   9:03.50 nts	1688350713319
3683269 toao      20   0   31.8g  17.6g  11.6g R  1588   9.4   9:12.50 nts	1688350714011
3683269 toao      20   0   31.8g  17.5g  11.6g R 556.2   9.4   9:22.35 nts	1688350714720
3683269 toao      20   0   31.8g  17.5g  11.6g S 100.0   9.4   9:23.35 nts	1688350715403
3683269 toao      20   0   31.8g  17.5g  11.6g S 100.0   9.4   9:24.03 nts	1688350716090
3683269 toao      20   0   31.8g  17.5g  11.6g S 100.0   9.4   9:24.72 nts	1688350716777
3683269 toao      20   0   31.8g  17.6g  11.6g R  1438   9.4   9:27.72 nts	1688350717467
3683269 toao      20   0   31.8g  17.5g  11.6g S 231.2   9.4   9:35.05 nts	1688350718185
3683269 toao      20   0   31.8g  17.5g  11.6g S 100.0   9.4   9:35.85 nts	1688350718870
3683269 toao      20   0   31.8g  17.5g  11.6g S 106.2   9.4   9:36.54 nts	1688350719557
3683269 toao      20   0   31.8g  17.5g  11.6g S 100.0   9.4   9:37.23 nts	1688350720248
3683269 toao      20   0   31.8g  17.6g  11.6g R 682.4   9.4   9:45.97 nts	1688350720944
3683269 toao      20   0   31.8g  17.5g  11.6g R 206.2   9.4   9:52.83 nts	1688350721620
3683269 toao      20   0   31.8g  17.5g  11.6g S 100.0   9.4   9:53.58 nts	1688350722304
3683269 toao      20   0   31.8g  17.5g  11.6g S 100.0   9.4   9:54.26 nts	1688350722991
3683269 toao      20   0   31.8g  17.5g  11.6g R  2694   9.3  10:02.24 nts	1688350723694
3683269 toao      20   0   31.8g  17.6g  11.6g R  1856   9.4  10:11.63 nts	1688350724382
3683269 toao      20   0   31.8g  17.6g  11.6g R 375.0   9.4  10:20.75 nts	1688350725084
3683269 toao      20   0   31.8g  17.5g  11.6g R 544.4   9.4  10:32.58 nts	1688350725802
3683269 toao      20   0   31.8g  17.5g  11.6g S 100.0   9.4  10:33.32 nts	1688350726489
3683269 toao      20   0   31.8g  17.6g  11.6g R 812.5   9.4  10:35.30 nts	1688350727172
3683269 toao      20   0   31.8g  17.5g  11.6g S 143.8   9.4  10:43.22 nts	1688350727878
3683269 toao      20   0   31.8g  17.5g  11.6g S 106.2   9.4  10:43.91 nts	1688350728561
3683269 toao      20   0   31.8g  17.5g  11.6g S 106.2   9.4  10:44.60 nts	1688350729247
3683269 toao      20   0   31.8g  17.6g  11.6g R 300.0   9.4  10:53.35 nts	1688350729951
3683269 toao      20   0   31.8g  17.5g  11.6g S 100.0   9.4  10:59.59 nts	1688350730656
3683269 toao      20   0   31.8g  17.6g  11.6g R  1894   9.4  11:03.26 nts	1688350731341
3683269 toao      20   0   31.8g  17.6g  11.6g R 293.8   9.4  11:13.54 nts	1688350732040
3683269 toao      20   0   31.8g  17.5g  11.6g R  1050   9.4  11:24.90 nts	1688350732746
3683269 toao      20   0   31.8g  17.5g  11.6g S 100.0   9.4  11:26.69 nts	1688350733428
3683269 toao      20   0   31.8g  17.5g  11.6g S  94.1   9.4  11:27.38 nts	1688350734113
3683269 toao      20   0   31.8g  17.5g  11.6g S 100.0   9.4  11:28.06 nts	1688350734798
3683269 toao      20   0   31.8g  17.6g  11.6g R 693.3   9.4  11:29.79 nts	1688350735477
3683269 toao      20   0   31.8g  17.5g  11.6g S 241.2   9.4  11:38.41 nts	1688350736182
3683269 toao      20   0   31.8g  17.5g  11.6g S 100.0   9.4  11:39.09 nts	1688350736870
3683269 toao      20   0   31.8g  17.5g  11.6g S 100.0   9.4  11:39.78 nts	1688350737555
3683269 toao      20   0   31.8g  17.6g  11.6g R 182.4   9.4  11:40.61 nts	1688350738243
3683269 toao      20   0   31.8g  17.6g  11.6g R  1350   9.4  11:50.96 nts	1688350738930
3683269 toao      20   0   31.8g  17.5g  11.6g S 125.0   9.4  11:56.48 nts	1688350739617
3683269 toao      20   0   31.8g  17.5g  11.6g S 100.0   9.4  11:57.16 nts	1688350740301
3683269 toao      20   0   31.8g  17.5g  11.6g S  94.1   9.4  11:57.85 nts	1688350740985
3683269 toao      20   0   31.8g  17.6g  11.6g R  1525   9.4  12:01.00 nts	1688350741671
3683269 toao      20   0   31.8g  17.5g  11.6g R 631.2   9.4  12:12.93 nts	1688350742419
3683269 toao      20   0   31.8g  17.5g  11.6g S 106.2   9.4  12:14.01 nts	1688350743096
3683269 toao      20   0   31.8g  17.5g  11.6g S 100.0   9.4  12:14.69 nts	1688350743781
3683269 toao      20   0   31.8g  17.6g  11.6g R 206.2   9.4  12:15.55 nts	1688350744468
3683269 toao      20   0   31.8g  17.6g  11.6g R 812.5   9.4  12:24.81 nts	1688350745148
3683269 toao      20   0   31.8g  17.5g  11.6g S 100.0   9.4  12:30.11 nts	1688350745832
3683269 toao      20   0   31.8g  17.5g  11.6g S 106.2   9.4  12:30.80 nts	1688350746517
3683269 toao      20   0   31.8g  17.6g  11.6g R  2569   9.4  12:35.59 nts	1688350747200
3683269 toao      20   0   31.8g  17.5g  11.6g S 100.0   9.4  12:39.77 nts	1688350747905
3683269 toao      20   0   31.8g  17.5g  11.6g R 612.5   9.4  12:41.27 nts	1688350748584
3683269 toao      20   0   31.8g  17.5g  11.6g S 405.9   9.4  12:45.05 nts	1688350749264
3683269 toao      20   0   31.8g  17.5g  11.6g S 106.2   9.4  12:46.34 nts	1688350749949
3683269 toao      20   0   31.8g  17.5g  11.6g S 100.0   9.4  12:47.02 nts	1688350750637
3683269 toao      20   0   31.8g  17.6g  11.6g R 194.1   9.4  12:47.87 nts	1688350751325
3683269 toao      20   0   31.8g  17.5g  11.6g R 506.2   9.4  12:57.88 nts	1688350752006
3683269 toao      20   0   31.8g  17.5g  11.6g S 100.0   9.4  12:59.85 nts	1688350752690
3683269 toao      20   0   31.8g  17.5g  11.6g S 106.2   9.4  13:00.54 nts	1688350753375
3683269 toao      20   0   31.8g  17.5g  11.6g S 100.0   9.4  13:01.22 nts	1688350754061
3683269 toao      20   0   31.8g  17.6g  11.6g R 212.5   9.4  13:02.09 nts	1688350754746
3683269 toao      20   0   31.8g  17.6g  11.6g R  2575   9.4  13:14.53 nts	1688350755431
3683269 toao      20   0   31.8g  17.5g  11.6g S 100.0   9.4  13:17.44 nts	1688350756133
3683269 toao      20   0   31.8g  17.5g  11.6g S 106.2   9.4  13:18.14 nts	1688350756825
3683269 toao      20   0   31.8g  17.5g  11.6g S 100.0   9.4  13:18.83 nts	1688350757516
3683269 toao      20   0   31.8g  17.6g  11.6g R  2622   9.4  13:25.46 nts	1688350758226
3683269 toao      20   0   31.8g  17.5g  11.6g R 382.4   9.4  13:33.62 nts	1688350758943
3683269 toao      20   0   31.8g  17.5g  11.6g S  94.1   9.4  13:34.38 nts	1688350759634
3683269 toao      20   0   31.8g  17.5g  11.6g S 106.2   9.4  13:35.07 nts	1688350760322
3683269 toao      20   0   31.8g  17.6g  11.6g R  1194   9.4  13:37.66 nts	1688350761008
3683269 toao      20   0   31.8g  17.5g  11.6g S 100.0   9.4  13:44.37 nts	1688350761710
3683269 toao      20   0   31.8g  17.5g  11.6g S  94.1   9.4  13:45.06 nts	1688350762393
3683269 toao      20   0   31.8g  17.5g  11.6g S 100.0   9.4  13:45.74 nts	1688350763079
3683269 toao      20   0   31.8g  17.5g  11.6g R 618.8   9.4  13:54.53 nts	1688350763760
3683269 toao      20   0   31.8g  17.5g  11.6g S 106.7   9.4  13:55.59 nts	1688350764449
3683269 toao      20   0   31.8g  17.5g  11.6g S 106.2   9.4  13:56.28 nts	1688350765128
3683269 toao      20   0   31.8g  17.5g  11.6g S 100.0   9.4  13:56.96 nts	1688350765813
3683269 toao      20   0   31.8g  17.6g  11.6g R 512.5   9.4  14:05.44 nts	1688350766506
3683269 toao      20   0   31.8g  17.5g  11.6g S 237.5   9.4  14:12.42 nts	1688350767180
3683269 toao      20   0   31.8g  17.5g  11.6g S 100.0   9.4  14:13.10 nts	1688350767860
3683269 toao      20   0   31.8g  17.5g  11.6g S 106.2   9.4  14:13.79 nts	1688350768544
3683269 toao      20   0   31.8g  17.5g  11.6g R  1378   9.4  14:22.49 nts	1688350769261
3683269 toao      20   0   31.8g  17.6g  11.6g R  3200   9.4  14:33.42 nts	1688350769946
3683269 toao      20   0   31.8g  17.5g  11.6g S 100.0   9.4  14:35.32 nts	1688350770631
3683269 toao      20   0   31.8g  17.5g  11.6g S 106.2   9.4  14:36.01 nts	1688350771320
3683269 toao      20   0   31.8g  17.6g  11.6g R 350.0   9.4  14:44.46 nts	1688350772003
3683269 toao      20   0   31.8g  17.5g  11.6g S 112.5   9.4  14:51.16 nts	1688350772680
3683269 toao      20   0   31.8g  17.5g  11.6g S 100.0   9.4  14:51.85 nts	1688350773365
3683269 toao      20   0   31.8g  17.6g  11.6g R  2994   9.4  14:59.73 nts	1688350774075
3683269 toao      20   0   31.8g  17.5g  11.6g S 387.5   9.4  15:07.03 nts	1688350774765
3683269 toao      20   0   31.8g  17.5g  11.6g S 100.0   9.4  15:07.76 nts	1688350775448
3683269 toao      20   0   31.8g  17.5g  11.6g S 106.2   9.4  15:08.45 nts	1688350776133
3683269 toao      20   0   31.8g  17.6g  11.6g R  1429   9.4  15:11.59 nts	1688350776815
3683269 toao      20   0   31.8g  17.6g  11.6g R 558.8   9.4  15:22.82 nts	1688350777550
3683269 toao      20   0   31.8g  17.5g  11.6g S 111.8   9.4  15:29.25 nts	1688350778234
3683269 toao      20   0   31.8g  17.5g  11.6g S 100.0   9.4  15:29.93 nts	1688350778923
3683269 toao      20   0   31.8g  17.5g  11.6g S 100.0   9.4  15:30.61 nts	1688350779606
3683269 toao      20   0   31.8g  17.6g  11.6g R 456.2   9.4  15:39.33 nts	1688350780289
3683269 toao      20   0   31.8g  17.6g  11.6g R 456.2   9.4  15:50.38 nts	1688350780999
3683269 toao      20   0   31.8g  17.5g  11.6g S 123.5   9.4  15:57.00 nts	1688350781679
3683269 toao      20   0   31.8g  17.5g  11.6g S 100.0   9.4  15:57.68 nts	1688350782368
3683269 toao      20   0   31.8g  17.6g  11.6g R 200.0   9.4  15:58.52 nts	1688350783051
3683269 toao      20   0   31.8g  17.5g  11.6g R  2211   9.3  16:11.95 nts	1688350783750
3683269 toao      20   0   31.8g  17.5g  11.6g S 100.0   9.4  16:13.59 nts	1688350784460
3683269 toao      20   0   31.8g  17.5g  11.6g S 100.0   9.4  16:14.28 nts	1688350785149
3683269 toao      20   0   31.8g  17.5g  11.6g S  94.1   9.4  16:14.96 nts	1688350785835
3683269 toao      20   0   31.8g  17.6g  11.6g R 650.0   9.4  16:23.41 nts	1688350786550
3683269 toao      20   0   31.8g  17.5g  11.6g R  2094   9.3  16:34.72 nts	1688350787235
3683269 toao      20   0   31.8g  17.6g  11.6g R 100.0   9.4  16:41.30 nts	1688350787929
3683269 toao      20   0   31.8g  17.5g  11.6g R 916.7   9.4  16:52.94 nts	1688350788638
3683269 toao      20   0   31.8g  17.5g  11.6g S  94.1   9.4  16:54.23 nts	1688350789320
3683269 toao      20   0   31.8g  17.5g  11.6g S 100.0   9.4  16:54.92 nts	1688350790009
3683269 toao      20   0   31.8g  17.5g  11.6g S 106.2   9.4  16:55.61 nts	1688350790693
3683269 toao      20   0   31.8g  17.5g  11.6g R  1756   9.4  17:04.01 nts	1688350791406
3683269 toao      20   0   31.8g  17.5g  11.6g R 293.3   9.4  17:11.02 nts	1688350792098
3683269 toao      20   0   31.8g  17.5g  11.6g S 100.0   9.4  17:11.84 nts	1688350792777
3683269 toao      20   0   31.8g  17.5g  11.6g S 106.2   9.4  17:12.53 nts	1688350793461
3683269 toao      20   0   31.8g  17.6g  11.6g R  2431   9.4  17:17.13 nts	1688350794145
3683269 toao      20   0   31.8g  17.6g  11.6g R 352.9   9.4  17:27.19 nts	1688350794864
3683269 toao      20   0   31.8g  17.5g  11.6g S 100.0   9.4  17:33.24 nts	1688350795548
3683269 toao      20   0   31.8g  17.5g  11.6g S 487.5   9.4  17:37.07 nts	1688350796231
3683269 toao      20   0   31.8g  17.5g  11.6g S 100.0   9.4  17:38.85 nts	1688350796916
3683269 toao      20   0   31.8g  17.5g  11.6g S 106.2   9.4  17:39.55 nts	1688350797607
3683269 toao      20   0   31.8g  17.5g  11.6g S 100.0   9.4  17:40.24 nts	1688350798296
3683269 toao      20   0   31.8g  17.5g  11.6g S 100.0   9.4  17:40.93 nts	1688350798985
3683269 toao      20   0   31.8g  17.6g  11.6g R 362.5   9.4  17:50.51 nts	1688350799674
3683269 toao      20   0   31.8g  17.5g  11.6g S  1706   9.4  18:02.01 nts	1688350800386
3683269 toao      20   0   31.8g  17.5g  11.6g S 100.0   9.4  18:04.41 nts	1688350801064
3683269 toao      20   0   31.8g  17.5g  11.6g S 100.0   9.4  18:05.09 nts	1688350801749
3683269 toao      20   0   31.8g  17.5g  11.6g S  94.1   9.4  18:05.78 nts	1688350802434
3683269 toao      20   0   31.8g  17.5g  11.6g S  94.1   9.4  18:06.47 nts	1688350803121
3683269 toao      20   0   31.8g  17.6g  11.6g R  2288   9.4  18:10.81 nts	1688350803811
3683269 toao      20   0   31.8g  17.5g  11.6g S 337.5   9.4  18:17.05 nts	1688350804507
3683269 toao      20   0   31.8g  17.5g  11.6g S 100.0   9.4  18:18.21 nts	1688350805194
3683269 toao      20   0   31.8g  17.5g  11.6g S  94.1   9.4  18:18.90 nts	1688350805882
3683269 toao      20   0   31.8g  17.5g  11.6g S 100.0   9.4  18:19.59 nts	1688350806570
3683269 toao      20   0   31.8g  17.6g  11.6g R 800.0   9.4  18:21.57 nts	1688350807258
3683269 toao      20   0   31.8g  17.5g  11.6g R  1629   9.4  18:34.68 nts	1688350807990
3683269 toao      20   0   31.8g  17.5g  11.6g S  94.1   9.4  18:35.69 nts	1688350808675
3683269 toao      20   0   31.8g  17.5g  11.6g S 100.0   9.4  18:36.37 nts	1688350809362
3683269 toao      20   0   31.8g  17.6g  11.6g R  2722   9.4  18:44.13 nts	1688350810070
3683269 toao      20   0   31.8g  17.6g  11.6g R 856.2   9.4  18:52.10 nts	1688350810762
3683269 toao      20   0   31.8g  17.6g  11.6g R 313.3   9.4  19:02.58 nts	1688350811476
3683269 toao      20   0   31.8g  17.5g  11.6g R  1471   9.4  19:14.10 nts	1688350812174
3683269 toao      20   0   31.8g  17.5g  11.6g S 100.0   9.4  19:15.36 nts	1688350812856
3683269 toao      20   0   31.8g  17.5g  11.6g S 106.2   9.4  19:16.05 nts	1688350813540
3683269 toao      20   0   31.8g  17.6g  11.6g R  1712   9.4  19:19.50 nts	1688350814224
3683269 toao      20   0   31.8g  17.5g  11.6g S 100.0   9.4  19:25.55 nts	1688350814937
3683269 toao      20   0   31.8g  17.5g  11.6g S 100.0   9.4  19:26.23 nts	1688350815620
3683269 toao      20   0   31.8g  17.5g  11.6g R 687.5   9.4  19:34.64 nts	1688350816330
3683269 toao      20   0   31.8g  17.5g  11.6g S 211.8   9.4  19:37.38 nts	1688350817013
3683269 toao      20   0   31.8g  17.5g  11.6g S 100.0   9.4  19:38.06 nts	1688350817700
3683269 toao      20   0   31.8g  17.5g  11.6g S 106.2   9.4  19:38.75 nts	1688350818384
3683269 toao      20   0   31.8g  17.5g  11.6g S 300.0   9.4  19:47.50 nts	1688350819086
3683269 toao      20   0   31.8g  17.5g  11.6g S 443.8   9.4  19:51.14 nts	1688350819769
3683269 toao      20   0   31.8g  17.5g  11.6g S 100.0   9.4  19:52.43 nts	1688350820459
3683269 toao      20   0   31.8g  17.5g  11.6g S  94.1   9.4  19:53.12 nts	1688350821142
3683269 toao      20   0   31.8g  17.5g  11.6g S 100.0   9.4  19:53.81 nts	1688350821830
3683269 toao      20   0   31.8g  17.5g  11.6g R  2258   9.3  20:02.59 nts	1688350822546
3683269 toao      20   0   31.8g  17.5g  11.6g S 356.2   9.4  20:05.78 nts	1688350823242
3683269 toao      20   0   31.8g  17.5g  11.6g S 100.0   9.4  20:06.59 nts	1688350823926
3683269 toao      20   0   31.8g  17.5g  11.6g S 106.2   9.4  20:07.28 nts	1688350824610
3683269 toao      20   0   31.8g  17.6g  11.6g R 206.2   9.4  20:08.13 nts	1688350825300
3683269 toao      20   0   31.8g  17.6g  11.6g R  1694   9.4  20:19.43 nts	1688350825987
3683269 toao      20   0   31.8g  17.6g  11.6g R 300.0   9.4  20:28.74 nts	1688350826684
3683269 toao      20   0   31.8g  17.5g  11.6g R  1361   9.4  20:40.49 nts	1688350827390
3683269 toao      20   0   31.8g  17.5g  11.6g S 100.0   9.4  20:41.83 nts	1688350828077
3683269 toao      20   0   31.8g  17.5g  11.6g S  94.1   9.4  20:42.51 nts	1688350828765
3683269 toao      20   0   31.8g  17.5g  11.6g S 100.0   9.4  20:43.20 nts	1688350829449
3683269 toao      20   0   31.8g  17.6g  11.6g R 435.3   9.4  20:51.79 nts	1688350830161
3683269 toao      20   0   31.8g  17.5g  11.6g S 187.5   9.4  20:58.70 nts	1688350830841
3683269 toao      20   0   31.8g  17.5g  11.6g S 106.2   9.4  20:59.39 nts	1688350831525
3683269 toao      20   0   31.8g  17.5g  11.6g S 100.0   9.4  21:00.07 nts	1688350832212
3683269 toao      20   0   31.8g  17.6g  11.6g R 800.0   9.4  21:02.04 nts	1688350832897
3683269 toao      20   0   31.8g  17.5g  11.6g R  1825   9.4  21:14.71 nts	1688350833642
3683269 toao      20   0   31.8g  17.5g  11.6g S 100.0   9.4  21:16.12 nts	1688350834302
3683269 toao      20   0   31.8g  17.5g  11.6g S 106.2   9.4  21:16.81 nts	1688350834988
3683269 toao      20   0   31.8g  17.5g  11.6g R  2562   9.3  21:24.86 nts	1688350835698
3683269 toao      20   0   31.8g  17.5g  11.6g S 100.0   9.4  21:26.32 nts	1688350836376
3683269 toao      20   0   31.8g  17.5g  11.6g S 100.0   9.4  21:27.01 nts	1688350837061
3683269 toao      20   0   31.8g  17.6g  11.6g R 200.0   9.4  21:27.86 nts	1688350837745
3683269 toao      20   0   33.3g  17.9g  11.9g R  1531   9.6  21:39.46 nts	1688350838437
3683269 toao      20   0   60.7g  19.8g  13.6g R 206.2  10.5  21:41.44 nts	1688350839121
3683269 toao      20   0   69.3g  20.7g  14.6g S  1300  11.1  21:44.72 nts	1688350839806
3683269 toao      20   0   71.3g  20.8g  14.7g S  1400  11.1  21:53.53 nts	1688350840494
3683269 toao      20   0   71.8g  20.8g  14.7g S  1494  11.1  22:03.19 nts	1688350841192
3683269 toao      20   0   72.0g  20.8g  14.7g S  1259  11.1  22:10.76 nts	1688350841873
3683269 toao      20   0   71.8g  20.8g  14.7g S  1231  11.1  22:20.05 nts	1688350842556
3683269 toao      20   0   71.1g  20.8g  14.7g S  1247  11.1  22:29.01 nts	1688350843243
3683269 toao      20   0   70.4g  20.9g  14.7g S  1335  11.2  22:38.66 nts	1688350843933
3683269 toao      20   0   72.1g  20.8g  14.7g S  1200  11.1  22:47.64 nts	1688350844619
3683269 toao      20   0   71.4g  20.8g  14.7g S  1375  11.1  22:56.71 nts	1688350845299
3683269 toao      20   0   71.6g  20.8g  14.7g S  1394  11.1  23:05.95 nts	1688350845980
3683269 toao      20   0   72.0g  20.9g  14.7g S  1212  11.2  23:15.51 nts	1688350846660
3683269 toao      20   0   72.6g  20.9g  14.7g S  1425  11.2  23:24.88 nts	1688350847353
3683269 toao      20   0   71.2g  20.8g  14.7g S  1200  11.1  23:33.30 nts	1688350848042
3683269 toao      20   0   71.3g  20.9g  14.7g S 900.0  11.2  23:41.12 nts	1688350848722
3683269 toao      20   0   71.6g  20.8g  14.7g S  1429  11.1  23:49.95 nts	1688350849406
3683269 toao      20   0   72.3g  21.0g  14.7g S  1338  11.2  23:58.91 nts	1688350850089
3683269 toao      20   0   71.5g  20.9g  14.7g S  1169  11.2  24:08.32 nts	1688350850774
3683269 toao      20   0   69.6g  20.8g  14.7g S 981.2  11.1  24:16.66 nts	1688350851476
3683269 toao      20   0   72.2g  20.8g  14.7g S  1394  11.1  24:25.98 nts	1688350852153
3683269 toao      20   0   72.3g  20.9g  14.7g S  1424  11.2  24:35.78 nts	1688350852835
3683269 toao      20   0   72.3g  21.0g  14.7g S  1182  11.2  24:45.89 nts	1688350853524
3683269 toao      20   0   72.2g  20.8g  14.7g S  1176  11.1  24:55.08 nts	1688350854210
3683269 toao      20   0   72.2g  20.8g  14.7g S  1375  11.1  25:03.94 nts	1688350854902
3683269 toao      20   0   72.2g  20.8g  14.7g S  1388  11.1  25:13.26 nts	1688350855587
3683269 toao      20   0   72.2g  20.8g  14.7g S  1375  11.1  25:22.23 nts	1688350856279
3683269 toao      20   0   71.7g  20.8g  14.7g S  1500  11.1  25:31.50 nts	1688350856958
3683269 toao      20   0   71.9g  20.8g  14.7g S  1356  11.1  25:40.67 nts	1688350857638
3683269 toao      20   0   71.8g  20.8g  14.7g S  1512  11.1  25:51.20 nts	1688350858325
3683269 toao      20   0   72.1g  20.8g  14.7g S  1525  11.1  26:01.47 nts	1688350858999
3683269 toao      20   0   72.2g  21.0g  14.7g S  1535  11.2  26:11.61 nts	1688350859683
3683269 toao      20   0   76.8g  20.8g  14.7g S  1494  11.1  26:21.81 nts	1688350860373
3683269 toao      20   0   77.9g  21.0g  14.7g S  1471  11.2  26:31.78 nts	1688350861054
3683269 toao      20   0   77.5g  20.8g  14.7g S  1431  11.1  26:41.53 nts	1688350861742
3683269 toao      20   0   79.3g  20.9g  14.7g S  1400  11.2  26:50.39 nts	1688350862419
3683269 toao      20   0   78.3g  20.9g  14.7g S  1481  11.1  27:00.50 nts	1688350863098
3683269 toao      20   0   78.2g  20.8g  14.7g S  1362  11.1  27:08.37 nts	1688350863777
3683269 toao      20   0   77.7g  21.0g  14.7g S  1044  11.2  27:18.44 nts	1688350864469
3683269 toao      20   0   76.4g  20.9g  14.7g S 993.8  11.2  27:27.85 nts	1688350865169
3683269 toao      20   0   78.3g  20.8g  14.7g S  1262  11.1  27:36.27 nts	1688350865843
3683269 toao      20   0   78.9g  21.0g  14.7g S  1400  11.2  27:44.64 nts	1688350866525
3683269 toao      20   0   76.8g  20.8g  14.7g S  1294  11.1  27:53.91 nts	1688350867204
3683269 toao      20   0   78.0g  20.8g  14.7g S  1169  11.1  28:02.65 nts	1688350867885
3683269 toao      20   0   77.9g  20.8g  14.7g S  1481  11.1  28:11.86 nts	1688350868572
3683269 toao      20   0   78.3g  20.8g  14.7g S  1480  11.1  28:20.91 nts	1688350869246
3683269 toao      20   0   78.5g  20.8g  14.7g S  1438  11.1  28:30.43 nts	1688350869924
3683269 toao      20   0   79.0g  20.8g  14.7g S  1381  11.1  28:39.57 nts	1688350870606
3683269 toao      20   0   78.5g  20.9g  14.7g S  1376  11.2  28:49.48 nts	1688350871290
3683269 toao      20   0   79.0g  20.8g  14.7g S  1456  11.1  28:58.33 nts	1688350871988
3683269 toao      20   0   79.1g  20.9g  14.7g S  1518  11.2  29:08.10 nts	1688350872672
3683269 toao      20   0   79.1g  20.8g  14.7g S  1344  11.1  29:16.64 nts	1688350873365
3683269 toao      20   0   79.1g  20.8g  14.7g S  1369  11.1  29:25.77 nts	1688350874042
3683269 toao      20   0   79.2g  21.0g  14.7g S  1512  11.2  29:36.42 nts	1688350874737
3683269 toao      20   0   79.1g  20.8g  14.7g S  1338  11.1  29:45.28 nts	1688350875418
3683269 toao      20   0   79.1g  20.8g  14.7g S  1475  11.1  29:54.70 nts	1688350876097
3683269 toao      20   0   78.4g  20.8g  14.7g S  1494  11.1  30:04.07 nts	1688350876777
3683269 toao      20   0   78.9g  20.9g  14.7g S  1131  11.2  30:14.35 nts	1688350877476
3683269 toao      20   0   78.5g  20.8g  14.7g S  1281  11.1  30:23.31 nts	1688350878183
3683269 toao      20   0   79.3g  20.8g  14.7g S  1494  11.1  30:33.08 nts	1688350878863
3683269 toao      20   0   78.9g  20.8g  14.7g S  1525  11.1  30:42.28 nts	1688350879548
3683269 toao      20   0   78.8g  20.8g  14.7g S  1371  11.1  30:51.55 nts	1688350880225
3683269 toao      20   0   76.9g  20.8g  14.7g S  1450  11.1  31:01.12 nts	1688350880906
3683269 toao      20   0   78.5g  20.9g  14.7g S  1344  11.2  31:10.42 nts	1688350881587
3683269 toao      20   0   79.1g  21.0g  14.7g S  1306  11.2  31:20.28 nts	1688350882270
3683269 toao      20   0   79.2g  20.8g  14.7g S  1300  11.1  31:28.64 nts	1688350882965
3683269 toao      20   0   76.5g  20.8g  14.7g S  1312  11.1  31:37.66 nts	1688350883650
3683269 toao      20   0   77.8g  21.0g  14.7g S  1175  11.2  31:46.57 nts	1688350884351
3683269 toao      20   0   77.3g  21.0g  14.7g S  1335  11.2  31:55.60 nts	1688350885041
3683269 toao      20   0   78.0g  20.8g  14.7g S  1506  11.1  32:05.15 nts	1688350885758
3683269 toao      20   0   77.6g  20.8g  14.7g S  1394  11.1  32:12.92 nts	1688350886430
3683269 toao      20   0   78.3g  20.8g  14.7g S  1256  11.1  32:21.50 nts	1688350887113
3683269 toao      20   0   79.0g  20.8g  14.7g S  1488  11.1  32:31.33 nts	1688350887802
3683269 toao      20   0   79.3g  20.8g  14.7g S  1406  11.1  32:40.39 nts	1688350888486
3683269 toao      20   0   76.4g  20.9g  14.7g S  1388  11.2  32:50.53 nts	1688350889172
3683269 toao      20   0   78.2g  20.9g  14.7g S  1550  11.1  33:00.84 nts	1688350889860
3683269 toao      20   0   78.9g  21.0g  14.7g S  1250  11.2  33:10.25 nts	1688350890535
3683269 toao      20   0   79.2g  21.0g  14.7g S  1450  11.2  33:19.83 nts	1688350891227
3683269 toao      20   0   78.2g  20.8g  14.7g S  1444  11.1  33:29.41 nts	1688350891907
3683269 toao      20   0   78.8g  20.8g  14.7g S  1469  11.1  33:39.26 nts	1688350892595
3683269 toao      20   0   78.9g  20.8g  14.7g S  1065  11.1  33:48.37 nts	1688350893280
3683269 toao      20   0   79.0g  20.8g  14.7g S  1294  11.1  33:57.14 nts	1688350893966
3683269 toao      20   0   79.1g  20.8g  14.7g S  1012  11.1  34:04.69 nts	1688350894652
3683269 toao      20   0   79.1g  20.8g  14.7g S  1312  11.1  34:13.58 nts	1688350895335
3683269 toao      20   0   79.1g  20.8g  14.7g S  1375  11.1  34:22.65 nts	1688350896021
3683269 toao      20   0   79.1g  20.8g  14.7g S  1275  11.1  34:31.19 nts	1688350896708
3683269 toao      20   0   79.3g  21.0g  14.7g S  1281  11.2  34:40.19 nts	1688350897406
3683269 toao      20   0   78.9g  21.0g  14.7g S  1424  11.2  34:49.73 nts	1688350898083
3683269 toao      20   0   78.8g  20.8g  14.7g S  1388  11.1  34:59.15 nts	1688350898768
3683269 toao      20   0   79.0g  20.9g  14.7g S  1456  11.2  35:08.73 nts	1688350899457
3683269 toao      20   0   77.1g  20.8g  14.7g S  1338  11.1  35:17.96 nts	1688350900157
3683269 toao      20   0   78.8g  21.0g  14.7g S  1482  11.2  35:28.26 nts	1688350900844
3683269 toao      20   0   79.3g  20.9g  14.7g S  1169  11.2  35:37.39 nts	1688350901540
3683269 toao      20   0       0      0      0 Z 100.0   0.0  35:43.26 nts	1688350902232
3683269 toao      20   0       0      0      0 Z 100.0   0.0  35:43.94 nts	1688350902919
3683269 toao      20   0       0      0      0 Z 100.0   0.0  35:44.62 nts	1688350903611
3683269 toao      20   0       0      0      0 Z 100.0   0.0  35:45.31 nts	1688350904301
