1326615 toao      20   0 2488920 104052  70192 R 100.0   0.1   0:00.18 nts	1693205650537
1326615 toao      20   0 8372632 220616 118692 R  7882   0.2   0:31.65 nts	1693205651265
1326615 toao      20   0 8482068 297060 118972 R 200.0   0.2   0:54.56 nts	1693205651976
1326615 toao      20   0 8482068 297324 118972 R 194.1   0.2   0:55.95 nts	1693205652679
1326615 toao      20   0 8482068 297324 118972 R 200.0   0.2   0:57.36 nts	1693205653382
1326615 toao      20   0 8482068 297324 118972 R 194.1   0.2   0:58.74 nts	1693205654089
1326615 toao      20   0 8482068 297324 118972 R 194.1   0.2   1:00.14 nts	1693205654795
1326615 toao      20   0 8482068 320028 118972 R 194.1   0.2   1:01.53 nts	1693205655501
1326615 toao      20   0 8482068 321084 118972 R 206.2   0.2   1:02.91 nts	1693205656202
1326615 toao      20   0 8482068 321084 118972 R 200.0   0.2   1:04.30 nts	1693205656895
1326615 toao      20   0 8482068 321084 118972 R 194.1   0.2   1:05.69 nts	1693205657599
1326615 toao      20   0 8482068 321084 118972 R 194.1   0.2   1:07.08 nts	1693205658301
1326615 toao      20   0 8482068 321084 118972 R 194.1   0.2   1:08.46 nts	1693205658999
1326615 toao      20   0 9950.1m 852584 118972 R 964.7   0.6   1:12.08 nts	1693205659699
1326615 toao      20   0 9950.1m 861704 118972 R  1112   0.7   1:18.77 nts	1693205660395
1326615 toao      20   0 9950.1m 865728 118972 R 917.6   0.7   1:25.33 nts	1693205661091
1326615 toao      20   0 9950.1m 868376 118972 R 829.4   0.7   1:31.70 nts	1693205661795
1326615 toao      20   0 9950.1m 871392 118972 R  1153   0.7   1:38.92 nts	1693205662494
1326615 toao      20   0 9950.1m   1.0g 118972 R  1453   0.8   1:46.92 nts	1693205663202
1326615 toao      20   0 9950.1m   1.2g 118972 R  1106   1.0   1:55.63 nts	1693205663905
1326615 toao      20   0 9950.1m   1.2g 118972 R  1065   1.0   2:03.54 nts	1693205664601
1326615 toao      20   0 9950.1m   1.2g 118972 R  1388   1.0   2:12.61 nts	1693205665297
1326615 toao      20   0 9950.1m   1.2g 118972 R 923.5   1.0   2:20.41 nts	1693205666005
1326615 toao      20   0   13.7g   1.2g 119108 R  1117   1.0   2:28.38 nts	1693205666711
1326615 toao      20   0   13.8g   1.2g 119108 R 200.0   1.0   2:31.32 nts	1693205667429
1326615 toao      20   0   13.8g   1.2g 119108 R 194.1   1.0   2:32.71 nts	1693205668137
1326615 toao      20   0   13.8g   1.2g 119108 R 205.9   1.0   2:34.11 nts	1693205668844
1326615 toao      20   0   13.8g   1.2g 119108 R 194.1   1.0   2:35.49 nts	1693205669550
1326615 toao      20   0   13.8g   1.3g 119108 R 200.0   1.0   2:36.89 nts	1693205670255
1326615 toao      20   0   13.8g   1.3g 119108 R 194.1   1.0   2:38.27 nts	1693205670961
1326615 toao      20   0   13.8g   1.3g 119108 S 212.5   1.0   2:39.66 nts	1693205671663
1326615 toao      20   0   13.8g   1.3g 119108 R 183.3   1.0   2:41.05 nts	1693205672362
1326615 toao      20   0   13.8g   1.3g 119108 R 194.1   1.0   2:42.43 nts	1693205673066
1326615 toao      20   0   13.8g   1.3g 119108 R 194.1   1.0   2:43.83 nts	1693205673767
1326615 toao      20   0   13.8g   1.3g 119108 R 200.0   1.0   2:45.23 nts	1693205674470
1326615 toao      20   0   13.8g   1.3g 119108 R 194.1   1.0   2:46.62 nts	1693205675172
1326615 toao      20   0   13.8g   1.3g 119108 R 200.0   1.0   2:48.01 nts	1693205675874
1326615 toao      20   0   15.4g   1.4g 119108 R 570.6   1.1   2:50.37 nts	1693205676575
1326615 toao      20   0   15.4g   1.5g 119108 R 594.1   1.2   2:54.08 nts	1693205677275
1326615 toao      20   0   15.4g   1.6g 119108 R 494.1   1.3   2:57.87 nts	1693205677981
1326615 toao      20   0   15.4g   1.7g 119108 R 552.9   1.4   3:01.37 nts	1693205678686
1326615 toao      20   0   15.4g   1.8g 119108 R 676.5   1.4   3:05.69 nts	1693205679386
1326615 toao      20   0   15.4g   1.9g 119108 R 500.0   1.5   3:09.45 nts	1693205680087
1326615 toao      20   0   15.4g   2.0g 119108 R 647.1   1.6   3:13.20 nts	1693205680795
1326615 toao      20   0   15.4g   2.1g 119108 S 464.7   1.7   3:17.15 nts	1693205681503
1326615 toao      20   0   15.4g   2.2g 119108 R 570.6   1.8   3:21.16 nts	1693205682209
1326615 toao      20   0   19.5g   2.3g 119108 R 100.0   1.8   3:24.21 nts	1693205682913
1326615 toao      20   0   19.5g   2.3g 119108 R 105.9   1.8   3:24.92 nts	1693205683620
1326615 toao      20   0   19.5g   2.3g 119108 R 100.0   1.8   3:25.62 nts	1693205684326
1326615 toao      20   0   19.5g   2.3g 119108 R 105.9   1.8   3:26.33 nts	1693205685033
1326615 toao      20   0   19.5g   2.3g 119108 R 105.9   1.8   3:27.03 nts	1693205685738
1326615 toao      20   0   19.5g   2.3g 119108 R  94.1   1.8   3:27.72 nts	1693205686440
1326615 toao      20   0   19.5g   2.3g 119108 R 100.0   1.8   3:28.43 nts	1693205687138
1326615 toao      20   0   19.5g   2.3g 119108 R 105.9   1.8   3:29.13 nts	1693205687839
1326615 toao      20   0   20.4g   2.6g 119108 R 105.9   2.1   3:29.83 nts	1693205688538
1326615 toao      20   0   20.4g   2.8g 119108 R 105.9   2.2   3:30.53 nts	1693205689238
1326615 toao      20   0   20.4g   2.8g 119108 R 100.0   2.2   3:31.22 nts	1693205689938
1326615 toao      20   0   20.4g   2.8g 119108 R 100.0   2.2   3:31.93 nts	1693205690639
1326615 toao      20   0   20.4g   2.8g 119108 R 105.9   2.2   3:32.63 nts	1693205691339
1326615 toao      20   0   20.4g   2.8g 119108 R 100.0   2.2   3:33.33 nts	1693205692039
1326615 toao      20   0   20.4g   2.8g 119108 R  94.1   2.2   3:34.02 nts	1693205692742
1326615 toao      20   0   20.4g   2.8g 119108 R 106.2   2.2   3:34.73 nts	1693205693443
1326615 toao      20   0   20.4g   2.8g 119108 R 100.0   2.2   3:35.43 nts	1693205694144
1326615 toao      20   0   20.4g   2.8g 119108 R 105.9   2.2   3:36.14 nts	1693205694847
1326615 toao      20   0   20.4g   2.8g 119108 R 100.0   2.2   3:36.84 nts	1693205695548
1326615 toao      20   0   20.4g   2.8g 119108 R 100.0   2.2   3:37.54 nts	1693205696250
1326615 toao      20   0   20.4g   2.8g 119108 R 100.0   2.2   3:38.24 nts	1693205696954
1326615 toao      20   0   20.4g   2.8g 119108 R 100.0   2.2   3:38.94 nts	1693205697656
1326615 toao      20   0   20.4g   2.8g 119108 R 105.9   2.2   3:39.65 nts	1693205698355
1326615 toao      20   0   20.4g   2.9g 119108 R 100.0   2.3   3:40.34 nts	1693205699055
1326615 toao      20   0   20.4g   3.0g 119108 R 100.0   2.4   3:41.04 nts	1693205699755
1326615 toao      20   0   20.4g   3.0g 119108 R 100.0   2.4   3:41.74 nts	1693205700454
1326615 toao      20   0   20.4g   3.2g 119108 R 100.0   2.5   3:42.44 nts	1693205701155
1326615 toao      20   0   20.4g   3.2g 119108 R 100.0   2.6   3:43.14 nts	1693205701855
1326615 toao      20   0   20.4g   3.2g 119108 R  94.1   2.6   3:43.83 nts	1693205702556
1326615 toao      20   0   20.4g   3.2g 119108 R 100.0   2.6   3:44.54 nts	1693205703255
1326615 toao      20   0   20.4g   3.2g 119108 R 100.0   2.6   3:45.24 nts	1693205703954
1326615 toao      20   0   20.4g   3.2g 119108 R 100.0   2.6   3:45.94 nts	1693205704655
1326615 toao      20   0   20.4g   3.2g 119108 R  94.1   2.6   3:46.64 nts	1693205705357
1326615 toao      20   0   20.4g   3.2g 119108 R 100.0   2.6   3:47.34 nts	1693205706062
1326615 toao      20   0   20.4g   3.2g 119108 R 106.2   2.6   3:48.04 nts	1693205706763
1326615 toao      20   0   20.4g   3.2g 119108 R 100.0   2.6   3:48.74 nts	1693205707463
1326615 toao      20   0   20.4g   3.2g 119108 R 100.0   2.6   3:49.45 nts	1693205708166
1326615 toao      20   0   20.4g   3.2g 119108 R 105.9   2.6   3:50.16 nts	1693205708870
1326615 toao      20   0   20.4g   3.2g 119108 R  94.1   2.6   3:50.85 nts	1693205709574
1326615 toao      20   0   20.4g   3.2g 119108 R 100.0   2.6   3:51.56 nts	1693205710275
1326615 toao      20   0   20.4g   3.2g 120244 R 683.3   2.6   3:53.32 nts	1693205710979
1326615 toao      20   0   29.7g   3.7g 270760 R 105.9   2.9   3:54.01 nts	1693205711686
1326615 toao      20   0   30.4g   4.3g 356520 R 105.9   3.4   3:54.72 nts	1693205712395
1326615 toao      20   0   31.4g   5.1g 499724 R 100.0   4.1   3:55.41 nts	1693205713095
1326615 toao      20   0   32.7g   6.3g 532240 R  94.1   5.0   3:56.11 nts	1693205713795
1326615 toao      20   0   32.7g   6.3g 532240 R 100.0   5.0   3:56.82 nts	1693205714497
1326615 toao      20   0   32.7g   6.3g 532240 R 100.0   5.0   3:57.51 nts	1693205715197
1326615 toao      20   0   39.5g   7.3g   1.6g R 105.9   5.9   3:58.22 nts	1693205715898
1326615 toao      20   0   39.5g   9.6g   3.8g R 100.0   7.7   3:58.91 nts	1693205716600
1326615 toao      20   0   39.5g  11.9g   6.1g R 106.2   9.5   3:59.62 nts	1693205717302
1326615 toao      20   0   39.6g  13.2g   7.4g R 112.5  10.5   4:00.32 nts	1693205718004
1326615 toao      20   0   39.6g  13.2g   7.4g R 100.0  10.5   4:01.01 nts	1693205718703
1326615 toao      20   0   39.6g  13.2g   7.4g R 100.0  10.5   4:01.71 nts	1693205719402
1326615 toao      20   0   39.6g  13.2g   7.4g R  94.1  10.5   4:02.41 nts	1693205720104
1326615 toao      20   0   39.6g  13.2g   7.4g R  94.1  10.5   4:03.11 nts	1693205720806
1326615 toao      20   0   39.6g  13.2g   7.4g R 105.9  10.5   4:03.83 nts	1693205721507
1326615 toao      20   0   39.6g  13.2g   7.4g R 100.0  10.5   4:04.52 nts	1693205722207
1326615 toao      20   0   39.6g  13.2g   7.4g R 100.0  10.5   4:05.22 nts	1693205722908
1326615 toao      20   0   39.6g  13.2g   7.4g R 100.0  10.5   4:05.92 nts	1693205723607
1326615 toao      20   0   39.6g  13.2g   7.4g R  94.1  10.5   4:06.62 nts	1693205724308
1326615 toao      20   0   39.6g  13.2g   7.4g R  94.1  10.5   4:07.32 nts	1693205725010
1326615 toao      20   0   39.6g  13.2g   7.4g R 100.0  10.5   4:08.03 nts	1693205725712
1326615 toao      20   0   39.6g  13.2g   7.4g R 106.2  10.5   4:08.73 nts	1693205726415
1326615 toao      20   0   39.6g  13.2g   7.4g R 100.0  10.5   4:09.43 nts	1693205727115
1326615 toao      20   0   39.3g  13.2g   7.4g S  1271  10.5   4:14.43 nts	1693205727816
1326615 toao      20   0   39.5g  13.3g   7.4g R 525.0  10.6   4:23.68 nts	1693205728522
1326615 toao      20   0   39.5g  13.3g   7.4g R 682.4  10.6   4:34.02 nts	1693205729224
1326615 toao      20   0   39.5g  13.3g   7.4g R  1824  10.6   4:45.57 nts	1693205729927
1326615 toao      20   0   39.5g  13.3g   7.4g R 352.9  10.6   4:53.31 nts	1693205730627
1326615 toao      20   0   39.5g  13.3g   7.4g R 429.4  10.6   5:03.46 nts	1693205731331
1326615 toao      20   0   39.5g  13.3g   7.4g S  2088  10.6   5:16.76 nts	1693205732032
1326615 toao      20   0   39.5g  13.3g   7.4g R  2289  10.6   5:26.04 nts	1693205732732
1326615 toao      20   0   39.5g  13.3g   7.4g R  1624  10.6   5:37.17 nts	1693205733436
1326615 toao      20   0   39.5g  13.3g   7.4g R  1859  10.6   5:47.71 nts	1693205734135
1326615 toao      20   0   39.5g  13.3g   7.4g S 729.4  10.6   5:56.87 nts	1693205734837
1326615 toao      20   0   39.5g  13.3g   7.4g R  2565  10.6   6:10.03 nts	1693205735538
1326615 toao      20   0   39.5g  13.3g   7.4g R  1818  10.6   6:18.76 nts	1693205736238
1326615 toao      20   0   39.5g  13.3g   7.4g R  1688  10.6   6:30.76 nts	1693205736939
1326615 toao      20   0   39.5g  13.3g   7.4g R  1841  10.6   6:40.77 nts	1693205737639
1326615 toao      20   0   39.5g  13.3g   7.4g R  1562  10.6   6:50.42 nts	1693205738342
1326615 toao      20   0   39.5g  13.3g   7.4g R  1600  10.6   6:59.19 nts	1693205739043
1326615 toao      20   0   39.5g  13.3g   7.4g R 831.2  10.6   7:08.01 nts	1693205739743
1326615 toao      20   0   39.5g  13.3g   7.4g R  3275  10.6   7:21.05 nts	1693205740443
1326615 toao      20   0   39.5g  13.3g   7.4g S  1925  10.6   7:31.07 nts	1693205741143
1326615 toao      20   0   39.5g  13.3g   7.4g R 758.8  10.6   7:41.39 nts	1693205741843
1326615 toao      20   0   39.5g  13.3g   7.4g R 964.7  10.6   7:51.54 nts	1693205742546
1326615 toao      20   0   39.5g  13.3g   7.4g R  2435  10.6   8:03.77 nts	1693205743248
1326615 toao      20   0   39.5g  13.3g   7.4g R  1041  10.6   8:14.58 nts	1693205743950
1326615 toao      20   0   39.5g  13.3g   7.4g R 511.8  10.6   8:23.07 nts	1693205744652
1326615 toao      20   0   39.5g  13.3g   7.4g R  2518  10.6   8:35.91 nts	1693205745355
1326615 toao      20   0   39.5g  13.3g   7.4g R  2512  10.6   8:45.42 nts	1693205746058
1326615 toao      20   0   39.5g  13.3g   7.4g R  2419  10.6   8:54.97 nts	1693205746763
1326615 toao      20   0   39.5g  13.3g   7.4g R  1300  10.6   9:05.88 nts	1693205747463
1326615 toao      20   0   39.5g  13.3g   7.4g R  1529  10.6   9:14.88 nts	1693205748169
1326615 toao      20   0   39.5g  13.3g   7.4g R 376.5  10.6   9:23.15 nts	1693205748875
1326615 toao      20   0   39.5g  13.3g   7.4g R 488.2  10.6   9:32.96 nts	1693205749580
1326615 toao      20   0   39.5g  13.3g   7.4g R  2282  10.6   9:46.69 nts	1693205750282
1326615 toao      20   0   39.5g  13.3g   7.4g R 735.3  10.6   9:57.43 nts	1693205750985
1326615 toao      20   0   39.5g  13.3g   7.4g R  1518  10.6  10:08.54 nts	1693205751694
1326615 toao      20   0   39.5g  13.3g   7.4g R  1865  10.6  10:21.39 nts	1693205752399
1326615 toao      20   0   39.5g  13.3g   7.4g R 794.1  10.6  10:30.12 nts	1693205753102
1326615 toao      20   0   39.5g  13.3g   7.4g R  3047  10.6  10:42.90 nts	1693205753807
1326615 toao      20   0   39.5g  13.3g   7.4g R  1718  10.6  10:53.98 nts	1693205754508
1326615 toao      20   0   39.5g  13.3g   7.4g R  1594  10.6  11:03.63 nts	1693205755211
1326615 toao      20   0   39.5g  13.3g   7.4g R 870.6  10.6  11:13.11 nts	1693205755915
1326615 toao      20   0   39.5g  13.3g   7.4g S 570.6  10.6  11:22.29 nts	1693205756618
1326615 toao      20   0   39.5g  13.3g   7.4g R  1435  10.6  11:32.35 nts	1693205757319
1326615 toao      20   0   39.5g  13.3g   7.4g R  2400  10.6  11:44.75 nts	1693205758024
1326615 toao      20   0   39.5g  13.3g   7.4g R 635.3  10.6  11:54.63 nts	1693205758727
1326615 toao      20   0   39.5g  13.3g   7.4g R 364.7  10.6  12:03.67 nts	1693205759431
1326615 toao      20   0   39.5g  13.3g   7.4g S  2588  10.6  12:16.17 nts	1693205760134
1326615 toao      20   0   39.5g  13.3g   7.4g R  2253  10.6  12:25.60 nts	1693205760839
1326615 toao      20   0   39.5g  13.3g   7.4g R  2624  10.6  12:34.54 nts	1693205761544
1326615 toao      20   0   39.5g  13.3g   7.4g R 376.5  10.6  12:41.15 nts	1693205762250
1326615 toao      20   0   39.5g  13.3g   7.4g R  2700  10.6  12:53.59 nts	1693205762954
1326615 toao      20   0   39.5g  13.3g   7.4g R  1582  10.6  13:05.23 nts	1693205763659
1326615 toao      20   0   39.5g  13.3g   7.4g R 947.1  10.6  13:14.33 nts	1693205764363
1326615 toao      20   0   39.5g  13.3g   7.4g S 629.4  10.6  13:23.49 nts	1693205765065
1326615 toao      20   0   39.5g  13.3g   7.4g S 447.1  10.6  13:32.91 nts	1693205765771
1326615 toao      20   0   39.5g  13.3g   7.4g S 258.8  10.6  13:42.32 nts	1693205766472
1326615 toao      20   0   88.9g  13.5g   7.6g R  1453  10.7  13:53.37 nts	1693205767176
1326615 toao      20   0   91.2g  14.4g   8.5g R 182.4  11.5  13:54.22 nts	1693205767880
1326615 toao      20   0   93.0g  15.6g   9.7g R 200.0  12.4  13:55.62 nts	1693205768584
1326615 toao      20   0   94.9g  16.9g  11.0g R 194.1  13.4  13:57.02 nts	1693205769289
1326615 toao      20   0   98.1g  16.9g  11.0g S 425.0  13.4  13:59.49 nts	1693205769995
1326615 toao      20   0  102.1g  16.9g  11.0g S 412.5  13.5  14:05.13 nts	1693205770695
1326615 toao      20   0  102.8g  16.9g  11.0g S 388.2  13.5  14:09.32 nts	1693205771394
1326615 toao      20   0  102.8g  16.9g  11.0g S 400.0  13.5  14:13.66 nts	1693205772095
1326615 toao      20   0  102.8g  16.9g  11.0g S 400.0  13.5  14:17.91 nts	1693205772800
1326615 toao      20   0  103.9g  16.9g  11.0g S 388.2  13.5  14:22.15 nts	1693205773503
1326615 toao      20   0  103.9g  16.9g  11.0g S 388.2  13.5  14:26.52 nts	1693205774206
1326615 toao      20   0  103.9g  16.9g  11.0g S 394.1  13.5  14:30.86 nts	1693205774908
1326615 toao      20   0  105.0g  16.9g  11.0g S 394.1  13.5  14:35.11 nts	1693205775606
1326615 toao      20   0  105.0g  16.9g  11.0g S 400.0  13.5  14:39.40 nts	1693205776306
1326615 toao      20   0  105.3g  16.9g  11.0g S 400.0  13.5  14:43.72 nts	1693205777006
1326615 toao      20   0  106.4g  16.9g  11.0g S 394.1  13.5  14:48.03 nts	1693205777708
1326615 toao      20   0  107.2g  16.9g  11.0g S 376.5  13.5  14:52.55 nts	1693205778411
1326615 toao      20   0  107.2g  16.9g  11.0g S 400.0  13.5  14:56.83 nts	1693205779107
1326615 toao      20   0  107.2g  16.9g  11.0g S 394.1  13.5  15:01.17 nts	1693205779808
1326615 toao      20   0  107.8g  16.9g  11.0g S 388.2  13.5  15:05.41 nts	1693205780507
1326615 toao      20   0  107.8g  16.9g  11.0g S 364.7  13.5  15:09.65 nts	1693205781210
1326615 toao      20   0  107.8g  16.9g  11.0g S 376.5  13.5  15:14.16 nts	1693205781911
1326615 toao      20   0  107.8g  16.9g  11.0g S 361.1  13.5  15:18.53 nts	1693205782612
1326615 toao      20   0  109.4g  16.9g  11.0g S 400.0  13.5  15:22.92 nts	1693205783318
1326615 toao      20   0  110.3g  16.9g  11.0g S 400.0  13.5  15:27.44 nts	1693205784023
1326615 toao      20   0  110.3g  16.9g  11.0g S 331.2  13.5  15:31.87 nts	1693205784723
1326615 toao      20   0  111.1g  16.9g  11.0g S 264.7  13.5  15:36.15 nts	1693205785422
1326615 toao      20   0  113.5g  16.9g  11.0g S 712.5  13.5  15:40.47 nts	1693205786122
1326615 toao      20   0  114.3g  16.9g  11.0g S  1550  13.5  15:44.95 nts	1693205786822
1326615 toao      20   0  115.2g  16.9g  11.0g S  1488  13.5  15:49.19 nts	1693205787524
1326615 toao      20   0  105.3g  16.9g  11.0g S 400.0  13.5  15:51.53 nts	1693205788224
1326615 toao      20   0  105.7g  16.9g  11.0g S 400.0  13.5  15:55.76 nts	1693205788928
1326615 toao      20   0  105.7g  16.9g  11.0g S 400.0  13.5  16:00.11 nts	1693205789632
1326615 toao      20   0  105.7g  16.9g  11.0g S 394.1  13.5  16:04.40 nts	1693205790338
1326615 toao      20   0  105.7g  16.9g  11.0g S 405.9  13.5  16:08.69 nts	1693205791039
1326615 toao      20   0  105.7g  16.9g  11.0g S 400.0  13.5  16:12.99 nts	1693205791740
1326615 toao      20   0  105.7g  16.9g  11.0g S 425.0  13.5  16:17.43 nts	1693205792443
1326615 toao      20   0  106.0g  16.9g  11.0g S 425.0  13.5  16:21.70 nts	1693205793143
1326615 toao      20   0  106.0g  16.9g  11.0g S 393.8  13.5  16:26.03 nts	1693205793843
1326615 toao      20   0  106.0g  16.9g  11.0g S 406.2  13.5  16:30.32 nts	1693205794543
1326615 toao      20   0  106.0g  16.9g  11.0g S 400.0  13.5  16:34.62 nts	1693205795243
1326615 toao      20   0  106.0g  16.9g  11.0g S 335.3  13.5  16:38.83 nts	1693205795943
1326615 toao      20   0  106.0g  16.9g  11.0g S 347.1  13.5  16:43.10 nts	1693205796646
1326615 toao      20   0  106.0g  16.9g  11.0g S 270.6  13.5  16:47.27 nts	1693205797347
1326615 toao      20   0  106.0g  16.9g  11.0g S 282.4  13.5  16:51.68 nts	1693205798051
1326615 toao      20   0  106.0g  16.9g  11.0g S 229.4  13.5  16:55.97 nts	1693205798751
1326615 toao      20   0  106.0g  16.9g  11.0g S 211.8  13.5  17:00.21 nts	1693205799450
1326615 toao      20   0  106.0g  16.9g  11.0g S  1376  13.5  17:04.60 nts	1693205800151
1326615 toao      20   0  106.0g  16.9g  11.0g S  1359  13.5  17:08.82 nts	1693205800852
1326615 toao      20   0  106.0g  16.9g  11.0g S  1394  13.5  17:13.11 nts	1693205801552
1326615 toao      20   0  106.0g  16.9g  11.0g S  1359  13.5  17:17.24 nts	1693205802254
1326615 toao      20   0  106.5g  16.9g  11.0g S 962.5  13.5  17:20.80 nts	1693205802955
1326615 toao      20   0  106.0g  16.9g  11.0g S 405.9  13.5  17:24.32 nts	1693205803655
1326615 toao      20   0  106.0g  16.9g  11.0g S 400.0  13.5  17:28.44 nts	1693205804355
1326615 toao      20   0  106.0g  16.9g  11.0g S 411.8  13.5  17:32.79 nts	1693205805056
1326615 toao      20   0  106.0g  16.9g  11.0g S 400.0  13.5  17:37.01 nts	1693205805764
1326615 toao      20   0  106.0g  16.9g  11.0g S 388.2  13.5  17:41.28 nts	1693205806466
1326615 toao      20   0  106.0g  16.9g  11.0g S 405.9  13.5  17:45.44 nts	1693205807170
1326615 toao      20   0  106.3g  16.9g  11.0g S 394.1  13.5  17:49.72 nts	1693205807870
1326615 toao      20   0  106.3g  16.9g  11.0g S 400.0  13.5  17:54.14 nts	1693205808571
1326615 toao      20   0  106.3g  16.9g  11.0g S 394.1  13.5  17:58.54 nts	1693205809272
1326615 toao      20   0  106.3g  16.9g  11.0g S 394.1  13.5  18:02.86 nts	1693205809975
1326615 toao      20   0  106.3g  16.9g  11.0g S 388.2  13.5  18:07.21 nts	1693205810676
1326615 toao      20   0  106.3g  16.9g  11.0g S 405.9  13.5  18:11.46 nts	1693205811379
1326615 toao      20   0  106.3g  16.9g  11.0g S 405.9  13.5  18:15.61 nts	1693205812080
1326615 toao      20   0  106.3g  16.9g  11.0g S 425.0  13.5  18:19.82 nts	1693205812783
1326615 toao      20   0  106.3g  16.9g  11.0g S 388.2  13.5  18:24.11 nts	1693205813482
1326615 toao      20   0  106.3g  16.9g  11.0g S 400.0  13.5  18:28.37 nts	1693205814183
1326615 toao      20   0  106.3g  16.9g  11.0g S 356.2  13.5  18:32.58 nts	1693205814883
1326615 toao      20   0  106.3g  16.9g  11.0g S 347.1  13.5  18:36.87 nts	1693205815583
1326615 toao      20   0  106.3g  16.9g  11.0g S 323.5  13.5  18:41.10 nts	1693205816286
1326615 toao      20   0  106.3g  16.9g  11.0g S 305.9  13.5  18:45.26 nts	1693205816991
1326615 toao      20   0  106.3g  16.9g  11.0g S 264.7  13.5  18:49.45 nts	1693205817692
1326615 toao      20   0  121.7g  16.9g  11.0g S 382.4  13.5  18:53.70 nts	1693205818390
1326615 toao      20   0  122.3g  16.9g  11.0g S 394.1  13.5  18:57.95 nts	1693205819093
1326615 toao      20   0  122.3g  16.9g  11.0g S 400.0  13.5  19:02.24 nts	1693205819799
1326615 toao      20   0  122.9g  16.9g  11.0g S 370.6  13.5  19:06.50 nts	1693205820503
1326615 toao      20   0  122.9g  16.9g  11.0g S 364.7  13.5  19:10.83 nts	1693205821207
1326615 toao      20   0  122.9g  16.9g  11.0g S 341.2  13.5  19:15.08 nts	1693205821907
1326615 toao      20   0  122.9g  16.9g  11.0g S 364.7  13.5  19:19.39 nts	1693205822608
1326615 toao      20   0  122.9g  16.9g  11.0g S 370.6  13.5  19:23.75 nts	1693205823310
1326615 toao      20   0  122.9g  16.9g  11.0g S 358.8  13.5  19:27.86 nts	1693205824015
1326615 toao      20   0  122.9g  16.9g  11.0g S 376.5  13.5  19:32.25 nts	1693205824714
1326615 toao      20   0  122.9g  16.9g  11.0g S 347.1  13.5  19:36.48 nts	1693205825419
1326615 toao      20   0  122.9g  16.9g  11.0g S 264.7  13.5  19:40.74 nts	1693205826118
1326615 toao      20   0  122.9g  16.9g  11.0g S 217.6  13.5  19:45.02 nts	1693205826819
1326615 toao      20   0  122.9g  16.9g  11.0g S 276.5  13.5  19:49.30 nts	1693205827520
1326615 toao      20   0  122.9g  16.9g  11.0g S 282.4  13.5  19:53.75 nts	1693205828222
1326615 toao      20   0  122.9g  16.9g  11.0g S 211.8  13.5  19:58.02 nts	1693205828927
1326615 toao      20   0  122.9g  16.9g  11.0g S 229.4  13.5  20:02.24 nts	1693205829627
1326615 toao      20   0  122.9g  16.9g  11.0g S 276.5  13.5  20:06.59 nts	1693205830327
1326615 toao      20   0  122.9g  16.9g  11.0g S 229.4  13.5  20:10.87 nts	1693205831030
1326615 toao      20   0  122.9g  16.9g  11.0g S 329.4  13.5  20:15.14 nts	1693205831732
1326615 toao      20   0  123.7g  16.9g  11.0g S 205.9  13.5  20:19.33 nts	1693205832436
1326615 toao      20   0  123.7g  16.9g  11.0g S 317.6  13.5  20:23.78 nts	1693205833139
1326615 toao      20   0  123.7g  16.9g  11.0g S  1182  13.5  20:28.12 nts	1693205833846
1326615 toao      20   0  124.5g  16.9g  11.0g S  1435  13.5  20:32.53 nts	1693205834551
1326615 toao      20   0  124.6g  16.9g  11.0g S 388.2  13.5  20:34.93 nts	1693205835254
1326615 toao      20   0  125.4g  16.9g  11.0g S  1282  13.5  20:40.74 nts	1693205835955
1326615 toao      20   0  127.0g  16.9g  11.0g S 400.0  13.5  20:43.72 nts	1693205836659
1326615 toao      20   0  127.0g  16.9g  11.0g S 400.0  13.5  20:48.03 nts	1693205837359
1326615 toao      20   0  127.0g  16.9g  11.0g S 400.0  13.5  20:52.35 nts	1693205838060
1326615 toao      20   0  127.0g  16.9g  11.0g S 400.0  13.5  20:56.58 nts	1693205838763
1326615 toao      20   0  127.0g  16.9g  11.0g S 377.8  13.5  21:01.08 nts	1693205839468
1326615 toao      20   0  127.0g  16.9g  11.0g S 423.5  13.5  21:05.31 nts	1693205840178
1326615 toao      20   0  127.0g  16.9g  11.0g S 394.1  13.5  21:09.58 nts	1693205840888
1326615 toao      20   0  127.0g  16.9g  11.0g S 400.0  13.5  21:13.83 nts	1693205841588
1326615 toao      20   0  127.0g  16.9g  11.0g S 400.0  13.5  21:18.01 nts	1693205842291
1326615 toao      20   0  127.0g  16.9g  11.0g S 400.0  13.5  21:22.31 nts	1693205842992
1326615 toao      20   0  127.0g  16.9g  11.0g S 405.9  13.5  21:26.62 nts	1693205843692
1326615 toao      20   0  127.0g  16.9g  11.0g S 400.0  13.5  21:30.92 nts	1693205844395
1326615 toao      20   0  127.0g  16.9g  11.0g S 358.8  13.5  21:35.24 nts	1693205845095
1326615 toao      20   0  127.0g  16.9g  11.0g S 311.8  13.5  21:39.55 nts	1693205845795
1326615 toao      20   0  127.0g  16.9g  11.0g S 317.6  13.5  21:44.07 nts	1693205846499
1326615 toao      20   0  127.0g  16.9g  11.0g S 252.9  13.5  21:48.39 nts	1693205847198
1326615 toao      20   0  127.0g  16.9g  11.0g S 270.6  13.5  21:52.76 nts	1693205847900
1326615 toao      20   0  127.0g  16.9g  11.0g S 276.5  13.5  21:57.08 nts	1693205848598
1326615 toao      20   0  127.0g  16.9g  11.0g S 211.8  13.5  22:01.36 nts	1693205849300
1326615 toao      20   0  127.0g  16.9g  11.0g S  1165  13.5  22:05.68 nts	1693205850004
1326615 toao      20   0  127.0g  16.9g  11.0g S  1453  13.5  22:10.12 nts	1693205850708
1326615 toao      20   0  127.0g  16.9g  11.0g S  1494  13.5  22:14.54 nts	1693205851411
1326615 toao      20   0  127.0g  16.9g  11.0g S  1371  13.5  22:18.78 nts	1693205852112
1326615 toao      20   0  127.6g  16.9g  11.0g S 470.6  13.5  22:21.62 nts	1693205852824
1326615 toao      20   0  127.0g  16.9g  11.0g S 400.0  13.5  22:25.77 nts	1693205853528
1326615 toao      20   0  127.0g  16.9g  11.0g S 400.0  13.5  22:30.16 nts	1693205854230
1326615 toao      20   0  127.0g  16.9g  11.0g S 394.1  13.5  22:34.61 nts	1693205854931
1326615 toao      20   0  127.0g  16.9g  11.0g S 377.8  13.5  22:39.04 nts	1693205855631
1326615 toao      20   0  127.0g  16.9g  11.0g S 412.5  13.5  22:43.34 nts	1693205856343
1326615 toao      20   0  127.0g  16.9g  11.0g S 388.2  13.5  22:47.58 nts	1693205857043
1326615 toao      20   0  127.6g  16.9g  11.0g S 650.0  13.5  22:52.35 nts	1693205857745
1326615 toao      20   0  127.0g  16.9g  11.0g S  1029  13.5  22:57.43 nts	1693205858446
1326615 toao      20   0  127.0g  16.9g  11.0g S  1465  13.5  23:02.55 nts	1693205859147
1326615 toao      20   0  127.0g  16.9g  11.0g S  1471  13.5  23:06.71 nts	1693205859851
1326615 toao      20   0  127.0g  16.9g  11.0g S  1429  13.5  23:10.99 nts	1693205860552
1326615 toao      20   0  127.5g  16.9g  11.0g S 405.9  13.5  23:13.47 nts	1693205861255
1326615 toao      20   0  127.0g  16.9g  11.0g S 405.9  13.5  23:17.73 nts	1693205861955
1326615 toao      20   0  127.0g  16.9g  11.0g S 372.2  13.5  23:22.05 nts	1693205862661
1326615 toao      20   0  127.0g  16.9g  11.0g S 400.0  13.5  23:26.51 nts	1693205863366
1326615 toao      20   0  127.0g  16.9g  11.0g S 405.9  13.5  23:30.85 nts	1693205864067
1326615 toao      20   0  127.0g  16.9g  11.0g S 405.9  13.5  23:35.33 nts	1693205864766
1326615 toao      20   0  127.0g  16.9g  11.0g S 400.0  13.5  23:39.51 nts	1693205865470
1326615 toao      20   0  136.7g  16.9g  11.0g S  1365  13.5  23:45.47 nts	1693205866173
1326615 toao      20   0  137.5g  16.9g  11.0g S  1447  13.5  23:49.89 nts	1693205866876
1326615 toao      20   0  138.2g  16.9g  11.0g S  1453  13.5  23:54.17 nts	1693205867579
1326615 toao      20   0  138.7g  16.9g  11.0g S 864.7  13.5  23:57.51 nts	1693205868279
1326615 toao      20   0  138.2g  16.9g  11.0g S 388.2  13.5  24:01.14 nts	1693205868979
1326615 toao      20   0  138.8g  16.9g  11.0g S 394.1  13.5  24:05.46 nts	1693205869680
1326615 toao      20   0  139.1g  16.9g  11.0g S 400.0  13.5  24:09.99 nts	1693205870379
1326615 toao      20   0  138.8g  16.9g  11.0g S 394.1  13.5  24:14.39 nts	1693205871080
1326615 toao      20   0  139.3g  16.9g  11.0g S 900.0  13.5  24:19.56 nts	1693205871778
1326615 toao      20   0  138.8g  16.9g  11.0g S 405.9  13.5  24:23.17 nts	1693205872480
1326615 toao      20   0  138.8g  16.9g  11.0g S 400.0  13.5  24:27.34 nts	1693205873180
1326615 toao      20   0  138.8g  16.9g  11.0g S 425.0  13.5  24:31.62 nts	1693205873885
1326615 toao      20   0  138.8g  16.9g  11.0g S 400.0  13.5  24:35.95 nts	1693205874586
1326615 toao      20   0  138.8g  16.9g  11.0g S 405.9  13.5  24:40.40 nts	1693205875287
1326615 toao      20   0  138.8g  16.9g  11.0g S 431.2  13.5  24:44.90 nts	1693205875992
1326615 toao      20   0  138.8g  16.9g  11.0g S 418.8  13.5  24:49.37 nts	1693205876694
1326615 toao      20   0  138.8g  16.9g  11.0g S 405.9  13.5  24:53.77 nts	1693205877395
1326615 toao      20   0  138.8g  16.9g  11.0g S 400.0  13.5  24:58.16 nts	1693205878098
1326615 toao      20   0  138.8g  16.9g  11.0g S 405.9  13.5  25:02.41 nts	1693205878799
1326615 toao      20   0  138.8g  16.9g  11.0g S 431.2  13.5  25:06.82 nts	1693205879503
1326615 toao      20   0  138.8g  16.9g  11.0g S 418.8  13.5  25:10.97 nts	1693205880203
1326615 toao      20   0  138.8g  16.9g  11.0g S 406.2  13.5  25:15.32 nts	1693205880904
1326615 toao      20   0  138.8g  16.9g  11.0g S 431.2  13.5  25:19.51 nts	1693205881604
1326615 toao      20   0  138.8g  16.9g  11.0g S 394.1  13.5  25:23.78 nts	1693205882306
1326615 toao      20   0  138.8g  16.9g  11.0g S 341.2  13.5  25:28.06 nts	1693205883005
1326615 toao      20   0  138.8g  16.9g  11.0g S 294.1  13.5  25:32.58 nts	1693205883707
1326615 toao      20   0  139.6g  16.9g  11.0g S 270.6  13.5  25:36.80 nts	1693205884407
1326615 toao      20   0  139.6g  16.9g  11.0g S 205.9  13.5  25:41.10 nts	1693205885107
1326615 toao      20   0  139.6g  16.9g  11.0g S 235.3  13.5  25:45.43 nts	1693205885807
1326615 toao      20   0  139.6g  16.9g  11.0g S 264.7  13.5  25:49.93 nts	1693205886507
1326615 toao      20   0  139.6g  16.9g  11.0g S 205.9  13.5  25:54.18 nts	1693205887207
1326615 toao      20   0  139.6g  16.9g  11.0g S 752.9  13.5  25:58.49 nts	1693205887907
1326615 toao      20   0  139.6g  16.9g  11.0g S  1400  13.5  26:02.91 nts	1693205888607
1326615 toao      20   0  139.6g  16.9g  11.0g S  1441  13.5  26:07.23 nts	1693205889308
1326615 toao      20   0  139.6g  16.9g  11.0g S  1453  13.5  26:11.48 nts	1693205890007
1326615 toao      20   0  139.6g  16.9g  11.0g S  1300  13.5  26:15.50 nts	1693205890710
1326615 toao      20   0  139.6g  16.9g  11.0g S  1188  13.5  26:19.59 nts	1693205891411
1326615 toao      20   0  140.2g  16.9g  11.0g S 576.5  13.5  26:23.08 nts	1693205892109
1326615 toao      20   0  140.2g  16.9g  11.0g S 650.0  13.5  26:27.49 nts	1693205892812
1326615 toao      20   0  139.6g  16.9g  11.0g S 425.0  13.5  26:31.48 nts	1693205893514
1326615 toao      20   0  139.6g  16.9g  11.0g S 412.5  13.5  26:35.78 nts	1693205894215
1326615 toao      20   0  139.6g  16.9g  11.0g S 400.0  13.5  26:40.10 nts	1693205894915
1326615 toao      20   0  139.6g  16.9g  11.0g S 405.9  13.5  26:44.41 nts	1693205895615
1326615 toao      20   0  139.6g  16.9g  11.0g S 400.0  13.5  26:48.71 nts	1693205896315
1326615 toao      20   0  139.6g  16.9g  11.0g S 400.0  13.5  26:53.25 nts	1693205897016
1326615 toao      20   0  139.6g  16.9g  11.0g S 400.0  13.5  26:57.62 nts	1693205897719
1326615 toao      20   0  139.6g  16.9g  11.0g S 388.2  13.5  27:01.95 nts	1693205898419
1326615 toao      20   0  139.6g  16.9g  11.0g S 364.7  13.5  27:06.23 nts	1693205899119
1326615 toao      20   0  139.6g  16.9g  11.0g S 323.5  13.5  27:10.47 nts	1693205899819
1326615 toao      20   0  139.6g  16.9g  11.0g S 311.8  13.5  27:15.00 nts	1693205900519
1326615 toao      20   0  139.6g  16.9g  11.0g S 281.2  13.5  27:19.30 nts	1693205901223
1326615 toao      20   0  139.6g  16.9g  11.0g S 250.0  13.5  27:23.56 nts	1693205901924
1326615 toao      20   0  139.6g  16.9g  11.0g S 243.8  13.5  27:27.91 nts	1693205902624
1326615 toao      20   0  139.6g  16.9g  11.0g S 211.8  13.5  27:32.27 nts	1693205903327
1326615 toao      20   0  139.6g  16.9g  11.0g S 500.0  13.5  27:36.66 nts	1693205904027
1326615 toao      20   0  139.6g  16.9g  11.0g S  1276  13.5  27:41.02 nts	1693205904728
1326615 toao      20   0  139.6g  16.9g  11.0g S  1106  13.5  27:45.58 nts	1693205905427
1326615 toao      20   0  139.6g  16.9g  11.0g S 235.3  13.5  27:49.90 nts	1693205906127
1326615 toao      20   0  139.6g  16.9g  11.0g S 266.7  13.5  27:54.33 nts	1693205906829
1326615 toao      20   0  139.6g  16.9g  11.0g S 335.3  13.5  27:58.65 nts	1693205907536
1326615 toao      20   0  139.6g  16.9g  11.0g S 305.9  13.5  28:02.92 nts	1693205908240
1326615 toao      20   0  139.6g  16.9g  11.0g S 229.4  13.5  28:07.13 nts	1693205908940
1326615 toao      20   0  139.6g  16.9g  11.0g S 211.8  13.5  28:11.50 nts	1693205909641
1326615 toao      20   0  139.6g  16.9g  11.0g S 537.5  13.5  28:15.84 nts	1693205910343
1326615 toao      20   0  139.6g  16.9g  11.0g S 417.6  13.5  28:20.35 nts	1693205911044
1326615 toao      20   0  139.6g  16.9g  11.0g S 835.3  13.5  28:24.73 nts	1693205911747
1326615 toao      20   0  139.6g  16.9g  11.0g S 817.6  13.5  28:28.97 nts	1693205912445
1326615 toao      20   0  139.6g  16.9g  11.0g S  1041  13.5  28:33.51 nts	1693205913147
1326615 toao      20   0  139.6g  16.9g  11.0g S  1347  13.5  28:37.80 nts	1693205913848
1326615 toao      20   0  138.4g  16.9g  11.0g S 347.1  13.5  28:42.01 nts	1693205914554
1326615 toao      20   0  139.0g  16.9g  11.0g S 305.9  13.5  28:46.42 nts	1693205915255
1326615 toao      20   0  139.0g  16.9g  11.0g S 258.8  13.5  28:50.54 nts	1693205915956
1326615 toao      20   0  139.0g  16.9g  11.0g S 211.8  13.5  28:54.81 nts	1693205916659
1326615 toao      20   0  139.6g  16.9g  11.0g S 231.2  13.5  28:59.12 nts	1693205917364
1326615 toao      20   0  139.6g  16.9g  11.0g S 650.0  13.5  29:03.43 nts	1693205918064
1326615 toao      20   0  139.6g  16.9g  11.0g S  1075  13.5  29:07.88 nts	1693205918763
1326615 toao      20   0  139.6g  16.9g  11.0g S  1419  13.5  29:12.18 nts	1693205919463
1326615 toao      20   0  139.6g  16.9g  11.0g S 312.5  13.5  29:16.49 nts	1693205920163
1326615 toao      20   0  139.6g  16.9g  11.0g S  1406  13.5  29:20.91 nts	1693205920864
1326615 toao      20   0  139.6g  16.9g  11.0g S  1376  13.5  29:25.19 nts	1693205921567
1326615 toao      20   0  139.6g  16.9g  11.0g S  1429  13.5  29:29.36 nts	1693205922266
1326615 toao      20   0  139.6g  16.9g  11.0g S  1106  13.5  29:33.05 nts	1693205922971
1326615 toao      20   0  139.6g  16.9g  11.0g S  1476  13.5  29:38.18 nts	1693205923675
1326615 toao      20   0  139.6g  16.9g  11.0g S  1400  13.5  29:42.50 nts	1693205924375
1326615 toao      20   0  139.6g  16.9g  11.0g S  1550  13.5  29:46.84 nts	1693205925074
1326615 toao      20   0  139.6g  16.9g  11.0g S  1500  13.5  29:51.23 nts	1693205925774
1326615 toao      20   0  139.6g  16.9g  11.0g S  1488  13.5  29:55.52 nts	1693205926477
1326615 toao      20   0  139.6g  16.9g  11.0g S  1506  13.5  29:59.89 nts	1693205927178
1326615 toao      20   0  139.6g  16.9g  11.0g S  1394  13.5  30:04.10 nts	1693205927878
1326615 toao      20   0  139.6g  16.9g  11.0g S  1476  13.5  30:08.49 nts	1693205928577
1326615 toao      20   0  140.2g  16.9g  11.0g S 858.8  13.5  30:11.75 nts	1693205929278
1326615 toao      20   0  139.6g  16.9g  11.0g S 400.0  13.5  30:15.43 nts	1693205929980
1326615 toao      20   0  139.6g  16.9g  11.0g S 418.8  13.5  30:19.74 nts	1693205930683
1326615 toao      20   0  139.6g  16.9g  11.0g S 400.0  13.5  30:24.20 nts	1693205931385
1326615 toao      20   0  139.6g  16.9g  11.0g S 388.2  13.5  30:28.46 nts	1693205932091
1326615 toao      20   0  139.6g  16.9g  11.0g S 400.0  13.5  30:32.73 nts	1693205932791
1326615 toao      20   0  139.6g  16.9g  11.0g S 370.6  13.5  30:37.04 nts	1693205933490
1326615 toao      20   0  139.6g  16.9g  11.0g S 400.0  13.5  30:41.42 nts	1693205934192
1326615 toao      20   0  139.6g  16.9g  11.0g S 368.8  13.5  30:45.68 nts	1693205934894
1326615 toao      20   0  139.6g  16.9g  11.0g S 368.8  13.5  30:50.01 nts	1693205935594
1326615 toao      20   0  139.6g  16.9g  11.0g S 288.2  13.5  30:54.24 nts	1693205936294
1326615 toao      20   0  139.6g  16.9g  11.0g S 235.3  13.5  30:58.43 nts	1693205936997
1326615 toao      20   0  139.6g  16.9g  11.0g S 217.6  13.5  31:02.83 nts	1693205937699
1326615 toao      20   0  139.6g  16.9g  11.0g S  1247  13.5  31:07.11 nts	1693205938400
1326615 toao      20   0  139.6g  16.9g  11.0g S  1519  13.5  31:11.58 nts	1693205939103
1326615 toao      20   0  139.6g  16.9g  11.0g S  1456  13.5  31:15.87 nts	1693205939803
1326615 toao      20   0  139.6g  16.9g  11.0g S  1519  13.5  31:20.20 nts	1693205940503
1326615 toao      20   0  139.6g  16.9g  11.0g S  1569  13.5  31:24.54 nts	1693205941203
1326615 toao      20   0  139.6g  16.9g  11.0g S  1575  13.5  31:28.86 nts	1693205941904
1326615 toao      20   0  140.2g  16.9g  11.0g S  1012  13.5  31:32.33 nts	1693205942604
1326615 toao      20   0  140.2g  16.9g  11.0g S 629.4  13.5  31:36.10 nts	1693205943304
1326615 toao      20   0  139.6g  16.9g  11.0g S 388.2  13.5  31:40.17 nts	1693205944007
1326615 toao      20   0  139.6g  16.9g  11.0g S 400.0  13.5  31:44.47 nts	1693205944711
1326615 toao      20   0  139.6g  16.9g  11.0g S 405.9  13.5  31:48.78 nts	1693205945415
1326615 toao      20   0  139.6g  16.9g  11.0g S 400.0  13.5  31:53.09 nts	1693205946119
1326615 toao      20   0  139.6g  16.9g  11.0g S 358.8  13.5  31:57.31 nts	1693205946819
1326615 toao      20   0  139.6g  16.9g  11.0g S 388.2  13.5  32:01.76 nts	1693205947519
1326615 toao      20   0  139.6g  16.9g  11.0g S 400.0  13.5  32:06.04 nts	1693205948219
1326615 toao      20   0  139.6g  16.9g  11.0g S 352.9  13.5  32:10.39 nts	1693205948920
1326615 toao      20   0  139.6g  16.9g  11.0g S 322.2  13.5  32:14.71 nts	1693205949622
1326615 toao      20   0  139.6g  16.9g  11.0g S 288.2  13.5  32:18.99 nts	1693205950326
1326615 toao      20   0  139.6g  16.9g  11.0g S 311.8  13.5  32:23.38 nts	1693205951027
1326615 toao      20   0  139.6g  16.9g  11.0g S 252.9  13.5  32:27.72 nts	1693205951728
1326615 toao      20   0  139.6g  16.9g  11.0g S 235.3  13.5  32:32.08 nts	1693205952429
1326615 toao      20   0  139.6g  16.9g  11.0g S 211.8  13.5  32:36.38 nts	1693205953133
1326615 toao      20   0  139.6g  16.9g  11.0g S 247.1  13.5  32:40.78 nts	1693205953835
1326615 toao      20   0  139.6g  16.9g  11.0g S 347.1  13.5  32:45.29 nts	1693205954536
1326615 toao      20   0  139.6g  16.9g  11.0g S 358.8  13.5  32:49.66 nts	1693205955237
1326615 toao      20   0  139.6g  16.9g  11.0g S 382.4  13.5  32:54.19 nts	1693205955940
1326615 toao      20   0  139.6g  16.9g  11.0g S 358.8  13.5  32:58.69 nts	1693205956639
1326615 toao      20   0  139.6g  16.9g  11.0g S 323.5  13.5  33:03.01 nts	1693205957340
1326615 toao      20   0  139.6g  16.9g  11.0g S 343.8  13.5  33:07.52 nts	1693205958045
1326615 toao      20   0  139.6g  16.9g  11.0g S 276.5  13.5  33:11.95 nts	1693205958747
1326615 toao      20   0  139.6g  16.9g  11.0g S 258.8  13.5  33:16.39 nts	1693205959447
1326615 toao      20   0  139.6g  16.9g  11.0g S 205.9  13.5  33:20.72 nts	1693205960147
1326615 toao      20   0  139.6g  16.9g  11.0g S 200.0  13.5  33:24.97 nts	1693205960847
1326615 toao      20   0  139.6g  16.9g  11.0g S 200.0  13.5  33:29.06 nts	1693205961547
1326615 toao      20   0  139.6g  16.9g  11.0g S 288.9  13.5  33:33.48 nts	1693205962247
1326615 toao      20   0  138.4g  16.9g  11.0g S 382.4  13.5  33:37.73 nts	1693205962956
1326615 toao      20   0  139.8g  16.9g  11.0g S 347.1  13.5  33:42.07 nts	1693205963660
1326615 toao      20   0  139.8g  16.9g  11.0g S 294.1  13.5  33:46.32 nts	1693205964359
1326615 toao      20   0  139.8g  16.9g  11.0g S 329.4  13.5  33:50.72 nts	1693205965059
1326615 toao      20   0  139.8g  16.9g  11.0g S 323.5  13.5  33:55.16 nts	1693205965760
1326615 toao      20   0  140.4g  16.9g  11.0g S 235.3  13.5  33:59.38 nts	1693205966459
1326615 toao      20   0  140.4g  16.9g  11.0g S 247.1  13.5  34:03.61 nts	1693205967160
1326615 toao      20   0  140.4g  16.9g  11.0g S 282.4  13.5  34:07.98 nts	1693205967860
1326615 toao      20   0  140.4g  16.9g  11.0g S 287.5  13.5  34:12.25 nts	1693205968562
1326615 toao      20   0  140.4g  16.9g  11.0g S 231.2  13.5  34:16.64 nts	1693205969263
1326615 toao      20   0  140.4g  16.9g  11.0g S 275.0  13.5  34:20.96 nts	1693205969964
1326615 toao      20   0  140.4g  16.9g  11.0g S 223.5  13.5  34:25.34 nts	1693205970668
1326615 toao      20   0  140.4g  16.9g  11.0g S  1382  13.5  34:29.92 nts	1693205971371
1326615 toao      20   0  140.4g  16.9g  11.0g S 235.3  13.5  34:34.21 nts	1693205972071
1326615 toao      20   0  140.4g  16.9g  11.0g S 217.6  13.5  34:38.56 nts	1693205972771
1326615 toao      20   0  140.4g  16.9g  11.0g S 617.6  13.5  34:43.07 nts	1693205973471
1326615 toao      20   0  140.4g  16.9g  11.0g S 800.0  13.5  34:47.34 nts	1693205974175
1326615 toao      20   0  140.4g  16.9g  11.0g S 400.0  13.5  34:51.70 nts	1693205974875
1326615 toao      20   0  140.4g  16.9g  11.0g S  1353  13.5  34:56.12 nts	1693205975578
1326615 toao      20   0  140.4g  16.9g  11.0g S 217.6  13.5  35:00.32 nts	1693205976279
1326615 toao      20   0  140.4g  16.9g  11.0g S 676.5  13.5  35:04.56 nts	1693205976980
1326615 toao      20   0  140.4g  16.9g  11.0g S  1500  13.5  35:09.10 nts	1693205977680
1326615 toao      20   0  140.4g  16.9g  11.0g S  1594  13.5  35:13.65 nts	1693205978383
1326615 toao      20   0  141.0g  16.9g  11.0g S 882.4  13.5  35:16.97 nts	1693205979083
1326615 toao      20   0  140.4g  16.9g  11.0g S 405.9  13.5  35:20.42 nts	1693205979788
1326615 toao      20   0  140.4g  16.9g  11.0g S 400.0  13.5  35:24.82 nts	1693205980491
1326615 toao      20   0  141.3g  16.9g  11.0g S 412.5  13.5  35:29.15 nts	1693205981192
1326615 toao      20   0  141.3g  16.9g  11.0g S 382.4  13.5  35:33.45 nts	1693205981891
1326615 toao      20   0  141.3g  16.9g  11.0g S 405.9  13.5  35:37.75 nts	1693205982591
1326615 toao      20   0  141.3g  16.9g  11.0g S 400.0  13.5  35:42.00 nts	1693205983291
1326615 toao      20   0  141.3g  16.9g  11.0g S 425.0  13.5  35:46.34 nts	1693205983995
1326615 toao      20   0  141.3g  16.9g  11.0g S 394.1  13.5  35:50.79 nts	1693205984695
1326615 toao      20   0  141.3g  16.9g  11.0g S 400.0  13.5  35:55.04 nts	1693205985400
1326615 toao      20   0  141.3g  16.9g  11.0g S 400.0  13.5  35:59.55 nts	1693205986103
1326615 toao      20   0  141.3g  16.9g  11.0g S 358.8  13.5  36:03.92 nts	1693205986808
1326615 toao      20   0  141.3g  16.9g  11.0g S 356.2  13.5  36:08.15 nts	1693205987512
1326615 toao      20   0  141.3g  16.9g  11.0g S 317.6  13.5  36:12.47 nts	1693205988209
1326615 toao      20   0  141.3g  16.9g  11.0g S 281.2  13.5  36:16.79 nts	1693205988915
1326615 toao      20   0  141.3g  16.9g  11.0g S 282.4  13.5  36:21.16 nts	1693205989614
1326615 toao      20   0  141.3g  16.9g  11.0g S 258.8  13.5  36:25.49 nts	1693205990320
1326615 toao      20   0  141.3g  16.9g  11.0g S 252.9  13.5  36:29.83 nts	1693205991024
1326615 toao      20   0  141.3g  16.9g  11.0g S 364.7  13.5  36:34.17 nts	1693205991726
1326615 toao      20   0  141.3g  16.9g  11.0g S 588.2  13.5  36:38.50 nts	1693205992430
1326615 toao      20   0  141.3g  16.9g  11.0g S  1388  13.5  36:42.92 nts	1693205993136
1326615 toao      20   0  141.3g  16.9g  11.0g S  1424  13.5  36:47.28 nts	1693205993838
1326615 toao      20   0  141.3g  16.9g  11.0g S  1482  13.5  36:51.71 nts	1693205994543
1326615 toao      20   0  141.8g  16.9g  11.0g S 664.7  13.5  36:54.62 nts	1693205995247
1326615 toao      20   0  141.3g  16.9g  11.0g S 400.0  13.5  36:58.50 nts	1693205995951
1326615 toao      20   0  141.3g  16.9g  11.0g S 394.1  13.5  37:02.84 nts	1693205996654
1326615 toao      20   0  141.3g  16.9g  11.0g S 400.0  13.5  37:07.21 nts	1693205997354
1326615 toao      20   0  141.3g  16.9g  11.0g S 400.0  13.5  37:11.72 nts	1693205998059
1326615 toao      20   0  141.3g  16.9g  11.0g S 400.0  13.5  37:16.03 nts	1693205998763
1326615 toao      20   0  141.3g  16.9g  11.0g S 400.0  13.5  37:20.38 nts	1693205999467
1326615 toao      20   0  141.3g  16.9g  11.0g S 417.6  13.5  37:24.70 nts	1693206000169
1326615 toao      20   0  141.3g  16.9g  11.0g S 437.5  13.5  37:29.18 nts	1693206000873
1326615 toao      20   0  141.3g  16.9g  11.0g S 405.9  13.5  37:33.60 nts	1693206001577
1326615 toao      20   0  141.3g  16.9g  11.0g S 400.0  13.5  37:38.00 nts	1693206002279
1326615 toao      20   0  141.3g  16.9g  11.0g S 412.5  13.5  37:42.29 nts	1693206002984
1326615 toao      20   0  141.3g  16.9g  11.0g S 418.8  13.5  37:46.60 nts	1693206003683
1326615 toao      20   0  141.3g  16.9g  11.0g S 400.0  13.5  37:50.92 nts	1693206004384
1326615 toao      20   0  141.3g  16.9g  11.0g S 400.0  13.5  37:55.45 nts	1693206005086
1326615 toao      20   0  141.3g  16.9g  11.0g S 405.9  13.5  37:59.71 nts	1693206005787
1326615 toao      20   0  141.3g  16.9g  11.0g S 394.1  13.5  38:04.05 nts	1693206006488
1326615 toao      20   0  141.3g  16.9g  11.0g S 394.1  13.5  38:08.60 nts	1693206007191
1326615 toao      20   0  141.3g  16.9g  11.0g S 400.0  13.5  38:12.94 nts	1693206007891
1326615 toao      20   0  141.3g  16.9g  11.0g S 394.1  13.5  38:17.28 nts	1693206008594
1326615 toao      20   0  141.3g  16.9g  11.0g S 405.9  13.5  38:21.81 nts	1693206009299
1326615 toao      20   0  141.3g  16.9g  11.0g S 431.2  13.5  38:26.10 nts	1693206010003
1326615 toao      20   0  141.3g  16.9g  11.0g S 425.0  13.5  38:30.55 nts	1693206010704
1326615 toao      20   0  140.0g  16.9g  11.0g S 400.0  13.5  38:34.66 nts	1693206011404
1326615 toao      20   0  140.7g  16.9g  11.0g S 406.2  13.5  38:38.83 nts	1693206012104
1326615 toao      20   0  140.7g  16.9g  11.0g S 425.0  13.5  38:43.16 nts	1693206012802
1326615 toao      20   0  140.7g  16.9g  11.0g S 400.0  13.5  38:47.58 nts	1693206013504
1326615 toao      20   0  141.3g  16.9g  11.0g S 388.2  13.5  38:51.83 nts	1693206014207
1326615 toao      20   0  141.3g  16.9g  11.0g S 394.1  13.5  38:56.25 nts	1693206014911
1326615 toao      20   0  141.3g  16.9g  11.0g S 400.0  13.5  39:00.58 nts	1693206015615
1326615 toao      20   0  141.3g  16.9g  11.0g S 400.0  13.5  39:05.12 nts	1693206016320
1326615 toao      20   0  141.3g  16.9g  11.0g S 394.1  13.5  39:09.37 nts	1693206017024
1326615 toao      20   0  141.3g  16.9g  11.0g S 405.9  13.5  39:13.88 nts	1693206017730
1326615 toao      20   0  141.3g  16.9g  11.0g S 394.1  13.5  39:18.17 nts	1693206018437
1326615 toao      20   0  141.3g  16.9g  11.0g S 376.5  13.5  39:22.48 nts	1693206019138
1326615 toao      20   0  141.3g  16.9g  11.0g S 329.4  13.5  39:26.97 nts	1693206019839
1326615 toao      20   0  141.3g  16.9g  11.0g S 364.7  13.5  39:31.34 nts	1693206020540
1326615 toao      20   0  141.3g  16.9g  11.0g S 387.5  13.5  39:35.66 nts	1693206021242
1326615 toao      20   0  141.3g  16.9g  11.0g S 270.6  13.5  39:39.93 nts	1693206021943
1326615 toao      20   0  141.3g  16.9g  11.0g S 335.3  13.5  39:44.36 nts	1693206022647
1326615 toao      20   0  141.3g  16.9g  11.0g S 305.9  13.5  39:48.85 nts	1693206023350
1326615 toao      20   0  141.3g  16.9g  11.0g S 317.6  13.5  39:53.32 nts	1693206024050
1326615 toao      20   0  141.3g  16.9g  11.0g S 341.2  13.5  39:57.61 nts	1693206024751
1326615 toao      20   0  141.3g  16.9g  11.0g S 282.4  13.5  40:01.89 nts	1693206025450
1326615 toao      20   0  141.3g  16.9g  11.0g S 282.4  13.5  40:06.38 nts	1693206026151
1326615 toao      20   0  141.3g  16.9g  11.0g S 323.5  13.5  40:10.79 nts	1693206026852
1326615 toao      20   0  141.3g  16.9g  11.0g S  1435  13.5  40:15.26 nts	1693206027552
1326615 toao      20   0  141.3g  16.9g  11.0g S  1169  13.5  40:18.97 nts	1693206028263
1326615 toao      20   0  141.3g  16.9g  11.0g S  1500  13.5  40:24.10 nts	1693206028963
1326615 toao      20   0  131.8g  16.9g  11.0g S 394.1  13.5  40:26.31 nts	1693206029667
1326615 toao      20   0  132.1g  16.9g  11.0g S 400.0  13.5  40:30.60 nts	1693206030367
1326615 toao      20   0  132.1g  16.9g  11.0g S 400.0  13.5  40:34.83 nts	1693206031068
1326615 toao      20   0  132.1g  16.9g  11.0g S 388.2  13.5  40:39.23 nts	1693206031767
1326615 toao      20   0  132.1g  16.9g  11.0g S 394.1  13.5  40:43.53 nts	1693206032471
1326615 toao      20   0  132.1g  16.9g  11.0g S 405.9  13.5  40:47.80 nts	1693206033176
1326615 toao      20   0  132.1g  16.9g  11.0g S 382.4  13.5  40:52.03 nts	1693206033879
1326615 toao      20   0  132.1g  16.9g  11.0g S 358.8  13.5  40:56.34 nts	1693206034579
1326615 toao      20   0  132.1g  16.9g  11.0g S 311.8  13.5  41:00.66 nts	1693206035279
1326615 toao      20   0  132.1g  16.9g  11.0g S 276.5  13.5  41:05.04 nts	1693206035979
1326615 toao      20   0  132.1g  16.9g  11.0g S 258.8  13.5  41:09.37 nts	1693206036678
1326615 toao      20   0  132.1g  16.9g  11.0g S 270.6  13.5  41:13.85 nts	1693206037378
1326615 toao      20   0  132.1g  16.9g  11.0g S 235.3  13.5  41:18.25 nts	1693206038078
1326615 toao      20   0  132.1g  16.9g  11.0g S 700.0  13.5  41:22.62 nts	1693206038782
1326615 toao      20   0  132.1g  16.9g  11.0g S  1525  13.5  41:27.05 nts	1693206039483
1326615 toao      20   0  132.4g  16.9g  11.0g S  1471  13.5  41:31.47 nts	1693206040186
1326615 toao      20   0  132.4g  16.9g  11.0g S  1418  13.5  41:35.80 nts	1693206040890
1326615 toao      20   0  132.4g  16.9g  11.0g S  1488  13.5  41:40.09 nts	1693206041592
1326615 toao      20   0  132.4g  16.9g  11.0g S  1494  13.5  41:44.44 nts	1693206042295
1326615 toao      20   0  132.4g  16.9g  11.0g S 994.1  13.5  41:47.89 nts	1693206042999
1326615 toao      20   0  132.4g  16.9g  11.0g S 388.9  13.5  41:51.23 nts	1693206043703
1326615 toao      20   0  132.4g  16.9g  11.0g S 394.1  13.5  41:55.54 nts	1693206044418
1326615 toao      20   0  132.4g  16.9g  11.0g S 394.1  13.5  41:59.87 nts	1693206045119
1326615 toao      20   0  132.4g  16.9g  11.0g S 394.1  13.5  42:04.23 nts	1693206045822
1326615 toao      20   0  132.4g  16.9g  11.0g S 418.8  13.5  42:08.52 nts	1693206046523
1326615 toao      20   0  132.4g  16.9g  11.0g S 425.0  13.5  42:12.80 nts	1693206047223
1326615 toao      20   0  132.4g  16.9g  11.0g S 425.0  13.5  42:17.24 nts	1693206047923
1326615 toao      20   0  132.4g  16.9g  11.0g S 431.2  13.5  42:21.59 nts	1693206048624
1326615 toao      20   0  132.4g  16.9g  11.0g S 425.0  13.5  42:25.86 nts	1693206049323
1326615 toao      20   0  132.4g  16.9g  11.0g S 425.0  13.5  42:30.31 nts	1693206050023
1326615 toao      20   0  132.4g  16.9g  11.0g S 418.8  13.5  42:34.81 nts	1693206050723
1326615 toao      20   0  132.4g  16.9g  11.0g S 400.0  13.5  42:39.26 nts	1693206051423
1326615 toao      20   0  132.4g  16.9g  11.0g S 400.0  13.5  42:43.63 nts	1693206052127
1326615 toao      20   0  132.4g  16.9g  11.0g S 394.1  13.5  42:47.87 nts	1693206052826
1326615 toao      20   0  132.4g  16.9g  11.0g S 405.9  13.5  42:52.10 nts	1693206053526
1326615 toao      20   0  132.4g  16.9g  11.0g S 400.0  13.5  42:56.33 nts	1693206054231
1326615 toao      20   0  132.4g  16.9g  11.0g S 394.1  13.5  43:00.54 nts	1693206054931
1326615 toao      20   0  132.4g  16.9g  11.0g S 370.6  13.5  43:04.80 nts	1693206055631
1326615 toao      20   0  132.4g  16.9g  11.0g S 347.1  13.5  43:09.04 nts	1693206056335
1326615 toao      20   0  132.4g  16.9g  11.0g S 323.5  13.5  43:13.37 nts	1693206057036
1326615 toao      20   0  132.4g  16.9g  11.0g S 300.0  13.5  43:17.76 nts	1693206057739
1326615 toao      20   0  132.4g  16.9g  11.0g S 305.9  13.5  43:22.08 nts	1693206058439
1326615 toao      20   0  132.4g  16.9g  11.0g S 294.1  13.5  43:26.32 nts	1693206059139
1326615 toao      20   0  133.6g  16.9g  11.0g S 317.6  13.5  43:30.42 nts	1693206059840
1326615 toao      20   0  134.3g  16.9g  11.0g S 425.0  13.5  43:34.81 nts	1693206060543
1326615 toao      20   0  134.3g  16.9g  11.0g S 425.0  13.5  43:39.10 nts	1693206061243
1326615 toao      20   0  134.9g  16.9g  11.0g S 376.5  13.5  43:43.37 nts	1693206061944
1326615 toao      20   0  134.9g  16.9g  11.0g S 370.6  13.5  43:47.68 nts	1693206062646
1326615 toao      20   0  134.9g  16.9g  11.0g S 370.6  13.5  43:52.01 nts	1693206063347
1326615 toao      20   0  134.9g  16.9g  11.0g S 376.5  13.5  43:56.32 nts	1693206064047
1326615 toao      20   0  134.9g  16.9g  11.0g S 352.9  13.5  44:00.61 nts	1693206064751
1326615 toao      20   0  134.9g  16.9g  11.0g S 376.5  13.5  44:04.76 nts	1693206065456
1326615 toao      20   0  134.9g  16.9g  11.0g S 347.1  13.5  44:09.01 nts	1693206066155
1326615 toao      20   0  134.9g  16.9g  11.0g S 352.9  13.5  44:13.33 nts	1693206066857
1326615 toao      20   0  134.9g  16.9g  11.0g S 305.9  13.5  44:17.51 nts	1693206067560
1326615 toao      20   0  134.9g  16.9g  11.0g S 275.0  13.5  44:21.85 nts	1693206068262
1326615 toao      20   0  134.9g  16.9g  11.0g S 323.5  13.5  44:26.15 nts	1693206068958
1326615 toao      20   0  134.9g  16.9g  11.0g S 362.5  13.5  44:30.38 nts	1693206069662
1326615 toao      20   0  134.9g  16.9g  11.0g S 305.9  13.5  44:34.78 nts	1693206070364
1326615 toao      20   0  134.9g  16.9g  11.0g S 311.8  13.5  44:39.15 nts	1693206071068
1326615 toao      20   0  134.9g  16.9g  11.0g S 282.4  13.5  44:43.38 nts	1693206071771
1326615 toao      20   0  134.9g  16.9g  11.0g S 294.1  13.5  44:47.75 nts	1693206072471
1326615 toao      20   0  134.9g  16.9g  11.0g S 368.8  13.5  44:51.98 nts	1693206073172
1326615 toao      20   0  134.9g  16.9g  11.0g S 294.1  13.5  44:56.39 nts	1693206073874
1326615 toao      20   0  134.9g  16.9g  11.0g S 211.8  13.5  45:00.70 nts	1693206074579
1326615 toao      20   0  134.9g  16.9g  11.0g S 617.6  13.5  45:05.06 nts	1693206075283
1326615 toao      20   0  135.7g  16.9g  11.0g S  1376  13.5  45:09.40 nts	1693206075987
1326615 toao      20   0  137.1g  16.9g  11.0g S 952.9  13.5  45:12.82 nts	1693206076691
1326615 toao      20   0  136.5g  16.9g  11.0g S  1606  13.5  45:18.18 nts	1693206077392
1326615 toao      20   0  138.2g  16.9g  11.0g S 394.1  13.5  45:20.61 nts	1693206078092
1326615 toao      20   0  138.2g  16.9g  11.0g S 394.1  13.5  45:25.15 nts	1693206078794
1326615 toao      20   0  138.2g  16.9g  11.0g S 411.8  13.5  45:29.54 nts	1693206079495
1326615 toao      20   0  138.2g  16.9g  11.0g S 372.2  13.5  45:33.89 nts	1693206080198
1326615 toao      20   0  138.2g  16.9g  11.0g S 405.9  13.5  45:38.46 nts	1693206080912
1326615 toao      20   0  138.2g  16.9g  11.0g S 394.1  13.5  45:42.78 nts	1693206081616
1326615 toao      20   0  138.2g  16.9g  11.0g S 400.0  13.5  45:47.17 nts	1693206082319
1326615 toao      20   0  138.2g  16.9g  11.0g S 388.9  13.5  45:51.57 nts	1693206083021
1326615 toao      20   0  138.2g  16.9g  11.0g S 400.0  13.5  45:55.92 nts	1693206083731
1326615 toao      20   0  138.2g  16.9g  11.0g S 394.1  13.5  46:00.48 nts	1693206084432
1326615 toao      20   0  138.2g  16.9g  11.0g S 400.0  13.5  46:04.84 nts	1693206085133
1326615 toao      20   0  138.2g  16.9g  11.0g S 400.0  13.5  46:09.23 nts	1693206085839
1326615 toao      20   0  138.2g  16.9g  11.0g S 400.0  13.5  46:13.76 nts	1693206086543
1326615 toao      20   0  138.2g  16.9g  11.0g S 388.2  13.5  46:18.26 nts	1693206087246
1326615 toao      20   0  138.2g  16.9g  11.0g S 329.4  13.5  46:22.77 nts	1693206087951
1326615 toao      20   0  138.2g  16.9g  11.0g S 317.6  13.5  46:27.12 nts	1693206088655
1326615 toao      20   0  138.2g  16.9g  11.0g S 294.1  13.5  46:31.46 nts	1693206089355
1326615 toao      20   0  138.2g  16.9g  11.0g S 241.2  13.5  46:35.85 nts	1693206090056
1326615 toao      20   0  138.2g  16.9g  11.0g S 264.7  13.5  46:40.32 nts	1693206090759
1326615 toao      20   0  138.2g  16.9g  11.0g S 205.9  13.5  46:44.73 nts	1693206091460
1326615 toao      20   0  138.2g  16.9g  11.0g S  1418  13.5  46:49.16 nts	1693206092159
1326615 toao      20   0  138.2g  16.9g  11.0g S  1447  13.5  46:53.52 nts	1693206092859
1326615 toao      20   0  138.2g  16.9g  11.0g S  1459  13.5  46:57.94 nts	1693206093564
1326615 toao      20   0  138.8g  16.9g  11.0g S 994.1  13.5  47:01.42 nts	1693206094266
1326615 toao      20   0  138.8g  16.9g  11.0g S 488.2  13.5  47:04.96 nts	1693206094970
1326615 toao      20   0  138.5g  16.9g  11.0g S 417.6  13.5  47:09.33 nts	1693206095675
1326615 toao      20   0  138.2g  16.9g  11.0g S 400.0  13.5  47:13.70 nts	1693206096376
1326615 toao      20   0  138.2g  16.9g  11.0g S 372.2  13.5  47:18.08 nts	1693206097080
1326615 toao      20   0  138.2g  16.9g  11.0g S 412.5  13.5  47:22.56 nts	1693206097784
1326615 toao      20   0  138.2g  16.9g  11.0g S 431.2  13.5  47:26.94 nts	1693206098483
1326615 toao      20   0  138.8g  16.9g  11.0g S 762.5  13.5  47:31.86 nts	1693206099183
1326615 toao      20   0  138.8g  16.9g  11.0g S 956.2  13.5  47:36.43 nts	1693206099883
1326615 toao      20   0  138.2g  16.9g  11.0g S  1447  13.5  47:41.79 nts	1693206100582
1326615 toao      20   0  138.2g  16.9g  11.0g S  1559  13.5  47:46.25 nts	1693206101284
1326615 toao      20   0  138.8g  16.9g  11.0g S 952.9  13.5  47:49.77 nts	1693206101987
1326615 toao      20   0  138.2g  16.9g  11.0g S 400.0  13.5  47:53.31 nts	1693206102686
1326615 toao      20   0  138.2g  16.9g  11.0g S 394.1  13.5  47:57.63 nts	1693206103386
1326615 toao      20   0  138.2g  16.9g  11.0g S 394.1  13.5  48:01.97 nts	1693206104088
1326615 toao      20   0  138.2g  16.9g  11.0g S 405.9  13.5  48:06.29 nts	1693206104787
1326615 toao      20   0  138.2g  16.9g  11.0g S 388.2  13.5  48:10.62 nts	1693206105488
1326615 toao      20   0  138.2g  16.9g  11.0g S 411.8  13.5  48:14.99 nts	1693206106189
1326615 toao      20   0  138.2g  16.9g  11.0g S 431.2  13.5  48:19.29 nts	1693206106892
1326615 toao      20   0  137.0g  16.9g  11.0g S  1435  13.5  48:25.55 nts	1693206107597
1326615 toao      20   0  138.1g  16.9g  11.0g S 970.6  13.5  48:28.89 nts	1693206108300
1326615 toao      20   0  137.6g  16.9g  11.0g S 406.2  13.5  48:32.18 nts	1693206109003
1326615 toao      20   0  137.6g  16.9g  11.0g S 400.0  13.5  48:36.55 nts	1693206109699
1326615 toao      20   0  138.2g  16.9g  11.0g S 388.2  13.5  48:40.79 nts	1693206110400
1326615 toao      20   0  138.2g  16.9g  11.0g S 405.9  13.5  48:45.17 nts	1693206111100
1326615 toao      20   0  138.2g  16.9g  11.0g S 394.1  13.5  48:49.53 nts	1693206111803
1326615 toao      20   0  138.2g  16.9g  11.0g S 405.9  13.5  48:54.10 nts	1693206112508
1326615 toao      20   0  138.2g  16.9g  11.0g S 400.0  13.5  48:58.45 nts	1693206113214
1326615 toao      20   0  138.2g  16.9g  11.0g S 394.1  13.5  49:02.71 nts	1693206113915
1326615 toao      20   0  138.2g  16.9g  11.0g S 405.9  13.5  49:07.09 nts	1693206114617
1326615 toao      20   0  138.2g  16.9g  11.0g S 377.8  13.5  49:11.43 nts	1693206115321
1326615 toao      20   0  138.2g  16.9g  11.0g S 394.1  13.5  49:15.79 nts	1693206116028
1326615 toao      20   0  138.2g  16.9g  11.0g S 394.1  13.5  49:20.22 nts	1693206116731
1326615 toao      20   0  138.2g  16.9g  11.0g S 400.0  13.5  49:24.55 nts	1693206117435
1326615 toao      20   0  138.2g  16.9g  11.0g S 377.8  13.5  49:29.13 nts	1693206118137
1326615 toao      20   0  138.2g  16.9g  11.0g S 400.0  13.5  49:33.47 nts	1693206118851
1326615 toao      20   0  138.2g  16.9g  11.0g S 418.8  13.5  49:37.79 nts	1693206119555
1326615 toao      20   0  138.2g  16.9g  11.0g S 400.0  13.5  49:42.21 nts	1693206120254
1326615 toao      20   0  138.2g  16.9g  11.0g S 400.0  13.5  49:46.61 nts	1693206120955
1326615 toao      20   0  138.2g  16.9g  11.0g S 388.2  13.5  49:50.92 nts	1693206121660
1326615 toao      20   0  138.2g  16.9g  11.0g S 411.8  13.5  49:55.23 nts	1693206122361
1326615 toao      20   0  138.2g  16.9g  11.0g S 394.1  13.5  49:59.54 nts	1693206123065
1326615 toao      20   0  138.2g  16.9g  11.0g S 388.2  13.5  50:03.78 nts	1693206123765
1326615 toao      20   0  138.2g  16.9g  11.0g S 311.8  13.5  50:08.27 nts	1693206124470
1326615 toao      20   0  138.2g  16.9g  11.0g S 288.2  13.5  50:12.77 nts	1693206125175
1326615 toao      20   0  139.0g  16.9g  11.0g S 217.6  13.5  50:17.02 nts	1693206125875
1326615 toao      20   0  139.0g  16.9g  11.0g S 470.6  13.5  50:21.46 nts	1693206126579
1326615 toao      20   0  139.0g  16.9g  11.0g S 225.0  13.5  50:25.81 nts	1693206127283
1326615 toao      20   0  139.0g  16.9g  11.0g S 625.0  13.5  50:30.15 nts	1693206127984
1326615 toao      20   0  139.0g  16.9g  11.0g S  1012  13.5  50:34.55 nts	1693206128683
1326615 toao      20   0  139.0g  16.9g  11.0g S  1400  13.5  50:38.93 nts	1693206129383
1326615 toao      20   0  139.0g  16.9g  11.0g S  1482  13.5  50:43.36 nts	1693206130087
1326615 toao      20   0  139.0g  16.9g  11.0g S  1541  13.5  50:47.84 nts	1693206130787
1326615 toao      20   0  139.6g  16.9g  11.0g S 782.4  13.5  50:50.95 nts	1693206131493
1326615 toao      20   0  139.6g  16.9g  11.0g S 447.1  13.5  50:54.79 nts	1693206132199
1326615 toao      20   0  139.0g  16.9g  11.0g S 405.9  13.5  50:59.07 nts	1693206132898
1326615 toao      20   0  139.0g  16.9g  11.0g S 394.1  13.5  51:03.49 nts	1693206133600
1326615 toao      20   0  139.0g  16.9g  11.0g S 400.0  13.5  51:07.84 nts	1693206134302
1326615 toao      20   0  139.0g  16.9g  11.0g S 400.0  13.5  51:12.20 nts	1693206135000
1326615 toao      20   0  139.0g  16.9g  11.0g S 431.2  13.5  51:16.46 nts	1693206135703
1326615 toao      20   0  139.0g  16.9g  11.0g S 405.9  13.5  51:20.96 nts	1693206136405
1326615 toao      20   0  139.0g  16.9g  11.0g S 411.8  13.5  51:25.23 nts	1693206137108
1326615 toao      20   0  139.0g  16.9g  11.0g S 400.0  13.5  51:29.47 nts	1693206137810
1326615 toao      20   0  139.0g  16.9g  11.0g S 405.9  13.5  51:33.84 nts	1693206138519
1326615 toao      20   0  139.0g  16.9g  11.0g S 300.0  13.5  51:37.91 nts	1693206139219
1326615 toao      20   0  139.0g  16.9g  11.0g S 382.4  13.5  51:42.19 nts	1693206139920
1326615 toao      20   0  139.0g  16.9g  11.0g S 358.8  13.5  51:46.55 nts	1693206140621
1326615 toao      20   0  139.0g  16.9g  11.0g S 306.2  13.5  51:50.85 nts	1693206141322
1326615 toao      20   0  139.0g  16.9g  11.0g S 243.8  13.5  51:55.08 nts	1693206142024
1326615 toao      20   0  139.0g  16.9g  11.0g S 205.9  13.5  51:59.39 nts	1693206142724
1326615 toao      20   0  139.0g  16.9g  11.0g S 305.9  13.5  52:03.75 nts	1693206143426
1326615 toao      20   0  139.0g  16.9g  11.0g S 500.0  13.5  52:08.04 nts	1693206144131
1326615 toao      20   0  139.0g  16.9g  11.0g S  1341  13.5  52:12.48 nts	1693206144831
1326615 toao      20   0  139.0g  16.9g  11.0g S  1435  13.5  52:16.96 nts	1693206145535
1326615 toao      20   0  139.0g  16.9g  11.0g S  1453  13.5  52:21.35 nts	1693206146238
1326615 toao      20   0  139.0g  16.9g  11.0g S  1518  13.5  52:25.82 nts	1693206146939
1326615 toao      20   0  139.0g  16.9g  11.0g S 964.7  13.5  52:30.07 nts	1693206147639
1326615 toao      20   0  139.0g  16.9g  11.0g S 682.4  13.5  52:34.36 nts	1693206148339
1326615 toao      20   0  139.0g  16.9g  11.0g S 211.8  13.5  52:38.55 nts	1693206149039
1326615 toao      20   0  139.0g  16.9g  11.0g S 211.8  13.5  52:42.64 nts	1693206149743
1326615 toao      20   0  139.0g  16.9g  11.0g S  1341  13.5  52:47.04 nts	1693206150446
1326615 toao      20   0  139.0g  16.9g  11.0g S  1476  13.5  52:51.49 nts	1693206151152
1326615 toao      20   0  139.0g  16.9g  11.0g S  1453  13.5  52:55.90 nts	1693206151854
1326615 toao      20   0  139.0g  16.9g  11.0g S  1541  13.5  53:00.34 nts	1693206152558
1326615 toao      20   0  139.0g  16.9g  11.0g S  1312  13.5  53:04.46 nts	1693206153259
1326615 toao      20   0  139.6g  16.9g  11.0g S 817.6  13.5  53:07.94 nts	1693206153959
1326615 toao      20   0  139.6g  16.9g  11.0g S  1012  13.5  53:12.38 nts	1693206154659
1326615 toao      20   0  139.6g  16.9g  11.0g S 687.5  13.5  53:16.26 nts	1693206155364
1326615 toao      20   0  137.8g  16.9g  11.0g S 282.4  13.5  53:21.80 nts	1693206156066
1326615 toao      20   0  137.8g  16.9g  11.0g S  1400  13.5  53:26.19 nts	1693206156769
1326615 toao      20   0  138.4g  16.9g  11.0g S  1471  13.5  53:30.62 nts	1693206157470
1326615 toao      20   0  138.4g  16.9g  11.0g S  1476  13.5  53:35.05 nts	1693206158171
1326615 toao      20   0  138.4g  16.9g  11.0g S  1638  13.5  53:39.42 nts	1693206158873
1326615 toao      20   0  138.4g  16.9g  11.0g S  1459  13.5  53:43.64 nts	1693206159577
1326615 toao      20   0  139.0g  16.9g  11.0g S  1441  13.5  53:47.91 nts	1693206160279
1326615 toao      20   0  139.0g  16.9g  11.0g S  1200  13.5  53:51.80 nts	1693206160980
1326615 toao      20   0  139.0g  16.9g  11.0g S  1581  13.5  53:56.66 nts	1693206161683
1326615 toao      20   0  139.4g  16.9g  11.0g S 450.0  13.5  53:59.11 nts	1693206162383
1326615 toao      20   0  139.6g  16.9g  11.0g S 682.4  13.5  54:03.93 nts	1693206163084
1326615 toao      20   0  139.0g  16.9g  11.0g S 394.1  13.5  54:07.77 nts	1693206163787
1326615 toao      20   0  139.0g  16.9g  11.0g S 377.8  13.5  54:12.09 nts	1693206164489
1326615 toao      20   0  139.0g  16.9g  11.0g S 423.5  13.5  54:16.46 nts	1693206165199
1326615 toao      20   0  139.0g  16.9g  11.0g S 394.1  13.5  54:20.79 nts	1693206165911
1326615 toao      20   0  139.0g  16.9g  11.0g S 405.9  13.5  54:25.10 nts	1693206166613
1326615 toao      20   0  139.0g  16.9g  11.0g S 405.9  13.5  54:29.65 nts	1693206167319
1326615 toao      20   0  139.0g  16.9g  11.0g S 437.5  13.5  54:34.08 nts	1693206168023
1326615 toao      20   0  139.0g  16.9g  11.0g S 405.9  13.5  54:38.37 nts	1693206168729
1326615 toao      20   0  139.0g  16.9g  11.0g S 405.9  13.5  54:42.82 nts	1693206169437
1326615 toao      20   0  139.0g  16.9g  11.0g S 394.1  13.5  54:47.10 nts	1693206170145
1326615 toao      20   0  139.0g  16.9g  11.0g S 400.0  13.5  54:51.43 nts	1693206170847
1326615 toao      20   0  139.0g  16.9g  11.0g S 405.9  13.5  54:55.72 nts	1693206171552
1326615 toao      20   0  139.0g  16.9g  11.0g S 405.9  13.5  55:00.04 nts	1693206172258
1326615 toao      20   0  139.0g  16.9g  11.0g S 382.4  13.5  55:04.58 nts	1693206172960
1326615 toao      20   0  139.0g  16.9g  11.0g S 350.0  13.5  55:09.09 nts	1693206173664
1326615 toao      20   0  139.0g  16.9g  11.0g S 264.7  13.5  55:13.37 nts	1693206174363
1326615 toao      20   0  139.0g  16.9g  11.0g S 252.9  13.5  55:17.84 nts	1693206175067
1326615 toao      20   0  139.0g  16.9g  11.0g S 288.2  13.5  55:22.32 nts	1693206175771
1326615 toao      20   0  139.0g  16.9g  11.0g S 282.4  13.5  55:26.89 nts	1693206176471
1326615 toao      20   0  139.0g  16.9g  11.0g S 205.9  13.5  55:31.23 nts	1693206177171
1326615 toao      20   0  139.0g  16.9g  11.0g S 841.2  13.5  55:35.59 nts	1693206177874
1326615 toao      20   0  139.0g  16.9g  11.0g S  1435  13.5  55:40.06 nts	1693206178579
1326615 toao      20   0  139.0g  16.9g  11.0g S  1441  13.5  55:44.44 nts	1693206179283
1326615 toao      20   0  139.0g  16.9g  11.0g S  1389  13.5  55:48.78 nts	1693206179991
1326615 toao      20   0  139.0g  16.9g  11.0g S  1281  13.5  55:52.60 nts	1693206180703
1326615 toao      20   0  139.6g  16.9g  11.0g S 868.8  13.5  55:56.20 nts	1693206181404
1326615 toao      20   0  139.0g  16.9g  11.0g S 400.0  13.5  55:59.95 nts	1693206182106
1326615 toao      20   0  139.0g  16.9g  11.0g S 400.0  13.5  56:04.46 nts	1693206182810
1326615 toao      20   0  139.0g  16.9g  11.0g S 394.1  13.5  56:08.90 nts	1693206183511
1326615 toao      20   0  139.0g  16.9g  11.0g S 394.1  13.5  56:13.31 nts	1693206184212
1326615 toao      20   0  139.0g  16.9g  11.0g S 388.2  13.5  56:17.64 nts	1693206184912
1326615 toao      20   0  139.0g  16.9g  11.0g S 377.8  13.5  56:22.03 nts	1693206185611
1326615 toao      20   0  139.0g  16.9g  11.0g S 405.9  13.5  56:26.52 nts	1693206186315
1326615 toao      20   0  139.0g  16.9g  11.0g S 394.1  13.5  56:30.85 nts	1693206187016
1326615 toao      20   0  139.0g  16.9g  11.0g S 400.0  13.5  56:35.34 nts	1693206187719
1326615 toao      20   0  139.0g  16.9g  11.0g S 394.1  13.5  56:39.70 nts	1693206188419
1326615 toao      20   0  139.0g  16.9g  11.0g S 382.4  13.5  56:44.03 nts	1693206189119
1326615 toao      20   0  139.0g  16.9g  11.0g S 364.7  13.5  56:48.34 nts	1693206189822
1326615 toao      20   0  139.0g  16.9g  11.0g S 294.1  13.5  56:52.59 nts	1693206190527
1326615 toao      20   0  139.0g  16.9g  11.0g S 217.6  13.5  56:56.91 nts	1693206191227
1326615 toao      20   0  139.0g  16.9g  11.0g S 217.6  13.5  57:01.24 nts	1693206191927
1326615 toao      20   0  139.0g  16.9g  11.0g S 223.5  13.5  57:05.57 nts	1693206192628
1326615 toao      20   0  139.0g  16.9g  11.0g S 441.2  13.5  57:09.95 nts	1693206193333
1326615 toao      20   0  139.0g  16.9g  11.0g S  1282  13.5  57:14.33 nts	1693206194036
1326615 toao      20   0  139.0g  16.9g  11.0g S  1400  13.5  57:18.73 nts	1693206194739
1326615 toao      20   0  139.0g  16.9g  11.0g S  1512  13.5  57:23.15 nts	1693206195442
1326615 toao      20   0  139.0g  16.9g  11.0g S 205.9  13.5  57:27.44 nts	1693206196144
1326615 toao      20   0  139.0g  16.9g  11.0g S 247.1  13.5  57:31.74 nts	1693206196846
1326615 toao      20   0  139.0g  16.9g  11.0g S 282.4  13.5  57:36.12 nts	1693206197550
1326615 toao      20   0  139.0g  16.9g  11.0g S 235.3  13.5  57:40.39 nts	1693206198248
1326615 toao      20   0  139.0g  16.9g  11.0g S 211.8  13.5  57:44.69 nts	1693206198951
1326615 toao      20   0  139.0g  16.9g  11.0g S 747.1  13.5  57:48.99 nts	1693206199655
1326615 toao      20   0  139.0g  16.9g  11.0g S  1353  13.5  57:53.48 nts	1693206200357
1326615 toao      20   0  139.0g  16.9g  11.0g S  1376  13.5  57:57.79 nts	1693206201058
1326615 toao      20   0  139.0g  16.9g  11.0g S  1429  13.5  58:02.16 nts	1693206201759
1326615 toao      20   0  139.0g  16.9g  11.0g S  1429  13.5  58:06.46 nts	1693206202459
1326615 toao      20   0  139.0g  16.9g  11.0g S  1588  13.5  58:10.93 nts	1693206203163
1326615 toao      20   0  139.0g  16.9g  11.0g S  1512  13.5  58:15.27 nts	1693206203864
1326615 toao      20   0  137.8g  16.9g  11.0g S 323.5  13.5  58:19.34 nts	1693206204564
1326615 toao      20   0  139.2g  16.9g  11.0g S 235.3  13.5  58:23.66 nts	1693206205269
1326615 toao      20   0  139.2g  16.9g  11.0g S 211.8  13.5  58:27.81 nts	1693206205975
1326615 toao      20   0  139.2g  16.9g  11.0g S 211.8  13.5  58:32.10 nts	1693206206675
1326615 toao      20   0  139.2g  16.9g  11.0g S 352.9  13.5  58:36.43 nts	1693206207379
1326615 toao      20   0  139.2g  16.9g  11.0g S 194.4  13.5  58:40.75 nts	1693206208082
1326615 toao      20   0  139.2g  16.9g  11.0g S 225.0  13.5  58:44.93 nts	1693206208783
1326615 toao      20   0  139.8g  16.9g  11.0g S 581.2  13.5  58:49.44 nts	1693206209483
1326615 toao      20   0  139.8g  16.9g  11.0g S 294.1  13.5  58:53.88 nts	1693206210183
1326615 toao      20   0  139.8g  16.9g  11.0g S  1259  13.5  58:58.42 nts	1693206210887
1326615 toao      20   0  139.8g  16.9g  11.0g S 582.4  13.5  59:02.88 nts	1693206211587
1326615 toao      20   0  139.8g  16.9g  11.0g S  1482  13.5  59:07.44 nts	1693206212291
1326615 toao      20   0  139.8g  16.9g  11.0g S  1476  13.5  59:11.91 nts	1693206212991
1326615 toao      20   0  139.8g  16.9g  11.0g S  1506  13.5  59:16.33 nts	1693206213695
1326615 toao      20   0  139.8g  16.9g  11.0g S  1376  13.5  59:20.60 nts	1693206214395
1326615 toao      20   0  139.8g  16.9g  11.0g S  1424  13.5  59:24.91 nts	1693206215095
1326615 toao      20   0  139.8g  16.9g  11.0g S  1429  13.5  59:29.18 nts	1693206215797
1326615 toao      20   0  139.8g  16.9g  11.0g S  1424  13.5  59:33.46 nts	1693206216498
1326615 toao      20   0  139.8g  16.9g  11.0g S  1476  13.5  59:37.85 nts	1693206217199
1326615 toao      20   0  139.8g  16.9g  11.0g S  1394  13.5  59:42.11 nts	1693206217900
1326615 toao      20   0  139.8g  16.9g  11.0g S  1562  13.5  59:46.51 nts	1693206218604
1326615 toao      20   0  139.8g  16.9g  11.0g S  1319  13.5  59:50.45 nts	1693206219303
1326615 toao      20   0  139.8g  16.9g  11.0g S 400.0  13.5  59:53.27 nts	1693206220003
1326615 toao      20   0  139.8g  16.9g  11.0g S 400.0  13.5  59:57.54 nts	1693206220707
1326615 toao      20   0  139.8g  16.9g  11.0g S 400.0  13.5  60:01.74 nts	1693206221407
1326615 toao      20   0  139.8g  16.9g  11.0g S 400.0  13.5  60:06.07 nts	1693206222108
1326615 toao      20   0  139.8g  16.9g  11.0g S 400.0  13.5  60:10.26 nts	1693206222807
1326615 toao      20   0  139.8g  16.9g  11.0g S 405.9  13.5  60:14.58 nts	1693206223509
1326615 toao      20   0  139.8g  16.9g  11.0g S 388.2  13.5  60:18.81 nts	1693206224211
1326615 toao      20   0  139.8g  16.9g  11.0g S 300.0  13.5  60:22.93 nts	1693206224911
1326615 toao      20   0  139.8g  16.9g  11.0g S 358.8  13.5  60:27.25 nts	1693206225615
1326615 toao      20   0  139.8g  16.9g  11.0g S 294.1  13.5  60:31.48 nts	1693206226320
1326615 toao      20   0  139.8g  16.9g  11.0g S 282.4  13.5  60:35.80 nts	1693206227026
1326615 toao      20   0  139.8g  16.9g  11.0g S 217.6  13.5  60:40.04 nts	1693206227727
1326615 toao      20   0  139.8g  16.9g  11.0g S 205.9  13.5  60:44.12 nts	1693206228431
1326615 toao      20   0  139.8g  16.9g  11.0g S 305.9  13.5  60:48.55 nts	1693206229132
1326615 toao      20   0  139.8g  16.9g  11.0g S 623.5  13.5  60:52.86 nts	1693206229835
1326615 toao      20   0  139.8g  16.9g  11.0g S  1329  13.5  60:57.22 nts	1693206230539
1326615 toao      20   0  139.8g  16.9g  11.0g S  1488  13.5  61:01.55 nts	1693206231243
1326615 toao      20   0  139.8g  16.9g  11.0g S  1531  13.5  61:05.95 nts	1693206231943
1326615 toao      20   0  139.8g  16.9g  11.0g S  1606  13.5  61:10.34 nts	1693206232644
1326615 toao      20   0  139.8g  16.9g  11.0g S  1394  13.5  61:14.52 nts	1693206233344
1326615 toao      20   0  139.8g  16.9g  11.0g S  1124  13.5  61:18.41 nts	1693206234051
1326615 toao      20   0  139.8g  16.9g  11.0g S 400.0  13.5  61:21.33 nts	1693206234755
1326615 toao      20   0  139.8g  16.9g  11.0g S 394.1  13.5  61:25.60 nts	1693206235459
1326615 toao      20   0  139.8g  16.9g  11.0g S 400.0  13.5  61:29.82 nts	1693206236159
1326615 toao      20   0  139.8g  16.9g  11.0g S 405.9  13.5  61:34.07 nts	1693206236859
1326615 toao      20   0  139.8g  16.9g  11.0g S 400.0  13.5  61:38.36 nts	1693206237562
1326615 toao      20   0  139.8g  16.9g  11.0g S 405.9  13.5  61:42.82 nts	1693206238267
1326615 toao      20   0  139.8g  16.9g  11.0g S 405.9  13.5  61:47.10 nts	1693206238970
1326615 toao      20   0  139.8g  16.9g  11.0g S 400.0  13.5  61:51.33 nts	1693206239674
1326615 toao      20   0  139.8g  16.9g  11.0g S 400.0  13.5  61:55.63 nts	1693206240378
1326615 toao      20   0  139.8g  16.9g  11.0g S 388.9  13.5  61:59.81 nts	1693206241081
1326615 toao      20   0  139.8g  16.9g  11.0g S 400.0  13.5  62:04.06 nts	1693206241789
1326615 toao      20   0  139.8g  16.9g  11.0g S 425.0  13.5  62:08.47 nts	1693206242495
1326615 toao      20   0  139.8g  16.9g  11.0g S 294.1  13.5  62:12.60 nts	1693206243195
1326615 toao      20   0  139.8g  16.9g  11.0g S 400.0  13.5  62:16.95 nts	1693206243898
1326615 toao      20   0  139.8g  16.9g  11.0g S 405.9  13.5  62:21.20 nts	1693206244599
1326615 toao      20   0  139.8g  16.9g  11.0g S 405.9  13.5  62:25.55 nts	1693206245298
1326615 toao      20   0  139.8g  16.9g  11.0g S 394.1  13.5  62:29.99 nts	1693206246007
1326615 toao      20   0  139.8g  16.9g  11.0g S 394.1  13.5  62:34.13 nts	1693206246708
1326615 toao      20   0  139.8g  16.9g  11.0g S 400.0  13.5  62:38.29 nts	1693206247406
1326615 toao      20   0  139.8g  16.9g  11.0g S 394.1  13.5  62:42.45 nts	1693206248108
1326615 toao      20   0  139.8g  16.9g  11.0g S 394.1  13.5  62:46.71 nts	1693206248807
1326615 toao      20   0  139.8g  16.9g  11.0g S 388.2  13.5  62:50.91 nts	1693206249511
1326615 toao      20   0  139.8g  16.9g  11.0g S 347.1  13.5  62:55.27 nts	1693206250214
1326615 toao      20   0  139.8g  16.9g  11.0g S 370.6  13.5  62:59.54 nts	1693206250919
1326615 toao      20   0  139.8g  16.9g  11.0g S 347.1  13.5  63:03.95 nts	1693206251618
1326615 toao      20   0  139.2g  16.9g  11.0g S 229.4  13.5  63:08.11 nts	1693206252322
1326615 toao      20   0       0      0      0 Z 100.0   0.0  63:08.93 nts	1693206253032
1326615 toao      20   0       0      0      0 Z 100.0   0.0  63:09.62 nts	1693206253743
1326615 toao      20   0       0      0      0 Z  94.4   0.0  63:10.31 nts	1693206254449
1326615 toao      20   0       0      0      0 Z 100.0   0.0  63:11.00 nts	1693206255159
