291425 toao      20   0 2566068  97888  67624 R 100.0   0.0   0:00.17 nts	1688360553296
291425 toao      20   0 5311784 228840 114184 R  3144   0.1   0:14.03 nts	1688360554002
291425 toao      20   0 5311784 228840 114184 R  2900   0.1   0:34.73 nts	1688360554698
291425 toao      20   0 5495888 357996 114416 R 200.0   0.2   0:47.19 nts	1688360555381
291425 toao      20   0 5495888 379116 114416 R 200.0   0.2   0:48.54 nts	1688360556061
291425 toao      20   0 5495888 382020 114416 R 200.0   0.2   0:49.89 nts	1688360556746
291425 toao      20   0 5495888 382020 114416 R 194.1   0.2   0:51.24 nts	1688360557426
291425 toao      20   0 5495888 382020 114416 S 200.0   0.2   0:52.59 nts	1688360558110
291425 toao      20   0 5495888 382020 114416 R 200.0   0.2   0:53.94 nts	1688360558794
291425 toao      20   0 5495888 382020 114416 R 194.1   0.2   0:55.30 nts	1688360559474
291425 toao      20   0 5495888 382020 114416 R 206.2   0.2   0:56.66 nts	1688360560161
291425 toao      20   0 5495888 382020 114416 R 212.5   0.2   0:58.03 nts	1688360560845
291425 toao      20   0 5495888 382020 114416 R 206.2   0.2   0:59.39 nts	1688360561535
291425 toao      20   0 5495888 382020 114416 R 200.0   0.2   1:00.74 nts	1688360562225
291425 toao      20   0 5495888 383604 114416 R 200.0   0.2   1:02.11 nts	1688360562909
291425 toao      20   0 5495888 386772 114416 R 206.2   0.2   1:03.48 nts	1688360563600
291425 toao      20   0 5495888 389676 114416 R 200.0   0.2   1:04.83 nts	1688360564291
291425 toao      20   0 5590676 391772 114480 R 162.5   0.2   1:06.13 nts	1688360564980
291425 toao      20   0 7220088   1.1g 114540 R 856.2   0.6   1:11.37 nts	1688360565667
291425 toao      20   0 7220088   1.1g 114540 S 906.2   0.6   1:16.50 nts	1688360566346
291425 toao      20   0 7220088   1.1g 114540 R  1050   0.6   1:22.91 nts	1688360567027
291425 toao      20   0 7220088   1.1g 114540 R  1069   0.6   1:29.58 nts	1688360567717
291425 toao      20   0 7220088   1.2g 114540 R 918.8   0.6   1:36.04 nts	1688360568404
291425 toao      20   0 7220088   1.2g 114540 R 929.4   0.7   1:42.26 nts	1688360569085
291425 toao      20   0 7220088   1.3g 114540 R 975.0   0.7   1:48.65 nts	1688360569770
291425 toao      20   0 8281996   1.3g 114572 R 747.1   0.7   1:54.67 nts	1688360570455
291425 toao      20   0 8281996   1.3g 114572 R 200.0   0.7   1:56.15 nts	1688360571146
291425 toao      20   0 8281996   1.3g 114572 R 206.2   0.7   1:57.52 nts	1688360571835
291425 toao      20   0 8281996   1.4g 114572 R 194.1   0.7   1:58.88 nts	1688360572523
291425 toao      20   0 8281996   1.4g 114572 R 206.2   0.7   2:00.24 nts	1688360573209
291425 toao      20   0 8281996   1.4g 114572 R 206.2   0.7   2:01.60 nts	1688360573896
291425 toao      20   0 8281996   1.4g 114572 R 188.2   0.7   2:02.96 nts	1688360574584
291425 toao      20   0 8281996   1.4g 114572 R 200.0   0.7   2:04.32 nts	1688360575271
291425 toao      20   0 8281996   1.4g 114572 R 200.0   0.7   2:05.68 nts	1688360575959
291425 toao      20   0 8281996   1.4g 114572 R 206.2   0.7   2:07.05 nts	1688360576648
291425 toao      20   0 8281996   1.4g 114572 R 193.8   0.7   2:08.40 nts	1688360577336
291425 toao      20   0 8281996   1.4g 114572 R 194.1   0.7   2:09.77 nts	1688360578024
291425 toao      20   0 8281996   1.4g 114572 R 206.2   0.7   2:11.13 nts	1688360578710
291425 toao      20   0 8281996   1.4g 114572 R 206.2   0.7   2:12.49 nts	1688360579396
291425 toao      20   0 9976944   1.5g 114572 R 693.8   0.8   2:15.67 nts	1688360580082
291425 toao      20   0 9976944   1.6g 114572 R  1731   0.9   2:25.03 nts	1688360580767
291425 toao      20   0 9976944   1.7g 114572 R  1188   0.9   2:35.59 nts	1688360581451
291425 toao      20   0 9976944   1.8g 114572 R 656.2   1.0   2:41.47 nts	1688360582141
291425 toao      20   0 9976944   1.9g 114572 R 606.2   1.0   2:45.33 nts	1688360582829
291425 toao      20   0 9976944   2.0g 114572 R 500.0   1.1   2:49.12 nts	1688360583513
291425 toao      20   0 9976944   2.1g 114572 R 593.8   1.1   2:53.19 nts	1688360584201
291425 toao      20   0 9976944   2.2g 114572 S 537.5   1.2   2:57.07 nts	1688360584883
291425 toao      20   0   10.7g   2.3g 114572 R 518.8   1.2   3:00.99 nts	1688360585571
291425 toao      20   0   10.8g   2.4g 114572 R 100.0   1.3   3:02.07 nts	1688360586253
291425 toao      20   0   10.8g   2.4g 114572 R 100.0   1.3   3:02.75 nts	1688360586944
291425 toao      20   0   10.8g   2.4g 114572 R 100.0   1.3   3:03.45 nts	1688360587632
291425 toao      20   0   10.8g   2.4g 114572 R 100.0   1.3   3:04.12 nts	1688360588321
291425 toao      20   0   10.8g   2.4g 114572 R 106.2   1.3   3:04.81 nts	1688360588999
291425 toao      20   0   10.8g   2.4g 114572 R  94.1   1.3   3:05.49 nts	1688360589685
291425 toao      20   0   10.8g   2.4g 114572 R 100.0   1.3   3:06.18 nts	1688360590373
291425 toao      20   0   11.7g   2.4g 114572 R 100.0   1.3   3:06.87 nts	1688360591060
291425 toao      20   0   11.7g   3.0g 114572 R 100.0   1.6   3:07.56 nts	1688360591749
291425 toao      20   0   11.7g   3.1g 114572 R 100.0   1.7   3:08.25 nts	1688360592440
291425 toao      20   0   11.7g   3.1g 114572 R 106.2   1.7   3:08.94 nts	1688360593129
291425 toao      20   0   11.7g   3.1g 114572 R 106.2   1.7   3:09.63 nts	1688360593818
291425 toao      20   0   11.7g   3.1g 114572 R 106.2   1.7   3:10.32 nts	1688360594508
291425 toao      20   0   11.7g   3.1g 114572 R 106.2   1.7   3:11.01 nts	1688360595195
291425 toao      20   0   11.7g   3.1g 114572 R  94.1   1.7   3:11.69 nts	1688360595884
291425 toao      20   0   11.7g   3.1g 114572 R 106.2   1.7   3:12.39 nts	1688360596571
291425 toao      20   0   11.7g   3.1g 114572 R 100.0   1.7   3:13.07 nts	1688360597260
291425 toao      20   0   11.7g   3.1g 114572 R 100.0   1.7   3:13.76 nts	1688360597948
291425 toao      20   0   11.7g   3.1g 114572 R 106.2   1.7   3:14.45 nts	1688360598636
291425 toao      20   0   11.7g   3.1g 114572 R  94.1   1.7   3:15.13 nts	1688360599324
291425 toao      20   0   11.7g   3.1g 114572 R 100.0   1.7   3:15.82 nts	1688360600012
291425 toao      20   0   11.7g   3.2g 114572 R 100.0   1.7   3:16.51 nts	1688360600700
291425 toao      20   0   11.7g   3.2g 114572 R 100.0   1.7   3:17.19 nts	1688360601387
291425 toao      20   0   11.7g   3.2g 114572 R 100.0   1.7   3:17.88 nts	1688360602075
291425 toao      20   0   11.7g   3.2g 114572 R 105.9   1.7   3:18.58 nts	1688360602764
291425 toao      20   0   11.7g   3.3g 114572 R  94.1   1.8   3:19.26 nts	1688360603454
291425 toao      20   0   11.7g   3.3g 114572 R  94.1   1.8   3:19.95 nts	1688360604143
291425 toao      20   0   11.7g   3.3g 114572 R  94.1   1.8   3:20.64 nts	1688360604833
291425 toao      20   0   17.2g   4.0g 297408 R 100.0   2.1   3:21.66 nts	1688360605524
291425 toao      20   0   18.2g   4.8g 448632 R  93.8   2.6   3:22.34 nts	1688360606215
291425 toao      20   0   19.5g   6.1g 506836 R  94.1   3.3   3:23.03 nts	1688360606904
291425 toao      20   0   19.5g   6.1g 506836 R 100.0   3.3   3:23.72 nts	1688360607592
291425 toao      20   0   19.5g   6.1g 506836 R 106.2   3.3   3:24.42 nts	1688360608280
291425 toao      20   0   30.7g   8.0g   2.3g R 106.2   4.3   3:25.10 nts	1688360608968
291425 toao      20   0   30.7g  11.0g   5.3g R 106.2   5.9   3:25.79 nts	1688360609657
291425 toao      20   0   30.7g  14.0g   8.4g R  94.1   7.5   3:26.47 nts	1688360610344
291425 toao      20   0   30.7g  17.0g  11.4g R 100.0   9.1   3:27.16 nts	1688360611032
291425 toao      20   0   30.8g  17.3g  11.6g R 106.2   9.2   3:27.85 nts	1688360611717
291425 toao      20   0   30.8g  17.3g  11.6g R 100.0   9.2   3:28.54 nts	1688360612403
291425 toao      20   0   30.8g  17.3g  11.6g R 100.0   9.2   3:29.22 nts	1688360613091
291425 toao      20   0   30.8g  17.3g  11.6g R 100.0   9.2   3:29.91 nts	1688360613778
291425 toao      20   0   30.8g  17.3g  11.6g R 100.0   9.2   3:30.60 nts	1688360614467
291425 toao      20   0   30.8g  17.3g  11.6g R 106.2   9.2   3:31.29 nts	1688360615155
291425 toao      20   0   30.8g  17.3g  11.6g R 100.0   9.2   3:31.97 nts	1688360615843
291425 toao      20   0   30.8g  17.3g  11.6g R 106.2   9.2   3:32.66 nts	1688360616528
291425 toao      20   0   30.8g  17.3g  11.6g R 100.0   9.2   3:33.34 nts	1688360617216
291425 toao      20   0   30.8g  17.3g  11.6g R 106.2   9.2   3:34.03 nts	1688360617900
291425 toao      20   0   30.8g  17.3g  11.6g R 106.2   9.2   3:34.72 nts	1688360618587
291425 toao      20   0   30.8g  17.3g  11.6g R 100.0   9.2   3:35.40 nts	1688360619276
291425 toao      20   0   30.8g  17.3g  11.6g R 100.0   9.2   3:36.09 nts	1688360619965
291425 toao      20   0   30.8g  17.3g  11.6g R  94.1   9.2   3:36.78 nts	1688360620654
291425 toao      20   0   30.8g  17.3g  11.6g R 100.0   9.2   3:37.47 nts	1688360621342
291425 toao      20   0   30.8g  17.3g  11.6g R 106.2   9.2   3:38.16 nts	1688360622031
291425 toao      20   0   30.8g  17.3g  11.6g R 106.2   9.2   3:38.85 nts	1688360622719
291425 toao      20   0   30.8g  17.3g  11.6g R 100.0   9.2   3:39.53 nts	1688360623407
291425 toao      20   0   30.8g  17.3g  11.6g R  94.1   9.2   3:40.22 nts	1688360624095
291425 toao      20   0   30.8g  17.3g  11.6g R 100.0   9.2   3:40.92 nts	1688360624782
291425 toao      20   0   30.8g  17.3g  11.6g R 100.0   9.3   3:41.60 nts	1688360625470
291425 toao      20   0   30.8g  17.3g  11.6g R 100.0   9.3   3:42.29 nts	1688360626160
291425 toao      20   0   30.8g  17.3g  11.6g R 100.0   9.3   3:42.98 nts	1688360626847
291425 toao      20   0   30.8g  17.3g  11.6g R 106.2   9.3   3:43.67 nts	1688360627535
291425 toao      20   0   30.8g  17.3g  11.6g R 100.0   9.3   3:44.36 nts	1688360628223
291425 toao      20   0   30.8g  17.3g  11.6g R 100.0   9.3   3:45.04 nts	1688360628911
291425 toao      20   0   30.8g  17.3g  11.6g R 106.2   9.3   3:45.74 nts	1688360629599
291425 toao      20   0   30.6g  17.4g  11.6g R 187.5   9.3   3:46.56 nts	1688360630289
291425 toao      20   0   30.8g  17.5g  11.6g R 312.5   9.3   3:47.59 nts	1688360630975
291425 toao      20   0   31.8g  17.5g  11.6g R  1700   9.3   3:59.17 nts	1688360631698
291425 toao      20   0   31.8g  17.5g  11.6g R  3044   9.3   4:09.89 nts	1688360632378
291425 toao      20   0   31.9g  17.6g  11.6g R  1812   9.4   4:18.79 nts	1688360633054
291425 toao      20   0   31.9g  17.6g  11.6g R 550.0   9.4   4:27.73 nts	1688360633755
291425 toao      20   0   31.9g  17.6g  11.6g R 200.0   9.4   4:38.04 nts	1688360634464
291425 toao      20   0   31.9g  17.6g  11.6g R 411.8   9.4   4:48.99 nts	1688360635170
291425 toao      20   0   31.9g  17.5g  11.6g R 605.9   9.4   4:59.80 nts	1688360635870
291425 toao      20   0   31.9g  17.5g  11.6g R  1300   9.4   5:10.83 nts	1688360636578
291425 toao      20   0   31.9g  17.5g  11.6g R  2181   9.4   5:21.78 nts	1688360637286
291425 toao      20   0   31.8g  17.5g  11.6g R  2056   9.3   5:32.55 nts	1688360637997
291425 toao      20   0   31.8g  17.5g  11.6g S  2117   9.3   5:43.45 nts	1688360638706
291425 toao      20   0   31.9g  17.6g  11.6g R  2556   9.4   5:53.55 nts	1688360639379
291425 toao      20   0   31.9g  17.6g  11.6g R  1719   9.4   6:03.15 nts	1688360640079
291425 toao      20   0   31.9g  17.6g  11.6g R 525.0   9.4   6:12.33 nts	1688360640789
291425 toao      20   0   31.9g  17.6g  11.6g R 662.5   9.4   6:23.43 nts	1688360641498
291425 toao      20   0   31.9g  17.6g  11.6g R 187.5   9.4   6:33.72 nts	1688360642220
291425 toao      20   0   31.9g  17.6g  11.6g R 194.4   9.4   6:44.71 nts	1688360642922
291425 toao      20   0   31.9g  17.6g  11.6g R 270.6   9.4   6:55.43 nts	1688360643638
291425 toao      20   0   31.9g  17.6g  11.6g R 775.0   9.4   7:06.44 nts	1688360644354
291425 toao      20   0   31.8g  17.5g  11.6g S  1888   9.3   7:17.50 nts	1688360645054
291425 toao      20   0   31.9g  17.6g  11.6g R  2531   9.4   7:27.48 nts	1688360645732
291425 toao      20   0   31.9g  17.6g  11.6g R  2165   9.4   7:38.07 nts	1688360646434
291425 toao      20   0   31.9g  17.6g  11.6g R  2280   9.4   7:48.71 nts	1688360647149
291425 toao      20   0   31.9g  17.6g  11.6g R  1881   9.4   7:59.27 nts	1688360647856
291425 toao      20   0   31.9g  17.6g  11.6g R 352.9   9.4   8:07.76 nts	1688360648582
291425 toao      20   0   31.9g  17.5g  11.6g R 631.2   9.4   8:18.73 nts	1688360649294
291425 toao      20   0   31.9g  17.5g  11.6g R  1994   9.4   8:29.75 nts	1688360649977
291425 toao      20   0   31.9g  17.5g  11.6g R  2059   9.3   8:40.47 nts	1688360650694
291425 toao      20   0   31.9g  17.6g  11.6g R  2350   9.4   8:49.89 nts	1688360651354
291425 toao      20   0   31.8g  17.5g  11.6g S 106.2   9.3   8:52.17 nts	1688360652046
291425 toao      20   0   31.9g  17.6g  11.6g R  2669   9.4   8:57.11 nts	1688360652729
291425 toao      20   0   31.9g  17.6g  11.6g R 761.1   9.4   9:06.39 nts	1688360653424
291425 toao      20   0   31.9g  17.6g  11.6g R 305.9   9.4   9:16.38 nts	1688360654181
291425 toao      20   0   31.9g  17.5g  11.6g R  1100   9.4   9:27.39 nts	1688360654882
291425 toao      20   0   31.9g  17.5g  11.6g R  1156   9.4   9:38.26 nts	1688360655583
291425 toao      20   0   31.9g  17.5g  11.6g R  1017   9.4   9:49.18 nts	1688360656310
291425 toao      20   0   31.9g  17.6g  11.6g R  1238   9.4   9:59.96 nts	1688360657018
291425 toao      20   0   31.8g  17.5g  11.6g S  1035   9.3  10:10.66 nts	1688360657742
291425 toao      20   0   31.9g  17.5g  11.6g R  2231   9.4  10:17.09 nts	1688360658441
291425 toao      20   0   31.8g  17.5g  11.6g R  2762   9.3  10:27.74 nts	1688360659122
291425 toao      20   0   31.9g  17.6g  11.6g R  2500   9.4  10:37.53 nts	1688360659801
291425 toao      20   0   31.9g  17.6g  11.6g R  2244   9.4  10:47.98 nts	1688360660496
291425 toao      20   0   31.9g  17.6g  11.6g R  1138   9.4  10:57.28 nts	1688360661192
291425 toao      20   0   31.9g  17.6g  11.6g R 758.8   9.4  11:07.56 nts	1688360661880
291425 toao      20   0   31.9g  17.6g  11.6g R 593.8   9.4  11:18.21 nts	1688360662612
291425 toao      20   0   31.9g  17.6g  11.6g R 231.2   9.4  11:28.23 nts	1688360663293
291425 toao      20   0   31.9g  17.6g  11.6g R 300.0   9.4  11:39.13 nts	1688360663983
291425 toao      20   0   31.8g  17.5g  11.6g R  2250   9.3  11:50.16 nts	1688360664694
291425 toao      20   0   31.8g  17.5g  11.6g R  2888   9.3  12:00.68 nts	1688360665366
291425 toao      20   0   31.9g  17.6g  11.6g R  2712   9.4  12:10.81 nts	1688360666045
291425 toao      20   0   31.9g  17.6g  11.6g R  2462   9.4  12:21.21 nts	1688360666737
291425 toao      20   0   31.9g  17.6g  11.6g R  1275   9.4  12:30.39 nts	1688360667442
291425 toao      20   0   31.9g  17.6g  11.6g R 456.2   9.4  12:39.91 nts	1688360668144
291425 toao      20   0   31.9g  17.5g  11.6g R 306.2   9.4  12:50.63 nts	1688360668844
291425 toao      20   0   31.9g  17.5g  11.6g R  1506   9.4  13:01.70 nts	1688360669558
291425 toao      20   0   31.9g  17.5g  11.6g R  1739   9.4  13:12.53 nts	1688360670250
291425 toao      20   0   31.9g  17.5g  11.6g R  1711   9.3  13:23.45 nts	1688360670978
291425 toao      20   0   31.9g  17.6g  11.6g R  2953   9.4  13:34.28 nts	1688360671645
291425 toao      20   0   31.9g  17.6g  11.6g R  2488   9.4  13:44.08 nts	1688360672328
291425 toao      20   0   31.9g  17.6g  11.6g R 952.9   9.4  13:52.46 nts	1688360673025
291425 toao      20   0   31.9g  17.6g  11.6g R 156.2   9.4  14:02.13 nts	1688360673728
291425 toao      20   0   31.9g  17.5g  11.6g R  1338   9.4  14:13.30 nts	1688360674438
291425 toao      20   0   31.9g  17.5g  11.6g R  1594   9.4  14:24.30 nts	1688360675126
291425 toao      20   0   31.8g  17.5g  11.6g S  1865   9.3  14:35.15 nts	1688360675854
291425 toao      20   0   31.9g  17.6g  11.6g R  1781   9.4  14:43.93 nts	1688360676528
291425 toao      20   0   31.9g  17.6g  11.6g R 156.2   9.4  14:52.50 nts	1688360677241
291425 toao      20   0   33.2g  17.6g  11.7g R  1144   9.4  15:04.64 nts	1688360677942
291425 toao      20   0   59.9g  19.6g  13.5g R 220.0  10.5  15:06.98 nts	1688360678625
291425 toao      20   0   67.2g  20.5g  14.5g S  1806  10.9  15:11.47 nts	1688360679307
291425 toao      20   0   68.6g  20.6g  14.5g S  1531  11.0  15:22.01 nts	1688360679992
291425 toao      20   0   69.2g  20.6g  14.5g S  1431  11.0  15:33.18 nts	1688360680678
291425 toao      20   0   69.2g  20.6g  14.5g S  1560  11.0  15:44.37 nts	1688360681366
291425 toao      20   0   69.1g  20.5g  14.5g S  1262  10.9  15:55.26 nts	1688360682045
291425 toao      20   0   69.1g  20.5g  14.5g S  1850  10.9  16:06.42 nts	1688360682731
291425 toao      20   0   69.2g  20.6g  14.5g S  1688  11.0  16:17.44 nts	1688360683412
291425 toao      20   0   69.7g  20.6g  14.5g S  1506  11.0  16:28.39 nts	1688360684095
291425 toao      20   0   69.1g  20.5g  14.5g S  1294  10.9  16:39.42 nts	1688360684785
291425 toao      20   0   70.0g  20.5g  14.5g S  1781  10.9  16:50.38 nts	1688360685467
291425 toao      20   0   70.1g  20.6g  14.5g S  1638  11.0  17:01.90 nts	1688360686147
291425 toao      20   0   70.1g  20.6g  14.5g S  1382  11.0  17:13.07 nts	1688360686834
291425 toao      20   0   70.0g  20.5g  14.5g S  1288  10.9  17:23.88 nts	1688360687526
291425 toao      20   0   70.1g  20.6g  14.5g S  1641  11.0  17:35.30 nts	1688360688215
291425 toao      20   0   70.0g  20.5g  14.5g S  1835  10.9  17:46.80 nts	1688360688905
291425 toao      20   0   70.0g  20.5g  14.5g S  1925  11.0  17:58.01 nts	1688360689587
291425 toao      20   0   70.1g  20.6g  14.5g S  1525  11.0  18:08.77 nts	1688360690274
291425 toao      20   0   70.0g  20.5g  14.5g S  1875  10.9  18:20.37 nts	1688360690973
291425 toao      20   0   76.3g  20.5g  14.5g S  1400  10.9  18:31.12 nts	1688360691663
291425 toao      20   0   76.4g  20.6g  14.5g S  1612  11.0  18:42.35 nts	1688360692342
291425 toao      20   0   76.3g  20.5g  14.5g S  1518  10.9  18:52.96 nts	1688360693033
291425 toao      20   0   76.3g  20.5g  14.5g S  1806  10.9  19:03.93 nts	1688360693717
291425 toao      20   0   76.4g  20.5g  14.5g S  1281  11.0  19:14.44 nts	1688360694410
291425 toao      20   0   76.4g  20.6g  14.5g S  1638  11.0  19:25.30 nts	1688360695099
291425 toao      20   0   76.3g  20.5g  14.5g S  1750  10.9  19:36.27 nts	1688360695786
291425 toao      20   0   76.3g  20.5g  14.5g S  1794  10.9  19:47.35 nts	1688360696475
291425 toao      20   0   76.4g  20.6g  14.5g S  1419  11.0  19:57.86 nts	1688360697157
291425 toao      20   0   76.5g  20.5g  14.5g S  1712  10.9  20:09.08 nts	1688360697842
291425 toao      20   0   76.5g  20.5g  14.5g S  1594  10.9  20:19.94 nts	1688360698527
291425 toao      20   0   76.4g  20.5g  14.5g S  1812  10.9  20:31.32 nts	1688360699210
291425 toao      20   0   76.4g  20.5g  14.5g S  1769  10.9  20:42.63 nts	1688360699891
291425 toao      20   0   76.5g  20.6g  14.5g S  1469  11.0  20:53.01 nts	1688360700567
291425 toao      20   0   76.5g  20.6g  14.5g S  1400  11.0  21:04.24 nts	1688360701265
291425 toao      20   0   76.5g  20.5g  14.5g S  1531  10.9  21:15.28 nts	1688360701950
291425 toao      20   0   76.5g  20.5g  14.5g S  1831  10.9  21:26.60 nts	1688360702636
291425 toao      20   0   76.5g  20.6g  14.5g S  1494  11.0  21:37.58 nts	1688360703321
291425 toao      20   0   74.7g  20.5g  14.5g S  1444  11.0  21:48.43 nts	1688360704018
291425 toao      20   0   76.5g  20.5g  14.5g S  1888  11.0  21:59.56 nts	1688360704706
291425 toao      20   0   76.5g  20.5g  14.5g S  1388  10.9  22:10.12 nts	1688360705391
291425 toao      20   0   76.5g  20.5g  14.5g S  1682  10.9  22:21.06 nts	1688360706074
291425 toao      20   0   76.5g  20.5g  14.5g S  1431  10.9  22:31.50 nts	1688360706755
291425 toao      20   0   76.4g  20.5g  14.5g S  1812  10.9  22:42.58 nts	1688360707437
291425 toao      20   0   76.5g  20.5g  14.5g S  1438  10.9  22:53.25 nts	1688360708117
291425 toao      20   0   76.5g  20.5g  14.5g S  1424  10.9  23:04.48 nts	1688360708815
291425 toao      20   0   76.4g  20.5g  14.5g S  1706  10.9  23:15.59 nts	1688360709485
291425 toao      20   0   76.5g  20.5g  14.5g S  1431  10.9  23:26.33 nts	1688360710165
291425 toao      20   0   76.5g  20.6g  14.5g S  1525  11.0  23:37.71 nts	1688360710866
291425 toao      20   0   76.5g  20.5g  14.5g S  1362  10.9  23:48.61 nts	1688360711550
291425 toao      20   0   76.5g  20.5g  14.5g S  1644  10.9  23:59.96 nts	1688360712236
291425 toao      20   0   76.4g  20.5g  14.5g S  1659  10.9  24:10.86 nts	1688360712922
291425 toao      20   0   76.5g  20.5g  14.5g S  1538  10.9  24:22.22 nts	1688360713607
291425 toao      20   0   76.5g  20.5g  14.5g S  1750  11.0  24:33.57 nts	1688360714298
291425 toao      20   0   76.5g  20.5g  14.5g S  1462  10.9  24:43.96 nts	1688360714989
291425 toao      20   0   76.5g  20.6g  14.5g S  1544  11.0  24:54.89 nts	1688360715677
291425 toao      20   0   76.4g  20.5g  14.5g S  1682  10.9  25:06.11 nts	1688360716364
291425 toao      20   0   76.5g  20.5g  14.5g S  1588  10.9  25:16.92 nts	1688360717051
291425 toao      20   0   76.5g  20.6g  14.5g S  1388  11.0  25:27.65 nts	1688360717732
291425 toao      20   0   76.5g  20.6g  14.5g S  1656  11.0  25:38.80 nts	1688360718421
291425 toao      20   0   76.4g  20.5g  14.5g S  1869  10.9  25:49.99 nts	1688360719107
291425 toao      20   0   76.5g  20.6g  14.5g S  1438  11.0  26:00.50 nts	1688360719789
291425 toao      20   0   76.4g  20.5g  14.5g S  1756  10.9  26:11.56 nts	1688360720472
291425 toao      20   0   76.5g  20.6g  14.5g S  1500  11.0  26:22.37 nts	1688360721153
291425 toao      20   0   76.5g  20.5g  14.5g S  1425  10.9  26:33.57 nts	1688360721855
291425 toao      20   0   76.4g  20.5g  14.5g S  1831  10.9  26:44.80 nts	1688360722544
291425 toao      20   0   76.5g  20.5g  14.5g S  1631  10.9  26:55.80 nts	1688360723221
291425 toao      20   0   76.5g  20.5g  14.5g S  1700  10.9  27:06.86 nts	1688360723905
291425 toao      20   0   76.5g  20.6g  14.5g S  1650  11.0  27:17.73 nts	1688360724585
291425 toao      20   0   76.5g  20.6g  14.5g S  1431  11.0  27:28.60 nts	1688360725271
291425 toao      20   0   76.5g  20.6g  14.5g S  1529  11.0  27:40.05 nts	1688360725956
291425 toao      20   0   76.5g  20.5g  14.5g S  1471  10.9  27:51.08 nts	1688360726646
291425 toao      20   0   76.5g  20.5g  14.5g S  1359  10.9  28:02.24 nts	1688360727332
291425 toao      20   0   76.4g  20.5g  14.5g S  1769  10.9  28:13.43 nts	1688360728017
291425 toao      20   0   76.5g  20.5g  14.5g S  1444  10.9  28:24.18 nts	1688360728701
291425 toao      20   0   75.3g  20.5g  14.5g S  1259  10.9  28:35.01 nts	1688360729394
291425 toao      20   0   76.4g  20.5g  14.5g S  1850  10.9  28:46.32 nts	1688360730081
291425 toao      20   0   76.5g  20.5g  14.5g S  1244  11.0  28:56.50 nts	1688360730770
291425 toao      20   0   76.6g  20.6g  14.5g S  1544  11.0  29:08.01 nts	1688360731452
291425 toao      20   0   76.5g  20.5g  14.5g S  1506  11.0  29:18.89 nts	1688360732145
291425 toao      20   0   76.5g  20.6g  14.5g S  1731  11.0  29:29.83 nts	1688360732832
291425 toao      20   0   76.5g  20.6g  14.5g S  1494  11.0  29:40.91 nts	1688360733514
291425 toao      20   0   76.5g  20.6g  14.5g S  1475  11.0  29:51.91 nts	1688360734196
291425 toao      20   0   76.5g  20.5g  14.5g S  1465  11.0  30:03.43 nts	1688360734899
291425 toao      20   0   76.4g  20.5g  14.5g S  1712  11.0  30:14.54 nts	1688360735579
291425 toao      20   0   76.5g  20.5g  14.5g S  1662  11.0  30:25.37 nts	1688360736260
291425 toao      20   0   76.5g  20.6g  14.5g S  1600  11.0  30:36.19 nts	1688360736947
291425 toao      20   0   76.4g  20.5g  14.5g S  1706  11.0  30:47.60 nts	1688360737626
291425 toao      20   0   76.5g  20.6g  14.5g S  1438  11.0  30:58.13 nts	1688360738305
291425 toao      20   0   76.5g  20.5g  14.5g S  1431  11.0  31:09.49 nts	1688360738998
291425 toao      20   0   76.5g  20.5g  14.5g S  1569  11.0  31:20.91 nts	1688360739682
291425 toao      20   0   76.5g  20.5g  14.5g S  1331  11.0  31:31.32 nts	1688360740370
291425 toao      20   0   76.4g  20.5g  14.5g S  1494  11.0  31:41.90 nts	1688360741055
291425 toao      20   0   75.9g  20.6g  14.5g S  1750  11.0  31:52.46 nts	1688360741739
291425 toao      20   0   76.5g  20.6g  14.5g S  1741  11.0  32:03.05 nts	1688360742424
291425 toao      20   0   76.4g  20.5g  14.5g S  1812  11.0  32:13.63 nts	1688360743119
291425 toao      20   0   76.5g  20.5g  14.5g S  1612  11.0  32:23.87 nts	1688360743812
291425 toao      20   0   76.5g  20.5g  14.5g S  1347  11.0  32:34.43 nts	1688360744506
291425 toao      20   0   76.5g  20.5g  14.5g S  1306  11.0  32:44.69 nts	1688360745190
291425 toao      20   0   76.5g  20.5g  14.5g S  1271  11.0  32:55.03 nts	1688360745875
291425 toao      20   0   76.5g  20.6g  14.5g S  1388  11.0  33:05.87 nts	1688360746577
291425 toao      20   0   76.4g  20.5g  14.5g S  1775  11.0  33:16.75 nts	1688360747266
291425 toao      20   0   76.4g  20.5g  14.5g S  1612  11.0  33:27.11 nts	1688360747951
291425 toao      20   0   76.5g  20.6g  14.5g S  1656  11.0  33:37.62 nts	1688360748639
291425 toao      20   0   76.5g  20.6g  14.5g S  1559  11.0  33:48.20 nts	1688360749325
291425 toao      20   0   76.4g  20.5g  14.5g S  1812  11.0  33:58.88 nts	1688360750009
291425 toao      20   0   76.5g  20.5g  14.5g S  1265  11.0  34:09.23 nts	1688360750706
291425 toao      20   0   76.5g  20.6g  14.5g S  1500  11.0  34:19.57 nts	1688360751389
291425 toao      20   0   76.5g  20.5g  14.5g S  1247  11.0  34:30.39 nts	1688360752085
291425 toao      20   0   76.5g  20.5g  14.5g S  1318  11.0  34:41.13 nts	1688360752775
291425 toao      20   0   76.8g  20.6g  14.5g S  1569  11.0  34:51.81 nts	1688360753463
291425 toao      20   0   76.4g  20.5g  14.5g S  1606  11.0  35:02.87 nts	1688360754154
291425 toao      20   0   76.4g  20.5g  14.5g S  1641  11.0  35:13.40 nts	1688360754841
291425 toao      20   0   75.2g  20.5g  14.5g S  1819  11.0  35:24.28 nts	1688360755525
291425 toao      20   0   76.5g  20.6g  14.5g S  1388  11.0  35:35.21 nts	1688360756216
291425 toao      20   0   76.5g  20.5g  14.5g S  1931  11.0  35:46.37 nts	1688360756902
291425 toao      20   0   76.5g  20.6g  14.5g S  1775  11.0  35:57.21 nts	1688360757583
291425 toao      20   0   76.5g  20.5g  14.5g S  1619  11.0  36:07.83 nts	1688360758267
291425 toao      20   0   76.5g  20.6g  14.5g S  1656  11.0  36:18.79 nts	1688360758955
291425 toao      20   0   76.5g  20.6g  14.5g S  1525  11.0  36:28.91 nts	1688360759636
291425 toao      20   0   76.5g  20.5g  14.5g S  1406  11.0  36:39.68 nts	1688360760326
291425 toao      20   0   76.5g  20.5g  14.5g S  1747  11.0  36:50.95 nts	1688360761015
291425 toao      20   0   76.6g  20.5g  14.5g S  1262  11.0  37:01.50 nts	1688360761711
291425 toao      20   0   76.7g  20.6g  14.5g S  1638  11.0  37:12.96 nts	1688360762396
291425 toao      20   0   76.6g  20.5g  14.5g S  1400  11.0  37:23.70 nts	1688360763087
291425 toao      20   0   76.6g  20.5g  14.5g S  1531  11.0  37:35.16 nts	1688360763778
291425 toao      20   0   76.7g  20.6g  14.5g S  1388  11.0  37:46.59 nts	1688360764472
291425 toao      20   0   76.7g  20.6g  14.5g S  1512  11.0  37:57.85 nts	1688360765159
291425 toao      20   0   76.6g  20.5g  14.5g S  1638  11.0  38:09.04 nts	1688360765855
291425 toao      20   0   76.6g  20.5g  14.5g S  1731  11.0  38:20.24 nts	1688360766540
291425 toao      20   0   76.6g  20.5g  14.5g S  1862  11.0  38:31.03 nts	1688360767225
291425 toao      20   0   76.6g  20.5g  14.5g S  1762  11.0  38:42.00 nts	1688360767911
291425 toao      20   0   76.0g  20.6g  14.5g S  1394  11.0  38:52.88 nts	1688360768592
291425 toao      20   0   76.6g  20.5g  14.5g S  1694  11.0  39:04.23 nts	1688360769292
291425 toao      20   0   76.6g  20.5g  14.5g S  1831  11.0  39:15.30 nts	1688360769977
291425 toao      20   0   76.6g  20.5g  14.5g S  1481  11.0  39:25.83 nts	1688360770656
291425 toao      20   0   76.6g  20.5g  14.5g S  1875  11.0  39:37.07 nts	1688360771347
291425 toao      20   0   76.7g  20.6g  14.5g S  1341  11.0  39:47.61 nts	1688360772033
291425 toao      20   0   76.6g  20.5g  14.5g S  1394  11.0  39:58.65 nts	1688360772720
291425 toao      20   0   76.7g  20.6g  14.5g S  1600  11.0  40:09.71 nts	1688360773405
291425 toao      20   0   76.7g  20.5g  14.5g S  1324  11.0  40:20.50 nts	1688360774087
291425 toao      20   0   76.7g  20.5g  14.5g S  1794  11.0  40:31.49 nts	1688360774779
291425 toao      20   0   76.7g  20.5g  14.5g S  1806  11.0  40:42.59 nts	1688360775467
291425 toao      20   0   76.8g  20.6g  14.5g S  1675  11.0  40:53.66 nts	1688360776150
291425 toao      20   0   76.8g  20.6g  14.5g S  1488  11.0  41:04.29 nts	1688360776832
291425 toao      20   0   76.8g  20.6g  14.5g S  1669  11.0  41:15.82 nts	1688360777528
291425 toao      20   0   76.7g  20.5g  14.5g S  1856  11.0  41:26.79 nts	1688360778210
291425 toao      20   0   76.8g  20.6g  14.5g S  1500  11.0  41:37.45 nts	1688360778892
291425 toao      20   0   76.7g  20.5g  14.5g S  1481  11.0  41:48.47 nts	1688360779583
291425 toao      20   0   76.8g  20.6g  14.5g S  1550  11.0  41:59.32 nts	1688360780266
291425 toao      20   0   75.6g  20.6g  14.5g S  1562  11.0  42:10.37 nts	1688360780956
291425 toao      20   0   76.8g  20.6g  14.5g S  1576  11.0  42:21.09 nts	1688360781645
291425 toao      20   0   76.8g  20.6g  14.5g S  1347  11.0  42:31.92 nts	1688360782345
291425 toao      20   0   76.8g  20.6g  14.5g S  1347  11.0  42:43.26 nts	1688360783036
291425 toao      20   0   76.7g  20.5g  14.5g S  1576  11.0  42:54.43 nts	1688360783732
291425 toao      20   0   76.8g  20.6g  14.5g S  1588  11.0  43:05.16 nts	1688360784419
291425 toao      20   0   76.7g  20.5g  14.5g S  1812  11.0  43:16.08 nts	1688360785104
291425 toao      20   0   76.7g  20.5g  14.5g S  1706  11.0  43:27.21 nts	1688360785783
291425 toao      20   0   76.8g  20.6g  14.5g S  1831  11.0  43:38.41 nts	1688360786473
291425 toao      20   0   76.8g  20.6g  14.5g S  1650  11.0  43:49.26 nts	1688360787162
291425 toao      20   0   76.7g  20.5g  14.5g S  1844  11.0  44:00.71 nts	1688360787845
291425 toao      20   0   76.8g  20.6g  14.5g S  1475  11.0  44:11.54 nts	1688360788530
291425 toao      20   0   76.8g  20.6g  14.5g S  1565  11.0  44:23.19 nts	1688360789227
291425 toao      20   0   76.8g  20.6g  14.5g S  1475  11.0  44:33.93 nts	1688360789933
291425 toao      20   0   76.7g  20.5g  14.5g S  1576  11.0  44:45.20 nts	1688360790614
291425 toao      20   0   76.8g  20.6g  14.5g S  1781  11.0  44:56.15 nts	1688360791299
291425 toao      20   0   76.7g  20.5g  14.5g S  1475  11.0  45:06.89 nts	1688360791991
291425 toao      20   0   76.8g  20.6g  14.5g S  1550  11.0  45:17.84 nts	1688360792674
291425 toao      20   0   74.9g  20.5g  14.5g S  1282  11.0  45:28.41 nts	1688360793361
291425 toao      20   0   76.2g  20.6g  14.5g S  1438  11.0  45:38.82 nts	1688360794047
291425 toao      20   0   76.7g  20.5g  14.5g S  1781  11.0  45:49.76 nts	1688360794732
291425 toao      20   0   76.8g  20.6g  14.5g S  1819  11.0  46:01.03 nts	1688360795417
291425 toao      20   0   76.7g  20.5g  14.5g S  1788  11.0  46:11.58 nts	1688360796102
291425 toao      20   0   76.8g  20.6g  14.5g S  1712  11.0  46:22.62 nts	1688360796789
291425 toao      20   0   76.7g  20.5g  14.5g S  1631  11.0  46:33.30 nts	1688360797470
291425 toao      20   0   76.8g  20.6g  14.5g S  1681  11.0  46:44.13 nts	1688360798154
291425 toao      20   0   76.7g  20.5g  14.5g S  1450  11.0  46:54.81 nts	1688360798838
291425 toao      20   0   76.7g  20.5g  14.5g S  1906  11.0  47:06.31 nts	1688360799527
291425 toao      20   0   76.7g  20.6g  14.5g S  1512  11.0  47:17.34 nts	1688360800213
291425 toao      20   0   76.7g  20.5g  14.5g S  1762  11.0  47:28.59 nts	1688360800901
291425 toao      20   0   76.8g  20.6g  14.5g S  1694  11.0  47:39.57 nts	1688360801590
291425 toao      20   0   76.8g  20.6g  14.5g S  1700  11.0  47:50.51 nts	1688360802272
291425 toao      20   0   76.8g  20.6g  14.5g S  1831  11.0  48:01.77 nts	1688360802957
291425 toao      20   0   76.7g  20.5g  14.5g S  1788  11.0  48:12.29 nts	1688360803639
291425 toao      20   0   76.8g  20.6g  14.5g S  1606  11.0  48:23.09 nts	1688360804322
291425 toao      20   0   76.7g  20.5g  14.5g S  1650  11.0  48:33.91 nts	1688360805005
291425 toao      20   0   76.7g  20.5g  14.5g S  1438  11.0  48:44.79 nts	1688360805693
291425 toao      20   0       0      0      0 Z 106.2   0.0  48:50.28 nts	1688360806378
291425 toao      20   0       0      0      0 Z  93.8   0.0  48:50.95 nts	1688360807060
291425 toao      20   0       0      0      0 Z 106.2   0.0  48:51.59 nts	1688360807747
291425 toao      20   0       0      0      0 Z 100.0   0.0  48:52.27 nts	1688360808432
