| 50%   55C    P5    29W / 250W |      5MiB / 11019MiB |      0%      Default |	1688360553297
| 50%   55C    P5    20W / 250W |      5MiB / 11019MiB |      0%      Default |	1688360553858
| 50%   54C    P5    21W / 250W |      5MiB / 11019MiB |      0%      Default |	1688360554406
| 50%   54C    P8    17W / 250W |      5MiB / 11019MiB |      0%      Default |	1688360554952
| 50%   54C    P8    18W / 250W |      5MiB / 11019MiB |      0%      Default |	1688360555497
| 50%   53C    P8    17W / 250W |      5MiB / 11019MiB |      0%      Default |	1688360556036
| 50%   53C    P8    17W / 250W |      5MiB / 11019MiB |      0%      Default |	1688360556572
| 50%   53C    P8    18W / 250W |      5MiB / 11019MiB |      0%      Default |	1688360557111
| 50%   53C    P8    17W / 250W |      5MiB / 11019MiB |      0%      Default |	1688360557650
| 50%   53C    P8    17W / 250W |      5MiB / 11019MiB |      0%      Default |	1688360558186
| 50%   53C    P8    17W / 250W |      5MiB / 11019MiB |      0%      Default |	1688360558722
| 50%   52C    P8    17W / 250W |      5MiB / 11019MiB |      0%      Default |	1688360559258
| 50%   52C    P8    17W / 250W |      5MiB / 11019MiB |      0%      Default |	1688360559798
| 50%   52C    P8    17W / 250W |      5MiB / 11019MiB |      0%      Default |	1688360560339
| 50%   52C    P8    17W / 250W |      5MiB / 11019MiB |      0%      Default |	1688360560878
| 50%   52C    P8    17W / 250W |      5MiB / 11019MiB |      0%      Default |	1688360561418
| 50%   52C    P8    17W / 250W |      5MiB / 11019MiB |      0%      Default |	1688360561956
| 50%   51C    P8    17W / 250W |      5MiB / 11019MiB |      0%      Default |	1688360562495
| 50%   51C    P8    17W / 250W |      5MiB / 11019MiB |      0%      Default |	1688360563035
| 50%   51C    P8    18W / 250W |      5MiB / 11019MiB |      0%      Default |	1688360563575
| 50%   51C    P8    17W / 250W |      5MiB / 11019MiB |      0%      Default |	1688360564115
| 50%   51C    P8    17W / 250W |      5MiB / 11019MiB |      0%      Default |	1688360564654
| 50%   51C    P8    17W / 250W |      5MiB / 11019MiB |      0%      Default |	1688360565195
| 50%   50C    P8    17W / 250W |      5MiB / 11019MiB |      0%      Default |	1688360565733
| 50%   50C    P8    20W / 250W |      5MiB / 11019MiB |      0%      Default |	1688360566273
| 50%   50C    P8    17W / 250W |      5MiB / 11019MiB |      0%      Default |	1688360566811
| 50%   50C    P8    17W / 250W |      5MiB / 11019MiB |      0%      Default |	1688360567350
| 50%   50C    P8    16W / 250W |      5MiB / 11019MiB |      0%      Default |	1688360567893
| 50%   50C    P8    17W / 250W |      5MiB / 11019MiB |      0%      Default |	1688360568433
| 50%   50C    P8    17W / 250W |      5MiB / 11019MiB |      0%      Default |	1688360568970
| 50%   50C    P8    16W / 250W |      5MiB / 11019MiB |      0%      Default |	1688360569519
| 50%   49C    P8    17W / 250W |      5MiB / 11019MiB |      0%      Default |	1688360570064
| 50%   49C    P8    17W / 250W |      5MiB / 11019MiB |      0%      Default |	1688360570607
| 50%   49C    P8    17W / 250W |      5MiB / 11019MiB |      0%      Default |	1688360571148
| 50%   49C    P8    17W / 250W |      5MiB / 11019MiB |      0%      Default |	1688360571689
| 50%   49C    P8    17W / 250W |      5MiB / 11019MiB |      0%      Default |	1688360572227
| 50%   49C    P8    17W / 250W |      5MiB / 11019MiB |      0%      Default |	1688360572767
| 50%   49C    P8    16W / 250W |      5MiB / 11019MiB |      0%      Default |	1688360573305
| 50%   48C    P8    17W / 250W |      5MiB / 11019MiB |      0%      Default |	1688360573843
| 50%   48C    P8    16W / 250W |      5MiB / 11019MiB |      0%      Default |	1688360574382
| 49%   48C    P8    17W / 250W |      5MiB / 11019MiB |      0%      Default |	1688360574921
| 50%   48C    P8    17W / 250W |      5MiB / 11019MiB |      0%      Default |	1688360575460
| 50%   48C    P8    17W / 250W |      5MiB / 11019MiB |      0%      Default |	1688360575998
| 49%   48C    P8    17W / 250W |      5MiB / 11019MiB |      0%      Default |	1688360576538
| 49%   48C    P8    16W / 250W |      5MiB / 11019MiB |      0%      Default |	1688360577077
| 49%   47C    P8    16W / 250W |      5MiB / 11019MiB |      0%      Default |	1688360577616
| 49%   47C    P8    16W / 250W |      5MiB / 11019MiB |      0%      Default |	1688360578155
| 49%   47C    P8    16W / 250W |      5MiB / 11019MiB |      0%      Default |	1688360578693
| 49%   47C    P8    16W / 250W |      5MiB / 11019MiB |      0%      Default |	1688360579232
| 49%   47C    P8    16W / 250W |      5MiB / 11019MiB |      0%      Default |	1688360579771
| 49%   47C    P8    16W / 250W |      5MiB / 11019MiB |      0%      Default |	1688360580310
| 49%   47C    P8    16W / 250W |      5MiB / 11019MiB |      0%      Default |	1688360580848
| 49%   47C    P8    16W / 250W |      5MiB / 11019MiB |      0%      Default |	1688360581388
| 49%   47C    P8    16W / 250W |      5MiB / 11019MiB |      0%      Default |	1688360581931
| 49%   46C    P8    16W / 250W |      5MiB / 11019MiB |      0%      Default |	1688360582474
| 49%   46C    P8    17W / 250W |      5MiB / 11019MiB |      0%      Default |	1688360583014
| 49%   46C    P8    16W / 250W |      5MiB / 11019MiB |      0%      Default |	1688360583562
| 49%   46C    P8    17W / 250W |      5MiB / 11019MiB |      0%      Default |	1688360584101
| 48%   46C    P8    16W / 250W |      5MiB / 11019MiB |      0%      Default |	1688360584638
| 48%   46C    P8    16W / 250W |      5MiB / 11019MiB |      0%      Default |	1688360585178
| 48%   46C    P8    17W / 250W |      5MiB / 11019MiB |      0%      Default |	1688360585718
| 48%   46C    P8    16W / 250W |      5MiB / 11019MiB |      0%      Default |	1688360586256
| 48%   46C    P8    17W / 250W |      5MiB / 11019MiB |      0%      Default |	1688360586796
| 48%   46C    P8    16W / 250W |      5MiB / 11019MiB |      0%      Default |	1688360587334
| 48%   45C    P8    15W / 250W |      5MiB / 11019MiB |      0%      Default |	1688360587874
| 48%   45C    P8    16W / 250W |      5MiB / 11019MiB |      0%      Default |	1688360588413
| 48%   45C    P8    15W / 250W |      5MiB / 11019MiB |      0%      Default |	1688360588952
| 47%   45C    P8    16W / 250W |      5MiB / 11019MiB |      0%      Default |	1688360589490
| 47%   45C    P8    16W / 250W |      5MiB / 11019MiB |      0%      Default |	1688360590030
| 47%   45C    P8    16W / 250W |      5MiB / 11019MiB |      0%      Default |	1688360590569
| 47%   45C    P8    16W / 250W |      5MiB / 11019MiB |      0%      Default |	1688360591108
| 47%   45C    P8    16W / 250W |      5MiB / 11019MiB |      0%      Default |	1688360591647
| 47%   45C    P8    16W / 250W |      5MiB / 11019MiB |      0%      Default |	1688360592187
| 47%   44C    P8    16W / 250W |      5MiB / 11019MiB |      0%      Default |	1688360592725
| 47%   44C    P8    16W / 250W |      5MiB / 11019MiB |      0%      Default |	1688360593263
| 46%   44C    P8    15W / 250W |      5MiB / 11019MiB |      0%      Default |	1688360593802
| 46%   44C    P8    16W / 250W |      5MiB / 11019MiB |      0%      Default |	1688360594340
| 46%   44C    P8    16W / 250W |      5MiB / 11019MiB |      0%      Default |	1688360594879
| 46%   44C    P8    16W / 250W |      5MiB / 11019MiB |      0%      Default |	1688360595418
| 46%   44C    P8    16W / 250W |      5MiB / 11019MiB |      0%      Default |	1688360595958
| 46%   44C    P8    16W / 250W |      5MiB / 11019MiB |      0%      Default |	1688360596497
| 45%   44C    P8    15W / 250W |      5MiB / 11019MiB |      0%      Default |	1688360597034
| 45%   44C    P8    15W / 250W |      5MiB / 11019MiB |      0%      Default |	1688360597572
| 45%   44C    P8    16W / 250W |      5MiB / 11019MiB |      0%      Default |	1688360598112
| 45%   44C    P8    14W / 250W |      5MiB / 11019MiB |      0%      Default |	1688360598650
| 45%   43C    P8    15W / 250W |      5MiB / 11019MiB |      0%      Default |	1688360599186
| 45%   43C    P8    15W / 250W |      5MiB / 11019MiB |      0%      Default |	1688360599724
| 45%   43C    P8    15W / 250W |      5MiB / 11019MiB |      0%      Default |	1688360600263
| 44%   43C    P8    15W / 250W |      5MiB / 11019MiB |      0%      Default |	1688360600802
| 44%   43C    P8    15W / 250W |      5MiB / 11019MiB |      0%      Default |	1688360601341
| 44%   43C    P8    15W / 250W |      5MiB / 11019MiB |      0%      Default |	1688360601879
| 44%   43C    P8    15W / 250W |      5MiB / 11019MiB |      0%      Default |	1688360602418
| 44%   43C    P8    15W / 250W |      5MiB / 11019MiB |      0%      Default |	1688360602957
| 44%   43C    P8    16W / 250W |      5MiB / 11019MiB |      0%      Default |	1688360603492
| 44%   43C    P8    15W / 250W |      5MiB / 11019MiB |      0%      Default |	1688360604030
| 43%   43C    P8    16W / 250W |      5MiB / 11019MiB |      0%      Default |	1688360604569
| 43%   43C    P0    17W / 250W |     20MiB / 11019MiB |      0%      Default |	1688360605106
| 43%   44C    P2    57W / 250W |    409MiB / 11019MiB |      4%      Default |	1688360605666
| 43%   44C    P2    56W / 250W |    643MiB / 11019MiB |      4%      Default |	1688360606204
| 43%   45C    P2    56W / 250W |    847MiB / 11019MiB |      5%      Default |	1688360606743
| 43%   45C    P2    56W / 250W |    847MiB / 11019MiB |      5%      Default |	1688360607282
| 43%   45C    P2    56W / 250W |    847MiB / 11019MiB |      0%      Default |	1688360607820
| 43%   45C    P2    56W / 250W |    847MiB / 11019MiB |      0%      Default |	1688360608358
| 43%   45C    P2    56W / 250W |    847MiB / 11019MiB |      0%      Default |	1688360608897
| 43%   45C    P2    56W / 250W |    847MiB / 11019MiB |      0%      Default |	1688360609435
| 43%   45C    P2    56W / 250W |    847MiB / 11019MiB |      0%      Default |	1688360609974
| 43%   45C    P2    56W / 250W |    847MiB / 11019MiB |      0%      Default |	1688360610512
| 43%   45C    P2    56W / 250W |    847MiB / 11019MiB |      0%      Default |	1688360611051
| 43%   45C    P2    56W / 250W |    869MiB / 11019MiB |      0%      Default |	1688360611590
| 43%   45C    P2    56W / 250W |    869MiB / 11019MiB |      1%      Default |	1688360612130
| 43%   45C    P2    56W / 250W |    869MiB / 11019MiB |      1%      Default |	1688360612668
| 43%   45C    P2    56W / 250W |    869MiB / 11019MiB |      0%      Default |	1688360613205
| 43%   45C    P2    56W / 250W |    869MiB / 11019MiB |      0%      Default |	1688360613743
| 43%   45C    P2    56W / 250W |    869MiB / 11019MiB |      0%      Default |	1688360614280
| 43%   45C    P2    56W / 250W |    869MiB / 11019MiB |      0%      Default |	1688360614816
| 43%   45C    P2    56W / 250W |    869MiB / 11019MiB |      0%      Default |	1688360615353
| 43%   45C    P2    56W / 250W |    869MiB / 11019MiB |      0%      Default |	1688360615890
| 42%   45C    P2    56W / 250W |    869MiB / 11019MiB |      0%      Default |	1688360616427
| 42%   45C    P2    56W / 250W |    869MiB / 11019MiB |      0%      Default |	1688360616966
| 42%   45C    P2    56W / 250W |    869MiB / 11019MiB |      0%      Default |	1688360617503
| 42%   45C    P2    56W / 250W |    869MiB / 11019MiB |      0%      Default |	1688360618040
| 42%   45C    P2    56W / 250W |    869MiB / 11019MiB |      0%      Default |	1688360618577
| 42%   45C    P2    56W / 250W |    869MiB / 11019MiB |      0%      Default |	1688360619114
| 42%   45C    P2    56W / 250W |    869MiB / 11019MiB |      0%      Default |	1688360619655
| 42%   45C    P2    56W / 250W |    869MiB / 11019MiB |      0%      Default |	1688360620194
| 42%   45C    P2    56W / 250W |    869MiB / 11019MiB |      0%      Default |	1688360620730
| 42%   45C    P2    56W / 250W |    869MiB / 11019MiB |      0%      Default |	1688360621268
| 42%   45C    P2    56W / 250W |    869MiB / 11019MiB |      0%      Default |	1688360621805
| 42%   46C    P2    56W / 250W |    869MiB / 11019MiB |      0%      Default |	1688360622343
| 42%   46C    P2    56W / 250W |    869MiB / 11019MiB |      0%      Default |	1688360622880
| 42%   46C    P2    56W / 250W |    869MiB / 11019MiB |      0%      Default |	1688360623417
| 42%   45C    P8    56W / 250W |    869MiB / 11019MiB |      0%      Default |	1688360623956
| 42%   44C    P8    15W / 250W |    869MiB / 11019MiB |      0%      Default |	1688360624493
| 42%   44C    P8    15W / 250W |    869MiB / 11019MiB |      0%      Default |	1688360625032
| 42%   44C    P8    15W / 250W |    869MiB / 11019MiB |      0%      Default |	1688360625571
| 42%   44C    P8    16W / 250W |    869MiB / 11019MiB |      0%      Default |	1688360626109
| 42%   44C    P8    14W / 250W |    869MiB / 11019MiB |      0%      Default |	1688360626647
| 42%   43C    P8    15W / 250W |    869MiB / 11019MiB |      0%      Default |	1688360627186
| 42%   43C    P8    15W / 250W |    869MiB / 11019MiB |      0%      Default |	1688360627723
| 42%   43C    P8    15W / 250W |    869MiB / 11019MiB |      0%      Default |	1688360628262
| 42%   43C    P8    15W / 250W |    869MiB / 11019MiB |      0%      Default |	1688360628799
| 42%   43C    P8    15W / 250W |    869MiB / 11019MiB |      0%      Default |	1688360629338
| 42%   43C    P8    16W / 250W |    869MiB / 11019MiB |      0%      Default |	1688360629875
| 42%   44C    P2    49W / 250W |    961MiB / 11019MiB |      0%      Default |	1688360630413
| 42%   44C    P2    56W / 250W |    961MiB / 11019MiB |      1%      Default |	1688360630950
| 42%   44C    P2    56W / 250W |    961MiB / 11019MiB |      1%      Default |	1688360631486
| 42%   45C    P2    56W / 250W |    961MiB / 11019MiB |      0%      Default |	1688360632017
| 41%   45C    P2    56W / 250W |    961MiB / 11019MiB |      0%      Default |	1688360632556
| 41%   45C    P2    56W / 250W |    961MiB / 11019MiB |      0%      Default |	1688360633089
| 41%   45C    P2    56W / 250W |    961MiB / 11019MiB |      0%      Default |	1688360633654
| 42%   45C    P2    56W / 250W |    961MiB / 11019MiB |      0%      Default |	1688360634203
| 41%   45C    P2    56W / 250W |    961MiB / 11019MiB |      0%      Default |	1688360634758
| 41%   45C    P2    56W / 250W |    961MiB / 11019MiB |      0%      Default |	1688360635310
| 41%   45C    P2    56W / 250W |    961MiB / 11019MiB |      0%      Default |	1688360635874
| 41%   45C    P2    56W / 250W |    961MiB / 11019MiB |      0%      Default |	1688360636403
| 41%   45C    P2    56W / 250W |    961MiB / 11019MiB |      0%      Default |	1688360636962
| 41%   45C    P2    56W / 250W |    961MiB / 11019MiB |      0%      Default |	1688360637512
| 41%   45C    P2    56W / 250W |    961MiB / 11019MiB |      0%      Default |	1688360638074
| 41%   45C    P2    56W / 250W |    961MiB / 11019MiB |      0%      Default |	1688360638615
| 41%   45C    P2    56W / 250W |    961MiB / 11019MiB |      0%      Default |	1688360639174
| 41%   45C    P2    56W / 250W |    961MiB / 11019MiB |      0%      Default |	1688360639722
| 41%   45C    P2    56W / 250W |    961MiB / 11019MiB |      0%      Default |	1688360640290
| 41%   45C    P2    56W / 250W |    961MiB / 11019MiB |      0%      Default |	1688360640830
| 41%   45C    P2    56W / 250W |    961MiB / 11019MiB |      0%      Default |	1688360641402
| 41%   45C    P2    56W / 250W |    961MiB / 11019MiB |      0%      Default |	1688360641950
| 41%   45C    P2    56W / 250W |    961MiB / 11019MiB |      0%      Default |	1688360642510
| 41%   45C    P2    56W / 250W |    961MiB / 11019MiB |      0%      Default |	1688360643065
| 41%   45C    P2    56W / 250W |    961MiB / 11019MiB |      0%      Default |	1688360643638
| 41%   45C    P2    56W / 250W |    961MiB / 11019MiB |      0%      Default |	1688360644164
| 41%   45C    P2    56W / 250W |    961MiB / 11019MiB |      0%      Default |	1688360644722
| 41%   45C    P2    56W / 250W |    961MiB / 11019MiB |      0%      Default |	1688360645260
| 41%   45C    P2    56W / 250W |    961MiB / 11019MiB |      0%      Default |	1688360645818
| 41%   45C    P2    56W / 250W |    961MiB / 11019MiB |      0%      Default |	1688360646372
| 41%   45C    P8    56W / 250W |    961MiB / 11019MiB |      0%      Default |	1688360646934
| 41%   44C    P8    15W / 250W |    961MiB / 11019MiB |      0%      Default |	1688360647498
| 41%   44C    P8    15W / 250W |    961MiB / 11019MiB |      0%      Default |	1688360648061
| 41%   44C    P8    15W / 250W |    961MiB / 11019MiB |      0%      Default |	1688360648596
| 41%   44C    P8    15W / 250W |    961MiB / 11019MiB |      0%      Default |	1688360649127
| 41%   43C    P8    15W / 250W |    961MiB / 11019MiB |      0%      Default |	1688360649710
| 41%   43C    P8    15W / 250W |    961MiB / 11019MiB |      0%      Default |	1688360650230
| 41%   43C    P8    14W / 250W |    961MiB / 11019MiB |      0%      Default |	1688360650783
| 41%   43C    P8    15W / 250W |    961MiB / 11019MiB |      0%      Default |	1688360651316
| 41%   43C    P8    14W / 250W |    961MiB / 11019MiB |      0%      Default |	1688360651850
| 41%   43C    P8    14W / 250W |    961MiB / 11019MiB |      0%      Default |	1688360652387
| 41%   43C    P8    15W / 250W |    961MiB / 11019MiB |      0%      Default |	1688360652954
| 41%   43C    P8    16W / 250W |    961MiB / 11019MiB |      0%      Default |	1688360653476
| 41%   43C    P8    15W / 250W |    961MiB / 11019MiB |      0%      Default |	1688360654008
| 41%   42C    P8    15W / 250W |    961MiB / 11019MiB |      0%      Default |	1688360654544
| 40%   42C    P8    15W / 250W |    961MiB / 11019MiB |      0%      Default |	1688360655077
| 40%   42C    P8    15W / 250W |    961MiB / 11019MiB |      0%      Default |	1688360655633
| 40%   42C    P8    14W / 250W |    961MiB / 11019MiB |      0%      Default |	1688360656171
| 40%   42C    P8    14W / 250W |    961MiB / 11019MiB |      0%      Default |	1688360656726
| 40%   42C    P8    13W / 250W |    961MiB / 11019MiB |      0%      Default |	1688360657254
| 40%   42C    P8    14W / 250W |    961MiB / 11019MiB |      0%      Default |	1688360657793
| 40%   42C    P8    15W / 250W |    961MiB / 11019MiB |      0%      Default |	1688360658328
| 40%   42C    P8    15W / 250W |    961MiB / 11019MiB |      0%      Default |	1688360658889
| 40%   42C    P8    14W / 250W |    961MiB / 11019MiB |      0%      Default |	1688360659423
| 40%   42C    P8    15W / 250W |    961MiB / 11019MiB |      0%      Default |	1688360659990
| 40%   42C    P8    14W / 250W |    961MiB / 11019MiB |      0%      Default |	1688360660521
| 40%   41C    P8    14W / 250W |    961MiB / 11019MiB |      0%      Default |	1688360661078
| 40%   41C    P8    15W / 250W |    961MiB / 11019MiB |      0%      Default |	1688360661616
| 40%   41C    P8    14W / 250W |    961MiB / 11019MiB |      0%      Default |	1688360662178
| 40%   41C    P8    14W / 250W |    961MiB / 11019MiB |      0%      Default |	1688360662715
| 40%   41C    P8    14W / 250W |    961MiB / 11019MiB |      0%      Default |	1688360663260
| 40%   41C    P8    14W / 250W |    961MiB / 11019MiB |      0%      Default |	1688360663795
| 40%   41C    P8    14W / 250W |    961MiB / 11019MiB |      0%      Default |	1688360664343
| 39%   41C    P8    14W / 250W |    961MiB / 11019MiB |      0%      Default |	1688360664876
| 39%   41C    P8    18W / 250W |    961MiB / 11019MiB |      0%      Default |	1688360665406
| 39%   41C    P8    15W / 250W |    961MiB / 11019MiB |      0%      Default |	1688360665944
| 39%   41C    P8    15W / 250W |    961MiB / 11019MiB |      0%      Default |	1688360666506
| 39%   41C    P8    14W / 250W |    961MiB / 11019MiB |      0%      Default |	1688360667081
| 39%   41C    P8    13W / 250W |    961MiB / 11019MiB |      0%      Default |	1688360667650
| 39%   41C    P8    14W / 250W |    961MiB / 11019MiB |      0%      Default |	1688360668185
| 39%   41C    P8    13W / 250W |    961MiB / 11019MiB |      0%      Default |	1688360668742
| 39%   41C    P8    14W / 250W |    961MiB / 11019MiB |      0%      Default |	1688360669316
| 39%   41C    P8    13W / 250W |    961MiB / 11019MiB |      0%      Default |	1688360669878
| 39%   40C    P8    14W / 250W |    961MiB / 11019MiB |      0%      Default |	1688360670445
| 39%   40C    P8    14W / 250W |    961MiB / 11019MiB |      0%      Default |	1688360671010
| 38%   40C    P8    14W / 250W |    961MiB / 11019MiB |      0%      Default |	1688360671559
| 38%   40C    P8    17W / 250W |    961MiB / 11019MiB |      0%      Default |	1688360672110
| 38%   40C    P8    14W / 250W |    961MiB / 11019MiB |      0%      Default |	1688360672667
| 38%   40C    P8    14W / 250W |    961MiB / 11019MiB |      0%      Default |	1688360673242
| 38%   40C    P8    15W / 250W |    961MiB / 11019MiB |      0%      Default |	1688360673796
| 38%   40C    P8    13W / 250W |    961MiB / 11019MiB |      0%      Default |	1688360674329
| 38%   40C    P8    14W / 250W |    961MiB / 11019MiB |      0%      Default |	1688360674920
| 38%   40C    P8    14W / 250W |    961MiB / 11019MiB |      0%      Default |	1688360675478
| 38%   40C    P8    14W / 250W |    961MiB / 11019MiB |      0%      Default |	1688360676041
| 38%   40C    P8    14W / 250W |    961MiB / 11019MiB |      0%      Default |	1688360676569
| 38%   40C    P8    14W / 250W |    961MiB / 11019MiB |      0%      Default |	1688360677134
| 38%   40C    P8    14W / 250W |    961MiB / 11019MiB |      0%      Default |	1688360677680
| 38%   41C    P2    55W / 250W |   3033MiB / 11019MiB |      0%      Default |	1688360678217
| 38%   41C    P2    55W / 250W |   4209MiB / 11019MiB |      0%      Default |	1688360678751
| 38%   42C    P2    59W / 250W |   6765MiB / 11019MiB |      5%      Default |	1688360679300
| 37%   42C    P2    60W / 250W |   7829MiB / 11019MiB |      5%      Default |	1688360679843
| 37%   43C    P2    70W / 250W |   7829MiB / 11019MiB |     27%      Default |	1688360680392
| 37%   43C    P2    69W / 250W |   7831MiB / 11019MiB |     34%      Default |	1688360680927
| 37%   43C    P2    66W / 250W |   7831MiB / 11019MiB |     34%      Default |	1688360681463
| 37%   43C    P2    72W / 250W |   7831MiB / 11019MiB |     34%      Default |	1688360681999
| 37%   43C    P2    69W / 250W |   7831MiB / 11019MiB |     34%      Default |	1688360682548
| 37%   43C    P2    71W / 250W |   7831MiB / 11019MiB |     33%      Default |	1688360683107
| 37%   44C    P2    77W / 250W |   7831MiB / 11019MiB |     33%      Default |	1688360683643
| 37%   44C    P2    73W / 250W |   7831MiB / 11019MiB |     34%      Default |	1688360684181
| 37%   44C    P2    76W / 250W |   7831MiB / 11019MiB |     34%      Default |	1688360684722
| 37%   45C    P2   107W / 250W |   8495MiB / 11019MiB |     35%      Default |	1688360685265
| 37%   45C    P2   105W / 250W |   8495MiB / 11019MiB |     35%      Default |	1688360685806
| 37%   46C    P2   101W / 250W |   8495MiB / 11019MiB |     31%      Default |	1688360686349
| 37%   45C    P2   100W / 250W |   8495MiB / 11019MiB |     31%      Default |	1688360686891
| 37%   45C    P2    84W / 250W |   8495MiB / 11019MiB |     34%      Default |	1688360687438
| 37%   45C    P2    83W / 250W |   8495MiB / 11019MiB |     30%      Default |	1688360687976
| 37%   45C    P2    68W / 250W |   8495MiB / 11019MiB |     30%      Default |	1688360688524
| 37%   45C    P2    88W / 250W |   8495MiB / 11019MiB |     33%      Default |	1688360689062
| 37%   46C    P2    91W / 250W |   8495MiB / 11019MiB |     33%      Default |	1688360689601
| 37%   46C    P2    99W / 250W |   8495MiB / 11019MiB |     32%      Default |	1688360690152
| 37%   46C    P2    99W / 250W |   8495MiB / 11019MiB |     32%      Default |	1688360690684
| 37%   46C    P2   104W / 250W |   8495MiB / 11019MiB |     35%      Default |	1688360691236
| 37%   46C    P2   101W / 250W |   8561MiB / 11019MiB |     35%      Default |	1688360691782
| 37%   47C    P2    89W / 250W |   8561MiB / 11019MiB |     34%      Default |	1688360692315
| 37%   47C    P2    94W / 250W |   8561MiB / 11019MiB |     34%      Default |	1688360692856
| 37%   46C    P2    78W / 250W |   8561MiB / 11019MiB |     32%      Default |	1688360693393
| 37%   46C    P2    73W / 250W |   8561MiB / 11019MiB |     32%      Default |	1688360693933
| 37%   46C    P2    76W / 250W |   8561MiB / 11019MiB |     29%      Default |	1688360694468
| 37%   46C    P2    68W / 250W |   8561MiB / 11019MiB |     33%      Default |	1688360695017
| 37%   46C    P2    69W / 250W |   8561MiB / 11019MiB |     33%      Default |	1688360695563
| 37%   46C    P2    66W / 250W |   8561MiB / 11019MiB |     31%      Default |	1688360696109
| 37%   46C    P2    66W / 250W |   8561MiB / 11019MiB |     31%      Default |	1688360696647
| 37%   46C    P2    67W / 250W |   8561MiB / 11019MiB |     34%      Default |	1688360697188
| 37%   47C    P2    88W / 250W |   8677MiB / 11019MiB |     34%      Default |	1688360697729
| 37%   47C    P2    92W / 250W |   8677MiB / 11019MiB |     35%      Default |	1688360698278
| 37%   47C    P2    95W / 250W |   8677MiB / 11019MiB |     35%      Default |	1688360698814
| 37%   47C    P2    94W / 250W |   8677MiB / 11019MiB |     30%      Default |	1688360699364
| 37%   48C    P2   104W / 250W |   8677MiB / 11019MiB |     30%      Default |	1688360699904
| 37%   48C    P2    99W / 250W |   8677MiB / 11019MiB |     31%      Default |	1688360700455
| 37%   47C    P2    81W / 250W |   8677MiB / 11019MiB |     31%      Default |	1688360700988
| 37%   47C    P2    76W / 250W |   8677MiB / 11019MiB |     29%      Default |	1688360701532
| 37%   48C    P2    93W / 250W |   8677MiB / 11019MiB |     34%      Default |	1688360702079
| 37%   49C    P2    93W / 250W |   8677MiB / 11019MiB |     34%      Default |	1688360702617
| 37%   49C    P2   108W / 250W |   8677MiB / 11019MiB |     35%      Default |	1688360703151
| 37%   49C    P2   105W / 250W |   8677MiB / 11019MiB |     35%      Default |	1688360703688
| 37%   49C    P2    98W / 250W |   8677MiB / 11019MiB |     38%      Default |	1688360704231
| 37%   49C    P2    98W / 250W |   8677MiB / 11019MiB |     38%      Default |	1688360704768
| 37%   49C    P2    92W / 250W |   8677MiB / 11019MiB |     30%      Default |	1688360705306
| 37%   48C    P2    85W / 250W |   8677MiB / 11019MiB |     30%      Default |	1688360705844
| 37%   48C    P2    76W / 250W |   8677MiB / 11019MiB |     32%      Default |	1688360706376
| 37%   48C    P2    75W / 250W |   8677MiB / 11019MiB |     32%      Default |	1688360706928
| 37%   48C    P2    68W / 250W |   8677MiB / 11019MiB |     29%      Default |	1688360707469
| 37%   48C    P2    74W / 250W |   8677MiB / 11019MiB |     29%      Default |	1688360708015
| 37%   48C    P2    73W / 250W |   8677MiB / 11019MiB |     33%      Default |	1688360708553
| 37%   48C    P2    77W / 250W |   8677MiB / 11019MiB |     32%      Default |	1688360709090
| 37%   48C    P2    72W / 250W |   8677MiB / 11019MiB |     32%      Default |	1688360709644
| 37%   48C    P2    75W / 250W |   8677MiB / 11019MiB |     35%      Default |	1688360710187
| 37%   48C    P2    81W / 250W |   8677MiB / 11019MiB |     35%      Default |	1688360710724
| 37%   49C    P2    78W / 250W |   8677MiB / 11019MiB |     32%      Default |	1688360711276
| 37%   49C    P2    87W / 250W |   8677MiB / 11019MiB |     32%      Default |	1688360711816
| 37%   49C    P2    80W / 250W |   8677MiB / 11019MiB |     33%      Default |	1688360712367
| 37%   49C    P2    73W / 250W |   8677MiB / 11019MiB |     33%      Default |	1688360712901
| 37%   48C    P2    69W / 250W |   8677MiB / 11019MiB |     32%      Default |	1688360713444
| 37%   48C    P2    69W / 250W |   8677MiB / 11019MiB |     32%      Default |	1688360713977
| 37%   48C    P2    66W / 250W |   8677MiB / 11019MiB |     31%      Default |	1688360714515
| 37%   48C    P2    66W / 250W |   8677MiB / 11019MiB |     31%      Default |	1688360715058
| 37%   48C    P2    73W / 250W |   8677MiB / 11019MiB |     36%      Default |	1688360715613
| 37%   49C    P2    77W / 250W |   8677MiB / 11019MiB |     34%      Default |	1688360716167
| 37%   49C    P2    73W / 250W |   8677MiB / 11019MiB |     34%      Default |	1688360716703
| 37%   49C    P2    76W / 250W |   8677MiB / 11019MiB |     39%      Default |	1688360717245
| 37%   49C    P2    81W / 250W |   8677MiB / 11019MiB |     39%      Default |	1688360717788
| 37%   49C    P2    72W / 250W |   8677MiB / 11019MiB |     30%      Default |	1688360718330
| 37%   49C    P2    70W / 250W |   8677MiB / 11019MiB |     30%      Default |	1688360718869
| 37%   49C    P2    70W / 250W |   8677MiB / 11019MiB |     32%      Default |	1688360719419
| 37%   49C    P2    71W / 250W |   8677MiB / 11019MiB |     32%      Default |	1688360719968
| 37%   49C    P2    72W / 250W |   8677MiB / 11019MiB |     31%      Default |	1688360720506
| 37%   49C    P2    74W / 250W |   8677MiB / 11019MiB |     31%      Default |	1688360721049
| 37%   49C    P2    78W / 250W |   8677MiB / 11019MiB |     34%      Default |	1688360721593
| 37%   49C    P2    87W / 250W |   8677MiB / 11019MiB |     32%      Default |	1688360722140
| 37%   50C    P2    97W / 250W |   8677MiB / 11019MiB |     32%      Default |	1688360722685
| 37%   50C    P2    99W / 250W |   8677MiB / 11019MiB |     36%      Default |	1688360723221
| 37%   51C    P2   109W / 250W |   8677MiB / 11019MiB |     36%      Default |	1688360723759
| 37%   51C    P2    93W / 250W |   8677MiB / 11019MiB |     30%      Default |	1688360724298
| 37%   50C    P2    99W / 250W |   8677MiB / 11019MiB |     30%      Default |	1688360724839
| 37%   50C    P2    86W / 250W |   8677MiB / 11019MiB |     32%      Default |	1688360725378
| 37%   50C    P2    80W / 250W |   8677MiB / 11019MiB |     32%      Default |	1688360725926
| 37%   50C    P2    82W / 250W |   8677MiB / 11019MiB |     30%      Default |	1688360726467
| 37%   50C    P2    77W / 250W |   8677MiB / 11019MiB |     30%      Default |	1688360727007
| 37%   50C    P2    77W / 250W |   8677MiB / 11019MiB |     35%      Default |	1688360727547
| 37%   50C    P2    73W / 250W |   8677MiB / 11019MiB |     35%      Default |	1688360728083
| 37%   50C    P2    77W / 250W |   8677MiB / 11019MiB |     35%      Default |	1688360728623
| 37%   51C    P2   106W / 250W |   8677MiB / 11019MiB |     39%      Default |	1688360729159
| 37%   51C    P2   104W / 250W |   8677MiB / 11019MiB |     39%      Default |	1688360729737
| 37%   51C    P2    98W / 250W |   8677MiB / 11019MiB |     31%      Default |	1688360730273
| 37%   51C    P2    92W / 250W |   8677MiB / 11019MiB |     31%      Default |	1688360730829
| 38%   51C    P2    89W / 250W |   8677MiB / 11019MiB |     32%      Default |	1688360731370
| 38%   51C    P2    93W / 250W |   8677MiB / 11019MiB |     32%      Default |	1688360731911
| 38%   51C    P2    92W / 250W |   8677MiB / 11019MiB |     31%      Default |	1688360732455
| 38%   51C    P2    84W / 250W |   8677MiB / 11019MiB |     31%      Default |	1688360732997
| 38%   51C    P2    90W / 250W |   8677MiB / 11019MiB |     31%      Default |	1688360733535
| 38%   51C    P2    85W / 250W |   8677MiB / 11019MiB |     31%      Default |	1688360734073
| 38%   51C    P2    96W / 250W |   8677MiB / 11019MiB |     33%      Default |	1688360734608
| 38%   52C    P2    96W / 250W |   8677MiB / 11019MiB |     33%      Default |	1688360735146
| 38%   51C    P2    99W / 250W |   8677MiB / 11019MiB |     35%      Default |	1688360735684
| 38%   52C    P2    91W / 250W |   8677MiB / 11019MiB |     29%      Default |	1688360736226
| 39%   52C    P2    97W / 250W |   8677MiB / 11019MiB |     29%      Default |	1688360736783
| 39%   52C    P2    92W / 250W |   8677MiB / 11019MiB |     34%      Default |	1688360737337
| 39%   51C    P2    86W / 250W |   8677MiB / 11019MiB |     34%      Default |	1688360737882
| 40%   51C    P2    77W / 250W |   8677MiB / 11019MiB |     31%      Default |	1688360738417
| 40%   51C    P2    74W / 250W |   8677MiB / 11019MiB |     31%      Default |	1688360738954
| 40%   51C    P2    84W / 250W |   8677MiB / 11019MiB |     32%      Default |	1688360739503
| 40%   51C    P2    81W / 250W |   8677MiB / 11019MiB |     32%      Default |	1688360740057
| 40%   51C    P2    92W / 250W |   8677MiB / 11019MiB |     33%      Default |	1688360740598
| 40%   52C    P2    91W / 250W |   8677MiB / 11019MiB |     33%      Default |	1688360741144
| 40%   53C    P2    93W / 250W |   8677MiB / 11019MiB |     30%      Default |	1688360741685
| 40%   52C    P2   109W / 250W |   8677MiB / 11019MiB |     36%      Default |	1688360742224
| 40%   53C    P2    96W / 250W |   8677MiB / 11019MiB |     36%      Default |	1688360742766
| 40%   53C    P2   102W / 250W |   8677MiB / 11019MiB |     27%      Default |	1688360743310
| 40%   52C    P2    68W / 250W |   8677MiB / 11019MiB |     27%      Default |	1688360743851
| 40%   51C    P2    74W / 250W |   8677MiB / 11019MiB |     30%      Default |	1688360744395
| 40%   51C    P2    66W / 250W |   8677MiB / 11019MiB |     30%      Default |	1688360744934
| 40%   51C    P2    71W / 250W |   8677MiB / 11019MiB |     30%      Default |	1688360745479
| 40%   51C    P2    70W / 250W |   8677MiB / 11019MiB |     30%      Default |	1688360746020
| 40%   51C    P2    69W / 250W |   8677MiB / 11019MiB |     28%      Default |	1688360746579
| 40%   51C    P2    68W / 250W |   8677MiB / 11019MiB |     28%      Default |	1688360747118
| 40%   51C    P2    66W / 250W |   8677MiB / 11019MiB |     31%      Default |	1688360747667
| 40%   51C    P2    74W / 250W |   8677MiB / 11019MiB |     32%      Default |	1688360748204
| 40%   51C    P2    76W / 250W |   8677MiB / 11019MiB |     32%      Default |	1688360748753
| 40%   51C    P2    76W / 250W |   8677MiB / 11019MiB |     31%      Default |	1688360749305
| 40%   52C    P2    84W / 250W |   8677MiB / 11019MiB |     31%      Default |	1688360749842
| 40%   52C    P2    85W / 250W |   8677MiB / 11019MiB |     32%      Default |	1688360750379
| 40%   52C    P2    84W / 250W |   8677MiB / 11019MiB |     32%      Default |	1688360750923
| 40%   52C    P2    80W / 250W |   8677MiB / 11019MiB |     27%      Default |	1688360751471
| 40%   52C    P2    81W / 250W |   8677MiB / 11019MiB |     27%      Default |	1688360752009
| 40%   52C    P2    73W / 250W |   8677MiB / 11019MiB |     31%      Default |	1688360752548
| 40%   52C    P2    88W / 250W |   8677MiB / 11019MiB |     31%      Default |	1688360753088
| 40%   52C    P2   108W / 250W |   8677MiB / 11019MiB |     31%      Default |	1688360753632
| 41%   52C    P2    93W / 250W |   8677MiB / 11019MiB |     31%      Default |	1688360754178
| 40%   53C    P2    99W / 250W |   8677MiB / 11019MiB |     33%      Default |	1688360754718
| 40%   53C    P2   115W / 250W |   8677MiB / 11019MiB |     33%      Default |	1688360755255
| 41%   53C    P2   104W / 250W |   8677MiB / 11019MiB |     33%      Default |	1688360755795
| 41%   53C    P2   108W / 250W |   8677MiB / 11019MiB |     34%      Default |	1688360756332
| 41%   53C    P2    97W / 250W |   8677MiB / 11019MiB |     34%      Default |	1688360756869
| 41%   52C    P2    79W / 250W |   8677MiB / 11019MiB |     31%      Default |	1688360757426
| 41%   52C    P2    77W / 250W |   8677MiB / 11019MiB |     31%      Default |	1688360757960
| 41%   52C    P2    77W / 250W |   8677MiB / 11019MiB |     32%      Default |	1688360758498
| 41%   52C    P2    68W / 250W |   8677MiB / 11019MiB |     32%      Default |	1688360759033
| 41%   52C    P2    73W / 250W |   8677MiB / 11019MiB |     30%      Default |	1688360759581
| 41%   52C    P2    69W / 250W |   8677MiB / 11019MiB |     30%      Default |	1688360760123
| 41%   52C    P2    67W / 250W |   8677MiB / 11019MiB |     33%      Default |	1688360760670
| 41%   52C    P2    67W / 250W |   8677MiB / 11019MiB |     33%      Default |	1688360761207
| 41%   52C    P2    82W / 250W |   8793MiB / 11019MiB |     32%      Default |	1688360761749
| 41%   52C    P2    85W / 250W |   8793MiB / 11019MiB |     35%      Default |	1688360762300
| 41%   52C    P2    88W / 250W |   8793MiB / 11019MiB |     35%      Default |	1688360762838
| 41%   52C    P2    78W / 250W |   8793MiB / 11019MiB |     33%      Default |	1688360763391
| 41%   52C    P2    86W / 250W |   8793MiB / 11019MiB |     33%      Default |	1688360763924
| 41%   52C    P2    85W / 250W |   8793MiB / 11019MiB |     31%      Default |	1688360764472
| 41%   52C    P2    80W / 250W |   8793MiB / 11019MiB |     31%      Default |	1688360765004
| 41%   52C    P2    71W / 250W |   8793MiB / 11019MiB |     32%      Default |	1688360765540
| 41%   52C    P2    68W / 250W |   8793MiB / 11019MiB |     32%      Default |	1688360766082
| 41%   52C    P2    71W / 250W |   8793MiB / 11019MiB |     34%      Default |	1688360766622
| 41%   52C    P2    66W / 250W |   8793MiB / 11019MiB |     34%      Default |	1688360767157
| 41%   52C    P2    72W / 250W |   8793MiB / 11019MiB |     35%      Default |	1688360767698
| 42%   52C    P2    68W / 250W |   8793MiB / 11019MiB |     35%      Default |	1688360768237
| 42%   52C    P2    75W / 250W |   8793MiB / 11019MiB |     39%      Default |	1688360768789
| 42%   52C    P2    76W / 250W |   8793MiB / 11019MiB |     33%      Default |	1688360769334
| 41%   52C    P2    66W / 250W |   8793MiB / 11019MiB |     33%      Default |	1688360769871
| 41%   52C    P2    67W / 250W |   8793MiB / 11019MiB |     31%      Default |	1688360770409
| 42%   52C    P2    74W / 250W |   8793MiB / 11019MiB |     31%      Default |	1688360770963
| 42%   52C    P2    76W / 250W |   8793MiB / 11019MiB |     34%      Default |	1688360771507
| 42%   52C    P2    75W / 250W |   8793MiB / 11019MiB |     34%      Default |	1688360772045
| 42%   52C    P2    74W / 250W |   8793MiB / 11019MiB |     32%      Default |	1688360772581
| 42%   52C    P2    72W / 250W |   8793MiB / 11019MiB |     32%      Default |	1688360773126
| 42%   52C    P2    72W / 250W |   8793MiB / 11019MiB |     32%      Default |	1688360773670
| 42%   52C    P2    89W / 250W |   8793MiB / 11019MiB |     32%      Default |	1688360774204
| 42%   53C    P2    93W / 250W |   8907MiB / 11019MiB |     36%      Default |	1688360774741
| 42%   53C    P2    99W / 250W |   8907MiB / 11019MiB |     36%      Default |	1688360775283
| 42%   53C    P2   104W / 250W |   8907MiB / 11019MiB |     29%      Default |	1688360775824
| 42%   53C    P2    88W / 250W |   8907MiB / 11019MiB |     32%      Default |	1688360776358
| 42%   53C    P2    80W / 250W |   8907MiB / 11019MiB |     32%      Default |	1688360776907
| 42%   53C    P2    76W / 250W |   8907MiB / 11019MiB |     30%      Default |	1688360777446
| 42%   52C    P2    78W / 250W |   8907MiB / 11019MiB |     30%      Default |	1688360777982
| 42%   52C    P2    68W / 250W |   8907MiB / 11019MiB |     34%      Default |	1688360778531
| 42%   52C    P2    76W / 250W |   8907MiB / 11019MiB |     34%      Default |	1688360779068
| 42%   53C    P2    66W / 250W |   8907MiB / 11019MiB |     32%      Default |	1688360779607
| 42%   53C    P2    80W / 250W |   8907MiB / 11019MiB |     32%      Default |	1688360780144
| 42%   53C    P2    87W / 250W |   8907MiB / 11019MiB |     36%      Default |	1688360780682
| 42%   53C    P2   106W / 250W |   8907MiB / 11019MiB |     36%      Default |	1688360781238
| 42%   53C    P2   100W / 250W |   8907MiB / 11019MiB |     34%      Default |	1688360781777
| 42%   53C    P2   103W / 250W |   8907MiB / 11019MiB |     34%      Default |	1688360782328
| 42%   53C    P2    84W / 250W |   8907MiB / 11019MiB |     31%      Default |	1688360782878
| 42%   53C    P2    79W / 250W |   8907MiB / 11019MiB |     31%      Default |	1688360783419
| 42%   53C    P2    72W / 250W |   8907MiB / 11019MiB |     31%      Default |	1688360783966
| 42%   53C    P2    70W / 250W |   8907MiB / 11019MiB |     32%      Default |	1688360784511
| 42%   53C    P2    70W / 250W |   8907MiB / 11019MiB |     32%      Default |	1688360785052
| 42%   53C    P2    74W / 250W |   8907MiB / 11019MiB |     34%      Default |	1688360785587
| 42%   53C    P2    75W / 250W |   8907MiB / 11019MiB |     34%      Default |	1688360786147
| 42%   54C    P2    86W / 250W |   8907MiB / 11019MiB |     33%      Default |	1688360786677
| 42%   54C    P2    99W / 250W |   8907MiB / 11019MiB |     33%      Default |	1688360787214
| 42%   54C    P2   109W / 250W |   8907MiB / 11019MiB |     35%      Default |	1688360787754
| 43%   54C    P2   100W / 250W |   8907MiB / 11019MiB |     35%      Default |	1688360788300
| 43%   54C    P2   111W / 250W |   8907MiB / 11019MiB |     33%      Default |	1688360788838
| 43%   53C    P2    83W / 250W |   8907MiB / 11019MiB |     29%      Default |	1688360789385
| 43%   53C    P2    85W / 250W |   8907MiB / 11019MiB |     29%      Default |	1688360789930
| 43%   53C    P2    76W / 250W |   8907MiB / 11019MiB |     31%      Default |	1688360790464
| 43%   54C    P2    99W / 250W |   8907MiB / 11019MiB |     31%      Default |	1688360791002
| 43%   54C    P2    89W / 250W |   8907MiB / 11019MiB |     33%      Default |	1688360791540
| 43%   54C    P2    93W / 250W |   8907MiB / 11019MiB |     33%      Default |	1688360792112
| 43%   53C    P2    82W / 250W |   8907MiB / 11019MiB |     33%      Default |	1688360792657
| 43%   54C    P2   108W / 250W |   8907MiB / 11019MiB |     33%      Default |	1688360793199
| 43%   54C    P2    98W / 250W |   8907MiB / 11019MiB |     37%      Default |	1688360793738
| 43%   54C    P2    98W / 250W |   8907MiB / 11019MiB |     37%      Default |	1688360794277
| 43%   54C    P2    98W / 250W |   8907MiB / 11019MiB |     31%      Default |	1688360794818
| 43%   54C    P2    81W / 250W |   8907MiB / 11019MiB |     31%      Default |	1688360795368
| 43%   54C    P2    78W / 250W |   8907MiB / 11019MiB |     32%      Default |	1688360795918
| 44%   53C    P2    69W / 250W |   8907MiB / 11019MiB |     31%      Default |	1688360796456
| 44%   53C    P2    69W / 250W |   8907MiB / 11019MiB |     31%      Default |	1688360796993
| 44%   53C    P2    65W / 250W |   8907MiB / 11019MiB |     33%      Default |	1688360797529
| 44%   53C    P2    71W / 250W |   8907MiB / 11019MiB |     33%      Default |	1688360798071
| 44%   53C    P2    71W / 250W |   8907MiB / 11019MiB |     31%      Default |	1688360798621
| 44%   53C    P2    74W / 250W |   8907MiB / 11019MiB |     31%      Default |	1688360799156
| 44%   55C    P2   103W / 250W |   8907MiB / 11019MiB |     35%      Default |	1688360799696
| 44%   54C    P2    96W / 250W |   8907MiB / 11019MiB |     35%      Default |	1688360800247
| 44%   54C    P2   111W / 250W |   8907MiB / 11019MiB |     30%      Default |	1688360800787
| 44%   55C    P2    95W / 250W |   8907MiB / 11019MiB |     30%      Default |	1688360801335
| 44%   54C    P2    86W / 250W |   8907MiB / 11019MiB |     34%      Default |	1688360801875
| 44%   54C    P2    78W / 250W |   8907MiB / 11019MiB |     34%      Default |	1688360802413
| 44%   53C    P2    72W / 250W |   8907MiB / 11019MiB |     31%      Default |	1688360802958
| 44%   53C    P2    77W / 250W |   8907MiB / 11019MiB |     30%      Default |	1688360803508
| 44%   53C    P2    69W / 250W |   8907MiB / 11019MiB |     30%      Default |	1688360804056
| 44%   53C    P2    78W / 250W |   8907MiB / 11019MiB |     38%      Default |	1688360804596
| 44%   53C    P2    80W / 250W |   8907MiB / 11019MiB |     38%      Default |	1688360805130
| 44%   53C    P2    79W / 250W |   8907MiB / 11019MiB |     32%      Default |	1688360805686
| 44%   54C    P2    92W / 250W |   8907MiB / 11019MiB |     32%      Default |	1688360806220
| 44%   54C    P2    78W / 250W |   8907MiB / 11019MiB |     26%      Default |	1688360806760
| 44%   54C    P2    78W / 250W |   8907MiB / 11019MiB |     26%      Default |	1688360807301
| 44%   53C    P2    58W / 250W |   8876MiB / 11019MiB |      1%      Default |	1688360807840
| 44%   54C    P0    78W / 250W |      5MiB / 11019MiB |     24%      Default |	1688360808379
