2933835 toao      20   0 2484436  96956  68184 R 100.0   0.1   0:00.19 nts	1693194605138
2933835 toao      20   0 8413728 258060 114912 R  7888   0.2   0:22.56 nts	1693194605865
2933835 toao      20   0 8413728 258060 114912 R  7876   0.2   1:19.68 nts	1693194606585
2933835 toao      20   0 8813328 513848 115148 R 658.8   0.4   1:43.08 nts	1693194607287
2933835 toao      20   0 8813328 537080 115148 R 194.1   0.4   1:44.46 nts	1693194607991
2933835 toao      20   0 8813328 538400 115148 R 183.3   0.4   1:45.87 nts	1693194608690
2933835 toao      20   0 8813328 538928 115148 R 200.0   0.4   1:47.27 nts	1693194609404
2933835 toao      20   0 8813328 539192 115148 R 194.1   0.4   1:48.66 nts	1693194610108
2933835 toao      20   0 8813328 539720 115148 R 218.8   0.4   1:50.06 nts	1693194610812
2933835 toao      20   0 8813328 539984 115148 R 200.0   0.4   1:51.45 nts	1693194611517
2933835 toao      20   0 8813328 539984 115148 R 205.6   0.4   1:52.91 nts	1693194612222
2933835 toao      20   0 8813328 539984 115148 R 211.8   0.4   1:54.33 nts	1693194612956
2933835 toao      20   0 8813328 540248 115148 R 200.0   0.4   1:55.72 nts	1693194613670
2933835 toao      20   0 8813328 540248 115148 R 200.0   0.4   1:57.12 nts	1693194614376
2933835 toao      20   0 8813328 632648 115148 R 200.0   0.5   1:58.52 nts	1693194615080
2933835 toao      20   0 8813328 642680 115148 R 200.0   0.5   1:59.91 nts	1693194615785
2933835 toao      20   0 8813328 644264 115148 R 188.9   0.5   2:01.32 nts	1693194616490
2933835 toao      20   0 8813328 645056 115148 R 200.0   0.5   2:02.72 nts	1693194617200
2933835 toao      20   0 8813328 645320 115148 R 200.0   0.5   2:04.12 nts	1693194617904
2933835 toao      20   0 8813328 645584 115148 R 200.0   0.5   2:05.51 nts	1693194618609
2933835 toao      20   0 8813328 645584 115148 R 212.5   0.5   2:06.90 nts	1693194619313
2933835 toao      20   0 8813328 645584 115148 R 200.0   0.5   2:08.30 nts	1693194620016
2933835 toao      20   0 8813328 645584 115148 R 200.0   0.5   2:09.70 nts	1693194620720
2933835 toao      20   0 8813328 645584 115148 R 194.1   0.5   2:11.09 nts	1693194621424
2933835 toao      20   0 8813328 645848 115148 R 188.9   0.5   2:12.51 nts	1693194622125
2933835 toao      20   0 8813328 645848 115148 R 206.2   0.5   2:13.90 nts	1693194622842
2933835 toao      20   0 9007352 705780 115272 R 100.0   0.5   2:15.11 nts	1693194623541
2933835 toao      20   0   11.0g   1.6g 115272 R  1350   1.3   2:18.75 nts	1693194624245
2933835 toao      20   0   11.0g   1.7g 115272 R 682.4   1.3   2:24.63 nts	1693194624954
2933835 toao      20   0   11.0g   1.7g 115272 R 964.7   1.3   2:31.43 nts	1693194625663
2933835 toao      20   0   11.0g   1.7g 115272 R 975.0   1.3   2:38.16 nts	1693194626372
2933835 toao      20   0   11.0g   1.7g 115272 R  1059   1.3   2:45.15 nts	1693194627077
2933835 toao      20   0   11.0g   1.7g 115272 R 658.8   1.3   2:50.82 nts	1693194627786
2933835 toao      20   0   11.0g   1.7g 115272 R 856.2   1.3   2:57.53 nts	1693194628484
2933835 toao      20   0   11.0g   1.7g 115272 S  1081   1.4   3:05.49 nts	1693194629182
2933835 toao      20   0   11.0g   2.3g 115272 R  1459   1.9   3:14.64 nts	1693194629888
2933835 toao      20   0   11.0g   2.5g 115272 R  1606   2.0   3:24.53 nts	1693194630593
2933835 toao      20   0   11.0g   2.5g 115272 S  1365   2.0   3:33.32 nts	1693194631296
2933835 toao      20   0   11.0g   2.5g 115272 R  1324   2.0   3:42.71 nts	1693194632005
2933835 toao      20   0   11.0g   2.5g 115272 R  1059   2.0   3:51.06 nts	1693194632708
2933835 toao      20   0   11.0g   2.5g 115272 R 811.8   2.0   3:58.88 nts	1693194633414
2933835 toao      20   0   11.0g   2.5g 115272 R 964.7   2.0   4:06.78 nts	1693194634123
2933835 toao      20   0   11.0g   2.5g 115272 R  1641   2.0   4:16.92 nts	1693194634829
2933835 toao      20   0   15.2g   2.5g 115324 R 194.1   2.0   4:23.44 nts	1693194635536
2933835 toao      20   0   15.2g   2.5g 115324 R 200.0   2.0   4:24.82 nts	1693194636237
2933835 toao      20   0   15.2g   2.5g 115324 R 194.1   2.0   4:26.19 nts	1693194636946
2933835 toao      20   0   15.2g   2.5g 115324 R 194.1   2.0   4:27.57 nts	1693194637654
2933835 toao      20   0   15.2g   2.5g 115324 R 206.2   2.0   4:28.94 nts	1693194638362
2933835 toao      20   0   15.2g   2.6g 115324 S 205.9   2.0   4:30.32 nts	1693194639064
2933835 toao      20   0   15.2g   2.6g 115324 R 200.0   2.1   4:31.69 nts	1693194639768
2933835 toao      20   0   15.2g   2.6g 115324 R 200.0   2.1   4:33.07 nts	1693194640473
2933835 toao      20   0   15.2g   2.6g 115324 R 200.0   2.1   4:34.44 nts	1693194641176
2933835 toao      20   0   15.2g   2.6g 115324 R 194.1   2.1   4:35.81 nts	1693194641874
2933835 toao      20   0   15.2g   2.6g 115324 R 194.1   2.1   4:37.20 nts	1693194642575
2933835 toao      20   0   15.2g   2.7g 115324 R 200.0   2.1   4:38.58 nts	1693194643278
2933835 toao      20   0   15.2g   2.7g 115324 R 194.1   2.1   4:39.95 nts	1693194643976
2933835 toao      20   0   15.2g   2.7g 115324 R 194.1   2.2   4:41.34 nts	1693194644674
2933835 toao      20   0   16.3g   2.9g 115324 R 100.0   2.3   4:42.25 nts	1693194645379
2933835 toao      20   0   17.8g   3.0g 115324 R 864.7   2.4   4:47.38 nts	1693194646078
2933835 toao      20   0   17.8g   3.1g 115324 R 564.7   2.5   4:52.00 nts	1693194646780
2933835 toao      20   0   17.8g   3.3g 115324 R 605.9   2.6   4:56.39 nts	1693194647485
2933835 toao      20   0   17.8g   3.4g 115324 R 535.3   2.7   5:00.65 nts	1693194648189
2933835 toao      20   0   17.8g   3.5g 115324 S 552.9   2.8   5:04.21 nts	1693194648893
2933835 toao      20   0   17.8g   3.6g 115324 R 583.3   2.9   5:08.45 nts	1693194649601
2933835 toao      20   0   17.8g   3.7g 115324 R  1112   2.9   5:15.38 nts	1693194650308
2933835 toao      20   0   17.8g   3.8g 115324 R 594.1   3.0   5:24.01 nts	1693194651017
2933835 toao      20   0   17.8g   3.9g 115324 R 652.9   3.1   5:28.56 nts	1693194651727
2933835 toao      20   0   17.8g   4.0g 115324 R 605.9   3.2   5:32.42 nts	1693194652435
2933835 toao      20   0   17.8g   4.0g 115324 R 758.8   3.2   5:36.97 nts	1693194653142
2933835 toao      20   0   17.8g   4.1g 115324 R 635.3   3.3   5:40.92 nts	1693194653851
2933835 toao      20   0   17.8g   4.2g 115324 R 582.4   3.4   5:45.33 nts	1693194654558
2933835 toao      20   0   17.8g   4.3g 115324 R 652.9   3.4   5:49.25 nts	1693194655267
2933835 toao      20   0   17.8g   4.4g 115324 R 605.9   3.5   5:53.91 nts	1693194655976
2933835 toao      20   0   17.8g   4.5g 115324 R 482.4   3.6   5:58.03 nts	1693194656685
2933835 toao      20   0   17.8g   4.6g 115324 R 552.9   3.7   6:02.26 nts	1693194657391
2933835 toao      20   0   21.8g   4.6g 115324 R 100.0   3.7   6:03.77 nts	1693194658098
2933835 toao      20   0   22.0g   4.8g 115324 R 100.0   3.8   6:06.19 nts	1693194658806
2933835 toao      20   0   22.0g   4.8g 115324 R 106.2   3.8   6:06.89 nts	1693194659513
2933835 toao      20   0   22.0g   4.8g 115324 R 105.9   3.8   6:07.60 nts	1693194660217
2933835 toao      20   0   22.0g   4.8g 115324 R 100.0   3.8   6:08.31 nts	1693194660925
2933835 toao      20   0   22.0g   4.8g 115324 R 105.9   3.8   6:09.02 nts	1693194661636
2933835 toao      20   0   22.0g   4.8g 115324 R 100.0   3.8   6:09.72 nts	1693194662340
2933835 toao      20   0   22.0g   4.8g 115324 R 106.2   3.8   6:10.42 nts	1693194663043
2933835 toao      20   0   22.0g   4.8g 115324 R 100.0   3.8   6:11.13 nts	1693194663745
2933835 toao      20   0   22.0g   4.8g 115324 R  94.1   3.8   6:11.83 nts	1693194664453
2933835 toao      20   0   22.0g   4.8g 115324 R 100.0   3.8   6:12.54 nts	1693194665157
2933835 toao      20   0   22.0g   4.8g 115324 R 100.0   3.8   6:13.24 nts	1693194665864
2933835 toao      20   0   22.0g   4.8g 115324 R  94.1   3.8   6:13.94 nts	1693194666568
2933835 toao      20   0   22.0g   4.8g 115324 R 106.2   3.8   6:14.65 nts	1693194667272
2933835 toao      20   0   22.0g   4.8g 115324 R 105.9   3.8   6:15.36 nts	1693194667977
2933835 toao      20   0   22.0g   4.8g 115324 R 100.0   3.8   6:16.06 nts	1693194668680
2933835 toao      20   0   22.0g   4.8g 115324 R 100.0   3.8   6:16.76 nts	1693194669386
2933835 toao      20   0   22.8g   4.8g 115324 R  94.1   3.8   6:17.46 nts	1693194670088
2933835 toao      20   0   23.9g   5.3g 115324 R 100.0   4.2   6:18.16 nts	1693194670792
2933835 toao      20   0   23.9g   5.8g 115324 R 100.0   4.6   6:18.87 nts	1693194671495
2933835 toao      20   0   23.9g   5.8g 115324 R 100.0   4.7   6:19.58 nts	1693194672201
2933835 toao      20   0   23.9g   5.9g 115324 R 105.9   4.7   6:20.29 nts	1693194672904
2933835 toao      20   0   23.9g   5.9g 115324 R 105.9   4.7   6:20.99 nts	1693194673609
2933835 toao      20   0   23.9g   5.9g 115324 R 100.0   4.7   6:21.69 nts	1693194674313
2933835 toao      20   0   23.9g   5.9g 115324 R 100.0   4.7   6:22.40 nts	1693194675021
2933835 toao      20   0   23.9g   5.9g 115324 R 105.9   4.7   6:23.11 nts	1693194675724
2933835 toao      20   0   23.9g   5.9g 115324 R 100.0   4.7   6:23.81 nts	1693194676428
2933835 toao      20   0   23.9g   5.9g 115324 R 106.2   4.7   6:24.51 nts	1693194677132
2933835 toao      20   0   23.9g   5.9g 115324 R 100.0   4.7   6:25.21 nts	1693194677836
2933835 toao      20   0   23.9g   5.9g 115324 R 105.9   4.7   6:25.92 nts	1693194678540
2933835 toao      20   0   23.9g   5.9g 115324 R 100.0   4.7   6:26.63 nts	1693194679250
2933835 toao      20   0   23.9g   5.9g 115324 R 100.0   4.7   6:27.33 nts	1693194679952
2933835 toao      20   0   23.9g   5.9g 115324 R 100.0   4.7   6:28.03 nts	1693194680656
2933835 toao      20   0   23.9g   5.9g 115324 R 100.0   4.7   6:28.74 nts	1693194681361
2933835 toao      20   0   23.9g   5.9g 115324 R 105.9   4.7   6:29.45 nts	1693194682064
2933835 toao      20   0   23.9g   5.9g 115324 R 100.0   4.7   6:30.14 nts	1693194682768
2933835 toao      20   0   23.9g   5.9g 115324 R 112.5   4.7   6:30.85 nts	1693194683474
2933835 toao      20   0   23.9g   5.9g 115324 R 100.0   4.7   6:31.55 nts	1693194684176
2933835 toao      20   0   23.9g   5.9g 115324 R 106.2   4.7   6:32.25 nts	1693194684882
2933835 toao      20   0   23.9g   5.9g 115324 R 105.9   4.7   6:32.96 nts	1693194685585
2933835 toao      20   0   23.9g   5.9g 115324 R 100.0   4.7   6:33.66 nts	1693194686288
2933835 toao      20   0   23.9g   6.3g 115324 R 105.9   5.0   6:34.37 nts	1693194686993
2933835 toao      20   0   23.9g   6.5g 115324 R 100.0   5.2   6:35.07 nts	1693194687697
2933835 toao      20   0   23.9g   6.6g 115324 R 100.0   5.2   6:35.77 nts	1693194688401
2933835 toao      20   0   23.9g   6.6g 115324 R 100.0   5.2   6:36.48 nts	1693194689106
2933835 toao      20   0   23.9g   6.6g 115324 R 105.9   5.3   6:37.19 nts	1693194689813
2933835 toao      20   0   23.9g   6.6g 115324 R 105.9   5.3   6:37.90 nts	1693194690517
2933835 toao      20   0   23.9g   6.7g 115324 R 100.0   5.3   6:38.60 nts	1693194691224
2933835 toao      20   0   23.9g   6.7g 115324 R 100.0   5.3   6:39.30 nts	1693194691929
2933835 toao      20   0   23.9g   6.7g 115324 R 105.9   5.3   6:40.01 nts	1693194692637
2933835 toao      20   0   23.9g   6.7g 115324 R 100.0   5.3   6:40.71 nts	1693194693340
2933835 toao      20   0   23.9g   6.7g 115324 R 105.9   5.3   6:41.42 nts	1693194694044
2933835 toao      20   0   23.9g   6.7g 115324 R 100.0   5.3   6:42.12 nts	1693194694749
2933835 toao      20   0   23.9g   6.7g 115324 R 100.0   5.3   6:42.83 nts	1693194695454
2933835 toao      20   0   23.9g   6.7g 115324 R  94.4   5.3   6:43.54 nts	1693194696161
2933835 toao      20   0   23.9g   6.7g 115324 R 100.0   5.3   6:44.24 nts	1693194696868
2933835 toao      20   0   23.9g   6.7g 115324 R 112.5   5.3   6:44.95 nts	1693194697572
2933835 toao      20   0   23.9g   6.7g 115324 R 106.2   5.3   6:45.64 nts	1693194698273
2933835 toao      20   0   23.9g   6.7g 115324 R 100.0   5.3   6:46.35 nts	1693194698975
2933835 toao      20   0   23.9g   6.7g 115324 R 100.0   5.3   6:47.05 nts	1693194699680
2933835 toao      20   0   23.9g   6.7g 115324 R 100.0   5.3   6:47.76 nts	1693194700384
2933835 toao      20   0   23.9g   6.7g 115324 R 100.0   5.3   6:48.46 nts	1693194701088
2933835 toao      20   0   23.9g   6.7g 115324 R  94.1   5.3   6:49.16 nts	1693194701792
2933835 toao      20   0   23.9g   6.7g 115324 R 100.0   5.3   6:49.86 nts	1693194702496
2933835 toao      20   0   23.9g   6.7g 115324 R 100.0   5.3   6:50.57 nts	1693194703199
2933835 toao      20   0   23.9g   6.7g 115324 R 100.0   5.3   6:51.27 nts	1693194703905
2933835 toao      20   0   23.9g   6.7g 115324 R  94.1   5.3   6:51.97 nts	1693194704608
2933835 toao      20   0   23.9g   6.7g 115324 R 100.0   5.3   6:52.68 nts	1693194705311
2933835 toao      20   0   23.9g   6.7g 115324 R 100.0   5.3   6:53.38 nts	1693194706016
2933835 toao      20   0   33.0g   6.9g 212268 R 100.0   5.5   6:55.25 nts	1693194706718
2933835 toao      20   0   33.8g   7.7g 338456 R 100.0   6.2   6:55.95 nts	1693194707420
2933835 toao      20   0   34.8g   8.5g 480648 R 100.0   6.8   6:56.66 nts	1693194708124
2933835 toao      20   0   37.0g   9.9g 526252 R 112.5   7.9   6:57.37 nts	1693194708834
2933835 toao      20   0   37.1g  10.7g 526252 R  94.1   8.5   6:58.06 nts	1693194709536
2933835 toao      20   0   37.1g  10.7g 526252 R 100.0   8.5   6:58.77 nts	1693194710239
2933835 toao      20   0   37.1g  10.7g 526252 R 100.0   8.5   6:59.48 nts	1693194710946
2933835 toao      20   0   37.1g  10.7g 526252 R 100.0   8.5   7:00.19 nts	1693194711653
2933835 toao      20   0   37.1g  10.7g 526252 R  94.4   8.5   7:00.90 nts	1693194712361
2933835 toao      20   0   67.4g  11.6g   1.5g R  94.4   9.2   7:01.61 nts	1693194713069
2933835 toao      20   0   67.4g  13.9g   3.8g R 100.0  11.1   7:02.31 nts	1693194713777
2933835 toao      20   0   67.4g  16.2g   6.0g R 100.0  12.9   7:03.02 nts	1693194714480
2933835 toao      20   0   67.4g  18.5g   8.3g R 100.0  14.7   7:03.72 nts	1693194715184
2933835 toao      20   0   67.4g  20.7g  10.6g R 100.0  16.5   7:04.42 nts	1693194715887
2933835 toao      20   0   67.4g  23.0g  12.9g R 100.0  18.3   7:05.13 nts	1693194716591
2933835 toao      20   0   67.4g  25.3g  15.1g R 100.0  20.1   7:05.83 nts	1693194717296
2933835 toao      20   0   67.4g  27.6g  17.4g R 105.9  22.0   7:06.54 nts	1693194718000
2933835 toao      20   0   67.4g  29.9g  19.7g R 100.0  23.8   7:07.24 nts	1693194718706
2933835 toao      20   0   67.4g  32.2g  22.0g R 106.2  25.6   7:07.95 nts	1693194719413
2933835 toao      20   0   67.4g  34.5g  24.3g R 100.0  27.5   7:08.65 nts	1693194720116
2933835 toao      20   0   67.4g  36.7g  26.6g R 105.9  29.3   7:09.36 nts	1693194720821
2933835 toao      20   0   67.4g  39.0g  28.9g R 100.0  31.1   7:10.06 nts	1693194721523
2933835 toao      20   0   67.4g  41.0g  30.9g R 100.0  32.7   7:10.76 nts	1693194722228
2933835 toao      20   0   67.4g  41.0g  30.9g R 106.2  32.7   7:11.46 nts	1693194722933
2933835 toao      20   0   67.4g  41.0g  30.9g R  94.4  32.7   7:12.17 nts	1693194723639
2933835 toao      20   0   67.6g  41.1g  30.9g R 105.9  32.7   7:12.88 nts	1693194724348
2933835 toao      20   0   67.6g  41.1g  30.9g R 100.0  32.7   7:13.58 nts	1693194725058
2933835 toao      20   0   67.6g  41.1g  30.9g R 100.0  32.7   7:14.28 nts	1693194725759
2933835 toao      20   0   67.6g  41.1g  30.9g R 100.0  32.7   7:14.98 nts	1693194726460
2933835 toao      20   0   67.6g  41.1g  30.9g R 106.2  32.7   7:15.69 nts	1693194727163
2933835 toao      20   0   67.6g  41.1g  30.9g R 100.0  32.7   7:16.39 nts	1693194727865
2933835 toao      20   0   67.6g  41.1g  30.9g R 100.0  32.7   7:17.09 nts	1693194728567
2933835 toao      20   0   67.6g  41.1g  30.9g R 100.0  32.7   7:17.80 nts	1693194729268
2933835 toao      20   0   67.6g  41.1g  30.9g R 100.0  32.7   7:18.50 nts	1693194729972
2933835 toao      20   0   67.6g  41.1g  30.9g R 100.0  32.7   7:19.20 nts	1693194730677
2933835 toao      20   0   67.6g  41.1g  30.9g R 100.0  32.7   7:19.90 nts	1693194731379
2933835 toao      20   0   67.6g  41.1g  30.9g R 100.0  32.7   7:20.60 nts	1693194732080
2933835 toao      20   0   67.6g  41.1g  30.9g R 100.0  32.7   7:21.30 nts	1693194732779
2933835 toao      20   0   67.6g  41.1g  30.9g R  94.4  32.7   7:22.01 nts	1693194733481
2933835 toao      20   0   67.6g  41.1g  30.9g R 100.0  32.7   7:22.71 nts	1693194734187
2933835 toao      20   0   67.6g  41.1g  30.9g R 100.0  32.7   7:23.41 nts	1693194734888
2933835 toao      20   0   67.6g  41.1g  30.9g R 100.0  32.7   7:24.12 nts	1693194735591
2933835 toao      20   0   67.6g  41.1g  30.9g R 105.9  32.7   7:24.83 nts	1693194736296
2933835 toao      20   0   67.6g  41.1g  30.9g R  94.4  32.8   7:25.53 nts	1693194737001
2933835 toao      20   0   67.6g  41.1g  30.9g R 105.9  32.8   7:26.24 nts	1693194737708
2933835 toao      20   0   67.6g  41.1g  30.9g R 106.2  32.8   7:26.94 nts	1693194738413
2933835 toao      20   0   67.6g  41.1g  30.9g R 106.2  32.8   7:27.64 nts	1693194739113
2933835 toao      20   0   67.6g  41.1g  30.9g R 100.0  32.8   7:28.35 nts	1693194739815
2933835 toao      20   0   67.6g  41.1g  30.9g R 100.0  32.8   7:29.05 nts	1693194740520
2933835 toao      20   0   67.6g  41.1g  30.9g R 100.0  32.8   7:29.75 nts	1693194741220
2933835 toao      20   0   67.6g  41.1g  30.9g R 105.9  32.8   7:30.45 nts	1693194741920
2933835 toao      20   0   67.6g  41.1g  30.9g R 106.2  32.8   7:31.15 nts	1693194742623
2933835 toao      20   0   67.6g  41.1g  30.9g R 106.2  32.8   7:31.85 nts	1693194743324
2933835 toao      20   0   67.6g  41.1g  30.9g R 100.0  32.8   7:32.55 nts	1693194744026
2933835 toao      20   0   67.6g  41.1g  30.9g R 100.0  32.8   7:33.26 nts	1693194744728
2933835 toao      20   0   67.6g  41.1g  30.9g R 112.5  32.8   7:33.96 nts	1693194745432
2933835 toao      20   0   67.6g  41.1g  30.9g R 105.9  32.8   7:34.67 nts	1693194746135
2933835 toao      20   0   67.6g  41.1g  30.9g R 105.9  32.8   7:35.37 nts	1693194746836
2933835 toao      20   0   67.6g  41.1g  30.9g R 105.9  32.8   7:36.07 nts	1693194747536
2933835 toao      20   0   67.6g  41.1g  30.9g R 100.0  32.8   7:36.77 nts	1693194748237
2933835 toao      20   0   67.6g  41.1g  30.9g R 100.0  32.8   7:37.47 nts	1693194748941
2933835 toao      20   0   67.6g  41.1g  30.9g R 100.0  32.8   7:38.17 nts	1693194749643
2933835 toao      20   0   67.6g  41.1g  30.9g R 100.0  32.8   7:38.88 nts	1693194750349
2933835 toao      20   0   67.6g  41.1g  30.9g R 100.0  32.8   7:39.58 nts	1693194751053
2933835 toao      20   0   67.6g  41.1g  30.9g R 100.0  32.8   7:40.29 nts	1693194751756
2933835 toao      20   0   67.6g  41.1g  30.9g R 100.0  32.8   7:40.99 nts	1693194752460
2933835 toao      20   0   67.6g  41.1g  30.9g R 100.0  32.8   7:41.69 nts	1693194753160
2933835 toao      20   0   67.6g  41.1g  30.9g R 100.0  32.8   7:42.40 nts	1693194753865
2933835 toao      20   0   67.6g  41.1g  30.9g R  94.1  32.8   7:43.09 nts	1693194754568
2933835 toao      20   0   67.6g  41.1g  30.9g R 106.2  32.8   7:43.79 nts	1693194755264
2933835 toao      20   0   67.6g  41.1g  30.9g R 100.0  32.8   7:44.49 nts	1693194755960
2933835 toao      20   0   67.6g  41.1g  30.9g R 100.0  32.8   7:45.19 nts	1693194756664
2933835 toao      20   0   67.6g  41.1g  30.9g R 100.0  32.8   7:45.90 nts	1693194757366
2933835 toao      20   0   67.6g  41.2g  30.9g R 100.0  32.8   7:46.60 nts	1693194758068
2933835 toao      20   0   67.6g  41.2g  30.9g R 100.0  32.8   7:47.30 nts	1693194758771
2933835 toao      20   0   67.6g  41.2g  30.9g R 105.9  32.8   7:48.01 nts	1693194759472
2933835 toao      20   0   67.6g  41.2g  30.9g R 100.0  32.8   7:48.71 nts	1693194760177
2933835 toao      20   0   67.6g  41.2g  30.9g R 105.9  32.8   7:49.41 nts	1693194760878
2933835 toao      20   0   67.6g  41.2g  30.9g R 100.0  32.8   7:50.11 nts	1693194761580
2933835 toao      20   0   67.6g  41.2g  30.9g R 105.9  32.8   7:50.82 nts	1693194762285
2933835 toao      20   0   67.6g  41.2g  30.9g R 105.9  32.8   7:51.53 nts	1693194762989
2933835 toao      20   0   67.6g  41.2g  30.9g R 100.0  32.8   7:52.23 nts	1693194763691
2933835 toao      20   0   67.6g  41.2g  30.9g R 100.0  32.8   7:52.93 nts	1693194764397
2933835 toao      20   0   67.6g  41.2g  30.9g R  94.1  32.9   7:54.31 nts	1693194765096
2933835 toao      20   0   67.6g  41.3g  30.9g R  94.4  32.9   7:55.03 nts	1693194765798
2933835 toao      20   0   67.7g  41.3g  30.9g R 100.0  32.9   7:55.74 nts	1693194766510
2933835 toao      20   0   68.0g  41.5g  30.9g R  3953  33.1   8:04.88 nts	1693194767224
2933835 toao      20   0   68.0g  41.5g  30.9g R  3941  33.1   8:19.50 nts	1693194767930
2933835 toao      20   0   68.0g  41.5g  30.9g R  3947  33.1   8:30.99 nts	1693194768635
2933835 toao      20   0   68.0g  41.5g  30.9g R  3953  33.1   8:45.33 nts	1693194769339
2933835 toao      20   0   67.9g  41.4g  30.9g R  3953  33.0   8:59.96 nts	1693194770043
2933835 toao      20   0   67.8g  41.3g  30.9g R  3865  32.9   9:13.24 nts	1693194770747
2933835 toao      20   0   67.8g  41.3g  30.9g R  2847  32.9   9:25.81 nts	1693194771447
2933835 toao      20   0   67.8g  41.3g  30.9g R  2441  32.9   9:38.49 nts	1693194772148
2933835 toao      20   0   67.8g  41.4g  30.9g S  1606  33.0   9:51.43 nts	1693194772851
2933835 toao      20   0   68.0g  41.5g  30.9g R  4041  33.1  10:03.25 nts	1693194773552
2933835 toao      20   0   67.8g  41.3g  30.9g R  3953  32.9  10:16.67 nts	1693194774258
2933835 toao      20   0   67.8g  41.3g  30.9g R  2724  32.9  10:29.14 nts	1693194774964
2933835 toao      20   0   67.8g  41.4g  30.9g R  1676  33.0  10:41.66 nts	1693194775666
2933835 toao      20   0   67.9g  41.4g  30.9g R 677.8  33.0  10:54.75 nts	1693194776366
2933835 toao      20   0   67.9g  41.4g  30.9g R 494.1  33.0  11:07.08 nts	1693194777074
2933835 toao      20   0   67.9g  41.4g  30.9g R 511.8  33.0  11:19.65 nts	1693194777775
2933835 toao      20   0   67.9g  41.4g  30.9g R 476.5  33.0  11:32.08 nts	1693194778476
2933835 toao      20   0   67.9g  41.4g  30.9g R 400.0  33.0  11:44.11 nts	1693194779180
2933835 toao      20   0   67.9g  41.4g  30.9g R 100.0  33.0  11:56.36 nts	1693194779883
2933835 toao      20   0   67.9g  41.4g  30.9g R 100.0  33.0  12:08.14 nts	1693194780587
2933835 toao      20   0   68.0g  41.4g  30.9g R  1194  33.0  12:21.84 nts	1693194781291
2933835 toao      20   0   68.0g  41.5g  30.9g R  2706  33.0  12:36.30 nts	1693194781996
2933835 toao      20   0   68.0g  41.5g  30.9g R  4047  33.1  12:50.75 nts	1693194782699
2933835 toao      20   0   68.0g  41.5g  30.9g R  3953  33.1  13:03.62 nts	1693194783399
2933835 toao      20   0   68.0g  41.5g  30.9g R  4294  33.1  13:16.47 nts	1693194784103
2933835 toao      20   0   68.0g  41.5g  30.9g R  3947  33.1  13:27.93 nts	1693194784806
2933835 toao      20   0   67.8g  41.3g  30.9g R  3494  32.9  13:41.58 nts	1693194785507
2933835 toao      20   0   67.8g  41.3g  30.9g R  1918  32.9  13:53.22 nts	1693194786211
2933835 toao      20   0   67.9g  41.4g  30.9g R 650.0  33.0  14:05.54 nts	1693194786911
2933835 toao      20   0   67.9g  41.4g  30.9g R 476.5  33.0  14:17.59 nts	1693194787615
2933835 toao      20   0   67.9g  41.4g  30.9g R 388.2  33.0  14:29.25 nts	1693194788316
2933835 toao      20   0   67.9g  41.4g  30.9g R 100.0  33.0  14:40.83 nts	1693194789019
2933835 toao      20   0   67.9g  41.4g  30.9g R 112.5  33.0  14:52.30 nts	1693194789723
2933835 toao      20   0   68.0g  41.4g  30.9g R 347.1  33.0  15:04.71 nts	1693194790427
2933835 toao      20   0   68.0g  41.4g  30.9g R  1247  33.0  15:17.87 nts	1693194791127
2933835 toao      20   0   68.0g  41.5g  30.9g R  2747  33.0  15:32.27 nts	1693194791831
2933835 toao      20   0   68.0g  41.5g  30.9g R  3229  33.0  15:44.78 nts	1693194792534
2933835 toao      20   0   68.0g  41.4g  30.9g R  1988  33.0  15:54.45 nts	1693194793234
2933835 toao      20   0   68.0g  41.4g  30.9g R  2059  33.0  16:06.60 nts	1693194793934
2933835 toao      20   0   68.0g  41.5g  30.9g R  2953  33.0  16:19.83 nts	1693194794635
2933835 toao      20   0   68.0g  41.5g  30.9g R  3953  33.1  16:34.25 nts	1693194795339
2933835 toao      20   0   67.8g  41.2g  30.9g R  3865  32.9  16:48.66 nts	1693194796042
2933835 toao      20   0   67.8g  41.3g  30.9g R  2371  32.9  17:00.31 nts	1693194796747
2933835 toao      20   0   67.9g  41.4g  30.9g R  1071  33.0  17:12.39 nts	1693194797449
2933835 toao      20   0   67.9g  41.4g  30.9g R 464.7  33.0  17:24.05 nts	1693194798154
2933835 toao      20   0   67.9g  41.4g  30.9g R 447.1  33.0  17:35.53 nts	1693194798855
2933835 toao      20   0   67.9g  41.4g  30.9g R 100.0  33.0  17:46.92 nts	1693194799560
2933835 toao      20   0   68.0g  41.4g  30.9g R 705.9  33.0  17:59.23 nts	1693194800263
2933835 toao      20   0   68.0g  41.4g  30.9g R  1765  33.0  18:12.55 nts	1693194800967
2933835 toao      20   0   68.0g  41.5g  30.9g R  3224  33.0  18:26.99 nts	1693194801671
2933835 toao      20   0   68.0g  41.5g  30.9g R  3947  33.1  18:40.19 nts	1693194802375
2933835 toao      20   0   67.9g  41.4g  30.9g R  3935  33.0  18:54.51 nts	1693194803077
2933835 toao      20   0   67.8g  41.3g  30.9g R  3388  32.9  19:06.45 nts	1693194803780
2933835 toao      20   0   68.0g  41.5g  30.9g R  4394  33.1  19:17.88 nts	1693194804483
2933835 toao      20   0   67.8g  41.3g  30.9g R  2571  32.9  19:29.84 nts	1693194805190
2933835 toao      20   0   67.8g  41.3g  30.9g R  2229  32.9  19:41.78 nts	1693194805891
2933835 toao      20   0   67.9g  41.4g  30.9g R 650.0  33.0  19:53.69 nts	1693194806590
2933835 toao      20   0   67.9g  41.4g  30.9g R 458.8  33.0  20:05.51 nts	1693194807297
2933835 toao      20   0   67.9g  41.4g  30.9g R 576.5  33.0  20:17.05 nts	1693194807999
2933835 toao      20   0   67.9g  41.4g  30.9g R 105.9  33.0  20:28.17 nts	1693194808700
2933835 toao      20   0   68.0g  41.4g  30.9g R  1094  33.0  20:41.31 nts	1693194809404
2933835 toao      20   0   68.0g  41.4g  30.9g R  2700  33.0  20:55.44 nts	1693194810103
2933835 toao      20   0   68.0g  41.5g  30.9g R  4047  33.1  21:09.77 nts	1693194810804
2933835 toao      20   0   68.0g  41.5g  30.9g R  3947  33.1  21:22.63 nts	1693194811508
2933835 toao      20   0   67.8g  41.3g  30.9g R  3924  32.9  21:36.16 nts	1693194812210
2933835 toao      20   0   67.8g  41.3g  30.9g R  3494  32.9  21:48.02 nts	1693194812913
2933835 toao      20   0   67.8g  41.3g  30.9g R  2171  32.9  21:59.54 nts	1693194813615
2933835 toao      20   0   67.8g  41.4g  30.9g R  1718  33.0  22:11.36 nts	1693194814315
2933835 toao      20   0   67.9g  41.4g  30.9g R 716.7  33.0  22:23.60 nts	1693194815017
2933835 toao      20   0   67.9g  41.4g  30.9g R 488.2  33.0  22:35.08 nts	1693194815731
2933835 toao      20   0   67.9g  41.4g  30.9g R 470.6  33.0  22:46.69 nts	1693194816433
2933835 toao      20   0   67.9g  41.4g  30.9g R 105.9  33.0  22:58.09 nts	1693194817139
2933835 toao      20   0   67.9g  41.4g  30.9g R 258.8  33.0  23:10.09 nts	1693194817838
2933835 toao      20   0   67.9g  41.4g  30.9g R 105.9  33.0  23:21.74 nts	1693194818540
2933835 toao      20   0   67.9g  41.4g  30.9g R  94.1  33.0  23:33.68 nts	1693194819239
2933835 toao      20   0   67.9g  41.4g  30.9g R  94.1  33.0  23:45.51 nts	1693194819942
2933835 toao      20   0   68.0g  41.4g  30.9g R  1159  33.0  23:59.12 nts	1693194820647
2933835 toao      20   0   68.0g  41.4g  30.9g R  2424  33.0  24:13.21 nts	1693194821347
2933835 toao      20   0   68.0g  41.5g  30.9g R  4229  33.1  24:28.12 nts	1693194822051
2933835 toao      20   0   68.0g  41.5g  30.9g R  4135  33.1  24:42.18 nts	1693194822772
2933835 toao      20   0   67.8g  41.3g  30.9g R  2547  32.9  24:53.98 nts	1693194823477
2933835 toao      20   0   67.8g  41.3g  30.9g R  2753  32.9  25:05.87 nts	1693194824176
2933835 toao      20   0   67.8g  41.3g  30.9g R  1647  33.0  25:17.38 nts	1693194824879
2933835 toao      20   0   67.9g  41.4g  30.9g R 611.8  33.0  25:29.76 nts	1693194825580
2933835 toao      20   0   67.9g  41.4g  30.9g R 470.6  33.0  25:40.86 nts	1693194826282
2933835 toao      20   0   67.9g  41.4g  30.9g R 100.0  33.0  25:52.32 nts	1693194826986
2933835 toao      20   0   67.9g  41.4g  30.9g R 100.0  33.0  26:04.10 nts	1693194827687
2933835 toao      20   0   68.0g  41.4g  30.9g R  1676  33.0  26:17.63 nts	1693194828387
2933835 toao      20   0   68.0g  41.4g  30.9g R  2465  33.0  26:30.18 nts	1693194829087
2933835 toao      20   0   68.0g  41.5g  30.9g R  3953  33.1  26:44.72 nts	1693194829790
2933835 toao      20   0   67.9g  41.4g  30.9g R  3935  33.0  26:58.35 nts	1693194830494
2933835 toao      20   0   67.8g  41.3g  30.9g R  2265  32.9  27:09.90 nts	1693194831200
2933835 toao      20   0   67.9g  41.4g  30.9g R 947.1  33.0  27:21.84 nts	1693194831902
2933835 toao      20   0   67.9g  41.4g  30.9g R 452.9  33.0  27:33.01 nts	1693194832607
2933835 toao      20   0   67.9g  41.4g  30.9g R 452.9  33.0  27:44.24 nts	1693194833308
2933835 toao      20   0   67.9g  41.4g  30.9g R 470.6  33.0  27:55.55 nts	1693194834010
2933835 toao      20   0   67.9g  41.4g  30.9g R 447.1  33.0  28:07.11 nts	1693194834714
2933835 toao      20   0   67.9g  41.4g  30.9g R 482.4  33.0  28:18.58 nts	1693194835415
2933835 toao      20   0   67.9g  41.4g  30.9g R 458.8  33.0  28:29.79 nts	1693194836115
2933835 toao      20   0   67.9g  41.4g  30.9g R 288.2  33.0  28:41.16 nts	1693194836814
2933835 toao      20   0   67.9g  41.4g  30.9g R  88.2  33.0  28:52.68 nts	1693194837515
2933835 toao      20   0   68.0g  41.4g  30.9g R 568.8  33.0  29:04.48 nts	1693194838212
2933835 toao      20   0   68.0g  41.4g  30.9g R  2341  33.0  29:18.64 nts	1693194838911
2933835 toao      20   0   68.0g  41.5g  30.9g R  3512  33.0  29:31.82 nts	1693194839611
2933835 toao      20   0   68.0g  41.5g  30.9g R  4041  33.1  29:46.01 nts	1693194840311
2933835 toao      20   0   67.8g  41.3g  30.9g R  2918  32.9  29:58.54 nts	1693194841017
2933835 toao      20   0   67.8g  41.3g  30.9g R  2647  32.9  30:10.20 nts	1693194841718
2933835 toao      20   0   67.8g  41.4g  30.9g R  1206  33.0  30:21.92 nts	1693194842421
2933835 toao      20   0   67.9g  41.4g  30.9g R  1338  33.0  30:33.69 nts	1693194843122
2933835 toao      20   0   67.9g  41.4g  30.9g R 462.5  33.0  30:44.89 nts	1693194843823
2933835 toao      20   0   67.9g  41.4g  30.9g R 241.2  33.0  30:55.99 nts	1693194844524
2933835 toao      20   0   67.9g  41.4g  30.9g R  94.1  33.0  31:07.46 nts	1693194845227
2933835 toao      20   0   68.0g  41.4g  30.9g R 370.6  33.0  31:19.38 nts	1693194845927
2933835 toao      20   0   68.0g  41.4g  30.9g R  1594  33.0  31:32.44 nts	1693194846630
2933835 toao      20   0   68.0g  41.4g  30.9g R  1371  33.0  31:43.54 nts	1693194847331
2933835 toao      20   0   68.0g  41.5g  30.9g R  3088  33.0  31:57.84 nts	1693194848031
2933835 toao      20   0   68.0g  41.5g  30.9g R  3876  33.1  32:10.34 nts	1693194848735
2933835 toao      20   0   68.0g  41.5g  30.9g R  3947  33.1  32:23.85 nts	1693194849439
2933835 toao      20   0   67.8g  41.3g  30.9g R  2918  32.9  32:36.54 nts	1693194850140
2933835 toao      20   0   67.8g  41.4g  30.9g R  1582  33.0  32:47.88 nts	1693194850842
2933835 toao      20   0   67.8g  41.3g  30.9g R  2229  32.9  32:59.59 nts	1693194851540
2933835 toao      20   0   67.9g  41.4g  30.9g R 700.0  33.0  33:11.66 nts	1693194852244
2933835 toao      20   0   67.9g  41.4g  30.9g R 547.1  33.0  33:22.98 nts	1693194852956
2933835 toao      20   0   67.9g  41.4g  30.9g R 294.1  33.0  33:34.05 nts	1693194853655
2933835 toao      20   0   67.9g  41.4g  30.9g R 100.0  33.0  33:45.50 nts	1693194854355
2933835 toao      20   0   67.9g  41.4g  30.9g R 100.0  33.0  33:56.74 nts	1693194855059
2933835 toao      20   0   68.0g  41.4g  30.9g R  1371  33.0  34:10.26 nts	1693194855763
2933835 toao      20   0   68.0g  41.4g  30.9g R  2571  33.0  34:23.41 nts	1693194856467
2933835 toao      20   0   68.0g  41.5g  30.9g R  3817  33.1  34:37.81 nts	1693194857171
2933835 toao      20   0   68.0g  41.5g  30.9g R  3953  33.1  34:49.33 nts	1693194857875
2933835 toao      20   0   68.0g  41.5g  30.9g R  3953  33.1  35:01.91 nts	1693194858579
2933835 toao      20   0   67.9g  41.4g  30.9g R  3859  33.0  35:14.48 nts	1693194859283
2933835 toao      20   0   67.8g  41.3g  30.9g R  2371  32.9  35:26.16 nts	1693194859991
2933835 toao      20   0   67.8g  41.4g  30.9g S 594.1  33.0  35:37.61 nts	1693194860695
2933835 toao      20   0   67.9g  41.4g  30.9g R 358.8  33.0  35:49.15 nts	1693194861405
2933835 toao      20   0   67.9g  41.4g  30.9g R 482.4  33.0  36:00.18 nts	1693194862106
2933835 toao      20   0   67.9g  41.4g  30.9g R 464.7  33.0  36:11.73 nts	1693194862811
2933835 toao      20   0   67.9g  41.4g  30.9g R 300.0  33.0  36:23.02 nts	1693194863512
2933835 toao      20   0   67.9g  41.4g  30.9g R 100.0  33.0  36:34.38 nts	1693194864214
2933835 toao      20   0   67.9g  41.4g  30.9g R 100.0  33.0  36:45.75 nts	1693194864915
2933835 toao      20   0   68.0g  41.4g  30.9g R 900.0  33.0  36:58.72 nts	1693194865621
2933835 toao      20   0   68.0g  41.4g  30.9g R  2211  33.0  37:12.68 nts	1693194866321
2933835 toao      20   0   68.0g  41.5g  30.9g R  4041  33.1  37:27.04 nts	1693194867027
2933835 toao      20   0   67.8g  41.3g  30.9g R  3512  32.9  37:40.62 nts	1693194867730
2933835 toao      20   0   67.8g  41.3g  30.9g R  1753  32.9  37:51.95 nts	1693194868432
2933835 toao      20   0   67.9g  41.4g  30.9g R  1469  33.0  38:03.83 nts	1693194869132
2933835 toao      20   0   67.9g  41.4g  30.9g R 441.2  33.0  38:14.96 nts	1693194869835
2933835 toao      20   0   67.9g  41.4g  30.9g R 487.5  33.0  38:26.39 nts	1693194870534
2933835 toao      20   0   67.9g  41.4g  30.9g R 100.0  33.0  38:37.68 nts	1693194871234
2933835 toao      20   0   68.0g  41.4g  30.9g R 964.7  33.0  38:50.19 nts	1693194871939
2933835 toao      20   0   68.0g  41.5g  30.9g R  2641  33.0  39:04.31 nts	1693194872644
2933835 toao      20   0   68.0g  41.5g  30.9g R  3376  33.0  39:16.91 nts	1693194873346
2933835 toao      20   0   68.0g  41.5g  30.9g R  3947  33.1  39:29.76 nts	1693194874049
2933835 toao      20   0   68.0g  41.5g  30.9g R  4053  33.1  39:43.04 nts	1693194874750
2933835 toao      20   0   67.8g  41.3g  30.9g R  2835  32.9  39:55.34 nts	1693194875456
2933835 toao      20   0   67.8g  41.4g  30.9g R  1718  33.0  40:06.85 nts	1693194876159
2933835 toao      20   0   67.9g  41.4g  30.9g R  1206  33.0  40:18.91 nts	1693194876863
2933835 toao      20   0   67.9g  41.4g  30.9g R 447.1  33.0  40:29.90 nts	1693194877567
2933835 toao      20   0   67.9g  41.4g  30.9g R 247.1  33.0  40:41.20 nts	1693194878271
2933835 toao      20   0   67.9g  41.4g  30.9g R 100.0  33.0  40:52.70 nts	1693194878975
2933835 toao      20   0   67.9g  41.4g  30.9g R 105.9  33.0  41:04.08 nts	1693194879679
2933835 toao      20   0   68.0g  41.4g  30.9g R  1106  33.0  41:17.06 nts	1693194880379
2933835 toao      20   0   68.0g  41.5g  30.9g R  3000  33.0  41:31.58 nts	1693194881080
2933835 toao      20   0   68.0g  41.5g  30.9g R  3947  33.1  41:46.19 nts	1693194881785
2933835 toao      20   0   67.8g  41.3g  30.9g R  2665  32.9  41:58.54 nts	1693194882498
2933835 toao      20   0   67.8g  41.4g  30.9g R 905.6  33.0  42:10.11 nts	1693194883199
2933835 toao      20   0   67.8g  41.3g  30.9g S 494.1  33.0  42:21.61 nts	1693194883909
2933835 toao      20   0   67.9g  41.4g  30.9g R 570.6  33.0  42:33.44 nts	1693194884614
2933835 toao      20   0   67.9g  41.4g  30.9g R 441.2  33.0  42:44.78 nts	1693194885315
2933835 toao      20   0   67.9g  41.4g  30.9g R 476.5  33.0  42:56.23 nts	1693194886018
2933835 toao      20   0   67.9g  41.4g  30.9g R 476.5  33.0  43:07.70 nts	1693194886720
2933835 toao      20   0   67.9g  41.4g  30.9g R 100.0  33.0  43:18.79 nts	1693194887420
2933835 toao      20   0   67.9g  41.4g  30.9g R 100.0  33.0  43:29.95 nts	1693194888123
2933835 toao      20   0   68.0g  41.4g  30.9g R 881.2  33.0  43:42.54 nts	1693194888823
2933835 toao      20   0   68.0g  41.4g  30.9g R  1619  33.0  43:55.39 nts	1693194889523
2933835 toao      20   0   68.0g  41.4g  30.9g R  1338  33.0  44:06.39 nts	1693194890224
2933835 toao      20   0   68.0g  41.4g  30.9g R  2088  33.0  44:18.95 nts	1693194890923
2933835 toao      20   0   68.0g  41.5g  30.9g R  3912  33.1  44:33.28 nts	1693194891623
2933835 toao      20   0   68.0g  41.5g  30.9g R  4200  33.1  44:46.05 nts	1693194892322
2933835 toao      20   0   67.8g  41.3g  30.9g R  3519  32.9  44:59.32 nts	1693194893023
2933835 toao      20   0   67.8g  41.4g  30.9g S  1781  33.0  45:10.81 nts	1693194893723
2933835 toao      20   0   67.9g  41.4g  30.9g R 447.1  33.0  45:21.96 nts	1693194894424
2933835 toao      20   0   67.9g  41.4g  30.9g R 341.2  33.0  45:33.16 nts	1693194895127
2933835 toao      20   0   67.9g  41.4g  30.9g R 100.0  33.0  45:44.37 nts	1693194895826
2933835 toao      20   0   67.9g  41.4g  30.9g R 105.9  33.0  45:55.92 nts	1693194896527
2933835 toao      20   0   68.0g  41.4g  30.9g R  1524  33.0  46:09.55 nts	1693194897227
2933835 toao      20   0   68.0g  41.5g  30.9g R  3341  33.0  46:23.94 nts	1693194897927
2933835 toao      20   0   68.0g  41.5g  30.9g R  4194  33.1  46:36.50 nts	1693194898635
2933835 toao      20   0   68.0g  41.5g  30.9g R  3844  33.1  46:50.60 nts	1693194899335
2933835 toao      20   0   67.8g  41.3g  30.9g R  2789  32.9  47:02.86 nts	1693194900052
2933835 toao      20   0   67.9g  41.4g  30.9g R  1447  33.0  47:14.68 nts	1693194900755
2933835 toao      20   0   67.9g  41.4g  30.9g R 447.1  33.0  47:25.69 nts	1693194901458
2933835 toao      20   0   67.9g  41.4g  30.9g R 470.6  33.0  47:37.00 nts	1693194902160
2933835 toao      20   0   67.9g  41.4g  30.9g R 256.2  33.0  47:48.25 nts	1693194902863
2933835 toao      20   0   67.9g  41.4g  30.9g R 106.2  33.0  47:59.53 nts	1693194903563
2933835 toao      20   0   68.0g  41.4g  30.9g R 675.0  33.0  48:11.80 nts	1693194904263
2933835 toao      20   0   67.9g  41.4g  30.9g R 100.0  33.0  48:22.64 nts	1693194904963
2933835 toao      20   0   68.0g  41.4g  30.9g R  1741  33.0  48:36.88 nts	1693194905667
2933835 toao      20   0   68.0g  41.5g  30.9g R  2959  33.0  48:50.17 nts	1693194906371
2933835 toao      20   0   68.0g  41.5g  30.9g R  3733  33.1  49:05.35 nts	1693194907090
2933835 toao      20   0   67.8g  41.3g  30.9g R  2653  32.9  49:17.69 nts	1693194907805
2933835 toao      20   0   67.8g  41.3g  30.9g R 666.7  33.0  49:29.09 nts	1693194908510
2933835 toao      20   0   67.9g  41.4g  30.9g R 547.1  33.0  49:40.78 nts	1693194909225
2933835 toao      20   0   67.9g  41.4g  30.9g R 570.6  33.0  49:52.13 nts	1693194909927
2933835 toao      20   0   67.9g  41.4g  30.9g R 100.0  33.0  50:03.46 nts	1693194910628
2933835 toao      20   0   68.0g  41.4g  30.9g R 705.9  33.0  50:15.37 nts	1693194911331
2933835 toao      20   0   68.0g  41.5g  30.9g R  2612  33.0  50:29.75 nts	1693194912034
2933835 toao      20   0   68.0g  41.5g  30.9g R  3412  33.0  50:42.40 nts	1693194912735
2933835 toao      20   0   68.0g  41.5g  30.9g R  3959  33.1  50:56.36 nts	1693194913438
2933835 toao      20   0   68.0g  41.5g  30.9g R  4041  33.1  51:08.89 nts	1693194914142
2933835 toao      20   0   67.8g  41.3g  30.9g R  2522  32.9  51:21.22 nts	1693194914848
2933835 toao      20   0   67.8g  41.4g  30.9g S 722.2  33.0  51:32.46 nts	1693194915558
2933835 toao      20   0   67.9g  41.4g  30.9g R 464.7  33.0  51:44.12 nts	1693194916268
2933835 toao      20   0   67.9g  41.4g  30.9g R 511.8  33.0  51:55.74 nts	1693194916971
2933835 toao      20   0   67.9g  41.4g  30.9g R 247.1  33.0  52:07.09 nts	1693194917675
2933835 toao      20   0   67.9g  41.4g  30.9g R 100.0  33.0  52:18.62 nts	1693194918375
2933835 toao      20   0   68.0g  41.4g  30.9g R  1029  33.0  52:31.18 nts	1693194919076
2933835 toao      20   0   68.0g  41.4g  30.9g R  2300  33.0  52:44.66 nts	1693194919775
2933835 toao      20   0   68.0g  41.5g  30.9g R  3953  33.1  52:58.82 nts	1693194920475
2933835 toao      20   0   67.8g  41.3g  30.9g R  3935  32.9  53:12.97 nts	1693194921175
2933835 toao      20   0   67.8g  41.3g  30.9g R  3176  32.9  53:24.22 nts	1693194921876
2933835 toao      20   0   67.8g  41.3g  30.9g R  2859  32.9  53:35.65 nts	1693194922579
2933835 toao      20   0   67.9g  41.4g  30.9g R  1424  33.0  53:47.40 nts	1693194923279
2933835 toao      20   0   67.9g  41.4g  30.9g R 452.9  33.0  53:58.71 nts	1693194923980
2933835 toao      20   0   67.9g  41.4g  30.9g R 481.2  33.0  54:10.21 nts	1693194924683
2933835 toao      20   0   67.9g  41.4g  30.9g R 106.2  33.0  54:21.47 nts	1693194925383
2933835 toao      20   0   67.9g  41.4g  30.9g R 100.0  33.0  54:32.67 nts	1693194926084
2933835 toao      20   0   68.0g  41.4g  30.9g R 952.9  33.0  54:45.85 nts	1693194926787
2933835 toao      20   0   68.0g  41.5g  30.9g R  2671  33.0  54:59.92 nts	1693194927486
2933835 toao      20   0   68.0g  41.5g  30.9g R  4041  33.1  55:14.30 nts	1693194928186
2933835 toao      20   0   67.9g  41.4g  30.9g R  3935  33.0  55:27.84 nts	1693194928887
2933835 toao      20   0   67.8g  41.3g  30.9g R  2488  32.9  55:39.47 nts	1693194929588
2933835 toao      20   0   67.9g  41.4g  30.9g R 611.8  33.0  55:50.72 nts	1693194930288
2933835 toao      20   0   67.9g  41.4g  30.9g R 481.2  33.0  56:02.40 nts	1693194930992
2933835 toao      20   0   67.9g  41.4g  30.9g R 476.5  33.0  56:13.60 nts	1693194931692
2933835 toao      20   0   67.9g  41.4g  30.9g R 105.9  33.0  56:24.88 nts	1693194932391
2933835 toao      20   0   67.9g  41.4g  30.9g R 100.0  33.0  56:36.06 nts	1693194933091
2933835 toao      20   0   68.0g  41.4g  30.9g R 281.2  33.0  56:48.10 nts	1693194933795
2933835 toao      20   0   68.0g  41.4g  30.9g R  2056  33.0  57:02.18 nts	1693194934493
2933835 toao      20   0   68.0g  41.5g  30.9g R  3906  33.1  57:16.68 nts	1693194935193
2933835 toao      20   0   67.9g  41.4g  30.9g R  3935  33.0  57:30.83 nts	1693194935901
2933835 toao      20   0   67.8g  41.3g  30.9g R  2112  32.9  57:42.18 nts	1693194936604
2933835 toao      20   0   67.9g  41.4g  30.9g R 464.7  33.0  57:53.74 nts	1693194937310
2933835 toao      20   0   67.9g  41.4g  30.9g R 611.8  33.0  58:05.26 nts	1693194938015
2933835 toao      20   0   67.9g  41.4g  30.9g R 252.9  33.0  58:16.09 nts	1693194938715
2933835 toao      20   0   67.9g  41.4g  30.9g R 576.5  33.0  58:28.04 nts	1693194939421
2933835 toao      20   0   67.9g  41.4g  30.9g R 462.5  33.0  58:39.57 nts	1693194940124
2933835 toao      20   0   67.9g  41.4g  30.9g R 275.0  33.0  58:50.73 nts	1693194940822
2933835 toao      20   0   67.9g  41.4g  30.9g R 106.2  33.0  59:02.14 nts	1693194941522
2933835 toao      20   0   68.0g  41.4g  30.9g R 541.2  33.0  59:14.06 nts	1693194942223
2933835 toao      20   0   68.0g  41.4g  30.9g R 252.9  33.0  59:24.71 nts	1693194942927
2933835 toao      20   0   68.0g  41.4g  30.9g R  1976  33.0  59:38.81 nts	1693194943630
2933835 toao      20   0   68.0g  41.5g  30.9g R  3841  33.1  59:53.14 nts	1693194944330
2933835 toao      20   0   68.0g  41.5g  30.9g R  4135  33.1  60:07.33 nts	1693194945031
2933835 toao      20   0   68.0g  41.5g  30.9g R  4141  33.1  60:18.97 nts	1693194945737
2933835 toao      20   0   67.8g  41.3g  30.9g R  3400  32.9  60:30.74 nts	1693194946444
2933835 toao      20   0   67.9g  41.4g  30.9g R  1676  33.0  60:42.35 nts	1693194947147
2933835 toao      20   0   67.9g  41.4g  30.9g R 476.5  33.0  60:53.56 nts	1693194947850
2933835 toao      20   0   67.9g  41.4g  30.9g R 241.2  33.0  61:04.64 nts	1693194948554
2933835 toao      20   0   67.9g  41.4g  30.9g R 100.0  33.0  61:16.12 nts	1693194949256
2933835 toao      20   0   67.9g  41.4g  30.9g R 100.0  33.0  61:27.26 nts	1693194949959
2933835 toao      20   0   68.0g  41.4g  30.9g R 694.1  33.0  61:39.47 nts	1693194950663
2933835 toao      20   0   68.0g  41.5g  30.9g R  2482  33.0  61:53.71 nts	1693194951367
2933835 toao      20   0   68.0g  41.5g  30.9g R  3947  33.1  62:07.92 nts	1693194952066
2933835 toao      20   0   67.8g  41.3g  30.9g R  3676  32.9  62:21.65 nts	1693194952771
2933835 toao      20   0   67.8g  41.3g  30.9g R  1824  32.9  62:32.76 nts	1693194953475
2933835 toao      20   0   67.9g  41.4g  30.9g R 435.3  33.0  62:44.19 nts	1693194954179
2933835 toao      20   0   67.9g  41.4g  30.9g R 468.8  33.0  62:55.36 nts	1693194954883
2933835 toao      20   0   67.9g  41.4g  30.9g R 100.0  33.0  63:06.28 nts	1693194955582
2933835 toao      20   0   68.0g  41.4g  30.9g R 888.2  33.0  63:18.59 nts	1693194956287
2933835 toao      20   0   68.0g  41.5g  30.9g R  2700  33.0  63:32.83 nts	1693194956990
2933835 toao      20   0   68.0g  41.5g  30.9g R  4294  33.1  63:47.15 nts	1693194957692
2933835 toao      20   0   67.8g  41.3g  30.9g R  3665  32.9  64:00.75 nts	1693194958396
2933835 toao      20   0  118.8g  43.1g  32.7g R 100.0  34.3  64:01.45 nts	1693194959098
2933835 toao      20   0  123.0g  44.6g  34.1g R 205.9  35.5  64:02.67 nts	1693194959800
2933835 toao      20   0  126.6g  46.0g  35.6g R 200.0  36.6  64:04.07 nts	1693194960504
2933835 toao      20   0  130.2g  47.4g  37.0g R 194.1  37.8  64:05.47 nts	1693194961208
2933835 toao      20   0  133.5g  48.3g  37.8g S  1065  38.5  64:08.38 nts	1693194961911
2933835 toao      20   0  135.6g  48.3g  37.8g S  1412  38.5  64:19.56 nts	1693194962618
2933835 toao      20   0  136.1g  48.3g  37.8g S  1382  38.5  64:30.39 nts	1693194963323
2933835 toao      20   0  136.7g  48.3g  37.8g S  1582  38.5  64:42.28 nts	1693194964028
2933835 toao      20   0  136.7g  48.3g  37.8g S  1194  38.5  64:53.79 nts	1693194964727
2933835 toao      20   0  136.7g  48.3g  37.8g S  1600  38.5  65:04.98 nts	1693194965432
2933835 toao      20   0  136.1g  48.3g  37.8g S  1318  38.5  65:15.58 nts	1693194966130
2933835 toao      20   0  136.1g  48.3g  37.8g S  1488  38.5  65:28.50 nts	1693194966835
2933835 toao      20   0  136.1g  48.3g  37.8g S  1665  38.5  65:39.70 nts	1693194967535
2933835 toao      20   0  136.1g  48.3g  37.8g S  1924  38.5  65:50.73 nts	1693194968239
2933835 toao      20   0  136.1g  48.3g  37.8g S  1681  38.5  66:01.80 nts	1693194968942
2933835 toao      20   0  136.1g  48.3g  37.8g S  1359  38.5  66:11.23 nts	1693194969643
2933835 toao      20   0  136.4g  48.3g  37.8g S  1744  38.5  66:22.29 nts	1693194970347
2933835 toao      20   0  136.8g  48.3g  37.8g S  1982  38.5  66:33.49 nts	1693194971060
2933835 toao      20   0  137.4g  48.3g  37.8g S 964.7  38.5  66:43.22 nts	1693194971760
2933835 toao      20   0  136.8g  48.3g  37.8g S  1941  38.5  66:54.14 nts	1693194972460
2933835 toao      20   0  136.8g  48.3g  37.8g S  1462  38.5  67:03.67 nts	1693194973163
2933835 toao      20   0  136.8g  48.3g  37.8g S  1394  38.5  67:15.00 nts	1693194973863
2933835 toao      20   0  137.4g  48.3g  37.8g S 870.6  38.5  67:25.25 nts	1693194974570
2933835 toao      20   0  137.4g  48.3g  37.8g S  1353  38.5  67:36.47 nts	1693194975272
2933835 toao      20   0  136.8g  48.3g  37.8g S  2225  38.5  67:48.20 nts	1693194975972
2933835 toao      20   0  136.8g  48.3g  37.8g S  1475  38.5  67:57.59 nts	1693194976675
2933835 toao      20   0  136.8g  48.3g  37.8g S  1175  38.5  68:07.21 nts	1693194977374
2933835 toao      20   0  137.4g  48.3g  37.8g S  1747  38.5  68:20.79 nts	1693194978074
2933835 toao      20   0  137.4g  48.3g  37.8g S  1635  38.5  68:31.56 nts	1693194978776
2933835 toao      20   0  136.8g  48.3g  37.8g S  1376  38.5  68:42.11 nts	1693194979480
2933835 toao      20   0  137.0g  48.3g  37.8g S  1365  38.5  68:51.55 nts	1693194980180
2933835 toao      20   0  137.0g  48.3g  37.8g S  1394  38.5  69:00.91 nts	1693194980883
2933835 toao      20   0  137.0g  48.3g  37.8g S  1388  38.5  69:11.99 nts	1693194981587
2933835 toao      20   0  137.6g  48.3g  37.8g S 835.3  38.5  69:21.87 nts	1693194982291
2933835 toao      20   0  137.0g  48.3g  37.8g S  2318  38.5  69:34.15 nts	1693194982995
2933835 toao      20   0  137.0g  48.3g  37.8g S  1376  38.5  69:43.53 nts	1693194983696
2933835 toao      20   0  137.6g  48.3g  37.8g S  2500  38.5  69:55.78 nts	1693194984396
2933835 toao      20   0  137.6g  48.3g  37.8g S  1382  38.5  70:05.74 nts	1693194985098
2933835 toao      20   0  137.0g  48.3g  37.8g S  1376  38.5  70:16.77 nts	1693194985799
2933835 toao      20   0  137.0g  48.3g  37.8g S  2276  38.5  70:27.68 nts	1693194986499
2933835 toao      20   0  137.6g  48.3g  37.8g S  1871  38.5  70:38.02 nts	1693194987199
2933835 toao      20   0  137.0g  48.3g  37.8g S  1506  38.5  70:49.80 nts	1693194987903
2933835 toao      20   0  137.0g  48.3g  37.8g S  1188  38.5  70:59.37 nts	1693194988604
2933835 toao      20   0  137.0g  48.3g  37.8g S  1335  38.5  71:10.47 nts	1693194989310
2933835 toao      20   0  137.0g  48.3g  37.8g S  1712  38.5  71:21.52 nts	1693194990012
2933835 toao      20   0  137.6g  48.3g  37.8g S  1794  38.5  71:33.33 nts	1693194990712
2933835 toao      20   0  137.6g  48.3g  37.8g S  1969  38.5  71:44.80 nts	1693194991412
2933835 toao      20   0  137.0g  48.3g  37.8g S  1412  38.5  71:55.05 nts	1693194992114
2933835 toao      20   0  137.0g  48.3g  37.8g S  2450  38.5  72:06.00 nts	1693194992814
2933835 toao      20   0  137.0g  48.3g  37.8g S  2338  38.5  72:18.41 nts	1693194993514
2933835 toao      20   0  137.0g  48.3g  37.8g S  1388  38.5  72:29.88 nts	1693194994215
2933835 toao      20   0  137.6g  48.3g  37.8g S  1431  38.5  72:39.47 nts	1693194994914
2933835 toao      20   0  137.0g  48.3g  37.8g S  2344  38.5  72:51.97 nts	1693194995615
2933835 toao      20   0  137.0g  48.3g  37.8g S  1294  38.5  73:03.24 nts	1693194996315
2933835 toao      20   0  137.6g  48.3g  37.8g S  1771  38.5  73:13.76 nts	1693194997016
2933835 toao      20   0  137.0g  48.3g  37.8g S  1329  38.5  73:23.92 nts	1693194997719
2933835 toao      20   0  137.6g  48.3g  37.8g S 888.2  38.5  73:35.41 nts	1693194998418
2933835 toao      20   0  137.0g  48.3g  37.8g S  2176  38.5  73:48.10 nts	1693194999120
2933835 toao      20   0  137.0g  48.3g  37.8g S  1376  38.5  74:00.86 nts	1693194999820
2933835 toao      20   0  137.6g  48.3g  37.8g S  1941  38.5  74:13.88 nts	1693195000518
2933835 toao      20   0  137.0g  48.3g  37.8g S  1371  38.5  74:24.51 nts	1693195001218
2933835 toao      20   0  137.0g  48.3g  37.8g S  1553  38.5  74:37.35 nts	1693195001918
2933835 toao      20   0  137.0g  48.3g  37.8g S  1353  38.5  74:48.62 nts	1693195002619
2933835 toao      20   0  137.0g  48.3g  37.8g S  1612  38.5  75:00.98 nts	1693195003321
2933835 toao      20   0  151.3g  48.3g  37.8g S  1376  38.5  75:10.82 nts	1693195004021
2933835 toao      20   0  151.9g  48.3g  37.8g S  1365  38.5  75:21.85 nts	1693195004722
2933835 toao      20   0  151.9g  48.3g  37.8g S  2450  38.5  75:32.80 nts	1693195005423
2933835 toao      20   0  151.9g  48.3g  37.8g S  2488  38.5  75:45.71 nts	1693195006122
2933835 toao      20   0  151.9g  48.3g  37.8g S  2438  38.5  75:56.52 nts	1693195006824
2933835 toao      20   0  152.4g  48.3g  37.8g S  2112  38.5  76:07.08 nts	1693195007523
2933835 toao      20   0  152.4g  48.3g  37.8g S  2738  38.5  76:19.82 nts	1693195008224
2933835 toao      20   0  152.4g  48.3g  37.8g S  1182  38.5  76:30.23 nts	1693195008926
2933835 toao      20   0  151.9g  48.3g  37.8g S  1494  38.5  76:40.95 nts	1693195009632
2933835 toao      20   0  151.9g  48.3g  37.8g S  1500  38.5  76:52.27 nts	1693195010335
2933835 toao      20   0  151.9g  48.3g  37.8g S  1469  38.5  77:03.11 nts	1693195011035
2933835 toao      20   0  152.4g  48.3g  37.8g S  1762  38.5  77:13.07 nts	1693195011735
2933835 toao      20   0  152.3g  48.3g  37.8g S  2188  38.5  77:23.64 nts	1693195012436
2933835 toao      20   0  152.9g  48.3g  37.8g S  1594  38.5  77:35.00 nts	1693195013135
2933835 toao      20   0  152.3g  48.3g  37.8g S  1200  38.5  77:44.19 nts	1693195013832
2933835 toao      20   0  152.3g  48.3g  37.8g S  1406  38.5  77:55.54 nts	1693195014536
2933835 toao      20   0  152.3g  48.3g  37.8g S  1371  38.5  78:05.02 nts	1693195015238
2933835 toao      20   0  152.9g  48.3g  37.8g S  1576  38.5  78:16.40 nts	1693195015939
2933835 toao      20   0  152.9g  48.3g  37.8g S  2159  38.5  78:28.41 nts	1693195016640
2933835 toao      20   0  152.9g  48.3g  37.8g S  1762  38.5  78:38.44 nts	1693195017343
2933835 toao      20   0  152.3g  48.3g  37.8g S  1675  38.5  78:48.79 nts	1693195018044
2933835 toao      20   0  152.3g  48.3g  37.8g S  1406  38.5  78:58.10 nts	1693195018744
2933835 toao      20   0  152.3g  48.3g  37.8g S  2312  38.5  79:10.79 nts	1693195019447
2933835 toao      20   0  152.3g  48.3g  37.8g S  2418  38.5  79:22.05 nts	1693195020147
2933835 toao      20   0  152.3g  48.3g  37.8g S  1135  38.5  79:31.64 nts	1693195020846
2933835 toao      20   0  152.3g  48.3g  37.8g S  1394  38.5  79:42.67 nts	1693195021553
2933835 toao      20   0  152.5g  48.3g  37.8g S  1359  38.5  79:52.06 nts	1693195022254
2933835 toao      20   0  153.1g  48.3g  37.8g S  1024  38.5  80:02.09 nts	1693195022957
2933835 toao      20   0  153.1g  48.3g  37.8g S  1641  38.5  80:13.27 nts	1693195023664
2933835 toao      20   0  152.5g  48.3g  37.8g S  1276  38.5  80:23.68 nts	1693195024367
2933835 toao      20   0  152.5g  48.3g  37.8g S  1300  38.5  80:34.53 nts	1693195025067
2933835 toao      20   0  152.5g  48.3g  37.8g S  1371  38.5  80:43.88 nts	1693195025768
2933835 toao      20   0  152.5g  48.3g  37.8g S  1447  38.5  80:56.79 nts	1693195026471
2933835 toao      20   0  152.5g  48.3g  37.8g S  1353  38.5  81:07.82 nts	1693195027176
2933835 toao      20   0  152.5g  48.3g  37.8g S  1412  38.5  81:17.39 nts	1693195027876
2933835 toao      20   0  152.5g  48.3g  37.8g S  1371  38.5  81:28.45 nts	1693195028579
2933835 toao      20   0  152.5g  48.3g  37.8g S  1459  38.5  81:39.55 nts	1693195029280
2933835 toao      20   0  152.5g  48.3g  37.8g S  1425  38.5  81:50.51 nts	1693195029982
2933835 toao      20   0  153.1g  48.3g  37.8g S  1106  38.5  82:00.43 nts	1693195030684
2933835 toao      20   0  152.9g  48.3g  37.8g S  1431  38.5  82:10.98 nts	1693195031383
2933835 toao      20   0  152.5g  48.3g  37.8g S  2275  38.5  82:23.76 nts	1693195032083
2933835 toao      20   0  152.5g  48.3g  37.8g S  1681  38.5  82:35.00 nts	1693195032783
2933835 toao      20   0  152.5g  48.3g  37.8g S  1724  38.5  82:46.14 nts	1693195033484
2933835 toao      20   0  152.5g  48.3g  37.8g S  1347  38.5  82:55.68 nts	1693195034186
2933835 toao      20   0  152.5g  48.3g  37.8g S  2318  38.5  83:06.59 nts	1693195034886
2933835 toao      20   0  152.5g  48.3g  37.8g S  1353  38.5  83:17.80 nts	1693195035586
2933835 toao      20   0  153.1g  48.3g  37.8g S  1112  38.5  83:28.82 nts	1693195036285
2933835 toao      20   0  153.1g  48.3g  37.8g S  1812  38.5  83:40.64 nts	1693195036986
2933835 toao      20   0  152.5g  48.3g  37.8g S  2418  38.5  83:52.64 nts	1693195037687
2933835 toao      20   0  152.5g  48.3g  37.8g S  2388  38.5  84:03.92 nts	1693195038391
2933835 toao      20   0  152.5g  48.3g  37.8g S  1312  38.5  84:13.17 nts	1693195039091
2933835 toao      20   0  152.5g  48.3g  37.8g S  2271  38.5  84:25.90 nts	1693195039795
2933835 toao      20   0  153.1g  48.3g  37.8g S  1447  38.5  84:36.25 nts	1693195040499
2933835 toao      20   0  152.5g  48.3g  37.8g S  2406  38.5  84:49.65 nts	1693195041200
2933835 toao      20   0  153.1g  48.3g  37.8g S  1962  38.5  85:01.65 nts	1693195041902
2933835 toao      20   0  152.9g  48.3g  37.8g S  1456  38.5  85:13.68 nts	1693195042603
2933835 toao      20   0  152.5g  48.3g  37.8g S  2235  38.5  85:26.17 nts	1693195043303
2933835 toao      20   0  153.1g  48.3g  37.8g S  1976  38.5  85:36.82 nts	1693195044007
2933835 toao      20   0  153.1g  48.3g  37.8g S  1706  38.5  85:49.15 nts	1693195044711
2933835 toao      20   0  162.4g  48.3g  37.8g S  1476  38.5  85:59.94 nts	1693195045415
2933835 toao      20   0  162.4g  48.3g  37.8g S  2253  38.5  86:10.56 nts	1693195046119
2933835 toao      20   0  163.6g  48.3g  37.8g S  2000  38.5  86:20.47 nts	1693195046823
2933835 toao      20   0  163.0g  48.3g  37.8g S  2569  38.5  86:32.48 nts	1693195047523
2933835 toao      20   0  163.6g  48.3g  37.8g S  1353  38.5  86:44.07 nts	1693195048224
2933835 toao      20   0  163.0g  48.3g  37.8g S  1382  38.5  86:54.91 nts	1693195048926
2933835 toao      20   0  163.0g  48.3g  37.8g S  1394  38.5  87:06.07 nts	1693195049628
2933835 toao      20   0  163.0g  48.3g  37.8g S  1376  38.5  87:18.85 nts	1693195050327
2933835 toao      20   0  163.6g  48.3g  37.8g S 847.1  38.5  87:28.53 nts	1693195051030
2933835 toao      20   0  163.0g  48.3g  37.8g S  1265  38.5  87:39.58 nts	1693195051735
2933835 toao      20   0  163.6g  48.3g  37.8g S  1747  38.5  87:51.23 nts	1693195052435
2933835 toao      20   0  163.0g  48.3g  37.8g S  1347  38.5  88:01.73 nts	1693195053138
2933835 toao      20   0  163.0g  48.3g  37.8g S 870.6  38.5  88:11.05 nts	1693195053839
2933835 toao      20   0  163.6g  48.3g  37.8g S  1447  38.5  88:22.28 nts	1693195054542
2933835 toao      20   0  163.6g  48.3g  37.8g S  1241  38.5  88:33.57 nts	1693195055246
2933835 toao      20   0  163.3g  48.3g  37.8g S  1376  38.5  88:42.72 nts	1693195055949
2933835 toao      20   0  163.0g  48.3g  37.8g S  1294  38.5  88:53.65 nts	1693195056652
2933835 toao      20   0  163.6g  48.3g  37.8g S  2065  38.5  89:04.17 nts	1693195057354
2933835 toao      20   0  163.0g  48.3g  37.8g S  1906  38.5  89:15.39 nts	1693195058056
2933835 toao      20   0  163.6g  48.3g  37.8g S 841.2  38.5  89:25.93 nts	1693195058759
2933835 toao      20   0  163.5g  48.3g  37.8g S 741.2  38.5  89:36.44 nts	1693195059460
2933835 toao      20   0  163.0g  48.3g  37.8g S  1444  38.5  89:47.37 nts	1693195060164
2933835 toao      20   0  163.0g  48.3g  37.8g S  1412  38.5  89:56.92 nts	1693195060863
2933835 toao      20   0  163.0g  48.3g  37.8g S  1329  38.5  90:09.56 nts	1693195061565
2933835 toao      20   0  163.0g  48.3g  37.8g S  1365  38.5  90:20.65 nts	1693195062270
2933835 toao      20   0  163.0g  48.3g  37.8g S  2376  38.5  90:31.76 nts	1693195062974
2933835 toao      20   0  163.0g  48.3g  37.8g S  1376  38.5  90:41.31 nts	1693195063676
2933835 toao      20   0  163.0g  48.3g  37.8g S  1329  38.5  90:50.67 nts	1693195064379
2933835 toao      20   0  163.0g  48.3g  37.8g S  1800  38.5  91:01.65 nts	1693195065080
2933835 toao      20   0  163.0g  48.3g  37.8g S  1669  38.5  91:12.87 nts	1693195065782
2933835 toao      20   0  163.0g  48.3g  37.8g S  1450  38.5  91:22.51 nts	1693195066483
2933835 toao      20   0  163.0g  48.3g  37.8g S  1481  38.5  91:33.59 nts	1693195067182
2933835 toao      20   0  163.0g  48.3g  37.8g S  2318  38.5  91:44.72 nts	1693195067883
2933835 toao      20   0  163.0g  48.3g  37.8g S  1341  38.5  91:55.67 nts	1693195068579
2933835 toao      20   0  163.0g  48.3g  37.8g S  1341  38.5  92:06.53 nts	1693195069283
2933835 toao      20   0  163.6g  48.3g  37.8g S  1582  38.5  92:16.53 nts	1693195069987
2933835 toao      20   0  163.0g  48.3g  37.8g S 917.6  38.5  92:26.95 nts	1693195070687
2933835 toao      20   0  163.0g  48.3g  37.8g S  1822  38.5  92:39.67 nts	1693195071391
2933835 toao      20   0  163.6g  48.3g  37.8g S  1394  38.5  92:49.12 nts	1693195072096
2933835 toao      20   0  163.0g  48.3g  37.8g S  1418  38.5  93:00.23 nts	1693195072799
2933835 toao      20   0  163.6g  48.3g  37.8g S 947.1  38.5  93:10.40 nts	1693195073503
2933835 toao      20   0  163.0g  48.3g  37.8g S  1388  38.5  93:22.70 nts	1693195074207
2933835 toao      20   0  163.0g  48.3g  37.8g S  1294  38.5  93:33.77 nts	1693195074907
2933835 toao      20   0  163.0g  48.3g  37.8g S  1394  38.5  93:44.74 nts	1693195075606
2933835 toao      20   0  163.0g  48.3g  37.8g S  1400  38.5  93:54.00 nts	1693195076307
2933835 toao      20   0  163.0g  48.3g  37.8g S  2035  38.5  94:06.65 nts	1693195077010
2933835 toao      20   0  163.0g  48.3g  37.8g S  2312  38.5  94:19.34 nts	1693195077711
2933835 toao      20   0  163.6g  48.3g  37.8g S  1424  38.5  94:28.86 nts	1693195078410
2933835 toao      20   0  163.0g  48.3g  37.8g S  1359  38.5  94:39.60 nts	1693195079110
2933835 toao      20   0  163.0g  48.3g  37.8g S  1753  38.5  94:52.42 nts	1693195079815
2933835 toao      20   0  163.6g  48.3g  37.8g S  1612  38.5  95:02.42 nts	1693195080515
2933835 toao      20   0  163.0g  48.3g  37.8g S  1382  38.5  95:13.33 nts	1693195081218
2933835 toao      20   0  163.6g  48.3g  37.8g S  1800  38.5  95:25.39 nts	1693195081921
2933835 toao      20   0  163.6g  48.3g  37.8g S  2047  38.5  95:36.78 nts	1693195082626
2933835 toao      20   0  163.0g  48.3g  37.8g S  1700  38.5  95:50.06 nts	1693195083329
2933835 toao      20   0  163.0g  48.3g  37.8g S  2124  38.5  96:02.50 nts	1693195084034
2933835 toao      20   0  163.0g  48.3g  37.8g S  1376  38.5  96:13.95 nts	1693195084734
2933835 toao      20   0  163.0g  48.3g  37.8g S  2376  38.5  96:26.67 nts	1693195085435
2933835 toao      20   0  163.0g  48.3g  37.8g S  1641  38.5  96:37.84 nts	1693195086135
2933835 toao      20   0  163.6g  48.3g  37.8g S  1853  38.5  96:49.57 nts	1693195086836
2933835 toao      20   0  162.8g  48.3g  37.8g S  1347  38.5  96:59.51 nts	1693195087537
2933835 toao      20   0  163.4g  48.3g  37.8g S  1324  38.5  97:10.48 nts	1693195088239
2933835 toao      20   0  163.6g  48.3g  37.8g S  1088  38.5  97:19.94 nts	1693195088940
2933835 toao      20   0  164.0g  48.3g  37.8g S  1500  38.5  97:33.17 nts	1693195089642
2933835 toao      20   0  163.5g  48.3g  37.8g S 850.0  38.5  97:43.50 nts	1693195090343
2933835 toao      20   0  163.4g  48.3g  37.8g S 941.2  38.5  97:54.78 nts	1693195091043
2933835 toao      20   0  163.4g  48.3g  37.8g S  2271  38.5  98:07.43 nts	1693195091749
2933835 toao      20   0  163.4g  48.3g  37.8g S  2253  38.5  98:19.99 nts	1693195092455
2933835 toao      20   0  163.4g  48.3g  37.8g S  1553  38.5  98:29.50 nts	1693195093158
2933835 toao      20   0  163.4g  48.3g  37.8g S  1359  38.5  98:40.65 nts	1693195093860
2933835 toao      20   0  163.4g  48.3g  37.8g S  1371  38.5  98:51.80 nts	1693195094565
2933835 toao      20   0  163.4g  48.3g  37.8g S  1406  38.5  99:01.11 nts	1693195095268
2933835 toao      20   0  164.0g  48.3g  37.8g S 800.0  38.5  99:11.21 nts	1693195095970
2933835 toao      20   0  163.4g  48.3g  37.8g S  1394  38.5  99:23.30 nts	1693195096672
2933835 toao      20   0  164.0g  48.3g  37.8g S  1400  38.5  99:33.01 nts	1693195097375
2933835 toao      20   0  163.4g  48.3g  37.8g S  1129  38.5  99:43.39 nts	1693195098079
2933835 toao      20   0  163.4g  48.3g  37.8g S  1382  38.5  99:53.36 nts	1693195098775
2933835 toao      20   0  163.4g  48.3g  37.8g S  1647  38.5 100:04.40 nts	1693195099479
2933835 toao      20   0  163.4g  48.3g  37.8g S  2365  38.5 100:15.60 nts	1693195100180
2933835 toao      20   0  163.4g  48.3g  37.8g S  2247  38.5 100:26.54 nts	1693195100882
2933835 toao      20   0  163.4g  48.3g  37.8g S  1082  38.5 100:35.90 nts	1693195101586
2933835 toao      20   0  163.4g  48.3g  37.8g S  1418  38.5 100:47.17 nts	1693195102287
2933835 toao      20   0  163.4g  48.3g  37.8g S  2388  38.5 100:58.08 nts	1693195102986
2933835 toao      20   0  163.4g  48.3g  37.8g S  1388  38.5 101:09.25 nts	1693195103691
2933835 toao      20   0  163.4g  48.3g  37.8g S  1312  38.5 101:20.31 nts	1693195104391
2933835 toao      20   0  164.0g  48.3g  37.8g S  1288  38.5 101:30.78 nts	1693195105089
2933835 toao      20   0  163.4g  48.3g  37.8g S  1311  38.5 101:41.06 nts	1693195105792
2933835 toao      20   0  163.4g  48.3g  37.8g S  1318  38.5 101:50.40 nts	1693195106495
2933835 toao      20   0  163.4g  48.3g  37.8g S  1382  38.5 102:01.37 nts	1693195107199
2933835 toao      20   0  164.0g  48.3g  37.8g S  1662  38.5 102:11.17 nts	1693195107903
2933835 toao      20   0  163.4g  48.3g  37.8g S  1347  38.5 102:23.40 nts	1693195108603
2933835 toao      20   0  163.4g  48.3g  37.8g S  1424  38.5 102:33.00 nts	1693195109307
2933835 toao      20   0  163.4g  48.3g  37.8g S  1300  38.5 102:44.04 nts	1693195110011
2933835 toao      20   0  164.0g  48.3g  37.8g S  1718  38.5 102:55.81 nts	1693195110715
2933835 toao      20   0  163.4g  48.3g  37.8g S  1388  38.5 103:06.44 nts	1693195111418
2933835 toao      20   0  163.4g  48.3g  37.8g S  2182  38.5 103:17.60 nts	1693195112117
2933835 toao      20   0  163.4g  48.3g  37.8g S  1382  38.5 103:27.03 nts	1693195112819
2933835 toao      20   0  163.4g  48.3g  37.8g S  1482  38.5 103:39.44 nts	1693195113523
2933835 toao      20   0  163.4g  48.3g  37.8g S  1347  38.5 103:49.10 nts	1693195114226
2933835 toao      20   0  164.0g  48.3g  37.8g S  1806  38.5 103:59.16 nts	1693195114928
2933835 toao      20   0  163.4g  48.3g  37.8g S  2018  38.5 104:11.27 nts	1693195115628
2933835 toao      20   0  163.4g  48.3g  37.8g S  1322  38.5 104:22.33 nts	1693195116331
2933835 toao      20   0  163.4g  48.3g  37.8g S  1412  38.5 104:33.67 nts	1693195117035
2933835 toao      20   0  163.4g  48.3g  37.8g S  1388  38.5 104:45.02 nts	1693195117738
2933835 toao      20   0  163.4g  48.3g  37.8g S  1376  38.5 104:54.40 nts	1693195118439
2933835 toao      20   0  163.4g  48.3g  37.8g S  1418  38.5 105:07.25 nts	1693195119138
2933835 toao      20   0  163.4g  48.3g  37.8g S  1371  38.5 105:18.16 nts	1693195119840
2933835 toao      20   0  163.4g  48.3g  37.8g S  1388  38.5 105:29.33 nts	1693195120543
2933835 toao      20   0  163.4g  48.3g  37.8g S  1594  38.5 105:40.54 nts	1693195121246
2933835 toao      20   0  163.4g  48.3g  37.8g S  1318  38.5 105:51.65 nts	1693195121951
2933835 toao      20   0  163.4g  48.3g  37.8g S  1388  38.5 106:02.76 nts	1693195122655
2933835 toao      20   0  163.4g  48.3g  37.8g S  1347  38.5 106:13.94 nts	1693195123355
2933835 toao      20   0  164.0g  48.3g  37.8g S  1559  38.5 106:25.48 nts	1693195124055
2933835 toao      20   0  163.6g  48.3g  37.8g S  2112  38.5 106:37.49 nts	1693195124756
2933835 toao      20   0  163.4g  48.3g  37.8g S  1329  38.5 106:50.61 nts	1693195125457
2933835 toao      20   0  163.4g  48.3g  37.8g S  1524  38.5 107:03.28 nts	1693195126161
2933835 toao      20   0  163.4g  48.3g  37.8g S  2400  38.5 107:14.38 nts	1693195126863
2933835 toao      20   0  163.4g  48.3g  37.8g S  1469  38.5 107:25.66 nts	1693195127563
2933835 toao      20   0  163.4g  48.3g  37.8g S  2431  38.5 107:38.11 nts	1693195128263
2933835 toao      20   0  163.4g  48.3g  37.8g S  1365  38.5 107:49.40 nts	1693195128963
2933835 toao      20   0  163.3g  48.3g  37.8g S 535.3  38.5 107:58.91 nts	1693195129666
2933835 toao      20   0  163.4g  48.3g  37.8g S  1300  38.5 108:09.79 nts	1693195130368
2933835 toao      20   0  163.4g  48.3g  37.8g S  1829  38.5 108:20.89 nts	1693195131067
2933835 toao      20   0  164.0g  48.3g  37.8g S  2347  38.5 108:34.53 nts	1693195131768
2933835 toao      20   0  163.4g  48.3g  37.8g S  2362  38.5 108:44.83 nts	1693195132472
2933835 toao      20   0  163.4g  48.3g  37.8g S  2435  38.5 108:55.96 nts	1693195133177
2933835 toao      20   0  163.4g  48.3g  37.8g S  2376  38.5 109:08.88 nts	1693195133879
2933835 toao      20   0  163.4g  48.3g  37.8g S  1394  38.5 109:19.94 nts	1693195134583
2933835 toao      20   0  163.4g  48.3g  37.8g S  2082  38.5 109:30.73 nts	1693195135287
2933835 toao      20   0  164.0g  48.3g  37.8g S  1447  38.5 109:40.71 nts	1693195135990
2933835 toao      20   0  163.4g  48.3g  37.8g S  1376  38.5 109:51.76 nts	1693195136694
2933835 toao      20   0  163.4g  48.3g  37.8g S  1759  38.5 110:02.82 nts	1693195137399
2933835 toao      20   0  163.4g  48.3g  37.8g S  1288  38.5 110:12.02 nts	1693195138099
2933835 toao      20   0  164.0g  48.3g  37.8g S  1547  38.5 110:23.69 nts	1693195138801
2933835 toao      20   0  163.6g  48.3g  37.8g S 755.6  38.5 110:32.40 nts	1693195139502
2933835 toao      20   0  163.4g  48.3g  37.8g S  1406  38.5 110:43.73 nts	1693195140207
2933835 toao      20   0  163.4g  48.3g  37.8g S  1359  38.5 110:53.15 nts	1693195140908
2933835 toao      20   0  163.4g  48.3g  37.8g S  2294  38.5 111:05.95 nts	1693195141607
2933835 toao      20   0  163.4g  48.3g  37.8g S  2100  38.5 111:17.20 nts	1693195142311
2933835 toao      20   0  163.4g  48.3g  37.8g S  2329  38.5 111:28.31 nts	1693195143014
2933835 toao      20   0  163.4g  48.3g  37.8g S  1300  38.5 111:37.63 nts	1693195143718
2933835 toao      20   0  163.4g  48.3g  37.8g S  2094  38.5 111:48.17 nts	1693195144420
2933835 toao      20   0  163.4g  48.3g  37.8g S  1706  38.5 111:59.84 nts	1693195145124
2933835 toao      20   0  163.4g  48.3g  37.8g S  1982  38.5 112:10.93 nts	1693195145825
2933835 toao      20   0  164.0g  48.3g  37.8g S 741.2  38.5 112:20.94 nts	1693195146531
2933835 toao      20   0  164.0g  48.3g  37.8g S  1353  38.5 112:31.91 nts	1693195147232
2933835 toao      20   0  164.0g  48.3g  37.8g S  1024  38.5 112:41.09 nts	1693195147935
2933835 toao      20   0  163.4g  48.3g  37.8g S  1400  38.5 112:52.13 nts	1693195148639
2933835 toao      20   0  163.4g  48.3g  37.8g S  1853  38.5 113:03.11 nts	1693195149341
2933835 toao      20   0  164.0g  48.3g  37.8g S  1447  38.5 113:12.75 nts	1693195150042
2933835 toao      20   0  163.4g  48.3g  37.8g S  1388  38.5 113:23.72 nts	1693195150747
2933835 toao      20   0  163.4g  48.3g  37.8g S  1318  38.5 113:34.45 nts	1693195151450
2933835 toao      20   0  163.4g  48.3g  37.8g S  1265  38.5 113:46.25 nts	1693195152155
2933835 toao      20   0  163.4g  48.3g  37.8g S 900.0  38.5 113:57.30 nts	1693195152859
2933835 toao      20   0  163.4g  48.3g  37.8g S  1365  38.5 114:08.34 nts	1693195153564
2933835 toao      20   0  163.4g  48.3g  37.8g S  1547  38.5 114:19.51 nts	1693195154267
2933835 toao      20   0  163.4g  48.3g  37.8g S  2347  38.5 114:30.65 nts	1693195154972
2933835 toao      20   0  164.0g  48.3g  37.8g S  1582  38.5 114:41.39 nts	1693195155675
2933835 toao      20   0  163.4g  48.3g  37.8g S  1406  38.5 114:51.31 nts	1693195156379
2933835 toao      20   0  163.4g  48.3g  37.8g S  2406  38.5 115:02.24 nts	1693195157082
2933835 toao      20   0  163.4g  48.3g  37.8g S  1475  38.5 115:13.28 nts	1693195157784
2933835 toao      20   0  164.0g  48.3g  37.8g S  1869  38.5 115:25.46 nts	1693195158483
2933835 toao      20   0  163.4g  48.3g  37.8g S  1347  38.5 115:35.55 nts	1693195159184
2933835 toao      20   0  164.0g  48.3g  37.8g S  1182  38.5 115:45.99 nts	1693195159887
2933835 toao      20   0  163.4g  48.3g  37.8g S  2300  38.5 115:57.86 nts	1693195160587
2933835 toao      20   0  163.4g  48.3g  37.8g S  1394  38.5 116:09.14 nts	1693195161290
2933835 toao      20   0  163.4g  48.3g  37.8g S  1382  38.5 116:20.13 nts	1693195161991
2933835 toao      20   0  163.4g  48.3g  37.8g S  2065  38.5 116:31.46 nts	1693195162694
2933835 toao      20   0  163.4g  48.3g  37.8g S  2041  38.5 116:43.79 nts	1693195163394
2933835 toao      20   0  163.4g  48.3g  37.8g S  1324  38.5 116:53.75 nts	1693195164099
2933835 toao      20   0  163.4g  48.3g  37.8g S  1382  38.5 117:05.01 nts	1693195164802
2933835 toao      20   0  163.4g  48.3g  37.8g S  1859  38.5 117:15.97 nts	1693195165504
2933835 toao      20   0  163.4g  48.3g  37.8g S  1424  38.5 117:27.24 nts	1693195166207
2933835 toao      20   0  164.0g  48.3g  37.8g S  2012  38.5 117:40.88 nts	1693195166915
2933835 toao      20   0  163.4g  48.3g  37.8g S  1394  38.5 117:52.79 nts	1693195167618
2933835 toao      20   0  163.4g  48.3g  37.8g S  1462  38.5 118:05.48 nts	1693195168322
2933835 toao      20   0  163.4g  48.3g  37.8g S  1481  38.5 118:16.75 nts	1693195169023
2933835 toao      20   0  164.0g  48.3g  37.8g S  1788  38.5 118:28.58 nts	1693195169723
2933835 toao      20   0  163.4g  48.3g  37.8g S  1353  38.5 118:40.38 nts	1693195170427
2933835 toao      20   0  162.2g  48.3g  37.8g S  1547  38.5 118:51.41 nts	1693195171130
2933835 toao      20   0  162.8g  48.3g  37.8g S  2400  38.5 119:02.50 nts	1693195171836
2933835 toao      20   0  163.4g  48.3g  37.8g S  1241  38.5 119:11.81 nts	1693195172539
2933835 toao      20   0  163.4g  48.3g  37.8g S  2312  38.5 119:24.50 nts	1693195173242
2933835 toao      20   0  163.4g  48.3g  37.8g S  1388  38.5 119:35.41 nts	1693195173943
2933835 toao      20   0  163.4g  48.3g  37.8g S  1500  38.5 119:46.47 nts	1693195174644
2933835 toao      20   0  163.4g  48.3g  37.8g S  1700  38.5 119:57.74 nts	1693195175343
2933835 toao      20   0  163.4g  48.3g  37.8g S  2544  38.5 120:10.68 nts	1693195176044
2933835 toao      20   0  163.4g  48.3g  37.8g S  1412  38.5 120:20.19 nts	1693195176745
2933835 toao      20   0  164.0g  48.3g  37.8g S  1529  38.5 120:31.62 nts	1693195177451
2933835 toao      20   0  164.0g  48.3g  37.8g S  2076  38.5 120:43.64 nts	1693195178155
2933835 toao      20   0  163.4g  48.3g  37.8g S  1700  38.5 120:53.48 nts	1693195178855
2933835 toao      20   0  164.0g  48.3g  37.8g S  1429  38.5 121:02.82 nts	1693195179559
2933835 toao      20   0  163.4g  48.3g  37.8g S  1322  38.5 121:13.94 nts	1693195180260
2933835 toao      20   0  163.4g  48.3g  37.8g S  1341  38.5 121:24.94 nts	1693195180972
2933835 toao      20   0  164.0g  48.3g  37.8g S  1459  38.5 121:34.47 nts	1693195181675
2933835 toao      20   0  163.4g  48.3g  37.8g S  1294  38.5 121:45.32 nts	1693195182379
2933835 toao      20   0  163.4g  48.3g  37.8g S  1419  38.5 121:54.87 nts	1693195183083
2933835 toao      20   0  163.4g  48.3g  37.8g S  1365  38.5 122:05.96 nts	1693195183783
2933835 toao      20   0  163.4g  48.3g  37.8g S  1318  38.5 122:16.97 nts	1693195184487
2933835 toao      20   0  163.4g  48.3g  37.8g S  1376  38.5 122:27.98 nts	1693195185187
2933835 toao      20   0  163.4g  48.3g  37.8g S  1594  38.5 122:38.98 nts	1693195185886
2933835 toao      20   0  163.4g  48.3g  37.8g S  1294  38.5 122:48.40 nts	1693195186586
2933835 toao      20   0  163.4g  48.3g  37.8g S  2276  38.5 123:01.00 nts	1693195187285
2933835 toao      20   0  164.0g  48.3g  37.8g S  1588  38.5 123:11.05 nts	1693195187987
2933835 toao      20   0  163.4g  48.3g  37.8g S  1400  38.5 123:21.88 nts	1693195188691
2933835 toao      20   0  163.4g  48.3g  37.8g S 418.8  38.5 123:31.18 nts	1693195189392
2933835 toao      20   0  163.4g  48.3g  37.8g S  1712  38.5 123:42.34 nts	1693195190095
2933835 toao      20   0  163.4g  48.3g  37.8g S  1388  38.5 123:51.91 nts	1693195190795
2933835 toao      20   0  163.4g  48.3g  37.8g S  1400  38.5 124:03.08 nts	1693195191495
2933835 toao      20   0  164.0g  48.3g  37.8g S  1094  38.5 124:12.70 nts	1693195192195
2933835 toao      20   0  164.0g  48.3g  37.8g S  1518  38.5 124:23.71 nts	1693195192900
2933835 toao      20   0  164.0g  48.3g  37.8g S  1600  38.5 124:35.02 nts	1693195193600
2933835 toao      20   0  163.4g  48.3g  37.8g S  1475  38.5 124:45.95 nts	1693195194304
2933835 toao      20   0  163.4g  48.3g  37.8g S  1376  38.5 124:56.89 nts	1693195195003
2933835 toao      20   0  163.4g  48.3g  37.8g S  1424  38.5 125:07.54 nts	1693195195707
2933835 toao      20   0  164.0g  48.3g  37.8g S 923.5  38.5 125:17.72 nts	1693195196408
2933835 toao      20   0  163.4g  48.3g  37.8g S  1665  38.5 125:29.87 nts	1693195197113
2933835 toao      20   0  163.4g  48.3g  37.8g S  1659  38.5 125:40.43 nts	1693195197816
2933835 toao      20   0  163.4g  48.3g  37.8g S  1406  38.5 125:50.05 nts	1693195198519
2933835 toao      20   0  163.4g  48.3g  37.8g S  1353  38.5 126:00.99 nts	1693195199219
2933835 toao      20   0  163.4g  48.3g  37.8g S  1359  38.5 126:11.97 nts	1693195199918
2933835 toao      20   0  163.4g  48.3g  37.8g S  1412  38.5 126:23.09 nts	1693195200623
2933835 toao      20   0  164.0g  48.3g  37.8g S  1641  38.5 126:34.53 nts	1693195201323
2933835 toao      20   0  163.4g  48.3g  37.8g S  1371  38.5 126:43.57 nts	1693195202026
2933835 toao      20   0  163.4g  48.3g  37.8g S  1624  38.5 126:56.09 nts	1693195202726
2933835 toao      20   0  163.4g  48.3g  37.8g S  2306  38.5 127:08.93 nts	1693195203430
2933835 toao      20   0  163.8g  48.3g  37.8g S  1459  38.5 127:18.49 nts	1693195204132
2933835 toao      20   0  163.4g  48.3g  37.8g S  1400  38.5 127:29.50 nts	1693195204836
2933835 toao      20   0  164.0g  48.3g  37.8g S  1641  38.5 127:41.66 nts	1693195205536
2933835 toao      20   0  163.4g  48.3g  37.8g S  1406  38.5 127:51.81 nts	1693195206238
2933835 toao      20   0  163.4g  48.3g  37.8g S  1894  38.5 128:02.80 nts	1693195206940
2933835 toao      20   0  163.4g  48.3g  37.8g S  1481  38.5 128:13.73 nts	1693195207644
2933835 toao      20   0  163.4g  48.3g  37.8g S  1531  38.5 128:25.03 nts	1693195208343
2933835 toao      20   0  163.4g  48.3g  37.8g S  2350  38.5 128:39.46 nts	1693195209043
2933835 toao      20   0  163.4g  48.3g  37.8g S  1418  38.5 128:50.75 nts	1693195209744
2933835 toao      20   0  163.4g  48.3g  37.8g S  1412  38.5 129:03.50 nts	1693195210448
2933835 toao      20   0  163.4g  48.3g  37.8g S  1341  38.5 129:14.44 nts	1693195211150
2933835 toao      20   0  163.4g  48.3g  37.8g S  1438  38.5 129:25.31 nts	1693195211852
2933835 toao      20   0  163.4g  48.3g  37.8g S  1469  38.5 129:38.02 nts	1693195212552
2933835 toao      20   0  163.3g  48.3g  37.8g S 811.8  38.5 129:48.02 nts	1693195213255
2933835 toao      20   0  163.4g  48.3g  37.8g S  1347  38.5 129:58.06 nts	1693195213955
2933835 toao      20   0  163.4g  48.3g  37.8g S  1406  38.5 130:09.22 nts	1693195214659
2933835 toao      20   0  163.4g  48.3g  37.8g S  1800  38.5 130:22.32 nts	1693195215365
2933835 toao      20   0  163.4g  48.3g  37.8g S  1371  38.5 130:33.34 nts	1693195216071
2933835 toao      20   0  163.4g  48.3g  37.8g S  1547  38.5 130:43.65 nts	1693195216771
2933835 toao      20   0  163.4g  48.3g  37.8g S  1394  38.5 130:53.54 nts	1693195217470
2933835 toao      20   0  164.0g  48.3g  37.8g S  1494  38.5 131:06.83 nts	1693195218171
2933835 toao      20   0  163.4g  48.3g  37.8g S  1311  38.5 131:17.66 nts	1693195218871
2933835 toao      20   0  163.4g  48.3g  37.8g S  1741  38.5 131:28.63 nts	1693195219575
2933835 toao      20   0  163.4g  48.3g  37.8g S  1400  38.5 131:39.79 nts	1693195220275
2933835 toao      20   0  164.0g  48.3g  37.8g S  1159  38.5 131:49.98 nts	1693195220979
2933835 toao      20   0  163.4g  48.3g  37.8g S  1500  38.5 132:00.54 nts	1693195221683
2933835 toao      20   0  163.4g  48.3g  37.8g S  1535  38.5 132:11.81 nts	1693195222384
2933835 toao      20   0  163.4g  48.3g  37.8g S  1194  38.5 132:22.47 nts	1693195223087
2933835 toao      20   0  163.4g  48.3g  37.8g S  1471  38.5 132:32.19 nts	1693195223787
2933835 toao      20   0  163.4g  48.3g  37.8g S 964.7  38.5 132:41.51 nts	1693195224487
2933835 toao      20   0  163.4g  48.3g  37.8g S  1347  38.5 132:52.66 nts	1693195225187
2933835 toao      20   0  163.4g  48.3g  37.8g S  1300  38.5 133:03.76 nts	1693195225886
2933835 toao      20   0  163.4g  48.3g  37.8g S  1400  38.5 133:14.91 nts	1693195226588
2933835 toao      20   0  163.4g  48.3g  37.8g S  2135  38.5 133:26.29 nts	1693195227291
2933835 toao      20   0  163.4g  48.3g  37.8g S  1347  38.5 133:35.37 nts	1693195227992
2933835 toao      20   0  163.4g  48.3g  37.8g S  1029  38.5 133:44.66 nts	1693195228695
2933835 toao      20   0  164.0g  48.3g  37.8g S  1676  38.5 133:58.01 nts	1693195229399
2933835 toao      20   0  164.0g  48.3g  37.8g S  1488  38.5 134:08.86 nts	1693195230103
2933835 toao      20   0  163.4g  48.3g  37.8g S  1481  38.5 134:19.98 nts	1693195230803
2933835 toao      20   0  163.4g  48.3g  37.8g S  1394  38.5 134:29.37 nts	1693195231503
2933835 toao      20   0  163.4g  48.3g  37.8g S  1376  38.5 134:38.67 nts	1693195232208
2933835 toao      20   0  163.4g  48.3g  37.8g S  1300  38.5 134:49.67 nts	1693195232907
2933835 toao      20   0  164.0g  48.3g  37.8g S 900.0  38.5 134:59.19 nts	1693195233611
2933835 toao      20   0  163.4g  48.3g  37.8g S  2265  38.5 135:11.94 nts	1693195234315
2933835 toao      20   0  163.4g  48.3g  37.8g S  1376  38.5 135:21.51 nts	1693195235019
2933835 toao      20   0  164.0g  48.3g  37.8g S  2171  38.5 135:33.51 nts	1693195235722
2933835 toao      20   0  163.4g  48.3g  37.8g S  1418  38.5 135:43.80 nts	1693195236422
2933835 toao      20   0  163.4g  48.3g  37.8g S  1359  38.5 135:54.60 nts	1693195237129
2933835 toao      20   0  163.4g  48.3g  37.8g S  2265  38.5 136:05.54 nts	1693195237830
2933835 toao      20   0  164.0g  48.3g  37.8g S  1618  38.5 136:15.54 nts	1693195238532
2933835 toao      20   0  163.4g  48.3g  37.8g S  1382  38.5 136:28.03 nts	1693195239235
2933835 toao      20   0  163.4g  48.3g  37.8g S  1282  38.5 136:37.01 nts	1693195239935
2933835 toao      20   0  164.0g  48.3g  37.8g S  1500  38.5 136:47.42 nts	1693195240635
2933835 toao      20   0  163.4g  48.3g  37.8g S  2353  38.5 136:59.21 nts	1693195241338
2933835 toao      20   0  163.6g  48.3g  37.8g S  1450  38.5 137:10.20 nts	1693195242043
2933835 toao      20   0  163.4g  48.3g  37.8g S  1481  38.5 137:21.25 nts	1693195242742
2933835 toao      20   0  163.4g  48.3g  37.8g S  1353  38.5 137:32.33 nts	1693195243443
2933835 toao      20   0  164.0g  48.3g  37.8g S  1771  38.5 137:42.42 nts	1693195244147
2933835 toao      20   0  163.4g  48.3g  37.8g S  1394  38.5 137:54.28 nts	1693195244851
2933835 toao      20   0  163.4g  48.3g  37.8g S  1212  38.5 138:05.27 nts	1693195245555
2933835 toao      20   0  163.4g  48.3g  37.8g S  1471  38.5 138:16.39 nts	1693195246259
2933835 toao      20   0  163.4g  48.3g  37.8g S  1882  38.5 138:27.59 nts	1693195246961
2933835 toao      20   0  163.4g  48.3g  37.8g S  1450  38.5 138:38.55 nts	1693195247663
2933835 toao      20   0  163.4g  48.3g  37.8g S  1481  38.5 138:49.51 nts	1693195248363
2933835 toao      20   0  163.4g  48.3g  37.8g S  2481  38.5 139:00.67 nts	1693195249064
2933835 toao      20   0  163.4g  48.3g  37.8g S  1382  38.5 139:11.64 nts	1693195249766
2933835 toao      20   0  163.4g  48.3g  37.8g S  1400  38.5 139:22.73 nts	1693195250465
2933835 toao      20   0  163.4g  48.3g  37.8g S  1612  38.5 139:36.98 nts	1693195251166
2933835 toao      20   0  163.4g  48.3g  37.8g S  2535  38.5 139:49.89 nts	1693195251867
2933835 toao      20   0  163.4g  48.3g  37.8g S  1141  38.5 140:00.47 nts	1693195252579
2933835 toao      20   0  163.4g  48.3g  37.8g S  1371  38.5 140:12.00 nts	1693195253279
2933835 toao      20   0  163.4g  48.3g  37.8g S  2088  38.5 140:24.39 nts	1693195253979
2933835 toao      20   0  163.4g  48.3g  37.8g S  1382  38.5 140:35.77 nts	1693195254678
2933835 toao      20   0  163.4g  48.3g  37.8g S  1776  38.5 140:46.58 nts	1693195255379
2933835 toao      20   0  164.0g  48.3g  37.8g S  1959  38.5 140:56.98 nts	1693195256084
2933835 toao      20   0  163.4g  48.3g  37.8g S  1388  38.5 141:07.19 nts	1693195256788
2933835 toao      20   0  163.4g  48.3g  37.8g S  1441  38.5 141:20.08 nts	1693195257490
2933835 toao      20   0  163.4g  48.3g  37.8g S  1329  38.5 141:31.23 nts	1693195258194
2933835 toao      20   0  164.0g  48.3g  37.8g S 888.2  38.5 141:41.46 nts	1693195258895
2933835 toao      20   0  164.0g  48.3g  37.8g S  2235  38.5 141:53.38 nts	1693195259596
2933835 toao      20   0  163.4g  48.3g  37.8g S  2047  38.5 142:06.11 nts	1693195260296
2933835 toao      20   0  163.4g  48.3g  37.8g S  1441  38.5 142:15.64 nts	1693195260998
2933835 toao      20   0  163.4g  48.3g  37.8g S  1276  38.5 142:26.73 nts	1693195261703
2933835 toao      20   0  163.4g  48.3g  37.8g S  1365  38.5 142:37.78 nts	1693195262406
2933835 toao      20   0  164.0g  48.3g  37.8g S  1412  38.5 142:47.99 nts	1693195263111
2933835 toao      20   0  163.4g  48.3g  37.8g S  1376  38.5 142:58.24 nts	1693195263815
2933835 toao      20   0  164.0g  48.3g  37.8g S  2118  38.5 143:10.64 nts	1693195264518
2933835 toao      20   0  163.4g  48.3g  37.8g S  1335  38.5 143:20.47 nts	1693195265219
2933835 toao      20   0  163.4g  48.3g  37.8g S  1412  38.5 143:30.07 nts	1693195265922
2933835 toao      20   0  163.4g  48.3g  37.8g S  1388  38.5 143:39.49 nts	1693195266626
2933835 toao      20   0  163.4g  48.3g  37.8g S  1312  38.5 143:50.64 nts	1693195267328
2933835 toao      20   0  164.0g  48.3g  37.8g S  1512  38.5 144:02.05 nts	1693195268026
2933835 toao      20   0  163.4g  48.3g  37.8g S  1371  38.5 144:13.15 nts	1693195268729
2933835 toao      20   0  163.4g  48.3g  37.8g S  1394  38.5 144:24.17 nts	1693195269435
2933835 toao      20   0  163.4g  48.3g  37.8g S  1306  38.5 144:33.48 nts	1693195270135
2933835 toao      20   0  164.0g  48.3g  37.8g S  2035  38.5 144:44.62 nts	1693195270839
2933835 toao      20   0  163.5g  48.3g  37.8g S 729.4  38.5 144:55.73 nts	1693195271540
2933835 toao      20   0  163.4g  48.3g  37.8g S  1500  38.5 145:08.00 nts	1693195272242
2933835 toao      20   0  163.4g  48.3g  37.8g S  1388  38.5 145:17.79 nts	1693195272946
2933835 toao      20   0  163.4g  48.3g  37.8g S 947.1  38.5 145:27.03 nts	1693195273647
2933835 toao      20   0  163.4g  48.3g  37.8g S  2188  38.5 145:37.88 nts	1693195274349
2933835 toao      20   0  164.0g  48.3g  37.8g S  1359  38.5 145:47.59 nts	1693195275055
2933835 toao      20   0  163.4g  48.3g  37.8g S  1359  38.5 145:58.11 nts	1693195275759
2933835 toao      20   0  163.4g  48.3g  37.8g S  1394  38.5 146:09.03 nts	1693195276459
2933835 toao      20   0  164.0g  48.3g  37.8g S  1624  38.5 146:19.37 nts	1693195277158
2933835 toao      20   0  163.4g  48.3g  37.8g S  1438  38.5 146:31.37 nts	1693195277862
2933835 toao      20   0  164.0g  48.3g  37.8g S  1656  38.5 146:42.60 nts	1693195278563
2933835 toao      20   0  164.0g  48.3g  37.8g S  1869  38.5 146:52.36 nts	1693195279264
2933835 toao      20   0  164.0g  48.3g  37.8g S  1429  38.5 147:02.87 nts	1693195279964
2933835 toao      20   0  163.4g  48.3g  37.8g S  1324  38.5 147:13.79 nts	1693195280666
2933835 toao      20   0  163.4g  48.3g  37.8g S  1376  38.5 147:25.06 nts	1693195281367
2933835 toao      20   0  163.4g  48.3g  37.8g S  2176  38.5 147:35.94 nts	1693195282067
2933835 toao      20   0  163.4g  48.3g  37.8g S  1359  38.5 147:45.72 nts	1693195282767
2933835 toao      20   0  164.0g  48.3g  37.8g S  1506  38.5 147:56.95 nts	1693195283466
2933835 toao      20   0  163.4g  48.3g  37.8g S  2141  38.5 148:09.26 nts	1693195284167
2933835 toao      20   0  164.0g  48.3g  37.8g S  2035  38.5 148:20.19 nts	1693195284868
2933835 toao      20   0  163.4g  48.3g  37.8g S  1394  38.5 148:30.30 nts	1693195285567
2933835 toao      20   0  163.4g  48.3g  37.8g S  1024  38.5 148:39.56 nts	1693195286271
2933835 toao      20   0  163.4g  48.3g  37.8g S  1329  38.5 148:52.39 nts	1693195286971
2933835 toao      20   0  163.5g  48.3g  37.8g S  1394  38.5 149:03.66 nts	1693195287675
2933835 toao      20   0  163.4g  48.3g  37.8g S  1335  38.5 149:14.63 nts	1693195288375
2933835 toao      20   0  163.4g  48.3g  37.8g S  1412  38.5 149:25.86 nts	1693195289078
2933835 toao      20   0  163.4g  48.3g  37.8g S  1335  38.5 149:36.87 nts	1693195289779
2933835 toao      20   0  163.4g  48.3g  37.8g S  1335  38.5 149:47.87 nts	1693195290479
2933835 toao      20   0  164.0g  48.3g  37.8g S  1206  38.5 149:58.33 nts	1693195291179
2933835 toao      20   0  163.5g  48.3g  37.8g S  1441  38.5 150:10.15 nts	1693195291882
2933835 toao      20   0  164.0g  48.3g  37.8g S  1853  38.5 150:22.18 nts	1693195292586
2933835 toao      20   0  163.4g  48.3g  37.8g S  1371  38.5 150:35.71 nts	1693195293286
2933835 toao      20   0  163.4g  48.3g  37.8g S  2047  38.5 150:48.46 nts	1693195293987
2933835 toao      20   0  163.6g  48.3g  37.8g S  2318  38.5 150:59.54 nts	1693195294687
2933835 toao      20   0  163.4g  48.3g  37.8g S  1418  38.5 151:10.97 nts	1693195295391
2933835 toao      20   0  163.4g  48.3g  37.8g S  2212  38.5 151:23.47 nts	1693195296091
2933835 toao      20   0  163.4g  48.3g  37.8g S  1424  38.5 151:34.84 nts	1693195296794
2933835 toao      20   0  162.8g  48.3g  37.8g S  1141  38.5 151:44.10 nts	1693195297495
2933835 toao      20   0  163.4g  48.3g  37.8g S  1253  38.5 151:55.17 nts	1693195298198
2933835 toao      20   0  164.0g  48.3g  37.8g S  1824  38.5 152:06.95 nts	1693195298899
2933835 toao      20   0  163.4g  48.3g  37.8g S  2335  38.5 152:20.48 nts	1693195299603
2933835 toao      20   0  163.4g  48.3g  37.8g S  1665  38.5 152:30.14 nts	1693195300307
2933835 toao      20   0  163.4g  48.3g  37.8g S  2371  38.5 152:41.30 nts	1693195301010
2933835 toao      20   0  163.4g  48.3g  37.8g S  2376  38.5 152:54.17 nts	1693195301711
2933835 toao      20   0  164.0g  48.3g  37.8g S  1188  38.5 153:04.71 nts	1693195302411
2933835 toao      20   0  164.0g  48.3g  37.8g S  1635  38.5 153:15.07 nts	1693195303114
2933835 toao      20   0  163.4g  48.3g  37.8g S  1347  38.5 153:25.80 nts	1693195303814
2933835 toao      20   0  163.4g  48.3g  37.8g S  1353  38.5 153:36.80 nts	1693195304515
2933835 toao      20   0  163.4g  48.3g  37.8g S  1888  38.5 153:47.88 nts	1693195305218
2933835 toao      20   0  163.4g  48.3g  37.8g S  1418  38.5 153:57.41 nts	1693195305919
2933835 toao      20   0  163.9g  48.3g  37.8g S  1547  38.5 154:09.80 nts	1693195306620
2933835 toao      20   0  164.0g  48.3g  37.8g S 900.0  38.5 154:18.35 nts	1693195307319
2933835 toao      20   0  163.4g  48.3g  37.8g S  1376  38.5 154:29.40 nts	1693195308019
2933835 toao      20   0  163.4g  48.3g  37.8g S  1382  38.5 154:38.93 nts	1693195308720
2933835 toao      20   0  163.4g  48.3g  37.8g S  2029  38.5 154:51.09 nts	1693195309422
2933835 toao      20   0  163.4g  48.3g  37.8g S  2388  38.5 155:02.64 nts	1693195310124
2933835 toao      20   0  164.0g  48.3g  37.8g S  1906  38.5 155:13.04 nts	1693195310827
2933835 toao      20   0  163.4g  48.3g  37.8g S  1365  38.5 155:23.00 nts	1693195311527
2933835 toao      20   0  163.8g  48.3g  37.8g S  1347  38.5 155:32.50 nts	1693195312228
2933835 toao      20   0  163.4g  48.3g  37.8g S  2282  38.5 155:45.22 nts	1693195312931
2933835 toao      20   0  163.4g  48.3g  37.8g S  2306  38.5 155:56.23 nts	1693195313635
2933835 toao      20   0  163.4g  48.3g  37.8g S 847.1  38.5 156:05.73 nts	1693195314338
2933835 toao      20   0  163.4g  48.3g  37.8g S  1335  38.5 156:16.86 nts	1693195315039
2933835 toao      20   0  163.4g  48.3g  37.8g S  1394  38.5 156:26.23 nts	1693195315743
2933835 toao      20   0  164.0g  48.3g  37.8g S 987.5  38.5 156:35.92 nts	1693195316444
2933835 toao      20   0  164.0g  48.3g  37.8g S  1944  38.5 156:47.38 nts	1693195317142
2933835 toao      20   0  163.4g  48.3g  37.8g S  1388  38.5 156:57.52 nts	1693195317843
2933835 toao      20   0  163.4g  48.3g  37.8g S  1353  38.5 157:08.84 nts	1693195318542
2933835 toao      20   0  163.4g  48.3g  37.8g S  1424  38.5 157:18.32 nts	1693195319248
2933835 toao      20   0  163.4g  48.3g  37.8g S  1518  38.5 157:31.12 nts	1693195319947
2933835 toao      20   0  163.4g  48.3g  37.8g S  1335  38.5 157:42.13 nts	1693195320650
2933835 toao      20   0  163.4g  48.3g  37.8g S  1462  38.5 157:51.65 nts	1693195321352
2933835 toao      20   0  163.4g  48.3g  37.8g S  1475  38.5 158:02.85 nts	1693195322052
2933835 toao      20   0  163.4g  48.3g  37.8g S  2288  38.5 158:13.83 nts	1693195322752
2933835 toao      20   0  163.4g  48.3g  37.8g S  1400  38.5 158:24.97 nts	1693195323455
2933835 toao      20   0  163.4g  48.3g  37.8g S  1106  38.5 158:34.27 nts	1693195324156
2933835 toao      20   0  163.4g  48.3g  37.8g S  1418  38.5 158:45.43 nts	1693195324856
2933835 toao      20   0  163.4g  48.3g  37.8g S  1847  38.5 158:58.19 nts	1693195325559
2933835 toao      20   0  163.4g  48.3g  37.8g S  1706  38.5 159:09.25 nts	1693195326261
2933835 toao      20   0  163.4g  48.3g  37.8g S  1988  38.5 159:20.38 nts	1693195326960
2933835 toao      20   0  163.4g  48.3g  37.8g S  1344  38.5 159:29.75 nts	1693195327662
2933835 toao      20   0  164.0g  48.3g  37.8g S  2224  38.5 159:40.56 nts	1693195328362
2933835 toao      20   0  163.4g  48.3g  37.8g S  1394  38.5 159:51.64 nts	1693195329062
2933835 toao      20   0  163.4g  48.3g  37.8g S  1419  38.5 160:02.76 nts	1693195329763
2933835 toao      20   0  164.0g  48.3g  37.8g S  1756  38.5 160:14.26 nts	1693195330463
2933835 toao      20   0  164.0g  48.3g  37.8g S  2076  38.5 160:26.20 nts	1693195331164
2933835 toao      20   0  163.7g  48.3g  37.8g S  2006  38.5 160:37.28 nts	1693195331869
2933835 toao      20   0  163.4g  48.3g  37.8g S  1394  38.5 160:47.47 nts	1693195332572
2933835 toao      20   0  163.4g  48.3g  37.8g S  2206  38.5 161:00.10 nts	1693195333273
2933835 toao      20   0  164.0g  48.3g  37.8g S  1394  38.5 161:11.01 nts	1693195333981
2933835 toao      20   0  163.4g  48.3g  37.8g S  2424  38.5 161:24.98 nts	1693195334685
2933835 toao      20   0  163.4g  48.3g  37.8g S  2229  38.5 161:37.65 nts	1693195335386
2933835 toao      20   0  163.4g  48.3g  37.8g S  1941  38.5 161:50.53 nts	1693195336087
2933835 toao      20   0  163.4g  48.3g  37.8g S  2053  38.5 162:02.03 nts	1693195336790
2933835 toao      20   0  163.4g  48.3g  37.8g S  2406  38.5 162:13.20 nts	1693195337492
2933835 toao      20   0  163.4g  48.3g  37.8g S  2329  38.5 162:25.79 nts	1693195338193
2933835 toao      20   0  162.2g  48.3g  37.8g S  2271  38.5 162:36.76 nts	1693195338891
2933835 toao      20   0  163.4g  48.3g  37.8g S  2224  38.5 162:46.18 nts	1693195339595
2933835 toao      20   0  163.4g  48.3g  37.8g S  2341  38.5 162:57.25 nts	1693195340295
2933835 toao      20   0  164.0g  48.3g  37.8g S  2088  38.5 163:09.09 nts	1693195340994
2933835 toao      20   0  163.4g  48.3g  37.8g S  1412  38.5 163:21.43 nts	1693195341696
2933835 toao      20   0  164.0g  48.3g  37.8g S  1835  38.5 163:31.83 nts	1693195342401
2933835 toao      20   0  163.4g  48.3g  37.8g S  1394  38.5 163:42.06 nts	1693195343101
2933835 toao      20   0  163.4g  48.3g  37.8g S  1444  38.5 163:54.79 nts	1693195343801
2933835 toao      20   0  164.0g  48.3g  37.8g S  1019  38.5 164:04.52 nts	1693195344504
2933835 toao      20   0  163.6g  48.3g  37.8g S  1071  38.5 164:15.49 nts	1693195345204
2933835 toao      20   0  164.0g  48.3g  37.8g S  1794  38.5 164:27.28 nts	1693195345907
2933835 toao      20   0  163.4g  48.3g  37.8g S  1406  38.5 164:37.90 nts	1693195346607
2933835 toao      20   0  164.0g  48.3g  37.8g S 811.8  38.5 164:47.45 nts	1693195347312
2933835 toao      20   0  164.0g  48.3g  37.8g S  1476  38.5 164:58.70 nts	1693195348015
2933835 toao      20   0  164.0g  48.3g  37.8g S  1218  38.5 165:09.60 nts	1693195348716
2933835 toao      20   0  163.5g  48.3g  37.8g S  1382  38.5 165:18.65 nts	1693195349420
2933835 toao      20   0  163.4g  48.3g  37.8g S  1388  38.5 165:29.62 nts	1693195350120
2933835 toao      20   0  163.4g  48.3g  37.8g S  2244  38.5 165:40.25 nts	1693195350822
2933835 toao      20   0  163.9g  48.3g  37.8g S  1962  38.5 165:51.02 nts	1693195351523
2933835 toao      20   0  164.0g  48.3g  37.8g S 764.7  38.5 166:01.34 nts	1693195352223
2933835 toao      20   0  163.4g  48.3g  37.8g S 823.5  38.5 166:11.97 nts	1693195352927
2933835 toao      20   0  163.4g  48.3g  37.8g S  1412  38.5 166:23.28 nts	1693195353631
2933835 toao      20   0  164.0g  48.3g  37.8g S  1747  38.5 166:33.43 nts	1693195354334
2933835 toao      20   0  163.4g  48.3g  37.8g S  1400  38.5 166:45.82 nts	1693195355048
2933835 toao      20   0  163.4g  48.3g  37.8g S  1347  38.5 166:56.91 nts	1693195355751
2933835 toao      20   0  163.4g  48.3g  37.8g S  2347  38.5 167:07.92 nts	1693195356455
2933835 toao      20   0  163.4g  48.3g  37.8g S  1288  38.5 167:17.27 nts	1693195357155
2933835 toao      20   0  164.0g  48.3g  37.8g S  1341  38.5 167:26.57 nts	1693195357859
2933835 toao      20   0  163.4g  48.3g  37.8g S  1906  38.5 167:37.39 nts	1693195358564
2933835 toao      20   0  163.4g  48.3g  37.8g S  1547  38.5 167:48.58 nts	1693195359267
2933835 toao      20   0  163.4g  48.3g  37.8g S  1382  38.5 167:58.18 nts	1693195359967
2933835 toao      20   0  163.4g  48.3g  37.8g S  1388  38.5 168:09.24 nts	1693195360671
2933835 toao      20   0  163.4g  48.3g  37.8g S  2076  38.5 168:20.45 nts	1693195361374
2933835 toao      20   0  163.4g  48.3g  37.8g S  1424  38.5 168:31.49 nts	1693195362079
2933835 toao      20   0  163.4g  48.3g  37.8g S  1469  38.5 168:42.74 nts	1693195362783
2933835 toao      20   0  163.4g  48.3g  37.8g S  1435  38.5 168:53.22 nts	1693195363484
2933835 toao      20   0  164.0g  48.3g  37.8g S 947.1  38.5 169:03.63 nts	1693195364186
2933835 toao      20   0  163.4g  48.3g  37.8g S  1835  38.5 169:16.22 nts	1693195364888
2933835 toao      20   0  164.0g  48.3g  37.8g S  1659  38.5 169:26.87 nts	1693195365591
2933835 toao      20   0  163.4g  48.3g  37.8g S  1394  38.5 169:36.97 nts	1693195366296
2933835 toao      20   0  163.4g  48.3g  37.8g S  1253  38.5 169:47.72 nts	1693195366999
2933835 toao      20   0  163.4g  48.3g  37.8g S  1400  38.5 169:59.22 nts	1693195367702
2933835 toao      20   0  163.9g  48.3g  37.8g S  1129  38.5 170:10.36 nts	1693195368403
2933835 toao      20   0  163.7g  48.3g  37.8g S  1959  38.5 170:22.62 nts	1693195369107
2933835 toao      20   0  163.4g  48.3g  37.8g S  1318  38.5 170:30.99 nts	1693195369810
2933835 toao      20   0  163.4g  48.3g  37.8g S  1594  38.5 170:43.49 nts	1693195370511
2933835 toao      20   0  163.4g  48.3g  37.8g S  2282  38.5 170:56.20 nts	1693195371211
2933835 toao      20   0  163.4g  48.3g  37.8g S  1412  38.5 171:05.79 nts	1693195371914
2933835 toao      20   0  163.4g  48.3g  37.8g S  1412  38.5 171:16.84 nts	1693195372615
2933835 toao      20   0  164.0g  48.3g  37.8g S  1576  38.5 171:28.85 nts	1693195373319
2933835 toao      20   0  163.4g  48.3g  37.8g S  1394  38.5 171:39.07 nts	1693195374019
2933835 toao      20   0  163.4g  48.3g  37.8g S  1888  38.5 171:50.19 nts	1693195374723
2933835 toao      20   0  164.0g  48.3g  37.8g S  1700  38.5 172:01.52 nts	1693195375422
2933835 toao      20   0  163.6g  48.3g  37.8g S  1394  38.5 172:12.30 nts	1693195376123
2933835 toao      20   0  163.4g  48.3g  37.8g S  2082  38.5 172:26.67 nts	1693195376827
2933835 toao      20   0  163.7g  48.3g  37.8g S  1400  38.5 172:37.92 nts	1693195377527
2933835 toao      20   0  163.4g  48.3g  37.8g S  1288  38.5 172:50.61 nts	1693195378228
2933835 toao      20   0  163.4g  48.3g  37.8g S  1294  38.5 173:01.77 nts	1693195378931
2933835 toao      20   0  163.4g  48.3g  37.8g S  1282  38.5 173:12.86 nts	1693195379635
2933835 toao      20   0  164.0g  48.3g  37.8g S 847.1  38.5 173:24.72 nts	1693195380339
2933835 toao      20   0       0      0      0 Z 100.0   0.0 173:32.96 nts	1693195381044
2933835 toao      20   0       0      0      0 Z 100.0   0.0 173:33.66 nts	1693195381748
2933835 toao      20   0       0      0      0 Z 100.0   0.0 173:34.37 nts	1693195382452
2933835 toao      20   0       0      0      0 Z  94.1   0.0 173:35.06 nts	1693195383156
2933835 toao      20   0       0      0      0 Z 100.0   0.0 173:35.75 nts	1693195383859
2933835 toao      20   0       0      0      0 Z 106.2   0.0 173:36.44 nts	1693195384563
2933835 toao      20   0       0      0      0 Z 100.0   0.0 173:37.13 nts	1693195385264
2933835 toao      20   0       0      0      0 Z 100.0   0.0 173:37.83 nts	1693195385969
2933835 toao      20   0       0      0      0 Z 100.0   0.0 173:38.54 nts	1693195386675
2933835 toao      20   0       0      0      0 Z 100.0   0.0 173:39.25 nts	1693195387386
