1009446 toao      20   0 2564164  95384  67092 R 100.0   0.0   0:00.16 nts	1687314235619
1009446 toao      20   0 2565268  96328  67536 R  93.8   0.0   0:00.16 nts	1687314235629
1009446 toao      20   0 5311772 229168 114532 R  2962   0.1   0:12.47 nts	1687314236335
1009446 toao      20   0 5311772 229168 114532 R  2962   0.1   0:12.47 nts	1687314236335
1009446 toao      20   0 5311772 229168 114532 R  3094   0.1   0:33.05 nts	1687314237034
1009446 toao      20   0 5311772 229168 114532 R  3094   0.1   0:33.05 nts	1687314237034
1009446 toao      20   0 5495876 333692 114660 R 468.8   0.2   0:49.11 nts	1687314237721
1009446 toao      20   0 5495876 333956 114660 R 468.8   0.2   0:49.11 nts	1687314237721
1009446 toao      20   0 5495876 340292 114660 R 212.5   0.2   0:50.47 nts	1687314238401
1009446 toao      20   0 5495876 340556 114660 R 200.0   0.2   0:50.47 nts	1687314238407
1009446 toao      20   0 5495876 345308 114660 R 206.2   0.2   0:51.83 nts	1687314239090
1009446 toao      20   0 5495876 345308 114660 R 206.2   0.2   0:51.84 nts	1687314239090
1009446 toao      20   0 5495876 349268 114660 R 206.2   0.2   0:53.19 nts	1687314239777
1009446 toao      20   0 5495876 349268 114660 R 212.5   0.2   0:53.21 nts	1687314239782
1009446 toao      20   0 5495876 352436 114660 R 212.5   0.2   0:54.56 nts	1687314240467
1009446 toao      20   0 5495876 352436 114660 R 212.5   0.2   0:54.58 nts	1687314240471
1009446 toao      20   0 5495876 356396 114660 R 206.2   0.2   0:55.93 nts	1687314241162
1009446 toao      20   0 5495876 356396 114660 R 200.0   0.2   0:55.93 nts	1687314241156
1009446 toao      20   0 5495876 359828 114660 R 200.0   0.2   0:57.30 nts	1687314241849
1009446 toao      20   0 5495876 359828 114660 R 194.1   0.2   0:57.31 nts	1687314241849
1009446 toao      20   0 5495876 362468 114660 R 200.0   0.2   0:58.67 nts	1687314242542
1009446 toao      20   0 5495876 362468 114660 R 194.1   0.2   0:58.68 nts	1687314242545
1009446 toao      20   0 5495876 365372 114660 R 212.5   0.2   1:00.05 nts	1687314243231
1009446 toao      20   0 5495876 365372 114660 R 206.2   0.2   1:00.05 nts	1687314243236
1009446 toao      20   0 5495876 368804 114660 R 194.1   0.2   1:01.41 nts	1687314243924
1009446 toao      20   0 5495876 368804 114660 R 188.2   0.2   1:01.41 nts	1687314243923
1009446 toao      20   0 5495876 372500 114660 R 218.8   0.2   1:02.80 nts	1687314244617
1009446 toao      20   0 5495876 372500 114660 R 218.8   0.2   1:02.80 nts	1687314244615
1009446 toao      20   0 5495876 376196 114660 R 206.2   0.2   1:04.16 nts	1687314245309
1009446 toao      20   0 5495876 376196 114660 R 200.0   0.2   1:04.16 nts	1687314245309
1009446 toao      20   0 5495876 378836 114660 R 206.2   0.2   1:05.54 nts	1687314245999
1009446 toao      20   0 5495876 378836 114660 R 194.1   0.2   1:05.54 nts	1687314246003
1009446 toao      20   0 5495876 381212 114660 R 212.5   0.2   1:06.91 nts	1687314246692
1009446 toao      20   0 5495876 381212 114660 R 212.5   0.2   1:06.91 nts	1687314246692
1009446 toao      20   0 5495876 383588 114660 R 194.1   0.2   1:08.28 nts	1687314247383
1009446 toao      20   0 5495876 383588 114660 R 194.1   0.2   1:08.28 nts	1687314247385
1009446 toao      20   0 5495876 385964 114660 R 194.1   0.2   1:09.64 nts	1687314248076
1009446 toao      20   0 5495876 385964 114660 R 212.5   0.2   1:09.66 nts	1687314248078
1009446 toao      20   0 5495876 388340 114660 R 206.2   0.2   1:11.02 nts	1687314248771
1009446 toao      20   0 5495876 388340 114660 R 200.0   0.2   1:11.03 nts	1687314248764
1009446 toao      20   0 5495876 390716 114660 R 212.5   0.2   1:12.39 nts	1687314249456
1009446 toao      20   0 5495876 390716 114660 R 206.2   0.2   1:12.39 nts	1687314249459
1009446 toao      20   0 7220076 755944 114720 R 941.2   0.4   1:15.06 nts	1687314250148
1009446 toao      20   0 7220076 755944 114720 R 882.4   0.4   1:15.06 nts	1687314250151
1009446 toao      20   0 7220076 999844 114720 R 831.2   0.5   1:21.14 nts	1687314250844
1009446 toao      20   0 7220076 978.9m 114720 R 894.1   0.5   1:21.33 nts	1687314250843
1009446 toao      20   0 7220076   1.1g 114720 R 993.8   0.6   1:27.46 nts	1687314251531
1009446 toao      20   0 7220076   1.1g 114720 R 935.3   0.6   1:27.47 nts	1687314251536
1009446 toao      20   0 7220076   1.1g 114720 R 825.0   0.6   1:33.21 nts	1687314252218
1009446 toao      20   0 7220076   1.1g 114720 R 812.5   0.6   1:33.22 nts	1687314252220
1009446 toao      20   0 7220076   1.2g 114720 R 912.5   0.6   1:40.02 nts	1687314252908
1009446 toao      20   0 7220076   1.2g 114720 R 918.8   0.6   1:40.03 nts	1687314252908
1009446 toao      20   0 7220076   1.2g 114720 R 829.4   0.7   1:45.80 nts	1687314253594
1009446 toao      20   0 7220076   1.2g 114720 R 758.8   0.7   1:45.80 nts	1687314253593
1009446 toao      20   0 7220076   1.2g 114720 R 776.5   0.7   1:51.58 nts	1687314254282
1009446 toao      20   0 7220076   1.2g 114720 R 776.5   0.7   1:51.58 nts	1687314254282
1009446 toao      20   0 7220076   1.3g 114720 R 875.0   0.7   1:57.42 nts	1687314254971
1009446 toao      20   0 7220076   1.3g 114720 R 931.2   0.7   1:57.51 nts	1687314254978
1009446 toao      20   0 7220076   1.3g 114720 R  1056   0.7   2:03.53 nts	1687314255661
1009446 toao      20   0 7220076   1.3g 114720 R  1025   0.7   2:03.58 nts	1687314255667
1009446 toao      20   0 8281984   1.3g 114752 R 412.5   0.7   2:08.79 nts	1687314256347
1009446 toao      20   0 8281984   1.3g 114752 S 418.8   0.7   2:08.80 nts	1687314256353
1009446 toao      20   0 8281984   1.3g 114752 S 200.0   0.7   2:10.16 nts	1687314257038
1009446 toao      20   0 8281984   1.3g 114752 R 182.4   0.7   2:10.15 nts	1687314257036
1009446 toao      20   0 8281984   1.3g 114752 R 212.5   0.7   2:11.54 nts	1687314257728
1009446 toao      20   0 8281984   1.3g 114752 R 194.1   0.7   2:11.55 nts	1687314257731
1009446 toao      20   0 8281984   1.3g 114752 R 188.2   0.7   2:12.90 nts	1687314258421
1009446 toao      20   0 8281984   1.3g 114752 R 188.2   0.7   2:12.90 nts	1687314258427
1009446 toao      20   0 8281984   1.3g 114752 R 194.1   0.7   2:14.28 nts	1687314259112
1009446 toao      20   0 8281984   1.3g 114752 R 194.1   0.7   2:14.28 nts	1687314259114
1009446 toao      20   0 8281984   1.3g 114752 R 206.2   0.7   2:15.65 nts	1687314259808
1009446 toao      20   0 8281984   1.3g 114752 R 206.2   0.7   2:15.65 nts	1687314259806
1009446 toao      20   0 8281984   1.3g 114752 R 206.2   0.7   2:17.02 nts	1687314260501
1009446 toao      20   0 8281984   1.3g 114752 R 206.2   0.7   2:17.02 nts	1687314260499
1009446 toao      20   0 8281984   1.4g 114752 R 194.1   0.7   2:18.39 nts	1687314261191
1009446 toao      20   0 8281984   1.4g 114752 R 188.2   0.7   2:18.39 nts	1687314261193
1009446 toao      20   0 8281984   1.4g 114752 R 188.2   0.7   2:19.76 nts	1687314261884
1009446 toao      20   0 8281984   1.4g 114752 R 188.2   0.7   2:19.76 nts	1687314261885
1009446 toao      20   0 8281984   1.4g 114752 R 200.0   0.7   2:21.12 nts	1687314262579
1009446 toao      20   0 8281984   1.4g 114752 R 206.2   0.7   2:21.14 nts	1687314262579
1009446 toao      20   0 8281984   1.4g 114752 R 212.5   0.7   2:22.49 nts	1687314263265
1009446 toao      20   0 8281984   1.4g 114752 R 206.2   0.7   2:22.51 nts	1687314263272
1009446 toao      20   0 8281984   1.4g 114752 R 194.1   0.7   2:23.86 nts	1687314263955
1009446 toao      20   0 8281984   1.4g 114752 R 212.5   0.7   2:23.88 nts	1687314263964
1009446 toao      20   0 8281984   1.4g 114752 R 206.2   0.7   2:25.22 nts	1687314264643
1009446 toao      20   0 8281984   1.4g 114752 R 206.2   0.7   2:25.25 nts	1687314264658
1009446 toao      20   0 8281984   1.4g 114752 R 200.0   0.7   2:26.57 nts	1687314265330
1009446 toao      20   0 8281984   1.4g 114752 R 200.0   0.7   2:26.60 nts	1687314265344
1009446 toao      20   0 8281984   1.4g 114752 R 206.2   0.7   2:27.95 nts	1687314266019
1009446 toao      20   0 8281984   1.4g 114752 R 212.5   0.7   2:27.97 nts	1687314266030
1009446 toao      20   0 9976932   1.7g 114752 R 800.0   0.9   2:30.12 nts	1687314266720
1009446 toao      20   0 9976932   1.7g 114752 R 752.9   0.9   2:30.12 nts	1687314266711
1009446 toao      20   0 9976932   2.0g 114752 R  1019   1.0   2:36.78 nts	1687314267403
1009446 toao      20   0 9976932   2.0g 114752 R 912.5   1.0   2:36.79 nts	1687314267407
1009446 toao      20   0 9976932   2.1g 114752 R 881.2   1.1   2:42.71 nts	1687314268088
1009446 toao      20   0 9976932   2.1g 114752 R 887.5   1.1   2:42.72 nts	1687314268089
1009446 toao      20   0 9976932   2.2g 114752 R 887.5   1.2   2:49.02 nts	1687314268773
1009446 toao      20   0 9976932   2.2g 114752 R 841.2   1.2   2:49.03 nts	1687314268775
1009446 toao      20   0 9976932   2.2g 114752 R 852.9   1.2   2:54.90 nts	1687314269461
1009446 toao      20   0 9976932   2.2g 114752 R 852.9   1.2   2:54.90 nts	1687314269466
1009446 toao      20   0 9976932   2.2g 114752 R 881.2   1.2   3:00.79 nts	1687314270149
1009446 toao      20   0 9976932   2.2g 114752 R 881.2   1.2   3:00.79 nts	1687314270150
1009446 toao      20   0 9976932   2.3g 114752 R  1031   1.2   3:07.42 nts	1687314270839
1009446 toao      20   0 9976932   2.3g 114752 R  1038   1.2   3:07.42 nts	1687314270839
1009446 toao      20   0 9976932   2.3g 114752 R 817.6   1.2   3:13.48 nts	1687314271523
1009446 toao      20   0 9976932   2.3g 114752 R 817.6   1.2   3:13.49 nts	1687314271524
1009446 toao      20   0 9976932   2.3g 114752 R 906.2   1.2   3:20.20 nts	1687314272208
1009446 toao      20   0 9976932   2.3g 114752 R 906.2   1.2   3:20.20 nts	1687314272210
1009446 toao      20   0   10.4g   2.3g 114752 R  94.1   1.2   3:23.60 nts	1687314272896
1009446 toao      20   0   10.4g   2.3g 114752 R  94.1   1.2   3:23.60 nts	1687314272896
1009446 toao      20   0   10.5g   2.4g 114752 R 100.0   1.3   3:24.98 nts	1687314273589
1009446 toao      20   0   10.5g   2.4g 114752 R 100.0   1.3   3:24.98 nts	1687314273589
1009446 toao      20   0   10.5g   2.4g 114752 R 100.0   1.3   3:25.67 nts	1687314274281
1009446 toao      20   0   10.5g   2.4g 114752 R 105.9   1.3   3:25.68 nts	1687314274284
1009446 toao      20   0   10.5g   2.4g 114752 R 106.2   1.3   3:26.36 nts	1687314274976
1009446 toao      20   0   10.5g   2.4g 114752 R 105.9   1.3   3:26.37 nts	1687314274973
1009446 toao      20   0   10.5g   2.4g 114752 R  94.1   1.3   3:27.05 nts	1687314275665
1009446 toao      20   0   10.5g   2.4g 114752 R 106.2   1.3   3:27.06 nts	1687314275668
1009446 toao      20   0   10.5g   2.4g 114752 R 100.0   1.3   3:27.74 nts	1687314276354
1009446 toao      20   0   10.5g   2.4g 114752 R 106.2   1.3   3:27.74 nts	1687314276356
1009446 toao      20   0   11.4g   2.5g 114752 R 100.0   1.4   3:28.43 nts	1687314277047
1009446 toao      20   0   11.4g   2.5g 114752 R 100.0   1.4   3:28.43 nts	1687314277048
1009446 toao      20   0   11.4g   2.9g 114752 R 100.0   1.5   3:29.13 nts	1687314277740
1009446 toao      20   0   11.4g   2.9g 114752 R 100.0   1.5   3:29.13 nts	1687314277740
1009446 toao      20   0   11.4g   3.0g 114752 R 106.2   1.6   3:29.82 nts	1687314278437
1009446 toao      20   0   11.4g   3.0g 114752 R 106.2   1.6   3:29.83 nts	1687314278436
1009446 toao      20   0   11.4g   3.1g 114752 R 100.0   1.7   3:30.52 nts	1687314279131
1009446 toao      20   0   11.4g   3.1g 114752 R 106.2   1.7   3:30.52 nts	1687314279130
1009446 toao      20   0   11.4g   3.2g 114752 R 106.2   1.7   3:31.21 nts	1687314279822
1009446 toao      20   0   11.4g   3.2g 114752 R  94.1   1.7   3:31.21 nts	1687314279823
1009446 toao      20   0   11.4g   3.2g 114752 R 106.2   1.7   3:31.90 nts	1687314280511
1009446 toao      20   0   11.4g   3.2g 114752 R 112.5   1.7   3:31.91 nts	1687314280520
1009446 toao      20   0   11.4g   3.2g 114752 R 100.0   1.7   3:32.59 nts	1687314281202
1009446 toao      20   0   11.4g   3.2g 114752 R 106.2   1.7   3:32.59 nts	1687314281208
1009446 toao      20   0   11.4g   3.2g 114752 R 106.2   1.7   3:33.29 nts	1687314281897
1009446 toao      20   0   11.4g   3.2g 114752 R 105.9   1.7   3:33.29 nts	1687314281893
1009446 toao      20   0   11.4g   3.3g 114752 R 106.2   1.7   3:33.98 nts	1687314282587
1009446 toao      20   0   11.4g   3.3g 114752 R 106.2   1.7   3:33.98 nts	1687314282587
1009446 toao      20   0   11.4g   3.3g 114752 R 106.2   1.8   3:34.67 nts	1687314283277
1009446 toao      20   0   11.4g   3.3g 114752 R 106.2   1.8   3:34.67 nts	1687314283277
1009446 toao      20   0   11.4g   3.3g 114752 R 106.2   1.8   3:35.35 nts	1687314283969
1009446 toao      20   0   11.4g   3.3g 114752 R 100.0   1.8   3:35.36 nts	1687314283970
1009446 toao      20   0   16.0g   3.3g 118408 R 300.0   1.8   3:36.36 nts	1687314284657
1009446 toao      20   0   16.0g   3.3g 118408 R 288.2   1.8   3:36.37 nts	1687314284664
1009446 toao      20   0   17.0g   4.1g 296796 R 105.9   2.2   3:37.05 nts	1687314285345
1009446 toao      20   0   17.0g   4.1g 296860 R 106.2   2.2   3:37.05 nts	1687314285352
1009446 toao      20   0   17.9g   4.9g 454204 R 105.9   2.6   3:37.74 nts	1687314286033
1009446 toao      20   0   17.9g   4.9g 455444 R 112.5   2.6   3:37.75 nts	1687314286040
1009446 toao      20   0   19.2g   6.1g 507580 R 100.0   3.3   3:38.43 nts	1687314286724
1009446 toao      20   0   19.2g   6.1g 507580 R 100.0   3.3   3:38.43 nts	1687314286730
1009446 toao      20   0   19.2g   6.1g 507580 R  94.1   3.3   3:39.12 nts	1687314287415
1009446 toao      20   0   19.2g   6.1g 507580 R 100.0   3.3   3:39.12 nts	1687314287417
1009446 toao      20   0   19.2g   6.1g 507580 R 106.2   3.3   3:39.81 nts	1687314288106
1009446 toao      20   0   19.2g   6.1g 507580 R 106.2   3.3   3:39.81 nts	1687314288106
1009446 toao      20   0   19.2g   6.1g 507580 R 106.2   3.3   3:40.50 nts	1687314288799
1009446 toao      20   0   19.2g   6.1g 507580 R 106.2   3.3   3:40.50 nts	1687314288798
1009446 toao      20   0   19.2g   6.1g 507580 R 106.2   3.3   3:41.19 nts	1687314289490
1009446 toao      20   0   19.2g   6.1g 507580 R 112.5   3.3   3:41.20 nts	1687314289488
1009446 toao      20   0   19.2g   6.1g 507580 R 100.0   3.3   3:41.88 nts	1687314290179
1009446 toao      20   0   19.2g   6.1g 507580 R 106.2   3.3   3:41.89 nts	1687314290180
1009446 toao      20   0   19.2g   6.1g 507580 R 100.0   3.3   3:42.58 nts	1687314290872
1009446 toao      20   0   19.2g   6.1g 507580 R 100.0   3.3   3:42.58 nts	1687314290871
1009446 toao      20   0   30.4g   7.8g   2.2g R  94.1   4.2   3:43.26 nts	1687314291564
1009446 toao      20   0   30.4g   7.8g   2.2g R 100.0   4.2   3:43.27 nts	1687314291565
1009446 toao      20   0   30.4g  10.7g   5.1g R 106.2   5.7   3:43.96 nts	1687314292256
1009446 toao      20   0   30.4g  10.8g   5.1g R 106.2   5.7   3:43.96 nts	1687314292261
1009446 toao      20   0   30.4g  13.7g   8.0g R 100.0   7.3   3:44.65 nts	1687314292949
1009446 toao      20   0   30.4g  13.7g   8.0g R 100.0   7.3   3:44.66 nts	1687314292952
1009446 toao      20   0   30.4g  16.5g  10.9g R  94.1   8.8   3:45.34 nts	1687314293645
1009446 toao      20   0   30.4g  16.5g  10.9g R 100.0   8.8   3:45.34 nts	1687314293649
1009446 toao      20   0   30.5g  17.3g  11.6g R 100.0   9.2   3:46.03 nts	1687314294338
1009446 toao      20   0   30.5g  17.3g  11.6g R 100.0   9.2   3:46.03 nts	1687314294337
1009446 toao      20   0   30.5g  17.3g  11.6g R 100.0   9.2   3:46.72 nts	1687314295027
1009446 toao      20   0   30.5g  17.3g  11.6g R 106.2   9.2   3:46.73 nts	1687314295030
1009446 toao      20   0   30.5g  17.3g  11.6g R 106.2   9.2   3:47.42 nts	1687314295719
1009446 toao      20   0   30.5g  17.3g  11.6g R 106.2   9.2   3:47.42 nts	1687314295719
1009446 toao      20   0   30.5g  17.3g  11.6g R 106.2   9.2   3:48.11 nts	1687314296411
1009446 toao      20   0   30.5g  17.3g  11.6g R 100.0   9.2   3:48.11 nts	1687314296412
1009446 toao      20   0   30.5g  17.3g  11.6g R 100.0   9.2   3:48.80 nts	1687314297103
1009446 toao      20   0   30.5g  17.3g  11.6g R 100.0   9.2   3:48.80 nts	1687314297102
1009446 toao      20   0   30.5g  17.3g  11.6g R 100.0   9.2   3:49.50 nts	1687314297793
1009446 toao      20   0   30.5g  17.3g  11.6g R 100.0   9.2   3:49.50 nts	1687314297794
1009446 toao      20   0   30.5g  17.3g  11.6g R 106.2   9.2   3:50.19 nts	1687314298486
1009446 toao      20   0   30.5g  17.3g  11.6g R 106.2   9.2   3:50.19 nts	1687314298486
1009446 toao      20   0   30.5g  17.3g  11.6g R 100.0   9.2   3:50.88 nts	1687314299174
1009446 toao      20   0   30.5g  17.3g  11.6g R  94.1   9.2   3:50.88 nts	1687314299181
1009446 toao      20   0   30.5g  17.3g  11.6g R 100.0   9.2   3:51.57 nts	1687314299869
1009446 toao      20   0   30.5g  17.3g  11.6g R 106.2   9.2   3:51.57 nts	1687314299866
1009446 toao      20   0   30.5g  17.3g  11.6g R 100.0   9.2   3:52.26 nts	1687314300555
1009446 toao      20   0   30.5g  17.3g  11.6g R 100.0   9.2   3:52.26 nts	1687314300559
1009446 toao      20   0   30.5g  17.3g  11.6g R  94.1   9.2   3:52.94 nts	1687314301244
1009446 toao      20   0   30.5g  17.3g  11.6g R 100.0   9.2   3:52.96 nts	1687314301252
1009446 toao      20   0   30.5g  17.3g  11.6g R 100.0   9.2   3:53.64 nts	1687314301934
1009446 toao      20   0   30.5g  17.3g  11.6g R 100.0   9.2   3:53.65 nts	1687314301945
1009446 toao      20   0   30.5g  17.3g  11.6g R 100.0   9.2   3:54.33 nts	1687314302625
1009446 toao      20   0   30.5g  17.3g  11.6g R 100.0   9.2   3:54.33 nts	1687314302633
1009446 toao      20   0   30.5g  17.3g  11.6g R 100.0   9.2   3:55.02 nts	1687314303311
1009446 toao      20   0   30.5g  17.3g  11.6g R 106.2   9.2   3:55.03 nts	1687314303322
1009446 toao      20   0   30.5g  17.3g  11.6g R 100.0   9.2   3:55.71 nts	1687314304005
1009446 toao      20   0   30.5g  17.3g  11.6g R 100.0   9.2   3:55.71 nts	1687314304011
1009446 toao      20   0   30.5g  17.3g  11.6g R 106.2   9.2   3:56.40 nts	1687314304697
1009446 toao      20   0   30.5g  17.3g  11.6g R 106.2   9.2   3:56.41 nts	1687314304700
1009446 toao      20   0   30.5g  17.3g  11.6g R 100.0   9.2   3:57.09 nts	1687314305389
1009446 toao      20   0   30.5g  17.3g  11.6g R 100.0   9.2   3:57.10 nts	1687314305390
1009446 toao      20   0   30.5g  17.3g  11.6g R 100.0   9.2   3:57.78 nts	1687314306080
1009446 toao      20   0   30.5g  17.3g  11.6g R 100.0   9.2   3:57.79 nts	1687314306084
1009446 toao      20   0   30.5g  17.3g  11.6g R 100.0   9.3   3:58.47 nts	1687314306771
1009446 toao      20   0   30.5g  17.3g  11.6g R 100.0   9.3   3:58.48 nts	1687314306773
1009446 toao      20   0   30.5g  17.3g  11.6g R 100.0   9.3   3:59.16 nts	1687314307462
1009446 toao      20   0   30.5g  17.3g  11.6g R 100.0   9.3   3:59.16 nts	1687314307464
1009446 toao      20   0   30.5g  17.3g  11.6g R  94.1   9.3   3:59.85 nts	1687314308154
1009446 toao      20   0   30.5g  17.3g  11.6g R  94.1   9.3   3:59.85 nts	1687314308156
1009446 toao      20   0   30.5g  17.3g  11.6g R 106.2   9.3   4:00.54 nts	1687314308847
1009446 toao      20   0   30.5g  17.3g  11.6g R 100.0   9.3   4:00.54 nts	1687314308844
1009446 toao      20   0   30.5g  17.3g  11.6g R 100.0   9.3   4:01.22 nts	1687314309532
1009446 toao      20   0   30.5g  17.3g  11.6g R 100.0   9.3   4:01.23 nts	1687314309537
1009446 toao      20   0   30.4g  17.5g  11.6g R 156.2   9.3   4:02.31 nts	1687314310219
1009446 toao      20   0   30.4g  17.5g  11.6g R 106.2   9.3   4:02.32 nts	1687314310227
1009446 toao      20   0   30.4g  17.5g  11.6g R 106.2   9.3   4:03.00 nts	1687314310913
1009446 toao      20   0   30.4g  17.5g  11.6g R 106.2   9.3   4:03.01 nts	1687314310920
1009446 toao      20   0   30.4g  17.5g  11.6g R 694.1   9.3   4:04.98 nts	1687314311602
1009446 toao      20   0   30.4g  17.5g  11.6g R 737.5   9.3   4:04.98 nts	1687314311610
1009446 toao      20   0   30.4g  17.5g  11.6g R 368.8   9.3   4:08.64 nts	1687314312299
1009446 toao      20   0   30.4g  17.5g  11.6g R 375.0   9.3   4:08.65 nts	1687314312301
1009446 toao      20   0   30.4g  17.5g  11.6g R 100.0   9.3   4:09.57 nts	1687314312990
1009446 toao      20   0   30.4g  17.5g  11.6g R 100.0   9.3   4:09.57 nts	1687314312993
1009446 toao      20   0   30.4g  17.5g  11.6g R 106.2   9.3   4:10.26 nts	1687314313686
1009446 toao      20   0   30.4g  17.5g  11.6g R 100.0   9.3   4:10.26 nts	1687314313684
1009446 toao      20   0   31.6g  17.5g  11.6g R  2953   9.4   4:16.39 nts	1687314314374
1009446 toao      20   0   31.6g  17.5g  11.6g R  2953   9.4   4:16.39 nts	1687314314375
1009446 toao      20   0   31.5g  17.5g  11.6g R 688.2   9.3   4:23.05 nts	1687314315083
1009446 toao      20   0   31.5g  17.5g  11.6g R 693.8   9.3   4:23.10 nts	1687314315099
1009446 toao      20   0   31.5g  17.5g  11.6g R 194.1   9.3   4:25.69 nts	1687314315775
1009446 toao      20   0   31.5g  17.5g  11.6g R 188.2   9.3   4:25.69 nts	1687314315785
1009446 toao      20   0   31.5g  17.5g  11.6g R 106.2   9.3   4:26.38 nts	1687314316466
1009446 toao      20   0   31.5g  17.5g  11.6g R 100.0   9.3   4:26.39 nts	1687314316473
1009446 toao      20   0   31.5g  17.5g  11.6g R 100.0   9.3   4:27.07 nts	1687314317157
1009446 toao      20   0   31.5g  17.5g  11.6g R 100.0   9.3   4:27.08 nts	1687314317164
1009446 toao      20   0   31.5g  17.5g  11.6g R  1979   9.3   4:36.45 nts	1687314317872
1009446 toao      20   0   31.5g  17.5g  11.6g R  2165   9.3   4:36.49 nts	1687314317888
1009446 toao      20   0   31.5g  17.5g  11.6g R 450.0   9.3   4:40.00 nts	1687314318576
1009446 toao      20   0   31.5g  17.5g  11.6g R 450.0   9.3   4:40.00 nts	1687314318580
1009446 toao      20   0   31.5g  17.5g  11.6g R 106.2   9.3   4:41.27 nts	1687314319267
1009446 toao      20   0   31.5g  17.5g  11.6g R 106.2   9.3   4:41.27 nts	1687314319269
1009446 toao      20   0   31.5g  17.5g  11.6g R 106.2   9.3   4:41.96 nts	1687314319958
1009446 toao      20   0   31.5g  17.5g  11.6g R 100.0   9.3   4:41.96 nts	1687314319958
1009446 toao      20   0   31.6g  17.6g  11.6g R 206.2   9.4   4:42.81 nts	1687314320649
1009446 toao      20   0   31.6g  17.6g  11.6g R 200.0   9.4   4:42.81 nts	1687314320647
1009446 toao      20   0   31.5g  17.5g  11.6g R 693.8   9.3   4:53.03 nts	1687314321339
1009446 toao      20   0   31.5g  17.5g  11.6g R 658.8   9.3   4:53.10 nts	1687314321343
1009446 toao      20   0   31.5g  17.5g  11.6g R 111.8   9.3   4:55.20 nts	1687314322022
1009446 toao      20   0   31.5g  17.5g  11.6g R 105.9   9.3   4:55.21 nts	1687314322034
1009446 toao      20   0   31.5g  17.5g  11.6g R 100.0   9.3   4:55.88 nts	1687314322709
1009446 toao      20   0   31.5g  17.5g  11.6g R 100.0   9.3   4:55.89 nts	1687314322722
1009446 toao      20   0   31.5g  17.5g  11.6g R 100.0   9.3   4:56.57 nts	1687314323397
1009446 toao      20   0   31.5g  17.5g  11.6g R 106.2   9.3   4:56.58 nts	1687314323406
1009446 toao      20   0   31.5g  17.5g  11.6g R 772.2   9.3   5:05.75 nts	1687314324116
1009446 toao      20   0   31.5g  17.5g  11.6g R 694.7   9.3   5:05.81 nts	1687314324108
1009446 toao      20   0   31.5g  17.5g  11.6g R 118.8   9.3   5:08.31 nts	1687314324816
1009446 toao      20   0   31.5g  17.5g  11.6g R 105.9   9.3   5:08.31 nts	1687314324813
1009446 toao      20   0   31.5g  17.5g  11.6g R 100.0   9.3   5:09.00 nts	1687314325501
1009446 toao      20   0   31.5g  17.5g  11.6g R 100.0   9.3   5:09.00 nts	1687314325502
1009446 toao      20   0   31.5g  17.5g  11.6g R 106.2   9.3   5:09.69 nts	1687314326189
1009446 toao      20   0   31.5g  17.5g  11.6g R  94.1   9.3   5:09.69 nts	1687314326191
1009446 toao      20   0   31.5g  17.5g  11.6g R  1750   9.3   5:18.67 nts	1687314326905
1009446 toao      20   0   31.5g  17.5g  11.6g R  1683   9.3   5:18.67 nts	1687314326917
1009446 toao      20   0   31.5g  17.5g  11.6g R 331.2   9.3   5:21.86 nts	1687314327592
1009446 toao      20   0   31.5g  17.5g  11.6g R 337.5   9.3   5:21.86 nts	1687314327591
1009446 toao      20   0   31.5g  17.5g  11.6g R  94.1   9.3   5:22.59 nts	1687314328275
1009446 toao      20   0   31.5g  17.5g  11.6g R 106.2   9.3   5:22.60 nts	1687314328278
1009446 toao      20   0   31.5g  17.5g  11.6g R 100.0   9.3   5:23.27 nts	1687314328966
1009446 toao      20   0   31.5g  17.5g  11.6g R 106.2   9.3   5:23.29 nts	1687314328971
1009446 toao      20   0   31.6g  17.6g  11.6g R  2994   9.4   5:29.04 nts	1687314329647
1009446 toao      20   0   31.6g  17.6g  11.6g R  3071   9.4   5:29.79 nts	1687314329700
1009446 toao      20   0   31.5g  17.5g  11.6g R 335.3   9.3   5:34.93 nts	1687314330384
1009446 toao      20   0   31.5g  17.5g  11.6g R 337.5   9.3   5:34.95 nts	1687314330396
1009446 toao      20   0   31.5g  17.5g  11.6g R  94.1   9.3   5:35.67 nts	1687314331073
1009446 toao      20   0   31.5g  17.5g  11.6g R  94.1   9.3   5:35.68 nts	1687314331085
1009446 toao      20   0   31.5g  17.5g  11.6g R 106.2   9.3   5:36.36 nts	1687314331763
1009446 toao      20   0   31.5g  17.5g  11.6g R 100.0   9.3   5:36.37 nts	1687314331772
1009446 toao      20   0   31.6g  17.6g  11.6g R  2262   9.4   5:40.69 nts	1687314332449
1009446 toao      20   0   31.6g  17.6g  11.6g R  2331   9.4   5:40.81 nts	1687314332459
1009446 toao      20   0   31.5g  17.5g  11.6g R 411.8   9.3   5:47.74 nts	1687314333164
1009446 toao      20   0   31.5g  17.5g  11.6g R 425.0   9.3   5:47.78 nts	1687314333179
1009446 toao      20   0   31.5g  17.5g  11.6g R 106.2   9.3   5:48.56 nts	1687314333850
1009446 toao      20   0   31.5g  17.5g  11.6g R 100.0   9.3   5:48.58 nts	1687314333865
1009446 toao      20   0   31.5g  17.5g  11.6g R  94.1   9.3   5:49.24 nts	1687314334535
1009446 toao      20   0   31.5g  17.5g  11.6g R 100.0   9.3   5:49.26 nts	1687314334551
1009446 toao      20   0   31.6g  17.6g  11.6g R  1756   9.4   5:52.75 nts	1687314335220
1009446 toao      20   0   31.6g  17.6g  11.6g R  1962   9.4   5:53.10 nts	1687314335238
1009446 toao      20   0   31.5g  17.5g  11.6g R 412.5   9.3   6:00.68 nts	1687314335941
1009446 toao      20   0   31.5g  17.5g  11.6g R 381.2   9.3   6:00.73 nts	1687314335960
1009446 toao      20   0   31.5g  17.5g  11.6g R 100.0   9.3   6:01.47 nts	1687314336626
1009446 toao      20   0   31.5g  17.5g  11.6g R 100.0   9.3   6:01.49 nts	1687314336648
1009446 toao      20   0   31.5g  17.5g  11.6g R 100.0   9.3   6:02.16 nts	1687314337315
1009446 toao      20   0   31.5g  17.5g  11.6g R 100.0   9.3   6:02.18 nts	1687314337336
1009446 toao      20   0   31.6g  17.6g  11.6g R 675.0   9.4   6:03.96 nts	1687314338005
1009446 toao      20   0   31.6g  17.6g  11.6g R  1138   9.4   6:04.72 nts	1687314338027
1009446 toao      20   0   31.5g  17.5g  11.6g R 537.5   9.3   6:13.68 nts	1687314338716
1009446 toao      20   0   31.5g  17.5g  11.6g R 506.2   9.3   6:13.82 nts	1687314338748
1009446 toao      20   0   31.5g  17.5g  11.6g R 106.2   9.3   6:14.77 nts	1687314339406
1009446 toao      20   0   31.5g  17.5g  11.6g R 106.2   9.3   6:14.80 nts	1687314339437
1009446 toao      20   0   31.5g  17.5g  11.6g R 106.2   9.3   6:15.46 nts	1687314340099
1009446 toao      20   0   31.5g  17.5g  11.6g R 100.0   9.3   6:15.48 nts	1687314340128
1009446 toao      20   0   31.6g  17.5g  11.6g R 211.8   9.4   6:16.34 nts	1687314340791
1009446 toao      20   0   31.6g  17.5g  11.6g R 212.5   9.4   6:16.35 nts	1687314340817
1009446 toao      20   0   31.5g  17.5g  11.6g R 688.2   9.3   6:26.40 nts	1687314341484
1009446 toao      20   0   31.5g  17.5g  11.6g R 687.5   9.3   6:26.52 nts	1687314341504
1009446 toao      20   0   31.5g  17.5g  11.6g R  94.1   9.3   6:27.84 nts	1687314342173
1009446 toao      20   0   31.5g  17.5g  11.6g R 106.2   9.3   6:27.86 nts	1687314342190
1009446 toao      20   0   31.5g  17.5g  11.6g R 100.0   9.3   6:28.53 nts	1687314342863
1009446 toao      20   0   31.5g  17.5g  11.6g R 106.2   9.3   6:28.55 nts	1687314342878
1009446 toao      20   0   31.6g  17.5g  11.6g R 200.0   9.4   6:29.40 nts	1687314343554
1009446 toao      20   0   31.6g  17.5g  11.6g R 205.9   9.4   6:29.42 nts	1687314343564
1009446 toao      20   0   31.5g  17.5g  11.6g R 643.8   9.3   6:39.04 nts	1687314344238
1009446 toao      20   0   31.5g  17.5g  11.6g R 588.2   9.3   6:39.12 nts	1687314344254
1009446 toao      20   0   31.5g  17.5g  11.6g R 100.0   9.3   6:40.14 nts	1687314344931
1009446 toao      20   0   31.5g  17.5g  11.6g R 100.0   9.3   6:40.16 nts	1687314344945
1009446 toao      20   0   31.5g  17.5g  11.6g R 100.0   9.3   6:40.83 nts	1687314345617
1009446 toao      20   0   31.5g  17.5g  11.6g R 100.0   9.3   6:40.84 nts	1687314345632
1009446 toao      20   0   31.6g  17.5g  11.6g R 194.1   9.4   6:41.68 nts	1687314346305
1009446 toao      20   0   31.6g  17.6g  11.6g R 193.8   9.4   6:41.68 nts	1687314346320
1009446 toao      20   0   31.5g  17.5g  11.6g R 482.4   9.3   6:51.50 nts	1687314346995
1009446 toao      20   0   31.5g  17.5g  11.6g R 476.5   9.3   6:51.54 nts	1687314347004
1009446 toao      20   0   31.5g  17.5g  11.6g R 100.0   9.3   6:52.35 nts	1687314347681
1009446 toao      20   0   31.5g  17.5g  11.6g R  94.1   9.3   6:52.36 nts	1687314347693
1009446 toao      20   0   31.5g  17.5g  11.6g R  94.1   9.3   6:53.04 nts	1687314348373
1009446 toao      20   0   31.5g  17.5g  11.6g R 100.0   9.3   6:53.05 nts	1687314348382
1009446 toao      20   0   31.6g  17.6g  11.6g R 887.5   9.4   6:55.16 nts	1687314349061
1009446 toao      20   0   31.6g  17.6g  11.6g R  1029   9.4   6:55.51 nts	1687314349072
1009446 toao      20   0   31.5g  17.5g  11.6g R 181.2   9.3   7:03.54 nts	1687314349776
1009446 toao      20   0   31.5g  17.5g  11.6g R 147.1   9.3   7:03.57 nts	1687314349804
1009446 toao      20   0   31.5g  17.5g  11.6g R  94.1   9.3   7:04.23 nts	1687314350464
1009446 toao      20   0   31.5g  17.5g  11.6g R 100.0   9.3   7:04.26 nts	1687314350494
1009446 toao      20   0   31.5g  17.5g  11.6g R 100.0   9.3   7:04.92 nts	1687314351156
1009446 toao      20   0   31.5g  17.5g  11.6g R 106.2   9.3   7:04.95 nts	1687314351183
1009446 toao      20   0   31.6g  17.6g  11.6g R  2872   9.4   7:12.69 nts	1687314351869
1009446 toao      20   0   31.6g  17.6g  11.6g R  3089   9.4   7:13.32 nts	1687314351882
1009446 toao      20   0   31.5g  17.5g  11.6g R 100.0   9.3   7:15.80 nts	1687314352573
1009446 toao      20   0   31.5g  17.5g  11.6g R 100.0   9.3   7:15.81 nts	1687314352588
1009446 toao      20   0   31.5g  17.5g  11.6g R 100.0   9.3   7:16.49 nts	1687314353265
1009446 toao      20   0   31.5g  17.5g  11.6g R 106.2   9.3   7:16.50 nts	1687314353277
1009446 toao      20   0   31.5g  17.5g  11.6g R  94.1   9.3   7:17.18 nts	1687314353964
1009446 toao      20   0   31.5g  17.5g  11.6g R 100.0   9.3   7:17.18 nts	1687314353956
1009446 toao      20   0   31.5g  17.5g  11.6g S  1638   9.3   7:26.08 nts	1687314354656
1009446 toao      20   0   31.5g  17.5g  11.6g S  1329   9.3   7:26.09 nts	1687314354679
1009446 toao      20   0   31.5g  17.5g  11.6g R 106.2   9.3   7:28.12 nts	1687314355333
1009446 toao      20   0   31.5g  17.5g  11.6g R 100.0   9.3   7:28.13 nts	1687314355347
1009446 toao      20   0   31.5g  17.5g  11.6g R 100.0   9.3   7:28.80 nts	1687314356017
1009446 toao      20   0   31.5g  17.5g  11.6g R 100.0   9.3   7:28.81 nts	1687314356029
1009446 toao      20   0   31.5g  17.5g  11.6g R 100.0   9.3   7:29.49 nts	1687314356705
1009446 toao      20   0   31.5g  17.5g  11.6g R  94.1   9.3   7:29.50 nts	1687314356717
1009446 toao      20   0   31.5g  17.5g  11.6g R 656.2   9.3   7:38.94 nts	1687314357395
1009446 toao      20   0   31.5g  17.5g  11.6g R 612.5   9.3   7:39.00 nts	1687314357406
1009446 toao      20   0   31.5g  17.5g  11.6g R 100.0   9.3   7:40.10 nts	1687314358078
1009446 toao      20   0   31.5g  17.5g  11.6g R  94.1   9.3   7:40.12 nts	1687314358095
1009446 toao      20   0   31.5g  17.5g  11.6g R  94.1   9.3   7:40.79 nts	1687314358765
1009446 toao      20   0   31.5g  17.5g  11.6g R 106.2   9.3   7:40.81 nts	1687314358780
1009446 toao      20   0   31.6g  17.6g  11.6g R 205.9   9.4   7:41.67 nts	1687314359454
1009446 toao      20   0   31.6g  17.6g  11.6g R 212.5   9.4   7:41.68 nts	1687314359470
1009446 toao      20   0   31.5g  17.5g  11.6g R 352.9   9.3   7:51.37 nts	1687314360146
1009446 toao      20   0   31.5g  17.5g  11.6g R 356.2   9.3   7:51.40 nts	1687314360157
1009446 toao      20   0   31.5g  17.5g  11.6g R 100.0   9.3   7:52.16 nts	1687314360834
1009446 toao      20   0   31.5g  17.5g  11.6g R 106.2   9.3   7:52.17 nts	1687314360844
1009446 toao      20   0   31.5g  17.5g  11.6g R 100.0   9.3   7:52.85 nts	1687314361522
1009446 toao      20   0   31.5g  17.5g  11.6g R 100.0   9.3   7:52.86 nts	1687314361531
1009446 toao      20   0   31.6g  17.6g  11.6g R 929.4   9.4   7:55.15 nts	1687314362214
1009446 toao      20   0   31.6g  17.6g  11.6g R  1135   9.4   7:55.51 nts	1687314362223
1009446 toao      20   0   31.5g  17.5g  11.6g R 225.0   9.3   8:03.33 nts	1687314362921
1009446 toao      20   0   31.5g  17.5g  11.6g R 218.8   9.3   8:03.34 nts	1687314362929
1009446 toao      20   0   31.5g  17.5g  11.6g R 100.0   9.3   8:04.02 nts	1687314363608
1009446 toao      20   0   31.5g  17.5g  11.6g R 106.2   9.3   8:04.04 nts	1687314363620
1009446 toao      20   0   31.5g  17.5g  11.6g R 100.0   9.3   8:04.71 nts	1687314364297
1009446 toao      20   0   31.5g  17.5g  11.6g R 100.0   9.3   8:04.72 nts	1687314364311
1009446 toao      20   0   31.5g  17.5g  11.6g R  2244   9.3   8:13.39 nts	1687314365017
1009446 toao      20   0   31.5g  17.5g  11.6g R  2311   9.3   8:13.40 nts	1687314365021
1009446 toao      20   0   31.5g  17.5g  11.6g R 100.0   9.3   8:15.25 nts	1687314365715
1009446 toao      20   0   31.5g  17.5g  11.6g R 100.0   9.3   8:15.25 nts	1687314365724
1009446 toao      20   0   31.5g  17.5g  11.6g R  94.1   9.3   8:15.94 nts	1687314366405
1009446 toao      20   0   31.5g  17.5g  11.6g R 106.2   9.3   8:15.94 nts	1687314366406
1009446 toao      20   0   31.5g  17.5g  11.6g R  94.1   9.3   8:16.62 nts	1687314367094
1009446 toao      20   0   31.5g  17.5g  11.6g R 100.0   9.3   8:16.63 nts	1687314367093
1009446 toao      20   0   31.5g  17.5g  11.6g R 529.4   9.3   8:25.87 nts	1687314367787
1009446 toao      20   0   31.5g  17.5g  11.6g R 529.4   9.3   8:25.87 nts	1687314367784
1009446 toao      20   0   31.5g  17.5g  11.6g R 100.0   9.3   8:26.83 nts	1687314368469
1009446 toao      20   0   31.5g  17.5g  11.6g R 100.0   9.3   8:26.83 nts	1687314368468
1009446 toao      20   0   31.5g  17.5g  11.6g R 106.2   9.3   8:27.52 nts	1687314369153
1009446 toao      20   0   31.5g  17.5g  11.6g R 106.2   9.3   8:27.52 nts	1687314369153
1009446 toao      20   0   31.6g  17.6g  11.6g R 194.1   9.4   8:28.38 nts	1687314369844
1009446 toao      20   0   31.6g  17.6g  11.6g R 194.1   9.4   8:28.38 nts	1687314369842
1009446 toao      20   0   31.5g  17.5g  11.6g R 200.0   9.3   8:37.82 nts	1687314370555
1009446 toao      20   0   31.5g  17.5g  11.6g R 193.8   9.3   8:37.83 nts	1687314370553
1009446 toao      20   0   31.5g  17.5g  11.6g R 100.0   9.3   8:38.53 nts	1687314371261
1009446 toao      20   0   31.5g  17.5g  11.6g R 100.0   9.3   8:38.53 nts	1687314371262
1009446 toao      20   0   31.5g  17.5g  11.6g R  94.1   9.3   8:39.22 nts	1687314371945
1009446 toao      20   0   31.5g  17.5g  11.6g R 100.0   9.3   8:39.22 nts	1687314371949
1009446 toao      20   0   31.6g  17.6g  11.6g R  2850   9.4   8:47.38 nts	1687314372660
1009446 toao      20   0   31.6g  17.6g  11.6g R  2663   9.4   8:47.67 nts	1687314372672
1009446 toao      20   0   31.5g  17.5g  11.6g R 106.2   9.3   8:49.74 nts	1687314373356
1009446 toao      20   0   31.5g  17.5g  11.6g R  94.1   9.3   8:49.74 nts	1687314373366
1009446 toao      20   0   31.5g  17.5g  11.6g R 100.0   9.3   8:50.42 nts	1687314374045
1009446 toao      20   0   31.5g  17.5g  11.6g R 100.0   9.3   8:50.42 nts	1687314374054
1009446 toao      20   0   31.5g  17.5g  11.6g R 100.0   9.3   8:51.11 nts	1687314374733
1009446 toao      20   0   31.5g  17.5g  11.6g R 106.2   9.3   8:51.12 nts	1687314374738
1009446 toao      20   0   31.5g  17.5g  11.6g R 576.5   9.3   9:00.48 nts	1687314375426
1009446 toao      20   0   31.5g  17.5g  11.6g R 576.5   9.3   9:00.48 nts	1687314375422
1009446 toao      20   0   31.5g  17.5g  11.6g R 100.0   9.3   9:01.47 nts	1687314376110
1009446 toao      20   0   31.5g  17.5g  11.6g R 100.0   9.3   9:01.47 nts	1687314376108
1009446 toao      20   0   31.5g  17.5g  11.6g R 106.2   9.3   9:02.17 nts	1687314376797
1009446 toao      20   0   31.5g  17.5g  11.6g R 100.0   9.3   9:02.16 nts	1687314376796
1009446 toao      20   0   31.6g  17.6g  11.6g R 206.2   9.4   9:03.02 nts	1687314377488
1009446 toao      20   0   31.6g  17.6g  11.6g R 206.2   9.4   9:03.02 nts	1687314377488
1009446 toao      20   0   31.5g  17.5g  11.6g R 237.5   9.3   9:12.52 nts	1687314378177
1009446 toao      20   0   31.5g  17.5g  11.6g R 237.5   9.3   9:12.52 nts	1687314378178
1009446 toao      20   0   31.5g  17.5g  11.6g R 100.0   9.3   9:13.21 nts	1687314378862
1009446 toao      20   0   31.5g  17.5g  11.6g R 112.5   9.3   9:13.22 nts	1687314378866
1009446 toao      20   0   31.5g  17.5g  11.6g R 100.0   9.3   9:13.90 nts	1687314379556
1009446 toao      20   0   31.5g  17.5g  11.6g R 106.2   9.3   9:13.91 nts	1687314379563
1009446 toao      20   0   31.6g  17.6g  11.6g R  2674   9.4   9:22.16 nts	1687314380272
1009446 toao      20   0   31.6g  17.6g  11.6g R  3072   9.4   9:22.25 nts	1687314380276
1009446 toao      20   0   31.5g  17.5g  11.6g R 100.0   9.3   9:24.52 nts	1687314380977
1009446 toao      20   0   31.5g  17.5g  11.6g R 100.0   9.3   9:24.52 nts	1687314380976
1009446 toao      20   0   31.5g  17.5g  11.6g R 106.2   9.3   9:25.22 nts	1687314381666
1009446 toao      20   0   31.5g  17.5g  11.6g R 106.2   9.3   9:25.22 nts	1687314381666
1009446 toao      20   0   31.5g  17.5g  11.6g R  94.1   9.3   9:25.90 nts	1687314382353
1009446 toao      20   0   31.5g  17.5g  11.6g R  94.1   9.3   9:25.90 nts	1687314382355
1009446 toao      20   0   31.5g  17.5g  11.6g R 643.8   9.3   9:35.11 nts	1687314383040
1009446 toao      20   0   31.5g  17.5g  11.6g R 643.8   9.3   9:35.11 nts	1687314383044
1009446 toao      20   0   31.5g  17.5g  11.6g R 100.0   9.3   9:36.17 nts	1687314383728
1009446 toao      20   0   31.5g  17.5g  11.6g R 100.0   9.3   9:36.17 nts	1687314383730
1009446 toao      20   0   31.5g  17.5g  11.6g R 106.2   9.3   9:36.86 nts	1687314384418
1009446 toao      20   0   31.5g  17.5g  11.6g R 100.0   9.3   9:36.86 nts	1687314384417
1009446 toao      20   0   31.6g  17.6g  11.6g R 781.2   9.4   9:38.79 nts	1687314385101
1009446 toao      20   0   31.6g  17.6g  11.6g R 781.2   9.4   9:38.79 nts	1687314385102
1009446 toao      20   0   31.5g  17.5g  11.6g R 106.2   9.3   9:47.04 nts	1687314385823
1009446 toao      20   0   31.5g  17.5g  11.6g R 100.0   9.3   9:47.04 nts	1687314385828
1009446 toao      20   0   31.5g  17.5g  11.6g R 100.0   9.3   9:47.72 nts	1687314386505
1009446 toao      20   0   31.5g  17.5g  11.6g R 100.0   9.3   9:47.72 nts	1687314386510
1009446 toao      20   0   31.5g  17.5g  11.6g R 106.2   9.3   9:48.41 nts	1687314387192
1009446 toao      20   0   31.5g  17.5g  11.6g R 100.0   9.3   9:48.41 nts	1687314387195
1009446 toao      20   0   31.5g  17.5g  11.6g R 816.7   9.3   9:57.44 nts	1687314387912
1009446 toao      20   0   31.5g  17.5g  11.6g R 864.7   9.3   9:57.44 nts	1687314387913
1009446 toao      20   0   31.5g  17.5g  11.6g R 100.0   9.3   9:58.64 nts	1687314388604
1009446 toao      20   0   31.5g  17.5g  11.6g R 106.2   9.3   9:58.64 nts	1687314388606
1009446 toao      20   0   31.5g  17.5g  11.6g R 100.0   9.3   9:59.32 nts	1687314389291
1009446 toao      20   0   31.5g  17.5g  11.6g R 100.0   9.3   9:59.33 nts	1687314389292
1009446 toao      20   0   31.6g  17.6g  11.6g R 768.8   9.4  10:01.26 nts	1687314389980
1009446 toao      20   0   31.6g  17.6g  11.6g R 794.1   9.4  10:01.38 nts	1687314389982
1009446 toao      20   0   31.5g  17.5g  11.6g R 188.2   9.3  10:09.93 nts	1687314390675
1009446 toao      20   0   31.5g  17.5g  11.6g R 164.7   9.3  10:09.95 nts	1687314390693
1009446 toao      20   0   31.5g  17.5g  11.6g R 100.0   9.3  10:10.61 nts	1687314391360
1009446 toao      20   0   31.5g  17.5g  11.6g R 106.2   9.3  10:10.64 nts	1687314391378
1009446 toao      20   0   31.5g  17.5g  11.6g R 100.0   9.3  10:11.29 nts	1687314392039
1009446 toao      20   0   31.5g  17.5g  11.6g R 106.2   9.3  10:11.33 nts	1687314392067
1009446 toao      20   0   31.5g  17.5g  11.6g S  1617   9.3  10:19.99 nts	1687314392756
1009446 toao      20   0   31.5g  17.5g  11.6g S  1300   9.3  10:20.01 nts	1687314392784
1009446 toao      20   0   31.5g  17.5g  11.6g R  94.1   9.3  10:21.68 nts	1687314393442
1009446 toao      20   0   31.5g  17.5g  11.6g R  94.1   9.3  10:21.70 nts	1687314393467
1009446 toao      20   0   31.5g  17.5g  11.6g R 106.2   9.3  10:22.37 nts	1687314394128
1009446 toao      20   0   31.5g  17.5g  11.6g R  94.1   9.3  10:22.39 nts	1687314394152
1009446 toao      20   0   31.6g  17.5g  11.6g R 225.0   9.4  10:23.25 nts	1687314394816
1009446 toao      20   0   31.6g  17.6g  11.6g R 225.0   9.4  10:23.27 nts	1687314394840
1009446 toao      20   0   31.5g  17.5g  11.6g R 393.8   9.3  10:32.65 nts	1687314395497
1009446 toao      20   0   31.5g  17.5g  11.6g R 318.8   9.3  10:32.71 nts	1687314395528
1009446 toao      20   0   31.5g  17.5g  11.6g R 100.0   9.3  10:33.36 nts	1687314396182
1009446 toao      20   0   31.5g  17.5g  11.6g R 100.0   9.3  10:33.40 nts	1687314396215
1009446 toao      20   0   31.5g  17.5g  11.6g R 100.0   9.3  10:34.06 nts	1687314396870
1009446 toao      20   0   31.5g  17.5g  11.6g R 100.0   9.3  10:34.09 nts	1687314396904
1009446 toao      20   0   31.6g  17.6g  11.6g R  2582   9.4  10:39.14 nts	1687314397565
1009446 toao      20   0   31.6g  17.6g  11.6g R  3076   9.4  10:40.35 nts	1687314397597
1009446 toao      20   0   31.5g  17.5g  11.6g R  94.1   9.3  10:44.13 nts	1687314398284
1009446 toao      20   0   31.5g  17.5g  11.6g R 106.2   9.3  10:44.17 nts	1687314398320
1009446 toao      20   0   31.5g  17.5g  11.6g R  94.1   9.3  10:44.82 nts	1687314398973
1009446 toao      20   0   31.5g  17.5g  11.6g R 106.2   9.3  10:44.86 nts	1687314399009
1009446 toao      20   0   31.5g  17.5g  11.6g R 100.0   9.3  10:45.50 nts	1687314399657
1009446 toao      20   0   31.6g  17.5g  11.6g R 181.2   9.4  10:45.67 nts	1687314399698
1009446 toao      20   0   31.5g  17.5g  11.6g R 613.3   9.3  10:54.70 nts	1687314400337
1009446 toao      20   0   31.5g  17.5g  11.6g R 412.5   9.3  10:54.87 nts	1687314400386
1009446 toao      20   0   31.5g  17.5g  11.6g R 106.2   9.3  10:55.54 nts	1687314401019
1009446 toao      20   0   31.5g  17.5g  11.6g R 106.2   9.3  10:55.59 nts	1687314401077
1009446 toao      20   0   31.5g  17.5g  11.6g R  94.1   9.3  10:56.22 nts	1687314401713
1009446 toao      20   0   31.5g  17.5g  11.6g R 100.0   9.3  10:56.29 nts	1687314401778
1009446 toao      20   0   31.6g  17.6g  11.6g R  2031   9.4  11:00.19 nts	1687314402398
1009446 toao      20   0   31.6g  17.6g  11.6g R  3088   9.4  11:02.76 nts	1687314402472
1009446 toao      20   0   31.5g  17.5g  11.6g R 100.0   9.3  11:06.43 nts	1687314403120
1009446 toao      20   0   31.5g  17.5g  11.6g R 106.2   9.3  11:06.51 nts	1687314403200
1009446 toao      20   0   31.5g  17.5g  11.6g R 106.2   9.3  11:07.12 nts	1687314403810
1009446 toao      20   0   31.5g  17.5g  11.6g R 100.0   9.3  11:07.19 nts	1687314403886
1009446 toao      20   0   31.5g  17.5g  11.6g R 106.2   9.3  11:07.81 nts	1687314404496
1009446 toao      20   0   31.5g  17.5g  11.6g R 100.0   9.3  11:07.88 nts	1687314404570
1009446 toao      20   0   31.5g  17.5g  11.6g R 558.8   9.3  11:17.02 nts	1687314405197
1009446 toao      20   0   31.5g  17.5g  11.6g R 556.2   9.3  11:17.23 nts	1687314405260
1009446 toao      20   0   31.5g  17.5g  11.6g R  94.1   9.3  11:18.02 nts	1687314405884
1009446 toao      20   0   31.5g  17.5g  11.6g R 100.0   9.3  11:18.08 nts	1687314405937
1009446 toao      20   0   31.5g  17.5g  11.6g R 106.2   9.3  11:18.72 nts	1687314406567
1009446 toao      20   0   31.5g  17.5g  11.6g R 100.0   9.3  11:18.77 nts	1687314406625
1009446 toao      20   0   31.6g  17.6g  11.6g R  1018   9.4  11:21.15 nts	1687314407260
1009446 toao      20   0   31.6g  17.6g  11.6g R  1962   9.4  11:22.61 nts	1687314407313
1009446 toao      20   0   31.5g  17.5g  11.6g R 106.2   9.3  11:28.80 nts	1687314407957
1009446 toao      20   0   31.5g  17.5g  11.6g R  94.1   9.3  11:28.85 nts	1687314408012
1009446 toao      20   0   31.5g  17.5g  11.6g R 100.0   9.3  11:29.49 nts	1687314408644
1009446 toao      20   0   31.5g  17.5g  11.6g R 106.2   9.3  11:29.55 nts	1687314408703
1009446 toao      20   0   31.5g  17.5g  11.6g R  94.1   9.3  11:30.18 nts	1687314409335
1009446 toao      20   0   31.5g  17.5g  11.6g R 100.0   9.3  11:30.23 nts	1687314409389
1009446 toao      20   0   31.5g  17.5g  11.6g R 543.8   9.3  11:39.46 nts	1687314410029
1009446 toao      20   0   31.5g  17.5g  11.6g R 593.3   9.3  11:39.66 nts	1687314410077
1009446 toao      20   0   31.5g  17.5g  11.6g R 100.0   9.3  11:40.51 nts	1687314410709
1009446 toao      20   0   31.5g  17.5g  11.6g R 100.0   9.3  11:40.56 nts	1687314410755
1009446 toao      20   0   31.5g  17.5g  11.6g R 100.0   9.3  11:41.19 nts	1687314411396
1009446 toao      20   0   31.5g  17.5g  11.6g R 100.0   9.3  11:41.25 nts	1687314411451
1009446 toao      20   0   31.6g  17.6g  11.6g R 200.0   9.4  11:42.05 nts	1687314412087
1009446 toao      20   0   31.6g  17.6g  11.6g R 970.6   9.4  11:43.59 nts	1687314412140
1009446 toao      20   0   31.5g  17.5g  11.6g R 118.8   9.3  11:51.19 nts	1687314412778
1009446 toao      20   0   31.5g  17.5g  11.6g R 106.2   9.3  11:51.30 nts	1687314412880
1009446 toao      20   0   31.5g  17.5g  11.6g R 106.2   9.3  11:51.89 nts	1687314413459
1009446 toao      20   0   31.5g  17.5g  11.6g R 106.2   9.3  11:51.99 nts	1687314413567
1009446 toao      20   0   31.5g  17.5g  11.6g R 106.2   9.3  11:52.58 nts	1687314414149
1009446 toao      20   0   31.5g  17.5g  11.6g R 106.2   9.3  11:52.68 nts	1687314414249
1009446 toao      20   0   31.5g  17.5g  11.6g R  2112   9.3  12:00.98 nts	1687314414864
1009446 toao      20   0   31.5g  17.5g  11.6g R 625.0   9.3  12:01.63 nts	1687314414953
1009446 toao      20   0   31.5g  17.5g  11.6g R 106.2   9.3  12:02.48 nts	1687314415533
1009446 toao      20   0   31.5g  17.5g  11.6g R  94.1   9.3  12:02.59 nts	1687314415642
1009446 toao      20   0   31.5g  17.5g  11.6g R 100.0   9.3  12:03.17 nts	1687314416220
1009446 toao      20   0   31.5g  17.5g  11.6g R  94.1   9.3  12:03.28 nts	1687314416334
1009446 toao      20   0   31.6g  17.6g  11.6g R 288.2   9.4  12:04.19 nts	1687314416911
1009446 toao      20   0   31.6g  17.6g  11.6g R  2256   9.4  12:07.60 nts	1687314417021
1009446 toao      20   0   31.5g  17.5g  11.6g R 100.0   9.3  12:13.06 nts	1687314417624
1009446 toao      20   0   31.5g  17.5g  11.6g R 100.0   9.3  12:13.17 nts	1687314417741
1009446 toao      20   0   31.5g  17.5g  11.6g R 100.0   9.3  12:13.74 nts	1687314418313
1009446 toao      20   0   31.5g  17.5g  11.6g R 106.2   9.3  12:13.86 nts	1687314418428
1009446 toao      20   0   31.5g  17.5g  11.6g R 100.0   9.3  12:14.43 nts	1687314419001
1009446 toao      20   0   31.6g  17.5g  11.6g R 193.8   9.4  12:14.70 nts	1687314419120
1009446 toao      20   0   31.5g  17.5g  11.6g R 531.2   9.3  12:23.68 nts	1687314419687
1009446 toao      20   0   31.5g  17.5g  11.6g R 358.8   9.3  12:24.05 nts	1687314419803
1009446 toao      20   0   31.5g  17.5g  11.6g R 100.0   9.3  12:24.61 nts	1687314420373
1009446 toao      20   0   31.5g  17.5g  11.6g R 100.0   9.3  12:24.73 nts	1687314420493
1009446 toao      20   0   31.5g  17.5g  11.6g R 100.0   9.3  12:25.30 nts	1687314421059
1009446 toao      20   0   31.5g  17.5g  11.6g R 106.2   9.3  12:25.42 nts	1687314421174
1009446 toao      20   0   31.6g  17.6g  11.6g R  1853   9.4  12:29.13 nts	1687314421745
1009446 toao      20   0   31.6g  17.6g  11.6g R  3018   9.4  12:33.05 nts	1687314421884
1009446 toao      20   0   31.5g  17.5g  11.6g R 100.0   9.3  12:35.44 nts	1687314422463
1009446 toao      20   0   31.5g  17.5g  11.6g R 100.0   9.3  12:35.56 nts	1687314422581
1009446 toao      20   0   31.5g  17.5g  11.6g R 100.0   9.3  12:36.13 nts	1687314423154
1009446 toao      20   0   31.5g  17.5g  11.6g R  94.1   9.3  12:36.24 nts	1687314423275
1009446 toao      20   0   31.5g  17.5g  11.6g R 100.0   9.3  12:36.82 nts	1687314423847
1009446 toao      20   0   31.6g  17.6g  11.6g R 212.5   9.4  12:37.11 nts	1687314423960
1009446 toao      20   0   31.5g  17.5g  11.6g R 550.0   9.3  12:46.13 nts	1687314424538
1009446 toao      20   0   31.5g  17.5g  11.6g R 243.8   9.3  12:46.33 nts	1687314424650
1009446 toao      20   0   31.5g  17.5g  11.6g R 100.0   9.3  12:46.90 nts	1687314425217
1009446 toao      20   0   31.5g  17.5g  11.6g R  94.1   9.3  12:47.01 nts	1687314425334
1009446 toao      20   0   31.5g  17.5g  11.6g R 106.2   9.3  12:47.59 nts	1687314425906
1009446 toao      20   0   31.5g  17.5g  11.6g R 106.2   9.3  12:47.71 nts	1687314426022
1009446 toao      20   0   31.6g  17.6g  11.6g R  2650   9.4  12:52.52 nts	1687314426593
1009446 toao      20   0   31.5g  17.5g  11.6g R  2337   9.3  12:56.24 nts	1687314426733
1009446 toao      20   0   31.5g  17.5g  11.6g R 100.0   9.3  12:57.56 nts	1687314427312
1009446 toao      20   0   31.5g  17.5g  11.6g R  94.1   9.3  12:57.67 nts	1687314427425
1009446 toao      20   0   31.5g  17.5g  11.6g R 106.2   9.3  12:58.25 nts	1687314428001
1009446 toao      20   0   31.5g  17.5g  11.6g R 100.0   9.3  12:58.36 nts	1687314428113
1009446 toao      20   0   31.6g  17.5g  11.6g R 188.2   9.4  12:59.10 nts	1687314428692
1009446 toao      20   0   31.6g  17.6g  11.6g R 822.2   9.4  13:00.53 nts	1687314428801
1009446 toao      20   0   31.5g  17.5g  11.6g R 168.8   9.3  13:08.10 nts	1687314429379
1009446 toao      20   0   31.5g  17.5g  11.6g R 100.0   9.3  13:08.26 nts	1687314429537
1009446 toao      20   0   31.5g  17.5g  11.6g R 100.0   9.3  13:08.78 nts	1687314430059
1009446 toao      20   0   31.5g  17.5g  11.6g R  94.1   9.3  13:08.95 nts	1687314430225
1009446 toao      20   0   31.5g  17.5g  11.6g R  94.1   9.3  13:09.47 nts	1687314430745
1009446 toao      20   0   31.5g  17.5g  11.6g R  94.1   9.3  13:09.64 nts	1687314430913
1009446 toao      20   0   31.5g  17.5g  11.6g R  1406   9.3  13:18.18 nts	1687314431457
1009446 toao      20   0   31.5g  17.5g  11.6g R 531.2   9.3  13:18.85 nts	1687314431602
1009446 toao      20   0   31.5g  17.5g  11.6g R  88.2   9.3  13:19.38 nts	1687314432136
1009446 toao      20   0   31.5g  17.5g  11.6g R 106.2   9.3  13:19.54 nts	1687314432287
1009446 toao      20   0   31.5g  17.5g  11.6g R 100.0   9.3  13:20.07 nts	1687314432817
1009446 toao      20   0   31.5g  17.5g  11.6g R  94.1   9.3  13:20.23 nts	1687314432973
1009446 toao      20   0   31.6g  17.6g  11.6g R  1965   9.4  13:24.13 nts	1687314433503
1009446 toao      20   0   31.5g  17.5g  11.6g R  2028   9.3  13:28.70 nts	1687314433697
1009446 toao      20   0   31.5g  17.5g  11.6g R 100.0   9.3  13:29.94 nts	1687314434228
1009446 toao      20   0   31.5g  17.5g  11.6g R 106.2   9.3  13:30.10 nts	1687314434380
1009446 toao      20   0   31.5g  17.5g  11.6g R 100.0   9.3  13:30.63 nts	1687314434916
1009446 toao      20   0   31.5g  17.5g  11.6g R 100.0   9.3  13:30.78 nts	1687314435067
1009446 toao      20   0   31.6g  17.5g  11.6g R 182.4   9.4  13:31.47 nts	1687314435604
1009446 toao      20   0   31.6g  17.6g  11.6g R 423.5   9.4  13:32.13 nts	1687314435753
1009446 toao      20   0   31.5g  17.5g  11.6g R 225.0   9.3  13:40.27 nts	1687314436289
1009446 toao      20   0   31.5g  17.5g  11.6g R  94.1   9.3  13:40.45 nts	1687314436463
1009446 toao      20   0   31.5g  17.5g  11.6g R 100.0   9.3  13:40.96 nts	1687314436974
1009446 toao      20   0   31.5g  17.5g  11.6g R 106.2   9.3  13:41.14 nts	1687314437153
1009446 toao      20   0   31.5g  17.5g  11.6g R 106.2   9.3  13:41.66 nts	1687314437662
1009446 toao      20   0   31.5g  17.5g  11.6g R 106.2   9.3  13:41.83 nts	1687314437838
1009446 toao      20   0   31.5g  17.5g  11.6g S  2005   9.3  13:50.20 nts	1687314438388
1009446 toao      20   0   31.5g  17.5g  11.6g R 487.5   9.3  13:50.82 nts	1687314438523
1009446 toao      20   0   31.5g  17.5g  11.6g R 100.0   9.3  13:51.40 nts	1687314439087
1009446 toao      20   0   31.5g  17.5g  11.6g R 100.0   9.3  13:51.53 nts	1687314439206
1009446 toao      20   0   31.5g  17.5g  11.6g R  94.1   9.3  13:52.09 nts	1687314439763
1009446 toao      20   0   31.5g  17.5g  11.6g R 100.0   9.3  13:52.23 nts	1687314439893
1009446 toao      20   0   31.6g  17.6g  11.6g R 958.8   9.4  13:54.42 nts	1687314440450
1009446 toao      20   0   31.6g  17.6g  11.6g R  2637   9.4  13:59.91 nts	1687314440636
1009446 toao      20   0   31.5g  17.5g  11.6g R 100.0   9.3  14:01.85 nts	1687314441171
1009446 toao      20   0   31.5g  17.5g  11.6g R 100.0   9.3  14:02.01 nts	1687314441334
1009446 toao      20   0   31.5g  17.5g  11.6g R  94.1   9.3  14:02.53 nts	1687314441860
1009446 toao      20   0   31.5g  17.5g  11.6g R 100.0   9.3  14:02.69 nts	1687314442021
1009446 toao      20   0   31.5g  17.5g  11.6g R 106.2   9.3  14:03.23 nts	1687314442549
1009446 toao      20   0   31.6g  17.5g  11.6g R 212.5   9.4  14:03.56 nts	1687314442708
1009446 toao      20   0   31.5g  17.5g  11.6g R 556.2   9.3  14:12.28 nts	1687314443238
1009446 toao      20   0   31.5g  17.5g  11.6g R 137.5   9.3  14:12.48 nts	1687314443389
1009446 toao      20   0   31.5g  17.5g  11.6g R  94.1   9.3  14:13.01 nts	1687314443913
1009446 toao      20   0   31.5g  17.5g  11.6g R 100.0   9.3  14:13.17 nts	1687314444076
1009446 toao      20   0   31.5g  17.5g  11.6g R 100.0   9.3  14:13.69 nts	1687314444600
1009446 toao      20   0   31.5g  17.5g  11.6g R 100.0   9.3  14:13.86 nts	1687314444766
1009446 toao      20   0   31.6g  17.6g  11.6g R  2711   9.4  14:21.80 nts	1687314445309
1009446 toao      20   0   31.5g  17.5g  11.6g R 964.7   9.3  14:22.83 nts	1687314445472
1009446 toao      20   0   31.5g  17.5g  11.6g R 106.2   9.3  14:23.68 nts	1687314446018
1009446 toao      20   0   31.5g  17.5g  11.6g R 106.2   9.3  14:23.82 nts	1687314446156
1009446 toao      20   0   31.5g  17.5g  11.6g R  94.1   9.3  14:24.36 nts	1687314446704
1009446 toao      20   0   31.5g  17.5g  11.6g R  94.1   9.3  14:24.50 nts	1687314446843
1009446 toao      20   0   31.6g  17.6g  11.6g R 864.7   9.4  14:26.36 nts	1687314447390
1009446 toao      20   0   31.6g  17.6g  11.6g R  3062   9.4  14:30.10 nts	1687314447533
1009446 toao      20   0   31.5g  17.5g  11.6g R 100.0   9.3  14:34.21 nts	1687314448133
1009446 toao      20   0   31.5g  17.5g  11.6g R  94.1   9.3  14:34.32 nts	1687314448245
1009446 toao      20   0   31.5g  17.5g  11.6g R  94.1   9.3  14:34.90 nts	1687314448824
1009446 toao      20   0   31.5g  17.5g  11.6g R 106.2   9.3  14:35.01 nts	1687314448932
1009446 toao      20   0   31.6g  17.5g  11.6g R 200.0   9.4  14:35.75 nts	1687314449512
1009446 toao      20   0   31.6g  17.6g  11.6g R 206.2   9.4  14:35.86 nts	1687314449618
1009446 toao      20   0   31.5g  17.5g  11.6g R 223.5   9.3  14:44.86 nts	1687314450203
1009446 toao      20   0   31.5g  17.5g  11.6g R 100.0   9.3  14:44.96 nts	1687314450307
1009446 toao      20   0   31.5g  17.5g  11.6g R 106.2   9.3  14:45.55 nts	1687314450890
1009446 toao      20   0   31.5g  17.5g  11.6g R 106.2   9.3  14:45.65 nts	1687314450989
1009446 toao      20   0   31.5g  17.5g  11.6g R 106.2   9.3  14:46.24 nts	1687314451577
1009446 toao      20   0   31.5g  17.5g  11.6g R 106.2   9.3  14:46.34 nts	1687314451677
1009446 toao      20   0   31.5g  17.5g  11.6g R  2418   9.3  14:54.59 nts	1687314452293
1009446 toao      20   0   31.5g  17.5g  11.6g R  1000   9.3  14:55.12 nts	1687314452369
1009446 toao      20   0   31.5g  17.5g  11.6g R 100.0   9.3  14:56.12 nts	1687314452952
1009446 toao      20   0   31.5g  17.5g  11.6g R 100.0   9.3  14:56.22 nts	1687314453052
1009446 toao      20   0   31.5g  17.5g  11.6g R 100.0   9.3  14:56.81 nts	1687314453640
1009446 toao      20   0   31.5g  17.5g  11.6g R 100.0   9.3  14:56.91 nts	1687314453739
1009446 toao      20   0   31.6g  17.6g  11.6g R 762.5   9.4  14:58.73 nts	1687314454328
1009446 toao      20   0   31.6g  17.6g  11.6g R  2394   9.4  15:01.68 nts	1687314454431
1009446 toao      20   0   31.5g  17.5g  11.6g R 106.2   9.3  15:06.84 nts	1687314455051
1009446 toao      20   0   31.5g  17.5g  11.6g R 106.2   9.3  15:06.95 nts	1687314455160
1009446 toao      20   0   31.5g  17.5g  11.6g R 106.2   9.3  15:07.53 nts	1687314455737
1009446 toao      20   0   31.5g  17.5g  11.6g R 100.0   9.3  15:07.63 nts	1687314455850
1009446 toao      20   0   31.5g  17.5g  11.6g R 100.0   9.3  15:08.21 nts	1687314456426
1009446 toao      20   0   31.6g  17.5g  11.6g R 200.0   9.4  15:08.48 nts	1687314456536
1009446 toao      20   0   31.5g  17.5g  11.6g R 535.3   9.3  15:17.41 nts	1687314457111
1009446 toao      20   0   31.5g  17.5g  11.6g R 141.2   9.3  15:17.52 nts	1687314457224
1009446 toao      20   0   31.5g  17.5g  11.6g R 106.2   9.3  15:18.10 nts	1687314457802
1009446 toao      20   0   31.5g  17.5g  11.6g R 100.0   9.3  15:18.21 nts	1687314457913
1009446 toao      20   0   31.5g  17.5g  11.6g R 100.0   9.3  15:18.78 nts	1687314458487
1009446 toao      20   0   31.5g  17.5g  11.6g R 100.0   9.3  15:18.89 nts	1687314458599
1009446 toao      20   0   31.6g  17.6g  11.6g R  2924   9.4  15:25.87 nts	1687314459184
1009446 toao      20   0   31.5g  17.5g  11.6g R  1306   9.3  15:27.50 nts	1687314459316
1009446 toao      20   0   31.5g  17.5g  11.6g R 106.2   9.3  15:28.42 nts	1687314459883
1009446 toao      20   0   31.5g  17.5g  11.6g R 106.2   9.3  15:28.54 nts	1687314460001
1009446 toao      20   0   31.5g  17.5g  11.6g R 100.0   9.3  15:29.10 nts	1687314460568
1009446 toao      20   0   31.5g  17.5g  11.6g R 100.0   9.3  15:29.22 nts	1687314460688
1009446 toao      20   0   31.6g  17.6g  11.6g R 212.5   9.4  15:29.96 nts	1687314461253
1009446 toao      20   0   31.6g  17.6g  11.6g R  2312   9.4  15:33.63 nts	1687314461377
1009446 toao      20   0   31.5g  17.5g  11.6g R 106.2   9.3  15:38.86 nts	1687314461940
1009446 toao      20   0   31.5g  17.5g  11.6g R 100.0   9.3  15:39.01 nts	1687314462096
1009446 toao      20   0   31.5g  17.5g  11.6g R 106.2   9.3  15:39.55 nts	1687314462630
1009446 toao      20   0   31.5g  17.5g  11.6g R  94.1   9.3  15:39.70 nts	1687314462785
1009446 toao      20   0   31.5g  17.5g  11.6g R 106.2   9.3  15:40.24 nts	1687314463317
1009446 toao      20   0   31.6g  17.5g  11.6g R 194.1   9.4  15:40.56 nts	1687314463474
1009446 toao      20   0   31.5g  17.5g  11.6g R 635.3   9.3  15:49.26 nts	1687314464032
1009446 toao      20   0   31.5g  17.5g  11.6g R 250.0   9.3  15:49.51 nts	1687314464163
1009446 toao      20   0   31.5g  17.5g  11.6g R  94.1   9.3  15:50.06 nts	1687314464713
1009446 toao      20   0   31.5g  17.5g  11.6g R 106.2   9.3  15:50.20 nts	1687314464848
1009446 toao      20   0   31.5g  17.5g  11.6g R 100.0   9.3  15:50.75 nts	1687314465401
1009446 toao      20   0   31.5g  17.5g  11.6g R 106.2   9.3  15:50.89 nts	1687314465537
1009446 toao      20   0   31.6g  17.6g  11.6g R  2981   9.4  15:56.23 nts	1687314466091
1009446 toao      20   0   31.5g  17.5g  11.6g S  1722   9.3  15:59.57 nts	1687314466249
1009446 toao      20   0   31.5g  17.5g  11.6g R  94.1   9.3  16:00.67 nts	1687314466803
1009446 toao      20   0   31.5g  17.5g  11.6g R  94.1   9.3  16:00.81 nts	1687314466944
1009446 toao      20   0   31.5g  17.5g  11.6g R  94.1   9.3  16:01.36 nts	1687314467492
1009446 toao      20   0   31.5g  17.5g  11.6g R 100.0   9.3  16:01.50 nts	1687314467633
1009446 toao      20   0   31.6g  17.6g  11.6g R 206.2   9.4  16:02.22 nts	1687314468181
1009446 toao      20   0   31.6g  17.6g  11.6g R  1562   9.4  16:04.69 nts	1687314468319
1009446 toao      20   0   31.5g  17.5g  11.6g R 106.2   9.3  16:10.93 nts	1687314468865
1009446 toao      20   0   31.5g  17.5g  11.6g R 100.0   9.3  16:11.07 nts	1687314469012
1009446 toao      20   0   31.5g  17.5g  11.6g R 100.0   9.3  16:11.61 nts	1687314469556
1009446 toao      20   0   31.5g  17.5g  11.6g R 106.2   9.3  16:11.76 nts	1687314469701
1009446 toao      20   0   31.5g  17.5g  11.6g R 100.0   9.3  16:12.31 nts	1687314470241
1009446 toao      20   0   31.6g  17.5g  11.6g R 194.1   9.4  16:12.61 nts	1687314470384
1009446 toao      20   0   31.5g  17.5g  11.6g R 600.0   9.3  16:21.54 nts	1687314470952
1009446 toao      20   0   31.5g  17.5g  11.6g R 218.8   9.3  16:21.70 nts	1687314471075
1009446 toao      20   0   31.5g  17.5g  11.6g R 106.2   9.3  16:22.27 nts	1687314471637
1009446 toao      20   0   31.5g  17.5g  11.6g R 106.2   9.3  16:22.39 nts	1687314471759
1009446 toao      20   0   31.5g  17.5g  11.6g R  94.1   9.3  16:22.95 nts	1687314472325
1009446 toao      20   0   31.5g  17.5g  11.6g R  94.1   9.3  16:23.07 nts	1687314472446
1009446 toao      20   0   31.6g  17.6g  11.6g R  2738   9.4  16:28.05 nts	1687314473011
1009446 toao      20   0   31.5g  17.5g  11.6g R  2444   9.3  16:31.61 nts	1687314473152
1009446 toao      20   0   31.5g  17.5g  11.6g R 106.2   9.3  16:32.97 nts	1687314473732
1009446 toao      20   0   31.5g  17.5g  11.6g R 100.0   9.3  16:33.08 nts	1687314473845
1009446 toao      20   0   31.5g  17.5g  11.6g R 100.0   9.3  16:33.65 nts	1687314474422
1009446 toao      20   0   31.5g  17.5g  11.6g R 100.0   9.3  16:33.76 nts	1687314474529
1009446 toao      20   0   31.6g  17.6g  11.6g R 212.5   9.4  16:34.52 nts	1687314475109
1009446 toao      20   0   31.6g  17.6g  11.6g R 987.5   9.4  16:36.05 nts	1687314475215
1009446 toao      20   0   31.5g  17.5g  11.6g R 100.0   9.3  16:43.55 nts	1687314475792
1009446 toao      20   0   31.5g  17.5g  11.6g R 100.0   9.3  16:43.70 nts	1687314475940
1009446 toao      20   0   31.5g  17.5g  11.6g R 100.0   9.3  16:44.24 nts	1687314476474
1009446 toao      20   0   31.5g  17.5g  11.6g R 100.0   9.3  16:44.39 nts	1687314476628
1009446 toao      20   0   31.5g  17.5g  11.6g R 100.0   9.3  16:44.92 nts	1687314477161
1009446 toao      20   0   31.6g  17.5g  11.6g R 212.5   9.4  16:45.26 nts	1687314477316
1009446 toao      20   0   31.5g  17.5g  11.6g R 550.0   9.3  16:54.03 nts	1687314477847
1009446 toao      20   0   31.5g  17.5g  11.6g R 131.2   9.3  16:54.23 nts	1687314478001
1009446 toao      20   0   31.5g  17.5g  11.6g R 100.0   9.3  16:54.76 nts	1687314478524
1009446 toao      20   0   31.5g  17.5g  11.6g R 100.0   9.3  16:54.92 nts	1687314478688
1009446 toao      20   0   31.5g  17.5g  11.6g R 100.0   9.3  16:55.44 nts	1687314479212
1009446 toao      20   0   31.5g  17.5g  11.6g R 106.2   9.3  16:55.61 nts	1687314479378
1009446 toao      20   0   31.5g  17.5g  11.6g R  2465   9.3  17:03.73 nts	1687314479916
1009446 toao      20   0   31.5g  17.5g  11.6g R 531.2   9.3  17:04.56 nts	1687314480067
1009446 toao      20   0   31.5g  17.5g  11.6g R 106.2   9.3  17:05.13 nts	1687314480605
1009446 toao      20   0   31.5g  17.5g  11.6g R 106.2   9.3  17:05.28 nts	1687314480753
1009446 toao      20   0   31.5g  17.5g  11.6g R 106.2   9.3  17:05.82 nts	1687314481288
1009446 toao      20   0   31.5g  17.5g  11.6g R  94.1   9.3  17:05.97 nts	1687314481442
1009446 toao      20   0   31.6g  17.6g  11.6g R  2050   9.4  17:09.78 nts	1687314481979
1009446 toao      20   0   31.5g  17.5g  11.6g R  2567   9.3  17:14.40 nts	1687314482161
1009446 toao      20   0   31.5g  17.5g  11.6g R  94.1   9.3  17:15.64 nts	1687314482704
1009446 toao      20   0   31.5g  17.5g  11.6g R  94.1   9.3  17:15.78 nts	1687314482844
1009446 toao      20   0   31.5g  17.5g  11.6g R  94.1   9.3  17:16.32 nts	1687314483394
1009446 toao      20   0   31.5g  17.5g  11.6g R 100.0   9.3  17:16.46 nts	1687314483527
1009446 toao      20   0   31.6g  17.5g  11.6g R 200.0   9.4  17:17.17 nts	1687314484078
1009446 toao      20   0   31.6g  17.6g  11.6g R 850.0   9.4  17:18.50 nts	1687314484212
1009446 toao      20   0   31.5g  17.5g  11.6g R 118.8   9.3  17:26.11 nts	1687314484768
1009446 toao      20   0   31.5g  17.5g  11.6g R  94.1   9.3  17:26.27 nts	1687314484933
1009446 toao      20   0   31.5g  17.5g  11.6g R 106.2   9.3  17:26.80 nts	1687314485460
1009446 toao      20   0   31.5g  17.5g  11.6g R  94.1   9.3  17:26.96 nts	1687314485623
1009446 toao      20   0   31.5g  17.5g  11.6g R  94.1   9.3  17:27.49 nts	1687314486151
1009446 toao      20   0   31.5g  17.5g  11.6g R  94.1   9.3  17:27.65 nts	1687314486313
1009446 toao      20   0   31.5g  17.5g  11.6g R 735.3   9.3  17:36.60 nts	1687314486872
1009446 toao      20   0   31.5g  17.5g  11.6g R 243.8   9.3  17:36.82 nts	1687314487006
1009446 toao      20   0   31.5g  17.5g  11.6g R 100.0   9.3  17:37.38 nts	1687314487558
1009446 toao      20   0   31.5g  17.5g  11.6g R 100.0   9.3  17:37.51 nts	1687314487686
1009446 toao      20   0   31.5g  17.5g  11.6g R  94.1   9.3  17:38.07 nts	1687314488244
1009446 toao      20   0   31.5g  17.5g  11.6g R 100.0   9.3  17:38.20 nts	1687314488378
1009446 toao      20   0   31.6g  17.6g  11.6g R  2626   9.4  17:45.87 nts	1687314488960
1009446 toao      20   0   31.5g  17.5g  11.6g S  1888   9.3  17:46.80 nts	1687314489088
1009446 toao      20   0   31.5g  17.5g  11.6g R 100.0   9.3  17:47.98 nts	1687314489680
1009446 toao      20   0   31.5g  17.5g  11.6g R 100.0   9.3  17:48.07 nts	1687314489764
1009446 toao      20   0   31.5g  17.5g  11.6g R 100.0   9.3  17:48.67 nts	1687314490367
1009446 toao      20   0   31.5g  17.5g  11.6g R 106.2   9.3  17:48.76 nts	1687314490453
1009446 toao      20   0   31.6g  17.6g  11.6g R 294.1   9.4  17:49.70 nts	1687314491054
1009446 toao      20   0   31.6g  17.6g  11.6g R  1694   9.4  17:52.16 nts	1687314491142
1009446 toao      20   0   31.5g  17.5g  11.6g R 100.0   9.3  17:58.42 nts	1687314491750
1009446 toao      20   0   31.5g  17.5g  11.6g R 106.2   9.3  17:58.53 nts	1687314491847
1009446 toao      20   0   31.5g  17.5g  11.6g R 106.2   9.3  17:59.12 nts	1687314492432
1009446 toao      20   0   31.5g  17.5g  11.6g R  94.1   9.3  17:59.21 nts	1687314492534
1009446 toao      20   0   31.5g  17.5g  11.6g R 100.0   9.3  17:59.81 nts	1687314493123
1009446 toao      20   0   31.5g  17.5g  11.6g R  94.1   9.3  17:59.90 nts	1687314493221
1009446 toao      20   0   31.5g  17.5g  11.6g R 476.5   9.3  18:08.82 nts	1687314493815
1009446 toao      20   0   31.5g  17.5g  11.6g R 217.6   9.3  18:08.95 nts	1687314493912
1009446 toao      20   0   31.5g  17.5g  11.6g R 100.0   9.3  18:09.53 nts	1687314494502
1009446 toao      20   0   31.5g  17.5g  11.6g R 100.0   9.3  18:09.64 nts	1687314494602
1009446 toao      20   0   31.5g  17.5g  11.6g R 100.0   9.3  18:10.22 nts	1687314495190
1009446 toao      20   0   31.5g  17.5g  11.6g R 100.0   9.3  18:10.32 nts	1687314495291
1009446 toao      20   0   31.5g  17.5g  11.6g R  2528   9.3  18:18.49 nts	1687314495904
1009446 toao      20   0   31.5g  17.5g  11.6g R  1371   9.3  18:19.10 nts	1687314496020
1009446 toao      20   0   31.5g  17.5g  11.6g R 106.2   9.3  18:19.88 nts	1687314496587
1009446 toao      20   0   31.5g  17.5g  11.6g R 100.0   9.3  18:19.99 nts	1687314496697
1009446 toao      20   0   31.5g  17.5g  11.6g R 100.0   9.3  18:20.56 nts	1687314497270
1009446 toao      20   0   31.5g  17.5g  11.6g R 106.2   9.3  18:20.68 nts	1687314497386
1009446 toao      20   0   31.6g  17.6g  11.6g R  1669   9.4  18:23.95 nts	1687314497956
1009446 toao      20   0   31.6g  17.6g  11.6g R  3024   9.4  18:27.66 nts	1687314498109
1009446 toao      20   0   31.5g  17.5g  11.6g R  94.1   9.3  18:30.09 nts	1687314498651
1009446 toao      20   0   31.5g  17.5g  11.6g R 106.2   9.3  18:30.22 nts	1687314498775
1009446 toao      20   0   31.5g  17.5g  11.6g R  94.1   9.3  18:30.78 nts	1687314499341
1009446 toao      20   0   31.5g  17.5g  11.6g R 100.0   9.3  18:30.90 nts	1687314499467
1009446 toao      20   0   31.6g  17.6g  11.6g R 218.8   9.4  18:31.65 nts	1687314500031
1009446 toao      20   0   31.6g  17.6g  11.6g R  2041   9.4  18:35.08 nts	1687314500153
1009446 toao      20   0   31.5g  17.5g  11.6g R 100.0   9.3  18:40.34 nts	1687314500715
1009446 toao      20   0   31.5g  17.5g  11.6g R 100.0   9.3  18:40.51 nts	1687314500873
1009446 toao      20   0   31.5g  17.5g  11.6g R 100.0   9.3  18:41.03 nts	1687314501401
1009446 toao      20   0   31.5g  17.5g  11.6g R 100.0   9.3  18:41.20 nts	1687314501565
1009446 toao      20   0   31.6g  17.5g  11.6g R 218.8   9.4  18:41.90 nts	1687314502088
1009446 toao      20   0   31.6g  17.6g  11.6g R 981.2   9.4  18:43.47 nts	1687314502254
1009446 toao      20   0   31.5g  17.5g  11.6g R 118.8   9.3  18:50.54 nts	1687314502774
1009446 toao      20   0   31.5g  17.5g  11.6g R 100.0   9.3  18:50.73 nts	1687314502977
1009446 toao      20   0   31.5g  17.5g  11.6g R 106.2   9.3  18:51.23 nts	1687314503461
1009446 toao      20   0   31.5g  17.5g  11.6g R 100.0   9.3  18:51.42 nts	1687314503658
1009446 toao      20   0   31.5g  17.5g  11.6g R 100.0   9.3  18:51.91 nts	1687314504151
1009446 toao      20   0   31.6g  17.6g  11.6g R 176.5   9.4  18:52.25 nts	1687314504346
1009446 toao      20   0   31.5g  17.5g  11.6g R 460.0   9.3  19:00.54 nts	1687314504838
1009446 toao      20   0   31.5g  17.5g  11.6g R 100.0   9.3  19:00.74 nts	1687314505033
1009446 toao      20   0   31.5g  17.5g  11.6g R 106.2   9.3  19:01.23 nts	1687314505514
1009446 toao      20   0   31.5g  17.5g  11.6g R 100.0   9.3  19:01.43 nts	1687314505721
1009446 toao      20   0   31.5g  17.5g  11.6g R 100.0   9.3  19:01.91 nts	1687314506200
1009446 toao      20   0   31.6g  17.5g  11.6g R 218.8   9.4  19:02.31 nts	1687314506409
1009446 toao      20   0   31.5g  17.5g  11.6g R 517.6   9.3  19:10.76 nts	1687314506912
1009446 toao      20   0   31.5g  17.5g  11.6g R 106.2   9.3  19:10.96 nts	1687314507099
1009446 toao      20   0   31.5g  17.5g  11.6g R 106.2   9.3  19:11.46 nts	1687314507597
1009446 toao      20   0   31.5g  17.5g  11.6g R 100.0   9.3  19:11.65 nts	1687314507785
1009446 toao      20   0   31.5g  17.5g  11.6g R 106.2   9.3  19:12.15 nts	1687314508286
1009446 toao      20   0   31.5g  17.5g  11.6g R 100.0   9.3  19:12.34 nts	1687314508473
1009446 toao      20   0   31.5g  17.5g  11.6g R  1774   9.3  19:20.70 nts	1687314508996
1009446 toao      20   0   31.5g  17.5g  11.6g R 218.8   9.3  19:20.92 nts	1687314509163
1009446 toao      20   0   31.5g  17.5g  11.6g R 100.0   9.3  19:21.45 nts	1687314509697
1009446 toao      20   0   31.5g  17.5g  11.6g R 106.2   9.3  19:21.61 nts	1687314509850
1009446 toao      20   0   31.6g  17.5g  11.6g R 735.3   9.4  19:29.68 nts	1687314510412
1009446 toao      20   0   31.6g  17.6g  11.6g R 468.8   9.4  19:30.39 nts	1687314510540
1009446 toao      20   0   31.6g  17.6g  11.6g R  2850   9.4  19:40.50 nts	1687314511095
1009446 toao      20   0   31.6g  17.5g  11.6g R 416.7   9.4  19:42.03 nts	1687314511285
1009446 toao      20   0   31.6g  17.6g  11.6g R 168.8   9.4  19:48.34 nts	1687314511787
1009446 toao      20   0   31.6g  17.6g  11.6g R  2965   9.4  19:53.79 nts	1687314511970
1009446 toao      20   0   31.6g  17.5g  11.6g R  1637   9.3  20:00.77 nts	1687314512488
1009446 toao      20   0   31.6g  17.6g  11.6g R 388.2   9.4  20:01.32 nts	1687314512663
1009446 toao      20   0   31.6g  17.6g  11.6g R  2038   9.4  20:10.36 nts	1687314513197
1009446 toao      20   0   31.6g  17.5g  11.6g R  1047   9.4  20:13.29 nts	1687314513380
1009446 toao      20   0   31.6g  17.6g  11.6g R 350.0   9.4  20:19.85 nts	1687314513910
1009446 toao      20   0   31.6g  17.6g  11.6g R  2400   9.4  20:23.94 nts	1687314514084
1009446 toao      20   0   31.5g  17.5g  11.6g S  1779   9.3  20:31.97 nts	1687314514628
1009446 toao      20   0   31.6g  17.6g  11.6g R 168.8   9.4  20:32.24 nts	1687314514804
1009446 toao      20   0   31.6g  17.6g  11.6g R  1944   9.4  20:41.38 nts	1687314515322
1009446 toao      20   0   31.6g  17.5g  11.6g R  1365   9.4  20:44.43 nts	1687314515520
1009446 toao      20   0   31.6g  17.6g  11.6g R 368.8   9.4  20:50.74 nts	1687314516038
1009446 toao      20   0   31.6g  17.6g  11.6g R  2144   9.4  20:54.16 nts	1687314516196
1009446 toao      20   0   31.5g  17.5g  11.6g S  1639   9.3  21:02.78 nts	1687314516741
1009446 toao      20   0   31.6g  17.6g  11.6g R 200.0   9.4  21:03.10 nts	1687314516906
1009446 toao      20   0   31.6g  17.6g  11.6g R  1935   9.4  21:12.51 nts	1687314517432
1009446 toao      20   0   31.6g  17.5g  11.6g R 427.8   9.4  21:15.35 nts	1687314517674
1009446 toao      20   0   31.6g  17.6g  11.6g R 182.4   9.4  21:21.66 nts	1687314518151
1009446 toao      20   0   31.5g  17.5g  11.6g R  2459   9.3  21:27.22 nts	1687314518368
1009446 toao      20   0   31.6g  17.5g  11.6g R 761.1   9.4  21:33.88 nts	1687314518884
1009446 toao      20   0   31.6g  17.6g  11.6g R 906.2   9.4  21:35.34 nts	1687314519056
1009446 toao      20   0   31.6g  17.6g  11.6g R  2388   9.4  21:44.03 nts	1687314519571
1009446 toao      20   0   31.6g  17.5g  11.6g R 461.1   9.4  21:46.31 nts	1687314519776
1009446 toao      20   0   31.6g  17.6g  11.6g R 168.8   9.4  21:52.56 nts	1687314520286
1009446 toao      20   0   31.6g  17.6g  11.6g R  3031   9.4  21:57.71 nts	1687314520469
1009446 toao      20   0   31.6g  17.5g  11.6g R 883.3   9.4  22:04.46 nts	1687314521012
1009446 toao      20   0   31.6g  17.6g  11.6g R 718.8   9.4  22:05.57 nts	1687314521158
1009446 toao      20   0   31.6g  17.6g  11.6g R  2912   9.4  22:15.68 nts	1687314521703
1009446 toao      20   0   31.6g  17.6g  11.6g R 337.5   9.4  22:16.79 nts	1687314521893
1009446 toao      20   0   31.6g  17.6g  11.6g R 537.5   9.4  22:23.62 nts	1687314522399
1009446 toao      20   0   31.5g  17.5g  11.6g R  2469   9.3  22:28.40 nts	1687314522592
1009446 toao      20   0   31.6g  17.5g  11.6g R 355.6   9.4  22:35.04 nts	1687314523128
1009446 toao      20   0   31.6g  17.6g  11.6g R 993.8   9.4  22:36.60 nts	1687314523271
1009446 toao      20   0   31.6g  17.6g  11.6g R  2982   9.4  22:46.46 nts	1687314523811
1009446 toao      20   0   31.6g  17.6g  11.6g R 358.8   9.4  22:47.41 nts	1687314523997
1009446 toao      20   0   31.6g  17.6g  11.6g R 162.5   9.4  22:53.63 nts	1687314524508
1009446 toao      20   0   31.5g  17.5g  11.6g R  2333   9.3  22:59.19 nts	1687314524708
1009446 toao      20   0   31.6g  17.5g  11.6g R  1359   9.4  23:05.81 nts	1687314525220
1009446 toao      20   0   31.6g  17.6g  11.6g R  1000   9.4  23:07.43 nts	1687314525396
1009446 toao      20   0   31.6g  17.6g  11.6g R  2375   9.4  23:15.83 nts	1687314525889
1009446 toao      20   0   31.6g  17.6g  11.6g R 393.8   9.4  23:18.12 nts	1687314526109
1009446 toao      20   0   31.6g  17.6g  11.6g R 187.5   9.4  23:24.33 nts	1687314526581
1009446 toao      20   0   31.5g  17.5g  11.6g R  2553   9.3  23:29.86 nts	1687314526808
1009446 toao      20   0   31.6g  17.5g  11.6g R  1435   9.4  23:36.31 nts	1687314527300
1009446 toao      20   0   31.6g  17.6g  11.6g R  1300   9.4  23:38.42 nts	1687314527476
1009446 toao      20   0   58.1g  18.4g  12.4g R 381.2   9.8  23:44.53 nts	1687314527967
1009446 toao      20   0   60.1g  18.7g  12.7g R 206.2  10.0  23:44.97 nts	1687314528191
1009446 toao      20   0   62.0g  20.1g  14.0g R 194.1  10.7  23:45.89 nts	1687314528653
1009446 toao      20   0   62.7g  20.4g  14.4g S 206.2  10.9  23:46.35 nts	1687314528879
1009446 toao      20   0   68.7g  20.5g  14.5g S 870.6  11.0  23:50.59 nts	1687314529339
1009446 toao      20   0   68.5g  20.6g  14.5g S 806.2  11.0  23:52.51 nts	1687314529566
1009446 toao      20   0   71.4g  20.6g  14.5g S  1119  11.0  23:57.52 nts	1687314530030
1009446 toao      20   0   71.5g  20.6g  14.5g S  1194  11.0  24:00.45 nts	1687314530269
1009446 toao      20   0   71.6g  20.7g  14.5g S  1150  11.0  24:05.18 nts	1687314530713
1009446 toao      20   0   70.9g  20.7g  14.5g S  1162  11.0  24:07.26 nts	1687314530957
1009446 toao      20   0   71.2g  20.8g  14.5g S  1206  11.1  24:12.71 nts	1687314531393
1009446 toao      20   0   71.3g  20.7g  14.5g S  1175  11.1  24:15.77 nts	1687314531641
1009446 toao      20   0   71.5g  20.7g  14.5g S  1200  11.1  24:21.11 nts	1687314532080
1009446 toao      20   0   71.6g  20.8g  14.5g S  1162  11.1  24:23.75 nts	1687314532323
1009446 toao      20   0   71.6g  20.9g  14.5g S  1194  11.1  24:29.29 nts	1687314532774
1009446 toao      20   0   71.6g  20.8g  14.5g S  1335  11.1  24:32.17 nts	1687314533005
1009446 toao      20   0   71.6g  20.8g  14.5g S  1212  11.1  24:37.82 nts	1687314533473
1009446 toao      20   0   71.7g  20.9g  14.5g S  1094  11.1  24:40.08 nts	1687314533697
1009446 toao      20   0   71.9g  20.9g  14.5g S  1041  11.2  24:45.61 nts	1687314534165
1009446 toao      20   0   72.0g  20.9g  14.5g S  1312  11.2  24:48.82 nts	1687314534386
1009446 toao      20   0   72.1g  20.9g  14.5g S  1269  11.2  24:54.22 nts	1687314534856
1009446 toao      20   0   72.1g  20.9g  14.5g S  1131  11.2  24:56.31 nts	1687314535077
1009446 toao      20   0   72.1g  20.9g  14.5g S  1431  11.2  25:02.16 nts	1687314535545
1009446 toao      20   0   72.1g  20.9g  14.5g S  1112  11.2  25:04.98 nts	1687314535765
1009446 toao      20   0   72.1g  20.9g  14.5g S  1106  11.2  25:10.31 nts	1687314536230
1009446 toao      20   0   72.1g  20.9g  14.5g S  1300  11.2  25:13.51 nts	1687314536454
1009446 toao      20   0   72.1g  20.9g  14.5g S  1339  11.2  25:19.87 nts	1687314536921
1009446 toao      20   0   72.1g  20.9g  14.5g S  1169  11.2  25:22.22 nts	1687314537139
1009446 toao      20   0   72.0g  20.9g  14.5g S  1462  11.1  25:28.52 nts	1687314537620
1009446 toao      20   0   72.1g  20.9g  14.5g S  1156  11.2  25:30.92 nts	1687314537830
1009446 toao      20   0   72.1g  20.9g  14.5g S  1276  11.2  25:37.39 nts	1687314538308
1009446 toao      20   0   72.1g  20.9g  14.5g S  1188  11.2  25:39.65 nts	1687314538517
1009446 toao      20   0   72.0g  20.9g  14.5g S  1176  11.1  25:46.09 nts	1687314539019
1009446 toao      20   0   72.1g  20.9g  14.5g S  1071  11.2  25:48.28 nts	1687314539203
1009446 toao      20   0   72.1g  20.9g  14.5g S  1331  11.2  25:54.96 nts	1687314539698
1009446 toao      20   0   72.1g  20.9g  14.5g S  1200  11.2  25:56.99 nts	1687314539887
1009446 toao      20   0   72.1g  20.9g  14.5g S  1306  11.2  26:03.72 nts	1687314540388
1009446 toao      20   0   72.0g  20.9g  14.5g S  1317  11.1  26:06.51 nts	1687314540587
1009446 toao      20   0   72.0g  20.9g  14.5g S  1231  11.1  26:13.24 nts	1687314541096
1009446 toao      20   0   72.1g  20.9g  14.5g S  1662  11.2  26:16.43 nts	1687314541279
1009446 toao      20   0   72.0g  20.9g  14.5g S  1838  11.1  26:24.92 nts	1687314541780
1009446 toao      20   0   72.0g  20.9g  14.5g S  1635  11.1  26:28.01 nts	1687314541971
1009446 toao      20   0   72.1g  20.9g  14.5g S  1756  11.2  26:36.37 nts	1687314542471
1009446 toao      20   0   72.1g  20.9g  14.5g S  1562  11.2  26:39.18 nts	1687314542659
1009446 toao      20   0   72.1g  20.9g  14.5g S  1582  11.2  26:47.87 nts	1687314543162
1009446 toao      20   0   72.0g  20.9g  14.5g S  1681  11.1  26:51.15 nts	1687314543359
1009446 toao      20   0   72.1g  20.9g  14.5g S  1181  11.2  26:58.96 nts	1687314543864
1009446 toao      20   0   72.1g  20.9g  14.5g S  1681  11.2  27:02.03 nts	1687314544042
1009446 toao      20   0   76.7g  20.9g  14.5g S  1731  11.2  27:10.17 nts	1687314544544
1009446 toao      20   0   74.9g  20.9g  14.5g S 741.2  11.2  27:12.51 nts	1687314544753
1009446 toao      20   0   75.2g  20.9g  14.5g S 587.5  11.2  27:16.56 nts	1687314545229
1009446 toao      20   0   78.3g  20.9g  14.5g S 994.1  11.1  27:19.13 nts	1687314545452
1009446 toao      20   0   78.3g  20.9g  14.5g S  1088  11.2  27:23.89 nts	1687314545915
1009446 toao      20   0   78.3g  20.9g  14.5g S  1012  11.1  27:26.55 nts	1687314546161
1009446 toao      20   0   78.3g  20.9g  14.5g S  1200  11.2  27:31.49 nts	1687314546597
1009446 toao      20   0   78.9g  20.9g  14.5g S  1156  11.1  27:34.51 nts	1687314546849
1009446 toao      20   0   79.0g  20.9g  14.5g S  1181  11.2  27:38.99 nts	1687314547282
1009446 toao      20   0   79.0g  20.9g  14.5g S  1181  11.2  27:42.34 nts	1687314547533
1009446 toao      20   0   79.0g  20.9g  14.5g S  1218  11.2  27:47.76 nts	1687314547973
1009446 toao      20   0   79.0g  20.9g  14.5g S  1206  11.2  27:50.92 nts	1687314548232
1009446 toao      20   0   79.0g  20.9g  14.5g S  1217  11.1  27:56.29 nts	1687314548662
1009446 toao      20   0   79.0g  20.9g  14.5g S  1065  11.2  27:58.82 nts	1687314548923
1009446 toao      20   0   79.0g  20.9g  14.5g S  1153  11.2  28:04.21 nts	1687314549364
1009446 toao      20   0   79.1g  20.9g  14.5g S  1169  11.1  28:07.25 nts	1687314549613
1009446 toao      20   0   79.2g  20.9g  14.5g S  1275  11.2  28:12.43 nts	1687314550059
1009446 toao      20   0   79.2g  20.9g  14.5g S  1181  11.2  28:15.09 nts	1687314550301
1009446 toao      20   0   79.2g  20.9g  14.5g S  1131  11.2  28:20.35 nts	1687314550744
1009446 toao      20   0   79.2g  20.9g  14.5g S  1147  11.2  28:23.47 nts	1687314550984
1009446 toao      20   0   79.1g  20.9g  14.5g S  1150  11.1  28:28.84 nts	1687314551429
1009446 toao      20   0   79.1g  20.9g  14.5g S  1371  11.1  28:32.19 nts	1687314551675
1009446 toao      20   0   79.2g  20.9g  14.5g S  1362  11.2  28:37.90 nts	1687314552119
1009446 toao      20   0   79.2g  20.9g  14.5g S  1350  11.2  28:41.10 nts	1687314552369
1009446 toao      20   0   79.2g  20.9g  14.5g S  1124  11.2  28:46.78 nts	1687314552811
1009446 toao      20   0   79.2g  20.9g  14.5g S  1344  11.2  28:50.17 nts	1687314553057
1009446 toao      20   0   79.2g  20.9g  14.5g S  1144  11.2  28:55.50 nts	1687314553501
1009446 toao      20   0   79.2g  20.9g  14.5g S  1325  11.2  28:58.89 nts	1687314553748
1009446 toao      20   0   79.2g  20.9g  14.5g S  1253  11.2  29:04.33 nts	1687314554201
1009446 toao      20   0   79.2g  20.9g  14.5g S  1356  11.2  29:07.62 nts	1687314554440
1009446 toao      20   0   79.1g  20.9g  14.5g S  1318  11.1  29:13.46 nts	1687314554895
1009446 toao      20   0   79.2g  20.9g  14.5g S  1144  11.2  29:16.34 nts	1687314555132
1009446 toao      20   0   79.1g  20.9g  14.5g S  1594  11.2  29:22.42 nts	1687314555581
1009446 toao      20   0   79.2g  20.9g  14.5g S  1175  11.2  29:25.15 nts	1687314555830
1009446 toao      20   0   79.1g  20.9g  14.5g S  1294  11.1  29:31.45 nts	1687314556268
1009446 toao      20   0   79.1g  20.9g  14.5g S  1435  11.1  29:34.70 nts	1687314556513
1009446 toao      20   0   79.2g  20.9g  14.5g S  1856  11.2  29:42.42 nts	1687314556966
1009446 toao      20   0   79.1g  20.9g  14.5g S  1541  11.2  29:46.34 nts	1687314557202
1009446 toao      20   0   79.1g  20.9g  14.5g S  1441  11.2  29:53.60 nts	1687314557656
1009446 toao      20   0   79.6g  20.9g  14.5g S  1800  11.2  29:57.79 nts	1687314557898
1009446 toao      20   0   79.7g  20.9g  14.5g S  1788  11.2  30:05.26 nts	1687314558347
1009446 toao      20   0   79.1g  20.9g  14.5g S  1647  11.2  30:09.62 nts	1687314558604
1009446 toao      20   0   79.2g  20.9g  14.5g S  1606  11.2  30:16.77 nts	1687314559043
1009446 toao      20   0   79.2g  20.9g  14.5g S  1700  11.2  30:21.04 nts	1687314559299
1009446 toao      20   0   79.1g  20.9g  14.5g S  1629  11.2  30:28.76 nts	1687314559757
1009446 toao      20   0   79.1g  20.9g  14.5g S  1744  11.1  30:33.18 nts	1687314560013
1009446 toao      20   0   77.6g  20.9g  14.5g S  1065  11.2  30:38.55 nts	1687314560442
1009446 toao      20   0   78.5g  20.9g  14.5g S  1169  11.2  30:40.79 nts	1687314560698
1009446 toao      20   0   78.9g  20.9g  14.5g S  1212  11.2  30:45.06 nts	1687314561130
1009446 toao      20   0   79.1g  20.9g  14.5g S  1062  11.1  30:47.87 nts	1687314561388
1009446 toao      20   0   79.2g  20.9g  14.5g S  1200  11.2  30:52.75 nts	1687314561821
1009446 toao      20   0   75.8g  20.9g  14.5g S 656.2  11.2  30:55.00 nts	1687314562068
1009446 toao      20   0   78.5g  20.9g  14.5g S  1162  11.1  31:00.02 nts	1687314562506
1009446 toao      20   0   78.7g  20.9g  14.5g S  1082  11.2  31:02.53 nts	1687314562754
1009446 toao      20   0   78.9g  20.9g  14.5g S  1175  11.2  31:07.95 nts	1687314563194
1009446 toao      20   0   78.9g  20.9g  14.5g S  1250  11.1  31:11.02 nts	1687314563440
1009446 toao      20   0   78.9g  20.9g  14.5g S  1365  11.2  31:16.24 nts	1687314563876
1009446 toao      20   0   79.2g  20.9g  14.5g S  1169  11.2  31:18.92 nts	1687314564126
1009446 toao      20   0   79.2g  20.9g  14.5g S  1162  11.2  31:24.23 nts	1687314564567
1009446 toao      20   0   79.2g  20.9g  14.5g S  1250  11.2  31:27.27 nts	1687314564814
1009446 toao      20   0   76.4g  20.9g  14.5g S 612.5  11.2  31:31.78 nts	1687314565261
1009446 toao      20   0   79.1g  20.9g  14.5g S  1088  11.2  31:34.89 nts	1687314565496
1009446 toao      20   0   79.0g  20.9g  14.5g S  1000  11.1  31:39.99 nts	1687314565948
1009446 toao      20   0   79.4g  20.9g  14.5g S  1144  11.2  31:42.63 nts	1687314566189
1009446 toao      20   0   79.4g  20.9g  14.5g S  1129  11.2  31:48.03 nts	1687314566636
1009446 toao      20   0   76.8g  20.9g  14.5g S 600.0  11.2  31:50.12 nts	1687314566871
1009446 toao      20   0   79.2g  20.9g  14.5g S  1150  11.2  31:55.39 nts	1687314567321
1009446 toao      20   0   78.3g  20.9g  14.5g S  1269  11.2  31:57.58 nts	1687314567560
1009446 toao      20   0   78.4g  20.9g  14.5g S  1338  11.2  32:03.65 nts	1687314568007
1009446 toao      20   0   77.4g  20.9g  14.5g S  1025  11.1  32:05.79 nts	1687314568262
1009446 toao      20   0   77.8g  20.9g  14.5g S  1156  11.2  32:11.42 nts	1687314568705
1009446 toao      20   0   78.1g  20.9g  14.5g S  1269  11.2  32:14.65 nts	1687314568947
1009446 toao      20   0   78.6g  20.9g  14.5g S  1181  11.2  32:20.08 nts	1687314569397
1009446 toao      20   0   78.6g  20.9g  14.5g S  1212  11.2  32:23.35 nts	1687314569635
1009446 toao      20   0   78.8g  20.9g  14.5g S  1169  11.2  32:28.74 nts	1687314570080
1009446 toao      20   0   78.8g  20.9g  14.5g S  1294  11.2  32:32.01 nts	1687314570322
1009446 toao      20   0   78.8g  20.9g  14.5g S  1388  11.2  32:37.87 nts	1687314570760
1009446 toao      20   0   78.8g  20.9g  14.5g S  1175  11.2  32:40.70 nts	1687314570999
1009446 toao      20   0   75.8g  20.9g  14.5g S  1094  11.2  32:46.11 nts	1687314571454
1009446 toao      20   0   78.3g  20.9g  14.5g S  1381  11.2  32:49.38 nts	1687314571701
1009446 toao      20   0   78.8g  20.9g  14.5g S  1325  11.2  32:55.07 nts	1687314572141
1009446 toao      20   0   78.8g  20.9g  14.5g S  1344  11.2  32:58.36 nts	1687314572382
1009446 toao      20   0   78.8g  20.9g  14.5g S  1553  11.2  33:04.82 nts	1687314572825
1009446 toao      20   0   78.8g  20.9g  14.5g S  1806  11.2  33:09.01 nts	1687314573069
1009446 toao      20   0   78.7g  20.9g  14.5g S  1529  11.1  33:16.02 nts	1687314573519
1009446 toao      20   0   78.7g  20.9g  14.5g S  1650  11.1  33:19.67 nts	1687314573760
1009446 toao      20   0   78.8g  20.9g  14.5g S  1565  11.2  33:27.08 nts	1687314574215
1009446 toao      20   0   78.7g  20.9g  14.5g S  1644  11.2  33:30.97 nts	1687314574449
1009446 toao      20   0   78.7g  20.9g  14.5g S  1489  11.2  33:37.85 nts	1687314574928
1009446 toao      20   0   78.8g  20.9g  14.5g S  1738  11.2  33:41.58 nts	1687314575142
1009446 toao      20   0   78.8g  20.9g  14.5g S  1624  11.2  33:49.14 nts	1687314575610
1009446 toao      20   0   78.8g  20.9g  14.5g S  1612  11.2  33:52.88 nts	1687314575825
1009446 toao      20   0   78.1g  20.9g  14.5g S  1618  11.2  34:00.59 nts	1687314576311
1009446 toao      20   0       0      0      0 Z 125.0   0.0  34:01.52 nts	1687314576512
1009446 toao      20   0       0      0      0 Z 100.0   0.0  34:02.02 nts	1687314577008
1009446 toao      20   0       0      0      0 Z 100.0   0.0  34:02.21 nts	1687314577199
1009446 toao      20   0       0      0      0 Z  68.8   0.0  34:02.65 nts	1687314577697
1009446 toao      20   0       0      0      0 Z 100.0   0.0  34:02.84 nts	1687314577888
1009446 toao      20   0       0      0      0 Z 100.0   0.0  34:03.34 nts	1687314578389
1009446 toao      20   0       0      0      0 Z 106.2   0.0  34:03.53 nts	1687314578578
1009446 toao      20   0       0      0      0 Z  94.1   0.0  34:04.03 nts	1687314579083
1009446 toao      20   0       0      0      0 Z 100.0   0.0  34:04.22 nts	1687314579271
