3375126 toao      20   0 2487336 100872  68784 R 100.0   0.1   0:00.20 nts	1693221532815
3375126 toao      20   0 8370196 217300 117712 R  7753   0.2   0:29.46 nts	1693221533554
3375126 toao      20   0 8462428 281728 117952 R 200.0   0.2   0:59.07 nts	1693221534265
3375126 toao      20   0 8462428 281728 117952 R 205.9   0.2   1:00.48 nts	1693221534972
3375126 toao      20   0 8462428 281728 117952 R 200.0   0.2   1:01.87 nts	1693221535682
3375126 toao      20   0 8462428 281728 117952 R 200.0   0.2   1:03.26 nts	1693221536384
3375126 toao      20   0 8462428 281728 117952 R 200.0   0.2   1:04.66 nts	1693221537087
3375126 toao      20   0 8462428 295984 117952 R 200.0   0.2   1:06.06 nts	1693221537790
3375126 toao      20   0 8462428 301000 117952 R 200.0   0.2   1:07.45 nts	1693221538491
3375126 toao      20   0 8462428 301000 117952 R 206.2   0.2   1:08.84 nts	1693221539194
3375126 toao      20   0 8462428 301000 117952 R 200.0   0.2   1:10.24 nts	1693221539894
3375126 toao      20   0 8462428 301000 117952 R 200.0   0.2   1:11.64 nts	1693221540598
3375126 toao      20   0 9720188 594848 118072 R  1012   0.5   1:17.35 nts	1693221541298
3375126 toao      20   0 9720188 597188 118072 R 970.6   0.5   1:25.28 nts	1693221542003
3375126 toao      20   0 9720188 721012 118072 R  1171   0.5   1:33.35 nts	1693221542712
3375126 toao      20   0 9720188 833640 118072 R  1128   0.6   1:41.54 nts	1693221543422
3375126 toao      20   0 9720188 833640 118072 R  1229   0.6   1:50.47 nts	1693221544128
3375126 toao      20   0   13.3g 837388 118208 R 212.5   0.6   1:55.77 nts	1693221544828
3375126 toao      20   0   13.3g 837916 118208 R 206.2   0.6   1:57.16 nts	1693221545522
3375126 toao      20   0   13.3g 838180 118208 R 200.0   0.6   1:58.57 nts	1693221546224
3375126 toao      20   0   13.3g 838708 118208 R 200.0   0.6   1:59.98 nts	1693221546929
3375126 toao      20   0   13.3g 840028 118208 R 211.8   0.6   2:01.40 nts	1693221547633
3375126 toao      20   0   13.3g 841612 118208 R 200.0   0.6   2:02.80 nts	1693221548345
3375126 toao      20   0   13.3g 843724 118208 R 200.0   0.6   2:04.19 nts	1693221549049
3375126 toao      20   0   13.3g 846100 118208 R 205.9   0.6   2:05.60 nts	1693221549748
3375126 toao      20   0   13.3g 848476 118208 R 188.2   0.6   2:06.98 nts	1693221550452
3375126 toao      20   0   13.3g 851116 118208 R 200.0   0.6   2:08.38 nts	1693221551148
3375126 toao      20   0   13.3g 853756 118208 R 194.1   0.6   2:09.77 nts	1693221551846
3375126 toao      20   0   13.3g 856396 118208 R 194.1   0.7   2:11.16 nts	1693221552546
3375126 toao      20   0   13.3g 857188 118208 R 194.1   0.7   2:12.55 nts	1693221553240
3375126 toao      20   0   13.3g 858508 118208 R 212.5   0.7   2:13.95 nts	1693221553943
3375126 toao      20   0   13.3g 862996 118208 R 212.5   0.7   2:15.34 nts	1693221554643
3375126 toao      20   0   13.3g 867484 118208 R 218.8   0.7   2:16.75 nts	1693221555343
3375126 toao      20   0   13.3g 871972 118208 R 200.0   0.7   2:18.14 nts	1693221556042
3375126 toao      20   0   14.5g 945028 118208 R 647.1   0.7   2:20.23 nts	1693221556748
3375126 toao      20   0   14.5g   1.0g 118208 R 423.5   0.8   2:23.56 nts	1693221557448
3375126 toao      20   0   14.5g   1.1g 118208 R 570.6   0.8   2:26.81 nts	1693221558152
3375126 toao      20   0   14.5g   1.2g 118208 R 488.2   0.9   2:30.20 nts	1693221558861
3375126 toao      20   0   14.5g   1.3g 118208 R 717.6   1.0   2:34.09 nts	1693221559565
3375126 toao      20   0   18.6g   1.4g 118208 R 905.9   1.1   2:38.97 nts	1693221560266
3375126 toao      20   0   18.6g   1.4g 118208 R  94.1   1.1   2:39.66 nts	1693221560960
3375126 toao      20   0   18.6g   1.4g 118208 R 112.5   1.1   2:40.37 nts	1693221561662
3375126 toao      20   0   18.6g   1.4g 118208 R 105.9   1.1   2:41.07 nts	1693221562361
3375126 toao      20   0   19.1g   1.7g 118208 R  94.1   1.3   2:41.76 nts	1693221563059
3375126 toao      20   0   19.1g   1.7g 118208 R 100.0   1.3   2:42.46 nts	1693221563758
3375126 toao      20   0   19.1g   1.7g 118208 R 105.9   1.3   2:43.17 nts	1693221564459
3375126 toao      20   0   19.1g   1.7g 118208 R 105.9   1.3   2:43.87 nts	1693221565158
3375126 toao      20   0   19.1g   1.7g 118208 R  94.1   1.3   2:44.56 nts	1693221565858
3375126 toao      20   0   19.1g   1.7g 118208 R  94.1   1.3   2:45.26 nts	1693221566563
3375126 toao      20   0   19.1g   1.7g 118208 R  94.1   1.3   2:45.96 nts	1693221567258
3375126 toao      20   0   19.1g   1.7g 118208 R 100.0   1.3   2:46.66 nts	1693221567958
3375126 toao      20   0   19.1g   1.7g 118208 R 100.0   1.3   2:47.36 nts	1693221568654
3375126 toao      20   0   19.1g   1.9g 118208 R  94.1   1.5   2:48.06 nts	1693221569359
3375126 toao      20   0   19.1g   1.9g 118208 R 100.0   1.5   2:48.76 nts	1693221570054
3375126 toao      20   0   19.1g   1.9g 118208 R 105.9   1.5   2:49.46 nts	1693221570755
3375126 toao      20   0   19.1g   1.9g 118208 R 100.0   1.5   2:50.16 nts	1693221571454
3375126 toao      20   0   19.1g   1.9g 118208 R  94.1   1.5   2:50.85 nts	1693221572154
3375126 toao      20   0   19.1g   1.9g 118208 R 105.9   1.5   2:51.56 nts	1693221572851
3375126 toao      20   0   19.1g   1.9g 118208 R 100.0   1.5   2:52.26 nts	1693221573553
3375126 toao      20   0   19.1g   1.9g 118208 R 100.0   1.5   2:52.96 nts	1693221574259
3375126 toao      20   0   19.1g   1.9g 118208 R 100.0   1.5   2:53.66 nts	1693221574959
3375126 toao      20   0   19.1g   1.9g 118208 R 100.0   1.5   2:54.36 nts	1693221575660
3375126 toao      20   0   28.2g   2.2g 232924 R 100.0   1.8   2:56.13 nts	1693221576361
3375126 toao      20   0   29.1g   3.0g 356628 R 100.0   2.4   2:56.83 nts	1693221577057
3375126 toao      20   0   30.1g   3.8g 497576 R 100.0   3.0   2:57.53 nts	1693221577762
3375126 toao      20   0   30.9g   4.6g 531388 R 106.2   3.6   2:58.23 nts	1693221578464
3375126 toao      20   0   30.9g   4.6g 531388 R 106.2   3.6   2:58.93 nts	1693221579162
3375126 toao      20   0   31.9g   5.5g   1.4g R 100.0   4.4   2:59.63 nts	1693221579864
3375126 toao      20   0   31.9g   5.5g   1.4g R 100.0   4.4   3:00.34 nts	1693221580565
3375126 toao      20   0   31.9g   5.5g   1.4g R  94.1   4.4   3:01.03 nts	1693221581271
3375126 toao      20   0   31.9g   5.5g   1.4g R 100.0   4.4   3:01.74 nts	1693221581971
3375126 toao      20   0   31.9g   5.5g   1.4g R 100.0   4.4   3:02.44 nts	1693221582671
3375126 toao      20   0   31.9g   5.5g   1.4g R 100.0   4.4   3:03.15 nts	1693221583375
3375126 toao      20   0   31.9g   5.5g   1.4g R 100.0   4.4   3:03.85 nts	1693221584079
3375126 toao      20   0   31.9g   5.5g   1.4g R 105.9   4.4   3:04.56 nts	1693221584782
3375126 toao      20   0   31.9g   5.5g   1.4g R 100.0   4.4   3:05.26 nts	1693221585487
3375126 toao      20   0   31.9g   5.5g   1.4g R  94.1   4.4   3:05.95 nts	1693221586186
3375126 toao      20   0   31.9g   5.5g   1.4g R 105.9   4.4   3:06.66 nts	1693221586886
3375126 toao      20   0   31.9g   5.5g   1.4g R 100.0   4.4   3:07.36 nts	1693221587587
3375126 toao      20   0   31.9g   5.5g   1.4g R 100.0   4.4   3:08.06 nts	1693221588289
3375126 toao      20   0   31.9g   5.5g   1.4g R 100.0   4.4   3:08.76 nts	1693221588991
3375126 toao      20   0   31.9g   5.5g   1.4g R 100.0   4.4   3:09.46 nts	1693221589694
3375126 toao      20   0   31.9g   5.5g   1.4g R 100.0   4.4   3:10.16 nts	1693221590395
3375126 toao      20   0   31.9g   5.5g   1.4g R 100.0   4.4   3:10.86 nts	1693221591094
3375126 toao      20   0   31.9g   5.5g   1.4g R 100.0   4.4   3:11.56 nts	1693221591794
3375126 toao      20   0   31.9g   5.5g   1.4g R 100.0   4.4   3:12.26 nts	1693221592495
3375126 toao      20   0   31.9g   5.5g   1.4g R 100.0   4.4   3:12.96 nts	1693221593195
3375126 toao      20   0   31.9g   5.5g   1.4g R 100.0   4.4   3:13.66 nts	1693221593888
3375126 toao      20   0   31.9g   5.5g   1.4g R 100.0   4.4   3:14.36 nts	1693221594587
3375126 toao      20   0   31.9g   5.5g   1.4g R 100.0   4.4   3:15.06 nts	1693221595288
3375126 toao      20   0   31.9g   5.5g   1.4g R 100.0   4.4   3:15.76 nts	1693221595990
3375126 toao      20   0   31.9g   5.5g   1.4g R  94.1   4.4   3:16.46 nts	1693221596691
3375126 toao      20   0   31.9g   5.5g   1.4g R 100.0   4.4   3:17.16 nts	1693221597390
3375126 toao      20   0   31.9g   5.5g   1.4g R  94.4   4.4   3:17.87 nts	1693221598091
3375126 toao      20   0   31.9g   5.5g   1.4g R 100.0   4.4   3:18.58 nts	1693221598803
3375126 toao      20   0   31.9g   5.5g   1.4g R 100.0   4.4   3:19.28 nts	1693221599508
3375126 toao      20   0   31.9g   5.5g   1.4g R 100.0   4.4   3:19.98 nts	1693221600211
3375126 toao      20   0   31.9g   5.5g   1.4g R 100.0   4.4   3:20.68 nts	1693221600911
3375126 toao      20   0   31.9g   5.5g   1.4g R 100.0   4.4   3:21.39 nts	1693221601613
3375126 toao      20   0   31.9g   5.5g   1.4g R 100.0   4.4   3:22.09 nts	1693221602318
3375126 toao      20   0   31.9g   5.5g   1.4g R 100.0   4.4   3:22.79 nts	1693221603019
3375126 toao      20   0   31.9g   5.5g   1.4g R 106.2   4.4   3:23.50 nts	1693221603723
3375126 toao      20   0   31.9g   5.5g   1.4g R 100.0   4.4   3:24.19 nts	1693221604423
3375126 toao      20   0   31.9g   5.5g   1.4g R 106.2   4.4   3:24.90 nts	1693221605123
3375126 toao      20   0   31.9g   5.5g   1.4g R 106.2   4.4   3:25.59 nts	1693221605822
3375126 toao      20   0   31.9g   5.5g   1.4g R 100.0   4.4   3:26.30 nts	1693221606521
3375126 toao      20   0   31.9g   5.5g   1.4g R 106.2   4.4   3:26.99 nts	1693221607224
3375126 toao      20   0   31.9g   5.5g   1.4g R 106.2   4.4   3:27.69 nts	1693221607924
3375126 toao      20   0   31.9g   5.5g   1.4g R 100.0   4.4   3:28.40 nts	1693221608624
3375126 toao      20   0   31.9g   5.5g   1.4g R 100.0   4.4   3:29.10 nts	1693221609327
3375126 toao      20   0   31.9g   5.5g   1.4g R 100.0   4.4   3:29.80 nts	1693221610027
3375126 toao      20   0   31.9g   5.5g   1.4g R 100.0   4.4   3:30.51 nts	1693221610731
3375126 toao      20   0   31.9g   5.5g   1.4g R 100.0   4.4   3:31.20 nts	1693221611435
3375126 toao      20   0   31.9g   5.5g   1.4g R 100.0   4.4   3:31.91 nts	1693221612135
3375126 toao      20   0   31.9g   5.5g   1.4g R 100.0   4.4   3:32.61 nts	1693221612839
3375126 toao      20   0   31.9g   5.5g   1.4g R 106.2   4.4   3:33.31 nts	1693221613542
3375126 toao      20   0   31.9g   5.5g   1.4g R 106.2   4.4   3:34.01 nts	1693221614242
3375126 toao      20   0   31.9g   5.5g   1.4g R 106.2   4.4   3:34.72 nts	1693221614942
3375126 toao      20   0   31.9g   5.5g   1.4g R 100.0   4.4   3:35.42 nts	1693221615642
3375126 toao      20   0   31.9g   5.5g   1.4g R 106.2   4.4   3:36.12 nts	1693221616343
3375126 toao      20   0   31.9g   5.5g   1.4g R 106.2   4.4   3:36.81 nts	1693221617043
3375126 toao      20   0   31.9g   5.5g   1.4g R 106.2   4.4   3:37.52 nts	1693221617742
3375126 toao      20   0   31.9g   5.5g   1.4g R 105.9   4.4   3:38.22 nts	1693221618442
3375126 toao      20   0   31.9g   5.5g   1.4g R  94.1   4.4   3:38.92 nts	1693221619143
3375126 toao      20   0   31.9g   5.5g   1.4g R 100.0   4.4   3:39.62 nts	1693221619851
3375126 toao      20   0   31.9g   5.5g   1.4g R  88.2   4.4   3:40.31 nts	1693221620552
3375126 toao      20   0   34.5g   5.6g   1.4g S  2029   4.4   3:55.95 nts	1693221621253
3375126 toao      20   0   34.6g   5.6g   1.4g R  4000   4.4   4:17.65 nts	1693221621960
3375126 toao      20   0   34.6g   5.6g   1.4g R  4076   4.4   4:35.98 nts	1693221622653
3375126 toao      20   0   34.6g   5.6g   1.4g R  3400   4.4   4:54.91 nts	1693221623353
3375126 toao      20   0   34.6g   5.6g   1.4g R 688.2   4.4   5:12.57 nts	1693221624054
3375126 toao      20   0   34.6g   5.6g   1.4g R  4653   4.4   5:32.98 nts	1693221624758
3375126 toao      20   0   34.6g   5.6g   1.4g R 658.8   4.4   5:47.04 nts	1693221625467
3375126 toao      20   0   34.6g   5.6g   1.4g S  4088   4.4   6:07.89 nts	1693221626167
3375126 toao      20   0   34.6g   5.6g   1.4g R  1294   4.4   6:22.32 nts	1693221626864
3375126 toao      20   0   34.6g   5.6g   1.4g R  3047   4.4   6:43.12 nts	1693221627557
3375126 toao      20   0   34.6g   5.6g   1.4g R  4171   4.4   7:02.75 nts	1693221628256
3375126 toao      20   0   34.6g   5.6g   1.4g R  3738   4.4   7:22.11 nts	1693221628951
3375126 toao      20   0   34.6g   5.6g   1.4g R 288.2   4.4   7:38.51 nts	1693221629660
3375126 toao      20   0   34.6g   5.6g   1.4g R  2676   4.4   7:59.12 nts	1693221630352
3375126 toao      20   0   34.6g   5.6g   1.4g S  3524   4.4   8:17.19 nts	1693221631057
3375126 toao      20   0   34.6g   5.6g   1.4g R 847.1   4.4   8:34.78 nts	1693221631751
3375126 toao      20   0   34.6g   5.6g   1.4g R  2676   4.4   8:52.14 nts	1693221632454
3375126 toao      20   0   34.6g   5.6g   1.4g S  2559   4.4   9:09.37 nts	1693221633157
3375126 toao      20   0   34.6g   5.6g   1.4g S  3665   4.4   9:26.99 nts	1693221633852
3375126 toao      20   0   34.6g   5.6g   1.4g R  1381   4.4   9:44.27 nts	1693221634546
3375126 toao      20   0   34.6g   5.6g   1.4g R  3635   4.4  10:05.26 nts	1693221635246
3375126 toao      20   0   34.6g   5.6g   1.4g R  1718   4.4  10:19.52 nts	1693221635940
3375126 toao      20   0   34.6g   5.6g   1.4g R  2794   4.4  10:39.70 nts	1693221636639
3375126 toao      20   0   34.6g   5.6g   1.4g R  2750   4.4  10:56.36 nts	1693221637331
3375126 toao      20   0   83.0g   6.1g   1.9g R 100.0   4.8  11:07.57 nts	1693221638034
3375126 toao      20   0   85.5g   7.0g   2.9g R 206.2   5.6  11:08.91 nts	1693221638732
3375126 toao      20   0   90.9g   7.5g   3.4g S  2053   6.0  11:14.24 nts	1693221639435
3375126 toao      20   0   93.3g   7.6g   3.4g S  1535   6.0  11:24.83 nts	1693221640134
3375126 toao      20   0   93.7g   7.6g   3.4g S  1553   6.0  11:35.38 nts	1693221640835
3375126 toao      20   0   93.8g   7.6g   3.4g S  1565   6.0  11:45.66 nts	1693221641539
3375126 toao      20   0   93.8g   7.6g   3.4g S  1512   6.0  11:55.94 nts	1693221642239
3375126 toao      20   0   93.9g   7.6g   3.4g S  1329   6.0  12:05.67 nts	1693221642938
3375126 toao      20   0   94.5g   7.6g   3.4g S  1300   6.0  12:15.93 nts	1693221643639
3375126 toao      20   0   94.4g   7.6g   3.4g S  1444   6.0  12:25.94 nts	1693221644342
3375126 toao      20   0   94.4g   7.6g   3.4g S  1547   6.0  12:36.44 nts	1693221645047
3375126 toao      20   0   94.4g   7.6g   3.4g S  1512   6.0  12:46.95 nts	1693221645746
3375126 toao      20   0  111.5g   7.5g   3.4g S  1424   6.0  12:57.33 nts	1693221646446
3375126 toao      20   0  113.5g   7.6g   3.4g S  1224   6.0  13:05.93 nts	1693221647146
3375126 toao      20   0  113.1g   7.5g   3.4g S  1388   6.0  13:16.52 nts	1693221647846
3375126 toao      20   0  113.5g   7.6g   3.4g S  1553   6.0  13:27.07 nts	1693221648546
3375126 toao      20   0  113.5g   7.6g   3.4g S  1524   6.0  13:37.70 nts	1693221649246
3375126 toao      20   0  113.5g   7.6g   3.4g S  1541   6.0  13:48.31 nts	1693221649948
3375126 toao      20   0  113.5g   7.6g   3.4g S  1565   6.0  13:58.93 nts	1693221650648
3375126 toao      20   0  113.5g   7.6g   3.4g S  1453   6.0  14:09.22 nts	1693221651346
3375126 toao      20   0  113.5g   7.6g   3.4g S  1553   6.0  14:19.94 nts	1693221652045
3375126 toao      20   0  113.5g   7.6g   3.4g S  1529   6.0  14:30.54 nts	1693221652751
3375126 toao      20   0  113.5g   7.6g   3.4g S  1547   6.0  14:41.17 nts	1693221653450
3375126 toao      20   0  116.6g   7.5g   3.4g S  1306   6.0  14:50.98 nts	1693221654150
3375126 toao      20   0  117.2g   7.6g   3.4g S  1494   6.0  15:00.21 nts	1693221654846
3375126 toao      20   0  117.2g   7.6g   3.4g S  1512   6.0  15:10.50 nts	1693221655546
3375126 toao      20   0  117.2g   7.6g   3.4g S  1582   6.0  15:21.20 nts	1693221656246
3375126 toao      20   0  117.5g   7.6g   3.4g S  1182   6.0  15:30.91 nts	1693221656946
3375126 toao      20   0  117.7g   7.6g   3.4g S  1200   6.0  15:41.10 nts	1693221657645
3375126 toao      20   0  117.7g   7.6g   3.4g S  1476   6.0  15:51.85 nts	1693221658343
3375126 toao      20   0  117.9g   7.6g   3.4g S  1594   6.0  16:01.56 nts	1693221659047
3375126 toao      20   0  117.3g   7.6g   3.4g S  1565   6.0  16:12.15 nts	1693221659749
3375126 toao      20   0  117.3g   7.6g   3.4g S  1559   6.0  16:22.88 nts	1693221660452
3375126 toao      20   0  116.1g   7.5g   3.4g S  1465   6.0  16:33.29 nts	1693221661153
3375126 toao      20   0  117.3g   7.6g   3.4g S  1394   6.0  16:43.51 nts	1693221661858
3375126 toao      20   0  117.3g   7.6g   3.4g S  1412   6.0  16:53.74 nts	1693221662557
3375126 toao      20   0  117.4g   7.6g   3.4g S  1271   6.0  17:03.03 nts	1693221663258
3375126 toao      20   0  117.3g   7.6g   3.4g S  1541   6.0  17:13.72 nts	1693221663959
3375126 toao      20   0  117.3g   7.6g   3.4g S  1512   6.0  17:24.30 nts	1693221664658
3375126 toao      20   0  117.3g   7.6g   3.4g S  1506   6.0  17:34.81 nts	1693221665358
3375126 toao      20   0  117.3g   7.6g   3.4g S  1638   6.0  17:45.49 nts	1693221666063
3375126 toao      20   0  117.3g   7.6g   3.4g S  1512   6.0  17:55.96 nts	1693221666763
3375126 toao      20   0  117.3g   7.6g   3.4g S  1512   6.0  18:06.34 nts	1693221667466
3375126 toao      20   0  115.4g   7.5g   3.4g S  1476   6.0  18:16.83 nts	1693221668170
3375126 toao      20   0  116.7g   7.6g   3.4g S  1512   6.0  18:25.37 nts	1693221668874
3375126 toao      20   0  117.3g   7.6g   3.4g S  1582   6.0  18:36.00 nts	1693221669576
3375126 toao      20   0  117.3g   7.6g   3.4g S  1482   6.0  18:46.53 nts	1693221670278
3375126 toao      20   0  117.3g   7.6g   3.4g S  1588   6.0  18:57.19 nts	1693221670979
3375126 toao      20   0  117.3g   7.6g   3.4g S  1553   6.0  19:07.91 nts	1693221671679
3375126 toao      20   0  117.3g   7.6g   3.4g S  1565   6.0  19:18.40 nts	1693221672378
3375126 toao      20   0  117.4g   7.6g   3.4g S  1378   6.0  19:28.86 nts	1693221673079
3375126 toao      20   0  117.4g   7.6g   3.4g S  1476   6.0  19:39.59 nts	1693221673787
3375126 toao      20   0  117.4g   7.6g   3.4g S  1312   6.0  19:49.78 nts	1693221674487
3375126 toao      20   0  117.4g   7.6g   3.4g S  1300   6.0  20:00.14 nts	1693221675190
3375126 toao      20   0  116.8g   7.6g   3.4g S  1482   6.0  20:09.42 nts	1693221675890
3375126 toao      20   0  117.4g   7.6g   3.4g S  1476   6.0  20:19.63 nts	1693221676591
3375126 toao      20   0  117.4g   7.6g   3.4g S  1571   6.0  20:30.31 nts	1693221677290
3375126 toao      20   0  117.4g   7.6g   3.4g S  1267   6.0  20:40.46 nts	1693221677991
3375126 toao      20   0  118.0g   7.6g   3.4g S  1429   6.0  20:50.38 nts	1693221678696
3375126 toao      20   0  117.4g   7.6g   3.4g S  1176   6.0  21:00.27 nts	1693221679398
3375126 toao      20   0  117.5g   7.6g   3.4g S  1553   6.0  21:10.90 nts	1693221680105
3375126 toao      20   0  117.4g   7.6g   3.4g S  1565   6.0  21:21.42 nts	1693221680811
3375126 toao      20   0  117.4g   7.6g   3.4g S  1631   6.0  21:31.88 nts	1693221681515
3375126 toao      20   0  117.4g   7.6g   3.4g S  1494   6.0  21:42.34 nts	1693221682214
3375126 toao      20   0  116.2g   7.5g   3.4g S  1535   6.0  21:52.64 nts	1693221682919
3375126 toao      20   0  117.7g   7.6g   3.4g S  1017   6.0  22:02.41 nts	1693221683618
3375126 toao      20   0  117.4g   7.6g   3.4g S  1388   6.0  22:13.11 nts	1693221684329
3375126 toao      20   0  118.0g   7.6g   3.4g S  1371   6.0  22:22.90 nts	1693221685029
3375126 toao      20   0  118.0g   7.6g   3.4g S  1276   6.0  22:33.21 nts	1693221685732
3375126 toao      20   0  117.4g   7.6g   3.4g S  1576   6.0  22:43.95 nts	1693221686434
3375126 toao      20   0  117.4g   7.6g   3.4g S  1571   6.0  22:54.42 nts	1693221687138
3375126 toao      20   0  117.4g   7.6g   3.4g S  1547   6.0  23:05.04 nts	1693221687839
3375126 toao      20   0  117.4g   7.6g   3.4g S  1494   6.0  23:15.58 nts	1693221688539
3375126 toao      20   0  117.4g   7.6g   3.4g S  1576   6.0  23:26.30 nts	1693221689238
3375126 toao      20   0  115.6g   7.5g   3.4g S  1562   6.0  23:36.76 nts	1693221689942
3375126 toao      20   0  116.2g   7.5g   3.4g S  1376   6.0  23:45.48 nts	1693221690644
3375126 toao      20   0  117.4g   7.6g   3.4g S  1582   6.0  23:55.87 nts	1693221691345
3375126 toao      20   0  117.4g   7.6g   3.4g S  1688   6.0  24:06.35 nts	1693221692052
3375126 toao      20   0  117.4g   7.6g   3.4g S  1165   6.0  24:16.20 nts	1693221692752
3375126 toao      20   0  118.0g   7.6g   3.4g S  1394   6.0  24:25.96 nts	1693221693450
3375126 toao      20   0  118.0g   7.6g   3.4g S  1453   6.0  24:36.61 nts	1693221694151
3375126 toao      20   0  117.4g   7.6g   3.4g S  1156   6.0  24:46.63 nts	1693221694853
3375126 toao      20   0  118.0g   7.6g   3.4g S  1550   6.0  24:57.68 nts	1693221695554
3375126 toao      20   0  118.0g   7.6g   3.4g S  1141   6.0  25:07.87 nts	1693221696255
3375126 toao      20   0  117.9g   7.6g   3.4g S  1235   6.0  25:18.24 nts	1693221696959
3375126 toao      20   0  116.2g   7.5g   3.4g S  1482   6.0  25:28.43 nts	1693221697660
3375126 toao      20   0  117.4g   7.6g   3.4g S  1506   6.0  25:38.80 nts	1693221698363
3375126 toao      20   0  117.4g   7.6g   3.4g S  1553   6.0  25:49.39 nts	1693221699062
3375126 toao      20   0  118.0g   7.6g   3.4g S  1500   6.0  25:59.39 nts	1693221699763
3375126 toao      20   0  117.8g   7.6g   3.4g S  1275   6.0  26:08.80 nts	1693221700463
3375126 toao      20   0  117.4g   7.6g   3.4g S  1625   6.0  26:19.36 nts	1693221701162
3375126 toao      20   0  117.4g   7.6g   3.4g S  1669   6.0  26:30.11 nts	1693221701863
3375126 toao      20   0  117.4g   7.6g   3.4g S  1656   6.0  26:40.63 nts	1693221702563
3375126 toao      20   0  117.4g   7.6g   3.4g S  1688   6.0  26:51.36 nts	1693221703262
3375126 toao      20   0  117.4g   7.6g   3.4g S  1518   6.0  27:02.01 nts	1693221703960
3375126 toao      20   0  116.2g   7.5g   3.4g S  1529   6.0  27:12.37 nts	1693221704660
3375126 toao      20   0  117.4g   7.6g   3.4g S  1169   6.0  27:21.03 nts	1693221705362
3375126 toao      20   0  116.8g   7.6g   3.4g S  1612   6.0  27:31.48 nts	1693221706062
3375126 toao      20   0  117.4g   7.6g   3.4g S  1644   6.0  27:42.01 nts	1693221706765
3375126 toao      20   0  117.4g   7.6g   3.4g S  1594   6.0  27:52.71 nts	1693221707466
3375126 toao      20   0  117.4g   7.6g   3.4g S  1512   6.0  28:02.95 nts	1693221708165
3375126 toao      20   0  117.4g   7.6g   3.4g S  1650   6.0  28:13.50 nts	1693221708864
3375126 toao      20   0  117.4g   7.6g   3.4g S  1656   6.0  28:22.57 nts	1693221709563
3375126 toao      20   0  117.4g   7.6g   3.4g S  1606   6.0  28:33.07 nts	1693221710262
3375126 toao      20   0  117.4g   7.6g   3.4g S  1644   6.0  28:43.65 nts	1693221710962
3375126 toao      20   0  117.4g   7.6g   3.4g S  1541   6.0  28:54.22 nts	1693221711662
3375126 toao      20   0       0      0      0 Z  88.9   0.0  28:55.05 nts	1693221712360
