2467051 toao      20   0 2531180 102632  69080 R 100.0   0.0   0:00.19 nts	1697616618346
2467051 toao      20   0 8443608 226748 117048 R  7767   0.1   0:27.33 nts	1697616619095
2467051 toao      20   0 8619368 314040 117240 R 200.0   0.1   0:47.80 nts	1697616619806
2467051 toao      20   0 8619368 330408 117240 R 200.0   0.1   0:49.22 nts	1697616620520
2467051 toao      20   0 8619368 344400 117240 R 211.8   0.1   0:50.65 nts	1697616621231
2467051 toao      20   0 8619368 358656 117240 R 194.4   0.1   0:52.07 nts	1697616621942
2467051 toao      20   0 8619368 385584 117240 R 205.9   0.1   0:53.49 nts	1697616622656
2467051 toao      20   0 9687028 552960 117488 R 735.3   0.1   0:55.83 nts	1697616623367
2467051 toao      20   0 9687028 706268 117488 R 829.4   0.2   1:01.66 nts	1697616624072
2467051 toao      20   0   13.4g 791480 117512 R 205.9   0.2   1:08.03 nts	1697616624778
2467051 toao      20   0   13.4g 791480 117512 R 194.1   0.2   1:09.45 nts	1697616625491
2467051 toao      20   0   13.4g 834248 117512 R 194.4   0.2   1:10.89 nts	1697616626203
2467051 toao      20   0   13.4g 834248 117512 R 200.0   0.2   1:12.31 nts	1697616626919
2467051 toao      20   0   13.4g 834248 117512 R 194.4   0.2   1:13.74 nts	1697616627633
2467051 toao      20   0   14.3g   1.0g 117512 R  1400   0.3   1:18.75 nts	1697616628347
2467051 toao      20   0   14.3g   1.1g 117512 R  1506   0.3   1:27.87 nts	1697616629059
2467051 toao      20   0   18.4g   1.1g 117512 R 105.9   0.3   1:34.12 nts	1697616629769
2467051 toao      20   0   18.5g   1.2g 117512 R 100.0   0.3   1:37.65 nts	1697616630488
2467051 toao      20   0   18.5g   1.2g 117512 R 100.0   0.3   1:38.37 nts	1697616631214
2467051 toao      20   0   18.8g   1.3g 117512 R 105.9   0.3   1:39.09 nts	1697616631935
2467051 toao      20   0   18.8g   1.4g 117512 R 100.0   0.4   1:39.81 nts	1697616632659
2467051 toao      20   0   18.8g   1.5g 117512 R  94.4   0.4   1:40.53 nts	1697616633379
2467051 toao      20   0   27.4g   1.6g 176692 R  33.3   0.4   1:42.16 nts	1697616634102
2467051 toao      20   0   28.2g   2.1g 281992 R  16.7   0.6   1:42.69 nts	1697616634815
2467051 toao      20   0   28.9g   2.7g 358988 R   0.0   0.7   1:43.21 nts	1697616635527
2467051 toao      20   0   29.7g   3.3g 473720 D  17.6   0.9   1:43.79 nts	1697616636239
2467051 toao      20   0   30.5g   4.0g 770008 R 105.9   1.1   1:44.47 nts	1697616636950
2467051 toao      20   0   30.5g   4.0g 770008 R 105.9   1.1   1:45.18 nts	1697616637663
2467051 toao      20   0   30.5g   4.0g 770008 R  94.4   1.1   1:45.89 nts	1697616638375
2467051 toao      20   0   33.1g   4.9g   1.7g R 105.9   1.3   1:46.61 nts	1697616639087
2467051 toao      20   0   33.2g   6.6g   3.3g R  94.4   1.7   1:47.32 nts	1697616639802
2467051 toao      20   0   33.2g   6.6g   3.3g R 100.0   1.8   1:48.03 nts	1697616640517
2467051 toao      20   0   33.2g   6.6g   3.3g R 105.9   1.8   1:48.75 nts	1697616641227
2467051 toao      20   0   33.2g   6.6g   3.3g R  94.4   1.8   1:49.46 nts	1697616641943
2467051 toao      20   0   33.2g   6.6g   3.3g R 100.0   1.8   1:50.17 nts	1697616642657
2467051 toao      20   0   33.2g   6.6g   3.3g R  94.1   1.8   1:50.88 nts	1697616643369
2467051 toao      20   0   81.1g   6.7g   3.4g S  88.2   1.8   1:51.57 nts	1697616644082
2467051 toao      20   0       0      0      0 R  94.4   0.0   1:52.15 nts	1697616644794
2467051 toao      20   0       0      0      0 R 100.0   0.0   1:52.78 nts	1697616645518
