1957918 toao      20   0 2487204 100188  68100 R 100.0   0.1   0:00.19 nts	1693190988298
1957918 toao      20   0 8372632 216540 114576 R  7888   0.2   0:28.62 nts	1693190989041
1957918 toao      20   0 8482068 292916 114816 R 205.9   0.2   0:54.23 nts	1693190989736
1957918 toao      20   0 8482068 292916 114816 R 205.9   0.2   0:55.63 nts	1693190990443
1957918 toao      20   0 8482068 292916 114816 R 200.0   0.2   0:57.01 nts	1693190991148
1957918 toao      20   0 8482068 292916 114816 R 200.0   0.2   0:58.40 nts	1693190991846
1957918 toao      20   0 8482068 292916 114816 R 205.9   0.2   0:59.79 nts	1693190992551
1957918 toao      20   0 8482068 315884 114816 R 200.0   0.2   1:01.18 nts	1693190993254
1957918 toao      20   0 8482068 316940 114816 R 194.1   0.2   1:02.56 nts	1693190993954
1957918 toao      20   0 8482068 316940 114816 R 206.2   0.2   1:03.94 nts	1693190994654
1957918 toao      20   0 8482068 316940 114816 R 194.1   0.2   1:05.34 nts	1693190995354
1957918 toao      20   0 8482068 316940 114816 R 194.1   0.2   1:06.73 nts	1693190996059
1957918 toao      20   0 8482068 316940 114816 R 200.0   0.2   1:08.12 nts	1693190996758
1957918 toao      20   0 9950.1m 850684 114936 R  1000   0.6   1:11.82 nts	1693190997457
1957918 toao      20   0 9950.1m 861264 114936 R 994.1   0.7   1:18.58 nts	1693190998154
1957918 toao      20   0 9950.1m 865524 114936 R 658.8   0.7   1:25.14 nts	1693190998859
1957918 toao      20   0 9950.1m 868020 114936 R  1006   0.7   1:31.90 nts	1693190999557
1957918 toao      20   0 9950.1m   1.0g 114936 R  1235   0.8   1:41.07 nts	1693191000263
1957918 toao      20   0 9950.1m   1.2g 114936 R  1259   1.0   1:50.31 nts	1693191000966
1957918 toao      20   0 9950.1m   1.2g 114936 R  1518   1.0   1:59.97 nts	1693191001673
1957918 toao      20   0 9950.1m   1.2g 114936 R  1565   1.0   2:10.16 nts	1693191002381
1957918 toao      20   0   13.9g   1.2g 114968 R 194.1   1.0   2:17.34 nts	1693191003084
1957918 toao      20   0   13.9g   1.2g 114968 R 200.0   1.0   2:18.70 nts	1693191003785
1957918 toao      20   0   13.9g   1.2g 114968 R 200.0   1.0   2:20.07 nts	1693191004489
1957918 toao      20   0   13.9g   1.3g 114968 R 194.1   1.0   2:21.44 nts	1693191005197
1957918 toao      20   0   13.9g   1.3g 114968 R 206.2   1.0   2:22.79 nts	1693191005904
1957918 toao      20   0   13.9g   1.3g 114968 R 194.1   1.0   2:24.17 nts	1693191006608
1957918 toao      20   0   13.9g   1.3g 114968 R 200.0   1.0   2:25.55 nts	1693191007313
1957918 toao      20   0   13.9g   1.3g 114968 R 194.1   1.0   2:26.91 nts	1693191008017
1957918 toao      20   0   15.4g   1.3g 114968 R 511.8   1.1   2:28.69 nts	1693191008724
1957918 toao      20   0   15.4g   1.4g 114968 R 511.8   1.1   2:31.91 nts	1693191009430
1957918 toao      20   0   15.4g   1.5g 114968 R 441.2   1.2   2:35.33 nts	1693191010134
1957918 toao      20   0   15.4g   1.6g 114968 R 527.8   1.3   2:38.94 nts	1693191010843
1957918 toao      20   0   15.4g   1.7g 114968 S 523.5   1.4   2:42.38 nts	1693191011548
1957918 toao      20   0   15.4g   1.9g 114968 R 588.2   1.5   2:46.46 nts	1693191012254
1957918 toao      20   0   15.4g   2.0g 114968 R 441.2   1.6   2:50.26 nts	1693191012958
1957918 toao      20   0   15.4g   2.1g 114968 R 476.5   1.6   2:54.03 nts	1693191013664
1957918 toao      20   0   15.4g   2.2g 114968 R 541.2   1.7   2:57.84 nts	1693191014368
1957918 toao      20   0   19.5g   2.3g 114968 R  1229   1.8   3:02.18 nts	1693191015070
1957918 toao      20   0   19.5g   2.3g 114968 R 100.0   1.8   3:02.88 nts	1693191015776
1957918 toao      20   0   19.5g   2.3g 114968 R  94.4   1.8   3:03.59 nts	1693191016480
1957918 toao      20   0   19.5g   2.3g 114968 R 100.0   1.8   3:04.29 nts	1693191017189
1957918 toao      20   0   19.5g   2.3g 114968 R 100.0   1.8   3:05.00 nts	1693191017890
1957918 toao      20   0   19.5g   2.3g 114968 R 105.9   1.8   3:05.70 nts	1693191018596
1957918 toao      20   0   19.5g   2.3g 114968 R 105.9   1.8   3:06.40 nts	1693191019295
1957918 toao      20   0   19.5g   2.3g 114968 R 105.9   1.8   3:07.10 nts	1693191019996
1957918 toao      20   0   19.5g   2.3g 114968 R 105.9   1.8   3:07.80 nts	1693191020696
1957918 toao      20   0   20.5g   2.7g 114968 R 100.0   2.1   3:08.49 nts	1693191021395
1957918 toao      20   0   20.5g   2.8g 114968 R 100.0   2.2   3:09.20 nts	1693191022096
1957918 toao      20   0   20.5g   2.8g 114968 R 105.9   2.2   3:09.90 nts	1693191022799
1957918 toao      20   0   20.5g   2.8g 114968 R 100.0   2.2   3:10.60 nts	1693191023498
1957918 toao      20   0   20.5g   2.8g 114968 R  94.1   2.2   3:11.29 nts	1693191024199
1957918 toao      20   0   20.5g   2.8g 114968 R 100.0   2.2   3:12.00 nts	1693191024899
1957918 toao      20   0   20.5g   2.8g 114968 R 106.2   2.2   3:12.70 nts	1693191025602
1957918 toao      20   0   20.5g   2.8g 114968 R 100.0   2.2   3:13.39 nts	1693191026302
1957918 toao      20   0   20.5g   2.8g 114968 R  94.4   2.2   3:14.10 nts	1693191027002
1957918 toao      20   0   20.5g   2.8g 114968 R  94.1   2.2   3:14.80 nts	1693191027706
1957918 toao      20   0   20.5g   2.8g 114968 R  94.1   2.2   3:15.50 nts	1693191028406
1957918 toao      20   0   20.5g   2.8g 114968 R 105.9   2.2   3:16.21 nts	1693191029106
1957918 toao      20   0   20.5g   2.8g 114968 R 100.0   2.2   3:16.90 nts	1693191029806
1957918 toao      20   0   20.5g   2.8g 114968 R 100.0   2.2   3:17.60 nts	1693191030506
1957918 toao      20   0   20.5g   2.8g 114968 R 100.0   2.2   3:18.30 nts	1693191031206
1957918 toao      20   0   20.5g   3.0g 114968 R 100.0   2.4   3:19.00 nts	1693191031906
1957918 toao      20   0   20.5g   3.0g 114968 R 100.0   2.4   3:19.71 nts	1693191032606
1957918 toao      20   0   20.5g   3.1g 114968 R 100.0   2.5   3:20.41 nts	1693191033311
1957918 toao      20   0   20.5g   3.2g 114968 R 100.0   2.5   3:21.11 nts	1693191034010
1957918 toao      20   0   20.5g   3.2g 114968 R 100.0   2.5   3:21.81 nts	1693191034715
1957918 toao      20   0   20.5g   3.2g 114968 R 100.0   2.5   3:22.51 nts	1693191035415
1957918 toao      20   0   20.5g   3.2g 114968 R 100.0   2.5   3:23.21 nts	1693191036120
1957918 toao      20   0   20.5g   3.2g 114968 R 106.2   2.5   3:23.92 nts	1693191036822
1957918 toao      20   0   20.5g   3.2g 114968 R 100.0   2.5   3:24.61 nts	1693191037523
1957918 toao      20   0   20.5g   3.2g 114968 R 100.0   2.5   3:25.31 nts	1693191038222
1957918 toao      20   0   20.5g   3.2g 114968 R 100.0   2.5   3:26.01 nts	1693191038922
1957918 toao      20   0   20.5g   3.2g 114968 R 105.9   2.5   3:26.73 nts	1693191039622
1957918 toao      20   0   20.5g   3.2g 114968 R 105.9   2.5   3:27.43 nts	1693191040330
1957918 toao      20   0   20.5g   3.2g 114968 R 105.9   2.5   3:28.14 nts	1693191041034
1957918 toao      20   0   20.5g   3.2g 114968 R 105.9   2.5   3:28.85 nts	1693191041745
1957918 toao      20   0   20.5g   3.2g 114968 R 106.2   2.5   3:29.54 nts	1693191042452
1957918 toao      20   0   20.5g   3.2g 114968 R 105.9   2.5   3:30.25 nts	1693191043153
1957918 toao      20   0   20.5g   3.2g 114968 R 100.0   2.5   3:30.94 nts	1693191043855
1957918 toao      20   0   29.6g   3.5g 227880 R 106.2   2.8   3:33.41 nts	1693191044546
1957918 toao      20   0   30.4g   4.3g 344476 R 100.0   3.4   3:34.10 nts	1693191045235
1957918 toao      20   0   31.4g   5.0g 482264 R  94.1   4.0   3:34.80 nts	1693191045927
1957918 toao      20   0   32.7g   6.3g 525592 R 100.0   5.0   3:35.49 nts	1693191046623
1957918 toao      20   0   32.7g   6.3g 525592 R 100.0   5.0   3:36.19 nts	1693191047318
1957918 toao      20   0   32.7g   6.3g 525592 R 100.0   5.0   3:36.88 nts	1693191048011
1957918 toao      20   0   39.6g   7.1g   1.3g R 106.2   5.6   3:37.59 nts	1693191048715
1957918 toao      20   0   39.6g   9.3g   3.5g R 100.0   7.4   3:38.28 nts	1693191049411
1957918 toao      20   0   39.6g  11.6g   5.8g R 106.2   9.3   3:38.98 nts	1693191050103
1957918 toao      20   0   39.6g  13.2g   7.4g R  94.1  10.5   3:39.67 nts	1693191050797
1957918 toao      20   0   39.6g  13.2g   7.4g R 100.0  10.5   3:40.36 nts	1693191051491
1957918 toao      20   0   39.6g  13.2g   7.4g R 106.2  10.5   3:41.06 nts	1693191052195
1957918 toao      20   0   39.6g  13.2g   7.4g R  94.1  10.5   3:41.75 nts	1693191052890
1957918 toao      20   0   39.6g  13.2g   7.4g R 106.2  10.5   3:42.45 nts	1693191053583
1957918 toao      20   0   39.6g  13.2g   7.4g R 100.0  10.5   3:43.15 nts	1693191054278
1957918 toao      20   0   39.6g  13.2g   7.4g R 106.2  10.5   3:43.85 nts	1693191054982
1957918 toao      20   0   39.6g  13.2g   7.4g R 100.0  10.5   3:44.55 nts	1693191055679
1957918 toao      20   0   39.6g  13.2g   7.4g R 106.2  10.5   3:45.25 nts	1693191056382
1957918 toao      20   0   39.6g  13.2g   7.4g R 106.2  10.5   3:45.95 nts	1693191057082
1957918 toao      20   0   39.6g  13.2g   7.4g R 106.2  10.5   3:46.65 nts	1693191057782
1957918 toao      20   0   39.6g  13.2g   7.4g R 106.2  10.5   3:47.35 nts	1693191058483
1957918 toao      20   0   39.6g  13.2g   7.4g R 106.2  10.5   3:48.05 nts	1693191059182
1957918 toao      20   0   39.6g  13.2g   7.4g R 106.2  10.5   3:48.75 nts	1693191059882
1957918 toao      20   0   39.6g  13.2g   7.4g R 106.2  10.5   3:49.45 nts	1693191060582
1957918 toao      20   0   39.4g  13.2g   7.4g R 100.0  10.5   3:50.70 nts	1693191061283
1957918 toao      20   0   39.6g  13.3g   7.4g S  1612  10.6   4:00.22 nts	1693191061987
1957918 toao      20   0   39.6g  13.3g   7.4g R  2353  10.6   4:13.08 nts	1693191062691
1957918 toao      20   0   39.6g  13.3g   7.4g R  2076  10.6   4:21.28 nts	1693191063391
1957918 toao      20   0   39.6g  13.3g   7.4g R  1724  10.6   4:33.44 nts	1693191064095
1957918 toao      20   0   39.6g  13.3g   7.4g R  2194  10.6   4:46.81 nts	1693191064796
1957918 toao      20   0   39.6g  13.3g   7.4g S  2229  10.6   4:59.06 nts	1693191065499
1957918 toao      20   0   39.6g  13.3g   7.4g S  2288  10.6   5:11.59 nts	1693191066202
1957918 toao      20   0   39.6g  13.3g   7.4g R  2118  10.6   5:23.99 nts	1693191066907
1957918 toao      20   0   39.6g  13.3g   7.4g S  1476  10.6   5:32.96 nts	1693191067610
1957918 toao      20   0   39.6g  13.3g   7.4g R  2688  10.6   5:46.07 nts	1693191068317
1957918 toao      20   0   39.6g  13.3g   7.4g R  2453  10.6   5:58.53 nts	1693191069022
1957918 toao      20   0   39.6g  13.3g   7.4g R  1629  10.6   6:11.14 nts	1693191069722
1957918 toao      20   0   39.6g  13.3g   7.4g R  1518  10.6   6:24.41 nts	1693191070428
1957918 toao      20   0   39.6g  13.3g   7.4g R  1141  10.6   6:37.27 nts	1693191071130
1957918 toao      20   0   39.6g  13.3g   7.4g R  1376  10.6   6:49.09 nts	1693191071831
1957918 toao      20   0   39.6g  13.3g   7.4g R  1524  10.6   7:01.88 nts	1693191072532
1957918 toao      20   0   39.6g  13.3g   7.4g R  2235  10.6   7:14.00 nts	1693191073232
1957918 toao      20   0   88.9g  14.1g   8.2g R 100.0  11.2   7:22.00 nts	1693191073935
1957918 toao      20   0   91.3g  15.0g   9.1g R 200.0  11.9   7:23.12 nts	1693191074643
1957918 toao      20   0   93.2g  16.0g  10.1g R 200.0  12.7   7:24.53 nts	1693191075351
1957918 toao      20   0   95.0g  16.8g  11.0g R 200.0  13.4   7:25.94 nts	1693191076057
1957918 toao      20   0  100.6g  16.9g  11.0g S 476.5  13.5   7:32.08 nts	1693191076764
1957918 toao      20   0  102.6g  16.9g  11.0g S 811.8  13.5   7:39.25 nts	1693191077467
1957918 toao      20   0  104.2g  16.9g  11.0g S 970.6  13.5   7:46.19 nts	1693191078169
1957918 toao      20   0  103.9g  16.9g  11.0g S  1435  13.5   7:53.46 nts	1693191078871
1957918 toao      20   0  104.8g  16.9g  11.0g S  1524  13.5   8:00.53 nts	1693191079571
1957918 toao      20   0  104.8g  16.9g  11.0g S  1494  13.5   8:07.18 nts	1693191080271
1957918 toao      20   0  105.1g  16.9g  11.0g S  1518  13.5   8:13.80 nts	1693191080970
1957918 toao      20   0  105.1g  16.9g  11.0g S  1324  13.5   8:20.44 nts	1693191081670
1957918 toao      20   0  105.1g  16.9g  11.0g S 364.7  13.5   8:27.01 nts	1693191082371
1957918 toao      20   0  105.1g  16.9g  11.0g S 794.1  13.5   8:33.71 nts	1693191083071
1957918 toao      20   0  105.1g  16.9g  11.0g S 411.8  13.5   8:40.47 nts	1693191083771
1957918 toao      20   0  105.1g  16.9g  11.0g S 435.3  13.5   8:47.08 nts	1693191084472
1957918 toao      20   0  105.1g  16.9g  11.0g S 435.3  13.5   8:53.87 nts	1693191085175
1957918 toao      20   0  105.1g  16.9g  11.0g S 476.5  13.5   9:00.60 nts	1693191085875
1957918 toao      20   0  105.6g  16.9g  11.0g S  1094  13.5   9:08.42 nts	1693191086579
1957918 toao      20   0  105.1g  16.9g  11.0g S  1529  13.5   9:15.91 nts	1693191087282
1957918 toao      20   0  105.1g  16.9g  11.0g S  1541  13.5   9:22.69 nts	1693191087978
1957918 toao      20   0  105.1g  16.9g  11.0g S  1471  13.5   9:29.35 nts	1693191088678
1957918 toao      20   0  105.9g  16.9g  11.0g S  1412  13.5   9:35.97 nts	1693191089379
1957918 toao      20   0  105.9g  16.9g  11.0g S  1594  13.5   9:42.72 nts	1693191090073
1957918 toao      20   0  105.9g  16.9g  11.0g S  1418  13.5   9:49.34 nts	1693191090774
1957918 toao      20   0  105.9g  16.9g  11.0g S  1482  13.5   9:56.03 nts	1693191091475
1957918 toao      20   0  105.9g  16.9g  11.0g S 641.2  13.5  10:02.76 nts	1693191092179
1957918 toao      20   0  106.5g  16.9g  11.0g S  1147  13.5  10:09.62 nts	1693191092883
1957918 toao      20   0  124.5g  16.9g  11.0g S 652.9  13.5  10:16.11 nts	1693191093587
1957918 toao      20   0  125.1g  16.9g  11.0g S 858.8  13.5  10:22.75 nts	1693191094291
1957918 toao      20   0  125.7g  16.9g  11.0g S 964.7  13.5  10:29.22 nts	1693191094990
1957918 toao      20   0  125.7g  16.9g  11.0g S 370.6  13.5  10:35.93 nts	1693191095689
1957918 toao      20   0  125.7g  16.9g  11.0g S 393.8  13.5  10:42.71 nts	1693191096394
1957918 toao      20   0  125.7g  16.9g  11.0g S 412.5  13.5  10:49.34 nts	1693191097094
1957918 toao      20   0  125.7g  16.9g  11.0g S 450.0  13.5  10:56.07 nts	1693191097794
1957918 toao      20   0  126.3g  16.9g  11.0g S 764.7  13.5  11:03.37 nts	1693191098495
1957918 toao      20   0  125.7g  16.9g  11.0g S  1524  13.5  11:11.29 nts	1693191099198
1957918 toao      20   0  126.3g  16.9g  11.0g S  1244  13.5  11:17.32 nts	1693191099905
1957918 toao      20   0  125.7g  16.9g  11.0g S  1471  13.5  11:24.52 nts	1693191100602
1957918 toao      20   0  125.7g  16.9g  11.0g S  1588  13.5  11:31.26 nts	1693191101302
1957918 toao      20   0  125.7g  16.9g  11.0g S  1569  13.5  11:37.90 nts	1693191102004
1957918 toao      20   0  125.7g  16.9g  11.0g S  1317  13.5  11:44.74 nts	1693191102702
1957918 toao      20   0  125.7g  16.9g  11.0g S  1435  13.5  11:51.48 nts	1693191103406
1957918 toao      20   0  125.7g  16.9g  11.0g S 947.1  13.5  11:58.30 nts	1693191104107
1957918 toao      20   0  125.7g  16.9g  11.0g S 441.2  13.5  12:05.02 nts	1693191104807
1957918 toao      20   0  125.7g  16.9g  11.0g S 429.4  13.5  12:11.72 nts	1693191105506
1957918 toao      20   0  126.6g  16.9g  11.0g S 488.2  13.5  12:18.52 nts	1693191106207
1957918 toao      20   0  126.7g  16.9g  11.0g S 470.6  13.5  12:25.19 nts	1693191106910
1957918 toao      20   0  127.1g  16.9g  11.0g S 817.6  13.5  12:32.50 nts	1693191107609
1957918 toao      20   0  127.1g  16.9g  11.0g S  1106  13.5  12:39.82 nts	1693191108310
1957918 toao      20   0  126.6g  16.9g  11.0g S  1482  13.5  12:47.06 nts	1693191109009
1957918 toao      20   0  126.6g  16.9g  11.0g S  1541  13.5  12:53.94 nts	1693191109710
1957918 toao      20   0  131.0g  16.9g  11.0g S  1500  13.5  13:00.58 nts	1693191110411
1957918 toao      20   0  131.6g  16.9g  11.0g S  1524  13.5  13:07.13 nts	1693191111114
1957918 toao      20   0  131.6g  16.9g  11.0g S  1488  13.5  13:13.71 nts	1693191111818
1957918 toao      20   0  132.3g  16.9g  11.0g S  1506  13.5  13:20.32 nts	1693191112517
1957918 toao      20   0  132.9g  16.9g  11.0g S  1675  13.5  13:27.02 nts	1693191113222
1957918 toao      20   0  132.9g  16.9g  11.0g S  1600  13.5  13:33.81 nts	1693191113923
1957918 toao      20   0  132.9g  16.9g  11.0g S  1688  13.5  13:40.56 nts	1693191114623
1957918 toao      20   0  132.9g  16.9g  11.0g S  1619  13.5  13:47.43 nts	1693191115323
1957918 toao      20   0  132.9g  16.9g  11.0g S 381.2  13.5  13:54.07 nts	1693191116023
1957918 toao      20   0  132.9g  16.9g  11.0g S 417.6  13.5  14:00.92 nts	1693191116724
1957918 toao      20   0  132.9g  16.9g  11.0g S 429.4  13.5  14:07.59 nts	1693191117426
1957918 toao      20   0  132.9g  16.9g  11.0g S 455.6  13.5  14:14.47 nts	1693191118127
1957918 toao      20   0  133.4g  16.9g  11.0g S 847.1  13.5  14:21.86 nts	1693191118834
1957918 toao      20   0  133.4g  16.9g  11.0g S 917.6  13.5  14:28.91 nts	1693191119535
1957918 toao      20   0  133.4g  16.9g  11.0g S 847.1  13.5  14:35.67 nts	1693191120239
1957918 toao      20   0  132.9g  16.9g  11.0g S  1612  13.5  14:43.57 nts	1693191120942
1957918 toao      20   0  132.9g  16.9g  11.0g S  1529  13.5  14:50.32 nts	1693191121643
1957918 toao      20   0  132.9g  16.9g  11.0g S  1488  13.5  14:57.13 nts	1693191122346
1957918 toao      20   0  132.9g  16.9g  11.0g S 941.2  13.5  15:03.79 nts	1693191123047
1957918 toao      20   0  133.1g  16.9g  11.0g S  1153  13.5  15:10.64 nts	1693191123746
1957918 toao      20   0  133.1g  16.9g  11.0g S  1171  13.5  15:17.33 nts	1693191124450
1957918 toao      20   0  133.1g  16.9g  11.0g S 570.6  13.5  15:24.18 nts	1693191125151
1957918 toao      20   0  133.1g  16.9g  11.0g S 411.8  13.5  15:31.00 nts	1693191125854
1957918 toao      20   0  133.4g  16.9g  11.0g S 429.4  13.5  15:37.84 nts	1693191126558
1957918 toao      20   0  131.6g  16.9g  11.0g S 352.9  13.5  15:44.34 nts	1693191127258
1957918 toao      20   0  132.2g  16.9g  11.0g S 456.2  13.5  15:51.16 nts	1693191127962
1957918 toao      20   0  132.8g  16.9g  11.0g S 456.2  13.5  15:57.91 nts	1693191128663
1957918 toao      20   0  133.4g  16.9g  11.0g S 681.2  13.5  16:04.66 nts	1693191129363
1957918 toao      20   0  133.4g  16.9g  11.0g S 393.8  13.5  16:11.29 nts	1693191130063
1957918 toao      20   0  133.4g  16.9g  11.0g S 423.5  13.5  16:18.07 nts	1693191130763
1957918 toao      20   0  133.4g  16.9g  11.0g S 411.8  13.5  16:24.65 nts	1693191131466
1957918 toao      20   0  133.4g  16.9g  11.0g S 488.2  13.5  16:31.38 nts	1693191132167
1957918 toao      20   0  133.4g  16.9g  11.0g S  1571  13.5  16:40.01 nts	1693191132871
1957918 toao      20   0  133.4g  16.9g  11.0g S  1612  13.5  16:46.72 nts	1693191133572
1957918 toao      20   0  133.4g  16.9g  11.0g S  1612  13.5  16:53.44 nts	1693191134272
1957918 toao      20   0  133.4g  16.9g  11.0g S  1506  13.5  17:00.25 nts	1693191134975
1957918 toao      20   0  133.4g  16.9g  11.0g S  1365  13.5  17:06.93 nts	1693191135674
1957918 toao      20   0  133.4g  16.9g  11.0g S  1500  13.5  17:13.76 nts	1693191136375
1957918 toao      20   0  133.4g  16.9g  11.0g S  1229  13.5  17:20.55 nts	1693191137075
1957918 toao      20   0  133.4g  16.9g  11.0g S 517.6  13.5  17:27.17 nts	1693191137774
1957918 toao      20   0  133.4g  16.9g  11.0g S 437.5  13.5  17:33.88 nts	1693191138472
1957918 toao      20   0  133.4g  16.9g  11.0g S 464.7  13.5  17:40.66 nts	1693191139170
1957918 toao      20   0  134.0g  16.9g  11.0g S 800.0  13.5  17:47.99 nts	1693191139871
1957918 toao      20   0  134.3g  16.9g  11.0g S 611.8  13.5  17:54.37 nts	1693191140571
1957918 toao      20   0  134.3g  16.9g  11.0g S 835.3  13.5  18:01.49 nts	1693191141271
1957918 toao      20   0  133.7g  16.9g  11.0g S  1347  13.5  18:09.22 nts	1693191141972
1957918 toao      20   0  133.7g  16.9g  11.0g S  1547  13.5  18:16.19 nts	1693191142674
1957918 toao      20   0  133.7g  16.9g  11.0g S  1524  13.5  18:22.83 nts	1693191143375
1957918 toao      20   0  131.9g  16.9g  11.0g S  1465  13.5  18:29.33 nts	1693191144075
1957918 toao      20   0  133.1g  16.9g  11.0g S  1482  13.5  18:35.92 nts	1693191144776
1957918 toao      20   0  133.7g  16.9g  11.0g S  1494  13.5  18:42.65 nts	1693191145480
1957918 toao      20   0  133.7g  16.9g  11.0g S  1547  13.5  18:49.42 nts	1693191146183
1957918 toao      20   0  133.7g  16.9g  11.0g S  1565  13.5  18:56.33 nts	1693191146887
1957918 toao      20   0  133.7g  16.9g  11.0g S  1518  13.5  19:03.08 nts	1693191147591
1957918 toao      20   0  133.7g  16.9g  11.0g S  1494  13.5  19:09.80 nts	1693191148295
1957918 toao      20   0  133.7g  16.9g  11.0g S  1418  13.5  19:16.58 nts	1693191148995
1957918 toao      20   0  133.7g  16.9g  11.0g S 447.1  13.5  19:23.53 nts	1693191149694
1957918 toao      20   0  133.7g  16.9g  11.0g S 423.5  13.5  19:30.13 nts	1693191150394
1957918 toao      20   0  133.7g  16.9g  11.0g S 441.2  13.5  19:36.77 nts	1693191151093
1957918 toao      20   0  133.7g  16.9g  11.0g S  1153  13.5  19:44.73 nts	1693191151798
1957918 toao      20   0  133.7g  16.9g  11.0g S  1512  13.5  19:52.03 nts	1693191152499
1957918 toao      20   0  133.7g  16.9g  11.0g S  1535  13.5  19:58.82 nts	1693191153199
1957918 toao      20   0  133.7g  16.9g  11.0g S  1541  13.5  20:05.66 nts	1693191153898
1957918 toao      20   0  133.7g  16.9g  11.0g S  1565  13.5  20:12.55 nts	1693191154600
1957918 toao      20   0  133.7g  16.9g  11.0g S  1481  13.5  20:19.08 nts	1693191155302
1957918 toao      20   0  133.7g  16.9g  11.0g S  1456  13.5  20:25.69 nts	1693191156002
1957918 toao      20   0  133.7g  16.9g  11.0g S 370.6  13.5  20:32.34 nts	1693191156704
1957918 toao      20   0  133.7g  16.9g  11.0g S 358.8  13.5  20:39.03 nts	1693191157406
1957918 toao      20   0  133.7g  16.9g  11.0g S 382.4  13.5  20:45.74 nts	1693191158106
1957918 toao      20   0  133.7g  16.9g  11.0g S 447.1  13.5  20:52.51 nts	1693191158807
1957918 toao      20   0  133.7g  16.9g  11.0g S 452.9  13.5  20:59.26 nts	1693191159511
1957918 toao      20   0  133.7g  16.9g  11.0g S 441.2  13.5  21:05.96 nts	1693191160211
1957918 toao      20   0  133.7g  16.9g  11.0g S 441.2  13.5  21:12.55 nts	1693191160915
1957918 toao      20   0  131.9g  16.9g  11.0g S 476.5  13.5  21:19.34 nts	1693191161618
1957918 toao      20   0  132.6g  16.9g  11.0g S 470.6  13.5  21:25.97 nts	1693191162319
1957918 toao      20   0  133.0g  16.9g  11.0g S 488.2  13.5  21:32.83 nts	1693191163020
1957918 toao      20   0  133.1g  16.9g  11.0g S  1265  13.5  21:40.84 nts	1693191163723
1957918 toao      20   0  133.7g  16.9g  11.0g S  1300  13.5  21:47.52 nts	1693191164427
1957918 toao      20   0  133.7g  16.9g  11.0g S  1424  13.5  21:54.25 nts	1693191165130
1957918 toao      20   0  133.7g  16.9g  11.0g S  1535  13.5  22:01.14 nts	1693191165831
1957918 toao      20   0  133.7g  16.9g  11.0g S  1435  13.5  22:07.82 nts	1693191166530
1957918 toao      20   0  133.7g  16.9g  11.0g S  1182  13.5  22:14.40 nts	1693191167234
1957918 toao      20   0  133.7g  16.9g  11.0g S  1394  13.5  22:21.17 nts	1693191167935
1957918 toao      20   0  133.7g  16.9g  11.0g S 382.4  13.5  22:27.93 nts	1693191168636
1957918 toao      20   0  133.7g  16.9g  11.0g S 452.9  13.5  22:34.62 nts	1693191169336
1957918 toao      20   0  133.7g  16.9g  11.0g S 441.2  13.5  22:41.35 nts	1693191170039
1957918 toao      20   0  133.7g  16.9g  11.0g S 458.8  13.5  22:48.18 nts	1693191170743
1957918 toao      20   0  134.3g  16.9g  11.0g S 794.1  13.5  22:55.36 nts	1693191171447
1957918 toao      20   0  133.7g  16.9g  11.0g S  1506  13.5  23:03.26 nts	1693191172150
1957918 toao      20   0  133.7g  16.9g  11.0g S  1529  13.5  23:09.99 nts	1693191172850
1957918 toao      20   0  133.7g  16.9g  11.0g S  1494  13.5  23:16.75 nts	1693191173551
1957918 toao      20   0  134.0g  16.9g  11.0g S  1524  13.5  23:23.54 nts	1693191174251
1957918 toao      20   0  134.0g  16.9g  11.0g S  1471  13.5  23:30.14 nts	1693191174951
1957918 toao      20   0  134.0g  16.9g  11.0g S  1471  13.5  23:36.88 nts	1693191175652
1957918 toao      20   0  134.0g  16.9g  11.0g S  1076  13.5  23:43.57 nts	1693191176352
1957918 toao      20   0  134.0g  16.9g  11.0g S 347.1  13.5  23:50.14 nts	1693191177054
1957918 toao      20   0  134.0g  16.9g  11.0g S 517.6  13.5  23:56.73 nts	1693191177755
1957918 toao      20   0  132.1g  16.9g  11.0g S 358.8  13.5  24:03.28 nts	1693191178459
1957918 toao      20   0  133.4g  16.9g  11.0g S 370.6  13.5  24:09.88 nts	1693191179160
1957918 toao      20   0  134.0g  16.9g  11.0g S 352.9  13.5  24:16.46 nts	1693191179863
1957918 toao      20   0  134.0g  16.9g  11.0g S 400.0  13.5  24:23.11 nts	1693191180567
1957918 toao      20   0  134.0g  16.9g  11.0g S 441.2  13.5  24:29.93 nts	1693191181272
1957918 toao      20   0  134.0g  16.9g  11.0g S 452.9  13.5  24:36.62 nts	1693191181975
1957918 toao      20   0  134.0g  16.9g  11.0g S 476.5  13.5  24:43.47 nts	1693191182686
1957918 toao      20   0  134.0g  16.9g  11.0g S  1565  13.5  24:52.10 nts	1693191183386
1957918 toao      20   0  134.0g  16.9g  11.0g S  1541  13.5  24:58.83 nts	1693191184087
1957918 toao      20   0  134.0g  16.9g  11.0g S  1594  13.5  25:05.63 nts	1693191184786
1957918 toao      20   0  134.0g  16.9g  11.0g S  1494  13.5  25:12.24 nts	1693191185491
1957918 toao      20   0  134.0g  16.9g  11.0g S  1459  13.5  25:18.88 nts	1693191186191
1957918 toao      20   0  134.0g  16.9g  11.0g S 744.4  13.5  25:25.56 nts	1693191186891
1957918 toao      20   0  134.0g  16.9g  11.0g S 405.9  13.5  25:32.35 nts	1693191187596
1957918 toao      20   0  134.0g  16.9g  11.0g S 423.5  13.5  25:39.23 nts	1693191188298
1957918 toao      20   0  134.0g  16.9g  11.0g S 441.2  13.5  25:45.95 nts	1693191188998
1957918 toao      20   0  134.0g  16.9g  11.0g S 452.9  13.5  25:52.76 nts	1693191189698
1957918 toao      20   0  134.5g  16.9g  11.0g S 929.4  13.5  26:00.35 nts	1693191190407
1957918 toao      20   0  134.0g  16.9g  11.0g S  1218  13.5  26:07.57 nts	1693191191114
1957918 toao      20   0  134.0g  16.9g  11.0g S  1612  13.5  26:14.97 nts	1693191191821
1957918 toao      20   0  134.0g  16.9g  11.0g S  1576  13.5  26:21.76 nts	1693191192525
1957918 toao      20   0  134.0g  16.9g  11.0g S  1456  13.5  26:28.60 nts	1693191193232
1957918 toao      20   0  134.0g  16.9g  11.0g S  1494  13.5  26:35.13 nts	1693191193936
1957918 toao      20   0  134.0g  16.9g  11.0g S  1535  13.5  26:41.96 nts	1693191194635
1957918 toao      20   0  132.1g  16.9g  11.0g S  1383  13.5  26:48.53 nts	1693191195341
1957918 toao      20   0  132.8g  16.9g  11.0g S  1488  13.5  26:55.17 nts	1693191196047
1957918 toao      20   0  133.4g  16.9g  11.0g S  1188  13.5  27:01.83 nts	1693191196751
1957918 toao      20   0  133.4g  16.9g  11.0g S  1088  13.5  27:08.54 nts	1693191197451
1957918 toao      20   0  134.0g  16.9g  11.0g S  1311  13.5  27:15.20 nts	1693191198152
1957918 toao      20   0  134.0g  16.9g  11.0g S 770.6  13.5  27:22.00 nts	1693191198858
1957918 toao      20   0  134.0g  16.9g  11.0g S 682.4  13.5  27:28.82 nts	1693191199562
1957918 toao      20   0  134.0g  16.9g  11.0g S 493.8  13.5  27:35.64 nts	1693191200262
1957918 toao      20   0  134.5g  16.9g  11.0g S 611.8  13.5  27:42.77 nts	1693191200967
1957918 toao      20   0  134.0g  16.9g  11.0g S 500.0  13.5  27:49.32 nts	1693191201668
1957918 toao      20   0  134.0g  16.9g  11.0g S  1576  13.5  27:58.05 nts	1693191202370
1957918 toao      20   0  134.0g  16.9g  11.0g S  1506  13.5  28:04.74 nts	1693191203071
1957918 toao      20   0  134.0g  16.9g  11.0g S  1459  13.5  28:11.41 nts	1693191203771
1957918 toao      20   0  134.0g  16.9g  11.0g S  1535  13.5  28:18.32 nts	1693191204474
1957918 toao      20   0  134.0g  16.9g  11.0g S  1447  13.5  28:24.92 nts	1693191205178
1957918 toao      20   0  134.0g  16.9g  11.0g S  1582  13.5  28:31.84 nts	1693191205879
1957918 toao      20   0  134.0g  16.9g  11.0g S 394.1  13.5  28:38.50 nts	1693191206580
1957918 toao      20   0  134.0g  16.9g  11.0g S 394.1  13.5  28:45.33 nts	1693191207279
1957918 toao      20   0  134.0g  16.9g  11.0g S 435.3  13.5  28:51.93 nts	1693191207983
1957918 toao      20   0  134.0g  16.9g  11.0g S 468.8  13.5  28:58.61 nts	1693191208685
1957918 toao      20   0  134.0g  16.9g  11.0g S 470.6  13.5  29:05.51 nts	1693191209387
1957918 toao      20   0  134.0g  16.9g  11.0g S 482.4  13.5  29:12.33 nts	1693191210091
1957918 toao      20   0  134.0g  16.9g  11.0g S  1194  13.5  29:20.26 nts	1693191210792
1957918 toao      20   0  134.5g  16.9g  11.0g S 764.7  13.5  29:26.11 nts	1693191211491
1957918 toao      20   0  133.3g  16.9g  11.0g S  1312  13.5  29:33.70 nts	1693191212190
1957918 toao      20   0  133.4g  16.9g  11.0g S  1518  13.5  29:40.74 nts	1693191212891
1957918 toao      20   0  134.0g  16.9g  11.0g S  1494  13.5  29:47.27 nts	1693191213591
1957918 toao      20   0  134.0g  16.9g  11.0g S  1588  13.5  29:54.23 nts	1693191214290
1957918 toao      20   0  134.0g  16.9g  11.0g S  1559  13.5  30:00.99 nts	1693191214991
1957918 toao      20   0  134.0g  16.9g  11.0g S  1524  13.5  30:07.61 nts	1693191215690
1957918 toao      20   0  134.0g  16.9g  11.0g S  1588  13.5  30:14.36 nts	1693191216392
1957918 toao      20   0  134.0g  16.9g  11.0g S  1500  13.5  30:21.10 nts	1693191217091
1957918 toao      20   0  134.0g  16.9g  11.0g S 382.4  13.5  30:27.82 nts	1693191217791
1957918 toao      20   0  134.0g  16.9g  11.0g S 417.6  13.5  30:34.55 nts	1693191218492
1957918 toao      20   0  134.0g  16.9g  11.0g S 435.3  13.5  30:41.38 nts	1693191219191
1957918 toao      20   0  134.0g  16.9g  11.0g S 470.6  13.5  30:48.12 nts	1693191219891
1957918 toao      20   0  134.0g  16.9g  11.0g S 476.5  13.5  30:54.88 nts	1693191220595
1957918 toao      20   0  134.5g  16.9g  11.0g S 529.4  13.5  31:01.62 nts	1693191221295
1957918 toao      20   0  134.5g  16.9g  11.0g S 705.9  13.5  31:08.66 nts	1693191221995
1957918 toao      20   0  134.0g  16.9g  11.0g S  1288  13.5  31:16.43 nts	1693191222698
1957918 toao      20   0  134.0g  16.9g  11.0g S  1524  13.5  31:23.70 nts	1693191223398
1957918 toao      20   0  134.0g  16.9g  11.0g S  1488  13.5  31:30.48 nts	1693191224099
1957918 toao      20   0  134.0g  16.9g  11.0g S  1312  13.5  31:37.18 nts	1693191224798
1957918 toao      20   0  134.0g  16.9g  11.0g S  1482  13.5  31:43.89 nts	1693191225504
1957918 toao      20   0  134.0g  16.9g  11.0g S  1129  13.5  31:50.59 nts	1693191226206
1957918 toao      20   0  134.0g  16.9g  11.0g S 582.4  13.5  31:57.38 nts	1693191226911
1957918 toao      20   0  134.0g  16.9g  11.0g S 405.9  13.5  32:04.17 nts	1693191227609
1957918 toao      20   0  134.0g  16.9g  11.0g S 423.5  13.5  32:10.92 nts	1693191228313
1957918 toao      20   0  132.1g  16.9g  11.0g S 411.8  13.5  32:17.60 nts	1693191229022
1957918 toao      20   0  132.8g  16.9g  11.0g S 441.2  13.5  32:24.44 nts	1693191229726
1957918 toao      20   0  133.4g  16.9g  11.0g S 435.3  13.5  32:31.15 nts	1693191230430
1957918 toao      20   0  133.4g  16.9g  11.0g S 447.1  13.5  32:37.96 nts	1693191231131
1957918 toao      20   0  133.4g  16.9g  11.0g S 452.9  13.5  32:44.72 nts	1693191231837
1957918 toao      20   0  134.0g  16.9g  11.0g S 458.8  13.5  32:51.49 nts	1693191232539
1957918 toao      20   0  134.0g  16.9g  11.0g S 452.9  13.5  32:58.21 nts	1693191233245
1957918 toao      20   0  134.0g  16.9g  11.0g S 447.1  13.5  33:05.01 nts	1693191233948
1957918 toao      20   0  134.0g  16.9g  11.0g S  1681  13.5  33:13.71 nts	1693191234652
1957918 toao      20   0  134.0g  16.9g  11.0g S  1450  13.5  33:20.39 nts	1693191235358
1957918 toao      20   0  134.0g  16.9g  11.0g S  1553  13.5  33:27.11 nts	1693191236076
1957918 toao      20   0  134.0g  16.9g  11.0g S 858.8  13.5  33:33.84 nts	1693191236782
1957918 toao      20   0  134.0g  16.9g  11.0g S 482.4  13.5  33:40.67 nts	1693191237489
1957918 toao      20   0  134.0g  16.9g  11.0g S 364.7  13.5  33:47.43 nts	1693191238187
1957918 toao      20   0  134.0g  16.9g  11.0g S 462.5  13.5  33:54.13 nts	1693191238894
1957918 toao      20   0  134.0g  16.9g  11.0g S 431.2  13.5  34:00.83 nts	1693191239593
1957918 toao      20   0  134.4g  16.9g  11.0g S 466.7  13.5  34:07.68 nts	1693191240290
1957918 toao      20   0  134.5g  16.9g  11.0g S 929.4  13.5  34:15.13 nts	1693191240999
1957918 toao      20   0  134.0g  16.9g  11.0g S  1571  13.5  34:22.95 nts	1693191241700
1957918 toao      20   0  134.0g  16.9g  11.0g S  1571  13.5  34:29.68 nts	1693191242405
1957918 toao      20   0  134.0g  16.9g  11.0g S  1553  13.5  34:36.38 nts	1693191243109
1957918 toao      20   0  134.0g  16.9g  11.0g S  1494  13.5  34:43.13 nts	1693191243814
1957918 toao      20   0  134.0g  16.9g  11.0g S  1506  13.5  34:49.90 nts	1693191244521
1957918 toao      20   0  134.0g  16.9g  11.0g S  1506  13.5  34:56.78 nts	1693191245225
1957918 toao      20   0       0      0      0 Z  94.4   0.0  35:01.08 nts	1693191245930
1957918 toao      20   0       0      0      0 Z 100.0   0.0  35:01.79 nts	1693191246641
1957918 toao      20   0       0      0      0 Z 100.0   0.0  35:02.48 nts	1693191247354
1957918 toao      20   0       0      0      0 Z 100.0   0.0  35:03.18 nts	1693191248064
1957918 toao      20   0       0      0      0 Z 105.9   0.0  35:03.90 nts	1693191248783
