270183 fuzb      20   0   97.0g  39.1g 371540 R 100.0  10.4  54:21.77 nts	1727163982454
859289 aix       20   0 2496672 105200  69748 R 100.0   0.0   0:00.20 nts	1727163982454
270183 fuzb      20   0   97.0g  39.1g 371540 R 100.0  10.4  54:22.51 nts	1727163983197
859289 aix       20   0   34.5g 405156 216232 R 100.0   0.1   0:17.54 nts	1727163983197
270183 fuzb      20   0   97.0g  39.1g 371540 R 100.0  10.4  54:23.23 nts	1727163983921
859289 aix       20   0   34.9g 762620 265744 R 100.0   0.2   0:17.95 nts	1727163983921
270183 fuzb      20   0   97.0g  39.1g 371540 R 105.9  10.4  54:23.95 nts	1727163984648
859289 aix       20   0   35.3g 983620 293160 R  52.9   0.2   0:18.35 nts	1727163984648
270183 fuzb      20   0   97.0g  39.1g 371540 R 100.0  10.4  54:24.68 nts	1727163985368
859289 aix       20   0   35.8g   1.3g 337408 D   5.6   0.3   0:18.82 nts	1727163985368
270183 fuzb      20   0   97.0g  39.1g 371540 R 100.0  10.4  54:25.40 nts	1727163986093
859289 aix       20   0   36.6g   1.8g 431400 R  94.4   0.5   0:19.40 nts	1727163986093
270183 fuzb      20   0   97.0g  39.1g 371540 R 100.0  10.4  54:26.12 nts	1727163986817
859289 aix       20   0   37.2g   2.2g 485620 R 100.0   0.6   0:19.82 nts	1727163986817
270183 fuzb      20   0   97.0g  39.1g 371540 R 100.0  10.4  54:26.85 nts	1727163987541
859289 aix       20   0   37.7g   2.5g 536412 R  33.3   0.7   0:20.21 nts	1727163987541
859289 aix       20   0   85.9g   2.5g 565720 R  3484   0.7   0:31.14 nts	1727163988267
270183 fuzb      20   0   97.0g  39.1g 371540 R  94.7  10.4  54:27.57 nts	1727163988267
859289 aix       20   0  113.7g   2.6g 568348 S  3672   0.7   0:54.56 nts	1727163988993
270183 fuzb      20   0   97.0g  39.1g 371540 R  55.6  10.4  54:28.10 nts	1727163988993
859289 aix       20   0  114.9g   2.6g 568448 S  3811   0.7   1:20.30 nts	1727163989717
270183 fuzb      20   0   97.0g  39.1g 371540 R  72.2  10.4  54:28.62 nts	1727163989717
859289 aix       20   0  114.3g   2.6g 568448 S  4024   0.7   1:47.30 nts	1727163990439
270183 fuzb      20   0   97.0g  39.1g 371540 R  82.4  10.4  54:29.20 nts	1727163990439
859289 aix       20   0  113.7g   2.7g 568448 S  3856   0.7   2:14.73 nts	1727163991165
270183 fuzb      20   0   97.0g  39.1g 371540 R  72.2  10.4  54:29.70 nts	1727163991165
859289 aix       20   0  113.6g   2.7g 568448 S  3650   0.7   2:41.97 nts	1727163991893
270183 fuzb      20   0   97.0g  39.1g 371540 R  61.1  10.4  54:30.23 nts	1727163991893
859289 aix       20   0  110.6g   2.7g 586244 R  2935   0.7   3:07.52 nts	1727163992617
270183 fuzb      20   0   97.0g  39.1g 371540 R  64.7  10.4  54:30.76 nts	1727163992617
