| 30%   31C    P8              15W / 230W |    718MiB / 24564MiB |      0%      Default |	1727163982456
| 30%   31C    P8              19W / 230W |     12MiB / 24564MiB |      0%      Default |	1727163982456
| 30%   31C    P8              20W / 230W |     12MiB / 24564MiB |      0%      Default |	1727163982456
| 30%   31C    P8              16W / 230W |     12MiB / 24564MiB |      0%      Default |	1727163982456
| 30%   32C    P2              18W / 230W |   1005MiB / 24564MiB |      7%      Default |	1727163983390
| 30%   32C    P8              20W / 230W |     12MiB / 24564MiB |      0%      Default |	1727163983390
| 30%   31C    P8              21W / 230W |     12MiB / 24564MiB |      0%      Default |	1727163983390
| 30%   31C    P8              17W / 230W |     12MiB / 24564MiB |      0%      Default |	1727163983390
| 30%   33C    P2              57W / 230W |   1159MiB / 24564MiB |      5%      Default |	1727163984315
| 30%   32C    P8              24W / 230W |     12MiB / 24564MiB |      0%      Default |	1727163984315
| 30%   31C    P8              26W / 230W |     12MiB / 24564MiB |      0%      Default |	1727163984315
| 30%   31C    P8              20W / 230W |     12MiB / 24564MiB |      0%      Default |	1727163984315
| 30%   33C    P2              57W / 230W |   1327MiB / 24564MiB |      4%      Default |	1727163985279
| 30%   33C    P0              32W / 230W |     12MiB / 24564MiB |      0%      Default |	1727163985279
| 30%   32C    P0              29W / 230W |     12MiB / 24564MiB |      3%      Default |	1727163985279
| 30%   32C    P0              20W / 230W |     12MiB / 24564MiB |      0%      Default |	1727163985279
| 30%   33C    P2              57W / 230W |   1497MiB / 24564MiB |      8%      Default |	1727163986237
| 30%   33C    P2              62W / 230W |   3868MiB / 24564MiB |     22%      Default |	1727163986237
| 30%   33C    P0              63W / 230W |     12MiB / 24564MiB |      0%      Default |	1727163986237
| 30%   33C    P0              54W / 230W |     12MiB / 24564MiB |      0%      Default |	1727163986237
| 30%   33C    P2              57W / 230W |   1685MiB / 24564MiB |      5%      Default |	1727163987201
| 30%   33C    P2              60W / 230W |   3868MiB / 24564MiB |      0%      Default |	1727163987201
| 30%   31C    P8              38W / 230W |     12MiB / 24564MiB |      0%      Default |	1727163987201
| 30%   31C    P8              35W / 230W |     12MiB / 24564MiB |      0%      Default |	1727163987201
| 30%   34C    P2              58W / 230W |   3319MiB / 24564MiB |      0%      Default |	1727163988202
| 30%   34C    P2              60W / 230W |   3868MiB / 24564MiB |      0%      Default |	1727163988202
| 30%   31C    P8              28W / 230W |     12MiB / 24564MiB |      0%      Default |	1727163988202
| 30%   31C    P8              25W / 230W |     12MiB / 24564MiB |      0%      Default |	1727163988202
| 30%   34C    P2              59W / 230W |   3417MiB / 24564MiB |      5%      Default |	1727163989190
| 30%   34C    P2              60W / 230W |   3868MiB / 24564MiB |      0%      Default |	1727163989190
| 30%   31C    P8              20W / 230W |     12MiB / 24564MiB |      0%      Default |	1727163989190
| 30%   31C    P8              17W / 230W |     12MiB / 24564MiB |      0%      Default |	1727163989190
| 30%   34C    P2              59W / 230W |   3419MiB / 24564MiB |      7%      Default |	1727163990162
| 30%   34C    P2              60W / 230W |   3868MiB / 24564MiB |      0%      Default |	1727163990162
| 30%   31C    P8              20W / 230W |     12MiB / 24564MiB |      0%      Default |	1727163990162
| 30%   31C    P8              16W / 230W |     12MiB / 24564MiB |      0%      Default |	1727163990162
| 30%   34C    P2              59W / 230W |   3419MiB / 24564MiB |      4%      Default |	1727163991110
| 30%   34C    P2              61W / 230W |   3868MiB / 24564MiB |      0%      Default |	1727163991110
| 30%   31C    P8              22W / 230W |     12MiB / 24564MiB |      0%      Default |	1727163991110
| 30%   31C    P8              16W / 230W |     12MiB / 24564MiB |      0%      Default |	1727163991110
| 30%   34C    P2              59W / 230W |   3419MiB / 24564MiB |      5%      Default |	1727163992061
| 30%   34C    P2              60W / 230W |   3868MiB / 24564MiB |      0%      Default |	1727163992061
| 30%   31C    P8              21W / 230W |     12MiB / 24564MiB |      0%      Default |	1727163992061
| 30%   31C    P8              16W / 230W |     12MiB / 24564MiB |      0%      Default |	1727163992061
| 30%   34C    P2              59W / 230W |    718MiB / 24564MiB |     35%      Default |	1727163993036
| 30%   34C    P2              61W / 230W |   3868MiB / 24564MiB |      0%      Default |	1727163993036
| 30%   31C    P8              20W / 230W |     12MiB / 24564MiB |      0%      Default |	1727163993036
| 30%   31C    P8              17W / 230W |     12MiB / 24564MiB |      0%      Default |	1727163993036
