| 33%   47C    P0    75W / 250W |      8MiB / 11019MiB |     18%      Default |	1688350214312
| 33%   46C    P3    50W / 250W |      8MiB / 11019MiB |      0%      Default |	1688350214854
| 33%   46C    P3    50W / 250W |      8MiB / 11019MiB |      0%      Default |	1688350215394
| 33%   45C    P5    20W / 250W |      8MiB / 11019MiB |      0%      Default |	1688350215950
| 33%   45C    P5    20W / 250W |      8MiB / 11019MiB |      0%      Default |	1688350216502
| 33%   45C    P5    20W / 250W |      8MiB / 11019MiB |      0%      Default |	1688350217039
| 33%   45C    P8    14W / 250W |      8MiB / 11019MiB |      0%      Default |	1688350217573
| 33%   45C    P8    14W / 250W |      8MiB / 11019MiB |      0%      Default |	1688350218108
| 33%   45C    P8    16W / 250W |      8MiB / 11019MiB |      0%      Default |	1688350218642
| 33%   44C    P8    15W / 250W |      8MiB / 11019MiB |      0%      Default |	1688350219180
| 33%   44C    P8    14W / 250W |      8MiB / 11019MiB |      0%      Default |	1688350219717
| 33%   44C    P8    15W / 250W |      8MiB / 11019MiB |      0%      Default |	1688350220254
| 33%   44C    P8    14W / 250W |      8MiB / 11019MiB |      0%      Default |	1688350220794
| 33%   44C    P8    15W / 250W |      8MiB / 11019MiB |      0%      Default |	1688350221332
| 33%   44C    P8    14W / 250W |      8MiB / 11019MiB |      0%      Default |	1688350221872
| 33%   44C    P8    14W / 250W |      8MiB / 11019MiB |      0%      Default |	1688350222410
| 33%   44C    P8    14W / 250W |      8MiB / 11019MiB |      0%      Default |	1688350222947
| 33%   44C    P8    15W / 250W |      8MiB / 11019MiB |      0%      Default |	1688350223484
| 33%   44C    P8    14W / 250W |      8MiB / 11019MiB |      0%      Default |	1688350224020
| 33%   43C    P8    15W / 250W |      8MiB / 11019MiB |      0%      Default |	1688350224558
| 33%   43C    P8    14W / 250W |      8MiB / 11019MiB |      0%      Default |	1688350225093
| 33%   43C    P8    15W / 250W |      8MiB / 11019MiB |      0%      Default |	1688350225626
| 33%   43C    P8    14W / 250W |      8MiB / 11019MiB |      0%      Default |	1688350226166
| 33%   43C    P8    14W / 250W |      8MiB / 11019MiB |      0%      Default |	1688350226705
| 33%   43C    P8    15W / 250W |      8MiB / 11019MiB |      0%      Default |	1688350227243
| 33%   43C    P8    14W / 250W |      8MiB / 11019MiB |      0%      Default |	1688350227781
| 33%   43C    P8    15W / 250W |      8MiB / 11019MiB |      0%      Default |	1688350228318
| 33%   43C    P8    16W / 250W |      8MiB / 11019MiB |      0%      Default |	1688350228857
| 33%   43C    P8    15W / 250W |      8MiB / 11019MiB |      0%      Default |	1688350229396
| 33%   43C    P8    14W / 250W |      8MiB / 11019MiB |      0%      Default |	1688350229933
| 33%   42C    P8    15W / 250W |      8MiB / 11019MiB |      0%      Default |	1688350230470
| 33%   42C    P8    14W / 250W |      8MiB / 11019MiB |      0%      Default |	1688350231005
| 33%   42C    P8    15W / 250W |      8MiB / 11019MiB |      0%      Default |	1688350231543
| 33%   42C    P8    14W / 250W |      8MiB / 11019MiB |      0%      Default |	1688350232079
| 33%   42C    P8    15W / 250W |      8MiB / 11019MiB |      0%      Default |	1688350232618
| 33%   42C    P8    14W / 250W |      8MiB / 11019MiB |      0%      Default |	1688350233157
| 33%   42C    P8    14W / 250W |      8MiB / 11019MiB |      0%      Default |	1688350233696
| 33%   42C    P8    15W / 250W |      8MiB / 11019MiB |      0%      Default |	1688350234233
| 33%   42C    P8    14W / 250W |      8MiB / 11019MiB |      0%      Default |	1688350234771
| 33%   42C    P8    15W / 250W |      8MiB / 11019MiB |      0%      Default |	1688350235309
| 33%   42C    P8    15W / 250W |      8MiB / 11019MiB |      0%      Default |	1688350235847
| 33%   42C    P8    15W / 250W |      8MiB / 11019MiB |      0%      Default |	1688350236385
| 33%   42C    P8    15W / 250W |      8MiB / 11019MiB |      0%      Default |	1688350236923
| 33%   43C    P2    56W / 250W |    261MiB / 11019MiB |      0%      Default |	1688350237461
| 33%   43C    P2    56W / 250W |    489MiB / 11019MiB |      4%      Default |	1688350237998
| 33%   43C    P2    56W / 250W |    709MiB / 11019MiB |      4%      Default |	1688350238537
| 33%   44C    P2    56W / 250W |    847MiB / 11019MiB |      5%      Default |	1688350239074
| 32%   44C    P2    56W / 250W |    847MiB / 11019MiB |      5%      Default |	1688350239612
| 32%   44C    P2    56W / 250W |    847MiB / 11019MiB |      0%      Default |	1688350240147
| 33%   44C    P2    56W / 250W |    847MiB / 11019MiB |      0%      Default |	1688350240687
| 33%   44C    P2    56W / 250W |    847MiB / 11019MiB |      0%      Default |	1688350241226
| 33%   44C    P2    56W / 250W |    847MiB / 11019MiB |      0%      Default |	1688350241764
| 33%   44C    P2    56W / 250W |    847MiB / 11019MiB |      0%      Default |	1688350242303
| 32%   44C    P2    56W / 250W |    847MiB / 11019MiB |      0%      Default |	1688350242842
| 33%   44C    P2    56W / 250W |    847MiB / 11019MiB |      0%      Default |	1688350243379
| 33%   44C    P2    56W / 250W |    847MiB / 11019MiB |      0%      Default |	1688350243918
| 33%   44C    P2    56W / 250W |    847MiB / 11019MiB |      0%      Default |	1688350244456
| 32%   44C    P2    56W / 250W |    847MiB / 11019MiB |      0%      Default |	1688350244993
| 33%   44C    P2    56W / 250W |    847MiB / 11019MiB |      0%      Default |	1688350245530
| 33%   44C    P2    56W / 250W |    847MiB / 11019MiB |      0%      Default |	1688350246067
| 33%   44C    P2    56W / 250W |    847MiB / 11019MiB |      0%      Default |	1688350246606
| 33%   44C    P2    56W / 250W |    847MiB / 11019MiB |      0%      Default |	1688350247144
| 32%   44C    P2    56W / 250W |    847MiB / 11019MiB |      0%      Default |	1688350247683
| 32%   44C    P2    56W / 250W |    847MiB / 11019MiB |      0%      Default |	1688350248222
| 33%   44C    P2    56W / 250W |    847MiB / 11019MiB |      0%      Default |	1688350248760
| 33%   44C    P2    56W / 250W |    847MiB / 11019MiB |      0%      Default |	1688350249297
| 32%   44C    P2    56W / 250W |    847MiB / 11019MiB |      0%      Default |	1688350249836
| 32%   44C    P2    56W / 250W |    847MiB / 11019MiB |      0%      Default |	1688350250374
| 32%   44C    P2    56W / 250W |    847MiB / 11019MiB |      0%      Default |	1688350250911
| 32%   44C    P2    56W / 250W |    847MiB / 11019MiB |      0%      Default |	1688350251448
| 33%   45C    P2    56W / 250W |    847MiB / 11019MiB |      0%      Default |	1688350251985
| 33%   45C    P2    55W / 250W |    847MiB / 11019MiB |      0%      Default |	1688350252523
| 32%   45C    P2    56W / 250W |    847MiB / 11019MiB |      0%      Default |	1688350253060
| 32%   45C    P2    56W / 250W |    847MiB / 11019MiB |      0%      Default |	1688350253596
| 33%   45C    P2    56W / 250W |    847MiB / 11019MiB |      0%      Default |	1688350254134
| 32%   45C    P2    56W / 250W |    847MiB / 11019MiB |      0%      Default |	1688350254672
| 32%   45C    P2    56W / 250W |    847MiB / 11019MiB |      0%      Default |	1688350255209
| 32%   45C    P2    56W / 250W |    847MiB / 11019MiB |      0%      Default |	1688350255746
| 32%   44C    P8    15W / 250W |    847MiB / 11019MiB |      0%      Default |	1688350256283
| 32%   44C    P8    13W / 250W |    847MiB / 11019MiB |      0%      Default |	1688350256822
| 32%   43C    P8    14W / 250W |    847MiB / 11019MiB |      0%      Default |	1688350257360
| 33%   43C    P8    14W / 250W |    847MiB / 11019MiB |      0%      Default |	1688350257900
| 33%   43C    P8    14W / 250W |    847MiB / 11019MiB |      0%      Default |	1688350258440
| 32%   43C    P8    14W / 250W |    847MiB / 11019MiB |      0%      Default |	1688350258982
| 32%   43C    P8    15W / 250W |    847MiB / 11019MiB |      0%      Default |	1688350259520
| 32%   43C    P8    14W / 250W |    847MiB / 11019MiB |      0%      Default |	1688350260057
| 32%   43C    P8    15W / 250W |    847MiB / 11019MiB |      0%      Default |	1688350260595
| 32%   42C    P8    14W / 250W |    847MiB / 11019MiB |      0%      Default |	1688350261133
| 32%   42C    P8    13W / 250W |    847MiB / 11019MiB |      0%      Default |	1688350261672
| 32%   42C    P8    14W / 250W |    847MiB / 11019MiB |      0%      Default |	1688350262213
| 32%   42C    P8    14W / 250W |    847MiB / 11019MiB |      0%      Default |	1688350262752
| 32%   42C    P8    13W / 250W |    847MiB / 11019MiB |      0%      Default |	1688350263292
| 32%   42C    P8    14W / 250W |    847MiB / 11019MiB |      0%      Default |	1688350263832
| 32%   42C    P8    14W / 250W |    847MiB / 11019MiB |      0%      Default |	1688350264373
| 32%   42C    P8    14W / 250W |    847MiB / 11019MiB |      0%      Default |	1688350264912
| 32%   42C    P8    14W / 250W |    847MiB / 11019MiB |      0%      Default |	1688350265451
| 32%   42C    P8    14W / 250W |    847MiB / 11019MiB |      0%      Default |	1688350265991
| 32%   42C    P8    13W / 250W |    847MiB / 11019MiB |      0%      Default |	1688350266531
| 32%   42C    P8    14W / 250W |    847MiB / 11019MiB |      0%      Default |	1688350267071
| 32%   41C    P8    13W / 250W |    847MiB / 11019MiB |      0%      Default |	1688350267612
| 32%   41C    P8    13W / 250W |    847MiB / 11019MiB |      0%      Default |	1688350268152
| 32%   41C    P8    14W / 250W |    847MiB / 11019MiB |      0%      Default |	1688350268692
| 32%   41C    P8    14W / 250W |    847MiB / 11019MiB |      0%      Default |	1688350269232
| 32%   41C    P8    14W / 250W |    847MiB / 11019MiB |      0%      Default |	1688350269772
| 32%   43C    P2    55W / 250W |    855MiB / 11019MiB |      0%      Default |	1688350270313
| 32%   43C    P2    55W / 250W |    855MiB / 11019MiB |      0%      Default |	1688350270846
| 32%   43C    P2    55W / 250W |    855MiB / 11019MiB |      0%      Default |	1688350271379
| 32%   43C    P2    55W / 250W |    855MiB / 11019MiB |      0%      Default |	1688350271918
| 32%   43C    P2    55W / 250W |    855MiB / 11019MiB |      0%      Default |	1688350272449
| 32%   43C    P2    55W / 250W |    865MiB / 11019MiB |      0%      Default |	1688350272984
| 32%   44C    P2    56W / 250W |   1435MiB / 11019MiB |      0%      Default |	1688350273528
| 32%   44C    P2    56W / 250W |   3569MiB / 11019MiB |      5%      Default |	1688350274068
| 32%   44C    P2    63W / 250W |   8471MiB / 11019MiB |      5%      Default |	1688350274600
| 32%   45C    P2   119W / 250W |   8611MiB / 11019MiB |     26%      Default |	1688350275138
| 32%   45C    P2    73W / 250W |   8613MiB / 11019MiB |     26%      Default |	1688350275674
| 32%   46C    P2   155W / 250W |   9495MiB / 11019MiB |     23%      Default |	1688350276208
| 32%   45C    P2    75W / 250W |   9495MiB / 11019MiB |     23%      Default |	1688350276742
| 32%   46C    P2   105W / 250W |   9495MiB / 11019MiB |     23%      Default |	1688350277275
| 32%   46C    P2    75W / 250W |   9497MiB / 11019MiB |     23%      Default |	1688350277820
| 32%   46C    P2   126W / 250W |   9497MiB / 11019MiB |     21%      Default |	1688350278354
| 32%   47C    P2    75W / 250W |   9497MiB / 11019MiB |     21%      Default |	1688350278914
| 32%   46C    P2   135W / 250W |   9497MiB / 11019MiB |     26%      Default |	1688350279466
| 32%   47C    P2   126W / 250W |   9497MiB / 11019MiB |     20%      Default |	1688350280017
| 32%   47C    P2    75W / 250W |   9497MiB / 11019MiB |     20%      Default |	1688350280563
| 32%   47C    P2   119W / 250W |   9497MiB / 11019MiB |     18%      Default |	1688350281107
| 32%   47C    P2    75W / 250W |   9497MiB / 11019MiB |     18%      Default |	1688350281643
| 32%   48C    P2    75W / 250W |   9497MiB / 11019MiB |     25%      Default |	1688350282189
| 32%   47C    P2    75W / 250W |   9497MiB / 11019MiB |     25%      Default |	1688350282723
| 32%   48C    P2    75W / 250W |   9497MiB / 11019MiB |     22%      Default |	1688350283295
| 32%   46C    P2    59W / 250W |   9497MiB / 11019MiB |     22%      Default |	1688350283849
| 32%   47C    P2    60W / 250W |   9497MiB / 11019MiB |     14%      Default |	1688350284403
| 33%   47C    P2    70W / 250W |   9497MiB / 11019MiB |     14%      Default |	1688350284966
| 33%   47C    P2    69W / 250W |   9497MiB / 11019MiB |     25%      Default |	1688350285501
| 33%   48C    P2   121W / 250W |   9497MiB / 11019MiB |     25%      Default |	1688350286036
| 33%   48C    P2    75W / 250W |   9497MiB / 11019MiB |     20%      Default |	1688350286567
| 33%   48C    P2   136W / 250W |   9497MiB / 11019MiB |     22%      Default |	1688350287104
| 33%   48C    P2    75W / 250W |   9497MiB / 11019MiB |     22%      Default |	1688350287648
| 33%   48C    P2   138W / 250W |   9633MiB / 11019MiB |     19%      Default |	1688350288183
| 33%   48C    P0    81W / 250W |      8MiB / 11019MiB |     19%      Default |	1688350288719
