| 37%   50C    P0    77W / 250W |      5MiB / 11019MiB |      9%      Default |	1688364756812
| 37%   49C    P3    51W / 250W |      5MiB / 11019MiB |      0%      Default |	1688364757377
| 36%   48C    P5    45W / 250W |      5MiB / 11019MiB |      0%      Default |	1688364757918
| 36%   47C    P5    20W / 250W |      5MiB / 11019MiB |      0%      Default |	1688364758462
| 37%   47C    P5    20W / 250W |      5MiB / 11019MiB |      0%      Default |	1688364758999
| 37%   47C    P8    15W / 250W |      5MiB / 11019MiB |      0%      Default |	1688364759539
| 37%   47C    P8    15W / 250W |      5MiB / 11019MiB |      0%      Default |	1688364760073
| 37%   47C    P8    15W / 250W |      5MiB / 11019MiB |      0%      Default |	1688364760608
| 37%   47C    P8    14W / 250W |      5MiB / 11019MiB |      0%      Default |	1688364761145
| 37%   46C    P8    15W / 250W |      5MiB / 11019MiB |      0%      Default |	1688364761683
| 37%   46C    P8    15W / 250W |      5MiB / 11019MiB |      0%      Default |	1688364762222
| 37%   46C    P8    15W / 250W |      5MiB / 11019MiB |      0%      Default |	1688364762761
| 37%   46C    P8    15W / 250W |      5MiB / 11019MiB |      0%      Default |	1688364763298
| 37%   46C    P8    15W / 250W |      5MiB / 11019MiB |      0%      Default |	1688364763836
| 37%   46C    P8    15W / 250W |      5MiB / 11019MiB |      0%      Default |	1688364764374
| 37%   46C    P8    14W / 250W |      5MiB / 11019MiB |      0%      Default |	1688364764913
| 37%   45C    P8    14W / 250W |      5MiB / 11019MiB |      0%      Default |	1688364765448
| 37%   45C    P8    14W / 250W |      5MiB / 11019MiB |      0%      Default |	1688364765990
| 37%   45C    P8    16W / 250W |      5MiB / 11019MiB |      0%      Default |	1688364766528
| 37%   45C    P8    16W / 250W |      5MiB / 11019MiB |      0%      Default |	1688364767071
| 37%   45C    P8    15W / 250W |      5MiB / 11019MiB |      0%      Default |	1688364767611
| 37%   45C    P8    15W / 250W |      5MiB / 11019MiB |      0%      Default |	1688364768152
| 37%   45C    P8    15W / 250W |      5MiB / 11019MiB |      0%      Default |	1688364768692
| 37%   45C    P8    14W / 250W |      5MiB / 11019MiB |      0%      Default |	1688364769231
| 37%   44C    P8    15W / 250W |      5MiB / 11019MiB |      0%      Default |	1688364769771
| 37%   44C    P8    15W / 250W |      5MiB / 11019MiB |      0%      Default |	1688364770307
| 37%   44C    P8    15W / 250W |      5MiB / 11019MiB |      0%      Default |	1688364770841
| 36%   44C    P8    15W / 250W |      5MiB / 11019MiB |      0%      Default |	1688364771378
| 36%   44C    P8    15W / 250W |      5MiB / 11019MiB |      0%      Default |	1688364771914
| 37%   44C    P8    16W / 250W |      5MiB / 11019MiB |      0%      Default |	1688364772451
| 36%   44C    P8    16W / 250W |      5MiB / 11019MiB |      0%      Default |	1688364772989
| 36%   44C    P8    15W / 250W |      5MiB / 11019MiB |      0%      Default |	1688364773527
| 36%   44C    P8    15W / 250W |      5MiB / 11019MiB |      0%      Default |	1688364774063
| 36%   44C    P8    15W / 250W |      5MiB / 11019MiB |      0%      Default |	1688364774597
| 36%   44C    P8    15W / 250W |      5MiB / 11019MiB |      0%      Default |	1688364775136
| 36%   43C    P8    15W / 250W |      5MiB / 11019MiB |      0%      Default |	1688364775671
| 36%   43C    P8    15W / 250W |      5MiB / 11019MiB |      0%      Default |	1688364776208
| 36%   43C    P8    15W / 250W |      5MiB / 11019MiB |      0%      Default |	1688364776744
| 36%   43C    P8    15W / 250W |      5MiB / 11019MiB |      0%      Default |	1688364777282
| 36%   43C    P8    14W / 250W |      5MiB / 11019MiB |      0%      Default |	1688364777823
| 36%   43C    P8    15W / 250W |      5MiB / 11019MiB |      0%      Default |	1688364778362
| 36%   43C    P8    15W / 250W |      5MiB / 11019MiB |      0%      Default |	1688364778900
| 36%   43C    P8    14W / 250W |      5MiB / 11019MiB |      0%      Default |	1688364779440
| 36%   43C    P8    15W / 250W |      5MiB / 11019MiB |      0%      Default |	1688364779980
| 36%   43C    P8    15W / 250W |      5MiB / 11019MiB |      0%      Default |	1688364780517
| 36%   43C    P8    15W / 250W |      5MiB / 11019MiB |      0%      Default |	1688364781056
| 36%   43C    P8    15W / 250W |      5MiB / 11019MiB |      0%      Default |	1688364781594
| 36%   43C    P8    15W / 250W |      5MiB / 11019MiB |      0%      Default |	1688364782132
| 36%   42C    P8    15W / 250W |      5MiB / 11019MiB |      0%      Default |	1688364782671
| 36%   42C    P8    14W / 250W |      5MiB / 11019MiB |      0%      Default |	1688364783210
| 36%   42C    P8    15W / 250W |      5MiB / 11019MiB |      0%      Default |	1688364783748
| 36%   42C    P8    15W / 250W |      5MiB / 11019MiB |      0%      Default |	1688364784287
| 36%   42C    P8    15W / 250W |      5MiB / 11019MiB |      0%      Default |	1688364784826
| 36%   42C    P8    15W / 250W |      5MiB / 11019MiB |      0%      Default |	1688364785364
| 36%   42C    P8    15W / 250W |      5MiB / 11019MiB |      0%      Default |	1688364785902
| 36%   42C    P8    14W / 250W |      5MiB / 11019MiB |      0%      Default |	1688364786442
| 36%   42C    P8    15W / 250W |      5MiB / 11019MiB |      0%      Default |	1688364786979
| 36%   42C    P8    15W / 250W |      5MiB / 11019MiB |      0%      Default |	1688364787517
| 36%   42C    P8    14W / 250W |      5MiB / 11019MiB |      0%      Default |	1688364788055
| 36%   42C    P8    15W / 250W |      5MiB / 11019MiB |      0%      Default |	1688364788593
| 36%   42C    P8    15W / 250W |      5MiB / 11019MiB |      0%      Default |	1688364789131
| 36%   43C    P2    48W / 250W |    209MiB / 11019MiB |      0%      Default |	1688364789668
| 36%   43C    P2    56W / 250W |    443MiB / 11019MiB |      3%      Default |	1688364790203
| 36%   44C    P2    56W / 250W |    663MiB / 11019MiB |      3%      Default |	1688364790741
| 36%   44C    P2    56W / 250W |    847MiB / 11019MiB |      5%      Default |	1688364791279
| 36%   44C    P2    56W / 250W |    847MiB / 11019MiB |      5%      Default |	1688364791817
| 36%   44C    P2    56W / 250W |    847MiB / 11019MiB |      1%      Default |	1688364792356
| 36%   44C    P2    56W / 250W |    849MiB / 11019MiB |      1%      Default |	1688364792894
| 36%   44C    P2    56W / 250W |    849MiB / 11019MiB |      0%      Default |	1688364793431
| 36%   44C    P2    56W / 250W |    849MiB / 11019MiB |      0%      Default |	1688364793968
| 36%   44C    P2    56W / 250W |    849MiB / 11019MiB |      0%      Default |	1688364794505
| 36%   44C    P2    56W / 250W |    849MiB / 11019MiB |      0%      Default |	1688364795044
| 36%   44C    P2    56W / 250W |    849MiB / 11019MiB |      0%      Default |	1688364795580
| 36%   44C    P2    56W / 250W |    849MiB / 11019MiB |      0%      Default |	1688364796117
| 36%   44C    P2    56W / 250W |    849MiB / 11019MiB |      0%      Default |	1688364796654
| 36%   44C    P2    56W / 250W |    849MiB / 11019MiB |      0%      Default |	1688364797192
| 36%   44C    P2    56W / 250W |    849MiB / 11019MiB |      0%      Default |	1688364797727
| 36%   45C    P2    56W / 250W |    849MiB / 11019MiB |      0%      Default |	1688364798262
| 36%   45C    P2    56W / 250W |    849MiB / 11019MiB |      0%      Default |	1688364798798
| 36%   45C    P2    56W / 250W |    849MiB / 11019MiB |      0%      Default |	1688364799337
| 36%   45C    P2    56W / 250W |    849MiB / 11019MiB |      0%      Default |	1688364799873
| 36%   45C    P2    56W / 250W |    849MiB / 11019MiB |      0%      Default |	1688364800411
| 36%   45C    P2    56W / 250W |    849MiB / 11019MiB |      0%      Default |	1688364800948
| 36%   45C    P2    56W / 250W |    849MiB / 11019MiB |      0%      Default |	1688364801488
| 36%   45C    P2    56W / 250W |    849MiB / 11019MiB |      0%      Default |	1688364802026
| 36%   45C    P2    56W / 250W |    849MiB / 11019MiB |      0%      Default |	1688364802563
| 36%   45C    P2    56W / 250W |    849MiB / 11019MiB |      0%      Default |	1688364803101
| 35%   45C    P2    56W / 250W |    849MiB / 11019MiB |      0%      Default |	1688364803635
| 35%   45C    P2    56W / 250W |    849MiB / 11019MiB |      0%      Default |	1688364804173
| 36%   45C    P2    56W / 250W |    849MiB / 11019MiB |      0%      Default |	1688364804711
| 36%   45C    P2    56W / 250W |    849MiB / 11019MiB |      0%      Default |	1688364805246
| 35%   45C    P2    56W / 250W |    849MiB / 11019MiB |      0%      Default |	1688364805784
| 35%   45C    P2    56W / 250W |    849MiB / 11019MiB |      0%      Default |	1688364806322
| 36%   45C    P2    56W / 250W |    849MiB / 11019MiB |      0%      Default |	1688364806859
| 36%   45C    P2    56W / 250W |    849MiB / 11019MiB |      0%      Default |	1688364807396
| 35%   45C    P8    55W / 250W |    849MiB / 11019MiB |      0%      Default |	1688364807933
| 35%   44C    P8    16W / 250W |    849MiB / 11019MiB |      0%      Default |	1688364808472
| 35%   44C    P8    18W / 250W |    849MiB / 11019MiB |      0%      Default |	1688364809010
| 35%   44C    P8    15W / 250W |    849MiB / 11019MiB |      0%      Default |	1688364809549
| 36%   43C    P8    15W / 250W |    849MiB / 11019MiB |      0%      Default |	1688364810087
| 36%   43C    P8    15W / 250W |    849MiB / 11019MiB |      0%      Default |	1688364810624
| 35%   43C    P8    15W / 250W |    849MiB / 11019MiB |      0%      Default |	1688364811162
| 35%   43C    P8    14W / 250W |    849MiB / 11019MiB |      0%      Default |	1688364811700
| 35%   43C    P8    15W / 250W |    849MiB / 11019MiB |      0%      Default |	1688364812238
| 35%   43C    P8    14W / 250W |    849MiB / 11019MiB |      0%      Default |	1688364812777
| 35%   43C    P8    15W / 250W |    849MiB / 11019MiB |      0%      Default |	1688364813315
| 35%   43C    P8    15W / 250W |    849MiB / 11019MiB |      0%      Default |	1688364813853
| 35%   42C    P8    15W / 250W |    849MiB / 11019MiB |      0%      Default |	1688364814392
| 35%   42C    P8    15W / 250W |    849MiB / 11019MiB |      0%      Default |	1688364814927
| 35%   42C    P8    14W / 250W |    849MiB / 11019MiB |      0%      Default |	1688364815463
| 35%   42C    P8    15W / 250W |    849MiB / 11019MiB |      0%      Default |	1688364816001
| 35%   42C    P8    14W / 250W |    849MiB / 11019MiB |      0%      Default |	1688364816539
| 35%   42C    P8    14W / 250W |    849MiB / 11019MiB |      0%      Default |	1688364817078
| 35%   42C    P8    15W / 250W |    849MiB / 11019MiB |      0%      Default |	1688364817618
| 35%   42C    P8    15W / 250W |    849MiB / 11019MiB |      0%      Default |	1688364818156
| 35%   42C    P8    14W / 250W |    849MiB / 11019MiB |      0%      Default |	1688364818693
| 35%   42C    P8    14W / 250W |    849MiB / 11019MiB |      0%      Default |	1688364819232
| 35%   42C    P8    15W / 250W |    849MiB / 11019MiB |      0%      Default |	1688364819770
| 35%   42C    P8    14W / 250W |    849MiB / 11019MiB |      0%      Default |	1688364820308
| 35%   42C    P8    14W / 250W |    849MiB / 11019MiB |      0%      Default |	1688364820846
| 35%   41C    P8    14W / 250W |    849MiB / 11019MiB |      0%      Default |	1688364821384
| 35%   41C    P8    14W / 250W |    849MiB / 11019MiB |      0%      Default |	1688364821922
| 35%   41C    P8    15W / 250W |    849MiB / 11019MiB |      0%      Default |	1688364822461
| 35%   41C    P8    15W / 250W |    849MiB / 11019MiB |      0%      Default |	1688364822999
| 35%   41C    P8    15W / 250W |    849MiB / 11019MiB |      0%      Default |	1688364823534
| 35%   41C    P8    15W / 250W |    849MiB / 11019MiB |      0%      Default |	1688364824072
| 35%   41C    P8    15W / 250W |    849MiB / 11019MiB |      0%      Default |	1688364824610
| 35%   41C    P8    15W / 250W |    849MiB / 11019MiB |      0%      Default |	1688364825149
| 35%   41C    P8    15W / 250W |    849MiB / 11019MiB |      0%      Default |	1688364825688
| 35%   41C    P8    14W / 250W |    849MiB / 11019MiB |      0%      Default |	1688364826227
| 35%   41C    P8    14W / 250W |    849MiB / 11019MiB |      0%      Default |	1688364826766
| 35%   41C    P8    14W / 250W |    849MiB / 11019MiB |      0%      Default |	1688364827304
| 35%   41C    P8    14W / 250W |    849MiB / 11019MiB |      0%      Default |	1688364827842
| 35%   41C    P8    14W / 250W |    849MiB / 11019MiB |      0%      Default |	1688364828380
| 35%   41C    P8    15W / 250W |    849MiB / 11019MiB |      0%      Default |	1688364828919
| 35%   41C    P8    15W / 250W |    849MiB / 11019MiB |      0%      Default |	1688364829454
| 35%   41C    P8    14W / 250W |    849MiB / 11019MiB |      0%      Default |	1688364829993
| 35%   41C    P8    15W / 250W |    849MiB / 11019MiB |      0%      Default |	1688364830532
| 35%   40C    P8    15W / 250W |    849MiB / 11019MiB |      0%      Default |	1688364831076
| 35%   40C    P8    16W / 250W |    849MiB / 11019MiB |      0%      Default |	1688364831612
| 35%   40C    P8    15W / 250W |    849MiB / 11019MiB |      0%      Default |	1688364832150
| 35%   40C    P8    15W / 250W |    849MiB / 11019MiB |      0%      Default |	1688364832688
| 35%   40C    P8    14W / 250W |    849MiB / 11019MiB |      0%      Default |	1688364833226
| 34%   40C    P8    14W / 250W |    849MiB / 11019MiB |      0%      Default |	1688364833764
| 34%   40C    P8    14W / 250W |    849MiB / 11019MiB |      0%      Default |	1688364834302
| 34%   40C    P8    14W / 250W |    849MiB / 11019MiB |      0%      Default |	1688364834841
| 34%   40C    P8    15W / 250W |    849MiB / 11019MiB |      0%      Default |	1688364835378
| 34%   40C    P8    15W / 250W |    849MiB / 11019MiB |      0%      Default |	1688364835917
| 34%   40C    P8    14W / 250W |    849MiB / 11019MiB |      0%      Default |	1688364836456
| 34%   40C    P8    14W / 250W |    849MiB / 11019MiB |      0%      Default |	1688364836994
| 34%   40C    P8    14W / 250W |    849MiB / 11019MiB |      0%      Default |	1688364837532
| 34%   40C    P8    14W / 250W |    849MiB / 11019MiB |      0%      Default |	1688364838071
| 34%   40C    P8    14W / 250W |    849MiB / 11019MiB |      0%      Default |	1688364838609
| 34%   40C    P8    14W / 250W |    849MiB / 11019MiB |      0%      Default |	1688364839147
| 34%   40C    P8    14W / 250W |    849MiB / 11019MiB |      0%      Default |	1688364839685
| 34%   40C    P8    14W / 250W |    849MiB / 11019MiB |      0%      Default |	1688364840223
| 34%   40C    P8    14W / 250W |    849MiB / 11019MiB |      0%      Default |	1688364840761
| 34%   40C    P8    13W / 250W |    849MiB / 11019MiB |      0%      Default |	1688364841300
| 34%   40C    P8    14W / 250W |    849MiB / 11019MiB |      0%      Default |	1688364841838
| 34%   39C    P8    14W / 250W |    849MiB / 11019MiB |      0%      Default |	1688364842376
| 34%   39C    P8    13W / 250W |    849MiB / 11019MiB |      0%      Default |	1688364842914
| 34%   39C    P8    14W / 250W |    849MiB / 11019MiB |      0%      Default |	1688364843452
| 34%   39C    P8    14W / 250W |    849MiB / 11019MiB |      0%      Default |	1688364843988
| 34%   39C    P8    14W / 250W |    849MiB / 11019MiB |      0%      Default |	1688364844526
| 34%   41C    P2    56W / 250W |    891MiB / 11019MiB |      0%      Default |	1688364845063
| 34%   41C    P2    55W / 250W |    891MiB / 11019MiB |      0%      Default |	1688364845597
| 34%   41C    P2    55W / 250W |    891MiB / 11019MiB |      0%      Default |	1688364846148
| 34%   42C    P2    56W / 250W |    891MiB / 11019MiB |      0%      Default |	1688364846702
| 34%   42C    P2    56W / 250W |    891MiB / 11019MiB |      0%      Default |	1688364847249
| 34%   42C    P2    56W / 250W |    891MiB / 11019MiB |      0%      Default |	1688364847785
| 34%   42C    P2    56W / 250W |    891MiB / 11019MiB |      0%      Default |	1688364848350
| 34%   42C    P2    56W / 250W |    891MiB / 11019MiB |      0%      Default |	1688364848869
| 34%   42C    P2    55W / 250W |    891MiB / 11019MiB |      0%      Default |	1688364849414
| 34%   42C    P2    55W / 250W |    891MiB / 11019MiB |      0%      Default |	1688364849955
| 34%   42C    P2    56W / 250W |    891MiB / 11019MiB |      0%      Default |	1688364850525
| 34%   42C    P2    56W / 250W |    891MiB / 11019MiB |      0%      Default |	1688364851078
| 34%   42C    P2    55W / 250W |    891MiB / 11019MiB |      0%      Default |	1688364851603
| 34%   42C    P2    56W / 250W |    891MiB / 11019MiB |      0%      Default |	1688364852158
| 34%   43C    P2    56W / 250W |   3469MiB / 11019MiB |      0%      Default |	1688364852691
| 34%   44C    P2    83W / 250W |   4193MiB / 11019MiB |     23%      Default |	1688364853230
| 34%   45C    P2    97W / 250W |   4373MiB / 11019MiB |     23%      Default |	1688364853759
| 34%   45C    P2   102W / 250W |   4453MiB / 11019MiB |     51%      Default |	1688364854292
| 34%   45C    P2   102W / 250W |   4493MiB / 11019MiB |     51%      Default |	1688364854823
| 33%   45C    P2   100W / 250W |   4495MiB / 11019MiB |     50%      Default |	1688364855357
| 33%   45C    P2   104W / 250W |   4495MiB / 11019MiB |     50%      Default |	1688364855892
| 34%   45C    P2    95W / 250W |   4495MiB / 11019MiB |     52%      Default |	1688364856427
| 34%   46C    P2   102W / 250W |   4495MiB / 11019MiB |     52%      Default |	1688364856960
| 34%   46C    P2    96W / 250W |   4495MiB / 11019MiB |     51%      Default |	1688364857495
| 34%   46C    P2   102W / 250W |   4495MiB / 11019MiB |     51%      Default |	1688364858037
| 34%   46C    P2   102W / 250W |   4495MiB / 11019MiB |     50%      Default |	1688364858571
| 34%   46C    P2    98W / 250W |   4495MiB / 11019MiB |     50%      Default |	1688364859104
| 34%   46C    P2   102W / 250W |   4495MiB / 11019MiB |     51%      Default |	1688364859638
| 33%   46C    P2   100W / 250W |   4495MiB / 11019MiB |     51%      Default |	1688364860168
| 33%   47C    P2   103W / 250W |   4495MiB / 11019MiB |     50%      Default |	1688364860700
| 34%   46C    P2   104W / 250W |   4495MiB / 11019MiB |     53%      Default |	1688364861234
| 34%   47C    P2   102W / 250W |   4495MiB / 11019MiB |     53%      Default |	1688364861774
| 34%   47C    P2    99W / 250W |   4497MiB / 11019MiB |     49%      Default |	1688364862311
| 34%   47C    P2   105W / 250W |   4497MiB / 11019MiB |     49%      Default |	1688364862853
| 34%   47C    P2    96W / 250W |   4497MiB / 11019MiB |     52%      Default |	1688364863390
| 34%   47C    P2    98W / 250W |   4497MiB / 11019MiB |     52%      Default |	1688364863921
| 34%   47C    P2    97W / 250W |   4497MiB / 11019MiB |     51%      Default |	1688364864459
| 34%   48C    P2    93W / 250W |   4497MiB / 11019MiB |     51%      Default |	1688364864993
| 34%   48C    P2    95W / 250W |   4497MiB / 11019MiB |     49%      Default |	1688364865540
| 34%   48C    P2   106W / 250W |   4497MiB / 11019MiB |     49%      Default |	1688364866073
| 34%   48C    P2    94W / 250W |   4497MiB / 11019MiB |     50%      Default |	1688364866610
| 34%   48C    P2   102W / 250W |   4499MiB / 11019MiB |     50%      Default |	1688364867146
| 34%   48C    P2   106W / 250W |   4499MiB / 11019MiB |     50%      Default |	1688364867682
| 34%   48C    P2    99W / 250W |   4499MiB / 11019MiB |     50%      Default |	1688364868214
| 34%   49C    P2    99W / 250W |   4499MiB / 11019MiB |     51%      Default |	1688364868755
| 34%   49C    P2   109W / 250W |   4499MiB / 11019MiB |     51%      Default |	1688364869293
| 34%   49C    P2   108W / 250W |   4499MiB / 11019MiB |     51%      Default |	1688364869825
| 34%   49C    P2   103W / 250W |   4499MiB / 11019MiB |     48%      Default |	1688364870365
| 34%   49C    P2   101W / 250W |   4499MiB / 11019MiB |     48%      Default |	1688364870897
| 34%   49C    P2    95W / 250W |   4499MiB / 11019MiB |     50%      Default |	1688364871440
| 35%   49C    P2   104W / 250W |   4499MiB / 11019MiB |     50%      Default |	1688364871977
| 35%   49C    P2   105W / 250W |   4499MiB / 11019MiB |     48%      Default |	1688364872514
| 35%   50C    P2   104W / 250W |   4499MiB / 11019MiB |     48%      Default |	1688364873052
| 35%   50C    P2   102W / 250W |   4499MiB / 11019MiB |     51%      Default |	1688364873590
| 35%   50C    P2   107W / 250W |   4501MiB / 11019MiB |     51%      Default |	1688364874126
| 36%   50C    P2   103W / 250W |   4501MiB / 11019MiB |     50%      Default |	1688364874664
| 36%   50C    P2    99W / 250W |   4501MiB / 11019MiB |     50%      Default |	1688364875200
| 36%   50C    P2   110W / 250W |   4501MiB / 11019MiB |     51%      Default |	1688364875748
| 36%   50C    P2    99W / 250W |   4501MiB / 11019MiB |     51%      Default |	1688364876288
| 36%   50C    P2    76W / 250W |   4501MiB / 11019MiB |     51%      Default |	1688364876823
