643696 toao      20   0 2488392 102304  68932 R  94.1   0.1   0:00.18 nts	1693186717144
643696 toao      20   0 8361540 206208 115340 R  7853   0.2   0:30.98 nts	1693186717887
643696 toao      20   0 8392648 227148 115592 R 205.9   0.2   0:39.79 nts	1693186718594
643696 toao      20   0 8392648 227148 115592 R 200.0   0.2   0:41.17 nts	1693186719305
643696 toao      20   0 8392648 227148 115592 R 200.0   0.2   0:42.56 nts	1693186720008
643696 toao      20   0 8392648 228996 115592 R 194.1   0.2   0:43.95 nts	1693186720708
643696 toao      20   0 8392648 228996 115592 R 188.9   0.2   0:45.35 nts	1693186721411
643696 toao      20   0 8392648 228996 115592 S 200.0   0.2   0:46.76 nts	1693186722115
643696 toao      20   0 9560220 260468 115652 R 287.5   0.2   0:48.27 nts	1693186722823
643696 toao      20   0 9560220 436432 115652 R 918.8   0.3   0:55.00 nts	1693186723524
643696 toao      20   0 9560220 619096 115652 R  1181   0.5   1:01.59 nts	1693186724223
643696 toao      20   0 9560220 664548 115652 R 841.2   0.5   1:08.44 nts	1693186724927
643696 toao      20   0 9560220 680836 115652 R  1112   0.5   1:15.97 nts	1693186725628
643696 toao      20   0   13.2g 684760 115688 R 200.0   0.5   1:18.64 nts	1693186726330
643696 toao      20   0   13.2g 685288 115688 R 194.1   0.5   1:20.03 nts	1693186727035
643696 toao      20   0   13.2g 686080 115688 R 194.1   0.5   1:21.42 nts	1693186727738
643696 toao      20   0   13.2g 686344 115688 R 194.1   0.5   1:22.81 nts	1693186728438
643696 toao      20   0   13.2g 686872 115688 R 194.1   0.5   1:24.20 nts	1693186729138
643696 toao      20   0   13.2g 687136 115688 R 194.1   0.5   1:25.59 nts	1693186729838
643696 toao      20   0   14.2g 719868 115688 R 700.0   0.5   1:27.83 nts	1693186730538
643696 toao      20   0   14.2g 850888 115688 R 917.6   0.6   1:32.61 nts	1693186731243
643696 toao      20   0   14.2g 955508 115688 R 688.2   0.7   1:37.09 nts	1693186731946
643696 toao      20   0   14.2g   1.0g 115688 R 705.9   0.8   1:41.76 nts	1693186732649
643696 toao      20   0   18.2g   1.1g 115688 R 941.2   0.8   1:47.35 nts	1693186733356
643696 toao      20   0   18.3g   1.1g 115688 R 100.0   0.9   1:50.67 nts	1693186734076
643696 toao      20   0   18.3g   1.1g 115688 R 100.0   0.9   1:51.37 nts	1693186734785
643696 toao      20   0   18.3g   1.1g 115688 R 100.0   0.9   1:52.09 nts	1693186735489
643696 toao      20   0   18.7g   1.2g 115688 R  94.1   1.0   1:52.78 nts	1693186736198
643696 toao      20   0   18.7g   1.3g 115688 R  94.4   1.0   1:53.49 nts	1693186736901
643696 toao      20   0   18.7g   1.3g 115688 R 100.0   1.0   1:54.20 nts	1693186737605
643696 toao      20   0   18.7g   1.5g 115688 R  94.4   1.2   1:54.90 nts	1693186738308
643696 toao      20   0   18.7g   1.5g 115688 R  94.1   1.2   1:55.60 nts	1693186739019
643696 toao      20   0   18.7g   1.5g 115688 R 100.0   1.2   1:56.31 nts	1693186739723
643696 toao      20   0   18.7g   1.5g 115688 R 100.0   1.2   1:57.01 nts	1693186740425
643696 toao      20   0   27.8g   1.8g 228800 R 106.2   1.4   1:58.83 nts	1693186741126
643696 toao      20   0   28.2g   2.2g 299156 R 100.0   1.8   1:59.54 nts	1693186741825
643696 toao      20   0   29.1g   2.9g 410704 R 106.2   2.3   2:00.24 nts	1693186742532
643696 toao      20   0   30.5g   3.8g 526748 R 105.9   3.1   2:00.94 nts	1693186743231
643696 toao      20   0   30.5g   4.1g 526748 R 100.0   3.3   2:01.64 nts	1693186743931
643696 toao      20   0   31.0g   4.7g   1.0g R 100.0   3.7   2:02.35 nts	1693186744635
643696 toao      20   0   31.0g   4.7g   1.0g R 100.0   3.7   2:03.05 nts	1693186745339
643696 toao      20   0   31.0g   4.7g   1.0g R 106.2   3.7   2:03.75 nts	1693186746042
643696 toao      20   0   31.0g   4.7g   1.0g R 106.2   3.7   2:04.45 nts	1693186746742
643696 toao      20   0   31.0g   4.7g   1.0g R 106.2   3.7   2:05.15 nts	1693186747442
643696 toao      20   0   31.0g   4.7g   1.0g R 100.0   3.7   2:05.85 nts	1693186748142
643696 toao      20   0   31.0g   4.7g   1.0g R 105.9   3.7   2:06.55 nts	1693186748842
643696 toao      20   0   31.0g   4.7g   1.0g R 105.9   3.7   2:07.25 nts	1693186749540
643696 toao      20   0   31.0g   4.7g   1.0g R 105.9   3.7   2:07.96 nts	1693186750239
643696 toao      20   0   31.0g   4.7g   1.0g R 100.0   3.7   2:08.65 nts	1693186750944
643696 toao      20   0   31.0g   4.7g   1.0g R 100.0   3.7   2:09.35 nts	1693186751647
643696 toao      20   0   31.0g   4.7g   1.0g R 100.0   3.7   2:10.05 nts	1693186752347
643696 toao      20   0   31.0g   4.7g   1.0g R 100.0   3.7   2:10.76 nts	1693186753046
643696 toao      20   0   31.0g   4.7g   1.0g R 100.0   3.7   2:11.46 nts	1693186753746
643696 toao      20   0   31.0g   4.7g   1.0g R 105.9   3.7   2:12.16 nts	1693186754447
643696 toao      20   0   31.0g   4.7g   1.0g R 100.0   3.7   2:12.86 nts	1693186755146
643696 toao      20   0   31.0g   4.7g   1.0g R 100.0   3.7   2:13.57 nts	1693186755850
643696 toao      20   0   31.0g   4.7g   1.0g R  94.1   3.7   2:14.26 nts	1693186756555
643696 toao      20   0   31.0g   4.7g   1.0g R 100.0   3.7   2:14.97 nts	1693186757258
643696 toao      20   0   31.0g   4.7g   1.0g R 106.2   3.7   2:15.67 nts	1693186757963
643696 toao      20   0   31.0g   4.7g   1.0g R 106.2   3.7   2:16.37 nts	1693186758663
643696 toao      20   0   31.0g   4.7g   1.0g R 100.0   3.7   2:17.08 nts	1693186759366
643696 toao      20   0   31.0g   4.7g   1.0g R 105.9   3.7   2:17.78 nts	1693186760068
643696 toao      20   0   31.0g   4.7g   1.0g R 100.0   3.7   2:18.48 nts	1693186760767
643696 toao      20   0   31.0g   4.7g   1.0g R 100.0   3.7   2:19.18 nts	1693186761467
643696 toao      20   0   31.0g   4.7g   1.0g R 100.0   3.7   2:19.88 nts	1693186762167
643696 toao      20   0   31.0g   4.7g   1.0g R 105.9   3.7   2:20.59 nts	1693186762870
643696 toao      20   0   31.0g   4.7g   1.0g R  94.1   3.7   2:21.28 nts	1693186763574
643696 toao      20   0   31.0g   4.7g   1.0g R  94.1   3.7   2:21.98 nts	1693186764275
643696 toao      20   0   31.0g   4.7g   1.0g R 105.9   3.7   2:22.69 nts	1693186764978
643696 toao      20   0   31.0g   4.7g   1.0g R 100.0   3.7   2:23.39 nts	1693186765676
643696 toao      20   0   31.0g   4.7g   1.0g R  94.1   3.7   2:24.08 nts	1693186766375
643696 toao      20   0   31.0g   4.7g   1.0g R 100.0   3.7   2:24.79 nts	1693186767078
643696 toao      20   0   30.9g   4.7g   1.0g S  1859   3.7   2:29.74 nts	1693186767778
643696 toao      20   0   85.8g   5.3g   1.5g R 588.9   4.2   2:41.47 nts	1693186768481
643696 toao      20   0   89.8g   6.2g   2.4g S  1118   4.9   2:44.44 nts	1693186769188
643696 toao      20   0  106.8g   6.3g   2.4g S  1724   5.0   2:59.08 nts	1693186769896
643696 toao      20   0  114.1g   6.4g   2.4g S  1876   5.1   3:11.73 nts	1693186770600
643696 toao      20   0  112.9g   6.4g   2.4g S  1800   5.1   3:25.33 nts	1693186771300
643696 toao      20   0  111.9g   6.4g   2.4g S  2069   5.1   3:39.77 nts	1693186772002
643696 toao      20   0  112.5g   6.5g   2.4g S  1959   5.2   3:53.95 nts	1693186772704
643696 toao      20   0  113.1g   6.5g   2.4g S  1747   5.2   4:07.80 nts	1693186773407
643696 toao      20   0  114.0g   6.5g   2.4g S  1829   5.2   4:21.95 nts	1693186774108
643696 toao      20   0  113.5g   6.5g   2.4g S  2581   5.2   4:35.95 nts	1693186774812
643696 toao      20   0       0      0      0 Z  94.1   0.0   4:37.69 nts	1693186775516
