874854 toao      20   0 2487732 101564  68956 R  94.4   0.1   0:00.19 nts	1693201804462
874854 toao      20   0 8361540 209276 118440 R  7450   0.2   0:30.02 nts	1693201805197
874854 toao      20   0 8392648 230308 118748 R 194.1   0.2   0:37.05 nts	1693201805907
874854 toao      20   0 8392648 230308 118748 R 188.9   0.2   0:38.44 nts	1693201806611
874854 toao      20   0 8392648 232156 118748 R 194.1   0.2   0:39.82 nts	1693201807320
874854 toao      20   0 8392648 232156 118748 R 205.9   0.2   0:41.21 nts	1693201808020
874854 toao      20   0 9560220 436668 118936 R 835.3   0.3   0:45.84 nts	1693201808726
874854 toao      20   0 9560220 638128 118936 S  1171   0.5   0:52.44 nts	1693201809435
874854 toao      20   0 9560220 676668 118936 R 970.6   0.5   1:00.14 nts	1693201810148
874854 toao      20   0   13.2g 687256 119072 R 852.9   0.5   1:08.50 nts	1693201810854
874854 toao      20   0   13.2g 688048 119072 R 200.0   0.5   1:09.90 nts	1693201811563
874854 toao      20   0   13.2g 688312 119072 R 194.1   0.5   1:11.29 nts	1693201812269
874854 toao      20   0   13.2g 689104 119072 R 194.1   0.5   1:12.68 nts	1693201812975
874854 toao      20   0   13.2g 689368 119072 R 200.0   0.5   1:14.08 nts	1693201813680
874854 toao      20   0   13.2g 689632 119072 R 188.2   0.5   1:15.47 nts	1693201814388
874854 toao      20   0   13.2g 689896 119072 R 194.1   0.5   1:16.87 nts	1693201815092
874854 toao      20   0   13.2g 690424 119072 R 200.0   0.5   1:18.27 nts	1693201815794
874854 toao      20   0   14.2g 702252 119072 R 423.5   0.5   1:20.04 nts	1693201816495
874854 toao      20   0   14.2g 788492 119072 R 482.4   0.6   1:23.73 nts	1693201817196
874854 toao      20   0   14.2g 908964 119072 R 572.2   0.7   1:28.71 nts	1693201817901
874854 toao      20   0   14.2g 978.2m 119072 S 717.6   0.8   1:33.13 nts	1693201818607
874854 toao      20   0   14.2g   1.1g 119072 R  1224   0.9   1:39.53 nts	1693201819308
874854 toao      20   0   18.3g   1.1g 119072 R 100.0   0.9   1:41.90 nts	1693201820010
874854 toao      20   0   18.3g   1.1g 119072 R 105.9   0.9   1:42.61 nts	1693201820716
874854 toao      20   0   18.3g   1.1g 119072 R 100.0   0.9   1:43.31 nts	1693201821425
874854 toao      20   0   18.7g   1.2g 119072 R  94.4   1.0   1:44.02 nts	1693201822129
874854 toao      20   0   18.7g   1.3g 119072 R 100.0   1.0   1:44.73 nts	1693201822842
874854 toao      20   0   18.7g   1.3g 119072 R 100.0   1.0   1:45.44 nts	1693201823553
874854 toao      20   0   18.7g   1.3g 119072 R 100.0   1.0   1:46.14 nts	1693201824254
874854 toao      20   0   18.7g   1.5g 119072 R  94.1   1.2   1:46.83 nts	1693201824956
874854 toao      20   0   18.7g   1.5g 119072 R 100.0   1.2   1:47.54 nts	1693201825659
874854 toao      20   0   18.7g   1.5g 119072 R 105.9   1.2   1:48.25 nts	1693201826362
874854 toao      20   0   18.7g   1.5g 119072 R 100.0   1.2   1:48.94 nts	1693201827065
874854 toao      20   0   28.0g   2.0g 270908 R 106.2   1.6   1:50.74 nts	1693201827764
874854 toao      20   0   28.9g   2.8g 377000 R 106.2   2.2   1:51.44 nts	1693201828461
874854 toao      20   0   29.9g   3.6g 517968 R 106.2   2.9   1:52.13 nts	1693201829163
874854 toao      20   0   30.5g   4.1g 533172 R 100.0   3.3   1:52.84 nts	1693201829863
874854 toao      20   0   31.0g   4.7g   1.0g R 100.0   3.7   1:53.54 nts	1693201830566
874854 toao      20   0   31.0g   4.7g   1.0g R 105.9   3.7   1:54.25 nts	1693201831267
874854 toao      20   0   31.0g   4.7g   1.0g R  94.1   3.7   1:54.94 nts	1693201831967
874854 toao      20   0   31.0g   4.7g   1.0g R 100.0   3.7   1:55.64 nts	1693201832670
874854 toao      20   0   31.0g   4.7g   1.0g R 100.0   3.7   1:56.34 nts	1693201833375
874854 toao      20   0   31.0g   4.7g   1.0g R 106.2   3.7   1:57.05 nts	1693201834075
874854 toao      20   0   31.0g   4.7g   1.0g R 106.2   3.7   1:57.75 nts	1693201834774
874854 toao      20   0   31.0g   4.7g   1.0g R 106.2   3.7   1:58.45 nts	1693201835473
874854 toao      20   0   31.0g   4.7g   1.0g R 106.2   3.7   1:59.14 nts	1693201836172
874854 toao      20   0   31.0g   4.7g   1.0g R 100.0   3.7   1:59.84 nts	1693201836871
874854 toao      20   0   31.0g   4.7g   1.0g R  94.1   3.7   2:00.54 nts	1693201837572
874854 toao      20   0   31.0g   4.7g   1.0g R 100.0   3.7   2:01.25 nts	1693201838275
874854 toao      20   0   31.0g   4.7g   1.0g R 105.9   3.7   2:01.96 nts	1693201838978
874854 toao      20   0   31.0g   4.7g   1.0g R 100.0   3.7   2:02.65 nts	1693201839679
874854 toao      20   0   31.0g   4.7g   1.0g R 100.0   3.7   2:03.35 nts	1693201840379
874854 toao      20   0   31.0g   4.7g   1.0g R 100.0   3.7   2:04.05 nts	1693201841078
874854 toao      20   0   31.0g   4.7g   1.0g R  94.1   3.7   2:04.75 nts	1693201841777
874854 toao      20   0   31.0g   4.7g   1.0g R 100.0   3.7   2:05.45 nts	1693201842478
874854 toao      20   0   31.0g   4.7g   1.0g R 100.0   3.7   2:06.15 nts	1693201843177
874854 toao      20   0   31.0g   4.7g   1.0g R  94.1   3.7   2:06.85 nts	1693201843878
874854 toao      20   0   31.0g   4.7g   1.0g R  94.1   3.7   2:07.55 nts	1693201844579
874854 toao      20   0   31.0g   4.7g   1.0g R 112.5   3.7   2:08.26 nts	1693201845282
874854 toao      20   0   31.0g   4.7g   1.0g R 106.2   3.7   2:08.96 nts	1693201845983
874854 toao      20   0   31.0g   4.7g   1.0g R 106.2   3.7   2:09.66 nts	1693201846684
874854 toao      20   0   31.0g   4.7g   1.0g R 100.0   3.7   2:10.36 nts	1693201847384
874854 toao      20   0   31.0g   4.7g   1.0g R 100.0   3.7   2:11.06 nts	1693201848086
874854 toao      20   0   31.0g   4.7g   1.0g R 100.0   3.7   2:11.76 nts	1693201848787
874854 toao      20   0   31.0g   4.7g   1.0g R 100.0   3.7   2:12.47 nts	1693201849488
874854 toao      20   0   31.0g   4.7g   1.0g R 100.0   3.7   2:13.16 nts	1693201850187
874854 toao      20   0   31.0g   4.7g   1.0g R  94.1   3.7   2:13.86 nts	1693201850888
874854 toao      20   0   31.0g   4.7g   1.0g R  94.4   3.7   2:14.57 nts	1693201851591
874854 toao      20   0   31.0g   4.7g   1.0g R 100.0   3.7   2:15.27 nts	1693201852296
874854 toao      20   0   31.0g   4.7g   1.0g R 100.0   3.7   2:15.97 nts	1693201852996
874854 toao      20   0   31.0g   4.7g   1.0g R  76.5   3.7   2:16.63 nts	1693201853695
874854 toao      20   0   30.9g   4.7g   1.0g S  1229   3.7   2:28.34 nts	1693201854396
874854 toao      20   0   30.9g   4.7g   1.0g S  1841   3.7   2:38.69 nts	1693201855100
874854 toao      20   0   34.0g   5.2g   1.1g R  3147   4.2   2:55.07 nts	1693201855803
874854 toao      20   0   87.0g   6.5g   2.3g R 400.0   5.2   2:57.44 nts	1693201856507
874854 toao      20   0   93.6g   6.9g   2.8g S  1618   5.5   3:06.14 nts	1693201857214
874854 toao      20   0  110.2g   7.2g   2.8g S  1271   5.7   3:19.71 nts	1693201857916
874854 toao      20   0  111.6g   7.2g   2.8g S  2481   5.8   3:34.44 nts	1693201858623
874854 toao      20   0  115.7g   6.9g   2.8g S  2747   5.5   3:48.52 nts	1693201859330
874854 toao      20   0  117.1g   6.9g   2.8g S  1962   5.5   4:01.24 nts	1693201860035
874854 toao      20   0  116.6g   6.9g   2.8g S 752.9   5.5   4:14.72 nts	1693201860736
874854 toao      20   0  117.5g   7.2g   2.8g S  1171   5.8   4:28.12 nts	1693201861440
874854 toao      20   0  117.1g   7.3g   2.8g S  2676   5.8   4:43.70 nts	1693201862140
874854 toao      20   0  118.0g   7.0g   2.8g S  1983   5.5   4:56.98 nts	1693201862847
874854 toao      20   0  116.8g   6.9g   2.8g S  1935   5.5   5:10.24 nts	1693201863556
874854 toao      20   0  116.5g   7.2g   2.8g S  1100   5.7   5:23.74 nts	1693201864260
874854 toao      20   0  118.3g   7.2g   2.8g S  2218   5.8   5:38.33 nts	1693201864967
874854 toao      20   0  116.6g   7.2g   2.8g S  3006   5.8   5:52.81 nts	1693201865666
874854 toao      20   0  116.8g   7.0g   2.8g S  1841   5.5   6:05.28 nts	1693201866371
874854 toao      20   0  116.8g   7.0g   2.8g S  1029   5.5   6:18.41 nts	1693201867072
874854 toao      20   0  117.5g   7.2g   2.8g S  1818   5.8   6:33.15 nts	1693201867780
874854 toao      20   0  117.2g   7.4g   2.8g S  3288   5.9   6:48.55 nts	1693201868482
874854 toao      20   0  117.4g   7.0g   2.8g S  2359   5.6   7:00.97 nts	1693201869185
874854 toao      20   0       0      0      0 Z  88.9   0.0   7:02.34 nts	1693201869892
