897030 toao      20   0 2489328 103876  69748 R 100.0   0.1   0:00.19 nts	1693202006137
897030 toao      20   0 8361540 209184 118196 R  8000   0.2   0:32.89 nts	1693202006870
897030 toao      20   0 8392648 229828 118260 R 200.0   0.2   0:36.65 nts	1693202007573
897030 toao      20   0 8392648 229828 118260 R 200.0   0.2   0:38.06 nts	1693202008281
897030 toao      20   0 8392648 229828 118260 R 200.0   0.2   0:39.47 nts	1693202008987
897030 toao      20   0 8392648 229828 118260 R 200.0   0.2   0:40.88 nts	1693202009694
897030 toao      20   0 8392648 229828 118260 R 194.1   0.2   0:42.28 nts	1693202010398
897030 toao      20   0 8392648 229828 118260 R 205.9   0.2   0:43.69 nts	1693202011106
897030 toao      20   0 8392648 229828 118260 R 200.0   0.2   0:45.08 nts	1693202011811
897030 toao      20   0 8392648 229828 118260 R 194.1   0.2   0:46.47 nts	1693202012511
897030 toao      20   0 8392648 229828 118260 R 194.1   0.2   0:47.88 nts	1693202013211
897030 toao      20   0 8392648 231676 118260 R 194.1   0.2   0:49.28 nts	1693202013915
897030 toao      20   0 8392648 231676 118260 R 205.9   0.2   0:50.69 nts	1693202014618
897030 toao      20   0 8392648 231676 118260 R 205.9   0.2   0:52.10 nts	1693202015319
897030 toao      20   0 8392648 231676 118260 R 212.5   0.2   0:53.50 nts	1693202016032
897030 toao      20   0 8392648 231676 118260 R 194.1   0.2   0:54.90 nts	1693202016732
897030 toao      20   0 8392648 231676 118260 R 194.1   0.2   0:56.29 nts	1693202017434
897030 toao      20   0 8392648 231676 118260 R 194.1   0.2   0:57.69 nts	1693202018135
897030 toao      20   0 8392648 231676 118260 R 194.1   0.2   0:59.09 nts	1693202018838
897030 toao      20   0 8912736 237032 118380 R 200.0   0.2   1:00.47 nts	1693202019542
897030 toao      20   0 9560220 438144 118380 R 982.4   0.3   1:08.43 nts	1693202020239
897030 toao      20   0 9560220 499264 118380 R 923.5   0.4   1:14.50 nts	1693202020939
897030 toao      20   0 9560220 667472 118380 R  1247   0.5   1:23.19 nts	1693202021644
897030 toao      20   0 9560220 683512 118380 R 958.8   0.5   1:30.28 nts	1693202022346
897030 toao      20   0   13.2g 686976 118532 R 194.1   0.5   1:33.21 nts	1693202023051
897030 toao      20   0   13.2g 687240 118532 R 200.0   0.5   1:34.61 nts	1693202023751
897030 toao      20   0   13.2g 687504 118532 R 194.1   0.5   1:36.00 nts	1693202024451
897030 toao      20   0   13.2g 687504 118532 R 200.0   0.5   1:37.42 nts	1693202025155
897030 toao      20   0   13.2g 687768 118532 R 205.9   0.5   1:38.83 nts	1693202025860
897030 toao      20   0   13.2g 687768 118532 R 200.0   0.5   1:40.23 nts	1693202026564
897030 toao      20   0   13.2g 688032 118532 R 200.0   0.5   1:41.62 nts	1693202027269
897030 toao      20   0   13.2g 688296 118532 R 200.0   0.5   1:43.02 nts	1693202027972
897030 toao      20   0   13.2g 688560 118532 R 194.1   0.5   1:44.42 nts	1693202028672
897030 toao      20   0   13.2g 688824 118532 R 200.0   0.5   1:45.82 nts	1693202029374
897030 toao      20   0   13.2g 689088 118532 R 200.0   0.5   1:47.21 nts	1693202030074
897030 toao      20   0   13.2g 689352 118532 R 194.1   0.5   1:48.61 nts	1693202030775
897030 toao      20   0   13.2g 689352 118532 R 194.1   0.5   1:50.00 nts	1693202031478
897030 toao      20   0   13.2g 689616 118532 R 200.0   0.5   1:51.41 nts	1693202032179
897030 toao      20   0   13.2g 689616 118532 R 218.8   0.5   1:52.81 nts	1693202032884
897030 toao      20   0   13.2g 689880 118532 R 194.1   0.5   1:54.21 nts	1693202033584
897030 toao      20   0   13.2g 689880 118532 R 200.0   0.5   1:55.61 nts	1693202034286
897030 toao      20   0   14.2g 809596 118532 R 752.9   0.6   2:00.01 nts	1693202034992
897030 toao      20   0   14.2g 952584 118532 R 829.4   0.7   2:06.22 nts	1693202035695
897030 toao      20   0   14.2g   1.0g 118532 R  1053   0.8   2:13.08 nts	1693202036398
897030 toao      20   0   18.3g   1.1g 118532 R 105.9   0.9   2:18.17 nts	1693202037097
897030 toao      20   0   18.3g   1.1g 118532 R 100.0   0.9   2:18.87 nts	1693202037802
897030 toao      20   0   18.3g   1.1g 118532 R 100.0   0.9   2:19.57 nts	1693202038506
897030 toao      20   0   18.7g   1.2g 118532 R 100.0   0.9   2:20.28 nts	1693202039214
897030 toao      20   0   18.7g   1.3g 118532 R  94.4   1.0   2:20.99 nts	1693202039922
897030 toao      20   0   18.7g   1.3g 118532 R 100.0   1.0   2:21.69 nts	1693202040628
897030 toao      20   0   18.7g   1.3g 118532 R 100.0   1.0   2:22.39 nts	1693202041334
897030 toao      20   0   18.7g   1.5g 118532 R 112.5   1.2   2:23.10 nts	1693202042033
897030 toao      20   0   18.7g   1.5g 118532 R 100.0   1.2   2:23.80 nts	1693202042733
897030 toao      20   0   18.7g   1.5g 118532 R  94.1   1.2   2:24.49 nts	1693202043438
897030 toao      20   0   18.7g   1.5g 118532 R 100.0   1.2   2:25.20 nts	1693202044139
897030 toao      20   0   27.5g   1.6g 202788 R 729.4   1.3   2:28.20 nts	1693202044838
897030 toao      20   0   28.1g   2.1g 269860 R 100.0   1.6   2:28.90 nts	1693202045541
897030 toao      20   0   28.6g   2.5g 341540 R 105.9   2.0   2:29.61 nts	1693202046245
897030 toao      20   0   29.2g   3.0g 439296 R 105.9   2.4   2:30.31 nts	1693202046950
897030 toao      20   0   30.5g   4.0g 531932 R 100.0   3.2   2:31.01 nts	1693202047656
897030 toao      20   0   30.5g   4.1g 531932 R  94.1   3.3   2:31.71 nts	1693202048359
897030 toao      20   0   31.0g   4.7g   1.0g R 112.5   3.7   2:32.42 nts	1693202049063
897030 toao      20   0   31.0g   4.7g   1.0g R 105.9   3.7   2:33.12 nts	1693202049764
897030 toao      20   0   31.0g   4.7g   1.0g R 100.0   3.7   2:33.82 nts	1693202050467
897030 toao      20   0   31.0g   4.7g   1.0g R 105.9   3.7   2:34.52 nts	1693202051168
897030 toao      20   0   31.0g   4.7g   1.0g R 100.0   3.7   2:35.22 nts	1693202051866
897030 toao      20   0   31.0g   4.7g   1.0g R 100.0   3.7   2:35.93 nts	1693202052571
897030 toao      20   0   31.0g   4.7g   1.0g R 100.0   3.7   2:36.62 nts	1693202053271
897030 toao      20   0   31.0g   4.7g   1.0g R  94.1   3.7   2:37.32 nts	1693202053975
897030 toao      20   0   31.0g   4.7g   1.0g R 100.0   3.7   2:38.03 nts	1693202054676
897030 toao      20   0   31.0g   4.7g   1.0g R 100.0   3.7   2:38.73 nts	1693202055378
897030 toao      20   0   31.0g   4.7g   1.0g R 100.0   3.7   2:39.43 nts	1693202056079
897030 toao      20   0   31.0g   4.7g   1.0g R  94.1   3.7   2:40.13 nts	1693202056779
897030 toao      20   0   31.0g   4.7g   1.0g R  94.1   3.7   2:40.83 nts	1693202057483
897030 toao      20   0   31.0g   4.7g   1.0g R  94.1   3.7   2:41.53 nts	1693202058187
897030 toao      20   0   31.0g   4.7g   1.0g R  94.1   3.7   2:42.23 nts	1693202058890
897030 toao      20   0   31.0g   4.7g   1.0g R 100.0   3.7   2:42.94 nts	1693202059590
897030 toao      20   0   31.0g   4.7g   1.0g R 100.0   3.7   2:43.64 nts	1693202060291
897030 toao      20   0   31.0g   4.7g   1.0g R  94.1   3.7   2:44.33 nts	1693202060991
897030 toao      20   0   31.0g   4.7g   1.0g R 100.0   3.7   2:45.04 nts	1693202061691
897030 toao      20   0   31.0g   4.7g   1.0g R 100.0   3.7   2:45.74 nts	1693202062391
897030 toao      20   0   31.0g   4.7g   1.0g R 100.0   3.7   2:46.44 nts	1693202063095
897030 toao      20   0   31.0g   4.7g   1.0g R 100.0   3.7   2:47.14 nts	1693202063799
897030 toao      20   0   31.0g   4.7g   1.0g R 100.0   3.7   2:47.84 nts	1693202064499
897030 toao      20   0   31.0g   4.7g   1.0g R 100.0   3.7   2:48.55 nts	1693202065199
897030 toao      20   0   31.0g   4.7g   1.0g R 100.0   3.7   2:49.25 nts	1693202065901
897030 toao      20   0   31.0g   4.7g   1.0g R 100.0   3.7   2:49.96 nts	1693202066603
897030 toao      20   0   31.0g   4.7g   1.0g R 100.0   3.7   2:50.65 nts	1693202067306
897030 toao      20   0   31.0g   4.7g   1.0g R 105.9   3.7   2:51.36 nts	1693202068007
897030 toao      20   0   31.0g   4.7g   1.0g R 100.0   3.7   2:52.05 nts	1693202068707
897030 toao      20   0   31.0g   4.7g   1.0g R 100.0   3.7   2:52.75 nts	1693202069407
897030 toao      20   0   31.0g   4.7g   1.0g R  94.1   3.7   2:53.45 nts	1693202070108
897030 toao      20   0   31.0g   4.7g   1.0g R 100.0   3.7   2:54.16 nts	1693202070810
897030 toao      20   0   31.0g   4.7g   1.0g R 100.0   3.7   2:54.86 nts	1693202071512
897030 toao      20   0   30.8g   4.7g   1.0g S  2106   3.7   3:00.01 nts	1693202072215
897030 toao      20   0   30.9g   4.7g   1.0g S  1341   3.7   3:09.30 nts	1693202072919
897030 toao      20   0   30.9g   4.7g   1.0g S 370.6   3.7   3:18.73 nts	1693202073618
897030 toao      20   0   81.9g   5.6g   1.9g R 200.0   4.4   3:21.11 nts	1693202074323
897030 toao      20   0   87.7g   6.4g   2.8g S 464.7   5.1   3:22.97 nts	1693202075028
897030 toao      20   0  106.4g   6.4g   2.8g S  1247   5.1   3:34.70 nts	1693202075736
897030 toao      20   0  117.0g   6.4g   2.8g S  1229   5.1   3:45.37 nts	1693202076441
897030 toao      20   0  117.8g   6.4g   2.8g S  1524   5.1   3:55.87 nts	1693202077144
897030 toao      20   0  118.5g   6.4g   2.8g S  1382   5.1   4:05.78 nts	1693202077848
897030 toao      20   0  118.5g   6.4g   2.8g S  1488   5.1   4:15.89 nts	1693202078550
897030 toao      20   0  118.5g   6.4g   2.8g S  1506   5.1   4:25.98 nts	1693202079252
897030 toao      20   0  118.5g   6.4g   2.8g S  1576   5.1   4:35.76 nts	1693202079955
897030 toao      20   0  118.5g   6.4g   2.8g S  1488   5.1   4:45.69 nts	1693202080656
897030 toao      20   0  118.5g   6.4g   2.8g S  1465   5.1   4:55.75 nts	1693202081359
897030 toao      20   0       0      0      0 Z 100.0   0.0   5:01.08 nts	1693202082060
