119342 toao      20   0 2564440  95524  66980 R 100.0   0.0   0:00.17 nts	1688359690598
119342 toao      20   0 5283440 200544 114136 R  3188   0.1   0:14.35 nts	1688359691310
119342 toao      20   0 5324876 221364 114368 R 206.2   0.1   0:17.71 nts	1688359691986
119342 toao      20   0 5324876 221364 114368 R 193.8   0.1   0:19.04 nts	1688359692670
119342 toao      20   0 5324876 221364 114368 R 200.0   0.1   0:20.41 nts	1688359693357
119342 toao      20   0 5324876 221364 114368 R 206.2   0.1   0:21.78 nts	1688359694048
119342 toao      20   0 6477760 539948 114492 R 943.8   0.3   0:27.19 nts	1688359694738
119342 toao      20   0 6477760 635480 114492 R 818.8   0.3   0:33.03 nts	1688359695421
119342 toao      20   0 6477760 666568 114492 R 870.6   0.3   0:38.97 nts	1688359696115
119342 toao      20   0 7417444 673752 114580 R 206.2   0.3   0:43.54 nts	1688359696800
119342 toao      20   0 7417444 674280 114580 R 206.2   0.3   0:44.89 nts	1688359697492
119342 toao      20   0 7417444 674808 114580 R 200.0   0.3   0:46.23 nts	1688359698180
119342 toao      20   0 8569348 697368 114580 R 518.8   0.4   0:48.08 nts	1688359698869
119342 toao      20   0 8569348 824352 114580 R 837.5   0.4   0:52.57 nts	1688359699553
119342 toao      20   0 8569348 942360 114580 R 570.6   0.5   0:56.68 nts	1688359700235
119342 toao      20   0 8569348   1.0g 114580 R 612.5   0.5   1:00.96 nts	1688359700923
119342 toao      20   0 9753924   1.1g 114580 R 106.2   0.6   1:04.90 nts	1688359701608
119342 toao      20   0 9753924   1.1g 114580 R  94.1   0.6   1:05.58 nts	1688359702294
119342 toao      20   0 9966.1m   1.2g 114580 R 100.0   0.6   1:06.26 nts	1688359702982
119342 toao      20   0 9966.1m   1.4g 114580 R 100.0   0.7   1:06.95 nts	1688359703669
119342 toao      20   0 9966.1m   1.4g 114580 R 100.0   0.8   1:07.64 nts	1688359704356
119342 toao      20   0 9966.1m   1.5g 114580 R  94.1   0.8   1:08.33 nts	1688359705044
119342 toao      20   0 9966.1m   1.5g 114580 R 100.0   0.8   1:09.02 nts	1688359705731
119342 toao      20   0 9966.1m   1.5g 114580 R 100.0   0.8   1:09.70 nts	1688359706420
119342 toao      20   0   15.1g   2.1g 276628 R 100.0   1.1   1:10.75 nts	1688359707106
119342 toao      20   0   16.1g   2.9g 415792 R 100.0   1.5   1:11.44 nts	1688359707796
119342 toao      20   0   17.1g   3.8g 506844 R 100.0   2.0   1:12.13 nts	1688359708482
119342 toao      20   0   17.1g   3.8g 506844 R 106.2   2.0   1:12.82 nts	1688359709171
119342 toao      20   0   17.6g   4.3g   1.0g R 106.2   2.3   1:13.51 nts	1688359709858
119342 toao      20   0   17.6g   4.3g   1.0g R 106.2   2.3   1:14.20 nts	1688359710546
119342 toao      20   0   17.6g   4.3g   1.0g R  94.1   2.3   1:14.88 nts	1688359711235
119342 toao      20   0   17.6g   4.3g   1.0g R  94.1   2.3   1:15.56 nts	1688359711922
119342 toao      20   0   17.6g   4.3g   1.0g R 100.0   2.3   1:16.25 nts	1688359712605
119342 toao      20   0   17.6g   4.3g   1.0g R 100.0   2.3   1:16.94 nts	1688359713292
119342 toao      20   0   17.6g   4.3g   1.0g R 100.0   2.3   1:17.62 nts	1688359713977
119342 toao      20   0   17.6g   4.3g   1.0g R  94.1   2.3   1:18.31 nts	1688359714664
119342 toao      20   0   17.6g   4.3g   1.0g R 100.0   2.3   1:18.99 nts	1688359715347
119342 toao      20   0   17.6g   4.3g   1.0g R 100.0   2.3   1:19.68 nts	1688359716035
119342 toao      20   0   17.6g   4.3g   1.0g R  94.1   2.3   1:20.37 nts	1688359716722
119342 toao      20   0   17.6g   4.3g   1.0g R 100.0   2.3   1:21.06 nts	1688359717410
119342 toao      20   0   17.6g   4.3g   1.0g R 100.0   2.3   1:21.74 nts	1688359718099
119342 toao      20   0   17.6g   4.3g   1.0g R 100.0   2.3   1:22.43 nts	1688359718787
119342 toao      20   0   17.6g   4.3g   1.0g R 100.0   2.3   1:23.13 nts	1688359719474
119342 toao      20   0   17.6g   4.3g   1.0g R 100.0   2.3   1:23.81 nts	1688359720162
119342 toao      20   0   17.6g   4.3g   1.0g R 106.2   2.3   1:24.50 nts	1688359720851
119342 toao      20   0   17.6g   4.3g   1.0g R 106.2   2.3   1:25.19 nts	1688359721539
119342 toao      20   0   17.6g   4.3g   1.0g R 100.0   2.3   1:25.87 nts	1688359722226
119342 toao      20   0   17.6g   4.3g   1.0g R  94.1   2.3   1:26.56 nts	1688359722914
119342 toao      20   0   17.6g   4.3g   1.0g R  94.1   2.3   1:27.25 nts	1688359723603
119342 toao      20   0   17.6g   4.3g   1.0g R 106.2   2.3   1:27.94 nts	1688359724290
119342 toao      20   0   17.6g   4.3g   1.0g R 100.0   2.3   1:28.63 nts	1688359724978
119342 toao      20   0   17.6g   4.3g   1.0g R 100.0   2.3   1:29.31 nts	1688359725667
119342 toao      20   0   17.6g   4.3g   1.0g R 100.0   2.3   1:30.00 nts	1688359726355
119342 toao      20   0   17.6g   4.3g   1.0g R 106.2   2.3   1:30.69 nts	1688359727042
119342 toao      20   0   17.6g   4.3g   1.0g R 100.0   2.3   1:31.37 nts	1688359727731
119342 toao      20   0   17.6g   4.3g   1.0g R 100.0   2.3   1:32.07 nts	1688359728414
119342 toao      20   0   17.6g   4.3g   1.0g R  94.1   2.3   1:32.75 nts	1688359729103
119342 toao      20   0   17.6g   4.3g   1.0g R 100.0   2.3   1:33.44 nts	1688359729790
119342 toao      20   0   17.6g   4.3g   1.0g R 106.2   2.3   1:34.13 nts	1688359730479
119342 toao      20   0   17.6g   4.3g   1.0g R 100.0   2.3   1:34.82 nts	1688359731167
119342 toao      20   0   17.6g   4.3g   1.0g R  94.1   2.3   1:35.50 nts	1688359731855
119342 toao      20   0   17.6g   4.3g   1.0g R 106.2   2.3   1:36.19 nts	1688359732537
119342 toao      20   0   17.6g   4.3g   1.0g R  94.1   2.3   1:36.87 nts	1688359733223
119342 toao      20   0   17.6g   4.3g   1.0g R 106.2   2.3   1:37.56 nts	1688359733910
119342 toao      20   0   17.6g   4.3g   1.0g R 106.2   2.3   1:38.25 nts	1688359734598
119342 toao      20   0   17.6g   4.3g   1.0g R 106.2   2.3   1:38.94 nts	1688359735286
119342 toao      20   0   17.6g   4.3g   1.0g R 100.0   2.3   1:39.62 nts	1688359735976
119342 toao      20   0   17.6g   4.3g   1.0g R 100.0   2.3   1:40.32 nts	1688359736663
119342 toao      20   0   17.6g   4.3g   1.0g R 100.0   2.3   1:41.01 nts	1688359737351
119342 toao      20   0   18.4g   4.3g   1.0g S 593.8   2.3   1:44.45 nts	1688359738038
119342 toao      20   0   45.6g   5.8g   2.2g R 206.2   3.1   1:48.39 nts	1688359738718
119342 toao      20   0   56.3g   6.0g   2.4g S  1862   3.2   1:58.19 nts	1688359739400
119342 toao      20   0   57.6g   6.1g   2.4g S  1600   3.2   2:10.07 nts	1688359740083
119342 toao      20   0   58.3g   6.0g   2.4g S  1900   3.2   2:22.59 nts	1688359740763
119342 toao      20   0   58.2g   6.0g   2.4g S  1912   3.2   2:34.29 nts	1688359741450
119342 toao      20   0   59.4g   6.0g   2.4g S  1469   3.2   2:45.89 nts	1688359742131
119342 toao      20   0   58.3g   6.1g   2.4g S  1856   3.2   2:58.57 nts	1688359742812
119342 toao      20   0       0      0      0 Z  87.5   0.0   3:03.10 nts	1688359743508
