| 36%   46C    P0    75W / 250W |      5MiB / 11019MiB |      0%      Default |	1688359690598
| 36%   45C    P3    51W / 250W |      5MiB / 11019MiB |      0%      Default |	1688359691158
| 35%   45C    P3    49W / 250W |      5MiB / 11019MiB |      0%      Default |	1688359691698
| 35%   44C    P5    23W / 250W |      5MiB / 11019MiB |      0%      Default |	1688359692232
| 35%   44C    P5    20W / 250W |      5MiB / 11019MiB |      0%      Default |	1688359692769
| 35%   43C    P5    20W / 250W |      5MiB / 11019MiB |      0%      Default |	1688359693307
| 35%   43C    P8    18W / 250W |      5MiB / 11019MiB |      0%      Default |	1688359693842
| 35%   43C    P8    14W / 250W |      5MiB / 11019MiB |      0%      Default |	1688359694382
| 35%   43C    P8    15W / 250W |      5MiB / 11019MiB |      0%      Default |	1688359694920
| 35%   43C    P8    15W / 250W |      5MiB / 11019MiB |      0%      Default |	1688359695464
| 35%   43C    P8    14W / 250W |      5MiB / 11019MiB |      0%      Default |	1688359696003
| 35%   43C    P8    15W / 250W |      5MiB / 11019MiB |      0%      Default |	1688359696544
| 35%   42C    P8    14W / 250W |      5MiB / 11019MiB |      0%      Default |	1688359697092
| 35%   42C    P8    14W / 250W |      5MiB / 11019MiB |      0%      Default |	1688359697635
| 35%   42C    P8    14W / 250W |      5MiB / 11019MiB |      0%      Default |	1688359698175
| 35%   42C    P8    14W / 250W |      5MiB / 11019MiB |      0%      Default |	1688359698715
| 35%   42C    P8    14W / 250W |      5MiB / 11019MiB |      0%      Default |	1688359699254
| 35%   42C    P8    14W / 250W |      5MiB / 11019MiB |      0%      Default |	1688359699791
| 35%   42C    P8    14W / 250W |      5MiB / 11019MiB |      0%      Default |	1688359700327
| 35%   42C    P8    13W / 250W |      5MiB / 11019MiB |      0%      Default |	1688359700867
| 35%   42C    P8    15W / 250W |      5MiB / 11019MiB |      0%      Default |	1688359701406
| 35%   42C    P8    15W / 250W |      5MiB / 11019MiB |      0%      Default |	1688359701946
| 35%   41C    P8    15W / 250W |      5MiB / 11019MiB |      0%      Default |	1688359702488
| 35%   41C    P8    15W / 250W |      5MiB / 11019MiB |      0%      Default |	1688359703027
| 35%   41C    P8    15W / 250W |      5MiB / 11019MiB |      0%      Default |	1688359703566
| 35%   41C    P8    16W / 250W |      5MiB / 11019MiB |      0%      Default |	1688359704105
| 35%   41C    P8    15W / 250W |      5MiB / 11019MiB |      0%      Default |	1688359704644
| 35%   41C    P8    14W / 250W |      5MiB / 11019MiB |      0%      Default |	1688359705183
| 35%   41C    P8    15W / 250W |      5MiB / 11019MiB |      0%      Default |	1688359705722
| 35%   41C    P8    14W / 250W |      5MiB / 11019MiB |      0%      Default |	1688359706268
| 35%   41C    P0    18W / 250W |     51MiB / 11019MiB |      0%      Default |	1688359706806
| 35%   42C    P2    56W / 250W |    409MiB / 11019MiB |      0%      Default |	1688359707344
| 35%   43C    P2    56W / 250W |    635MiB / 11019MiB |      5%      Default |	1688359707882
| 35%   43C    P2    56W / 250W |    847MiB / 11019MiB |      5%      Default |	1688359708421
| 35%   43C    P2    56W / 250W |    847MiB / 11019MiB |      4%      Default |	1688359708960
| 35%   43C    P2    56W / 250W |    847MiB / 11019MiB |      4%      Default |	1688359709499
| 35%   43C    P2    56W / 250W |    847MiB / 11019MiB |      0%      Default |	1688359710036
| 35%   43C    P2    56W / 250W |    847MiB / 11019MiB |      0%      Default |	1688359710576
| 35%   43C    P2    56W / 250W |    847MiB / 11019MiB |      0%      Default |	1688359711114
| 35%   43C    P2    56W / 250W |    847MiB / 11019MiB |      0%      Default |	1688359711651
| 35%   43C    P2    56W / 250W |    847MiB / 11019MiB |      0%      Default |	1688359712189
| 35%   44C    P2    56W / 250W |    847MiB / 11019MiB |      0%      Default |	1688359712727
| 35%   44C    P2    56W / 250W |    847MiB / 11019MiB |      0%      Default |	1688359713264
| 35%   44C    P2    56W / 250W |    847MiB / 11019MiB |      0%      Default |	1688359713802
| 35%   44C    P2    56W / 250W |    847MiB / 11019MiB |      0%      Default |	1688359714338
| 35%   44C    P2    56W / 250W |    847MiB / 11019MiB |      0%      Default |	1688359714878
| 35%   44C    P2    56W / 250W |    847MiB / 11019MiB |      0%      Default |	1688359715413
| 35%   44C    P2    56W / 250W |    847MiB / 11019MiB |      0%      Default |	1688359715951
| 35%   44C    P2    56W / 250W |    847MiB / 11019MiB |      0%      Default |	1688359716489
| 35%   44C    P2    56W / 250W |    847MiB / 11019MiB |      0%      Default |	1688359717027
| 35%   44C    P2    56W / 250W |    847MiB / 11019MiB |      0%      Default |	1688359717566
| 35%   44C    P2    56W / 250W |    847MiB / 11019MiB |      0%      Default |	1688359718104
| 35%   44C    P2    56W / 250W |    847MiB / 11019MiB |      0%      Default |	1688359718641
| 35%   44C    P2    56W / 250W |    847MiB / 11019MiB |      0%      Default |	1688359719179
| 35%   44C    P2    56W / 250W |    847MiB / 11019MiB |      0%      Default |	1688359719717
| 35%   44C    P2    56W / 250W |    847MiB / 11019MiB |      0%      Default |	1688359720255
| 35%   44C    P2    56W / 250W |    847MiB / 11019MiB |      0%      Default |	1688359720794
| 35%   44C    P2    56W / 250W |    847MiB / 11019MiB |      0%      Default |	1688359721331
| 35%   44C    P2    56W / 250W |    847MiB / 11019MiB |      0%      Default |	1688359721868
| 35%   44C    P2    56W / 250W |    847MiB / 11019MiB |      0%      Default |	1688359722405
| 34%   44C    P2    56W / 250W |    847MiB / 11019MiB |      0%      Default |	1688359722943
| 34%   44C    P2    56W / 250W |    847MiB / 11019MiB |      0%      Default |	1688359723482
| 34%   44C    P2    56W / 250W |    847MiB / 11019MiB |      0%      Default |	1688359724019
| 35%   44C    P2    56W / 250W |    847MiB / 11019MiB |      0%      Default |	1688359724556
| 35%   44C    P2    56W / 250W |    847MiB / 11019MiB |      0%      Default |	1688359725094
| 35%   44C    P2    56W / 250W |    847MiB / 11019MiB |      0%      Default |	1688359725633
| 34%   43C    P8    13W / 250W |    847MiB / 11019MiB |      0%      Default |	1688359726172
| 34%   43C    P8    13W / 250W |    847MiB / 11019MiB |      0%      Default |	1688359726710
| 34%   43C    P8    14W / 250W |    847MiB / 11019MiB |      0%      Default |	1688359727247
| 34%   43C    P8    14W / 250W |    847MiB / 11019MiB |      0%      Default |	1688359727784
| 35%   42C    P8    13W / 250W |    847MiB / 11019MiB |      0%      Default |	1688359728322
| 34%   42C    P8    13W / 250W |    847MiB / 11019MiB |      0%      Default |	1688359728861
| 34%   42C    P8    14W / 250W |    847MiB / 11019MiB |      0%      Default |	1688359729399
| 34%   42C    P8    14W / 250W |    847MiB / 11019MiB |      0%      Default |	1688359729937
| 34%   42C    P8    13W / 250W |    847MiB / 11019MiB |      0%      Default |	1688359730477
| 34%   42C    P8    13W / 250W |    847MiB / 11019MiB |      0%      Default |	1688359731016
| 34%   42C    P8    13W / 250W |    847MiB / 11019MiB |      0%      Default |	1688359731554
| 34%   42C    P8    13W / 250W |    847MiB / 11019MiB |      0%      Default |	1688359732092
| 34%   42C    P8    14W / 250W |    847MiB / 11019MiB |      0%      Default |	1688359732631
| 34%   42C    P8    13W / 250W |    847MiB / 11019MiB |      0%      Default |	1688359733169
| 34%   41C    P8    13W / 250W |    847MiB / 11019MiB |      0%      Default |	1688359733708
| 34%   41C    P8    13W / 250W |    847MiB / 11019MiB |      0%      Default |	1688359734247
| 34%   41C    P8    13W / 250W |    847MiB / 11019MiB |      0%      Default |	1688359734786
| 34%   41C    P8    13W / 250W |    847MiB / 11019MiB |      0%      Default |	1688359735323
| 34%   41C    P8    14W / 250W |    847MiB / 11019MiB |      0%      Default |	1688359735861
| 34%   41C    P8    14W / 250W |    847MiB / 11019MiB |      0%      Default |	1688359736400
| 34%   41C    P8    14W / 250W |    847MiB / 11019MiB |      0%      Default |	1688359736939
| 34%   41C    P8    13W / 250W |    847MiB / 11019MiB |      0%      Default |	1688359737477
| 34%   42C    P2    55W / 250W |    853MiB / 11019MiB |      0%      Default |	1688359738015
| 34%   43C    P2    56W / 250W |   1997MiB / 11019MiB |      0%      Default |	1688359738547
| 34%   44C    P2    82W / 250W |   5457MiB / 11019MiB |      1%      Default |	1688359739131
| 34%   45C    P2   117W / 250W |   5793MiB / 11019MiB |      1%      Default |	1688359739670
| 34%   46C    P2   105W / 250W |   5927MiB / 11019MiB |     42%      Default |	1688359740205
| 34%   46C    P2   111W / 250W |   5927MiB / 11019MiB |     48%      Default |	1688359740741
| 34%   46C    P2   111W / 250W |   5995MiB / 11019MiB |     48%      Default |	1688359741283
| 34%   46C    P2   124W / 250W |   5995MiB / 11019MiB |     51%      Default |	1688359741820
| 34%   46C    P2   116W / 250W |   5995MiB / 11019MiB |     51%      Default |	1688359742358
| 34%   46C    P2   110W / 250W |   5995MiB / 11019MiB |     50%      Default |	1688359742892
| 34%   46C    P2    75W / 250W |   5995MiB / 11019MiB |     50%      Default |	1688359743428
| 34%   46C    P0    78W / 250W |      5MiB / 11019MiB |     27%      Default |	1688359743966
