3790454 toao      20   0 2565408  97744  68240 R 100.0   0.0   0:00.17 nts	1688352360679
3790454 toao      20   0 5294532 213200 115740 S  2875   0.1   0:12.73 nts	1688352361376
3790454 toao      20   0 5294532 213200 115740 R  2588   0.1   0:30.56 nts	1688352362065
3790454 toao      20   0 5294532 213200 115740 R  2844   0.1   0:49.32 nts	1688352362764
3790454 toao      20   0 5294532 213200 115740 R  3025   0.1   1:09.18 nts	1688352363442
3790454 toao      20   0 5391836 289624 116096 R 206.2   0.1   1:18.41 nts	1688352364123
3790454 toao      20   0 5391836 289888 116096 R 193.8   0.1   1:19.76 nts	1688352364805
3790454 toao      20   0 5391836 289888 116096 R 200.0   0.1   1:21.12 nts	1688352365490
3790454 toao      20   0 5391836 289888 116096 R 188.2   0.1   1:22.47 nts	1688352366173
3790454 toao      20   0 5391836 289888 116096 R 200.0   0.1   1:23.83 nts	1688352366859
3790454 toao      20   0 5391836 289888 116096 R 200.0   0.1   1:25.19 nts	1688352367548
3790454 toao      20   0 5391836 289888 116096 R 188.2   0.1   1:26.56 nts	1688352368235
3790454 toao      20   0 5391836 289888 116096 R 200.0   0.1   1:27.92 nts	1688352368925
3790454 toao      20   0 5391836 289888 116096 R 200.0   0.1   1:29.29 nts	1688352369616
3790454 toao      20   0 5391836 289888 116096 R 206.2   0.1   1:30.65 nts	1688352370307
3790454 toao      20   0 5391836 289888 116096 R 206.2   0.1   1:32.00 nts	1688352370990
3790454 toao      20   0 5391836 289888 116096 R 206.2   0.1   1:33.36 nts	1688352371676
3790454 toao      20   0 5391836 289888 116096 R 194.1   0.1   1:34.73 nts	1688352372364
3790454 toao      20   0 5391836 289888 116096 R 200.0   0.1   1:36.08 nts	1688352373052
3790454 toao      20   0 5391836 289888 116096 R 200.0   0.1   1:37.44 nts	1688352373737
3790454 toao      20   0 7067896   1.0g 116224 R  1069   0.6   1:41.63 nts	1688352374427
3790454 toao      20   0 7067896   1.1g 116224 R 893.8   0.6   1:47.71 nts	1688352375115
3790454 toao      20   0 7067896   1.1g 116224 R 968.8   0.6   1:53.73 nts	1688352375802
3790454 toao      20   0 7067896   1.1g 116224 R 668.8   0.6   1:58.98 nts	1688352376489
3790454 toao      20   0 7067896   1.1g 116224 R 870.6   0.6   2:05.43 nts	1688352377174
3790454 toao      20   0 7067896   1.2g 116224 R 750.0   0.6   2:10.79 nts	1688352377858
3790454 toao      20   0 7067896   1.2g 116224 R 912.5   0.6   2:16.70 nts	1688352378550
3790454 toao      20   0 7067896   1.2g 116224 R 788.2   0.6   2:22.74 nts	1688352379232
3790454 toao      20   0 8160836   1.2g 116256 R 200.0   0.6   2:25.50 nts	1688352379916
3790454 toao      20   0 8160836   1.2g 116256 R 212.5   0.6   2:26.87 nts	1688352380607
3790454 toao      20   0 8160836   1.2g 116256 R 200.0   0.6   2:28.22 nts	1688352381296
3790454 toao      20   0 8160836   1.2g 116256 R 200.0   0.6   2:29.58 nts	1688352381980
3790454 toao      20   0 8160836   1.2g 116256 R 212.5   0.6   2:30.95 nts	1688352382670
3790454 toao      20   0 8160836   1.2g 116256 R 206.2   0.6   2:32.31 nts	1688352383359
3790454 toao      20   0 8160836   1.2g 116256 R 206.2   0.6   2:33.67 nts	1688352384048
3790454 toao      20   0 8160836   1.2g 116256 R 206.2   0.6   2:35.03 nts	1688352384737
3790454 toao      20   0 8160836   1.2g 116256 R 188.2   0.6   2:36.39 nts	1688352385424
3790454 toao      20   0 8160836   1.2g 116256 R 206.2   0.6   2:37.75 nts	1688352386109
3790454 toao      20   0 8160836   1.2g 116256 R 206.2   0.6   2:39.11 nts	1688352386799
3790454 toao      20   0 8160836   1.2g 116256 R 206.2   0.6   2:40.48 nts	1688352387488
3790454 toao      20   0 8160836   1.2g 116256 R 212.5   0.6   2:41.84 nts	1688352388176
3790454 toao      20   0 9824896   1.3g 116256 R 358.8   0.7   2:43.48 nts	1688352388864
3790454 toao      20   0 9824896   1.4g 116256 S 525.0   0.7   2:47.72 nts	1688352389551
3790454 toao      20   0 9824896   1.5g 116256 R 556.2   0.8   2:51.34 nts	1688352390236
3790454 toao      20   0 9824896   1.6g 116256 R 506.2   0.9   2:55.34 nts	1688352390920
3790454 toao      20   0 9824896   1.7g 116256 R 662.5   0.9   2:59.39 nts	1688352391606
3790454 toao      20   0 9824896   1.8g 116256 R 593.8   1.0   3:03.19 nts	1688352392291
3790454 toao      20   0 9824896   1.9g 116256 R 531.2   1.0   3:06.79 nts	1688352392976
3790454 toao      20   0 9824896   2.1g 116256 R 650.0   1.1   3:10.63 nts	1688352393658
3790454 toao      20   0   10.5g   2.2g 116256 R 468.8   1.1   3:13.93 nts	1688352394344
3790454 toao      20   0   10.5g   2.2g 116256 R 106.2   1.1   3:14.61 nts	1688352395027
3790454 toao      20   0   10.5g   2.2g 116256 R 106.2   1.1   3:15.30 nts	1688352395708
3790454 toao      20   0   10.5g   2.2g 116256 R 106.2   1.1   3:15.99 nts	1688352396398
3790454 toao      20   0   10.5g   2.2g 116256 R  93.8   1.1   3:16.67 nts	1688352397088
3790454 toao      20   0   10.5g   2.2g 116256 R 106.2   1.1   3:17.37 nts	1688352397777
3790454 toao      20   0   10.5g   2.2g 116256 R 100.0   1.1   3:18.05 nts	1688352398465
3790454 toao      20   0   10.5g   2.2g 116256 R 100.0   1.1   3:18.74 nts	1688352399152
3790454 toao      20   0   10.5g   2.2g 116256 R 106.2   1.1   3:19.43 nts	1688352399840
3790454 toao      20   0   10.5g   2.2g 116256 R 106.2   1.1   3:20.12 nts	1688352400528
3790454 toao      20   0   11.4g   2.9g 116256 R 106.2   1.5   3:20.80 nts	1688352401220
3790454 toao      20   0   11.4g   2.9g 116256 R 100.0   1.6   3:21.49 nts	1688352401907
3790454 toao      20   0   11.4g   2.9g 116256 R 100.0   1.6   3:22.18 nts	1688352402596
3790454 toao      20   0   11.4g   2.9g 116256 R  94.1   1.6   3:22.87 nts	1688352403284
3790454 toao      20   0   11.4g   2.9g 116256 R 100.0   1.6   3:23.55 nts	1688352403973
3790454 toao      20   0   11.4g   3.0g 116256 R 100.0   1.6   3:24.24 nts	1688352404660
3790454 toao      20   0   11.4g   3.0g 116256 R 106.2   1.6   3:24.94 nts	1688352405348
3790454 toao      20   0   11.4g   3.0g 116256 R 106.2   1.6   3:25.62 nts	1688352406036
3790454 toao      20   0   11.4g   3.0g 116256 R  94.1   1.6   3:26.30 nts	1688352406722
3790454 toao      20   0   11.4g   3.0g 116256 R 100.0   1.6   3:26.99 nts	1688352407411
3790454 toao      20   0   11.4g   3.0g 116256 R  94.1   1.6   3:27.68 nts	1688352408095
3790454 toao      20   0   11.4g   3.0g 116256 R 100.0   1.6   3:28.37 nts	1688352408784
3790454 toao      20   0   11.4g   3.0g 116256 R 100.0   1.6   3:29.05 nts	1688352409471
3790454 toao      20   0   11.4g   3.1g 116256 R 100.0   1.6   3:29.74 nts	1688352410160
3790454 toao      20   0   11.4g   3.1g 116256 R 100.0   1.6   3:30.43 nts	1688352410847
3790454 toao      20   0   11.4g   3.1g 116256 R 106.2   1.6   3:31.12 nts	1688352411535
3790454 toao      20   0   11.4g   3.1g 116256 R  88.2   1.6   3:31.80 nts	1688352412224
3790454 toao      20   0   11.4g   3.1g 116256 R 106.2   1.6   3:32.49 nts	1688352412910
3790454 toao      20   0   11.4g   3.1g 116256 R 106.2   1.6   3:33.18 nts	1688352413600
3790454 toao      20   0   11.4g   3.1g 116256 R 106.2   1.6   3:33.87 nts	1688352414288
3790454 toao      20   0   11.4g   3.1g 116256 R 100.0   1.6   3:34.56 nts	1688352414976
3790454 toao      20   0   11.4g   3.1g 116256 R 100.0   1.6   3:35.25 nts	1688352415665
3790454 toao      20   0   16.5g   3.4g 248060 R 100.0   1.8   3:36.49 nts	1688352416355
3790454 toao      20   0   17.3g   4.1g 352464 R  93.8   2.2   3:37.17 nts	1688352417041
3790454 toao      20   0   18.2g   4.9g 505984 R 106.7   2.6   3:37.86 nts	1688352417725
3790454 toao      20   0   19.2g   5.9g 510576 R  93.8   3.1   3:38.53 nts	1688352418407
3790454 toao      20   0   19.2g   5.9g 510576 R 106.2   3.1   3:39.23 nts	1688352419090
3790454 toao      20   0   19.2g   5.9g 510576 R 106.2   3.1   3:39.92 nts	1688352419779
3790454 toao      20   0   26.1g   6.2g 858788 R 106.2   3.3   3:40.61 nts	1688352420468
3790454 toao      20   0   26.1g   9.2g   3.8g R 100.0   4.9   3:41.30 nts	1688352421159
3790454 toao      20   0   26.1g  12.1g   6.8g R 100.0   6.5   3:41.98 nts	1688352421848
3790454 toao      20   0   26.1g  12.7g   7.4g R 100.0   6.8   3:42.67 nts	1688352422534
3790454 toao      20   0   26.1g  12.7g   7.4g R 100.0   6.8   3:43.35 nts	1688352423221
3790454 toao      20   0   26.1g  12.7g   7.4g R 100.0   6.8   3:44.04 nts	1688352423907
3790454 toao      20   0   26.1g  12.7g   7.4g R 100.0   6.8   3:44.73 nts	1688352424595
3790454 toao      20   0   26.1g  12.7g   7.4g R 100.0   6.8   3:45.42 nts	1688352425284
3790454 toao      20   0   26.1g  12.7g   7.4g R 106.2   6.8   3:46.11 nts	1688352425970
3790454 toao      20   0   26.1g  12.7g   7.4g R 106.2   6.8   3:46.80 nts	1688352426660
3790454 toao      20   0   26.1g  12.7g   7.4g R 100.0   6.8   3:47.48 nts	1688352427348
3790454 toao      20   0   26.1g  12.7g   7.4g R 106.2   6.8   3:48.17 nts	1688352428036
3790454 toao      20   0   26.1g  12.7g   7.4g R 100.0   6.8   3:48.86 nts	1688352428723
3790454 toao      20   0   26.1g  12.7g   7.4g R 106.2   6.8   3:49.55 nts	1688352429412
3790454 toao      20   0   26.1g  12.7g   7.4g R 100.0   6.8   3:50.23 nts	1688352430099
3790454 toao      20   0   26.1g  12.7g   7.4g R 106.2   6.8   3:50.92 nts	1688352430786
3790454 toao      20   0   26.1g  12.8g   7.4g R 100.0   6.8   3:51.61 nts	1688352431476
3790454 toao      20   0   26.1g  12.8g   7.4g R 100.0   6.8   3:52.30 nts	1688352432164
3790454 toao      20   0   26.1g  12.8g   7.4g R 106.2   6.8   3:52.99 nts	1688352432852
3790454 toao      20   0   26.1g  12.8g   7.4g R 100.0   6.8   3:53.67 nts	1688352433539
3790454 toao      20   0   25.9g  12.8g   7.4g R 200.0   6.8   3:54.52 nts	1688352434227
3790454 toao      20   0   25.9g  12.8g   7.4g R 818.8   6.8   3:57.89 nts	1688352434910
3790454 toao      20   0   25.9g  12.8g   7.4g R 206.2   6.8   4:00.56 nts	1688352435599
3790454 toao      20   0   27.0g  12.8g   7.4g R 775.0   6.8   4:07.18 nts	1688352436286
3790454 toao      20   0   27.0g  12.8g   7.4g R 505.9   6.8   4:12.47 nts	1688352436974
3790454 toao      20   0   27.0g  12.8g   7.4g R 418.8   6.8   4:16.82 nts	1688352437661
3790454 toao      20   0   27.0g  12.8g   7.4g R  2100   6.8   4:21.40 nts	1688352438350
3790454 toao      20   0   27.0g  12.8g   7.4g R 393.8   6.8   4:25.75 nts	1688352439027
3790454 toao      20   0   27.0g  12.8g   7.4g R 831.2   6.8   4:31.38 nts	1688352439717
3790454 toao      20   0   27.0g  12.9g   7.4g R 823.5   6.9   4:35.56 nts	1688352440398
3790454 toao      20   0   27.0g  12.8g   7.4g R 281.2   6.8   4:41.49 nts	1688352441117
3790454 toao      20   0   27.0g  12.8g   7.4g R 735.3   6.8   4:48.03 nts	1688352441804
3790454 toao      20   0   27.0g  12.8g   7.4g R 200.0   6.8   4:50.38 nts	1688352442489
3790454 toao      20   0   27.0g  12.8g   7.4g R 712.5   6.8   4:57.26 nts	1688352443179
3790454 toao      20   0   27.0g  12.8g   7.4g S 743.8   6.8   5:03.26 nts	1688352443859
3790454 toao      20   0   27.0g  12.8g   7.4g R 731.2   6.8   5:08.93 nts	1688352444539
3790454 toao      20   0   27.0g  12.9g   7.4g R 681.2   6.9   5:12.88 nts	1688352445222
3790454 toao      20   0   27.0g  12.8g   7.4g R 488.2   6.8   5:19.21 nts	1688352445920
3790454 toao      20   0   27.0g  12.8g   7.4g S  2144   6.8   5:24.09 nts	1688352446609
3790454 toao      20   0   27.0g  12.8g   7.4g R 217.6   6.9   5:27.09 nts	1688352447294
3790454 toao      20   0   27.0g  12.8g   7.4g S 350.0   6.8   5:33.35 nts	1688352447978
3790454 toao      20   0   27.0g  12.8g   7.4g R 770.6   6.8   5:39.50 nts	1688352448663
3790454 toao      20   0   27.0g  12.8g   7.4g R 223.5   6.8   5:42.67 nts	1688352449351
3790454 toao      20   0   27.0g  12.8g   7.4g R 800.0   6.8   5:49.17 nts	1688352450041
3790454 toao      20   0   27.0g  12.8g   7.4g R 200.0   6.8   5:51.93 nts	1688352450720
3790454 toao      20   0   27.0g  12.8g   7.4g R 806.2   6.8   5:58.77 nts	1688352451410
3790454 toao      20   0   27.0g  12.9g   7.4g R 287.5   6.9   6:01.13 nts	1688352452098
3790454 toao      20   0   27.0g  12.8g   7.4g S 256.2   6.8   6:07.28 nts	1688352452789
3790454 toao      20   0   27.0g  12.8g   7.4g S 586.7   6.8   6:13.49 nts	1688352453469
3790454 toao      20   0   27.0g  12.8g   7.4g R 881.2   6.8   6:19.31 nts	1688352454140
3790454 toao      20   0   27.0g  12.8g   7.4g R 237.5   6.8   6:22.70 nts	1688352454830
3790454 toao      20   0   27.0g  12.8g   7.4g S 662.5   6.8   6:28.35 nts	1688352455515
3790454 toao      20   0   27.0g  12.8g   7.4g R 758.8   6.8   6:33.99 nts	1688352456215
3790454 toao      20   0   27.0g  12.9g   7.4g R 318.8   6.9   6:37.16 nts	1688352456900
3790454 toao      20   0   27.0g  12.8g   7.4g R 531.2   6.8   6:43.87 nts	1688352457597
3790454 toao      20   0   27.0g  12.8g   7.4g R  1994   6.8   6:48.60 nts	1688352458280
3790454 toao      20   0   27.0g  12.8g   7.4g R 443.8   6.8   6:52.90 nts	1688352458960
3790454 toao      20   0   27.0g  12.8g   7.4g R  1981   6.8   6:57.09 nts	1688352459645
3790454 toao      20   0   27.0g  12.8g   7.4g R 512.5   6.8   7:01.51 nts	1688352460326
3790454 toao      20   0   27.0g  12.8g   7.4g R  1147   6.8   7:06.46 nts	1688352461046
3790454 toao      20   0   27.0g  12.8g   7.4g R 382.4   6.8   7:10.70 nts	1688352461734
3790454 toao      20   0   27.0g  12.8g   7.4g R  1356   6.8   7:15.58 nts	1688352462420
3790454 toao      20   0   27.0g  12.8g   7.4g R 294.1   6.8   7:19.89 nts	1688352463104
3790454 toao      20   0   27.0g  12.8g   7.4g S 631.2   6.8   7:25.34 nts	1688352463787
3790454 toao      20   0   27.0g  12.8g   7.4g S  2018   6.8   7:30.80 nts	1688352464472
3790454 toao      20   0   27.0g  12.8g   7.4g R 175.0   6.8   7:34.53 nts	1688352465163
3790454 toao      20   0   27.0g  12.8g   7.4g S 443.8   6.8   7:40.64 nts	1688352465849
3790454 toao      20   0   27.0g  12.8g   7.4g R 893.8   6.8   7:46.19 nts	1688352466535
3790454 toao      20   0   27.0g  12.8g   7.4g R 268.8   6.8   7:49.70 nts	1688352467218
3790454 toao      20   0   27.0g  12.8g   7.4g R 825.0   6.8   7:55.36 nts	1688352467900
3790454 toao      20   0   27.0g  12.8g   7.4g R 212.5   6.8   7:58.56 nts	1688352468586
3790454 toao      20   0   27.0g  12.8g   7.4g S 529.4   6.8   8:04.89 nts	1688352469272
3790454 toao      20   0   27.0g  12.8g   7.4g R 837.5   6.8   8:10.88 nts	1688352469956
3790454 toao      20   0   27.0g  12.8g   7.4g R 218.8   6.8   8:13.90 nts	1688352470644
3790454 toao      20   0   27.0g  12.8g   7.4g R 843.8   6.8   8:20.04 nts	1688352471331
3790454 toao      20   0   27.0g  12.8g   7.4g R 206.2   6.8   8:22.72 nts	1688352472014
3790454 toao      20   0   27.0g  12.8g   7.4g R 687.5   6.8   8:29.59 nts	1688352472703
3790454 toao      20   0   27.0g  12.8g   7.4g R 612.5   6.8   8:35.13 nts	1688352473386
3790454 toao      20   0   27.0g  12.8g   7.4g R 318.8   6.8   8:38.99 nts	1688352474069
3790454 toao      20   0   27.0g  12.8g   7.4g R 787.5   6.8   8:43.83 nts	1688352474771
3790454 toao      20   0   27.0g  12.8g   7.4g R 350.0   6.8   8:47.94 nts	1688352475442
3790454 toao      20   0   27.0g  12.8g   7.4g R 837.5   6.8   8:53.41 nts	1688352476130
3790454 toao      20   0   27.0g  12.9g   7.4g R 993.8   6.9   8:57.47 nts	1688352476811
3790454 toao      20   0   27.0g  12.8g   7.4g R 818.8   6.8   9:04.31 nts	1688352477526
3790454 toao      20   0   27.0g  12.8g   7.4g R 200.0   6.8   9:07.04 nts	1688352478215
3790454 toao      20   0   27.0g  12.8g   7.4g R 768.8   6.8   9:14.43 nts	1688352478901
3790454 toao      20   0   27.0g  12.9g   7.4g R 988.2   6.9   9:17.59 nts	1688352479590
3790454 toao      20   0   27.0g  12.8g   7.4g R 406.2   6.8   9:23.66 nts	1688352480318
3790454 toao      20   0   27.0g  12.8g   7.4g R 794.1   6.8   9:28.54 nts	1688352481022
3790454 toao      20   0   27.0g  12.9g   7.4g R  1231   6.9   9:33.02 nts	1688352481703
3790454 toao      20   0   27.0g  12.8g   7.4g S 181.2   6.8   9:37.52 nts	1688352482406
3790454 toao      20   0   27.0g  12.8g   7.4g R 717.6   6.8   9:44.34 nts	1688352483092
3790454 toao      20   0   27.0g  12.8g   7.4g S  2094   6.8   9:48.99 nts	1688352483778
3790454 toao      20   0   27.0g  12.8g   7.4g R 475.0   6.8   9:53.34 nts	1688352484457
3790454 toao      20   0   27.0g  12.8g   7.4g R 893.8   6.8   9:58.89 nts	1688352485158
3790454 toao      20   0   27.0g  12.8g   7.4g R 225.0   6.9  10:01.99 nts	1688352485859
3790454 toao      20   0   27.0g  12.8g   7.4g R 470.6   6.8  10:08.87 nts	1688352486544
3790454 toao      20   0   27.0g  12.8g   7.4g R 747.1   6.8  10:14.91 nts	1688352487234
3790454 toao      20   0   27.0g  12.8g   7.4g R 182.4   6.8  10:17.76 nts	1688352487922
3790454 toao      20   0   27.0g  12.8g   7.4g R 725.0   6.8  10:24.70 nts	1688352488610
3790454 toao      20   0   27.0g  12.9g   7.4g R 225.0   6.9  10:26.85 nts	1688352489298
3790454 toao      20   0   27.0g  12.8g   7.4g R 543.8   6.8  10:33.95 nts	1688352489984
3790454 toao      20   0   27.0g  12.8g   7.4g S  2131   6.8  10:38.81 nts	1688352490674
3790454 toao      20   0   27.0g  12.9g   7.4g R 225.0   6.9  10:42.67 nts	1688352491356
3790454 toao      20   0   27.0g  12.8g   7.4g R 343.8   6.8  10:49.59 nts	1688352492047
3790454 toao      20   0   27.0g  12.8g   7.4g R 756.2   6.8  10:56.18 nts	1688352492734
3790454 toao      20   0   27.0g  12.9g   7.4g R 229.4   6.9  10:58.32 nts	1688352493424
3790454 toao      20   0   27.0g  12.8g   7.4g R 531.2   6.8  11:05.43 nts	1688352494121
3790454 toao      20   0   27.0g  12.8g   7.4g R  2088   6.8  11:10.26 nts	1688352494804
3790454 toao      20   0   27.0g  12.8g   7.4g R 518.8   6.8  11:14.57 nts	1688352495487
3790454 toao      20   0   27.0g  12.8g   7.4g S  2206   6.8  11:19.41 nts	1688352496175
3790454 toao      20   0   27.0g  12.8g   7.4g R 211.8   6.9  11:23.03 nts	1688352496854
3790454 toao      20   0   27.0g  12.8g   7.4g R 612.5   6.8  11:29.90 nts	1688352497539
3790454 toao      20   0   27.0g  12.9g   7.4g R  1475   6.9  11:33.83 nts	1688352498222
3790454 toao      20   0   27.0g  12.8g   7.4g R 343.8   6.8  11:39.14 nts	1688352498918
3790454 toao      20   0   27.0g  12.8g   7.4g R 818.8   6.8  11:45.13 nts	1688352499600
3790454 toao      20   0   27.0g  12.8g   7.4g R 206.2   6.8  11:47.99 nts	1688352500283
3790454 toao      20   0   27.0g  12.8g   7.4g S 593.8   6.8  11:53.98 nts	1688352500961
3790454 toao      20   0   27.0g  12.8g   7.4g R 231.2   6.8  11:58.81 nts	1688352501639
3790454 toao      20   0   27.0g  12.8g   7.4g R 437.5   6.8  12:03.39 nts	1688352502327
3790454 toao      20   0   27.0g  12.8g   7.4g R 864.7   6.8  12:08.42 nts	1688352503029
3790454 toao      20   0   27.0g  12.9g   7.4g R 643.8   6.9  12:11.96 nts	1688352503719
3790454 toao      20   0   27.0g  12.8g   7.4g R 381.2   6.8  12:18.53 nts	1688352504442
3790454 toao      20   0   27.0g  12.8g   7.4g R 818.8   6.8  12:24.58 nts	1688352505120
3790454 toao      20   0   27.0g  12.8g   7.4g R 200.0   6.8  12:27.54 nts	1688352505806
3790454 toao      20   0   27.0g  12.8g   7.4g S 556.2   6.8  12:33.73 nts	1688352506492
3790454 toao      20   0   27.0g  12.8g   7.4g R 775.0   6.8  12:39.42 nts	1688352507171
3790454 toao      20   0   27.0g  12.8g   7.4g R 200.0   6.8  12:42.56 nts	1688352507855
3790454 toao      20   0   27.0g  12.8g   7.4g S 300.0   6.8  12:48.29 nts	1688352508541
3790454 toao      20   0   53.5g  14.0g   8.4g R 100.0   7.5  12:54.46 nts	1688352509224
3790454 toao      20   0   57.3g  15.8g  10.1g R 200.0   8.4  12:56.30 nts	1688352509908
3790454 toao      20   0   64.4g  16.1g  10.3g S 931.2   8.6  13:00.74 nts	1688352510591
3790454 toao      20   0   66.9g  16.2g  10.3g S 806.2   8.6  13:06.32 nts	1688352511279
3790454 toao      20   0   65.8g  16.2g  10.3g S  1344   8.6  13:12.03 nts	1688352511967
3790454 toao      20   0   66.5g  16.2g  10.3g S 793.8   8.6  13:17.75 nts	1688352512648
3790454 toao      20   0   66.8g  16.2g  10.3g S  1265   8.7  13:23.34 nts	1688352513325
3790454 toao      20   0   66.3g  16.2g  10.3g S  1088   8.7  13:28.72 nts	1688352514019
3790454 toao      20   0   66.1g  16.2g  10.3g S  1106   8.7  13:34.16 nts	1688352514702
3790454 toao      20   0   65.4g  16.1g  10.3g S 937.5   8.6  13:39.40 nts	1688352515392
3790454 toao      20   0   66.8g  16.2g  10.3g S 418.8   8.7  13:43.86 nts	1688352516076
3790454 toao      20   0   67.1g  16.2g  10.3g S 631.2   8.7  13:49.47 nts	1688352516766
3790454 toao      20   0   66.6g  16.2g  10.3g S 787.5   8.7  13:54.94 nts	1688352517453
3790454 toao      20   0   67.0g  16.2g  10.3g S 812.5   8.7  14:00.56 nts	1688352518140
3790454 toao      20   0   66.3g  16.2g  10.3g S 831.2   8.7  14:06.05 nts	1688352518826
3790454 toao      20   0   66.7g  16.1g  10.3g S 918.8   8.6  14:10.93 nts	1688352519507
3790454 toao      20   0   66.3g  16.1g  10.3g S 950.0   8.6  14:16.64 nts	1688352520191
3790454 toao      20   0   65.4g  16.1g  10.3g S 850.0   8.6  14:22.04 nts	1688352520871
3790454 toao      20   0   65.2g  16.2g  10.3g S 350.0   8.7  14:26.82 nts	1688352521556
3790454 toao      20   0   65.7g  16.2g  10.3g S 582.4   8.7  14:32.91 nts	1688352522243
3790454 toao      20   0   66.5g  16.1g  10.3g S 912.5   8.6  14:38.85 nts	1688352522931
3790454 toao      20   0   65.9g  16.1g  10.3g S 893.8   8.6  14:44.26 nts	1688352523615
3790454 toao      20   0   66.5g  16.1g  10.3g S  1019   8.6  14:49.95 nts	1688352524296
3790454 toao      20   0   66.5g  16.2g  10.3g S  1319   8.7  14:56.06 nts	1688352524989
3790454 toao      20   0   66.9g  16.2g  10.3g S  1035   8.7  15:01.30 nts	1688352525663
3790454 toao      20   0   66.7g  16.2g  10.3g S  1256   8.7  15:07.34 nts	1688352526355
3790454 toao      20   0   67.1g  16.2g  10.3g S  1241   8.7  15:13.05 nts	1688352527042
3790454 toao      20   0   66.7g  16.2g  10.3g S  1338   8.7  15:18.69 nts	1688352527727
3790454 toao      20   0   66.8g  16.2g  10.3g S 775.0   8.7  15:24.38 nts	1688352528411
3790454 toao      20   0   66.6g  16.2g  10.3g S 693.8   8.7  15:30.41 nts	1688352529106
3790454 toao      20   0   66.1g  16.2g  10.3g S 331.2   8.7  15:35.47 nts	1688352529792
3790454 toao      20   0   66.1g  16.2g  10.3g S 600.0   8.7  15:41.56 nts	1688352530478
3790454 toao      20   0   65.3g  16.2g  10.3g S 587.5   8.7  15:47.07 nts	1688352531165
3790454 toao      20   0   67.4g  16.2g  10.3g S 526.7   8.7  15:52.57 nts	1688352531856
3790454 toao      20   0   66.8g  16.2g  10.3g S 375.0   8.7  15:58.09 nts	1688352532544
3790454 toao      20   0   67.8g  16.2g  10.3g S  1076   8.7  16:04.95 nts	1688352533226
3790454 toao      20   0   70.7g  16.2g  10.3g S  1047   8.7  16:10.98 nts	1688352533917
3790454 toao      20   0   72.6g  16.1g  10.3g S 812.5   8.6  16:15.71 nts	1688352534605
3790454 toao      20   0   71.0g  16.1g  10.3g S 937.5   8.6  16:21.65 nts	1688352535288
3790454 toao      20   0   71.2g  16.2g  10.3g S  1087   8.7  16:27.31 nts	1688352535968
3790454 toao      20   0   70.9g  16.2g  10.3g S 629.4   8.6  16:32.37 nts	1688352536650
3790454 toao      20   0   70.6g  16.3g  10.3g S 331.2   8.7  16:37.42 nts	1688352537337
3790454 toao      20   0   72.3g  16.3g  10.3g S 375.0   8.7  16:42.97 nts	1688352538019
3790454 toao      20   0   72.1g  16.3g  10.3g S 352.9   8.7  16:48.71 nts	1688352538697
3790454 toao      20   0   72.5g  16.3g  10.3g S 743.8   8.7  16:54.19 nts	1688352539378
3790454 toao      20   0   72.9g  16.3g  10.3g S 835.3   8.7  16:59.78 nts	1688352540071
3790454 toao      20   0   71.9g  16.3g  10.3g S  1356   8.7  17:05.38 nts	1688352540751
3790454 toao      20   0   72.5g  16.3g  10.3g S  1225   8.7  17:10.75 nts	1688352541435
3790454 toao      20   0   73.1g  16.2g  10.3g S 917.6   8.6  17:15.66 nts	1688352542116
3790454 toao      20   0   72.8g  16.3g  10.3g S 456.2   8.7  17:20.38 nts	1688352542795
3790454 toao      20   0   72.2g  16.3g  10.3g S 329.4   8.7  17:25.86 nts	1688352543481
3790454 toao      20   0   71.3g  16.3g  10.3g S 318.8   8.7  17:31.37 nts	1688352544171
3790454 toao      20   0   72.4g  16.3g  10.3g S 400.0   8.7  17:36.92 nts	1688352544862
3790454 toao      20   0   70.9g  16.2g  10.3g S 647.1   8.7  17:42.95 nts	1688352545545
3790454 toao      20   0   72.6g  16.2g  10.3g S 831.2   8.6  17:48.69 nts	1688352546235
3790454 toao      20   0   71.0g  16.3g  10.3g S 350.0   8.7  17:53.58 nts	1688352546920
3790454 toao      20   0   72.2g  16.2g  10.3g S 937.5   8.6  18:00.11 nts	1688352547602
3790454 toao      20   0   71.4g  16.3g  10.3g S 593.8   8.7  18:05.07 nts	1688352548281
3790454 toao      20   0   71.9g  16.3g  10.3g S 362.5   8.7  18:10.18 nts	1688352548973
3790454 toao      20   0   72.1g  16.3g  10.3g S 400.0   8.7  18:15.70 nts	1688352549658
3790454 toao      20   0   72.7g  16.3g  10.3g S 756.2   8.7  18:21.21 nts	1688352550342
3790454 toao      20   0   73.0g  16.3g  10.3g S 668.8   8.7  18:26.85 nts	1688352551028
3790454 toao      20   0   71.0g  16.2g  10.3g S 600.0   8.7  18:32.99 nts	1688352551712
3790454 toao      20   0   72.0g  16.2g  10.3g S 925.0   8.6  18:38.99 nts	1688352552407
3790454 toao      20   0   71.5g  16.2g  10.3g S 900.0   8.6  18:44.66 nts	1688352553095
3790454 toao      20   0   72.1g  16.2g  10.3g S 947.1   8.6  18:50.25 nts	1688352553774
3790454 toao      20   0   71.0g  16.2g  10.3g S 987.5   8.6  18:55.84 nts	1688352554456
3790454 toao      20   0   72.5g  16.2g  10.3g S  1012   8.6  19:01.51 nts	1688352555138
3790454 toao      20   0   71.9g  16.3g  10.3g S 350.0   8.7  19:06.06 nts	1688352555818
3790454 toao      20   0   69.5g  16.3g  10.3g S  1244   8.7  19:12.91 nts	1688352556518
3790454 toao      20   0   72.9g  16.3g  10.3g S 756.2   8.7  19:18.30 nts	1688352557198
3790454 toao      20   0   73.2g  16.2g  10.3g S 825.0   8.6  19:22.87 nts	1688352557880
3790454 toao      20   0   72.3g  16.3g  10.3g S 587.5   8.7  19:27.97 nts	1688352558554
3790454 toao      20   0   73.3g  16.2g  10.3g S 764.7   8.6  19:33.74 nts	1688352559232
3790454 toao      20   0   73.8g  16.3g  10.3g S 382.4   8.7  19:38.66 nts	1688352559914
3790454 toao      20   0   74.2g  16.3g  10.3g S 587.5   8.7  19:44.20 nts	1688352560598
3790454 toao      20   0   74.5g  16.3g  10.3g S 506.2   8.7  19:49.79 nts	1688352561288
3790454 toao      20   0   73.8g  16.3g  10.3g S 470.6   8.7  19:55.54 nts	1688352561975
3790454 toao      20   0   74.2g  16.3g  10.3g S 900.0   8.7  20:00.99 nts	1688352562669
3790454 toao      20   0   74.4g  16.3g  10.3g S  1100   8.7  20:06.89 nts	1688352563356
3790454 toao      20   0   73.6g  16.3g  10.3g S  1394   8.7  20:12.46 nts	1688352564047
3790454 toao      20   0   73.3g  16.3g  10.3g S  1144   8.7  20:17.81 nts	1688352564726
3790454 toao      20   0   73.0g  16.2g  10.3g S  1020   8.6  20:23.08 nts	1688352565417
3790454 toao      20   0   72.5g  16.3g  10.3g S 343.8   8.7  20:27.63 nts	1688352566091
3790454 toao      20   0   74.3g  16.3g  10.3g S 400.0   8.7  20:33.28 nts	1688352566772
3790454 toao      20   0   73.6g  16.3g  10.3g S 406.2   8.7  20:38.76 nts	1688352567459
3790454 toao      20   0   73.9g  16.3g  10.3g S 900.0   8.7  20:44.26 nts	1688352568140
3790454 toao      20   0   73.9g  16.3g  10.3g S  1120   8.7  20:49.96 nts	1688352568825
3790454 toao      20   0   74.2g  16.3g  10.3g S 735.3   8.7  20:55.51 nts	1688352569505
3790454 toao      20   0   74.5g  16.3g  10.3g S 986.7   8.7  21:01.18 nts	1688352570186
3790454 toao      20   0   74.1g  16.3g  10.3g S 782.4   8.7  21:06.86 nts	1688352570863
3790454 toao      20   0   74.3g  16.3g  10.3g S 870.6   8.7  21:12.40 nts	1688352571546
3790454 toao      20   0   73.7g  16.3g  10.3g S  1088   8.7  21:17.95 nts	1688352572225
3790454 toao      20   0   73.5g  16.2g  10.3g S  1031   8.6  21:22.94 nts	1688352572910
3790454 toao      20   0   74.0g  16.3g  10.3g S  1029   8.7  21:28.73 nts	1688352573603
3790454 toao      20   0   74.2g  16.3g  10.3g S  1112   8.7  21:34.30 nts	1688352574290
3790454 toao      20   0   73.6g  16.3g  10.3g S  1253   8.7  21:40.21 nts	1688352574981
3790454 toao      20   0   74.2g  16.3g  10.3g S 775.0   8.7  21:45.85 nts	1688352575663
3790454 toao      20   0   73.6g  16.3g  10.3g S 375.0   8.7  21:51.56 nts	1688352576344
3790454 toao      20   0   74.0g  16.3g  10.3g S 693.8   8.7  21:57.30 nts	1688352577029
3790454 toao      20   0   73.1g  16.3g  10.3g S 400.0   8.7  22:03.01 nts	1688352577717
3790454 toao      20   0   74.6g  16.3g  10.3g S 400.0   8.7  22:08.68 nts	1688352578402
3790454 toao      20   0   74.7g  16.3g  10.3g S 376.5   8.7  22:14.38 nts	1688352579084
3790454 toao      20   0   70.2g  16.3g  10.3g S  1156   8.7  22:21.42 nts	1688352579770
3790454 toao      20   0   73.9g  16.3g  10.3g S 906.2   8.7  22:27.40 nts	1688352580458
3790454 toao      20   0   75.0g  16.3g  10.3g S 843.8   8.7  22:32.24 nts	1688352581137
3790454 toao      20   0   73.9g  16.2g  10.3g S  1000   8.6  22:38.26 nts	1688352581814
3790454 toao      20   0   73.9g  16.3g  10.3g S  1256   8.7  22:44.34 nts	1688352582498
3790454 toao      20   0   73.4g  16.2g  10.3g S 950.0   8.6  22:49.30 nts	1688352583177
3790454 toao      20   0   73.7g  16.2g  10.3g S 968.8   8.6  22:55.05 nts	1688352583863
3790454 toao      20   0   72.6g  16.2g  10.3g S 781.2   8.6  23:00.34 nts	1688352584539
3790454 toao      20   0   73.2g  16.2g  10.3g S 868.8   8.6  23:06.20 nts	1688352585222
3790454 toao      20   0   73.5g  16.3g  10.3g S 412.5   8.7  23:10.88 nts	1688352585908
3790454 toao      20   0   74.3g  16.3g  10.3g S 512.5   8.7  23:16.55 nts	1688352586602
3790454 toao      20   0   73.6g  16.3g  10.3g S 850.0   8.7  23:22.28 nts	1688352587282
3790454 toao      20   0   73.6g  16.3g  10.3g S 725.0   8.7  23:27.63 nts	1688352587963
3790454 toao      20   0   74.1g  16.3g  10.3g S 875.0   8.7  23:33.09 nts	1688352588645
3790454 toao      20   0   73.3g  16.2g  10.3g S 835.3   8.6  23:38.00 nts	1688352589324
3790454 toao      20   0   74.5g  16.2g  10.3g S 968.8   8.6  23:43.63 nts	1688352590006
3790454 toao      20   0   73.6g  16.2g  10.3g S 750.0   8.6  23:49.04 nts	1688352590688
3790454 toao      20   0   74.2g  16.2g  10.3g S 800.0   8.7  23:54.52 nts	1688352591374
3790454 toao      20   0   74.2g  16.3g  10.3g S  1106   8.7  24:00.70 nts	1688352592059
3790454 toao      20   0   74.5g  16.3g  10.3g S  1282   8.7  24:06.70 nts	1688352592755
3790454 toao      20   0   74.5g  16.3g  10.3g S 906.2   8.7  24:12.47 nts	1688352593456
3790454 toao      20   0   73.6g  16.3g  10.3g S 793.8   8.7  24:18.21 nts	1688352594129
3790454 toao      20   0   74.1g  16.3g  10.3g S  1200   8.7  24:23.40 nts	1688352594813
3790454 toao      20   0   73.6g  16.3g  10.3g S  1018   8.7  24:28.73 nts	1688352595493
3790454 toao      20   0   73.2g  16.3g  10.3g S 968.8   8.7  24:34.02 nts	1688352596186
3790454 toao      20   0   74.9g  16.2g  10.3g S 993.8   8.6  24:39.43 nts	1688352596868
3790454 toao      20   0   74.2g  16.3g  10.3g S  1288   8.7  24:45.62 nts	1688352597553
3790454 toao      20   0   73.4g  16.3g  10.3g S 976.5   8.7  24:51.41 nts	1688352598243
3790454 toao      20   0   74.0g  16.3g  10.3g S 768.8   8.7  24:57.11 nts	1688352598932
3790454 toao      20   0   74.3g  16.3g  10.3g S 756.2   8.7  25:02.65 nts	1688352599610
3790454 toao      20   0   74.0g  16.3g  10.3g S 756.2   8.7  25:08.25 nts	1688352600291
3790454 toao      20   0   74.4g  16.3g  10.3g S 506.2   8.7  25:13.82 nts	1688352600969
3790454 toao      20   0   74.3g  16.3g  10.3g S 412.5   8.7  25:19.44 nts	1688352601656
3790454 toao      20   0   72.5g  16.3g  10.3g S 743.8   8.7  25:25.00 nts	1688352602340
3790454 toao      20   0   72.0g  16.2g  10.3g S 873.3   8.6  25:31.28 nts	1688352603028
3790454 toao      20   0   74.0g  16.2g  10.3g S 764.7   8.6  25:36.70 nts	1688352603703
3790454 toao      20   0   73.6g  16.3g  10.3g S 376.5   8.7  25:41.39 nts	1688352604384
3790454 toao      20   0   73.1g  16.2g  10.3g S 781.2   8.6  25:47.59 nts	1688352605069
3790454 toao      20   0   73.9g  16.3g  10.3g S 393.8   8.7  25:52.57 nts	1688352605746
3790454 toao      20   0   74.2g  16.3g  10.3g S 364.7   8.7  25:58.13 nts	1688352606433
3790454 toao      20   0   73.7g  16.3g  10.3g S 368.8   8.7  26:03.62 nts	1688352607117
3790454 toao      20   0   72.7g  16.3g  10.3g S 543.8   8.7  26:09.55 nts	1688352607799
3790454 toao      20   0   74.6g  16.3g  10.3g S 356.2   8.7  26:14.79 nts	1688352608492
3790454 toao      20   0   74.2g  16.3g  10.3g S 925.0   8.7  26:20.46 nts	1688352609173
3790454 toao      20   0   74.3g  16.3g  10.3g S  1024   8.7  26:26.19 nts	1688352609854
3790454 toao      20   0   74.4g  16.3g  10.3g S  1420   8.7  26:31.75 nts	1688352610548
3790454 toao      20   0   72.7g  16.3g  10.3g S  1294   8.7  26:37.28 nts	1688352611225
3790454 toao      20   0   73.4g  16.2g  10.3g S 835.3   8.6  26:42.28 nts	1688352611900
3790454 toao      20   0   72.8g  16.2g  10.3g S 900.0   8.6  26:47.70 nts	1688352612588
3790454 toao      20   0   72.5g  16.3g  10.3g S 331.2   8.7  26:52.50 nts	1688352613270
3790454 toao      20   0   74.3g  16.3g  10.3g S 418.8   8.7  26:58.09 nts	1688352613949
3790454 toao      20   0   73.9g  16.3g  10.3g S 393.8   8.7  27:03.66 nts	1688352614636
3790454 toao      20   0   73.3g  16.3g  10.3g S 431.2   8.7  27:09.27 nts	1688352615322
3790454 toao      20   0   73.9g  16.2g  10.3g S 925.0   8.6  27:15.70 nts	1688352616018
3790454 toao      20   0   72.5g  16.2g  10.3g S 723.5   8.6  27:21.15 nts	1688352616699
3790454 toao      20   0   74.1g  16.3g  10.3g S 531.2   8.7  27:26.28 nts	1688352617388
3790454 toao      20   0   74.3g  16.3g  10.3g S 725.0   8.7  27:32.32 nts	1688352618087
3790454 toao      20   0   74.1g  16.2g  10.3g S 831.2   8.6  27:38.05 nts	1688352618778
3790454 toao      20   0   73.3g  16.2g  10.3g S 768.8   8.6  27:43.60 nts	1688352619460
3790454 toao      20   0   73.9g  16.2g  10.3g S 993.8   8.6  27:49.59 nts	1688352620141
3790454 toao      20   0   73.8g  16.2g  10.3g S  1000   8.6  27:55.27 nts	1688352620829
3790454 toao      20   0   73.4g  16.3g  10.3g S 862.5   8.7  28:01.42 nts	1688352621511
3790454 toao      20   0   74.2g  16.3g  10.3g S 564.7   8.7  28:07.10 nts	1688352622194
3790454 toao      20   0   73.7g  16.3g  10.3g S 943.8   8.7  28:12.71 nts	1688352622881
3790454 toao      20   0   73.5g  16.3g  10.3g S 826.7   8.7  28:18.25 nts	1688352623566
3790454 toao      20   0   73.8g  16.3g  10.3g S 768.8   8.7  28:23.84 nts	1688352624239
3790454 toao      20   0   74.0g  16.3g  10.3g S 750.0   8.7  28:29.45 nts	1688352624916
3790454 toao      20   0   71.6g  16.2g  10.3g D 952.9   8.7  28:35.56 nts	1688352625596
3790454 toao      20   0   73.7g  16.2g  10.3g S  1012   8.6  28:41.73 nts	1688352626275
3790454 toao      20   0   73.8g  16.3g  10.3g S 387.5   8.7  28:46.37 nts	1688352626966
3790454 toao      20   0   74.9g  16.3g  10.3g S 712.5   8.7  28:52.24 nts	1688352627649
3790454 toao      20   0   74.0g  16.2g  10.3g S 775.0   8.6  28:58.58 nts	1688352628332
3790454 toao      20   0   73.8g  16.3g  10.3g S 406.2   8.7  29:03.57 nts	1688352629012
3790454 toao      20   0   74.2g  16.3g  10.3g S 406.2   8.7  29:09.15 nts	1688352629697
3790454 toao      20   0   74.3g  16.3g  10.3g S 406.2   8.7  29:14.67 nts	1688352630385
3790454 toao      20   0   73.9g  16.3g  10.3g S 505.9   8.7  29:20.39 nts	1688352631071
3790454 toao      20   0   74.7g  16.3g  10.3g S  1375   8.7  29:26.02 nts	1688352631761
3790454 toao      20   0   73.5g  16.2g  10.3g S  1062   8.6  29:31.27 nts	1688352632446
3790454 toao      20   0   72.8g  16.3g  10.3g S  1059   8.7  29:36.92 nts	1688352633134
3790454 toao      20   0   73.5g  16.2g  10.3g S 912.5   8.6  29:42.31 nts	1688352633833
3790454 toao      20   0   74.5g  16.2g  10.3g S 906.2   8.6  29:47.84 nts	1688352634517
3790454 toao      20   0   74.1g  16.3g  10.3g S 381.2   8.7  29:52.65 nts	1688352635197
3790454 toao      20   0   73.5g  16.3g  10.3g S 375.0   8.7  29:58.26 nts	1688352635883
3790454 toao      20   0   73.6g  16.3g  10.3g S 406.2   8.7  30:03.79 nts	1688352636567
3790454 toao      20   0   73.8g  16.3g  10.3g S 918.8   8.7  30:09.30 nts	1688352637249
3790454 toao      20   0   73.8g  16.3g  10.3g S 711.8   8.7  30:14.82 nts	1688352637934
3790454 toao      20   0   73.6g  16.3g  10.3g S 375.0   8.7  30:20.57 nts	1688352638622
3790454 toao      20   0   73.8g  16.3g  10.3g S 406.2   8.7  30:26.13 nts	1688352639300
3790454 toao      20   0   73.8g  16.3g  10.3g S 406.2   8.7  30:31.85 nts	1688352639979
3790454 toao      20   0   74.0g  16.3g  10.3g S 652.9   8.7  30:37.42 nts	1688352640665
3790454 toao      20   0   73.7g  16.3g  10.3g S 893.8   8.7  30:42.95 nts	1688352641346
3790454 toao      20   0   73.6g  16.3g  10.3g S  1325   8.7  30:48.44 nts	1688352642031
3790454 toao      20   0   74.0g  16.3g  10.3g S  1325   8.7  30:53.97 nts	1688352642716
3790454 toao      20   0   73.7g  16.3g  10.3g S  1319   8.7  30:59.60 nts	1688352643402
3790454 toao      20   0   73.6g  16.3g  10.3g S  1356   8.7  31:05.19 nts	1688352644085
3790454 toao      20   0   74.3g  16.3g  10.3g S 868.8   8.7  31:10.92 nts	1688352644768
3790454 toao      20   0   74.1g  16.3g  10.3g S 664.7   8.7  31:16.51 nts	1688352645443
3790454 toao      20   0   73.8g  16.3g  10.3g S 818.8   8.7  31:22.16 nts	1688352646129
3790454 toao      20   0   72.5g  16.3g  10.3g S 768.8   8.7  31:27.70 nts	1688352646816
3790454 toao      20   0   74.1g  16.3g  10.3g S 775.0   8.7  31:33.29 nts	1688352647497
3790454 toao      20   0   74.4g  16.3g  10.3g S 443.8   8.7  31:38.88 nts	1688352648175
3790454 toao      20   0   72.0g  16.2g  10.3g S 950.0   8.6  31:45.30 nts	1688352648870
3790454 toao      20   0   72.9g  16.2g  10.3g S 875.0   8.6  31:50.69 nts	1688352649545
3790454 toao      20   0   74.7g  16.3g  10.3g S 406.2   8.7  31:55.35 nts	1688352650229
3790454 toao      20   0   74.0g  16.3g  10.3g S 718.8   8.7  32:01.53 nts	1688352650914
3790454 toao      20   0   72.6g  16.2g  10.3g S 823.5   8.6  32:07.57 nts	1688352651602
3790454 toao      20   0   72.4g  16.3g  10.3g S 400.0   8.7  32:12.35 nts	1688352652289
3790454 toao      20   0   74.0g  16.3g  10.3g S 488.2   8.7  32:18.02 nts	1688352652969
3790454 toao      20   0   73.7g  16.3g  10.3g S 400.0   8.7  32:23.50 nts	1688352653669
3790454 toao      20   0   73.9g  16.3g  10.3g S 400.0   8.7  32:29.01 nts	1688352654353
3790454 toao      20   0   73.9g  16.3g  10.3g S 737.5   8.7  32:34.35 nts	1688352655030
3790454 toao      20   0   74.0g  16.3g  10.3g S 987.5   8.7  32:39.91 nts	1688352655727
3790454 toao      20   0   73.6g  16.3g  10.3g S  1356   8.7  32:45.70 nts	1688352656389
3790454 toao      20   0   73.6g  16.3g  10.3g S  1244   8.7  32:51.13 nts	1688352657078
3790454 toao      20   0   72.9g  16.2g  10.3g S 750.0   8.6  32:55.85 nts	1688352657757
3790454 toao      20   0   72.4g  16.3g  10.3g S 341.2   8.7  33:00.77 nts	1688352658444
3790454 toao      20   0   73.7g  16.3g  10.3g S 412.5   8.7  33:06.37 nts	1688352659128
3790454 toao      20   0   73.7g  16.3g  10.3g S 382.4   8.7  33:11.87 nts	1688352659813
3790454 toao      20   0   73.9g  16.3g  10.3g S 750.0   8.7  33:17.37 nts	1688352660492
3790454 toao      20   0   74.1g  16.3g  10.3g S 900.0   8.7  33:22.94 nts	1688352661174
3790454 toao      20   0   73.0g  16.3g  10.3g S 387.5   8.7  33:28.67 nts	1688352661858
3790454 toao      20   0   73.8g  16.3g  10.3g S 388.2   8.7  33:34.25 nts	1688352662542
3790454 toao      20   0   74.0g  16.2g  10.3g S 812.5   8.6  33:40.60 nts	1688352663232
3790454 toao      20   0   72.8g  16.3g  10.3g S 368.8   8.7  33:45.30 nts	1688352663914
3790454 toao      20   0   73.7g  16.3g  10.3g S 793.8   8.7  33:51.14 nts	1688352664598
3790454 toao      20   0   73.6g  16.3g  10.3g S 800.0   8.7  33:56.69 nts	1688352665283
3790454 toao      20   0   74.4g  16.3g  10.3g S 856.2   8.7  34:02.15 nts	1688352665967
3790454 toao      20   0   73.9g  16.3g  10.3g S 825.0   8.7  34:07.65 nts	1688352666646
3790454 toao      20   0   72.5g  16.3g  10.3g S 350.0   8.7  34:13.37 nts	1688352667325
3790454 toao      20   0   73.9g  16.2g  10.3g S 793.8   8.6  34:19.59 nts	1688352668010
3790454 toao      20   0   73.9g  16.2g  10.3g S 775.0   8.6  34:25.23 nts	1688352668689
3790454 toao      20   0   74.2g  16.3g  10.3g S 825.0   8.7  34:30.88 nts	1688352669371
3790454 toao      20   0   72.7g  16.2g  10.3g S 806.2   8.6  34:36.40 nts	1688352670050
3790454 toao      20   0   73.9g  16.2g  10.3g S  1000   8.6  34:42.24 nts	1688352670736
3790454 toao      20   0   73.9g  16.3g  10.3g S 456.2   8.7  34:47.02 nts	1688352671422
3790454 toao      20   0   70.3g  16.3g  10.3g S  1088   8.7  34:53.82 nts	1688352672108
3790454 toao      20   0   73.1g  16.3g  10.3g S 700.0   8.7  34:59.71 nts	1688352672796
3790454 toao      20   0   74.2g  16.3g  10.3g S  1344   8.7  35:05.32 nts	1688352673478
3790454 toao      20   0   73.8g  16.3g  10.3g S 900.0   8.7  35:11.03 nts	1688352674161
3790454 toao      20   0   73.1g  16.3g  10.3g S 706.2   8.7  35:16.66 nts	1688352674838
3790454 toao      20   0   74.3g  16.3g  10.3g S  1306   8.7  35:22.17 nts	1688352675511
3790454 toao      20   0   73.8g  16.3g  10.3g S 950.0   8.7  35:27.83 nts	1688352676191
3790454 toao      20   0   73.5g  16.3g  10.3g S  1362   8.7  35:33.35 nts	1688352676872
3790454 toao      20   0   73.8g  16.3g  10.3g S  1406   8.7  35:39.09 nts	1688352677555
3790454 toao      20   0   73.8g  16.2g  10.3g S 975.0   8.6  35:44.17 nts	1688352678238
3790454 toao      20   0   73.1g  16.3g  10.3g S 343.8   8.7  35:48.83 nts	1688352678921
3790454 toao      20   0   73.2g  16.3g  10.3g S 323.5   8.7  35:54.44 nts	1688352679604
3790454 toao      20   0   73.8g  16.3g  10.3g S 406.2   8.7  35:59.89 nts	1688352680292
3790454 toao      20   0   74.4g  16.3g  10.3g S 405.9   8.7  36:05.28 nts	1688352680973
3790454 toao      20   0   73.8g  16.3g  10.3g S 762.5   8.7  36:10.78 nts	1688352681656
3790454 toao      20   0   74.4g  16.3g  10.3g S  1000   8.7  36:16.36 nts	1688352682336
3790454 toao      20   0   73.7g  16.3g  10.3g S 981.2   8.7  36:21.95 nts	1688352683026
3790454 toao      20   0   74.1g  16.3g  10.3g S 912.5   8.7  36:27.65 nts	1688352683714
3790454 toao      20   0   73.6g  16.3g  10.3g S 912.5   8.7  36:33.26 nts	1688352684392
3790454 toao      20   0   74.2g  16.3g  10.3g S 931.2   8.7  36:38.85 nts	1688352685072
3790454 toao      20   0   73.8g  16.3g  10.3g S  1231   8.7  36:44.50 nts	1688352685758
3790454 toao      20   0   74.1g  16.3g  10.3g S 793.8   8.7  36:50.25 nts	1688352686447
3790454 toao      20   0   73.9g  16.3g  10.3g S 956.2   8.7  36:55.78 nts	1688352687131
3790454 toao      20   0   74.0g  16.3g  10.3g S  1200   8.7  37:01.22 nts	1688352687810
3790454 toao      20   0   73.2g  16.3g  10.3g S  1294   8.7  37:07.06 nts	1688352688503
3790454 toao      20   0   75.0g  16.3g  10.3g S  1219   8.7  37:12.44 nts	1688352689183
3790454 toao      20   0   75.0g  16.3g  10.3g S  1038   8.7  37:18.36 nts	1688352689889
3790454 toao      20   0   73.9g  16.3g  10.3g S 743.8   8.7  37:24.00 nts	1688352690555
3790454 toao      20   0   73.6g  16.3g  10.3g S 756.2   8.7  37:29.45 nts	1688352691232
3790454 toao      20   0   74.1g  16.3g  10.3g S 893.8   8.7  37:34.94 nts	1688352691917
3790454 toao      20   0   73.7g  16.3g  10.3g S 800.0   8.7  37:40.36 nts	1688352692595
3790454 toao      20   0   73.5g  16.3g  10.3g S  1006   8.7  37:45.93 nts	1688352693281
3790454 toao      20   0   74.0g  16.3g  10.3g S 858.8   8.7  37:51.61 nts	1688352693965
3790454 toao      20   0   74.5g  16.3g  10.3g S 950.0   8.7  37:57.27 nts	1688352694651
3790454 toao      20   0   71.4g  16.2g  10.3g S 806.2   8.6  38:03.45 nts	1688352695330
3790454 toao      20   0   73.4g  16.2g  10.3g S 781.2   8.6  38:08.95 nts	1688352696010
3790454 toao      20   0   73.3g  16.3g  10.3g S 406.2   8.7  38:13.87 nts	1688352696692
3790454 toao      20   0   73.8g  16.2g  10.3g S 962.5   8.6  38:20.42 nts	1688352697372
3790454 toao      20   0   73.7g  16.3g  10.3g S 756.2   8.7  38:25.56 nts	1688352698053
3790454 toao      20   0   73.7g  16.3g  10.3g S 343.8   8.7  38:30.53 nts	1688352698742
3790454 toao      20   0   73.9g  16.3g  10.3g S 358.8   8.7  38:36.07 nts	1688352699434
3790454 toao      20   0   73.8g  16.3g  10.3g S 558.8   8.7  38:41.77 nts	1688352700124
3790454 toao      20   0   73.3g  16.3g  10.3g S 356.2   8.7  38:47.26 nts	1688352700812
3790454 toao      20   0   74.4g  16.3g  10.3g S 937.5   8.7  38:52.95 nts	1688352701509
3790454 toao      20   0   74.0g  16.3g  10.3g S  1344   8.7  38:58.64 nts	1688352702185
3790454 toao      20   0   74.0g  16.3g  10.3g S  1312   8.7  39:04.26 nts	1688352702869
3790454 toao      20   0   73.2g  16.2g  10.3g S 900.0   8.6  39:09.39 nts	1688352703549
3790454 toao      20   0   73.2g  16.2g  10.3g S 912.5   8.6  39:15.08 nts	1688352704233
3790454 toao      20   0   73.2g  16.3g  10.3g S 475.0   8.7  39:19.88 nts	1688352704916
3790454 toao      20   0   72.5g  16.3g  10.3g S 343.8   8.7  39:25.43 nts	1688352705610
3790454 toao      20   0   74.1g  16.3g  10.3g S 400.0   8.7  39:30.94 nts	1688352706298
3790454 toao      20   0   73.8g  16.3g  10.3g S 717.6   8.7  39:36.47 nts	1688352706973
3790454 toao      20   0   74.1g  16.3g  10.3g S 558.8   8.7  39:41.89 nts	1688352707652
3790454 toao      20   0   73.8g  16.3g  10.3g S 437.5   8.7  39:47.38 nts	1688352708336
3790454 toao      20   0   73.6g  16.3g  10.3g S 793.8   8.7  39:52.84 nts	1688352709020
3790454 toao      20   0   73.6g  16.3g  10.3g S 725.0   8.7  39:58.50 nts	1688352709699
3790454 toao      20   0   74.5g  16.3g  10.3g S 937.5   8.7  40:04.07 nts	1688352710388
3790454 toao      20   0   74.3g  16.3g  10.3g S  1081   8.7  40:09.71 nts	1688352711094
3790454 toao      20   0   73.2g  16.3g  10.3g S  1281   8.7  40:15.24 nts	1688352711757
3790454 toao      20   0   74.6g  16.3g  10.3g S  1262   8.7  40:20.66 nts	1688352712438
3790454 toao      20   0   73.6g  16.3g  10.3g S  1331   8.7  40:26.36 nts	1688352713129
3790454 toao      20   0   73.9g  16.3g  10.3g S 388.2   8.7  40:32.21 nts	1688352713814
3790454 toao      20   0   72.1g  16.3g  10.3g S 317.6   8.7  40:37.74 nts	1688352714504
3790454 toao      20   0   74.9g  16.3g  10.3g S 412.5   8.7  40:43.32 nts	1688352715196
3790454 toao      20   0   74.1g  16.3g  10.3g S 400.0   8.7  40:48.88 nts	1688352715884
3790454 toao      20   0   74.0g  16.3g  10.3g S 375.0   8.7  40:54.40 nts	1688352716570
3790454 toao      20   0   73.5g  16.3g  10.3g S 362.5   8.7  41:00.05 nts	1688352717248
3790454 toao      20   0   72.7g  16.3g  10.3g S 440.0   8.7  41:05.73 nts	1688352717927
3790454 toao      20   0   72.0g  16.2g  10.3g S  1000   8.6  41:12.31 nts	1688352718608
3790454 toao      20   0   74.1g  16.2g  10.3g S 962.5   8.6  41:17.75 nts	1688352719297
3790454 toao      20   0   73.6g  16.3g  10.3g S 393.8   8.7  41:22.48 nts	1688352719986
3790454 toao      20   0   71.6g  16.2g  10.3g S 712.5   8.6  41:28.75 nts	1688352720677
3790454 toao      20   0   72.1g  16.3g  10.3g S 393.8   8.7  41:33.83 nts	1688352721358
3790454 toao      20   0   72.9g  16.3g  10.3g S 418.8   8.7  41:39.51 nts	1688352722046
3790454 toao      20   0   74.3g  16.3g  10.3g S 406.2   8.7  41:45.12 nts	1688352722730
3790454 toao      20   0   73.5g  16.3g  10.3g S 523.5   8.7  41:50.57 nts	1688352723412
3790454 toao      20   0   74.5g  16.3g  10.3g S 875.0   8.7  41:55.90 nts	1688352724098
3790454 toao      20   0   73.3g  16.2g  10.3g S  1006   8.6  42:00.94 nts	1688352724781
3790454 toao      20   0   73.3g  16.2g  10.3g S 750.0   8.6  42:06.20 nts	1688352725463
3790454 toao      20   0   73.5g  16.3g  10.3g S 587.5   8.7  42:11.47 nts	1688352726139
3790454 toao      20   0   74.1g  16.3g  10.3g S 606.2   8.7  42:16.87 nts	1688352726821
3790454 toao      20   0   73.8g  16.3g  10.3g S 406.2   8.7  42:22.24 nts	1688352727500
3790454 toao      20   0   73.6g  16.3g  10.3g S 762.5   8.7  42:27.96 nts	1688352728179
3790454 toao      20   0   74.0g  16.3g  10.3g S 717.6   8.7  42:33.47 nts	1688352728861
3790454 toao      20   0   74.3g  16.3g  10.3g S  1138   8.7  42:38.97 nts	1688352729545
3790454 toao      20   0   74.1g  16.3g  10.3g S  1350   8.7  42:44.64 nts	1688352730225
3790454 toao      20   0   73.8g  16.3g  10.3g S  1041   8.7  42:50.42 nts	1688352730916
3790454 toao      20   0   74.1g  16.3g  10.3g S 881.2   8.7  42:55.96 nts	1688352731585
3790454 toao      20   0   74.7g  16.3g  10.3g S 937.5   8.7  43:01.67 nts	1688352732273
3790454 toao      20   0   74.7g  16.3g  10.3g S 382.4   8.7  43:07.44 nts	1688352732955
3790454 toao      20   0   74.4g  16.3g  10.3g S 806.2   8.7  43:13.11 nts	1688352733638
3790454 toao      20   0   75.0g  16.3g  10.3g S 925.0   8.7  43:18.78 nts	1688352734330
3790454 toao      20   0   73.9g  16.3g  10.3g S 812.5   8.7  43:24.47 nts	1688352735017
3790454 toao      20   0   73.9g  16.3g  10.3g S 968.8   8.7  43:30.05 nts	1688352735713
3790454 toao      20   0   74.2g  16.3g  10.3g S 750.0   8.7  43:35.80 nts	1688352736391
3790454 toao      20   0   74.1g  16.2g  10.3g S 787.5   8.6  43:41.94 nts	1688352737076
3790454 toao      20   0   73.9g  16.2g  10.3g S 981.2   8.6  43:47.90 nts	1688352737758
3790454 toao      20   0   73.3g  16.2g  10.3g S 743.8   8.7  43:53.10 nts	1688352738440
3790454 toao      20   0   73.6g  16.2g  10.3g S 737.5   8.6  43:58.77 nts	1688352739120
3790454 toao      20   0   74.0g  16.2g  10.3g S 781.2   8.6  44:04.31 nts	1688352739792
3790454 toao      20   0   73.9g  16.2g  10.3g S 762.5   8.6  44:09.71 nts	1688352740472
3790454 toao      20   0   74.3g  16.2g  10.3g S 768.8   8.6  44:15.04 nts	1688352741151
3790454 toao      20   0       0      0      0 Z 106.2   0.0  44:15.93 nts	1688352741837
3790454 toao      20   0       0      0      0 Z 100.0   0.0  44:16.60 nts	1688352742522
3790454 toao      20   0       0      0      0 Z 100.0   0.0  44:17.28 nts	1688352743206
