969479 toao      20   0 2569896 102488  68612 R 100.0   0.1   0:00.16 nts	1688364640673
969479 toao      20   0 5292096 209048 114192 R  3019   0.1   0:14.04 nts	1688364641377
969479 toao      20   0 5292096 209048 114192 R  2931   0.1   0:34.99 nts	1688364642082
969479 toao      20   0 5377144 273636 114424 R 206.2   0.1   0:41.48 nts	1688364642760
969479 toao      20   0 5377144 273636 114424 R 206.2   0.1   0:42.84 nts	1688364643445
969479 toao      20   0 5377144 273636 114424 R 200.0   0.1   0:44.19 nts	1688364644129
969479 toao      20   0 5377144 273636 114424 R 182.4   0.1   0:45.54 nts	1688364644814
969479 toao      20   0 5377144 273636 114424 R 200.0   0.1   0:46.90 nts	1688364645498
969479 toao      20   0 5377144 273636 114424 R 200.0   0.1   0:48.26 nts	1688364646187
969479 toao      20   0 5377144 273636 114424 R 206.2   0.1   0:49.63 nts	1688364646876
969479 toao      20   0 5377144 273636 114424 R 188.2   0.1   0:50.99 nts	1688364647564
969479 toao      20   0 6608792 767980 114548 R  1100   0.4   0:57.60 nts	1688364648251
969479 toao      20   0 6608792 782996 114548 R  1169   0.4   1:05.23 nts	1688364648941
969479 toao      20   0 6608792 786648 114548 R  1094   0.4   1:12.58 nts	1688364649617
969479 toao      20   0 6608792 792960 114548 R  1194   0.4   1:20.24 nts	1688364650295
969479 toao      20   0 6608792 793488 114548 R  1029   0.4   1:28.20 nts	1688364650975
969479 toao      20   0 7631324 795416 114580 R 200.0   0.4   1:34.81 nts	1688364651653
969479 toao      20   0 7631324 796468 114580 R 206.2   0.4   1:36.18 nts	1688364652339
969479 toao      20   0 7631324 799108 114580 R 206.2   0.4   1:37.54 nts	1688364653028
969479 toao      20   0 7631324 801748 114580 R 200.0   0.4   1:38.90 nts	1688364653716
969479 toao      20   0 7631324 804388 114580 R 188.2   0.4   1:40.26 nts	1688364654405
969479 toao      20   0 7631324 805708 114580 R 206.2   0.4   1:41.63 nts	1688364655092
969479 toao      20   0 7631324 808612 114580 R 206.2   0.4   1:42.99 nts	1688364655780
969479 toao      20   0 7631324 812308 114580 R 200.0   0.4   1:44.35 nts	1688364656468
969479 toao      20   0 8853408 896532 114580 S 658.8   0.5   1:47.00 nts	1688364657155
969479 toao      20   0 8853408   1.0g 114580 R 600.0   0.5   1:51.55 nts	1688364657837
969479 toao      20   0 8853408   1.1g 114580 R 625.0   0.6   1:56.10 nts	1688364658517
969479 toao      20   0 8853408   1.2g 114580 R 606.2   0.6   2:00.14 nts	1688364659202
969479 toao      20   0 9998816   1.3g 114580 R 100.0   0.7   2:03.64 nts	1688364659889
969479 toao      20   0 9998816   1.3g 114580 R 106.2   0.7   2:04.32 nts	1688364660579
969479 toao      20   0 9998816   1.3g 114580 R 106.2   0.7   2:05.01 nts	1688364661268
969479 toao      20   0 9998816   1.3g 114580 R 100.0   0.7   2:05.70 nts	1688364661956
969479 toao      20   0 9998816   1.3g 114580 R  94.1   0.7   2:06.38 nts	1688364662645
969479 toao      20   0   10.0g   1.7g 114580 R 100.0   0.9   2:07.07 nts	1688364663332
969479 toao      20   0   10.0g   1.8g 114580 R 100.0   0.9   2:07.76 nts	1688364664020
969479 toao      20   0   10.0g   1.8g 114580 R 100.0   0.9   2:08.44 nts	1688364664708
969479 toao      20   0   10.0g   1.8g 114580 R 106.2   0.9   2:09.14 nts	1688364665395
969479 toao      20   0   10.0g   1.8g 114580 R  94.1   0.9   2:09.82 nts	1688364666084
969479 toao      20   0   10.0g   1.8g 114580 R 100.0   0.9   2:10.51 nts	1688364666773
969479 toao      20   0   10.0g   1.8g 114580 R 106.2   0.9   2:11.20 nts	1688364667460
969479 toao      20   0   10.0g   1.8g 114580 R 100.0   0.9   2:11.89 nts	1688364668149
969479 toao      20   0   10.0g   1.8g 114580 R 106.2   1.0   2:12.58 nts	1688364668837
969479 toao      20   0   10.0g   1.8g 114580 R 112.5   1.0   2:13.28 nts	1688364669529
969479 toao      20   0   10.0g   1.8g 114580 R  94.1   1.0   2:13.96 nts	1688364670221
969479 toao      20   0   10.0g   1.8g 114580 R 100.0   1.0   2:14.65 nts	1688364670912
969479 toao      20   0   10.0g   1.8g 114580 R 106.2   1.0   2:15.34 nts	1688364671600
969479 toao      20   0   14.6g   1.8g 118340 R 462.5   1.0   2:16.60 nts	1688364672288
969479 toao      20   0   15.6g   2.6g 308432 R 100.0   1.4   2:17.27 nts	1688364672975
969479 toao      20   0   16.6g   3.4g 462076 R 106.2   1.8   2:17.97 nts	1688364673659
969479 toao      20   0   17.4g   4.2g 506844 R 106.2   2.2   2:18.65 nts	1688364674350
969479 toao      20   0   18.4g   4.4g 786680 R 100.0   2.4   2:19.34 nts	1688364675036
969479 toao      20   0   18.4g   5.1g   1.4g R  94.1   2.7   2:20.02 nts	1688364675722
969479 toao      20   0   18.4g   5.1g   1.4g R 106.2   2.7   2:20.71 nts	1688364676407
969479 toao      20   0   18.4g   5.1g   1.4g R 106.2   2.7   2:21.40 nts	1688364677091
969479 toao      20   0   18.4g   5.1g   1.4g R 106.2   2.7   2:22.09 nts	1688364677777
969479 toao      20   0   18.4g   5.1g   1.4g R 100.0   2.7   2:22.77 nts	1688364678470
969479 toao      20   0   18.4g   5.1g   1.4g R 106.2   2.7   2:23.46 nts	1688364679158
969479 toao      20   0   18.4g   5.1g   1.4g R 106.2   2.7   2:24.15 nts	1688364679846
969479 toao      20   0   18.4g   5.1g   1.4g R  94.1   2.7   2:24.83 nts	1688364680535
969479 toao      20   0   18.4g   5.1g   1.4g R 100.0   2.7   2:25.53 nts	1688364681223
969479 toao      20   0   18.4g   5.1g   1.4g R 106.2   2.7   2:26.22 nts	1688364681910
969479 toao      20   0   18.4g   5.1g   1.4g R 100.0   2.7   2:26.90 nts	1688364682598
969479 toao      20   0   18.4g   5.1g   1.4g R 100.0   2.7   2:27.59 nts	1688364683287
969479 toao      20   0   18.4g   5.1g   1.4g R  94.1   2.7   2:28.28 nts	1688364683975
969479 toao      20   0   18.4g   5.1g   1.4g R 100.0   2.7   2:28.96 nts	1688364684663
969479 toao      20   0   18.4g   5.1g   1.4g R 100.0   2.7   2:29.65 nts	1688364685348
969479 toao      20   0   18.4g   5.1g   1.4g R 100.0   2.7   2:30.34 nts	1688364686034
969479 toao      20   0   18.4g   5.1g   1.4g R 100.0   2.7   2:31.03 nts	1688364686724
969479 toao      20   0   18.4g   5.1g   1.4g R 100.0   2.7   2:31.72 nts	1688364687411
969479 toao      20   0   18.4g   5.1g   1.4g R 106.2   2.7   2:32.41 nts	1688364688100
969479 toao      20   0   18.4g   5.1g   1.4g R 100.0   2.7   2:33.09 nts	1688364688788
969479 toao      20   0   18.4g   5.1g   1.4g R 106.2   2.7   2:33.78 nts	1688364689476
969479 toao      20   0   18.4g   5.1g   1.4g R 100.0   2.7   2:34.47 nts	1688364690164
969479 toao      20   0   18.4g   5.1g   1.4g R 106.2   2.7   2:35.16 nts	1688364690851
969479 toao      20   0   18.4g   5.1g   1.4g R 106.2   2.7   2:35.85 nts	1688364691539
969479 toao      20   0   18.4g   5.1g   1.4g R 100.0   2.7   2:36.53 nts	1688364692228
969479 toao      20   0   18.4g   5.1g   1.4g R 100.0   2.7   2:37.22 nts	1688364692915
969479 toao      20   0   18.4g   5.1g   1.4g R  94.1   2.7   2:37.91 nts	1688364693604
969479 toao      20   0   18.4g   5.1g   1.4g R 100.0   2.7   2:38.60 nts	1688364694292
969479 toao      20   0   18.4g   5.1g   1.4g R 100.0   2.7   2:39.28 nts	1688364694980
969479 toao      20   0   18.4g   5.1g   1.4g R 100.0   2.7   2:39.97 nts	1688364695663
969479 toao      20   0   18.4g   5.1g   1.4g R 100.0   2.7   2:40.66 nts	1688364696349
969479 toao      20   0   18.4g   5.1g   1.4g R 100.0   2.7   2:41.35 nts	1688364697039
969479 toao      20   0   18.4g   5.1g   1.4g R 106.2   2.7   2:42.04 nts	1688364697727
969479 toao      20   0   18.4g   5.1g   1.4g R 100.0   2.7   2:42.72 nts	1688364698415
969479 toao      20   0   18.4g   5.1g   1.4g R 100.0   2.7   2:43.41 nts	1688364699103
969479 toao      20   0   18.4g   5.1g   1.4g R 100.0   2.7   2:44.10 nts	1688364699791
969479 toao      20   0   18.4g   5.1g   1.4g R 100.0   2.7   2:44.78 nts	1688364700477
969479 toao      20   0   18.4g   5.1g   1.4g R 100.0   2.7   2:45.47 nts	1688364701164
969479 toao      20   0   18.4g   5.1g   1.4g R 106.2   2.7   2:46.16 nts	1688364701851
969479 toao      20   0   18.4g   5.1g   1.4g R 100.0   2.7   2:46.84 nts	1688364702539
969479 toao      20   0   18.4g   5.1g   1.4g R 100.0   2.7   2:47.53 nts	1688364703227
969479 toao      20   0   18.4g   5.1g   1.4g R  94.1   2.7   2:48.22 nts	1688364703915
969479 toao      20   0   18.4g   5.1g   1.4g R 100.0   2.7   2:48.91 nts	1688364704603
969479 toao      20   0   18.4g   5.1g   1.4g R 100.0   2.7   2:49.60 nts	1688364705292
969479 toao      20   0   18.4g   5.1g   1.4g R 100.0   2.7   2:50.29 nts	1688364705978
969479 toao      20   0   18.4g   5.1g   1.4g R 100.0   2.7   2:50.98 nts	1688364706667
969479 toao      20   0   18.4g   5.1g   1.4g R 100.0   2.7   2:51.66 nts	1688364707356
969479 toao      20   0   18.4g   5.1g   1.4g R 106.2   2.7   2:52.35 nts	1688364708041
969479 toao      20   0   18.4g   5.1g   1.4g R 106.2   2.7   2:53.04 nts	1688364708727
969479 toao      20   0   18.4g   5.1g   1.4g R 100.0   2.7   2:53.72 nts	1688364709416
969479 toao      20   0   18.4g   5.1g   1.4g R  94.1   2.7   2:54.41 nts	1688364710104
969479 toao      20   0   18.4g   5.1g   1.4g R 100.0   2.7   2:55.10 nts	1688364710792
969479 toao      20   0   18.4g   5.1g   1.4g R 100.0   2.7   2:55.79 nts	1688364711480
969479 toao      20   0   18.4g   5.1g   1.4g R 100.0   2.7   2:56.48 nts	1688364712168
969479 toao      20   0   18.4g   5.1g   1.4g R 100.0   2.7   2:57.17 nts	1688364712855
969479 toao      20   0   18.4g   5.1g   1.4g R 100.0   2.7   2:57.86 nts	1688364713544
969479 toao      20   0   18.4g   5.1g   1.4g R 106.2   2.7   2:58.55 nts	1688364714229
969479 toao      20   0   18.4g   5.1g   1.4g R 106.2   2.7   2:59.23 nts	1688364714917
969479 toao      20   0   18.4g   5.1g   1.4g R 100.0   2.7   2:59.92 nts	1688364715603
969479 toao      20   0   18.4g   5.1g   1.4g R 100.0   2.7   3:00.60 nts	1688364716292
969479 toao      20   0   18.4g   5.1g   1.4g R 100.0   2.7   3:01.29 nts	1688364716979
969479 toao      20   0   18.4g   5.1g   1.4g R 106.2   2.7   3:01.98 nts	1688364717667
969479 toao      20   0   18.4g   5.1g   1.4g R 106.2   2.7   3:02.67 nts	1688364718355
969479 toao      20   0   18.4g   5.1g   1.4g R 100.0   2.7   3:03.36 nts	1688364719043
969479 toao      20   0   18.4g   5.1g   1.4g R 100.0   2.7   3:04.05 nts	1688364719732
969479 toao      20   0   18.4g   5.1g   1.4g R 106.2   2.7   3:04.74 nts	1688364720420
969479 toao      20   0   18.4g   5.1g   1.4g R 100.0   2.7   3:05.42 nts	1688364721107
969479 toao      20   0   18.4g   5.1g   1.4g R 100.0   2.7   3:06.11 nts	1688364721796
969479 toao      20   0   18.4g   5.1g   1.4g R  94.1   2.7   3:06.79 nts	1688364722484
969479 toao      20   0   18.4g   5.1g   1.4g R 100.0   2.7   3:07.49 nts	1688364723171
969479 toao      20   0   18.4g   5.1g   1.4g R 106.2   2.7   3:08.18 nts	1688364723857
969479 toao      20   0   18.4g   5.1g   1.4g R  94.1   2.7   3:08.86 nts	1688364724544
969479 toao      20   0   18.4g   5.1g   1.4g R 100.0   2.7   3:09.55 nts	1688364725229
969479 toao      20   0   20.5g   5.1g   1.4g S  1812   2.7   3:13.58 nts	1688364725917
969479 toao      20   0   20.6g   5.2g   1.4g R 437.5   2.8   3:23.07 nts	1688364726601
969479 toao      20   0   20.6g   5.2g   1.4g R  1775   2.8   3:35.08 nts	1688364727281
969479 toao      20   0   20.6g   5.2g   1.4g R  1512   2.8   3:46.82 nts	1688364727968
969479 toao      20   0   20.6g   5.2g   1.4g R  1725   2.8   3:56.51 nts	1688364728653
969479 toao      20   0   20.6g   5.2g   1.4g R  1812   2.8   4:08.85 nts	1688364729337
969479 toao      20   0   20.6g   5.2g   1.4g R  1806   2.8   4:21.58 nts	1688364730033
969479 toao      20   0   20.6g   5.2g   1.4g S  1869   2.8   4:33.61 nts	1688364730710
969479 toao      20   0   20.6g   5.2g   1.4g S  1856   2.8   4:45.67 nts	1688364731382
969479 toao      20   0   20.6g   5.2g   1.4g R  1862   2.8   4:57.73 nts	1688364732059
969479 toao      20   0   20.6g   5.2g   1.4g R  1694   2.8   5:06.65 nts	1688364732746
969479 toao      20   0   46.3g   6.2g   2.4g R 193.8   3.3   5:12.66 nts	1688364733431
969479 toao      20   0   52.0g   6.7g   2.9g S  1831   3.6   5:21.35 nts	1688364734108
969479 toao      20   0   52.0g   6.7g   2.9g S  1665   3.6   5:33.50 nts	1688364734802
969479 toao      20   0   52.3g   6.8g   2.9g S  1662   3.6   5:45.46 nts	1688364735491
969479 toao      20   0   58.7g   6.8g   2.9g S  1719   3.6   5:57.17 nts	1688364736169
969479 toao      20   0   58.7g   6.8g   2.9g S  1731   3.6   6:09.16 nts	1688364736859
969479 toao      20   0   58.7g   6.8g   2.9g S  1738   3.6   6:21.03 nts	1688364737537
969479 toao      20   0   58.7g   6.8g   2.9g S  1706   3.6   6:32.73 nts	1688364738217
969479 toao      20   0   58.7g   6.8g   2.9g S  1712   3.6   6:44.53 nts	1688364738901
969479 toao      20   0   58.7g   6.8g   2.9g S  1819   3.6   6:56.79 nts	1688364739578
969479 toao      20   0   58.7g   6.8g   2.9g S  1719   3.6   7:08.78 nts	1688364740267
969479 toao      20   0   58.7g   6.8g   2.9g S  1675   3.6   7:20.61 nts	1688364740938
969479 toao      20   0   58.7g   6.8g   2.9g S  1738   3.6   7:32.51 nts	1688364741622
969479 toao      20   0   58.7g   6.8g   2.9g S  1750   3.6   7:44.27 nts	1688364742297
969479 toao      20   0   58.7g   6.8g   2.9g S  1725   3.6   7:56.02 nts	1688364742974
969479 toao      20   0   58.7g   6.8g   2.9g S  1719   3.6   8:07.73 nts	1688364743651
969479 toao      20   0   58.7g   6.8g   2.9g S  1838   3.6   8:19.52 nts	1688364744326
969479 toao      20   0   58.7g   6.8g   2.9g S  1600   3.6   8:31.08 nts	1688364745024
969479 toao      20   0   58.7g   6.8g   2.9g S  1831   3.6   8:43.07 nts	1688364745700
969479 toao      20   0   57.5g   6.8g   2.9g S  1765   3.6   8:55.37 nts	1688364746392
969479 toao      20   0   58.7g   6.8g   2.9g S  1819   3.6   9:06.94 nts	1688364747062
969479 toao      20   0   58.7g   6.8g   2.9g S  1875   3.6   9:18.75 nts	1688364747745
969479 toao      20   0   57.5g   6.8g   2.9g S  1769   3.6   9:30.48 nts	1688364748427
969479 toao      20   0   58.7g   6.8g   2.9g S  1762   3.6   9:42.25 nts	1688364749110
969479 toao      20   0   58.7g   6.8g   2.9g S  1675   3.6   9:54.00 nts	1688364749793
969479 toao      20   0   57.5g   6.8g   2.9g S  1694   3.6  10:06.00 nts	1688364750470
969479 toao      20   0   58.7g   6.8g   2.9g S  1873   3.6  10:17.90 nts	1688364751166
969479 toao      20   0   58.7g   6.8g   2.9g S  1769   3.6  10:29.95 nts	1688364751845
969479 toao      20   0   58.0g   6.8g   2.9g S  1756   3.6  10:41.88 nts	1688364752531
969479 toao      20   0   59.0g   6.8g   2.9g S  1619   3.6  10:54.02 nts	1688364753238
969479 toao      20   0   58.7g   6.8g   2.9g S  1856   3.6  11:06.27 nts	1688364753926
969479 toao      20   0   54.9g   6.8g   2.9g R  1444   3.6  11:17.48 nts	1688364754611
