| 37%   49C    P0    77W / 250W |      5MiB / 11019MiB |      0%      Default |	1688364640674
| 37%   48C    P3    51W / 250W |      5MiB / 11019MiB |      0%      Default |	1688364641246
| 37%   48C    P5    25W / 250W |      5MiB / 11019MiB |      0%      Default |	1688364641817
| 37%   47C    P5    20W / 250W |      5MiB / 11019MiB |      0%      Default |	1688364642366
| 37%   47C    P5    20W / 250W |      5MiB / 11019MiB |      0%      Default |	1688364642894
| 37%   47C    P8    20W / 250W |      5MiB / 11019MiB |      0%      Default |	1688364643429
| 37%   47C    P8    15W / 250W |      5MiB / 11019MiB |      0%      Default |	1688364643983
| 37%   47C    P8    15W / 250W |      5MiB / 11019MiB |      0%      Default |	1688364644517
| 37%   47C    P8    15W / 250W |      5MiB / 11019MiB |      0%      Default |	1688364645050
| 37%   46C    P8    14W / 250W |      5MiB / 11019MiB |      0%      Default |	1688364645588
| 37%   46C    P8    16W / 250W |      5MiB / 11019MiB |      0%      Default |	1688364646121
| 37%   46C    P8    15W / 250W |      5MiB / 11019MiB |      0%      Default |	1688364646659
| 37%   46C    P8    14W / 250W |      5MiB / 11019MiB |      0%      Default |	1688364647197
| 37%   46C    P8    15W / 250W |      5MiB / 11019MiB |      0%      Default |	1688364647735
| 37%   46C    P8    14W / 250W |      5MiB / 11019MiB |      0%      Default |	1688364648270
| 37%   46C    P8    15W / 250W |      5MiB / 11019MiB |      0%      Default |	1688364648813
| 37%   45C    P8    15W / 250W |      5MiB / 11019MiB |      0%      Default |	1688364649351
| 37%   45C    P8    14W / 250W |      5MiB / 11019MiB |      0%      Default |	1688364649887
| 37%   45C    P8    15W / 250W |      5MiB / 11019MiB |      0%      Default |	1688364650435
| 37%   45C    P8    14W / 250W |      5MiB / 11019MiB |      0%      Default |	1688364650973
| 37%   45C    P8    14W / 250W |      5MiB / 11019MiB |      0%      Default |	1688364651509
| 37%   45C    P8    14W / 250W |      5MiB / 11019MiB |      0%      Default |	1688364652051
| 37%   45C    P8    15W / 250W |      5MiB / 11019MiB |      0%      Default |	1688364652589
| 37%   45C    P8    15W / 250W |      5MiB / 11019MiB |      0%      Default |	1688364653128
| 37%   45C    P8    15W / 250W |      5MiB / 11019MiB |      0%      Default |	1688364653667
| 37%   44C    P8    14W / 250W |      5MiB / 11019MiB |      0%      Default |	1688364654206
| 37%   44C    P8    15W / 250W |      5MiB / 11019MiB |      0%      Default |	1688364654743
| 37%   44C    P8    15W / 250W |      5MiB / 11019MiB |      0%      Default |	1688364655282
| 37%   44C    P8    15W / 250W |      5MiB / 11019MiB |      0%      Default |	1688364655822
| 37%   44C    P8    15W / 250W |      5MiB / 11019MiB |      0%      Default |	1688364656359
| 37%   44C    P8    15W / 250W |      5MiB / 11019MiB |      0%      Default |	1688364656903
| 37%   44C    P8    14W / 250W |      5MiB / 11019MiB |      0%      Default |	1688364657439
| 37%   44C    P8    15W / 250W |      5MiB / 11019MiB |      0%      Default |	1688364657974
| 37%   44C    P8    15W / 250W |      5MiB / 11019MiB |      0%      Default |	1688364658515
| 37%   44C    P8    15W / 250W |      5MiB / 11019MiB |      0%      Default |	1688364659052
| 37%   44C    P8    15W / 250W |      5MiB / 11019MiB |      0%      Default |	1688364659585
| 36%   43C    P8    14W / 250W |      5MiB / 11019MiB |      0%      Default |	1688364660123
| 36%   43C    P8    15W / 250W |      5MiB / 11019MiB |      0%      Default |	1688364660658
| 36%   43C    P8    15W / 250W |      5MiB / 11019MiB |      0%      Default |	1688364661196
| 36%   43C    P8    15W / 250W |      5MiB / 11019MiB |      0%      Default |	1688364661734
| 36%   43C    P8    15W / 250W |      5MiB / 11019MiB |      0%      Default |	1688364662292
| 36%   43C    P8    15W / 250W |      5MiB / 11019MiB |      0%      Default |	1688364662830
| 36%   43C    P8    15W / 250W |      5MiB / 11019MiB |      0%      Default |	1688364663368
| 36%   43C    P8    14W / 250W |      5MiB / 11019MiB |      0%      Default |	1688364663907
| 36%   43C    P8    15W / 250W |      5MiB / 11019MiB |      0%      Default |	1688364664445
| 36%   43C    P8    14W / 250W |      5MiB / 11019MiB |      0%      Default |	1688364664983
| 36%   43C    P8    15W / 250W |      5MiB / 11019MiB |      0%      Default |	1688364665520
| 36%   43C    P8    14W / 250W |      5MiB / 11019MiB |      0%      Default |	1688364666058
| 36%   43C    P8    14W / 250W |      5MiB / 11019MiB |      0%      Default |	1688364666597
| 36%   42C    P8    14W / 250W |      5MiB / 11019MiB |      0%      Default |	1688364667135
| 36%   42C    P8    14W / 250W |      5MiB / 11019MiB |      0%      Default |	1688364667674
| 36%   42C    P8    14W / 250W |      5MiB / 11019MiB |      0%      Default |	1688364668212
| 36%   42C    P8    15W / 250W |      5MiB / 11019MiB |      0%      Default |	1688364668750
| 36%   42C    P8    14W / 250W |      5MiB / 11019MiB |      0%      Default |	1688364669288
| 36%   42C    P8    15W / 250W |      5MiB / 11019MiB |      0%      Default |	1688364669825
| 36%   42C    P8    14W / 250W |      5MiB / 11019MiB |      0%      Default |	1688364670363
| 36%   42C    P8    14W / 250W |      5MiB / 11019MiB |      0%      Default |	1688364670900
| 36%   42C    P8    14W / 250W |      5MiB / 11019MiB |      0%      Default |	1688364671441
| 36%   42C    P8    14W / 250W |      5MiB / 11019MiB |      0%      Default |	1688364671979
| 36%   42C    P2    15W / 250W |     53MiB / 11019MiB |      0%      Default |	1688364672516
| 36%   44C    P2    56W / 250W |    433MiB / 11019MiB |      1%      Default |	1688364673060
| 36%   44C    P2    56W / 250W |    647MiB / 11019MiB |      5%      Default |	1688364673597
| 36%   44C    P2    56W / 250W |    847MiB / 11019MiB |      5%      Default |	1688364674135
| 36%   44C    P2    56W / 250W |    847MiB / 11019MiB |      2%      Default |	1688364674675
| 36%   44C    P2    56W / 250W |    847MiB / 11019MiB |      2%      Default |	1688364675214
| 36%   44C    P2    56W / 250W |    849MiB / 11019MiB |      0%      Default |	1688364675752
| 36%   44C    P2    56W / 250W |    849MiB / 11019MiB |      0%      Default |	1688364676289
| 36%   44C    P2    56W / 250W |    849MiB / 11019MiB |      0%      Default |	1688364676825
| 36%   44C    P2    56W / 250W |    849MiB / 11019MiB |      0%      Default |	1688364677363
| 36%   44C    P2    56W / 250W |    849MiB / 11019MiB |      0%      Default |	1688364677899
| 36%   45C    P2    56W / 250W |    849MiB / 11019MiB |      0%      Default |	1688364678436
| 36%   45C    P2    56W / 250W |    849MiB / 11019MiB |      0%      Default |	1688364678974
| 36%   45C    P2    56W / 250W |    849MiB / 11019MiB |      0%      Default |	1688364679511
| 36%   45C    P2    56W / 250W |    849MiB / 11019MiB |      0%      Default |	1688364680048
| 36%   45C    P2    56W / 250W |    849MiB / 11019MiB |      0%      Default |	1688364680583
| 36%   45C    P2    56W / 250W |    849MiB / 11019MiB |      0%      Default |	1688364681120
| 36%   45C    P2    56W / 250W |    849MiB / 11019MiB |      0%      Default |	1688364681656
| 36%   45C    P2    56W / 250W |    849MiB / 11019MiB |      0%      Default |	1688364682193
| 36%   45C    P2    56W / 250W |    849MiB / 11019MiB |      0%      Default |	1688364682730
| 36%   45C    P2    56W / 250W |    849MiB / 11019MiB |      0%      Default |	1688364683268
| 36%   45C    P2    56W / 250W |    849MiB / 11019MiB |      0%      Default |	1688364683805
| 36%   45C    P2    56W / 250W |    849MiB / 11019MiB |      0%      Default |	1688364684341
| 36%   45C    P2    56W / 250W |    849MiB / 11019MiB |      0%      Default |	1688364684877
| 36%   45C    P2    56W / 250W |    849MiB / 11019MiB |      0%      Default |	1688364685416
| 36%   45C    P2    56W / 250W |    849MiB / 11019MiB |      0%      Default |	1688364685952
| 36%   45C    P2    56W / 250W |    849MiB / 11019MiB |      0%      Default |	1688364686489
| 36%   45C    P2    56W / 250W |    849MiB / 11019MiB |      0%      Default |	1688364687026
| 36%   45C    P2    56W / 250W |    849MiB / 11019MiB |      0%      Default |	1688364687565
| 36%   45C    P2    56W / 250W |    849MiB / 11019MiB |      0%      Default |	1688364688104
| 36%   45C    P2    56W / 250W |    849MiB / 11019MiB |      0%      Default |	1688364688640
| 36%   45C    P2    56W / 250W |    849MiB / 11019MiB |      0%      Default |	1688364689177
| 36%   45C    P2    56W / 250W |    849MiB / 11019MiB |      0%      Default |	1688364689715
| 36%   45C    P2    56W / 250W |    849MiB / 11019MiB |      0%      Default |	1688364690253
| 36%   45C    P2    56W / 250W |    849MiB / 11019MiB |      0%      Default |	1688364690792
| 35%   44C    P8    15W / 250W |    849MiB / 11019MiB |      0%      Default |	1688364691329
| 35%   44C    P8    16W / 250W |    849MiB / 11019MiB |      0%      Default |	1688364691867
| 36%   43C    P8    15W / 250W |    849MiB / 11019MiB |      0%      Default |	1688364692405
| 36%   43C    P8    15W / 250W |    849MiB / 11019MiB |      0%      Default |	1688364692944
| 36%   43C    P8    16W / 250W |    849MiB / 11019MiB |      0%      Default |	1688364693482
| 35%   43C    P8    14W / 250W |    849MiB / 11019MiB |      0%      Default |	1688364694021
| 35%   43C    P8    14W / 250W |    849MiB / 11019MiB |      0%      Default |	1688364694559
| 35%   43C    P8    14W / 250W |    849MiB / 11019MiB |      0%      Default |	1688364695097
| 36%   43C    P8    15W / 250W |    849MiB / 11019MiB |      0%      Default |	1688364695636
| 36%   43C    P8    15W / 250W |    849MiB / 11019MiB |      0%      Default |	1688364696174
| 35%   43C    P8    15W / 250W |    849MiB / 11019MiB |      0%      Default |	1688364696712
| 35%   43C    P8    15W / 250W |    849MiB / 11019MiB |      0%      Default |	1688364697250
| 35%   42C    P8    14W / 250W |    849MiB / 11019MiB |      0%      Default |	1688364697789
| 35%   42C    P8    14W / 250W |    849MiB / 11019MiB |      0%      Default |	1688364698327
| 35%   42C    P8    13W / 250W |    849MiB / 11019MiB |      0%      Default |	1688364698868
| 35%   42C    P8    14W / 250W |    849MiB / 11019MiB |      0%      Default |	1688364699407
| 35%   42C    P8    15W / 250W |    849MiB / 11019MiB |      0%      Default |	1688364699947
| 35%   42C    P8    14W / 250W |    849MiB / 11019MiB |      0%      Default |	1688364700486
| 35%   42C    P8    15W / 250W |    849MiB / 11019MiB |      0%      Default |	1688364701026
| 35%   42C    P8    14W / 250W |    849MiB / 11019MiB |      0%      Default |	1688364701564
| 35%   42C    P8    14W / 250W |    849MiB / 11019MiB |      0%      Default |	1688364702103
| 35%   42C    P8    15W / 250W |    849MiB / 11019MiB |      0%      Default |	1688364702641
| 35%   42C    P8    15W / 250W |    849MiB / 11019MiB |      0%      Default |	1688364703182
| 35%   42C    P8    15W / 250W |    849MiB / 11019MiB |      0%      Default |	1688364703720
| 35%   41C    P8    15W / 250W |    849MiB / 11019MiB |      0%      Default |	1688364704258
| 35%   42C    P8    15W / 250W |    849MiB / 11019MiB |      0%      Default |	1688364704796
| 35%   41C    P8    14W / 250W |    849MiB / 11019MiB |      0%      Default |	1688364705334
| 35%   41C    P8    14W / 250W |    849MiB / 11019MiB |      0%      Default |	1688364705873
| 35%   41C    P8    14W / 250W |    849MiB / 11019MiB |      0%      Default |	1688364706411
| 35%   41C    P8    14W / 250W |    849MiB / 11019MiB |      0%      Default |	1688364706950
| 35%   41C    P8    13W / 250W |    849MiB / 11019MiB |      0%      Default |	1688364707488
| 35%   41C    P8    13W / 250W |    849MiB / 11019MiB |      0%      Default |	1688364708026
| 35%   41C    P8    14W / 250W |    849MiB / 11019MiB |      0%      Default |	1688364708564
| 35%   41C    P8    14W / 250W |    849MiB / 11019MiB |      0%      Default |	1688364709103
| 35%   41C    P8    13W / 250W |    849MiB / 11019MiB |      0%      Default |	1688364709641
| 35%   41C    P8    13W / 250W |    849MiB / 11019MiB |      0%      Default |	1688364710180
| 35%   41C    P8    14W / 250W |    849MiB / 11019MiB |      0%      Default |	1688364710719
| 35%   41C    P8    13W / 250W |    849MiB / 11019MiB |      0%      Default |	1688364711257
| 35%   41C    P8    14W / 250W |    849MiB / 11019MiB |      0%      Default |	1688364711795
| 35%   41C    P8    12W / 250W |    849MiB / 11019MiB |      0%      Default |	1688364712334
| 35%   41C    P8    14W / 250W |    849MiB / 11019MiB |      0%      Default |	1688364712871
| 35%   41C    P8    13W / 250W |    849MiB / 11019MiB |      0%      Default |	1688364713411
| 35%   40C    P8    14W / 250W |    849MiB / 11019MiB |      0%      Default |	1688364713949
| 35%   40C    P8    13W / 250W |    849MiB / 11019MiB |      0%      Default |	1688364714489
| 35%   40C    P8    13W / 250W |    849MiB / 11019MiB |      0%      Default |	1688364715027
| 35%   40C    P8    13W / 250W |    849MiB / 11019MiB |      0%      Default |	1688364715566
| 35%   40C    P8    13W / 250W |    849MiB / 11019MiB |      0%      Default |	1688364716104
| 35%   40C    P8    13W / 250W |    849MiB / 11019MiB |      0%      Default |	1688364716642
| 35%   40C    P8    13W / 250W |    849MiB / 11019MiB |      0%      Default |	1688364717180
| 35%   40C    P8    13W / 250W |    849MiB / 11019MiB |      0%      Default |	1688364717718
| 35%   40C    P8    12W / 250W |    849MiB / 11019MiB |      0%      Default |	1688364718256
| 34%   40C    P8    13W / 250W |    849MiB / 11019MiB |      0%      Default |	1688364718795
| 34%   40C    P8    12W / 250W |    849MiB / 11019MiB |      0%      Default |	1688364719334
| 34%   40C    P8    12W / 250W |    849MiB / 11019MiB |      0%      Default |	1688364719872
| 34%   40C    P8    13W / 250W |    849MiB / 11019MiB |      0%      Default |	1688364720410
| 34%   40C    P8    13W / 250W |    849MiB / 11019MiB |      0%      Default |	1688364720948
| 34%   40C    P8    13W / 250W |    849MiB / 11019MiB |      0%      Default |	1688364721487
| 34%   40C    P8    14W / 250W |    849MiB / 11019MiB |      0%      Default |	1688364722024
| 34%   40C    P8    13W / 250W |    849MiB / 11019MiB |      0%      Default |	1688364722562
| 34%   40C    P8    12W / 250W |    849MiB / 11019MiB |      0%      Default |	1688364723101
| 34%   40C    P8    12W / 250W |    849MiB / 11019MiB |      0%      Default |	1688364723640
| 34%   40C    P8    13W / 250W |    849MiB / 11019MiB |      0%      Default |	1688364724178
| 34%   40C    P8    13W / 250W |    849MiB / 11019MiB |      0%      Default |	1688364724715
| 34%   40C    P8    12W / 250W |    849MiB / 11019MiB |      0%      Default |	1688364725251
| 34%   41C    P2    55W / 250W |    891MiB / 11019MiB |      0%      Default |	1688364725785
| 34%   41C    P2    55W / 250W |    891MiB / 11019MiB |      0%      Default |	1688364726316
| 34%   42C    P2    55W / 250W |    891MiB / 11019MiB |      0%      Default |	1688364726859
| 34%   42C    P2    55W / 250W |    891MiB / 11019MiB |      0%      Default |	1688364727414
| 34%   42C    P2    55W / 250W |    891MiB / 11019MiB |      0%      Default |	1688364727972
| 34%   42C    P2    55W / 250W |    891MiB / 11019MiB |      0%      Default |	1688364728522
| 34%   42C    P2    55W / 250W |    891MiB / 11019MiB |      0%      Default |	1688364729075
| 34%   42C    P2    55W / 250W |    891MiB / 11019MiB |      0%      Default |	1688364729607
| 34%   42C    P2    55W / 250W |    891MiB / 11019MiB |      0%      Default |	1688364730167
| 34%   42C    P2    55W / 250W |    891MiB / 11019MiB |      0%      Default |	1688364730709
| 34%   42C    P2    56W / 250W |    891MiB / 11019MiB |      0%      Default |	1688364731244
| 34%   43C    P2    55W / 250W |    891MiB / 11019MiB |      0%      Default |	1688364731773
| 34%   43C    P2    55W / 250W |    891MiB / 11019MiB |      0%      Default |	1688364732333
| 34%   43C    P2    55W / 250W |    891MiB / 11019MiB |      0%      Default |	1688364732879
| 34%   43C    P2    55W / 250W |   2771MiB / 11019MiB |      0%      Default |	1688364733426
| 34%   44C    P2    75W / 250W |   4293MiB / 11019MiB |      2%      Default |	1688364733960
| 34%   45C    P2   101W / 250W |   4413MiB / 11019MiB |      2%      Default |	1688364734499
| 34%   45C    P2   101W / 250W |   4413MiB / 11019MiB |     60%      Default |	1688364735033
| 34%   45C    P2   104W / 250W |   4455MiB / 11019MiB |     60%      Default |	1688364735566
| 34%   45C    P2   105W / 250W |   4583MiB / 11019MiB |     58%      Default |	1688364736107
| 34%   46C    P2   105W / 250W |   4583MiB / 11019MiB |     58%      Default |	1688364736647
| 34%   46C    P2   102W / 250W |   4583MiB / 11019MiB |     58%      Default |	1688364737181
| 34%   46C    P2   105W / 250W |   4583MiB / 11019MiB |     58%      Default |	1688364737721
| 34%   46C    P2   105W / 250W |   4585MiB / 11019MiB |     59%      Default |	1688364738266
| 34%   46C    P2   101W / 250W |   4585MiB / 11019MiB |     58%      Default |	1688364738793
| 34%   46C    P2   105W / 250W |   4585MiB / 11019MiB |     58%      Default |	1688364739332
| 34%   46C    P2   106W / 250W |   4585MiB / 11019MiB |     60%      Default |	1688364739871
| 34%   47C    P2   107W / 250W |   4587MiB / 11019MiB |     60%      Default |	1688364740423
| 34%   47C    P2   105W / 250W |   4587MiB / 11019MiB |     59%      Default |	1688364740956
| 34%   47C    P2   105W / 250W |   4587MiB / 11019MiB |     59%      Default |	1688364741494
| 34%   47C    P2   108W / 250W |   4587MiB / 11019MiB |     58%      Default |	1688364742030
| 34%   47C    P2   108W / 250W |   4587MiB / 11019MiB |     58%      Default |	1688364742562
| 34%   47C    P2   106W / 250W |   4587MiB / 11019MiB |     58%      Default |	1688364743100
| 34%   48C    P2    99W / 250W |   4587MiB / 11019MiB |     58%      Default |	1688364743637
| 34%   48C    P2   105W / 250W |   4587MiB / 11019MiB |     59%      Default |	1688364744177
| 34%   48C    P2   107W / 250W |   4587MiB / 11019MiB |     59%      Default |	1688364744710
| 34%   48C    P2   104W / 250W |   4587MiB / 11019MiB |     57%      Default |	1688364745247
| 34%   48C    P2   101W / 250W |   4587MiB / 11019MiB |     57%      Default |	1688364745785
| 34%   48C    P2    99W / 250W |   4589MiB / 11019MiB |     57%      Default |	1688364746318
| 34%   49C    P2   103W / 250W |   4589MiB / 11019MiB |     58%      Default |	1688364746855
| 34%   49C    P2   109W / 250W |   4589MiB / 11019MiB |     58%      Default |	1688364747395
| 34%   49C    P2   106W / 250W |   4589MiB / 11019MiB |     58%      Default |	1688364747932
| 34%   49C    P2   103W / 250W |   4589MiB / 11019MiB |     58%      Default |	1688364748467
| 34%   49C    P2   110W / 250W |   4589MiB / 11019MiB |     58%      Default |	1688364749007
| 34%   49C    P2   107W / 250W |   4589MiB / 11019MiB |     58%      Default |	1688364749541
| 34%   49C    P2   105W / 250W |   4589MiB / 11019MiB |     56%      Default |	1688364750080
| 35%   50C    P2   104W / 250W |   4589MiB / 11019MiB |     56%      Default |	1688364750612
| 35%   50C    P2   106W / 250W |   4589MiB / 11019MiB |     58%      Default |	1688364751164
| 35%   49C    P2   110W / 250W |   4589MiB / 11019MiB |     58%      Default |	1688364751698
| 35%   50C    P2   109W / 250W |   4589MiB / 11019MiB |     60%      Default |	1688364752249
| 36%   50C    P2   104W / 250W |   4589MiB / 11019MiB |     60%      Default |	1688364752782
| 36%   50C    P2   110W / 250W |   4589MiB / 11019MiB |     58%      Default |	1688364753316
| 36%   50C    P2   109W / 250W |   4589MiB / 11019MiB |     58%      Default |	1688364753847
| 36%   50C    P2   111W / 250W |   4589MiB / 11019MiB |     58%      Default |	1688364754381
| 36%   50C    P2    76W / 250W |   4589MiB / 11019MiB |     49%      Default |	1688364754915
