1692454 toao      20   0 2486280  99444  68416 R 100.0   0.1   0:00.19 nts	1693336793114
1692454 toao      20   0 8370196 214396 114808 R  7876   0.2   0:26.54 nts	1693336793844
1692454 toao      20   0 8462420 278812 115044 R 194.1   0.2   0:31.54 nts	1693336794546
1692454 toao      20   0 8462420 278812 115044 R 194.1   0.2   0:32.94 nts	1693336795257
1692454 toao      20   0 8462420 278812 115044 R 200.0   0.2   0:34.35 nts	1693336795965
1692454 toao      20   0 8462420 278812 115044 R 200.0   0.2   0:35.73 nts	1693336796668
1692454 toao      20   0 8462420 298084 115044 R 200.0   0.2   0:37.13 nts	1693336797372
1692454 toao      20   0 8462420 298084 115044 R 205.9   0.2   0:38.53 nts	1693336798076
1692454 toao      20   0 8462420 298084 115044 R 194.1   0.2   0:39.91 nts	1693336798777
1692454 toao      20   0 9720180 591196 115168 R  1194   0.4   0:45.01 nts	1693336799478
1692454 toao      20   0 9720180 594304 115168 R 864.7   0.5   0:52.02 nts	1693336800177
1692454 toao      20   0 9720180 594812 115168 R 833.3   0.5   0:58.23 nts	1693336800879
1692454 toao      20   0 9720180 827888 115168 R  1082   0.6   1:06.93 nts	1693336801591
1692454 toao      20   0 9720180 828672 115168 R  1218   0.6   1:15.05 nts	1693336802294
1692454 toao      20   0   13.3g 834220 115200 R 194.1   0.6   1:21.14 nts	1693336802998
1692454 toao      20   0   13.3g 835540 115200 R 194.1   0.6   1:22.52 nts	1693336803705
1692454 toao      20   0   13.3g 840028 115200 R 194.1   0.6   1:23.91 nts	1693336804409
1692454 toao      20   0   13.3g 844780 115200 R 200.0   0.6   1:25.32 nts	1693336805112
1692454 toao      20   0   13.3g 849268 115200 R 200.0   0.6   1:26.72 nts	1693336805826
1692454 toao      20   0   13.3g 853228 115200 R 205.9   0.6   1:28.11 nts	1693336806534
1692454 toao      20   0   13.3g 854548 115200 R 205.9   0.6   1:29.50 nts	1693336807240
1692454 toao      20   0   13.3g 859564 115200 R 200.0   0.7   1:30.90 nts	1693336807945
1692454 toao      20   0   13.3g 865900 115200 R 200.0   0.7   1:32.30 nts	1693336808656
1692454 toao      20   0   14.5g 921332 115200 R 450.0   0.7   1:34.15 nts	1693336809362
1692454 toao      20   0   14.5g   1.0g 115200 R 388.9   0.8   1:37.96 nts	1693336810070
1692454 toao      20   0   14.5g   1.1g 115200 R 555.6   0.9   1:41.64 nts	1693336810782
1692454 toao      20   0   14.5g   1.2g 115200 R 416.7   1.0   1:45.31 nts	1693336811490
1692454 toao      20   0   14.5g   1.3g 115200 R 611.8   1.0   1:49.25 nts	1693336812198
1692454 toao      20   0   18.6g   1.4g 115200 R 100.0   1.1   1:52.68 nts	1693336812899
1692454 toao      20   0   18.6g   1.4g 115200 R 100.0   1.1   1:53.39 nts	1693336813596
1692454 toao      20   0   18.6g   1.4g 115200 R 106.2   1.1   1:54.09 nts	1693336814302
1692454 toao      20   0   18.6g   1.4g 115200 R 105.9   1.1   1:54.80 nts	1693336815005
1692454 toao      20   0   18.6g   1.4g 115200 R 100.0   1.1   1:55.50 nts	1693336815712
1692454 toao      20   0   18.6g   1.4g 115200 R 100.0   1.1   1:56.20 nts	1693336816415
1692454 toao      20   0   19.1g   1.7g 115200 R 100.0   1.3   1:56.90 nts	1693336817117
1692454 toao      20   0   19.1g   1.7g 115200 R 105.9   1.3   1:57.60 nts	1693336817819
1692454 toao      20   0   19.1g   1.7g 115200 R 106.2   1.3   1:58.30 nts	1693336818515
1692454 toao      20   0   19.1g   1.7g 115200 R 105.9   1.3   1:59.00 nts	1693336819214
1692454 toao      20   0   19.1g   1.7g 115200 R 100.0   1.3   1:59.71 nts	1693336819919
1692454 toao      20   0   19.1g   1.7g 115200 R 106.2   1.3   2:00.41 nts	1693336820622
1692454 toao      20   0   19.1g   1.7g 115200 R 106.2   1.3   2:01.11 nts	1693336821323
1692454 toao      20   0   19.1g   1.7g 115200 R 100.0   1.3   2:01.81 nts	1693336822023
1692454 toao      20   0   19.1g   1.7g 115200 R 105.9   1.3   2:02.52 nts	1693336822726
1692454 toao      20   0   19.1g   1.9g 115200 R  94.1   1.5   2:03.21 nts	1693336823430
1692454 toao      20   0   19.1g   1.9g 115200 R 100.0   1.5   2:03.91 nts	1693336824131
1692454 toao      20   0   19.1g   1.9g 115200 R 100.0   1.5   2:04.61 nts	1693336824830
1692454 toao      20   0   19.1g   1.9g 115200 R 100.0   1.5   2:05.31 nts	1693336825534
1692454 toao      20   0   19.1g   1.9g 115200 R 106.2   1.5   2:06.01 nts	1693336826234
1692454 toao      20   0   19.1g   1.9g 115200 R 105.9   1.5   2:06.72 nts	1693336826930
1692454 toao      20   0   19.1g   1.9g 115200 R 112.5   1.5   2:07.42 nts	1693336827633
1692454 toao      20   0   19.1g   1.9g 115200 R 100.0   1.5   2:08.11 nts	1693336828330
1692454 toao      20   0   19.1g   1.9g 115200 R 105.9   1.5   2:08.82 nts	1693336829029
1692454 toao      20   0   19.1g   1.9g 115200 R 106.2   1.5   2:09.52 nts	1693336829734
1692454 toao      20   0   28.1g   2.1g 205848 R 100.0   1.6   2:11.39 nts	1693336830432
1692454 toao      20   0   28.9g   2.8g 331508 R 105.9   2.2   2:12.10 nts	1693336831130
1692454 toao      20   0   29.9g   3.6g 469144 R 106.2   2.9   2:12.80 nts	1693336831833
1692454 toao      20   0   30.9g   4.6g 525880 R  94.1   3.6   2:13.49 nts	1693336832531
1692454 toao      20   0   30.9g   4.6g 525880 R 100.0   3.6   2:14.20 nts	1693336833231
1692454 toao      20   0   31.9g   5.5g   1.4g R 100.0   4.4   2:14.90 nts	1693336833934
1692454 toao      20   0   31.9g   5.5g   1.4g R 100.0   4.4   2:15.60 nts	1693336834635
1692454 toao      20   0   31.9g   5.5g   1.4g R 105.9   4.4   2:16.31 nts	1693336835334
1692454 toao      20   0   31.9g   5.5g   1.4g R 100.0   4.4   2:17.00 nts	1693336836037
1692454 toao      20   0   31.9g   5.5g   1.4g R 106.2   4.4   2:17.70 nts	1693336836735
1692454 toao      20   0   31.9g   5.5g   1.4g R 106.2   4.4   2:18.40 nts	1693336837434
1692454 toao      20   0   31.9g   5.5g   1.4g R 100.0   4.4   2:19.10 nts	1693336838134
1692454 toao      20   0   31.9g   5.5g   1.4g R 105.9   4.4   2:19.81 nts	1693336838838
1692454 toao      20   0   31.9g   5.5g   1.4g R 105.9   4.4   2:20.51 nts	1693336839537
1692454 toao      20   0   31.9g   5.5g   1.4g R  94.1   4.4   2:21.20 nts	1693336840241
1692454 toao      20   0   31.9g   5.5g   1.4g R 100.0   4.4   2:21.90 nts	1693336840937
1692454 toao      20   0   31.9g   5.5g   1.4g R 105.9   4.4   2:22.61 nts	1693336841639
1692454 toao      20   0   31.9g   5.5g   1.4g R 100.0   4.4   2:23.30 nts	1693336842342
1692454 toao      20   0   31.9g   5.5g   1.4g R 100.0   4.4   2:24.01 nts	1693336843042
1692454 toao      20   0   31.9g   5.5g   1.4g R 100.0   4.4   2:24.71 nts	1693336843746
1692454 toao      20   0   31.9g   5.5g   1.4g R 100.0   4.4   2:25.41 nts	1693336844446
1692454 toao      20   0   31.9g   5.5g   1.4g R 112.5   4.4   2:26.11 nts	1693336845147
1692454 toao      20   0   31.9g   5.5g   1.4g R 106.2   4.4   2:26.81 nts	1693336845842
1692454 toao      20   0   31.9g   5.5g   1.4g R 105.9   4.4   2:27.52 nts	1693336846546
1692454 toao      20   0   31.9g   5.5g   1.4g R 105.9   4.4   2:28.22 nts	1693336847251
1692454 toao      20   0   31.9g   5.5g   1.4g R  94.1   4.4   2:28.91 nts	1693336847950
1692454 toao      20   0   31.9g   5.5g   1.4g R 100.0   4.4   2:29.61 nts	1693336848647
1692454 toao      20   0   31.9g   5.5g   1.4g R 100.0   4.4   2:30.31 nts	1693336849346
1692454 toao      20   0   31.9g   5.5g   1.4g R 100.0   4.4   2:31.00 nts	1693336850045
1692454 toao      20   0   31.9g   5.5g   1.4g R 105.9   4.4   2:31.71 nts	1693336850742
1692454 toao      20   0   31.9g   5.5g   1.4g R 106.2   4.4   2:32.41 nts	1693336851442
1692454 toao      20   0   31.9g   5.5g   1.4g R 105.9   4.4   2:33.12 nts	1693336852142
1692454 toao      20   0   31.9g   5.5g   1.4g R 100.0   4.4   2:33.82 nts	1693336852849
1692454 toao      20   0   31.9g   5.5g   1.4g R  94.1   4.4   2:34.51 nts	1693336853549
1692454 toao      20   0   31.9g   5.5g   1.4g R 106.2   4.4   2:35.21 nts	1693336854246
1692454 toao      20   0   31.9g   5.5g   1.4g R 100.0   4.4   2:35.91 nts	1693336854943
1692454 toao      20   0   31.9g   5.5g   1.4g R 100.0   4.4   2:36.62 nts	1693336855642
1692454 toao      20   0   31.9g   5.5g   1.4g R 100.0   4.4   2:37.31 nts	1693336856346
1692454 toao      20   0   31.9g   5.5g   1.4g R 100.0   4.4   2:38.02 nts	1693336857049
1692454 toao      20   0   31.9g   5.5g   1.4g R 100.0   4.4   2:38.72 nts	1693336857750
1692454 toao      20   0   31.9g   5.5g   1.4g R 100.0   4.4   2:39.42 nts	1693336858454
1692454 toao      20   0   31.9g   5.5g   1.4g R 106.2   4.4   2:40.12 nts	1693336859154
1692454 toao      20   0   31.9g   5.5g   1.4g R  94.1   4.4   2:40.81 nts	1693336859850
1692454 toao      20   0   31.9g   5.5g   1.4g R 100.0   4.4   2:41.52 nts	1693336860550
1692454 toao      20   0   31.9g   5.5g   1.4g R 100.0   4.4   2:42.22 nts	1693336861252
1692454 toao      20   0   31.9g   5.5g   1.4g R 100.0   4.4   2:42.92 nts	1693336861950
1692454 toao      20   0   31.9g   5.5g   1.4g R  94.1   4.4   2:43.61 nts	1693336862650
1692454 toao      20   0   31.9g   5.5g   1.4g R 100.0   4.4   2:44.32 nts	1693336863350
1692454 toao      20   0   31.9g   5.5g   1.4g R 100.0   4.4   2:45.02 nts	1693336864053
1692454 toao      20   0   31.9g   5.5g   1.4g R 105.9   4.4   2:45.73 nts	1693336864754
1692454 toao      20   0   31.9g   5.5g   1.4g R 100.0   4.4   2:46.42 nts	1693336865454
1692454 toao      20   0   31.9g   5.5g   1.4g R 100.0   4.4   2:47.12 nts	1693336866155
1692454 toao      20   0   31.9g   5.5g   1.4g R 100.0   4.4   2:47.83 nts	1693336866854
1692454 toao      20   0   31.9g   5.5g   1.4g R 100.0   4.4   2:48.53 nts	1693336867558
1692454 toao      20   0   31.9g   5.5g   1.4g R 100.0   4.4   2:49.23 nts	1693336868258
1692454 toao      20   0   31.9g   5.5g   1.4g R 105.9   4.4   2:49.93 nts	1693336868958
1692454 toao      20   0   31.9g   5.5g   1.4g R 100.0   4.4   2:50.63 nts	1693336869662
1692454 toao      20   0   31.9g   5.5g   1.4g R 105.9   4.4   2:51.34 nts	1693336870363
1692454 toao      20   0   31.9g   5.5g   1.4g R 100.0   4.4   2:52.04 nts	1693336871066
1692454 toao      20   0   31.9g   5.5g   1.4g R 100.0   4.4   2:52.74 nts	1693336871770
1692454 toao      20   0   31.9g   5.5g   1.4g R 100.0   4.4   2:53.44 nts	1693336872471
1692454 toao      20   0   31.9g   5.5g   1.4g R 106.2   4.4   2:54.14 nts	1693336873174
1692454 toao      20   0   31.9g   5.5g   1.4g R 106.2   4.4   2:54.84 nts	1693336873874
1692454 toao      20   0   31.9g   5.5g   1.4g R 106.2   4.4   2:55.54 nts	1693336874574
1692454 toao      20   0   34.5g   5.5g   1.4g S  3094   4.4   3:02.58 nts	1693336875273
1692454 toao      20   0   34.6g   5.6g   1.4g R  1312   4.4   3:20.73 nts	1693336875969
1692454 toao      20   0   34.6g   5.6g   1.4g R  3141   4.4   3:42.40 nts	1693336876674
1692454 toao      20   0   34.6g   5.6g   1.4g R  1271   4.4   4:00.31 nts	1693336877371
1692454 toao      20   0   34.6g   5.6g   1.4g S  3241   4.4   4:19.90 nts	1693336878068
1692454 toao      20   0   34.6g   5.6g   1.4g R  3259   4.4   4:41.46 nts	1693336878764
1692454 toao      20   0   34.6g   5.6g   1.4g R  3006   4.4   5:02.93 nts	1693336879464
1692454 toao      20   0   34.6g   5.6g   1.4g R  2735   4.4   5:24.40 nts	1693336880172
1692454 toao      20   0   34.6g   5.6g   1.4g R  2729   4.4   5:45.06 nts	1693336880886
1692454 toao      20   0   34.6g   5.6g   1.4g R  2935   4.4   6:06.55 nts	1693336881584
1692454 toao      20   0   34.6g   5.6g   1.4g R 568.8   4.4   6:21.74 nts	1693336882283
1692454 toao      20   0   83.0g   6.1g   1.9g R 100.0   4.8   6:36.82 nts	1693336882977
1692454 toao      20   0   85.4g   7.0g   2.9g R 205.9   5.6   6:38.15 nts	1693336883688
1692454 toao      20   0   90.0g   7.5g   3.4g S  2994   6.0   6:45.24 nts	1693336884394
1692454 toao      20   0   91.1g   7.5g   3.4g S  2647   6.0   7:01.34 nts	1693336885099
1692454 toao      20   0   91.1g   7.5g   3.4g S  2853   6.0   7:21.43 nts	1693336885799
1692454 toao      20   0   91.7g   7.5g   3.4g S  2671   6.0   7:40.59 nts	1693336886498
1692454 toao      20   0   91.1g   7.5g   3.4g S  2688   6.0   8:00.50 nts	1693336887198
1692454 toao      20   0  109.0g   7.5g   3.4g S  2529   6.0   8:18.65 nts	1693336887898
1692454 toao      20   0  109.7g   7.5g   3.4g S  2935   6.0   8:36.82 nts	1693336888594
1692454 toao      20   0  110.3g   7.5g   3.4g S  2782   6.0   8:56.02 nts	1693336889298
1692454 toao      20   0  109.7g   7.5g   3.4g S  2682   6.0   9:15.81 nts	1693336890004
1692454 toao      20   0  109.7g   7.5g   3.4g S  2594   6.0   9:36.09 nts	1693336890707
1692454 toao      20   0  113.3g   7.5g   3.4g S  2676   6.0   9:54.09 nts	1693336891410
1692454 toao      20   0  114.5g   7.5g   3.4g S  2824   6.0  10:12.82 nts	1693336892114
1692454 toao      20   0  113.9g   7.5g   3.4g S  2824   6.0  10:32.78 nts	1693336892816
1692454 toao      20   0  113.9g   7.5g   3.4g S  2765   6.0  10:51.43 nts	1693336893518
1692454 toao      20   0  114.5g   7.5g   3.4g S  2665   6.0  11:10.22 nts	1693336894221
1692454 toao      20   0  113.9g   7.5g   3.4g S  2824   6.0  11:27.64 nts	1693336894920
1692454 toao      20   0  114.5g   7.5g   3.4g S  2753   6.0  11:46.42 nts	1693336895622
1692454 toao      20   0  113.9g   7.5g   3.4g S  3106   6.0  12:06.60 nts	1693336896323
1692454 toao      20   0  114.5g   7.5g   3.4g S  2794   6.0  12:25.78 nts	1693336897023
1692454 toao      20   0  112.1g   7.5g   3.4g S  2694   6.0  12:44.91 nts	1693336897722
1692454 toao      20   0  114.5g   7.5g   3.4g S  2335   6.0  13:01.73 nts	1693336898422
1692454 toao      20   0  114.5g   7.5g   3.4g S  2641   6.0  13:20.71 nts	1693336899126
1692454 toao      20   0  114.0g   7.5g   3.4g S  2676   6.0  13:40.26 nts	1693336899826
1692454 toao      20   0  114.5g   7.5g   3.4g S  2888   6.0  13:59.19 nts	1693336900526
1692454 toao      20   0  112.7g   7.5g   3.4g S  2529   6.0  14:18.45 nts	1693336901231
1692454 toao      20   0  114.0g   7.5g   3.4g S  2747   6.0  14:36.95 nts	1693336901933
1692454 toao      20   0  114.0g   7.5g   3.4g S  2682   6.0  14:56.62 nts	1693336902639
1692454 toao      20   0  114.0g   7.5g   3.4g S  2919   6.0  15:15.39 nts	1693336903343
1692454 toao      20   0  114.0g   7.5g   3.4g S  3065   6.0  15:35.57 nts	1693336904043
1692454 toao      20   0  113.4g   7.5g   3.4g S  2582   6.0  15:53.60 nts	1693336904746
1692454 toao      20   0  114.0g   7.5g   3.4g S  2618   6.0  16:12.11 nts	1693336905448
1692454 toao      20   0  114.0g   7.5g   3.4g S  3062   6.0  16:32.02 nts	1693336906145
1692454 toao      20   0  114.6g   7.6g   3.4g S  2424   6.0  16:51.39 nts	1693336906843
1692454 toao      20   0  114.0g   7.5g   3.4g S  2735   6.0  17:10.63 nts	1693336907546
1692454 toao      20   0  114.0g   7.5g   3.4g S  2641   6.0  17:27.42 nts	1693336908247
1692454 toao      20   0  114.6g   7.6g   3.4g S  2582   6.0  17:45.97 nts	1693336908951
1692454 toao      20   0  114.1g   7.5g   3.4g S  2629   6.0  18:05.18 nts	1693336909650
1692454 toao      20   0  114.0g   7.5g   3.4g S  2688   6.0  18:23.91 nts	1693336910349
1692454 toao      20   0  114.0g   7.5g   3.4g S  2753   6.0  18:42.45 nts	1693336911047
1692454 toao      20   0  114.0g   7.5g   3.4g S  2347   6.0  18:58.45 nts	1693336911749
1692454 toao      20   0  114.0g   7.5g   3.4g S  2712   6.0  19:16.72 nts	1693336912455
1692454 toao      20   0  114.0g   7.5g   3.4g S  2747   6.0  19:35.15 nts	1693336913156
1692454 toao      20   0  114.6g   7.6g   3.4g S  2682   6.0  19:54.26 nts	1693336913854
1692454 toao      20   0  114.0g   7.5g   3.4g S  2718   6.0  20:13.91 nts	1693336914555
1692454 toao      20   0  114.0g   7.5g   3.4g S  2135   6.0  20:30.98 nts	1693336915258
1692454 toao      20   0  114.0g   7.5g   3.4g S  2653   6.0  20:49.91 nts	1693336915958
1692454 toao      20   0  114.6g   7.6g   3.4g S  2818   6.0  21:09.12 nts	1693336916657
1692454 toao      20   0  114.0g   7.5g   3.4g S  2741   6.0  21:29.00 nts	1693336917355
1692454 toao      20   0  114.6g   7.6g   3.4g S  2676   6.0  21:48.57 nts	1693336918055
1692454 toao      20   0       0      0      0 Z  94.1   0.0  21:50.11 nts	1693336918755
1692454 toao      20   0       0      0      0 Z 100.0   0.0  21:50.80 nts	1693336919464
