| 27%   29C    P8    11W / 250W |      5MiB / 11019MiB |      0%      Default |	1688172379801
| 27%   29C    P8    11W / 250W |      5MiB / 11019MiB |      0%      Default |	1688172380366
| 27%   30C    P8    11W / 250W |      5MiB / 11019MiB |      0%      Default |	1688172380938
| 27%   30C    P8    12W / 250W |      5MiB / 11019MiB |      0%      Default |	1688172381470
| 27%   29C    P8    12W / 250W |      5MiB / 11019MiB |      0%      Default |	1688172382005
| 27%   29C    P8    11W / 250W |      5MiB / 11019MiB |      0%      Default |	1688172382540
| 27%   29C    P8    12W / 250W |      5MiB / 11019MiB |      0%      Default |	1688172383075
| 27%   29C    P8    11W / 250W |      5MiB / 11019MiB |      0%      Default |	1688172383609
| 27%   30C    P8    11W / 250W |      5MiB / 11019MiB |      0%      Default |	1688172384149
| 27%   29C    P8    11W / 250W |      5MiB / 11019MiB |      0%      Default |	1688172384684
| 27%   30C    P8    11W / 250W |      5MiB / 11019MiB |      0%      Default |	1688172385221
| 27%   29C    P8    10W / 250W |      5MiB / 11019MiB |      0%      Default |	1688172385760
| 27%   29C    P8    12W / 250W |      5MiB / 11019MiB |      0%      Default |	1688172386298
| 27%   29C    P8    11W / 250W |      5MiB / 11019MiB |      0%      Default |	1688172386836
| 27%   29C    P8    11W / 250W |      5MiB / 11019MiB |      0%      Default |	1688172387374
| 27%   29C    P8    10W / 250W |      5MiB / 11019MiB |      0%      Default |	1688172387912
| 27%   30C    P8    12W / 250W |      5MiB / 11019MiB |      0%      Default |	1688172388450
| 27%   29C    P8    12W / 250W |      5MiB / 11019MiB |      0%      Default |	1688172388988
| 27%   29C    P8    12W / 250W |      5MiB / 11019MiB |      0%      Default |	1688172389527
| 27%   29C    P8    11W / 250W |      5MiB / 11019MiB |      0%      Default |	1688172390064
| 27%   29C    P8    11W / 250W |      5MiB / 11019MiB |      0%      Default |	1688172390602
| 27%   29C    P8    12W / 250W |      5MiB / 11019MiB |      0%      Default |	1688172391141
| 27%   29C    P8    12W / 250W |      5MiB / 11019MiB |      0%      Default |	1688172391679
| 27%   30C    P8    12W / 250W |      5MiB / 11019MiB |      0%      Default |	1688172392225
| 27%   29C    P8    12W / 250W |      5MiB / 11019MiB |      0%      Default |	1688172392772
| 27%   30C    P8    11W / 250W |      5MiB / 11019MiB |      0%      Default |	1688172393310
| 27%   30C    P8    11W / 250W |      5MiB / 11019MiB |      0%      Default |	1688172393849
| 27%   30C    P8    12W / 250W |      5MiB / 11019MiB |      0%      Default |	1688172394387
| 27%   30C    P8    11W / 250W |      5MiB / 11019MiB |      0%      Default |	1688172394925
| 27%   30C    P8    12W / 250W |      5MiB / 11019MiB |      0%      Default |	1688172395465
| 27%   30C    P8    11W / 250W |      5MiB / 11019MiB |      0%      Default |	1688172396002
| 27%   30C    P8    11W / 250W |      5MiB / 11019MiB |      0%      Default |	1688172396542
| 27%   30C    P8    11W / 250W |      5MiB / 11019MiB |      0%      Default |	1688172397081
| 27%   30C    P8    10W / 250W |      5MiB / 11019MiB |      0%      Default |	1688172397619
| 27%   30C    P8    11W / 250W |      5MiB / 11019MiB |      0%      Default |	1688172398158
| 27%   30C    P8    12W / 250W |      5MiB / 11019MiB |      0%      Default |	1688172398697
| 27%   30C    P8    12W / 250W |      5MiB / 11019MiB |      0%      Default |	1688172399236
| 27%   30C    P8    12W / 250W |      5MiB / 11019MiB |      0%      Default |	1688172399778
| 27%   30C    P8    12W / 250W |      5MiB / 11019MiB |      0%      Default |	1688172400316
| 27%   30C    P8    12W / 250W |      5MiB / 11019MiB |      0%      Default |	1688172400855
| 27%   30C    P8    11W / 250W |      5MiB / 11019MiB |      0%      Default |	1688172401391
| 27%   30C    P8    12W / 250W |      5MiB / 11019MiB |      0%      Default |	1688172401929
| 27%   30C    P8    13W / 250W |      5MiB / 11019MiB |      0%      Default |	1688172402468
| 27%   30C    P8    12W / 250W |      5MiB / 11019MiB |      0%      Default |	1688172403006
| 27%   30C    P8    12W / 250W |      5MiB / 11019MiB |      0%      Default |	1688172403550
| 27%   30C    P8    12W / 250W |      5MiB / 11019MiB |      0%      Default |	1688172404089
| 27%   30C    P8    11W / 250W |      5MiB / 11019MiB |      0%      Default |	1688172404625
| 27%   30C    P8    12W / 250W |      5MiB / 11019MiB |      0%      Default |	1688172405162
| 27%   30C    P8    13W / 250W |      5MiB / 11019MiB |      0%      Default |	1688172405705
| 27%   30C    P8    12W / 250W |      5MiB / 11019MiB |      0%      Default |	1688172406240
| 27%   30C    P8    12W / 250W |      5MiB / 11019MiB |      0%      Default |	1688172406777
| 27%   30C    P8    13W / 250W |      5MiB / 11019MiB |      0%      Default |	1688172407322
| 27%   30C    P8    12W / 250W |      5MiB / 11019MiB |      0%      Default |	1688172407857
| 27%   30C    P8    13W / 250W |      5MiB / 11019MiB |      0%      Default |	1688172408391
| 27%   30C    P8    13W / 250W |      5MiB / 11019MiB |      0%      Default |	1688172408929
| 27%   30C    P8    12W / 250W |      5MiB / 11019MiB |      0%      Default |	1688172409468
| 27%   30C    P8    13W / 250W |      5MiB / 11019MiB |      0%      Default |	1688172410006
| 27%   30C    P8    13W / 250W |      5MiB / 11019MiB |      0%      Default |	1688172410545
| 27%   30C    P8    13W / 250W |      5MiB / 11019MiB |      0%      Default |	1688172411083
| 27%   30C    P8    13W / 250W |      5MiB / 11019MiB |      0%      Default |	1688172411621
| 27%   30C    P8    13W / 250W |      5MiB / 11019MiB |      0%      Default |	1688172412158
| 27%   30C    P8    13W / 250W |      5MiB / 11019MiB |      0%      Default |	1688172412697
| 27%   30C    P8    12W / 250W |      5MiB / 11019MiB |      0%      Default |	1688172413236
| 27%   30C    P8    13W / 250W |      5MiB / 11019MiB |      0%      Default |	1688172413774
| 27%   30C    P8    12W / 250W |      5MiB / 11019MiB |      0%      Default |	1688172414311
| 27%   30C    P8    13W / 250W |      5MiB / 11019MiB |      0%      Default |	1688172414849
| 27%   30C    P8    13W / 250W |      5MiB / 11019MiB |      0%      Default |	1688172415387
| 27%   30C    P8    13W / 250W |      5MiB / 11019MiB |      0%      Default |	1688172415925
| 27%   30C    P8    12W / 250W |      5MiB / 11019MiB |      0%      Default |	1688172416463
| 27%   30C    P8    11W / 250W |      5MiB / 11019MiB |      0%      Default |	1688172417002
| 27%   30C    P8    13W / 250W |      5MiB / 11019MiB |      0%      Default |	1688172417540
| 27%   30C    P8    13W / 250W |      5MiB / 11019MiB |      0%      Default |	1688172418078
| 27%   30C    P8    12W / 250W |      5MiB / 11019MiB |      0%      Default |	1688172418615
| 27%   30C    P8    12W / 250W |      5MiB / 11019MiB |      0%      Default |	1688172419153
| 27%   29C    P8    12W / 250W |      5MiB / 11019MiB |      0%      Default |	1688172419689
| 27%   30C    P8    12W / 250W |      5MiB / 11019MiB |      0%      Default |	1688172420228
| 27%   30C    P8    12W / 250W |      5MiB / 11019MiB |      0%      Default |	1688172420766
| 27%   30C    P8    12W / 250W |      5MiB / 11019MiB |      0%      Default |	1688172421305
| 27%   30C    P8    12W / 250W |      5MiB / 11019MiB |      0%      Default |	1688172421844
| 27%   30C    P8    13W / 250W |      5MiB / 11019MiB |      0%      Default |	1688172422381
| 27%   30C    P8    12W / 250W |      5MiB / 11019MiB |      0%      Default |	1688172422920
| 27%   30C    P8    12W / 250W |      5MiB / 11019MiB |      0%      Default |	1688172423456
| 27%   30C    P8    13W / 250W |      5MiB / 11019MiB |      0%      Default |	1688172423990
| 27%   30C    P8    12W / 250W |      5MiB / 11019MiB |      0%      Default |	1688172424525
| 27%   30C    P8    13W / 250W |      5MiB / 11019MiB |      0%      Default |	1688172425059
| 27%   30C    P8    13W / 250W |      5MiB / 11019MiB |      0%      Default |	1688172425597
| 27%   30C    P8    13W / 250W |      5MiB / 11019MiB |      0%      Default |	1688172426135
| 27%   30C    P8    13W / 250W |      5MiB / 11019MiB |      0%      Default |	1688172426674
| 27%   30C    P8    13W / 250W |      5MiB / 11019MiB |      0%      Default |	1688172427212
| 27%   30C    P8    12W / 250W |      5MiB / 11019MiB |      0%      Default |	1688172427755
| 27%   30C    P8    12W / 250W |      5MiB / 11019MiB |      0%      Default |	1688172428293
| 27%   30C    P8    12W / 250W |      5MiB / 11019MiB |      0%      Default |	1688172428832
| 27%   30C    P8    12W / 250W |      5MiB / 11019MiB |      0%      Default |	1688172429369
| 27%   30C    P8    11W / 250W |      5MiB / 11019MiB |      0%      Default |	1688172429908
| 27%   30C    P8    12W / 250W |      5MiB / 11019MiB |      0%      Default |	1688172430442
| 27%   30C    P8    12W / 250W |      5MiB / 11019MiB |      0%      Default |	1688172430977
| 27%   30C    P8    11W / 250W |      5MiB / 11019MiB |      0%      Default |	1688172431514
| 27%   30C    P8    13W / 250W |      5MiB / 11019MiB |      0%      Default |	1688172432048
| 27%   30C    P8    12W / 250W |      5MiB / 11019MiB |      0%      Default |	1688172432582
| 27%   30C    P8    12W / 250W |      5MiB / 11019MiB |      0%      Default |	1688172433120
| 27%   30C    P8    13W / 250W |      5MiB / 11019MiB |      0%      Default |	1688172433657
| 27%   30C    P8    13W / 250W |      5MiB / 11019MiB |      0%      Default |	1688172434195
| 27%   30C    P8    12W / 250W |      5MiB / 11019MiB |      0%      Default |	1688172434733
| 27%   30C    P8    13W / 250W |      5MiB / 11019MiB |      0%      Default |	1688172435272
| 27%   30C    P8    12W / 250W |      5MiB / 11019MiB |      0%      Default |	1688172435812
| 27%   30C    P8    13W / 250W |      5MiB / 11019MiB |      0%      Default |	1688172436353
| 27%   30C    P8    12W / 250W |      5MiB / 11019MiB |      0%      Default |	1688172436891
| 27%   30C    P8    12W / 250W |      5MiB / 11019MiB |      0%      Default |	1688172437428
| 27%   30C    P8    12W / 250W |      5MiB / 11019MiB |      0%      Default |	1688172437967
| 27%   30C    P8    12W / 250W |      5MiB / 11019MiB |      0%      Default |	1688172438505
| 27%   30C    P8    12W / 250W |      5MiB / 11019MiB |      0%      Default |	1688172439041
| 27%   30C    P8    12W / 250W |      5MiB / 11019MiB |      0%      Default |	1688172439580
| 27%   30C    P8    12W / 250W |      5MiB / 11019MiB |      0%      Default |	1688172440119
| 27%   30C    P8    11W / 250W |      5MiB / 11019MiB |      0%      Default |	1688172440657
| 27%   29C    P8    12W / 250W |      5MiB / 11019MiB |      0%      Default |	1688172441195
| 27%   30C    P8    13W / 250W |      5MiB / 11019MiB |      0%      Default |	1688172441733
| 27%   30C    P8    12W / 250W |      5MiB / 11019MiB |      0%      Default |	1688172442271
| 27%   30C    P8    13W / 250W |      5MiB / 11019MiB |      0%      Default |	1688172442809
| 27%   30C    P8    12W / 250W |      5MiB / 11019MiB |      0%      Default |	1688172443347
| 27%   30C    P8    13W / 250W |      5MiB / 11019MiB |      0%      Default |	1688172443885
| 27%   30C    P8    13W / 250W |      5MiB / 11019MiB |      0%      Default |	1688172444423
| 27%   30C    P8    12W / 250W |      5MiB / 11019MiB |      0%      Default |	1688172444964
| 27%   30C    P8    13W / 250W |      5MiB / 11019MiB |      0%      Default |	1688172445502
| 27%   30C    P8    12W / 250W |      5MiB / 11019MiB |      0%      Default |	1688172446040
| 27%   30C    P8    12W / 250W |      5MiB / 11019MiB |      0%      Default |	1688172446579
| 27%   30C    P8    12W / 250W |      5MiB / 11019MiB |      0%      Default |	1688172447117
| 27%   30C    P8    12W / 250W |      5MiB / 11019MiB |      0%      Default |	1688172447656
| 27%   30C    P8    12W / 250W |      5MiB / 11019MiB |      0%      Default |	1688172448194
| 27%   30C    P8    13W / 250W |      5MiB / 11019MiB |      0%      Default |	1688172448731
| 27%   30C    P8    13W / 250W |      5MiB / 11019MiB |      0%      Default |	1688172449270
| 27%   30C    P8    13W / 250W |      5MiB / 11019MiB |      0%      Default |	1688172449808
| 27%   30C    P8    12W / 250W |      5MiB / 11019MiB |      0%      Default |	1688172450346
| 27%   30C    P8    12W / 250W |      5MiB / 11019MiB |      0%      Default |	1688172450884
| 27%   30C    P8    12W / 250W |      5MiB / 11019MiB |      0%      Default |	1688172451422
| 27%   30C    P8    12W / 250W |      5MiB / 11019MiB |      0%      Default |	1688172451960
| 27%   30C    P8    12W / 250W |      5MiB / 11019MiB |      0%      Default |	1688172452498
| 27%   30C    P8    12W / 250W |      5MiB / 11019MiB |      0%      Default |	1688172453036
| 27%   30C    P8    11W / 250W |      5MiB / 11019MiB |      0%      Default |	1688172453574
| 27%   30C    P8    12W / 250W |      5MiB / 11019MiB |      0%      Default |	1688172454111
| 27%   30C    P8    13W / 250W |      5MiB / 11019MiB |      0%      Default |	1688172454650
| 27%   30C    P8    12W / 250W |      5MiB / 11019MiB |      0%      Default |	1688172455188
| 27%   30C    P8    12W / 250W |      5MiB / 11019MiB |      0%      Default |	1688172455726
| 27%   30C    P8    11W / 250W |      5MiB / 11019MiB |      0%      Default |	1688172456264
| 27%   30C    P8    12W / 250W |      5MiB / 11019MiB |      0%      Default |	1688172456802
| 27%   30C    P8    13W / 250W |      5MiB / 11019MiB |      0%      Default |	1688172457340
| 27%   30C    P8    12W / 250W |      5MiB / 11019MiB |      0%      Default |	1688172457879
| 27%   30C    P8    12W / 250W |      5MiB / 11019MiB |      0%      Default |	1688172458417
| 27%   30C    P8    12W / 250W |      5MiB / 11019MiB |      0%      Default |	1688172458955
| 27%   31C    P2    54W / 250W |    323MiB / 11019MiB |      0%      Default |	1688172459494
| 27%   32C    P2    55W / 250W |    551MiB / 11019MiB |      3%      Default |	1688172460033
| 27%   32C    P2    55W / 250W |    793MiB / 11019MiB |      3%      Default |	1688172460571
| 26%   32C    P2    55W / 250W |    847MiB / 11019MiB |      5%      Default |	1688172461109
| 26%   32C    P2    55W / 250W |    847MiB / 11019MiB |      0%      Default |	1688172461653
| 27%   32C    P2    55W / 250W |    847MiB / 11019MiB |      0%      Default |	1688172462191
| 27%   33C    P2    55W / 250W |    847MiB / 11019MiB |      0%      Default |	1688172462729
| 27%   33C    P2    55W / 250W |    847MiB / 11019MiB |      0%      Default |	1688172463267
| 27%   33C    P2    55W / 250W |    847MiB / 11019MiB |      0%      Default |	1688172463806
| 27%   33C    P2    55W / 250W |    861MiB / 11019MiB |      0%      Default |	1688172464344
| 27%   33C    P2    55W / 250W |    861MiB / 11019MiB |      1%      Default |	1688172464969
| 27%   33C    P2    55W / 250W |    861MiB / 11019MiB |      1%      Default |	1688172465506
| 27%   33C    P2    55W / 250W |    861MiB / 11019MiB |      0%      Default |	1688172466043
| 27%   33C    P2    55W / 250W |    861MiB / 11019MiB |      0%      Default |	1688172466581
| 27%   33C    P2    55W / 250W |    861MiB / 11019MiB |      0%      Default |	1688172467118
| 27%   34C    P2    55W / 250W |    861MiB / 11019MiB |      0%      Default |	1688172467658
| 27%   34C    P2    55W / 250W |    861MiB / 11019MiB |      0%      Default |	1688172468195
| 27%   34C    P2    55W / 250W |    861MiB / 11019MiB |      0%      Default |	1688172468732
| 27%   34C    P2    55W / 250W |    861MiB / 11019MiB |      0%      Default |	1688172469270
| 27%   34C    P2    55W / 250W |    861MiB / 11019MiB |      0%      Default |	1688172469806
| 27%   34C    P2    55W / 250W |    861MiB / 11019MiB |      0%      Default |	1688172470343
| 27%   34C    P2    55W / 250W |    861MiB / 11019MiB |      0%      Default |	1688172470880
| 27%   34C    P2    55W / 250W |    861MiB / 11019MiB |      0%      Default |	1688172471419
| 27%   34C    P2    55W / 250W |    861MiB / 11019MiB |      0%      Default |	1688172471955
| 27%   34C    P2    55W / 250W |    861MiB / 11019MiB |      0%      Default |	1688172472492
| 27%   34C    P2    55W / 250W |    861MiB / 11019MiB |      0%      Default |	1688172473029
| 27%   34C    P2    55W / 250W |    861MiB / 11019MiB |      0%      Default |	1688172473567
| 27%   34C    P2    55W / 250W |    861MiB / 11019MiB |      0%      Default |	1688172474105
| 27%   35C    P2    55W / 250W |    861MiB / 11019MiB |      0%      Default |	1688172474642
| 27%   35C    P2    55W / 250W |    861MiB / 11019MiB |      0%      Default |	1688172475179
| 27%   35C    P2    55W / 250W |    861MiB / 11019MiB |      0%      Default |	1688172475718
| 27%   35C    P2    55W / 250W |    901MiB / 11019MiB |      0%      Default |	1688172476254
| 27%   35C    P2    55W / 250W |    901MiB / 11019MiB |      0%      Default |	1688172476792
| 27%   35C    P2    55W / 250W |    901MiB / 11019MiB |      0%      Default |	1688172477330
| 27%   35C    P2    55W / 250W |    901MiB / 11019MiB |      0%      Default |	1688172477864
| 27%   35C    P2    55W / 250W |    901MiB / 11019MiB |      0%      Default |	1688172478398
| 27%   35C    P2    55W / 250W |    901MiB / 11019MiB |      0%      Default |	1688172478950
| 27%   35C    P2    55W / 250W |    901MiB / 11019MiB |      0%      Default |	1688172479501
| 27%   35C    P2    55W / 250W |    901MiB / 11019MiB |      0%      Default |	1688172480035
| 27%   35C    P2    55W / 250W |    901MiB / 11019MiB |      0%      Default |	1688172480567
| 27%   35C    P2    55W / 250W |    901MiB / 11019MiB |      0%      Default |	1688172481104
| 27%   35C    P2    55W / 250W |    901MiB / 11019MiB |      0%      Default |	1688172481640
| 27%   35C    P2    55W / 250W |    901MiB / 11019MiB |      0%      Default |	1688172482177
| 27%   36C    P2    55W / 250W |    901MiB / 11019MiB |      0%      Default |	1688172482710
| 27%   36C    P2    55W / 250W |    901MiB / 11019MiB |      0%      Default |	1688172483282
| 27%   36C    P2    55W / 250W |    901MiB / 11019MiB |      0%      Default |	1688172483790
| 27%   36C    P2    55W / 250W |    901MiB / 11019MiB |      0%      Default |	1688172484330
| 27%   36C    P2    55W / 250W |    901MiB / 11019MiB |      0%      Default |	1688172484864
| 27%   36C    P2    55W / 250W |    901MiB / 11019MiB |      0%      Default |	1688172485398
| 27%   36C    P2    55W / 250W |    901MiB / 11019MiB |      0%      Default |	1688172485933
| 27%   36C    P2    55W / 250W |    901MiB / 11019MiB |      0%      Default |	1688172486466
| 27%   36C    P2    55W / 250W |    901MiB / 11019MiB |      0%      Default |	1688172486995
| 27%   36C    P2    55W / 250W |    901MiB / 11019MiB |      0%      Default |	1688172487529
| 27%   36C    P2    55W / 250W |    901MiB / 11019MiB |      0%      Default |	1688172488062
| 27%   36C    P2    55W / 250W |    901MiB / 11019MiB |      0%      Default |	1688172488598
| 27%   36C    P2    55W / 250W |    901MiB / 11019MiB |      0%      Default |	1688172489127
| 27%   36C    P2    55W / 250W |    901MiB / 11019MiB |      0%      Default |	1688172489661
| 27%   36C    P2    55W / 250W |    901MiB / 11019MiB |      0%      Default |	1688172490195
| 27%   36C    P2    55W / 250W |    901MiB / 11019MiB |      0%      Default |	1688172490726
| 27%   36C    P2    55W / 250W |    901MiB / 11019MiB |      0%      Default |	1688172491258
| 27%   37C    P2    55W / 250W |    901MiB / 11019MiB |      0%      Default |	1688172491795
| 27%   37C    P2    55W / 250W |    901MiB / 11019MiB |      0%      Default |	1688172492328
| 27%   37C    P2    55W / 250W |    901MiB / 11019MiB |      0%      Default |	1688172492863
| 26%   36C    P8    13W / 250W |    901MiB / 11019MiB |      0%      Default |	1688172493401
| 26%   35C    P8    12W / 250W |    901MiB / 11019MiB |      0%      Default |	1688172493936
| 26%   35C    P8    13W / 250W |    901MiB / 11019MiB |      0%      Default |	1688172494472
| 27%   35C    P8    14W / 250W |    901MiB / 11019MiB |      0%      Default |	1688172495007
| 27%   35C    P8    12W / 250W |    901MiB / 11019MiB |      0%      Default |	1688172495542
| 27%   35C    P8    13W / 250W |    901MiB / 11019MiB |      0%      Default |	1688172496076
| 27%   35C    P8    13W / 250W |    901MiB / 11019MiB |      0%      Default |	1688172496612
| 27%   35C    P8    12W / 250W |    901MiB / 11019MiB |      0%      Default |	1688172497146
| 27%   35C    P8    13W / 250W |    901MiB / 11019MiB |      0%      Default |	1688172497685
| 27%   35C    P8    13W / 250W |    901MiB / 11019MiB |      0%      Default |	1688172498246
| 27%   35C    P8    13W / 250W |    901MiB / 11019MiB |      0%      Default |	1688172498791
| 27%   34C    P8    13W / 250W |    901MiB / 11019MiB |      0%      Default |	1688172499331
| 27%   34C    P8    13W / 250W |    901MiB / 11019MiB |      0%      Default |	1688172499864
| 27%   34C    P8    12W / 250W |    901MiB / 11019MiB |      0%      Default |	1688172500404
| 27%   34C    P8    13W / 250W |    901MiB / 11019MiB |      0%      Default |	1688172500966
| 27%   34C    P8    12W / 250W |    901MiB / 11019MiB |      0%      Default |	1688172501502
| 27%   34C    P8    12W / 250W |    901MiB / 11019MiB |      0%      Default |	1688172502039
| 27%   34C    P8    13W / 250W |    901MiB / 11019MiB |      0%      Default |	1688172502579
| 27%   34C    P8    12W / 250W |    901MiB / 11019MiB |      0%      Default |	1688172503112
| 27%   34C    P8    13W / 250W |    901MiB / 11019MiB |      0%      Default |	1688172503674
| 27%   34C    P8    13W / 250W |    901MiB / 11019MiB |      0%      Default |	1688172504186
| 27%   34C    P8    12W / 250W |    901MiB / 11019MiB |      0%      Default |	1688172504720
| 27%   34C    P8    13W / 250W |    901MiB / 11019MiB |      0%      Default |	1688172505259
| 27%   34C    P8    13W / 250W |    901MiB / 11019MiB |      0%      Default |	1688172505793
| 27%   34C    P8    12W / 250W |    901MiB / 11019MiB |      0%      Default |	1688172506329
| 27%   34C    P8    12W / 250W |    901MiB / 11019MiB |      0%      Default |	1688172506865
| 27%   34C    P8    13W / 250W |    901MiB / 11019MiB |      0%      Default |	1688172507400
| 27%   34C    P8    12W / 250W |    901MiB / 11019MiB |      0%      Default |	1688172507938
| 27%   34C    P8    12W / 250W |    901MiB / 11019MiB |      0%      Default |	1688172508486
| 27%   34C    P8    13W / 250W |    901MiB / 11019MiB |      0%      Default |	1688172509029
| 27%   34C    P8    11W / 250W |    901MiB / 11019MiB |      0%      Default |	1688172509567
| 27%   34C    P8    12W / 250W |    901MiB / 11019MiB |      0%      Default |	1688172510122
| 27%   34C    P8    11W / 250W |    901MiB / 11019MiB |      0%      Default |	1688172510654
| 27%   34C    P8    13W / 250W |    901MiB / 11019MiB |      0%      Default |	1688172511188
| 27%   34C    P8    13W / 250W |    901MiB / 11019MiB |      0%      Default |	1688172511724
| 27%   34C    P8    13W / 250W |    901MiB / 11019MiB |      0%      Default |	1688172512257
| 27%   34C    P8    12W / 250W |    901MiB / 11019MiB |      0%      Default |	1688172512792
| 27%   34C    P8    12W / 250W |    901MiB / 11019MiB |      0%      Default |	1688172513323
| 27%   34C    P8    13W / 250W |    901MiB / 11019MiB |      0%      Default |	1688172513857
| 27%   33C    P8    12W / 250W |    901MiB / 11019MiB |      0%      Default |	1688172514391
| 27%   33C    P8    12W / 250W |    901MiB / 11019MiB |      0%      Default |	1688172514928
| 27%   34C    P8    12W / 250W |    901MiB / 11019MiB |      0%      Default |	1688172515466
| 27%   33C    P8    13W / 250W |    901MiB / 11019MiB |      0%      Default |	1688172516003
| 27%   33C    P8    13W / 250W |    901MiB / 11019MiB |      0%      Default |	1688172516540
| 27%   33C    P8    12W / 250W |    901MiB / 11019MiB |      0%      Default |	1688172517075
| 27%   33C    P8    12W / 250W |    901MiB / 11019MiB |      0%      Default |	1688172517609
| 27%   33C    P8    12W / 250W |    901MiB / 11019MiB |      0%      Default |	1688172518142
| 27%   33C    P8    12W / 250W |    901MiB / 11019MiB |      0%      Default |	1688172518677
| 27%   33C    P8    12W / 250W |    901MiB / 11019MiB |      0%      Default |	1688172519211
| 27%   33C    P8    12W / 250W |    901MiB / 11019MiB |      0%      Default |	1688172519744
| 27%   33C    P8    13W / 250W |    901MiB / 11019MiB |      0%      Default |	1688172520287
| 27%   33C    P8    12W / 250W |    901MiB / 11019MiB |      0%      Default |	1688172520823
| 27%   33C    P8    12W / 250W |    901MiB / 11019MiB |      0%      Default |	1688172521354
| 27%   33C    P8    12W / 250W |    901MiB / 11019MiB |      0%      Default |	1688172521907
| 27%   33C    P8    12W / 250W |    901MiB / 11019MiB |      0%      Default |	1688172522477
| 27%   33C    P8    12W / 250W |    901MiB / 11019MiB |      0%      Default |	1688172523018
| 27%   33C    P8    11W / 250W |    901MiB / 11019MiB |      0%      Default |	1688172523554
| 27%   33C    P8    12W / 250W |    901MiB / 11019MiB |      0%      Default |	1688172524085
| 27%   33C    P8    13W / 250W |    901MiB / 11019MiB |      0%      Default |	1688172524625
| 27%   33C    P8    12W / 250W |    901MiB / 11019MiB |      0%      Default |	1688172525163
| 27%   33C    P8    12W / 250W |    901MiB / 11019MiB |      0%      Default |	1688172525703
| 27%   33C    P8    12W / 250W |    901MiB / 11019MiB |      0%      Default |	1688172526241
| 27%   33C    P8    12W / 250W |    901MiB / 11019MiB |      0%      Default |	1688172526779
| 27%   33C    P8    13W / 250W |    901MiB / 11019MiB |      0%      Default |	1688172527316
| 27%   33C    P8    11W / 250W |    901MiB / 11019MiB |      0%      Default |	1688172527857
| 27%   33C    P8    12W / 250W |    901MiB / 11019MiB |      0%      Default |	1688172528394
| 27%   33C    P8    12W / 250W |    901MiB / 11019MiB |      0%      Default |	1688172528934
| 27%   33C    P8    12W / 250W |    901MiB / 11019MiB |      0%      Default |	1688172529473
| 27%   33C    P8    12W / 250W |    901MiB / 11019MiB |      0%      Default |	1688172530010
| 27%   33C    P8    12W / 250W |    901MiB / 11019MiB |      0%      Default |	1688172530554
| 27%   33C    P8    12W / 250W |    901MiB / 11019MiB |      0%      Default |	1688172531091
| 27%   33C    P8    12W / 250W |    901MiB / 11019MiB |      0%      Default |	1688172531624
| 27%   33C    P8    13W / 250W |    901MiB / 11019MiB |      0%      Default |	1688172532160
| 27%   33C    P8    13W / 250W |    901MiB / 11019MiB |      0%      Default |	1688172532695
| 27%   33C    P8    12W / 250W |    901MiB / 11019MiB |      0%      Default |	1688172533234
| 27%   33C    P8    13W / 250W |    901MiB / 11019MiB |      0%      Default |	1688172533769
| 27%   33C    P8    12W / 250W |    901MiB / 11019MiB |      0%      Default |	1688172534304
| 27%   33C    P8    12W / 250W |    901MiB / 11019MiB |      0%      Default |	1688172534841
| 27%   33C    P8    11W / 250W |    901MiB / 11019MiB |      0%      Default |	1688172535375
| 27%   33C    P8    13W / 250W |    901MiB / 11019MiB |      0%      Default |	1688172535907
| 27%   33C    P8    12W / 250W |    901MiB / 11019MiB |      0%      Default |	1688172536442
| 27%   33C    P8    13W / 250W |    901MiB / 11019MiB |      0%      Default |	1688172536988
| 27%   33C    P8    13W / 250W |    901MiB / 11019MiB |      0%      Default |	1688172537526
| 27%   33C    P8    12W / 250W |    901MiB / 11019MiB |      0%      Default |	1688172538063
| 27%   33C    P8    13W / 250W |    901MiB / 11019MiB |      0%      Default |	1688172538603
| 27%   33C    P8    13W / 250W |    901MiB / 11019MiB |      0%      Default |	1688172539138
| 27%   33C    P8    12W / 250W |    901MiB / 11019MiB |      0%      Default |	1688172539673
| 27%   33C    P8    12W / 250W |    901MiB / 11019MiB |      0%      Default |	1688172540218
| 27%   33C    P8    13W / 250W |    901MiB / 11019MiB |      0%      Default |	1688172540750
| 27%   33C    P8    12W / 250W |    901MiB / 11019MiB |      0%      Default |	1688172541281
| 27%   33C    P8    13W / 250W |    901MiB / 11019MiB |      0%      Default |	1688172541818
| 27%   33C    P8    12W / 250W |    901MiB / 11019MiB |      0%      Default |	1688172542353
| 27%   33C    P8    12W / 250W |    901MiB / 11019MiB |      0%      Default |	1688172542910
| 27%   33C    P8    12W / 250W |    901MiB / 11019MiB |      0%      Default |	1688172543446
| 27%   33C    P8    12W / 250W |    901MiB / 11019MiB |      0%      Default |	1688172544014
| 27%   33C    P8    11W / 250W |    901MiB / 11019MiB |      0%      Default |	1688172544534
| 27%   33C    P8    13W / 250W |    901MiB / 11019MiB |      0%      Default |	1688172545069
| 27%   33C    P8    13W / 250W |    901MiB / 11019MiB |      0%      Default |	1688172545601
| 27%   33C    P8    13W / 250W |    901MiB / 11019MiB |      0%      Default |	1688172546155
| 27%   33C    P8    12W / 250W |    901MiB / 11019MiB |      0%      Default |	1688172546721
| 27%   33C    P8    12W / 250W |    901MiB / 11019MiB |      0%      Default |	1688172547260
| 27%   33C    P8    12W / 250W |    901MiB / 11019MiB |      0%      Default |	1688172547798
| 27%   33C    P2    32W / 250W |    909MiB / 11019MiB |      0%      Default |	1688172548337
| 27%   34C    P2    55W / 250W |   2855MiB / 11019MiB |      0%      Default |	1688172548866
| 27%   35C    P2    55W / 250W |   5095MiB / 11019MiB |      4%      Default |	1688172549437
| 27%   38C    P2   131W / 250W |   9367MiB / 11019MiB |     16%      Default |	1688172549972
| 27%   37C    P2   124W / 250W |   8431MiB / 11019MiB |     16%      Default |	1688172550512
| 27%   38C    P2    99W / 250W |   8903MiB / 11019MiB |     86%      Default |	1688172551048
| 27%   38C    P2   110W / 250W |  10939MiB / 11019MiB |     86%      Default |	1688172551602
| 27%   39C    P2   104W / 250W |   9553MiB / 11019MiB |     95%      Default |	1688172552144
| 27%   39C    P2    98W / 250W |   8801MiB / 11019MiB |     95%      Default |	1688172552675
| 27%   39C    P2   137W / 250W |  10693MiB / 11019MiB |     97%      Default |	1688172553261
| 27%   40C    P2   116W / 250W |  10681MiB / 11019MiB |     97%      Default |	1688172553792
| 27%   39C    P2   118W / 250W |  10977MiB / 11019MiB |     97%      Default |	1688172554343
| 27%   40C    P2   124W / 250W |   9097MiB / 11019MiB |     96%      Default |	1688172554881
| 27%   40C    P2   106W / 250W |   9667MiB / 11019MiB |     96%      Default |	1688172555454
| 27%   40C    P2   121W / 250W |  10679MiB / 11019MiB |     98%      Default |	1688172555988
| 27%   41C    P2   101W / 250W |   9995MiB / 11019MiB |     98%      Default |	1688172556519
| 27%   40C    P2    98W / 250W |   8557MiB / 11019MiB |     95%      Default |	1688172557069
| 27%   41C    P2   113W / 250W |  10615MiB / 11019MiB |     95%      Default |	1688172557616
| 27%   41C    P2    83W / 250W |  10035MiB / 11019MiB |     94%      Default |	1688172558145
| 27%   41C    P2   126W / 250W |  10877MiB / 11019MiB |     94%      Default |	1688172558678
| 27%   41C    P2   105W / 250W |   9609MiB / 11019MiB |     93%      Default |	1688172559218
| 27%   41C    P2   100W / 250W |   9351MiB / 11019MiB |     93%      Default |	1688172559794
| 27%   42C    P2   116W / 250W |  10785MiB / 11019MiB |     94%      Default |	1688172560352
| 27%   42C    P2   104W / 250W |   9351MiB / 11019MiB |     94%      Default |	1688172560889
| 27%   42C    P2   114W / 250W |  10897MiB / 11019MiB |     95%      Default |	1688172561445
| 27%   42C    P2   108W / 250W |   9365MiB / 11019MiB |     95%      Default |	1688172561978
| 27%   42C    P2   116W / 250W |   9775MiB / 11019MiB |     95%      Default |	1688172562509
| 27%   43C    P2   133W / 250W |  10003MiB / 11019MiB |     95%      Default |	1688172563044
| 27%   42C    P2    94W / 250W |   8477MiB / 11019MiB |     95%      Default |	1688172563581
| 27%   43C    P2    98W / 250W |  11007MiB / 11019MiB |     95%      Default |	1688172564140
| 27%   43C    P2   111W / 250W |  10815MiB / 11019MiB |     95%      Default |	1688172564674
| 27%   43C    P2    95W / 250W |   9227MiB / 11019MiB |     93%      Default |	1688172565206
| 27%   43C    P2    96W / 250W |   8283MiB / 11019MiB |     93%      Default |	1688172565741
| 27%   43C    P2   127W / 250W |  10021MiB / 11019MiB |     95%      Default |	1688172566280
| 27%   43C    P2   102W / 250W |  10831MiB / 11019MiB |     95%      Default |	1688172566814
| 27%   44C    P2   129W / 250W |  10913MiB / 11019MiB |     97%      Default |	1688172567360
| 27%   44C    P2    90W / 250W |   9521MiB / 11019MiB |     97%      Default |	1688172567897
| 27%   44C    P2   118W / 250W |  10817MiB / 11019MiB |     95%      Default |	1688172568448
| 27%   45C    P2    99W / 250W |   9479MiB / 11019MiB |     98%      Default |	1688172568984
| 27%   44C    P2   114W / 250W |  11005MiB / 11019MiB |     98%      Default |	1688172569541
| 27%   45C    P2    96W / 250W |   8939MiB / 11019MiB |     91%      Default |	1688172570075
| 27%   45C    P2   118W / 250W |  11005MiB / 11019MiB |     91%      Default |	1688172570608
| 27%   45C    P2   129W / 250W |   9991MiB / 11019MiB |     96%      Default |	1688172571142
| 28%   45C    P2   128W / 250W |  11007MiB / 11019MiB |     96%      Default |	1688172571711
| 28%   46C    P2   120W / 250W |  10717MiB / 11019MiB |     96%      Default |	1688172572250
| 28%   45C    P2   128W / 250W |  10955MiB / 11019MiB |     96%      Default |	1688172572790
| 28%   45C    P2   108W / 250W |   9067MiB / 11019MiB |     96%      Default |	1688172573326
| 28%   46C    P2   148W / 250W |  10313MiB / 11019MiB |     96%      Default |	1688172573888
| 29%   46C    P2    88W / 250W |   9073MiB / 11019MiB |     94%      Default |	1688172574435
| 29%   47C    P2   131W / 250W |  10503MiB / 11019MiB |     95%      Default |	1688172574973
| 29%   46C    P2   106W / 250W |   9567MiB / 11019MiB |     95%      Default |	1688172575512
| 29%   46C    P2   128W / 250W |  10871MiB / 11019MiB |     95%      Default |	1688172576050
| 30%   46C    P2   123W / 250W |   8757MiB / 11019MiB |     95%      Default |	1688172576590
| 30%   46C    P2    99W / 250W |  10013MiB / 11019MiB |     97%      Default |	1688172577158
| 30%   47C    P2    94W / 250W |  10061MiB / 11019MiB |     97%      Default |	1688172577728
| 30%   47C    P2    86W / 250W |   9253MiB / 11019MiB |     95%      Default |	1688172578282
| 31%   47C    P2   110W / 250W |  10269MiB / 11019MiB |     95%      Default |	1688172578868
| 31%   47C    P2   107W / 250W |  10955MiB / 11019MiB |     96%      Default |	1688172579400
| 31%   47C    P2   110W / 250W |   9315MiB / 11019MiB |     96%      Default |	1688172579953
| 32%   47C    P2   130W / 250W |   8571MiB / 11019MiB |     96%      Default |	1688172580482
| 32%   48C    P2    95W / 250W |   8785MiB / 11019MiB |     96%      Default |	1688172581022
| 32%   48C    P2   128W / 250W |  10971MiB / 11019MiB |     96%      Default |	1688172581576
| 32%   48C    P2   116W / 250W |   9617MiB / 11019MiB |     95%      Default |	1688172582134
| 32%   48C    P2   109W / 250W |  10587MiB / 11019MiB |     95%      Default |	1688172582660
| 33%   48C    P2   115W / 250W |  10773MiB / 11019MiB |     96%      Default |	1688172583207
| 33%   48C    P2   123W / 250W |   9753MiB / 11019MiB |     96%      Default |	1688172583770
| 33%   48C    P2   112W / 250W |   9117MiB / 11019MiB |     95%      Default |	1688172584306
| 33%   49C    P2   127W / 250W |  10571MiB / 11019MiB |     95%      Default |	1688172584842
| 34%   48C    P2    90W / 250W |   8463MiB / 11019MiB |     97%      Default |	1688172585397
| 34%   49C    P2   118W / 250W |  10835MiB / 11019MiB |     97%      Default |	1688172585940
| 34%   49C    P2   110W / 250W |   9877MiB / 11019MiB |     96%      Default |	1688172586485
| 34%   49C    P2   104W / 250W |  10451MiB / 11019MiB |     97%      Default |	1688172587033
| 34%   49C    P2   118W / 250W |   9417MiB / 11019MiB |     97%      Default |	1688172587569
| 35%   49C    P2   115W / 250W |   9765MiB / 11019MiB |     97%      Default |	1688172588122
| 35%   49C    P2   129W / 250W |  10901MiB / 11019MiB |     97%      Default |	1688172588658
| 35%   49C    P2    92W / 250W |   8735MiB / 11019MiB |     96%      Default |	1688172589195
| 35%   50C    P2   134W / 250W |  10813MiB / 11019MiB |     96%      Default |	1688172589736
| 35%   50C    P2   118W / 250W |   9937MiB / 11019MiB |     98%      Default |	1688172590281
| 35%   49C    P2   113W / 250W |  10803MiB / 11019MiB |     98%      Default |	1688172590823
| 36%   50C    P2   126W / 250W |  10559MiB / 11019MiB |     95%      Default |	1688172591368
| 36%   49C    P2   102W / 250W |   8619MiB / 11019MiB |     95%      Default |	1688172591920
| 36%   50C    P2   128W / 250W |   9979MiB / 11019MiB |     95%      Default |	1688172592465
| 36%   50C    P2   100W / 250W |   8581MiB / 11019MiB |     95%      Default |	1688172593000
| 36%   50C    P2   139W / 250W |  10743MiB / 11019MiB |     96%      Default |	1688172593564
| 37%   50C    P2   104W / 250W |   9037MiB / 11019MiB |     96%      Default |	1688172594123
| 37%   51C    P2   128W / 250W |  10729MiB / 11019MiB |     96%      Default |	1688172594648
| 37%   51C    P2   102W / 250W |  10001MiB / 11019MiB |     93%      Default |	1688172595197
| 37%   50C    P2   121W / 250W |   8545MiB / 11019MiB |     93%      Default |	1688172595740
| 37%   50C    P2   117W / 250W |   8141MiB / 11019MiB |     96%      Default |	1688172596294
| 37%   51C    P2   114W / 250W |   9195MiB / 11019MiB |     96%      Default |	1688172596840
| 38%   51C    P2    87W / 250W |   9065MiB / 11019MiB |     96%      Default |	1688172597375
| 38%   51C    P2   133W / 250W |   9543MiB / 11019MiB |     96%      Default |	1688172597929
| 38%   51C    P2   108W / 250W |  10589MiB / 11019MiB |     94%      Default |	1688172598480
| 38%   51C    P2   130W / 250W |   9817MiB / 11019MiB |     94%      Default |	1688172599016
| 38%   51C    P2   111W / 250W |  10661MiB / 11019MiB |     93%      Default |	1688172599549
| 39%   51C    P2   132W / 250W |   8291MiB / 11019MiB |     95%      Default |	1688172600086
| 39%   51C    P2   119W / 250W |  11001MiB / 11019MiB |     95%      Default |	1688172600639
| 39%   52C    P2   125W / 250W |   9761MiB / 11019MiB |     95%      Default |	1688172601178
| 39%   52C    P2   120W / 250W |   9621MiB / 11019MiB |     95%      Default |	1688172601731
| 39%   52C    P2   122W / 250W |  10035MiB / 11019MiB |     96%      Default |	1688172602269
| 39%   52C    P2   136W / 250W |  10551MiB / 11019MiB |     96%      Default |	1688172602818
| 39%   52C    P2   104W / 250W |  10991MiB / 11019MiB |     97%      Default |	1688172603366
| 40%   52C    P2   118W / 250W |  10927MiB / 11019MiB |     97%      Default |	1688172603915
| 40%   52C    P2   110W / 250W |   9361MiB / 11019MiB |     97%      Default |	1688172604446
| 40%   52C    P2   134W / 250W |  10793MiB / 11019MiB |     97%      Default |	1688172604977
| 40%   52C    P2   123W / 250W |   9687MiB / 11019MiB |     94%      Default |	1688172605529
| 40%   52C    P2   105W / 250W |   9427MiB / 11019MiB |     94%      Default |	1688172606063
| 40%   52C    P2   142W / 250W |  10769MiB / 11019MiB |     96%      Default |	1688172606608
| 40%   53C    P2   109W / 250W |  10137MiB / 11019MiB |     98%      Default |	1688172607145
| 41%   52C    P2   119W / 250W |  10897MiB / 11019MiB |     98%      Default |	1688172607701
| 41%   53C    P2   121W / 250W |  10459MiB / 11019MiB |     96%      Default |	1688172608243
| 41%   53C    P2   104W / 250W |   8607MiB / 11019MiB |     96%      Default |	1688172608790
| 41%   53C    P2   127W / 250W |  10893MiB / 11019MiB |     98%      Default |	1688172609322
| 41%   53C    P2   130W / 250W |   9729MiB / 11019MiB |     98%      Default |	1688172609855
| 41%   53C    P2   120W / 250W |  11013MiB / 11019MiB |     95%      Default |	1688172610395
| 41%   53C    P2   120W / 250W |   8889MiB / 11019MiB |     95%      Default |	1688172610939
| 42%   53C    P2   114W / 250W |  10897MiB / 11019MiB |     94%      Default |	1688172611483
| 42%   53C    P2   131W / 250W |  10419MiB / 11019MiB |     94%      Default |	1688172612038
| 42%   53C    P2   121W / 250W |  10753MiB / 11019MiB |     94%      Default |	1688172612573
| 42%   54C    P2   100W / 250W |  10237MiB / 11019MiB |     94%      Default |	1688172613109
| 42%   53C    P2   112W / 250W |  10923MiB / 11019MiB |     94%      Default |	1688172613649
| 42%   54C    P2   135W / 250W |  10953MiB / 11019MiB |     96%      Default |	1688172614197
| 42%   53C    P2    95W / 250W |   9353MiB / 11019MiB |     96%      Default |	1688172614731
| 43%   54C    P2   125W / 250W |  10753MiB / 11019MiB |     95%      Default |	1688172615289
| 43%   53C    P2   112W / 250W |   9663MiB / 11019MiB |     95%      Default |	1688172615835
| 43%   54C    P2   125W / 250W |  10747MiB / 11019MiB |     96%      Default |	1688172616372
| 43%   54C    P2   114W / 250W |   9179MiB / 11019MiB |     96%      Default |	1688172616913
| 43%   54C    P2   125W / 250W |  10733MiB / 11019MiB |     95%      Default |	1688172617468
| 43%   54C    P2   123W / 250W |   9707MiB / 11019MiB |     95%      Default |	1688172618006
| 43%   54C    P2   109W / 250W |   9607MiB / 11019MiB |     98%      Default |	1688172618540
| 43%   54C    P2    94W / 250W |   7541MiB / 11019MiB |     98%      Default |	1688172619081
| 44%   55C    P2   111W / 250W |  10905MiB / 11019MiB |     93%      Default |	1688172619636
| 44%   54C    P2   107W / 250W |  10791MiB / 11019MiB |     96%      Default |	1688172620175
| 44%   55C    P2   133W / 250W |  10431MiB / 11019MiB |     96%      Default |	1688172620709
| 44%   54C    P2   108W / 250W |   9501MiB / 11019MiB |     97%      Default |	1688172621248
| 44%   54C    P2   117W / 250W |   9059MiB / 11019MiB |     97%      Default |	1688172621781
| 44%   55C    P2    99W / 250W |   9331MiB / 11019MiB |     96%      Default |	1688172622314
| 44%   54C    P2   115W / 250W |   8879MiB / 11019MiB |     96%      Default |	1688172622854
| 44%   54C    P2   124W / 250W |   9693MiB / 11019MiB |     94%      Default |	1688172623388
| 44%   55C    P2    94W / 250W |   8427MiB / 11019MiB |     94%      Default |	1688172623933
| 44%   55C    P2   102W / 250W |   9713MiB / 11019MiB |     95%      Default |	1688172624469
| 45%   55C    P2   117W / 250W |  10907MiB / 11019MiB |     95%      Default |	1688172625018
| 45%   55C    P2   131W / 250W |  10959MiB / 11019MiB |     95%      Default |	1688172625553
| 45%   55C    P2   133W / 250W |  10989MiB / 11019MiB |     95%      Default |	1688172626101
| 45%   54C    P2    85W / 250W |   8297MiB / 11019MiB |     97%      Default |	1688172626649
| 45%   55C    P2   128W / 250W |  10835MiB / 11019MiB |     92%      Default |	1688172627187
| 45%   56C    P2   100W / 250W |   8801MiB / 11019MiB |     92%      Default |	1688172627730
| 45%   55C    P2   118W / 250W |  10521MiB / 11019MiB |     95%      Default |	1688172628272
| 45%   55C    P2   123W / 250W |  10851MiB / 11019MiB |     95%      Default |	1688172628826
| 45%   56C    P2    96W / 250W |   9725MiB / 11019MiB |     97%      Default |	1688172629353
| 45%   55C    P2   123W / 250W |  10749MiB / 11019MiB |     97%      Default |	1688172629886
| 46%   56C    P2   125W / 250W |   9841MiB / 11019MiB |     95%      Default |	1688172630419
| 46%   55C    P2   123W / 250W |  10935MiB / 11019MiB |     95%      Default |	1688172630978
| 46%   56C    P2   125W / 250W |  10955MiB / 11019MiB |     98%      Default |	1688172631512
| 46%   56C    P2    93W / 250W |   9681MiB / 11019MiB |     98%      Default |	1688172632066
| 46%   56C    P2   128W / 250W |   8485MiB / 11019MiB |     99%      Default |	1688172632604
| 46%   56C    P2   132W / 250W |  11015MiB / 11019MiB |     99%      Default |	1688172633138
| 46%   56C    P2   113W / 250W |  10819MiB / 11019MiB |     94%      Default |	1688172633690
| 46%   56C    P2   124W / 250W |  10943MiB / 11019MiB |     96%      Default |	1688172634226
| 46%   55C    P2   112W / 250W |   8423MiB / 11019MiB |     96%      Default |	1688172634773
| 46%   56C    P2   142W / 250W |  10739MiB / 11019MiB |     94%      Default |	1688172635303
| 46%   56C    P2    96W / 250W |   8743MiB / 11019MiB |     94%      Default |	1688172635836
| 47%   56C    P2   122W / 250W |  10917MiB / 11019MiB |     97%      Default |	1688172636371
| 47%   56C    P2    92W / 250W |  10243MiB / 11019MiB |     97%      Default |	1688172636907
| 47%   56C    P2   114W / 250W |  10889MiB / 11019MiB |     98%      Default |	1688172637478
| 47%   57C    P2   136W / 250W |  10357MiB / 11019MiB |     98%      Default |	1688172638013
| 47%   56C    P2   106W / 250W |  11005MiB / 11019MiB |     97%      Default |	1688172638560
| 47%   57C    P2   136W / 250W |  10981MiB / 11019MiB |     97%      Default |	1688172639094
| 47%   56C    P2    98W / 250W |   8545MiB / 11019MiB |     96%      Default |	1688172639631
| 47%   56C    P2   125W / 250W |  10809MiB / 11019MiB |     96%      Default |	1688172640171
| 47%   57C    P2    97W / 250W |   9705MiB / 11019MiB |     97%      Default |	1688172640710
| 47%   56C    P2   105W / 250W |  10985MiB / 11019MiB |     96%      Default |	1688172641268
| 47%   56C    P2   104W / 250W |   7341MiB / 11019MiB |     96%      Default |	1688172641822
| 48%   57C    P2    99W / 250W |  10027MiB / 11019MiB |     95%      Default |	1688172642373
| 48%   57C    P2   125W / 250W |  10755MiB / 11019MiB |     95%      Default |	1688172642909
| 48%   57C    P2   134W / 250W |  10317MiB / 11019MiB |     96%      Default |	1688172643482
| 48%   57C    P2   117W / 250W |   9903MiB / 11019MiB |     96%      Default |	1688172644025
| 48%   57C    P2    96W / 250W |  10595MiB / 11019MiB |     96%      Default |	1688172644563
| 48%   56C    P2   106W / 250W |   8411MiB / 11019MiB |     96%      Default |	1688172645103
| 48%   57C    P2   124W / 250W |  10965MiB / 11019MiB |     96%      Default |	1688172645633
| 48%   57C    P2   111W / 250W |   8983MiB / 11019MiB |     96%      Default |	1688172646167
| 48%   58C    P2   127W / 250W |  10399MiB / 11019MiB |     90%      Default |	1688172646699
| 48%   56C    P2   112W / 250W |   9201MiB / 11019MiB |     90%      Default |	1688172647250
| 48%   57C    P2   116W / 250W |  10825MiB / 11019MiB |     97%      Default |	1688172647794
| 48%   57C    P2   110W / 250W |   9139MiB / 11019MiB |     92%      Default |	1688172648327
| 48%   57C    P2   119W / 250W |  10661MiB / 11019MiB |     92%      Default |	1688172648888
| 48%   57C    P2   113W / 250W |  10019MiB / 11019MiB |     95%      Default |	1688172649424
| 48%   57C    P2   107W / 250W |  10749MiB / 11019MiB |     95%      Default |	1688172649954
| 49%   57C    P2   111W / 250W |  10981MiB / 11019MiB |     98%      Default |	1688172650508
| 49%   57C    P2   130W / 250W |  10527MiB / 11019MiB |     98%      Default |	1688172651044
| 49%   57C    P2   109W / 250W |  10843MiB / 11019MiB |     97%      Default |	1688172651598
| 49%   57C    P2   102W / 250W |   8435MiB / 11019MiB |     97%      Default |	1688172652145
| 49%   57C    P2   136W / 250W |  10753MiB / 11019MiB |     96%      Default |	1688172652697
| 49%   58C    P2   105W / 250W |   9325MiB / 11019MiB |     96%      Default |	1688172653233
| 49%   57C    P2   126W / 250W |  10611MiB / 11019MiB |     98%      Default |	1688172653791
| 49%   57C    P2   134W / 250W |  10311MiB / 11019MiB |     96%      Default |	1688172654340
| 49%   57C    P2   123W / 250W |  10857MiB / 11019MiB |     96%      Default |	1688172654879
| 49%   57C    P2   109W / 250W |  10113MiB / 11019MiB |     94%      Default |	1688172655412
| 49%   57C    P2   118W / 250W |   8887MiB / 11019MiB |     94%      Default |	1688172655947
| 49%   57C    P2   124W / 250W |   9331MiB / 11019MiB |     96%      Default |	1688172656506
| 49%   58C    P2   116W / 250W |  10679MiB / 11019MiB |     96%      Default |	1688172657049
| 49%   57C    P2   105W / 250W |   8565MiB / 11019MiB |     93%      Default |	1688172657613
| 49%   58C    P2   124W / 250W |  10091MiB / 11019MiB |     93%      Default |	1688172658154
| 49%   57C    P2   125W / 250W |  10843MiB / 11019MiB |     94%      Default |	1688172658701
| 50%   58C    P2   133W / 250W |   9937MiB / 11019MiB |     94%      Default |	1688172659250
| 50%   58C    P2   112W / 250W |  10799MiB / 11019MiB |     95%      Default |	1688172659778
| 50%   58C    P2   136W / 250W |   9951MiB / 11019MiB |     95%      Default |	1688172660316
| 50%   57C    P2   108W / 250W |   9111MiB / 11019MiB |     95%      Default |	1688172660854
| 50%   58C    P2   137W / 250W |  10327MiB / 11019MiB |     98%      Default |	1688172661388
| 50%   58C    P2   127W / 250W |  11003MiB / 11019MiB |     98%      Default |	1688172661926
| 50%   58C    P2   139W / 250W |  10029MiB / 11019MiB |     93%      Default |	1688172662462
| 50%   57C    P2   126W / 250W |   8739MiB / 11019MiB |     93%      Default |	1688172663026
| 50%   58C    P2   133W / 250W |   9977MiB / 11019MiB |     97%      Default |	1688172663558
| 50%   58C    P2   106W / 250W |  10171MiB / 11019MiB |     97%      Default |	1688172664091
| 50%   58C    P2   135W / 250W |  10843MiB / 11019MiB |     95%      Default |	1688172664652
| 50%   58C    P2   146W / 250W |  10351MiB / 11019MiB |     95%      Default |	1688172665200
| 50%   58C    P2   126W / 250W |  10967MiB / 11019MiB |     92%      Default |	1688172665732
| 50%   59C    P2   143W / 250W |  10895MiB / 11019MiB |     92%      Default |	1688172666268
| 50%   58C    P2   109W / 250W |   8341MiB / 11019MiB |     96%      Default |	1688172666801
| 50%   58C    P2   142W / 250W |  10575MiB / 11019MiB |     96%      Default |	1688172667337
| 50%   58C    P2   121W / 250W |   9423MiB / 11019MiB |     97%      Default |	1688172667881
| 50%   58C    P2   127W / 250W |  10679MiB / 11019MiB |     96%      Default |	1688172668413
| 50%   58C    P2   109W / 250W |   9909MiB / 11019MiB |     96%      Default |	1688172668964
| 50%   58C    P2   127W / 250W |  10995MiB / 11019MiB |     96%      Default |	1688172669513
| 51%   58C    P2   107W / 250W |  10449MiB / 11019MiB |     96%      Default |	1688172670046
| 51%   58C    P2   109W / 250W |  10987MiB / 11019MiB |     93%      Default |	1688172670591
| 51%   58C    P2   137W / 250W |  10905MiB / 11019MiB |     93%      Default |	1688172671127
| 51%   59C    P2   102W / 250W |   9727MiB / 11019MiB |     97%      Default |	1688172671658
| 51%   59C    P2   139W / 250W |  10971MiB / 11019MiB |     97%      Default |	1688172672203
| 51%   59C    P2   126W / 250W |  10683MiB / 11019MiB |     99%      Default |	1688172672741
| 51%   59C    P2   102W / 250W |  10163MiB / 11019MiB |     99%      Default |	1688172673278
| 51%   58C    P2   113W / 250W |  10811MiB / 11019MiB |     92%      Default |	1688172673810
| 51%   58C    P2   136W / 250W |  10581MiB / 11019MiB |     92%      Default |	1688172674352
| 51%   59C    P2    85W / 250W |   9377MiB / 11019MiB |     97%      Default |	1688172674894
| 51%   58C    P2   106W / 250W |   8431MiB / 11019MiB |     93%      Default |	1688172675432
| 51%   59C    P2   131W / 250W |  10489MiB / 11019MiB |     93%      Default |	1688172675982
| 51%   58C    P2    94W / 250W |   9309MiB / 11019MiB |     98%      Default |	1688172676531
| 51%   58C    P2   127W / 250W |  10805MiB / 11019MiB |     98%      Default |	1688172677065
| 51%   58C    P2   110W / 250W |   8601MiB / 11019MiB |     95%      Default |	1688172677606
| 51%   59C    P2   127W / 250W |  10645MiB / 11019MiB |     95%      Default |	1688172678144
| 51%   59C    P2   134W / 250W |  10037MiB / 11019MiB |     98%      Default |	1688172678679
| 51%   58C    P2   110W / 250W |   8431MiB / 11019MiB |     98%      Default |	1688172679232
| 51%   59C    P2   124W / 250W |   9415MiB / 11019MiB |     92%      Default |	1688172679766
| 51%   59C    P2   119W / 250W |  10913MiB / 11019MiB |     92%      Default |	1688172680317
| 51%   59C    P2   144W / 250W |  10429MiB / 11019MiB |     94%      Default |	1688172680863
| 52%   58C    P2   126W / 250W |   9591MiB / 11019MiB |     94%      Default |	1688172681394
| 51%   59C    P2   137W / 250W |  10247MiB / 11019MiB |     94%      Default |	1688172681937
| 52%   58C    P2   117W / 250W |  10183MiB / 11019MiB |     97%      Default |	1688172682491
| 52%   59C    P2   138W / 250W |  10967MiB / 11019MiB |     97%      Default |	1688172683031
| 52%   59C    P2    96W / 250W |   9171MiB / 11019MiB |     98%      Default |	1688172683564
| 52%   59C    P2   134W / 250W |  10833MiB / 11019MiB |     98%      Default |	1688172684107
| 52%   59C    P2   102W / 250W |   8793MiB / 11019MiB |     93%      Default |	1688172684666
| 52%   59C    P2   128W / 250W |  10999MiB / 11019MiB |     93%      Default |	1688172685191
| 52%   59C    P2   115W / 250W |  10221MiB / 11019MiB |     96%      Default |	1688172685726
| 52%   59C    P2   122W / 250W |  10765MiB / 11019MiB |     96%      Default |	1688172686281
| 52%   59C    P2   130W / 250W |   9753MiB / 11019MiB |     96%      Default |	1688172686825
| 52%   59C    P2   111W / 250W |   9643MiB / 11019MiB |     96%      Default |	1688172687363
| 52%   59C    P2    99W / 250W |   7539MiB / 11019MiB |     95%      Default |	1688172687905
| 52%   59C    P2   114W / 250W |  10883MiB / 11019MiB |     93%      Default |	1688172688451
| 52%   59C    P2   127W / 250W |  10841MiB / 11019MiB |     93%      Default |	1688172689011
| 52%   60C    P2   137W / 250W |  10811MiB / 11019MiB |     98%      Default |	1688172689543
| 52%   59C    P2   117W / 250W |   8287MiB / 11019MiB |     98%      Default |	1688172690099
| 52%   59C    P2   112W / 250W |  11001MiB / 11019MiB |     96%      Default |	1688172690634
| 52%   60C    P2   122W / 250W |  10947MiB / 11019MiB |     96%      Default |	1688172691183
| 52%   59C    P2   102W / 250W |   9159MiB / 11019MiB |     91%      Default |	1688172691735
| 52%   59C    P2   109W / 250W |   9619MiB / 11019MiB |     91%      Default |	1688172692269
| 52%   59C    P2   114W / 250W |   9451MiB / 11019MiB |     94%      Default |	1688172692804
| 52%   59C    P2   117W / 250W |   9103MiB / 11019MiB |     94%      Default |	1688172693351
| 52%   59C    P2   128W / 250W |  10797MiB / 11019MiB |     95%      Default |	1688172693882
| 53%   59C    P2   136W / 250W |  10643MiB / 11019MiB |     95%      Default |	1688172694417
| 53%   60C    P2   138W / 250W |  10051MiB / 11019MiB |     96%      Default |	1688172694979
| 53%   60C    P2   119W / 250W |  10619MiB / 11019MiB |     97%      Default |	1688172695502
| 53%   59C    P2   119W / 250W |  10831MiB / 11019MiB |     97%      Default |	1688172696038
| 53%   59C    P2   115W / 250W |   8463MiB / 11019MiB |     93%      Default |	1688172696583
| 53%   59C    P2   137W / 250W |  10819MiB / 11019MiB |     93%      Default |	1688172697133
| 53%   60C    P2   138W / 250W |  10971MiB / 11019MiB |     94%      Default |	1688172697691
| 53%   60C    P2   117W / 250W |   9063MiB / 11019MiB |     94%      Default |	1688172698225
| 53%   60C    P2   129W / 250W |  10733MiB / 11019MiB |     97%      Default |	1688172698774
| 53%   60C    P2   140W / 250W |   9869MiB / 11019MiB |     97%      Default |	1688172699322
| 53%   59C    P2   104W / 250W |  10609MiB / 11019MiB |     96%      Default |	1688172699884
| 53%   60C    P2   137W / 250W |  10965MiB / 11019MiB |     96%      Default |	1688172700442
| 53%   59C    P2   114W / 250W |   8459MiB / 11019MiB |     96%      Default |	1688172700970
| 53%   59C    P2   152W / 250W |   8953MiB / 11019MiB |     98%      Default |	1688172701504
| 53%   60C    P2   127W / 250W |  10757MiB / 11019MiB |     98%      Default |	1688172702062
| 53%   59C    P2   116W / 250W |  10107MiB / 11019MiB |     96%      Default |	1688172702595
| 53%   60C    P2   134W / 250W |   9663MiB / 11019MiB |     96%      Default |	1688172703129
| 53%   59C    P2   113W / 250W |   9571MiB / 11019MiB |     96%      Default |	1688172703663
| 53%   59C    P2   140W / 250W |   8541MiB / 11019MiB |     96%      Default |	1688172704235
| 53%   60C    P2   118W / 250W |   9835MiB / 11019MiB |     97%      Default |	1688172704766
| 53%   60C    P2   127W / 250W |  10989MiB / 11019MiB |     97%      Default |	1688172705330
| 53%   60C    P2   144W / 250W |  10819MiB / 11019MiB |     97%      Default |	1688172705878
| 53%   59C    P2   117W / 250W |   8373MiB / 11019MiB |     97%      Default |	1688172706412
| 53%   60C    P2   131W / 250W |  10753MiB / 11019MiB |     98%      Default |	1688172706946
| 53%   59C    P2   115W / 250W |   9137MiB / 11019MiB |     98%      Default |	1688172707495
| 53%   60C    P2   138W / 250W |  10989MiB / 11019MiB |     98%      Default |	1688172708030
| 53%   59C    P2    98W / 250W |   8533MiB / 11019MiB |     96%      Default |	1688172708564
| 53%   60C    P2   128W / 250W |  10739MiB / 11019MiB |     96%      Default |	1688172709117
| 53%   60C    P2   101W / 250W |   9697MiB / 11019MiB |     96%      Default |	1688172709649
| 53%   60C    P2   117W / 250W |  10621MiB / 11019MiB |     96%      Default |	1688172710187
| 53%   60C    P2   105W / 250W |  10687MiB / 11019MiB |     94%      Default |	1688172710725
| 53%   60C    P2   101W / 250W |  10743MiB / 11019MiB |     94%      Default |	1688172711265
| 54%   60C    P2   129W / 250W |  10915MiB / 11019MiB |     90%      Default |	1688172711796
| 54%   60C    P2   114W / 250W |  10123MiB / 11019MiB |     90%      Default |	1688172712339
| 54%   60C    P2   129W / 250W |  10491MiB / 11019MiB |     98%      Default |	1688172712869
| 54%   60C    P2   104W / 250W |  10583MiB / 11019MiB |     98%      Default |	1688172713403
| 54%   60C    P2   110W / 250W |   8405MiB / 11019MiB |     97%      Default |	1688172713938
| 54%   60C    P2   126W / 250W |  10809MiB / 11019MiB |     97%      Default |	1688172714491
| 54%   59C    P2   119W / 250W |   8973MiB / 11019MiB |     95%      Default |	1688172715034
| 54%   60C    P2   140W / 250W |  10325MiB / 11019MiB |     93%      Default |	1688172715592
| 54%   60C    P2   108W / 250W |   8559MiB / 11019MiB |     93%      Default |	1688172716128
| 54%   60C    P2   135W / 250W |  10831MiB / 11019MiB |     96%      Default |	1688172716684
| 54%   61C    P2   140W / 250W |  10889MiB / 11019MiB |     96%      Default |	1688172717217
| 54%   60C    P2    91W / 250W |   9657MiB / 11019MiB |     97%      Default |	1688172717772
| 54%   60C    P2   117W / 250W |  10897MiB / 11019MiB |     97%      Default |	1688172718311
| 54%   60C    P2   137W / 250W |  10929MiB / 11019MiB |     94%      Default |	1688172718874
| 54%   60C    P2   103W / 250W |   8453MiB / 11019MiB |     94%      Default |	1688172719412
| 54%   61C    P2   127W / 250W |  10517MiB / 11019MiB |     96%      Default |	1688172719951
| 54%   60C    P2   139W / 250W |  10835MiB / 11019MiB |     96%      Default |	1688172720487
| 54%   60C    P2   103W / 250W |   8293MiB / 11019MiB |     98%      Default |	1688172721038
| 54%   60C    P2   137W / 250W |  10721MiB / 11019MiB |     98%      Default |	1688172721572
| 54%   61C    P2    98W / 250W |   9871MiB / 11019MiB |     95%      Default |	1688172722105
| 54%   60C    P2   119W / 250W |  10581MiB / 11019MiB |     98%      Default |	1688172722659
| 54%   61C    P2   144W / 250W |  10745MiB / 11019MiB |     98%      Default |	1688172723203
| 54%   60C    P2    99W / 250W |  10853MiB / 11019MiB |     97%      Default |	1688172723753
| 54%   60C    P2   126W / 250W |  10871MiB / 11019MiB |     97%      Default |	1688172724297
| 54%   60C    P2   121W / 250W |   9995MiB / 11019MiB |     91%      Default |	1688172724839
| 54%   60C    P2   124W / 250W |  10095MiB / 11019MiB |     91%      Default |	1688172725400
| 54%   61C    P2   141W / 250W |  10235MiB / 11019MiB |     96%      Default |	1688172725954
| 54%   60C    P2   129W / 250W |   9261MiB / 11019MiB |     96%      Default |	1688172726490
| 54%   61C    P2   141W / 250W |  10021MiB / 11019MiB |     96%      Default |	1688172727050
| 54%   60C    P2   117W / 250W |  10837MiB / 11019MiB |     96%      Default |	1688172727590
| 54%   60C    P2   129W / 250W |  10915MiB / 11019MiB |     93%      Default |	1688172728141
| 54%   60C    P2   133W / 250W |  10247MiB / 11019MiB |     96%      Default |	1688172728685
| 54%   60C    P2   129W / 250W |  10897MiB / 11019MiB |     96%      Default |	1688172729243
| 55%   61C    P2   138W / 250W |  10005MiB / 11019MiB |     95%      Default |	1688172729777
| 55%   60C    P2   122W / 250W |  11007MiB / 11019MiB |     95%      Default |	1688172730312
| 55%   60C    P2   135W / 250W |  10279MiB / 11019MiB |     96%      Default |	1688172730863
| 55%   60C    P2   135W / 250W |  10989MiB / 11019MiB |     96%      Default |	1688172731394
| 55%   60C    P2   140W / 250W |   9983MiB / 11019MiB |     96%      Default |	1688172731937
| 55%   60C    P2   103W / 250W |  11001MiB / 11019MiB |     96%      Default |	1688172732472
| 55%   60C    P2   133W / 250W |  10629MiB / 11019MiB |     95%      Default |	1688172733005
| 55%   61C    P2   106W / 250W |  10947MiB / 11019MiB |     95%      Default |	1688172733540
| 55%   60C    P2    98W / 250W |   9055MiB / 11019MiB |     97%      Default |	1688172734075
| 55%   61C    P2   120W / 250W |  10775MiB / 11019MiB |     97%      Default |	1688172734611
| 55%   60C    P2   106W / 250W |   8869MiB / 11019MiB |     92%      Default |	1688172735157
| 55%   61C    P2   138W / 250W |   9861MiB / 11019MiB |     96%      Default |	1688172735693
| 55%   60C    P2   118W / 250W |   9871MiB / 11019MiB |     96%      Default |	1688172736237
| 55%   60C    P2   131W / 250W |  10863MiB / 11019MiB |     96%      Default |	1688172736802
| 55%   60C    P2   136W / 250W |   9145MiB / 11019MiB |     96%      Default |	1688172737338
| 55%   60C    P2   136W / 250W |   8647MiB / 11019MiB |     95%      Default |	1688172737880
| 55%   61C    P2   119W / 250W |  10653MiB / 11019MiB |     95%      Default |	1688172738422
| 55%   60C    P2   101W / 250W |  10923MiB / 11019MiB |     95%      Default |	1688172738968
| 55%   61C    P2   119W / 250W |   9153MiB / 11019MiB |     95%      Default |	1688172739509
| 55%   61C    P2   121W / 250W |  10685MiB / 11019MiB |     97%      Default |	1688172740054
| 55%   61C    P2   148W / 250W |  10905MiB / 11019MiB |     97%      Default |	1688172740588
| 55%   61C    P2   122W / 250W |  10905MiB / 11019MiB |     98%      Default |	1688172741142
| 55%   60C    P2    92W / 250W |   8269MiB / 11019MiB |     98%      Default |	1688172741674
| 55%   61C    P2   128W / 250W |  11009MiB / 11019MiB |     83%      Default |	1688172742207
| 55%   61C    P2    90W / 250W |   9169MiB / 11019MiB |     94%      Default |	1688172742741
| 55%   61C    P2   124W / 250W |  10581MiB / 11019MiB |     94%      Default |	1688172743279
| 55%   61C    P2   137W / 250W |  10763MiB / 11019MiB |     96%      Default |	1688172743848
| 55%   61C    P2   114W / 250W |   8699MiB / 11019MiB |     96%      Default |	1688172744382
| 55%   61C    P2   130W / 250W |  10905MiB / 11019MiB |     97%      Default |	1688172744915
| 55%   61C    P2   120W / 250W |   9645MiB / 11019MiB |     97%      Default |	1688172745453
| 55%   60C    P2   126W / 250W |   9737MiB / 11019MiB |     95%      Default |	1688172746013
| 55%   61C    P2   137W / 250W |   9843MiB / 11019MiB |     95%      Default |	1688172746549
| 55%   61C    P2   117W / 250W |  10655MiB / 11019MiB |     95%      Default |	1688172747084
| 55%   61C    P2   138W / 250W |  10667MiB / 11019MiB |     95%      Default |	1688172747617
| 55%   61C    P2   104W / 250W |   8637MiB / 11019MiB |     96%      Default |	1688172748153
| 55%   60C    P2   141W / 250W |   9711MiB / 11019MiB |     95%      Default |	1688172748698
| 55%   61C    P2   121W / 250W |   9959MiB / 11019MiB |     95%      Default |	1688172749239
| 55%   60C    P2   108W / 250W |   8757MiB / 11019MiB |     96%      Default |	1688172749773
| 55%   61C    P2   113W / 250W |   9863MiB / 11019MiB |     96%      Default |	1688172750330
| 55%   60C    P2   111W / 250W |   8313MiB / 11019MiB |     97%      Default |	1688172750877
| 55%   61C    P2   131W / 250W |  10797MiB / 11019MiB |     97%      Default |	1688172751434
| 55%   61C    P2   105W / 250W |   8929MiB / 11019MiB |     96%      Default |	1688172751973
| 55%   61C    P2   140W / 250W |  11013MiB / 11019MiB |     96%      Default |	1688172752509
| 55%   61C    P2   109W / 250W |   8879MiB / 11019MiB |     97%      Default |	1688172753062
| 55%   61C    P2   139W / 250W |  10999MiB / 11019MiB |     97%      Default |	1688172753597
| 55%   61C    P2   106W / 250W |   9333MiB / 11019MiB |     97%      Default |	1688172754133
| 55%   60C    P2   135W / 250W |  10643MiB / 11019MiB |     97%      Default |	1688172754683
| 55%   61C    P2   107W / 250W |   9977MiB / 11019MiB |     97%      Default |	1688172755233
| 55%   61C    P2   120W / 250W |   9545MiB / 11019MiB |     97%      Default |	1688172755779
| 56%   61C    P2   130W / 250W |  10407MiB / 11019MiB |     97%      Default |	1688172756310
| 55%   62C    P2   144W / 250W |  10809MiB / 11019MiB |     94%      Default |	1688172756848
| 55%   61C    P2   119W / 250W |   9197MiB / 11019MiB |     94%      Default |	1688172757400
| 56%   61C    P2   143W / 250W |   8861MiB / 11019MiB |     93%      Default |	1688172757936
| 55%   61C    P2   107W / 250W |   8399MiB / 11019MiB |     93%      Default |	1688172758472
| 56%   61C    P2   128W / 250W |  10915MiB / 11019MiB |     97%      Default |	1688172759006
| 56%   62C    P2   114W / 250W |  10741MiB / 11019MiB |     97%      Default |	1688172759545
| 56%   61C    P2   117W / 250W |  10777MiB / 11019MiB |     96%      Default |	1688172760098
| 56%   61C    P2   123W / 250W |   9279MiB / 11019MiB |     96%      Default |	1688172760636
| 56%   61C    P2   133W / 250W |  11003MiB / 11019MiB |     92%      Default |	1688172761186
| 56%   60C    P2   120W / 250W |   8593MiB / 11019MiB |     92%      Default |	1688172761721
| 56%   61C    P2   142W / 250W |  10987MiB / 11019MiB |     96%      Default |	1688172762256
| 56%   61C    P2   141W / 250W |  10903MiB / 11019MiB |     97%      Default |	1688172762796
| 56%   61C    P2   116W / 250W |  10985MiB / 11019MiB |     97%      Default |	1688172763362
| 56%   61C    P2   115W / 250W |  10591MiB / 11019MiB |     96%      Default |	1688172763901
| 56%   61C    P2   133W / 250W |   9957MiB / 11019MiB |     96%      Default |	1688172764434
| 56%   61C    P2   117W / 250W |   9131MiB / 11019MiB |     97%      Default |	1688172764969
| 56%   61C    P2   152W / 250W |  10147MiB / 11019MiB |     97%      Default |	1688172765526
| 56%   61C    P2   116W / 250W |   8709MiB / 11019MiB |     95%      Default |	1688172766061
| 56%   61C    P2   116W / 250W |  10915MiB / 11019MiB |     95%      Default |	1688172766616
| 56%   62C    P2   141W / 250W |  10789MiB / 11019MiB |     96%      Default |	1688172767153
| 56%   61C    P2   117W / 250W |   9187MiB / 11019MiB |     96%      Default |	1688172767702
| 56%   61C    P2   132W / 250W |  10889MiB / 11019MiB |     95%      Default |	1688172768249
| 56%   61C    P2   129W / 250W |  10053MiB / 11019MiB |     97%      Default |	1688172768778
| 56%   61C    P2   115W / 250W |   9351MiB / 11019MiB |     97%      Default |	1688172769330
| 56%   61C    P2   134W / 250W |   9939MiB / 11019MiB |     97%      Default |	1688172769871
| 56%   61C    P2   109W / 250W |   8797MiB / 11019MiB |     97%      Default |	1688172770415
| 56%   61C    P2   130W / 250W |  11005MiB / 11019MiB |     96%      Default |	1688172770963
| 56%   61C    P2   123W / 250W |  10817MiB / 11019MiB |     96%      Default |	1688172771497
| 56%   61C    P2   141W / 250W |  10747MiB / 11019MiB |     97%      Default |	1688172772024
| 56%   61C    P2   102W / 250W |  10267MiB / 11019MiB |     97%      Default |	1688172772556
| 56%   61C    P2   132W / 250W |  10999MiB / 11019MiB |     95%      Default |	1688172773113
| 56%   61C    P2   122W / 250W |  10239MiB / 11019MiB |     95%      Default |	1688172773653
| 56%   61C    P2   129W / 250W |  10895MiB / 11019MiB |     95%      Default |	1688172774200
| 56%   62C    P2   144W / 250W |  10829MiB / 11019MiB |     95%      Default |	1688172774762
| 56%   61C    P2   119W / 250W |   9865MiB / 11019MiB |     98%      Default |	1688172775289
| 56%   61C    P2   144W / 250W |  10835MiB / 11019MiB |     98%      Default |	1688172775843
| 56%   61C    P2   118W / 250W |   9405MiB / 11019MiB |     98%      Default |	1688172776378
| 56%   61C    P2   148W / 250W |  10997MiB / 11019MiB |     96%      Default |	1688172776940
| 56%   62C    P2   108W / 250W |   9675MiB / 11019MiB |     96%      Default |	1688172777481
| 56%   61C    P2   131W / 250W |  10373MiB / 11019MiB |     97%      Default |	1688172778018
| 56%   61C    P2   133W / 250W |   9707MiB / 11019MiB |     97%      Default |	1688172778560
| 56%   61C    P2   119W / 250W |  10433MiB / 11019MiB |     97%      Default |	1688172779111
| 56%   60C    P2    83W / 250W |  10325MiB / 11019MiB |     97%      Default |	1688172779647
| 56%   60C    P2    83W / 250W |  10325MiB / 11019MiB |     58%      Default |	1688172780183
| 56%   60C    P0    83W / 250W |      5MiB / 11019MiB |     13%      Default |	1688172780718
