3879898 toao      20   0 2565540  96912  67416 R  93.8   0.0   0:00.17 nts	1688353509369
3879898 toao      20   0 5294532 211860 114388 R  2506   0.1   0:10.85 nts	1688353510077
3879898 toao      20   0 5294532 211860 114388 S  2956   0.1   0:29.83 nts	1688353510754
3879898 toao      20   0 5294532 211860 114388 R  2656   0.1   0:50.49 nts	1688353511474
3879898 toao      20   0 5294532 211860 114388 S  2981   0.1   1:10.35 nts	1688353512149
3879898 toao      20   0 5391836 288044 114516 R 200.0   0.1   1:19.85 nts	1688353512829
3879898 toao      20   0 5391836 288044 114516 R 188.2   0.1   1:21.21 nts	1688353513515
3879898 toao      20   0 5391836 288044 114516 R 200.0   0.1   1:22.56 nts	1688353514201
3879898 toao      20   0 5391836 288044 114516 R 206.2   0.1   1:23.93 nts	1688353514886
3879898 toao      20   0 5391836 288044 114516 R 193.8   0.1   1:25.27 nts	1688353515573
3879898 toao      20   0 5391836 288044 114516 R 193.8   0.1   1:26.64 nts	1688353516258
3879898 toao      20   0 5391836 288044 114516 R 206.2   0.1   1:28.01 nts	1688353516948
3879898 toao      20   0 5391836 288044 114516 R 206.2   0.1   1:29.37 nts	1688353517636
3879898 toao      20   0 5391836 288044 114516 R 194.1   0.1   1:30.73 nts	1688353518324
3879898 toao      20   0 5391836 288044 114516 R 200.0   0.1   1:32.08 nts	1688353519011
3879898 toao      20   0 5391836 288044 114516 R 212.5   0.1   1:33.45 nts	1688353519699
3879898 toao      20   0 5391836 288044 114516 R 206.2   0.1   1:34.81 nts	1688353520388
3879898 toao      20   0 5391836 288044 114516 R 206.2   0.1   1:36.17 nts	1688353521075
3879898 toao      20   0 5391836 288044 114516 R 194.1   0.1   1:37.53 nts	1688353521763
3879898 toao      20   0 7067896   1.0g 114640 R  1006   0.6   1:43.48 nts	1688353522450
3879898 toao      20   0 7067896   1.1g 114640 R  1029   0.6   1:50.75 nts	1688353523132
3879898 toao      20   0 7067896   1.1g 114640 R  1075   0.6   1:58.82 nts	1688353523820
3879898 toao      20   0 7067896   1.1g 114640 R  1006   0.6   2:06.83 nts	1688353524504
3879898 toao      20   0 7067896   1.1g 114640 R  1144   0.6   2:14.04 nts	1688353525192
3879898 toao      20   0 7067896   1.1g 114640 R  1075   0.6   2:21.00 nts	1688353525878
3879898 toao      20   0 7067896   1.2g 114640 R 925.0   0.6   2:27.49 nts	1688353526557
3879898 toao      20   0 7067896   1.2g 114640 R  1131   0.6   2:34.20 nts	1688353527247
3879898 toao      20   0 7067896   1.2g 114640 R 950.0   0.6   2:40.83 nts	1688353527930
3879898 toao      20   0 7067896   1.2g 114640 R 694.1   0.6   2:46.97 nts	1688353528605
3879898 toao      20   0 8291908   1.2g 114672 R 212.5   0.6   2:50.81 nts	1688353529298
3879898 toao      20   0 8291908   1.2g 114672 R 212.5   0.6   2:52.17 nts	1688353529987
3879898 toao      20   0 8291908   1.2g 114672 R 206.2   0.6   2:53.53 nts	1688353530676
3879898 toao      20   0 8291908   1.2g 114672 R 212.5   0.6   2:54.90 nts	1688353531367
3879898 toao      20   0 8291908   1.2g 114672 R 206.2   0.6   2:56.26 nts	1688353532056
3879898 toao      20   0 8291908   1.2g 114672 R 200.0   0.6   2:57.63 nts	1688353532744
3879898 toao      20   0 8291908   1.2g 114672 R 200.0   0.6   2:58.97 nts	1688353533432
3879898 toao      20   0 8291908   1.2g 114672 R 193.8   0.6   3:00.33 nts	1688353534117
3879898 toao      20   0 8291908   1.2g 114672 R 194.1   0.6   3:01.69 nts	1688353534804
3879898 toao      20   0 8291908   1.2g 114672 R 200.0   0.6   3:03.04 nts	1688353535489
3879898 toao      20   0 8291908   1.2g 114672 R 206.2   0.6   3:04.39 nts	1688353536171
3879898 toao      20   0 8291908   1.2g 114672 R 193.8   0.6   3:05.74 nts	1688353536860
3879898 toao      20   0 8291908   1.2g 114672 R 206.2   0.6   3:07.11 nts	1688353537547
3879898 toao      20   0 9955968   1.3g 114672 R 543.8   0.7   3:09.32 nts	1688353538234
3879898 toao      20   0 9955968   1.4g 114672 R 564.7   0.8   3:13.30 nts	1688353538913
3879898 toao      20   0 9955968   1.5g 114672 R 562.5   0.8   3:17.37 nts	1688353539596
3879898 toao      20   0 9955968   1.6g 114672 R 675.0   0.9   3:21.41 nts	1688353540282
3879898 toao      20   0 9955968   1.7g 114672 R 637.5   0.9   3:25.51 nts	1688353540962
3879898 toao      20   0 9955968   1.9g 114672 R 570.6   1.0   3:30.08 nts	1688353541645
3879898 toao      20   0 9955968   2.0g 114672 R 547.1   1.1   3:33.95 nts	1688353542335
3879898 toao      20   0 9955968   2.1g 114672 R 625.0   1.1   3:38.02 nts	1688353543018
3879898 toao      20   0   10.5g   2.2g 114672 R 106.2   1.1   3:40.11 nts	1688353543707
3879898 toao      20   0   10.5g   2.2g 114672 R  93.8   1.1   3:40.78 nts	1688353544396
3879898 toao      20   0   10.5g   2.2g 114672 R 100.0   1.1   3:41.47 nts	1688353545079
3879898 toao      20   0   10.5g   2.2g 114672 R 106.2   1.1   3:42.17 nts	1688353545766
3879898 toao      20   0   10.5g   2.2g 114672 R 106.2   1.1   3:42.86 nts	1688353546459
3879898 toao      20   0   10.5g   2.2g 114672 R 106.2   1.1   3:43.55 nts	1688353547151
3879898 toao      20   0   10.5g   2.2g 114672 R  94.1   1.1   3:44.24 nts	1688353547844
3879898 toao      20   0   10.5g   2.2g 114672 R 106.2   1.1   3:44.93 nts	1688353548532
3879898 toao      20   0   11.4g   2.9g 114672 R 106.2   1.5   3:45.62 nts	1688353549220
3879898 toao      20   0   11.4g   2.9g 114672 R 106.2   1.6   3:46.31 nts	1688353549908
3879898 toao      20   0   11.4g   2.9g 114672 R 100.0   1.6   3:46.99 nts	1688353550596
3879898 toao      20   0   11.4g   2.9g 114672 R 100.0   1.6   3:47.68 nts	1688353551282
3879898 toao      20   0   11.4g   2.9g 114672 R 100.0   1.6   3:48.36 nts	1688353551972
3879898 toao      20   0   11.4g   2.9g 114672 R 106.2   1.6   3:49.05 nts	1688353552657
3879898 toao      20   0   11.4g   3.0g 114672 R 100.0   1.6   3:49.74 nts	1688353553345
3879898 toao      20   0   11.4g   3.0g 114672 R  94.1   1.6   3:50.43 nts	1688353554035
3879898 toao      20   0   11.4g   3.0g 114672 R  94.1   1.6   3:51.12 nts	1688353554724
3879898 toao      20   0   11.4g   3.0g 114672 R 106.2   1.6   3:51.81 nts	1688353555413
3879898 toao      20   0   11.4g   3.0g 114672 R 106.2   1.6   3:52.50 nts	1688353556099
3879898 toao      20   0   11.4g   3.0g 114672 R 100.0   1.6   3:53.18 nts	1688353556788
3879898 toao      20   0   11.4g   3.0g 114672 R 100.0   1.6   3:53.87 nts	1688353557477
3879898 toao      20   0   11.4g   3.0g 114672 R 100.0   1.6   3:54.56 nts	1688353558165
3879898 toao      20   0   11.4g   3.0g 114672 R  94.1   1.6   3:55.24 nts	1688353558853
3879898 toao      20   0   11.4g   3.0g 114672 R 100.0   1.6   3:55.93 nts	1688353559538
3879898 toao      20   0   11.4g   3.1g 114672 R 106.2   1.6   3:56.63 nts	1688353560228
3879898 toao      20   0   11.4g   3.1g 114672 R 100.0   1.6   3:57.31 nts	1688353560916
3879898 toao      20   0   11.4g   3.1g 114672 R  94.1   1.6   3:57.99 nts	1688353561605
3879898 toao      20   0   11.4g   3.1g 114672 R 106.2   1.6   3:58.68 nts	1688353562290
3879898 toao      20   0   11.4g   3.1g 114672 R 106.2   1.6   3:59.38 nts	1688353562980
3879898 toao      20   0   11.4g   3.1g 114672 R  93.8   1.6   4:00.05 nts	1688353563668
3879898 toao      20   0   11.4g   3.1g 114672 R 106.2   1.6   4:00.75 nts	1688353564355
3879898 toao      20   0   11.4g   3.1g 114672 R 100.0   1.6   4:01.44 nts	1688353565045
3879898 toao      20   0   11.4g   3.1g 114672 R 100.0   1.6   4:02.12 nts	1688353565733
3879898 toao      20   0   16.4g   3.3g 227652 R 100.0   1.8   4:03.32 nts	1688353566418
3879898 toao      20   0   17.3g   4.1g 345264 R 100.0   2.2   4:04.01 nts	1688353567104
3879898 toao      20   0   18.3g   4.9g 500856 R 100.0   2.6   4:04.70 nts	1688353567794
3879898 toao      20   0   19.3g   5.9g 507312 R  94.1   3.1   4:05.39 nts	1688353568484
3879898 toao      20   0   19.3g   5.9g 507312 R 106.2   3.1   4:06.08 nts	1688353569171
3879898 toao      20   0   19.3g   5.9g 507312 R 100.0   3.1   4:06.76 nts	1688353569860
3879898 toao      20   0   26.2g   8.6g   3.3g R 100.0   4.6   4:07.45 nts	1688353570548
3879898 toao      20   0   26.2g  11.6g   6.2g R 106.2   6.2   4:08.14 nts	1688353571236
3879898 toao      20   0   26.2g  12.7g   7.4g R  94.1   6.8   4:08.82 nts	1688353571924
3879898 toao      20   0   26.2g  12.7g   7.4g R 100.0   6.8   4:09.50 nts	1688353572609
3879898 toao      20   0   26.2g  12.7g   7.4g R 100.0   6.8   4:10.19 nts	1688353573297
3879898 toao      20   0   26.2g  12.7g   7.4g R 106.2   6.8   4:10.88 nts	1688353573987
3879898 toao      20   0   26.2g  12.7g   7.4g R 100.0   6.8   4:11.57 nts	1688353574676
3879898 toao      20   0   26.2g  12.7g   7.4g R  94.1   6.8   4:12.25 nts	1688353575363
3879898 toao      20   0   26.2g  12.7g   7.4g R 100.0   6.8   4:12.94 nts	1688353576049
3879898 toao      20   0   26.2g  12.7g   7.4g R 100.0   6.8   4:13.63 nts	1688353576734
3879898 toao      20   0   26.2g  12.7g   7.4g R 106.2   6.8   4:14.32 nts	1688353577424
3879898 toao      20   0   26.2g  12.7g   7.4g R 106.2   6.8   4:15.01 nts	1688353578112
3879898 toao      20   0   26.2g  12.7g   7.4g R 100.0   6.8   4:15.69 nts	1688353578800
3879898 toao      20   0   26.2g  12.7g   7.4g R 100.0   6.8   4:16.38 nts	1688353579488
3879898 toao      20   0   26.2g  12.7g   7.4g R 106.2   6.8   4:17.07 nts	1688353580175
3879898 toao      20   0   26.2g  12.7g   7.4g R 100.0   6.8   4:17.76 nts	1688353580864
3879898 toao      20   0   26.2g  12.7g   7.4g R 106.2   6.8   4:18.45 nts	1688353581551
3879898 toao      20   0   26.2g  12.8g   7.4g R 100.0   6.8   4:19.14 nts	1688353582241
3879898 toao      20   0   26.2g  12.8g   7.4g R 100.0   6.8   4:19.82 nts	1688353582931
3879898 toao      20   0   25.9g  12.8g   7.4g R 193.8   6.8   4:20.66 nts	1688353583619
3879898 toao      20   0   26.0g  12.8g   7.4g S 375.0   6.8   4:24.14 nts	1688353584302
3879898 toao      20   0   27.0g  12.8g   7.4g R 825.0   6.8   4:30.23 nts	1688353584988
3879898 toao      20   0   27.0g  12.8g   7.4g R 262.5   6.8   4:33.74 nts	1688353585670
3879898 toao      20   0   27.1g  12.8g   7.4g R 825.0   6.9   4:39.72 nts	1688353586348
3879898 toao      20   0   27.1g  12.8g   7.4g R 218.8   6.9   4:42.73 nts	1688353587031
3879898 toao      20   0   27.1g  12.8g   7.4g R 747.1   6.9   4:49.32 nts	1688353587713
3879898 toao      20   0   27.1g  12.8g   7.4g R 672.2   6.9   4:55.02 nts	1688353588426
3879898 toao      20   0   27.1g  12.8g   7.4g R 325.0   6.9   4:59.19 nts	1688353589121
3879898 toao      20   0   27.1g  12.8g   7.4g R 962.5   6.9   5:04.34 nts	1688353589822
3879898 toao      20   0   27.1g  12.8g   7.4g R 287.5   6.9   5:08.22 nts	1688353590497
3879898 toao      20   0   27.1g  12.8g   7.4g R 794.1   6.9   5:14.02 nts	1688353591184
3879898 toao      20   0   27.1g  12.8g   7.4g R 933.3   6.9   5:19.94 nts	1688353591881
3879898 toao      20   0   27.1g  12.8g   7.4g R 270.6   6.9   5:23.89 nts	1688353592583
3879898 toao      20   0   27.1g  12.8g   7.4g R 818.8   6.9   5:29.69 nts	1688353593271
3879898 toao      20   0   27.1g  12.8g   7.4g R 200.0   6.9   5:32.67 nts	1688353593956
3879898 toao      20   0   27.1g  12.8g   7.4g R 758.8   6.9   5:39.41 nts	1688353594641
3879898 toao      20   0   27.1g  12.9g   7.4g R 337.5   6.9   5:41.84 nts	1688353595331
3879898 toao      20   0   27.1g  12.8g   7.4g R 537.5   6.9   5:48.87 nts	1688353596048
3879898 toao      20   0   27.1g  12.9g   7.4g R  1944   6.9   5:53.39 nts	1688353596740
3879898 toao      20   0   27.1g  12.8g   7.4g S 150.0   6.9   5:57.13 nts	1688353597436
3879898 toao      20   0   27.1g  12.8g   7.4g R 731.2   6.9   6:04.24 nts	1688353598120
3879898 toao      20   0   27.1g  12.8g   7.4g R 868.8   6.9   6:09.96 nts	1688353598806
3879898 toao      20   0   27.1g  12.8g   7.4g R 231.2   6.9   6:13.40 nts	1688353599492
3879898 toao      20   0   27.1g  12.8g   7.4g R 837.5   6.9   6:19.40 nts	1688353600177
3879898 toao      20   0   27.1g  12.8g   7.4g R 223.5   6.9   6:22.40 nts	1688353600863
3879898 toao      20   0   27.1g  12.8g   7.4g R 818.8   6.9   6:28.36 nts	1688353601551
3879898 toao      20   0   27.1g  12.8g   7.4g R 250.0   6.9   6:31.63 nts	1688353602240
3879898 toao      20   0   27.1g  12.8g   7.4g R 850.0   6.9   6:37.62 nts	1688353602926
3879898 toao      20   0   27.1g  12.9g   7.4g R  2019   6.9   6:43.18 nts	1688353603612
3879898 toao      20   0   27.1g  12.8g   7.4g R 464.7   6.9   6:47.73 nts	1688353604295
3879898 toao      20   0   27.1g  12.8g   7.4g S  1929   6.9   6:52.51 nts	1688353604980
3879898 toao      20   0   27.1g  12.8g   7.4g R 318.8   6.9   6:56.46 nts	1688353605667
3879898 toao      20   0   27.1g  12.8g   7.4g R 782.4   6.9   7:02.56 nts	1688353606353
3879898 toao      20   0   27.1g  12.9g   7.4g R  2081   6.9   7:07.96 nts	1688353607039
3879898 toao      20   0   27.1g  12.8g   7.4g R 250.0   6.9   7:12.03 nts	1688353607721
3879898 toao      20   0   27.1g  12.8g   7.4g R 837.5   6.9   7:18.33 nts	1688353608401
3879898 toao      20   0   27.1g  12.8g   7.4g R 256.2   6.9   7:21.42 nts	1688353609087
3879898 toao      20   0   27.1g  12.8g   7.4g R 756.2   6.9   7:26.81 nts	1688353609777
3879898 toao      20   0   27.1g  12.8g   7.4g R 270.6   6.9   7:30.43 nts	1688353610462
3879898 toao      20   0   27.1g  12.8g   7.4g S 581.2   6.9   7:35.48 nts	1688353611149
3879898 toao      20   0   27.1g  12.9g   7.4g R 652.9   6.9   7:38.75 nts	1688353611836
3879898 toao      20   0   27.1g  12.8g   7.4g R 562.5   6.9   7:45.20 nts	1688353612546
3879898 toao      20   0   27.1g  12.8g   7.4g R  2025   6.8   7:50.02 nts	1688353613229
3879898 toao      20   0   27.1g  12.8g   7.4g R 264.7   6.9   7:54.18 nts	1688353613914
3879898 toao      20   0   27.1g  12.8g   7.4g R 837.5   6.9   8:00.14 nts	1688353614601
3879898 toao      20   0   27.1g  12.8g   7.4g R 206.2   6.9   8:03.04 nts	1688353615287
3879898 toao      20   0   27.1g  12.8g   7.4g S 768.8   6.9   8:08.96 nts	1688353615975
3879898 toao      20   0   27.1g  12.8g   7.4g R 941.2   6.9   8:14.16 nts	1688353616671
3879898 toao      20   0   27.1g  12.8g   7.4g R 317.6   6.9   8:18.32 nts	1688353617344
3879898 toao      20   0   27.1g  12.8g   7.4g R 593.8   6.9   8:23.49 nts	1688353618033
3879898 toao      20   0   27.1g  12.8g   7.4g R 325.0   6.9   8:27.37 nts	1688353618718
3879898 toao      20   0   27.1g  12.8g   7.4g S 856.2   6.9   8:33.06 nts	1688353619405
3879898 toao      20   0   27.1g  12.8g   7.4g S 650.0   6.9   8:39.03 nts	1688353620110
3879898 toao      20   0   27.1g  12.8g   7.4g S  2238   6.9   8:44.69 nts	1688353620803
3879898 toao      20   0   27.1g  12.9g   7.4g R 212.5   6.9   8:47.80 nts	1688353621488
3879898 toao      20   0   27.1g  12.8g   7.4g S 300.0   6.9   8:54.29 nts	1688353622174
3879898 toao      20   0   27.1g  12.8g   7.4g R 770.6   6.9   9:01.01 nts	1688353622863
3879898 toao      20   0   27.1g  12.8g   7.4g R 193.8   6.9   9:03.57 nts	1688353623550
3879898 toao      20   0   27.1g  12.8g   7.4g S 443.8   6.9   9:09.83 nts	1688353624228
3879898 toao      20   0   27.1g  12.8g   7.4g R 770.6   6.9   9:16.13 nts	1688353624912
3879898 toao      20   0   27.1g  12.8g   7.4g R 693.8   6.9   9:21.83 nts	1688353625611
3879898 toao      20   0   27.1g  12.8g   7.4g R 323.5   6.9   9:25.83 nts	1688353626295
3879898 toao      20   0   27.1g  12.8g   7.4g S 681.2   6.9   9:31.05 nts	1688353626982
3879898 toao      20   0   27.1g  12.9g   7.4g R  1944   6.9   9:36.38 nts	1688353627668
3879898 toao      20   0   27.1g  12.8g   7.4g R 270.6   6.9   9:40.67 nts	1688353628354
3879898 toao      20   0   27.1g  12.8g   7.4g R 768.8   6.9   9:47.27 nts	1688353629043
3879898 toao      20   0   27.1g  12.8g   7.4g S 887.5   6.9   9:52.98 nts	1688353629729
3879898 toao      20   0   27.1g  12.8g   7.4g R  2000   6.9   9:58.28 nts	1688353630411
3879898 toao      20   0   27.1g  12.9g   7.4g R 223.5   6.9  10:01.66 nts	1688353631095
3879898 toao      20   0   27.1g  12.8g   7.4g R 368.8   6.9  10:08.65 nts	1688353631800
3879898 toao      20   0   27.1g  12.8g   7.4g R 800.0   6.9  10:15.21 nts	1688353632485
3879898 toao      20   0   27.1g  12.9g   7.4g R 250.0   6.9  10:17.59 nts	1688353633173
3879898 toao      20   0   27.1g  12.8g   7.4g R 450.0   6.9  10:24.41 nts	1688353633849
3879898 toao      20   0   27.1g  12.8g   7.4g R 762.5   6.9  10:29.69 nts	1688353634536
3879898 toao      20   0   27.1g  12.8g   7.4g R 250.0   6.9  10:33.22 nts	1688353635220
3879898 toao      20   0   27.1g  12.8g   7.4g R 818.8   6.9  10:39.68 nts	1688353635907
3879898 toao      20   0   27.1g  12.8g   7.4g R 727.8   6.9  10:45.09 nts	1688353636618
3879898 toao      20   0   27.1g  12.8g   7.4g R 370.6   6.9  10:49.35 nts	1688353637314
3879898 toao      20   0   27.1g  12.8g   7.4g S  1775   6.9  10:53.81 nts	1688353638030
3879898 toao      20   0   27.1g  12.8g   7.4g R 212.5   6.9  10:57.68 nts	1688353638688
3879898 toao      20   0   27.1g  12.8g   7.4g R 818.8   6.9  11:03.93 nts	1688353639374
3879898 toao      20   0   27.1g  12.8g   7.4g R 194.1   6.9  11:06.70 nts	1688353640062
3879898 toao      20   0   27.1g  12.8g   7.4g R 837.5   6.9  11:13.44 nts	1688353640752
3879898 toao      20   0   27.1g  12.8g   7.4g R 787.5   6.9  11:19.22 nts	1688353641439
3879898 toao      20   0   27.1g  12.8g   7.4g R 225.0   6.9  11:22.65 nts	1688353642123
3879898 toao      20   0   27.1g  12.8g   7.4g S 525.0   6.9  11:28.64 nts	1688353642809
3879898 toao      20   0   27.1g  12.8g   7.4g R 712.5   6.9  11:34.15 nts	1688353643513
3879898 toao      20   0   27.1g  12.8g   7.4g R 294.1   6.9  11:37.91 nts	1688353644190
3879898 toao      20   0   27.1g  12.8g   7.4g R 800.0   6.9  11:43.13 nts	1688353644876
3879898 toao      20   0   27.1g  12.9g   7.4g R 494.1   6.9  11:46.80 nts	1688353645552
3879898 toao      20   0   27.1g  12.8g   7.4g R 593.8   6.9  11:53.88 nts	1688353646251
3879898 toao      20   0   27.1g  12.9g   7.4g R  1353   6.9  11:57.67 nts	1688353646935
3879898 toao      20   0   27.1g  12.8g   7.4g S 212.5   6.9  12:02.31 nts	1688353647664
3879898 toao      20   0   27.1g  12.8g   7.4g R 806.2   6.9  12:08.89 nts	1688353648349
3879898 toao      20   0   27.1g  12.8g   7.4g R 206.2   6.9  12:11.39 nts	1688353649031
3879898 toao      20   0   27.1g  12.8g   7.4g R 762.5   6.9  12:18.39 nts	1688353649718
3879898 toao      20   0   27.1g  12.8g   7.4g R 631.2   6.9  12:23.79 nts	1688353650404
3879898 toao      20   0   27.1g  12.8g   7.4g R 270.6   6.9  12:27.45 nts	1688353651081
3879898 toao      20   0   27.1g  12.8g   7.4g R 137.5   6.9  12:31.86 nts	1688353651769
3879898 toao      20   0   27.1g  12.8g   7.4g R 552.9   6.9  12:37.64 nts	1688353652453
3879898 toao      20   0   27.1g  12.9g   7.4g R 229.4   6.9  12:39.69 nts	1688353653143
3879898 toao      20   0   27.1g  12.8g   7.4g R 625.0   6.9  12:47.03 nts	1688353653828
3879898 toao      20   0   27.1g  12.9g   7.4g R  1424   6.9  12:50.80 nts	1688353654514
3879898 toao      20   0   27.1g  12.8g   7.4g S 229.4   6.9  12:55.01 nts	1688353655214
3879898 toao      20   0   27.1g  12.8g   7.4g R 725.0   6.9  13:01.51 nts	1688353655902
3879898 toao      20   0   27.1g  12.9g   7.4g R 481.2   6.9  13:04.12 nts	1688353656590
3879898 toao      20   0   27.1g  12.8g   7.4g R 562.5   6.9  13:10.97 nts	1688353657302
3879898 toao      20   0   27.1g  12.8g   7.4g R  2006   6.8  13:15.65 nts	1688353657995
3879898 toao      20   0   27.1g  12.8g   7.4g R  2062   6.8  13:21.62 nts	1688353658678
3879898 toao      20   0   54.2g  14.4g   8.5g R 100.0   7.7  13:27.35 nts	1688353659360
3879898 toao      20   0   58.2g  16.3g  10.2g R 206.2   8.7  13:29.99 nts	1688353660042
3879898 toao      20   0   65.4g  16.6g  10.7g S 650.0   8.9  13:34.19 nts	1688353660721
3879898 toao      20   0   66.8g  16.9g  10.7g S  1581   9.0  13:44.11 nts	1688353661404
3879898 toao      20   0   65.4g  16.9g  10.7g S  1394   9.0  13:53.28 nts	1688353662089
3879898 toao      20   0   67.2g  16.9g  10.7g S  1373   9.0  14:01.32 nts	1688353662789
3879898 toao      20   0   65.8g  16.9g  10.7g S  1219   9.0  14:09.22 nts	1688353663462
3879898 toao      20   0   67.3g  16.9g  10.7g S  1218   9.0  14:17.36 nts	1688353664144
3879898 toao      20   0   67.4g  16.9g  10.7g S  1194   9.0  14:25.34 nts	1688353664820
3879898 toao      20   0   66.4g  16.9g  10.7g S  1638   9.0  14:34.09 nts	1688353665505
3879898 toao      20   0   67.0g  16.9g  10.7g S  1069   9.0  14:41.99 nts	1688353666198
3879898 toao      20   0   66.1g  16.6g  10.7g S 893.8   8.9  14:50.21 nts	1688353666900
3879898 toao      20   0   67.1g  16.6g  10.7g S  1225   8.9  14:58.73 nts	1688353667584
3879898 toao      20   0   66.8g  16.6g  10.7g S 868.8   8.9  15:06.06 nts	1688353668262
3879898 toao      20   0   66.9g  16.6g  10.7g S  1250   8.9  15:13.96 nts	1688353668950
3879898 toao      20   0   66.7g  16.6g  10.7g S 918.8   8.9  15:21.78 nts	1688353669658
3879898 toao      20   0   66.6g  16.6g  10.7g S  1206   8.9  15:30.23 nts	1688353670347
3879898 toao      20   0   66.5g  16.9g  10.7g S  1688   9.0  15:37.67 nts	1688353671034
3879898 toao      20   0   66.5g  16.9g  10.7g S  1138   9.0  15:44.93 nts	1688353671722
3879898 toao      20   0   67.2g  16.9g  10.7g S  1238   9.0  15:52.82 nts	1688353672395
3879898 toao      20   0   67.1g  16.9g  10.7g S  1244   9.0  16:00.78 nts	1688353673069
3879898 toao      20   0   66.3g  16.8g  10.7g S 931.2   8.9  16:08.20 nts	1688353673757
3879898 toao      20   0   66.7g  16.9g  10.7g S  1262   9.0  16:17.37 nts	1688353674445
3879898 toao      20   0   66.5g  16.9g  10.7g S  1194   9.0  16:25.44 nts	1688353675133
3879898 toao      20   0   66.4g  16.9g  10.7g S  1369   9.0  16:33.85 nts	1688353675816
3879898 toao      20   0   66.1g  16.9g  10.7g S  1159   9.0  16:41.98 nts	1688353676496
3879898 toao      20   0   65.3g  16.6g  10.7g S  1093   8.9  16:51.09 nts	1688353677196
3879898 toao      20   0   66.9g  16.6g  10.7g S 712.5   8.9  16:59.55 nts	1688353677899
3879898 toao      20   0   66.9g  16.6g  10.7g S 743.8   8.9  17:07.48 nts	1688353678572
3879898 toao      20   0   66.7g  16.6g  10.7g S 743.8   8.9  17:15.66 nts	1688353679258
3879898 toao      20   0   67.2g  16.6g  10.7g S  1275   8.9  17:23.55 nts	1688353679957
3879898 toao      20   0   66.8g  16.6g  10.7g S  1194   8.9  17:31.30 nts	1688353680640
3879898 toao      20   0   66.7g  16.6g  10.7g S  1206   8.9  17:39.61 nts	1688353681329
3879898 toao      20   0   66.6g  16.6g  10.7g S 993.8   8.9  17:47.34 nts	1688353682008
3879898 toao      20   0   66.2g  16.6g  10.7g S 962.5   8.9  17:55.55 nts	1688353682715
3879898 toao      20   0   70.8g  16.6g  10.7g S  1219   8.9  18:03.93 nts	1688353683396
3879898 toao      20   0   72.1g  16.6g  10.7g S 725.0   8.9  18:12.16 nts	1688353684074
3879898 toao      20   0   70.7g  16.9g  10.7g S  1194   9.0  18:21.51 nts	1688353684752
3879898 toao      20   0   72.2g  16.6g  10.7g S  1756   8.9  18:30.61 nts	1688353685433
3879898 toao      20   0   73.4g  16.9g  10.7g S 843.8   9.0  18:38.18 nts	1688353686114
3879898 toao      20   0   73.1g  16.9g  10.7g S  1612   9.0  18:46.19 nts	1688353686792
3879898 toao      20   0   72.1g  16.6g  10.7g S  1494   8.9  18:54.00 nts	1688353687472
3879898 toao      20   0   72.0g  16.6g  10.7g S 962.5   8.9  19:02.09 nts	1688353688155
3879898 toao      20   0   72.9g  16.6g  10.7g S  1238   8.9  19:10.42 nts	1688353688851
3879898 toao      20   0   72.2g  16.6g  10.7g S  1188   8.9  19:18.85 nts	1688353689534
3879898 toao      20   0   71.4g  16.6g  10.7g S  1162   8.9  19:27.02 nts	1688353690217
3879898 toao      20   0   72.3g  16.6g  10.7g S 725.0   8.9  19:34.95 nts	1688353690917
3879898 toao      20   0   71.5g  16.6g  10.7g S 893.8   8.9  19:42.39 nts	1688353691599
3879898 toao      20   0   72.3g  16.6g  10.7g S  1307   8.9  19:50.93 nts	1688353692276
3879898 toao      20   0   72.5g  16.6g  10.7g S  1124   8.9  19:59.00 nts	1688353692952
3879898 toao      20   0   72.8g  16.6g  10.7g S  1553   8.9  20:06.65 nts	1688353693634
3879898 toao      20   0   72.4g  16.8g  10.7g S  1381   9.0  20:14.64 nts	1688353694315
3879898 toao      20   0   71.4g  16.9g  10.7g S  1181   9.0  20:21.73 nts	1688353694995
3879898 toao      20   0   72.1g  16.9g  10.7g S  1175   9.0  20:29.65 nts	1688353695675
3879898 toao      20   0   71.6g  16.6g  10.7g S 582.4   8.9  20:36.47 nts	1688353696360
3879898 toao      20   0   71.5g  16.6g  10.7g S 581.2   8.9  20:44.33 nts	1688353697048
3879898 toao      20   0   72.1g  16.9g  10.7g S  1082   9.0  20:53.32 nts	1688353697733
3879898 toao      20   0   71.6g  16.9g  10.7g S  1388   9.0  21:02.18 nts	1688353698432
3879898 toao      20   0   71.4g  16.9g  10.7g S  1188   9.0  21:10.05 nts	1688353699115
3879898 toao      20   0   72.6g  16.9g  10.7g S  1538   9.0  21:18.81 nts	1688353699796
3879898 toao      20   0   72.6g  16.6g  10.7g S  1800   8.9  21:27.63 nts	1688353700486
3879898 toao      20   0   72.2g  16.6g  10.7g S  1162   8.9  21:36.50 nts	1688353701169
3879898 toao      20   0   72.4g  16.6g  10.7g S  1169   8.9  21:44.37 nts	1688353701845
3879898 toao      20   0   73.0g  16.9g  10.7g S 976.5   9.0  21:51.15 nts	1688353702528
3879898 toao      20   0   72.0g  16.9g  10.7g S  1076   9.0  21:59.03 nts	1688353703223
3879898 toao      20   0   72.5g  16.9g  10.7g S  1175   9.0  22:06.93 nts	1688353703919
3879898 toao      20   0   71.6g  16.9g  10.7g S  1231   9.0  22:15.13 nts	1688353704612
3879898 toao      20   0   71.8g  16.9g  10.7g S  1462   9.0  22:23.09 nts	1688353705298
3879898 toao      20   0   72.2g  16.9g  10.7g S  1238   9.0  22:31.33 nts	1688353705974
3879898 toao      20   0   73.9g  16.6g  10.7g S  1806   8.9  22:40.35 nts	1688353706647
3879898 toao      20   0   74.1g  16.6g  10.7g S 875.0   8.9  22:48.33 nts	1688353707329
3879898 toao      20   0   73.1g  16.6g  10.7g S 925.0   8.9  22:56.33 nts	1688353708012
3879898 toao      20   0   74.2g  16.6g  10.7g S  1138   8.9  23:04.69 nts	1688353708693
3879898 toao      20   0   73.7g  16.6g  10.7g S  1219   8.9  23:12.89 nts	1688353709387
3879898 toao      20   0   73.9g  16.6g  10.7g S  1262   8.9  23:20.95 nts	1688353710060
3879898 toao      20   0   74.3g  16.6g  10.7g S  1262   8.9  23:28.96 nts	1688353710741
3879898 toao      20   0   74.0g  16.6g  10.7g S 558.8   8.9  23:36.84 nts	1688353711422
3879898 toao      20   0   74.6g  16.6g  10.7g S 700.0   8.9  23:44.92 nts	1688353712119
3879898 toao      20   0   74.2g  16.6g  10.7g S 762.5   8.9  23:52.69 nts	1688353712796
3879898 toao      20   0   74.3g  16.6g  10.7g S 766.7   8.9  24:00.87 nts	1688353713475
3879898 toao      20   0   74.4g  16.6g  10.7g S  1181   8.9  24:08.60 nts	1688353714169
3879898 toao      20   0   74.2g  16.6g  10.7g S  1225   8.9  24:16.75 nts	1688353714852
3879898 toao      20   0   73.9g  16.6g  10.7g S  1169   8.9  24:24.88 nts	1688353715519
3879898 toao      20   0   74.4g  16.6g  10.7g S 950.0   8.9  24:32.39 nts	1688353716201
3879898 toao      20   0   74.0g  16.6g  10.7g S  1335   8.9  24:40.28 nts	1688353716884
3879898 toao      20   0   74.0g  16.9g  10.7g S  1650   9.0  24:47.96 nts	1688353717568
3879898 toao      20   0   73.4g  16.9g  10.7g S  1369   9.0  24:55.09 nts	1688353718248
3879898 toao      20   0   73.0g  16.9g  10.7g S  1156   9.0  25:03.30 nts	1688353718933
3879898 toao      20   0   74.2g  16.6g  10.7g S  1812   8.9  25:12.55 nts	1688353719611
3879898 toao      20   0   74.0g  16.9g  10.7g S  1256   9.0  25:20.57 nts	1688353720294
3879898 toao      20   0   74.0g  16.9g  10.7g S  1376   9.0  25:28.54 nts	1688353720973
3879898 toao      20   0   74.2g  16.9g  10.7g S  1406   9.0  25:36.00 nts	1688353721658
3879898 toao      20   0   74.5g  16.9g  10.7g S  1706   9.0  25:44.87 nts	1688353722354
3879898 toao      20   0   73.7g  16.6g  10.7g S  1138   8.9  25:53.26 nts	1688353723038
3879898 toao      20   0   74.1g  16.6g  10.7g S 781.2   8.9  26:01.58 nts	1688353723754
3879898 toao      20   0   74.2g  16.6g  10.7g S 657.9   8.9  26:09.68 nts	1688353724449
3879898 toao      20   0   74.9g  16.6g  10.7g S  1194   8.9  26:17.51 nts	1688353725144
3879898 toao      20   0   74.3g  16.6g  10.7g S  1206   8.9  26:25.46 nts	1688353725826
3879898 toao      20   0   74.4g  16.6g  10.7g S  1088   8.9  26:33.16 nts	1688353726502
3879898 toao      20   0   74.9g  16.6g  10.7g S 937.5   8.9  26:40.48 nts	1688353727202
3879898 toao      20   0   75.0g  16.8g  10.7g S  1519   8.9  26:48.74 nts	1688353727887
3879898 toao      20   0   70.9g  16.6g  10.7g S  1644   8.9  26:56.65 nts	1688353728569
3879898 toao      20   0   73.4g  16.6g  10.7g S 737.5   8.9  27:05.31 nts	1688353729262
3879898 toao      20   0   74.3g  16.9g  10.7g S  1212   9.0  27:14.53 nts	1688353729944
3879898 toao      20   0   74.4g  16.9g  10.7g S  1675   9.0  27:23.18 nts	1688353730618
3879898 toao      20   0   73.9g  16.6g  10.7g S  1606   8.9  27:31.62 nts	1688353731312
3879898 toao      20   0   74.0g  16.9g  10.7g S  1329   9.0  27:38.87 nts	1688353732006
3879898 toao      20   0   73.8g  16.6g  10.7g S  1638   8.9  27:47.30 nts	1688353732689
3879898 toao      20   0   73.7g  16.6g  10.7g S 937.5   8.9  27:55.16 nts	1688353733372
3879898 toao      20   0   72.8g  16.6g  10.7g S 875.0   8.9  28:03.04 nts	1688353734055
3879898 toao      20   0   74.3g  16.6g  10.7g S  1360   8.9  28:11.51 nts	1688353734735
3879898 toao      20   0   73.8g  16.6g  10.7g S 775.0   8.9  28:19.45 nts	1688353735422
3879898 toao      20   0   73.7g  16.6g  10.7g S 712.5   8.9  28:27.40 nts	1688353736095
3879898 toao      20   0   74.5g  16.6g  10.7g S  1200   8.9  28:35.04 nts	1688353736772
3879898 toao      20   0   74.3g  16.6g  10.7g S 968.8   8.9  28:43.00 nts	1688353737454
3879898 toao      20   0   74.0g  16.6g  10.7g S  1206   8.9  28:50.68 nts	1688353738134
3879898 toao      20   0   73.7g  16.6g  10.7g S 943.8   8.9  28:58.26 nts	1688353738809
3879898 toao      20   0   73.7g  16.8g  10.7g S  1869   9.0  29:06.55 nts	1688353739490
3879898 toao      20   0   73.9g  16.7g  10.7g S  1262   8.9  29:14.75 nts	1688353740177
3879898 toao      20   0   73.5g  16.9g  10.7g S  1506   9.0  29:22.27 nts	1688353740863
3879898 toao      20   0   73.6g  16.9g  10.7g S  1394   9.0  29:30.71 nts	1688353741566
3879898 toao      20   0   74.1g  16.6g  10.7g S  1781   8.9  29:39.60 nts	1688353742257
3879898 toao      20   0   73.2g  16.6g  10.7g S  1200   8.9  29:47.57 nts	1688353742934
3879898 toao      20   0   73.9g  16.9g  10.7g S 918.8   9.0  29:55.52 nts	1688353743630
3879898 toao      20   0   73.3g  16.6g  10.7g S  1618   8.9  30:03.38 nts	1688353744314
3879898 toao      20   0   74.2g  16.6g  10.7g S  1331   8.9  30:12.05 nts	1688353744999
3879898 toao      20   0   73.7g  16.6g  10.7g S 706.2   8.9  30:20.02 nts	1688353745679
3879898 toao      20   0   74.3g  16.9g  10.7g S  1335   9.0  30:29.14 nts	1688353746363
3879898 toao      20   0   74.3g  16.8g  10.7g S  1012   9.0  30:36.39 nts	1688353747050
3879898 toao      20   0   73.5g  16.6g  10.7g S 672.2   8.9  30:44.32 nts	1688353747730
3879898 toao      20   0   72.6g  16.6g  10.7g S 626.7   8.9  30:52.21 nts	1688353748437
3879898 toao      20   0   73.7g  16.6g  10.7g S 637.5   8.9  31:00.11 nts	1688353749115
3879898 toao      20   0   73.7g  16.6g  10.7g S 875.0   8.9  31:07.62 nts	1688353749792
3879898 toao      20   0   75.5g  16.6g  10.7g S 931.2   8.9  31:15.64 nts	1688353750476
3879898 toao      20   0   74.1g  16.6g  10.7g S  1488   8.9  31:23.84 nts	1688353751155
3879898 toao      20   0   74.3g  16.6g  10.7g S  1381   8.9  31:31.21 nts	1688353751840
3879898 toao      20   0   73.9g  16.6g  10.7g S  1188   8.9  31:39.62 nts	1688353752527
3879898 toao      20   0   73.9g  16.6g  10.7g S 762.5   8.9  31:47.55 nts	1688353753204
3879898 toao      20   0   73.8g  16.9g  10.7g S  1444   9.0  31:56.67 nts	1688353753884
3879898 toao      20   0   73.4g  16.9g  10.7g S  1094   9.0  32:03.87 nts	1688353754564
3879898 toao      20   0   72.9g  16.9g  10.7g S  1569   9.0  32:13.15 nts	1688353755250
3879898 toao      20   0   74.6g  16.9g  10.7g S  1281   9.0  32:21.17 nts	1688353755931
3879898 toao      20   0   73.4g  16.9g  10.7g S  1119   9.0  32:29.07 nts	1688353756608
3879898 toao      20   0   73.2g  16.9g  10.7g S  1375   9.0  32:37.97 nts	1688353757296
3879898 toao      20   0   74.6g  16.9g  10.7g S  1725   9.0  32:46.87 nts	1688353757978
3879898 toao      20   0   74.3g  16.9g  10.7g S  1406   9.0  32:54.68 nts	1688353758669
3879898 toao      20   0   74.0g  16.9g  10.7g S  1238   9.0  33:01.93 nts	1688353759354
3879898 toao      20   0   74.4g  16.9g  10.7g S  1212   9.0  33:10.13 nts	1688353760035
3879898 toao      20   0   73.2g  16.9g  10.7g S  1312   9.0  33:18.41 nts	1688353760718
3879898 toao      20   0   73.4g  16.9g  10.7g S  1169   9.0  33:26.21 nts	1688353761397
3879898 toao      20   0   74.8g  16.9g  10.7g S  1306   9.0  33:33.84 nts	1688353762080
3879898 toao      20   0   73.2g  16.6g  10.7g S 705.9   8.9  33:40.76 nts	1688353762772
3879898 toao      20   0   74.1g  16.6g  10.7g S 775.0   8.9  33:48.93 nts	1688353763457
3879898 toao      20   0   73.9g  16.6g  10.7g S  1406   8.9  33:56.54 nts	1688353764146
3879898 toao      20   0   74.0g  16.6g  10.7g S 741.2   8.9  34:05.25 nts	1688353764829
3879898 toao      20   0   73.9g  16.9g  10.7g S  1312   9.0  34:14.73 nts	1688353765518
3879898 toao      20   0   74.3g  16.9g  10.7g S  1212   9.0  34:22.10 nts	1688353766195
3879898 toao      20   0   74.5g  16.9g  10.7g S  1353   9.0  34:30.83 nts	1688353766893
3879898 toao      20   0   73.3g  16.9g  10.7g S  1506   9.0  34:39.57 nts	1688353767580
3879898 toao      20   0   73.8g  16.7g  10.7g S  1769   8.9  34:47.82 nts	1688353768262
3879898 toao      20   0   74.3g  16.6g  10.7g S  1194   8.9  34:55.87 nts	1688353768942
3879898 toao      20   0   73.5g  16.6g  10.7g S  1719   8.9  35:03.99 nts	1688353769631
3879898 toao      20   0   75.5g  17.0g  10.7g S  1781   9.0  35:12.07 nts	1688353770310
3879898 toao      20   0   74.5g  16.9g  10.7g S  1444   9.0  35:20.04 nts	1688353770995
3879898 toao      20   0   74.1g  16.9g  10.7g S  1681   9.0  35:28.19 nts	1688353771683
3879898 toao      20   0   73.4g  16.9g  10.7g S  1169   9.0  35:35.26 nts	1688353772361
3879898 toao      20   0   73.4g  16.9g  10.7g S  1231   9.0  35:43.61 nts	1688353773064
3879898 toao      20   0   73.4g  16.9g  10.7g S  1653   9.0  35:52.24 nts	1688353773745
3879898 toao      20   0   74.0g  16.6g  10.7g S  1671   8.9  36:00.54 nts	1688353774443
3879898 toao      20   0   72.7g  16.6g  10.7g S 805.9   8.9  36:08.55 nts	1688353775123
3879898 toao      20   0   73.4g  16.6g  10.7g S 717.6   8.9  36:17.25 nts	1688353775814
3879898 toao      20   0   73.4g  16.6g  10.7g S 756.2   8.9  36:25.17 nts	1688353776513
3879898 toao      20   0   73.2g  16.7g  10.7g S 862.5   8.9  36:33.52 nts	1688353777187
3879898 toao      20   0   74.4g  16.9g  10.7g S 976.5   9.0  36:41.88 nts	1688353777873
3879898 toao      20   0   74.2g  16.9g  10.7g S  1475   9.0  36:50.46 nts	1688353778570
3879898 toao      20   0   74.2g  16.9g  10.7g S  1269   9.0  36:58.46 nts	1688353779241
3879898 toao      20   0   73.9g  16.8g  10.7g S 981.2   8.9  37:05.55 nts	1688353779916
3879898 toao      20   0   74.5g  16.9g  10.7g S  1419   9.0  37:14.86 nts	1688353780613
3879898 toao      20   0   74.2g  16.9g  10.7g S  1471   9.0  37:23.79 nts	1688353781294
3879898 toao      20   0   75.1g  16.9g  10.7g S  1225   9.0  37:30.87 nts	1688353781987
3879898 toao      20   0   74.2g  16.9g  10.7g S  1262   9.0  37:38.91 nts	1688353782668
3879898 toao      20   0   73.2g  16.9g  10.7g S  1144   9.0  37:46.76 nts	1688353783344
3879898 toao      20   0   73.7g  16.9g  10.7g S  1018   9.0  37:54.55 nts	1688353784022
3879898 toao      20   0   74.4g  16.6g  10.7g S 687.5   8.9  38:01.30 nts	1688353784706
3879898 toao      20   0   74.4g  16.6g  10.7g S  1256   8.9  38:09.12 nts	1688353785387
3879898 toao      20   0   73.8g  16.6g  10.7g S  1112   8.9  38:17.19 nts	1688353786069
3879898 toao      20   0   73.3g  16.6g  10.7g S 918.8   8.9  38:25.09 nts	1688353786759
3879898 toao      20   0   73.5g  16.6g  10.7g S 968.8   8.9  38:33.14 nts	1688353787440
3879898 toao      20   0   73.2g  16.6g  10.7g S 593.8   8.9  38:41.66 nts	1688353788130
3879898 toao      20   0   73.4g  16.6g  10.7g S  1575   8.9  38:50.06 nts	1688353788811
3879898 toao      20   0   73.4g  16.6g  10.7g S 987.5   8.9  38:58.13 nts	1688353789504
3879898 toao      20   0   74.3g  16.6g  10.7g S  1280   8.9  39:06.51 nts	1688353790176
3879898 toao      20   0   73.9g  16.6g  10.7g S  1231   8.9  39:14.40 nts	1688353790851
3879898 toao      20   0   74.2g  16.9g  10.7g S  1035   9.0  39:23.49 nts	1688353791534
3879898 toao      20   0   74.1g  16.9g  10.7g S  1281   9.0  39:32.16 nts	1688353792217
3879898 toao      20   0   74.7g  16.9g  10.7g S  1131   9.0  39:39.54 nts	1688353792891
3879898 toao      20   0   74.4g  16.6g  10.7g S  1141   8.9  39:46.46 nts	1688353793580
3879898 toao      20   0   73.9g  16.6g  10.7g S  1229   8.9  39:54.57 nts	1688353794263
3879898 toao      20   0   74.0g  16.6g  10.7g S  1262   8.9  40:02.40 nts	1688353794945
3879898 toao      20   0   74.6g  16.6g  10.7g S 876.5   8.9  40:09.98 nts	1688353795625
3879898 toao      20   0   73.7g  16.6g  10.7g S 906.2   8.9  40:17.85 nts	1688353796310
3879898 toao      20   0   72.8g  16.6g  10.7g S  1131   8.9  40:25.91 nts	1688353796989
3879898 toao      20   0   73.9g  16.7g  10.7g S 843.8   8.9  40:34.34 nts	1688353797672
3879898 toao      20   0   74.3g  16.9g  10.7g S  1393   9.0  40:42.97 nts	1688353798356
3879898 toao      20   0   74.0g  16.9g  10.7g S  1194   9.0  40:51.27 nts	1688353799040
3879898 toao      20   0   72.9g  16.9g  10.7g S 637.5   9.0  40:59.07 nts	1688353799720
3879898 toao      20   0   74.3g  16.9g  10.7g S  1225   9.0  41:07.00 nts	1688353800403
3879898 toao      20   0   73.8g  16.9g  10.7g S  1181   9.0  41:15.06 nts	1688353801080
3879898 toao      20   0   73.5g  16.9g  10.7g S  1269   9.0  41:23.21 nts	1688353801763
3879898 toao      20   0   72.8g  16.9g  10.7g S  1338   9.0  41:31.12 nts	1688353802450
3879898 toao      20   0   74.2g  16.9g  10.7g S  1300   9.0  41:38.79 nts	1688353803137
3879898 toao      20   0   74.2g  17.0g  10.7g S  1625   9.0  41:47.61 nts	1688353803819
3879898 toao      20   0   75.2g  16.9g  10.7g S  1288   9.0  41:54.84 nts	1688353804501
3879898 toao      20   0   72.9g  16.9g  10.7g S  1388   9.0  42:02.66 nts	1688353805187
3879898 toao      20   0   73.4g  16.9g  10.7g S  1150   9.0  42:10.58 nts	1688353805876
3879898 toao      20   0   74.4g  16.8g  10.7g S  1112   9.0  42:17.91 nts	1688353806562
3879898 toao      20   0   73.9g  16.9g  10.7g S  1081   9.0  42:26.75 nts	1688353807246
3879898 toao      20   0   73.6g  16.9g  10.7g S  1250   9.0  42:35.31 nts	1688353807931
3879898 toao      20   0   73.9g  16.9g  10.7g S  1150   9.0  42:42.69 nts	1688353808608
3879898 toao      20   0   74.0g  16.6g  10.7g S 725.0   8.9  42:50.15 nts	1688353809309
3879898 toao      20   0   74.0g  16.6g  10.7g S 762.5   8.9  42:58.22 nts	1688353809993
3879898 toao      20   0   74.4g  16.9g  10.7g S  1367   9.0  43:07.58 nts	1688353810686
3879898 toao      20   0   74.5g  16.9g  10.7g S  1256   9.0  43:15.01 nts	1688353811361
3879898 toao      20   0   74.1g  16.6g  10.7g S 706.2   8.9  43:22.06 nts	1688353812048
3879898 toao      20   0   74.3g  16.6g  10.7g S 731.2   8.9  43:29.89 nts	1688353812730
3879898 toao      20   0   74.1g  16.6g  10.7g S 762.5   8.9  43:37.93 nts	1688353813409
3879898 toao      20   0   74.5g  16.9g  10.7g S 952.9   9.0  43:46.49 nts	1688353814093
3879898 toao      20   0   73.8g  16.8g  10.7g S  1725   9.0  43:56.21 nts	1688353814779
3879898 toao      20   0   74.3g  16.9g  10.7g S  1447   9.0  44:03.92 nts	1688353815453
3879898 toao      20   0   73.8g  16.9g  10.7g S  1312   9.0  44:11.34 nts	1688353816135
3879898 toao      20   0   73.8g  16.9g  10.7g S  1319   9.0  44:19.35 nts	1688353816834
3879898 toao      20   0   74.3g  16.9g  10.7g S  1181   9.0  44:27.39 nts	1688353817502
3879898 toao      20   0   73.3g  16.9g  10.7g S  1250   9.0  44:35.41 nts	1688353818181
3879898 toao      20   0   74.2g  16.6g  10.7g S 800.0   8.9  44:42.20 nts	1688353818866
3879898 toao      20   0   72.3g  16.9g  10.7g S  1262   9.0  44:51.35 nts	1688353819546
3879898 toao      20   0   72.6g  16.9g  10.7g S  1194   9.0  44:59.30 nts	1688353820236
3879898 toao      20   0   73.5g  16.9g  10.7g S  1450   9.0  45:07.58 nts	1688353820919
3879898 toao      20   0   73.6g  16.9g  10.7g S  1231   9.0  45:15.57 nts	1688353821595
3879898 toao      20   0   74.5g  17.0g  10.7g S  1669   9.0  45:24.19 nts	1688353822275
3879898 toao      20   0   74.3g  16.9g  10.7g S  1275   9.0  45:31.58 nts	1688353822973
3879898 toao      20   0   73.5g  17.0g  10.7g S  1962   9.0  45:40.77 nts	1688353823671
3879898 toao      20   0   73.8g  17.0g  10.7g S  1425   9.0  45:48.68 nts	1688353824350
3879898 toao      20   0   73.4g  16.6g  10.7g S 906.2   8.9  45:56.70 nts	1688353825044
3879898 toao      20   0   73.1g  16.6g  10.7g S  1033   8.9  46:04.89 nts	1688353825727
3879898 toao      20   0   73.1g  16.6g  10.7g S 847.1   8.9  46:13.44 nts	1688353826410
3879898 toao      20   0   74.0g  16.6g  10.7g S  1100   8.9  46:21.20 nts	1688353827111
3879898 toao      20   0   75.6g  16.6g  10.7g S 987.5   8.9  46:28.79 nts	1688353827803
3879898 toao      20   0   74.3g  16.6g  10.7g S  1360   8.9  46:37.23 nts	1688353828488
3879898 toao      20   0   74.0g  16.6g  10.7g S  1269   8.9  46:45.60 nts	1688353829163
3879898 toao      20   0   74.9g  17.0g  10.7g S 931.2   9.0  46:52.97 nts	1688353829838
3879898 toao      20   0   74.5g  17.0g  10.7g S  1488   9.0  47:00.71 nts	1688353830520
3879898 toao      20   0   73.7g  16.9g  10.7g S  1206   9.0  47:08.10 nts	1688353831208
3879898 toao      20   0   73.1g  16.9g  10.7g S  1381   9.0  47:16.47 nts	1688353831911
3879898 toao      20   0   74.5g  16.9g  10.7g S  1275   9.0  47:24.53 nts	1688353832591
3879898 toao      20   0   75.1g  16.9g  10.7g S  1344   9.0  47:32.67 nts	1688353833278
3879898 toao      20   0   73.9g  16.9g  10.7g S 900.0   9.0  47:40.57 nts	1688353833964
3879898 toao      20   0   74.2g  16.9g  10.7g S  1281   9.0  47:48.58 nts	1688353834648
3879898 toao      20   0   73.5g  16.9g  10.7g S  1156   9.0  47:56.54 nts	1688353835330
3879898 toao      20   0   74.4g  17.0g  10.7g S  2038   9.0  48:06.05 nts	1688353836038
3879898 toao      20   0   74.0g  16.6g  10.7g S  1000   8.9  48:14.56 nts	1688353836723
3879898 toao      20   0   73.7g  16.6g  10.7g S  1850   8.9  48:22.92 nts	1688353837411
3879898 toao      20   0   74.2g  16.6g  10.7g S  1262   8.9  48:31.45 nts	1688353838093
3879898 toao      20   0   75.2g  16.6g  10.7g S 950.0   8.9  48:38.85 nts	1688353838772
3879898 toao      20   0   73.8g  16.6g  10.7g S  1119   8.9  48:47.28 nts	1688353839459
3879898 toao      20   0   73.5g  16.6g  10.7g S 940.0   8.9  48:54.86 nts	1688353840147
3879898 toao      20   0   74.0g  16.6g  10.7g S  1067   8.9  49:03.00 nts	1688353840835
3879898 toao      20   0   74.2g  16.9g  10.7g S  1331   9.0  49:10.45 nts	1688353841517
3879898 toao      20   0   70.7g  16.6g  10.7g S  1606   8.9  49:19.18 nts	1688353842214
3879898 toao      20   0   73.5g  16.6g  10.7g S  1200   8.9  49:27.48 nts	1688353842898
3879898 toao      20   0   73.8g  16.6g  10.7g S 743.8   8.9  49:35.51 nts	1688353843583
3879898 toao      20   0   74.0g  16.9g  10.7g S  1425   9.0  49:44.67 nts	1688353844260
3879898 toao      20   0   74.1g  16.8g  10.7g S  1750   9.0  49:53.65 nts	1688353844940
3879898 toao      20   0   73.0g  16.9g  10.7g S  1250   9.0  50:00.58 nts	1688353845618
3879898 toao      20   0   73.2g  16.9g  10.7g S  1138   9.0  50:08.25 nts	1688353846296
3879898 toao      20   0   74.5g  16.9g  10.7g S  1569   9.0  50:17.09 nts	1688353846985
3879898 toao      20   0   73.7g  16.6g  10.7g S  1559   8.9  50:25.14 nts	1688353847673
3879898 toao      20   0   74.6g  17.0g  10.7g S  1781   9.0  50:32.92 nts	1688353848352
3879898 toao      20   0   73.7g  16.6g  10.7g S 968.8   8.9  50:41.04 nts	1688353849055
3879898 toao      20   0   73.6g  16.6g  10.7g S  1181   8.9  50:49.39 nts	1688353849740
3879898 toao      20   0   74.9g  17.0g  10.7g S 862.5   9.0  50:56.92 nts	1688353850422
3879898 toao      20   0   74.1g  16.9g  10.7g S  1844   9.0  51:05.31 nts	1688353851106
3879898 toao      20   0   73.6g  17.0g  10.7g S  1594   9.0  51:12.92 nts	1688353851810
3879898 toao      20   0   74.9g  16.9g  10.7g S  1112   9.0  51:20.32 nts	1688353852498
3879898 toao      20   0   73.9g  16.9g  10.7g S  1256   9.0  51:28.50 nts	1688353853177
3879898 toao      20   0   73.4g  16.6g  10.7g S 462.5   8.9  51:35.27 nts	1688353853863
3879898 toao      20   0   73.9g  16.7g  10.7g S  1138   8.9  51:44.00 nts	1688353854547
3879898 toao      20   0   74.5g  16.8g  10.7g S  1006   9.0  51:52.48 nts	1688353855250
3879898 toao      20   0   74.1g  16.6g  10.7g S 743.8   8.9  52:00.19 nts	1688353855934
3879898 toao      20   0   72.8g  16.6g  10.7g S 750.0   8.9  52:08.24 nts	1688353856620
3879898 toao      20   0   74.1g  16.6g  10.7g S 843.8   8.9  52:16.45 nts	1688353857310
3879898 toao      20   0   74.1g  16.9g  10.7g S  1069   9.0  52:24.87 nts	1688353857999
3879898 toao      20   0   74.4g  16.9g  10.7g S 947.1   9.0  52:32.91 nts	1688353858690
3879898 toao      20   0   74.4g  16.7g  10.7g S  1838   8.9  52:42.94 nts	1688353859379
3879898 toao      20   0   73.8g  16.6g  10.7g S  1419   8.9  52:51.30 nts	1688353860066
3879898 toao      20   0   74.2g  16.6g  10.7g S  1269   8.9  52:59.69 nts	1688353860758
3879898 toao      20   0   73.7g  16.6g  10.7g S 925.0   8.9  53:07.24 nts	1688353861438
3879898 toao      20   0   74.4g  16.6g  10.7g S  1550   8.9  53:15.11 nts	1688353862125
3879898 toao      20   0   73.5g  16.6g  10.7g S 976.5   8.9  53:23.36 nts	1688353862805
3879898 toao      20   0   73.3g  16.6g  10.7g S  1429   8.9  53:31.17 nts	1688353863495
3879898 toao      20   0   73.7g  16.9g  10.7g S  1169   9.0  53:38.89 nts	1688353864179
3879898 toao      20   0   72.6g  16.9g  10.7g S  1212   9.0  53:46.94 nts	1688353864861
3879898 toao      20   0   74.0g  17.0g  10.7g S  1712   9.0  53:55.83 nts	1688353865544
3879898 toao      20   0   74.0g  16.6g  10.7g S  1340   8.9  54:04.49 nts	1688353866238
3879898 toao      20   0   73.7g  16.6g  10.7g S  1250   8.9  54:12.29 nts	1688353866916
3879898 toao      20   0   74.4g  16.7g  10.7g S 868.8   8.9  54:20.61 nts	1688353867599
3879898 toao      20   0   73.4g  16.6g  10.7g S 650.0   8.9  54:28.16 nts	1688353868283
3879898 toao      20   0   74.7g  16.9g  10.7g S  1112   9.0  54:36.88 nts	1688353868964
3879898 toao      20   0   74.3g  16.9g  10.7g S  1412   9.0  54:45.24 nts	1688353869645
3879898 toao      20   0   74.3g  16.9g  10.7g S  1256   9.0  54:53.57 nts	1688353870331
3879898 toao      20   0   73.2g  16.9g  10.7g S  1556   9.0  55:01.70 nts	1688353871005
3879898 toao      20   0   74.7g  16.9g  10.7g S  1231   9.0  55:09.50 nts	1688353871691
3879898 toao      20   0   73.9g  16.9g  10.7g S  1212   9.0  55:17.34 nts	1688353872371
3879898 toao      20   0   75.7g  16.9g  10.7g S  1129   9.0  55:25.12 nts	1688353873063
3879898 toao      20   0   74.4g  16.9g  10.7g S  1119   9.0  55:32.46 nts	1688353873744
3879898 toao      20   0   73.5g  16.9g  10.7g S  1338   9.0  55:40.93 nts	1688353874425
3879898 toao      20   0   75.2g  16.9g  10.7g S  1200   9.0  55:48.75 nts	1688353875104
3879898 toao      20   0   74.4g  16.6g  10.7g S  1244   8.9  55:55.44 nts	1688353875779
3879898 toao      20   0   74.1g  16.6g  10.7g S  1162   8.9  56:03.25 nts	1688353876460
3879898 toao      20   0   73.8g  16.6g  10.7g S 900.0   8.9  56:10.78 nts	1688353877139
3879898 toao      20   0   73.8g  16.6g  10.7g S  1156   8.9  56:19.22 nts	1688353877820
3879898 toao      20   0   73.6g  16.9g  10.7g S  1194   9.0  56:26.36 nts	1688353878507
3879898 toao      20   0   74.3g  16.6g  10.7g S  1381   8.9  56:35.93 nts	1688353879206
3879898 toao      20   0   73.5g  16.6g  10.7g S  1262   8.9  56:44.81 nts	1688353879899
3879898 toao      20   0   73.4g  16.6g  10.7g S  1231   8.9  56:52.81 nts	1688353880572
3879898 toao      20   0   73.9g  16.6g  10.7g S  1212   8.9  57:00.75 nts	1688353881249
3879898 toao      20   0   73.8g  16.6g  10.7g S 793.8   8.9  57:08.96 nts	1688353881925
3879898 toao      20   0   73.6g  16.9g  10.7g S  1169   9.0  57:18.37 nts	1688353882605
3879898 toao      20   0   73.9g  16.9g  10.7g S  1129   9.0  57:26.35 nts	1688353883285
3879898 toao      20   0   73.9g  16.9g  10.7g S  1169   9.0  57:34.01 nts	1688353883971
3879898 toao      20   0   74.4g  16.6g  10.7g S 687.5   8.9  57:40.66 nts	1688353884651
3879898 toao      20   0   74.0g  16.6g  10.7g S 781.2   8.9  57:48.76 nts	1688353885341
3879898 toao      20   0   74.1g  16.6g  10.7g S 737.5   8.9  57:56.59 nts	1688353886032
3879898 toao      20   0   74.3g  16.6g  10.7g S  1231   8.9  58:04.35 nts	1688353886713
3879898 toao      20   0   73.4g  16.6g  10.7g S 993.3   8.9  58:12.00 nts	1688353887386
3879898 toao      20   0       0      0      0 Z 100.0   0.0  58:12.94 nts	1688353888066
3879898 toao      20   0       0      0      0 Z 100.0   0.0  58:13.62 nts	1688353888753
3879898 toao      20   0       0      0      0 Z 106.2   0.0  58:14.30 nts	1688353889437
