| 59%   60C    P0    61W / 250W |      8MiB / 11019MiB |      0%      Default |	1688353509369
| 59%   59C    P5    61W / 250W |      8MiB / 11019MiB |      0%      Default |	1688353509919
| 58%   58C    P5    21W / 250W |      8MiB / 11019MiB |      0%      Default |	1688353510462
| 58%   58C    P5    21W / 250W |      8MiB / 11019MiB |      0%      Default |	1688353511001
| 59%   58C    P8    21W / 250W |      8MiB / 11019MiB |      0%      Default |	1688353511554
| 59%   57C    P8    17W / 250W |      8MiB / 11019MiB |      0%      Default |	1688353512088
| 59%   57C    P8    17W / 250W |      8MiB / 11019MiB |      0%      Default |	1688353512620
| 58%   57C    P8    18W / 250W |      8MiB / 11019MiB |      0%      Default |	1688353513164
| 58%   56C    P8    17W / 250W |      8MiB / 11019MiB |      0%      Default |	1688353513698
| 59%   56C    P8    17W / 250W |      8MiB / 11019MiB |      0%      Default |	1688353514233
| 59%   56C    P8    17W / 250W |      8MiB / 11019MiB |      0%      Default |	1688353514773
| 59%   56C    P8    17W / 250W |      8MiB / 11019MiB |      0%      Default |	1688353515313
| 58%   56C    P8    17W / 250W |      8MiB / 11019MiB |      0%      Default |	1688353515853
| 58%   55C    P8    18W / 250W |      8MiB / 11019MiB |      0%      Default |	1688353516394
| 58%   55C    P8    18W / 250W |      8MiB / 11019MiB |      0%      Default |	1688353516934
| 58%   55C    P8    20W / 250W |      8MiB / 11019MiB |      0%      Default |	1688353517474
| 58%   55C    P8    17W / 250W |      8MiB / 11019MiB |      0%      Default |	1688353518014
| 58%   55C    P8    17W / 250W |      8MiB / 11019MiB |      0%      Default |	1688353518554
| 58%   54C    P8    17W / 250W |      8MiB / 11019MiB |      0%      Default |	1688353519093
| 58%   54C    P8    17W / 250W |      8MiB / 11019MiB |      0%      Default |	1688353519634
| 58%   54C    P8    17W / 250W |      8MiB / 11019MiB |      0%      Default |	1688353520174
| 58%   54C    P8    17W / 250W |      8MiB / 11019MiB |      0%      Default |	1688353520714
| 58%   54C    P8    16W / 250W |      8MiB / 11019MiB |      0%      Default |	1688353521253
| 58%   53C    P8    16W / 250W |      8MiB / 11019MiB |      0%      Default |	1688353521792
| 58%   53C    P8    16W / 250W |      8MiB / 11019MiB |      0%      Default |	1688353522330
| 58%   53C    P8    17W / 250W |      8MiB / 11019MiB |      0%      Default |	1688353522870
| 58%   53C    P8    16W / 250W |      8MiB / 11019MiB |      0%      Default |	1688353523414
| 58%   53C    P8    16W / 250W |      8MiB / 11019MiB |      0%      Default |	1688353523952
| 58%   53C    P8    17W / 250W |      8MiB / 11019MiB |      0%      Default |	1688353524494
| 58%   53C    P8    17W / 250W |      8MiB / 11019MiB |      0%      Default |	1688353525032
| 58%   52C    P8    16W / 250W |      8MiB / 11019MiB |      0%      Default |	1688353525572
| 58%   52C    P8    17W / 250W |      8MiB / 11019MiB |      0%      Default |	1688353526109
| 58%   52C    P8    17W / 250W |      8MiB / 11019MiB |      0%      Default |	1688353526645
| 58%   52C    P8    17W / 250W |      8MiB / 11019MiB |      0%      Default |	1688353527182
| 58%   52C    P8    18W / 250W |      8MiB / 11019MiB |      0%      Default |	1688353527723
| 58%   52C    P8    17W / 250W |      8MiB / 11019MiB |      0%      Default |	1688353528259
| 58%   51C    P8    16W / 250W |      8MiB / 11019MiB |      0%      Default |	1688353528796
| 57%   51C    P8    16W / 250W |      8MiB / 11019MiB |      0%      Default |	1688353529341
| 57%   51C    P8    16W / 250W |      8MiB / 11019MiB |      0%      Default |	1688353529879
| 57%   51C    P8    16W / 250W |      8MiB / 11019MiB |      0%      Default |	1688353530418
| 57%   51C    P8    17W / 250W |      8MiB / 11019MiB |      0%      Default |	1688353530956
| 57%   51C    P8    16W / 250W |      8MiB / 11019MiB |      0%      Default |	1688353531494
| 57%   50C    P8    17W / 250W |      8MiB / 11019MiB |      0%      Default |	1688353532033
| 57%   50C    P8    15W / 250W |      8MiB / 11019MiB |      0%      Default |	1688353532573
| 56%   50C    P8    16W / 250W |      8MiB / 11019MiB |      0%      Default |	1688353533112
| 56%   50C    P8    16W / 250W |      8MiB / 11019MiB |      0%      Default |	1688353533652
| 56%   50C    P8    17W / 250W |      8MiB / 11019MiB |      0%      Default |	1688353534192
| 56%   50C    P8    17W / 250W |      8MiB / 11019MiB |      0%      Default |	1688353534733
| 56%   50C    P8    16W / 250W |      8MiB / 11019MiB |      0%      Default |	1688353535273
| 56%   49C    P8    17W / 250W |      8MiB / 11019MiB |      0%      Default |	1688353535813
| 55%   49C    P8    16W / 250W |      8MiB / 11019MiB |      0%      Default |	1688353536353
| 55%   49C    P8    17W / 250W |      8MiB / 11019MiB |      0%      Default |	1688353536893
| 55%   49C    P8    17W / 250W |      8MiB / 11019MiB |      0%      Default |	1688353537432
| 55%   49C    P8    16W / 250W |      8MiB / 11019MiB |      0%      Default |	1688353537972
| 55%   49C    P8    16W / 250W |      8MiB / 11019MiB |      0%      Default |	1688353538514
| 54%   49C    P8    17W / 250W |      8MiB / 11019MiB |      0%      Default |	1688353539050
| 54%   49C    P8    17W / 250W |      8MiB / 11019MiB |      0%      Default |	1688353539591
| 54%   48C    P8    15W / 250W |      8MiB / 11019MiB |      0%      Default |	1688353540128
| 54%   48C    P8    16W / 250W |      8MiB / 11019MiB |      0%      Default |	1688353540667
| 54%   48C    P8    15W / 250W |      8MiB / 11019MiB |      0%      Default |	1688353541203
| 53%   48C    P8    15W / 250W |      8MiB / 11019MiB |      0%      Default |	1688353541739
| 53%   48C    P8    16W / 250W |      8MiB / 11019MiB |      0%      Default |	1688353542270
| 53%   48C    P8    16W / 250W |      8MiB / 11019MiB |      0%      Default |	1688353542804
| 53%   48C    P8    15W / 250W |      8MiB / 11019MiB |      0%      Default |	1688353543340
| 53%   48C    P8    16W / 250W |      8MiB / 11019MiB |      0%      Default |	1688353543876
| 52%   47C    P8    15W / 250W |      8MiB / 11019MiB |      0%      Default |	1688353544415
| 52%   47C    P8    16W / 250W |      8MiB / 11019MiB |      0%      Default |	1688353544954
| 52%   47C    P8    15W / 250W |      8MiB / 11019MiB |      0%      Default |	1688353545495
| 52%   47C    P8    14W / 250W |      8MiB / 11019MiB |      0%      Default |	1688353546033
| 52%   47C    P8    14W / 250W |      8MiB / 11019MiB |      0%      Default |	1688353546577
| 51%   47C    P8    15W / 250W |      8MiB / 11019MiB |      0%      Default |	1688353547115
| 51%   47C    P8    15W / 250W |      8MiB / 11019MiB |      0%      Default |	1688353547654
| 51%   47C    P8    15W / 250W |      8MiB / 11019MiB |      0%      Default |	1688353548193
| 51%   47C    P8    15W / 250W |      8MiB / 11019MiB |      0%      Default |	1688353548731
| 51%   47C    P8    15W / 250W |      8MiB / 11019MiB |      0%      Default |	1688353549270
| 50%   46C    P8    15W / 250W |      8MiB / 11019MiB |      0%      Default |	1688353549809
| 50%   46C    P8    15W / 250W |      8MiB / 11019MiB |      0%      Default |	1688353550348
| 50%   46C    P8    15W / 250W |      8MiB / 11019MiB |      0%      Default |	1688353550888
| 50%   46C    P8    15W / 250W |      8MiB / 11019MiB |      0%      Default |	1688353551426
| 50%   46C    P8    15W / 250W |      8MiB / 11019MiB |      0%      Default |	1688353551965
| 49%   46C    P8    14W / 250W |      8MiB / 11019MiB |      0%      Default |	1688353552509
| 49%   46C    P8    14W / 250W |      8MiB / 11019MiB |      0%      Default |	1688353553044
| 49%   46C    P8    14W / 250W |      8MiB / 11019MiB |      0%      Default |	1688353553582
| 49%   46C    P8    15W / 250W |      8MiB / 11019MiB |      0%      Default |	1688353554124
| 49%   46C    P8    15W / 250W |      8MiB / 11019MiB |      0%      Default |	1688353554658
| 49%   45C    P8    14W / 250W |      8MiB / 11019MiB |      0%      Default |	1688353555193
| 48%   45C    P8    14W / 250W |      8MiB / 11019MiB |      0%      Default |	1688353555731
| 48%   45C    P8    14W / 250W |      8MiB / 11019MiB |      0%      Default |	1688353556271
| 48%   45C    P8    14W / 250W |      8MiB / 11019MiB |      0%      Default |	1688353556808
| 48%   45C    P8    14W / 250W |      8MiB / 11019MiB |      0%      Default |	1688353557346
| 48%   45C    P8    14W / 250W |      8MiB / 11019MiB |      0%      Default |	1688353557891
| 48%   45C    P8    14W / 250W |      8MiB / 11019MiB |      0%      Default |	1688353558429
| 47%   45C    P8    13W / 250W |      8MiB / 11019MiB |      0%      Default |	1688353558968
| 47%   45C    P8    14W / 250W |      8MiB / 11019MiB |      0%      Default |	1688353559507
| 47%   45C    P8    14W / 250W |      8MiB / 11019MiB |      0%      Default |	1688353560047
| 47%   45C    P8    14W / 250W |      8MiB / 11019MiB |      0%      Default |	1688353560585
| 47%   44C    P8    13W / 250W |      8MiB / 11019MiB |      0%      Default |	1688353561125
| 47%   44C    P8    14W / 250W |      8MiB / 11019MiB |      0%      Default |	1688353561663
| 46%   44C    P8    14W / 250W |      8MiB / 11019MiB |      0%      Default |	1688353562202
| 46%   44C    P8    14W / 250W |      8MiB / 11019MiB |      0%      Default |	1688353562741
| 46%   44C    P8    14W / 250W |      8MiB / 11019MiB |      0%      Default |	1688353563279
| 46%   44C    P8    14W / 250W |      8MiB / 11019MiB |      0%      Default |	1688353563817
| 46%   44C    P8    14W / 250W |      8MiB / 11019MiB |      0%      Default |	1688353564357
| 46%   44C    P8    14W / 250W |      8MiB / 11019MiB |      0%      Default |	1688353564895
| 46%   44C    P8    14W / 250W |      8MiB / 11019MiB |      0%      Default |	1688353565435
| 45%   44C    P8    14W / 250W |      8MiB / 11019MiB |      0%      Default |	1688353565974
| 45%   44C    P2    50W / 250W |    201MiB / 11019MiB |      0%      Default |	1688353566512
| 45%   45C    P2    57W / 250W |    425MiB / 11019MiB |      4%      Default |	1688353567048
| 45%   46C    P2    56W / 250W |    667MiB / 11019MiB |      4%      Default |	1688353567586
| 45%   46C    P2    56W / 250W |    847MiB / 11019MiB |      4%      Default |	1688353568124
| 45%   46C    P2    56W / 250W |    847MiB / 11019MiB |      4%      Default |	1688353568663
| 45%   46C    P2    56W / 250W |    847MiB / 11019MiB |      0%      Default |	1688353569199
| 45%   46C    P2    56W / 250W |    847MiB / 11019MiB |      0%      Default |	1688353569737
| 45%   46C    P2    57W / 250W |    847MiB / 11019MiB |      0%      Default |	1688353570274
| 45%   46C    P2    57W / 250W |    847MiB / 11019MiB |      0%      Default |	1688353570814
| 45%   46C    P2    56W / 250W |    847MiB / 11019MiB |      0%      Default |	1688353571354
| 45%   46C    P2    57W / 250W |    861MiB / 11019MiB |      0%      Default |	1688353571892
| 45%   46C    P2    56W / 250W |    861MiB / 11019MiB |      1%      Default |	1688353572430
| 45%   46C    P2    56W / 250W |    861MiB / 11019MiB |      1%      Default |	1688353572967
| 45%   46C    P2    56W / 250W |    861MiB / 11019MiB |      0%      Default |	1688353573503
| 45%   46C    P2    57W / 250W |    861MiB / 11019MiB |      0%      Default |	1688353574041
| 45%   46C    P2    56W / 250W |    861MiB / 11019MiB |      0%      Default |	1688353574578
| 45%   46C    P2    56W / 250W |    861MiB / 11019MiB |      0%      Default |	1688353575115
| 45%   46C    P2    57W / 250W |    861MiB / 11019MiB |      0%      Default |	1688353575652
| 45%   46C    P2    56W / 250W |    861MiB / 11019MiB |      0%      Default |	1688353576190
| 44%   46C    P2    56W / 250W |    861MiB / 11019MiB |      0%      Default |	1688353576728
| 44%   46C    P2    56W / 250W |    861MiB / 11019MiB |      0%      Default |	1688353577266
| 44%   46C    P2    57W / 250W |    861MiB / 11019MiB |      0%      Default |	1688353577803
| 44%   46C    P2    57W / 250W |    861MiB / 11019MiB |      0%      Default |	1688353578341
| 44%   46C    P2    57W / 250W |    861MiB / 11019MiB |      0%      Default |	1688353578880
| 44%   46C    P2    56W / 250W |    861MiB / 11019MiB |      0%      Default |	1688353579419
| 44%   46C    P2    56W / 250W |    861MiB / 11019MiB |      0%      Default |	1688353579956
| 44%   47C    P2    56W / 250W |    861MiB / 11019MiB |      0%      Default |	1688353580493
| 44%   46C    P2    57W / 250W |    861MiB / 11019MiB |      0%      Default |	1688353581031
| 44%   46C    P2    57W / 250W |    861MiB / 11019MiB |      0%      Default |	1688353581568
| 44%   46C    P2    56W / 250W |    861MiB / 11019MiB |      0%      Default |	1688353582110
| 44%   46C    P2    57W / 250W |    861MiB / 11019MiB |      0%      Default |	1688353582652
| 44%   47C    P2    57W / 250W |    861MiB / 11019MiB |      0%      Default |	1688353583191
| 44%   47C    P2    56W / 250W |    901MiB / 11019MiB |      0%      Default |	1688353583730
| 44%   47C    P2    57W / 250W |    901MiB / 11019MiB |      0%      Default |	1688353584266
| 44%   47C    P2    57W / 250W |    901MiB / 11019MiB |      0%      Default |	1688353584818
| 44%   47C    P2    57W / 250W |    901MiB / 11019MiB |      0%      Default |	1688353585382
| 44%   47C    P2    57W / 250W |    901MiB / 11019MiB |      0%      Default |	1688353585918
| 44%   47C    P2    57W / 250W |    901MiB / 11019MiB |      0%      Default |	1688353586452
| 44%   47C    P2    57W / 250W |    901MiB / 11019MiB |      0%      Default |	1688353586989
| 44%   47C    P2    56W / 250W |    901MiB / 11019MiB |      0%      Default |	1688353587522
| 44%   47C    P2    57W / 250W |    901MiB / 11019MiB |      0%      Default |	1688353588057
| 44%   47C    P2    56W / 250W |    901MiB / 11019MiB |      0%      Default |	1688353588593
| 44%   47C    P2    57W / 250W |    901MiB / 11019MiB |      0%      Default |	1688353589131
| 44%   47C    P2    56W / 250W |    901MiB / 11019MiB |      0%      Default |	1688353589668
| 44%   47C    P2    57W / 250W |    901MiB / 11019MiB |      0%      Default |	1688353590202
| 44%   47C    P2    57W / 250W |    901MiB / 11019MiB |      0%      Default |	1688353590736
| 44%   47C    P2    57W / 250W |    901MiB / 11019MiB |      0%      Default |	1688353591273
| 44%   47C    P2    57W / 250W |    901MiB / 11019MiB |      0%      Default |	1688353591807
| 44%   47C    P2    57W / 250W |    901MiB / 11019MiB |      0%      Default |	1688353592378
| 44%   47C    P2    56W / 250W |    901MiB / 11019MiB |      0%      Default |	1688353592916
| 44%   47C    P2    57W / 250W |    901MiB / 11019MiB |      0%      Default |	1688353593453
| 44%   47C    P2    57W / 250W |    901MiB / 11019MiB |      0%      Default |	1688353593992
| 44%   47C    P2    57W / 250W |    901MiB / 11019MiB |      0%      Default |	1688353594529
| 44%   47C    P2    57W / 250W |    901MiB / 11019MiB |      0%      Default |	1688353595066
| 44%   47C    P2    57W / 250W |    901MiB / 11019MiB |      0%      Default |	1688353595605
| 44%   47C    P2    57W / 250W |    901MiB / 11019MiB |      0%      Default |	1688353596141
| 44%   47C    P2    57W / 250W |    901MiB / 11019MiB |      0%      Default |	1688353596679
| 44%   47C    P2    57W / 250W |    901MiB / 11019MiB |      0%      Default |	1688353597216
| 44%   47C    P2    57W / 250W |    901MiB / 11019MiB |      0%      Default |	1688353597782
| 44%   47C    P2    57W / 250W |    901MiB / 11019MiB |      0%      Default |	1688353598306
| 44%   47C    P2    57W / 250W |    901MiB / 11019MiB |      0%      Default |	1688353598840
| 43%   47C    P2    57W / 250W |    901MiB / 11019MiB |      0%      Default |	1688353599378
| 43%   47C    P2    57W / 250W |    901MiB / 11019MiB |      0%      Default |	1688353599921
| 43%   47C    P2    57W / 250W |    901MiB / 11019MiB |      0%      Default |	1688353600506
| 43%   46C    P8    24W / 250W |    901MiB / 11019MiB |      0%      Default |	1688353601045
| 43%   46C    P8    15W / 250W |    901MiB / 11019MiB |      0%      Default |	1688353601582
| 43%   46C    P8    15W / 250W |    901MiB / 11019MiB |      0%      Default |	1688353602118
| 43%   45C    P8    15W / 250W |    901MiB / 11019MiB |      0%      Default |	1688353602657
| 43%   45C    P8    15W / 250W |    901MiB / 11019MiB |      0%      Default |	1688353603195
| 43%   45C    P8    15W / 250W |    901MiB / 11019MiB |      0%      Default |	1688353603734
| 43%   45C    P8    15W / 250W |    901MiB / 11019MiB |      0%      Default |	1688353604273
| 43%   45C    P8    16W / 250W |    901MiB / 11019MiB |      0%      Default |	1688353604811
| 43%   45C    P8    16W / 250W |    901MiB / 11019MiB |      0%      Default |	1688353605341
| 43%   44C    P8    15W / 250W |    901MiB / 11019MiB |      0%      Default |	1688353605882
| 43%   44C    P8    15W / 250W |    901MiB / 11019MiB |      0%      Default |	1688353606417
| 43%   44C    P8    15W / 250W |    901MiB / 11019MiB |      0%      Default |	1688353606955
| 43%   44C    P8    15W / 250W |    901MiB / 11019MiB |      0%      Default |	1688353607489
| 43%   44C    P8    15W / 250W |    901MiB / 11019MiB |      0%      Default |	1688353608026
| 43%   44C    P8    15W / 250W |    901MiB / 11019MiB |      0%      Default |	1688353608612
| 43%   44C    P8    14W / 250W |    901MiB / 11019MiB |      0%      Default |	1688353609153
| 43%   44C    P8    14W / 250W |    901MiB / 11019MiB |      0%      Default |	1688353609705
| 43%   44C    P8    15W / 250W |    901MiB / 11019MiB |      0%      Default |	1688353610229
| 43%   44C    P8    15W / 250W |    901MiB / 11019MiB |      0%      Default |	1688353610764
| 43%   43C    P8    15W / 250W |    901MiB / 11019MiB |      0%      Default |	1688353611299
| 43%   43C    P8    14W / 250W |    901MiB / 11019MiB |      0%      Default |	1688353611838
| 43%   43C    P8    15W / 250W |    901MiB / 11019MiB |      0%      Default |	1688353612372
| 43%   43C    P8    15W / 250W |    901MiB / 11019MiB |      0%      Default |	1688353612910
| 42%   43C    P8    14W / 250W |    901MiB / 11019MiB |      0%      Default |	1688353613443
| 42%   43C    P8    15W / 250W |    901MiB / 11019MiB |      0%      Default |	1688353613977
| 42%   43C    P8    14W / 250W |    901MiB / 11019MiB |      0%      Default |	1688353614513
| 42%   43C    P8    14W / 250W |    901MiB / 11019MiB |      0%      Default |	1688353615055
| 42%   43C    P8    14W / 250W |    901MiB / 11019MiB |      0%      Default |	1688353615595
| 42%   43C    P8    14W / 250W |    901MiB / 11019MiB |      0%      Default |	1688353616131
| 42%   43C    P8    14W / 250W |    901MiB / 11019MiB |      0%      Default |	1688353616690
| 42%   43C    P8    15W / 250W |    901MiB / 11019MiB |      0%      Default |	1688353617220
| 42%   43C    P8    19W / 250W |    901MiB / 11019MiB |      0%      Default |	1688353617755
| 42%   43C    P8    15W / 250W |    901MiB / 11019MiB |      0%      Default |	1688353618288
| 42%   43C    P8    15W / 250W |    901MiB / 11019MiB |      0%      Default |	1688353618826
| 42%   42C    P8    14W / 250W |    901MiB / 11019MiB |      0%      Default |	1688353619361
| 42%   42C    P8    15W / 250W |    901MiB / 11019MiB |      0%      Default |	1688353619896
| 42%   42C    P8    14W / 250W |    901MiB / 11019MiB |      0%      Default |	1688353620433
| 42%   42C    P8    15W / 250W |    901MiB / 11019MiB |      0%      Default |	1688353620970
| 42%   42C    P8    15W / 250W |    901MiB / 11019MiB |      0%      Default |	1688353621507
| 41%   42C    P8    14W / 250W |    901MiB / 11019MiB |      0%      Default |	1688353622040
| 41%   42C    P8    14W / 250W |    901MiB / 11019MiB |      0%      Default |	1688353622598
| 41%   42C    P8    15W / 250W |    901MiB / 11019MiB |      0%      Default |	1688353623133
| 41%   42C    P8    15W / 250W |    901MiB / 11019MiB |      0%      Default |	1688353623667
| 41%   42C    P8    14W / 250W |    901MiB / 11019MiB |      0%      Default |	1688353624200
| 41%   42C    P8    15W / 250W |    901MiB / 11019MiB |      0%      Default |	1688353624757
| 41%   42C    P8    15W / 250W |    901MiB / 11019MiB |      0%      Default |	1688353625283
| 41%   42C    P8    15W / 250W |    901MiB / 11019MiB |      0%      Default |	1688353625821
| 41%   42C    P8    15W / 250W |    901MiB / 11019MiB |      0%      Default |	1688353626358
| 41%   42C    P8    14W / 250W |    901MiB / 11019MiB |      0%      Default |	1688353626918
| 41%   42C    P8    14W / 250W |    901MiB / 11019MiB |      0%      Default |	1688353627462
| 41%   41C    P8    16W / 250W |    901MiB / 11019MiB |      0%      Default |	1688353627995
| 40%   41C    P8    15W / 250W |    901MiB / 11019MiB |      0%      Default |	1688353628532
| 40%   41C    P8    15W / 250W |    901MiB / 11019MiB |      0%      Default |	1688353629066
| 40%   41C    P8    15W / 250W |    901MiB / 11019MiB |      0%      Default |	1688353629610
| 40%   41C    P8    15W / 250W |    901MiB / 11019MiB |      0%      Default |	1688353630151
| 40%   41C    P8    15W / 250W |    901MiB / 11019MiB |      0%      Default |	1688353630688
| 40%   41C    P8    15W / 250W |    901MiB / 11019MiB |      0%      Default |	1688353631222
| 40%   41C    P8    15W / 250W |    901MiB / 11019MiB |      0%      Default |	1688353631757
| 40%   41C    P8    14W / 250W |    901MiB / 11019MiB |      0%      Default |	1688353632294
| 40%   41C    P8    15W / 250W |    901MiB / 11019MiB |      0%      Default |	1688353632831
| 40%   41C    P8    15W / 250W |    901MiB / 11019MiB |      0%      Default |	1688353633367
| 40%   41C    P8    14W / 250W |    901MiB / 11019MiB |      0%      Default |	1688353633917
| 40%   41C    P8    14W / 250W |    901MiB / 11019MiB |      0%      Default |	1688353634482
| 39%   41C    P8    15W / 250W |    901MiB / 11019MiB |      0%      Default |	1688353635010
| 39%   41C    P8    15W / 250W |    901MiB / 11019MiB |      0%      Default |	1688353635551
| 39%   41C    P8    15W / 250W |    901MiB / 11019MiB |      0%      Default |	1688353636090
| 39%   41C    P8    15W / 250W |    901MiB / 11019MiB |      0%      Default |	1688353636654
| 39%   41C    P8    16W / 250W |    901MiB / 11019MiB |      0%      Default |	1688353637186
| 39%   41C    P8    15W / 250W |    901MiB / 11019MiB |      0%      Default |	1688353637721
| 39%   41C    P8    15W / 250W |    901MiB / 11019MiB |      0%      Default |	1688353638259
| 39%   40C    P8    15W / 250W |    901MiB / 11019MiB |      0%      Default |	1688353638799
| 39%   40C    P8    15W / 250W |    901MiB / 11019MiB |      0%      Default |	1688353639334
| 39%   40C    P8    14W / 250W |    901MiB / 11019MiB |      0%      Default |	1688353639872
| 39%   40C    P8    14W / 250W |    901MiB / 11019MiB |      0%      Default |	1688353640410
| 38%   40C    P8    14W / 250W |    901MiB / 11019MiB |      0%      Default |	1688353640949
| 38%   40C    P8    14W / 250W |    901MiB / 11019MiB |      0%      Default |	1688353641489
| 38%   40C    P8    14W / 250W |    901MiB / 11019MiB |      0%      Default |	1688353642025
| 38%   40C    P8    14W / 250W |    901MiB / 11019MiB |      0%      Default |	1688353642578
| 38%   40C    P8    13W / 250W |    901MiB / 11019MiB |      0%      Default |	1688353643122
| 38%   40C    P8    13W / 250W |    901MiB / 11019MiB |      0%      Default |	1688353643657
| 38%   40C    P8    13W / 250W |    901MiB / 11019MiB |      0%      Default |	1688353644194
| 38%   40C    P8    14W / 250W |    901MiB / 11019MiB |      0%      Default |	1688353644729
| 38%   40C    P8    14W / 250W |    901MiB / 11019MiB |      0%      Default |	1688353645265
| 38%   40C    P8    15W / 250W |    901MiB / 11019MiB |      0%      Default |	1688353645814
| 38%   40C    P8    15W / 250W |    901MiB / 11019MiB |      0%      Default |	1688353646350
| 37%   40C    P8    15W / 250W |    901MiB / 11019MiB |      0%      Default |	1688353646889
| 38%   40C    P8    15W / 250W |    901MiB / 11019MiB |      0%      Default |	1688353647428
| 37%   40C    P8    14W / 250W |    901MiB / 11019MiB |      0%      Default |	1688353647990
| 37%   40C    P8    14W / 250W |    901MiB / 11019MiB |      0%      Default |	1688353648557
| 37%   40C    P8    14W / 250W |    901MiB / 11019MiB |      0%      Default |	1688353649092
| 37%   40C    P8    14W / 250W |    901MiB / 11019MiB |      0%      Default |	1688353649622
| 37%   40C    P8    14W / 250W |    901MiB / 11019MiB |      0%      Default |	1688353650158
| 37%   40C    P8    15W / 250W |    901MiB / 11019MiB |      0%      Default |	1688353650693
| 37%   39C    P8    15W / 250W |    901MiB / 11019MiB |      0%      Default |	1688353651229
| 37%   39C    P8    14W / 250W |    901MiB / 11019MiB |      0%      Default |	1688353651768
| 37%   39C    P8    14W / 250W |    901MiB / 11019MiB |      0%      Default |	1688353652303
| 37%   40C    P8    15W / 250W |    901MiB / 11019MiB |      0%      Default |	1688353652846
| 37%   39C    P8    14W / 250W |    901MiB / 11019MiB |      0%      Default |	1688353653406
| 37%   39C    P8    14W / 250W |    901MiB / 11019MiB |      0%      Default |	1688353653975
| 36%   39C    P8    14W / 250W |    901MiB / 11019MiB |      0%      Default |	1688353654514
| 36%   39C    P8    14W / 250W |    901MiB / 11019MiB |      0%      Default |	1688353655052
| 36%   39C    P8    15W / 250W |    901MiB / 11019MiB |      0%      Default |	1688353655594
| 36%   39C    P8    14W / 250W |    901MiB / 11019MiB |      0%      Default |	1688353656128
| 36%   39C    P8    14W / 250W |    901MiB / 11019MiB |      0%      Default |	1688353656664
| 36%   39C    P8    14W / 250W |    901MiB / 11019MiB |      0%      Default |	1688353657199
| 36%   39C    P8    14W / 250W |    901MiB / 11019MiB |      0%      Default |	1688353657734
| 36%   39C    P8    14W / 250W |    901MiB / 11019MiB |      0%      Default |	1688353658271
| 36%   39C    P8    15W / 250W |    901MiB / 11019MiB |      0%      Default |	1688353658823
| 36%   41C    P2    57W / 250W |   2763MiB / 11019MiB |      4%      Default |	1688353659357
| 36%   41C    P2    56W / 250W |   5003MiB / 11019MiB |      4%      Default |	1688353660090
| 36%   43C    P2    65W / 250W |   8379MiB / 11019MiB |      1%      Default |	1688353660625
| 36%   44C    P2   109W / 250W |  10697MiB / 11019MiB |      1%      Default |	1688353661163
| 36%   44C    P2   126W / 250W |  10973MiB / 11019MiB |     87%      Default |	1688353661710
| 36%   44C    P2   103W / 250W |   8187MiB / 11019MiB |     87%      Default |	1688353662252
| 36%   45C    P2   109W / 250W |  10433MiB / 11019MiB |     94%      Default |	1688353662786
| 36%   45C    P2   126W / 250W |   8089MiB / 11019MiB |     94%      Default |	1688353663318
| 36%   45C    P2   123W / 250W |  10955MiB / 11019MiB |     96%      Default |	1688353663852
| 36%   46C    P2   123W / 250W |   9965MiB / 11019MiB |     97%      Default |	1688353664394
| 36%   46C    P2   108W / 250W |  10495MiB / 11019MiB |     97%      Default |	1688353664930
| 36%   46C    P2   128W / 250W |  10917MiB / 11019MiB |     96%      Default |	1688353665464
| 36%   46C    P2   117W / 250W |   9677MiB / 11019MiB |     96%      Default |	1688353666001
| 36%   46C    P2   114W / 250W |  10779MiB / 11019MiB |     96%      Default |	1688353666536
| 36%   47C    P2   112W / 250W |   9785MiB / 11019MiB |     96%      Default |	1688353667093
| 36%   47C    P2   108W / 250W |  10985MiB / 11019MiB |     97%      Default |	1688353667632
| 36%   47C    P2   102W / 250W |   9215MiB / 11019MiB |     97%      Default |	1688353668190
| 36%   47C    P2   112W / 250W |  10979MiB / 11019MiB |     95%      Default |	1688353668737
| 36%   47C    P2   117W / 250W |  10833MiB / 11019MiB |     95%      Default |	1688353669268
| 36%   48C    P2   132W / 250W |  10787MiB / 11019MiB |     97%      Default |	1688353669828
| 36%   48C    P2   120W / 250W |  10997MiB / 11019MiB |     97%      Default |	1688353670365
| 36%   48C    P2   132W / 250W |   9593MiB / 11019MiB |     96%      Default |	1688353670901
| 36%   48C    P2   123W / 250W |  10997MiB / 11019MiB |     95%      Default |	1688353671448
| 36%   48C    P2   122W / 250W |  10135MiB / 11019MiB |     95%      Default |	1688353671978
| 36%   48C    P2   108W / 250W |  10819MiB / 11019MiB |     95%      Default |	1688353672515
| 36%   48C    P2   130W / 250W |   9741MiB / 11019MiB |     95%      Default |	1688353673054
| 36%   48C    P2   107W / 250W |  11007MiB / 11019MiB |     95%      Default |	1688353673602
| 36%   49C    P2   126W / 250W |  10655MiB / 11019MiB |     95%      Default |	1688353674136
| 36%   49C    P2   127W / 250W |  10039MiB / 11019MiB |     97%      Default |	1688353674671
| 36%   49C    P2   104W / 250W |   8573MiB / 11019MiB |     97%      Default |	1688353675210
| 36%   49C    P2   128W / 250W |  10375MiB / 11019MiB |     98%      Default |	1688353675775
| 36%   50C    P2   116W / 250W |   9953MiB / 11019MiB |     98%      Default |	1688353676309
| 36%   49C    P2   109W / 250W |  10615MiB / 11019MiB |     96%      Default |	1688353676861
| 36%   49C    P2   102W / 250W |   9211MiB / 11019MiB |     96%      Default |	1688353677403
| 36%   50C    P2   119W / 250W |  10181MiB / 11019MiB |     97%      Default |	1688353677940
| 36%   50C    P2   109W / 250W |   9475MiB / 11019MiB |     96%      Default |	1688353678486
| 36%   50C    P2   123W / 250W |  10817MiB / 11019MiB |     96%      Default |	1688353679019
| 36%   50C    P2   109W / 250W |  10005MiB / 11019MiB |     96%      Default |	1688353679554
| 36%   50C    P2   132W / 250W |  10995MiB / 11019MiB |     96%      Default |	1688353680088
| 37%   50C    P2   118W / 250W |   8815MiB / 11019MiB |     96%      Default |	1688353680625
| 37%   50C    P2    99W / 250W |  10743MiB / 11019MiB |     96%      Default |	1688353681159
| 37%   51C    P2   105W / 250W |   9221MiB / 11019MiB |     97%      Default |	1688353681692
| 37%   51C    P2   116W / 250W |  10971MiB / 11019MiB |     97%      Default |	1688353682243
| 37%   51C    P2   105W / 250W |   8781MiB / 11019MiB |     96%      Default |	1688353682779
| 38%   51C    P2    98W / 250W |   7459MiB / 11019MiB |     96%      Default |	1688353683314
| 38%   51C    P2   106W / 250W |  10883MiB / 11019MiB |     91%      Default |	1688353683856
| 38%   52C    P2   133W / 250W |  10943MiB / 11019MiB |     91%      Default |	1688353684389
| 38%   52C    P2   112W / 250W |   8947MiB / 11019MiB |     99%      Default |	1688353684926
| 39%   51C    P2   109W / 250W |  10809MiB / 11019MiB |     97%      Default |	1688353685474
| 39%   52C    P2    95W / 250W |  10479MiB / 11019MiB |     97%      Default |	1688353686021
| 39%   52C    P2   127W / 250W |   9135MiB / 11019MiB |     96%      Default |	1688353686559
| 39%   52C    P2   122W / 250W |  11005MiB / 11019MiB |     96%      Default |	1688353687089
| 40%   52C    P2   113W / 250W |  10111MiB / 11019MiB |     98%      Default |	1688353687620
| 40%   52C    P2   105W / 250W |   9323MiB / 11019MiB |     98%      Default |	1688353688153
| 40%   52C    P2   118W / 250W |  10509MiB / 11019MiB |     98%      Default |	1688353688688
| 40%   53C    P2   102W / 250W |   9863MiB / 11019MiB |     98%      Default |	1688353689224
| 40%   53C    P2   112W / 250W |  10457MiB / 11019MiB |     97%      Default |	1688353689776
| 40%   53C    P2   124W / 250W |   8569MiB / 11019MiB |     97%      Default |	1688353690313
| 41%   53C    P2   101W / 250W |   9839MiB / 11019MiB |     98%      Default |	1688353690856
| 41%   53C    P2   133W / 250W |   9749MiB / 11019MiB |     98%      Default |	1688353691391
| 41%   53C    P2   113W / 250W |  10949MiB / 11019MiB |     94%      Default |	1688353691940
| 41%   53C    P2   128W / 250W |  10817MiB / 11019MiB |     94%      Default |	1688353692469
| 41%   54C    P2   124W / 250W |  10815MiB / 11019MiB |     97%      Default |	1688353693016
| 42%   53C    P2   106W / 250W |   8811MiB / 11019MiB |     96%      Default |	1688353693553
| 42%   54C    P2   137W / 250W |   9841MiB / 11019MiB |     96%      Default |	1688353694088
| 42%   53C    P2   120W / 250W |  10915MiB / 11019MiB |     95%      Default |	1688353694632
| 42%   54C    P2   114W / 250W |   9301MiB / 11019MiB |     95%      Default |	1688353695175
| 42%   54C    P2   120W / 250W |  10749MiB / 11019MiB |     95%      Default |	1688353695716
| 42%   54C    P2    94W / 250W |  10097MiB / 11019MiB |     95%      Default |	1688353696263
| 43%   54C    P2   112W / 250W |  10913MiB / 11019MiB |     98%      Default |	1688353696800
| 43%   54C    P2   128W / 250W |  10795MiB / 11019MiB |     98%      Default |	1688353697334
| 43%   54C    P2   106W / 250W |   8843MiB / 11019MiB |     93%      Default |	1688353697898
| 43%   54C    P2   124W / 250W |  10777MiB / 11019MiB |     93%      Default |	1688353698446
| 43%   54C    P2   118W / 250W |   9931MiB / 11019MiB |     98%      Default |	1688353698995
| 43%   54C    P2   113W / 250W |  10893MiB / 11019MiB |     96%      Default |	1688353699537
| 44%   54C    P2   112W / 250W |  10241MiB / 11019MiB |     96%      Default |	1688353700081
| 44%   55C    P2   132W / 250W |  11005MiB / 11019MiB |     93%      Default |	1688353700626
| 44%   54C    P2   123W / 250W |   8851MiB / 11019MiB |     93%      Default |	1688353701150
| 44%   55C    P2   127W / 250W |  10819MiB / 11019MiB |     96%      Default |	1688353701682
| 44%   55C    P2   102W / 250W |  10703MiB / 11019MiB |     96%      Default |	1688353702216
| 44%   55C    P2   131W / 250W |  10191MiB / 11019MiB |     95%      Default |	1688353702752
| 44%   55C    P2   118W / 250W |  10879MiB / 11019MiB |     95%      Default |	1688353703296
| 45%   55C    P2   124W / 250W |  10487MiB / 11019MiB |     96%      Default |	1688353703829
| 45%   55C    P2   101W / 250W |   8461MiB / 11019MiB |     96%      Default |	1688353704371
| 45%   56C    P2   136W / 250W |  10687MiB / 11019MiB |     97%      Default |	1688353704913
| 45%   55C    P2   106W / 250W |   8497MiB / 11019MiB |     97%      Default |	1688353705461
| 45%   55C    P2    93W / 250W |   7455MiB / 11019MiB |     98%      Default |	1688353705993
| 45%   55C    P2   115W / 250W |  10699MiB / 11019MiB |     98%      Default |	1688353706527
| 45%   56C    P2   140W / 250W |  10977MiB / 11019MiB |     92%      Default |	1688353707078
| 46%   55C    P2   103W / 250W |   8175MiB / 11019MiB |     95%      Default |	1688353707614
| 46%   56C    P2   142W / 250W |   9759MiB / 11019MiB |     95%      Default |	1688353708162
| 46%   55C    P2   113W / 250W |   8261MiB / 11019MiB |     97%      Default |	1688353708701
| 46%   56C    P2   134W / 250W |  11015MiB / 11019MiB |     97%      Default |	1688353709233
| 46%   56C    P2   115W / 250W |   9255MiB / 11019MiB |     97%      Default |	1688353709767
| 46%   56C    P2   118W / 250W |  10497MiB / 11019MiB |     97%      Default |	1688353710330
| 46%   56C    P2   126W / 250W |  10919MiB / 11019MiB |     95%      Default |	1688353710855
| 46%   56C    P2   121W / 250W |   9679MiB / 11019MiB |     95%      Default |	1688353711408
| 46%   56C    P2   117W / 250W |  10685MiB / 11019MiB |     95%      Default |	1688353711936
| 46%   56C    P2   132W / 250W |   9797MiB / 11019MiB |     95%      Default |	1688353712469
| 46%   56C    P2   113W / 250W |  10695MiB / 11019MiB |     98%      Default |	1688353713011
| 47%   57C    P2   127W / 250W |  10291MiB / 11019MiB |     98%      Default |	1688353713552
| 47%   56C    P2   108W / 250W |   9963MiB / 11019MiB |     93%      Default |	1688353714096
| 47%   56C    P2   134W / 250W |   9701MiB / 11019MiB |     95%      Default |	1688353714631
| 47%   56C    P2   122W / 250W |   8187MiB / 11019MiB |     95%      Default |	1688353715164
| 47%   56C    P2   123W / 250W |  10729MiB / 11019MiB |     96%      Default |	1688353715693
| 47%   56C    P2   108W / 250W |   8923MiB / 11019MiB |     96%      Default |	1688353716236
| 48%   56C    P2   158W / 250W |  11011MiB / 11019MiB |     94%      Default |	1688353716779
| 48%   56C    P2   112W / 250W |   8639MiB / 11019MiB |     94%      Default |	1688353717309
| 48%   57C    P2   141W / 250W |  10797MiB / 11019MiB |     96%      Default |	1688353717843
| 48%   57C    P2   118W / 250W |   8745MiB / 11019MiB |     96%      Default |	1688353718379
| 48%   57C    P2   124W / 250W |  10999MiB / 11019MiB |     97%      Default |	1688353718933
| 48%   57C    P2   101W / 250W |   9073MiB / 11019MiB |     97%      Default |	1688353719473
| 48%   57C    P2   109W / 250W |   8227MiB / 11019MiB |     97%      Default |	1688353720006
| 48%   57C    P2   127W / 250W |  10843MiB / 11019MiB |     97%      Default |	1688353720555
| 48%   57C    P2   113W / 250W |   8989MiB / 11019MiB |     97%      Default |	1688353721090
| 48%   57C    P2   117W / 250W |  10623MiB / 11019MiB |     95%      Default |	1688353721646
| 49%   58C    P2    98W / 250W |   9389MiB / 11019MiB |     95%      Default |	1688353722180
| 49%   57C    P2   112W / 250W |   8531MiB / 11019MiB |     94%      Default |	1688353722735
| 49%   57C    P2   124W / 250W |  10457MiB / 11019MiB |     94%      Default |	1688353723276
| 49%   58C    P2   128W / 250W |  10787MiB / 11019MiB |     97%      Default |	1688353723812
| 49%   57C    P2   116W / 250W |  10561MiB / 11019MiB |     97%      Default |	1688353724350
| 49%   57C    P2   149W / 250W |  10779MiB / 11019MiB |     95%      Default |	1688353724897
| 49%   57C    P2   118W / 250W |   9669MiB / 11019MiB |     95%      Default |	1688353725432
| 49%   57C    P2   139W / 250W |  10983MiB / 11019MiB |     96%      Default |	1688353725987
| 49%   58C    P2   113W / 250W |   9491MiB / 11019MiB |     96%      Default |	1688353726527
| 49%   57C    P2   111W / 250W |  10789MiB / 11019MiB |     97%      Default |	1688353727071
| 49%   58C    P2   106W / 250W |   8829MiB / 11019MiB |     97%      Default |	1688353727604
| 49%   58C    P2   113W / 250W |  10333MiB / 11019MiB |     97%      Default |	1688353728137
| 49%   58C    P2   149W / 250W |   6795MiB / 11019MiB |     97%      Default |	1688353728673
| 49%   58C    P2   115W / 250W |  10699MiB / 11019MiB |     97%      Default |	1688353729205
| 50%   58C    P2   108W / 250W |  10699MiB / 11019MiB |     98%      Default |	1688353729740
| 50%   58C    P2   136W / 250W |  10511MiB / 11019MiB |     98%      Default |	1688353730278
| 50%   58C    P2   116W / 250W |  10759MiB / 11019MiB |     97%      Default |	1688353730812
| 50%   59C    P2   116W / 250W |  10889MiB / 11019MiB |     97%      Default |	1688353731369
| 50%   58C    P2   135W / 250W |  10873MiB / 11019MiB |     95%      Default |	1688353731907
| 50%   58C    P2   109W / 250W |   9273MiB / 11019MiB |     95%      Default |	1688353732445
| 50%   58C    P2   122W / 250W |  10497MiB / 11019MiB |     97%      Default |	1688353732976
| 50%   58C    P2   138W / 250W |   9977MiB / 11019MiB |     97%      Default |	1688353733511
| 50%   58C    P2   116W / 250W |  10829MiB / 11019MiB |     97%      Default |	1688353734053
| 50%   58C    P2   121W / 250W |   9981MiB / 11019MiB |     97%      Default |	1688353734593
| 51%   59C    P2   134W / 250W |  10981MiB / 11019MiB |     97%      Default |	1688353735127
| 51%   58C    P2   131W / 250W |  10833MiB / 11019MiB |     96%      Default |	1688353735669
| 51%   58C    P2   110W / 250W |  10299MiB / 11019MiB |     96%      Default |	1688353736233
| 51%   59C    P2   115W / 250W |   9207MiB / 11019MiB |     98%      Default |	1688353736765
| 51%   58C    P2   127W / 250W |  10663MiB / 11019MiB |     98%      Default |	1688353737308
| 51%   58C    P2   114W / 250W |  10037MiB / 11019MiB |     97%      Default |	1688353737848
| 51%   58C    P2   117W / 250W |  11013MiB / 11019MiB |     97%      Default |	1688353738389
| 51%   58C    P2   123W / 250W |   9773MiB / 11019MiB |     94%      Default |	1688353738934
| 51%   58C    P2   115W / 250W |  10921MiB / 11019MiB |     94%      Default |	1688353739473
| 51%   58C    P2   135W / 250W |  10135MiB / 11019MiB |     98%      Default |	1688353740011
| 51%   59C    P2   110W / 250W |  10803MiB / 11019MiB |     98%      Default |	1688353740556
| 51%   59C    P2   136W / 250W |   9753MiB / 11019MiB |     95%      Default |	1688353741093
| 51%   58C    P2   119W / 250W |  10715MiB / 11019MiB |     95%      Default |	1688353741643
| 51%   59C    P2   153W / 250W |  10661MiB / 11019MiB |     95%      Default |	1688353742174
| 51%   58C    P2   128W / 250W |   9709MiB / 11019MiB |     96%      Default |	1688353742721
| 51%   59C    P2   128W / 250W |  10855MiB / 11019MiB |     96%      Default |	1688353743256
| 51%   59C    P2   131W / 250W |  10033MiB / 11019MiB |     96%      Default |	1688353743806
| 51%   59C    P2   113W / 250W |   9515MiB / 11019MiB |     96%      Default |	1688353744343
| 52%   59C    P2   126W / 250W |  10613MiB / 11019MiB |     98%      Default |	1688353744897
| 52%   59C    P2   133W / 250W |  10389MiB / 11019MiB |     98%      Default |	1688353745434
| 52%   59C    P2   114W / 250W |   8913MiB / 11019MiB |     95%      Default |	1688353745978
| 52%   59C    P2   116W / 250W |   9317MiB / 11019MiB |     95%      Default |	1688353746542
| 52%   59C    P2   146W / 250W |  10415MiB / 11019MiB |     97%      Default |	1688353747084
| 52%   59C    P2   117W / 250W |  10699MiB / 11019MiB |     97%      Default |	1688353747620
| 52%   59C    P2   139W / 250W |  10537MiB / 11019MiB |     96%      Default |	1688353748155
| 52%   59C    P2   112W / 250W |   9473MiB / 11019MiB |     96%      Default |	1688353748701
| 52%   60C    P2    95W / 250W |   9705MiB / 11019MiB |     94%      Default |	1688353749231
| 52%   59C    P2   124W / 250W |   9579MiB / 11019MiB |     96%      Default |	1688353749767
| 52%   59C    P2   141W / 250W |   9891MiB / 11019MiB |     96%      Default |	1688353750301
| 52%   59C    P2   127W / 250W |   9535MiB / 11019MiB |     97%      Default |	1688353750835
| 52%   59C    P2   100W / 250W |   8235MiB / 11019MiB |     97%      Default |	1688353751364
| 52%   60C    P2   115W / 250W |  10693MiB / 11019MiB |     92%      Default |	1688353751900
| 52%   59C    P2   117W / 250W |   9517MiB / 11019MiB |     92%      Default |	1688353752464
| 52%   59C    P2   128W / 250W |  10771MiB / 11019MiB |     99%      Default |	1688353752996
| 52%   60C    P2   140W / 250W |  10607MiB / 11019MiB |     99%      Default |	1688353753530
| 53%   60C    P2   126W / 250W |  10929MiB / 11019MiB |     98%      Default |	1688353754088
| 53%   60C    P2   104W / 250W |   9511MiB / 11019MiB |     98%      Default |	1688353754620
| 53%   60C    P2   135W / 250W |  10007MiB / 11019MiB |     96%      Default |	1688353755160
| 53%   59C    P2   116W / 250W |  10527MiB / 11019MiB |     96%      Default |	1688353755709
| 53%   59C    P2   129W / 250W |  10927MiB / 11019MiB |     94%      Default |	1688353756245
| 53%   60C    P2   116W / 250W |   9527MiB / 11019MiB |     98%      Default |	1688353756796
| 53%   60C    P2   143W / 250W |  10807MiB / 11019MiB |     98%      Default |	1688353757332
| 53%   59C    P2   131W / 250W |   9483MiB / 11019MiB |     96%      Default |	1688353757866
| 53%   59C    P2   138W / 250W |  10169MiB / 11019MiB |     96%      Default |	1688353758419
| 53%   59C    P2    96W / 250W |   8617MiB / 11019MiB |     96%      Default |	1688353758950
| 53%   59C    P2   131W / 250W |  10237MiB / 11019MiB |     96%      Default |	1688353759495
| 53%   60C    P2   137W / 250W |  10719MiB / 11019MiB |     95%      Default |	1688353760036
| 53%   60C    P2   132W / 250W |  10079MiB / 11019MiB |     95%      Default |	1688353760575
| 53%   60C    P2   119W / 250W |  10739MiB / 11019MiB |     97%      Default |	1688353761107
| 53%   60C    P2   142W / 250W |  10297MiB / 11019MiB |     97%      Default |	1688353761682
| 53%   60C    P2   117W / 250W |  11009MiB / 11019MiB |     94%      Default |	1688353762210
| 53%   60C    P2   136W / 250W |  10483MiB / 11019MiB |     97%      Default |	1688353762765
| 53%   60C    P2   118W / 250W |  10763MiB / 11019MiB |     97%      Default |	1688353763307
| 53%   60C    P2   138W / 250W |  10749MiB / 11019MiB |     98%      Default |	1688353763859
| 53%   60C    P2   107W / 250W |   9503MiB / 11019MiB |     98%      Default |	1688353764396
| 53%   60C    P2   126W / 250W |  10657MiB / 11019MiB |     98%      Default |	1688353764930
| 53%   60C    P2   120W / 250W |   9667MiB / 11019MiB |     98%      Default |	1688353765464
| 54%   60C    P2   119W / 250W |  10089MiB / 11019MiB |     97%      Default |	1688353766000
| 54%   60C    P2   129W / 250W |  10777MiB / 11019MiB |     97%      Default |	1688353766550
| 54%   60C    P2   137W / 250W |  10941MiB / 11019MiB |     98%      Default |	1688353767114
| 53%   60C    P2   116W / 250W |   9683MiB / 11019MiB |     98%      Default |	1688353767655
| 54%   60C    P2   122W / 250W |  10895MiB / 11019MiB |     95%      Default |	1688353768195
| 54%   60C    P2   116W / 250W |   8913MiB / 11019MiB |     95%      Default |	1688353768743
| 54%   60C    P2   100W / 250W |   8685MiB / 11019MiB |     97%      Default |	1688353769294
| 54%   60C    P2   142W / 250W |  10821MiB / 11019MiB |     97%      Default |	1688353769828
| 54%   60C    P2   103W / 250W |  10005MiB / 11019MiB |     97%      Default |	1688353770370
| 54%   60C    P2   102W / 250W |   8649MiB / 11019MiB |     97%      Default |	1688353770926
| 54%   61C    P2   116W / 250W |   9101MiB / 11019MiB |     97%      Default |	1688353771460
| 54%   60C    P2   129W / 250W |  10993MiB / 11019MiB |     97%      Default |	1688353771997
| 54%   60C    P2   119W / 250W |  10249MiB / 11019MiB |     97%      Default |	1688353772533
| 54%   60C    P2   117W / 250W |  10967MiB / 11019MiB |     95%      Default |	1688353773076
| 54%   60C    P2   110W / 250W |   8479MiB / 11019MiB |     95%      Default |	1688353773613
| 54%   60C    P2   107W / 250W |   7451MiB / 11019MiB |     96%      Default |	1688353774146
| 54%   60C    P2   140W / 250W |  10705MiB / 11019MiB |     96%      Default |	1688353774682
| 54%   60C    P2   131W / 250W |   9495MiB / 11019MiB |     93%      Default |	1688353775222
| 54%   61C    P2   118W / 250W |  10853MiB / 11019MiB |     93%      Default |	1688353775763
| 54%   60C    P2   113W / 250W |   8749MiB / 11019MiB |     96%      Default |	1688353776306
| 54%   60C    P2   153W / 250W |  10499MiB / 11019MiB |     96%      Default |	1688353776877
| 54%   60C    P2   119W / 250W |   9437MiB / 11019MiB |     96%      Default |	1688353777418
| 54%   60C    P2   111W / 250W |  10765MiB / 11019MiB |     96%      Default |	1688353777957
| 54%   60C    P2   131W / 250W |   9605MiB / 11019MiB |     96%      Default |	1688353778488
| 54%   60C    P2   119W / 250W |  10097MiB / 11019MiB |     97%      Default |	1688353779047
| 54%   61C    P2   115W / 250W |   8763MiB / 11019MiB |     97%      Default |	1688353779580
| 54%   61C    P2   110W / 250W |  10649MiB / 11019MiB |     97%      Default |	1688353780130
| 54%   60C    P2   112W / 250W |  10239MiB / 11019MiB |     97%      Default |	1688353780666
| 54%   61C    P2   140W / 250W |  10819MiB / 11019MiB |     92%      Default |	1688353781211
| 54%   60C    P2   107W / 250W |   8337MiB / 11019MiB |     92%      Default |	1688353781747
| 55%   61C    P2   127W / 250W |  10007MiB / 11019MiB |     97%      Default |	1688353782281
| 54%   60C    P2   117W / 250W |  10671MiB / 11019MiB |     97%      Default |	1688353782813
| 55%   60C    P2   121W / 250W |  10915MiB / 11019MiB |     97%      Default |	1688353783343
| 55%   60C    P2   135W / 250W |   8711MiB / 11019MiB |     96%      Default |	1688353783880
| 55%   61C    P2   139W / 250W |  11003MiB / 11019MiB |     96%      Default |	1688353784446
| 55%   60C    P2   118W / 250W |   8299MiB / 11019MiB |     94%      Default |	1688353784983
| 55%   61C    P2   142W / 250W |  10903MiB / 11019MiB |     94%      Default |	1688353785514
| 55%   60C    P2   107W / 250W |  10153MiB / 11019MiB |     96%      Default |	1688353786052
| 55%   61C    P2   136W / 250W |  10011MiB / 11019MiB |     96%      Default |	1688353786585
| 55%   60C    P2   117W / 250W |   9781MiB / 11019MiB |     96%      Default |	1688353787127
| 55%   60C    P2   156W / 250W |  10659MiB / 11019MiB |     96%      Default |	1688353787658
| 55%   60C    P2   124W / 250W |   9313MiB / 11019MiB |     95%      Default |	1688353788192
| 55%   61C    P2   121W / 250W |  10861MiB / 11019MiB |     95%      Default |	1688353788738
| 55%   61C    P2   157W / 250W |  10451MiB / 11019MiB |     96%      Default |	1688353789279
| 55%   61C    P2   132W / 250W |  10557MiB / 11019MiB |     96%      Default |	1688353789819
| 55%   61C    P2   144W / 250W |  10897MiB / 11019MiB |     96%      Default |	1688353790369
| 55%   61C    P2   133W / 250W |   9589MiB / 11019MiB |     96%      Default |	1688353790903
| 55%   61C    P2   116W / 250W |  10935MiB / 11019MiB |     96%      Default |	1688353791453
| 55%   61C    P2   120W / 250W |  10541MiB / 11019MiB |     97%      Default |	1688353792005
| 55%   61C    P2   132W / 250W |  10063MiB / 11019MiB |     97%      Default |	1688353792537
| 55%   61C    P2   121W / 250W |   9965MiB / 11019MiB |     95%      Default |	1688353793079
| 55%   61C    P2   132W / 250W |   9469MiB / 11019MiB |     95%      Default |	1688353793638
| 55%   61C    P2   131W / 250W |  10857MiB / 11019MiB |     98%      Default |	1688353794162
| 55%   61C    P2   118W / 250W |  10337MiB / 11019MiB |     98%      Default |	1688353794717
| 55%   61C    P2   108W / 250W |   8451MiB / 11019MiB |     98%      Default |	1688353795252
| 55%   61C    P2   120W / 250W |  10845MiB / 11019MiB |     98%      Default |	1688353795784
| 55%   61C    P2   122W / 250W |  11013MiB / 11019MiB |     96%      Default |	1688353796333
| 55%   61C    P2    98W / 250W |   7437MiB / 11019MiB |     96%      Default |	1688353796868
| 55%   61C    P2   144W / 250W |  10679MiB / 11019MiB |     94%      Default |	1688353797406
| 56%   61C    P2   115W / 250W |   8531MiB / 11019MiB |     95%      Default |	1688353797941
| 56%   61C    P2   128W / 250W |  10757MiB / 11019MiB |     95%      Default |	1688353798473
| 56%   61C    P2   128W / 250W |  10653MiB / 11019MiB |     97%      Default |	1688353799028
| 56%   61C    P2   153W / 250W |   9151MiB / 11019MiB |     97%      Default |	1688353799566
| 56%   61C    P2   136W / 250W |  10921MiB / 11019MiB |     97%      Default |	1688353800164
| 56%   61C    P2   133W / 250W |  10485MiB / 11019MiB |     97%      Default |	1688353800692
| 56%   61C    P2   122W / 250W |   8291MiB / 11019MiB |     95%      Default |	1688353801234
| 56%   62C    P2   131W / 250W |  10919MiB / 11019MiB |     95%      Default |	1688353801768
| 56%   61C    P2   123W / 250W |  10213MiB / 11019MiB |     97%      Default |	1688353802304
| 56%   61C    P2   107W / 250W |   8995MiB / 11019MiB |     97%      Default |	1688353802840
| 56%   61C    P2   128W / 250W |   9483MiB / 11019MiB |     94%      Default |	1688353803377
| 56%   61C    P2   121W / 250W |  10759MiB / 11019MiB |     94%      Default |	1688353803920
| 56%   62C    P2    99W / 250W |   9267MiB / 11019MiB |     95%      Default |	1688353804453
| 56%   61C    P2   112W / 250W |   9053MiB / 11019MiB |     97%      Default |	1688353804988
| 56%   61C    P2   144W / 250W |  10017MiB / 11019MiB |     97%      Default |	1688353805535
| 56%   62C    P2   114W / 250W |  10033MiB / 11019MiB |     97%      Default |	1688353806075
| 56%   61C    P2   134W / 250W |  10739MiB / 11019MiB |     97%      Default |	1688353806627
| 56%   61C    P2   142W / 250W |  10297MiB / 11019MiB |     96%      Default |	1688353807170
| 56%   61C    P2   129W / 250W |  10987MiB / 11019MiB |     96%      Default |	1688353807708
| 56%   61C    P2   141W / 250W |  10735MiB / 11019MiB |     94%      Default |	1688353808250
| 56%   61C    P2   105W / 250W |   8639MiB / 11019MiB |     94%      Default |	1688353808793
| 56%   62C    P2   136W / 250W |   9999MiB / 11019MiB |     95%      Default |	1688353809324
| 56%   61C    P2   126W / 250W |  10403MiB / 11019MiB |     95%      Default |	1688353809863
| 56%   61C    P2   139W / 250W |  10659MiB / 11019MiB |     96%      Default |	1688353810410
| 56%   61C    P2   127W / 250W |  10001MiB / 11019MiB |     96%      Default |	1688353810946
| 56%   61C    P2   129W / 250W |  10855MiB / 11019MiB |     94%      Default |	1688353811478
| 56%   61C    P2   110W / 250W |  10035MiB / 11019MiB |     97%      Default |	1688353812044
| 56%   62C    P2   121W / 250W |  10945MiB / 11019MiB |     97%      Default |	1688353812583
| 56%   62C    P2   143W / 250W |  10629MiB / 11019MiB |     95%      Default |	1688353813127
| 56%   62C    P2   106W / 250W |   9601MiB / 11019MiB |     95%      Default |	1688353813686
| 56%   62C    P2   144W / 250W |  11013MiB / 11019MiB |     97%      Default |	1688353814239
| 56%   61C    P2   118W / 250W |   8615MiB / 11019MiB |     97%      Default |	1688353814800
| 56%   62C    P2   152W / 250W |  10577MiB / 11019MiB |     95%      Default |	1688353815333
| 56%   61C    P2   122W / 250W |  10701MiB / 11019MiB |     95%      Default |	1688353815885
| 56%   62C    P2   145W / 250W |   9445MiB / 11019MiB |     96%      Default |	1688353816437
| 57%   62C    P2   131W / 250W |   9863MiB / 11019MiB |     96%      Default |	1688353816990
| 57%   61C    P2   128W / 250W |  11003MiB / 11019MiB |     96%      Default |	1688353817530
| 57%   62C    P2   116W / 250W |  10255MiB / 11019MiB |     97%      Default |	1688353818073
| 57%   62C    P2   128W / 250W |  10961MiB / 11019MiB |     97%      Default |	1688353818625
| 57%   62C    P2   116W / 250W |  10573MiB / 11019MiB |     96%      Default |	1688353819171
| 57%   61C    P2   109W / 250W |   8475MiB / 11019MiB |     96%      Default |	1688353819718
| 57%   62C    P2   104W / 250W |   9225MiB / 11019MiB |     95%      Default |	1688353820252
| 57%   62C    P2   140W / 250W |   9487MiB / 11019MiB |     95%      Default |	1688353820804
| 57%   61C    P2   117W / 250W |   8179MiB / 11019MiB |     97%      Default |	1688353821343
| 57%   61C    P2   143W / 250W |   9769MiB / 11019MiB |     97%      Default |	1688353821891
| 57%   61C    P2   148W / 250W |   8591MiB / 11019MiB |     94%      Default |	1688353822432
| 57%   61C    P2   129W / 250W |   8625MiB / 11019MiB |     97%      Default |	1688353822997
| 57%   62C    P2   141W / 250W |  10381MiB / 11019MiB |     97%      Default |	1688353823564
| 57%   62C    P2   130W / 250W |  10409MiB / 11019MiB |     94%      Default |	1688353824102
| 57%   62C    P2   138W / 250W |  10505MiB / 11019MiB |     94%      Default |	1688353824633
| 57%   62C    P2   135W / 250W |   9927MiB / 11019MiB |     97%      Default |	1688353825173
| 57%   61C    P2   119W / 250W |   9439MiB / 11019MiB |     97%      Default |	1688353825725
| 57%   62C    P2   118W / 250W |  10439MiB / 11019MiB |     97%      Default |	1688353826259
| 57%   62C    P2   126W / 250W |  10395MiB / 11019MiB |     97%      Default |	1688353826792
| 57%   62C    P2   128W / 250W |   9485MiB / 11019MiB |     96%      Default |	1688353827330
| 57%   62C    P2   125W / 250W |  10559MiB / 11019MiB |     96%      Default |	1688353827867
| 57%   62C    P2   138W / 250W |  10709MiB / 11019MiB |     94%      Default |	1688353828418
| 57%   62C    P2   131W / 250W |  10847MiB / 11019MiB |     94%      Default |	1688353828976
| 57%   62C    P2   126W / 250W |   9845MiB / 11019MiB |     97%      Default |	1688353829507
| 57%   62C    P2   143W / 250W |  10659MiB / 11019MiB |     93%      Default |	1688353830047
| 57%   61C    P2   123W / 250W |   8919MiB / 11019MiB |     93%      Default |	1688353830596
| 57%   62C    P2   128W / 250W |  10899MiB / 11019MiB |     96%      Default |	1688353831144
| 57%   61C    P2   122W / 250W |   9397MiB / 11019MiB |     96%      Default |	1688353831691
| 57%   62C    P2   145W / 250W |  10755MiB / 11019MiB |     95%      Default |	1688353832229
| 57%   61C    P2   117W / 250W |   8323MiB / 11019MiB |     95%      Default |	1688353832773
| 57%   62C    P2   114W / 250W |  10647MiB / 11019MiB |     96%      Default |	1688353833305
| 57%   61C    P2   133W / 250W |   9425MiB / 11019MiB |     96%      Default |	1688353833839
| 57%   62C    P2   136W / 250W |  10859MiB / 11019MiB |     96%      Default |	1688353834383
| 57%   63C    P2   127W / 250W |  10393MiB / 11019MiB |     96%      Default |	1688353834934
| 57%   61C    P2   117W / 250W |   8611MiB / 11019MiB |     97%      Default |	1688353835476
| 57%   62C    P2   131W / 250W |  10627MiB / 11019MiB |     97%      Default |	1688353836006
| 57%   62C    P2   123W / 250W |   8609MiB / 11019MiB |     96%      Default |	1688353836542
| 57%   62C    P2   145W / 250W |  10911MiB / 11019MiB |     93%      Default |	1688353837081
| 57%   62C    P2   137W / 250W |  10521MiB / 11019MiB |     93%      Default |	1688353837620
| 57%   62C    P2   110W / 250W |  10073MiB / 11019MiB |     97%      Default |	1688353838156
| 57%   62C    P2   109W / 250W |   9365MiB / 11019MiB |     97%      Default |	1688353838693
| 57%   62C    P2   146W / 250W |  10483MiB / 11019MiB |     95%      Default |	1688353839240
| 57%   62C    P2   123W / 250W |  10741MiB / 11019MiB |     95%      Default |	1688353839779
| 57%   62C    P2   132W / 250W |  10015MiB / 11019MiB |     96%      Default |	1688353840335
| 57%   62C    P2   125W / 250W |   8457MiB / 11019MiB |     96%      Default |	1688353840861
| 57%   63C    P2   140W / 250W |  10685MiB / 11019MiB |     96%      Default |	1688353841398
| 57%   62C    P2   114W / 250W |   8493MiB / 11019MiB |     96%      Default |	1688353841960
| 57%   62C    P2   109W / 250W |   8119MiB / 11019MiB |     98%      Default |	1688353842513
| 58%   62C    P2   147W / 250W |  10703MiB / 11019MiB |     94%      Default |	1688353843069
| 58%   62C    P2   162W / 250W |  10033MiB / 11019MiB |     94%      Default |	1688353843604
| 58%   62C    P2   121W / 250W |   8103MiB / 11019MiB |     98%      Default |	1688353844139
| 58%   62C    P2   131W / 250W |  10657MiB / 11019MiB |     98%      Default |	1688353844672
| 58%   62C    P2   105W / 250W |   8923MiB / 11019MiB |     95%      Default |	1688353845211
| 57%   62C    P2   122W / 250W |   8543MiB / 11019MiB |     95%      Default |	1688353845753
| 58%   62C    P2   120W / 250W |  10995MiB / 11019MiB |     96%      Default |	1688353846299
| 58%   62C    P2   121W / 250W |   8909MiB / 11019MiB |     96%      Default |	1688353846870
| 58%   62C    P2   118W / 250W |   9381MiB / 11019MiB |     98%      Default |	1688353847393
| 58%   62C    P2   110W / 250W |   9433MiB / 11019MiB |     98%      Default |	1688353847942
| 58%   62C    P2   122W / 250W |  10933MiB / 11019MiB |     97%      Default |	1688353848481
| 58%   62C    P2   122W / 250W |  10757MiB / 11019MiB |     97%      Default |	1688353849025
| 58%   63C    P2   101W / 250W |  10203MiB / 11019MiB |     98%      Default |	1688353849570
| 58%   62C    P2   128W / 250W |  10047MiB / 11019MiB |     97%      Default |	1688353850109
| 58%   62C    P2   148W / 250W |  10987MiB / 11019MiB |     97%      Default |	1688353850669
| 58%   62C    P2   115W / 250W |   9319MiB / 11019MiB |     94%      Default |	1688353851208
| 58%   62C    P2   131W / 250W |  10811MiB / 11019MiB |     94%      Default |	1688353851740
| 58%   62C    P2   116W / 250W |   9827MiB / 11019MiB |     95%      Default |	1688353852276
| 58%   62C    P2   147W / 250W |  11009MiB / 11019MiB |     95%      Default |	1688353852828
| 58%   63C    P2   112W / 250W |   9145MiB / 11019MiB |     95%      Default |	1688353853363
| 58%   62C    P2   126W / 250W |  10913MiB / 11019MiB |     95%      Default |	1688353853909
| 58%   63C    P2   119W / 250W |   9357MiB / 11019MiB |     96%      Default |	1688353854446
| 58%   62C    P2   115W / 250W |  10751MiB / 11019MiB |     96%      Default |	1688353854981
| 58%   61C    P2   121W / 250W |   8611MiB / 11019MiB |     96%      Default |	1688353855512
| 58%   62C    P2   131W / 250W |  10659MiB / 11019MiB |     96%      Default |	1688353856055
| 58%   62C    P2   141W / 250W |  10037MiB / 11019MiB |     94%      Default |	1688353856590
| 58%   62C    P2   132W / 250W |   8567MiB / 11019MiB |     97%      Default |	1688353857122
| 58%   62C    P2   152W / 250W |  10787MiB / 11019MiB |     97%      Default |	1688353857681
| 58%   62C    P2   120W / 250W |   8951MiB / 11019MiB |     98%      Default |	1688353858216
| 58%   62C    P2   122W / 250W |  10625MiB / 11019MiB |     98%      Default |	1688353858768
| 58%   62C    P2   150W / 250W |  10585MiB / 11019MiB |     98%      Default |	1688353859314
| 58%   62C    P2   144W / 250W |  10947MiB / 11019MiB |     98%      Default |	1688353859850
| 58%   62C    P2   119W / 250W |   9653MiB / 11019MiB |     98%      Default |	1688353860402
| 58%   62C    P2   135W / 250W |  10793MiB / 11019MiB |     98%      Default |	1688353860941
| 58%   62C    P2   122W / 250W |  10077MiB / 11019MiB |     95%      Default |	1688353861480
| 58%   62C    P2   107W / 250W |   8649MiB / 11019MiB |     95%      Default |	1688353862024
| 58%   62C    P2   121W / 250W |  11005MiB / 11019MiB |     96%      Default |	1688353862562
| 58%   62C    P2   135W / 250W |  10777MiB / 11019MiB |     96%      Default |	1688353863104
| 58%   62C    P2   118W / 250W |  10103MiB / 11019MiB |     97%      Default |	1688353863649
| 58%   62C    P2   124W / 250W |  10959MiB / 11019MiB |     93%      Default |	1688353864183
| 58%   63C    P2   115W / 250W |   8843MiB / 11019MiB |     93%      Default |	1688353864720
| 58%   62C    P2   108W / 250W |   8073MiB / 11019MiB |     93%      Default |	1688353865280
| 58%   62C    P2   132W / 250W |  10715MiB / 11019MiB |     93%      Default |	1688353865819
| 58%   62C    P2   144W / 250W |  10995MiB / 11019MiB |     96%      Default |	1688353866357
| 58%   62C    P2   134W / 250W |   9949MiB / 11019MiB |     96%      Default |	1688353866892
| 58%   62C    P2   129W / 250W |  10757MiB / 11019MiB |     95%      Default |	1688353867424
| 58%   62C    P2   134W / 250W |  10031MiB / 11019MiB |     95%      Default |	1688353867971
| 58%   62C    P2   123W / 250W |   9509MiB / 11019MiB |     96%      Default |	1688353868510
| 58%   62C    P2   133W / 250W |  10997MiB / 11019MiB |     96%      Default |	1688353869048
| 58%   62C    P2   137W / 250W |   9599MiB / 11019MiB |     98%      Default |	1688353869587
| 58%   62C    P2   121W / 250W |  10913MiB / 11019MiB |     98%      Default |	1688353870128
| 58%   63C    P2   124W / 250W |  10535MiB / 11019MiB |     96%      Default |	1688353870660
| 58%   62C    P2   110W / 250W |   8451MiB / 11019MiB |     95%      Default |	1688353871189
| 58%   62C    P2   128W / 250W |  10455MiB / 11019MiB |     95%      Default |	1688353871724
| 58%   62C    P2   137W / 250W |  10983MiB / 11019MiB |     95%      Default |	1688353872262
| 58%   62C    P2   135W / 250W |   9477MiB / 11019MiB |     95%      Default |	1688353872797
| 58%   62C    P2   148W / 250W |  10985MiB / 11019MiB |     97%      Default |	1688353873340
| 58%   62C    P2   132W / 250W |  10833MiB / 11019MiB |     97%      Default |	1688353873872
| 58%   62C    P2   116W / 250W |  10041MiB / 11019MiB |     98%      Default |	1688353874414
| 58%   63C    P2   123W / 250W |  11005MiB / 11019MiB |     98%      Default |	1688353874961
| 58%   62C    P2   139W / 250W |  10285MiB / 11019MiB |     94%      Default |	1688353875489
| 58%   62C    P2   123W / 250W |  10985MiB / 11019MiB |     94%      Default |	1688353876025
| 58%   62C    P2   139W / 250W |  10121MiB / 11019MiB |     96%      Default |	1688353876582
| 58%   62C    P2   133W / 250W |  10789MiB / 11019MiB |     96%      Default |	1688353877119
| 58%   62C    P2   145W / 250W |   9747MiB / 11019MiB |     96%      Default |	1688353877654
| 58%   62C    P2   121W / 250W |  10677MiB / 11019MiB |     96%      Default |	1688353878201
| 58%   62C    P2   132W / 250W |  10655MiB / 11019MiB |     96%      Default |	1688353878736
| 58%   62C    P2   138W / 250W |  10025MiB / 11019MiB |     97%      Default |	1688353879295
| 58%   62C    P2   117W / 250W |   8559MiB / 11019MiB |     97%      Default |	1688353879832
| 58%   62C    P2   151W / 250W |  10773MiB / 11019MiB |     97%      Default |	1688353880390
| 58%   63C    P2   135W / 250W |   9281MiB / 11019MiB |     97%      Default |	1688353880937
| 58%   62C    P2   128W / 250W |  10621MiB / 11019MiB |     96%      Default |	1688353881494
| 58%   62C    P2   121W / 250W |  10497MiB / 11019MiB |     96%      Default |	1688353882047
| 59%   62C    P2   134W / 250W |  11015MiB / 11019MiB |     96%      Default |	1688353882579
| 59%   62C    P2   125W / 250W |   9775MiB / 11019MiB |     96%      Default |	1688353883115
| 58%   62C    P2   129W / 250W |  10825MiB / 11019MiB |     96%      Default |	1688353883673
| 58%   62C    P2   123W / 250W |  10719MiB / 11019MiB |     96%      Default |	1688353884213
| 58%   63C    P2   146W / 250W |  10971MiB / 11019MiB |     95%      Default |	1688353884748
| 59%   63C    P2   117W / 250W |   9069MiB / 11019MiB |     98%      Default |	1688353885285
| 59%   62C    P2   114W / 250W |   8191MiB / 11019MiB |     98%      Default |	1688353885855
| 59%   62C    P2   142W / 250W |  10263MiB / 11019MiB |     96%      Default |	1688353886402
| 59%   62C    P2   110W / 250W |   9595MiB / 11019MiB |     96%      Default |	1688353886939
| 58%   62C    P2   142W / 250W |   9897MiB / 11019MiB |     94%      Default |	1688353887502
| 58%   61C    P2    87W / 250W |  10933MiB / 11019MiB |     94%      Default |	1688353888038
| 58%   61C    P2    87W / 250W |  10913MiB / 11019MiB |     44%      Default |	1688353888576
| 59%   61C    P0    85W / 250W |      8MiB / 11019MiB |     22%      Default |	1688353889114
