3159560 toao      20   0 2530776 102716  69672 R 100.0   0.1   0:00.20 nts	1696948652630
3159560 toao      20   0 2533440 105996  70376 R 100.0   0.1   0:00.23 nts	1696948652663
3159560 toao      20   0 8431764 218592 120772 R  6874   0.2   0:28.24 nts	1696948653370
3159560 toao      20   0 8431764 218592 120772 R  7818   0.2   0:29.69 nts	1696948653394
3159560 toao      20   0 8523988 282856 120896 R 194.4   0.2   1:03.14 nts	1696948654078
3159560 toao      20   0 8523988 282856 120896 R 205.9   0.2   1:03.18 nts	1696948654103
3159560 toao      20   0 8523988 282856 120896 R 200.0   0.2   1:04.55 nts	1696948654795
3159560 toao      20   0 8523988 282856 120896 R 205.9   0.2   1:04.59 nts	1696948654814
3159560 toao      20   0 8523988 282856 120896 R 205.9   0.2   1:05.96 nts	1696948655500
3159560 toao      20   0 8523988 282856 120896 R 205.9   0.2   1:06.00 nts	1696948655523
3159560 toao      20   0 8523988 282856 120896 R 188.9   0.2   1:07.39 nts	1696948656206
3159560 toao      20   0 8523988 282856 120896 R 205.9   0.2   1:07.42 nts	1696948656227
3159560 toao      20   0 8523988 302128 120896 R 200.0   0.2   1:08.81 nts	1696948656923
3159560 toao      20   0 8523988 302128 120896 R 212.5   0.2   1:08.81 nts	1696948656932
3159560 toao      20   0 8523988 302128 120896 R 205.9   0.2   1:10.23 nts	1696948657634
3159560 toao      20   0 8523988 302128 120896 R 205.9   0.2   1:10.23 nts	1696948657630
3159560 toao      20   0 8523988 302128 120896 R 205.9   0.2   1:11.64 nts	1696948658339
3159560 toao      20   0 8523988 302128 120896 R 194.4   0.2   1:11.64 nts	1696948658339
3159560 toao      20   0 9772180 596876 120960 R  1141   0.5   1:16.98 nts	1696948659047
3159560 toao      20   0 9772180 596876 120960 R  1094   0.5   1:16.98 nts	1696948659047
3159560 toao      20   0 9772180 598712 120960 R  1218   0.5   1:25.01 nts	1696948659752
3159560 toao      20   0 9772180 598712 120960 R  1218   0.5   1:25.01 nts	1696948659754
3159560 toao      20   0 9772180 834096 120960 R  1394   0.6   1:34.79 nts	1696948660462
3159560 toao      20   0 9772180 834096 120960 R  1418   0.6   1:34.79 nts	1696948660462
3159560 toao      20   0   13.5g 838316 121092 R  1450   0.6   1:45.07 nts	1696948661172
3159560 toao      20   0   13.5g 838316 121092 R  1450   0.6   1:45.07 nts	1696948661171
3159560 toao      20   0   13.5g 843328 121092 R 205.9   0.6   1:46.49 nts	1696948661895
3159560 toao      20   0   13.5g 843328 121092 R 205.9   0.6   1:46.49 nts	1696948661892
3159560 toao      20   0   13.5g 853360 121092 R 205.6   0.6   1:47.93 nts	1696948662608
3159560 toao      20   0   13.5g 853360 121092 R 188.9   0.6   1:47.93 nts	1696948662609
3159560 toao      20   0   13.5g 859168 121092 R 211.8   0.7   1:49.37 nts	1696948663333
3159560 toao      20   0   13.5g 859168 121092 R 200.0   0.7   1:49.37 nts	1696948663327
3159560 toao      20   0   13.5g 871312 121092 R 205.9   0.7   1:50.79 nts	1696948664047
3159560 toao      20   0   13.5g 871312 121092 R 200.0   0.7   1:50.80 nts	1696948664047
3159560 toao      20   0   14.6g 965464 121092 R 582.4   0.7   1:52.93 nts	1696948664761
3159560 toao      20   0   14.6g 965464 121092 R 582.4   0.7   1:52.93 nts	1696948664760
3159560 toao      20   0   14.6g   1.0g 121092 R 544.4   0.8   1:56.82 nts	1696948665480
3159560 toao      20   0   14.6g   1.0g 121092 R 544.4   0.8   1:56.82 nts	1696948665479
3159560 toao      20   0   14.6g   1.1g 121092 R 541.2   0.9   2:00.29 nts	1696948666195
3159560 toao      20   0   14.6g   1.1g 121092 R 541.2   0.9   2:00.29 nts	1696948666196
3159560 toao      20   0   14.6g   1.2g 121092 R 616.7   1.0   2:04.39 nts	1696948666907
3159560 toao      20   0   14.6g   1.2g 121092 R 616.7   1.0   2:04.39 nts	1696948666906
3159560 toao      20   0   14.6g   1.3g 121092 R 541.2   1.1   2:07.86 nts	1696948667621
3159560 toao      20   0   14.6g   1.3g 121092 R 547.1   1.1   2:07.87 nts	1696948667620
3159560 toao      20   0   18.7g   1.4g 121092 R 105.9   1.1   2:12.85 nts	1696948668331
3159560 toao      20   0   18.7g   1.4g 121092 R 105.9   1.1   2:12.85 nts	1696948668332
3159560 toao      20   0   18.7g   1.4g 121092 R  94.4   1.1   2:13.57 nts	1696948669049
3159560 toao      20   0   18.7g   1.4g 121092 R 100.0   1.1   2:13.57 nts	1696948669049
3159560 toao      20   0   18.7g   1.4g 121092 R 100.0   1.1   2:14.29 nts	1696948669769
3159560 toao      20   0   18.7g   1.4g 121092 R 100.0   1.1   2:14.29 nts	1696948669773
3159560 toao      20   0   18.7g   1.4g 121092 R 100.0   1.1   2:15.01 nts	1696948670488
3159560 toao      20   0   18.7g   1.4g 121092 R 100.0   1.1   2:15.01 nts	1696948670487
3159560 toao      20   0   18.7g   1.4g 121092 R 100.0   1.1   2:15.71 nts	1696948671205
3159560 toao      20   0   18.7g   1.4g 121092 R  94.1   1.1   2:15.71 nts	1696948671207
3159560 toao      20   0   18.7g   1.4g 121092 R  94.1   1.1   2:16.42 nts	1696948671916
3159560 toao      20   0   18.7g   1.4g 121092 R 100.0   1.1   2:16.42 nts	1696948671915
3159560 toao      20   0   19.2g   1.6g 121092 R 111.8   1.3   2:17.14 nts	1696948672624
3159560 toao      20   0   19.2g   1.6g 121092 R 111.8   1.3   2:17.14 nts	1696948672624
3159560 toao      20   0   19.2g   1.6g 121092 R 105.9   1.3   2:17.84 nts	1696948673332
3159560 toao      20   0   19.2g   1.6g 121092 R 105.9   1.3   2:17.84 nts	1696948673333
3159560 toao      20   0   19.2g   1.7g 121092 R 100.0   1.3   2:18.55 nts	1696948674039
3159560 toao      20   0   19.2g   1.7g 121092 R 100.0   1.3   2:18.55 nts	1696948674039
3159560 toao      20   0   19.2g   1.7g 121092 R 100.0   1.3   2:19.25 nts	1696948674746
3159560 toao      20   0   19.2g   1.7g 121092 R 100.0   1.3   2:19.25 nts	1696948674746
3159560 toao      20   0   19.2g   1.7g 121092 R 100.0   1.3   2:19.96 nts	1696948675455
3159560 toao      20   0   19.2g   1.7g 121092 R 100.0   1.3   2:19.96 nts	1696948675456
3159560 toao      20   0   19.2g   1.7g 121092 R 105.9   1.3   2:20.67 nts	1696948676160
3159560 toao      20   0   19.2g   1.7g 121092 R 100.0   1.3   2:20.67 nts	1696948676159
3159560 toao      20   0   19.2g   1.7g 121092 R 100.0   1.3   2:21.38 nts	1696948676872
3159560 toao      20   0   19.2g   1.7g 121092 R 100.0   1.3   2:21.38 nts	1696948676872
3159560 toao      20   0   19.2g   1.7g 121092 R 106.2   1.3   2:22.08 nts	1696948677579
3159560 toao      20   0   19.2g   1.7g 121092 R 106.2   1.3   2:22.08 nts	1696948677580
3159560 toao      20   0   19.2g   1.7g 121092 R 100.0   1.4   2:22.80 nts	1696948678287
3159560 toao      20   0   19.2g   1.7g 121092 R  94.4   1.4   2:22.80 nts	1696948678288
3159560 toao      20   0   19.2g   1.9g 121092 R  94.4   1.5   2:23.51 nts	1696948679000
3159560 toao      20   0   19.2g   1.9g 121092 R 100.0   1.5   2:23.51 nts	1696948679001
3159560 toao      20   0   19.2g   1.9g 121092 R 100.0   1.5   2:24.22 nts	1696948679709
3159560 toao      20   0   19.2g   1.9g 121092 R 100.0   1.5   2:24.22 nts	1696948679709
3159560 toao      20   0   19.2g   1.9g 121092 R 106.2   1.5   2:24.92 nts	1696948680421
3159560 toao      20   0   19.2g   1.9g 121092 R 106.2   1.5   2:24.92 nts	1696948680421
3159560 toao      20   0   19.2g   1.9g 121092 R 100.0   1.5   2:25.63 nts	1696948681128
3159560 toao      20   0   19.2g   1.9g 121092 R 100.0   1.5   2:25.63 nts	1696948681127
3159560 toao      20   0   19.2g   1.9g 121092 R 100.0   1.5   2:26.33 nts	1696948681836
3159560 toao      20   0   19.2g   1.9g 121092 R 100.0   1.5   2:26.33 nts	1696948681836
3159560 toao      20   0   19.2g   1.9g 121092 R 105.9   1.5   2:27.05 nts	1696948682543
3159560 toao      20   0   19.2g   1.9g 121092 R 105.9   1.5   2:27.05 nts	1696948682543
3159560 toao      20   0   19.2g   1.9g 121092 R 105.9   1.5   2:27.76 nts	1696948683252
3159560 toao      20   0   19.2g   1.9g 121092 R 105.9   1.5   2:27.76 nts	1696948683253
3159560 toao      20   0   19.2g   1.9g 121092 R  94.1   1.5   2:28.46 nts	1696948683964
3159560 toao      20   0   19.2g   1.9g 121092 R  84.2   1.5   2:28.48 nts	1696948683965
3159560 toao      20   0   19.2g   1.9g 121092 R 100.0   1.5   2:29.17 nts	1696948684670
3159560 toao      20   0   19.2g   1.9g 121092 R 100.0   1.5   2:29.19 nts	1696948684690
3159560 toao      20   0   19.2g   1.9g 121092 R 100.0   1.5   2:29.87 nts	1696948685374
3159560 toao      20   0   19.2g   1.9g 121092 R 100.0   1.5   2:29.89 nts	1696948685394
3159560 toao      20   0   28.2g   2.1g 224964 D  94.1   1.7   2:31.63 nts	1696948686078
3159560 toao      20   0   28.2g   2.1g 224964 D  76.5   1.7   2:31.63 nts	1696948686096
3159560 toao      20   0   28.5g   2.4g 279320 R 105.9   1.9   2:32.01 nts	1696948686785
3159560 toao      20   0   28.5g   2.4g 279320 R  94.4   1.9   2:32.03 nts	1696948686809
3159560 toao      20   0   28.7g   2.5g 298040 R 100.0   2.0   2:32.38 nts	1696948687498
3159560 toao      20   0   28.7g   2.5g 300644 R 105.9   2.0   2:32.40 nts	1696948687521
3159560 toao      20   0   28.9g   2.7g 328764 R 100.0   2.2   2:32.71 nts	1696948688209
3159560 toao      20   0   28.9g   2.8g 330428 R 100.0   2.2   2:32.73 nts	1696948688228
3159560 toao      20   0   29.2g   2.9g 353552 R  88.2   2.3   2:33.05 nts	1696948688921
3159560 toao      20   0   29.2g   3.0g 353552 R 100.0   2.4   2:33.07 nts	1696948688941
3159560 toao      20   0   29.4g   3.1g 382852 R  52.9   2.5   2:33.41 nts	1696948689633
3159560 toao      20   0   29.4g   3.2g 385464 R  70.6   2.5   2:33.44 nts	1696948689652
3159560 toao      20   0   29.7g   3.4g 435308 R  23.5   2.7   2:33.77 nts	1696948690342
3159560 toao      20   0   29.7g   3.4g 440360 R  27.8   2.7   2:33.78 nts	1696948690369
3159560 toao      20   0   30.2g   3.8g 489768 D   0.0   3.0   2:34.11 nts	1696948691057
3159560 toao      20   0   30.2g   3.8g 489768 R  11.8   3.0   2:34.13 nts	1696948691079
3159560 toao      20   0   31.6g   4.5g 985644 R 123.5   3.6   2:34.92 nts	1696948691762
3159560 toao      20   0   31.6g   4.6g   1.0g R 111.8   3.6   2:34.95 nts	1696948691786
3159560 toao      20   0   31.6g   4.6g   1.0g R 100.0   3.7   2:35.62 nts	1696948692471
3159560 toao      20   0   31.6g   4.6g   1.0g R 100.0   3.7   2:35.64 nts	1696948692493
3159560 toao      20   0   32.6g   5.4g   1.8g R 100.0   4.3   2:36.33 nts	1696948693179
3159560 toao      20   0   32.6g   5.5g   1.9g R 100.0   4.3   2:36.34 nts	1696948693198
3159560 toao      20   0   32.6g   5.6g   2.0g R 100.0   4.4   2:36.94 nts	1696948693895
3159560 toao      20   0   32.6g   5.6g   2.0g R 106.2   4.4   2:36.94 nts	1696948693903
3159560 toao      20   0   32.6g   5.6g   2.0g R 100.0   4.4   2:37.64 nts	1696948694600
3159560 toao      20   0   32.6g   5.6g   2.0g R 100.0   4.4   2:37.65 nts	1696948694607
3159560 toao      20   0   32.6g   5.6g   2.0g R  94.4   4.4   2:38.35 nts	1696948695310
3159560 toao      20   0   32.6g   5.6g   2.0g R 105.9   4.4   2:38.36 nts	1696948695315
3159560 toao      20   0   32.6g   5.6g   2.0g R 100.0   4.4   2:39.06 nts	1696948696015
3159560 toao      20   0   32.6g   5.6g   2.0g R 100.0   4.4   2:39.06 nts	1696948696018
3159560 toao      20   0   32.6g   5.6g   2.0g R 100.0   4.4   2:39.76 nts	1696948696720
3159560 toao      20   0   32.6g   5.6g   2.0g R  94.1   4.4   2:39.76 nts	1696948696722
3159560 toao      20   0   32.6g   5.6g   2.0g R 100.0   4.4   2:40.47 nts	1696948697427
3159560 toao      20   0   32.6g   5.6g   2.0g R 100.0   4.4   2:40.47 nts	1696948697427
3159560 toao      20   0   32.6g   5.6g   2.0g R 105.9   4.4   2:41.18 nts	1696948698136
3159560 toao      20   0   32.6g   5.6g   2.0g R 105.9   4.4   2:41.18 nts	1696948698136
3159560 toao      20   0   32.6g   5.6g   2.0g R 105.9   4.4   2:41.90 nts	1696948698845
3159560 toao      20   0   32.6g   5.6g   2.0g R 105.9   4.4   2:41.90 nts	1696948698845
3159560 toao      20   0   32.6g   5.6g   2.0g R 100.0   4.4   2:42.61 nts	1696948699556
3159560 toao      20   0   32.6g   5.6g   2.0g R 105.9   4.4   2:42.61 nts	1696948699556
3159560 toao      20   0   32.6g   5.6g   2.0g R 105.9   4.4   2:43.32 nts	1696948700265
3159560 toao      20   0   32.6g   5.6g   2.0g R 105.9   4.4   2:43.32 nts	1696948700265
3159560 toao      20   0   32.6g   5.6g   2.0g R 100.0   4.4   2:44.02 nts	1696948700974
3159560 toao      20   0   32.6g   5.6g   2.0g R 100.0   4.4   2:44.02 nts	1696948700974
3159560 toao      20   0   32.6g   5.6g   2.0g R 100.0   4.4   2:44.72 nts	1696948701682
3159560 toao      20   0   32.6g   5.6g   2.0g R 100.0   4.4   2:44.72 nts	1696948701683
3159560 toao      20   0   32.6g   5.6g   2.0g R 105.9   4.4   2:45.44 nts	1696948702387
3159560 toao      20   0   32.6g   5.6g   2.0g R 105.9   4.4   2:45.44 nts	1696948702387
3159560 toao      20   0   32.6g   5.6g   2.0g R 100.0   4.4   2:46.14 nts	1696948703094
3159560 toao      20   0   32.6g   5.6g   2.0g R 100.0   4.4   2:46.14 nts	1696948703094
3159560 toao      20   0   32.6g   5.6g   2.0g R 100.0   4.4   2:46.85 nts	1696948703803
3159560 toao      20   0   32.6g   5.6g   2.0g R 100.0   4.4   2:46.85 nts	1696948703802
3159560 toao      20   0   32.6g   5.6g   2.0g R 100.0   4.4   2:47.56 nts	1696948704511
3159560 toao      20   0   32.6g   5.6g   2.0g R 105.9   4.4   2:47.56 nts	1696948704510
3159560 toao      20   0   32.6g   5.6g   2.0g R 100.0   4.4   2:48.27 nts	1696948705220
3159560 toao      20   0   32.6g   5.6g   2.0g R  94.4   4.4   2:48.27 nts	1696948705220
3159560 toao      20   0   32.6g   5.6g   2.0g R  94.1   4.4   2:48.97 nts	1696948705935
3159560 toao      20   0   32.6g   5.6g   2.0g R 100.0   4.4   2:48.98 nts	1696948705935
3159560 toao      20   0   32.6g   5.6g   2.0g R 100.0   4.4   2:49.70 nts	1696948706639
3159560 toao      20   0   32.6g   5.6g   2.0g R 105.9   4.4   2:49.70 nts	1696948706642
3159560 toao      20   0   32.6g   5.6g   2.0g R 100.0   4.4   2:50.40 nts	1696948707351
3159560 toao      20   0   32.6g   5.6g   2.0g R 100.0   4.4   2:50.40 nts	1696948707351
3159560 toao      20   0   32.6g   5.6g   2.0g R 112.5   4.4   2:51.11 nts	1696948708060
3159560 toao      20   0   32.6g   5.6g   2.0g R 100.0   4.4   2:51.11 nts	1696948708060
3159560 toao      20   0   32.6g   5.6g   2.0g R 100.0   4.4   2:51.81 nts	1696948708767
3159560 toao      20   0   32.6g   5.6g   2.0g R 100.0   4.4   2:51.81 nts	1696948708767
3159560 toao      20   0   32.6g   5.6g   2.0g R 100.0   4.4   2:52.53 nts	1696948709474
3159560 toao      20   0   32.6g   5.6g   2.0g R 100.0   4.4   2:52.53 nts	1696948709474
3159560 toao      20   0   32.6g   5.6g   2.0g R  94.4   4.4   2:53.24 nts	1696948710188
3159560 toao      20   0   32.6g   5.6g   2.0g R  94.4   4.4   2:53.24 nts	1696948710189
3159560 toao      20   0   32.6g   5.6g   2.0g R 100.0   4.4   2:53.94 nts	1696948710898
3159560 toao      20   0   32.6g   5.6g   2.0g R  94.4   4.4   2:53.94 nts	1696948710898
3159560 toao      20   0   32.6g   5.6g   2.0g R 100.0   4.4   2:54.65 nts	1696948711607
3159560 toao      20   0   32.6g   5.6g   2.0g R 100.0   4.4   2:54.65 nts	1696948711604
3159560 toao      20   0   32.6g   5.6g   2.0g R 100.0   4.4   2:55.36 nts	1696948712311
3159560 toao      20   0   32.6g   5.6g   2.0g R  94.1   4.4   2:55.36 nts	1696948712312
3159560 toao      20   0   32.6g   5.6g   2.0g R  94.4   4.4   2:56.07 nts	1696948713019
3159560 toao      20   0   32.6g   5.6g   2.0g R  94.4   4.4   2:56.07 nts	1696948713019
3159560 toao      20   0   32.6g   5.6g   2.0g R 105.9   4.4   2:56.78 nts	1696948713730
3159560 toao      20   0   32.6g   5.6g   2.0g R 100.0   4.4   2:56.78 nts	1696948713730
3159560 toao      20   0   32.6g   5.6g   2.0g R 100.0   4.4   2:57.49 nts	1696948714437
3159560 toao      20   0   32.6g   5.6g   2.0g R 105.9   4.4   2:57.50 nts	1696948714439
3159560 toao      20   0   32.6g   5.6g   2.0g R 100.0   4.4   2:58.19 nts	1696948715146
3159560 toao      20   0   32.6g   5.6g   2.0g R 100.0   4.4   2:58.19 nts	1696948715149
3159560 toao      20   0   32.6g   5.6g   2.0g R 105.9   4.4   2:58.91 nts	1696948715855
3159560 toao      20   0   32.6g   5.6g   2.0g R 105.9   4.4   2:58.91 nts	1696948715855
3159560 toao      20   0   32.6g   5.6g   2.0g R 105.9   4.4   2:59.62 nts	1696948716567
3159560 toao      20   0   32.6g   5.6g   2.0g R 105.9   4.4   2:59.62 nts	1696948716567
3159560 toao      20   0   32.6g   5.6g   2.0g R 100.0   4.4   3:00.33 nts	1696948717274
3159560 toao      20   0   32.6g   5.6g   2.0g R 100.0   4.4   3:00.33 nts	1696948717275
3159560 toao      20   0   32.6g   5.6g   2.0g R 105.9   4.4   3:01.04 nts	1696948717982
3159560 toao      20   0   32.6g   5.6g   2.0g R 105.9   4.4   3:01.04 nts	1696948717982
3159560 toao      20   0   32.6g   5.6g   2.0g R 106.2   4.4   3:01.74 nts	1696948718691
3159560 toao      20   0   32.6g   5.6g   2.0g R 100.0   4.4   3:01.74 nts	1696948718691
3159560 toao      20   0   32.6g   5.6g   2.0g R 100.0   4.4   3:02.44 nts	1696948719394
3159560 toao      20   0   32.6g   5.6g   2.0g R 105.9   4.4   3:02.45 nts	1696948719397
3159560 toao      20   0   32.6g   5.6g   2.0g R 105.9   4.4   3:03.16 nts	1696948720102
3159560 toao      20   0   32.6g   5.6g   2.0g R 100.0   4.4   3:03.16 nts	1696948720105
3159560 toao      20   0   32.6g   5.6g   2.0g R 106.2   4.4   3:03.86 nts	1696948720811
3159560 toao      20   0   32.6g   5.6g   2.0g R 100.0   4.4   3:03.86 nts	1696948720811
3159560 toao      20   0   32.6g   5.6g   2.0g R  94.4   4.4   3:04.57 nts	1696948721515
3159560 toao      20   0   32.6g   5.6g   2.0g R  94.4   4.4   3:04.57 nts	1696948721518
3159560 toao      20   0   32.6g   5.6g   2.0g R 100.0   4.4   3:05.28 nts	1696948722226
3159560 toao      20   0   32.6g   5.6g   2.0g R 100.0   4.4   3:05.28 nts	1696948722227
3159560 toao      20   0   32.6g   5.6g   2.0g R 100.0   4.4   3:05.99 nts	1696948722935
3159560 toao      20   0   32.6g   5.6g   2.0g R 100.0   4.4   3:05.99 nts	1696948722935
3159560 toao      20   0   32.6g   5.6g   2.0g R 100.0   4.4   3:06.69 nts	1696948723642
3159560 toao      20   0   32.6g   5.6g   2.0g R 106.2   4.4   3:06.69 nts	1696948723642
3159560 toao      20   0   32.6g   5.6g   2.0g R 105.9   4.4   3:07.41 nts	1696948724347
3159560 toao      20   0   32.6g   5.6g   2.0g R 105.9   4.4   3:07.41 nts	1696948724347
3159560 toao      20   0   32.6g   5.6g   2.0g R 105.9   4.4   3:08.12 nts	1696948725057
3159560 toao      20   0   32.6g   5.6g   2.0g R 105.9   4.4   3:08.12 nts	1696948725057
3159560 toao      20   0   32.6g   5.6g   2.0g R 100.0   4.4   3:08.82 nts	1696948725766
3159560 toao      20   0   32.6g   5.6g   2.0g R 100.0   4.4   3:08.82 nts	1696948725765
3159560 toao      20   0   32.6g   5.6g   2.0g R 105.9   4.4   3:09.53 nts	1696948726476
3159560 toao      20   0   32.6g   5.6g   2.0g R 105.9   4.4   3:09.53 nts	1696948726477
3159560 toao      20   0   32.6g   5.6g   2.0g R 100.0   4.4   3:10.24 nts	1696948727182
3159560 toao      20   0   32.6g   5.6g   2.0g R 100.0   4.4   3:10.24 nts	1696948727182
3159560 toao      20   0   32.6g   5.6g   2.0g R 100.0   4.4   3:10.95 nts	1696948727893
3159560 toao      20   0   32.6g   5.6g   2.0g R 105.9   4.4   3:10.96 nts	1696948727894
3159560 toao      20   0   32.6g   5.6g   2.0g R  94.4   4.4   3:11.65 nts	1696948728599
3159560 toao      20   0   32.6g   5.6g   2.0g R 100.0   4.4   3:11.68 nts	1696948728615
3159560 toao      20   0   32.6g   5.6g   2.0g R 105.9   4.4   3:12.36 nts	1696948729307
3159560 toao      20   0   32.6g   5.6g   2.0g R 100.0   4.4   3:12.38 nts	1696948729330
3159560 toao      20   0   32.6g   5.6g   2.0g R  94.1   4.4   3:13.06 nts	1696948730015
3159560 toao      20   0   32.6g   5.6g   2.0g R 112.5   4.4   3:13.08 nts	1696948730032
3159560 toao      20   0   32.6g   5.6g   2.0g R 100.0   4.4   3:13.77 nts	1696948730723
3159560 toao      20   0   32.6g   5.6g   2.0g R  94.4   4.4   3:13.79 nts	1696948730740
3159560 toao      20   0   32.6g   5.6g   2.0g R 105.9   4.4   3:14.48 nts	1696948731426
3159560 toao      20   0   32.6g   5.6g   2.0g R 105.9   4.4   3:14.50 nts	1696948731447
3159560 toao      20   0   32.6g   5.6g   2.0g R 105.9   4.4   3:15.19 nts	1696948732134
3159560 toao      20   0   32.6g   5.6g   2.0g R 100.0   4.4   3:15.20 nts	1696948732155
3159560 toao      20   0   32.6g   5.6g   2.0g R 100.0   4.4   3:15.89 nts	1696948732844
3159560 toao      20   0   32.6g   5.6g   2.0g R 100.0   4.4   3:15.90 nts	1696948732857
3159560 toao      20   0   32.6g   5.6g   2.0g R 105.9   4.4   3:16.61 nts	1696948733552
3159560 toao      20   0   32.6g   5.6g   2.0g R 105.9   4.4   3:16.61 nts	1696948733559
3159560 toao      20   0   87.9g   5.7g   2.0g S 958.8   4.5   3:21.80 nts	1696948734258
3159560 toao      20   0   87.9g   5.7g   2.0g S 958.8   4.5   3:21.80 nts	1696948734259
3159560 toao      20   0   88.2g   5.7g   2.0g S 305.9   4.5   3:23.33 nts	1696948734967
3159560 toao      20   0   88.2g   5.7g   2.0g S 288.9   4.5   3:23.34 nts	1696948734968
3159560 toao      20   0   88.2g   5.7g   2.0g S 264.7   4.5   3:25.41 nts	1696948735674
3159560 toao      20   0   88.2g   5.7g   2.0g S 258.8   4.5   3:25.42 nts	1696948735678
3159560 toao      20   0   88.2g   5.7g   2.0g S 311.8   4.5   3:27.62 nts	1696948736381
3159560 toao      20   0   88.2g   5.7g   2.0g S 311.8   4.5   3:27.62 nts	1696948736387
3159560 toao      20   0   88.2g   5.7g   2.0g S 288.2   4.5   3:29.37 nts	1696948737096
3159560 toao      20   0   88.2g   5.7g   2.0g S 288.2   4.5   3:29.37 nts	1696948737096
3159560 toao      20   0   88.2g   5.7g   2.0g S 317.6   4.5   3:31.57 nts	1696948737804
3159560 toao      20   0   88.2g   5.7g   2.0g S 311.8   4.5   3:31.57 nts	1696948737807
3159560 toao      20   0   88.2g   5.7g   2.0g S 341.2   4.5   3:33.75 nts	1696948738512
3159560 toao      20   0   88.2g   5.7g   2.0g S 341.2   4.5   3:33.75 nts	1696948738512
3159560 toao      20   0   88.0g   5.7g   2.0g S 300.0   4.5   3:35.90 nts	1696948739218
3159560 toao      20   0   88.2g   5.7g   2.0g S 311.1   4.5   3:35.92 nts	1696948739217
3159560 toao      20   0   88.2g   5.7g   2.0g S 317.6   4.5   3:37.81 nts	1696948739931
3159560 toao      20   0   88.2g   5.7g   2.0g S 311.8   4.5   3:37.81 nts	1696948739935
3159560 toao      20   0   88.2g   5.7g   2.0g S 311.8   4.5   3:40.05 nts	1696948740644
3159560 toao      20   0   88.2g   5.7g   2.0g S 311.8   4.5   3:40.05 nts	1696948740644
3159560 toao      20   0   88.3g   5.7g   2.0g S 311.8   4.5   3:42.04 nts	1696948741353
3159560 toao      20   0   88.3g   5.7g   2.0g S 311.8   4.5   3:42.04 nts	1696948741353
3159560 toao      20   0   88.3g   5.7g   2.0g S 305.9   4.5   3:44.15 nts	1696948742058
3159560 toao      20   0   88.3g   5.7g   2.0g S 283.3   4.5   3:44.16 nts	1696948742060
3159560 toao      20   0   88.3g   5.7g   2.0g S 311.8   4.5   3:46.38 nts	1696948742768
3159560 toao      20   0   88.3g   5.7g   2.0g S 311.8   4.5   3:46.40 nts	1696948742775
3159560 toao      20   0   88.5g   5.7g   2.0g S 294.4   4.5   3:48.56 nts	1696948743479
3159560 toao      20   0   88.5g   5.7g   2.0g S 317.6   4.5   3:48.56 nts	1696948743476
3159560 toao      20   0   88.5g   5.7g   2.0g S 311.8   4.5   3:50.79 nts	1696948744187
3159560 toao      20   0   88.5g   5.7g   2.0g S 294.4   4.5   3:50.81 nts	1696948744188
3159560 toao      20   0   88.5g   5.7g   2.0g S 311.8   4.5   3:52.72 nts	1696948744894
3159560 toao      20   0   88.5g   5.7g   2.0g S 311.8   4.5   3:52.74 nts	1696948744902
3159560 toao      20   0   88.5g   5.7g   2.0g S 305.9   4.5   3:54.94 nts	1696948745599
3159560 toao      20   0   88.5g   5.7g   2.0g S 311.8   4.5   3:54.96 nts	1696948745608
3159560 toao      20   0   93.4g   5.7g   2.0g S 311.8   4.5   3:57.77 nts	1696948746307
3159560 toao      20   0   93.4g   5.7g   2.0g S 311.8   4.5   3:57.77 nts	1696948746311
3159560 toao      20   0   93.4g   5.7g   2.0g S 317.6   4.5   3:59.72 nts	1696948747015
3159560 toao      20   0   93.4g   5.7g   2.0g S 317.6   4.5   3:59.72 nts	1696948747019
3159560 toao      20   0   93.4g   5.7g   2.0g S 311.8   4.5   4:01.95 nts	1696948747727
3159560 toao      20   0   93.4g   5.7g   2.0g S 311.8   4.5   4:01.95 nts	1696948747727
3159560 toao      20   0   93.4g   5.7g   2.0g S 305.6   4.5   4:04.15 nts	1696948748438
3159560 toao      20   0   93.4g   5.7g   2.0g S 305.6   4.5   4:04.15 nts	1696948748439
3159560 toao      20   0   93.1g   5.7g   2.0g S 229.4   4.5   4:06.21 nts	1696948749153
3159560 toao      20   0   93.1g   5.7g   2.0g S 216.7   4.5   4:06.21 nts	1696948749154
3159560 toao      20   0   93.4g   5.7g   2.0g S 311.8   4.5   4:08.27 nts	1696948749863
3159560 toao      20   0   93.4g   5.7g   2.0g S 317.6   4.5   4:08.28 nts	1696948749866
3159560 toao      20   0   93.4g   5.7g   2.0g S 311.8   4.5   4:10.51 nts	1696948750574
3159560 toao      20   0   93.4g   5.7g   2.0g S 311.8   4.5   4:10.51 nts	1696948750571
3159560 toao      20   0   93.4g   5.7g   2.0g S 341.2   4.5   4:12.75 nts	1696948751282
3159560 toao      20   0   93.4g   5.7g   2.0g S 341.2   4.5   4:12.75 nts	1696948751282
3159560 toao      20   0   93.3g   5.7g   2.0g S 311.8   4.5   4:14.62 nts	1696948751992
3159560 toao      20   0   93.4g   5.7g   2.0g S 311.8   4.5   4:14.62 nts	1696948751993
3159560 toao      20   0   93.4g   5.7g   2.0g S 311.8   4.5   4:16.84 nts	1696948752698
3159560 toao      20   0   93.4g   5.7g   2.0g S 294.4   4.5   4:16.84 nts	1696948752698
3159560 toao      20   0   93.4g   5.7g   2.0g S 305.9   4.5   4:19.06 nts	1696948753407
3159560 toao      20   0   93.4g   5.7g   2.0g S 311.8   4.5   4:19.07 nts	1696948753408
3159560 toao      20   0   93.4g   5.7g   2.0g S 164.7   4.5   4:20.98 nts	1696948754114
3159560 toao      20   0   93.4g   5.7g   2.0g S 138.9   4.5   4:20.98 nts	1696948754117
3159560 toao      20   0   93.3g   5.7g   2.0g S 317.6   4.5   4:22.93 nts	1696948754824
3159560 toao      20   0   93.6g   5.7g   2.0g S 322.2   4.5   4:22.99 nts	1696948754827
3159560 toao      20   0   93.6g   5.7g   2.0g S 311.8   4.5   4:25.16 nts	1696948755530
3159560 toao      20   0   93.6g   5.7g   2.0g S 311.8   4.5   4:25.16 nts	1696948755539
3159560 toao      20   0   93.6g   5.7g   2.0g S 294.4   4.5   4:27.38 nts	1696948756240
3159560 toao      20   0   93.6g   5.7g   2.0g S 317.6   4.5   4:27.39 nts	1696948756240
3159560 toao      20   0   98.2g   5.7g   2.0g S 466.7   4.5   4:29.91 nts	1696948756947
3159560 toao      20   0   98.2g   5.7g   2.0g S 482.4   4.5   4:29.92 nts	1696948756951
3159560 toao      20   0   98.2g   5.7g   2.0g S 323.5   4.5   4:32.16 nts	1696948757658
3159560 toao      20   0   98.2g   5.7g   2.0g S 323.5   4.5   4:32.16 nts	1696948757655
3159560 toao      20   0   98.2g   5.7g   2.0g S 317.6   4.5   4:34.38 nts	1696948758366
3159560 toao      20   0   98.2g   5.7g   2.0g S 305.9   4.5   4:34.38 nts	1696948758367
3159560 toao      20   0   98.2g   5.7g   2.0g S 176.5   4.5   4:36.33 nts	1696948759076
3159560 toao      20   0   98.2g   5.7g   2.0g S 182.4   4.5   4:36.33 nts	1696948759073
3159560 toao      20   0   98.2g   5.7g   2.0g S 317.6   4.5   4:38.51 nts	1696948759785
3159560 toao      20   0   98.2g   5.7g   2.0g S 317.6   4.5   4:38.51 nts	1696948759784
3159560 toao      20   0   98.2g   5.7g   2.0g S 311.8   4.5   4:40.72 nts	1696948760491
3159560 toao      20   0   98.2g   5.7g   2.0g S 305.9   4.5   4:40.72 nts	1696948760492
3159560 toao      20   0   98.2g   5.7g   2.0g S 331.2   4.5   4:42.95 nts	1696948761200
3159560 toao      20   0   98.2g   5.7g   2.0g S 305.9   4.5   4:42.95 nts	1696948761200
3159560 toao      20   0   98.2g   5.7g   2.0g S 300.0   4.5   4:44.88 nts	1696948761909
3159560 toao      20   0   98.2g   5.7g   2.0g S 311.8   4.5   4:44.88 nts	1696948761912
3159560 toao      20   0   98.2g   5.7g   2.0g S 317.6   4.5   4:47.08 nts	1696948762621
3159560 toao      20   0   98.2g   5.7g   2.0g S 300.0   4.5   4:47.08 nts	1696948762619
3159560 toao      20   0   98.2g   5.7g   2.0g S 311.8   4.5   4:49.28 nts	1696948763330
3159560 toao      20   0   98.2g   5.7g   2.0g S 311.8   4.5   4:49.28 nts	1696948763331
3159560 toao      20   0   98.2g   5.7g   2.0g S 282.4   4.6   4:51.19 nts	1696948764037
3159560 toao      20   0   98.2g   5.7g   2.0g S 288.2   4.6   4:51.20 nts	1696948764039
3159560 toao      20   0   98.2g   5.7g   2.0g S 283.3   4.6   4:53.41 nts	1696948764746
3159560 toao      20   0   98.2g   5.7g   2.0g S 294.4   4.6   4:53.43 nts	1696948764747
3159560 toao      20   0   98.1g   5.7g   2.0g S 323.5   4.6   4:55.62 nts	1696948765452
3159560 toao      20   0   98.2g   5.7g   2.0g S 347.1   4.6   4:55.69 nts	1696948765466
3159560 toao      20   0   98.2g   5.7g   2.0g S 317.6   4.6   4:57.84 nts	1696948766161
3159560 toao      20   0   98.2g   5.7g   2.0g S 311.8   4.6   4:57.86 nts	1696948766174
3159560 toao      20   0   98.2g   5.7g   2.1g S 294.4   4.6   4:59.76 nts	1696948766869
3159560 toao      20   0   98.2g   5.7g   2.1g S 305.9   4.6   4:59.78 nts	1696948766882
3159560 toao      20   0   98.2g   5.7g   2.1g S 300.0   4.6   5:01.96 nts	1696948767578
3159560 toao      20   0   98.2g   5.7g   2.1g S 331.2   4.6   5:02.01 nts	1696948767591
3159560 toao      20   0       0      0      0 Z 105.9   0.0   5:03.63 nts	1696948768295
3159560 toao      20   0       0      0      0 Z 105.9   0.0   5:03.63 nts	1696948768291
3159560 toao      20   0       0      0      0 Z   0.0   0.0   5:04.13 nts	1696948769008
3159560 toao      20   0       0      0      0 Z   0.0   0.0   5:04.13 nts	1696948769008
