| 30%   42C    P5    50W / 230W |      5MiB / 24256MiB |      0%      Default |	1696948652630
| 30%   44C    P5    70W / 230W |      5MiB / 24256MiB |      0%      Default |	1696948652630
| 30%   42C    P8    33W / 230W |      5MiB / 24256MiB |      0%      Default |	1696948653397
| 30%   44C    P8    37W / 230W |      5MiB / 24256MiB |      0%      Default |	1696948653397
| 30%   42C    P8    32W / 230W |      5MiB / 24256MiB |      0%      Default |	1696948654173
| 30%   44C    P8    31W / 230W |      5MiB / 24256MiB |      0%      Default |	1696948654173
| 30%   41C    P8    28W / 230W |      5MiB / 24256MiB |      0%      Default |	1696948654931
| 30%   44C    P8    27W / 230W |      5MiB / 24256MiB |      0%      Default |	1696948654931
| 30%   41C    P8    28W / 230W |      5MiB / 24256MiB |      0%      Default |	1696948655673
| 30%   43C    P8    27W / 230W |      5MiB / 24256MiB |      0%      Default |	1696948655673
| 30%   41C    P8    28W / 230W |      5MiB / 24256MiB |      0%      Default |	1696948656418
| 30%   43C    P8    27W / 230W |      5MiB / 24256MiB |      0%      Default |	1696948656418
| 30%   41C    P8    28W / 230W |      5MiB / 24256MiB |      0%      Default |	1696948657158
| 30%   43C    P8    26W / 230W |      5MiB / 24256MiB |      0%      Default |	1696948657158
| 30%   41C    P8    28W / 230W |      5MiB / 24256MiB |      0%      Default |	1696948657896
| 30%   43C    P8    26W / 230W |      5MiB / 24256MiB |      0%      Default |	1696948657896
| 30%   40C    P8    28W / 230W |      5MiB / 24256MiB |      0%      Default |	1696948658631
| 30%   43C    P8    26W / 230W |      5MiB / 24256MiB |      0%      Default |	1696948658631
| 30%   40C    P8    28W / 230W |      5MiB / 24256MiB |      0%      Default |	1696948659372
| 30%   43C    P8    26W / 230W |      5MiB / 24256MiB |      0%      Default |	1696948659372
| 30%   40C    P8    28W / 230W |      5MiB / 24256MiB |      0%      Default |	1696948660117
| 30%   43C    P8    26W / 230W |      5MiB / 24256MiB |      0%      Default |	1696948660117
| 30%   40C    P8    28W / 230W |      5MiB / 24256MiB |      0%      Default |	1696948660858
| 30%   43C    P8    26W / 230W |      5MiB / 24256MiB |      0%      Default |	1696948660858
| 30%   40C    P8    28W / 230W |      5MiB / 24256MiB |      0%      Default |	1696948661607
| 30%   42C    P8    26W / 230W |      5MiB / 24256MiB |      0%      Default |	1696948661607
| 30%   40C    P8    28W / 230W |      5MiB / 24256MiB |      0%      Default |	1696948662356
| 30%   42C    P8    26W / 230W |      5MiB / 24256MiB |      0%      Default |	1696948662356
| 30%   40C    P8    28W / 230W |      5MiB / 24256MiB |      0%      Default |	1696948663110
| 30%   42C    P8    26W / 230W |      5MiB / 24256MiB |      0%      Default |	1696948663110
| 30%   40C    P8    28W / 230W |      5MiB / 24256MiB |      0%      Default |	1696948663866
| 30%   42C    P8    26W / 230W |      5MiB / 24256MiB |      0%      Default |	1696948663866
| 30%   39C    P8    28W / 230W |      5MiB / 24256MiB |      0%      Default |	1696948664621
| 30%   42C    P8    26W / 230W |      5MiB / 24256MiB |      0%      Default |	1696948664621
| 30%   39C    P8    28W / 230W |      5MiB / 24256MiB |      0%      Default |	1696948665374
| 30%   42C    P8    26W / 230W |      5MiB / 24256MiB |      0%      Default |	1696948665374
| 30%   39C    P8    28W / 230W |      5MiB / 24256MiB |      0%      Default |	1696948666126
| 30%   42C    P8    26W / 230W |      5MiB / 24256MiB |      0%      Default |	1696948666126
| 30%   39C    P8    28W / 230W |      5MiB / 24256MiB |      0%      Default |	1696948666870
| 30%   42C    P8    26W / 230W |      5MiB / 24256MiB |      0%      Default |	1696948666870
| 30%   39C    P8    28W / 230W |      5MiB / 24256MiB |      0%      Default |	1696948667618
| 30%   42C    P8    26W / 230W |      5MiB / 24256MiB |      0%      Default |	1696948667618
| 30%   39C    P8    28W / 230W |      5MiB / 24256MiB |      0%      Default |	1696948668372
| 30%   42C    P8    26W / 230W |      5MiB / 24256MiB |      0%      Default |	1696948668372
| 30%   39C    P8    28W / 230W |      5MiB / 24256MiB |      0%      Default |	1696948669125
| 30%   41C    P8    26W / 230W |      5MiB / 24256MiB |      0%      Default |	1696948669125
| 30%   39C    P8    28W / 230W |      5MiB / 24256MiB |      0%      Default |	1696948669874
| 30%   41C    P8    26W / 230W |      5MiB / 24256MiB |      0%      Default |	1696948669874
| 30%   39C    P8    28W / 230W |      5MiB / 24256MiB |      0%      Default |	1696948670624
| 30%   41C    P8    26W / 230W |      5MiB / 24256MiB |      0%      Default |	1696948670624
| 30%   39C    P8    28W / 230W |      5MiB / 24256MiB |      0%      Default |	1696948671377
| 30%   41C    P8    26W / 230W |      5MiB / 24256MiB |      0%      Default |	1696948671377
| 30%   39C    P8    28W / 230W |      5MiB / 24256MiB |      0%      Default |	1696948672120
| 30%   41C    P8    26W / 230W |      5MiB / 24256MiB |      0%      Default |	1696948672120
| 30%   38C    P8    28W / 230W |      5MiB / 24256MiB |      0%      Default |	1696948672884
| 30%   41C    P8    26W / 230W |      5MiB / 24256MiB |      0%      Default |	1696948672884
| 30%   38C    P8    28W / 230W |      5MiB / 24256MiB |      0%      Default |	1696948673618
| 30%   41C    P8    26W / 230W |      5MiB / 24256MiB |      0%      Default |	1696948673618
| 30%   38C    P8    28W / 230W |      5MiB / 24256MiB |      0%      Default |	1696948674349
| 30%   41C    P8    26W / 230W |      5MiB / 24256MiB |      0%      Default |	1696948674349
| 30%   38C    P8    28W / 230W |      5MiB / 24256MiB |      0%      Default |	1696948675090
| 30%   41C    P8    26W / 230W |      5MiB / 24256MiB |      0%      Default |	1696948675090
| 30%   38C    P8    28W / 230W |      5MiB / 24256MiB |      0%      Default |	1696948675824
| 30%   40C    P8    26W / 230W |      5MiB / 24256MiB |      0%      Default |	1696948675824
| 30%   38C    P8    28W / 230W |      5MiB / 24256MiB |      0%      Default |	1696948676563
| 30%   40C    P8    26W / 230W |      5MiB / 24256MiB |      0%      Default |	1696948676563
| 30%   38C    P8    28W / 230W |      5MiB / 24256MiB |      0%      Default |	1696948677299
| 30%   40C    P8    26W / 230W |      5MiB / 24256MiB |      0%      Default |	1696948677299
| 30%   38C    P8    27W / 230W |      5MiB / 24256MiB |      0%      Default |	1696948678036
| 30%   40C    P8    26W / 230W |      5MiB / 24256MiB |      0%      Default |	1696948678036
| 30%   38C    P8    27W / 230W |      5MiB / 24256MiB |      0%      Default |	1696948678776
| 30%   40C    P8    26W / 230W |      5MiB / 24256MiB |      0%      Default |	1696948678776
| 30%   38C    P8    27W / 230W |      5MiB / 24256MiB |      0%      Default |	1696948679512
| 30%   40C    P8    26W / 230W |      5MiB / 24256MiB |      0%      Default |	1696948679512
| 30%   38C    P8    27W / 230W |      5MiB / 24256MiB |      0%      Default |	1696948680246
| 30%   40C    P8    26W / 230W |      5MiB / 24256MiB |      0%      Default |	1696948680246
| 30%   37C    P8    27W / 230W |      5MiB / 24256MiB |      0%      Default |	1696948680978
| 30%   40C    P8    26W / 230W |      5MiB / 24256MiB |      0%      Default |	1696948680978
| 30%   37C    P8    27W / 230W |      5MiB / 24256MiB |      0%      Default |	1696948681715
| 30%   40C    P8    26W / 230W |      5MiB / 24256MiB |      0%      Default |	1696948681715
| 30%   37C    P8    27W / 230W |      5MiB / 24256MiB |      0%      Default |	1696948682452
| 30%   40C    P8    26W / 230W |      5MiB / 24256MiB |      0%      Default |	1696948682452
| 30%   37C    P8    27W / 230W |      5MiB / 24256MiB |      0%      Default |	1696948683190
| 30%   40C    P8    26W / 230W |      5MiB / 24256MiB |      0%      Default |	1696948683190
| 30%   37C    P8    27W / 230W |      5MiB / 24256MiB |      0%      Default |	1696948683924
| 30%   40C    P8    26W / 230W |      5MiB / 24256MiB |      0%      Default |	1696948683924
| 30%   37C    P8    27W / 230W |      5MiB / 24256MiB |      0%      Default |	1696948684659
| 30%   40C    P8    26W / 230W |      5MiB / 24256MiB |      0%      Default |	1696948684659
| 30%   37C    P8    27W / 230W |      5MiB / 24256MiB |      0%      Default |	1696948685400
| 30%   40C    P8    26W / 230W |      5MiB / 24256MiB |      0%      Default |	1696948685400
| 30%   38C    P2    32W / 230W |    279MiB / 24256MiB |      1%      Default |	1696948686180
| 30%   39C    P8    26W / 230W |      8MiB / 24256MiB |      0%      Default |	1696948686180
| 30%   38C    P2    58W / 230W |    361MiB / 24256MiB |      2%      Default |	1696948686952
| 30%   39C    P8    26W / 230W |      8MiB / 24256MiB |      0%      Default |	1696948686952
| 30%   39C    P2    63W / 230W |    475MiB / 24256MiB |      5%      Default |	1696948687718
| 30%   39C    P8    26W / 230W |      8MiB / 24256MiB |      0%      Default |	1696948687718
| 30%   39C    P2    64W / 230W |    565MiB / 24256MiB |      3%      Default |	1696948688484
| 30%   39C    P8    25W / 230W |      8MiB / 24256MiB |      0%      Default |	1696948688484
| 30%   39C    P2    63W / 230W |    655MiB / 24256MiB |      4%      Default |	1696948689248
| 30%   39C    P8    25W / 230W |      8MiB / 24256MiB |      0%      Default |	1696948689248
| 30%   39C    P2    64W / 230W |    751MiB / 24256MiB |      2%      Default |	1696948690015
| 30%   39C    P8    25W / 230W |      8MiB / 24256MiB |      0%      Default |	1696948690015
| 30%   39C    P2    64W / 230W |    893MiB / 24256MiB |      2%      Default |	1696948690779
| 30%   39C    P8    25W / 230W |      8MiB / 24256MiB |      0%      Default |	1696948690779
| 30%   39C    P2    64W / 230W |   1033MiB / 24256MiB |      3%      Default |	1696948691533
| 30%   39C    P8    26W / 230W |      8MiB / 24256MiB |      0%      Default |	1696948691533
| 30%   39C    P2    64W / 230W |   1161MiB / 24256MiB |      0%      Default |	1696948692292
| 30%   39C    P8    26W / 230W |      8MiB / 24256MiB |      0%      Default |	1696948692292
| 30%   39C    P2    64W / 230W |   1161MiB / 24256MiB |      0%      Default |	1696948693032
| 30%   39C    P8    26W / 230W |      8MiB / 24256MiB |      0%      Default |	1696948693032
| 30%   39C    P2    64W / 230W |   1163MiB / 24256MiB |      1%      Default |	1696948693780
| 30%   39C    P8    26W / 230W |      8MiB / 24256MiB |      0%      Default |	1696948693780
| 30%   39C    P2    63W / 230W |   1163MiB / 24256MiB |      0%      Default |	1696948694528
| 30%   39C    P8    26W / 230W |      8MiB / 24256MiB |      0%      Default |	1696948694528
| 30%   39C    P2    64W / 230W |   1163MiB / 24256MiB |      0%      Default |	1696948695271
| 30%   39C    P8    26W / 230W |      8MiB / 24256MiB |      0%      Default |	1696948695271
| 30%   39C    P2    64W / 230W |   1163MiB / 24256MiB |      0%      Default |	1696948696011
| 30%   39C    P8    26W / 230W |      8MiB / 24256MiB |      0%      Default |	1696948696011
| 30%   39C    P2    64W / 230W |   1163MiB / 24256MiB |      0%      Default |	1696948696752
| 30%   39C    P8    25W / 230W |      8MiB / 24256MiB |      0%      Default |	1696948696752
| 30%   39C    P2    64W / 230W |   1163MiB / 24256MiB |      0%      Default |	1696948697487
| 30%   39C    P8    25W / 230W |      8MiB / 24256MiB |      0%      Default |	1696948697487
| 30%   39C    P2    64W / 230W |   1163MiB / 24256MiB |      0%      Default |	1696948698227
| 30%   39C    P8    25W / 230W |      8MiB / 24256MiB |      0%      Default |	1696948698227
| 30%   39C    P2    64W / 230W |   1163MiB / 24256MiB |      0%      Default |	1696948698968
| 30%   38C    P8    25W / 230W |      8MiB / 24256MiB |      0%      Default |	1696948698968
| 30%   39C    P2    64W / 230W |   1163MiB / 24256MiB |      0%      Default |	1696948699715
| 30%   38C    P8    25W / 230W |      8MiB / 24256MiB |      0%      Default |	1696948699715
| 30%   39C    P2    64W / 230W |   1163MiB / 24256MiB |      0%      Default |	1696948700450
| 30%   38C    P8    25W / 230W |      8MiB / 24256MiB |      0%      Default |	1696948700450
| 30%   39C    P2    64W / 230W |   1163MiB / 24256MiB |      0%      Default |	1696948701189
| 30%   38C    P8    25W / 230W |      8MiB / 24256MiB |      0%      Default |	1696948701189
| 30%   39C    P2    64W / 230W |   1163MiB / 24256MiB |      0%      Default |	1696948701933
| 30%   38C    P8    25W / 230W |      8MiB / 24256MiB |      0%      Default |	1696948701933
| 30%   39C    P2    64W / 230W |   1163MiB / 24256MiB |      0%      Default |	1696948702681
| 30%   38C    P8    25W / 230W |      8MiB / 24256MiB |      0%      Default |	1696948702681
| 30%   39C    P2    64W / 230W |   1163MiB / 24256MiB |      0%      Default |	1696948703429
| 30%   38C    P8    25W / 230W |      8MiB / 24256MiB |      0%      Default |	1696948703429
| 30%   39C    P2    64W / 230W |   1163MiB / 24256MiB |      0%      Default |	1696948704168
| 30%   38C    P8    25W / 230W |      8MiB / 24256MiB |      0%      Default |	1696948704168
| 30%   39C    P2    64W / 230W |   1163MiB / 24256MiB |      0%      Default |	1696948704910
| 30%   38C    P8    25W / 230W |      8MiB / 24256MiB |      0%      Default |	1696948704910
| 30%   39C    P2    64W / 230W |   1163MiB / 24256MiB |      0%      Default |	1696948705670
| 30%   38C    P8    25W / 230W |      8MiB / 24256MiB |      0%      Default |	1696948705670
| 30%   39C    P2    64W / 230W |   1163MiB / 24256MiB |      0%      Default |	1696948706423
| 30%   38C    P8    25W / 230W |      8MiB / 24256MiB |      0%      Default |	1696948706423
| 30%   39C    P2    64W / 230W |   1163MiB / 24256MiB |      0%      Default |	1696948707164
| 30%   38C    P8    25W / 230W |      8MiB / 24256MiB |      0%      Default |	1696948707164
| 30%   39C    P2    64W / 230W |   1163MiB / 24256MiB |      0%      Default |	1696948707907
| 30%   38C    P8    26W / 230W |      8MiB / 24256MiB |      0%      Default |	1696948707907
| 30%   39C    P2    64W / 230W |   1163MiB / 24256MiB |      0%      Default |	1696948708657
| 30%   38C    P8    26W / 230W |      8MiB / 24256MiB |      0%      Default |	1696948708657
| 30%   38C    P5    54W / 230W |   1163MiB / 24256MiB |      0%      Default |	1696948709406
| 30%   38C    P8    25W / 230W |      8MiB / 24256MiB |      0%      Default |	1696948709406
| 30%   38C    P8    41W / 230W |   1163MiB / 24256MiB |      0%      Default |	1696948710162
| 30%   38C    P8    25W / 230W |      8MiB / 24256MiB |      0%      Default |	1696948710162
| 30%   38C    P8    27W / 230W |   1163MiB / 24256MiB |      0%      Default |	1696948710905
| 30%   38C    P8    25W / 230W |      8MiB / 24256MiB |      0%      Default |	1696948710905
| 30%   38C    P8    27W / 230W |   1163MiB / 24256MiB |      0%      Default |	1696948711647
| 30%   37C    P8    25W / 230W |      8MiB / 24256MiB |      0%      Default |	1696948711647
| 30%   38C    P8    27W / 230W |   1163MiB / 24256MiB |      0%      Default |	1696948712380
| 30%   37C    P8    25W / 230W |      8MiB / 24256MiB |      0%      Default |	1696948712380
| 30%   37C    P8    27W / 230W |   1163MiB / 24256MiB |      0%      Default |	1696948713117
| 30%   38C    P8    25W / 230W |      8MiB / 24256MiB |      0%      Default |	1696948713117
| 30%   37C    P8    27W / 230W |   1163MiB / 24256MiB |      0%      Default |	1696948713855
| 30%   37C    P8    25W / 230W |      8MiB / 24256MiB |      0%      Default |	1696948713855
| 30%   37C    P8    27W / 230W |   1163MiB / 24256MiB |      0%      Default |	1696948714593
| 30%   37C    P8    25W / 230W |      8MiB / 24256MiB |      0%      Default |	1696948714593
| 30%   37C    P8    27W / 230W |   1163MiB / 24256MiB |      0%      Default |	1696948715328
| 30%   37C    P8    25W / 230W |      8MiB / 24256MiB |      0%      Default |	1696948715328
| 30%   37C    P8    27W / 230W |   1163MiB / 24256MiB |      0%      Default |	1696948716061
| 30%   37C    P8    25W / 230W |      8MiB / 24256MiB |      0%      Default |	1696948716061
| 30%   37C    P8    27W / 230W |   1163MiB / 24256MiB |      0%      Default |	1696948716796
| 30%   37C    P8    25W / 230W |      8MiB / 24256MiB |      0%      Default |	1696948716796
| 30%   37C    P8    28W / 230W |   1163MiB / 24256MiB |      0%      Default |	1696948717538
| 30%   37C    P8    25W / 230W |      8MiB / 24256MiB |      0%      Default |	1696948717538
| 30%   37C    P8    27W / 230W |   1163MiB / 24256MiB |      0%      Default |	1696948718270
| 30%   37C    P8    25W / 230W |      8MiB / 24256MiB |      0%      Default |	1696948718270
| 30%   37C    P8    27W / 230W |   1163MiB / 24256MiB |      0%      Default |	1696948719007
| 30%   37C    P8    25W / 230W |      8MiB / 24256MiB |      0%      Default |	1696948719007
| 30%   37C    P8    27W / 230W |   1163MiB / 24256MiB |      0%      Default |	1696948719745
| 30%   37C    P8    25W / 230W |      8MiB / 24256MiB |      0%      Default |	1696948719745
| 30%   37C    P8    27W / 230W |   1163MiB / 24256MiB |      0%      Default |	1696948720482
| 30%   37C    P8    25W / 230W |      8MiB / 24256MiB |      0%      Default |	1696948720482
| 30%   36C    P8    27W / 230W |   1163MiB / 24256MiB |      0%      Default |	1696948721218
| 30%   37C    P8    25W / 230W |      8MiB / 24256MiB |      0%      Default |	1696948721218
| 30%   36C    P8    27W / 230W |   1163MiB / 24256MiB |      0%      Default |	1696948721951
| 30%   37C    P8    25W / 230W |      8MiB / 24256MiB |      0%      Default |	1696948721951
| 30%   36C    P8    27W / 230W |   1163MiB / 24256MiB |      0%      Default |	1696948722691
| 30%   37C    P8    25W / 230W |      8MiB / 24256MiB |      0%      Default |	1696948722691
| 30%   36C    P8    27W / 230W |   1163MiB / 24256MiB |      0%      Default |	1696948723425
| 30%   37C    P8    25W / 230W |      8MiB / 24256MiB |      0%      Default |	1696948723425
| 30%   36C    P8    27W / 230W |   1163MiB / 24256MiB |      0%      Default |	1696948724162
| 30%   37C    P8    25W / 230W |      8MiB / 24256MiB |      0%      Default |	1696948724162
| 30%   36C    P8    27W / 230W |   1163MiB / 24256MiB |      0%      Default |	1696948724900
| 30%   37C    P8    25W / 230W |      8MiB / 24256MiB |      0%      Default |	1696948724900
| 30%   36C    P8    27W / 230W |   1163MiB / 24256MiB |      0%      Default |	1696948725644
| 30%   37C    P8    25W / 230W |      8MiB / 24256MiB |      0%      Default |	1696948725644
| 30%   36C    P8    27W / 230W |   1163MiB / 24256MiB |      0%      Default |	1696948726378
| 30%   37C    P8    25W / 230W |      8MiB / 24256MiB |      0%      Default |	1696948726378
| 30%   36C    P8    27W / 230W |   1163MiB / 24256MiB |      0%      Default |	1696948727107
| 30%   37C    P8    25W / 230W |      8MiB / 24256MiB |      0%      Default |	1696948727107
| 30%   36C    P8    27W / 230W |   1163MiB / 24256MiB |      0%      Default |	1696948727842
| 30%   37C    P8    25W / 230W |      8MiB / 24256MiB |      0%      Default |	1696948727842
| 30%   36C    P8    27W / 230W |   1163MiB / 24256MiB |      0%      Default |	1696948728579
| 30%   37C    P8    25W / 230W |      8MiB / 24256MiB |      0%      Default |	1696948728579
| 30%   36C    P8    27W / 230W |   1163MiB / 24256MiB |      0%      Default |	1696948729315
| 30%   37C    P8    25W / 230W |      8MiB / 24256MiB |      0%      Default |	1696948729315
| 30%   36C    P8    27W / 230W |   1163MiB / 24256MiB |      0%      Default |	1696948730051
| 30%   37C    P8    25W / 230W |      8MiB / 24256MiB |      0%      Default |	1696948730051
| 30%   36C    P8    27W / 230W |   1163MiB / 24256MiB |      0%      Default |	1696948730784
| 30%   37C    P8    25W / 230W |      8MiB / 24256MiB |      0%      Default |	1696948730784
| 30%   36C    P8    27W / 230W |   1163MiB / 24256MiB |      0%      Default |	1696948731525
| 30%   37C    P8    25W / 230W |      8MiB / 24256MiB |      0%      Default |	1696948731525
| 30%   36C    P8    27W / 230W |   1163MiB / 24256MiB |      0%      Default |	1696948732260
| 30%   37C    P8    25W / 230W |      8MiB / 24256MiB |      0%      Default |	1696948732260
| 30%   36C    P8    27W / 230W |   1163MiB / 24256MiB |      0%      Default |	1696948732995
| 30%   36C    P8    25W / 230W |      8MiB / 24256MiB |      0%      Default |	1696948732995
| 30%   36C    P8    27W / 230W |   1163MiB / 24256MiB |      0%      Default |	1696948733728
| 30%   36C    P8    25W / 230W |      8MiB / 24256MiB |      0%      Default |	1696948733728
| 30%   38C    P2    45W / 230W |   2319MiB / 24256MiB |     56%      Default |	1696948734483
| 30%   36C    P8    25W / 230W |      8MiB / 24256MiB |      0%      Default |	1696948734483
| 30%   39C    P2    95W / 230W |   2619MiB / 24256MiB |     93%      Default |	1696948735229
| 30%   36C    P8    25W / 230W |      8MiB / 24256MiB |      0%      Default |	1696948735229
| 30%   40C    P2   113W / 230W |   2619MiB / 24256MiB |     93%      Default |	1696948736056
| 30%   36C    P8    25W / 230W |      8MiB / 24256MiB |      0%      Default |	1696948736056
| 30%   40C    P2   115W / 230W |   2619MiB / 24256MiB |     90%      Default |	1696948736874
| 30%   36C    P8    25W / 230W |      8MiB / 24256MiB |      0%      Default |	1696948736874
| 30%   41C    P2   112W / 230W |   2619MiB / 24256MiB |     93%      Default |	1696948737658
| 30%   36C    P8    25W / 230W |      8MiB / 24256MiB |      0%      Default |	1696948737658
| 30%   41C    P2   116W / 230W |   2619MiB / 24256MiB |     90%      Default |	1696948738473
| 30%   36C    P8    25W / 230W |      8MiB / 24256MiB |      0%      Default |	1696948738473
| 30%   41C    P2   116W / 230W |   2619MiB / 24256MiB |     92%      Default |	1696948739290
| 30%   36C    P8    25W / 230W |      8MiB / 24256MiB |      0%      Default |	1696948739290
| 30%   41C    P2   113W / 230W |   2619MiB / 24256MiB |     89%      Default |	1696948740086
| 30%   36C    P8    25W / 230W |      8MiB / 24256MiB |      0%      Default |	1696948740086
| 30%   42C    P2   117W / 230W |   2619MiB / 24256MiB |     93%      Default |	1696948740902
| 30%   36C    P8    25W / 230W |      8MiB / 24256MiB |      0%      Default |	1696948740902
| 30%   42C    P2   114W / 230W |   2771MiB / 24256MiB |     93%      Default |	1696948741707
| 30%   36C    P8    25W / 230W |      8MiB / 24256MiB |      0%      Default |	1696948741707
| 30%   42C    P2   116W / 230W |   2771MiB / 24256MiB |     91%      Default |	1696948742563
| 30%   36C    P8    25W / 230W |      8MiB / 24256MiB |      0%      Default |	1696948742563
| 30%   43C    P2   117W / 230W |   2953MiB / 24256MiB |     90%      Default |	1696948743379
| 30%   36C    P8    25W / 230W |      8MiB / 24256MiB |      0%      Default |	1696948743379
| 30%   42C    P2   117W / 230W |   2953MiB / 24256MiB |     92%      Default |	1696948744197
| 30%   36C    P8    25W / 230W |      8MiB / 24256MiB |      0%      Default |	1696948744197
| 30%   43C    P2   115W / 230W |   2953MiB / 24256MiB |     95%      Default |	1696948745008
| 30%   36C    P8    25W / 230W |      8MiB / 24256MiB |      0%      Default |	1696948745008
| 30%   43C    P2   117W / 230W |   3105MiB / 24256MiB |     84%      Default |	1696948745827
| 30%   36C    P8    25W / 230W |      8MiB / 24256MiB |      0%      Default |	1696948745827
| 30%   43C    P2   117W / 230W |   3105MiB / 24256MiB |     93%      Default |	1696948746648
| 30%   36C    P8    25W / 230W |      8MiB / 24256MiB |      0%      Default |	1696948746648
| 30%   43C    P2   115W / 230W |   3105MiB / 24256MiB |     92%      Default |	1696948747469
| 30%   36C    P8    25W / 230W |      8MiB / 24256MiB |      0%      Default |	1696948747469
| 30%   44C    P2   118W / 230W |   3105MiB / 24256MiB |     92%      Default |	1696948748294
| 30%   36C    P8    25W / 230W |      8MiB / 24256MiB |      0%      Default |	1696948748294
| 30%   44C    P2   118W / 230W |   3105MiB / 24256MiB |     91%      Default |	1696948749112
| 30%   36C    P8    25W / 230W |      8MiB / 24256MiB |      0%      Default |	1696948749112
| 30%   44C    P2   115W / 230W |   3105MiB / 24256MiB |     94%      Default |	1696948749915
| 30%   36C    P8    25W / 230W |      8MiB / 24256MiB |      0%      Default |	1696948749915
| 30%   44C    P2   118W / 230W |   3105MiB / 24256MiB |     89%      Default |	1696948750730
| 30%   36C    P8    25W / 230W |      8MiB / 24256MiB |      0%      Default |	1696948750730
| 30%   44C    P2   119W / 230W |   3105MiB / 24256MiB |     91%      Default |	1696948751546
| 30%   36C    P8    25W / 230W |      8MiB / 24256MiB |      0%      Default |	1696948751546
| 30%   44C    P2   116W / 230W |   3105MiB / 24256MiB |     92%      Default |	1696948752356
| 30%   36C    P8    25W / 230W |      8MiB / 24256MiB |      0%      Default |	1696948752356
| 30%   45C    P2   119W / 230W |   3105MiB / 24256MiB |     89%      Default |	1696948753175
| 30%   36C    P8    25W / 230W |      8MiB / 24256MiB |      0%      Default |	1696948753175
| 30%   45C    P2   119W / 230W |   3105MiB / 24256MiB |     91%      Default |	1696948754002
| 30%   36C    P8    25W / 230W |      8MiB / 24256MiB |      0%      Default |	1696948754002
| 30%   45C    P2   113W / 230W |   3289MiB / 24256MiB |     94%      Default |	1696948754803
| 30%   35C    P8    25W / 230W |      8MiB / 24256MiB |      0%      Default |	1696948754803
| 30%   45C    P2   116W / 230W |   3289MiB / 24256MiB |     89%      Default |	1696948755621
| 30%   36C    P8    25W / 230W |      8MiB / 24256MiB |      0%      Default |	1696948755621
| 30%   45C    P2   119W / 230W |   3289MiB / 24256MiB |     91%      Default |	1696948756430
| 30%   36C    P8    25W / 230W |      8MiB / 24256MiB |      0%      Default |	1696948756430
| 30%   46C    P2   119W / 230W |   3289MiB / 24256MiB |     85%      Default |	1696948757251
| 30%   35C    P8    25W / 230W |      8MiB / 24256MiB |      0%      Default |	1696948757251
| 30%   46C    P2   119W / 230W |   3289MiB / 24256MiB |     94%      Default |	1696948758070
| 30%   36C    P8    25W / 230W |      8MiB / 24256MiB |      0%      Default |	1696948758070
| 30%   46C    P2   119W / 230W |   3289MiB / 24256MiB |     92%      Default |	1696948758892
| 30%   35C    P8    25W / 230W |      8MiB / 24256MiB |      0%      Default |	1696948758892
| 30%   46C    P2   117W / 230W |   3289MiB / 24256MiB |     91%      Default |	1696948759702
| 30%   35C    P8    25W / 230W |      8MiB / 24256MiB |      0%      Default |	1696948759702
| 30%   46C    P2   119W / 230W |   3289MiB / 24256MiB |     88%      Default |	1696948760524
| 30%   35C    P8    25W / 230W |      8MiB / 24256MiB |      0%      Default |	1696948760524
| 30%   46C    P2   120W / 230W |   3289MiB / 24256MiB |     91%      Default |	1696948761340
| 30%   35C    P8    25W / 230W |      8MiB / 24256MiB |      0%      Default |	1696948761340
| 30%   47C    P2   117W / 230W |   3289MiB / 24256MiB |     90%      Default |	1696948762148
| 30%   35C    P8    25W / 230W |      8MiB / 24256MiB |      0%      Default |	1696948762148
| 30%   47C    P2   120W / 230W |   3289MiB / 24256MiB |     90%      Default |	1696948762965
| 30%   35C    P8    25W / 230W |      8MiB / 24256MiB |      0%      Default |	1696948762965
| 30%   47C    P2   120W / 230W |   3289MiB / 24256MiB |     89%      Default |	1696948763785
| 30%   35C    P8    25W / 230W |      8MiB / 24256MiB |      0%      Default |	1696948763785
| 30%   47C    P2   117W / 230W |   3289MiB / 24256MiB |     94%      Default |	1696948764606
| 30%   35C    P8    25W / 230W |      8MiB / 24256MiB |      0%      Default |	1696948764606
| 30%   47C    P2   120W / 230W |   3289MiB / 24256MiB |     91%      Default |	1696948765426
| 30%   35C    P8    25W / 230W |      8MiB / 24256MiB |      0%      Default |	1696948765426
| 30%   47C    P2   121W / 230W |   3289MiB / 24256MiB |     91%      Default |	1696948766243
| 30%   35C    P8    25W / 230W |      8MiB / 24256MiB |      0%      Default |	1696948766243
| 30%   47C    P2   118W / 230W |   3289MiB / 24256MiB |     93%      Default |	1696948767048
| 30%   35C    P8    25W / 230W |      8MiB / 24256MiB |      0%      Default |	1696948767048
| 30%   48C    P2   121W / 230W |   3289MiB / 24256MiB |     90%      Default |	1696948767867
| 30%   35C    P8    25W / 230W |      8MiB / 24256MiB |      0%      Default |	1696948767867
| 30%   46C    P2   105W / 230W |   3289MiB / 24256MiB |      0%      Default |	1696948768688
| 30%   35C    P8    25W / 230W |      8MiB / 24256MiB |      0%      Default |	1696948768688
| 30%   46C    P0    89W / 230W |      5MiB / 24256MiB |      3%      Default |	1696948769454
| 30%   35C    P8    25W / 230W |      5MiB / 24256MiB |      0%      Default |	1696948769454
