700712 toao      20   0 2488260 101288  68172 R 100.0   0.1   0:00.18 nts	1693187228127
700712 toao      20   0 8389884 233624 114500 R  7882   0.2   0:27.66 nts	1693187228854
700712 toao      20   0 8621164 362832 114684 R 566.7   0.3   0:58.73 nts	1693187229573
700712 toao      20   0 8621164 378936 114684 R 194.1   0.3   1:00.12 nts	1693187230275
700712 toao      20   0 8621164 386856 114684 R 200.0   0.3   1:01.52 nts	1693187230979
700712 toao      20   0 8621164 386856 114684 R 200.0   0.3   1:02.91 nts	1693187231680
700712 toao      20   0 8621164 386856 114684 R 205.9   0.3   1:04.32 nts	1693187232382
700712 toao      20   0 8621164 386856 114684 R 200.0   0.3   1:05.70 nts	1693187233087
700712 toao      20   0 8621164 386856 114684 R 218.8   0.3   1:07.09 nts	1693187233786
700712 toao      20   0 8621164 386856 114684 R 194.1   0.3   1:08.48 nts	1693187234485
700712 toao      20   0 8621164 411936 114684 R 212.5   0.3   1:09.88 nts	1693187235193
700712 toao      20   0 8621164 411936 114684 R 194.1   0.3   1:11.27 nts	1693187235890
700712 toao      20   0 8621164 411936 114684 R 194.1   0.3   1:12.66 nts	1693187236595
700712 toao      20   0 8621164 414312 114684 R 200.0   0.3   1:14.06 nts	1693187237294
700712 toao      20   0 8621164 420648 114684 R 200.0   0.3   1:15.45 nts	1693187237997
700712 toao      20   0 8621164 430944 114684 R 194.1   0.3   1:16.84 nts	1693187238694
700712 toao      20   0 8621164 436488 114684 R 194.1   0.3   1:18.23 nts	1693187239398
700712 toao      20   0 8621164 442824 114684 R 200.0   0.3   1:19.63 nts	1693187240096
700712 toao      20   0 9296860 544640 114804 R 100.0   0.4   1:20.72 nts	1693187240797
700712 toao      20   0    9.9g   1.0g 114804 R  1000   0.8   1:27.30 nts	1693187241495
700712 toao      20   0    9.9g   1.0g 114804 R  1259   0.8   1:34.97 nts	1693187242204
700712 toao      20   0    9.9g   1.0g 114804 R  1182   0.8   1:43.91 nts	1693187242912
700712 toao      20   0    9.9g   1.0g 114804 R  1212   0.8   1:52.03 nts	1693187243611
700712 toao      20   0    9.9g   1.2g 114804 R  1229   1.0   2:00.86 nts	1693187244311
700712 toao      20   0    9.9g   1.3g 114804 R  1082   1.0   2:09.39 nts	1693187245011
700712 toao      20   0    9.9g   1.3g 114804 R  1272   1.1   2:17.33 nts	1693187245711
700712 toao      20   0    9.9g   1.4g 114804 R  1288   1.1   2:25.76 nts	1693187246418
700712 toao      20   0    9.9g   1.4g 114804 R  1247   1.1   2:33.82 nts	1693187247122
700712 toao      20   0   14.1g   1.4g 114836 R 194.1   1.1   2:36.20 nts	1693187247831
700712 toao      20   0   14.1g   1.4g 114836 R 212.5   1.1   2:37.59 nts	1693187248533
700712 toao      20   0   14.1g   1.5g 114836 R 200.0   1.2   2:38.99 nts	1693187249239
700712 toao      20   0   14.1g   1.5g 114836 R 200.0   1.2   2:40.38 nts	1693187249944
700712 toao      20   0   14.1g   1.5g 114836 R 200.0   1.2   2:41.76 nts	1693187250649
700712 toao      20   0   14.1g   1.5g 114836 R 205.9   1.2   2:43.16 nts	1693187251352
700712 toao      20   0   14.1g   1.5g 114836 R 200.0   1.2   2:44.55 nts	1693187252055
700712 toao      20   0   14.1g   1.5g 114836 R 200.0   1.2   2:45.93 nts	1693187252759
700712 toao      20   0   14.1g   1.5g 114836 R 200.0   1.2   2:47.32 nts	1693187253458
700712 toao      20   0   14.1g   1.5g 114836 R 194.1   1.2   2:48.70 nts	1693187254158
700712 toao      20   0   14.1g   1.5g 114836 R 194.1   1.2   2:50.09 nts	1693187254858
700712 toao      20   0   14.1g   1.5g 114836 R 200.0   1.2   2:51.48 nts	1693187255558
700712 toao      20   0   14.1g   1.5g 114836 R 194.1   1.2   2:52.87 nts	1693187256259
700712 toao      20   0   14.1g   1.5g 114836 R 194.1   1.2   2:54.25 nts	1693187256958
700712 toao      20   0   14.7g   1.7g 114836 R 105.9   1.3   2:55.34 nts	1693187257658
700712 toao      20   0   15.7g   1.8g 114836 R  1876   1.4   3:02.55 nts	1693187258358
700712 toao      20   0   15.7g   1.9g 114836 R  1694   1.5   3:17.32 nts	1693187259058
700712 toao      20   0   15.7g   2.0g 114836 R 900.0   1.6   3:26.61 nts	1693187259759
700712 toao      20   0   15.7g   2.1g 114836 R 505.9   1.6   3:31.38 nts	1693187260460
700712 toao      20   0   15.7g   2.2g 114836 R 611.8   1.7   3:35.10 nts	1693187261164
700712 toao      20   0   15.7g   2.2g 114836 R 482.4   1.8   3:38.43 nts	1693187261868
700712 toao      20   0   15.7g   2.3g 114836 R 441.2   1.8   3:41.97 nts	1693187262577
700712 toao      20   0   15.7g   2.4g 114836 R 588.2   1.9   3:45.61 nts	1693187263282
700712 toao      20   0   19.7g   2.5g 114836 R 570.6   2.0   3:49.34 nts	1693187263985
700712 toao      20   0   19.9g   2.6g 114836 R  1206   2.1   3:51.92 nts	1693187264689
700712 toao      20   0   19.9g   2.6g 114836 R 105.9   2.1   3:52.63 nts	1693187265391
700712 toao      20   0   19.9g   2.6g 114836 R  94.4   2.1   3:53.34 nts	1693187266098
700712 toao      20   0   19.9g   2.6g 114836 R 100.0   2.1   3:54.04 nts	1693187266809
700712 toao      20   0   19.9g   2.6g 114836 R 100.0   2.1   3:54.75 nts	1693187267516
700712 toao      20   0   19.9g   2.6g 114836 R 100.0   2.1   3:55.45 nts	1693187268220
700712 toao      20   0   19.9g   2.6g 114836 R 106.2   2.1   3:56.15 nts	1693187268923
700712 toao      20   0   19.9g   2.6g 114836 R 100.0   2.1   3:56.85 nts	1693187269623
700712 toao      20   0   19.9g   2.6g 114836 R 106.2   2.1   3:57.55 nts	1693187270322
700712 toao      20   0   20.8g   2.7g 114836 R 112.5   2.1   3:58.26 nts	1693187271022
700712 toao      20   0   20.8g   3.1g 114836 R 106.2   2.5   3:58.95 nts	1693187271722
700712 toao      20   0   20.8g   3.2g 114836 R 100.0   2.5   3:59.65 nts	1693187272421
700712 toao      20   0   20.8g   3.2g 114836 R 106.2   2.5   4:00.35 nts	1693187273123
700712 toao      20   0   20.8g   3.2g 114836 R 100.0   2.5   4:01.05 nts	1693187273823
700712 toao      20   0   20.8g   3.2g 114836 R 100.0   2.5   4:01.75 nts	1693187274520
700712 toao      20   0   20.8g   3.2g 114836 R 100.0   2.5   4:02.45 nts	1693187275220
700712 toao      20   0   20.8g   3.2g 114836 R 100.0   2.5   4:03.16 nts	1693187275923
700712 toao      20   0   20.8g   3.2g 114836 R 100.0   2.5   4:03.86 nts	1693187276625
700712 toao      20   0   20.8g   3.2g 114836 R 100.0   2.5   4:04.56 nts	1693187277330
700712 toao      20   0   20.8g   3.2g 114836 R 100.0   2.5   4:05.26 nts	1693187278029
700712 toao      20   0   20.8g   3.2g 114836 R 106.2   2.5   4:05.96 nts	1693187278735
700712 toao      20   0   20.8g   3.2g 114836 R 112.5   2.5   4:06.66 nts	1693187279434
700712 toao      20   0   20.8g   3.2g 114836 R  94.1   2.5   4:07.35 nts	1693187280131
700712 toao      20   0   20.8g   3.2g 114836 R 100.0   2.5   4:08.06 nts	1693187280830
700712 toao      20   0   20.8g   3.2g 114836 R 106.2   2.5   4:08.76 nts	1693187281534
700712 toao      20   0   20.8g   3.4g 114836 R 106.2   2.7   4:09.46 nts	1693187282233
700712 toao      20   0   20.8g   3.4g 114836 R  94.1   2.7   4:10.15 nts	1693187282932
700712 toao      20   0   20.8g   3.4g 114836 R 105.9   2.7   4:10.86 nts	1693187283630
700712 toao      20   0   20.8g   3.4g 114836 R 105.9   2.7   4:11.56 nts	1693187284331
700712 toao      20   0   20.8g   3.4g 114836 R  94.1   2.7   4:12.25 nts	1693187285031
700712 toao      20   0   20.8g   3.5g 114836 R 112.5   2.8   4:12.96 nts	1693187285732
700712 toao      20   0   20.8g   3.5g 114836 R 100.0   2.8   4:13.66 nts	1693187286432
700712 toao      20   0   20.8g   3.5g 114836 R 105.9   2.8   4:14.36 nts	1693187287131
700712 toao      20   0   20.8g   3.5g 114836 R 100.0   2.8   4:15.06 nts	1693187287831
700712 toao      20   0   20.8g   3.5g 114836 R 106.2   2.8   4:15.75 nts	1693187288533
700712 toao      20   0   20.8g   3.6g 114836 R 100.0   2.8   4:16.45 nts	1693187289233
700712 toao      20   0   20.8g   3.6g 114836 R  94.1   2.9   4:17.16 nts	1693187289935
700712 toao      20   0   20.8g   3.6g 114836 R 100.0   2.9   4:17.86 nts	1693187290639
700712 toao      20   0   20.9g   3.6g 116032 R 756.2   2.9   4:19.60 nts	1693187291343
700712 toao      20   0   30.5g   4.4g 307484 R  94.1   3.5   4:20.30 nts	1693187292036
700712 toao      20   0   31.4g   5.2g 443384 R 112.5   4.2   4:21.01 nts	1693187292743
700712 toao      20   0   33.1g   6.3g 525624 R 100.0   5.0   4:21.71 nts	1693187293443
700712 toao      20   0   33.1g   6.7g 525624 R  94.1   5.4   4:22.41 nts	1693187294148
700712 toao      20   0   33.1g   6.7g 525624 R 100.0   5.4   4:23.11 nts	1693187294851
700712 toao      20   0   44.3g   7.0g 839252 R 100.0   5.6   4:23.81 nts	1693187295551
700712 toao      20   0   44.3g   9.3g   3.1g R 100.0   7.4   4:24.52 nts	1693187296251
700712 toao      20   0   44.3g  11.6g   5.3g R 105.9   9.2   4:25.22 nts	1693187296951
700712 toao      20   0   44.3g  13.8g   7.6g R 100.0  11.0   4:25.91 nts	1693187297651
700712 toao      20   0   44.3g  16.1g   9.8g R 100.0  12.8   4:26.62 nts	1693187298351
700712 toao      20   0   44.3g  17.9g  11.7g R 100.0  14.3   4:27.32 nts	1693187299051
700712 toao      20   0   44.4g  17.9g  11.7g R 100.0  14.3   4:28.00 nts	1693187299751
700712 toao      20   0   44.4g  17.9g  11.7g R 106.2  14.3   4:28.70 nts	1693187300453
700712 toao      20   0   44.4g  17.9g  11.7g R 100.0  14.3   4:29.40 nts	1693187301155
700712 toao      20   0   44.4g  17.9g  11.7g R 100.0  14.3   4:30.10 nts	1693187301855
700712 toao      20   0   44.4g  17.9g  11.7g R 100.0  14.3   4:30.80 nts	1693187302555
700712 toao      20   0   44.4g  17.9g  11.7g R 105.9  14.3   4:31.51 nts	1693187303255
700712 toao      20   0   44.4g  17.9g  11.7g R 106.2  14.3   4:32.21 nts	1693187303954
700712 toao      20   0   44.4g  17.9g  11.7g R 100.0  14.3   4:32.91 nts	1693187304655
700712 toao      20   0   44.4g  17.9g  11.7g R 100.0  14.3   4:33.61 nts	1693187305359
700712 toao      20   0   44.4g  17.9g  11.7g R 100.0  14.3   4:34.31 nts	1693187306063
700712 toao      20   0   44.4g  17.9g  11.7g R 105.9  14.3   4:35.02 nts	1693187306767
700712 toao      20   0   44.4g  17.9g  11.7g R 100.0  14.3   4:35.72 nts	1693187307467
700712 toao      20   0   44.4g  17.9g  11.7g R 100.0  14.3   4:36.42 nts	1693187308170
700712 toao      20   0   44.4g  17.9g  11.7g R 100.0  14.3   4:37.12 nts	1693187308870
700712 toao      20   0   44.4g  17.9g  11.7g R 105.9  14.3   4:37.83 nts	1693187309571
700712 toao      20   0   44.4g  17.9g  11.7g R 100.0  14.3   4:38.52 nts	1693187310271
700712 toao      20   0   44.4g  18.0g  11.7g R 100.0  14.3   4:39.23 nts	1693187310971
700712 toao      20   0   44.4g  18.0g  11.7g R  94.1  14.3   4:39.92 nts	1693187311674
700712 toao      20   0   44.4g  18.0g  11.7g R 100.0  14.3   4:40.62 nts	1693187312375
700712 toao      20   0   44.4g  18.0g  11.7g R 100.0  14.3   4:41.32 nts	1693187313074
700712 toao      20   0   44.4g  18.0g  11.7g R  94.1  14.3   4:42.02 nts	1693187313774
700712 toao      20   0   44.2g  18.0g  11.7g R 411.8  14.3   4:43.26 nts	1693187314478
700712 toao      20   0   44.2g  18.0g  11.7g R 100.0  14.4   4:43.97 nts	1693187315179
700712 toao      20   0   44.5g  18.1g  11.7g R 864.7  14.4   4:53.81 nts	1693187315887
700712 toao      20   0   44.5g  18.2g  11.7g R 382.4  14.5   5:07.84 nts	1693187316590
700712 toao      20   0   44.5g  18.1g  11.7g R  1471  14.5   5:22.80 nts	1693187317290
700712 toao      20   0   44.5g  18.2g  11.7g R 952.9  14.5   5:36.97 nts	1693187317987
700712 toao      20   0   44.5g  18.1g  11.7g R  2471  14.4   5:51.71 nts	1693187318686
700712 toao      20   0   44.5g  18.2g  11.7g R  2788  14.5   6:03.63 nts	1693187319388
700712 toao      20   0   44.5g  18.2g  11.7g R  2218  14.5   6:17.45 nts	1693187320090
700712 toao      20   0   44.5g  18.2g  11.7g R  1665  14.5   6:29.67 nts	1693187320795
700712 toao      20   0   44.5g  18.2g  11.7g R  1688  14.5   6:43.51 nts	1693187321495
700712 toao      20   0   44.5g  18.2g  11.7g R  2924  14.5   6:58.86 nts	1693187322199
700712 toao      20   0   44.5g  18.1g  11.7g R  3488  14.4   7:13.54 nts	1693187322898
700712 toao      20   0   44.5g  18.1g  11.7g S  3129  14.4   7:21.51 nts	1693187323598
700712 toao      20   0   44.5g  18.1g  11.7g R  2500  14.5   7:35.34 nts	1693187324302
700712 toao      20   0   44.5g  18.1g  11.7g R  1241  14.5   7:48.30 nts	1693187325004
700712 toao      20   0   44.5g  18.2g  11.7g R 464.7  14.5   8:02.22 nts	1693187325707
700712 toao      20   0   44.5g  18.2g  11.7g R  94.1  14.5   8:15.08 nts	1693187326414
700712 toao      20   0   44.5g  18.2g  11.7g R 876.5  14.5   8:29.25 nts	1693187327118
700712 toao      20   0   44.5g  18.2g  11.7g R 358.8  14.5   8:41.85 nts	1693187327818
700712 toao      20   0   44.5g  18.2g  11.7g R  1300  14.5   8:56.84 nts	1693187328518
700712 toao      20   0   44.5g  18.2g  11.7g R  2447  14.5   9:11.65 nts	1693187329218
700712 toao      20   0   44.5g  18.2g  11.7g R  1894  14.5   9:24.48 nts	1693187329918
700712 toao      20   0   44.5g  18.1g  11.7g R  3347  14.4   9:39.80 nts	1693187330619
700712 toao      20   0   44.5g  18.1g  11.7g R  3241  14.4   9:53.36 nts	1693187331324
700712 toao      20   0   44.5g  18.1g  11.7g R  3200  14.4  10:07.23 nts	1693187332027
700712 toao      20   0   44.5g  18.1g  11.7g R  2165  14.5  10:20.45 nts	1693187332728
700712 toao      20   0   44.5g  18.1g  11.7g R  3041  14.4  10:34.20 nts	1693187333428
700712 toao      20   0   44.5g  18.1g  11.7g R  2359  14.5  10:47.47 nts	1693187334131
700712 toao      20   0   44.5g  18.2g  11.7g R 911.8  14.5  11:00.05 nts	1693187334834
700712 toao      20   0   44.5g  18.1g  11.7g R 594.1  14.5  11:13.50 nts	1693187335535
700712 toao      20   0   44.5g  18.2g  11.7g R 329.4  14.5  11:26.78 nts	1693187336239
700712 toao      20   0   44.5g  18.2g  11.7g R 900.0  14.5  11:41.07 nts	1693187336938
700712 toao      20   0   44.5g  18.2g  11.7g R  1882  14.5  11:55.88 nts	1693187337638
700712 toao      20   0   44.5g  18.2g  11.7g R  3171  14.5  12:10.93 nts	1693187338339
700712 toao      20   0   44.5g  18.1g  11.7g R  3112  14.4  12:24.47 nts	1693187339040
700712 toao      20   0   44.5g  18.1g  11.7g R  1765  14.5  12:37.40 nts	1693187339740
700712 toao      20   0   44.5g  18.1g  11.7g R  2719  14.4  12:50.81 nts	1693187340442
700712 toao      20   0   44.5g  18.1g  11.7g R  2750  14.5  13:03.90 nts	1693187341144
700712 toao      20   0   44.5g  18.1g  11.7g R  2029  14.5  13:16.52 nts	1693187341843
700712 toao      20   0   44.5g  18.2g  11.7g R 670.6  14.5  13:29.42 nts	1693187342547
700712 toao      20   0   44.5g  18.2g  11.7g R  1006  14.5  13:43.62 nts	1693187343251
700712 toao      20   0   44.5g  18.1g  11.7g S 100.0  14.4  13:55.00 nts	1693187343951
700712 toao      20   0   44.5g  18.1g  11.7g R 352.9  14.5  13:56.13 nts	1693187344654
700712 toao      20   0   44.5g  18.1g  11.7g R  1300  14.5  14:10.08 nts	1693187345355
700712 toao      20   0   44.5g  18.2g  11.7g R 858.8  14.5  14:22.94 nts	1693187346059
700712 toao      20   0   44.5g  18.1g  11.7g R  1000  14.5  14:36.13 nts	1693187346759
700712 toao      20   0   44.5g  18.2g  11.7g R 641.2  14.5  14:49.36 nts	1693187347459
700712 toao      20   0   44.5g  18.1g  11.7g R 941.2  14.4  15:03.28 nts	1693187348163
700712 toao      20   0   44.5g  18.1g  11.7g S  2012  14.4  15:16.64 nts	1693187348866
700712 toao      20   0   44.5g  18.2g  11.7g R  2935  14.5  15:29.33 nts	1693187349571
700712 toao      20   0   44.5g  18.2g  11.7g R  2962  14.5  15:42.84 nts	1693187350272
700712 toao      20   0   44.5g  18.1g  11.7g R  3500  14.4  15:56.66 nts	1693187350973
700712 toao      20   0   44.5g  18.1g  11.7g R  2135  14.5  16:09.44 nts	1693187351671
700712 toao      20   0   44.5g  18.2g  11.7g R 555.6  14.5  16:21.96 nts	1693187352370
700712 toao      20   0   44.5g  18.2g  11.7g R 735.3  14.5  16:35.85 nts	1693187353076
700712 toao      20   0   44.5g  18.2g  11.7g R 100.0  14.5  16:48.16 nts	1693187353774
700712 toao      20   0   44.5g  18.2g  11.7g R 458.8  14.5  17:01.52 nts	1693187354475
700712 toao      20   0   44.5g  18.2g  11.7g R 864.7  14.5  17:15.21 nts	1693187355175
700712 toao      20   0   44.5g  18.2g  11.7g R 929.4  14.5  17:27.63 nts	1693187355877
700712 toao      20   0   44.5g  18.2g  11.7g R  1024  14.5  17:41.33 nts	1693187356575
700712 toao      20   0   44.5g  18.2g  11.7g R  1338  14.5  17:55.07 nts	1693187357283
700712 toao      20   0   44.5g  18.2g  11.7g R 241.2  14.5  18:06.71 nts	1693187357982
700712 toao      20   0   44.5g  18.2g  11.7g R  2569  14.5  18:20.01 nts	1693187358682
700712 toao      20   0  101.5g  19.2g  12.8g R 194.1  15.3  18:27.76 nts	1693187359383
700712 toao      20   0  103.4g  20.8g  14.3g R 200.0  16.6  18:29.17 nts	1693187360087
700712 toao      20   0  108.4g  21.0g  14.4g S  2635  16.8  18:44.13 nts	1693187360787
700712 toao      20   0  109.0g  21.1g  14.4g S  2647  16.8  19:03.62 nts	1693187361487
700712 toao      20   0  110.5g  21.1g  14.4g S  2888  16.8  19:23.30 nts	1693187362192
700712 toao      20   0  109.9g  21.1g  14.4g S  2265  16.8  19:44.74 nts	1693187362891
700712 toao      20   0  109.9g  21.1g  14.4g S  2747  16.8  20:04.41 nts	1693187363593
700712 toao      20   0  110.8g  21.1g  14.4g S  2594  16.8  20:21.93 nts	1693187364296
700712 toao      20   0  111.1g  21.1g  14.4g S  2659  16.8  20:41.45 nts	1693187364995
700712 toao      20   0  110.8g  21.1g  14.4g S  2718  16.8  21:02.30 nts	1693187365700
700712 toao      20   0  111.4g  21.1g  14.4g S  3394  16.8  21:22.17 nts	1693187366403
700712 toao      20   0  110.8g  21.1g  14.4g S  2624  16.8  21:38.02 nts	1693187367108
700712 toao      20   0  110.8g  21.1g  14.4g S  1888  16.8  21:54.07 nts	1693187367811
700712 toao      20   0  110.8g  21.1g  14.4g S  3188  16.8  22:12.89 nts	1693187368511
700712 toao      20   0  110.8g  21.1g  14.4g S  2218  16.8  22:32.78 nts	1693187369215
700712 toao      20   0  110.8g  21.1g  14.4g S  2150  16.8  22:50.26 nts	1693187369921
700712 toao      20   0  130.0g  21.1g  14.4g S  2688  16.8  23:06.24 nts	1693187370625
700712 toao      20   0  130.0g  21.1g  14.4g S  2582  16.8  23:25.76 nts	1693187371332
700712 toao      20   0  130.7g  21.1g  14.4g S  2500  16.8  23:45.54 nts	1693187372032
700712 toao      20   0  130.1g  21.1g  14.4g S  2494  16.8  24:07.34 nts	1693187372730
700712 toao      20   0  130.7g  21.1g  14.4g S  2735  16.8  24:27.01 nts	1693187373434
700712 toao      20   0  130.2g  21.1g  14.4g S  2424  16.8  24:45.43 nts	1693187374139
700712 toao      20   0  130.2g  21.1g  14.4g S  2478  16.8  25:03.28 nts	1693187374842
700712 toao      20   0  130.8g  21.1g  14.4g S  2947  16.8  25:23.26 nts	1693187375547
700712 toao      20   0  130.2g  21.1g  14.4g S  3153  16.8  25:42.05 nts	1693187376247
700712 toao      20   0  130.2g  21.1g  14.4g S  2341  16.8  25:59.50 nts	1693187376948
700712 toao      20   0  130.2g  21.1g  14.4g S  1729  16.8  26:16.16 nts	1693187377650
700712 toao      20   0  130.4g  21.1g  14.4g S  3000  16.8  26:33.89 nts	1693187378354
700712 toao      20   0  130.2g  21.1g  14.4g S  2576  16.8  26:54.49 nts	1693187379055
700712 toao      20   0  130.2g  21.1g  14.4g S  2576  16.8  27:12.29 nts	1693187379754
700712 toao      20   0  130.4g  21.1g  14.4g S  2553  16.8  27:26.51 nts	1693187380454
700712 toao      20   0  131.0g  21.1g  14.4g S  1724  16.8  27:45.78 nts	1693187381156
700712 toao      20   0  131.6g  21.1g  14.4g S  2606  16.8  28:05.39 nts	1693187381860
700712 toao      20   0  131.1g  21.1g  14.4g S  3475  16.8  28:27.29 nts	1693187382563
700712 toao      20   0  131.6g  21.1g  14.4g S  2365  16.8  28:45.62 nts	1693187383263
700712 toao      20   0  131.0g  21.1g  14.4g S  2812  16.8  29:05.68 nts	1693187383966
700712 toao      20   0  131.0g  21.1g  14.4g S  2194  16.8  29:23.25 nts	1693187384667
700712 toao      20   0  131.6g  21.1g  14.4g S  2918  16.8  29:42.92 nts	1693187385368
700712 toao      20   0  131.6g  21.1g  14.4g S  2759  16.8  30:00.69 nts	1693187386066
700712 toao      20   0  131.0g  21.1g  14.4g S  2435  16.8  30:19.40 nts	1693187386767
700712 toao      20   0  131.5g  21.1g  14.4g S  2624  16.8  30:35.77 nts	1693187387470
700712 toao      20   0  131.0g  21.1g  14.4g S  2619  16.8  30:51.36 nts	1693187388172
700712 toao      20   0  131.6g  21.1g  14.4g S  3165  16.8  31:12.66 nts	1693187388871
700712 toao      20   0  131.0g  21.1g  14.4g S  2506  16.8  31:30.31 nts	1693187389571
700712 toao      20   0  130.3g  21.1g  14.4g S  2238  16.8  31:46.37 nts	1693187390275
700712 toao      20   0  131.0g  21.1g  14.4g S  3376  16.8  32:06.74 nts	1693187390975
700712 toao      20   0  131.6g  21.1g  14.4g S  3129  16.8  32:25.48 nts	1693187391678
700712 toao      20   0  131.6g  21.1g  14.4g S  3129  16.8  32:46.40 nts	1693187392382
700712 toao      20   0  131.0g  21.1g  14.4g S  2606  16.8  33:06.28 nts	1693187393086
700712 toao      20   0  131.6g  21.1g  14.4g S  2888  16.8  33:25.78 nts	1693187393786
700712 toao      20   0  131.0g  21.1g  14.4g S  3012  16.8  33:44.15 nts	1693187394487
700712 toao      20   0  131.2g  21.1g  14.4g S  2706  16.8  34:02.54 nts	1693187395186
700712 toao      20   0  131.0g  21.1g  14.4g S  2518  16.8  34:21.73 nts	1693187395888
700712 toao      20   0  131.0g  21.1g  14.4g S  2459  16.8  34:41.07 nts	1693187396592
700712 toao      20   0  131.4g  21.1g  14.4g S  2565  16.8  34:57.43 nts	1693187397294
700712 toao      20   0  131.0g  21.1g  14.4g S  2518  16.8  35:13.29 nts	1693187397998
700712 toao      20   0  131.0g  21.1g  14.4g S  3047  16.8  35:34.11 nts	1693187398700
700712 toao      20   0  131.6g  21.1g  14.4g S  3025  16.8  35:52.62 nts	1693187399403
700712 toao      20   0  129.1g  21.1g  14.4g S  1582  16.8  36:08.10 nts	1693187400103
700712 toao      20   0  131.6g  21.1g  14.4g S  3176  16.8  36:27.89 nts	1693187400807
700712 toao      20   0  131.6g  21.1g  14.4g S  3106  16.8  36:46.89 nts	1693187401506
700712 toao      20   0  131.6g  21.1g  14.4g S  3200  16.8  37:07.75 nts	1693187402207
700712 toao      20   0  131.6g  21.1g  14.4g S  3065  16.8  37:29.11 nts	1693187402912
700712 toao      20   0  131.0g  21.1g  14.4g S  3353  16.8  37:48.57 nts	1693187403614
700712 toao      20   0  131.6g  21.1g  14.4g S  3129  16.8  38:07.14 nts	1693187404319
700712 toao      20   0  131.0g  21.1g  14.4g S  2594  16.8  38:25.52 nts	1693187405022
700712 toao      20   0  131.0g  21.1g  14.4g S  2541  16.8  38:44.74 nts	1693187405728
700712 toao      20   0  131.6g  21.1g  14.4g S  2200  16.8  39:03.59 nts	1693187406438
700712 toao      20   0  131.6g  21.1g  14.4g S  2312  16.8  39:19.64 nts	1693187407139
700712 toao      20   0  131.6g  21.1g  14.4g S  2118  16.8  39:35.31 nts	1693187407846
700712 toao      20   0  131.6g  21.1g  14.4g S  2741  16.8  39:56.16 nts	1693187408553
700712 toao      20   0  131.0g  21.1g  14.4g S  2576  16.8  40:15.20 nts	1693187409261
700712 toao      20   0  129.1g  21.1g  14.4g S  2047  16.8  40:31.31 nts	1693187409967
700712 toao      20   0  131.6g  21.1g  14.4g S  3271  16.8  40:49.75 nts	1693187410667
700712 toao      20   0  131.0g  21.1g  14.4g S  3376  16.8  41:09.16 nts	1693187411371
700712 toao      20   0  131.0g  21.1g  14.4g S  3519  16.8  41:29.80 nts	1693187412073
700712 toao      20   0  131.0g  21.1g  14.4g S  3300  16.8  41:50.52 nts	1693187412775
700712 toao      20   0  131.6g  21.1g  14.4g S  2218  16.8  42:09.43 nts	1693187413479
700712 toao      20   0  131.7g  21.1g  14.4g S  2947  16.8  42:28.17 nts	1693187414183
700712 toao      20   0  131.7g  21.1g  14.4g S  2606  16.8  42:46.53 nts	1693187414887
700712 toao      20   0  131.7g  21.1g  14.4g S  2200  16.8  43:06.03 nts	1693187415587
700712 toao      20   0  131.2g  21.1g  14.4g S  2465  16.8  43:25.45 nts	1693187416288
700712 toao      20   0  131.1g  21.1g  14.4g S  2525  16.8  43:41.75 nts	1693187416994
700712 toao      20   0  131.7g  21.1g  14.4g S  2094  16.8  43:57.26 nts	1693187417695
700712 toao      20   0  131.1g  21.1g  14.4g S  3018  16.8  44:17.51 nts	1693187418396
700712 toao      20   0  131.7g  21.1g  14.4g S  2371  16.8  44:35.35 nts	1693187419098
700712 toao      20   0  129.9g  21.1g  14.4g S  2241  16.8  44:53.47 nts	1693187419803
700712 toao      20   0  131.4g  21.1g  14.4g S  3318  16.8  45:09.89 nts	1693187420508
700712 toao      20   0  131.1g  21.1g  14.4g S  2518  16.8  45:29.43 nts	1693187421212
700712 toao      20   0  131.7g  21.1g  14.4g S  3276  16.8  45:49.92 nts	1693187421916
700712 toao      20   0  131.1g  21.1g  14.4g S  2459  16.8  46:11.07 nts	1693187422619
700712 toao      20   0  131.1g  21.1g  14.4g S  2600  16.8  46:30.52 nts	1693187423321
700712 toao      20   0  131.1g  21.1g  14.4g S  2594  16.8  46:49.30 nts	1693187424023
700712 toao      20   0  131.7g  21.1g  14.4g S  3106  16.8  47:08.22 nts	1693187424727
700712 toao      20   0  131.1g  21.1g  14.4g S  2524  16.8  47:28.30 nts	1693187425426
700712 toao      20   0  131.1g  21.1g  14.4g S  2776  16.8  47:47.68 nts	1693187426129
700712 toao      20   0  131.1g  21.1g  14.4g S  2428  16.8  48:03.84 nts	1693187426830
700712 toao      20   0  131.1g  21.1g  14.4g S  2488  16.8  48:19.79 nts	1693187427545
700712 toao      20   0  131.7g  21.1g  14.4g S  3153  16.8  48:39.96 nts	1693187428244
700712 toao      20   0  131.1g  21.1g  14.4g S  2647  16.8  48:58.58 nts	1693187428947
700712 toao      20   0  131.1g  21.1g  14.4g S  2282  16.8  49:15.82 nts	1693187429649
700712 toao      20   0  131.7g  21.1g  14.4g S  2712  16.8  49:32.19 nts	1693187430355
700712 toao      20   0  131.7g  21.1g  14.4g S  2744  16.8  49:51.92 nts	1693187431061
700712 toao      20   0  131.1g  21.1g  14.4g S  3183  16.8  50:13.38 nts	1693187431768
700712 toao      20   0  131.7g  21.1g  14.4g S  3018  16.8  50:35.00 nts	1693187432477
700712 toao      20   0  131.1g  21.1g  14.4g S  2629  16.8  50:53.40 nts	1693187433180
700712 toao      20   0  131.6g  21.1g  14.4g S  2718  16.8  51:12.77 nts	1693187433880
700712 toao      20   0  131.1g  21.1g  14.4g S  3088  16.8  51:31.51 nts	1693187434580
700712 toao      20   0  131.1g  21.1g  14.4g S  2529  16.8  51:51.15 nts	1693187435283
700712 toao      20   0  131.1g  21.1g  14.4g S  2712  16.8  52:10.71 nts	1693187435988
700712 toao      20   0  131.1g  21.1g  14.4g S  2700  16.8  52:26.94 nts	1693187436690
700712 toao      20   0  131.7g  21.1g  14.4g S  2112  16.8  52:42.30 nts	1693187437395
700712 toao      20   0  131.3g  21.1g  14.4g S  3182  16.8  53:02.26 nts	1693187438094
700712 toao      20   0  131.1g  21.1g  14.4g S  2606  16.8  53:21.52 nts	1693187438798
700712 toao      20   0  131.7g  21.1g  14.4g S  2182  16.8  53:38.26 nts	1693187439499
700712 toao      20   0  131.6g  21.1g  14.4g S  2571  16.8  53:53.27 nts	1693187440198
700712 toao      20   0  131.3g  21.1g  14.4g S  3012  16.8  54:14.14 nts	1693187440905
700712 toao      20   0  131.3g  21.1g  14.4g S  3176  16.8  54:34.61 nts	1693187441606
700712 toao      20   0  131.8g  21.1g  14.4g S  2512  16.8  54:56.19 nts	1693187442311
700712 toao      20   0  131.3g  21.1g  14.4g S  2635  16.8  55:16.68 nts	1693187443015
700712 toao      20   0  131.3g  21.1g  14.4g S  2424  16.8  55:34.10 nts	1693187443719
700712 toao      20   0  131.8g  21.1g  14.4g S  2653  16.8  55:53.15 nts	1693187444424
700712 toao      20   0  131.3g  21.1g  14.4g S  2582  16.8  56:13.01 nts	1693187445127
700712 toao      20   0  131.3g  21.1g  14.4g S  3544  16.8  56:32.31 nts	1693187445832
700712 toao      20   0  131.3g  21.1g  14.4g S  2594  16.8  56:48.57 nts	1693187446535
700712 toao      20   0  131.3g  21.1g  14.4g S  2024  16.8  57:04.80 nts	1693187447239
700712 toao      20   0  131.8g  21.1g  14.4g S  3029  16.8  57:23.33 nts	1693187447944
700712 toao      20   0  131.8g  21.1g  14.4g S  2124  16.8  57:42.68 nts	1693187448647
700712 toao      20   0  131.8g  21.1g  14.4g S  2129  16.8  58:00.51 nts	1693187449351
700712 toao      20   0  131.3g  21.1g  14.4g S  2541  16.8  58:17.24 nts	1693187450056
700712 toao      20   0  131.7g  21.1g  14.4g S  2618  16.8  58:36.91 nts	1693187450760
700712 toao      20   0  131.3g  21.1g  14.4g S  2856  16.8  58:57.35 nts	1693187451463
700712 toao      20   0  131.3g  21.1g  14.4g S  2576  16.8  59:18.39 nts	1693187452164
700712 toao      20   0  131.8g  21.1g  14.4g S  3012  16.8  59:38.43 nts	1693187452865
700712 toao      20   0  131.3g  21.1g  14.4g S  2629  16.8  59:57.07 nts	1693187453567
700712 toao      20   0  131.8g  21.1g  14.4g S  2600  16.8  60:15.69 nts	1693187454270
700712 toao      20   0  131.8g  21.1g  14.4g S  3171  16.8  60:36.88 nts	1693187454974
700712 toao      20   0  131.8g  21.1g  14.4g S  3029  16.8  60:55.57 nts	1693187455677
700712 toao      20   0  131.8g  21.1g  14.4g S  2612  16.8  61:11.74 nts	1693187456378
700712 toao      20   0  131.8g  21.1g  14.4g S  1517  16.8  61:27.37 nts	1693187457082
700712 toao      20   0  131.8g  21.1g  14.4g S  2959  16.8  61:45.80 nts	1693187457786
700712 toao      20   0  131.3g  21.1g  14.4g S  2378  16.8  62:06.14 nts	1693187458492
700712 toao      20   0  131.3g  21.1g  14.4g S  2247  16.8  62:23.88 nts	1693187459195
700712 toao      20   0       0      0      0 Z 100.0   0.0  62:28.98 nts	1693187459895
700712 toao      20   0       0      0      0 Z 100.0   0.0  62:29.67 nts	1693187460599
700712 toao      20   0       0      0      0 Z 100.0   0.0  62:30.36 nts	1693187461299
700712 toao      20   0       0      0      0 Z 105.9   0.0  62:31.07 nts	1693187462003
