3874 root      20   0 2535644  98832  67932 R 100.0   0.0   0:00.18 nts	1696907714112
3874 root      20   0 9599564 215260 114516 R  8717   0.0   0:32.74 nts	1696907714811
3874 root      20   0 9672328 279896 114832 R 194.1   0.0   0:52.31 nts	1696907715516
3874 root      20   0 9672328 279896 114832 R 194.1   0.0   0:53.68 nts	1696907716209
3874 root      20   0 9672328 279896 114832 R 206.2   0.0   0:55.06 nts	1696907716902
3874 root      20   0 9672328 279896 114832 R 188.2   0.0   0:56.42 nts	1696907717596
3874 root      20   0 9672328 279896 114832 R 200.0   0.0   0:57.80 nts	1696907718286
3874 root      20   0 9672328 279896 114832 R 200.0   0.0   0:59.18 nts	1696907718974
3874 root      20   0 9672328 279896 114832 R 200.0   0.0   1:00.55 nts	1696907719667
3874 root      20   0 9672328 279896 114832 R 194.1   0.0   1:01.93 nts	1696907720358
3874 root      20   0 9672328 279896 114832 R 200.0   0.0   1:03.30 nts	1696907721051
3874 root      20   0 9672328 279896 114832 R 206.2   0.0   1:04.68 nts	1696907721743
3874 root      20   0 9672328 279896 114832 R 200.0   0.0   1:06.06 nts	1696907722435
3874 root      20   0 9672328 279896 114832 R 200.0   0.0   1:07.43 nts	1696907723128
3874 root      20   0 9672328 279896 114832 R 194.1   0.0   1:08.80 nts	1696907723819
3874 root      20   0 9672328 279896 114832 R 212.5   0.0   1:10.18 nts	1696907724511
3874 root      20   0 9672328 279896 114832 R 188.2   0.0   1:11.55 nts	1696907725204
3874 root      20   0 9672328 279896 114832 R 188.2   0.0   1:12.92 nts	1696907725896
3874 root      20   0 9672328 279896 114832 R 182.4   0.0   1:14.29 nts	1696907726589
3874 root      20   0 9672328 279896 114832 R 194.1   0.0   1:15.67 nts	1696907727281
3874 root      20   0   10.5g 772136 114960 R  1656   0.1   1:24.93 nts	1696907727972
3874 root      20   0   10.5g 787332 114960 R  1524   0.1   1:36.33 nts	1696907728668
3874 root      20   0   10.5g 795960 114960 R  1753   0.1   1:48.21 nts	1696907729367
3874 root      20   0   10.5g 798316 114960 R  1759   0.1   2:00.18 nts	1696907730063
3874 root      20   0   15.5g 802272 115000 R 194.1   0.1   2:09.84 nts	1696907730761
3874 root      20   0   15.5g 802796 115000 R 206.2   0.1   2:11.21 nts	1696907731453
3874 root      20   0   15.5g 804380 115000 R 188.2   0.1   2:12.57 nts	1696907732144
3874 root      20   0   15.5g 806492 115000 R 194.1   0.1   2:13.95 nts	1696907732837
3874 root      20   0   15.5g 808076 115000 R 194.1   0.1   2:15.31 nts	1696907733528
3874 root      20   0   15.5g 809924 115000 R 194.1   0.1   2:16.67 nts	1696907734217
3874 root      20   0   15.5g 811508 115000 R 194.1   0.1   2:18.04 nts	1696907734906
3874 root      20   0   15.5g 812036 115000 R 200.0   0.1   2:19.40 nts	1696907735594
3874 root      20   0   15.5g 812564 115000 R 200.0   0.1   2:20.76 nts	1696907736283
3874 root      20   0   15.5g 814940 115000 R 200.0   0.1   2:22.12 nts	1696907736973
3874 root      20   0   15.5g 817316 115000 R 200.0   0.1   2:23.49 nts	1696907737662
3874 root      20   0   15.5g 819428 115000 R 200.0   0.1   2:24.85 nts	1696907738352
3874 root      20   0   16.7g 858368 115000 R 406.2   0.1   2:26.50 nts	1696907739041
3874 root      20   0   16.7g 978.8m 115000 R 431.2   0.1   2:29.42 nts	1696907739732
3874 root      20   0   16.7g   1.1g 115000 R 405.9   0.1   2:32.32 nts	1696907740425
3874 root      20   0   16.7g   1.2g 115000 R 447.1   0.2   2:35.34 nts	1696907741118
3874 root      20   0   21.7g   1.3g 115000 R 106.2   0.2   2:37.82 nts	1696907741812
3874 root      20   0   21.7g   1.3g 115000 R  94.1   0.2   2:38.51 nts	1696907742505
3874 root      20   0   21.7g   1.3g 115000 R 100.0   0.2   2:39.20 nts	1696907743196
3874 root      20   0   21.7g   1.3g 115000 R  94.1   0.2   2:39.89 nts	1696907743889
3874 root      20   0   21.7g   1.3g 115000 R  94.1   0.2   2:40.57 nts	1696907744579
3874 root      20   0   22.2g   1.4g 115000 R  94.1   0.2   2:41.27 nts	1696907745266
3874 root      20   0   22.2g   1.7g 115000 R  94.1   0.2   2:41.96 nts	1696907745959
3874 root      20   0   22.2g   1.7g 115000 R  94.1   0.2   2:42.65 nts	1696907746649
3874 root      20   0   22.2g   1.8g 115000 R 106.2   0.2   2:43.35 nts	1696907747342
3874 root      20   0   22.2g   1.8g 115000 R 100.0   0.2   2:44.04 nts	1696907748035
3874 root      20   0   22.2g   1.8g 115000 R 100.0   0.2   2:44.73 nts	1696907748725
3874 root      20   0   22.2g   1.8g 115000 R  94.1   0.2   2:45.42 nts	1696907749419
3874 root      20   0   22.2g   1.8g 115000 R  88.2   0.2   2:46.10 nts	1696907750109
3874 root      20   0   22.2g   1.8g 115000 R  94.1   0.2   2:46.80 nts	1696907750797
3874 root      20   0   22.2g   1.8g 115000 R  94.1   0.2   2:47.49 nts	1696907751490
3874 root      20   0   22.2g   1.8g 115000 R  94.1   0.2   2:48.18 nts	1696907752180
3874 root      20   0   22.2g   1.8g 115000 R 100.0   0.2   2:48.88 nts	1696907752874
3874 root      20   0   22.2g   1.8g 115000 R 100.0   0.2   2:49.57 nts	1696907753568
3874 root      20   0   22.2g   1.8g 115000 R  94.1   0.2   2:50.26 nts	1696907754259
3874 root      20   0   22.2g   1.8g 115000 R 100.0   0.2   2:50.95 nts	1696907754953
3874 root      20   0   22.2g   1.8g 115000 R 100.0   0.2   2:51.64 nts	1696907755643
3874 root      20   0   22.2g   1.8g 115000 R  94.1   0.2   2:52.33 nts	1696907756330
3874 root      20   0   22.2g   1.8g 115000 R 106.2   0.2   2:53.03 nts	1696907757024
3874 root      20   0   22.2g   1.8g 115000 R 106.2   0.2   2:53.71 nts	1696907757713
3874 root      20   0   22.2g   1.8g 115000 R 106.2   0.2   2:54.41 nts	1696907758401
3874 root      20   0   22.2g   1.8g 115000 R  94.1   0.2   2:55.09 nts	1696907759095
3874 root      20   0   22.2g   1.8g 115000 R 100.0   0.2   2:55.79 nts	1696907759788
3874 root      20   0   22.2g   1.8g 115000 R 106.2   0.2   2:56.48 nts	1696907760482
3874 root      20   0   22.2g   1.8g 115000 R 100.0   0.2   2:57.18 nts	1696907761175
3874 root      20   0   22.2g   1.8g 115000 R  94.1   0.2   2:57.87 nts	1696907761868
3874 root      20   0   22.2g   1.8g 115000 R 100.0   0.2   2:58.56 nts	1696907762562
3874 root      20   0   22.2g   1.8g 115000 R 100.0   0.2   2:59.25 nts	1696907763253
3874 root      20   0   22.2g   1.8g 115000 R 112.5   0.2   2:59.95 nts	1696907763941
3874 root      20   0   22.2g   1.8g 115000 R  94.1   0.2   3:00.63 nts	1696907764635
3874 root      20   0   22.2g   1.8g 115936 D 488.2   0.2   3:01.99 nts	1696907765325
3874 root      20   0   54.8g   1.8g 115936 D  88.2   0.2   3:02.61 nts	1696907766017
3874 root      20   0   55.5g   2.0g 247844 R  41.2   0.3   3:02.84 nts	1696907766708
3874 root      20   0   55.7g   2.2g 280420 D  29.4   0.3   3:03.28 nts	1696907767401
3874 root      20   0   55.8g   2.4g 305324 R  82.4   0.3   3:03.59 nts	1696907768096
3874 root      20   0   55.9g   2.6g 324604 D   0.0   0.4   3:03.81 nts	1696907768790
3874 root      20   0   56.3g   2.8g 364620 R  62.5   0.4   3:04.25 nts	1696907769482
3874 root      20   0   56.4g   2.9g 385588 D  64.7   0.4   3:04.46 nts	1696907770174
3874 root      20   0   56.6g   3.1g 417548 D  11.8   0.4   3:04.75 nts	1696907770869
3874 root      20   0   56.8g   3.3g 461720 D  50.0   0.5   3:04.99 nts	1696907771562
3874 root      20   0   56.9g   3.4g 485780 D  18.8   0.5   3:05.18 nts	1696907772253
3874 root      20   0   57.2g   3.5g 525236 R 112.5   0.5   3:05.65 nts	1696907772943
3874 root      20   0   58.1g   4.1g   1.0g R  94.1   0.6   3:06.46 nts	1696907773636
3874 root      20   0   58.1g   4.1g   1.0g R 100.0   0.6   3:07.15 nts	1696907774330
3874 root      20   0   58.1g   4.1g   1.0g R 100.0   0.6   3:07.85 nts	1696907775024
3874 root      20   0   59.1g   5.0g   2.0g R  94.1   0.7   3:08.53 nts	1696907775716
3874 root      20   0   59.1g   5.0g   2.0g R  94.1   0.7   3:09.22 nts	1696907776407
3874 root      20   0   59.1g   5.0g   2.0g R 100.0   0.7   3:09.92 nts	1696907777100
3874 root      20   0   59.1g   5.0g   2.0g R 112.5   0.7   3:10.62 nts	1696907777791
3874 root      20   0   59.1g   5.0g   2.0g R 100.0   0.7   3:11.30 nts	1696907778484
3874 root      20   0   59.1g   5.0g   2.0g R  94.1   0.7   3:11.99 nts	1696907779174
3874 root      20   0   59.1g   5.0g   2.0g R  94.1   0.7   3:12.68 nts	1696907779865
3874 root      20   0   59.1g   5.0g   2.0g R  94.1   0.7   3:13.37 nts	1696907780556
3874 root      20   0   59.1g   5.0g   2.0g R  94.1   0.7   3:14.06 nts	1696907781247
3874 root      20   0   59.1g   5.0g   2.0g R 100.0   0.7   3:14.76 nts	1696907781935
3874 root      20   0   59.1g   5.0g   2.0g R  94.1   0.7   3:15.44 nts	1696907782628
3874 root      20   0   59.1g   5.0g   2.0g R  94.1   0.7   3:16.13 nts	1696907783318
3874 root      20   0   59.1g   5.0g   2.0g R  94.1   0.7   3:16.83 nts	1696907784010
3874 root      20   0   59.1g   5.0g   2.0g R 100.0   0.7   3:17.52 nts	1696907784700
3874 root      20   0   59.1g   5.0g   2.0g R 100.0   0.7   3:18.21 nts	1696907785392
3874 root      20   0   59.1g   5.0g   2.0g R 106.2   0.7   3:18.90 nts	1696907786084
3874 root      20   0   59.1g   5.0g   2.0g R  94.1   0.7   3:19.59 nts	1696907786775
3874 root      20   0   59.1g   5.0g   2.0g R 100.0   0.7   3:20.29 nts	1696907787466
3874 root      20   0   59.1g   5.0g   2.0g R  94.1   0.7   3:20.97 nts	1696907788157
3874 root      20   0   59.1g   5.0g   2.0g R  94.1   0.7   3:21.67 nts	1696907788848
3874 root      20   0   59.1g   5.0g   2.0g R 100.0   0.7   3:22.36 nts	1696907789539
3874 root      20   0   59.1g   5.0g   2.0g R  94.1   0.7   3:23.04 nts	1696907790228
3874 root      20   0   59.1g   5.0g   2.0g R 100.0   0.7   3:23.74 nts	1696907790918
3874 root      20   0   59.1g   5.0g   2.0g R 100.0   0.7   3:24.43 nts	1696907791608
3874 root      20   0   59.1g   5.0g   2.0g R  94.1   0.7   3:25.11 nts	1696907792298
3874 root      20   0   59.1g   5.0g   2.0g R  94.1   0.7   3:25.81 nts	1696907792987
3874 root      20   0   59.1g   5.0g   2.0g R  94.1   0.7   3:26.50 nts	1696907793678
3874 root      20   0   59.1g   5.0g   2.0g R 100.0   0.7   3:27.19 nts	1696907794367
3874 root      20   0   59.1g   5.0g   2.0g R 100.0   0.7   3:27.88 nts	1696907795059
3874 root      20   0   59.1g   5.0g   2.0g R 100.0   0.7   3:28.57 nts	1696907795747
3874 root      20   0   59.1g   5.0g   2.0g R  94.1   0.7   3:29.26 nts	1696907796438
3874 root      20   0   59.1g   5.0g   2.0g R 100.0   0.7   3:29.96 nts	1696907797129
3874 root      20   0   59.1g   5.0g   2.0g R  94.1   0.7   3:30.64 nts	1696907797820
3874 root      20   0   59.1g   5.0g   2.0g R  94.1   0.7   3:31.33 nts	1696907798509
3874 root      20   0   59.1g   5.0g   2.0g R  94.1   0.7   3:32.02 nts	1696907799200
3874 root      20   0   59.1g   5.0g   2.0g R  94.1   0.7   3:32.71 nts	1696907799891
3874 root      20   0   59.1g   5.0g   2.0g R 100.0   0.7   3:33.40 nts	1696907800582
3874 root      20   0   59.1g   5.0g   2.0g R 106.2   0.7   3:34.09 nts	1696907801271
3874 root      20   0   59.1g   5.0g   2.0g R 100.0   0.7   3:34.78 nts	1696907801962
3874 root      20   0   59.1g   5.0g   2.0g R 106.2   0.7   3:35.48 nts	1696907802654
3874 root      20   0   59.1g   5.0g   2.0g R 100.0   0.7   3:36.16 nts	1696907803342
3874 root      20   0   59.1g   5.0g   2.0g R 106.2   0.7   3:36.86 nts	1696907804032
3874 root      20   0   59.1g   5.0g   2.0g R 100.0   0.7   3:37.54 nts	1696907804723
3874 root      20   0   59.1g   5.0g   2.0g R 100.0   0.7   3:38.24 nts	1696907805414
3874 root      20   0   59.1g   5.0g   2.0g R 100.0   0.7   3:38.93 nts	1696907806106
3874 root      20   0   59.1g   5.0g   2.0g R 100.0   0.7   3:39.62 nts	1696907806794
3874 root      20   0   59.1g   5.0g   2.0g R 100.0   0.7   3:40.30 nts	1696907807484
3874 root      20   0   59.1g   5.0g   2.0g R 106.2   0.7   3:41.00 nts	1696907808174
3874 root      20   0   59.1g   5.0g   2.0g R 106.2   0.7   3:41.69 nts	1696907808862
3874 root      20   0   59.1g   5.0g   2.0g R 106.2   0.7   3:42.38 nts	1696907809553
3874 root      20   0   59.1g   5.0g   2.0g R 100.0   0.7   3:43.07 nts	1696907810244
3874 root      20   0   59.1g   5.0g   2.0g R 100.0   0.7   3:43.76 nts	1696907810933
3874 root      20   0   59.1g   5.0g   2.0g R 100.0   0.7   3:44.45 nts	1696907811623
3874 root      20   0   59.1g   5.0g   2.0g R 106.2   0.7   3:45.14 nts	1696907812312
3874 root      20   0   59.1g   5.0g   2.0g R 106.2   0.7   3:45.83 nts	1696907813001
3874 root      20   0   59.1g   5.0g   2.0g R 106.2   0.7   3:46.52 nts	1696907813692
3874 root      20   0   59.1g   5.0g   2.0g R 100.0   0.7   3:47.21 nts	1696907814381
3874 root      20   0   59.1g   5.0g   2.0g R 100.0   0.7   3:47.90 nts	1696907815071
3874 root      20   0   59.1g   5.0g   2.0g R 106.2   0.7   3:48.59 nts	1696907815761
3874 root      20   0   59.1g   5.0g   2.0g R  93.8   0.7   3:49.27 nts	1696907816451
3874 root      20   0   59.1g   5.0g   2.0g R 100.0   0.7   3:49.96 nts	1696907817142
3874 root      20   0   59.1g   5.0g   2.0g R  94.1   0.7   3:50.66 nts	1696907817830
3874 root      20   0   59.1g   5.0g   2.0g R 100.0   0.7   3:51.34 nts	1696907818520
3874 root      20   0   59.1g   5.0g   2.0g R 106.2   0.7   3:52.04 nts	1696907819211
3874 root      20   0   59.1g   5.0g   2.0g R 100.0   0.7   3:52.73 nts	1696907819900
3874 root      20   0   59.1g   5.0g   2.0g R 100.0   0.7   3:53.42 nts	1696907820591
3874 root      20   0   59.1g   5.0g   2.0g R 100.0   0.7   3:54.10 nts	1696907821281
3874 root      20   0   59.1g   5.0g   2.0g R 100.0   0.7   3:54.79 nts	1696907821972
3874 root      20   0   59.1g   5.0g   2.0g R 106.2   0.7   3:55.49 nts	1696907822663
3874 root      20   0   59.1g   5.0g   2.0g R 106.2   0.7   3:56.18 nts	1696907823351
3874 root      20   0   59.1g   5.0g   2.0g R 100.0   0.7   3:56.87 nts	1696907824041
3874 root      20   0   59.1g   5.0g   2.0g R 106.2   0.7   3:57.56 nts	1696907824731
3874 root      20   0   59.1g   5.0g   2.0g R  94.1   0.7   3:58.25 nts	1696907825420
3874 root      20   0   59.1g   5.0g   2.0g R  94.1   0.7   3:58.94 nts	1696907826109
3874 root      20   0   59.1g   5.0g   2.0g R 100.0   0.7   3:59.63 nts	1696907826800
3874 root      20   0   59.1g   5.0g   2.0g R  94.1   0.7   4:00.32 nts	1696907827490
3874 root      20   0   59.1g   5.0g   2.0g R 100.0   0.7   4:01.00 nts	1696907828181
3874 root      20   0   59.1g   5.0g   2.0g R 100.0   0.7   4:01.70 nts	1696907828870
3874 root      20   0   59.1g   5.0g   2.0g R 100.0   0.7   4:02.39 nts	1696907829559
3874 root      20   0   59.1g   5.0g   2.0g R 100.0   0.7   4:03.08 nts	1696907830249
3874 root      20   0   59.1g   5.0g   2.0g R 100.0   0.7   4:03.77 nts	1696907830940
3874 root      20   0   59.1g   5.0g   2.0g R 100.0   0.7   4:04.46 nts	1696907831628
3874 root      20   0   59.1g   5.0g   2.0g R 100.0   0.7   4:05.15 nts	1696907832319
3874 root      20   0   59.1g   5.0g   2.0g R 100.0   0.7   4:05.84 nts	1696907833008
3874 root      20   0   59.1g   5.0g   2.0g R  94.1   0.7   4:06.52 nts	1696907833699
3874 root      20   0   59.1g   5.0g   2.0g R 100.0   0.7   4:07.22 nts	1696907834388
3874 root      20   0   59.1g   5.0g   2.0g R 100.0   0.7   4:07.91 nts	1696907835078
3874 root      20   0   59.1g   5.0g   2.0g R 100.0   0.7   4:08.60 nts	1696907835769
3874 root      20   0   59.1g   5.0g   2.0g R 100.0   0.7   4:09.29 nts	1696907836460
3874 root      20   0   59.1g   5.0g   2.0g R 100.0   0.7   4:09.98 nts	1696907837148
3874 root      20   0   59.1g   5.0g   2.0g R 100.0   0.7   4:10.67 nts	1696907837839
3874 root      20   0   59.1g   5.0g   2.0g R  94.1   0.7   4:11.35 nts	1696907838528
3874 root      20   0   59.1g   5.0g   2.0g R  94.1   0.7   4:12.05 nts	1696907839218
3874 root      20   0   59.1g   5.0g   2.0g R 100.0   0.7   4:12.74 nts	1696907839907
3874 root      20   0   59.1g   5.0g   2.0g R  94.1   0.7   4:13.42 nts	1696907840596
3874 root      20   0   59.1g   5.0g   2.0g R  88.2   0.7   4:14.11 nts	1696907841287
3874 root      20   0   59.1g   5.0g   2.0g R 100.0   0.7   4:14.81 nts	1696907841976
3874 root      20   0   59.1g   5.0g   2.0g R  94.1   0.7   4:15.49 nts	1696907842664
3874 root      20   0   59.1g   5.0g   2.0g R 100.0   0.7   4:16.19 nts	1696907843354
3874 root      20   0   59.1g   5.0g   2.0g R 105.9   0.7   4:16.88 nts	1696907844045
3874 root      20   0   59.1g   5.0g   2.0g R  93.8   0.7   4:17.56 nts	1696907844735
3874 root      20   0   59.1g   5.0g   2.0g R 100.0   0.7   4:18.25 nts	1696907845423
3874 root      20   0   59.1g   5.0g   2.0g R 100.0   0.7   4:18.94 nts	1696907846112
3874 root      20   0   59.1g   5.0g   2.0g R 100.0   0.7   4:19.63 nts	1696907846802
3874 root      20   0   59.2g   5.1g   2.0g R  1744   0.7   4:22.86 nts	1696907847493
3874 root      20   0   65.4g   5.1g   2.0g R  3412   0.7   4:36.05 nts	1696907848187
3874 root      20   0   65.4g   5.1g   2.0g R 758.8   0.7   4:48.71 nts	1696907848881
3874 root      20   0   65.4g   5.1g   2.0g R  3271   0.7   5:06.70 nts	1696907849591
3874 root      20   0   65.4g   5.1g   2.0g R  1753   0.7   5:21.92 nts	1696907850286
3874 root      20   0   65.4g   5.1g   2.0g R  1950   0.7   5:37.81 nts	1696907850989
3874 root      20   0   65.4g   5.1g   2.0g R  1476   0.7   5:50.98 nts	1696907851696
3874 root      20   0   65.4g   5.1g   2.0g R 923.5   0.7   6:03.43 nts	1696907852393
3874 root      20   0   65.4g   5.1g   2.0g R 588.2   0.7   6:15.87 nts	1696907853090
3874 root      20   0   65.4g   5.1g   2.0g R 364.7   0.7   6:28.44 nts	1696907853784
3874 root      20   0   65.4g   5.1g   2.0g R 335.3   0.7   6:40.78 nts	1696907854478
3874 root      20   0   65.4g   5.1g   2.0g R  3041   0.7   6:58.36 nts	1696907855171
3874 root      20   0   65.4g   5.1g   2.0g R  2100   0.7   7:11.17 nts	1696907855870
3874 root      20   0   65.4g   5.1g   2.0g R  1941   0.7   7:23.91 nts	1696907856562
3874 root      20   0   65.4g   5.1g   2.0g R  1911   0.7   7:36.91 nts	1696907857259
3874 root      20   0   65.4g   5.1g   2.0g R  1671   0.7   7:49.37 nts	1696907857963
3874 root      20   0   65.4g   5.1g   2.0g R  1022   0.7   8:01.55 nts	1696907858659
3874 root      20   0   65.4g   5.1g   2.0g R 423.5   0.7   8:13.82 nts	1696907859356
3874 root      20   0   65.4g   5.1g   2.0g R 370.6   0.7   8:26.16 nts	1696907860049
3874 root      20   0   65.4g   5.1g   2.0g R 387.5   0.7   8:39.38 nts	1696907860742
3874 root      20   0   65.4g   5.1g   2.0g R 358.8   0.7   8:51.48 nts	1696907861436
3874 root      20   0   65.4g   5.1g   2.0g S  2876   0.7   9:09.38 nts	1696907862129
3874 root      20   0   65.4g   5.1g   2.0g R  1371   0.7   9:23.00 nts	1696907862823
3874 root      20   0   65.4g   5.1g   2.0g S  3200   0.7   9:37.77 nts	1696907863522
3874 root      20   0   65.4g   5.1g   2.0g R  1482   0.7   9:51.20 nts	1696907864219
3874 root      20   0   65.4g   5.1g   2.0g S  1717   0.7  10:05.70 nts	1696907864929
3874 root      20   0   65.4g   5.1g   2.0g R  1362   0.7  10:18.98 nts	1696907865632
3874 root      20   0   65.4g   5.1g   2.0g S  2794   0.7  10:33.71 nts	1696907866338
3874 root      20   0   65.4g   5.1g   2.0g S  1744   0.7  10:46.35 nts	1696907867037
3874 root      20   0   65.4g   5.1g   2.0g S  1541   0.7  10:59.91 nts	1696907867738
3874 root      20   0   65.4g   5.1g   2.0g S  3300   0.7  11:14.64 nts	1696907868451
3874 root      20   0   65.4g   5.1g   2.0g R 670.6   0.7  11:26.58 nts	1696907869146
3874 root      20   0   65.4g   5.1g   2.0g S  2829   0.7  11:42.14 nts	1696907869846
3874 root      20   0   65.4g   5.1g   2.0g S 588.2   0.7  11:54.26 nts	1696907870541
3874 root      20   0   65.4g   5.1g   2.0g S  2912   0.7  12:10.51 nts	1696907871239
3874 root      20   0   65.4g   5.1g   2.0g R  1941   0.7  12:25.35 nts	1696907871934
3874 root      20   0   65.4g   5.1g   2.0g S  1476   0.7  12:39.47 nts	1696907872630
3874 root      20   0   65.4g   5.1g   2.0g S  2829   0.7  12:55.63 nts	1696907873325
3874 root      20   0   65.4g   5.1g   2.0g S  1812   0.7  13:07.61 nts	1696907874022
3874 root      20   0   65.4g   5.1g   2.0g R  1271   0.7  13:21.12 nts	1696907874715
3874 root      20   0   65.4g   5.1g   2.0g S  3053   0.7  13:36.42 nts	1696907875414
3874 root      20   0   65.4g   5.1g   2.0g S 747.1   0.7  13:47.84 nts	1696907876110
3874 root      20   0  141.7g   5.3g   2.1g S 829.4   0.7  13:58.56 nts	1696907876803
3874 root      20   0  144.4g   5.6g   2.1g S 388.2   0.8  14:04.97 nts	1696907877499
3874 root      20   0  144.9g   5.8g   2.2g S  1224   0.8  14:13.53 nts	1696907878196
3874 root      20   0  145.0g   5.8g   2.3g S  1059   0.8  14:19.47 nts	1696907878893
3874 root      20   0  144.9g   6.0g   2.4g S 717.6   0.8  14:26.79 nts	1696907879589
3874 root      20   0  145.3g   6.0g   2.5g S  1053   0.8  14:33.12 nts	1696907880287
3874 root      20   0  145.5g   6.1g   2.6g S 500.0   0.8  14:39.01 nts	1696907880984
3874 root      20   0  145.8g   6.3g   2.7g S  1069   0.9  14:46.84 nts	1696907881682
3874 root      20   0  145.9g   6.3g   2.8g S  1029   0.9  14:52.67 nts	1696907882378
3874 root      20   0  146.1g   6.4g   2.9g S 688.2   0.9  14:59.63 nts	1696907883075
3874 root      20   0  146.3g   6.5g   3.0g S  1125   0.9  15:07.14 nts	1696907883772
3874 root      20   0  146.5g   6.6g   3.0g S 929.4   0.9  15:12.87 nts	1696907884470
3874 root      20   0  146.7g   6.7g   3.2g S  1041   0.9  15:20.27 nts	1696907885167
3874 root      20   0  146.9g   6.8g   3.3g S  1235   0.9  15:26.98 nts	1696907885863
3874 root      20   0  147.4g   6.9g   3.3g S 605.9   1.0  15:33.26 nts	1696907886559
3874 root      20   0  147.6g   7.0g   3.4g S  1194   1.0  15:41.09 nts	1696907887256
3874 root      20   0  147.7g   7.1g   3.5g S  1053   1.0  15:47.49 nts	1696907887953
3874 root      20   0  163.1g   7.2g   3.6g S 768.8   1.0  15:54.08 nts	1696907888651
3874 root      20   0  163.2g   7.3g   3.7g S  1047   1.0  16:00.91 nts	1696907889347
3874 root      20   0  163.4g   7.4g   3.8g S 905.9   1.0  16:06.61 nts	1696907890044
3874 root      20   0  163.6g   7.5g   3.9g S  1294   1.0  16:14.47 nts	1696907890741
3874 root      20   0  163.6g   7.6g   4.0g S  1047   1.0  16:20.82 nts	1696907891438
3874 root      20   0  163.8g   7.6g   4.1g S 476.5   1.1  16:27.30 nts	1696907892136
3874 root      20   0  164.0g   7.7g   4.2g S 858.8   1.1  16:34.19 nts	1696907892832
3874 root      20   0  164.2g   7.8g   4.2g S  1165   1.1  16:39.77 nts	1696907893528
3874 root      20   0  164.0g   7.9g   4.4g S 955.6   1.1  16:47.32 nts	1696907894228
3874 root      20   0  164.2g   8.0g   4.5g S  1041   1.1  16:54.18 nts	1696907894956
3874 root      20   0  164.7g   8.1g   4.5g S 762.5   1.1  17:00.56 nts	1696907895651
3874 root      20   0  164.9g   8.2g   4.6g S  1159   1.1  17:08.18 nts	1696907896347
3874 root      20   0  165.0g   8.3g   4.7g S  1200   1.1  17:14.02 nts	1696907897043
3874 root      20   0  165.1g   8.4g   4.8g S 705.9   1.2  17:21.19 nts	1696907897740
3874 root      20   0  165.5g   8.5g   4.9g S  1153   1.2  17:28.44 nts	1696907898436
3874 root      20   0  165.7g   8.6g   5.0g S  1029   1.2  17:34.82 nts	1696907899135
3874 root      20   0  164.9g   8.7g   5.1g S 941.2   1.2  17:42.31 nts	1696907899830
3874 root      20   0  166.2g   8.8g   5.2g S  1200   1.2  17:48.54 nts	1696907900526
3874 root      20   0  166.0g   8.9g   5.3g S 743.8   1.2  17:54.91 nts	1696907901222
3874 root      20   0  166.5g   9.0g   5.4g S 841.2   1.2  18:01.46 nts	1696907901918
3874 root      20   0  166.6g   9.0g   5.4g S  1065   1.2  18:07.29 nts	1696907902615
3874 root      20   0  166.5g   9.1g   5.5g S 694.1   1.3  18:14.41 nts	1696907903313
3874 root      20   0  167.0g   9.2g   5.6g S  1218   1.3  18:21.71 nts	1696907904009
3874 root      20   0  166.8g   9.3g   5.7g S 729.4   1.3  18:28.06 nts	1696907904705
3874 root      20   0  167.0g   9.4g   5.8g S  1082   1.3  18:35.94 nts	1696907905403
3874 root      20   0  167.5g   9.5g   5.9g S  1024   1.3  18:42.27 nts	1696907906101
3874 root      20   0  167.6g   9.6g   6.0g S 694.1   1.3  18:49.15 nts	1696907906798
3874 root      20   0  167.6g   9.7g   6.1g S  1012   1.3  18:56.39 nts	1696907907495
3874 root      20   0  168.0g   9.8g   6.2g S 935.3   1.4  19:02.51 nts	1696907908193
3874 root      20   0  167.9g   9.9g   6.3g S  1006   1.4  19:10.04 nts	1696907908890
3874 root      20   0  168.4g  10.0g   6.4g S  1241   1.4  19:16.89 nts	1696907909586
3874 root      20   0  168.2g  10.1g   6.5g S 731.2   1.4  19:23.15 nts	1696907910283
3874 root      20   0  164.5g  10.2g   6.6g D  64.7   1.4  19:29.14 nts	1696907910978
3874 root      20   0       0      0      0 Z  94.1   0.0  19:29.58 nts	1696907911674
3874 root      20   0       0      0      0 Z  62.5   0.0  19:30.16 nts	1696907912365
3874 root      20   0       0      0      0 Z 100.0   0.0  19:30.78 nts	1696907913052
