1910232 toao      20   0 2486412  99428  68140 R 100.0   0.1   0:00.19 nts	1693190744568
1910232 toao      20   0 8372632 216388 114408 R  7888   0.2   0:28.64 nts	1693190745305
1910232 toao      20   0 8482060 292788 114696 R 200.0   0.2   0:53.19 nts	1693190746017
1910232 toao      20   0 8482060 292788 114696 R 194.1   0.2   0:54.57 nts	1693190746723
1910232 toao      20   0 8482060 292788 114696 R 212.5   0.2   0:55.96 nts	1693190747422
1910232 toao      20   0 8482060 292788 114696 S 200.0   0.2   0:57.34 nts	1693190748119
1910232 toao      20   0 8482060 292788 114696 R 200.0   0.2   0:58.72 nts	1693190748818
1910232 toao      20   0 8482060 316548 114696 R 188.9   0.2   1:00.13 nts	1693190749518
1910232 toao      20   0 8482060 316812 114696 R 212.5   0.2   1:01.52 nts	1693190750231
1910232 toao      20   0 8482060 316812 114696 R 194.1   0.2   1:02.91 nts	1693190750931
1910232 toao      20   0 8482060 316812 114696 R 205.9   0.2   1:04.31 nts	1693190751635
1910232 toao      20   0 8482060 316812 114696 R 188.2   0.2   1:05.68 nts	1693190752334
1910232 toao      20   0 8482060 316812 114696 R 194.1   0.2   1:07.07 nts	1693190753034
1910232 toao      20   0 9950.1m 850640 114820 R  1065   0.6   1:12.39 nts	1693190753734
1910232 toao      20   0 9950.1m 858996 114820 R  1000   0.7   1:19.21 nts	1693190754435
1910232 toao      20   0 9950.1m 864668 114820 R  1088   0.7   1:26.57 nts	1693190755139
1910232 toao      20   0 9950.1m 866892 114820 R 941.2   0.7   1:33.52 nts	1693190755843
1910232 toao      20   0 9950.1m 868228 114820 R  1076   0.7   1:41.04 nts	1693190756545
1910232 toao      20   0 9950.1m   1.2g 114820 R  1378   1.0   1:49.35 nts	1693190757251
1910232 toao      20   0 9950.1m   1.2g 114820 R  1082   1.0   1:57.36 nts	1693190757958
1910232 toao      20   0 9950.1m   1.2g 114820 R  1194   1.0   2:05.55 nts	1693190758659
1910232 toao      20   0 9950.1m   1.2g 114820 R  1275   1.0   2:13.29 nts	1693190759362
1910232 toao      20   0   13.8g   1.2g 114852 R 200.0   1.0   2:17.74 nts	1693190760065
1910232 toao      20   0   13.8g   1.2g 114852 R 183.3   1.0   2:19.14 nts	1693190760770
1910232 toao      20   0   13.8g   1.2g 114852 S 200.0   1.0   2:20.53 nts	1693190761478
1910232 toao      20   0   13.8g   1.2g 114852 R 194.1   1.0   2:21.91 nts	1693190762182
1910232 toao      20   0   13.8g   1.2g 114852 R 200.0   1.0   2:23.31 nts	1693190762885
1910232 toao      20   0   13.8g   1.2g 114852 R 200.0   1.0   2:24.71 nts	1693190763593
1910232 toao      20   0   13.8g   1.3g 114852 R 212.5   1.0   2:26.09 nts	1693190764302
1910232 toao      20   0   13.8g   1.3g 114852 R 194.1   1.0   2:27.48 nts	1693190765005
1910232 toao      20   0   13.8g   1.3g 114852 R 205.9   1.0   2:28.88 nts	1693190765706
1910232 toao      20   0   13.8g   1.3g 114852 R 200.0   1.0   2:30.27 nts	1693190766408
1910232 toao      20   0   13.8g   1.3g 114852 R 200.0   1.0   2:31.66 nts	1693190767107
1910232 toao      20   0   13.8g   1.3g 114852 R 194.1   1.0   2:33.04 nts	1693190767807
1910232 toao      20   0   13.8g   1.3g 114852 R 200.0   1.0   2:34.43 nts	1693190768511
1910232 toao      20   0   13.8g   1.3g 114852 R 194.1   1.0   2:35.82 nts	1693190769212
1910232 toao      20   0   15.4g   1.4g 114852 R 511.8   1.1   2:38.23 nts	1693190769914
1910232 toao      20   0   15.4g   1.5g 114852 R 588.2   1.2   2:42.18 nts	1693190770615
1910232 toao      20   0   15.4g   1.6g 114852 R 533.3   1.3   2:46.06 nts	1693190771321
1910232 toao      20   0   15.4g   1.7g 114852 R 547.1   1.4   2:49.70 nts	1693190772029
1910232 toao      20   0   15.4g   1.8g 114852 R 505.9   1.5   2:53.56 nts	1693190772734
1910232 toao      20   0   15.4g   2.0g 114852 R 555.6   1.6   2:57.46 nts	1693190773442
1910232 toao      20   0   15.4g   2.0g 114852 R 470.6   1.6   3:01.15 nts	1693190774149
1910232 toao      20   0   15.4g   2.2g 114852 R 523.5   1.7   3:05.21 nts	1693190774857
1910232 toao      20   0   19.5g   2.3g 114852 R  1150   1.8   3:09.66 nts	1693190775562
1910232 toao      20   0   19.5g   2.3g 114852 R 100.0   1.8   3:10.36 nts	1693190776264
1910232 toao      20   0   19.5g   2.3g 114852 R 100.0   1.8   3:11.07 nts	1693190776969
1910232 toao      20   0   19.5g   2.3g 114852 R 106.2   1.8   3:11.77 nts	1693190777673
1910232 toao      20   0   19.5g   2.3g 114852 R 105.9   1.8   3:12.48 nts	1693190778377
1910232 toao      20   0   19.5g   2.3g 114852 R 100.0   1.8   3:13.17 nts	1693190779080
1910232 toao      20   0   19.5g   2.3g 114852 R  88.2   1.8   3:13.86 nts	1693190779778
1910232 toao      20   0   19.5g   2.3g 114852 R 100.0   1.8   3:14.57 nts	1693190780479
1910232 toao      20   0   20.4g   2.3g 114852 R 100.0   1.8   3:15.27 nts	1693190781182
1910232 toao      20   0   20.4g   2.8g 114852 R 100.0   2.2   3:15.98 nts	1693190781886
1910232 toao      20   0   20.4g   2.8g 114852 R  94.1   2.2   3:16.67 nts	1693190782587
1910232 toao      20   0   20.4g   2.8g 114852 R 100.0   2.2   3:17.38 nts	1693190783286
1910232 toao      20   0   20.4g   2.8g 114852 R 100.0   2.2   3:18.08 nts	1693190783991
1910232 toao      20   0   20.4g   2.8g 114852 R 105.9   2.2   3:18.79 nts	1693190784694
1910232 toao      20   0   20.4g   2.8g 114852 R 100.0   2.2   3:19.48 nts	1693190785394
1910232 toao      20   0   20.4g   2.8g 114852 R 100.0   2.2   3:20.19 nts	1693190786095
1910232 toao      20   0   20.4g   2.8g 114852 R 100.0   2.2   3:20.89 nts	1693190786797
1910232 toao      20   0   20.4g   2.8g 114852 R 100.0   2.2   3:21.59 nts	1693190787497
1910232 toao      20   0   20.4g   2.8g 114852 R 100.0   2.2   3:22.29 nts	1693190788199
1910232 toao      20   0   20.4g   2.8g 114852 R 100.0   2.2   3:22.99 nts	1693190788901
1910232 toao      20   0   20.4g   2.8g 114852 R 100.0   2.2   3:23.69 nts	1693190789600
1910232 toao      20   0   20.4g   2.8g 114852 R 100.0   2.2   3:24.39 nts	1693190790298
1910232 toao      20   0   20.4g   2.8g 114852 R 106.2   2.2   3:25.09 nts	1693190791002
1910232 toao      20   0   20.4g   2.9g 114852 R 106.2   2.3   3:25.79 nts	1693190791703
1910232 toao      20   0   20.4g   3.0g 114852 R 106.2   2.4   3:26.49 nts	1693190792402
1910232 toao      20   0   20.4g   3.0g 114852 R 100.0   2.4   3:27.19 nts	1693190793104
1910232 toao      20   0   20.4g   3.2g 114852 R 100.0   2.5   3:27.90 nts	1693190793807
1910232 toao      20   0   20.4g   3.2g 114852 R 100.0   2.5   3:28.60 nts	1693190794510
1910232 toao      20   0   20.4g   3.2g 114852 R 100.0   2.5   3:29.30 nts	1693190795215
1910232 toao      20   0   20.4g   3.2g 114852 R 100.0   2.5   3:30.00 nts	1693190795914
1910232 toao      20   0   20.4g   3.2g 114852 R 100.0   2.5   3:30.69 nts	1693190796613
1910232 toao      20   0   20.4g   3.2g 114852 R 100.0   2.5   3:31.40 nts	1693190797311
1910232 toao      20   0   20.4g   3.2g 114852 R 106.2   2.5   3:32.10 nts	1693190798014
1910232 toao      20   0   20.4g   3.2g 114852 R 100.0   2.5   3:32.80 nts	1693190798714
1910232 toao      20   0   20.4g   3.2g 114852 R 100.0   2.5   3:33.51 nts	1693190799418
1910232 toao      20   0   20.4g   3.2g 114852 R 112.5   2.5   3:34.21 nts	1693190800122
1910232 toao      20   0   20.4g   3.2g 114852 R 100.0   2.5   3:34.90 nts	1693190800822
1910232 toao      20   0   20.4g   3.2g 114852 R  94.1   2.5   3:35.61 nts	1693190801523
1910232 toao      20   0   20.4g   3.2g 114852 R 100.0   2.5   3:36.31 nts	1693190802227
1910232 toao      20   0   20.4g   3.2g 114852 R 100.0   2.5   3:37.01 nts	1693190802930
1910232 toao      20   0   29.4g   3.4g 215228 R 106.2   2.7   3:38.72 nts	1693190803634
1910232 toao      20   0   30.3g   4.2g 334804 R 100.0   3.3   3:39.42 nts	1693190804326
1910232 toao      20   0   31.2g   5.0g 475528 R 100.0   4.0   3:40.13 nts	1693190805029
1910232 toao      20   0   32.7g   6.3g 526196 R 100.0   5.0   3:40.83 nts	1693190805734
1910232 toao      20   0   32.7g   6.3g 526196 R 100.0   5.0   3:41.53 nts	1693190806437
1910232 toao      20   0   32.7g   6.3g 526196 R  94.1   5.0   3:42.24 nts	1693190807145
1910232 toao      20   0   39.5g   7.1g   1.3g R  94.1   5.6   3:42.94 nts	1693190807851
1910232 toao      20   0   39.5g   9.3g   3.5g R 100.0   7.4   3:43.65 nts	1693190808555
1910232 toao      20   0   39.5g  11.6g   5.8g R 100.0   9.2   3:44.36 nts	1693190809259
1910232 toao      20   0   39.5g  13.2g   7.4g R  94.1  10.5   3:45.05 nts	1693190809960
1910232 toao      20   0   39.6g  13.2g   7.4g R 100.0  10.5   3:45.75 nts	1693190810662
1910232 toao      20   0   39.6g  13.2g   7.4g R 100.0  10.5   3:46.45 nts	1693190811358
1910232 toao      20   0   39.6g  13.2g   7.4g R 100.0  10.5   3:47.15 nts	1693190812059
1910232 toao      20   0   39.6g  13.2g   7.4g R 100.0  10.5   3:47.85 nts	1693190812758
1910232 toao      20   0   39.6g  13.2g   7.4g R 100.0  10.5   3:48.55 nts	1693190813457
1910232 toao      20   0   39.6g  13.2g   7.4g R 100.0  10.5   3:49.26 nts	1693190814163
1910232 toao      20   0   39.6g  13.2g   7.4g R 100.0  10.5   3:49.96 nts	1693190814866
1910232 toao      20   0   39.6g  13.2g   7.4g R 100.0  10.5   3:50.66 nts	1693190815566
1910232 toao      20   0   39.6g  13.2g   7.4g R 100.0  10.5   3:51.36 nts	1693190816267
1910232 toao      20   0   39.6g  13.2g   7.4g R 100.0  10.5   3:52.06 nts	1693190816970
1910232 toao      20   0   39.6g  13.2g   7.4g R  94.1  10.5   3:52.76 nts	1693190817670
1910232 toao      20   0   39.6g  13.2g   7.4g R  94.1  10.5   3:53.46 nts	1693190818374
1910232 toao      20   0   39.6g  13.2g   7.4g R 100.0  10.5   3:54.17 nts	1693190819074
1910232 toao      20   0   39.5g  13.3g   7.4g R 947.1  10.6   3:57.27 nts	1693190819775
1910232 toao      20   0   39.5g  13.3g   7.4g R  1200  10.6   4:09.67 nts	1693190820482
1910232 toao      20   0   39.5g  13.3g   7.4g R  2053  10.6   4:21.05 nts	1693190821185
1910232 toao      20   0   39.5g  13.3g   7.4g R  1331  10.6   4:33.77 nts	1693190821892
1910232 toao      20   0   39.5g  13.3g   7.4g S  2253  10.6   4:46.00 nts	1693190822596
1910232 toao      20   0   39.5g  13.3g   7.4g R  1406  10.6   4:57.05 nts	1693190823299
1910232 toao      20   0   39.5g  13.3g   7.4g R 882.4  10.6   5:07.96 nts	1693190823998
1910232 toao      20   0   39.5g  13.3g   7.4g S  2450  10.6   5:20.24 nts	1693190824703
1910232 toao      20   0   39.5g  13.3g   7.4g R  2356  10.6   5:32.65 nts	1693190825403
1910232 toao      20   0   39.5g  13.3g   7.4g R  1744  10.6   5:47.22 nts	1693190826102
1910232 toao      20   0   39.5g  13.3g   7.4g R  2419  10.6   6:00.75 nts	1693190826803
1910232 toao      20   0   39.5g  13.3g   7.4g R  1188  10.6   6:12.91 nts	1693190827502
1910232 toao      20   0   39.5g  13.3g   7.4g R 935.3  10.6   6:25.90 nts	1693190828202
1910232 toao      20   0   39.5g  13.3g   7.4g R  2047  10.6   6:37.12 nts	1693190828906
1910232 toao      20   0   39.5g  13.3g   7.4g R  1035  10.6   6:49.42 nts	1693190829607
1910232 toao      20   0   39.5g  13.3g   7.4g R  1412  10.6   7:01.70 nts	1693190830311
1910232 toao      20   0   39.5g  13.3g   7.4g R  1812  10.6   7:13.98 nts	1693190831015
1910232 toao      20   0   94.7g  13.6g   7.7g R 727.8  10.9   7:29.89 nts	1693190831718
1910232 toao      20   0   96.5g  14.8g   8.8g R 200.0  11.8   7:32.01 nts	1693190832435
1910232 toao      20   0   98.4g  16.1g  10.1g R 205.9  12.9   7:33.42 nts	1693190833141
1910232 toao      20   0  102.8g  16.2g  10.2g S 994.1  12.9   7:39.88 nts	1693190833844
1910232 toao      20   0  104.2g  16.3g  10.2g S 905.9  13.0   7:48.04 nts	1693190834548
1910232 toao      20   0  105.5g  16.3g  10.2g S 958.8  13.0   7:57.16 nts	1693190835248
1910232 toao      20   0  105.0g  16.3g  10.2g S  1900  13.0   8:07.08 nts	1693190835948
1910232 toao      20   0  105.1g  16.4g  10.2g S 800.0  13.0   8:15.42 nts	1693190836650
1910232 toao      20   0  105.1g  16.3g  10.2g S  1606  13.0   8:25.74 nts	1693190837351
1910232 toao      20   0  105.3g  16.4g  10.2g S  1771  13.1   8:34.43 nts	1693190838050
1910232 toao      20   0  105.3g  16.4g  10.2g S 461.1  13.1   8:42.67 nts	1693190838751
1910232 toao      20   0  105.4g  16.3g  10.2g S  1529  13.0   8:52.79 nts	1693190839454
1910232 toao      20   0  105.5g  16.4g  10.2g S  1882  13.1   9:01.66 nts	1693190840155
1910232 toao      20   0  105.7g  16.4g  10.2g S 794.1  13.1   9:10.04 nts	1693190840857
1910232 toao      20   0  105.7g  16.3g  10.2g S  1529  13.0   9:20.23 nts	1693190841555
1910232 toao      20   0  105.7g  16.4g  10.2g S  1818  13.1   9:29.13 nts	1693190842255
1910232 toao      20   0  105.7g  16.4g  10.2g S 723.5  13.1   9:37.28 nts	1693190842955
1910232 toao      20   0  105.7g  16.3g  10.2g S  1647  13.0   9:47.54 nts	1693190843659
1910232 toao      20   0  105.7g  16.4g  10.2g S 970.6  13.1   9:56.16 nts	1693190844360
1910232 toao      20   0  106.3g  16.4g  10.2g S  1118  13.1  10:05.49 nts	1693190845063
1910232 toao      20   0  105.7g  16.4g  10.2g S  1965  13.1  10:15.29 nts	1693190845768
1910232 toao      20   0  105.7g  16.4g  10.2g S  1100  13.1  10:23.47 nts	1693190846471
1910232 toao      20   0  106.3g  16.4g  10.2g S 541.2  13.1  10:31.79 nts	1693190847170
1910232 toao      20   0  105.7g  16.4g  10.2g S  1941  13.1  10:42.39 nts	1693190847875
1910232 toao      20   0  123.1g  16.4g  10.2g S 764.7  13.0  10:50.61 nts	1693190848579
1910232 toao      20   0  123.7g  16.4g  10.2g S 694.1  13.0  10:58.63 nts	1693190849280
1910232 toao      20   0  124.3g  16.3g  10.2g S  1671  13.0  11:08.73 nts	1693190849983
1910232 toao      20   0  124.3g  16.4g  10.2g S  1000  13.1  11:17.53 nts	1693190850686
1910232 toao      20   0  124.9g  16.4g  10.2g S 652.9  13.1  11:26.26 nts	1693190851391
1910232 toao      20   0  124.3g  16.4g  10.2g S  1924  13.1  11:36.76 nts	1693190852095
1910232 toao      20   0  124.3g  16.4g  10.2g S 829.4  13.1  11:44.94 nts	1693190852795
1910232 toao      20   0  125.5g  16.4g  10.2g S 670.6  13.1  11:53.46 nts	1693190853498
1910232 toao      20   0  124.9g  16.3g  10.2g S  1612  13.0  12:03.21 nts	1693190854202
1910232 toao      20   0  124.9g  16.4g  10.2g S  1812  13.1  12:11.94 nts	1693190854902
1910232 toao      20   0  125.2g  16.4g  10.2g S 512.5  13.1  12:20.19 nts	1693190855603
1910232 toao      20   0  125.2g  16.3g  10.2g S  1629  13.0  12:30.40 nts	1693190856301
1910232 toao      20   0  125.2g  16.4g  10.2g S  1618  13.1  12:39.07 nts	1693190857002
1910232 toao      20   0  125.4g  16.4g  10.2g S 525.0  13.1  12:47.39 nts	1693190857703
1910232 toao      20   0  125.2g  16.4g  10.2g S  1859  13.1  12:57.86 nts	1693190858403
1910232 toao      20   0  125.2g  16.4g  10.2g S 794.1  13.1  13:06.31 nts	1693190859107
1910232 toao      20   0  125.2g  16.4g  10.2g S  1353  13.1  13:15.84 nts	1693190859806
1910232 toao      20   0  125.2g  16.4g  10.2g S  1888  13.1  13:24.93 nts	1693190860508
1910232 toao      20   0  125.2g  16.4g  10.2g S 752.9  13.1  13:33.19 nts	1693190861211
1910232 toao      20   0  125.2g  16.4g  10.2g S  1394  13.0  13:43.08 nts	1693190861910
1910232 toao      20   0  125.2g  16.4g  10.2g S  1494  13.1  13:52.14 nts	1693190862611
1910232 toao      20   0  124.8g  16.4g  10.2g S  1065  13.1  14:01.33 nts	1693190863315
1910232 toao      20   0  125.7g  16.4g  10.2g S  1088  13.1  14:09.29 nts	1693190864019
1910232 toao      20   0  125.8g  16.4g  10.2g S  2019  13.1  14:18.74 nts	1693190864722
1910232 toao      20   0  125.8g  16.4g  10.2g S 831.2  13.1  14:27.11 nts	1693190865424
1910232 toao      20   0  126.4g  16.4g  10.2g S  1506  13.1  14:36.69 nts	1693190866123
1910232 toao      20   0  126.3g  16.4g  10.2g S  1618  13.1  14:45.29 nts	1693190866826
1910232 toao      20   0  126.4g  16.4g  10.2g S 776.5  13.1  14:53.96 nts	1693190867527
1910232 toao      20   0  126.3g  16.4g  10.2g S  1535  13.1  15:03.88 nts	1693190868226
1910232 toao      20   0  126.4g  16.4g  10.2g S  1888  13.1  15:12.61 nts	1693190868926
1910232 toao      20   0  126.4g  16.4g  10.2g S 888.2  13.1  15:20.68 nts	1693190869627
1910232 toao      20   0  126.3g  16.4g  10.2g S  1519  13.1  15:30.50 nts	1693190870332
1910232 toao      20   0  126.7g  16.4g  10.2g S  1947  13.1  15:39.49 nts	1693190871031
1910232 toao      20   0  126.7g  16.4g  10.2g S 829.4  13.1  15:47.64 nts	1693190871736
1910232 toao      20   0  126.7g  16.4g  10.2g S  1441  13.1  15:57.53 nts	1693190872439
1910232 toao      20   0  126.7g  16.4g  10.2g S  1894  13.1  16:06.58 nts	1693190873140
1910232 toao      20   0  126.7g  16.4g  10.2g S 517.6  13.1  16:14.95 nts	1693190873843
1910232 toao      20   0  126.6g  16.4g  10.2g S  1606  13.1  16:25.12 nts	1693190874548
1910232 toao      20   0  126.7g  16.4g  10.2g S  1065  13.1  16:33.77 nts	1693190875251
1910232 toao      20   0  127.0g  16.4g  10.2g S 494.1  13.1  16:42.13 nts	1693190875951
1910232 toao      20   0  126.6g  16.4g  10.2g S  1629  13.1  16:52.28 nts	1693190876651
1910232 toao      20   0  126.7g  16.4g  10.2g S  1624  13.1  17:00.95 nts	1693190877354
1910232 toao      20   0  126.6g  16.4g  10.2g S  1488  13.1  17:10.82 nts	1693190878055
1910232 toao      20   0  125.4g  16.4g  10.2g S  1518  13.0  17:18.90 nts	1693190878756
1910232 toao      20   0  126.0g  16.4g  10.2g S  1906  13.1  17:27.31 nts	1693190879456
1910232 toao      20   0  126.7g  16.4g  10.2g S 870.6  13.1  17:35.48 nts	1693190880160
1910232 toao      20   0  126.6g  16.4g  10.2g S  1606  13.1  17:45.38 nts	1693190880863
1910232 toao      20   0  126.7g  16.4g  10.2g S  2100  13.1  17:54.28 nts	1693190881562
1910232 toao      20   0  126.7g  16.4g  10.2g S 800.0  13.1  18:02.63 nts	1693190882262
1910232 toao      20   0  126.6g  16.4g  10.2g S  1688  13.1  18:12.58 nts	1693190882963
1910232 toao      20   0  126.7g  16.4g  10.2g S  2025  13.1  18:21.39 nts	1693190883662
1910232 toao      20   0  126.7g  16.4g  10.2g S 876.5  13.1  18:29.56 nts	1693190884364
1910232 toao      20   0  127.2g  16.4g  10.2g S  1059  13.1  18:38.74 nts	1693190885066
1910232 toao      20   0  126.9g  16.4g  10.2g S  1876  13.1  18:48.23 nts	1693190885767
1910232 toao      20   0  126.9g  16.4g  10.2g S 794.4  13.1  18:56.50 nts	1693190886466
1910232 toao      20   0  126.9g  16.4g  10.2g S  1529  13.1  19:06.41 nts	1693190887175
1910232 toao      20   0  126.9g  16.4g  10.2g S  1924  13.1  19:15.33 nts	1693190887879
1910232 toao      20   0  126.9g  16.4g  10.2g S 482.4  13.1  19:23.66 nts	1693190888583
1910232 toao      20   0  126.9g  16.4g  10.2g S  1653  13.1  19:33.92 nts	1693190889286
1910232 toao      20   0  126.9g  16.4g  10.2g S  1329  13.1  19:42.60 nts	1693190889990
1910232 toao      20   0  127.5g  16.4g  10.2g S 858.8  13.1  19:51.51 nts	1693190890691
1910232 toao      20   0  126.9g  16.4g  10.2g S  1719  13.1  20:00.90 nts	1693190891394
1910232 toao      20   0  126.9g  16.4g  10.2g S  1869  13.1  20:09.66 nts	1693190892093
1910232 toao      20   0  127.0g  16.4g  10.2g S  1100  13.1  20:18.83 nts	1693190892794
1910232 toao      20   0  125.1g  16.4g  10.2g S  1647  13.1  20:28.03 nts	1693190893499
1910232 toao      20   0  126.3g  16.4g  10.2g S  1518  13.1  20:35.86 nts	1693190894201
1910232 toao      20   0  126.9g  16.4g  10.2g S  1288  13.1  20:44.47 nts	1693190894903
1910232 toao      20   0  127.5g  16.4g  10.2g S 912.5  13.1  20:53.32 nts	1693190895603
1910232 toao      20   0  126.9g  16.4g  10.2g S  1894  13.1  21:03.23 nts	1693190896305
1910232 toao      20   0  126.9g  16.4g  10.2g S 864.7  13.1  21:11.49 nts	1693190897009
1910232 toao      20   0  126.9g  16.4g  10.2g S  1412  13.1  21:21.25 nts	1693190897711
1910232 toao      20   0  126.9g  16.4g  10.2g S  1929  13.1  21:30.41 nts	1693190898411
1910232 toao      20   0  126.9g  16.4g  10.2g S 841.2  13.1  21:38.71 nts	1693190899112
1910232 toao      20   0  127.5g  16.5g  10.2g S 800.0  13.1  21:47.47 nts	1693190899811
1910232 toao      20   0  126.9g  16.4g  10.2g S  1882  13.1  21:57.52 nts	1693190900509
1910232 toao      20   0  126.9g  16.4g  10.2g S 847.1  13.1  22:05.69 nts	1693190901209
1910232 toao      20   0  127.5g  16.5g  10.2g S 747.1  13.1  22:14.28 nts	1693190901909
1910232 toao      20   0  126.9g  16.4g  10.2g S  1865  13.1  22:24.31 nts	1693190902610
1910232 toao      20   0  126.9g  16.4g  10.2g S 864.7  13.1  22:32.45 nts	1693190903313
1910232 toao      20   0  126.9g  16.4g  10.2g S  1541  13.1  22:42.51 nts	1693190904015
1910232 toao      20   0  126.9g  16.4g  10.2g S  1882  13.1  22:51.24 nts	1693190904714
1910232 toao      20   0  126.9g  16.4g  10.2g S 764.7  13.1  22:59.63 nts	1693190905415
1910232 toao      20   0  126.9g  16.4g  10.2g S  1553  13.1  23:09.60 nts	1693190906116
1910232 toao      20   0  126.9g  16.4g  10.2g S  1918  13.1  23:18.40 nts	1693190906819
1910232 toao      20   0  126.9g  16.4g  10.2g S 841.2  13.1  23:26.56 nts	1693190907519
1910232 toao      20   0  126.9g  16.4g  10.2g S  1594  13.1  23:36.72 nts	1693190908219
1910232 toao      20   0  125.7g  16.4g  10.2g S  1835  13.1  23:45.11 nts	1693190908920
1910232 toao      20   0  126.3g  16.4g  10.2g S  1471  13.1  23:53.20 nts	1693190909619
1910232 toao      20   0  127.5g  16.5g  10.2g S 923.5  13.1  24:01.29 nts	1693190910319
1910232 toao      20   0  126.9g  16.4g  10.2g S  2062  13.1  24:11.80 nts	1693190911023
1910232 toao      20   0  126.9g  16.4g  10.2g S 847.1  13.1  24:20.01 nts	1693190911724
1910232 toao      20   0  126.9g  16.4g  10.2g S  1547  13.1  24:29.94 nts	1693190912428
1910232 toao      20   0  126.9g  16.4g  10.2g S  1876  13.1  24:38.67 nts	1693190913131
1910232 toao      20   0  126.9g  16.4g  10.2g S 752.9  13.1  24:47.04 nts	1693190913830
1910232 toao      20   0  127.5g  16.5g  10.2g S  1035  13.1  24:56.22 nts	1693190914534
1910232 toao      20   0  126.9g  16.4g  10.2g S  1935  13.1  25:05.99 nts	1693190915236
1910232 toao      20   0  127.2g  16.4g  10.2g S 864.7  13.1  25:14.27 nts	1693190915938
1910232 toao      20   0  127.8g  16.5g  10.2g S 827.8  13.1  25:23.16 nts	1693190916641
1910232 toao      20   0  127.2g  16.4g  10.2g S  1941  13.1  25:33.20 nts	1693190917347
1910232 toao      20   0  127.2g  16.4g  10.2g S 823.5  13.1  25:41.36 nts	1693190918051
1910232 toao      20   0  127.2g  16.4g  10.2g S  1612  13.1  25:51.46 nts	1693190918752
1910232 toao      20   0  127.2g  16.4g  10.2g S  1624  13.1  26:00.16 nts	1693190919451
1910232 toao      20   0  127.8g  16.5g  10.2g S 688.2  13.1  26:08.53 nts	1693190920155
1910232 toao      20   0  127.2g  16.4g  10.2g S  1606  13.1  26:18.49 nts	1693190920858
1910232 toao      20   0  127.2g  16.4g  10.2g S  1706  13.1  26:27.03 nts	1693190921560
1910232 toao      20   0  127.2g  16.4g  10.2g S 688.9  13.1  26:35.43 nts	1693190922262
1910232 toao      20   0  127.2g  16.4g  10.2g S  1906  13.1  26:46.06 nts	1693190922965
1910232 toao      20   0  125.4g  16.4g  10.2g S 811.8  13.1  26:54.05 nts	1693190923666
1910232 toao      20   0  126.6g  16.4g  10.2g S 829.4  13.1  27:02.00 nts	1693190924370
1910232 toao      20   0  127.2g  16.4g  10.2g S  1500  13.1  27:12.04 nts	1693190925068
1910232 toao      20   0  127.2g  16.5g  10.2g S  1900  13.1  27:20.95 nts	1693190925772
1910232 toao      20   0  127.2g  16.5g  10.2g S 677.8  13.1  27:29.19 nts	1693190926472
1910232 toao      20   0  127.2g  16.4g  10.2g S  1618  13.1  27:39.36 nts	1693190927177
1910232 toao      20   0  127.2g  16.5g  10.2g S  1571  13.1  27:48.11 nts	1693190927879
1910232 toao      20   0  127.3g  16.5g  10.2g S 488.2  13.1  27:56.34 nts	1693190928580
1910232 toao      20   0  127.2g  16.4g  10.2g S  1529  13.1  28:06.18 nts	1693190929282
1910232 toao      20   0  127.2g  16.5g  10.2g S  1829  13.1  28:15.00 nts	1693190929983
1910232 toao      20   0  127.5g  16.5g  10.2g S 482.4  13.1  28:23.21 nts	1693190930687
1910232 toao      20   0  127.4g  16.4g  10.2g S  1624  13.1  28:33.36 nts	1693190931391
1910232 toao      20   0  127.5g  16.5g  10.2g S  1612  13.1  28:42.09 nts	1693190932096
1910232 toao      20   0  127.6g  16.5g  10.2g S 488.2  13.1  28:50.16 nts	1693190932800
1910232 toao      20   0  127.5g  16.5g  10.2g S  1888  13.1  29:00.79 nts	1693190933503
1910232 toao      20   0  127.5g  16.4g  10.2g S 776.5  13.1  29:08.96 nts	1693190934207
1910232 toao      20   0  127.5g  16.5g  10.2g S  1376  13.1  29:18.66 nts	1693190934907
1910232 toao      20   0  127.5g  16.5g  10.2g S  1806  13.1  29:27.84 nts	1693190935609
1910232 toao      20   0  127.5g  16.5g  10.2g S 770.6  13.1  29:36.06 nts	1693190936317
1910232 toao      20   0  127.5g  16.4g  10.2g S  1294  13.1  29:45.71 nts	1693190937019
1910232 toao      20   0  127.5g  16.5g  10.2g S  1782  13.1  29:54.88 nts	1693190937724
1910232 toao      20   0  125.8g  16.4g  10.2g S 847.1  13.1  30:03.80 nts	1693190938427
1910232 toao      20   0  127.2g  16.4g  10.2g S 682.4  13.1  30:11.51 nts	1693190939128
1910232 toao      20   0  126.8g  16.4g  10.2g S  1676  13.1  30:21.17 nts	1693190939830
1910232 toao      20   0  127.5g  16.5g  10.2g S  1618  13.1  30:29.60 nts	1693190940531
1910232 toao      20   0  128.1g  16.5g  10.2g S 576.5  13.1  30:37.91 nts	1693190941234
1910232 toao      20   0  127.5g  16.5g  10.2g S  1835  13.1  30:48.27 nts	1693190941933
1910232 toao      20   0  127.5g  16.5g  10.2g S 811.8  13.1  30:56.60 nts	1693190942637
1910232 toao      20   0  127.4g  16.4g  10.2g S  1471  13.1  31:06.48 nts	1693190943342
1910232 toao      20   0  127.5g  16.5g  10.2g S  1841  13.1  31:15.35 nts	1693190944047
1910232 toao      20   0  127.5g  16.5g  10.2g S  1141  13.1  31:23.67 nts	1693190944749
1910232 toao      20   0  127.8g  16.4g  10.2g S  1265  13.1  31:33.28 nts	1693190945455
1910232 toao      20   0  127.8g  16.4g  10.2g S  1688  13.1  31:42.32 nts	1693190946159
1910232 toao      20   0  127.8g  16.5g  10.2g S  1412  13.1  31:50.80 nts	1693190946861
1910232 toao      20   0  128.4g  16.5g  10.2g S 911.8  13.1  31:59.74 nts	1693190947559
1910232 toao      20   0  127.7g  16.4g  10.2g S  1629  13.1  32:09.18 nts	1693190948259
1910232 toao      20   0  127.8g  16.5g  10.2g S 764.7  13.1  32:17.86 nts	1693190948958
1910232 toao      20   0  127.7g  16.4g  10.2g S  1535  13.1  32:27.84 nts	1693190949659
1910232 toao      20   0  127.8g  16.5g  10.2g S  1962  13.1  32:36.75 nts	1693190950363
1910232 toao      20   0  127.8g  16.5g  10.2g S 770.6  13.1  32:45.15 nts	1693190951063
1910232 toao      20   0  127.7g  16.4g  10.2g S  1494  13.1  32:55.00 nts	1693190951766
1910232 toao      20   0  127.8g  16.5g  10.2g S  1882  13.1  33:03.85 nts	1693190952467
1910232 toao      20   0  127.8g  16.5g  10.2g S 764.7  13.1  33:12.27 nts	1693190953167
1910232 toao      20   0  126.5g  16.4g  10.2g S  1494  13.1  33:22.05 nts	1693190953870
1910232 toao      20   0  127.1g  16.4g  10.2g S  1644  13.1  33:29.95 nts	1693190954572
1910232 toao      20   0  127.2g  16.4g  10.2g S  1635  13.1  33:38.73 nts	1693190955274
1910232 toao      20   0  127.7g  16.5g  10.2g S 929.4  13.1  33:47.77 nts	1693190955975
1910232 toao      20   0  127.2g  16.4g  10.2g S  1906  13.1  33:57.77 nts	1693190956676
1910232 toao      20   0  127.2g  16.4g  10.2g S 729.4  13.1  34:05.91 nts	1693190957379
1910232 toao      20   0  127.8g  16.5g  10.2g S  1159  13.1  34:15.15 nts	1693190958078
1910232 toao      20   0  127.8g  16.5g  10.2g S  1900  13.1  34:24.60 nts	1693190958779
1910232 toao      20   0  127.8g  16.5g  10.2g S  1141  13.1  34:32.95 nts	1693190959480
1910232 toao      20   0  127.8g  16.5g  10.2g S 461.1  13.1  34:41.15 nts	1693190960181
1910232 toao      20   0  127.8g  16.4g  10.2g S  1729  13.1  34:51.46 nts	1693190960887
1910232 toao      20   0  127.8g  16.5g  10.2g S 994.1  13.1  34:59.98 nts	1693190961588
1910232 toao      20   0  127.8g  16.5g  10.2g S  1100  13.1  35:09.25 nts	1693190962289
1910232 toao      20   0  127.8g  16.5g  10.2g S  1882  13.1  35:18.68 nts	1693190962988
1910232 toao      20   0  127.8g  16.5g  10.2g S 770.6  13.1  35:26.89 nts	1693190963690
1910232 toao      20   0  127.7g  16.4g  10.2g S  1619  13.1  35:37.01 nts	1693190964392
1910232 toao      20   0  127.8g  16.5g  10.2g S  1953  13.1  35:45.96 nts	1693190965091
1910232 toao      20   0  127.8g  16.5g  10.2g S 482.4  13.1  35:54.31 nts	1693190965797
1910232 toao      20   0  127.7g  16.4g  10.2g S  1541  13.1  36:04.31 nts	1693190966499
1910232 toao      20   0  127.8g  16.5g  10.2g S  1975  13.1  36:13.13 nts	1693190967203
1910232 toao      20   0  128.4g  16.5g  10.2g S 711.8  13.1  36:21.74 nts	1693190967903
1910232 toao      20   0  125.9g  16.4g  10.2g S  1576  13.1  36:31.43 nts	1693190968608
1910232 toao      20   0  126.5g  16.4g  10.2g S  1894  13.1  36:39.84 nts	1693190969309
1910232 toao      20   0  127.2g  16.5g  10.2g S 911.8  13.1  36:47.97 nts	1693190970012
1910232 toao      20   0  127.7g  16.4g  10.2g S  1500  13.1  36:57.74 nts	1693190970711
1910232 toao      20   0  127.8g  16.5g  10.2g S  1841  13.1  37:06.66 nts	1693190971421
1910232 toao      20   0  127.8g  16.5g  10.2g S 741.2  13.1  37:14.89 nts	1693190972122
1910232 toao      20   0  127.7g  16.4g  10.2g S  1529  13.1  37:24.85 nts	1693190972827
1910232 toao      20   0  127.8g  16.5g  10.2g S  1553  13.1  37:33.72 nts	1693190973527
1910232 toao      20   0  127.8g  16.5g  10.2g S 758.8  13.1  37:41.93 nts	1693190974227
1910232 toao      20   0  127.8g  16.4g  10.2g S  1388  13.1  37:51.62 nts	1693190974928
1910232 toao      20   0  127.8g  16.5g  10.2g S  1578  13.1  38:00.73 nts	1693190975628
1910232 toao      20   0  128.1g  16.5g  10.2g S 752.9  13.1  38:09.11 nts	1693190976339
1910232 toao      20   0  128.1g  16.4g  10.2g S  1176  13.1  38:18.30 nts	1693190977038
1910232 toao      20   0  128.1g  16.5g  10.2g S  1888  13.1  38:27.82 nts	1693190977740
1910232 toao      20   0  128.1g  16.5g  10.2g S 843.8  13.1  38:36.12 nts	1693190978443
1910232 toao      20   0  128.0g  16.4g  10.2g S  1600  13.1  38:45.94 nts	1693190979143
1910232 toao      20   0  128.1g  16.5g  10.2g S  1835  13.1  38:54.70 nts	1693190979841
1910232 toao      20   0  128.1g  16.5g  10.2g S 623.5  13.1  39:02.91 nts	1693190980545
1910232 toao      20   0  128.0g  16.4g  10.2g S  1547  13.1  39:12.99 nts	1693190981248
1910232 toao      20   0  128.1g  16.5g  10.2g S  1576  13.1  39:21.71 nts	1693190981951
1910232 toao      20   0  128.3g  16.5g  10.2g S 782.4  13.1  39:29.94 nts	1693190982654
1910232 toao      20   0  127.4g  16.4g  10.2g S  1471  13.1  39:39.74 nts	1693190983356
1910232 toao      20   0       0      0      0 Z 100.0   0.0  39:40.97 nts	1693190984059
1910232 toao      20   0       0      0      0 Z  94.1   0.0  39:41.66 nts	1693190984766
1910232 toao      20   0       0      0      0 Z  94.1   0.0  39:42.35 nts	1693190985471
1910232 toao      20   0       0      0      0 Z 100.0   0.0  39:43.05 nts	1693190986177
