3582171 toao      20   0 2530776 102712  69668 R  94.4   0.1   0:00.20 nts	1696950903536
3582171 toao      20   0 2552172 161736 106000 R  94.4   0.1   0:00.40 nts	1696950903742
3582171 toao      20   0 8431764 217964 120144 R  7063   0.2   0:27.68 nts	1696950904294
3582171 toao      20   0 8431764 217964 120144 R  7611   0.2   0:42.86 nts	1696950904486
3582171 toao      20   0 8431764 217964 120144 R  7947   0.2   1:23.68 nts	1696950905019
3582171 toao      20   0 8431764 217964 120144 R  7450   0.2   1:39.18 nts	1696950905211
3582171 toao      20   0 8523988 282292 120336 R 205.9   0.2   1:51.93 nts	1696950905739
3582171 toao      20   0 8523988 282292 120336 R 205.9   0.2   1:52.32 nts	1696950905932
3582171 toao      20   0 8523988 282292 120336 R 205.9   0.2   1:53.36 nts	1696950906456
3582171 toao      20   0 8523988 282292 120336 R 194.4   0.2   1:53.75 nts	1696950906648
3582171 toao      20   0 8523988 282292 120336 R 200.0   0.2   1:54.77 nts	1696950907164
3582171 toao      20   0 8523988 282292 120336 R 225.0   0.2   1:55.17 nts	1696950907360
3582171 toao      20   0 8523988 282292 120336 R 205.9   0.2   1:56.19 nts	1696950907875
3582171 toao      20   0 8523988 282292 120336 R 205.9   0.2   1:56.58 nts	1696950908069
3582171 toao      20   0 8523988 282292 120336 R 205.9   0.2   1:57.61 nts	1696950908584
3582171 toao      20   0 8523988 282292 120336 R 200.0   0.2   1:57.99 nts	1696950908776
3582171 toao      20   0 8523988 301564 120336 R 200.0   0.2   1:59.03 nts	1696950909295
3582171 toao      20   0 8523988 301564 120336 R 200.0   0.2   1:59.41 nts	1696950909484
3582171 toao      20   0 8523988 301564 120336 R 205.9   0.2   2:00.46 nts	1696950910007
3582171 toao      20   0 8523988 301564 120336 R 200.0   0.2   2:00.82 nts	1696950910194
3582171 toao      20   0 8523988 301564 120336 R 194.4   0.2   2:01.89 nts	1696950910717
3582171 toao      20   0 8523988 301564 120336 R 188.9   0.2   2:02.24 nts	1696950910900
3582171 toao      20   0 8523988 301564 120336 R 188.9   0.2   2:03.30 nts	1696950911428
3582171 toao      20   0 8523988 301564 120336 R 194.1   0.2   2:03.65 nts	1696950911610
3582171 toao      20   0 8888712 321612 120580 R 144.4   0.2   2:04.63 nts	1696950912139
3582171 toao      20   0 9772180 594732 120580 R  1218   0.5   2:06.70 nts	1696950912315
3582171 toao      20   0 9772180 596564 120580 R  1206   0.5   2:13.25 nts	1696950912849
3582171 toao      20   0 9772180 596564 120580 R  1300   0.5   2:15.60 nts	1696950913019
3582171 toao      20   0 9772180 598384 120580 R  1333   0.5   2:22.17 nts	1696950913557
3582171 toao      20   0 9772180 633736 120580 R  1300   0.5   2:24.41 nts	1696950913730
3582171 toao      20   0 9772180 834256 120580 R  1372   0.6   2:31.97 nts	1696950914270
3582171 toao      20   0 9772180 834256 120580 R  1406   0.6   2:34.49 nts	1696950914435
3582171 toao      20   0 9772180 834520 120580 R  1253   0.6   2:41.70 nts	1696950914978
3582171 toao      20   0 9772180 834520 120580 R  1406   0.6   2:44.09 nts	1696950915147
3582171 toao      20   0   13.4g 838712 120708 R 205.9   0.6   2:48.96 nts	1696950915682
3582171 toao      20   0   13.4g 838976 120708 R 200.0   0.6   2:49.32 nts	1696950915855
3582171 toao      20   0   13.4g 842672 120708 R 205.9   0.6   2:50.38 nts	1696950916383
3582171 toao      20   0   13.4g 844256 120708 R 200.0   0.6   2:50.74 nts	1696950916565
3582171 toao      20   0   13.4g 848744 120708 R 211.8   0.6   2:51.81 nts	1696950917093
3582171 toao      20   0   13.4g 850328 120708 R 200.0   0.6   2:52.15 nts	1696950917272
3582171 toao      20   0   13.4g 854816 120708 R 205.9   0.6   2:53.21 nts	1696950917804
3582171 toao      20   0   13.4g 856400 120708 R 205.9   0.7   2:53.56 nts	1696950917979
3582171 toao      20   0   13.4g 858248 120708 R 194.1   0.7   2:54.62 nts	1696950918511
3582171 toao      20   0   13.4g 858512 120708 R 205.9   0.7   2:54.97 nts	1696950918683
3582171 toao      20   0   13.4g 863792 120708 R 194.4   0.7   2:56.05 nts	1696950919219
3582171 toao      20   0   13.4g 865640 120708 R 183.3   0.7   2:56.38 nts	1696950919388
3582171 toao      20   0   13.4g 871976 120708 R 194.1   0.7   2:57.45 nts	1696950919926
3582171 toao      20   0   13.4g 874088 120708 R 194.4   0.7   2:57.81 nts	1696950920098
3582171 toao      20   0   14.6g 968496 120708 R 752.9   0.7   3:00.25 nts	1696950920632
3582171 toao      20   0   14.6g 987.3m 120708 R 806.2   0.8   3:01.59 nts	1696950920811
3582171 toao      20   0   14.6g   1.1g 120708 R 852.9   0.9   3:05.90 nts	1696950921339
3582171 toao      20   0   14.6g   1.1g 120708 R 841.2   0.9   3:07.34 nts	1696950921512
3582171 toao      20   0   14.6g   1.2g 120708 R 858.8   1.0   3:11.95 nts	1696950922044
3582171 toao      20   0   14.6g   1.3g 120708 R 858.8   1.0   3:13.59 nts	1696950922229
3582171 toao      20   0   18.7g   1.4g 120708 R  1629   1.1   3:19.22 nts	1696950922752
3582171 toao      20   0   18.7g   1.4g 120708 R 100.0   1.1   3:19.40 nts	1696950922936
3582171 toao      20   0   18.7g   1.4g 120708 R 100.0   1.1   3:19.92 nts	1696950923454
3582171 toao      20   0   18.7g   1.4g 120708 R  94.1   1.1   3:20.10 nts	1696950923639
3582171 toao      20   0   18.7g   1.4g 120708 R 105.9   1.1   3:20.63 nts	1696950924160
3582171 toao      20   0   18.7g   1.4g 120708 R 100.0   1.1   3:20.81 nts	1696950924341
3582171 toao      20   0   18.7g   1.4g 120708 R 105.9   1.1   3:21.34 nts	1696950924868
3582171 toao      20   0   18.7g   1.4g 120708 R  94.1   1.1   3:21.51 nts	1696950925050
3582171 toao      20   0   19.2g   1.6g 120708 R 100.0   1.3   3:22.04 nts	1696950925574
3582171 toao      20   0   19.2g   1.6g 120708 R  88.9   1.3   3:22.22 nts	1696950925759
3582171 toao      20   0   19.2g   1.6g 120708 R  94.1   1.3   3:22.75 nts	1696950926282
3582171 toao      20   0   19.2g   1.6g 120708 R 100.0   1.3   3:22.95 nts	1696950926467
3582171 toao      20   0   19.2g   1.6g 120708 R  94.1   1.3   3:23.45 nts	1696950926990
3582171 toao      20   0   19.2g   1.6g 120708 R 105.9   1.3   3:23.66 nts	1696950927188
3582171 toao      20   0   19.2g   1.7g 120708 R 100.0   1.3   3:24.16 nts	1696950927694
3582171 toao      20   0   19.2g   1.7g 120708 R 105.9   1.3   3:24.37 nts	1696950927897
3582171 toao      20   0   19.2g   1.7g 120708 R 100.0   1.3   3:24.87 nts	1696950928403
3582171 toao      20   0   19.2g   1.7g 120708 R  94.1   1.3   3:25.07 nts	1696950928608
3582171 toao      20   0   19.2g   1.7g 120708 R 100.0   1.3   3:25.58 nts	1696950929113
3582171 toao      20   0   19.2g   1.7g 120708 R 100.0   1.3   3:25.78 nts	1696950929316
3582171 toao      20   0   19.2g   1.7g 120708 R 100.0   1.3   3:26.29 nts	1696950929822
3582171 toao      20   0   19.2g   1.7g 120708 R 106.2   1.3   3:26.49 nts	1696950930021
3582171 toao      20   0   19.2g   1.7g 120708 R 100.0   1.3   3:26.99 nts	1696950930530
3582171 toao      20   0   19.2g   1.7g 120708 R 100.0   1.3   3:27.19 nts	1696950930725
3582171 toao      20   0   19.2g   1.7g 120708 R 100.0   1.3   3:27.70 nts	1696950931236
3582171 toao      20   0   19.2g   1.7g 120708 R 100.0   1.3   3:27.90 nts	1696950931433
3582171 toao      20   0   19.2g   1.8g 120708 R 105.9   1.4   3:28.41 nts	1696950931941
3582171 toao      20   0   19.2g   1.9g 120708 R 100.0   1.5   3:28.60 nts	1696950932143
3582171 toao      20   0   19.2g   1.9g 120708 R 100.0   1.5   3:29.11 nts	1696950932648
3582171 toao      20   0   19.2g   1.9g 120708 R 100.0   1.5   3:29.31 nts	1696950932847
3582171 toao      20   0   19.2g   1.9g 120708 R 100.0   1.5   3:29.82 nts	1696950933355
3582171 toao      20   0   19.2g   1.9g 120708 R 100.0   1.5   3:30.02 nts	1696950933555
3582171 toao      20   0   19.2g   1.9g 120708 R 100.0   1.5   3:30.53 nts	1696950934063
3582171 toao      20   0   19.2g   1.9g 120708 R 100.0   1.5   3:30.73 nts	1696950934263
3582171 toao      20   0   19.2g   1.9g 120708 R  94.1   1.5   3:31.23 nts	1696950934771
3582171 toao      20   0   19.2g   1.9g 120708 R 105.9   1.5   3:31.43 nts	1696950934970
3582171 toao      20   0   19.2g   1.9g 120708 R  94.1   1.5   3:31.94 nts	1696950935480
3582171 toao      20   0   19.2g   1.9g 120708 R 100.0   1.5   3:32.13 nts	1696950935673
3582171 toao      20   0   19.2g   1.9g 120708 R 100.0   1.5   3:32.65 nts	1696950936186
3582171 toao      20   0   19.2g   1.9g 120708 R 100.0   1.5   3:32.84 nts	1696950936378
3582171 toao      20   0   19.2g   1.9g 120708 R 100.0   1.5   3:33.36 nts	1696950936894
3582171 toao      20   0   19.2g   1.9g 120708 R  94.4   1.5   3:33.55 nts	1696950937083
3582171 toao      20   0   19.2g   1.9g 120708 R 106.2   1.5   3:34.06 nts	1696950937601
3582171 toao      20   0   19.2g   1.9g 120708 R 105.9   1.5   3:34.26 nts	1696950937795
3582171 toao      20   0   19.2g   1.9g 120708 R 100.0   1.5   3:34.78 nts	1696950938306
3582171 toao      20   0   19.2g   1.9g 120708 R  88.9   1.5   3:34.96 nts	1696950938499
3582171 toao      20   0   27.8g   1.9g 179852 D 676.5   1.5   3:36.46 nts	1696950939019
3582171 toao      20   0   28.0g   2.0g 205012 D  35.3   1.6   3:36.52 nts	1696950939205
3582171 toao      20   0   28.3g   2.1g 229020 D  52.9   1.7   3:36.66 nts	1696950939727
3582171 toao      20   0   28.3g   2.1g 229020 R  11.8   1.7   3:36.68 nts	1696950939907
3582171 toao      20   0   28.4g   2.3g 262264 R  47.1   1.8   3:36.86 nts	1696950940436
3582171 toao      20   0   28.4g   2.3g 263544 D   5.9   1.8   3:36.87 nts	1696950940614
3582171 toao      20   0   28.5g   2.4g 279960 R  29.4   2.0   3:37.03 nts	1696950941145
3582171 toao      20   0   28.6g   2.5g 286616 D  23.5   2.0   3:37.07 nts	1696950941323
3582171 toao      20   0   28.7g   2.6g 305488 R  11.8   2.1   3:37.20 nts	1696950941856
3582171 toao      20   0   28.9g   2.7g 317564 D  52.9   2.2   3:37.29 nts	1696950942032
3582171 toao      20   0   29.0g   2.8g 330760 D   5.9   2.2   3:37.39 nts	1696950942565
3582171 toao      20   0   29.2g   3.0g 359412 R  94.1   2.4   3:37.55 nts	1696950942738
3582171 toao      20   0   29.3g   3.0g 362656 D  35.3   2.4   3:37.67 nts	1696950943272
3582171 toao      20   0   29.4g   3.1g 375708 D  64.7   2.5   3:37.78 nts	1696950943444
3582171 toao      20   0   29.5g   3.2g 392712 D  29.4   2.6   3:37.88 nts	1696950943980
3582171 toao      20   0   29.6g   3.3g 411864 R  41.2   2.6   3:37.95 nts	1696950944153
3582171 toao      20   0   29.8g   3.4g 439816 D  29.4   2.7   3:38.10 nts	1696950944688
3582171 toao      20   0   29.8g   3.5g 442668 R  18.8   2.8   3:38.13 nts	1696950944859
3582171 toao      20   0   30.0g   3.6g 463704 R  29.4   2.9   3:38.32 nts	1696950945395
3582171 toao      20   0   30.0g   3.6g 465472 D  11.1   2.9   3:38.34 nts	1696950945568
3582171 toao      20   0   30.1g   3.7g 477824 D   0.0   3.0   3:38.49 nts	1696950946109
3582171 toao      20   0   30.2g   3.7g 482260 D  29.4   3.0   3:38.54 nts	1696950946282
3582171 toao      20   0   30.3g   3.8g 492736 D  27.8   3.1   3:38.70 nts	1696950946817
3582171 toao      20   0   30.3g   3.9g 497132 D  29.4   3.1   3:38.75 nts	1696950946995
3582171 toao      20   0   30.5g   4.0g 508856 D  35.3   3.2   3:38.91 nts	1696950947533
3582171 toao      20   0   30.5g   4.0g 512892 R  29.4   3.2   3:38.96 nts	1696950947707
3582171 toao      20   0   30.9g   4.1g 558400 R 135.3   3.3   3:39.40 nts	1696950948243
3582171 toao      20   0   30.9g   4.1g 558400 R 100.0   3.3   3:39.58 nts	1696950948418
3582171 toao      20   0   31.6g   4.6g   1.0g R 105.9   3.7   3:40.16 nts	1696950948958
3582171 toao      20   0   31.6g   4.6g   1.0g R 100.0   3.7   3:40.33 nts	1696950949129
3582171 toao      20   0   31.6g   4.6g   1.0g R 100.0   3.7   3:40.87 nts	1696950949670
3582171 toao      20   0   31.6g   4.6g   1.0g R 105.9   3.7   3:41.05 nts	1696950949843
3582171 toao      20   0   31.6g   4.6g   1.0g R 105.9   3.7   3:41.59 nts	1696950950383
3582171 toao      20   0   32.6g   5.1g   1.5g R 105.9   4.0   3:41.76 nts	1696950950554
3582171 toao      20   0   32.6g   5.5g   2.0g R 105.9   4.4   3:42.29 nts	1696950951095
3582171 toao      20   0   32.6g   5.5g   2.0g R 100.0   4.4   3:42.46 nts	1696950951260
3582171 toao      20   0   32.6g   5.5g   2.0g R 105.9   4.4   3:43.00 nts	1696950951800
3582171 toao      20   0   32.6g   5.5g   2.0g R 100.0   4.4   3:43.17 nts	1696950951973
3582171 toao      20   0   32.6g   5.5g   2.0g R 100.0   4.4   3:43.70 nts	1696950952508
3582171 toao      20   0   32.6g   5.5g   2.0g R 106.2   4.4   3:43.87 nts	1696950952679
3582171 toao      20   0   32.6g   5.5g   2.0g R 105.9   4.4   3:44.42 nts	1696950953214
3582171 toao      20   0   32.6g   5.5g   2.0g R  94.1   4.4   3:44.58 nts	1696950953386
3582171 toao      20   0   32.6g   5.5g   2.0g R 111.8   4.4   3:45.13 nts	1696950953924
3582171 toao      20   0   32.6g   5.5g   2.0g R  94.1   4.4   3:45.29 nts	1696950954094
3582171 toao      20   0   32.6g   5.5g   2.0g R 100.0   4.4   3:45.82 nts	1696950954632
3582171 toao      20   0   32.6g   5.5g   2.0g R 100.0   4.4   3:46.00 nts	1696950954804
3582171 toao      20   0   32.6g   5.5g   2.0g R 100.0   4.4   3:46.54 nts	1696950955340
3582171 toao      20   0   32.6g   5.5g   2.0g R 100.0   4.4   3:46.71 nts	1696950955512
3582171 toao      20   0   32.6g   5.5g   2.0g R 100.0   4.4   3:47.24 nts	1696950956048
3582171 toao      20   0   32.6g   5.5g   2.0g R 100.0   4.4   3:47.42 nts	1696950956221
3582171 toao      20   0   32.6g   5.5g   2.0g R 100.0   4.4   3:47.95 nts	1696950956755
3582171 toao      20   0   32.6g   5.5g   2.0g R 100.0   4.4   3:48.12 nts	1696950956928
3582171 toao      20   0   32.6g   5.5g   2.0g R 105.9   4.4   3:48.66 nts	1696950957463
3582171 toao      20   0   32.6g   5.5g   2.0g R 100.0   4.4   3:48.83 nts	1696950957634
3582171 toao      20   0   32.6g   5.5g   2.0g R 100.0   4.4   3:49.37 nts	1696950958172
3582171 toao      20   0   32.6g   5.5g   2.0g R 100.0   4.4   3:49.54 nts	1696950958342
3582171 toao      20   0   32.6g   5.5g   2.0g R 100.0   4.4   3:50.07 nts	1696950958878
3582171 toao      20   0   32.6g   5.5g   2.0g R 112.5   4.4   3:50.25 nts	1696950959050
3582171 toao      20   0   32.6g   5.5g   2.0g R 100.0   4.4   3:50.78 nts	1696950959582
3582171 toao      20   0   32.6g   5.5g   2.0g R 100.0   4.4   3:50.95 nts	1696950959756
3582171 toao      20   0   32.6g   5.5g   2.0g R 105.9   4.4   3:51.49 nts	1696950960288
3582171 toao      20   0   32.6g   5.5g   2.0g R  94.1   4.4   3:51.65 nts	1696950960462
3582171 toao      20   0   32.6g   5.5g   2.0g R 100.0   4.4   3:52.19 nts	1696950960996
3582171 toao      20   0   32.6g   5.5g   2.0g R 105.9   4.4   3:52.37 nts	1696950961167
3582171 toao      20   0   32.6g   5.5g   2.0g R 100.0   4.4   3:52.90 nts	1696950961703
3582171 toao      20   0   32.6g   5.5g   2.0g R 105.9   4.4   3:53.08 nts	1696950961874
3582171 toao      20   0   32.6g   5.5g   2.0g R 100.0   4.4   3:53.60 nts	1696950962408
3582171 toao      20   0   32.6g   5.5g   2.0g R 100.0   4.4   3:53.78 nts	1696950962583
3582171 toao      20   0   32.6g   5.5g   2.0g R 100.0   4.4   3:54.31 nts	1696950963111
3582171 toao      20   0   32.6g   5.5g   2.0g R 105.9   4.4   3:54.50 nts	1696950963294
3582171 toao      20   0   32.6g   5.5g   2.0g R 100.0   4.4   3:55.02 nts	1696950963823
3582171 toao      20   0   32.6g   5.5g   2.0g R 100.0   4.4   3:55.20 nts	1696950964002
3582171 toao      20   0   32.6g   5.5g   2.0g R 100.0   4.4   3:55.73 nts	1696950964531
3582171 toao      20   0   32.6g   5.5g   2.0g R 100.0   4.4   3:55.91 nts	1696950964711
3582171 toao      20   0   32.6g   5.5g   2.0g R 105.9   4.4   3:56.45 nts	1696950965239
3582171 toao      20   0   32.6g   5.5g   2.0g R 106.2   4.4   3:56.62 nts	1696950965420
3582171 toao      20   0   32.6g   5.5g   2.0g R 100.0   4.4   3:57.15 nts	1696950965952
3582171 toao      20   0   32.6g   5.5g   2.0g R 100.0   4.4   3:57.32 nts	1696950966125
3582171 toao      20   0   32.6g   5.5g   2.0g R 100.0   4.4   3:57.86 nts	1696950966660
3582171 toao      20   0   32.6g   5.5g   2.0g R 105.9   4.4   3:58.04 nts	1696950966834
3582171 toao      20   0   32.6g   5.5g   2.0g R  94.4   4.4   3:58.57 nts	1696950967369
3582171 toao      20   0   32.6g   5.5g   2.0g R 100.0   4.4   3:58.74 nts	1696950967543
3582171 toao      20   0   32.6g   5.5g   2.0g R  94.4   4.4   3:59.28 nts	1696950968079
3582171 toao      20   0   32.6g   5.5g   2.0g R 100.0   4.4   3:59.45 nts	1696950968252
3582171 toao      20   0   32.6g   5.5g   2.0g R 105.9   4.4   3:59.99 nts	1696950968787
3582171 toao      20   0   32.6g   5.5g   2.0g R  94.4   4.4   4:00.16 nts	1696950968959
3582171 toao      20   0   32.6g   5.5g   2.0g R 105.9   4.4   4:00.69 nts	1696950969492
3582171 toao      20   0   32.6g   5.5g   2.0g R 100.0   4.4   4:00.86 nts	1696950969667
3582171 toao      20   0   32.6g   5.5g   2.0g R 100.0   4.4   4:01.41 nts	1696950970199
3582171 toao      20   0   32.6g   5.5g   2.0g R 100.0   4.4   4:01.58 nts	1696950970374
3582171 toao      20   0   32.6g   5.5g   2.0g R 100.0   4.4   4:02.11 nts	1696950970908
3582171 toao      20   0   32.6g   5.5g   2.0g R 100.0   4.4   4:02.28 nts	1696950971080
3582171 toao      20   0   32.6g   5.5g   2.0g R 105.9   4.4   4:02.82 nts	1696950971615
3582171 toao      20   0   32.6g   5.5g   2.0g R  94.4   4.4   4:02.99 nts	1696950971787
3582171 toao      20   0   32.6g   5.5g   2.0g R 100.0   4.4   4:03.53 nts	1696950972325
3582171 toao      20   0   32.6g   5.5g   2.0g R  94.4   4.4   4:03.70 nts	1696950972495
3582171 toao      20   0   32.6g   5.5g   2.0g R 105.9   4.4   4:04.24 nts	1696950973035
3582171 toao      20   0   32.6g   5.5g   2.0g R 100.0   4.4   4:04.40 nts	1696950973200
3582171 toao      20   0   32.6g   5.5g   2.0g R  94.4   4.4   4:04.94 nts	1696950973739
3582171 toao      20   0   32.6g   5.5g   2.0g R  94.4   4.4   4:05.11 nts	1696950973907
3582171 toao      20   0   32.6g   5.5g   2.0g R  94.4   4.4   4:05.66 nts	1696950974447
3582171 toao      20   0   32.6g   5.5g   2.0g R  94.4   4.4   4:05.82 nts	1696950974618
3582171 toao      20   0   32.6g   5.5g   2.0g R 100.0   4.4   4:06.36 nts	1696950975158
3582171 toao      20   0   32.6g   5.5g   2.0g R 100.0   4.4   4:06.53 nts	1696950975327
3582171 toao      20   0   32.6g   5.5g   2.0g R 100.0   4.4   4:07.06 nts	1696950975863
3582171 toao      20   0   32.6g   5.5g   2.0g R 105.9   4.4   4:07.24 nts	1696950976032
3582171 toao      20   0   32.6g   5.5g   2.0g R 105.9   4.4   4:07.78 nts	1696950976567
3582171 toao      20   0   32.6g   5.5g   2.0g R 100.0   4.4   4:07.95 nts	1696950976740
3582171 toao      20   0   32.6g   5.5g   2.0g R 105.9   4.4   4:08.48 nts	1696950977275
3582171 toao      20   0   32.6g   5.5g   2.0g R 100.0   4.4   4:08.65 nts	1696950977450
3582171 toao      20   0   32.6g   5.5g   2.0g R 100.0   4.4   4:09.19 nts	1696950977985
3582171 toao      20   0   32.6g   5.5g   2.0g R 100.0   4.4   4:09.37 nts	1696950978162
3582171 toao      20   0   32.6g   5.5g   2.0g R 100.0   4.4   4:09.90 nts	1696950978693
3582171 toao      20   0   32.6g   5.5g   2.0g R 100.0   4.4   4:10.08 nts	1696950978875
3582171 toao      20   0   32.6g   5.5g   2.0g R 100.0   4.4   4:10.60 nts	1696950979400
3582171 toao      20   0   32.6g   5.5g   2.0g R 105.9   4.4   4:10.79 nts	1696950979584
3582171 toao      20   0   32.6g   5.5g   2.0g R 100.0   4.4   4:11.32 nts	1696950980110
3582171 toao      20   0   32.6g   5.5g   2.0g R 100.0   4.4   4:11.49 nts	1696950980291
3582171 toao      20   0   32.6g   5.5g   2.0g R 106.2   4.4   4:12.02 nts	1696950980820
3582171 toao      20   0   32.6g   5.5g   2.0g R 100.0   4.4   4:12.20 nts	1696950980998
3582171 toao      20   0   32.6g   5.5g   2.0g R 100.0   4.4   4:12.73 nts	1696950981527
3582171 toao      20   0   32.6g   5.5g   2.0g R 100.0   4.4   4:12.91 nts	1696950981700
3582171 toao      20   0   32.6g   5.5g   2.0g R 105.9   4.4   4:13.44 nts	1696950982235
3582171 toao      20   0   32.6g   5.5g   2.0g R  94.4   4.4   4:13.61 nts	1696950982407
3582171 toao      20   0   32.6g   5.5g   2.0g R 100.0   4.4   4:14.15 nts	1696950982946
3582171 toao      20   0   32.6g   5.5g   2.0g R  94.4   4.4   4:14.33 nts	1696950983118
3582171 toao      20   0   32.6g   5.5g   2.0g R 112.5   4.4   4:14.85 nts	1696950983650
3582171 toao      20   0   32.6g   5.5g   2.0g R  94.4   4.4   4:15.03 nts	1696950983828
3582171 toao      20   0   32.6g   5.5g   2.0g R 100.0   4.4   4:15.56 nts	1696950984355
3582171 toao      20   0   32.6g   5.5g   2.0g R 100.0   4.4   4:15.74 nts	1696950984536
3582171 toao      20   0   32.6g   5.5g   2.0g R 105.9   4.4   4:16.27 nts	1696950985063
3582171 toao      20   0   32.6g   5.5g   2.0g R 100.0   4.4   4:16.45 nts	1696950985246
3582171 toao      20   0   32.6g   5.5g   2.0g R 100.0   4.4   4:16.97 nts	1696950985771
3582171 toao      20   0   32.6g   5.5g   2.0g R 100.0   4.4   4:17.15 nts	1696950985954
3582171 toao      20   0   32.6g   5.5g   2.0g R  94.4   4.4   4:17.68 nts	1696950986478
3582171 toao      20   0   32.6g   5.5g   2.0g R  94.4   4.4   4:17.86 nts	1696950986659
3582171 toao      20   0   32.6g   5.5g   2.0g R 100.0   4.4   4:18.39 nts	1696950987189
3582171 toao      20   0   32.6g   5.5g   2.0g R 100.0   4.4   4:18.57 nts	1696950987368
3582171 toao      20   0   32.6g   5.5g   2.0g R 100.0   4.4   4:19.10 nts	1696950987896
3582171 toao      20   0   32.6g   5.5g   2.0g R 100.0   4.4   4:19.28 nts	1696950988075
3582171 toao      20   0   32.6g   5.5g   2.0g R 105.9   4.4   4:19.81 nts	1696950988605
3582171 toao      20   0   32.6g   5.5g   2.0g R 105.9   4.4   4:19.99 nts	1696950988783
3582171 toao      20   0   32.6g   5.5g   2.0g R 100.0   4.4   4:20.52 nts	1696950989316
3582171 toao      20   0   32.6g   5.5g   2.0g R 100.0   4.4   4:20.70 nts	1696950989494
3582171 toao      20   0   32.6g   5.5g   2.0g R 100.0   4.4   4:21.23 nts	1696950990024
3582171 toao      20   0   32.6g   5.5g   2.0g R  94.4   4.4   4:21.41 nts	1696950990208
3582171 toao      20   0   32.6g   5.5g   2.0g R 100.0   4.4   4:21.93 nts	1696950990731
3582171 toao      20   0   32.6g   5.5g   2.0g R  94.4   4.4   4:22.12 nts	1696950990918
3582171 toao      20   0   32.7g   5.6g   2.0g D 770.6   4.5   4:23.69 nts	1696950991439
3582171 toao      20   0   85.6g   5.7g   2.0g S  2535   4.5   4:28.00 nts	1696950991624
3582171 toao      20   0   88.7g   5.7g   2.0g S 323.5   4.5   4:29.14 nts	1696950992143
3582171 toao      20   0   88.7g   5.7g   2.0g S 317.6   4.5   4:29.70 nts	1696950992326
3582171 toao      20   0   88.9g   5.7g   2.0g S 364.7   4.5   4:31.11 nts	1696950992851
3582171 toao      20   0   88.9g   5.7g   2.0g S 329.4   4.5   4:31.67 nts	1696950993033
3582171 toao      20   0   88.9g   5.7g   2.0g S 358.8   4.5   4:32.95 nts	1696950993564
3582171 toao      20   0   88.9g   5.7g   2.0g S 329.4   4.5   4:33.53 nts	1696950993745
3582171 toao      20   0   89.0g   5.7g   2.0g S 364.7   4.5   4:34.79 nts	1696950994276
3582171 toao      20   0   88.8g   5.7g   2.0g S  58.8   4.5   4:34.89 nts	1696950994453
3582171 toao      20   0   88.8g   5.7g   2.0g S 111.8   4.5   4:36.18 nts	1696950994989
3582171 toao      20   0   89.0g   5.7g   2.0g S 294.1   4.5   4:36.68 nts	1696950995164
3582171 toao      20   0   89.0g   5.7g   2.0g S 247.1   4.5   4:37.91 nts	1696950995696
3582171 toao      20   0   89.0g   5.7g   2.0g S 335.3   4.5   4:38.54 nts	1696950995875
3582171 toao      20   0   89.0g   5.7g   2.0g S 329.4   4.5   4:39.75 nts	1696950996406
3582171 toao      20   0   88.8g   5.7g   2.0g S 164.7   4.5   4:40.11 nts	1696950996586
3582171 toao      20   0   88.8g   5.7g   2.0g S 229.4   4.5   4:41.44 nts	1696950997115
3582171 toao      20   0   89.0g   5.7g   2.0g S 166.7   4.6   4:41.74 nts	1696950997297
3582171 toao      20   0   89.0g   5.7g   2.0g S 111.8   4.6   4:42.95 nts	1696950997825
3582171 toao      20   0   89.0g   5.7g   2.0g S 344.4   4.6   4:43.62 nts	1696950998009
3582171 toao      20   0   89.0g   5.7g   2.0g S 335.3   4.6   4:44.83 nts	1696950998533
3582171 toao      20   0   89.0g   5.7g   2.0g S 244.4   4.6   4:45.32 nts	1696950998719
3582171 toao      20   0   89.2g   5.7g   2.0g S 341.2   4.6   4:46.61 nts	1696950999239
3582171 toao      20   0   89.2g   5.7g   2.0g S  88.2   4.6   4:46.77 nts	1696950999425
3582171 toao      20   0   89.0g   5.7g   2.0g S  41.2   4.6   4:47.99 nts	1696950999953
3582171 toao      20   0   89.2g   5.7g   2.0g S 322.2   4.6   4:48.65 nts	1696951000140
3582171 toao      20   0   89.2g   5.7g   2.0g S 305.9   4.6   4:49.84 nts	1696951000664
3582171 toao      20   0   89.0g   5.7g   2.0g S 335.3   4.6   4:50.47 nts	1696951000858
3582171 toao      20   0   89.2g   5.7g   2.0g S 370.6   4.6   4:51.69 nts	1696951001371
3582171 toao      20   0   89.0g   5.7g   2.0g S 135.3   4.6   4:51.97 nts	1696951001565
3582171 toao      20   0   89.0g   5.7g   2.0g S 205.9   4.6   4:53.30 nts	1696951002075
3582171 toao      20   0   89.2g   5.7g   2.0g S 205.9   4.6   4:53.65 nts	1696951002272
3582171 toao      20   0   89.2g   5.7g   2.0g S 135.3   4.6   4:54.87 nts	1696951002783
3582171 toao      20   0   89.2g   5.7g   2.0g S 329.4   4.6   4:55.52 nts	1696951002981
3582171 toao      20   0   89.2g   5.7g   2.0g S 335.3   4.6   4:56.71 nts	1696951003492
3582171 toao      20   0   89.0g   5.7g   2.0g S 305.9   4.6   4:57.30 nts	1696951003687
3582171 toao      20   0   89.2g   5.7g   2.0g S 335.3   4.6   4:58.60 nts	1696951004203
3582171 toao      20   0   89.2g   5.7g   2.0g S  70.6   4.6   4:58.76 nts	1696951004395
3582171 toao      20   0   89.0g   5.7g   2.0g S  41.2   4.6   4:59.96 nts	1696951004912
3582171 toao      20   0   89.2g   5.7g   2.0g S 394.1   4.6   5:00.64 nts	1696951005105
3582171 toao      20   0   89.2g   5.7g   2.0g S 288.9   4.6   5:01.82 nts	1696951005620
3582171 toao      20   0   89.2g   5.7g   2.0g S 322.2   4.6   5:02.47 nts	1696951005820
3582171 toao      20   0   89.2g   5.7g   2.0g S 347.1   4.6   5:03.71 nts	1696951006328
3582171 toao      20   0   89.0g   5.7g   2.0g S 129.4   4.6   5:03.99 nts	1696951006527
3582171 toao      20   0   94.0g   5.7g   2.0g S 494.1   4.6   5:05.69 nts	1696951007037
3582171 toao      20   0   94.0g   5.8g   2.1g S 152.9   4.6   5:06.09 nts	1696951007236
3582171 toao      20   0   94.0g   5.8g   2.1g S  47.1   4.6   5:07.28 nts	1696951007741
3582171 toao      20   0   94.1g   5.8g   2.1g S 341.2   4.6   5:07.96 nts	1696951007945
3582171 toao      20   0   94.0g   5.8g   2.1g S 341.2   4.6   5:09.15 nts	1696951008450
3582171 toao      20   0   94.0g   5.8g   2.1g S 335.3   4.6   5:09.85 nts	1696951008658
3582171 toao      20   0   94.0g   5.8g   2.1g S 311.1   4.6   5:11.00 nts	1696951009159
3582171 toao      20   0   93.8g   5.8g   2.1g S  35.3   4.6   5:11.21 nts	1696951009368
3582171 toao      20   0   93.8g   5.8g   2.1g S 133.3   4.6   5:12.56 nts	1696951009869
3582171 toao      20   0   94.0g   5.8g   2.1g S 305.9   4.6   5:13.08 nts	1696951010075
3582171 toao      20   0   94.0g   5.8g   2.1g S 194.1   4.6   5:14.23 nts	1696951010580
3582171 toao      20   0   94.0g   5.8g   2.1g S 341.2   4.6   5:14.97 nts	1696951010787
3582171 toao      20   0   94.0g   5.8g   2.1g S 341.2   4.6   5:16.13 nts	1696951011287
3582171 toao      20   0   93.8g   5.8g   2.1g S 170.6   4.6   5:16.56 nts	1696951011496
3582171 toao      20   0   93.8g   5.8g   2.1g S 264.7   4.6   5:17.88 nts	1696951011995
3582171 toao      20   0   94.0g   5.8g   2.1g S 176.5   4.6   5:18.18 nts	1696951012206
3582171 toao      20   0   94.0g   5.8g   2.1g S  70.6   4.6   5:19.34 nts	1696951012705
3582171 toao      20   0   93.8g   5.8g   2.1g S 347.1   4.6   5:19.99 nts	1696951012915
3582171 toao      20   0   94.0g   5.8g   2.1g S 358.8   4.6   5:21.20 nts	1696951013415
3582171 toao      20   0   94.0g   5.8g   2.1g S 347.1   4.6   5:21.87 nts	1696951013623
3582171 toao      20   0   94.0g   5.8g   2.1g S 352.9   4.6   5:23.05 nts	1696951014126
3582171 toao      20   0   94.0g   5.8g   2.1g S 341.2   4.6   5:23.75 nts	1696951014335
3582171 toao      20   0   94.0g   5.8g   2.1g S 335.3   4.6   5:24.95 nts	1696951014835
3582171 toao      20   0   94.0g   5.8g   2.1g S 341.2   4.6   5:25.66 nts	1696951015041
3582171 toao      20   0   93.9g   5.8g   2.1g S 341.2   4.6   5:26.83 nts	1696951015545
3582171 toao      20   0   93.8g   5.8g   2.1g S  35.3   4.6   5:27.01 nts	1696951015752
3582171 toao      20   0   93.8g   5.8g   2.1g S 129.4   4.6   5:28.35 nts	1696951016256
3582171 toao      20   0   94.0g   5.8g   2.1g S 300.0   4.6   5:28.86 nts	1696951016455
3582171 toao      20   0   94.0g   5.8g   2.1g S 217.6   4.6   5:30.06 nts	1696951016964
3582171 toao      20   0   94.0g   5.8g   2.1g S 362.5   4.6   5:30.76 nts	1696951017162
3582171 toao      20   0   94.0g   5.8g   2.1g S 335.3   4.6   5:31.91 nts	1696951017669
3582171 toao      20   0   93.8g   5.8g   2.1g S 205.9   4.6   5:32.36 nts	1696951017868
3582171 toao      20   0   93.8g   5.8g   2.1g S 238.9   4.6   5:33.69 nts	1696951018373
3582171 toao      20   0   94.0g   5.8g   2.1g S 152.9   4.6   5:33.95 nts	1696951018575
3582171 toao      20   0   94.0g   5.8g   2.1g S  82.4   4.6   5:35.16 nts	1696951019091
3582171 toao      20   0   93.9g   5.8g   2.1g S 352.9   4.6   5:35.79 nts	1696951019281
3582171 toao      20   0   94.0g   5.8g   2.1g S 305.6   4.6   5:37.02 nts	1696951019799
3582171 toao      20   0   94.0g   5.8g   2.1g S 335.3   4.6   5:37.63 nts	1696951019990
3582171 toao      20   0   94.0g   5.8g   2.1g S 376.5   4.6   5:38.92 nts	1696951020508
3582171 toao      20   0   93.8g   5.8g   2.1g S  41.2   4.6   5:39.02 nts	1696951020697
3582171 toao      20   0   93.8g   5.8g   2.1g S 111.8   4.6   5:40.35 nts	1696951021217
3582171 toao      20   0   94.0g   5.8g   2.1g S 294.1   4.6   5:40.85 nts	1696951021404
3582171 toao      20   0   98.8g   5.8g   2.1g S 429.4   4.6   5:42.39 nts	1696951021923
3582171 toao      20   0   98.8g   5.8g   2.1g S 350.0   4.6   5:43.09 nts	1696951022113
3582171 toao      20   0   98.8g   5.8g   2.1g S 347.1   4.6   5:44.33 nts	1696951022631
3582171 toao      20   0   98.5g   5.8g   2.1g S 141.2   4.6   5:44.68 nts	1696951022834
3582171 toao      20   0   98.5g   5.8g   2.1g S 241.2   4.6   5:46.02 nts	1696951023339
3582171 toao      20   0   98.8g   5.8g   2.1g S 147.1   4.6   5:46.27 nts	1696951023543
3582171 toao      20   0   98.8g   5.8g   2.1g S  61.1   4.6   5:47.48 nts	1696951024048
3582171 toao      20   0   98.8g   5.8g   2.1g S 341.2   4.6   5:48.12 nts	1696951024250
3582171 toao      20   0   98.8g   5.8g   2.1g S 288.9   4.6   5:49.22 nts	1696951024758
3582171 toao      20   0   98.8g   5.8g   2.1g S 361.1   4.6   5:49.94 nts	1696951024958
3582171 toao      20   0   98.8g   5.8g   2.1g S 352.9   4.6   5:51.08 nts	1696951025467
3582171 toao      20   0   98.5g   5.8g   2.1g S 123.5   4.6   5:51.34 nts	1696951025670
3582171 toao      20   0   98.5g   5.8g   2.1g S 194.1   4.6   5:52.66 nts	1696951026175
3582171 toao      20   0   98.6g   5.8g   2.1g S 235.3   4.6   5:53.06 nts	1696951026376
3582171 toao      20   0   98.8g   5.8g   2.1g S 164.7   4.6   5:54.28 nts	1696951026884
3582171 toao      20   0   98.8g   5.8g   2.1g S 341.2   4.6   5:54.91 nts	1696951027087
3582171 toao      20   0   98.5g   5.8g   2.1g S 347.1   4.6   5:56.08 nts	1696951027594
3582171 toao      20   0   98.5g   5.8g   2.1g S 252.9   4.6   5:56.64 nts	1696951027797
3582171 toao      20   0   98.8g   5.8g   2.1g S 322.2   4.6   5:57.94 nts	1696951028300
3582171 toao      20   0   98.8g   5.8g   2.1g S  94.1   4.6   5:58.11 nts	1696951028504
3582171 toao      20   0   99.0g   5.8g   2.1g S 111.8   4.6   5:59.40 nts	1696951029008
3582171 toao      20   0   99.0g   5.8g   2.1g S 322.2   4.6   6:00.05 nts	1696951029206
3582171 toao      20   0   99.0g   5.8g   2.1g S 329.4   4.7   6:01.22 nts	1696951029715
3582171 toao      20   0   99.0g   5.8g   2.1g S 335.3   4.7   6:01.93 nts	1696951029920
3582171 toao      20   0   99.0g   5.8g   2.1g S 335.3   4.7   6:03.08 nts	1696951030422
3582171 toao      20   0   98.7g   5.8g   2.1g S  31.6   4.7   6:03.31 nts	1696951030629
3582171 toao      20   0   98.7g   5.8g   2.1g S 158.8   4.7   6:04.64 nts	1696951031128
3582171 toao      20   0   99.0g   5.8g   2.1g S 300.0   4.7   6:05.15 nts	1696951031349
3582171 toao      20   0   99.0g   5.8g   2.1g S 170.6   4.7   6:06.25 nts	1696951031834
3582171 toao      20   0   99.0g   5.8g   2.1g S 322.2   4.7   6:07.00 nts	1696951032058
3582171 toao      20   0   99.0g   5.8g   2.1g S 364.7   4.7   6:08.12 nts	1696951032542
3582171 toao      20   0   98.7g   5.8g   2.1g S 223.5   4.7   6:08.64 nts	1696951032767
3582171 toao      20   0   99.0g   5.8g   2.1g S 335.3   4.7   6:09.93 nts	1696951033253
3582171 toao      20   0   98.7g   5.8g   2.1g S 111.1   4.7   6:10.15 nts	1696951033478
3582171 toao      20   0   98.7g   5.8g   2.1g S  35.3   4.7   6:11.28 nts	1696951033961
3582171 toao      20   0   99.0g   5.9g   2.1g S 341.2   4.7   6:12.04 nts	1696951034186
3582171 toao      20   0   99.0g   5.9g   2.1g S 317.6   4.7   6:13.16 nts	1696951034667
3582171 toao      20   0   99.0g   5.9g   2.1g S 335.3   4.7   6:13.91 nts	1696951034891
3582171 toao      20   0   99.0g   5.9g   2.2g S 341.2   4.7   6:15.03 nts	1696951035374
3582171 toao      20   0   98.7g   5.9g   2.2g S  33.3   4.7   6:15.27 nts	1696951035598
3582171 toao      20   0   98.7g   5.9g   2.2g S 172.2   4.7   6:16.60 nts	1696951036078
3582171 toao      20   0   99.0g   5.9g   2.2g S 283.3   4.7   6:17.11 nts	1696951036308
3582171 toao      20   0   99.0g   5.9g   2.2g S 141.2   4.7   6:18.17 nts	1696951036790
3582171 toao      20   0   99.4g   5.9g   2.2g S 341.2   4.7   6:18.93 nts	1696951037016
3582171 toao      20   0       0      0      0 Z 100.0   0.0   6:19.42 nts	1696951037500
3582171 toao      20   0       0      0      0 Z  94.4   0.0   6:19.64 nts	1696951037727
3582171 toao      20   0       0      0      0 Z  77.8   0.0   6:19.89 nts	1696951038216
3582171 toao      20   0       0      0      0 Z  88.9   0.0   6:20.05 nts	1696951038444
