3210357 toao      20   0 2531172 103408  70108 R 100.0   0.1   0:00.20 nts	1696948920546
3210357 toao      20   0 8431764 219388 121568 R  6388   0.2   0:11.37 nts	1696948921064
3210357 toao      20   0 8431764 219388 121568 S  7894   0.2   0:26.89 nts	1696948921263
3210357 toao      20   0 8431764 219388 121568 R  8000   0.2   1:07.39 nts	1696948921811
3210357 toao      20   0 8523988 278372 121692 R  3194   0.2   1:14.68 nts	1696948921998
3210357 toao      20   0 8523988 283652 121692 R 205.9   0.2   1:15.73 nts	1696948922516
3210357 toao      20   0 8523988 283652 121692 R 194.4   0.2   1:16.10 nts	1696948922697
3210357 toao      20   0 8523988 283652 121692 R 194.4   0.2   1:17.16 nts	1696948923227
3210357 toao      20   0 8523988 283652 121692 R 205.9   0.2   1:17.53 nts	1696948923410
3210357 toao      20   0 8523988 283652 121692 R 212.5   0.2   1:18.57 nts	1696948923942
3210357 toao      20   0 8523988 283652 121692 R 200.0   0.2   1:18.92 nts	1696948924123
3210357 toao      20   0 8523988 283652 121692 R 200.0   0.2   1:19.98 nts	1696948924645
3210357 toao      20   0 8523988 301868 121692 R 200.0   0.2   1:20.34 nts	1696948924826
3210357 toao      20   0 8523988 302924 121692 R 200.0   0.2   1:21.39 nts	1696948925352
3210357 toao      20   0 8523988 302924 121692 R 200.0   0.2   1:21.76 nts	1696948925534
3210357 toao      20   0 8523988 302924 121692 R 205.9   0.2   1:22.81 nts	1696948926058
3210357 toao      20   0 8523988 302924 121692 R 218.8   0.2   1:23.17 nts	1696948926241
3210357 toao      20   0 8523988 302924 121692 R 200.0   0.2   1:24.21 nts	1696948926765
3210357 toao      20   0 8523988 302924 121692 R 200.0   0.2   1:24.57 nts	1696948926945
3210357 toao      20   0 9772180 597984 121852 R  1194   0.5   1:29.39 nts	1696948927470
3210357 toao      20   0 9772180 599300 121852 R  1212   0.5   1:31.35 nts	1696948927650
3210357 toao      20   0 9772180 600344 121852 R 976.5   0.5   1:36.95 nts	1696948928174
3210357 toao      20   0 9772180 723564 121852 R  1365   0.5   1:39.28 nts	1696948928355
3210357 toao      20   0 9772180 835124 121852 R  1341   0.6   1:46.60 nts	1696948928884
3210357 toao      20   0 9772180 835388 121852 R  1476   0.6   1:49.13 nts	1696948929062
3210357 toao      20   0 9772180 835652 121852 R  1756   0.6   1:56.51 nts	1696948929591
3210357 toao      20   0   13.4g 839468 121984 R  2306   0.6   2:00.44 nts	1696948929771
3210357 toao      20   0   13.4g 845804 121984 R 200.0   0.6   2:01.50 nts	1696948930300
3210357 toao      20   0   13.4g 849236 121984 R 200.0   0.6   2:01.85 nts	1696948930475
3210357 toao      20   0   13.4g 858740 121984 R 200.0   0.7   2:02.92 nts	1696948931003
3210357 toao      20   0   13.4g 859532 121984 R 205.9   0.7   2:03.28 nts	1696948931182
3210357 toao      20   0   13.4g 871940 121984 R 194.1   0.7   2:04.33 nts	1696948931712
3210357 toao      20   0   13.4g 876692 121984 R 218.8   0.7   2:04.68 nts	1696948931891
3210357 toao      20   0   14.6g 978.8m 121984 R 782.4   0.8   2:07.86 nts	1696948932422
3210357 toao      20   0   14.6g   1.0g 121984 R 794.1   0.8   2:09.21 nts	1696948932595
3210357 toao      20   0   14.6g   1.1g 121984 R 800.0   0.9   2:13.40 nts	1696948933130
3210357 toao      20   0   14.6g   1.1g 121984 R 794.1   0.9   2:14.75 nts	1696948933305
3210357 toao      20   0   14.6g   1.3g 121984 R 882.4   1.0   2:19.18 nts	1696948933835
3210357 toao      20   0   14.6g   1.3g 121984 R 923.5   1.0   2:20.77 nts	1696948934012
3210357 toao      20   0   18.6g   1.4g 121984 R  1976   1.1   2:26.42 nts	1696948934542
3210357 toao      20   0   18.6g   1.4g 121984 R 105.9   1.1   2:26.61 nts	1696948934717
3210357 toao      20   0   18.6g   1.4g 121984 R 100.0   1.1   2:27.14 nts	1696948935249
3210357 toao      20   0   18.6g   1.4g 121984 R 100.0   1.1   2:27.33 nts	1696948935434
3210357 toao      20   0   18.6g   1.4g 121984 R 100.0   1.1   2:27.86 nts	1696948935965
3210357 toao      20   0   18.6g   1.4g 121984 R 105.9   1.1   2:28.04 nts	1696948936152
3210357 toao      20   0   18.6g   1.4g 121984 R 100.0   1.1   2:28.58 nts	1696948936685
3210357 toao      20   0   18.6g   1.4g 121984 R 100.0   1.1   2:28.75 nts	1696948936864
3210357 toao      20   0   18.6g   1.4g 121984 R 100.0   1.1   2:29.29 nts	1696948937404
3210357 toao      20   0   18.6g   1.4g 121984 R 111.8   1.1   2:29.48 nts	1696948937581
3210357 toao      20   0   18.6g   1.4g 121984 R  94.4   1.1   2:30.02 nts	1696948938122
3210357 toao      20   0   18.6g   1.4g 121984 R 100.0   1.1   2:30.20 nts	1696948938302
3210357 toao      20   0   18.6g   1.4g 121984 R 100.0   1.1   2:30.73 nts	1696948938846
3210357 toao      20   0   18.6g   1.4g 121984 R 100.0   1.1   2:30.91 nts	1696948939023
3210357 toao      20   0   19.1g   1.6g 121984 R 105.9   1.3   2:31.45 nts	1696948939556
3210357 toao      20   0   19.1g   1.6g 121984 R 105.9   1.3   2:31.63 nts	1696948939734
3210357 toao      20   0   19.1g   1.7g 121984 R 100.0   1.3   2:32.16 nts	1696948940268
3210357 toao      20   0   19.1g   1.7g 121984 R  94.1   1.3   2:32.32 nts	1696948940446
3210357 toao      20   0   19.1g   1.7g 121984 R 100.0   1.3   2:32.86 nts	1696948940976
3210357 toao      20   0   19.1g   1.7g 121984 R 105.9   1.3   2:33.04 nts	1696948941151
3210357 toao      20   0   19.1g   1.7g 121984 R 105.9   1.3   2:33.57 nts	1696948941687
3210357 toao      20   0   19.1g   1.7g 121984 R 100.0   1.3   2:33.75 nts	1696948941859
3210357 toao      20   0   19.1g   1.7g 121984 R 100.0   1.3   2:34.28 nts	1696948942396
3210357 toao      20   0   19.1g   1.7g 121984 R 100.0   1.3   2:34.45 nts	1696948942568
3210357 toao      20   0   19.1g   1.7g 121984 R  94.4   1.3   2:34.99 nts	1696948943107
3210357 toao      20   0   19.1g   1.7g 121984 R 100.0   1.3   2:35.16 nts	1696948943275
3210357 toao      20   0   19.1g   1.7g 121984 R 100.0   1.3   2:35.70 nts	1696948943820
3210357 toao      20   0   19.1g   1.7g 121984 R 105.9   1.3   2:35.87 nts	1696948943986
3210357 toao      20   0   19.1g   1.7g 121984 R 105.9   1.3   2:36.42 nts	1696948944530
3210357 toao      20   0   19.1g   1.7g 121984 R  94.1   1.3   2:36.57 nts	1696948944695
3210357 toao      20   0   19.1g   1.7g 121984 R 100.0   1.3   2:37.12 nts	1696948945244
3210357 toao      20   0   19.1g   1.7g 121984 R 100.0   1.3   2:37.28 nts	1696948945403
3210357 toao      20   0   19.1g   1.7g 121984 R 100.0   1.4   2:37.84 nts	1696948945950
3210357 toao      20   0   19.1g   1.8g 121984 R 100.0   1.4   2:37.99 nts	1696948946111
3210357 toao      20   0   19.1g   1.9g 121984 R 100.0   1.5   2:38.54 nts	1696948946660
3210357 toao      20   0   19.1g   1.9g 121984 R 105.9   1.5   2:38.70 nts	1696948946814
3210357 toao      20   0   19.1g   1.9g 121984 R 100.0   1.5   2:39.25 nts	1696948947367
3210357 toao      20   0   19.1g   1.9g 121984 R 105.9   1.5   2:39.41 nts	1696948947523
3210357 toao      20   0   19.1g   1.9g 121984 R 100.0   1.5   2:39.95 nts	1696948948075
3210357 toao      20   0   19.1g   1.9g 121984 R 100.0   1.5   2:40.11 nts	1696948948233
3210357 toao      20   0   19.1g   1.9g 121984 R 100.0   1.5   2:40.66 nts	1696948948782
3210357 toao      20   0   19.1g   1.9g 121984 R  94.4   1.5   2:40.82 nts	1696948948940
3210357 toao      20   0   19.1g   1.9g 121984 R 100.0   1.5   2:41.37 nts	1696948949490
3210357 toao      20   0   19.1g   1.9g 121984 R 100.0   1.5   2:41.53 nts	1696948949648
3210357 toao      20   0   19.1g   1.9g 121984 R 100.0   1.5   2:42.08 nts	1696948950202
3210357 toao      20   0   19.1g   1.9g 121984 R 100.0   1.5   2:42.24 nts	1696948950360
3210357 toao      20   0   19.1g   1.9g 121984 R 100.0   1.5   2:42.79 nts	1696948950908
3210357 toao      20   0   19.1g   1.9g 121984 R 105.9   1.5   2:42.96 nts	1696948951072
3210357 toao      20   0   19.1g   1.9g 121984 R 105.9   1.5   2:43.50 nts	1696948951620
3210357 toao      20   0   19.1g   1.9g 121984 R 105.9   1.5   2:43.67 nts	1696948951784
3210357 toao      20   0   19.1g   1.9g 121984 R 100.0   1.5   2:44.20 nts	1696948952327
3210357 toao      20   0   19.1g   1.9g 121984 R 100.0   1.5   2:44.38 nts	1696948952500
3210357 toao      20   0   19.1g   1.9g 121984 R 100.0   1.5   2:44.91 nts	1696948953037
3210357 toao      20   0   19.1g   1.9g 121984 R 105.9   1.5   2:45.09 nts	1696948953209
3210357 toao      20   0   19.1g   1.9g 121984 R 105.9   1.5   2:45.63 nts	1696948953746
3210357 toao      20   0   19.1g   1.9g 124256 D  1447   1.5   2:48.08 nts	1696948953914
3210357 toao      20   0   28.3g   2.2g 243632 R 100.0   1.8   2:48.41 nts	1696948954455
3210357 toao      20   0   28.3g   2.2g 250372 D  41.2   1.8   2:48.47 nts	1696948954613
3210357 toao      20   0   28.6g   2.5g 294660 R  94.4   2.0   2:48.77 nts	1696948955167
3210357 toao      20   0   28.7g   2.6g 307548 D  58.8   2.1   2:48.85 nts	1696948955326
3210357 toao      20   0   29.1g   2.9g 342768 R  94.4   2.3   2:49.12 nts	1696948955878
3210357 toao      20   0   29.2g   3.0g 362368 D  82.4   2.4   2:49.24 nts	1696948956032
3210357 toao      20   0   29.5g   3.2g 403720 R 100.0   2.6   2:49.47 nts	1696948956589
3210357 toao      20   0   29.7g   3.4g 436500 D 100.0   2.7   2:49.62 nts	1696948956741
3210357 toao      20   0   29.9g   3.6g 462876 R  66.7   2.9   2:49.81 nts	1696948957298
3210357 toao      20   0   30.1g   3.8g 482592 R 100.0   3.0   2:49.96 nts	1696948957449
3210357 toao      20   0   30.4g   4.0g 509368 R  58.8   3.2   2:50.17 nts	1696948958007
3210357 toao      20   0   30.8g   4.1g 550168 R 123.5   3.3   2:50.36 nts	1696948958155
3210357 toao      20   0   31.6g   4.6g   1.0g R 105.9   3.7   2:50.95 nts	1696948958719
3210357 toao      20   0   31.6g   4.6g   1.0g R 111.8   3.7   2:51.10 nts	1696948958863
3210357 toao      20   0   31.6g   4.6g   1.0g R  88.9   3.7   2:51.65 nts	1696948959428
3210357 toao      20   0   32.5g   4.8g   1.2g R 105.9   3.8   2:51.80 nts	1696948959572
3210357 toao      20   0   32.5g   5.6g   2.0g R  94.4   4.4   2:52.30 nts	1696948960139
3210357 toao      20   0   32.5g   5.6g   2.0g R 105.9   4.4   2:52.45 nts	1696948960283
3210357 toao      20   0   32.5g   5.6g   2.0g R 100.0   4.4   2:53.01 nts	1696948960847
3210357 toao      20   0   32.5g   5.6g   2.0g R 105.9   4.4   2:53.16 nts	1696948960995
3210357 toao      20   0   32.5g   5.6g   2.0g R 100.0   4.4   2:53.72 nts	1696948961554
3210357 toao      20   0   32.5g   5.6g   2.0g R 100.0   4.4   2:53.86 nts	1696948961703
3210357 toao      20   0   32.5g   5.6g   2.0g R  88.9   4.4   2:54.42 nts	1696948962268
3210357 toao      20   0   32.5g   5.6g   2.0g R 100.0   4.4   2:54.57 nts	1696948962410
3210357 toao      20   0   32.5g   5.6g   2.0g R 105.9   4.4   2:55.14 nts	1696948962975
3210357 toao      20   0   32.5g   5.6g   2.0g R 100.0   4.4   2:55.28 nts	1696948963120
3210357 toao      20   0   32.5g   5.6g   2.0g R 100.0   4.4   2:55.85 nts	1696948963686
3210357 toao      20   0   32.5g   5.6g   2.0g R 100.0   4.4   2:55.99 nts	1696948963831
3210357 toao      20   0   32.5g   5.6g   2.0g R 100.0   4.4   2:56.56 nts	1696948964394
3210357 toao      20   0   32.5g   5.6g   2.0g R 100.0   4.4   2:56.70 nts	1696948964540
3210357 toao      20   0   32.5g   5.6g   2.0g R 100.0   4.4   2:57.27 nts	1696948965104
3210357 toao      20   0   32.5g   5.6g   2.0g R  94.4   4.4   2:57.41 nts	1696948965248
3210357 toao      20   0   32.5g   5.6g   2.0g R 100.0   4.4   2:57.97 nts	1696948965811
3210357 toao      20   0   32.5g   5.6g   2.0g R 106.2   4.4   2:58.12 nts	1696948965960
3210357 toao      20   0   32.5g   5.6g   2.0g R 100.0   4.4   2:58.68 nts	1696948966519
3210357 toao      20   0   32.5g   5.6g   2.0g R 100.0   4.4   2:58.83 nts	1696948966667
3210357 toao      20   0   32.5g   5.6g   2.0g R 100.0   4.4   2:59.39 nts	1696948967225
3210357 toao      20   0   32.5g   5.6g   2.0g R 100.0   4.4   2:59.53 nts	1696948967372
3210357 toao      20   0   32.5g   5.6g   2.0g R 100.0   4.4   3:00.10 nts	1696948967935
3210357 toao      20   0   32.5g   5.6g   2.0g R  88.9   4.4   3:00.24 nts	1696948968080
3210357 toao      20   0   32.5g   5.6g   2.0g R 100.0   4.4   3:00.81 nts	1696948968643
3210357 toao      20   0   32.5g   5.6g   2.0g R 100.0   4.4   3:00.95 nts	1696948968787
3210357 toao      20   0   32.5g   5.6g   2.0g R 100.0   4.4   3:01.52 nts	1696948969353
3210357 toao      20   0   32.5g   5.6g   2.0g R  94.4   4.4   3:01.66 nts	1696948969496
3210357 toao      20   0   32.5g   5.6g   2.0g R 100.0   4.4   3:02.23 nts	1696948970063
3210357 toao      20   0   32.5g   5.6g   2.0g R  94.4   4.4   3:02.37 nts	1696948970207
3210357 toao      20   0   32.5g   5.6g   2.0g R 100.0   4.4   3:02.93 nts	1696948970776
3210357 toao      20   0   32.5g   5.6g   2.0g R 100.0   4.4   3:03.09 nts	1696948970919
3210357 toao      20   0   32.5g   5.6g   2.0g R 100.0   4.4   3:03.65 nts	1696948971482
3210357 toao      20   0   32.5g   5.6g   2.0g R 106.2   4.4   3:03.79 nts	1696948971632
3210357 toao      20   0   32.5g   5.6g   2.0g R 100.0   4.4   3:04.35 nts	1696948972192
3210357 toao      20   0   32.5g   5.6g   2.0g R 100.0   4.4   3:04.49 nts	1696948972335
3210357 toao      20   0   32.5g   5.6g   2.0g R  94.4   4.4   3:05.07 nts	1696948972899
3210357 toao      20   0   32.5g   5.6g   2.0g R 100.0   4.4   3:05.21 nts	1696948973042
3210357 toao      20   0   32.5g   5.6g   2.0g R  94.1   4.4   3:05.77 nts	1696948973610
3210357 toao      20   0   32.5g   5.6g   2.0g R 100.0   4.4   3:05.91 nts	1696948973752
3210357 toao      20   0   32.5g   5.6g   2.0g R 100.0   4.4   3:06.48 nts	1696948974318
3210357 toao      20   0   32.5g   5.6g   2.0g R 100.0   4.4   3:06.62 nts	1696948974454
3210357 toao      20   0   32.5g   5.6g   2.0g R 100.0   4.4   3:07.19 nts	1696948975027
3210357 toao      20   0   32.5g   5.6g   2.0g R 100.0   4.4   3:07.33 nts	1696948975166
3210357 toao      20   0   32.5g   5.6g   2.0g R 100.0   4.4   3:07.89 nts	1696948975731
3210357 toao      20   0   32.5g   5.6g   2.0g R 105.9   4.4   3:08.04 nts	1696948975875
3210357 toao      20   0   32.5g   5.6g   2.0g R  94.4   4.4   3:08.61 nts	1696948976439
3210357 toao      20   0   32.5g   5.6g   2.0g R 100.0   4.4   3:08.75 nts	1696948976583
3210357 toao      20   0   32.5g   5.6g   2.0g R  94.4   4.4   3:09.32 nts	1696948977148
3210357 toao      20   0   32.5g   5.6g   2.0g R 105.9   4.4   3:09.46 nts	1696948977290
3210357 toao      20   0   32.5g   5.6g   2.0g R 100.0   4.4   3:10.02 nts	1696948977858
3210357 toao      20   0   32.5g   5.6g   2.0g R  94.4   4.4   3:10.16 nts	1696948977999
3210357 toao      20   0   32.5g   5.6g   2.0g R 100.0   4.4   3:10.73 nts	1696948978563
3210357 toao      20   0   32.5g   5.6g   2.0g R  94.4   4.4   3:10.87 nts	1696948978707
3210357 toao      20   0   32.5g   5.6g   2.0g R 100.0   4.4   3:11.44 nts	1696948979268
3210357 toao      20   0   32.5g   5.6g   2.0g R 100.0   4.4   3:11.58 nts	1696948979415
3210357 toao      20   0   32.5g   5.6g   2.0g R  88.9   4.4   3:12.14 nts	1696948979978
3210357 toao      20   0   32.5g   5.6g   2.0g R 105.9   4.4   3:12.30 nts	1696948980124
3210357 toao      20   0   32.5g   5.6g   2.0g R 100.0   4.4   3:12.85 nts	1696948980687
3210357 toao      20   0   32.5g   5.6g   2.0g R 100.0   4.4   3:13.00 nts	1696948980832
3210357 toao      20   0   32.5g   5.6g   2.0g R 100.0   4.4   3:13.56 nts	1696948981394
3210357 toao      20   0   32.5g   5.6g   2.0g R  94.1   4.4   3:13.70 nts	1696948981542
3210357 toao      20   0   32.5g   5.6g   2.0g R 100.0   4.4   3:14.26 nts	1696948982101
3210357 toao      20   0   32.5g   5.6g   2.0g R  94.1   4.4   3:14.41 nts	1696948982249
3210357 toao      20   0   32.5g   5.6g   2.0g R 105.9   4.4   3:14.97 nts	1696948982803
3210357 toao      20   0   32.5g   5.6g   2.0g R 100.0   4.4   3:15.14 nts	1696948982958
3210357 toao      20   0   32.5g   5.6g   2.0g R 106.2   4.4   3:15.68 nts	1696948983510
3210357 toao      20   0   32.5g   5.6g   2.0g R 100.0   4.4   3:15.84 nts	1696948983676
3210357 toao      20   0   32.5g   5.6g   2.0g R 100.0   4.4   3:16.39 nts	1696948984216
3210357 toao      20   0   32.5g   5.6g   2.0g R 100.0   4.4   3:16.55 nts	1696948984384
3210357 toao      20   0   32.5g   5.6g   2.0g R 100.0   4.4   3:17.10 nts	1696948984927
3210357 toao      20   0   32.5g   5.6g   2.0g R 100.0   4.4   3:17.26 nts	1696948985092
3210357 toao      20   0   32.5g   5.6g   2.0g R  94.4   4.4   3:17.81 nts	1696948985639
3210357 toao      20   0   32.5g   5.6g   2.0g R 112.5   4.4   3:17.97 nts	1696948985800
3210357 toao      20   0   32.5g   5.6g   2.0g R 100.0   4.4   3:18.52 nts	1696948986352
3210357 toao      20   0   32.5g   5.6g   2.0g R 105.9   4.4   3:18.68 nts	1696948986507
3210357 toao      20   0   32.5g   5.6g   2.0g R 100.0   4.4   3:19.23 nts	1696948987063
3210357 toao      20   0   32.5g   5.6g   2.0g R 105.9   4.4   3:19.39 nts	1696948987216
3210357 toao      20   0   32.5g   5.6g   2.0g R 100.0   4.4   3:19.94 nts	1696948987771
3210357 toao      20   0   32.5g   5.6g   2.0g R  94.1   4.4   3:20.09 nts	1696948987924
3210357 toao      20   0   32.5g   5.6g   2.0g R  94.4   4.4   3:20.64 nts	1696948988479
3210357 toao      20   0   32.5g   5.6g   2.0g R 100.0   4.4   3:20.80 nts	1696948988632
3210357 toao      20   0   32.5g   5.6g   2.0g R 100.0   4.4   3:21.36 nts	1696948989183
3210357 toao      20   0   32.5g   5.6g   2.0g R 100.0   4.4   3:21.51 nts	1696948989340
3210357 toao      20   0   32.5g   5.6g   2.0g R 100.0   4.4   3:22.06 nts	1696948989895
3210357 toao      20   0   32.5g   5.6g   2.0g R  94.1   4.4   3:22.21 nts	1696948990050
3210357 toao      20   0   32.5g   5.6g   2.0g R 100.0   4.4   3:22.77 nts	1696948990606
3210357 toao      20   0   32.5g   5.6g   2.0g R 100.0   4.4   3:22.92 nts	1696948990758
3210357 toao      20   0   32.5g   5.6g   2.0g R 100.0   4.4   3:23.48 nts	1696948991311
3210357 toao      20   0   32.5g   5.6g   2.0g R 100.0   4.4   3:23.63 nts	1696948991461
3210357 toao      20   0   32.5g   5.6g   2.0g R 105.9   4.4   3:24.19 nts	1696948992013
3210357 toao      20   0   32.5g   5.6g   2.0g R 100.0   4.4   3:24.34 nts	1696948992167
3210357 toao      20   0   32.5g   5.6g   2.0g R 100.0   4.4   3:24.89 nts	1696948992724
3210357 toao      20   0   32.5g   5.6g   2.0g R 100.0   4.4   3:25.04 nts	1696948992875
3210357 toao      20   0   32.5g   5.6g   2.0g R 100.0   4.4   3:25.60 nts	1696948993431
3210357 toao      20   0   32.5g   5.6g   2.0g R 100.0   4.4   3:25.75 nts	1696948993583
3210357 toao      20   0   32.5g   5.6g   2.0g R 105.9   4.4   3:26.31 nts	1696948994139
3210357 toao      20   0   32.5g   5.6g   2.0g R 100.0   4.4   3:26.46 nts	1696948994294
3210357 toao      20   0   32.5g   5.6g   2.0g R 100.0   4.4   3:27.02 nts	1696948994851
3210357 toao      20   0   32.5g   5.6g   2.0g R 105.9   4.4   3:27.17 nts	1696948994999
3210357 toao      20   0   32.5g   5.6g   2.0g R 100.0   4.4   3:27.73 nts	1696948995561
3210357 toao      20   0   32.5g   5.6g   2.0g R  94.4   4.4   3:27.88 nts	1696948995706
3210357 toao      20   0   32.5g   5.6g   2.0g R  94.4   4.4   3:28.44 nts	1696948996267
3210357 toao      20   0   32.5g   5.6g   2.0g R  94.4   4.4   3:28.59 nts	1696948996419
3210357 toao      20   0   32.5g   5.6g   2.0g R  94.1   4.4   3:29.14 nts	1696948996975
3210357 toao      20   0   32.5g   5.6g   2.0g R  94.4   4.4   3:29.30 nts	1696948997129
3210357 toao      20   0   32.5g   5.6g   2.0g R  94.4   4.4   3:29.85 nts	1696948997678
3210357 toao      20   0   32.5g   5.6g   2.0g R  94.4   4.4   3:30.01 nts	1696948997839
3210357 toao      20   0   32.5g   5.6g   2.0g R  94.4   4.4   3:30.56 nts	1696948998388
3210357 toao      20   0   32.5g   5.6g   2.0g R  94.4   4.4   3:30.72 nts	1696948998548
3210357 toao      20   0   32.5g   5.6g   2.0g R 100.0   4.4   3:31.26 nts	1696948999092
3210357 toao      20   0   32.5g   5.6g   2.0g R 100.0   4.4   3:31.43 nts	1696948999258
3210357 toao      20   0   32.5g   5.6g   2.0g R  94.4   4.4   3:31.97 nts	1696948999800
3210357 toao      20   0   32.5g   5.6g   2.0g R  94.4   4.4   3:32.14 nts	1696948999967
3210357 toao      20   0   32.5g   5.6g   2.0g R 100.0   4.4   3:32.68 nts	1696949000508
3210357 toao      20   0   32.5g   5.6g   2.0g R  27.8   4.4   3:32.72 nts	1696949000678
3210357 toao      20   0   88.3g   5.7g   2.0g S 352.9   4.6   3:39.38 nts	1696949001219
3210357 toao      20   0   88.3g   5.7g   2.0g S 266.7   4.6   3:39.86 nts	1696949001390
3210357 toao      20   0   88.3g   5.7g   2.0g S 358.8   4.6   3:41.22 nts	1696949001926
3210357 toao      20   0   88.4g   5.7g   2.0g S 322.2   4.6   3:41.85 nts	1696949002099
3210357 toao      20   0   88.5g   5.7g   2.0g S 241.2   4.6   3:43.05 nts	1696949002630
3210357 toao      20   0   88.5g   5.7g   2.0g S 361.1   4.6   3:43.72 nts	1696949002809
3210357 toao      20   0   88.5g   5.7g   2.0g S 352.9   4.6   3:45.43 nts	1696949003343
3210357 toao      20   0   88.5g   5.7g   2.0g S 344.4   4.6   3:46.12 nts	1696949003519
3210357 toao      20   0   88.3g   5.7g   2.0g S 227.8   4.6   3:47.83 nts	1696949004047
3210357 toao      20   0   88.5g   5.7g   2.0g S 247.1   4.6   3:48.25 nts	1696949004230
3210357 toao      20   0   88.5g   5.7g   2.0g S 176.5   4.6   3:49.90 nts	1696949004758
3210357 toao      20   0   88.5g   5.7g   2.0g S 394.1   4.6   3:50.58 nts	1696949004937
3210357 toao      20   0   88.5g   5.7g   2.0g S 388.2   4.6   3:52.55 nts	1696949005464
3210357 toao      20   0   88.3g   5.7g   2.0g S 305.6   4.6   3:53.12 nts	1696949005642
3210357 toao      20   0   88.5g   5.7g   2.0g S 394.1   4.6   3:54.64 nts	1696949006179
3210357 toao      20   0   88.3g   5.7g   2.0g S 200.0   4.6   3:55.00 nts	1696949006356
3210357 toao      20   0   88.5g   5.7g   2.0g S 382.4   4.6   3:56.97 nts	1696949006885
3210357 toao      20   0   88.5g   5.7g   2.0g S 405.9   4.6   3:57.69 nts	1696949007067
3210357 toao      20   0   88.5g   5.7g   2.0g S 347.1   4.6   3:59.18 nts	1696949007590
3210357 toao      20   0   88.5g   5.7g   2.0g S 382.4   4.6   3:59.87 nts	1696949007774
3210357 toao      20   0   88.6g   5.7g   2.0g S 377.8   4.6   4:01.69 nts	1696949008299
3210357 toao      20   0   88.4g   5.7g   2.0g S 364.7   4.6   4:02.35 nts	1696949008483
3210357 toao      20   0   88.3g   5.7g   2.0g S 217.6   4.6   4:04.07 nts	1696949009007
3210357 toao      20   0   88.5g   5.7g   2.0g S 268.8   4.6   4:04.50 nts	1696949009190
3210357 toao      20   0   88.5g   5.7g   2.0g S 235.3   4.6   4:06.21 nts	1696949009715
3210357 toao      20   0   88.5g   5.7g   2.0g S 376.5   4.6   4:06.85 nts	1696949009895
3210357 toao      20   0   88.5g   5.7g   2.0g S 364.7   4.6   4:08.86 nts	1696949010430
3210357 toao      20   0   88.5g   5.7g   2.0g S 405.9   4.6   4:09.55 nts	1696949010603
3210357 toao      20   0   88.5g   5.7g   2.0g S 333.3   4.6   4:11.13 nts	1696949011139
3210357 toao      20   0   88.5g   5.7g   2.0g S 323.5   4.6   4:11.71 nts	1696949011316
3210357 toao      20   0   88.5g   5.7g   2.0g S 388.2   4.6   4:13.71 nts	1696949011847
3210357 toao      20   0   88.5g   5.7g   2.0g S 376.5   4.6   4:14.37 nts	1696949012024
3210357 toao      20   0   88.5g   5.8g   2.0g S 358.8   4.6   4:15.92 nts	1696949012552
3210357 toao      20   0   88.6g   5.8g   2.0g S 400.0   4.6   4:16.62 nts	1696949012733
3210357 toao      20   0   88.6g   5.8g   2.0g S 364.7   4.6   4:18.26 nts	1696949013259
3210357 toao      20   0   88.6g   5.8g   2.0g S 388.2   4.6   4:18.95 nts	1696949013440
3210357 toao      20   0   88.4g   5.8g   2.0g S 244.4   4.6   4:20.75 nts	1696949013968
3210357 toao      20   0   88.6g   5.8g   2.0g S 258.8   4.6   4:21.19 nts	1696949014147
3210357 toao      20   0   88.5g   5.8g   2.0g S 276.5   4.6   4:23.06 nts	1696949014682
3210357 toao      20   0   88.6g   5.8g   2.0g S 400.0   4.6   4:23.74 nts	1696949014855
3210357 toao      20   0   88.6g   5.8g   2.0g S 376.5   4.6   4:25.74 nts	1696949015392
3210357 toao      20   0   88.4g   5.8g   2.0g S 276.5   4.6   4:26.21 nts	1696949015564
3210357 toao      20   0   88.6g   5.8g   2.0g S 388.2   4.6   4:27.92 nts	1696949016098
3210357 toao      20   0   88.6g   5.8g   2.0g S 270.6   4.6   4:28.38 nts	1696949016271
3210357 toao      20   0   88.6g   5.8g   2.1g S 394.1   4.6   4:30.46 nts	1696949016807
3210357 toao      20   0   88.6g   5.8g   2.1g S 388.2   4.6   4:31.08 nts	1696949016979
3210357 toao      20   0   88.6g   5.8g   2.1g S 382.4   4.6   4:32.60 nts	1696949017515
3210357 toao      20   0   88.6g   5.8g   2.1g S 370.6   4.6   4:33.26 nts	1696949017683
3210357 toao      20   0   93.4g   5.8g   2.1g S 382.4   4.6   4:35.19 nts	1696949018220
3210357 toao      20   0   93.4g   5.8g   2.1g S 405.9   4.6   4:35.88 nts	1696949018396
3210357 toao      20   0   93.1g   5.8g   2.1g S 270.6   4.6   4:37.67 nts	1696949018932
3210357 toao      20   0   93.3g   5.8g   2.1g S 347.1   4.6   4:38.26 nts	1696949019108
3210357 toao      20   0   93.4g   5.8g   2.1g S 376.5   4.6   4:40.11 nts	1696949019642
3210357 toao      20   0   93.4g   5.8g   2.1g S 376.5   4.6   4:40.75 nts	1696949019814
3210357 toao      20   0   93.4g   5.8g   2.1g S 376.5   4.6   4:42.80 nts	1696949020352
3210357 toao      20   0   93.1g   5.8g   2.1g S 144.4   4.6   4:43.06 nts	1696949020519
3210357 toao      20   0   93.1g   5.8g   2.1g S 358.8   4.6   4:44.95 nts	1696949021055
3210357 toao      20   0   93.4g   5.8g   2.1g S 266.7   4.6   4:45.43 nts	1696949021228
3210357 toao      20   0   93.4g   5.8g   2.1g S 400.0   4.6   4:47.51 nts	1696949021767
3210357 toao      20   0   93.4g   5.8g   2.1g S 376.5   4.6   4:48.13 nts	1696949021934
3210357 toao      20   0   93.4g   5.8g   2.1g S 400.0   4.6   4:49.67 nts	1696949022472
3210357 toao      20   0   93.4g   5.8g   2.1g S 358.8   4.6   4:50.28 nts	1696949022643
3210357 toao      20   0   93.4g   5.8g   2.1g S 364.7   4.6   4:52.14 nts	1696949023180
3210357 toao      20   0   93.4g   5.8g   2.1g S 394.1   4.6   4:52.81 nts	1696949023351
3210357 toao      20   0   93.4g   5.8g   2.1g S 147.1   4.6   4:54.27 nts	1696949023888
3210357 toao      20   0   93.1g   5.8g   2.1g S 370.6   4.6   4:54.91 nts	1696949024060
3210357 toao      20   0   93.4g   5.8g   2.1g S 388.2   4.6   4:56.88 nts	1696949024596
3210357 toao      20   0   93.4g   5.8g   2.1g S 370.6   4.6   4:57.49 nts	1696949024766
3210357 toao      20   0   93.4g   5.8g   2.1g S 382.4   4.6   4:59.52 nts	1696949025307
3210357 toao      20   0   93.1g   5.8g   2.1g S 111.8   4.6   4:59.70 nts	1696949025474
3210357 toao      20   0   93.1g   5.8g   2.1g S 205.9   4.6   5:01.44 nts	1696949026014
3210357 toao      20   0   93.3g   5.8g   2.1g S 341.2   4.6   5:02.02 nts	1696949026185
3210357 toao      20   0   93.4g   5.8g   2.1g S 394.1   4.6   5:04.11 nts	1696949026723
3210357 toao      20   0   93.4g   5.8g   2.1g S 370.6   4.6   5:04.74 nts	1696949026895
3210357 toao      20   0   93.4g   5.8g   2.1g S 405.9   4.6   5:06.29 nts	1696949027432
3210357 toao      20   0   93.4g   5.8g   2.1g S 364.7   4.6   5:06.91 nts	1696949027605
3210357 toao      20   0   93.4g   5.8g   2.1g S 394.1   4.6   5:08.79 nts	1696949028140
3210357 toao      20   0   93.4g   5.8g   2.1g S 370.6   4.6   5:09.41 nts	1696949028312
3210357 toao      20   0   93.4g   5.8g   2.1g S 241.2   4.6   5:11.07 nts	1696949028846
3210357 toao      20   0   93.2g   5.8g   2.1g S 387.5   4.6   5:11.69 nts	1696949029019
3210357 toao      20   0   93.4g   5.8g   2.1g S 394.1   4.6   5:13.41 nts	1696949029553
3210357 toao      20   0   93.4g   5.8g   2.1g S 364.7   4.6   5:14.04 nts	1696949029727
3210357 toao      20   0   93.1g   5.8g   2.1g S 352.9   4.6   5:16.03 nts	1696949030263
3210357 toao      20   0   93.4g   5.8g   2.1g S 105.9   4.6   5:16.21 nts	1696949030436
3210357 toao      20   0   93.4g   5.8g   2.1g S 282.4   4.6   5:18.07 nts	1696949030971
3210357 toao      20   0   93.4g   5.8g   2.1g S 400.0   4.6   5:18.75 nts	1696949031144
3210357 toao      20   0   93.4g   5.8g   2.1g S 366.7   4.6   5:20.77 nts	1696949031679
3210357 toao      20   0   93.4g   5.8g   2.1g S 405.9   4.6   5:21.46 nts	1696949031852
3210357 toao      20   0   93.4g   5.8g   2.1g S 376.5   4.6   5:23.09 nts	1696949032389
3210357 toao      20   0   93.1g   5.8g   2.1g S 252.9   4.6   5:23.54 nts	1696949032564
3210357 toao      20   0   93.4g   5.8g   2.1g S 366.7   4.6   5:25.51 nts	1696949033098
3210357 toao      20   0   93.2g   5.8g   2.1g S 364.7   4.6   5:26.14 nts	1696949033274
3210357 toao      20   0   93.4g   5.8g   2.1g S 317.6   4.6   5:27.70 nts	1696949033807
3210357 toao      20   0   93.1g   5.8g   2.1g S 387.5   4.6   5:28.32 nts	1696949033980
3210357 toao      20   0   97.9g   5.8g   2.1g S 617.6   4.7   5:30.41 nts	1696949034515
3210357 toao      20   0   97.9g   5.8g   2.1g S 350.0   4.7   5:31.04 nts	1696949034689
3210357 toao      20   0   97.9g   5.8g   2.1g S 364.7   4.7   5:33.06 nts	1696949035227
3210357 toao      20   0   97.9g   5.8g   2.1g S 135.3   4.7   5:33.31 nts	1696949035399
3210357 toao      20   0   97.9g   5.8g   2.1g S 347.1   4.7   5:35.25 nts	1696949035932
3210357 toao      20   0   97.9g   5.8g   2.1g S 370.6   4.7   5:35.86 nts	1696949036108
3210357 toao      20   0   97.9g   5.8g   2.1g S 400.0   4.7   5:37.94 nts	1696949036647
3210357 toao      20   0   97.6g   5.8g   2.1g S 288.2   4.7   5:38.41 nts	1696949036815
3210357 toao      20   0   97.7g   5.8g   2.1g S 358.8   4.7   5:40.01 nts	1696949037355
3210357 toao      20   0   97.9g   5.8g   2.1g S 305.9   4.7   5:40.53 nts	1696949037524
3210357 toao      20   0   97.9g   5.8g   2.1g S 405.9   4.7   5:42.54 nts	1696949038063
3210357 toao      20   0   97.9g   5.8g   2.1g S 358.8   4.7   5:43.15 nts	1696949038234
3210357 toao      20   0   97.9g   5.9g   2.1g S 382.4   4.7   5:44.69 nts	1696949038773
3210357 toao      20   0   97.9g   5.9g   2.1g S 376.5   4.7   5:45.33 nts	1696949038943
3210357 toao      20   0   97.9g   5.9g   2.1g S 394.1   4.7   5:47.20 nts	1696949039481
3210357 toao      20   0   97.8g   5.9g   2.1g S 364.7   4.7   5:47.82 nts	1696949039651
3210357 toao      20   0   97.6g   5.9g   2.1g S 288.2   4.7   5:49.70 nts	1696949040187
3210357 toao      20   0   97.9g   5.9g   2.1g S 223.5   4.7   5:50.08 nts	1696949040360
3210357 toao      20   0   97.8g   5.9g   2.1g S 352.9   4.7   5:52.05 nts	1696949040895
3210357 toao      20   0   97.9g   5.9g   2.1g S 382.4   4.7   5:52.70 nts	1696949041068
3210357 toao      20   0   97.9g   5.9g   2.1g S 364.7   4.7   5:54.72 nts	1696949041604
3210357 toao      20   0   97.6g   5.9g   2.1g S 264.7   4.7   5:55.17 nts	1696949041774
3210357 toao      20   0   97.9g   5.9g   2.1g S 400.0   4.7   5:56.90 nts	1696949042311
3210357 toao      20   0   97.8g   5.9g   2.1g S 194.1   4.7   5:57.23 nts	1696949042484
3210357 toao      20   0   97.6g   5.9g   2.1g S 370.6   4.7   5:59.26 nts	1696949043020
3210357 toao      20   0   97.9g   5.9g   2.1g S 400.0   4.7   5:59.94 nts	1696949043193
3210357 toao      20   0   97.9g   5.9g   2.1g S 366.7   4.7   6:01.40 nts	1696949043729
3210357 toao      20   0   97.9g   5.9g   2.1g S 405.9   4.7   6:02.10 nts	1696949043904
3210357 toao      20   0   97.9g   5.9g   2.2g S 431.2   4.7   6:03.83 nts	1696949044440
3210357 toao      20   0   97.8g   5.9g   2.2g S 376.5   4.7   6:04.47 nts	1696949044612
3210357 toao      20   0   97.6g   5.9g   2.2g S 129.4   4.7   6:06.05 nts	1696949045147
3210357 toao      20   0   97.9g   5.9g   2.2g S 394.1   4.7   6:06.72 nts	1696949045327
3210357 toao      20   0   97.9g   5.9g   2.2g S 425.0   4.7   6:08.60 nts	1696949045851
3210357 toao      20   0   97.9g   5.9g   2.2g S 370.6   4.7   6:09.25 nts	1696949046034
3210357 toao      20   0   97.9g   5.9g   2.2g S 370.6   4.7   6:11.23 nts	1696949046556
3210357 toao      20   0   97.6g   5.9g   2.2g S  70.6   4.7   6:11.39 nts	1696949046738
3210357 toao      20   0   97.6g   5.9g   2.2g S 252.9   4.7   6:13.14 nts	1696949047264
3210357 toao      20   0   97.9g   5.9g   2.2g S 311.8   4.7   6:13.67 nts	1696949047444
3210357 toao      20   0   97.9g   5.9g   2.2g S 394.1   4.7   6:15.69 nts	1696949047976
3210357 toao      20   0   97.7g   5.9g   2.2g S 364.7   4.7   6:16.31 nts	1696949048148
3210357 toao      20   0   97.9g   5.9g   2.2g S 376.5   4.7   6:17.93 nts	1696949048684
3210357 toao      20   0   97.9g   5.9g   2.2g S 388.2   4.7   6:18.59 nts	1696949048856
3210357 toao      20   0   97.9g   5.9g   2.2g S 400.0   4.7   6:20.47 nts	1696949049392
3210357 toao      20   0   97.7g   5.9g   2.2g S 364.7   4.7   6:21.09 nts	1696949049563
3210357 toao      20   0   97.7g   5.9g   2.2g S 123.5   4.7   6:22.68 nts	1696949050098
3210357 toao      20   0   97.9g   5.9g   2.2g S 388.2   4.7   6:23.36 nts	1696949050272
3210357 toao      20   0   97.9g   5.9g   2.2g S 382.4   4.7   6:25.12 nts	1696949050802
3210357 toao      20   0   97.9g   5.9g   2.2g S 355.6   4.7   6:25.78 nts	1696949050979
3210357 toao      20   0       0      0      0 Z 105.9   0.0   6:26.39 nts	1696949051513
3210357 toao      20   0       0      0      0 Z  94.4   0.0   6:26.56 nts	1696949051688
3210357 toao      20   0       0      0      0 Z  76.5   0.0   6:26.94 nts	1696949052232
3210357 toao      20   0       0      0      0 Z 100.0   0.0   6:27.12 nts	1696949052407
