498840 toao      20   0 2486940 100740  68920 R 100.0   0.1   0:00.19 nts	1693200240710
498840 toao      20   0 8370196 217936 118392 R  8000   0.2   0:27.65 nts	1693200241450
498840 toao      20   0 8462420 282448 118688 R 212.5   0.2   0:37.50 nts	1693200242163
498840 toao      20   0 8462420 282448 118688 R 205.9   0.2   0:38.90 nts	1693200242863
498840 toao      20   0 8462420 282448 118688 R 194.1   0.2   0:40.29 nts	1693200243566
498840 toao      20   0 8462420 282448 118688 R 200.0   0.2   0:41.70 nts	1693200244273
498840 toao      20   0 8462420 301720 118688 R 205.9   0.2   0:43.10 nts	1693200244977
498840 toao      20   0 8462420 301720 118688 R 183.3   0.2   0:44.49 nts	1693200245682
498840 toao      20   0 8462420 301720 118688 R 200.0   0.2   0:45.89 nts	1693200246384
498840 toao      20   0 8462420 301720 118688 R 194.1   0.2   0:47.27 nts	1693200247086
498840 toao      20   0 9720180 590920 118876 R 500.0   0.4   0:49.18 nts	1693200247787
498840 toao      20   0 9720180 596696 118876 R  1200   0.5   0:57.41 nts	1693200248491
498840 toao      20   0 9720180 598524 118876 R 970.6   0.5   1:04.44 nts	1693200249191
498840 toao      20   0 9720180 833228 118876 R  1135   0.6   1:13.55 nts	1693200249897
498840 toao      20   0 9720180 833752 118876 R  1129   0.6   1:21.20 nts	1693200250603
498840 toao      20   0   13.3g 837772 119012 R 794.1   0.6   1:28.51 nts	1693200251309
498840 toao      20   0   13.3g 839088 119012 R 194.1   0.6   1:29.89 nts	1693200252011
498840 toao      20   0   13.3g 843576 119012 R 200.0   0.6   1:31.29 nts	1693200252716
498840 toao      20   0   13.3g 848328 119012 R 200.0   0.6   1:32.68 nts	1693200253424
498840 toao      20   0   13.3g 853080 119012 R 200.0   0.6   1:34.08 nts	1693200254133
498840 toao      20   0   13.3g 857304 119012 R 200.0   0.7   1:35.48 nts	1693200254841
498840 toao      20   0   13.3g 861000 119012 R 194.1   0.7   1:36.86 nts	1693200255540
498840 toao      20   0   13.3g 870768 119012 R 212.5   0.7   1:38.25 nts	1693200256244
498840 toao      20   0   14.5g 966748 119012 R 658.8   0.7   1:40.69 nts	1693200256942
498840 toao      20   0   14.5g   1.1g 119012 R 676.5   0.8   1:45.31 nts	1693200257643
498840 toao      20   0   14.5g   1.2g 119012 R 494.1   0.9   1:48.91 nts	1693200258347
498840 toao      20   0   14.5g   1.3g 119012 R 725.0   1.0   1:53.21 nts	1693200259052
498840 toao      20   0   18.6g   1.4g 119012 R 982.4   1.1   1:57.68 nts	1693200259755
498840 toao      20   0   18.6g   1.4g 119012 R 105.9   1.1   1:58.39 nts	1693200260456
498840 toao      20   0   18.6g   1.4g 119012 R  94.1   1.1   1:59.09 nts	1693200261163
498840 toao      20   0   18.6g   1.4g 119012 R 100.0   1.1   1:59.80 nts	1693200261873
498840 toao      20   0   18.6g   1.4g 119012 R  94.4   1.1   2:00.51 nts	1693200262582
498840 toao      20   0   18.6g   1.4g 119012 R  94.1   1.1   2:01.21 nts	1693200263290
498840 toao      20   0   19.1g   1.7g 119012 R 106.2   1.3   2:01.92 nts	1693200263993
498840 toao      20   0   19.1g   1.7g 119012 R 100.0   1.3   2:02.62 nts	1693200264695
498840 toao      20   0   19.1g   1.7g 119012 R 100.0   1.3   2:03.33 nts	1693200265397
498840 toao      20   0   19.1g   1.7g 119012 R 100.0   1.3   2:04.03 nts	1693200266102
498840 toao      20   0   19.1g   1.7g 119012 R  94.1   1.3   2:04.73 nts	1693200266807
498840 toao      20   0   19.1g   1.7g 119012 R 100.0   1.3   2:05.43 nts	1693200267510
498840 toao      20   0   19.1g   1.7g 119012 R 100.0   1.3   2:06.13 nts	1693200268211
498840 toao      20   0   19.1g   1.7g 119012 R 100.0   1.3   2:06.83 nts	1693200268911
498840 toao      20   0   19.1g   1.7g 119012 R 100.0   1.3   2:07.53 nts	1693200269611
498840 toao      20   0   19.1g   1.8g 119012 R 100.0   1.4   2:08.23 nts	1693200270311
498840 toao      20   0   19.1g   1.9g 119012 R  94.1   1.5   2:08.94 nts	1693200271015
498840 toao      20   0   19.1g   1.9g 119012 R 100.0   1.5   2:09.64 nts	1693200271719
498840 toao      20   0   19.1g   1.9g 119012 R 100.0   1.5   2:10.34 nts	1693200272418
498840 toao      20   0   19.1g   1.9g 119012 R 100.0   1.5   2:11.04 nts	1693200273118
498840 toao      20   0   19.1g   1.9g 119012 R 100.0   1.5   2:11.74 nts	1693200273819
498840 toao      20   0   19.1g   1.9g 119012 R 100.0   1.5   2:12.44 nts	1693200274519
498840 toao      20   0   19.1g   1.9g 119012 R 100.0   1.5   2:13.14 nts	1693200275219
498840 toao      20   0   19.1g   1.9g 119012 R  94.1   1.5   2:13.83 nts	1693200275919
498840 toao      20   0   19.1g   1.9g 119012 R 100.0   1.5   2:14.54 nts	1693200276619
498840 toao      20   0   27.6g   1.9g 125048 R 758.8   1.5   2:16.36 nts	1693200277318
498840 toao      20   0   28.5g   2.5g 281344 R 100.0   2.0   2:17.05 nts	1693200278014
498840 toao      20   0   29.4g   3.2g 401736 R 100.0   2.6   2:17.76 nts	1693200278717
498840 toao      20   0   30.9g   4.1g 533068 R  94.1   3.3   2:18.45 nts	1693200279415
498840 toao      20   0   30.9g   4.6g 533068 R 100.0   3.6   2:19.16 nts	1693200280119
498840 toao      20   0   31.9g   5.2g   1.2g R  94.1   4.2   2:19.86 nts	1693200280822
498840 toao      20   0   31.9g   5.5g   1.4g R 106.2   4.4   2:20.57 nts	1693200281524
498840 toao      20   0   31.9g   5.5g   1.4g R 100.0   4.4   2:21.27 nts	1693200282225
498840 toao      20   0   31.9g   5.5g   1.4g R 106.2   4.4   2:21.97 nts	1693200282933
498840 toao      20   0   31.9g   5.5g   1.4g R 100.0   4.4   2:22.67 nts	1693200283631
498840 toao      20   0   31.9g   5.5g   1.4g R 106.2   4.4   2:23.37 nts	1693200284334
498840 toao      20   0   31.9g   5.5g   1.4g R 105.9   4.4   2:24.08 nts	1693200285034
498840 toao      20   0   31.9g   5.5g   1.4g R 100.0   4.4   2:24.78 nts	1693200285735
498840 toao      20   0   31.9g   5.5g   1.4g R  94.1   4.4   2:25.47 nts	1693200286438
498840 toao      20   0   31.9g   5.5g   1.4g R  94.1   4.4   2:26.17 nts	1693200287139
498840 toao      20   0   31.9g   5.5g   1.4g R 100.0   4.4   2:26.88 nts	1693200287839
498840 toao      20   0   31.9g   5.5g   1.4g R 106.2   4.4   2:27.58 nts	1693200288543
498840 toao      20   0   31.9g   5.5g   1.4g R 100.0   4.4   2:28.28 nts	1693200289243
498840 toao      20   0   31.9g   5.5g   1.4g R 100.0   4.4   2:28.98 nts	1693200289942
498840 toao      20   0   31.9g   5.5g   1.4g R 106.2   4.4   2:29.68 nts	1693200290642
498840 toao      20   0   31.9g   5.5g   1.4g R 106.2   4.4   2:30.38 nts	1693200291342
498840 toao      20   0   31.9g   5.5g   1.4g R  94.1   4.4   2:31.08 nts	1693200292041
498840 toao      20   0   31.9g   5.5g   1.4g R 106.2   4.4   2:31.79 nts	1693200292743
498840 toao      20   0   31.9g   5.5g   1.4g R 106.2   4.4   2:32.49 nts	1693200293443
498840 toao      20   0   31.9g   5.5g   1.4g R 105.9   4.4   2:33.19 nts	1693200294142
498840 toao      20   0   31.9g   5.5g   1.4g R 106.2   4.4   2:33.89 nts	1693200294846
498840 toao      20   0   31.9g   5.5g   1.4g R 100.0   4.4   2:34.59 nts	1693200295545
498840 toao      20   0   31.9g   5.5g   1.4g R  94.1   4.4   2:35.29 nts	1693200296250
498840 toao      20   0   31.9g   5.5g   1.4g R 105.9   4.4   2:36.00 nts	1693200296951
498840 toao      20   0   31.9g   5.5g   1.4g R 100.0   4.4   2:36.70 nts	1693200297654
498840 toao      20   0   31.9g   5.5g   1.4g R 100.0   4.4   2:37.40 nts	1693200298358
498840 toao      20   0   31.9g   5.5g   1.4g R 100.0   4.4   2:38.10 nts	1693200299058
498840 toao      20   0   31.9g   5.5g   1.4g R  94.1   4.4   2:38.80 nts	1693200299758
498840 toao      20   0   31.9g   5.5g   1.4g R  94.1   4.4   2:39.50 nts	1693200300460
498840 toao      20   0   31.9g   5.5g   1.4g R 100.0   4.4   2:40.20 nts	1693200301161
498840 toao      20   0   31.9g   5.5g   1.4g R 100.0   4.4   2:40.90 nts	1693200301860
498840 toao      20   0   31.9g   5.5g   1.4g R 100.0   4.4   2:41.61 nts	1693200302558
498840 toao      20   0   31.9g   5.5g   1.4g R 100.0   4.4   2:42.31 nts	1693200303263
498840 toao      20   0   31.9g   5.5g   1.4g R 100.0   4.4   2:43.01 nts	1693200303967
498840 toao      20   0   31.9g   5.5g   1.4g R 100.0   4.4   2:43.71 nts	1693200304668
498840 toao      20   0   31.9g   5.5g   1.4g R 106.2   4.4   2:44.41 nts	1693200305366
498840 toao      20   0   31.9g   5.5g   1.4g R 105.9   4.4   2:45.12 nts	1693200306066
498840 toao      20   0   31.9g   5.5g   1.4g R 100.0   4.4   2:45.81 nts	1693200306770
498840 toao      20   0   31.9g   5.5g   1.4g R 100.0   4.4   2:46.52 nts	1693200307475
498840 toao      20   0   31.9g   5.5g   1.4g R 100.0   4.4   2:47.22 nts	1693200308179
498840 toao      20   0   31.9g   5.5g   1.4g R 106.2   4.4   2:47.92 nts	1693200308882
498840 toao      20   0   31.9g   5.5g   1.4g R 100.0   4.4   2:48.62 nts	1693200309583
498840 toao      20   0   31.9g   5.5g   1.4g R  88.9   4.4   2:49.33 nts	1693200310282
498840 toao      20   0   31.9g   5.5g   1.4g R 100.0   4.4   2:50.03 nts	1693200310988
498840 toao      20   0   31.9g   5.5g   1.4g R 100.0   4.4   2:50.73 nts	1693200311687
498840 toao      20   0   31.9g   5.5g   1.4g R 106.2   4.4   2:51.43 nts	1693200312386
498840 toao      20   0   31.9g   5.5g   1.4g R 100.0   4.4   2:52.12 nts	1693200313084
498840 toao      20   0   31.9g   5.5g   1.4g R 112.5   4.4   2:52.83 nts	1693200313783
498840 toao      20   0   31.9g   5.5g   1.4g R 112.5   4.4   2:53.53 nts	1693200314483
498840 toao      20   0   31.9g   5.5g   1.4g R 100.0   4.4   2:54.23 nts	1693200315183
498840 toao      20   0   31.9g   5.5g   1.4g R 100.0   4.4   2:54.93 nts	1693200315886
498840 toao      20   0   31.9g   5.5g   1.4g R 100.0   4.4   2:55.64 nts	1693200316590
498840 toao      20   0   31.9g   5.5g   1.4g R 100.0   4.4   2:56.33 nts	1693200317291
498840 toao      20   0   31.9g   5.5g   1.4g R 100.0   4.4   2:57.03 nts	1693200317991
498840 toao      20   0   31.9g   5.5g   1.4g R 105.9   4.4   2:57.74 nts	1693200318691
498840 toao      20   0   31.9g   5.5g   1.4g R 100.0   4.4   2:58.44 nts	1693200319393
498840 toao      20   0   31.9g   5.5g   1.4g R 100.0   4.4   2:59.14 nts	1693200320097
498840 toao      20   0   31.9g   5.5g   1.4g R 100.0   4.4   2:59.85 nts	1693200320803
498840 toao      20   0   31.9g   5.5g   1.4g R 105.9   4.4   3:00.56 nts	1693200321506
498840 toao      20   0   31.9g   5.5g   1.4g R  88.2   4.4   3:01.24 nts	1693200322207
498840 toao      20   0   34.5g   5.6g   1.4g R  2994   4.4   3:17.05 nts	1693200322912
498840 toao      20   0   34.5g   5.6g   1.4g R  1518   4.4   3:36.47 nts	1693200323604
498840 toao      20   0   34.5g   5.6g   1.4g R  3694   4.4   3:58.45 nts	1693200324306
498840 toao      20   0   34.5g   5.6g   1.4g R 556.2   4.4   4:14.00 nts	1693200325016
498840 toao      20   0   34.5g   5.6g   1.4g R  2576   4.4   4:32.27 nts	1693200325713
498840 toao      20   0   34.5g   5.6g   1.4g R  2971   4.4   4:51.88 nts	1693200326413
498840 toao      20   0   34.5g   5.6g   1.4g R  2724   4.4   5:12.01 nts	1693200327120
498840 toao      20   0   34.5g   5.6g   1.4g S  2659   4.4   5:31.44 nts	1693200327831
498840 toao      20   0   34.5g   5.6g   1.4g S  2925   4.4   5:50.70 nts	1693200328526
498840 toao      20   0   34.5g   5.6g   1.4g S  2747   4.4   6:09.75 nts	1693200329219
498840 toao      20   0   84.2g   6.5g   2.4g R 200.0   5.2   6:14.77 nts	1693200329912
498840 toao      20   0   86.2g   7.5g   3.3g R 200.0   6.0   6:16.18 nts	1693200330615
498840 toao      20   0   91.5g   7.5g   3.4g S  2600   6.0   6:33.03 nts	1693200331324
498840 toao      20   0   91.0g   7.5g   3.4g S  3335   6.0   6:53.77 nts	1693200332027
498840 toao      20   0   91.0g   7.5g   3.4g S  3029   6.0   7:14.60 nts	1693200332730
498840 toao      20   0   91.2g   7.5g   3.4g S  2688   6.0   7:34.91 nts	1693200333430
498840 toao      20   0  109.7g   7.5g   3.4g S  2082   6.0   7:53.97 nts	1693200334129
498840 toao      20   0  110.4g   7.5g   3.4g S  3141   6.0   8:14.28 nts	1693200334832
498840 toao      20   0  109.8g   7.5g   3.4g S  3000   6.0   8:35.25 nts	1693200335534
498840 toao      20   0  109.8g   7.5g   3.4g S  2806   6.0   8:56.00 nts	1693200336239
498840 toao      20   0  112.4g   7.5g   3.4g S  2922   6.0   9:17.12 nts	1693200336942
498840 toao      20   0  114.3g   7.5g   3.4g S  2906   6.0   9:35.11 nts	1693200337649
498840 toao      20   0  113.8g   7.5g   3.4g S  2735   6.0   9:55.15 nts	1693200338354
498840 toao      20   0  114.3g   7.5g   3.4g S  2900   6.0  10:15.62 nts	1693200339059
498840 toao      20   0  114.3g   7.5g   3.4g S  2824   6.0  10:36.48 nts	1693200339759
498840 toao      20   0  114.3g   7.5g   3.4g S  2100   6.0  10:54.62 nts	1693200340462
498840 toao      20   0  114.3g   7.5g   3.4g S  3275   6.0  11:14.75 nts	1693200341164
498840 toao      20   0  114.3g   7.5g   3.4g S  3100   6.0  11:35.32 nts	1693200341863
498840 toao      20   0  114.3g   7.5g   3.4g S  2912   6.0  11:56.61 nts	1693200342563
498840 toao      20   0  112.5g   7.5g   3.4g S  3256   6.0  12:17.31 nts	1693200343263
498840 toao      20   0  113.2g   7.5g   3.4g S  2825   6.0  12:36.97 nts	1693200343962
498840 toao      20   0  113.8g   7.5g   3.4g S  3318   6.0  12:56.82 nts	1693200344664
498840 toao      20   0  113.8g   7.5g   3.4g S  2853   6.0  13:17.87 nts	1693200345376
498840 toao      20   0  113.8g   7.5g   3.4g S  2788   6.0  13:38.41 nts	1693200346079
498840 toao      20   0  113.1g   7.5g   3.4g S  2738   6.0  13:57.66 nts	1693200346783
498840 toao      20   0  113.8g   7.5g   3.4g S  2806   6.0  14:16.77 nts	1693200347483
498840 toao      20   0  114.2g   7.5g   3.4g S  3619   6.0  14:38.26 nts	1693200348192
498840 toao      20   0  113.8g   7.5g   3.4g S  2776   6.0  14:58.76 nts	1693200348890
498840 toao      20   0  111.9g   7.5g   3.4g S  2778   6.0  15:19.43 nts	1693200349591
498840 toao      20   0  113.7g   7.5g   3.4g S  2759   6.0  15:38.04 nts	1693200350300
498840 toao      20   0  113.8g   7.5g   3.4g S  3044   6.0  15:58.06 nts	1693200351004
498840 toao      20   0  113.8g   7.5g   3.4g S  3056   6.0  16:17.72 nts	1693200351703
498840 toao      20   0  113.8g   7.5g   3.4g S  2971   6.0  16:38.21 nts	1693200352404
498840 toao      20   0  113.2g   7.5g   3.4g S  2635   6.0  16:56.50 nts	1693200353106
498840 toao      20   0  114.3g   7.5g   3.4g S  3000   6.0  17:15.81 nts	1693200353809
498840 toao      20   0  113.8g   7.5g   3.4g S  2718   6.0  17:35.39 nts	1693200354510
498840 toao      20   0  114.3g   7.5g   3.4g S  3288   6.0  17:56.75 nts	1693200355210
498840 toao      20   0  112.5g   7.5g   3.4g S  3206   6.0  18:18.89 nts	1693200355910
498840 toao      20   0  113.8g   7.5g   3.4g S  3176   6.0  18:37.31 nts	1693200356612
498840 toao      20   0  113.8g   7.5g   3.4g S  2969   6.0  18:58.15 nts	1693200357315
498840 toao      20   0  114.3g   7.6g   3.4g S  2906   6.0  19:18.77 nts	1693200358015
498840 toao      20   0  114.3g   7.6g   3.4g S  2788   6.0  19:38.99 nts	1693200358718
498840 toao      20   0  113.2g   7.5g   3.4g S  2753   6.0  19:58.46 nts	1693200359419
498840 toao      20   0  113.8g   7.5g   3.4g S  3456   6.0  20:18.35 nts	1693200360122
498840 toao      20   0  113.8g   7.5g   3.4g S  3288   6.0  20:39.12 nts	1693200360823
498840 toao      20   0  114.3g   7.6g   3.4g S  3262   6.0  21:00.49 nts	1693200361523
498840 toao      20   0  110.5g   7.5g   3.4g R  1512   6.0  21:18.18 nts	1693200362222
498840 toao      20   0       0      0      0 Z 100.0   0.0  21:18.87 nts	1693200362925
