3077510 toao      20   0 2485752  98944  68436 R  94.1   0.1   0:00.18 nts	1693348915563
3077510 toao      20   0 8372632 217248 115296 R  7882   0.2   0:28.00 nts	1693348916290
3077510 toao      20   0 8482068 293636 115548 R 200.0   0.2   0:51.26 nts	1693348917004
3077510 toao      20   0 8482068 293900 115548 R 200.0   0.2   0:52.65 nts	1693348917708
3077510 toao      20   0 8482068 293900 115548 R 200.0   0.2   0:54.05 nts	1693348918412
3077510 toao      20   0 8482068 293900 115548 R 205.9   0.2   0:55.45 nts	1693348919117
3077510 toao      20   0 8482068 293900 115548 R 183.3   0.2   0:56.85 nts	1693348919831
3077510 toao      20   0 8482068 317396 115548 R 194.1   0.2   0:58.24 nts	1693348920536
3077510 toao      20   0 8482068 317660 115548 R 200.0   0.2   0:59.63 nts	1693348921238
3077510 toao      20   0 8482068 317660 115548 R 205.9   0.2   1:01.03 nts	1693348921941
3077510 toao      20   0 8482068 317660 115548 R 200.0   0.2   1:02.43 nts	1693348922645
3077510 toao      20   0 8482068 317660 115548 R 205.9   0.2   1:03.82 nts	1693348923348
3077510 toao      20   0 8482068 317660 115548 R 183.3   0.2   1:05.23 nts	1693348924062
3077510 toao      20   0 9950.1m 851088 115612 R 776.5   0.6   1:09.47 nts	1693348924763
3077510 toao      20   0 9950.1m 859248 115612 R 988.2   0.7   1:16.52 nts	1693348925465
3077510 toao      20   0 9950.1m 865760 115612 S  1006   0.7   1:23.40 nts	1693348926174
3077510 toao      20   0 9950.1m 869692 115612 R  1071   0.7   1:30.24 nts	1693348926871
3077510 toao      20   0 9950.1m   1.2g 115612 R  1412   0.9   1:38.25 nts	1693348927575
3077510 toao      20   0 9950.1m   1.2g 115612 R  1371   1.0   1:46.73 nts	1693348928276
3077510 toao      20   0 9950.1m   1.2g 115612 R  1541   1.0   1:55.41 nts	1693348928976
3077510 toao      20   0 9950.1m   1.2g 115612 R  1456   1.0   2:05.18 nts	1693348929693
3077510 toao      20   0   13.9g   1.2g 115648 R 205.9   1.0   2:09.86 nts	1693348930399
3077510 toao      20   0   13.9g   1.2g 115648 R 194.1   1.0   2:11.24 nts	1693348931107
3077510 toao      20   0   13.9g   1.2g 115648 R 200.0   1.0   2:12.63 nts	1693348931812
3077510 toao      20   0   13.9g   1.2g 115648 R 205.9   1.0   2:14.04 nts	1693348932516
3077510 toao      20   0   13.9g   1.2g 115648 R 205.9   1.0   2:15.44 nts	1693348933228
3077510 toao      20   0   13.9g   1.2g 115648 S 194.4   1.0   2:16.85 nts	1693348933940
3077510 toao      20   0   13.9g   1.3g 115648 R 189.5   1.0   2:18.30 nts	1693348934653
3077510 toao      20   0   13.9g   1.3g 115648 S 200.0   1.0   2:19.72 nts	1693348935395
3077510 toao      20   0   13.9g   1.3g 115648 R 194.1   1.0   2:21.11 nts	1693348936107
3077510 toao      20   0   13.9g   1.3g 115648 R 205.9   1.0   2:22.51 nts	1693348936808
3077510 toao      20   0   13.9g   1.3g 115648 R 212.5   1.0   2:23.90 nts	1693348937513
3077510 toao      20   0   13.9g   1.3g 115648 R 211.8   1.0   2:25.31 nts	1693348938215
3077510 toao      20   0   13.9g   1.3g 115648 R 194.4   1.0   2:26.73 nts	1693348938923
3077510 toao      20   0   13.9g   1.3g 115648 R 206.2   1.0   2:28.11 nts	1693348939642
3077510 toao      20   0   13.9g   1.3g 115648 R 200.0   1.0   2:29.50 nts	1693348940337
3077510 toao      20   0   15.4g   1.3g 115648 R 361.1   1.1   2:31.19 nts	1693348941042
3077510 toao      20   0   15.4g   1.5g 115648 R 623.5   1.2   2:35.59 nts	1693348941749
3077510 toao      20   0   15.4g   1.6g 115648 R 529.4   1.2   2:38.82 nts	1693348942444
3077510 toao      20   0   15.4g   1.7g 115648 R 494.1   1.3   2:42.77 nts	1693348943157
3077510 toao      20   0   15.4g   1.7g 115648 R 500.0   1.4   2:45.88 nts	1693348943865
3077510 toao      20   0   15.4g   1.9g 115648 S 466.7   1.5   2:49.70 nts	1693348944582
3077510 toao      20   0   15.4g   1.9g 115648 R 533.3   1.5   2:53.22 nts	1693348945291
3077510 toao      20   0   15.4g   2.1g 115648 R 527.8   1.6   2:57.36 nts	1693348946002
3077510 toao      20   0   15.4g   2.2g 115648 S 458.8   1.7   3:00.97 nts	1693348946712
3077510 toao      20   0   19.5g   2.3g 115648 R  1100   1.8   3:05.30 nts	1693348947423
3077510 toao      20   0   19.5g   2.3g 115648 R 100.0   1.8   3:06.02 nts	1693348948121
3077510 toao      20   0   19.5g   2.3g 115648 R 100.0   1.8   3:06.72 nts	1693348948827
3077510 toao      20   0   19.5g   2.3g 115648 R 100.0   1.8   3:07.42 nts	1693348949532
3077510 toao      20   0   19.5g   2.3g 115648 R 105.9   1.8   3:08.13 nts	1693348950235
3077510 toao      20   0   19.5g   2.3g 115648 R 106.2   1.8   3:08.83 nts	1693348950942
3077510 toao      20   0   19.5g   2.3g 115648 R 106.2   1.8   3:09.53 nts	1693348951642
3077510 toao      20   0   19.5g   2.3g 115648 R 106.2   1.8   3:10.22 nts	1693348952343
3077510 toao      20   0   19.5g   2.3g 115648 R 112.5   1.8   3:10.93 nts	1693348953042
3077510 toao      20   0   20.5g   2.5g 115648 R 106.2   2.0   3:11.63 nts	1693348953743
3077510 toao      20   0   20.5g   2.8g 115648 R 100.0   2.2   3:12.33 nts	1693348954443
3077510 toao      20   0   20.5g   2.8g 115648 R 100.0   2.2   3:13.03 nts	1693348955146
3077510 toao      20   0   20.5g   2.8g 115648 R 105.9   2.2   3:13.74 nts	1693348955846
3077510 toao      20   0   20.5g   2.8g 115648 R 106.2   2.2   3:14.44 nts	1693348956552
3077510 toao      20   0   20.5g   2.8g 115648 R 105.9   2.2   3:15.14 nts	1693348957250
3077510 toao      20   0   20.5g   2.8g 115648 R 106.2   2.2   3:15.84 nts	1693348957953
3077510 toao      20   0   20.5g   2.8g 115648 R 100.0   2.2   3:16.54 nts	1693348958655
3077510 toao      20   0   20.5g   2.8g 115648 R 100.0   2.2   3:17.24 nts	1693348959354
3077510 toao      20   0   20.5g   2.8g 115648 R  94.1   2.2   3:17.94 nts	1693348960058
3077510 toao      20   0   20.5g   2.8g 115648 R  94.1   2.2   3:18.64 nts	1693348960758
3077510 toao      20   0   20.5g   2.8g 115648 R 105.9   2.2   3:19.35 nts	1693348961462
3077510 toao      20   0   20.5g   2.8g 115648 R 100.0   2.2   3:20.04 nts	1693348962165
3077510 toao      20   0   20.5g   2.8g 115648 R 106.2   2.2   3:20.74 nts	1693348962862
3077510 toao      20   0   20.5g   2.8g 115648 R 100.0   2.2   3:21.44 nts	1693348963561
3077510 toao      20   0   20.5g   2.9g 115648 R 100.0   2.3   3:22.14 nts	1693348964258
3077510 toao      20   0   20.5g   3.0g 115648 R  94.1   2.4   3:22.83 nts	1693348964958
3077510 toao      20   0   20.5g   3.0g 115648 R 100.0   2.4   3:23.54 nts	1693348965658
3077510 toao      20   0   20.5g   3.2g 115648 R 100.0   2.5   3:24.24 nts	1693348966358
3077510 toao      20   0   20.5g   3.2g 115648 R 100.0   2.5   3:24.94 nts	1693348967057
3077510 toao      20   0   20.5g   3.2g 115648 R 100.0   2.5   3:25.64 nts	1693348967760
3077510 toao      20   0   20.5g   3.2g 115648 R  94.1   2.5   3:26.33 nts	1693348968458
3077510 toao      20   0   20.5g   3.2g 115648 R 100.0   2.5   3:27.04 nts	1693348969157
3077510 toao      20   0   20.5g   3.2g 115648 R 105.9   2.5   3:27.74 nts	1693348969854
3077510 toao      20   0   20.5g   3.2g 115648 R 100.0   2.5   3:28.43 nts	1693348970555
3077510 toao      20   0   20.5g   3.2g 115648 R 100.0   2.5   3:29.13 nts	1693348971255
3077510 toao      20   0   20.5g   3.2g 115648 R 100.0   2.5   3:29.84 nts	1693348971955
3077510 toao      20   0   20.5g   3.2g 115648 R 105.9   2.5   3:30.55 nts	1693348972658
3077510 toao      20   0   20.5g   3.2g 115648 R 100.0   2.5   3:31.24 nts	1693348973362
3077510 toao      20   0   20.5g   3.2g 115648 R 100.0   2.5   3:31.94 nts	1693348974062
3077510 toao      20   0   20.5g   3.2g 115648 R 100.0   2.5   3:32.65 nts	1693348974762
3077510 toao      20   0   20.5g   3.2g 115648 R 100.0   2.5   3:33.35 nts	1693348975465
3077510 toao      20   0   20.5g   3.2g 115648 R  94.1   2.5   3:34.04 nts	1693348976170
3077510 toao      20   0   29.8g   3.8g 277656 R 100.0   3.0   3:35.77 nts	1693348976871
3077510 toao      20   0   30.8g   4.5g 383288 R 100.0   3.6   3:36.48 nts	1693348977566
3077510 toao      20   0   31.8g   5.4g 523112 R 106.2   4.3   3:37.17 nts	1693348978266
3077510 toao      20   0   32.7g   6.3g 526508 R 106.2   5.0   3:37.87 nts	1693348978963
3077510 toao      20   0   32.7g   6.3g 526508 R 105.9   5.0   3:38.57 nts	1693348979661
3077510 toao      20   0   32.7g   6.3g 526508 R  94.1   5.0   3:39.26 nts	1693348980358
3077510 toao      20   0   39.6g   7.8g   2.0g R 105.9   6.2   3:39.97 nts	1693348981058
3077510 toao      20   0   39.6g  10.1g   4.3g R 105.9   8.0   3:40.67 nts	1693348981758
3077510 toao      20   0   39.6g  12.3g   6.5g R 100.0   9.8   3:41.36 nts	1693348982454
3077510 toao      20   0   39.6g  13.2g   7.4g R 106.2  10.5   3:42.05 nts	1693348983154
3077510 toao      20   0   39.6g  13.2g   7.4g R 106.2  10.5   3:42.75 nts	1693348983853
3077510 toao      20   0   39.6g  13.2g   7.4g R 100.0  10.5   3:43.45 nts	1693348984550
3077510 toao      20   0   39.6g  13.2g   7.4g R  94.1  10.5   3:44.14 nts	1693348985250
3077510 toao      20   0   39.6g  13.2g   7.4g R  94.1  10.5   3:44.84 nts	1693348985946
3077510 toao      20   0   39.6g  13.2g   7.4g R 112.5  10.5   3:45.55 nts	1693348986646
3077510 toao      20   0   39.6g  13.2g   7.4g R 100.0  10.5   3:46.25 nts	1693348987342
3077510 toao      20   0   39.6g  13.2g   7.4g R 106.2  10.5   3:46.95 nts	1693348988045
3077510 toao      20   0   39.6g  13.2g   7.4g R 100.0  10.5   3:47.64 nts	1693348988743
3077510 toao      20   0   39.6g  13.2g   7.4g R 100.0  10.5   3:48.34 nts	1693348989442
3077510 toao      20   0   39.6g  13.2g   7.4g R 100.0  10.5   3:49.05 nts	1693348990143
3077510 toao      20   0   39.6g  13.2g   7.4g R 105.9  10.5   3:49.76 nts	1693348990851
3077510 toao      20   0   39.6g  13.2g   7.4g R 100.0  10.5   3:50.47 nts	1693348991554
3077510 toao      20   0   39.4g  13.2g   7.4g R 641.2  10.5   3:52.09 nts	1693348992258
3077510 toao      20   0   39.4g  13.3g   7.4g R  1062  10.6   3:56.86 nts	1693348992963
3077510 toao      20   0   39.6g  13.3g   7.4g R 818.8  10.6   4:07.58 nts	1693348993663
3077510 toao      20   0   39.6g  13.3g   7.4g R 950.0  10.6   4:17.51 nts	1693348994362
3077510 toao      20   0   39.6g  13.3g   7.4g R  2912  10.6   4:32.32 nts	1693348995062
3077510 toao      20   0   39.6g  13.3g   7.4g R  1781  10.6   4:45.38 nts	1693348995764
3077510 toao      20   0   39.6g  13.3g   7.4g R  1881  10.6   4:56.02 nts	1693348996463
3077510 toao      20   0   39.6g  13.3g   7.4g S  1476  10.6   5:05.60 nts	1693348997168
3077510 toao      20   0   39.6g  13.3g   7.4g R 382.4  10.6   5:15.33 nts	1693348997871
3077510 toao      20   0   39.6g  13.3g   7.4g S  3094  10.6   5:29.78 nts	1693348998571
3077510 toao      20   0   39.6g  13.3g   7.4g R  2571  10.6   5:38.85 nts	1693348999272
3077510 toao      20   0   39.6g  13.3g   7.4g R 764.7  10.6   5:45.77 nts	1693348999974
3077510 toao      20   0   39.6g  13.3g   7.4g S 229.4  10.6   5:55.22 nts	1693349000680
3077510 toao      20   0   39.6g  13.3g   7.4g R  2494  10.6   6:08.35 nts	1693349001379
3077510 toao      20   0   39.6g  13.3g   7.4g R  2918  10.6   6:19.68 nts	1693349002079
3077510 toao      20   0   39.6g  13.3g   7.4g R  1900  10.6   6:31.95 nts	1693349002779
3077510 toao      20   0   39.6g  13.3g   7.4g R  1829  10.6   6:41.80 nts	1693349003480
3077510 toao      20   0   39.6g  13.3g   7.4g R 268.8  10.6   6:49.21 nts	1693349004183
3077510 toao      20   0   39.6g  13.3g   7.4g R  1447  10.6   6:58.39 nts	1693349004885
3077510 toao      20   0   39.6g  13.3g   7.4g R  2318  10.6   7:11.52 nts	1693349005588
3077510 toao      20   0   39.6g  13.3g   7.4g S  1565  10.6   7:21.93 nts	1693349006286
3077510 toao      20   0   39.6g  13.3g   7.4g R 770.6  10.6   7:32.46 nts	1693349006989
3077510 toao      20   0   39.6g  13.3g   7.4g S 341.2  10.6   7:42.52 nts	1693349007693
3077510 toao      20   0   39.6g  13.3g   7.4g S 364.7  10.6   7:52.85 nts	1693349008401
3077510 toao      20   0   39.6g  13.3g   7.4g S 500.0  10.6   8:03.19 nts	1693349009108
3077510 toao      20   0   39.6g  13.3g   7.4g S 594.1  10.6   8:13.16 nts	1693349009816
3077510 toao      20   0   39.6g  13.3g   7.4g S 500.0  10.6   8:22.09 nts	1693349010523
3077510 toao      20   0   39.6g  13.3g   7.4g S 281.2  10.6   8:32.11 nts	1693349011223
3077510 toao      20   0   39.6g  13.3g   7.4g R 443.8  10.6   8:42.42 nts	1693349011923
3077510 toao      20   0   39.6g  13.3g   7.4g R 723.5  10.6   8:52.00 nts	1693349012621
3077510 toao      20   0   39.6g  13.3g   7.4g R  2506  10.6   9:05.10 nts	1693349013319
3077510 toao      20   0   39.6g  13.3g   7.4g R  2135  10.6   9:14.16 nts	1693349014018
3077510 toao      20   0   39.6g  13.3g   7.4g R  1900  10.6   9:23.89 nts	1693349014719
3077510 toao      20   0   39.6g  13.3g   7.4g R 876.5  10.6   9:32.34 nts	1693349015424
3077510 toao      20   0   39.6g  13.3g   7.4g R  3076  10.6   9:46.07 nts	1693349016128
3077510 toao      20   0   39.6g  13.3g   7.4g R 817.6  10.6   9:52.89 nts	1693349016830
3077510 toao      20   0   39.6g  13.3g   7.4g R  2635  10.6  10:06.49 nts	1693349017527
3077510 toao      20   0   39.6g  13.3g   7.4g R  2276  10.6  10:16.89 nts	1693349018227
3077510 toao      20   0   39.6g  13.3g   7.4g S  1518  10.6  10:27.66 nts	1693349018927
3077510 toao      20   0   39.6g  13.3g   7.4g R  1018  10.6  10:38.38 nts	1693349019627
3077510 toao      20   0   39.6g  13.3g   7.4g R 764.7  10.6  10:47.71 nts	1693349020330
3077510 toao      20   0   39.6g  13.3g   7.4g S 211.8  10.6  10:57.94 nts	1693349021030
3077510 toao      20   0   39.6g  13.3g   7.4g S 270.6  10.6  11:08.15 nts	1693349021738
3077510 toao      20   0   39.6g  13.3g   7.4g R  2747  10.6  11:21.48 nts	1693349022442
3077510 toao      20   0   39.6g  13.3g   7.4g R  2012  10.6  11:33.42 nts	1693349023142
3077510 toao      20   0   39.6g  13.3g   7.4g R  1794  10.6  11:43.92 nts	1693349023842
3077510 toao      20   0   39.6g  13.3g   7.4g R 494.1  10.6  11:54.08 nts	1693349024542
3077510 toao      20   0   39.6g  13.3g   7.4g R 417.6  10.6  12:04.23 nts	1693349025246
3077510 toao      20   0   39.6g  13.3g   7.4g R 405.9  10.6  12:14.18 nts	1693349025950
3077510 toao      20   0   39.6g  13.3g   7.4g S  3171  10.6  12:28.79 nts	1693349026651
3077510 toao      20   0   39.6g  13.3g   7.4g R  1718  10.6  12:40.53 nts	1693349027351
3077510 toao      20   0   39.6g  13.3g   7.4g R  1300  10.6  12:50.69 nts	1693349028056
3077510 toao      20   0   39.6g  13.3g   7.4g R 564.7  10.6  13:01.00 nts	1693349028758
3077510 toao      20   0   39.6g  13.3g   7.4g R 417.6  10.6  13:11.35 nts	1693349029458
3077510 toao      20   0   39.6g  13.3g   7.4g R  2435  10.6  13:24.94 nts	1693349030159
3077510 toao      20   0   39.6g  13.3g   7.4g R  1541  10.6  13:37.42 nts	1693349030859
3077510 toao      20   0   39.6g  13.3g   7.4g S 441.2  10.6  13:47.83 nts	1693349031559
3077510 toao      20   0   39.6g  13.3g   7.4g R  2835  10.6  14:01.83 nts	1693349032258
3077510 toao      20   0   39.6g  13.3g   7.4g R  1729  10.6  14:14.18 nts	1693349032958
3077510 toao      20   0   39.6g  13.3g   7.4g R  1259  10.6  14:24.69 nts	1693349033660
3077510 toao      20   0   39.6g  13.3g   7.4g R  1235  10.6  14:34.94 nts	1693349034359
3077510 toao      20   0   88.9g  14.2g   8.3g R  94.1  11.3  14:39.01 nts	1693349035063
3077510 toao      20   0   92.8g  15.1g   9.2g R 200.0  12.0  14:40.15 nts	1693349035768
3077510 toao      20   0   94.7g  16.0g  10.1g R 183.3  12.8  14:41.56 nts	1693349036470
3077510 toao      20   0   98.0g  16.9g  11.0g S 211.8  13.5  14:42.99 nts	1693349037178
3077510 toao      20   0  103.2g  16.9g  11.0g S  2438  13.5  14:48.79 nts	1693349037883
3077510 toao      20   0  105.4g  16.9g  11.0g S 427.8  13.5  14:51.36 nts	1693349038582
3077510 toao      20   0  105.6g  16.9g  11.0g S 412.5  13.5  14:55.03 nts	1693349039284
3077510 toao      20   0  106.0g  16.9g  11.0g S 394.1  13.5  14:59.27 nts	1693349039983
3077510 toao      20   0  106.0g  16.9g  11.0g S 400.0  13.5  15:03.57 nts	1693349040685
3077510 toao      20   0  106.0g  16.9g  11.0g S 400.0  13.5  15:07.87 nts	1693349041387
3077510 toao      20   0  106.9g  16.9g  11.0g S 329.4  13.5  15:12.03 nts	1693349042086
3077510 toao      20   0  108.4g  16.9g  11.0g S 300.0  13.5  15:16.25 nts	1693349042790
3077510 toao      20   0  110.5g  16.9g  11.0g S 217.6  13.5  15:20.51 nts	1693349043488
3077510 toao      20   0  111.2g  16.9g  11.0g S  1382  13.5  15:24.95 nts	1693349044190
3077510 toao      20   0  112.6g  16.9g  11.0g S 372.2  13.5  15:27.41 nts	1693349044891
3077510 toao      20   0  113.8g  16.9g  11.0g S 411.8  13.5  15:31.72 nts	1693349045598
3077510 toao      20   0  113.8g  16.9g  11.0g S 383.3  13.5  15:36.01 nts	1693349046301
3077510 toao      20   0  113.8g  16.9g  11.0g S 400.0  13.5  15:40.30 nts	1693349047007
3077510 toao      20   0  113.8g  16.9g  11.0g S 358.8  13.5  15:44.61 nts	1693349047711
3077510 toao      20   0  113.8g  16.9g  11.0g S 294.1  13.5  15:48.93 nts	1693349048414
3077510 toao      20   0  113.8g  16.9g  11.0g S 241.2  13.5  15:53.23 nts	1693349049114
3077510 toao      20   0  113.8g  16.9g  11.0g S  1356  13.5  15:57.60 nts	1693349049815
3077510 toao      20   0  113.8g  16.9g  11.0g S  1506  13.5  16:02.08 nts	1693349050515
3077510 toao      20   0  113.8g  16.9g  11.0g S 425.0  13.5  16:04.25 nts	1693349051215
3077510 toao      20   0  114.5g  16.9g  11.0g S 400.0  13.5  16:08.59 nts	1693349051915
3077510 toao      20   0  114.5g  16.9g  11.0g S 394.1  13.5  16:12.93 nts	1693349052616
3077510 toao      20   0  114.5g  16.9g  11.0g S 358.8  13.5  16:17.03 nts	1693349053315
3077510 toao      20   0  114.5g  16.9g  11.0g S 318.8  13.5  16:21.33 nts	1693349054015
3077510 toao      20   0  114.5g  16.9g  11.0g S 275.0  13.5  16:25.72 nts	1693349054712
3077510 toao      20   0  114.5g  16.9g  11.0g S 352.9  13.5  16:30.12 nts	1693349055411
3077510 toao      20   0  114.5g  16.9g  11.0g S 294.1  13.5  16:34.56 nts	1693349056111
3077510 toao      20   0  114.5g  16.9g  11.0g S 305.9  13.5  16:38.96 nts	1693349056810
3077510 toao      20   0  114.5g  16.9g  11.0g S  1347  13.5  16:43.25 nts	1693349057517
3077510 toao      20   0  114.5g  16.9g  11.0g S  1512  13.5  16:47.74 nts	1693349058215
3077510 toao      20   0  115.1g  17.0g  11.0g S 764.7  13.5  16:50.80 nts	1693349058920
3077510 toao      20   0  114.5g  16.9g  11.0g S 400.0  13.5  16:54.46 nts	1693349059619
3077510 toao      20   0  114.5g  16.9g  11.0g S 400.0  13.5  16:58.90 nts	1693349060321
3077510 toao      20   0  114.5g  16.9g  11.0g S 425.0  13.5  17:03.30 nts	1693349061022
3077510 toao      20   0  114.5g  16.9g  11.0g S 431.2  13.5  17:07.61 nts	1693349061723
3077510 toao      20   0  114.5g  16.9g  11.0g S 393.8  13.5  17:11.92 nts	1693349062422
3077510 toao      20   0  114.5g  16.9g  11.0g S 322.2  13.5  17:16.16 nts	1693349063122
3077510 toao      20   0  114.5g  16.9g  11.0g S 282.4  13.5  17:20.46 nts	1693349063827
3077510 toao      20   0  114.5g  16.9g  11.0g S 394.1  13.5  17:24.83 nts	1693349064526
3077510 toao      20   0  114.5g  16.9g  11.0g S  1494  13.5  17:29.35 nts	1693349065230
3077510 toao      20   0  114.5g  16.9g  11.0g S  1129  13.5  17:33.18 nts	1693349065931
3077510 toao      20   0  114.5g  16.9g  11.0g S 405.9  13.5  17:36.23 nts	1693349066635
3077510 toao      20   0  115.9g  16.9g  11.0g S 411.8  13.5  17:40.39 nts	1693349067336
3077510 toao      20   0  115.9g  16.9g  11.0g S 300.0  13.5  17:44.64 nts	1693349068039
3077510 toao      20   0  115.9g  16.9g  11.0g S 347.1  13.5  17:48.88 nts	1693349068741
3077510 toao      20   0  115.9g  16.9g  11.0g S 318.8  13.5  17:53.33 nts	1693349069443
3077510 toao      20   0  105.0g  16.9g  11.0g S 206.2  13.5  17:57.52 nts	1693349070143
3077510 toao      20   0  105.6g  16.9g  11.0g S  1575  13.5  18:02.14 nts	1693349070844
3077510 toao      20   0  106.8g  17.0g  11.0g S 394.1  13.5  18:04.41 nts	1693349071544
3077510 toao      20   0  106.4g  16.9g  11.0g S 400.0  13.5  18:08.71 nts	1693349072250
3077510 toao      20   0  106.7g  16.9g  11.0g S 400.0  13.5  18:13.11 nts	1693349072954
3077510 toao      20   0  108.0g  16.9g  11.0g S 394.1  13.5  18:17.36 nts	1693349073655
3077510 toao      20   0  109.6g  16.9g  11.0g S 294.1  13.5  18:21.53 nts	1693349074357
3077510 toao      20   0  111.1g  16.9g  11.0g S 800.0  13.5  18:26.04 nts	1693349075055
3077510 toao      20   0  111.1g  16.9g  11.0g S 831.2  13.5  18:30.34 nts	1693349075754
3077510 toao      20   0  111.1g  16.9g  11.0g S  1550  13.5  18:34.78 nts	1693349076454
3077510 toao      20   0  111.1g  16.9g  11.0g S  1376  13.5  18:38.86 nts	1693349077156
3077510 toao      20   0  111.1g  16.9g  11.0g S 405.9  13.5  18:41.63 nts	1693349077858
3077510 toao      20   0  111.1g  16.9g  11.0g S 394.1  13.5  18:45.87 nts	1693349078560
3077510 toao      20   0  111.1g  16.9g  11.0g S 400.0  13.5  18:50.31 nts	1693349079259
3077510 toao      20   0  111.1g  16.9g  11.0g S 394.1  13.5  18:54.79 nts	1693349079957
3077510 toao      20   0  111.1g  16.9g  11.0g S 400.0  13.5  18:59.41 nts	1693349080655
3077510 toao      20   0  111.1g  16.9g  11.0g S 423.5  13.5  19:03.86 nts	1693349081355
3077510 toao      20   0  111.1g  16.9g  11.0g S 352.9  13.5  19:08.19 nts	1693349082066
3077510 toao      20   0  111.1g  16.9g  11.0g S 305.9  13.5  19:12.52 nts	1693349082766
3077510 toao      20   0  111.1g  16.9g  11.0g S 276.5  13.5  19:16.88 nts	1693349083471
3077510 toao      20   0  111.1g  16.9g  11.0g S 252.9  13.5  19:21.19 nts	1693349084172
3077510 toao      20   0  111.1g  16.9g  11.0g S 235.3  13.5  19:25.38 nts	1693349084878
3077510 toao      20   0  111.1g  16.9g  11.0g S  1412  13.5  19:29.75 nts	1693349085582
3077510 toao      20   0  111.6g  17.0g  11.0g S 806.2  13.5  19:32.82 nts	1693349086284
3077510 toao      20   0  111.1g  16.9g  11.0g S 418.8  13.5  19:36.58 nts	1693349086982
3077510 toao      20   0  111.1g  16.9g  11.0g S 394.1  13.5  19:40.91 nts	1693349087682
3077510 toao      20   0  111.1g  16.9g  11.0g S 388.2  13.5  19:45.12 nts	1693349088383
3077510 toao      20   0  115.3g  16.9g  11.0g S 323.5  13.5  19:49.16 nts	1693349089087
3077510 toao      20   0  125.1g  16.9g  11.0g S 388.2  13.5  19:53.09 nts	1693349089787
3077510 toao      20   0  125.7g  16.9g  11.0g S 370.6  13.5  19:57.39 nts	1693349090488
3077510 toao      20   0  127.1g  16.9g  11.0g S 300.0  13.5  20:01.50 nts	1693349091186
3077510 toao      20   0  127.8g  16.9g  11.0g S 250.0  13.5  20:05.74 nts	1693349091886
3077510 toao      20   0  127.8g  16.9g  11.0g S  1282  13.5  20:10.09 nts	1693349092585
3077510 toao      20   0  127.8g  16.9g  11.0g S  1282  13.5  20:14.54 nts	1693349093287
3077510 toao      20   0  127.8g  16.9g  11.0g S  1435  13.5  20:18.94 nts	1693349093990
3077510 toao      20   0  127.8g  16.9g  11.0g S  1276  13.5  20:22.99 nts	1693349094690
3077510 toao      20   0  127.8g  16.9g  11.0g S 394.1  13.5  20:25.78 nts	1693349095393
3077510 toao      20   0  127.8g  16.9g  11.0g S 329.4  13.5  20:30.00 nts	1693349096095
3077510 toao      20   0  127.8g  16.9g  11.0g S 400.0  13.5  20:34.28 nts	1693349096799
3077510 toao      20   0  127.8g  16.9g  11.0g S 300.0  13.5  20:38.49 nts	1693349097498
3077510 toao      20   0  127.8g  16.9g  11.0g S 300.0  13.5  20:43.00 nts	1693349098198
3077510 toao      20   0  127.8g  16.9g  11.0g S 823.5  13.5  20:47.25 nts	1693349098898
3077510 toao      20   0  127.8g  16.9g  11.0g S  1441  13.5  20:51.79 nts	1693349099599
3077510 toao      20   0  127.8g  16.9g  11.0g S  1541  13.5  20:56.25 nts	1693349100298
3077510 toao      20   0  127.8g  16.9g  11.0g S 405.9  13.5  20:58.66 nts	1693349101009
3077510 toao      20   0  127.8g  16.9g  11.0g S 431.2  13.5  21:03.25 nts	1693349101713
3077510 toao      20   0  127.8g  16.9g  11.0g S 425.0  13.5  21:07.39 nts	1693349102414
3077510 toao      20   0  127.8g  16.9g  11.0g S 294.1  13.5  21:11.51 nts	1693349103109
3077510 toao      20   0  127.8g  16.9g  11.0g S 288.2  13.5  21:15.60 nts	1693349103810
3077510 toao      20   0  127.8g  16.9g  11.0g S 629.4  13.5  21:20.00 nts	1693349104510
3077510 toao      20   0  127.8g  16.9g  11.0g S 705.9  13.5  21:24.38 nts	1693349105215
3077510 toao      20   0  127.8g  16.9g  11.0g S  1471  13.5  21:28.86 nts	1693349105922
3077510 toao      20   0  127.8g  16.9g  11.0g S 394.1  13.5  21:31.29 nts	1693349106627
3077510 toao      20   0  127.8g  16.9g  11.0g S 394.1  13.5  21:35.61 nts	1693349107326
3077510 toao      20   0  127.8g  16.9g  11.0g S 383.3  13.5  21:40.00 nts	1693349108027
3077510 toao      20   0  127.8g  16.9g  11.0g S 377.8  13.5  21:44.25 nts	1693349108737
3077510 toao      20   0  127.8g  16.9g  11.0g S 405.9  13.5  21:48.61 nts	1693349109445
3077510 toao      20   0  127.8g  16.9g  11.0g S 405.9  13.5  21:52.93 nts	1693349110151
3077510 toao      20   0  127.8g  16.9g  11.0g S 418.8  13.5  21:57.38 nts	1693349110853
3077510 toao      20   0  127.8g  16.9g  11.0g S 370.6  13.5  22:01.76 nts	1693349111551
3077510 toao      20   0  127.8g  16.9g  11.0g S 305.9  13.5  22:06.19 nts	1693349112252
3077510 toao      20   0  127.8g  16.9g  11.0g S 300.0  13.5  22:10.32 nts	1693349112953
3077510 toao      20   0  127.8g  16.9g  11.0g S 252.9  13.5  22:14.60 nts	1693349113658
3077510 toao      20   0  127.8g  16.9g  11.0g S 641.2  13.5  22:18.96 nts	1693349114359
3077510 toao      20   0  127.8g  16.9g  11.0g S  1569  13.5  22:23.44 nts	1693349115064
3077510 toao      20   0  127.8g  16.9g  11.0g S  1372  13.5  22:27.82 nts	1693349115762
3077510 toao      20   0  127.8g  16.9g  11.0g S 425.0  13.5  22:30.19 nts	1693349116465
3077510 toao      20   0  127.8g  16.9g  11.0g S 388.2  13.5  22:34.65 nts	1693349117163
3077510 toao      20   0  127.8g  16.9g  11.0g S 425.0  13.5  22:38.94 nts	1693349117864
3077510 toao      20   0  127.8g  16.9g  11.0g S 406.2  13.5  22:43.18 nts	1693349118563
3077510 toao      20   0  127.8g  16.9g  11.0g S 331.2  13.5  22:47.37 nts	1693349119262
3077510 toao      20   0  127.8g  16.9g  11.0g S 268.8  13.5  22:51.65 nts	1693349119962
3077510 toao      20   0  127.8g  16.9g  11.0g S  1188  13.5  22:55.93 nts	1693349120664
3077510 toao      20   0  127.8g  16.9g  11.0g S  1531  13.5  23:00.48 nts	1693349121362
3077510 toao      20   0  127.8g  16.9g  11.0g S  1524  13.5  23:04.95 nts	1693349122062
3077510 toao      20   0  127.8g  16.9g  11.0g S 394.1  13.5  23:07.36 nts	1693349122767
3077510 toao      20   0  127.8g  16.9g  11.0g S 394.1  13.5  23:11.65 nts	1693349123471
3077510 toao      20   0  127.8g  16.9g  11.0g S 388.2  13.5  23:15.92 nts	1693349124171
3077510 toao      20   0  127.8g  16.9g  11.0g S 400.0  13.5  23:20.16 nts	1693349124870
3077510 toao      20   0  127.8g  16.9g  11.0g S 387.5  13.5  23:24.43 nts	1693349125574
3077510 toao      20   0  128.5g  16.9g  11.0g S 288.2  13.5  23:28.67 nts	1693349126275
3077510 toao      20   0  129.9g  16.9g  11.0g S  1353  13.5  23:32.98 nts	1693349126975
3077510 toao      20   0  129.9g  16.9g  11.0g S  1412  13.5  23:37.17 nts	1693349127676
3077510 toao      20   0  129.9g  16.9g  11.0g S  1447  13.5  23:41.49 nts	1693349128374
3077510 toao      20   0  130.5g  17.0g  11.0g S 511.8  13.5  23:44.17 nts	1693349129078
3077510 toao      20   0  129.9g  16.9g  11.0g S 400.0  13.5  23:48.44 nts	1693349129783
3077510 toao      20   0  129.9g  16.9g  11.0g S 394.1  13.5  23:52.73 nts	1693349130486
3077510 toao      20   0  129.9g  16.9g  11.0g S 400.0  13.5  23:57.01 nts	1693349131186
3077510 toao      20   0  129.9g  16.9g  11.0g S 394.1  13.5  24:01.33 nts	1693349131888
3077510 toao      20   0  129.9g  16.9g  11.0g S 405.9  13.5  24:05.63 nts	1693349132591
3077510 toao      20   0  129.9g  16.9g  11.0g S 405.9  13.5  24:09.82 nts	1693349133295
3077510 toao      20   0  129.9g  16.9g  11.0g S 347.1  13.5  24:14.14 nts	1693349133998
3077510 toao      20   0  129.9g  16.9g  11.0g S 318.8  13.5  24:18.43 nts	1693349134705
3077510 toao      20   0  129.9g  16.9g  11.0g S 252.9  13.5  24:22.82 nts	1693349135406
3077510 toao      20   0  129.9g  16.9g  11.0g S 270.6  13.5  24:27.07 nts	1693349136107
3077510 toao      20   0  129.9g  16.9g  11.0g S  1347  13.5  24:31.40 nts	1693349136807
3077510 toao      20   0  129.9g  16.9g  11.0g S  1224  13.5  24:35.40 nts	1693349137510
3077510 toao      20   0  129.9g  16.9g  11.0g S 388.2  13.5  24:38.40 nts	1693349138212
3077510 toao      20   0  129.9g  16.9g  11.0g S 377.8  13.5  24:42.67 nts	1693349138911
3077510 toao      20   0  129.9g  16.9g  11.0g S 400.0  13.5  24:47.16 nts	1693349139614
3077510 toao      20   0  129.9g  16.9g  11.0g S 364.7  13.5  24:51.60 nts	1693349140315
3077510 toao      20   0  129.9g  16.9g  11.0g S 335.3  13.5  24:55.78 nts	1693349141014
3077510 toao      20   0  139.8g  16.9g  11.0g S 370.6  13.5  24:59.90 nts	1693349141714
3077510 toao      20   0  139.8g  16.9g  11.0g S 347.1  13.5  25:04.36 nts	1693349142416
3077510 toao      20   0  140.4g  16.9g  11.0g S 205.9  13.5  25:08.35 nts	1693349143117
3077510 toao      20   0  141.0g  17.0g  11.0g S 212.5  13.5  25:12.51 nts	1693349143822
3077510 toao      20   0  141.0g  17.0g  11.0g S  1494  13.5  25:16.76 nts	1693349144523
3077510 toao      20   0  141.0g  17.0g  11.0g S  1575  13.5  25:21.12 nts	1693349145224
3077510 toao      20   0  141.0g  17.0g  11.0g S  1594  13.5  25:25.57 nts	1693349145923
3077510 toao      20   0  141.0g  17.0g  11.0g S 425.0  13.5  25:27.99 nts	1693349146622
3077510 toao      20   0  141.0g  17.0g  11.0g S 418.8  13.5  25:32.52 nts	1693349147323
3077510 toao      20   0  141.0g  17.0g  11.0g S 400.0  13.5  25:36.87 nts	1693349148022
3077510 toao      20   0  141.0g  17.0g  11.0g S 318.8  13.5  25:41.10 nts	1693349148725
3077510 toao      20   0  141.0g  17.0g  11.0g S 275.0  13.5  25:45.27 nts	1693349149424
3077510 toao      20   0  141.0g  17.0g  11.0g S  1194  13.5  25:49.45 nts	1693349150122
3077510 toao      20   0  141.0g  17.0g  11.0g S  1535  13.5  25:54.08 nts	1693349150824
3077510 toao      20   0  141.0g  17.0g  11.0g S  1253  13.5  25:58.09 nts	1693349151528
3077510 toao      20   0  141.0g  17.0g  11.0g S 388.2  13.5  26:00.77 nts	1693349152226
3077510 toao      20   0  141.0g  17.0g  11.0g S 405.9  13.5  26:05.11 nts	1693349152921
3077510 toao      20   0  141.0g  17.0g  11.0g S 425.0  13.5  26:09.40 nts	1693349153623
3077510 toao      20   0  141.0g  17.0g  11.0g S 352.9  13.5  26:13.68 nts	1693349154321
3077510 toao      20   0  141.0g  17.0g  11.0g S 300.0  13.5  26:17.97 nts	1693349155019
3077510 toao      20   0  141.0g  17.0g  11.0g S 217.6  13.5  26:22.26 nts	1693349155717
3077510 toao      20   0  141.0g  17.0g  11.0g S  1453  13.5  26:26.57 nts	1693349156415
3077510 toao      20   0  141.0g  17.0g  11.0g S  1482  13.5  26:30.95 nts	1693349157117
3077510 toao      20   0  141.0g  17.0g  11.0g S 377.8  13.5  26:33.44 nts	1693349157818
3077510 toao      20   0  141.0g  17.0g  11.0g S 400.0  13.5  26:37.76 nts	1693349158530
3077510 toao      20   0  141.0g  17.0g  11.0g S 394.1  13.5  26:42.09 nts	1693349159230
3077510 toao      20   0  141.0g  17.0g  11.0g S 394.1  13.5  26:46.51 nts	1693349159931
3077510 toao      20   0  141.0g  17.0g  11.0g S 329.4  13.5  26:50.75 nts	1693349160635
3077510 toao      20   0  141.0g  17.0g  11.0g S 325.0  13.5  26:55.06 nts	1693349161335
3077510 toao      20   0  141.0g  17.0g  11.0g S 312.5  13.5  26:59.28 nts	1693349162032
3077510 toao      20   0  141.0g  17.0g  11.0g S 294.1  13.5  27:03.62 nts	1693349162735
3077510 toao      20   0  141.0g  17.0g  11.0g S 252.9  13.5  27:08.05 nts	1693349163436
3077510 toao      20   0  141.0g  17.0g  11.0g S 376.5  13.5  27:12.50 nts	1693349164137
3077510 toao      20   0  141.0g  17.0g  11.0g S 493.8  13.5  27:16.92 nts	1693349164843
3077510 toao      20   0  141.0g  17.0g  11.0g S  1500  13.5  27:21.45 nts	1693349165544
3077510 toao      20   0  141.0g  17.0g  11.0g S  1524  13.5  27:25.90 nts	1693349166248
3077510 toao      20   0  141.6g  17.0g  11.0g S 458.8  13.5  27:28.42 nts	1693349166950
3077510 toao      20   0  141.0g  17.0g  11.0g S 394.1  13.5  27:32.64 nts	1693349167655
3077510 toao      20   0  141.0g  17.0g  11.0g S 394.1  13.5  27:36.97 nts	1693349168355
3077510 toao      20   0  141.0g  17.0g  11.0g S 400.0  13.5  27:41.24 nts	1693349169058
3077510 toao      20   0  141.0g  17.0g  11.0g S 329.4  13.5  27:45.55 nts	1693349169759
3077510 toao      20   0  141.0g  17.0g  11.0g S 364.7  13.5  27:50.22 nts	1693349170463
3077510 toao      20   0  141.0g  17.0g  11.0g S 494.1  13.5  27:54.71 nts	1693349171167
3077510 toao      20   0  141.0g  17.0g  11.0g S  1524  13.5  27:59.27 nts	1693349171870
3077510 toao      20   0  141.6g  17.0g  11.0g S 717.6  13.5  28:02.35 nts	1693349172574
3077510 toao      20   0  141.0g  17.0g  11.0g S 400.0  13.5  28:06.09 nts	1693349173278
3077510 toao      20   0  141.0g  17.0g  11.0g S 394.1  13.5  28:10.57 nts	1693349173978
3077510 toao      20   0  141.0g  17.0g  11.0g S 400.0  13.5  28:14.88 nts	1693349174678
3077510 toao      20   0  141.0g  17.0g  11.0g S 370.6  13.5  28:19.15 nts	1693349175380
3077510 toao      20   0  141.0g  17.0g  11.0g S 350.0  13.5  28:23.63 nts	1693349176083
3077510 toao      20   0  141.0g  17.0g  11.0g S 318.8  13.5  28:28.19 nts	1693349176783
3077510 toao      20   0  141.0g  17.0g  11.0g S 629.4  13.5  28:32.68 nts	1693349177483
3077510 toao      20   0  141.0g  17.0g  11.0g S  1476  13.5  28:37.19 nts	1693349178186
3077510 toao      20   0  141.0g  17.0g  11.0g S 394.1  13.5  28:39.61 nts	1693349178890
3077510 toao      20   0  141.0g  17.0g  11.0g S 394.1  13.5  28:44.03 nts	1693349179591
3077510 toao      20   0  141.0g  17.0g  11.0g S 400.0  13.5  28:48.46 nts	1693349180291
3077510 toao      20   0  141.0g  17.0g  11.0g S 405.9  13.5  28:52.94 nts	1693349180990
3077510 toao      20   0  141.0g  17.0g  11.0g S 364.7  13.5  28:57.30 nts	1693349181696
3077510 toao      20   0  141.0g  17.0g  11.0g S 311.8  13.5  29:01.68 nts	1693349182398
3077510 toao      20   0  141.0g  17.0g  11.0g S 331.2  13.5  29:06.14 nts	1693349183103
3077510 toao      20   0  141.0g  17.0g  11.0g S 262.5  13.5  29:10.59 nts	1693349183804
3077510 toao      20   0  141.0g  17.0g  11.0g S 288.2  13.5  29:15.09 nts	1693349184504
3077510 toao      20   0  141.0g  17.0g  11.0g S 241.2  13.5  29:19.38 nts	1693349185207
3077510 toao      20   0  141.0g  17.0g  11.0g S 852.9  13.5  29:23.88 nts	1693349185907
3077510 toao      20   0  141.0g  17.0g  11.0g S  1506  13.5  29:28.35 nts	1693349186606
3077510 toao      20   0  141.0g  17.0g  11.0g S 388.2  13.5  29:30.79 nts	1693349187311
3077510 toao      20   0  141.0g  17.0g  11.0g S 411.8  13.5  29:35.22 nts	1693349188010
3077510 toao      20   0  141.0g  17.0g  11.0g S 437.5  13.5  29:39.61 nts	1693349188714
3077510 toao      20   0  141.0g  17.0g  11.0g S 400.0  13.5  29:43.90 nts	1693349189415
3077510 toao      20   0  141.0g  17.0g  11.0g S 405.9  13.5  29:48.31 nts	1693349190119
3077510 toao      20   0  141.0g  17.0g  11.0g S 305.9  13.5  29:52.65 nts	1693349190819
3077510 toao      20   0  141.0g  17.0g  11.0g S  1353  13.5  29:57.09 nts	1693349191520
3077510 toao      20   0  141.0g  17.0g  11.0g S  1506  13.5  30:01.57 nts	1693349192220
3077510 toao      20   0  141.0g  17.0g  11.0g S  1553  13.5  30:06.03 nts	1693349192920
3077510 toao      20   0  139.8g  16.9g  11.0g S  1056  13.5  30:10.02 nts	1693349193622
3077510 toao      20   0  129.3g  16.9g  11.0g S 394.1  13.5  30:12.45 nts	1693349194325
3077510 toao      20   0  129.6g  16.9g  11.0g S 411.8  13.5  30:16.77 nts	1693349195027
3077510 toao      20   0  130.5g  16.9g  11.0g S 418.8  13.5  30:20.97 nts	1693349195726
3077510 toao      20   0  131.1g  17.0g  11.0g S 331.2  13.5  30:25.09 nts	1693349196424
3077510 toao      20   0  131.1g  17.0g  11.0g S 325.0  13.5  30:29.41 nts	1693349197123
3077510 toao      20   0  131.4g  17.0g  11.0g S 305.9  13.5  30:33.72 nts	1693349197821
3077510 toao      20   0  131.4g  17.0g  11.0g S 294.1  13.5  30:38.29 nts	1693349198528
3077510 toao      20   0  132.5g  17.0g  11.0g S 458.8  13.5  30:42.71 nts	1693349199228
3077510 toao      20   0  133.5g  17.0g  11.0g S  1565  13.5  30:47.50 nts	1693349199928
3077510 toao      20   0  133.8g  17.0g  11.0g S 400.0  13.5  30:50.02 nts	1693349200628
3077510 toao      20   0  135.2g  17.0g  11.0g S 405.9  13.5  30:54.54 nts	1693349201331
3077510 toao      20   0  137.0g  17.0g  11.0g S 418.8  13.5  30:58.82 nts	1693349202034
3077510 toao      20   0  137.0g  17.0g  11.0g S 358.8  13.5  31:03.37 nts	1693349202732
3077510 toao      20   0  137.0g  17.0g  11.0g S 317.6  13.5  31:07.69 nts	1693349203431
3077510 toao      20   0  137.0g  17.0g  11.0g S 276.5  13.5  31:12.02 nts	1693349204131
3077510 toao      20   0  137.0g  17.0g  11.0g S 229.4  13.5  31:16.45 nts	1693349204830
3077510 toao      20   0  137.0g  17.0g  11.0g S  1612  13.5  31:21.03 nts	1693349205534
3077510 toao      20   0  137.7g  17.0g  11.0g S  1506  13.5  31:25.51 nts	1693349206236
3077510 toao      20   0  137.7g  17.0g  11.0g S 400.0  13.5  31:27.77 nts	1693349206938
3077510 toao      20   0  137.7g  17.0g  11.0g S 400.0  13.5  31:32.15 nts	1693349207638
3077510 toao      20   0  138.4g  17.0g  11.0g S 394.1  13.5  31:36.60 nts	1693349208339
3077510 toao      20   0  138.4g  17.0g  11.0g S 347.1  13.5  31:40.96 nts	1693349209037
3077510 toao      20   0  138.4g  17.0g  11.0g S 335.3  13.5  31:45.27 nts	1693349209736
3077510 toao      20   0  138.4g  17.0g  11.0g S 358.8  13.5  31:49.77 nts	1693349210438
3077510 toao      20   0  138.4g  17.0g  11.0g S 225.0  13.5  31:54.07 nts	1693349211142
3077510 toao      20   0  138.4g  17.0g  11.0g S  1400  13.5  31:58.46 nts	1693349211840
3077510 toao      20   0  138.4g  17.0g  11.0g S  1031  13.5  32:02.76 nts	1693349212543
3077510 toao      20   0  138.4g  17.0g  11.0g S  1612  13.5  32:07.41 nts	1693349213242
3077510 toao      20   0  138.9g  17.0g  11.0g S 781.2  13.5  32:10.31 nts	1693349213942
3077510 toao      20   0  138.4g  17.0g  11.0g S 400.0  13.5  32:14.07 nts	1693349214639
3077510 toao      20   0  138.4g  17.0g  11.0g S 394.1  13.5  32:18.62 nts	1693349215338
3077510 toao      20   0  138.4g  17.0g  11.0g S 400.0  13.5  32:22.95 nts	1693349216038
3077510 toao      20   0  138.4g  17.0g  11.0g S 394.1  13.5  32:27.36 nts	1693349216738
3077510 toao      20   0  138.4g  17.0g  11.0g S 364.7  13.5  32:31.67 nts	1693349217442
3077510 toao      20   0  138.4g  17.0g  11.0g S 350.0  13.5  32:36.18 nts	1693349218143
3077510 toao      20   0  138.4g  17.0g  11.0g S 211.8  13.5  32:40.46 nts	1693349218845
3077510 toao      20   0  138.4g  17.0g  11.0g S 294.1  13.5  32:45.02 nts	1693349219550
3077510 toao      20   0  138.4g  17.0g  11.0g S  1041  13.5  32:49.39 nts	1693349220252
3077510 toao      20   0  138.4g  17.0g  11.0g S  1518  13.5  32:53.91 nts	1693349220951
3077510 toao      20   0  138.9g  17.0g  11.0g S 582.4  13.5  32:56.67 nts	1693349221650
3077510 toao      20   0  138.4g  17.0g  11.0g S 425.0  13.5  33:00.62 nts	1693349222352
3077510 toao      20   0  138.4g  17.0g  11.0g S 400.0  13.5  33:04.95 nts	1693349223051
3077510 toao      20   0  139.0g  17.0g  11.0g S 394.1  13.5  33:09.31 nts	1693349223754
3077510 toao      20   0  139.0g  17.0g  11.0g S 300.0  13.5  33:13.71 nts	1693349224455
3077510 toao      20   0  139.0g  17.0g  11.0g S 211.8  13.5  33:18.02 nts	1693349225157
3077510 toao      20   0  139.0g  17.0g  11.0g S 256.2  13.5  33:22.35 nts	1693349225863
3077510 toao      20   0  139.7g  17.0g  11.0g S  1625  13.5  33:26.96 nts	1693349226563
3077510 toao      20   0  140.4g  17.0g  11.0g S  1625  13.5  33:31.54 nts	1693349227263
3077510 toao      20   0  140.4g  17.0g  11.0g S 412.5  13.5  33:34.09 nts	1693349227962
3077510 toao      20   0  140.4g  17.0g  11.0g S 425.0  13.5  33:38.25 nts	1693349228664
3077510 toao      20   0  140.4g  17.0g  11.0g S 418.8  13.5  33:42.59 nts	1693349229364
3077510 toao      20   0  140.4g  17.0g  11.0g S 418.8  13.5  33:47.10 nts	1693349230063
3077510 toao      20   0  141.1g  17.0g  11.0g S 329.4  13.5  33:51.70 nts	1693349230764
3077510 toao      20   0  132.6g  17.0g  11.0g S 405.9  13.5  33:54.36 nts	1693349231469
3077510 toao      20   0  132.6g  17.0g  11.0g S 425.0  13.5  33:58.64 nts	1693349232173
3077510 toao      20   0  132.6g  17.0g  11.0g S 394.1  13.5  34:02.84 nts	1693349232871
3077510 toao      20   0  132.6g  17.0g  11.0g S 311.8  13.5  34:07.06 nts	1693349233571
3077510 toao      20   0  132.6g  17.0g  11.0g S 323.5  13.5  34:11.51 nts	1693349234270
3077510 toao      20   0  132.6g  17.0g  11.0g S 358.8  13.5  34:15.94 nts	1693349234971
3077510 toao      20   0  132.6g  17.0g  11.0g S 476.5  13.5  34:20.15 nts	1693349235669
3077510 toao      20   0  132.6g  17.0g  11.0g S 811.8  13.5  34:24.57 nts	1693349236371
3077510 toao      20   0  132.6g  17.0g  11.0g S 258.8  13.5  34:28.99 nts	1693349237070
3077510 toao      20   0  132.6g  17.0g  11.0g S 605.9  13.5  34:33.34 nts	1693349237771
3077510 toao      20   0  132.6g  17.0g  11.0g S  1482  13.5  34:37.97 nts	1693349238470
3077510 toao      20   0  132.8g  17.0g  11.0g S 394.1  13.5  34:40.42 nts	1693349239170
3077510 toao      20   0  132.6g  17.0g  11.0g S 400.0  13.5  34:44.87 nts	1693349239871
3077510 toao      20   0  133.2g  17.0g  11.0g S 394.1  13.5  34:49.26 nts	1693349240570
3077510 toao      20   0  133.2g  17.0g  11.0g S 400.0  13.5  34:53.72 nts	1693349241271
3077510 toao      20   0  133.2g  17.0g  11.0g S 394.1  13.5  34:58.10 nts	1693349241970
3077510 toao      20   0  133.2g  17.0g  11.0g S 364.7  13.5  35:02.52 nts	1693349242670
3077510 toao      20   0  133.2g  17.0g  11.0g S 276.5  13.5  35:06.77 nts	1693349243371
3077510 toao      20   0  133.9g  17.0g  11.0g S  1365  13.5  35:11.14 nts	1693349244071
3077510 toao      20   0  133.9g  17.0g  11.0g S  1612  13.5  35:15.63 nts	1693349244774
3077510 toao      20   0  133.9g  17.0g  11.0g S  1518  13.5  35:19.97 nts	1693349245471
3077510 toao      20   0  132.6g  16.9g  11.0g S  1347  13.5  35:23.84 nts	1693349246175
3077510 toao      20   0  134.5g  16.9g  11.0g S  1494  13.5  35:28.19 nts	1693349246875
3077510 toao      20   0  134.5g  16.9g  11.0g S 388.2  13.5  35:30.45 nts	1693349247574
3077510 toao      20   0  134.5g  16.9g  11.0g S 400.0  13.5  35:34.73 nts	1693349248274
3077510 toao      20   0  135.1g  16.9g  11.0g S 400.0  13.5  35:38.79 nts	1693349248975
3077510 toao      20   0  135.7g  17.0g  11.0g S 347.1  13.5  35:42.95 nts	1693349249674
3077510 toao      20   0  135.7g  17.0g  11.0g S 341.2  13.5  35:47.21 nts	1693349250374
3077510 toao      20   0  135.7g  17.0g  11.0g S 343.8  13.5  35:51.61 nts	1693349251074
3077510 toao      20   0  135.7g  17.0g  11.0g S 300.0  13.5  35:55.94 nts	1693349251774
3077510 toao      20   0  135.7g  17.0g  11.0g S  1162  13.5  36:00.50 nts	1693349252474
3077510 toao      20   0  135.7g  17.0g  11.0g S  1506  13.5  36:05.17 nts	1693349253175
3077510 toao      20   0  135.7g  17.0g  11.0g S 400.0  13.5  36:07.53 nts	1693349253875
3077510 toao      20   0  135.7g  17.0g  11.0g S 400.0  13.5  36:11.73 nts	1693349254575
3077510 toao      20   0  135.7g  17.0g  11.0g S 400.0  13.5  36:16.09 nts	1693349255277
3077510 toao      20   0  135.7g  17.0g  11.0g S 364.7  13.5  36:20.31 nts	1693349255979
3077510 toao      20   0  135.7g  17.0g  11.0g S 394.1  13.5  36:24.71 nts	1693349256678
3077510 toao      20   0  135.7g  17.0g  11.0g S 270.6  13.5  36:28.98 nts	1693349257378
3077510 toao      20   0  135.7g  17.0g  11.0g S 694.1  13.5  36:33.29 nts	1693349258078
3077510 toao      20   0  135.7g  17.0g  11.0g S  1556  13.5  36:37.73 nts	1693349258784
3077510 toao      20   0  136.3g  17.0g  11.0g S 868.8  13.5  36:40.92 nts	1693349259482
3077510 toao      20   0  135.7g  17.0g  11.0g S 400.0  13.5  36:44.48 nts	1693349260183
3077510 toao      20   0  136.0g  17.0g  11.0g S 400.0  13.5  36:48.74 nts	1693349260885
3077510 toao      20   0  136.0g  17.0g  11.0g S 388.2  13.5  36:53.21 nts	1693349261588
3077510 toao      20   0  136.0g  17.0g  11.0g S 323.5  13.5  36:57.39 nts	1693349262287
3077510 toao      20   0  136.0g  17.0g  11.0g S 300.0  13.5  37:01.71 nts	1693349262987
3077510 toao      20   0  136.0g  17.0g  11.0g S 270.6  13.5  37:06.12 nts	1693349263688
3077510 toao      20   0  136.0g  17.0g  11.0g S 305.9  13.5  37:10.51 nts	1693349264387
3077510 toao      20   0  136.0g  17.0g  11.0g S 294.1  13.5  37:14.92 nts	1693349265090
3077510 toao      20   0  136.0g  17.0g  11.0g S 300.0  13.5  37:19.24 nts	1693349265790
3077510 toao      20   0  136.0g  17.0g  11.0g S  1412  13.5  37:23.63 nts	1693349266490
3077510 toao      20   0  136.0g  17.0g  11.0g S  1500  13.5  37:28.10 nts	1693349267190
3077510 toao      20   0  136.6g  17.0g  11.0g S 900.0  13.5  37:31.42 nts	1693349267892
3077510 toao      20   0  136.0g  17.0g  11.0g S 394.1  13.5  37:34.84 nts	1693349268594
3077510 toao      20   0  136.0g  17.0g  11.0g S 405.9  13.5  37:39.30 nts	1693349269296
3077510 toao      20   0  136.0g  17.0g  11.0g S 405.9  13.5  37:43.60 nts	1693349269998
3077510 toao      20   0  136.0g  17.0g  11.0g S 418.8  13.5  37:47.88 nts	1693349270702
3077510 toao      20   0  136.0g  17.0g  11.0g S 418.8  13.5  37:52.30 nts	1693349271403
3077510 toao      20   0  136.0g  17.0g  11.0g S 356.2  13.5  37:56.52 nts	1693349272103
3077510 toao      20   0  136.0g  17.0g  11.0g S 312.5  13.5  38:00.97 nts	1693349272802
3077510 toao      20   0  136.0g  17.0g  11.0g S 318.8  13.5  38:05.47 nts	1693349273502
3077510 toao      20   0  136.0g  17.0g  11.0g S  1388  13.5  38:09.85 nts	1693349274202
3077510 toao      20   0  136.0g  17.0g  11.0g S  1547  13.5  38:14.39 nts	1693349274899
3077510 toao      20   0  136.0g  17.0g  11.0g S 400.0  13.5  38:16.89 nts	1693349275598
3077510 toao      20   0  136.7g  17.0g  11.0g S 411.8  13.5  38:21.33 nts	1693349276298
3077510 toao      20   0  136.7g  17.0g  11.0g S 394.1  13.5  38:25.60 nts	1693349277000
3077510 toao      20   0  136.7g  17.0g  11.0g S 370.6  13.5  38:29.82 nts	1693349277699
3077510 toao      20   0  136.7g  17.0g  11.0g S 335.3  13.5  38:34.11 nts	1693349278399
3077510 toao      20   0  136.7g  17.0g  11.0g S 288.2  13.5  38:38.38 nts	1693349279098
3077510 toao      20   0  136.7g  17.0g  11.0g S 235.3  13.5  38:42.79 nts	1693349279799
3077510 toao      20   0  136.7g  17.0g  11.0g S 752.9  13.5  38:47.08 nts	1693349280498
3077510 toao      20   0  136.7g  17.0g  11.0g S  1459  13.5  38:51.60 nts	1693349281198
3077510 toao      20   0  136.7g  17.0g  11.0g S 394.1  13.5  38:54.05 nts	1693349281898
3077510 toao      20   0  136.7g  17.0g  11.0g S 394.1  13.5  38:58.25 nts	1693349282600
3077510 toao      20   0  138.2g  17.0g  11.0g S 400.0  13.5  39:02.56 nts	1693349283298
3077510 toao      20   0  138.9g  17.0g  11.0g S 329.4  13.5  39:06.76 nts	1693349283998
3077510 toao      20   0  138.9g  17.0g  11.0g S 376.5  13.5  39:11.11 nts	1693349284698
3077510 toao      20   0  138.9g  17.0g  11.0g S 241.2  13.5  39:15.24 nts	1693349285398
3077510 toao      20   0  138.9g  17.0g  11.0g S 658.8  13.5  39:19.49 nts	1693349286101
3077510 toao      20   0  138.9g  17.0g  11.0g S  1550  13.5  39:23.93 nts	1693349286803
3077510 toao      20   0  138.9g  17.0g  11.0g S  1188  13.5  39:27.68 nts	1693349287503
3077510 toao      20   0  139.4g  17.0g  11.0g S 872.2  13.5  39:31.61 nts	1693349288202
3077510 toao      20   0  138.9g  17.0g  11.0g S  1482  13.5  39:36.81 nts	1693349288904
3077510 toao      20   0  139.4g  17.0g  11.0g S  1100  13.5  39:40.41 nts	1693349289606
3077510 toao      20   0  138.9g  17.0g  11.0g S 394.1  13.5  39:43.56 nts	1693349290306
3077510 toao      20   0  138.9g  17.0g  11.0g S 400.0  13.5  39:47.78 nts	1693349291006
3077510 toao      20   0  138.9g  17.0g  11.0g S 405.9  13.5  39:51.99 nts	1693349291707
3077510 toao      20   0  138.9g  17.0g  11.0g S 364.7  13.5  39:56.33 nts	1693349292409
3077510 toao      20   0  138.9g  17.0g  11.0g S 376.5  13.5  40:00.66 nts	1693349293115
3077510 toao      20   0  138.9g  17.0g  11.0g S 317.6  13.5  40:04.89 nts	1693349293819
3077510 toao      20   0  138.9g  17.0g  11.0g S 300.0  13.5  40:09.31 nts	1693349294523
3077510 toao      20   0  138.9g  17.0g  11.0g S  1359  13.5  40:13.57 nts	1693349295222
3077510 toao      20   0  138.9g  17.0g  11.0g S  1088  13.5  40:17.34 nts	1693349295926
3077510 toao      20   0  138.9g  17.0g  11.0g S 400.0  13.5  40:20.45 nts	1693349296631
3077510 toao      20   0  138.9g  17.0g  11.0g S 400.0  13.5  40:24.73 nts	1693349297331
3077510 toao      20   0  137.6g  16.9g  11.0g S  1276  13.5  40:30.43 nts	1693349298030
3077510 toao      20   0  137.6g  16.9g  11.0g S 388.9  13.5  40:32.93 nts	1693349298731
3077510 toao      20   0  138.3g  16.9g  11.0g S 335.3  13.5  40:37.12 nts	1693349299439
3077510 toao      20   0  138.9g  17.0g  11.0g S 335.3  13.5  40:41.14 nts	1693349300140
3077510 toao      20   0  138.9g  17.0g  11.0g S 347.1  13.5  40:45.65 nts	1693349300838
3077510 toao      20   0  138.9g  17.0g  11.0g S 300.0  13.5  40:49.83 nts	1693349301542
3077510 toao      20   0  138.9g  17.0g  11.0g S 287.5  13.5  40:54.19 nts	1693349302242
3077510 toao      20   0  138.9g  17.0g  11.0g S 235.3  13.5  40:58.47 nts	1693349302942
3077510 toao      20   0  138.9g  17.0g  11.0g S  1441  13.5  41:02.95 nts	1693349303647
3077510 toao      20   0  139.4g  17.0g  11.0g S  1029  13.5  41:06.59 nts	1693349304346
3077510 toao      20   0  138.9g  17.0g  11.0g S 394.1  13.5  41:09.80 nts	1693349305050
3077510 toao      20   0  138.9g  17.0g  11.0g S 394.1  13.5  41:13.95 nts	1693349305751
3077510 toao      20   0  138.9g  17.0g  11.0g S 394.1  13.5  41:18.17 nts	1693349306450
3077510 toao      20   0  138.9g  17.0g  11.0g S 335.3  13.5  41:22.39 nts	1693349307151
3077510 toao      20   0  138.9g  17.0g  11.0g S 300.0  13.5  41:26.52 nts	1693349307851
3077510 toao      20   0  138.9g  17.0g  11.0g S 282.4  13.5  41:30.82 nts	1693349308550
3077510 toao      20   0  138.9g  17.0g  11.0g S 294.1  13.5  41:35.33 nts	1693349309251
3077510 toao      20   0  138.9g  17.0g  11.0g S  1388  13.5  41:39.68 nts	1693349309951
3077510 toao      20   0  138.9g  17.0g  11.0g S  1500  13.5  41:43.92 nts	1693349310651
3077510 toao      20   0  138.9g  17.0g  11.0g S 400.0  13.5  41:46.44 nts	1693349311350
3077510 toao      20   0  138.9g  17.0g  11.0g S 394.1  13.5  41:50.59 nts	1693349312050
3077510 toao      20   0  138.9g  17.0g  11.0g S 376.5  13.5  41:54.79 nts	1693349312747
3077510 toao      20   0  138.9g  17.0g  11.0g S 341.2  13.5  41:59.06 nts	1693349313450
3077510 toao      20   0  138.9g  17.0g  11.0g S 335.3  13.5  42:03.29 nts	1693349314154
3077510 toao      20   0  138.9g  17.0g  11.0g S 300.0  13.5  42:07.52 nts	1693349314854
3077510 toao      20   0  138.9g  17.0g  11.0g S 417.6  13.5  42:11.79 nts	1693349315555
3077510 toao      20   0  138.9g  17.0g  11.0g S  1353  13.5  42:16.18 nts	1693349316254
3077510 toao      20   0  138.9g  17.0g  11.0g S 217.6  13.5  42:20.45 nts	1693349316960
3077510 toao      20   0  138.9g  17.0g  11.0g S  1239  13.5  42:24.69 nts	1693349317662
3077510 toao      20   0  138.9g  17.0g  11.0g S  1441  13.5  42:29.09 nts	1693349318366
3077510 toao      20   0  139.4g  17.0g  11.0g S 705.9  13.5  42:32.11 nts	1693349319066
3077510 toao      20   0  138.9g  17.0g  11.0g S 394.1  13.5  42:35.97 nts	1693349319767
3077510 toao      20   0  138.9g  17.0g  11.0g S 388.9  13.5  42:40.34 nts	1693349320466
3077510 toao      20   0  138.9g  17.0g  11.0g S 394.1  13.5  42:44.61 nts	1693349321177
3077510 toao      20   0  138.9g  17.0g  11.0g S 394.1  13.5  42:49.02 nts	1693349321875
3077510 toao      20   0  138.9g  17.0g  11.0g S 382.4  13.5  42:53.34 nts	1693349322576
3077510 toao      20   0  138.9g  17.0g  11.0g S 364.7  13.5  42:57.68 nts	1693349323278
3077510 toao      20   0  138.9g  17.0g  11.0g S 311.8  13.5  43:01.84 nts	1693349323978
3077510 toao      20   0  138.9g  17.0g  11.0g S 258.8  13.5  43:06.15 nts	1693349324679
3077510 toao      20   0  138.9g  17.0g  11.0g S 658.8  13.5  43:10.44 nts	1693349325379
3077510 toao      20   0  138.9g  17.0g  11.0g S  1441  13.5  43:14.88 nts	1693349326082
3077510 toao      20   0  139.4g  17.0g  11.0g S 662.5  13.5  43:17.75 nts	1693349326783
3077510 toao      20   0  138.9g  17.0g  11.0g S 425.0  13.5  43:21.42 nts	1693349327482
3077510 toao      20   0  138.9g  17.0g  11.0g S 412.5  13.5  43:25.64 nts	1693349328183
3077510 toao      20   0  138.9g  17.0g  11.0g S 370.6  13.5  43:30.05 nts	1693349328886
3077510 toao      20   0  138.9g  17.0g  11.0g S 394.1  13.5  43:34.45 nts	1693349329587
3077510 toao      20   0  138.9g  17.0g  11.0g S 305.9  13.5  43:38.85 nts	1693349330286
3077510 toao      20   0  138.9g  17.0g  11.0g S 247.1  13.5  43:43.04 nts	1693349330991
3077510 toao      20   0  138.9g  17.0g  11.0g S  1376  13.5  43:47.44 nts	1693349331690
3077510 toao      20   0  138.9g  17.0g  11.0g S  1400  13.5  43:51.77 nts	1693349332395
3077510 toao      20   0  139.4g  17.0g  11.0g S  1029  13.5  43:55.39 nts	1693349333094
3077510 toao      20   0  138.9g  17.0g  11.0g S 405.9  13.5  43:58.59 nts	1693349333795
3077510 toao      20   0  138.9g  17.0g  11.0g S 400.0  13.5  44:02.87 nts	1693349334498
3077510 toao      20   0  138.9g  17.0g  11.0g S 364.7  13.5  44:07.03 nts	1693349335199
3077510 toao      20   0  139.6g  17.0g  11.0g S 294.1  13.5  44:11.40 nts	1693349335899
3077510 toao      20   0  139.6g  17.0g  11.0g S 288.2  13.5  44:15.62 nts	1693349336599
3077510 toao      20   0  139.6g  17.0g  11.0g S 276.5  13.5  44:20.01 nts	1693349337302
3077510 toao      20   0  139.6g  17.0g  11.0g S  1176  13.5  44:24.42 nts	1693349338000
3077510 toao      20   0  139.6g  17.0g  11.0g S  1435  13.5  44:28.79 nts	1693349338702
3077510 toao      20   0  139.8g  17.0g  11.0g S 388.2  13.5  44:31.22 nts	1693349339399
3077510 toao      20   0  139.6g  17.0g  11.0g S 388.2  13.5  44:35.59 nts	1693349340098
3077510 toao      20   0  140.2g  17.0g  11.0g S 747.1  13.5  44:40.37 nts	1693349340798
3077510 toao      20   0  139.6g  17.0g  11.0g S 417.6  13.5  44:44.09 nts	1693349341498
3077510 toao      20   0  139.6g  17.0g  11.0g S 400.0  13.5  44:48.30 nts	1693349342199
3077510 toao      20   0  139.6g  17.0g  11.0g S 311.8  13.5  44:52.45 nts	1693349342900
3077510 toao      20   0  139.6g  17.0g  11.0g S 394.1  13.5  44:56.62 nts	1693349343600
3077510 toao      20   0  139.6g  17.0g  11.0g S 205.9  13.5  45:00.85 nts	1693349344300
3077510 toao      20   0  139.6g  17.0g  11.0g S 305.9  13.5  45:05.07 nts	1693349344998
3077510 toao      20   0  139.6g  17.0g  11.0g S 288.2  13.5  45:09.54 nts	1693349345700
3077510 toao      20   0  139.6g  17.0g  11.0g S  1382  13.5  45:13.91 nts	1693349346402
3077510 toao      20   0  139.6g  17.0g  11.0g S  1494  13.5  45:18.34 nts	1693349347107
3077510 toao      20   0  139.6g  17.0g  11.0g S 405.9  13.5  45:20.85 nts	1693349347807
3077510 toao      20   0  139.6g  17.0g  11.0g S 405.9  13.5  45:25.25 nts	1693349348511
3077510 toao      20   0  139.6g  17.0g  11.0g S 329.4  13.5  45:29.34 nts	1693349349214
3077510 toao      20   0  139.0g  16.9g  11.0g S 200.0  13.5  45:33.18 nts	1693349349915
3077510 toao      20   0  139.0g  16.9g  11.0g S 388.2  13.5  45:37.25 nts	1693349350620
3077510 toao      20   0  139.0g  16.9g  11.0g S 400.0  13.5  45:41.43 nts	1693349351318
3077510 toao      20   0  139.6g  16.9g  11.0g S 323.5  13.5  45:45.36 nts	1693349352018
3077510 toao      20   0  140.3g  17.0g  11.0g S 294.1  13.5  45:49.50 nts	1693349352719
3077510 toao      20   0  140.3g  17.0g  11.0g S 294.1  13.5  45:53.86 nts	1693349353419
3077510 toao      20   0  140.3g  17.0g  11.0g S 252.9  13.5  45:58.10 nts	1693349354119
3077510 toao      20   0  140.3g  17.0g  11.0g S 317.6  13.5  46:02.57 nts	1693349354819
3077510 toao      20   0  140.3g  17.0g  11.0g S  1488  13.5  46:06.95 nts	1693349355522
3077510 toao      20   0  140.8g  17.0g  11.0g S 717.6  13.5  46:10.03 nts	1693349356222
3077510 toao      20   0  140.3g  17.0g  11.0g S 405.9  13.5  46:13.68 nts	1693349356926
3077510 toao      20   0  140.3g  17.0g  11.0g S 394.1  13.5  46:18.01 nts	1693349357626
3077510 toao      20   0  140.3g  17.0g  11.0g S 341.2  13.5  46:22.10 nts	1693349358326
3077510 toao      20   0  140.3g  17.0g  11.0g S 329.4  13.5  46:26.48 nts	1693349359027
3077510 toao      20   0  140.3g  17.0g  11.0g S 311.8  13.5  46:30.78 nts	1693349359727
3077510 toao      20   0  140.3g  17.0g  11.0g S 300.0  13.5  46:35.27 nts	1693349360427
3077510 toao      20   0  140.3g  17.0g  11.0g S  1329  13.5  46:39.55 nts	1693349361127
3077510 toao      20   0  140.3g  17.0g  11.0g S  1294  13.5  46:43.64 nts	1693349361829
3077510 toao      20   0  140.3g  17.0g  11.0g S 400.0  13.5  46:46.46 nts	1693349362527
3077510 toao      20   0  140.3g  17.0g  11.0g S 394.1  13.5  46:50.62 nts	1693349363228
3077510 toao      20   0  140.3g  17.0g  11.0g S 400.0  13.5  46:54.81 nts	1693349363927
3077510 toao      20   0  140.3g  17.0g  11.0g S 317.6  13.5  46:59.04 nts	1693349364627
3077510 toao      20   0  140.3g  17.0g  11.0g S 266.7  13.5  47:03.32 nts	1693349365329
3077510 toao      20   0  140.3g  17.0g  11.0g S 288.2  13.5  47:07.71 nts	1693349366040
3077510 toao      20   0  140.3g  17.0g  11.0g S  1312  13.5  47:12.01 nts	1693349366743
3077510 toao      20   0  140.3g  17.0g  11.0g S  1600  13.5  47:16.32 nts	1693349367443
3077510 toao      20   0  140.8g  17.0g  11.0g S 841.2  13.5  47:19.56 nts	1693349368142
3077510 toao      20   0  140.3g  17.0g  11.0g S  1518  13.5  47:25.10 nts	1693349368854
3077510 toao      20   0  140.8g  17.0g  11.0g S  1018  13.5  47:28.69 nts	1693349369554
3077510 toao      20   0  140.3g  17.0g  11.0g S 400.0  13.5  47:32.06 nts	1693349370255
3077510 toao      20   0  140.3g  17.0g  11.0g S 400.0  13.5  47:36.37 nts	1693349370958
3077510 toao      20   0  140.3g  17.0g  11.0g S 394.1  13.5  47:40.68 nts	1693349371663
3077510 toao      20   0  140.3g  17.0g  11.0g S 394.1  13.5  47:44.93 nts	1693349372367
3077510 toao      20   0  140.3g  17.0g  11.0g S 376.5  13.5  47:49.38 nts	1693349373072
3077510 toao      20   0  140.3g  17.0g  11.0g S 341.2  13.5  47:53.65 nts	1693349373774
3077510 toao      20   0  140.3g  17.0g  11.0g S 323.5  13.5  47:57.95 nts	1693349374479
3077510 toao      20   0  140.3g  17.0g  11.0g S 229.4  13.5  48:02.26 nts	1693349375179
3077510 toao      20   0  140.3g  17.0g  11.0g S 235.3  13.5  48:06.43 nts	1693349375878
3077510 toao      20   0  140.3g  17.0g  11.0g S  1359  13.5  48:10.73 nts	1693349376579
3077510 toao      20   0  140.3g  17.0g  11.0g S  1188  13.5  48:14.46 nts	1693349377278
3077510 toao      20   0  140.3g  17.0g  11.0g S 377.8  13.5  48:17.36 nts	1693349377980
3077510 toao      20   0  140.3g  17.0g  11.0g S 400.0  13.5  48:21.59 nts	1693349378688
3077510 toao      20   0  140.3g  17.0g  11.0g S 400.0  13.5  48:25.91 nts	1693349379390
3077510 toao      20   0  140.3g  17.0g  11.0g S 294.1  13.5  48:30.01 nts	1693349380090
3077510 toao      20   0  140.3g  17.0g  11.0g S 294.1  13.5  48:34.28 nts	1693349380790
3077510 toao      20   0  140.3g  17.0g  11.0g S 288.2  13.5  48:38.69 nts	1693349381490
3077510 toao      20   0  140.3g  17.0g  11.0g S 711.8  13.5  48:43.07 nts	1693349382194
3077510 toao      20   0  140.3g  17.0g  11.0g S  1418  13.5  48:47.42 nts	1693349382900
3077510 toao      20   0  140.8g  17.0g  11.0g S 729.4  13.5  48:50.51 nts	1693349383600
3077510 toao      20   0  140.3g  17.0g  11.0g S 418.8  13.5  48:54.18 nts	1693349384302
3077510 toao      20   0  140.3g  17.0g  11.0g S 418.8  13.5  48:58.53 nts	1693349385003
3077510 toao      20   0  140.3g  17.0g  11.0g S 394.1  13.5  49:02.90 nts	1693349385702
3077510 toao      20   0  140.3g  17.0g  11.0g S 300.0  13.5  49:07.03 nts	1693349386406
3077510 toao      20   0  140.3g  17.0g  11.0g S 317.6  13.5  49:11.27 nts	1693349387110
3077510 toao      20   0  141.0g  17.0g  11.0g S  1394  13.5  49:15.69 nts	1693349387810
3077510 toao      20   0  141.0g  17.0g  11.0g S  1476  13.5  49:20.14 nts	1693349388509
3077510 toao      20   0  141.5g  17.0g  11.0g S 800.0  13.5  49:23.40 nts	1693349389208
3077510 toao      20   0  141.0g  17.0g  11.0g S 394.1  13.5  49:27.00 nts	1693349389907
3077510 toao      20   0  141.0g  17.0g  11.0g S 400.0  13.5  49:31.29 nts	1693349390606
3077510 toao      20   0  141.0g  17.0g  11.0g S 400.0  13.5  49:35.53 nts	1693349391308
3077510 toao      20   0  141.0g  17.0g  11.0g S 394.1  13.5  49:39.80 nts	1693349392011
3077510 toao      20   0  141.0g  17.0g  11.0g S 400.0  13.5  49:44.13 nts	1693349392715
3077510 toao      20   0  141.0g  17.0g  11.0g S 394.1  13.5  49:48.59 nts	1693349393419
3077510 toao      20   0  141.0g  17.0g  11.0g S 418.8  13.5  49:52.87 nts	1693349394123
3077510 toao      20   0  141.0g  17.0g  11.0g S 329.4  13.5  49:57.11 nts	1693349394823
3077510 toao      20   0  141.0g  17.0g  11.0g S 282.4  13.5  50:01.37 nts	1693349395526
3077510 toao      20   0  141.0g  17.0g  11.0g S  1288  13.5  50:05.73 nts	1693349396232
3077510 toao      20   0  141.0g  17.0g  11.0g S  1394  13.5  50:10.08 nts	1693349396929
3077510 toao      20   0  141.0g  17.0g  11.0g S  1447  13.5  50:14.50 nts	1693349397635
3077510 toao      20   0  141.0g  17.0g  11.0g S 394.1  13.5  50:16.96 nts	1693349398334
3077510 toao      20   0  141.0g  17.0g  11.0g S 400.0  13.5  50:21.22 nts	1693349399035
3077510 toao      20   0  141.0g  17.0g  11.0g S 394.1  13.5  50:25.43 nts	1693349399734
3077510 toao      20   0  141.0g  17.0g  11.0g S 341.2  13.5  50:29.67 nts	1693349400434
3077510 toao      20   0  141.0g  17.0g  11.0g S 323.5  13.5  50:33.94 nts	1693349401134
3077510 toao      20   0  141.0g  17.0g  11.0g S 300.0  13.5  50:38.14 nts	1693349401835
3077510 toao      20   0  139.7g  16.9g  11.0g S 323.5  13.5  50:42.36 nts	1693349402535
3077510 toao      20   0  140.4g  16.9g  11.0g S 264.7  13.5  50:46.49 nts	1693349403236
3077510 toao      20   0  140.4g  16.9g  11.0g S 252.9  13.5  50:50.70 nts	1693349403937
3077510 toao      20   0  141.0g  17.0g  11.0g S  1282  13.5  50:55.06 nts	1693349404635
3077510 toao      20   0  141.0g  17.0g  11.0g S  1512  13.5  50:59.41 nts	1693349405334
3077510 toao      20   0  141.0g  17.0g  11.0g S  1265  13.5  51:03.32 nts	1693349406039
3077510 toao      20   0  141.5g  17.0g  11.0g S 688.2  13.5  51:06.66 nts	1693349406739
3077510 toao      20   0  141.0g  17.0g  11.0g S 406.2  13.5  51:10.54 nts	1693349407443
3077510 toao      20   0  141.0g  17.0g  11.0g S 425.0  13.5  51:14.83 nts	1693349408142
3077510 toao      20   0  141.0g  17.0g  11.0g S 400.0  13.5  51:19.22 nts	1693349408843
3077510 toao      20   0  141.0g  17.0g  11.0g S 276.5  13.5  51:23.38 nts	1693349409543
3077510 toao      20   0  141.0g  17.0g  11.0g S 264.7  13.5  51:27.69 nts	1693349410247
3077510 toao      20   0  141.0g  17.0g  11.0g S 564.7  13.5  51:32.06 nts	1693349410947
3077510 toao      20   0  141.0g  17.0g  11.0g S  1476  13.5  51:36.69 nts	1693349411651
3077510 toao      20   0  141.5g  17.0g  11.0g S 823.5  13.5  51:39.72 nts	1693349412351
3077510 toao      20   0  141.0g  17.0g  11.0g S 400.0  13.5  51:43.26 nts	1693349413051
3077510 toao      20   0  141.0g  17.0g  11.0g S 377.8  13.5  51:47.67 nts	1693349413750
3077510 toao      20   0  141.0g  17.0g  11.0g S 394.1  13.5  51:52.18 nts	1693349414455
3077510 toao      20   0  141.0g  17.0g  11.0g S 358.8  13.5  51:56.31 nts	1693349415155
3077510 toao      20   0  141.0g  17.0g  11.0g S 283.3  13.5  52:00.75 nts	1693349415861
3077510 toao      20   0  141.0g  17.0g  11.0g S 229.4  13.5  52:05.05 nts	1693349416567
3077510 toao      20   0  141.0g  17.0g  11.0g S  1424  13.5  52:09.48 nts	1693349417267
3077510 toao      20   0  141.0g  17.0g  11.0g S  1465  13.5  52:13.81 nts	1693349417968
3077510 toao      20   0  141.5g  17.0g  11.0g S 458.8  13.5  52:16.47 nts	1693349418670
3077510 toao      20   0  141.0g  17.0g  11.0g S 405.9  13.5  52:20.77 nts	1693349419371
3077510 toao      20   0  141.0g  17.0g  11.0g S 400.0  13.5  52:25.08 nts	1693349420076
3077510 toao      20   0  141.0g  17.0g  11.0g S 400.0  13.5  52:29.45 nts	1693349420778
3077510 toao      20   0  141.0g  17.0g  11.0g S 405.9  13.5  52:33.71 nts	1693349421479
3077510 toao      20   0  141.0g  17.0g  11.0g S 406.2  13.5  52:37.98 nts	1693349422183
3077510 toao      20   0  141.0g  17.0g  11.0g S 350.0  13.5  52:42.26 nts	1693349422883
3077510 toao      20   0  141.0g  17.0g  11.0g S 318.8  13.5  52:46.55 nts	1693349423583
3077510 toao      20   0  141.0g  17.0g  11.0g S 287.5  13.5  52:50.80 nts	1693349424283
3077510 toao      20   0  141.0g  17.0g  11.0g S 268.8  13.5  52:55.13 nts	1693349424982
3077510 toao      20   0  141.0g  17.0g  11.0g S 394.1  13.5  52:59.51 nts	1693349425684
3077510 toao      20   0  141.0g  17.0g  11.0g S  1476  13.5  53:03.92 nts	1693349426385
3077510 toao      20   0  141.0g  17.0g  11.0g S  1476  13.5  53:08.51 nts	1693349427090
3077510 toao      20   0  141.5g  17.0g  11.0g S 941.2  13.5  53:11.91 nts	1693349427798
3077510 toao      20   0  141.0g  17.0g  11.0g S 400.0  13.5  53:15.25 nts	1693349428502
3077510 toao      20   0  141.0g  17.0g  11.0g S 400.0  13.5  53:19.67 nts	1693349429200
3077510 toao      20   0  141.0g  17.0g  11.0g S 372.2  13.5  53:23.95 nts	1693349429902
3077510 toao      20   0  141.0g  17.0g  11.0g S 418.8  13.5  53:28.38 nts	1693349430603
3077510 toao      20   0  141.0g  17.0g  11.0g S 305.6  13.5  53:32.85 nts	1693349431301
3077510 toao      20   0  141.0g  17.0g  11.0g S 300.0  13.5  53:37.17 nts	1693349432008
3077510 toao      20   0  141.0g  17.0g  11.0g S  1435  13.5  53:41.74 nts	1693349432710
3077510 toao      20   0  141.0g  17.0g  11.0g S  1400  13.5  53:45.99 nts	1693349433411
3077510 toao      20   0  141.5g  17.0g  11.0g S 635.3  13.5  53:49.02 nts	1693349434114
3077510 toao      20   0  141.0g  17.0g  11.0g S 400.0  13.5  53:52.88 nts	1693349434816
3077510 toao      20   0  141.0g  17.0g  11.0g S 405.9  13.5  53:57.29 nts	1693349435515
3077510 toao      20   0  141.0g  17.0g  11.0g S 394.1  13.5  54:01.57 nts	1693349436219
3077510 toao      20   0  141.0g  17.0g  11.0g S 382.4  13.5  54:05.94 nts	1693349436918
3077510 toao      20   0  141.0g  17.0g  11.0g S 305.9  13.5  54:10.38 nts	1693349437618
3077510 toao      20   0  141.0g  17.0g  11.0g S 294.1  13.5  54:14.89 nts	1693349438318
3077510 toao      20   0  141.0g  17.0g  11.0g S  1135  13.5  54:19.26 nts	1693349439018
3077510 toao      20   0  141.0g  17.0g  11.0g S 394.1  13.5  54:21.79 nts	1693349439718
3077510 toao      20   0  141.0g  17.0g  11.0g S 400.0  13.5  54:26.12 nts	1693349440423
3077510 toao      20   0  141.0g  17.0g  11.0g S 405.9  13.5  54:30.58 nts	1693349441127
3077510 toao      20   0  141.0g  17.0g  11.0g S 400.0  13.5  54:35.06 nts	1693349441827
3077510 toao      20   0  141.0g  17.0g  11.0g S 376.5  13.5  54:39.31 nts	1693349442531
3077510 toao      20   0  141.0g  17.0g  11.0g S 400.0  13.5  54:43.76 nts	1693349443230
3077510 toao      20   0  141.0g  17.0g  11.0g S 311.8  13.5  54:48.04 nts	1693349443931
3077510 toao      20   0  141.0g  17.0g  11.0g S 300.0  13.5  54:52.51 nts	1693349444629
3077510 toao      20   0  141.0g  17.0g  11.0g S 358.8  13.5  54:56.79 nts	1693349445326
3077510 toao      20   0  141.0g  17.0g  11.0g S 305.9  13.5  55:01.16 nts	1693349446028
3077510 toao      20   0  141.0g  17.0g  11.0g S 235.3  13.5  55:05.43 nts	1693349446727
3077510 toao      20   0  141.0g  17.0g  11.0g S  1475  13.5  55:09.77 nts	1693349447426
3077510 toao      20   0  141.5g  17.0g  11.0g S  1094  13.5  55:13.34 nts	1693349448124
3077510 toao      20   0  141.5g  17.0g  11.0g S 929.4  13.5  55:17.54 nts	1693349448821
3077510 toao      20   0  141.0g  17.0g  11.0g S 400.0  13.5  55:20.91 nts	1693349449520
3077510 toao      20   0  141.0g  17.0g  11.0g S 394.1  13.5  55:25.32 nts	1693349450219
3077510 toao      20   0  141.0g  17.0g  11.0g S 388.2  13.5  55:29.69 nts	1693349450923
3077510 toao      20   0  141.0g  17.0g  11.0g S 329.4  13.5  55:33.88 nts	1693349451627
3077510 toao      20   0  141.0g  17.0g  11.0g S 294.1  13.5  55:38.29 nts	1693349452330
3077510 toao      20   0  141.0g  17.0g  11.0g S 870.6  13.5  55:42.69 nts	1693349453030
3077510 toao      20   0  141.0g  17.0g  11.0g S  1112  13.5  55:47.13 nts	1693349453730
3077510 toao      20   0  139.7g  16.9g  11.0g S 294.1  13.5  55:51.11 nts	1693349454435
3077510 toao      20   0  140.4g  16.9g  11.0g S  1335  13.5  55:55.46 nts	1693349455139
3077510 toao      20   0  141.0g  17.0g  11.0g S  1435  13.5  55:59.59 nts	1693349455839
3077510 toao      20   0  141.0g  17.0g  11.0g S 377.8  13.5  56:02.01 nts	1693349456538
3077510 toao      20   0  141.0g  17.0g  11.0g S 400.0  13.5  56:06.20 nts	1693349457247
3077510 toao      20   0  141.0g  17.0g  11.0g S 400.0  13.5  56:10.57 nts	1693349457946
3077510 toao      20   0  141.0g  17.0g  11.0g S 394.1  13.5  56:15.05 nts	1693349458652
3077510 toao      20   0  141.0g  17.0g  11.0g S 352.9  13.5  56:19.28 nts	1693349459354
3077510 toao      20   0  141.0g  17.0g  11.0g S 317.6  13.5  56:23.47 nts	1693349460058
3077510 toao      20   0  141.0g  17.0g  11.0g S 264.7  13.5  56:27.80 nts	1693349460759
3077510 toao      20   0  141.0g  17.0g  11.0g S  1082  13.5  56:32.15 nts	1693349461459
3077510 toao      20   0  141.0g  17.0g  11.0g S  1500  13.5  56:36.66 nts	1693349462160
3077510 toao      20   0  141.0g  17.0g  11.0g S 425.0  13.5  56:39.01 nts	1693349462863
3077510 toao      20   0  141.0g  17.0g  11.0g S 400.0  13.5  56:43.50 nts	1693349463562
3077510 toao      20   0  141.0g  17.0g  11.0g S 405.9  13.5  56:47.87 nts	1693349464266
3077510 toao      20   0  141.0g  17.0g  11.0g S 347.1  13.5  56:52.15 nts	1693349464969
3077510 toao      20   0  141.0g  17.0g  11.0g S 370.6  13.5  56:56.61 nts	1693349465674
3077510 toao      20   0  141.0g  17.0g  11.0g S 311.8  13.5  57:00.95 nts	1693349466381
3077510 toao      20   0  141.0g  17.0g  11.0g S 268.8  13.5  57:05.28 nts	1693349467083
3077510 toao      20   0  141.0g  17.0g  11.0g S  1094  13.5  57:09.62 nts	1693349467782
3077510 toao      20   0  141.0g  17.0g  11.0g S  1494  13.5  57:13.85 nts	1693349468485
3077510 toao      20   0  141.0g  17.0g  11.0g S 425.0  13.5  57:16.06 nts	1693349469184
3077510 toao      20   0  141.0g  17.0g  11.0g S 388.2  13.5  57:20.34 nts	1693349469884
3077510 toao      20   0  141.0g  17.0g  11.0g S 394.1  13.5  57:24.74 nts	1693349470587
3077510 toao      20   0  141.0g  17.0g  11.0g S 370.6  13.5  57:29.09 nts	1693349471287
3077510 toao      20   0  141.0g  17.0g  11.0g S 341.2  13.5  57:33.58 nts	1693349471991
3077510 toao      20   0  141.0g  17.0g  11.0g S 300.0  13.5  57:37.91 nts	1693349472694
3077510 toao      20   0  141.0g  17.0g  11.0g S 317.6  13.5  57:42.18 nts	1693349473394
3077510 toao      20   0  141.0g  17.0g  11.0g S 288.2  13.5  57:46.63 nts	1693349474098
3077510 toao      20   0  141.0g  17.0g  11.0g S 241.2  13.5  57:51.03 nts	1693349474798
3077510 toao      20   0  141.0g  17.0g  11.0g S  1475  13.5  57:55.36 nts	1693349475503
3077510 toao      20   0  141.0g  17.0g  11.0g S  1482  13.5  57:59.81 nts	1693349476202
3077510 toao      20   0  141.0g  17.0g  11.0g S  1124  13.5  58:03.62 nts	1693349476904
3077510 toao      20   0  141.5g  17.0g  11.0g S 470.6  13.5  58:06.85 nts	1693349477607
3077510 toao      20   0  141.0g  17.0g  11.0g S 431.2  13.5  58:10.67 nts	1693349478310
3077510 toao      20   0  141.0g  17.0g  11.0g S 394.1  13.5  58:15.11 nts	1693349479006
3077510 toao      20   0  141.0g  17.0g  11.0g S 405.9  13.5  58:19.37 nts	1693349479710
3077510 toao      20   0  141.0g  17.0g  11.0g S 376.5  13.5  58:23.72 nts	1693349480414
3077510 toao      20   0  141.0g  17.0g  11.0g S 294.1  13.5  58:27.90 nts	1693349481119
3077510 toao      20   0  141.0g  17.0g  11.0g S 275.0  13.5  58:32.07 nts	1693349481822
3077510 toao      20   0  141.0g  17.0g  11.0g S 231.2  13.5  58:36.37 nts	1693349482523
3077510 toao      20   0  141.0g  17.0g  11.0g S  1394  13.5  58:40.53 nts	1693349483224
3077510 toao      20   0  141.0g  17.0g  11.0g S  1335  13.5  58:44.65 nts	1693349483919
3077510 toao      20   0  141.0g  17.0g  11.0g S 418.8  13.5  58:47.17 nts	1693349484622
3077510 toao      20   0  141.0g  17.0g  11.0g S 425.0  13.5  58:51.44 nts	1693349485323
3077510 toao      20   0  141.0g  17.0g  11.0g S 358.8  13.5  58:55.62 nts	1693349486023
3077510 toao      20   0  141.0g  17.0g  11.0g S 352.9  13.5  59:00.08 nts	1693349486727
3077510 toao      20   0  141.0g  17.0g  11.0g S 282.4  13.5  59:04.29 nts	1693349487427
3077510 toao      20   0  141.0g  17.0g  11.0g S 252.9  13.5  59:08.51 nts	1693349488126
3077510 toao      20   0  141.0g  17.0g  11.0g S 541.2  13.5  59:12.86 nts	1693349488826
3077510 toao      20   0  141.0g  17.0g  11.0g S  1453  13.5  59:17.33 nts	1693349489527
3077510 toao      20   0  141.5g  17.0g  11.0g S 594.1  13.5  59:20.17 nts	1693349490234
3077510 toao      20   0  141.0g  17.0g  11.0g S 405.9  13.5  59:24.16 nts	1693349490934
3077510 toao      20   0  141.0g  17.0g  11.0g S 394.1  13.5  59:28.36 nts	1693349491639
3077510 toao      20   0  141.0g  17.0g  11.0g S 264.7  13.5  59:32.57 nts	1693349492339
3077510 toao      20   0  141.0g  17.0g  11.0g S 305.9  13.5  59:36.77 nts	1693349493039
3077510 toao      20   0  141.0g  17.0g  11.0g S 305.6  13.5  59:41.30 nts	1693349493742
3077510 toao      20   0  141.0g  17.0g  11.0g S 476.5  13.5  59:45.68 nts	1693349494447
3077510 toao      20   0  141.0g  17.0g  11.0g S  1418  13.5  59:50.07 nts	1693349495151
3077510 toao      20   0  141.0g  17.0g  11.0g S  1471  13.5  59:54.39 nts	1693349495850
3077510 toao      20   0  141.0g  17.0g  11.0g S  1494  13.5  59:58.73 nts	1693349496551
3077510 toao      20   0  141.0g  17.0g  11.0g S  1476  13.5  60:03.08 nts	1693349497254
3077510 toao      20   0  141.0g  17.0g  11.0g S  1465  13.5  60:07.44 nts	1693349497954
3077510 toao      20   0  141.0g  17.0g  11.0g S 400.0  13.5  60:10.00 nts	1693349498655
3077510 toao      20   0  141.0g  17.0g  11.0g S 400.0  13.5  60:14.19 nts	1693349499354
3077510 toao      20   0  141.0g  17.0g  11.0g S 400.0  13.5  60:18.73 nts	1693349500054
3077510 toao      20   0  141.0g  17.0g  11.0g S 300.0  13.5  60:22.94 nts	1693349500754
3077510 toao      20   0  141.0g  17.0g  11.0g S 376.5  13.5  60:27.24 nts	1693349501455
3077510 toao      20   0  141.0g  17.0g  11.0g S 317.6  13.5  60:31.50 nts	1693349502156
3077510 toao      20   0  141.0g  17.0g  11.0g S 288.2  13.5  60:36.00 nts	1693349502859
3077510 toao      20   0  141.0g  17.0g  11.0g S 811.8  13.5  60:40.28 nts	1693349503563
3077510 toao      20   0  141.0g  17.0g  11.0g S  1506  13.5  60:44.79 nts	1693349504265
3077510 toao      20   0  141.0g  17.0g  11.0g S 388.2  13.5  60:47.26 nts	1693349504967
3077510 toao      20   0  141.0g  17.0g  11.0g S 400.0  13.5  60:51.57 nts	1693349505667
3077510 toao      20   0  139.7g  16.9g  11.0g S  1412  13.5  60:57.71 nts	1693349506366
3077510 toao      20   0  139.7g  16.9g  11.0g S 431.2  13.5  61:00.03 nts	1693349507063
3077510 toao      20   0  139.7g  16.9g  11.0g S 405.9  13.5  61:04.35 nts	1693349507768
3077510 toao      20   0  141.2g  16.9g  11.0g S 400.0  13.5  61:08.71 nts	1693349508470
3077510 toao      20   0  141.2g  16.9g  11.0g S 352.9  13.5  61:12.83 nts	1693349509171
3077510 toao      20   0  141.8g  17.0g  11.0g S 300.0  13.5  61:17.05 nts	1693349509874
3077510 toao      20   0  141.8g  17.0g  11.0g S 388.2  13.5  61:21.67 nts	1693349510579
3077510 toao      20   0  141.8g  17.0g  11.0g S 276.5  13.5  61:25.98 nts	1693349511284
3077510 toao      20   0  141.8g  17.0g  11.0g S 570.6  13.5  61:30.46 nts	1693349511986
3077510 toao      20   0  141.8g  17.0g  11.0g S  1500  13.5  61:35.13 nts	1693349512686
3077510 toao      20   0  141.8g  17.0g  11.0g S 400.0  13.5  61:37.53 nts	1693349513386
3077510 toao      20   0  141.8g  17.0g  11.0g S 400.0  13.5  61:41.72 nts	1693349514086
3077510 toao      20   0  141.8g  17.0g  11.0g S 400.0  13.5  61:46.05 nts	1693349514791
3077510 toao      20   0  141.8g  17.0g  11.0g S 370.6  13.5  61:50.31 nts	1693349515495
3077510 toao      20   0  141.8g  17.0g  11.0g S 300.0  13.5  61:54.55 nts	1693349516198
3077510 toao      20   0  141.8g  17.0g  11.0g S 300.0  13.5  61:58.90 nts	1693349516901
3077510 toao      20   0  141.8g  17.0g  11.0g S 235.3  13.5  62:03.20 nts	1693349517600
3077510 toao      20   0  141.8g  17.0g  11.0g S  1353  13.5  62:07.49 nts	1693349518298
3077510 toao      20   0  141.8g  17.0g  11.0g S  1429  13.5  62:11.81 nts	1693349518998
3077510 toao      20   0  141.8g  17.0g  11.0g S 400.0  13.5  62:14.36 nts	1693349519703
3077510 toao      20   0  141.8g  17.0g  11.0g S 400.0  13.5  62:18.77 nts	1693349520406
3077510 toao      20   0  141.8g  17.0g  11.0g S 394.1  13.5  62:22.98 nts	1693349521110
3077510 toao      20   0  141.8g  17.0g  11.0g S 347.1  13.5  62:27.22 nts	1693349521814
3077510 toao      20   0  141.8g  17.0g  11.0g S 388.2  13.5  62:31.57 nts	1693349522514
3077510 toao      20   0  141.8g  17.0g  11.0g S 258.8  13.5  62:35.73 nts	1693349523218
3077510 toao      20   0  141.8g  17.0g  11.0g S 417.6  13.5  62:39.88 nts	1693349523918
3077510 toao      20   0  141.8g  17.0g  11.0g S  1317  13.5  62:44.27 nts	1693349524622
3077510 toao      20   0  141.8g  17.0g  11.0g S 652.9  13.5  62:48.60 nts	1693349525325
3077510 toao      20   0  141.8g  17.0g  11.0g S  1394  13.5  62:52.97 nts	1693349526030
3077510 toao      20   0  141.8g  17.0g  11.0g S  1447  13.5  62:57.35 nts	1693349526737
3077510 toao      20   0  142.4g  17.0g  11.0g S 441.2  13.5  62:59.88 nts	1693349527435
3077510 toao      20   0  141.8g  17.0g  11.0g S 394.1  13.5  63:04.09 nts	1693349528135
3077510 toao      20   0  141.8g  17.0g  11.0g S 382.4  13.5  63:08.46 nts	1693349528834
3077510 toao      20   0  141.8g  17.0g  11.0g S 323.5  13.5  63:12.63 nts	1693349529529
3077510 toao      20   0  141.8g  17.0g  11.0g S 376.5  13.5  63:16.99 nts	1693349530227
3077510 toao      20   0  141.8g  17.0g  11.0g S 382.4  13.5  63:21.39 nts	1693349530926
3077510 toao      20   0  141.8g  17.0g  11.0g S 276.5  13.5  63:25.43 nts	1693349531627
3077510 toao      20   0  141.8g  17.0g  11.0g S 318.8  13.5  63:29.66 nts	1693349532324
3077510 toao      20   0  141.8g  17.0g  11.0g S 268.8  13.5  63:33.90 nts	1693349533026
3077510 toao      20   0  141.8g  17.0g  11.0g S  1150  13.5  63:38.20 nts	1693349533723
3077510 toao      20   0  141.8g  17.0g  11.0g S  1531  13.5  63:42.60 nts	1693349534422
3077510 toao      20   0  142.4g  17.0g  11.0g S 788.2  13.5  63:45.72 nts	1693349535122
3077510 toao      20   0  141.8g  17.0g  11.0g S 388.2  13.5  63:49.27 nts	1693349535821
3077510 toao      20   0  141.8g  17.0g  11.0g S 400.0  13.5  63:53.36 nts	1693349536518
3077510 toao      20   0  141.8g  17.0g  11.0g S 405.9  13.5  63:57.89 nts	1693349537218
3077510 toao      20   0  141.8g  17.0g  11.0g S 288.2  13.5  64:02.06 nts	1693349537918
3077510 toao      20   0  141.8g  17.0g  11.0g S 368.8  13.5  64:06.26 nts	1693349538614
3077510 toao      20   0  141.8g  17.0g  11.0g S 250.0  13.5  64:10.61 nts	1693349539314
3077510 toao      20   0  141.8g  17.0g  11.0g S  1475  13.5  64:15.00 nts	1693349540012
3077510 toao      20   0  141.8g  17.0g  11.0g S  1538  13.5  64:19.32 nts	1693349540706
3077510 toao      20   0  141.8g  17.0g  11.0g S 382.4  13.5  64:21.75 nts	1693349541406
3077510 toao      20   0  141.8g  17.0g  11.0g S 418.8  13.5  64:26.11 nts	1693349542104
3077510 toao      20   0  141.8g  17.0g  11.0g S 425.0  13.5  64:30.33 nts	1693349542803
3077510 toao      20   0  141.8g  17.0g  11.0g S 362.5  13.5  64:34.46 nts	1693349543503
3077510 toao      20   0  141.8g  17.0g  11.0g S 231.2  13.5  64:38.64 nts	1693349544202
3077510 toao      20   0  141.8g  17.0g  11.0g S 241.2  13.5  64:42.87 nts	1693349544902
3077510 toao      20   0  141.8g  17.0g  11.0g S  1382  13.5  64:47.24 nts	1693349545606
3077510 toao      20   0  141.8g  17.0g  11.0g S  1212  13.5  64:51.16 nts	1693349546306
3077510 toao      20   0  141.8g  17.0g  11.0g S 400.0  13.5  64:53.95 nts	1693349547008
3077510 toao      20   0  141.8g  17.0g  11.0g S 400.0  13.5  64:58.13 nts	1693349547707
3077510 toao      20   0  141.8g  17.0g  11.0g S 394.1  13.5  65:02.43 nts	1693349548406
3077510 toao      20   0  141.8g  17.0g  11.0g S 405.9  13.5  65:06.78 nts	1693349549107
3077510 toao      20   0  141.8g  17.0g  11.0g S 400.0  13.5  65:11.17 nts	1693349549806
3077510 toao      20   0  141.8g  17.0g  11.0g S 311.8  13.5  65:15.42 nts	1693349550518
3077510 toao      20   0  141.8g  17.0g  11.0g S 381.2  13.5  65:19.69 nts	1693349551223
3077510 toao      20   0  141.8g  17.0g  11.0g S 305.9  13.5  65:23.97 nts	1693349551923
3077510 toao      20   0  141.8g  17.0g  11.0g S 276.5  13.5  65:28.33 nts	1693349552627
3077510 toao      20   0  141.8g  17.0g  11.0g S 235.3  13.5  65:32.49 nts	1693349553330
3077510 toao      20   0  141.8g  17.0g  11.0g S 768.8  13.5  65:36.70 nts	1693349554034
3077510 toao      20   0  141.8g  17.0g  11.0g S  1482  13.5  65:41.17 nts	1693349554735
3077510 toao      20   0  141.8g  17.0g  11.0g S 394.1  13.5  65:43.57 nts	1693349555434
3077510 toao      20   0  141.8g  17.0g  11.0g S 400.0  13.5  65:47.77 nts	1693349556135
3077510 toao      20   0  141.8g  17.0g  11.0g S 394.1  13.5  65:52.00 nts	1693349556835
3077510 toao      20   0  141.8g  17.0g  11.0g S 382.4  13.5  65:56.26 nts	1693349557534
3077510 toao      20   0       0      0      0 Z 164.7   0.0  66:00.24 nts	1693349558235
3077510 toao      20   0       0      0      0 Z 100.0   0.0  66:00.94 nts	1693349558936
3077510 toao      20   0       0      0      0 Z  94.1   0.0  66:01.63 nts	1693349559642
3077510 toao      20   0       0      0      0 Z 100.0   0.0  66:02.31 nts	1693349560346
3077510 toao      20   0       0      0      0 Z 106.2   0.0  66:03.00 nts	1693349561042
