63664 root      20   0 2535380  98612  67976 R  94.1   0.0   0:00.17 nts	1696908389568
63664 root      20   0 9599564 216052 115324 R  8711   0.0   0:31.53 nts	1696908390259
63664 root      20   0 9672328 280680 115612 R 194.1   0.0   0:53.60 nts	1696908390968
63664 root      20   0 9672328 280680 115612 R 188.2   0.0   0:54.96 nts	1696908391659
63664 root      20   0 9672328 280680 115612 R 188.2   0.0   0:56.32 nts	1696908392348
63664 root      20   0 9672328 280680 115612 R 200.0   0.0   0:57.69 nts	1696908393041
63664 root      20   0 9672328 280680 115612 R 200.0   0.0   0:59.05 nts	1696908393734
63664 root      20   0 9672328 280680 115612 R 188.2   0.0   1:00.41 nts	1696908394424
63664 root      20   0 9672328 280680 115612 R 194.1   0.0   1:01.78 nts	1696908395115
63664 root      20   0 9672328 280680 115612 R 188.2   0.0   1:03.14 nts	1696908395807
63664 root      20   0 9672328 280680 115612 R 194.1   0.0   1:04.51 nts	1696908396498
63664 root      20   0 9776132 309460 115736 R 147.1   0.0   1:05.80 nts	1696908397190
63664 root      20   0   10.5g 780940 115736 R  1588   0.1   1:19.21 nts	1696908397884
63664 root      20   0   10.5g 791384 115736 R  1606   0.1   1:31.42 nts	1696908398580
63664 root      20   0   10.5g 797652 115736 R  1782   0.1   1:43.80 nts	1696908399278
63664 root      20   0   10.5g 798168 115736 R  1806   0.1   1:55.39 nts	1696908399974
63664 root      20   0   15.5g 803048 115768 R 194.1   0.1   2:02.08 nts	1696908400669
63664 root      20   0   15.5g 803572 115768 R 188.2   0.1   2:03.43 nts	1696908401361
63664 root      20   0   15.5g 804628 115768 R 188.2   0.1   2:04.80 nts	1696908402049
63664 root      20   0   15.5g 806212 115768 R 188.2   0.1   2:06.17 nts	1696908402740
63664 root      20   0   15.5g 807796 115768 R 188.2   0.1   2:07.53 nts	1696908403429
63664 root      20   0   15.5g 809380 115768 R 188.2   0.1   2:08.89 nts	1696908404117
63664 root      20   0   15.5g 810700 115768 R 200.0   0.1   2:10.25 nts	1696908404805
63664 root      20   0   15.5g 812284 115768 R 200.0   0.1   2:11.61 nts	1696908405493
63664 root      20   0   15.5g 813076 115768 R 206.2   0.1   2:12.99 nts	1696908406182
63664 root      20   0   15.5g 813340 115768 R 188.2   0.1   2:14.34 nts	1696908406870
63664 root      20   0   15.5g 815452 115768 R 188.2   0.1   2:15.70 nts	1696908407558
63664 root      20   0   15.5g 817564 115768 R 188.2   0.1   2:17.06 nts	1696908408247
63664 root      20   0   15.5g 819940 115768 R 206.2   0.1   2:18.43 nts	1696908408935
63664 root      20   0   15.5g 831428 115768 R 181.2   0.1   2:19.76 nts	1696908409623
63664 root      20   0   16.7g 962408 115768 R 437.5   0.1   2:22.54 nts	1696908410312
63664 root      20   0   16.7g   1.1g 115768 R 411.8   0.1   2:25.48 nts	1696908411006
63664 root      20   0   16.7g   1.2g 115768 R 394.1   0.2   2:28.31 nts	1696908411700
63664 root      20   0   21.7g   1.3g 115768 R 582.4   0.2   2:31.51 nts	1696908412394
63664 root      20   0   21.7g   1.3g 115768 R 100.0   0.2   2:32.20 nts	1696908413088
63664 root      20   0   21.7g   1.3g 115768 R 100.0   0.2   2:32.89 nts	1696908413777
63664 root      20   0   21.7g   1.3g 115768 R 100.0   0.2   2:33.57 nts	1696908414463
63664 root      20   0   21.7g   1.3g 115768 R 100.0   0.2   2:34.26 nts	1696908415150
63664 root      20   0   21.7g   1.3g 115768 R 106.2   0.2   2:34.95 nts	1696908415836
63664 root      20   0   22.2g   1.6g 115768 R 106.2   0.2   2:35.64 nts	1696908416523
63664 root      20   0   22.2g   1.7g 115768 R 100.0   0.2   2:36.32 nts	1696908417209
63664 root      20   0   22.2g   1.7g 115768 R  93.8   0.2   2:37.00 nts	1696908417896
63664 root      20   0   22.2g   1.8g 115768 R 106.2   0.2   2:37.70 nts	1696908418582
63664 root      20   0   22.2g   1.8g 115768 R  94.1   0.2   2:38.38 nts	1696908419271
63664 root      20   0   22.2g   1.8g 115768 R 106.2   0.2   2:39.08 nts	1696908419962
63664 root      20   0   22.2g   1.8g 115768 R 100.0   0.2   2:39.76 nts	1696908420651
63664 root      20   0   22.2g   1.8g 115768 R 100.0   0.2   2:40.45 nts	1696908421339
63664 root      20   0   22.2g   1.8g 115768 R 100.0   0.2   2:41.13 nts	1696908422025
63664 root      20   0   22.2g   1.8g 115768 R 100.0   0.2   2:41.82 nts	1696908422712
63664 root      20   0   22.2g   1.8g 115768 R  94.1   0.2   2:42.51 nts	1696908423397
63664 root      20   0   22.2g   1.8g 115768 R  93.8   0.2   2:43.19 nts	1696908424083
63664 root      20   0   22.2g   1.8g 115768 R  94.1   0.2   2:43.88 nts	1696908424770
63664 root      20   0   22.2g   1.8g 115768 R 100.0   0.2   2:44.56 nts	1696908425456
63664 root      20   0   22.2g   1.8g 115768 R 106.2   0.2   2:45.25 nts	1696908426142
63664 root      20   0   22.2g   1.8g 115768 R 100.0   0.2   2:45.94 nts	1696908426828
63664 root      20   0   22.2g   1.8g 115768 R 100.0   0.2   2:46.62 nts	1696908427515
63664 root      20   0   22.2g   1.8g 115768 R  94.1   0.2   2:47.31 nts	1696908428201
63664 root      20   0   22.2g   1.8g 115768 R 106.2   0.2   2:48.00 nts	1696908428886
63664 root      20   0   22.2g   1.8g 115768 R 100.0   0.2   2:48.68 nts	1696908429572
63664 root      20   0   22.2g   1.8g 115768 R 100.0   0.2   2:49.37 nts	1696908430259
63664 root      20   0   22.2g   1.8g 115768 R 100.0   0.2   2:50.05 nts	1696908430945
63664 root      20   0   22.2g   1.8g 115768 R 106.2   0.2   2:50.74 nts	1696908431632
63664 root      20   0   22.2g   1.8g 115768 R  94.1   0.2   2:51.43 nts	1696908432318
63664 root      20   0   22.2g   1.8g 115768 R 106.2   0.2   2:52.12 nts	1696908433004
63664 root      20   0   22.2g   1.8g 115768 R  94.1   0.2   2:52.79 nts	1696908433691
63664 root      20   0   22.2g   1.8g 115768 R  94.1   0.2   2:53.48 nts	1696908434377
63664 root      20   0   22.2g   1.8g 115768 R 100.0   0.2   2:54.17 nts	1696908435063
63664 root      20   0   22.2g   1.8g 115768 R  94.1   0.2   2:54.86 nts	1696908435749
63664 root      20   0   22.2g   1.8g 115768 R 100.0   0.2   2:55.54 nts	1696908436435
63664 root      20   0   22.3g   1.8g 116904 R  75.0   0.2   2:56.62 nts	1696908437122
63664 root      20   0   55.4g   2.0g 244496 R  47.1   0.3   2:56.89 nts	1696908437809
63664 root      20   0   55.8g   2.4g 296116 D  64.7   0.3   2:57.53 nts	1696908438496
63664 root      20   0   56.0g   2.6g 333764 R 100.0   0.4   2:57.88 nts	1696908439184
63664 root      20   0   56.3g   2.9g 379364 D   5.9   0.4   2:58.26 nts	1696908439870
63664 root      20   0   56.8g   3.3g 471728 R  94.1   0.5   2:58.88 nts	1696908440558
63664 root      20   0   57.0g   3.5g 522776 R 100.0   0.5   2:59.19 nts	1696908441250
63664 root      20   0   59.4g   4.1g 858684 R 194.1   0.6   3:00.77 nts	1696908441939
63664 root      20   0   59.9g   4.3g 860732 R 235.3   0.6   3:01.99 nts	1696908442631
63664 root      20   0   60.0g   4.4g 860812 R 100.0   0.6   3:03.13 nts	1696908443323
63664 root      20   0   60.3g   4.6g 860812 R 229.4   0.6   3:04.70 nts	1696908444015
63664 root      20   0   60.4g   4.7g 860812 R 235.3   0.6   3:05.84 nts	1696908444711
63664 root      20   0   60.5g   4.8g 860812 R 100.0   0.7   3:07.14 nts	1696908445406
63664 root      20   0   61.0g   4.9g 860812 R 235.3   0.7   3:08.58 nts	1696908446098
63664 root      20   0   61.2g   5.0g 860812 R 211.8   0.7   3:09.70 nts	1696908446794
63664 root      20   0   62.0g   5.1g 862056 R 405.9   0.7   3:11.66 nts	1696908447489
63664 root      20   0   62.9g   5.3g 991.8m R 229.4   0.7   3:13.14 nts	1696908448181
63664 root      20   0   64.7g   5.9g   1.6g D  76.5   0.8   3:15.24 nts	1696908448869
63664 root      20   0   64.7g   5.9g   1.6g R 100.0   0.8   3:15.69 nts	1696908449565
63664 root      20   0   64.7g   5.9g   1.6g R 100.0   0.8   3:16.38 nts	1696908450256
63664 root      20   0   65.7g   6.7g   2.3g R  94.1   0.9   3:17.07 nts	1696908450950
63664 root      20   0   65.7g   6.8g   2.5g R 100.0   0.9   3:17.46 nts	1696908451643
63664 root      20   0   65.7g   6.8g   2.5g R 100.0   0.9   3:18.15 nts	1696908452332
63664 root      20   0   65.7g   6.8g   2.5g R 106.2   0.9   3:18.85 nts	1696908453023
63664 root      20   0   65.7g   6.8g   2.5g R 106.2   0.9   3:19.54 nts	1696908453713
63664 root      20   0   65.7g   6.8g   2.5g R 100.0   0.9   3:20.23 nts	1696908454403
63664 root      20   0   65.7g   6.8g   2.5g R 100.0   0.9   3:20.91 nts	1696908455091
63664 root      20   0   65.7g   6.8g   2.5g R  94.1   0.9   3:21.60 nts	1696908455781
63664 root      20   0   65.7g   6.8g   2.5g R 100.0   0.9   3:22.29 nts	1696908456471
63664 root      20   0   65.7g   6.8g   2.5g R  94.1   0.9   3:22.98 nts	1696908457160
63664 root      20   0   65.7g   6.8g   2.5g R  94.1   0.9   3:23.67 nts	1696908457849
63664 root      20   0   65.7g   6.8g   2.5g R  94.1   0.9   3:24.36 nts	1696908458538
63664 root      20   0   65.7g   6.8g   2.5g R  94.1   0.9   3:25.05 nts	1696908459228
63664 root      20   0   65.7g   6.8g   2.5g R 100.0   0.9   3:25.75 nts	1696908459918
63664 root      20   0   65.7g   6.8g   2.5g R 100.0   0.9   3:26.44 nts	1696908460606
63664 root      20   0   65.7g   6.8g   2.5g R 100.0   0.9   3:27.13 nts	1696908461296
63664 root      20   0   65.7g   6.8g   2.5g R  94.1   0.9   3:27.82 nts	1696908461986
63664 root      20   0   65.7g   6.8g   2.5g R 100.0   0.9   3:28.50 nts	1696908462676
63664 root      20   0   65.7g   6.8g   2.5g R 100.0   0.9   3:29.19 nts	1696908463363
63664 root      20   0   65.7g   6.8g   2.5g R 106.2   0.9   3:29.89 nts	1696908464054
63664 root      20   0   65.7g   6.8g   2.5g R 100.0   0.9   3:30.57 nts	1696908464743
63664 root      20   0   65.7g   6.8g   2.5g R  94.1   0.9   3:31.26 nts	1696908465430
63664 root      20   0   65.7g   6.8g   2.5g R 100.0   0.9   3:31.96 nts	1696908466120
63664 root      20   0   65.7g   6.8g   2.5g R  94.1   0.9   3:32.64 nts	1696908466809
63664 root      20   0   65.7g   6.8g   2.5g R 100.0   0.9   3:33.33 nts	1696908467498
63664 root      20   0   65.7g   6.8g   2.5g R 100.0   0.9   3:34.02 nts	1696908468186
63664 root      20   0   65.7g   6.8g   2.5g R 100.0   0.9   3:34.71 nts	1696908468875
63664 root      20   0   65.7g   6.8g   2.5g R  94.1   0.9   3:35.40 nts	1696908469565
63664 root      20   0   65.7g   6.8g   2.5g R 100.0   0.9   3:36.09 nts	1696908470255
63664 root      20   0   65.7g   6.8g   2.5g R 100.0   0.9   3:36.78 nts	1696908470943
63664 root      20   0   65.7g   6.8g   2.5g R 106.2   0.9   3:37.47 nts	1696908471633
63664 root      20   0   65.7g   6.8g   2.5g R 100.0   0.9   3:38.16 nts	1696908472322
63664 root      20   0   65.7g   6.8g   2.5g R 106.2   0.9   3:38.85 nts	1696908473012
63664 root      20   0   65.7g   6.8g   2.5g R 100.0   0.9   3:39.54 nts	1696908473699
63664 root      20   0   65.7g   6.8g   2.5g R 100.0   0.9   3:40.23 nts	1696908474388
63664 root      20   0   65.7g   6.8g   2.5g R  94.1   0.9   3:40.91 nts	1696908475078
63664 root      20   0   65.7g   6.8g   2.5g R  94.1   0.9   3:41.60 nts	1696908475765
63664 root      20   0   65.7g   6.8g   2.5g R 100.0   0.9   3:42.29 nts	1696908476454
63664 root      20   0   65.7g   6.8g   2.5g R 106.2   0.9   3:42.99 nts	1696908477144
63664 root      20   0   65.7g   6.8g   2.5g R 106.2   0.9   3:43.68 nts	1696908477833
63664 root      20   0   65.7g   6.8g   2.5g R 100.0   0.9   3:44.37 nts	1696908478523
63664 root      20   0   65.7g   6.8g   2.5g R 100.0   0.9   3:45.05 nts	1696908479212
63664 root      20   0   65.7g   6.8g   2.5g R 100.0   0.9   3:45.75 nts	1696908479904
63664 root      20   0   65.7g   6.8g   2.5g R  94.1   0.9   3:46.44 nts	1696908480596
63664 root      20   0   65.7g   6.8g   2.5g R 100.0   0.9   3:47.13 nts	1696908481284
63664 root      20   0   65.7g   6.8g   2.5g R 106.2   0.9   3:47.82 nts	1696908481974
63664 root      20   0   65.7g   6.8g   2.5g R 106.2   0.9   3:48.51 nts	1696908482664
63664 root      20   0   65.7g   6.8g   2.5g R 106.2   0.9   3:49.20 nts	1696908483353
63664 root      20   0   65.7g   6.8g   2.5g R 100.0   0.9   3:49.89 nts	1696908484043
63664 root      20   0   65.7g   6.8g   2.5g R  94.1   0.9   3:50.58 nts	1696908484731
63664 root      20   0   65.7g   6.8g   2.5g R  94.1   0.9   3:51.27 nts	1696908485420
63664 root      20   0   65.7g   6.8g   2.5g R 100.0   0.9   3:51.96 nts	1696908486111
63664 root      20   0   65.7g   6.8g   2.5g R 100.0   0.9   3:52.65 nts	1696908486802
63664 root      20   0   65.7g   6.8g   2.5g R 100.0   0.9   3:53.34 nts	1696908487493
63664 root      20   0   65.7g   6.8g   2.5g R  94.1   0.9   3:54.03 nts	1696908488181
63664 root      20   0   65.7g   6.8g   2.5g R 100.0   0.9   3:54.72 nts	1696908488872
63664 root      20   0   65.7g   6.8g   2.5g R 100.0   0.9   3:55.41 nts	1696908489562
63664 root      20   0   65.7g   6.8g   2.5g R  94.1   0.9   3:56.10 nts	1696908490250
63664 root      20   0   65.7g   6.8g   2.5g R  94.1   0.9   3:56.79 nts	1696908490939
63664 root      20   0   65.7g   6.8g   2.5g R 100.0   0.9   3:57.48 nts	1696908491626
63664 root      20   0   65.7g   6.8g   2.5g R 106.2   0.9   3:58.17 nts	1696908492314
63664 root      20   0   65.7g   6.8g   2.5g R 100.0   0.9   3:58.86 nts	1696908493000
63664 root      20   0   65.7g   6.8g   2.5g R 100.0   0.9   3:59.55 nts	1696908493691
63664 root      20   0   65.7g   6.8g   2.5g R 100.0   0.9   4:00.24 nts	1696908494380
63664 root      20   0   65.7g   6.8g   2.5g R 100.0   0.9   4:00.93 nts	1696908495071
63664 root      20   0   65.7g   6.8g   2.5g R  94.1   0.9   4:01.61 nts	1696908495758
63664 root      20   0   65.7g   6.8g   2.5g R 100.0   0.9   4:02.31 nts	1696908496448
63664 root      20   0   65.7g   6.8g   2.5g R  94.1   0.9   4:02.99 nts	1696908497138
63664 root      20   0   65.7g   6.8g   2.5g R  94.1   0.9   4:03.68 nts	1696908497826
63664 root      20   0   65.7g   6.8g   2.5g R  94.1   0.9   4:04.38 nts	1696908498518
63664 root      20   0   65.7g   6.8g   2.5g R 100.0   0.9   4:05.07 nts	1696908499208
63664 root      20   0   65.7g   6.8g   2.5g R 106.2   0.9   4:05.76 nts	1696908499901
63664 root      20   0   65.7g   6.8g   2.5g R  94.1   0.9   4:06.45 nts	1696908500591
63664 root      20   0   65.7g   6.8g   2.5g R 100.0   0.9   4:07.14 nts	1696908501281
63664 root      20   0   65.7g   6.8g   2.5g R 106.2   0.9   4:07.83 nts	1696908501971
63664 root      20   0   65.7g   6.8g   2.5g R 100.0   0.9   4:08.52 nts	1696908502663
63664 root      20   0   65.7g   6.8g   2.5g R 100.0   0.9   4:09.21 nts	1696908503353
63664 root      20   0   65.7g   6.8g   2.5g R 106.2   0.9   4:09.91 nts	1696908504042
63664 root      20   0   65.7g   6.8g   2.5g R 106.2   0.9   4:10.60 nts	1696908504731
63664 root      20   0   65.7g   6.8g   2.5g R 100.0   0.9   4:11.28 nts	1696908505421
63664 root      20   0   65.7g   6.8g   2.5g R  94.1   0.9   4:11.97 nts	1696908506109
63664 root      20   0   65.7g   6.8g   2.5g R  94.1   0.9   4:12.66 nts	1696908506798
63664 root      20   0   65.7g   6.8g   2.5g R 105.9   0.9   4:13.36 nts	1696908507488
63664 root      20   0   65.7g   6.8g   2.5g R  94.1   0.9   4:14.04 nts	1696908508178
63664 root      20   0   65.7g   6.8g   2.5g R  94.1   0.9   4:14.73 nts	1696908508866
63664 root      20   0   65.7g   6.8g   2.5g R  94.1   0.9   4:15.42 nts	1696908509556
63664 root      20   0   65.7g   6.8g   2.5g R  94.1   0.9   4:16.11 nts	1696908510245
63664 root      20   0   65.7g   6.8g   2.5g R 100.0   0.9   4:16.80 nts	1696908510935
63664 root      20   0   65.7g   6.8g   2.5g R 100.0   0.9   4:17.49 nts	1696908511622
63664 root      20   0   65.7g   6.8g   2.5g R 106.2   0.9   4:18.18 nts	1696908512312
63664 root      20   0   65.7g   6.8g   2.5g R 100.0   0.9   4:18.87 nts	1696908513001
63664 root      20   0   65.7g   6.8g   2.5g R 106.2   0.9   4:19.56 nts	1696908513691
63664 root      20   0   65.7g   6.8g   2.5g R 100.0   0.9   4:20.25 nts	1696908514379
63664 root      20   0   65.7g   6.8g   2.5g R  94.1   0.9   4:20.94 nts	1696908515069
63664 root      20   0   65.7g   6.8g   2.5g R  94.1   0.9   4:21.63 nts	1696908515759
63664 root      20   0   65.7g   6.8g   2.5g R  94.1   0.9   4:22.32 nts	1696908516447
63664 root      20   0   65.7g   6.8g   2.5g R  94.1   0.9   4:23.01 nts	1696908517138
63664 root      20   0   65.7g   6.8g   2.5g R 100.0   0.9   4:23.70 nts	1696908517827
63664 root      20   0   65.7g   6.8g   2.5g R  94.1   0.9   4:24.39 nts	1696908518519
63664 root      20   0   65.7g   6.8g   2.5g R  94.1   0.9   4:25.08 nts	1696908519211
63664 root      20   0   65.7g   6.8g   2.5g R  94.1   0.9   4:25.77 nts	1696908519899
63664 root      20   0   65.7g   6.8g   2.5g R  94.1   0.9   4:26.46 nts	1696908520588
63664 root      20   0   65.7g   6.8g   2.5g R  94.1   0.9   4:27.15 nts	1696908521278
63664 root      20   0   65.7g   6.8g   2.5g R  94.1   0.9   4:27.84 nts	1696908521966
63664 root      20   0   65.7g   6.8g   2.5g R 100.0   0.9   4:28.53 nts	1696908522656
63664 root      20   0   65.7g   6.8g   2.5g R 100.0   0.9   4:29.23 nts	1696908523345
63664 root      20   0   65.7g   6.8g   2.5g R 100.0   0.9   4:29.91 nts	1696908524035
63664 root      20   0   65.7g   6.8g   2.5g R 106.2   0.9   4:30.60 nts	1696908524724
63664 root      20   0   65.7g   6.8g   2.5g R 100.0   0.9   4:31.29 nts	1696908525413
63664 root      20   0   65.7g   6.8g   2.5g R 100.0   0.9   4:31.98 nts	1696908526102
63664 root      20   0   66.0g   6.9g   2.5g D 150.0   1.0   4:33.07 nts	1696908526793
63664 root      20   0   66.2g   7.0g   2.5g R 106.2   1.0   4:33.42 nts	1696908527484
63664 root      20   0   66.3g   7.0g   2.5g D   0.0   1.0   4:33.82 nts	1696908528171
63664 root      20   0  194.0g   7.1g   2.5g R  93.8   1.0   4:34.40 nts	1696908528863
63664 root      20   0  329.9g   7.2g   2.6g S 737.5   1.0   4:40.50 nts	1696908529553
63664 root      20   0  339.6g   7.3g   2.6g S  1206   1.0   4:48.86 nts	1696908530246
63664 root      20   0  341.4g   7.3g   2.6g S  1371   1.0   4:56.22 nts	1696908530942
63664 root      20   0  342.9g   7.4g   2.6g S 652.9   1.0   5:05.22 nts	1696908531640
63664 root      20   0  344.5g   7.4g   2.6g S  1488   1.0   5:14.52 nts	1696908532334
63664 root      20   0  344.5g   7.4g   2.7g S  1329   1.0   5:22.36 nts	1696908533031
63664 root      20   0  344.6g   7.4g   2.7g S  1529   1.0   5:33.09 nts	1696908533728
63664 root      20   0  344.7g   7.5g   2.7g S  1506   1.0   5:40.99 nts	1696908534424
63664 root      20   0  344.6g   7.5g   2.7g S 705.9   1.0   5:49.71 nts	1696908535120
63664 root      20   0  344.6g   7.5g   2.7g S  1476   1.0   5:59.87 nts	1696908535813
63664 root      20   0  345.6g   7.5g   2.7g S  1325   1.0   6:08.32 nts	1696908536511
63664 root      20   0  345.3g   7.6g   2.8g S  1476   1.0   6:19.00 nts	1696908537208
63664 root      20   0  345.6g   7.6g   2.8g S  1518   1.0   6:27.41 nts	1696908537906
63664 root      20   0  345.3g   7.6g   2.8g S 758.8   1.0   6:36.19 nts	1696908538602
63664 root      20   0  345.6g   7.6g   2.8g S  1571   1.1   6:46.60 nts	1696908539298
63664 root      20   0  355.9g   7.5g   2.8g S  1659   1.0   6:55.49 nts	1696908539995
63664 root      20   0  360.4g   7.6g   2.8g S  1324   1.0   7:04.97 nts	1696908540690
63664 root      20   0  363.0g   7.6g   2.9g S  1435   1.1   7:13.26 nts	1696908541385
63664 root      20   0  363.8g   7.7g   2.9g S  1106   1.1   7:21.64 nts	1696908542082
63664 root      20   0  363.8g   7.7g   2.9g S  1535   1.1   7:31.94 nts	1696908542778
63664 root      20   0  364.6g   7.7g   2.9g S  1459   1.1   7:40.15 nts	1696908543476
63664 root      20   0  364.2g   7.7g   2.9g S  1041   1.1   7:49.98 nts	1696908544174
63664 root      20   0  364.6g   7.8g   3.0g S  1494   1.1   7:59.30 nts	1696908544870
63664 root      20   0  365.3g   7.8g   3.0g S  1182   1.1   8:07.25 nts	1696908545567
63664 root      20   0  365.0g   7.8g   3.0g S  1476   1.1   8:17.96 nts	1696908546264
63664 root      20   0  365.3g   7.8g   3.0g S  1606   1.1   8:26.34 nts	1696908546962
63664 root      20   0  365.0g   7.8g   3.0g S 952.9   1.1   8:35.71 nts	1696908547659
63664 root      20   0  365.3g   7.9g   3.0g S  1535   1.1   8:45.44 nts	1696908548355
63664 root      20   0  365.3g   7.9g   3.0g S  1029   1.1   8:53.43 nts	1696908549053
63664 root      20   0  365.3g   7.9g   3.1g S  1559   1.1   9:04.10 nts	1696908549748
63664 root      20   0  356.4g   7.8g   3.1g S  1853   1.1   9:12.79 nts	1696908550445
63664 root      20   0  360.5g   7.9g   3.1g S 658.8   1.1   9:21.19 nts	1696908551141
63664 root      20   0  363.1g   7.9g   3.1g S  1412   1.1   9:30.63 nts	1696908551835
63664 root      20   0  363.8g   8.0g   3.1g S  1265   1.1   9:38.60 nts	1696908552531
63664 root      20   0  364.2g   8.0g   3.2g S  1447   1.1   9:49.14 nts	1696908553228
63664 root      20   0  364.6g   8.0g   3.2g S  1500   1.1   9:57.51 nts	1696908553925
63664 root      20   0  365.0g   8.0g   3.2g S 747.1   1.1  10:06.09 nts	1696908554622
63664 root      20   0  365.1g   8.1g   3.2g S  1553   1.1  10:16.45 nts	1696908555316
63664 root      20   0  365.3g   8.1g   3.2g S  1347   1.1  10:25.08 nts	1696908556012
63664 root      20   0  365.0g   8.1g   3.2g S  1376   1.1  10:35.60 nts	1696908556727
63664 root      20   0  365.3g   8.1g   3.3g S  1559   1.1  10:44.34 nts	1696908557424
63664 root      20   0  365.3g   8.1g   3.3g S 852.9   1.1  10:52.98 nts	1696908558121
63664 root      20   0  365.3g   8.1g   3.3g S  1524   1.1  11:03.36 nts	1696908558815
63664 root      20   0  365.0g   8.2g   3.3g S  1471   1.1  11:11.76 nts	1696908559513
63664 root      20   0  365.0g   8.2g   3.3g S  1162   1.1  11:21.82 nts	1696908560212
63664 root      20   0       0      0      0 Z 123.5   0.0  11:27.88 nts	1696908560907
63664 root      20   0       0      0      0 Z   0.0   0.0  11:28.20 nts	1696908561599
63664 root      20   0       0      0      0 Z  88.2   0.0  11:28.83 nts	1696908562291
63664 root      20   0       0      0      0 Z  81.2   0.0  11:29.14 nts	1696908562982
