289228 root      20   0 2536304  99220  67800 R 100.0   0.0   0:00.18 nts	1696911411430
289228 root      20   0 9599564 215216 114448 R  8659   0.0   0:31.74 nts	1696911412129
289228 root      20   0 9672328 279704 114632 R 206.2   0.0   0:53.72 nts	1696911412832
289228 root      20   0 9672328 279704 114632 R 188.2   0.0   0:55.08 nts	1696911413526
289228 root      20   0 9672328 279704 114632 R 182.4   0.0   0:56.43 nts	1696911414217
289228 root      20   0 9672328 279704 114632 R 188.2   0.0   0:57.80 nts	1696911414906
289228 root      20   0 9672328 279704 114632 R 200.0   0.0   0:59.17 nts	1696911415596
289228 root      20   0 9672328 279704 114632 R 188.2   0.0   1:00.52 nts	1696911416287
289228 root      20   0 9672328 279704 114632 R 188.2   0.0   1:01.88 nts	1696911416976
289228 root      20   0 9672328 279704 114632 R 194.1   0.0   1:03.25 nts	1696911417666
289228 root      20   0 9672328 279704 114632 R 200.0   0.0   1:04.62 nts	1696911418356
289228 root      20   0   10.5g 701516 114756 R  1753   0.1   1:08.62 nts	1696911419048
289228 root      20   0   10.5g 785064 114756 R  1324   0.1   1:17.83 nts	1696911419745
289228 root      20   0   10.5g 791800 114756 R  1294   0.1   1:26.73 nts	1696911420441
289228 root      20   0   10.5g 797596 114756 R  1300   0.1   1:35.84 nts	1696911421136
289228 root      20   0   15.5g 802332 114788 R 200.0   0.1   1:42.99 nts	1696911421831
289228 root      20   0   15.5g 806292 114788 R 200.0   0.1   1:44.33 nts	1696911422522
289228 root      20   0   15.5g 811308 114788 R 182.4   0.1   1:45.67 nts	1696911423211
289228 root      20   0   15.5g 815004 114788 R 188.2   0.1   1:47.02 nts	1696911423899
289228 root      20   0   16.1g 849988 114788 R 135.3   0.1   1:48.28 nts	1696911424586
289228 root      20   0   16.8g 984440 114788 R 405.9   0.1   1:51.21 nts	1696911425278
289228 root      20   0   16.8g   1.1g 114788 R 400.0   0.1   1:54.17 nts	1696911425970
289228 root      20   0   16.8g   1.2g 114788 R 481.2   0.2   1:57.21 nts	1696911426663
289228 root      20   0   21.7g   1.3g 114788 R  93.8   0.2   1:59.88 nts	1696911427354
289228 root      20   0   21.7g   1.3g 114788 R 106.2   0.2   2:00.58 nts	1696911428043
289228 root      20   0   21.7g   1.3g 114788 R 100.0   0.2   2:01.26 nts	1696911428730
289228 root      20   0   21.7g   1.3g 114788 R  94.1   0.2   2:01.94 nts	1696911429417
289228 root      20   0   21.7g   1.3g 114788 R 100.0   0.2   2:02.63 nts	1696911430103
289228 root      20   0   22.2g   1.3g 114788 R  94.1   0.2   2:03.32 nts	1696911430789
289228 root      20   0   22.2g   1.7g 114788 R 106.2   0.2   2:04.01 nts	1696911431475
289228 root      20   0   22.2g   1.7g 114788 R 100.0   0.2   2:04.69 nts	1696911432161
289228 root      20   0   22.2g   1.8g 114788 R  94.1   0.2   2:05.38 nts	1696911432848
289228 root      20   0   22.2g   1.8g 114788 R 100.0   0.2   2:06.06 nts	1696911433535
289228 root      20   0   22.2g   1.8g 114788 R 100.0   0.2   2:06.76 nts	1696911434221
289228 root      20   0   22.2g   1.8g 114788 R 106.2   0.2   2:07.45 nts	1696911434913
289228 root      20   0   22.2g   1.8g 114788 R 100.0   0.2   2:08.13 nts	1696911435603
289228 root      20   0   22.2g   1.8g 114788 R  94.1   0.2   2:08.82 nts	1696911436289
289228 root      20   0   22.2g   1.8g 114788 R  93.8   0.2   2:09.50 nts	1696911436975
289228 root      20   0   22.2g   1.8g 114788 R 100.0   0.2   2:10.19 nts	1696911437661
289228 root      20   0   22.2g   1.8g 114788 R 100.0   0.2   2:10.88 nts	1696911438348
289228 root      20   0   22.2g   1.8g 114788 R 100.0   0.2   2:11.56 nts	1696911439034
289228 root      20   0   22.2g   1.8g 114788 R 100.0   0.2   2:12.25 nts	1696911439720
289228 root      20   0   22.2g   1.8g 114788 R 100.0   0.2   2:12.94 nts	1696911440408
289228 root      20   0   22.2g   1.8g 114788 R 106.2   0.2   2:13.62 nts	1696911441095
289228 root      20   0   22.2g   1.8g 114788 R  94.1   0.2   2:14.31 nts	1696911441781
289228 root      20   0   22.2g   1.8g 114788 R  94.1   0.2   2:15.00 nts	1696911442467
289228 root      20   0   22.2g   1.8g 114788 R 100.0   0.2   2:15.68 nts	1696911443154
289228 root      20   0   22.2g   1.8g 114788 R 100.0   0.2   2:16.37 nts	1696911443840
289228 root      20   0   22.2g   1.8g 114788 R 100.0   0.2   2:17.06 nts	1696911444526
289228 root      20   0   22.2g   1.8g 114788 R 100.0   0.2   2:17.74 nts	1696911445213
289228 root      20   0   22.2g   1.8g 114788 R  94.1   0.2   2:18.42 nts	1696911445899
289228 root      20   0   22.2g   1.8g 114788 R 100.0   0.2   2:19.12 nts	1696911446586
289228 root      20   0   22.2g   1.8g 114788 R 100.0   0.2   2:19.80 nts	1696911447274
289228 root      20   0   22.2g   1.8g 114788 R 112.5   0.2   2:20.50 nts	1696911447961
289228 root      20   0   22.2g   1.8g 114788 R 100.0   0.2   2:21.18 nts	1696911448650
289228 root      20   0   22.2g   1.8g 114788 R 100.0   0.2   2:21.86 nts	1696911449336
289228 root      20   0   22.2g   1.8g 114788 R 100.0   0.2   2:22.55 nts	1696911450022
289228 root      20   0   22.2g   1.8g 114788 R 100.0   0.2   2:23.24 nts	1696911450709
289228 root      20   0   22.2g   1.8g 114788 R 100.0   0.2   2:23.92 nts	1696911451395
289228 root      20   0   22.3g   1.8g 115916 R 106.2   0.2   2:25.34 nts	1696911452081
289228 root      20   0   55.4g   2.0g 239184 D   5.9   0.3   2:25.71 nts	1696911452768
289228 root      20   0   55.8g   2.4g 298016 R 100.0   0.3   2:26.28 nts	1696911453455
289228 root      20   0   55.9g   2.6g 325996 R 100.0   0.4   2:26.60 nts	1696911454142
289228 root      20   0   56.4g   2.9g 379980 D  23.5   0.4   2:27.16 nts	1696911454828
289228 root      20   0   56.7g   3.2g 453912 R 100.0   0.4   2:27.59 nts	1696911455516
289228 root      20   0   56.9g   3.4g 500176 D   0.0   0.5   2:27.91 nts	1696911456202
289228 root      20   0   59.1g   4.0g 858688 R 250.0   0.6   2:29.42 nts	1696911456891
289228 root      20   0   59.6g   4.1g 860736 R 229.4   0.6   2:30.55 nts	1696911457585
289228 root      20   0   59.8g   4.2g 860736 R 100.0   0.6   2:31.87 nts	1696911458280
289228 root      20   0   60.0g   4.4g 860736 R 250.0   0.6   2:33.32 nts	1696911458972
289228 root      20   0   60.2g   4.5g 860736 R 182.4   0.6   2:34.42 nts	1696911459667
289228 root      20   0   60.6g   4.8g 860736 R 193.8   0.7   2:35.92 nts	1696911460361
289228 root      20   0   60.9g   4.9g 860736 R 262.5   0.7   2:37.13 nts	1696911461053
289228 root      20   0   61.1g   5.0g 860736 R  94.1   0.7   2:38.22 nts	1696911461747
289228 root      20   0   61.4g   5.1g 861148 R 194.1   0.7   2:39.73 nts	1696911462438
289228 root      20   0   62.2g   5.1g 861812 R 294.1   0.7   2:42.26 nts	1696911463130
289228 root      20   0   64.7g   5.5g   1.3g R 164.7   0.8   2:44.66 nts	1696911463818
289228 root      20   0   64.7g   5.9g   1.6g R 106.2   0.8   2:45.07 nts	1696911464513
289228 root      20   0   64.7g   5.9g   1.6g R 100.0   0.8   2:45.75 nts	1696911465203
289228 root      20   0   65.7g   6.2g   1.9g R 106.2   0.9   2:46.45 nts	1696911465892
289228 root      20   0   65.7g   6.8g   2.5g R  41.2   0.9   2:46.86 nts	1696911466580
289228 root      20   0   65.7g   6.8g   2.5g R  94.1   0.9   2:47.55 nts	1696911467268
289228 root      20   0   65.7g   6.8g   2.5g R 100.0   0.9   2:48.25 nts	1696911467959
289228 root      20   0   65.7g   6.8g   2.5g R 100.0   0.9   2:48.93 nts	1696911468651
289228 root      20   0   65.7g   6.8g   2.5g R 106.2   0.9   2:49.63 nts	1696911469341
289228 root      20   0   65.7g   6.8g   2.5g R 100.0   0.9   2:50.31 nts	1696911470033
289228 root      20   0   65.7g   6.8g   2.5g R 100.0   0.9   2:51.00 nts	1696911470723
289228 root      20   0   65.7g   6.8g   2.5g R  94.1   0.9   2:51.69 nts	1696911471410
289228 root      20   0   65.7g   6.8g   2.5g R  94.1   0.9   2:52.38 nts	1696911472101
289228 root      20   0   65.7g   6.8g   2.5g R 106.2   0.9   2:53.08 nts	1696911472792
289228 root      20   0   65.7g   6.8g   2.5g R 100.0   0.9   2:53.77 nts	1696911473479
289228 root      20   0   65.7g   6.8g   2.5g R  94.1   0.9   2:54.45 nts	1696911474169
289228 root      20   0   65.7g   6.8g   2.5g R  94.1   0.9   2:55.14 nts	1696911474858
289228 root      20   0   65.7g   6.8g   2.5g R  94.1   0.9   2:55.83 nts	1696911475548
289228 root      20   0   65.7g   6.8g   2.5g R  94.1   0.9   2:56.52 nts	1696911476237
289228 root      20   0   65.7g   6.8g   2.5g R 100.0   0.9   2:57.21 nts	1696911476924
289228 root      20   0   65.7g   6.8g   2.5g R 100.0   0.9   2:57.90 nts	1696911477614
289228 root      20   0   65.7g   6.8g   2.5g R 100.0   0.9   2:58.58 nts	1696911478303
289228 root      20   0   65.7g   6.8g   2.5g R  94.1   0.9   2:59.28 nts	1696911478990
289228 root      20   0   65.7g   6.8g   2.5g R 100.0   0.9   2:59.98 nts	1696911479680
289228 root      20   0   65.7g   6.8g   2.5g R 106.2   0.9   3:00.67 nts	1696911480372
289228 root      20   0   65.7g   6.8g   2.5g R 106.2   0.9   3:01.35 nts	1696911481064
289228 root      20   0   65.7g   6.8g   2.5g R 106.2   0.9   3:02.05 nts	1696911481753
289228 root      20   0   65.7g   6.8g   2.5g R 100.0   0.9   3:02.73 nts	1696911482442
289228 root      20   0   65.7g   6.8g   2.5g R 106.2   0.9   3:03.42 nts	1696911483132
289228 root      20   0   65.7g   6.8g   2.5g R 100.0   0.9   3:04.11 nts	1696911483821
289228 root      20   0   65.7g   6.8g   2.5g R  94.1   0.9   3:04.79 nts	1696911484508
289228 root      20   0   65.7g   6.8g   2.5g R 100.0   0.9   3:05.49 nts	1696911485197
289228 root      20   0   65.7g   6.8g   2.5g R  94.1   0.9   3:06.17 nts	1696911485887
289228 root      20   0   65.7g   6.8g   2.5g R 100.0   0.9   3:06.87 nts	1696911486578
289228 root      20   0   65.7g   6.8g   2.5g R 100.0   0.9   3:07.56 nts	1696911487267
289228 root      20   0   65.7g   6.8g   2.5g R 100.0   0.9   3:08.25 nts	1696911487957
289228 root      20   0   65.7g   6.8g   2.5g R 106.2   0.9   3:08.94 nts	1696911488643
289228 root      20   0   65.7g   6.8g   2.5g R  94.1   0.9   3:09.63 nts	1696911489336
289228 root      20   0   65.7g   6.8g   2.5g R 100.0   0.9   3:10.33 nts	1696911490026
289228 root      20   0   65.7g   6.8g   2.5g R 100.0   0.9   3:11.01 nts	1696911490716
289228 root      20   0   65.7g   6.8g   2.5g R  94.1   0.9   3:11.69 nts	1696911491407
289228 root      20   0   65.7g   6.8g   2.5g R  94.1   0.9   3:12.39 nts	1696911492094
289228 root      20   0   65.7g   6.8g   2.5g R 106.2   0.9   3:13.08 nts	1696911492784
289228 root      20   0   65.7g   6.8g   2.5g R 100.0   0.9   3:13.77 nts	1696911493473
289228 root      20   0   65.7g   6.8g   2.5g R 100.0   0.9   3:14.46 nts	1696911494163
289228 root      20   0   65.7g   6.8g   2.5g R 106.2   0.9   3:15.15 nts	1696911494853
289228 root      20   0   65.7g   6.8g   2.5g R 100.0   0.9   3:15.84 nts	1696911495541
289228 root      20   0   65.7g   6.8g   2.5g R  94.1   0.9   3:16.53 nts	1696911496231
289228 root      20   0   65.7g   6.8g   2.5g R 106.2   0.9   3:17.22 nts	1696911496921
289228 root      20   0   65.7g   6.8g   2.5g R 106.2   0.9   3:17.91 nts	1696911497611
289228 root      20   0   65.7g   6.8g   2.5g R 100.0   0.9   3:18.60 nts	1696911498299
289228 root      20   0   65.7g   6.8g   2.5g R 100.0   0.9   3:19.29 nts	1696911498989
289228 root      20   0   65.7g   6.8g   2.5g R  94.1   0.9   3:19.98 nts	1696911499680
289228 root      20   0   65.7g   6.8g   2.5g R  94.1   0.9   3:20.67 nts	1696911500369
289228 root      20   0   65.7g   6.8g   2.5g R 100.0   0.9   3:21.36 nts	1696911501057
289228 root      20   0   65.7g   6.8g   2.5g R  94.1   0.9   3:22.05 nts	1696911501747
289228 root      20   0   65.7g   6.8g   2.5g R  94.1   0.9   3:22.73 nts	1696911502436
289228 root      20   0   65.7g   6.8g   2.5g R 100.0   0.9   3:23.43 nts	1696911503126
289228 root      20   0   65.7g   6.8g   2.5g R 100.0   0.9   3:24.11 nts	1696911503814
289228 root      20   0   65.7g   6.8g   2.5g R 100.0   0.9   3:24.80 nts	1696911504504
289228 root      20   0   65.7g   6.8g   2.5g R 106.2   0.9   3:25.50 nts	1696911505193
289228 root      20   0   65.7g   6.8g   2.5g R  94.1   0.9   3:26.18 nts	1696911505884
289228 root      20   0   65.7g   6.8g   2.5g R 100.0   0.9   3:26.88 nts	1696911506575
289228 root      20   0   65.7g   6.8g   2.5g R  94.1   0.9   3:27.57 nts	1696911507266
289228 root      20   0   65.7g   6.8g   2.5g R  94.1   0.9   3:28.26 nts	1696911507956
289228 root      20   0   65.7g   6.8g   2.5g R 106.2   0.9   3:28.95 nts	1696911508646
289228 root      20   0   65.7g   6.8g   2.5g R 106.2   0.9   3:29.64 nts	1696911509332
289228 root      20   0   65.7g   6.8g   2.5g R 100.0   0.9   3:30.33 nts	1696911510023
289228 root      20   0   65.7g   6.8g   2.5g R 106.2   0.9   3:31.02 nts	1696911510713
289228 root      20   0   65.7g   6.8g   2.5g R 100.0   0.9   3:31.70 nts	1696911511403
289228 root      20   0   65.7g   6.8g   2.5g R  94.1   0.9   3:32.39 nts	1696911512090
289228 root      20   0   65.7g   6.8g   2.5g R  94.1   0.9   3:33.08 nts	1696911512779
289228 root      20   0   65.7g   6.8g   2.5g R  94.1   0.9   3:33.77 nts	1696911513469
289228 root      20   0   65.7g   6.8g   2.5g R 100.0   0.9   3:34.47 nts	1696911514159
289228 root      20   0   65.7g   6.8g   2.5g R 100.0   0.9   3:35.16 nts	1696911514848
289228 root      20   0   65.7g   6.8g   2.5g R  94.1   0.9   3:35.85 nts	1696911515539
289228 root      20   0   65.7g   6.8g   2.5g R  94.1   0.9   3:36.53 nts	1696911516229
289228 root      20   0   65.7g   6.8g   2.5g R 100.0   0.9   3:37.23 nts	1696911516917
289228 root      20   0   65.7g   6.8g   2.5g R 100.0   0.9   3:37.92 nts	1696911517607
289228 root      20   0   65.7g   6.8g   2.5g R  94.1   0.9   3:38.61 nts	1696911518298
289228 root      20   0   65.7g   6.8g   2.5g R 100.0   0.9   3:39.30 nts	1696911518988
289228 root      20   0   65.7g   6.8g   2.5g R 100.0   0.9   3:39.99 nts	1696911519676
289228 root      20   0   65.7g   6.8g   2.5g R 100.0   0.9   3:40.68 nts	1696911520367
289228 root      20   0   65.7g   6.8g   2.5g R  94.1   0.9   3:41.36 nts	1696911521056
289228 root      20   0   65.7g   6.8g   2.5g R 100.0   0.9   3:42.06 nts	1696911521746
289228 root      20   0   65.7g   6.8g   2.5g R  94.1   0.9   3:42.74 nts	1696911522435
289228 root      20   0   65.7g   6.8g   2.5g R  94.1   0.9   3:43.43 nts	1696911523125
289228 root      20   0   65.7g   6.8g   2.5g R 100.0   0.9   3:44.13 nts	1696911523815
289228 root      20   0   65.7g   6.8g   2.5g R 100.0   0.9   3:44.81 nts	1696911524504
289228 root      20   0   65.7g   6.8g   2.5g R 106.2   0.9   3:45.50 nts	1696911525191
289228 root      20   0   65.7g   6.8g   2.5g R  94.1   0.9   3:46.19 nts	1696911525881
289228 root      20   0   65.7g   6.8g   2.5g R  94.1   0.9   3:46.88 nts	1696911526571
289228 root      20   0   65.7g   6.8g   2.5g R  94.1   0.9   3:47.57 nts	1696911527258
289228 root      20   0   65.7g   6.8g   2.5g R  94.1   0.9   3:48.26 nts	1696911527947
289228 root      20   0   65.7g   6.8g   2.5g R  94.1   0.9   3:48.95 nts	1696911528637
289228 root      20   0   65.7g   6.8g   2.5g R 100.0   0.9   3:49.64 nts	1696911529326
289228 root      20   0   65.7g   6.8g   2.5g R 100.0   0.9   3:50.33 nts	1696911530015
289228 root      20   0   65.7g   6.8g   2.5g R 106.2   0.9   3:51.02 nts	1696911530703
289228 root      20   0   65.7g   6.8g   2.5g R  94.1   0.9   3:51.71 nts	1696911531394
289228 root      20   0   65.7g   6.8g   2.5g R 106.2   0.9   3:52.40 nts	1696911532085
289228 root      20   0   65.7g   6.8g   2.5g R 100.0   0.9   3:53.08 nts	1696911532772
289228 root      20   0   65.7g   6.8g   2.5g R 100.0   0.9   3:53.77 nts	1696911533461
289228 root      20   0   65.7g   6.8g   2.5g R 100.0   0.9   3:54.47 nts	1696911534151
289228 root      20   0   65.7g   6.8g   2.5g R 100.0   0.9   3:55.16 nts	1696911534840
289228 root      20   0   65.7g   6.8g   2.5g R 100.0   0.9   3:55.85 nts	1696911535530
289228 root      20   0   65.7g   6.8g   2.5g R  94.1   0.9   3:56.53 nts	1696911536217
289228 root      20   0   65.7g   6.8g   2.5g R  94.1   0.9   3:57.22 nts	1696911536907
289228 root      20   0   65.7g   6.8g   2.5g R 100.0   0.9   3:57.92 nts	1696911537596
289228 root      20   0   65.9g   6.8g   2.5g R 100.0   0.9   3:58.61 nts	1696911538284
289228 root      20   0   66.0g   6.9g   2.5g D   5.9   1.0   3:59.23 nts	1696911538977
289228 root      20   0   66.4g   7.0g   2.5g R 100.0   1.0   3:59.84 nts	1696911539670
289228 root      20   0   66.5g   7.1g   2.5g R  94.1   1.0   4:00.14 nts	1696911540364
289228 root      20   0  321.1g   7.3g   2.6g D  1500   1.0   4:05.55 nts	1696911541059
289228 root      20   0  335.1g   7.4g   2.6g S 993.8   1.0   4:11.51 nts	1696911541752
289228 root      20   0  337.6g   7.5g   2.7g S 588.2   1.0   4:22.11 nts	1696911542452
289228 root      20   0  339.3g   7.5g   2.8g S  1619   1.0   4:31.50 nts	1696911543152
289228 root      20   0  340.6g   7.6g   2.8g S 382.4   1.1   4:42.53 nts	1696911543845
289228 root      20   0  342.4g   7.7g   2.9g S  2282   1.1   4:54.41 nts	1696911544539
289228 root      20   0  342.6g   7.7g   2.9g S  1294   1.1   5:02.44 nts	1696911545237
289228 root      20   0  342.4g   7.8g   3.0g S  1925   1.1   5:17.03 nts	1696911545931
289228 root      20   0  343.4g   7.9g   3.1g S  2365   1.1   5:29.13 nts	1696911546627
289228 root      20   0  343.8g   8.0g   3.2g S 400.0   1.1   5:41.13 nts	1696911547326
289228 root      20   0  344.0g   8.1g   3.3g S  2229   1.1   5:52.69 nts	1696911548020
289228 root      20   0  344.9g   8.1g   3.3g S 382.4   1.1   6:04.49 nts	1696911548717
289228 root      20   0  346.8g   8.2g   3.4g S  2441   1.1   6:17.31 nts	1696911549410
289228 root      20   0  346.6g   8.3g   3.5g S 388.2   1.1   6:27.97 nts	1696911550107
289228 root      20   0  347.1g   8.4g   3.5g S  1900   1.2   6:42.07 nts	1696911550801
289228 root      20   0  348.0g   8.5g   3.6g S  2665   1.2   6:52.57 nts	1696911551502
289228 root      20   0  348.0g   8.5g   3.7g S  2765   1.2   7:08.64 nts	1696911552203
289228 root      20   0  348.2g   8.6g   3.8g S  1659   1.2   7:17.76 nts	1696911552902
289228 root      20   0  348.1g   8.7g   3.9g S  1083   1.2   7:31.81 nts	1696911553599
289228 root      20   0  348.3g   8.8g   3.9g S  2212   1.2   7:43.42 nts	1696911554300
289228 root      20   0  348.3g   8.8g   4.0g S 394.1   1.2   7:55.87 nts	1696911555003
289228 root      20   0  348.8g   8.9g   4.1g S  1788   1.2   8:09.00 nts	1696911555698
289228 root      20   0  348.9g   9.0g   4.1g S  1676   1.2   8:23.10 nts	1696911556395
289228 root      20   0  348.9g   9.1g   4.2g S  2235   1.3   8:38.38 nts	1696911557091
289228 root      20   0  360.4g   9.0g   4.3g S  1712   1.2   8:47.75 nts	1696911557792
289228 root      20   0  361.9g   9.2g   4.4g S  1900   1.3   9:02.22 nts	1696911558491
289228 root      20   0  363.8g   9.2g   4.4g S  1565   1.3   9:11.07 nts	1696911559203
289228 root      20   0  364.4g   9.3g   4.5g S  1206   1.3   9:25.80 nts	1696911559905
289228 root      20   0  365.2g   9.4g   4.6g S  2253   1.3   9:37.68 nts	1696911560603
289228 root      20   0  365.3g   9.5g   4.7g S 388.2   1.3   9:49.11 nts	1696911561300
289228 root      20   0  366.5g   9.6g   4.8g S  2459   1.3  10:02.43 nts	1696911561992
289228 root      20   0  366.3g   9.6g   4.8g S 388.2   1.3  10:12.51 nts	1696911562688
289228 root      20   0  367.7g   9.7g   4.9g S  1476   1.3  10:26.58 nts	1696911563383
289228 root      20   0  367.7g   9.8g   5.0g S  2447   1.4  10:36.53 nts	1696911564082
289228 root      20   0  367.8g   9.9g   5.1g S  2341   1.4  10:51.93 nts	1696911564780
289228 root      20   0  368.1g  10.0g   5.1g S  2247   1.4  11:01.03 nts	1696911565477
289228 root      20   0  368.7g  10.1g   5.2g S  1688   1.4  11:15.43 nts	1696911566178
289228 root      20   0  368.9g  10.1g   5.3g S  2235   1.4  11:26.62 nts	1696911566877
289228 root      20   0  369.2g  10.2g   5.3g S 882.4   1.4  11:35.30 nts	1696911567572
289228 root      20   0  369.4g  10.3g   5.4g S  2700   1.4  11:51.26 nts	1696911568270
289228 root      20   0  369.5g  10.3g   5.5g S  1765   1.4  12:03.16 nts	1696911568968
289228 root      20   0  370.4g  10.4g   5.6g S  1594   1.4  12:18.97 nts	1696911569667
289228 root      20   0  370.2g  10.5g   5.7g S  2165   1.4  12:28.76 nts	1696911570363
289228 root      20   0  370.7g  10.6g   5.7g S  1353   1.5  12:42.04 nts	1696911571060
289228 root      20   0  370.8g  10.6g   5.8g S  1711   1.5  12:53.99 nts	1696911571758
289228 root      20   0  370.6g  10.7g   5.9g S 776.5   1.5  13:08.39 nts	1696911572481
289228 root      20   0  371.8g  10.8g   5.9g S  1459   1.5  13:18.27 nts	1696911573183
289228 root      20   0  371.9g  10.9g   6.0g S 411.8   1.5  13:27.01 nts	1696911573879
289228 root      20   0  365.3g  10.9g   6.1g S  1494   1.5  13:41.53 nts	1696911574578
289228 root      20   0  366.0g  10.9g   6.2g S  2312   1.5  13:50.99 nts	1696911575278
289228 root      20   0  367.8g  11.0g   6.2g S  1594   1.5  14:04.94 nts	1696911575975
289228 root      20   0  368.7g  11.1g   6.3g S  2694   1.5  14:15.42 nts	1696911576671
289228 root      20   0  368.5g  11.2g   6.4g S 394.1   1.5  14:27.73 nts	1696911577368
289228 root      20   0  369.7g  11.3g   6.4g S  2719   1.6  14:40.10 nts	1696911578061
289228 root      20   0  369.5g  11.3g   6.5g S 388.2   1.6  14:50.75 nts	1696911578758
289228 root      20   0  370.1g  11.4g   6.6g S  2535   1.6  15:04.48 nts	1696911579451
289228 root      20   0  370.2g  11.5g   6.6g S  1594   1.6  15:12.45 nts	1696911580148
289228 root      20   0  370.0g  11.5g   6.7g S  2024   1.6  15:26.58 nts	1696911580844
289228 root      20   0  371.2g  11.6g   6.8g S  1676   1.6  15:35.65 nts	1696911581542
289228 root      20   0  371.0g  11.7g   6.9g S  1665   1.6  15:50.02 nts	1696911582239
289228 root      20   0  371.4g  11.7g   6.9g S  1476   1.6  15:59.16 nts	1696911582936
289228 root      20   0  371.2g  11.8g   7.0g S 406.2   1.6  16:09.08 nts	1696911583631
289228 root      20   0  372.4g  11.9g   7.1g S  1794   1.6  16:23.36 nts	1696911584325
289228 root      20   0  372.5g  12.0g   7.1g S  1162   1.7  16:33.49 nts	1696911585022
289228 root      20   0  373.1g  12.1g   7.2g S  2365   1.7  16:48.40 nts	1696911585717
289228 root      20   0  374.3g  12.1g   7.3g S  2906   1.7  16:57.60 nts	1696911586415
289228 root      20   0  374.1g  12.2g   7.4g S  1976   1.7  17:12.10 nts	1696911587112
289228 root      20   0  374.5g  12.3g   7.4g S  2239   1.7  17:23.89 nts	1696911587810
289228 root      20   0  374.4g  12.4g   7.5g S 470.6   1.7  17:36.12 nts	1696911588513
289228 root      20   0  374.8g  12.4g   7.6g S  2535   1.7  17:49.05 nts	1696911589206
289228 root      20   0  374.6g  12.5g   7.7g S 382.4   1.7  17:59.24 nts	1696911589904
289228 root      20   0  365.1g  12.4g   7.7g R 666.7   1.7  18:11.85 nts	1696911590597
289228 root      20   0       0      0      0 Z 100.0   0.0  18:12.59 nts	1696911591299
289228 root      20   0       0      0      0 Z  37.5   0.0  18:13.06 nts	1696911591993
289228 root      20   0       0      0      0 Z  81.2   0.0  18:13.36 nts	1696911592684
289228 root      20   0       0      0      0 Z   0.0   0.0  18:13.77 nts	1696911593371
289228 root      20   0       0      0      0 Z  94.1   0.0  18:14.33 nts	1696911594057
