1769658 toao      20   0 2488656 101964  68592 R 100.0   0.1   0:00.19 nts	1693189970465
1769658 toao      20   0 8372632 217308 115392 R  8000   0.2   0:29.39 nts	1693189971212
1769658 toao      20   0 8482068 293760 115672 R 200.0   0.2   0:53.98 nts	1693189971922
1769658 toao      20   0 8482068 294024 115672 R 212.5   0.2   0:55.36 nts	1693189972624
1769658 toao      20   0 8482068 294024 115672 R 206.2   0.2   0:56.74 nts	1693189973323
1769658 toao      20   0 8482068 294024 115672 R 218.8   0.2   0:58.14 nts	1693189974022
1769658 toao      20   0 8482068 294024 115672 R 200.0   0.2   0:59.52 nts	1693189974727
1769658 toao      20   0 8482068 316992 115672 R 194.1   0.2   1:00.91 nts	1693189975426
1769658 toao      20   0 8482068 317784 115672 S 200.0   0.2   1:02.29 nts	1693189976131
1769658 toao      20   0 8482068 317784 115672 R 194.1   0.2   1:03.67 nts	1693189976827
1769658 toao      20   0 8482068 317784 115672 R 200.0   0.2   1:05.07 nts	1693189977526
1769658 toao      20   0 8482068 317784 115672 R 188.9   0.2   1:06.47 nts	1693189978230
1769658 toao      20   0 8482068 317784 115672 R 200.0   0.2   1:07.85 nts	1693189978935
1769658 toao      20   0 9950.1m 850856 115672 R 976.5   0.6   1:12.37 nts	1693189979635
1769658 toao      20   0 9950.1m 859352 115672 R 964.7   0.7   1:19.74 nts	1693189980338
1769658 toao      20   0 9950.1m 864704 115672 R 961.1   0.7   1:27.17 nts	1693189981041
1769658 toao      20   0 9950.1m 867380 115672 R  1076   0.7   1:34.65 nts	1693189981750
1769658 toao      20   0 9950.1m 868168 115672 R  1053   0.7   1:41.72 nts	1693189982453
1769658 toao      20   0 9950.1m   1.0g 115672 R  1206   0.8   1:50.06 nts	1693189983157
1769658 toao      20   0 9950.1m   1.2g 115672 R  1394   1.0   1:59.59 nts	1693189983861
1769658 toao      20   0 9950.1m   1.2g 115672 R  1247   1.0   2:07.95 nts	1693189984569
1769658 toao      20   0 9950.1m   1.2g 115672 R  1253   1.0   2:15.97 nts	1693189985272
1769658 toao      20   0   13.7g   1.2g 115704 R  1441   1.0   2:25.20 nts	1693189985977
1769658 toao      20   0   13.7g   1.2g 115704 R 200.0   1.0   2:26.59 nts	1693189986684
1769658 toao      20   0   13.7g   1.2g 115704 R 200.0   1.0   2:27.97 nts	1693189987393
1769658 toao      20   0   13.7g   1.2g 115704 R 206.2   1.0   2:29.36 nts	1693189988093
1769658 toao      20   0   13.7g   1.2g 115704 R 200.0   1.0   2:30.75 nts	1693189988795
1769658 toao      20   0   13.7g   1.3g 115704 R 200.0   1.0   2:32.14 nts	1693189989494
1769658 toao      20   0   13.7g   1.3g 115704 R 194.1   1.0   2:33.53 nts	1693189990195
1769658 toao      20   0   13.7g   1.3g 115704 R 194.1   1.0   2:34.92 nts	1693189990899
1769658 toao      20   0   13.7g   1.3g 115704 R 194.1   1.0   2:36.30 nts	1693189991598
1769658 toao      20   0   13.7g   1.3g 115704 R 200.0   1.0   2:37.69 nts	1693189992298
1769658 toao      20   0   13.7g   1.3g 115704 R 194.1   1.0   2:39.07 nts	1693189992999
1769658 toao      20   0   13.7g   1.3g 115704 R 205.9   1.0   2:40.47 nts	1693189993698
1769658 toao      20   0   15.3g   1.3g 115704 R 382.4   1.1   2:42.11 nts	1693189994399
1769658 toao      20   0   15.3g   1.4g 115704 R 535.3   1.1   2:45.71 nts	1693189995100
1769658 toao      20   0   15.3g   1.5g 115704 R 547.1   1.2   2:49.08 nts	1693189995806
1769658 toao      20   0   15.3g   1.6g 115704 R 458.8   1.3   2:52.85 nts	1693189996507
1769658 toao      20   0   15.3g   1.7g 115704 R 612.5   1.4   2:57.04 nts	1693189997213
1769658 toao      20   0   15.3g   1.9g 115704 R 594.1   1.5   3:01.09 nts	1693189997915
1769658 toao      20   0   15.3g   2.0g 115704 R 541.2   1.6   3:05.22 nts	1693189998627
1769658 toao      20   0   15.3g   2.1g 115704 R 529.4   1.7   3:09.16 nts	1693189999334
1769658 toao      20   0   15.3g   2.2g 115704 R 482.4   1.7   3:12.88 nts	1693190000042
1769658 toao      20   0   19.4g   2.3g 115704 R 106.2   1.8   3:16.91 nts	1693190000743
1769658 toao      20   0   19.4g   2.3g 115704 R 105.9   1.8   3:17.62 nts	1693190001445
1769658 toao      20   0   19.4g   2.3g 115704 R 100.0   1.8   3:18.32 nts	1693190002150
1769658 toao      20   0   19.4g   2.3g 115704 R 100.0   1.8   3:19.03 nts	1693190002853
1769658 toao      20   0   19.4g   2.3g 115704 R  94.1   1.8   3:19.73 nts	1693190003562
1769658 toao      20   0   19.4g   2.3g 115704 R  94.1   1.8   3:20.44 nts	1693190004266
1769658 toao      20   0   19.4g   2.3g 115704 R 100.0   1.8   3:21.15 nts	1693190004975
1769658 toao      20   0   19.4g   2.3g 115704 R 100.0   1.8   3:21.84 nts	1693190005674
1769658 toao      20   0   20.3g   2.5g 115704 R 100.0   2.0   3:22.54 nts	1693190006375
1769658 toao      20   0   20.3g   2.8g 115704 R 100.0   2.2   3:23.25 nts	1693190007075
1769658 toao      20   0   20.3g   2.8g 115704 R 100.0   2.2   3:23.95 nts	1693190007778
1769658 toao      20   0   20.3g   2.8g 115704 R 100.0   2.2   3:24.65 nts	1693190008482
1769658 toao      20   0   20.3g   2.8g 115704 R 100.0   2.2   3:25.36 nts	1693190009186
1769658 toao      20   0   20.3g   2.8g 115704 R  94.1   2.2   3:26.05 nts	1693190009888
1769658 toao      20   0   20.3g   2.8g 115704 R 100.0   2.2   3:26.76 nts	1693190010590
1769658 toao      20   0   20.3g   2.8g 115704 R 100.0   2.2   3:27.46 nts	1693190011294
1769658 toao      20   0   20.3g   2.8g 115704 R  94.1   2.2   3:28.16 nts	1693190011995
1769658 toao      20   0   20.3g   2.8g 115704 R 100.0   2.2   3:28.86 nts	1693190012694
1769658 toao      20   0   20.3g   2.8g 115704 R  94.1   2.2   3:29.56 nts	1693190013395
1769658 toao      20   0   20.3g   2.8g 115704 R 105.9   2.2   3:30.27 nts	1693190014098
1769658 toao      20   0   20.3g   2.8g 115704 R 105.9   2.2   3:30.97 nts	1693190014798
1769658 toao      20   0   20.3g   2.8g 115704 R 100.0   2.2   3:31.66 nts	1693190015498
1769658 toao      20   0   20.3g   2.8g 115704 R 100.0   2.2   3:32.37 nts	1693190016198
1769658 toao      20   0   20.3g   3.0g 115704 R  94.1   2.4   3:33.06 nts	1693190016899
1769658 toao      20   0   20.3g   3.0g 115704 R  94.1   2.4   3:33.77 nts	1693190017602
1769658 toao      20   0   20.3g   3.1g 115704 R 100.0   2.5   3:34.47 nts	1693190018306
1769658 toao      20   0   20.3g   3.2g 115704 R  94.1   2.5   3:35.17 nts	1693190019007
1769658 toao      20   0   20.3g   3.2g 115704 R 100.0   2.5   3:35.87 nts	1693190019710
1769658 toao      20   0   20.3g   3.2g 115704 R 100.0   2.5   3:36.57 nts	1693190020410
1769658 toao      20   0   20.3g   3.2g 115704 R  94.1   2.5   3:37.27 nts	1693190021110
1769658 toao      20   0   20.3g   3.2g 115704 R  94.4   2.5   3:37.98 nts	1693190021811
1769658 toao      20   0   20.3g   3.2g 115704 R  94.1   2.5   3:38.68 nts	1693190022518
1769658 toao      20   0   20.3g   3.2g 115704 R 100.0   2.5   3:39.38 nts	1693190023219
1769658 toao      20   0   20.3g   3.2g 115704 R 100.0   2.5   3:40.09 nts	1693190023921
1769658 toao      20   0   20.3g   3.2g 115704 R 112.5   2.5   3:40.79 nts	1693190024624
1769658 toao      20   0   20.3g   3.2g 115704 R 106.2   2.5   3:41.49 nts	1693190025323
1769658 toao      20   0   20.3g   3.2g 115704 R 106.2   2.5   3:42.19 nts	1693190026022
1769658 toao      20   0   20.3g   3.2g 115704 R 106.2   2.5   3:42.88 nts	1693190026722
1769658 toao      20   0   20.3g   3.2g 115704 R 106.2   2.5   3:43.58 nts	1693190027422
1769658 toao      20   0   20.3g   3.2g 115704 R 106.2   2.5   3:44.28 nts	1693190028122
1769658 toao      20   0   29.5g   3.6g 250472 R 105.9   2.8   3:46.11 nts	1693190028821
1769658 toao      20   0   30.5g   4.4g 358716 R 100.0   3.5   3:46.81 nts	1693190029518
1769658 toao      20   0   31.4g   5.2g 504444 R 106.2   4.1   3:47.51 nts	1693190030222
1769658 toao      20   0   32.6g   6.3g 526316 R 100.0   5.0   3:48.21 nts	1693190030923
1769658 toao      20   0   32.6g   6.3g 526316 R 106.2   5.0   3:48.91 nts	1693190031625
1769658 toao      20   0   32.6g   6.3g 526316 R 100.0   5.0   3:49.61 nts	1693190032324
1769658 toao      20   0   39.5g   7.7g   1.9g R 100.0   6.1   3:50.32 nts	1693190033026
1769658 toao      20   0   39.5g  10.0g   4.2g R 100.0   7.9   3:51.02 nts	1693190033731
1769658 toao      20   0   39.5g  12.3g   6.5g R 105.9   9.8   3:51.72 nts	1693190034431
1769658 toao      20   0   39.5g  13.2g   7.4g R 100.0  10.5   3:52.42 nts	1693190035131
1769658 toao      20   0   39.5g  13.2g   7.4g R 100.0  10.5   3:53.12 nts	1693190035832
1769658 toao      20   0   39.5g  13.2g   7.4g R  94.1  10.5   3:53.82 nts	1693190036534
1769658 toao      20   0   39.5g  13.2g   7.4g R 100.0  10.5   3:54.53 nts	1693190037238
1769658 toao      20   0   39.5g  13.2g   7.4g R  94.1  10.5   3:55.22 nts	1693190037939
1769658 toao      20   0   39.5g  13.2g   7.4g R 100.0  10.5   3:55.93 nts	1693190038639
1769658 toao      20   0   39.5g  13.2g   7.4g R 100.0  10.5   3:56.63 nts	1693190039343
1769658 toao      20   0   39.5g  13.2g   7.4g R 100.0  10.5   3:57.33 nts	1693190040046
1769658 toao      20   0   39.5g  13.2g   7.4g R 100.0  10.5   3:58.04 nts	1693190040750
1769658 toao      20   0   39.5g  13.2g   7.4g R  94.1  10.5   3:58.73 nts	1693190041450
1769658 toao      20   0   39.5g  13.2g   7.4g R  94.1  10.5   3:59.43 nts	1693190042150
1769658 toao      20   0   39.5g  13.2g   7.4g R  94.1  10.5   4:00.13 nts	1693190042850
1769658 toao      20   0   39.5g  13.2g   7.4g R 100.0  10.5   4:00.83 nts	1693190043550
1769658 toao      20   0   39.3g  13.2g   7.4g R 429.4  10.5   4:02.09 nts	1693190044248
1769658 toao      20   0   39.4g  13.2g   7.4g R  1241  10.6   4:07.25 nts	1693190044949
1769658 toao      20   0   39.5g  13.3g   7.4g R  1406  10.6   4:20.04 nts	1693190045655
1769658 toao      20   0   39.5g  13.3g   7.4g R  1182  10.6   4:33.46 nts	1693190046360
1769658 toao      20   0   39.5g  13.3g   7.4g R  2006  10.6   4:43.89 nts	1693190047059
1769658 toao      20   0   39.5g  13.3g   7.4g R  2381  10.6   4:55.74 nts	1693190047763
1769658 toao      20   0   39.5g  13.3g   7.4g S  2124  10.6   5:04.56 nts	1693190048462
1769658 toao      20   0   39.5g  13.3g   7.4g R  1576  10.6   5:15.64 nts	1693190049168
1769658 toao      20   0   39.5g  13.3g   7.4g R  2171  10.6   5:28.94 nts	1693190049872
1769658 toao      20   0   39.5g  13.3g   7.4g R  2147  10.6   5:41.25 nts	1693190050576
1769658 toao      20   0   39.5g  13.3g   7.4g S  2241  10.6   5:53.69 nts	1693190051281
1769658 toao      20   0   39.5g  13.3g   7.4g S  2188  10.6   6:06.23 nts	1693190051979
1769658 toao      20   0   39.5g  13.3g   7.4g S  2381  10.6   6:18.57 nts	1693190052683
1769658 toao      20   0   39.5g  13.3g   7.4g S  2159  10.6   6:30.99 nts	1693190053383
1769658 toao      20   0   39.5g  13.3g   7.4g S  2212  10.6   6:43.40 nts	1693190054087
1769658 toao      20   0   39.5g  13.3g   7.4g R 947.1  10.6   6:53.37 nts	1693190054791
1769658 toao      20   0   39.5g  13.3g   7.4g S  2144  10.6   7:04.47 nts	1693190055491
1769658 toao      20   0   39.5g  13.3g   7.4g R  2147  10.6   7:16.78 nts	1693190056197
1769658 toao      20   0   39.5g  13.3g   7.4g R  2047  10.6   7:28.99 nts	1693190056900
1769658 toao      20   0   90.9g  14.4g   8.5g R 164.7  11.5   7:29.80 nts	1693190057600
1769658 toao      20   0   92.8g  15.5g   9.6g R 212.5  12.4   7:31.20 nts	1693190058304
1769658 toao      20   0   94.6g  16.7g  10.8g R 212.5  13.3   7:32.60 nts	1693190059005
1769658 toao      20   0   99.0g  16.9g  11.0g S  2341  13.5   7:38.17 nts	1693190059706
1769658 toao      20   0  101.0g  16.9g  11.0g S  1500  13.5   7:44.88 nts	1693190060407
1769658 toao      20   0  101.8g  16.9g  11.0g S  1518  13.5   7:51.55 nts	1693190061110
1769658 toao      20   0  103.6g  16.9g  11.0g S  1333  13.5   7:58.24 nts	1693190061811
1769658 toao      20   0  104.1g  16.9g  11.0g S  1465  13.5   8:04.90 nts	1693190062519
1769658 toao      20   0  104.1g  16.9g  11.0g S  1488  13.5   8:11.69 nts	1693190063218
1769658 toao      20   0  104.1g  16.9g  11.0g S 423.5  13.5   8:18.43 nts	1693190063918
1769658 toao      20   0  104.1g  16.9g  11.0g S 464.7  13.5   8:25.39 nts	1693190064618
1769658 toao      20   0  105.0g  16.9g  11.0g S 500.0  13.5   8:32.22 nts	1693190065318
1769658 toao      20   0  106.0g  16.9g  11.0g S 500.0  13.5   8:39.16 nts	1693190066019
1769658 toao      20   0  105.6g  16.9g  11.0g S  1371  13.5   8:47.45 nts	1693190066718
1769658 toao      20   0  105.6g  16.9g  11.0g S  1565  13.5   8:54.65 nts	1693190067421
1769658 toao      20   0  105.6g  16.9g  11.0g S  1541  13.5   9:01.36 nts	1693190068119
1769658 toao      20   0  106.1g  16.9g  11.0g S  1476  13.5   9:08.13 nts	1693190068819
1769658 toao      20   0  107.8g  16.9g  11.0g S  1500  13.5   9:15.05 nts	1693190069519
1769658 toao      20   0  107.8g  16.9g  11.0g S 429.4  13.5   9:21.78 nts	1693190070218
1769658 toao      20   0  107.8g  16.9g  11.0g S 447.1  13.5   9:28.65 nts	1693190070918
1769658 toao      20   0  107.8g  16.9g  11.0g S 438.9  13.5   9:35.53 nts	1693190071619
1769658 toao      20   0  107.8g  16.9g  11.0g S 482.4  13.5   9:42.35 nts	1693190072327
1769658 toao      20   0  107.8g  16.9g  11.0g S 488.2  13.5   9:49.10 nts	1693190073026
1769658 toao      20   0  108.1g  16.9g  11.0g S 500.0  13.5   9:55.98 nts	1693190073727
1769658 toao      20   0  107.8g  16.9g  11.0g S  1524  13.5  10:04.63 nts	1693190074430
1769658 toao      20   0  107.8g  16.9g  11.0g S  1529  13.5  10:11.44 nts	1693190075131
1769658 toao      20   0  107.8g  16.9g  11.0g S  1529  13.5  10:18.34 nts	1693190075831
1769658 toao      20   0  124.8g  16.9g  11.0g S  1218  13.5  10:24.96 nts	1693190076531
1769658 toao      20   0  125.4g  16.9g  11.0g S  1059  13.5  10:31.85 nts	1693190077235
1769658 toao      20   0  126.0g  16.9g  11.0g S 405.9  13.5  10:38.67 nts	1693190077939
1769658 toao      20   0  126.0g  16.9g  11.0g S 447.1  13.5  10:45.45 nts	1693190078639
1769658 toao      20   0  126.0g  16.9g  11.0g S 447.1  13.5  10:52.26 nts	1693190079340
1769658 toao      20   0  126.0g  16.9g  11.0g S 482.4  13.5  10:59.07 nts	1693190080039
1769658 toao      20   0  127.2g  16.9g  11.0g S 570.6  13.5  11:05.98 nts	1693190080739
1769658 toao      20   0  126.6g  16.9g  11.0g S  1559  13.5  11:14.49 nts	1693190081440
1769658 toao      20   0  126.6g  16.9g  11.0g S  1562  13.5  11:21.27 nts	1693190082142
1769658 toao      20   0  126.6g  16.9g  11.0g S  1612  13.5  11:27.98 nts	1693190082843
1769658 toao      20   0  126.6g  16.9g  11.0g S  1588  13.5  11:34.84 nts	1693190083544
1769658 toao      20   0  126.6g  16.9g  11.0g S 476.5  13.5  11:41.55 nts	1693190084243
1769658 toao      20   0  126.6g  16.9g  11.0g S 452.9  13.5  11:48.34 nts	1693190084946
1769658 toao      20   0  126.6g  16.9g  11.0g S 464.7  13.5  11:55.24 nts	1693190085646
1769658 toao      20   0  127.5g  16.9g  11.0g S 476.5  13.5  12:01.99 nts	1693190086348
1769658 toao      20   0  128.0g  16.9g  11.0g S 964.7  13.5  12:09.78 nts	1693190087047
1769658 toao      20   0  127.5g  16.9g  11.0g S  1412  13.5  12:17.35 nts	1693190087746
1769658 toao      20   0  127.5g  16.9g  11.0g S  1535  13.5  12:24.37 nts	1693190088447
1769658 toao      20   0  127.5g  16.9g  11.0g S  1535  13.5  12:31.07 nts	1693190089150
1769658 toao      20   0  127.5g  16.9g  11.0g S  1541  13.5  12:37.96 nts	1693190089850
1769658 toao      20   0  127.5g  16.9g  11.0g S  1447  13.5  12:44.67 nts	1693190090550
1769658 toao      20   0  127.5g  16.9g  11.0g S  1382  13.5  12:51.34 nts	1693190091250
1769658 toao      20   0  127.5g  16.9g  11.0g S 482.4  13.5  12:58.16 nts	1693190091950
1769658 toao      20   0  127.5g  16.9g  11.0g S 464.7  13.5  13:05.04 nts	1693190092654
1769658 toao      20   0  132.5g  16.9g  11.0g S 470.6  13.5  13:11.61 nts	1693190093358
1769658 toao      20   0  133.7g  16.9g  11.0g S 458.8  13.5  13:18.47 nts	1693190094059
1769658 toao      20   0  134.3g  16.9g  11.0g S 488.2  13.5  13:25.19 nts	1693190094762
1769658 toao      20   0  134.8g  16.9g  11.0g S 558.8  13.5  13:32.19 nts	1693190095458
1769658 toao      20   0  134.9g  16.9g  11.0g S  1047  13.5  13:39.82 nts	1693190096159
1769658 toao      20   0  134.3g  16.9g  11.0g S  1459  13.5  13:47.42 nts	1693190096859
1769658 toao      20   0  134.3g  16.9g  11.0g S  1435  13.5  13:54.10 nts	1693190097558
1769658 toao      20   0  134.3g  16.9g  11.0g S 435.3  13.5  14:01.04 nts	1693190098258
1769658 toao      20   0  134.3g  16.9g  11.0g S 435.3  13.5  14:07.92 nts	1693190098955
1769658 toao      20   0  134.3g  16.9g  11.0g S 458.8  13.5  14:14.65 nts	1693190099653
1769658 toao      20   0  134.3g  16.9g  11.0g S 500.0  13.5  14:21.42 nts	1693190100355
1769658 toao      20   0  134.3g  16.9g  11.0g S  1294  13.5  14:29.66 nts	1693190101055
1769658 toao      20   0  134.3g  16.9g  11.0g S  1600  13.5  14:36.90 nts	1693190101759
1769658 toao      20   0  134.3g  16.9g  11.0g S  1512  13.5  14:43.67 nts	1693190102468
1769658 toao      20   0  134.3g  16.9g  11.0g S  1441  13.5  14:50.28 nts	1693190103166
1769658 toao      20   0  134.3g  16.9g  11.0g S  1147  13.5  14:56.99 nts	1693190103867
1769658 toao      20   0  134.3g  16.9g  11.0g S 644.4  13.5  15:03.88 nts	1693190104567
1769658 toao      20   0  134.3g  16.9g  11.0g S 378.9  13.5  15:10.65 nts	1693190105279
1769658 toao      20   0  134.6g  16.9g  11.0g S 447.1  13.5  15:17.38 nts	1693190105999
1769658 toao      20   0  134.6g  16.9g  11.0g S 464.7  13.5  15:24.13 nts	1693190106698
1769658 toao      20   0  134.6g  16.9g  11.0g S 476.5  13.5  15:31.01 nts	1693190107398
1769658 toao      20   0  134.6g  16.9g  11.0g S  1094  13.5  15:38.85 nts	1693190108099
1769658 toao      20   0  134.6g  16.9g  11.0g S  1588  13.5  15:46.24 nts	1693190108803
1769658 toao      20   0  132.8g  16.9g  11.0g S  1394  13.5  15:52.84 nts	1693190109503
1769658 toao      20   0  133.4g  16.9g  11.0g S  1465  13.5  15:59.62 nts	1693190110205
1769658 toao      20   0  134.0g  16.9g  11.0g S  1447  13.5  16:06.23 nts	1693190110907
1769658 toao      20   0  134.0g  16.9g  11.0g S 905.9  13.5  16:13.11 nts	1693190111610
1769658 toao      20   0  134.6g  16.9g  11.0g S 775.0  13.5  16:19.86 nts	1693190112313
1769658 toao      20   0  134.6g  16.9g  11.0g S 918.8  13.5  16:26.62 nts	1693190113012
1769658 toao      20   0  134.6g  16.9g  11.0g S 470.6  13.5  16:33.51 nts	1693190113715
1769658 toao      20   0  135.2g  16.9g  11.0g S 717.6  13.5  16:40.80 nts	1693190114416
1769658 toao      20   0  134.6g  16.9g  11.0g S  1524  13.5  16:49.07 nts	1693190115116
1769658 toao      20   0  134.6g  16.9g  11.0g S  1524  13.5  16:55.84 nts	1693190115814
1769658 toao      20   0  134.6g  16.9g  11.0g S  1476  13.5  17:02.57 nts	1693190116515
1769658 toao      20   0  134.6g  16.9g  11.0g S  1524  13.5  17:09.39 nts	1693190117214
1769658 toao      20   0  134.6g  16.9g  11.0g S 964.7  13.5  17:16.23 nts	1693190117914
1769658 toao      20   0  134.6g  16.9g  11.0g S 647.1  13.5  17:23.09 nts	1693190118615
1769658 toao      20   0  134.6g  16.9g  11.0g S 411.8  13.5  17:29.93 nts	1693190119319
1769658 toao      20   0  134.6g  16.9g  11.0g S 464.7  13.5  17:36.78 nts	1693190120019
1769658 toao      20   0  134.6g  16.9g  11.0g S 470.6  13.5  17:43.60 nts	1693190120718
1769658 toao      20   0  134.6g  16.9g  11.0g S 494.1  13.5  17:50.50 nts	1693190121417
1769658 toao      20   0  135.2g  16.9g  11.0g S 541.2  13.5  17:57.43 nts	1693190122118
1769658 toao      20   0  135.2g  16.9g  11.0g S  1094  13.5  18:05.27 nts	1693190122818
1769658 toao      20   0  134.6g  16.9g  11.0g S  1467  13.5  18:12.94 nts	1693190123522
1769658 toao      20   0  134.6g  16.9g  11.0g S  1524  13.5  18:19.74 nts	1693190124227
1769658 toao      20   0  134.6g  16.9g  11.0g S  1412  13.5  18:26.32 nts	1693190124926
1769658 toao      20   0  134.6g  16.9g  11.0g S  1006  13.5  18:33.09 nts	1693190125630
1769658 toao      20   0  132.8g  16.9g  11.0g S 394.1  13.5  18:39.78 nts	1693190126330
1769658 toao      20   0  133.4g  16.9g  11.0g S 600.0  13.5  18:46.32 nts	1693190127031
1769658 toao      20   0  133.4g  16.9g  11.0g S 452.9  13.5  18:53.14 nts	1693190127735
1769658 toao      20   0  134.0g  16.9g  11.0g S 394.1  13.5  18:59.84 nts	1693190128435
1769658 toao      20   0  134.0g  16.9g  11.0g S 464.7  13.5  19:06.45 nts	1693190129134
1769658 toao      20   0  134.6g  16.9g  11.0g S 417.6  13.5  19:13.23 nts	1693190129838
1769658 toao      20   0  134.6g  16.9g  11.0g S  1247  13.5  19:21.33 nts	1693190130535
1769658 toao      20   0  134.6g  16.9g  11.0g S  1518  13.5  19:28.70 nts	1693190131238
1769658 toao      20   0  134.6g  16.9g  11.0g S  1488  13.5  19:35.51 nts	1693190131939
1769658 toao      20   0  134.6g  16.9g  11.0g S  1435  13.5  19:42.31 nts	1693190132639
1769658 toao      20   0  134.6g  16.9g  11.0g S  1065  13.5  19:49.13 nts	1693190133339
1769658 toao      20   0  134.6g  16.9g  11.0g S 417.6  13.5  19:56.08 nts	1693190134042
1769658 toao      20   0  134.6g  16.9g  11.0g S 464.7  13.5  20:02.84 nts	1693190134748
1769658 toao      20   0  134.6g  16.9g  11.0g S 482.4  13.5  20:09.68 nts	1693190135451
1769658 toao      20   0  134.6g  16.9g  11.0g S 494.1  13.5  20:16.50 nts	1693190136151
1769658 toao      20   0  134.6g  16.9g  11.0g S  1582  13.5  20:25.29 nts	1693190136851
1769658 toao      20   0  134.6g  16.9g  11.0g S  1553  13.5  20:32.17 nts	1693190137555
1769658 toao      20   0  134.6g  16.9g  11.0g S  1518  13.5  20:38.93 nts	1693190138259
1769658 toao      20   0  134.6g  16.9g  11.0g S  1482  13.5  20:45.68 nts	1693190138959
1769658 toao      20   0  134.6g  16.9g  11.0g S  1500  13.5  20:52.45 nts	1693190139658
1769658 toao      20   0  134.6g  16.9g  11.0g S  1459  13.5  20:59.33 nts	1693190140358
1769658 toao      20   0  134.6g  16.9g  11.0g S 835.3  13.5  21:06.16 nts	1693190141059
1769658 toao      20   0  134.6g  16.9g  11.0g S 435.3  13.5  21:13.03 nts	1693190141758
1769658 toao      20   0  134.6g  16.9g  11.0g S 452.9  13.5  21:19.89 nts	1693190142460
1769658 toao      20   0  132.9g  16.9g  11.0g S 476.5  13.5  21:26.60 nts	1693190143157
1769658 toao      20   0  133.4g  16.9g  11.0g S 423.5  13.5  21:33.38 nts	1693190143858
1769658 toao      20   0  134.6g  16.9g  11.0g S 417.6  13.5  21:39.93 nts	1693190144558
1769658 toao      20   0  134.6g  16.9g  11.0g S 488.2  13.5  21:46.77 nts	1693190145259
1769658 toao      20   0  134.6g  16.9g  11.0g S 494.1  13.5  21:53.65 nts	1693190145959
1769658 toao      20   0  135.2g  16.9g  11.0g S  1144  13.5  22:01.48 nts	1693190146664
1769658 toao      20   0  134.6g  16.9g  11.0g S  1575  13.5  22:09.10 nts	1693190147363
1769658 toao      20   0  134.6g  16.9g  11.0g S  1459  13.5  22:15.95 nts	1693190148063
1769658 toao      20   0  134.6g  16.9g  11.0g S 400.0  13.5  22:22.80 nts	1693190148769
1769658 toao      20   0  134.6g  16.9g  11.0g S 423.5  13.5  22:29.69 nts	1693190149476
1769658 toao      20   0  134.6g  16.9g  11.0g S 464.7  13.5  22:36.49 nts	1693190150173
1769658 toao      20   0  134.6g  16.9g  11.0g S 488.2  13.5  22:43.47 nts	1693190150876
1769658 toao      20   0  134.6g  16.9g  11.0g S  1388  13.5  22:51.74 nts	1693190151579
1769658 toao      20   0  134.6g  16.9g  11.0g S  1662  13.5  22:58.95 nts	1693190152282
1769658 toao      20   0  134.6g  16.9g  11.0g S  1612  13.5  23:05.69 nts	1693190152982
1769658 toao      20   0  134.6g  16.9g  11.0g S  1200  13.5  23:12.46 nts	1693190153683
1769658 toao      20   0  134.6g  16.9g  11.0g S  1418  13.5  23:19.31 nts	1693190154386
1769658 toao      20   0  134.6g  16.9g  11.0g S 482.4  13.5  23:26.12 nts	1693190155086
1769658 toao      20   0  134.6g  16.9g  11.0g S 423.5  13.5  23:33.01 nts	1693190155791
1769658 toao      20   0  134.6g  16.9g  11.0g S 435.3  13.5  23:39.82 nts	1693190156491
1769658 toao      20   0  134.6g  16.9g  11.0g S 452.9  13.5  23:46.52 nts	1693190157190
1769658 toao      20   0  134.6g  16.9g  11.0g S 488.2  13.5  23:53.39 nts	1693190157890
1769658 toao      20   0  135.2g  16.9g  11.0g S 776.5  13.5  24:00.63 nts	1693190158590
1769658 toao      20   0  134.6g  16.9g  11.0g S  1576  13.5  24:08.76 nts	1693190159291
1769658 toao      20   0  133.6g  16.9g  11.0g S  1524  13.5  24:15.39 nts	1693190159996
1769658 toao      20   0  134.2g  16.9g  11.0g S  1529  13.5  24:22.18 nts	1693190160699
1769658 toao      20   0  134.9g  16.9g  11.0g S  1500  13.5  24:28.75 nts	1693190161402
1769658 toao      20   0  134.9g  16.9g  11.0g S  1500  13.5  24:35.45 nts	1693190162103
1769658 toao      20   0  134.9g  16.9g  11.0g S  1541  13.5  24:42.30 nts	1693190162807
1769658 toao      20   0  134.9g  16.9g  11.0g S  1465  13.5  24:49.14 nts	1693190163511
1769658 toao      20   0  134.9g  16.9g  11.0g S 605.9  13.5  24:55.96 nts	1693190164214
1769658 toao      20   0  134.9g  16.9g  11.0g S 464.7  13.5  25:02.90 nts	1693190164919
1769658 toao      20   0  134.9g  16.9g  11.0g S 461.1  13.5  25:09.78 nts	1693190165622
1769658 toao      20   0  134.9g  16.9g  11.0g S 512.5  13.5  25:16.57 nts	1693190166324
1769658 toao      20   0  134.9g  16.9g  11.0g S  1012  13.5  25:24.23 nts	1693190167024
1769658 toao      20   0  134.9g  16.9g  11.0g S  1565  13.5  25:32.03 nts	1693190167727
1769658 toao      20   0  134.9g  16.9g  11.0g S  1488  13.5  25:38.75 nts	1693190168429
1769658 toao      20   0  134.9g  16.9g  11.0g S  1494  13.5  25:45.62 nts	1693190169133
1769658 toao      20   0  134.9g  16.9g  11.0g S  1429  13.5  25:52.25 nts	1693190169839
1769658 toao      20   0  134.9g  16.9g  11.0g S 468.8  13.5  25:58.99 nts	1693190170543
1769658 toao      20   0  134.9g  16.9g  11.0g S 468.8  13.5  26:05.90 nts	1693190171243
1769658 toao      20   0  134.9g  16.9g  11.0g S 481.2  13.5  26:12.66 nts	1693190171944
1769658 toao      20   0  134.9g  16.9g  11.0g S 452.9  13.5  26:19.35 nts	1693190172644
1769658 toao      20   0  134.9g  16.9g  11.0g S 476.5  13.5  26:26.24 nts	1693190173347
1769658 toao      20   0  134.9g  16.9g  11.0g S 488.2  13.5  26:33.06 nts	1693190174051
1769658 toao      20   0  135.4g  16.9g  11.0g S  1035  13.5  26:40.87 nts	1693190174750
1769658 toao      20   0  134.9g  16.9g  11.0g S  1565  13.5  26:48.55 nts	1693190175449
1769658 toao      20   0  134.9g  16.9g  11.0g S  1488  13.5  26:55.34 nts	1693190176149
1769658 toao      20   0  133.6g  16.9g  11.0g S  1424  13.5  27:01.90 nts	1693190176849
1769658 toao      20   0  134.2g  16.9g  11.0g S  1524  13.5  27:08.56 nts	1693190177550
1769658 toao      20   0  134.9g  16.9g  11.0g S  1447  13.5  27:15.18 nts	1693190178251
1769658 toao      20   0  134.9g  16.9g  11.0g S  1412  13.5  27:22.05 nts	1693190178949
1769658 toao      20   0  134.9g  16.9g  11.0g S 988.2  13.5  27:28.92 nts	1693190179651
1769658 toao      20   0  134.9g  16.9g  11.0g S 405.6  13.5  27:35.75 nts	1693190180350
1769658 toao      20   0  134.9g  16.9g  11.0g S 506.2  13.5  27:42.63 nts	1693190181055
1769658 toao      20   0  134.9g  16.9g  11.0g S  1524  13.5  27:51.23 nts	1693190181752
1769658 toao      20   0  134.9g  16.9g  11.0g S  1675  13.5  27:58.09 nts	1693190182454
1769658 toao      20   0  134.9g  16.9g  11.0g S  1594  13.5  28:04.84 nts	1693190183154
1769658 toao      20   0  134.9g  16.9g  11.0g S  1482  13.5  28:11.57 nts	1693190183847
1769658 toao      20   0  134.9g  16.9g  11.0g S  1071  13.5  28:18.44 nts	1693190184546
1769658 toao      20   0  134.9g  16.9g  11.0g S 443.8  13.5  28:25.24 nts	1693190185245
1769658 toao      20   0  134.9g  16.9g  11.0g S 405.9  13.5  28:32.02 nts	1693190185946
1769658 toao      20   0  134.9g  16.9g  11.0g S 464.7  13.5  28:38.88 nts	1693190186639
1769658 toao      20   0  134.9g  16.9g  11.0g S 494.1  13.5  28:45.63 nts	1693190187338
1769658 toao      20   0  135.4g  16.9g  11.0g S 605.9  13.5  28:52.59 nts	1693190188037
1769658 toao      20   0  135.4g  16.9g  11.0g S  1124  13.5  29:00.27 nts	1693190188737
1769658 toao      20   0  134.9g  16.9g  11.0g S  1681  13.5  29:07.99 nts	1693190189443
1769658 toao      20   0  134.9g  16.9g  11.0g S  1553  13.5  29:14.73 nts	1693190190142
1769658 toao      20   0  134.9g  16.9g  11.0g S  1619  13.5  29:21.54 nts	1693190190843
1769658 toao      20   0  134.9g  16.9g  11.0g S  1512  13.5  29:28.20 nts	1693190191543
1769658 toao      20   0  134.9g  16.9g  11.0g S  1356  13.5  29:35.02 nts	1693190192243
1769658 toao      20   0  134.9g  16.9g  11.0g S 417.6  13.5  29:41.84 nts	1693190192941
1769658 toao      20   0  133.6g  16.9g  11.0g S 370.6  13.5  29:48.33 nts	1693190193642
1769658 toao      20   0  134.2g  16.9g  11.0g S 405.9  13.5  29:55.08 nts	1693190194343
1769658 toao      20   0  134.9g  16.9g  11.0g S 435.3  13.5  30:01.83 nts	1693190195047
1769658 toao      20   0  134.9g  16.9g  11.0g S 452.9  13.5  30:08.65 nts	1693190195747
1769658 toao      20   0  134.9g  16.9g  11.0g S 493.8  13.5  30:15.51 nts	1693190196445
1769658 toao      20   0  135.4g  16.9g  11.0g S 656.2  13.5  30:22.59 nts	1693190197144
1769658 toao      20   0  134.9g  16.9g  11.0g S  1631  13.5  30:30.99 nts	1693190197843
1769658 toao      20   0  134.9g  16.9g  11.0g S  1482  13.5  30:37.81 nts	1693190198544
1769658 toao      20   0  134.9g  16.9g  11.0g S  1371  13.5  30:44.47 nts	1693190199251
1769658 toao      20   0  134.9g  16.9g  11.0g S  1071  13.5  30:51.15 nts	1693190199951
1769658 toao      20   0  134.9g  16.9g  11.0g S 377.8  13.5  30:58.10 nts	1693190200651
1769658 toao      20   0  134.9g  16.9g  11.0g S 464.7  13.5  31:05.02 nts	1693190201359
1769658 toao      20   0  134.9g  16.9g  11.0g S 494.1  13.5  31:11.89 nts	1693190202059
1769658 toao      20   0  134.9g  16.9g  11.0g S 500.0  13.5  31:18.69 nts	1693190202759
1769658 toao      20   0  134.9g  16.9g  11.0g S  1294  13.5  31:26.93 nts	1693190203460
1769658 toao      20   0  134.9g  16.9g  11.0g S  1565  13.5  31:34.21 nts	1693190204158
1769658 toao      20   0  134.9g  16.9g  11.0g S  1524  13.5  31:41.04 nts	1693190204858
1769658 toao      20   0  134.9g  16.9g  11.0g S  1547  13.5  31:47.91 nts	1693190205558
1769658 toao      20   0  134.9g  16.9g  11.0g S  1612  13.5  31:54.75 nts	1693190206263
1769658 toao      20   0  134.9g  16.9g  11.0g S  1569  13.5  32:01.55 nts	1693190206963
1769658 toao      20   0  134.9g  16.9g  11.0g S  1282  13.5  32:08.36 nts	1693190207664
1769658 toao      20   0  134.9g  16.9g  11.0g S 423.5  13.5  32:15.26 nts	1693190208370
1769658 toao      20   0  134.9g  16.9g  11.0g S 458.8  13.5  32:22.07 nts	1693190209072
1769658 toao      20   0  132.7g  16.9g  11.0g S 611.8  13.5  32:29.11 nts	1693190209770
1769658 toao      20   0  133.6g  16.9g  11.0g S 441.2  13.5  32:35.40 nts	1693190210470
1769658 toao      20   0  134.2g  16.9g  11.0g S  1065  13.5  32:43.20 nts	1693190211171
1769658 toao      20   0  134.6g  16.9g  11.0g S  1159  13.5  32:50.12 nts	1693190211871
1769658 toao      20   0  134.2g  16.9g  11.0g S  1594  13.5  32:57.50 nts	1693190212572
1769658 toao      20   0  134.9g  16.9g  11.0g S  1365  13.5  33:04.01 nts	1693190213271
1769658 toao      20   0  134.9g  16.9g  11.0g S  1565  13.5  33:11.20 nts	1693190213971
1769658 toao      20   0  134.9g  16.9g  11.0g S  1512  13.5  33:18.05 nts	1693190214671
1769658 toao      20   0  134.9g  16.9g  11.0g S 588.2  13.5  33:24.72 nts	1693190215370
1769658 toao      20   0  134.9g  16.9g  11.0g S 405.9  13.5  33:31.64 nts	1693190216070
1769658 toao      20   0  134.9g  16.9g  11.0g S 435.3  13.5  33:38.52 nts	1693190216769
1769658 toao      20   0  134.9g  16.9g  11.0g S 464.7  13.5  33:45.27 nts	1693190217468
1769658 toao      20   0  135.4g  16.9g  11.0g S 629.4  13.5  33:52.36 nts	1693190218167
1769658 toao      20   0  134.9g  16.9g  11.0g S  1324  13.5  34:00.37 nts	1693190218866
1769658 toao      20   0  134.9g  16.9g  11.0g S  1524  13.5  34:07.52 nts	1693190219567
1769658 toao      20   0  134.9g  16.9g  11.0g S  1512  13.5  34:14.30 nts	1693190220266
1769658 toao      20   0  134.9g  16.9g  11.0g S  1494  13.5  34:21.03 nts	1693190220966
1769658 toao      20   0  134.9g  16.9g  11.0g S  1306  13.5  34:27.97 nts	1693190221668
1769658 toao      20   0  134.9g  16.9g  11.0g S 717.6  13.5  34:34.85 nts	1693190222367
1769658 toao      20   0  134.9g  16.9g  11.0g S 388.2  13.5  34:41.73 nts	1693190223067
1769658 toao      20   0  134.9g  16.9g  11.0g S 429.4  13.5  34:48.67 nts	1693190223767
1769658 toao      20   0  134.9g  16.9g  11.0g S 447.1  13.5  34:55.45 nts	1693190224469
1769658 toao      20   0  134.9g  16.9g  11.0g S 482.4  13.5  35:02.13 nts	1693190225171
1769658 toao      20   0  135.4g  16.9g  11.0g S 952.9  13.5  35:09.79 nts	1693190225871
1769658 toao      20   0       0      0      0 Z 200.0   0.0  35:15.35 nts	1693190226574
1769658 toao      20   0       0      0      0 Z 100.0   0.0  35:16.05 nts	1693190227289
1769658 toao      20   0       0      0      0 Z 100.0   0.0  35:16.74 nts	1693190227994
1769658 toao      20   0       0      0      0 Z  94.4   0.0  35:17.43 nts	1693190228702
