158355 root      20   0 2536040  98332  67172 R 100.0   0.0   0:00.18 nts	1697337223591
158355 root      20   0 9599564 214352 113568 R  8924   0.0   0:32.75 nts	1697337224300
158355 root      20   0 9672328 278768 113696 R 200.0   0.0   0:51.98 nts	1697337224996
158355 root      20   0 9672328 278768 113696 R 206.2   0.0   0:53.35 nts	1697337225689
158355 root      20   0 9672328 278768 113696 R 206.2   0.0   0:54.72 nts	1697337226381
158355 root      20   0 9672328 278768 113696 R 194.1   0.0   0:56.10 nts	1697337227073
158355 root      20   0 9672328 278768 113696 R 194.1   0.0   0:57.47 nts	1697337227766
158355 root      20   0 9672328 278768 113696 R 194.1   0.0   0:58.85 nts	1697337228456
158355 root      20   0 9672328 278768 113696 R 200.0   0.0   1:00.22 nts	1697337229150
158355 root      20   0 9672328 278768 113696 R 200.0   0.0   1:01.59 nts	1697337229842
158355 root      20   0 9672328 278768 113696 R 194.1   0.0   1:02.96 nts	1697337230533
158355 root      20   0 9672328 278768 113696 R 188.2   0.0   1:04.33 nts	1697337231224
158355 root      20   0 9672328 278768 113696 R 188.2   0.0   1:05.70 nts	1697337231915
158355 root      20   0 9672328 278768 113696 R 188.2   0.0   1:07.08 nts	1697337232607
158355 root      20   0 9672328 278768 113696 R 194.1   0.0   1:08.46 nts	1697337233299
158355 root      20   0 9672328 278768 113696 R 206.2   0.0   1:09.83 nts	1697337233989
158355 root      20   0 9672328 278768 113696 R 212.5   0.0   1:11.21 nts	1697337234681
158355 root      20   0 9672328 278768 113696 R 200.0   0.0   1:12.58 nts	1697337235372
158355 root      20   0 9672328 278768 113696 R 188.2   0.0   1:13.94 nts	1697337236063
158355 root      20   0 9776132 295928 113820 R 158.8   0.0   1:15.26 nts	1697337236753
158355 root      20   0   10.5g 779560 113820 R  1606   0.1   1:27.41 nts	1697337237444
158355 root      20   0   10.5g 787940 113820 R  1618   0.1   1:39.24 nts	1697337238141
158355 root      20   0   10.5g 796840 113820 R  1588   0.1   1:50.85 nts	1697337238837
158355 root      20   0   10.5g 796840 113820 R  1565   0.1   2:02.35 nts	1697337239536
158355 root      20   0   15.5g 801388 113848 R 188.2   0.1   2:05.79 nts	1697337240234
158355 root      20   0   15.5g 803236 113848 R 188.2   0.1   2:07.16 nts	1697337240927
158355 root      20   0   15.5g 805876 113848 R 188.2   0.1   2:08.53 nts	1697337241619
158355 root      20   0   15.5g 808252 113848 R 206.2   0.1   2:09.90 nts	1697337242310
158355 root      20   0   15.5g 810628 113848 R 194.1   0.1   2:11.26 nts	1697337242998
158355 root      20   0   15.5g 811420 113848 R 194.1   0.1   2:12.62 nts	1697337243686
158355 root      20   0   15.5g 814588 113848 R 200.0   0.1   2:13.97 nts	1697337244373
158355 root      20   0   15.5g 818020 113848 R 200.0   0.1   2:15.33 nts	1697337245059
158355 root      20   0   16.7g 882188 113848 R 417.6   0.1   2:17.39 nts	1697337245746
158355 root      20   0   16.7g   1.0g 113848 R 411.8   0.1   2:20.27 nts	1697337246441
158355 root      20   0   16.7g   1.1g 113848 R 405.9   0.2   2:23.14 nts	1697337247134
158355 root      20   0   16.7g   1.2g 113848 R 388.2   0.2   2:25.98 nts	1697337247828
158355 root      20   0   21.7g   1.3g 113848 R  94.1   0.2   2:28.43 nts	1697337248521
158355 root      20   0   21.7g   1.3g 113848 R 100.0   0.2   2:29.13 nts	1697337249213
158355 root      20   0   21.7g   1.3g 113848 R  94.1   0.2   2:29.81 nts	1697337249905
158355 root      20   0   21.7g   1.3g 113848 R 100.0   0.2   2:30.51 nts	1697337250595
158355 root      20   0   21.7g   1.3g 113848 R  94.1   0.2   2:31.20 nts	1697337251287
158355 root      20   0   22.2g   1.5g 113848 R 100.0   0.2   2:31.90 nts	1697337251978
158355 root      20   0   22.2g   1.7g 113848 R 100.0   0.2   2:32.58 nts	1697337252669
158355 root      20   0   22.2g   1.7g 113848 R  94.1   0.2   2:33.27 nts	1697337253363
158355 root      20   0   22.2g   1.8g 113848 R  94.1   0.2   2:33.96 nts	1697337254053
158355 root      20   0   22.2g   1.8g 113848 R 100.0   0.2   2:34.66 nts	1697337254746
158355 root      20   0   22.2g   1.8g 113848 R 100.0   0.2   2:35.36 nts	1697337255438
158355 root      20   0   22.2g   1.8g 113848 R 100.0   0.2   2:36.05 nts	1697337256129
158355 root      20   0   22.2g   1.8g 113848 R  94.1   0.2   2:36.73 nts	1697337256822
158355 root      20   0   22.2g   1.8g 113848 R 100.0   0.2   2:37.42 nts	1697337257513
158355 root      20   0   22.2g   1.8g 113848 R 106.2   0.2   2:38.12 nts	1697337258201
158355 root      20   0   22.2g   1.8g 113848 R  94.1   0.2   2:38.80 nts	1697337258894
158355 root      20   0   22.2g   1.8g 113848 R 100.0   0.2   2:39.50 nts	1697337259585
158355 root      20   0   22.2g   1.8g 113848 R 100.0   0.2   2:40.19 nts	1697337260277
158355 root      20   0   22.2g   1.8g 113848 R 106.2   0.2   2:40.89 nts	1697337260971
158355 root      20   0   22.2g   1.8g 113848 R 106.2   0.2   2:41.57 nts	1697337261662
158355 root      20   0   22.2g   1.8g 113848 R 106.2   0.2   2:42.26 nts	1697337262351
158355 root      20   0   22.2g   1.8g 113848 R  94.1   0.2   2:42.94 nts	1697337263038
158355 root      20   0   22.2g   1.8g 113848 R  94.1   0.2   2:43.64 nts	1697337263725
158355 root      20   0   22.2g   1.8g 113848 R 106.2   0.2   2:44.34 nts	1697337264419
158355 root      20   0   22.2g   1.8g 113848 R 100.0   0.2   2:45.03 nts	1697337265113
158355 root      20   0   22.2g   1.8g 113848 R 100.0   0.2   2:45.72 nts	1697337265804
158355 root      20   0   22.2g   1.8g 113848 R  94.1   0.2   2:46.41 nts	1697337266498
158355 root      20   0   22.2g   1.8g 113848 R 100.0   0.2   2:47.11 nts	1697337267192
158355 root      20   0   22.2g   1.8g 113848 R  94.1   0.2   2:47.80 nts	1697337267886
158355 root      20   0   22.2g   1.8g 113848 R  94.1   0.2   2:48.48 nts	1697337268577
158355 root      20   0   22.2g   1.8g 113848 R 100.0   0.2   2:49.18 nts	1697337269265
158355 root      20   0   22.2g   1.8g 113848 R  94.1   0.2   2:49.87 nts	1697337269958
158355 root      20   0   22.2g   1.8g 113848 R  94.1   0.2   2:50.56 nts	1697337270649
158355 root      20   0   22.2g   1.8g 113848 R 100.0   0.2   2:51.26 nts	1697337271337
158355 root      20   0   22.3g   1.8g 116800 R 106.2   0.2   2:52.18 nts	1697337272030
158355 root      20   0   39.4g   2.0g 243080 D  12.5   0.3   2:52.53 nts	1697337272721
158355 root      20   0   39.8g   2.4g 297008 R 100.0   0.3   2:53.14 nts	1697337273412
158355 root      20   0   40.0g   2.6g 325384 R 100.0   0.4   2:53.47 nts	1697337274103
158355 root      20   0   40.4g   2.9g 382676 D   5.9   0.4   2:54.00 nts	1697337274791
158355 root      20   0   40.8g   3.3g 467484 R  94.1   0.5   2:54.45 nts	1697337275483
158355 root      20   0   41.0g   3.5g 514744 R  23.5   0.5   2:54.77 nts	1697337276174
158355 root      20   0   43.3g   4.0g 858556 R 223.5   0.6   2:56.33 nts	1697337276868
158355 root      20   0   43.4g   4.1g 858640 R 237.5   0.6   2:57.44 nts	1697337277560
158355 root      20   0   43.6g   4.3g 858640 R  94.1   0.6   2:58.73 nts	1697337278249
158355 root      20   0   44.0g   4.5g 858640 R 212.5   0.6   3:00.12 nts	1697337278941
158355 root      20   0   44.2g   4.7g 858640 R 247.1   0.6   3:01.27 nts	1697337279635
158355 root      20   0   44.7g   4.8g 858640 R 111.8   0.7   3:02.70 nts	1697337280330
158355 root      20   0   44.9g   4.9g 858640 R 229.4   0.7   3:04.04 nts	1697337281026
158355 root      20   0   45.2g   5.0g 858640 R 129.4   0.7   3:05.15 nts	1697337281721
158355 root      20   0   46.3g   5.2g 981.0m R 411.8   0.7   3:07.10 nts	1697337282413
158355 root      20   0   47.3g   5.3g   1.0g R 464.7   0.7   3:08.60 nts	1697337283105
158355 root      20   0   47.9g   5.9g   1.6g R  94.1   0.8   3:09.37 nts	1697337283797
158355 root      20   0   47.9g   5.9g   1.6g R 100.0   0.8   3:10.06 nts	1697337284489
158355 root      20   0   48.9g   6.5g   2.3g R 100.0   0.9   3:10.75 nts	1697337285181
158355 root      20   0   48.9g   6.8g   2.5g R 100.0   0.9   3:11.44 nts	1697337285870
158355 root      20   0   48.9g   6.8g   2.5g R 106.2   0.9   3:12.14 nts	1697337286561
158355 root      20   0   48.9g   6.8g   2.5g R 106.2   0.9   3:12.83 nts	1697337287250
158355 root      20   0   48.9g   6.8g   2.5g R 100.0   0.9   3:13.52 nts	1697337287941
158355 root      20   0   48.9g   6.8g   2.5g R 100.0   0.9   3:14.21 nts	1697337288632
158355 root      20   0   48.9g   6.8g   2.5g R 100.0   0.9   3:14.89 nts	1697337289323
158355 root      20   0   48.9g   6.8g   2.5g R 106.2   0.9   3:15.59 nts	1697337290010
158355 root      20   0   48.9g   6.8g   2.5g R 100.0   0.9   3:16.27 nts	1697337290700
158355 root      20   0   48.9g   6.8g   2.5g R  94.1   0.9   3:16.97 nts	1697337291389
158355 root      20   0   48.9g   6.8g   2.5g R 100.0   0.9   3:17.66 nts	1697337292077
158355 root      20   0   48.9g   6.8g   2.5g R  94.1   0.9   3:18.34 nts	1697337292767
158355 root      20   0   48.9g   6.8g   2.5g R  94.1   0.9   3:19.03 nts	1697337293456
158355 root      20   0   48.9g   6.8g   2.5g R  94.1   0.9   3:19.72 nts	1697337294146
158355 root      20   0   48.9g   6.8g   2.5g R  94.1   0.9   3:20.41 nts	1697337294835
158355 root      20   0   48.9g   6.8g   2.5g R 100.0   0.9   3:21.11 nts	1697337295524
158355 root      20   0   48.9g   6.8g   2.5g R  94.1   0.9   3:21.79 nts	1697337296214
158355 root      20   0   48.9g   6.8g   2.5g R  94.1   0.9   3:22.48 nts	1697337296904
158355 root      20   0   48.9g   6.8g   2.5g R  94.1   0.9   3:23.17 nts	1697337297592
158355 root      20   0   48.9g   6.8g   2.5g R 100.0   0.9   3:23.86 nts	1697337298283
158355 root      20   0   48.9g   6.8g   2.5g R 100.0   0.9   3:24.55 nts	1697337298971
158355 root      20   0   48.9g   6.8g   2.5g R 100.0   0.9   3:25.24 nts	1697337299660
158355 root      20   0   48.9g   6.8g   2.5g R 100.0   0.9   3:25.94 nts	1697337300350
158355 root      20   0   48.9g   6.8g   2.5g R 106.2   0.9   3:26.63 nts	1697337301042
158355 root      20   0   48.9g   6.8g   2.5g R 100.0   0.9   3:27.32 nts	1697337301732
158355 root      20   0   48.9g   6.8g   2.5g R 100.0   0.9   3:28.01 nts	1697337302423
158355 root      20   0   48.9g   6.8g   2.5g R  94.1   0.9   3:28.70 nts	1697337303113
158355 root      20   0   48.9g   6.8g   2.5g R 106.2   0.9   3:29.39 nts	1697337303803
158355 root      20   0   48.9g   6.8g   2.5g R 106.2   0.9   3:30.08 nts	1697337304491
158355 root      20   0   48.9g   6.8g   2.5g R 100.0   0.9   3:30.76 nts	1697337305179
158355 root      20   0   48.9g   6.8g   2.5g R 106.2   0.9   3:31.46 nts	1697337305869
158355 root      20   0   48.9g   6.8g   2.5g R 100.0   0.9   3:32.14 nts	1697337306559
158355 root      20   0   48.9g   6.8g   2.5g R 100.0   0.9   3:32.83 nts	1697337307249
158355 root      20   0   48.9g   6.8g   2.5g R 106.2   0.9   3:33.53 nts	1697337307939
158355 root      20   0   48.9g   6.8g   2.5g R 100.0   0.9   3:34.22 nts	1697337308631
158355 root      20   0   48.9g   6.8g   2.5g R 106.2   0.9   3:34.91 nts	1697337309321
158355 root      20   0   48.9g   6.8g   2.5g R 106.2   0.9   3:35.60 nts	1697337310009
158355 root      20   0   48.9g   6.8g   2.5g R 100.0   0.9   3:36.29 nts	1697337310699
158355 root      20   0   48.9g   6.8g   2.5g R 100.0   0.9   3:36.98 nts	1697337311389
158355 root      20   0   48.9g   6.8g   2.5g R 100.0   0.9   3:37.67 nts	1697337312079
158355 root      20   0   48.9g   6.8g   2.5g R  94.1   0.9   3:38.36 nts	1697337312768
158355 root      20   0   48.9g   6.8g   2.5g R 100.0   0.9   3:39.06 nts	1697337313458
158355 root      20   0   48.9g   6.8g   2.5g R  94.1   0.9   3:39.74 nts	1697337314148
158355 root      20   0   48.9g   6.8g   2.5g R  94.1   0.9   3:40.43 nts	1697337314838
158355 root      20   0   48.9g   6.8g   2.5g R  94.1   0.9   3:41.12 nts	1697337315526
158355 root      20   0   48.9g   6.8g   2.5g R  94.1   0.9   3:41.81 nts	1697337316217
158355 root      20   0   48.9g   6.8g   2.5g R 100.0   0.9   3:42.51 nts	1697337316907
158355 root      20   0   48.9g   6.8g   2.5g R 106.2   0.9   3:43.20 nts	1697337317599
158355 root      20   0   48.9g   6.8g   2.5g R  94.1   0.9   3:43.88 nts	1697337318289
158355 root      20   0   48.9g   6.8g   2.5g R  94.1   0.9   3:44.58 nts	1697337318979
158355 root      20   0   48.9g   6.8g   2.5g R 100.0   0.9   3:45.27 nts	1697337319668
158355 root      20   0   48.9g   6.8g   2.5g R  94.1   0.9   3:45.95 nts	1697337320356
158355 root      20   0   48.9g   6.8g   2.5g R  94.1   0.9   3:46.64 nts	1697337321044
158355 root      20   0   48.9g   6.8g   2.5g R 100.0   0.9   3:47.34 nts	1697337321734
158355 root      20   0   48.9g   6.8g   2.5g R  94.1   0.9   3:48.02 nts	1697337322425
158355 root      20   0   48.9g   6.8g   2.5g R 100.0   0.9   3:48.72 nts	1697337323112
158355 root      20   0   48.9g   6.8g   2.5g R  94.1   0.9   3:49.40 nts	1697337323802
158355 root      20   0   48.9g   6.8g   2.5g R 100.0   0.9   3:50.10 nts	1697337324495
158355 root      20   0   48.9g   6.8g   2.5g R 100.0   0.9   3:50.79 nts	1697337325185
158355 root      20   0   48.9g   6.8g   2.5g R 100.0   0.9   3:51.48 nts	1697337325876
158355 root      20   0   48.9g   6.8g   2.5g R  94.1   0.9   3:52.16 nts	1697337326564
158355 root      20   0   48.9g   6.8g   2.5g R  94.1   0.9   3:52.86 nts	1697337327254
158355 root      20   0   48.9g   6.8g   2.5g R  94.1   0.9   3:53.55 nts	1697337327945
158355 root      20   0   48.9g   6.8g   2.5g R  94.1   0.9   3:54.24 nts	1697337328635
158355 root      20   0   48.9g   6.8g   2.5g R  94.1   0.9   3:54.93 nts	1697337329323
158355 root      20   0   48.9g   6.8g   2.5g R 100.0   0.9   3:55.62 nts	1697337330014
158355 root      20   0   48.9g   6.8g   2.5g R 106.2   0.9   3:56.31 nts	1697337330703
158355 root      20   0   48.9g   6.8g   2.5g R 100.0   0.9   3:57.00 nts	1697337331391
158355 root      20   0   48.9g   6.8g   2.5g R 100.0   0.9   3:57.68 nts	1697337332081
158355 root      20   0   48.9g   6.8g   2.5g R 106.2   0.9   3:58.38 nts	1697337332772
158355 root      20   0   48.9g   6.8g   2.5g R 100.0   0.9   3:59.07 nts	1697337333461
158355 root      20   0   48.9g   6.8g   2.5g R 106.2   0.9   3:59.76 nts	1697337334149
158355 root      20   0   48.9g   6.8g   2.5g R  94.1   0.9   4:00.44 nts	1697337334837
158355 root      20   0   48.9g   6.8g   2.5g R  94.1   0.9   4:01.13 nts	1697337335527
158355 root      20   0   48.9g   6.8g   2.5g R 100.0   0.9   4:01.82 nts	1697337336215
158355 root      20   0   48.9g   6.8g   2.5g R 106.2   0.9   4:02.51 nts	1697337336902
158355 root      20   0   48.9g   6.8g   2.5g R 106.2   0.9   4:03.21 nts	1697337337589
158355 root      20   0   48.9g   6.8g   2.5g R 100.0   0.9   4:03.89 nts	1697337338280
158355 root      20   0   48.9g   6.8g   2.5g R 106.2   0.9   4:04.58 nts	1697337338970
158355 root      20   0   48.9g   6.8g   2.5g R 100.0   0.9   4:05.27 nts	1697337339659
158355 root      20   0   48.9g   6.8g   2.5g R 100.0   0.9   4:05.96 nts	1697337340349
158355 root      20   0   48.9g   6.8g   2.5g R 100.0   0.9   4:06.66 nts	1697337341039
158355 root      20   0   48.9g   6.8g   2.5g R 100.0   0.9   4:07.34 nts	1697337341729
158355 root      20   0   48.9g   6.8g   2.5g R  94.1   0.9   4:08.03 nts	1697337342418
158355 root      20   0   48.9g   6.8g   2.5g R  94.1   0.9   4:08.72 nts	1697337343107
158355 root      20   0   48.9g   6.8g   2.5g R 100.0   0.9   4:09.41 nts	1697337343797
158355 root      20   0   48.9g   6.8g   2.5g R 100.0   0.9   4:10.10 nts	1697337344484
158355 root      20   0   48.9g   6.8g   2.5g R  94.1   0.9   4:10.79 nts	1697337345175
158355 root      20   0   48.9g   6.8g   2.5g R  94.1   0.9   4:11.48 nts	1697337345865
158355 root      20   0   48.9g   6.8g   2.5g R 100.0   0.9   4:12.17 nts	1697337346554
158355 root      20   0   48.9g   6.8g   2.5g R 100.0   0.9   4:12.86 nts	1697337347243
158355 root      20   0   48.9g   6.8g   2.5g R 100.0   0.9   4:13.55 nts	1697337347933
158355 root      20   0   48.9g   6.8g   2.5g R 100.0   0.9   4:14.24 nts	1697337348622
158355 root      20   0   48.9g   6.8g   2.5g R 100.0   0.9   4:14.93 nts	1697337349312
158355 root      20   0   48.9g   6.8g   2.5g R 100.0   0.9   4:15.61 nts	1697337350001
158355 root      20   0   48.9g   6.8g   2.5g R 100.0   0.9   4:16.31 nts	1697337350691
158355 root      20   0   48.9g   6.8g   2.5g R 100.0   0.9   4:17.00 nts	1697337351381
158355 root      20   0   48.9g   6.8g   2.5g R 106.2   0.9   4:17.69 nts	1697337352069
158355 root      20   0   48.9g   6.8g   2.5g R 106.2   0.9   4:18.38 nts	1697337352759
158355 root      20   0   48.9g   6.8g   2.5g R 106.2   0.9   4:19.07 nts	1697337353449
158355 root      20   0   48.9g   6.8g   2.5g R 106.2   0.9   4:19.76 nts	1697337354139
158355 root      20   0   48.9g   6.8g   2.5g R 100.0   0.9   4:20.45 nts	1697337354829
158355 root      20   0   48.9g   6.8g   2.5g R 106.2   0.9   4:21.14 nts	1697337355520
158355 root      20   0   48.9g   6.8g   2.5g D  58.8   0.9   4:21.76 nts	1697337356208
158355 root      20   0   49.2g   6.9g   2.5g R 100.0   1.0   4:22.59 nts	1697337356899
158355 root      20   0   49.4g   6.9g   2.5g R  64.7   1.0   4:22.89 nts	1697337357591
158355 root      20   0   49.7g   7.0g   2.5g D  88.2   1.0   4:23.55 nts	1697337358285
158355 root      20   0  313.3g   7.1g   2.5g S  1350   1.0   4:25.83 nts	1697337358979
158355 root      20   0  328.9g   7.2g   2.6g S 700.0   1.0   4:31.51 nts	1697337359673
158355 root      20   0  331.8g   7.2g   2.6g S 925.0   1.0   4:37.08 nts	1697337360369
158355 root      20   0  336.1g   7.2g   2.6g S  1124   1.0   4:44.19 nts	1697337361063
158355 root      20   0  351.0g   7.2g   2.6g S 935.3   1.0   4:51.96 nts	1697337361756
158355 root      20   0  353.7g   7.2g   2.6g S 735.3   1.0   4:58.70 nts	1697337362451
158355 root      20   0  357.0g   7.2g   2.6g S  1112   1.0   5:06.49 nts	1697337363145
158355 root      20   0  354.0g   7.2g   2.6g S  1576   1.0   5:14.57 nts	1697337363845
158355 root      20   0  354.7g   7.2g   2.6g S  1053   1.0   5:21.76 nts	1697337364540
158355 root      20   0  357.0g   7.2g   2.6g S  1094   1.0   5:28.21 nts	1697337365233
158355 root      20   0  356.1g   7.2g   2.6g S  1582   1.0   5:36.75 nts	1697337365931
158355 root      20   0       0      0      0 Z  94.1   0.0   5:37.48 nts	1697337366636
158355 root      20   0       0      0      0 Z  94.1   0.0   5:38.08 nts	1697337367327
