149733 root      20   0 2536040  99120  67696 R 100.0   0.0   0:00.18 nts	1697337082588
149733 root      20   0 9599564 215296 114556 S  8776   0.0   0:32.96 nts	1697337083283
149733 root      20   0 9672328 279916 114852 R 206.2   0.0   0:55.27 nts	1697337084002
149733 root      20   0 9672328 279916 114852 R 188.2   0.0   0:56.63 nts	1697337084693
149733 root      20   0 9672328 279916 114852 R 194.1   0.0   0:58.00 nts	1697337085386
149733 root      20   0 9672328 279916 114852 R 194.1   0.0   0:59.36 nts	1697337086076
149733 root      20   0 9672328 279916 114852 R 194.1   0.0   1:00.72 nts	1697337086767
149733 root      20   0 9672328 279916 114852 R 200.0   0.0   1:02.10 nts	1697337087458
149733 root      20   0 9672328 279916 114852 R 194.1   0.0   1:03.46 nts	1697337088153
149733 root      20   0 9672328 279916 114852 R 194.1   0.0   1:04.82 nts	1697337088844
149733 root      20   0 9672328 279916 114852 R 188.2   0.0   1:06.18 nts	1697337089536
149733 root      20   0   10.5g 745084 114980 R  2447   0.1   1:11.29 nts	1697337090227
149733 root      20   0   10.5g 787712 114980 R  1318   0.1   1:20.55 nts	1697337090923
149733 root      20   0   10.5g 796068 114980 R  1394   0.1   1:29.56 nts	1697337091621
149733 root      20   0   10.5g 797100 114980 R  1306   0.1   1:38.47 nts	1697337092314
149733 root      20   0   15.5g 802812 115024 R 200.0   0.1   1:44.55 nts	1697337093009
149733 root      20   0   15.5g 807036 115024 R 194.1   0.1   1:45.89 nts	1697337093702
149733 root      20   0   15.5g 811788 115024 S 188.2   0.1   1:47.22 nts	1697337094394
149733 root      20   0   15.5g 816012 115024 R 182.4   0.1   1:48.55 nts	1697337095083
149733 root      20   0   16.7g 858388 115024 R 217.6   0.1   1:49.95 nts	1697337095775
149733 root      20   0   16.7g 984648 115024 R 400.0   0.1   1:52.74 nts	1697337096468
149733 root      20   0   16.7g   1.1g 115024 R 394.1   0.1   1:55.57 nts	1697337097161
149733 root      20   0   16.7g   1.2g 115024 R 400.0   0.2   1:58.43 nts	1697337097855
149733 root      20   0   21.7g   1.3g 115024 R 258.8   0.2   2:01.34 nts	1697337098548
149733 root      20   0   21.7g   1.3g 115024 R 100.0   0.2   2:02.04 nts	1697337099245
149733 root      20   0   21.7g   1.3g 115024 R 100.0   0.2   2:02.72 nts	1697337099934
149733 root      20   0   21.7g   1.3g 115024 R 106.2   0.2   2:03.42 nts	1697337100620
149733 root      20   0   21.7g   1.3g 115024 R 106.2   0.2   2:04.11 nts	1697337101312
149733 root      20   0   21.7g   1.3g 115024 R 106.2   0.2   2:04.80 nts	1697337102000
149733 root      20   0   22.2g   1.7g 115024 R 105.9   0.2   2:05.49 nts	1697337102693
149733 root      20   0   22.2g   1.7g 115024 R 100.0   0.2   2:06.18 nts	1697337103386
149733 root      20   0   22.2g   1.7g 115024 R 100.0   0.2   2:06.87 nts	1697337104076
149733 root      20   0   22.2g   1.8g 115024 R 100.0   0.2   2:07.56 nts	1697337104769
149733 root      20   0   22.2g   1.8g 115024 R 100.0   0.2   2:08.25 nts	1697337105458
149733 root      20   0   22.2g   1.8g 115024 R 100.0   0.2   2:08.94 nts	1697337106145
149733 root      20   0   22.2g   1.8g 115024 R  94.1   0.2   2:09.62 nts	1697337106838
149733 root      20   0   22.2g   1.8g 115024 R  94.1   0.2   2:10.31 nts	1697337107526
149733 root      20   0   22.2g   1.8g 115024 R 100.0   0.2   2:11.01 nts	1697337108218
149733 root      20   0   22.2g   1.8g 115024 R 100.0   0.2   2:11.70 nts	1697337108911
149733 root      20   0   22.2g   1.8g 115024 R 112.5   0.2   2:12.40 nts	1697337109600
149733 root      20   0   22.2g   1.8g 115024 R  94.1   0.2   2:13.08 nts	1697337110293
149733 root      20   0   22.2g   1.8g 115024 R  94.1   0.2   2:13.77 nts	1697337110985
149733 root      20   0   22.2g   1.8g 115024 R  94.1   0.2   2:14.46 nts	1697337111674
149733 root      20   0   22.2g   1.8g 115024 R 100.0   0.2   2:15.16 nts	1697337112367
149733 root      20   0   22.2g   1.8g 115024 R 100.0   0.2   2:15.85 nts	1697337113057
149733 root      20   0   22.2g   1.8g 115024 R 106.2   0.2   2:16.54 nts	1697337113749
149733 root      20   0   22.2g   1.8g 115024 R 100.0   0.2   2:17.23 nts	1697337114442
149733 root      20   0   22.2g   1.8g 115024 R 100.0   0.2   2:17.92 nts	1697337115131
149733 root      20   0   22.2g   1.8g 115024 R 100.0   0.2   2:18.62 nts	1697337115823
149733 root      20   0   22.2g   1.8g 115024 R  94.1   0.2   2:19.31 nts	1697337116517
149733 root      20   0   22.2g   1.8g 115024 R  94.1   0.2   2:20.00 nts	1697337117206
149733 root      20   0   22.2g   1.8g 115024 R  94.1   0.2   2:20.68 nts	1697337117899
149733 root      20   0   22.2g   1.8g 115024 R  94.1   0.2   2:21.38 nts	1697337118587
149733 root      20   0   22.2g   1.8g 115024 R 100.0   0.2   2:22.07 nts	1697337119280
149733 root      20   0   22.2g   1.8g 115024 R 100.0   0.2   2:22.76 nts	1697337119972
149733 root      20   0   22.2g   1.8g 115024 R 106.2   0.2   2:23.46 nts	1697337120661
149733 root      20   0   22.2g   1.8g 115024 R  94.1   0.2   2:24.14 nts	1697337121354
149733 root      20   0   22.2g   1.8g 115024 R  94.1   0.2   2:24.83 nts	1697337122047
149733 root      20   0   22.2g   1.8g 115024 R 100.0   0.2   2:25.53 nts	1697337122736
149733 root      20   0   30.8g   1.8g 117956 D 100.0   0.2   2:26.45 nts	1697337123429
149733 root      20   0   31.5g   2.1g 246020 R  52.9   0.3   2:26.74 nts	1697337124118
149733 root      20   0   31.9g   2.5g 314204 D  58.8   0.3   2:27.36 nts	1697337124804
149733 root      20   0   32.1g   2.7g 341864 R 100.0   0.4   2:27.73 nts	1697337125498
149733 root      20   0   32.4g   2.9g 383504 D  11.8   0.4   2:28.11 nts	1697337126188
149733 root      20   0   32.9g   3.4g 500124 R  94.1   0.5   2:28.74 nts	1697337126876
149733 root      20   0   33.4g   3.6g 631528 R 170.6   0.5   2:29.18 nts	1697337127564
149733 root      20   0   34.2g   3.8g 637772 R 100.0   0.5   2:30.36 nts	1697337128257
149733 root      20   0   34.3g   4.0g 637772 R 194.1   0.5   2:31.55 nts	1697337128947
149733 root      20   0   34.4g   4.0g 637772 R 141.2   0.6   2:32.57 nts	1697337129634
149733 root      20   0   36.0g   4.5g   1.1g R 105.9   0.6   2:33.90 nts	1697337130327
149733 root      20   0   36.0g   4.7g   1.2g R 100.0   0.7   2:34.34 nts	1697337131019
149733 root      20   0   36.0g   4.7g   1.2g R 100.0   0.7   2:35.04 nts	1697337131707
149733 root      20   0   36.9g   5.3g   1.8g R 106.2   0.7   2:35.73 nts	1697337132400
149733 root      20   0   36.9g   5.6g   2.1g R  94.1   0.8   2:36.09 nts	1697337133093
149733 root      20   0   36.9g   5.6g   2.1g R  94.1   0.8   2:36.77 nts	1697337133785
149733 root      20   0   36.9g   5.6g   2.1g R  94.1   0.8   2:37.46 nts	1697337134473
149733 root      20   0   36.9g   5.6g   2.1g R  94.1   0.8   2:38.16 nts	1697337135163
149733 root      20   0   36.9g   5.6g   2.1g R 100.0   0.8   2:38.84 nts	1697337135852
149733 root      20   0   36.9g   5.6g   2.1g R 106.2   0.8   2:39.54 nts	1697337136542
149733 root      20   0   36.9g   5.6g   2.1g R 100.0   0.8   2:40.22 nts	1697337137230
149733 root      20   0   36.9g   5.6g   2.1g R 100.0   0.8   2:40.91 nts	1697337137920
149733 root      20   0   36.9g   5.6g   2.1g R 100.0   0.8   2:41.60 nts	1697337138609
149733 root      20   0   36.9g   5.6g   2.1g R  94.1   0.8   2:42.29 nts	1697337139297
149733 root      20   0   36.9g   5.6g   2.1g R 100.0   0.8   2:42.98 nts	1697337139986
149733 root      20   0   36.9g   5.6g   2.1g R 100.0   0.8   2:43.68 nts	1697337140675
149733 root      20   0   36.9g   5.6g   2.1g R 100.0   0.8   2:44.36 nts	1697337141364
149733 root      20   0   36.9g   5.6g   2.1g R 106.2   0.8   2:45.05 nts	1697337142053
149733 root      20   0   36.9g   5.6g   2.1g R  93.8   0.8   2:45.73 nts	1697337142740
149733 root      20   0   36.9g   5.6g   2.1g R 100.0   0.8   2:46.43 nts	1697337143429
149733 root      20   0   36.9g   5.6g   2.1g R  94.1   0.8   2:47.12 nts	1697337144122
149733 root      20   0   36.9g   5.6g   2.1g R  94.1   0.8   2:47.81 nts	1697337144815
149733 root      20   0   36.9g   5.6g   2.1g R  94.1   0.8   2:48.50 nts	1697337145504
149733 root      20   0   36.9g   5.6g   2.1g R  94.1   0.8   2:49.19 nts	1697337146195
149733 root      20   0   36.9g   5.6g   2.1g R 100.0   0.8   2:49.87 nts	1697337146884
149733 root      20   0   36.9g   5.6g   2.1g R 100.0   0.8   2:50.57 nts	1697337147571
149733 root      20   0   36.9g   5.6g   2.1g R 106.2   0.8   2:51.26 nts	1697337148261
149733 root      20   0   36.9g   5.6g   2.1g R 106.2   0.8   2:51.95 nts	1697337148949
149733 root      20   0   36.9g   5.6g   2.1g R 100.0   0.8   2:52.64 nts	1697337149640
149733 root      20   0   36.9g   5.6g   2.1g R 100.0   0.8   2:53.33 nts	1697337150328
149733 root      20   0   36.9g   5.6g   2.1g R 100.0   0.8   2:54.02 nts	1697337151017
149733 root      20   0   36.9g   5.6g   2.1g R  94.1   0.8   2:54.70 nts	1697337151706
149733 root      20   0   36.9g   5.6g   2.1g R 100.0   0.8   2:55.40 nts	1697337152395
149733 root      20   0   36.9g   5.6g   2.1g R 106.2   0.8   2:56.08 nts	1697337153082
149733 root      20   0   36.9g   5.6g   2.1g R 100.0   0.8   2:56.77 nts	1697337153771
149733 root      20   0   36.9g   5.6g   2.1g R  94.1   0.8   2:57.46 nts	1697337154459
149733 root      20   0   36.9g   5.6g   2.1g R  94.1   0.8   2:58.14 nts	1697337155147
149733 root      20   0   36.9g   5.6g   2.1g R 100.0   0.8   2:58.83 nts	1697337155834
149733 root      20   0   36.9g   5.6g   2.1g R 100.0   0.8   2:59.53 nts	1697337156524
149733 root      20   0   36.9g   5.6g   2.1g R 100.0   0.8   3:00.21 nts	1697337157213
149733 root      20   0   36.9g   5.6g   2.1g R 106.2   0.8   3:00.90 nts	1697337157902
149733 root      20   0   36.9g   5.6g   2.1g R 100.0   0.8   3:01.59 nts	1697337158588
149733 root      20   0   36.9g   5.6g   2.1g R 100.0   0.8   3:02.28 nts	1697337159278
149733 root      20   0   36.9g   5.6g   2.1g R  94.1   0.8   3:02.96 nts	1697337159966
149733 root      20   0   36.9g   5.6g   2.1g R 106.2   0.8   3:03.66 nts	1697337160654
149733 root      20   0   36.9g   5.6g   2.1g R 100.0   0.8   3:04.34 nts	1697337161340
149733 root      20   0   36.9g   5.6g   2.1g R  94.1   0.8   3:05.03 nts	1697337162028
149733 root      20   0   36.9g   5.6g   2.1g R 100.0   0.8   3:05.72 nts	1697337162715
149733 root      20   0   36.9g   5.6g   2.1g R  94.1   0.8   3:06.40 nts	1697337163405
149733 root      20   0   36.9g   5.6g   2.1g R  94.1   0.8   3:07.09 nts	1697337164093
149733 root      20   0   36.9g   5.6g   2.1g R 106.2   0.8   3:07.79 nts	1697337164782
149733 root      20   0   36.9g   5.6g   2.1g R 100.0   0.8   3:08.47 nts	1697337165471
149733 root      20   0   36.9g   5.6g   2.1g R 100.0   0.8   3:09.16 nts	1697337166161
149733 root      20   0   36.9g   5.6g   2.1g R 100.0   0.8   3:09.85 nts	1697337166849
149733 root      20   0   36.9g   5.6g   2.1g R 100.0   0.8   3:10.54 nts	1697337167538
149733 root      20   0   36.9g   5.6g   2.1g R 100.0   0.8   3:11.23 nts	1697337168228
149733 root      20   0   36.9g   5.6g   2.1g R  94.1   0.8   3:11.92 nts	1697337168916
149733 root      20   0   36.9g   5.6g   2.1g R  94.1   0.8   3:12.61 nts	1697337169605
149733 root      20   0   36.9g   5.6g   2.1g R  94.1   0.8   3:13.30 nts	1697337170295
149733 root      20   0   36.9g   5.6g   2.1g R 100.0   0.8   3:13.99 nts	1697337170983
149733 root      20   0   36.9g   5.6g   2.1g R 100.0   0.8   3:14.68 nts	1697337171674
149733 root      20   0   36.9g   5.6g   2.1g R 100.0   0.8   3:15.37 nts	1697337172367
149733 root      20   0   36.9g   5.6g   2.1g R 100.0   0.8   3:16.06 nts	1697337173057
149733 root      20   0   36.9g   5.6g   2.1g R  94.1   0.8   3:16.75 nts	1697337173748
149733 root      20   0   36.9g   5.6g   2.1g R  94.1   0.8   3:17.44 nts	1697337174437
149733 root      20   0   36.9g   5.6g   2.1g R 100.0   0.8   3:18.13 nts	1697337175125
149733 root      20   0   36.9g   5.6g   2.1g R  94.1   0.8   3:18.82 nts	1697337175816
149733 root      20   0   36.9g   5.6g   2.1g R  94.1   0.8   3:19.51 nts	1697337176505
149733 root      20   0   36.9g   5.6g   2.1g R 100.0   0.8   3:20.20 nts	1697337177195
149733 root      20   0   36.9g   5.6g   2.1g R 100.0   0.8   3:20.89 nts	1697337177884
149733 root      20   0   36.9g   5.6g   2.1g R 100.0   0.8   3:21.58 nts	1697337178573
149733 root      20   0   36.9g   5.6g   2.1g R 100.0   0.8   3:22.27 nts	1697337179263
149733 root      20   0   36.9g   5.6g   2.1g R 106.2   0.8   3:22.96 nts	1697337179951
149733 root      20   0   36.9g   5.6g   2.1g R 100.0   0.8   3:23.65 nts	1697337180638
149733 root      20   0   36.9g   5.6g   2.1g R  94.1   0.8   3:24.33 nts	1697337181329
149733 root      20   0   36.9g   5.6g   2.1g R 105.9   0.8   3:25.03 nts	1697337182018
149733 root      20   0   36.9g   5.6g   2.1g R  94.1   0.8   3:25.71 nts	1697337182707
149733 root      20   0   36.9g   5.6g   2.1g R  94.1   0.8   3:26.40 nts	1697337183395
149733 root      20   0   36.9g   5.6g   2.1g R 100.0   0.8   3:27.09 nts	1697337184084
149733 root      20   0   36.9g   5.6g   2.1g R  94.1   0.8   3:27.78 nts	1697337184774
149733 root      20   0   36.9g   5.6g   2.1g R 100.0   0.8   3:28.46 nts	1697337185462
149733 root      20   0   36.9g   5.6g   2.1g R  94.1   0.8   3:29.15 nts	1697337186148
149733 root      20   0   36.9g   5.6g   2.1g R 100.0   0.8   3:29.85 nts	1697337186838
149733 root      20   0   36.9g   5.6g   2.1g R  94.1   0.8   3:30.54 nts	1697337187526
149733 root      20   0   36.9g   5.6g   2.1g R  94.1   0.8   3:31.22 nts	1697337188216
149733 root      20   0   36.9g   5.6g   2.1g R 100.0   0.8   3:31.91 nts	1697337188905
149733 root      20   0   36.9g   5.6g   2.1g R 106.2   0.8   3:32.60 nts	1697337189591
149733 root      20   0   36.9g   5.6g   2.1g R 100.0   0.8   3:33.29 nts	1697337190281
149733 root      20   0   36.9g   5.6g   2.1g R  94.1   0.8   3:33.97 nts	1697337190969
149733 root      20   0   36.9g   5.6g   2.1g R  94.1   0.8   3:34.66 nts	1697337191655
149733 root      20   0   36.9g   5.6g   2.1g R 100.0   0.8   3:35.36 nts	1697337192345
149733 root      20   0   36.9g   5.6g   2.1g R  94.1   0.8   3:36.04 nts	1697337193033
149733 root      20   0   36.9g   5.6g   2.1g R 100.0   0.8   3:36.73 nts	1697337193723
149733 root      20   0   36.9g   5.6g   2.1g R 106.2   0.8   3:37.42 nts	1697337194411
149733 root      20   0   36.9g   5.6g   2.1g R 100.0   0.8   3:38.11 nts	1697337195100
149733 root      20   0   36.9g   5.6g   2.1g R 100.0   0.8   3:38.79 nts	1697337195791
149733 root      20   0   36.9g   5.6g   2.1g R 100.0   0.8   3:39.48 nts	1697337196480
149733 root      20   0   36.9g   5.6g   2.1g R 100.0   0.8   3:40.18 nts	1697337197166
149733 root      20   0   36.9g   5.6g   2.1g R  94.1   0.8   3:40.86 nts	1697337197856
149733 root      20   0   36.9g   5.6g   2.1g R 100.0   0.8   3:41.55 nts	1697337198545
149733 root      20   0   36.9g   5.6g   2.1g R 100.0   0.8   3:42.24 nts	1697337199235
149733 root      20   0   36.9g   5.6g   2.1g R  94.1   0.8   3:42.93 nts	1697337199923
149733 root      20   0   36.9g   5.6g   2.1g R 100.0   0.8   3:43.63 nts	1697337200612
149733 root      20   0   36.9g   5.6g   2.1g R 100.0   0.8   3:44.31 nts	1697337201302
149733 root      20   0   36.9g   5.6g   2.1g R 100.0   0.8   3:45.00 nts	1697337201991
149733 root      20   0   36.9g   5.6g   2.1g R  94.1   0.8   3:45.68 nts	1697337202677
149733 root      20   0   36.9g   5.6g   2.1g R 100.0   0.8   3:46.38 nts	1697337203367
149733 root      20   0   36.9g   5.6g   2.1g R  94.1   0.8   3:47.07 nts	1697337204055
149733 root      20   0   36.9g   5.6g   2.1g R  94.1   0.8   3:47.75 nts	1697337204746
149733 root      20   0   36.9g   5.6g   2.1g R 100.0   0.8   3:48.45 nts	1697337205435
149733 root      20   0   37.2g   5.7g   2.1g R 100.0   0.8   3:49.22 nts	1697337206124
149733 root      20   0  165.7g   5.8g   2.2g S  1071   0.8   3:51.23 nts	1697337206815
149733 root      20   0  181.6g   5.9g   2.2g S 631.2   0.8   3:55.72 nts	1697337207509
149733 root      20   0  183.0g   5.9g   2.2g S 717.6   0.8   3:59.73 nts	1697337208205
149733 root      20   0  182.9g   5.9g   2.2g S 452.9   0.8   4:03.70 nts	1697337208901
149733 root      20   0  183.6g   5.9g   2.2g S 682.4   0.8   4:08.65 nts	1697337209594
149733 root      20   0  183.9g   5.9g   2.2g S 700.0   0.8   4:12.61 nts	1697337210288
149733 root      20   0  184.8g   5.9g   2.3g S 341.2   0.8   4:17.03 nts	1697337210986
149733 root      20   0  198.7g   5.9g   2.3g S 750.0   0.8   4:21.57 nts	1697337211679
149733 root      20   0  200.9g   6.0g   2.3g S 476.5   0.8   4:25.40 nts	1697337212373
149733 root      20   0  201.6g   6.0g   2.3g S 650.0   0.8   4:30.38 nts	1697337213068
149733 root      20   0  201.6g   6.0g   2.3g S 717.6   0.8   4:34.34 nts	1697337213770
149733 root      20   0  201.3g   6.0g   2.3g S 494.1   0.8   4:38.66 nts	1697337214464
149733 root      20   0  201.4g   6.0g   2.3g S 729.4   0.8   4:43.25 nts	1697337215156
149733 root      20   0  202.2g   6.0g   2.3g S 700.0   0.8   4:47.20 nts	1697337215850
149733 root      20   0  206.7g   6.0g   2.3g S 458.8   0.8   4:52.13 nts	1697337216545
149733 root      20   0  207.5g   6.0g   2.3g S 700.0   0.8   4:56.44 nts	1697337217241
149733 root      20   0  207.5g   6.1g   2.4g S 352.9   0.8   5:00.34 nts	1697337217937
149733 root      20   0  207.8g   6.1g   2.4g S 676.5   0.8   5:05.39 nts	1697337218636
149733 root      20   0  207.8g   6.1g   2.4g S 700.0   0.8   5:09.52 nts	1697337219324
149733 root      20   0  207.7g   6.1g   2.4g S 470.6   0.8   5:14.20 nts	1697337220020
149733 root      20   0  208.0g   6.1g   2.4g S 688.2   0.8   5:18.58 nts	1697337220712
149733 root      20   0       0      0      0 Z  17.6   0.0   5:19.97 nts	1697337221407
