2455678 toao      20   0 2565656  97292  67536 R 100.0   0.0   0:00.18 nts	1687224677056
2455678 toao      20   0 5311768 229164 114532 R  1675   0.1   0:03.07 nts	1687224677448
2455678 toao      20   0 5311768 229164 114532 S  2965   0.1   0:12.56 nts	1687224677767
2455678 toao      20   0 5311768 229164 114532 R  3000   0.1   0:24.56 nts	1687224678178
2455678 toao      20   0 5311768 229164 114532 R  3081   0.1   0:33.74 nts	1687224678476
2455678 toao      20   0 5495868 325244 114660 R 743.8   0.2   0:42.21 nts	1687224678889
2455678 toao      20   0 5495868 338704 114660 R 194.1   0.2   0:42.78 nts	1687224679164
2455678 toao      20   0 5495868 343192 114660 R 194.1   0.2   0:43.57 nts	1687224679563
2455678 toao      20   0 5495868 346096 114660 R 206.2   0.2   0:44.13 nts	1687224679853
2455678 toao      20   0 5495868 349792 114660 R 182.4   0.2   0:44.92 nts	1687224680256
2455678 toao      20   0 5495868 351904 114660 R 194.1   0.2   0:45.50 nts	1687224680542
2455678 toao      20   0 5495868 355864 114660 R 194.1   0.2   0:46.29 nts	1687224680943
2455678 toao      20   0 5495868 357976 114660 R 206.2   0.2   0:46.87 nts	1687224681236
2455678 toao      20   0 5495868 360880 114660 R 206.2   0.2   0:47.66 nts	1687224681636
2455678 toao      20   0 5495868 362464 114660 R 206.2   0.2   0:48.23 nts	1687224681927
2455678 toao      20   0 5495868 365104 114660 R 188.2   0.2   0:49.03 nts	1687224682332
2455678 toao      20   0 5495868 367216 114660 R 194.1   0.2   0:49.60 nts	1687224682621
2455678 toao      20   0 5495868 370648 114660 R 206.2   0.2   0:50.40 nts	1687224683028
2455678 toao      20   0 5495868 373024 114660 R 206.2   0.2   0:50.98 nts	1687224683317
2455678 toao      20   0 5495868 376192 114660 R 194.1   0.2   0:51.77 nts	1687224683718
2455678 toao      20   0 5495868 378304 114660 R 200.0   0.2   0:52.36 nts	1687224684013
2455678 toao      20   0 5495868 380416 114660 R 194.1   0.2   0:53.14 nts	1687224684414
2455678 toao      20   0 5495868 382000 114660 R 200.0   0.2   0:53.72 nts	1687224684709
2455678 toao      20   0 5495868 384112 114660 R 188.2   0.2   0:54.50 nts	1687224685104
2455678 toao      20   0 5495868 385696 114660 R 194.1   0.2   0:55.09 nts	1687224685402
2455678 toao      20   0 5495868 387808 114660 S 206.2   0.2   0:55.86 nts	1687224685798
2455678 toao      20   0 5495868 389656 114660 R 200.0   0.2   0:56.46 nts	1687224686096
2455678 toao      20   0 5495868 391768 114660 R 212.5   0.2   0:57.24 nts	1687224686488
2455678 toao      20   0 7220072 599656 114720 R 381.2   0.3   0:58.02 nts	1687224686790
2455678 toao      20   0 7220072 858304 114720 R 964.7   0.4   1:01.63 nts	1687224687184
2455678 toao      20   0 7220072 965392 114720 R 805.9   0.5   1:04.23 nts	1687224687479
2455678 toao      20   0 7220072   1.0g 114720 R 794.1   0.5   1:07.61 nts	1687224687874
2455678 toao      20   0 7220072   1.1g 114720 R 988.2   0.6   1:10.65 nts	1687224688174
2455678 toao      20   0 7220072   1.1g 114720 R 841.2   0.6   1:13.85 nts	1687224688565
2455678 toao      20   0 7220072   1.1g 114720 R 893.8   0.6   1:16.53 nts	1687224688868
2455678 toao      20   0 7220072   1.2g 114720 R  1025   0.6   1:20.01 nts	1687224689250
2455678 toao      20   0 7220072   1.2g 114720 R  1175   0.6   1:23.17 nts	1687224689558
2455678 toao      20   0 7220072   1.2g 114720 R  1162   0.6   1:27.16 nts	1687224689941
2455678 toao      20   0 7220072   1.2g 114720 R 912.5   0.7   1:30.04 nts	1687224690247
2455678 toao      20   0 7220072   1.2g 114720 R  1056   0.7   1:33.66 nts	1687224690631
2455678 toao      20   0 7220072   1.3g 114720 R  1062   0.7   1:36.60 nts	1687224690936
2455678 toao      20   0 7220072   1.3g 114720 R 976.5   0.7   1:40.32 nts	1687224691321
2455678 toao      20   0 7220072   1.3g 114720 R 825.0   0.7   1:42.83 nts	1687224691627
2455678 toao      20   0 7220072   1.3g 114720 R 900.0   0.7   1:46.20 nts	1687224692015
2455678 toao      20   0 7220072   1.3g 114720 R 968.8   0.7   1:48.99 nts	1687224692317
2455678 toao      20   0 7220072   1.3g 114720 R 887.5   0.7   1:52.29 nts	1687224692698
2455678 toao      20   0 8216444   1.3g 114752 R 562.5   0.7   1:54.09 nts	1687224693007
2455678 toao      20   0 8216444   1.3g 114752 R 212.5   0.7   1:54.84 nts	1687224693387
2455678 toao      20   0 8216444   1.3g 114752 R 188.2   0.7   1:55.46 nts	1687224693701
2455678 toao      20   0 8216444   1.3g 114752 R 206.2   0.7   1:56.20 nts	1687224694080
2455678 toao      20   0 8216444   1.3g 114752 R 194.1   0.7   1:56.83 nts	1687224694393
2455678 toao      20   0 8216444   1.3g 114752 R 200.0   0.7   1:57.56 nts	1687224694767
2455678 toao      20   0 8216444   1.3g 114752 R 194.1   0.7   1:58.21 nts	1687224695089
2455678 toao      20   0 8216444   1.3g 114752 R 188.2   0.7   1:58.92 nts	1687224695455
2455678 toao      20   0 8216444   1.3g 114752 R 188.2   0.7   1:59.57 nts	1687224695785
2455678 toao      20   0 8216444   1.3g 114752 R 206.2   0.7   2:00.30 nts	1687224696146
2455678 toao      20   0 8216444   1.3g 114752 R 212.5   0.7   2:00.95 nts	1687224696478
2455678 toao      20   0 8216444   1.3g 114752 R 200.0   0.7   2:01.68 nts	1687224696844
2455678 toao      20   0 8216444   1.4g 114752 R 188.2   0.7   2:02.33 nts	1687224697172
2455678 toao      20   0 8216444   1.4g 114752 R 200.0   0.7   2:03.06 nts	1687224697535
2455678 toao      20   0 8216444   1.4g 114752 R 194.1   0.7   2:03.71 nts	1687224697865
2455678 toao      20   0 8216444   1.4g 114752 R 194.1   0.7   2:04.43 nts	1687224698231
2455678 toao      20   0 8216444   1.4g 114752 R 200.0   0.7   2:05.09 nts	1687224698561
2455678 toao      20   0 8216444   1.4g 114752 R 194.1   0.7   2:05.81 nts	1687224698928
2455678 toao      20   0 8216444   1.4g 114752 R 188.2   0.7   2:06.45 nts	1687224699257
2455678 toao      20   0 8216444   1.4g 114752 R 188.2   0.7   2:07.18 nts	1687224699621
2455678 toao      20   0 8216444   1.4g 114752 R 200.0   0.7   2:07.82 nts	1687224699946
2455678 toao      20   0 8216444   1.4g 114752 R 194.1   0.7   2:08.55 nts	1687224700313
2455678 toao      20   0 8216444   1.4g 114752 R 194.1   0.7   2:09.20 nts	1687224700641
2455678 toao      20   0 8216444   1.4g 114752 R 206.2   0.7   2:09.93 nts	1687224701008
2455678 toao      20   0 8216444   1.4g 114752 R 200.0   0.7   2:10.57 nts	1687224701336
2455678 toao      20   0 8216444   1.4g 114752 R 182.4   0.7   2:11.29 nts	1687224701705
2455678 toao      20   0 8216444   1.4g 114752 R 212.5   0.7   2:11.95 nts	1687224702027
2455678 toao      20   0 8216444   1.4g 114752 R 194.1   0.7   2:12.67 nts	1687224702394
2455678 toao      20   0 8216444   1.4g 114752 R 188.2   0.7   2:13.32 nts	1687224702725
2455678 toao      20   0 9911392   1.6g 114752 R 364.7   0.8   2:14.25 nts	1687224703087
2455678 toao      20   0 9911392   1.8g 114752 R  1006   1.0   2:17.52 nts	1687224703422
2455678 toao      20   0 9911392   1.9g 114752 R 952.9   1.0   2:20.79 nts	1687224703776
2455678 toao      20   0 9911392   2.0g 114752 R 837.5   1.1   2:23.50 nts	1687224704107
2455678 toao      20   0 9911392   2.1g 114752 R  1044   1.1   2:27.08 nts	1687224704467
2455678 toao      20   0 9911392   2.1g 114752 R 906.2   1.1   2:30.00 nts	1687224704795
2455678 toao      20   0 9911392   2.2g 114752 R 894.1   1.1   2:33.25 nts	1687224705154
2455678 toao      20   0 9911392   2.2g 114752 R 968.8   1.2   2:36.14 nts	1687224705479
2455678 toao      20   0 9911392   2.2g 114752 R 906.2   1.2   2:39.63 nts	1687224705847
2455678 toao      20   0 9911392   2.2g 114752 R 887.5   1.2   2:42.61 nts	1687224706171
2455678 toao      20   0 9911392   2.2g 114752 R 875.0   1.2   2:45.74 nts	1687224706542
2455678 toao      20   0 9911392   2.2g 114752 R 893.8   1.2   2:48.41 nts	1687224706858
2455678 toao      20   0 9911392   2.2g 114752 R 882.4   1.2   2:51.59 nts	1687224707226
2455678 toao      20   0 9911392   2.3g 114752 R 776.5   1.2   2:54.39 nts	1687224707545
2455678 toao      20   0 9911392   2.3g 114752 R 925.0   1.2   2:57.72 nts	1687224707910
2455678 toao      20   0 9911392   2.3g 114752 R 987.5   1.2   3:00.76 nts	1687224708236
2455678 toao      20   0 9911392   2.3g 114752 R 887.5   1.2   3:03.91 nts	1687224708600
2455678 toao      20   0 9911392   2.3g 114752 R 787.5   1.2   3:06.62 nts	1687224708926
2455678 toao      20   0   10.7g   2.3g 114752 R 100.0   1.2   3:08.94 nts	1687224709285
2455678 toao      20   0   10.7g   2.4g 114752 R 468.8   1.3   3:09.85 nts	1687224709618
2455678 toao      20   0   10.7g   2.4g 114752 R  88.2   1.3   3:10.21 nts	1687224709983
2455678 toao      20   0   10.7g   2.4g 114752 R 100.0   1.3   3:10.53 nts	1687224710306
2455678 toao      20   0   10.7g   2.4g 114752 R 100.0   1.3   3:10.91 nts	1687224710678
2455678 toao      20   0   10.7g   2.4g 114752 R 106.2   1.3   3:11.23 nts	1687224710997
2455678 toao      20   0   10.7g   2.4g 114752 R  88.2   1.3   3:11.60 nts	1687224711374
2455678 toao      20   0   10.7g   2.4g 114752 R 100.0   1.3   3:11.93 nts	1687224711694
2455678 toao      20   0   10.7g   2.4g 114752 R 100.0   1.3   3:12.30 nts	1687224712063
2455678 toao      20   0   10.7g   2.4g 114752 R 100.0   1.3   3:12.62 nts	1687224712389
2455678 toao      20   0   10.7g   2.4g 114752 R 106.2   1.3   3:12.99 nts	1687224712757
2455678 toao      20   0   10.7g   2.4g 114752 R  94.1   1.3   3:13.32 nts	1687224713084
2455678 toao      20   0   10.7g   2.4g 114752 R 106.2   1.3   3:13.69 nts	1687224713449
2455678 toao      20   0   11.7g   2.6g 114752 R 100.0   1.4   3:14.01 nts	1687224713781
2455678 toao      20   0   11.7g   2.8g 114752 R 100.0   1.5   3:14.38 nts	1687224714143
2455678 toao      20   0   11.7g   2.9g 114752 R  94.1   1.5   3:14.71 nts	1687224714473
2455678 toao      20   0   11.7g   3.0g 114752 R 106.2   1.6   3:15.07 nts	1687224714837
2455678 toao      20   0   11.7g   3.0g 114752 R 106.2   1.6   3:15.41 nts	1687224715169
2455678 toao      20   0   11.7g   3.1g 114752 R 100.0   1.6   3:15.76 nts	1687224715530
2455678 toao      20   0   11.7g   3.1g 114752 R 100.0   1.7   3:16.10 nts	1687224715865
2455678 toao      20   0   11.7g   3.1g 114752 R 100.0   1.7   3:16.46 nts	1687224716222
2455678 toao      20   0   11.7g   3.2g 114752 R 100.0   1.7   3:16.79 nts	1687224716560
2455678 toao      20   0   11.7g   3.2g 114752 R 106.2   1.7   3:17.15 nts	1687224716916
2455678 toao      20   0   11.7g   3.2g 114752 R  94.1   1.7   3:17.48 nts	1687224717256
2455678 toao      20   0   11.7g   3.2g 114752 R 106.2   1.7   3:17.84 nts	1687224717609
2455678 toao      20   0   11.7g   3.2g 114752 R 106.2   1.7   3:18.18 nts	1687224717945
2455678 toao      20   0   11.7g   3.2g 114752 R 100.0   1.7   3:18.54 nts	1687224718301
2455678 toao      20   0   11.7g   3.2g 114752 R 106.2   1.7   3:18.87 nts	1687224718637
2455678 toao      20   0   11.7g   3.3g 114752 R 106.2   1.7   3:19.23 nts	1687224718996
2455678 toao      20   0   11.7g   3.3g 114752 R 100.0   1.7   3:19.57 nts	1687224719334
2455678 toao      20   0   11.7g   3.3g 114752 R 100.0   1.7   3:19.92 nts	1687224719685
2455678 toao      20   0   11.7g   3.3g 114752 R 106.2   1.8   3:20.26 nts	1687224720029
2455678 toao      20   0   11.7g   3.3g 114752 R  94.1   1.8   3:20.61 nts	1687224720380
2455678 toao      20   0   11.7g   3.3g 114752 R 100.0   1.8   3:20.96 nts	1687224720721
2455678 toao      20   0   11.7g   3.3g 114752 R 100.0   1.8   3:21.31 nts	1687224721075
2455678 toao      20   0   11.7g   3.3g 115884 R 337.5   1.8   3:22.02 nts	1687224721417
2455678 toao      20   0   16.8g   3.8g 249332 R 100.0   2.0   3:22.38 nts	1687224721770
2455678 toao      20   0   17.2g   4.1g 307500 R 100.0   2.2   3:22.71 nts	1687224722104
2455678 toao      20   0   17.7g   4.5g 364952 R 106.2   2.4   3:23.07 nts	1687224722465
2455678 toao      20   0   18.1g   4.9g 455188 R 100.0   2.6   3:23.40 nts	1687224722796
2455678 toao      20   0   19.4g   5.4g 507580 R 112.5   2.9   3:23.77 nts	1687224723160
2455678 toao      20   0   19.5g   6.1g 507580 R 105.9   3.3   3:24.10 nts	1687224723491
2455678 toao      20   0   19.5g   6.1g 507580 R  94.1   3.3   3:24.45 nts	1687224723854
2455678 toao      20   0   19.5g   6.1g 507580 R 100.0   3.3   3:24.79 nts	1687224724184
2455678 toao      20   0   19.5g   6.1g 507580 R  94.1   3.3   3:25.14 nts	1687224724546
2455678 toao      20   0   19.5g   6.1g 507580 R 106.2   3.3   3:25.48 nts	1687224724878
2455678 toao      20   0   19.5g   6.1g 507580 R 106.2   3.3   3:25.85 nts	1687224725236
2455678 toao      20   0   19.5g   6.1g 507580 R 106.2   3.3   3:26.18 nts	1687224725570
2455678 toao      20   0   19.5g   6.1g 507580 R 100.0   3.3   3:26.54 nts	1687224725933
2455678 toao      20   0   19.5g   6.1g 507580 R  88.2   3.3   3:26.86 nts	1687224726265
2455678 toao      20   0   19.5g   6.1g 507580 R 106.2   3.3   3:27.24 nts	1687224726628
2455678 toao      20   0   19.5g   6.1g 507580 R 100.0   3.3   3:27.56 nts	1687224726959
2455678 toao      20   0   19.5g   6.1g 507580 R 100.0   3.3   3:27.93 nts	1687224727324
2455678 toao      20   0   19.5g   6.1g 507580 R 100.0   3.3   3:28.26 nts	1687224727652
2455678 toao      20   0   30.7g   6.4g 767352 R 100.0   3.4   3:28.62 nts	1687224728017
2455678 toao      20   0   30.7g   7.7g   2.1g R 100.0   4.1   3:28.94 nts	1687224728346
2455678 toao      20   0   30.7g   9.2g   3.6g R  94.1   4.9   3:29.31 nts	1687224728713
2455678 toao      20   0   30.7g  10.6g   4.9g R 106.2   5.6   3:29.64 nts	1687224729039
2455678 toao      20   0   30.7g  12.0g   6.4g R 100.0   6.4   3:30.00 nts	1687224729406
2455678 toao      20   0   30.7g  13.4g   7.8g R  94.1   7.2   3:30.33 nts	1687224729733
2455678 toao      20   0   30.7g  15.0g   9.4g R 106.2   8.0   3:30.70 nts	1687224730097
2455678 toao      20   0   30.7g  16.4g  10.7g R 106.2   8.7   3:31.03 nts	1687224730428
2455678 toao      20   0   30.7g  17.3g  11.6g R  94.1   9.2   3:31.39 nts	1687224730795
2455678 toao      20   0   30.7g  17.3g  11.6g R 106.2   9.2   3:31.72 nts	1687224731124
2455678 toao      20   0   30.7g  17.3g  11.6g R 106.2   9.2   3:32.09 nts	1687224731487
2455678 toao      20   0   30.7g  17.3g  11.6g R 100.0   9.2   3:32.41 nts	1687224731813
2455678 toao      20   0   30.7g  17.3g  11.6g R 100.0   9.2   3:32.78 nts	1687224732180
2455678 toao      20   0   30.7g  17.3g  11.6g R 106.2   9.2   3:33.10 nts	1687224732504
2455678 toao      20   0   30.7g  17.3g  11.6g R 100.0   9.2   3:33.47 nts	1687224732875
2455678 toao      20   0   30.7g  17.3g  11.6g R 100.0   9.2   3:33.79 nts	1687224733193
2455678 toao      20   0   30.7g  17.3g  11.6g R 106.2   9.2   3:34.17 nts	1687224733568
2455678 toao      20   0   30.7g  17.3g  11.6g R 100.0   9.2   3:34.49 nts	1687224733885
2455678 toao      20   0   30.7g  17.3g  11.6g R 100.0   9.2   3:34.86 nts	1687224734261
2455678 toao      20   0   30.7g  17.3g  11.6g R 100.0   9.2   3:35.18 nts	1687224734580
2455678 toao      20   0   30.7g  17.3g  11.6g R 100.0   9.2   3:35.56 nts	1687224734955
2455678 toao      20   0   30.7g  17.3g  11.6g R 100.0   9.2   3:35.87 nts	1687224735276
2455678 toao      20   0   30.7g  17.3g  11.6g R  94.1   9.2   3:36.25 nts	1687224735653
2455678 toao      20   0   30.7g  17.3g  11.6g R 106.2   9.2   3:36.57 nts	1687224735970
2455678 toao      20   0   30.7g  17.3g  11.6g R 106.2   9.2   3:36.95 nts	1687224736348
2455678 toao      20   0   30.7g  17.3g  11.6g R 100.0   9.2   3:37.26 nts	1687224736663
2455678 toao      20   0   30.7g  17.3g  11.6g R 100.0   9.2   3:37.64 nts	1687224737041
2455678 toao      20   0   30.7g  17.3g  11.6g R  94.1   9.2   3:37.95 nts	1687224737353
2455678 toao      20   0   30.7g  17.3g  11.6g R  94.1   9.2   3:38.32 nts	1687224737735
2455678 toao      20   0   30.7g  17.3g  11.6g R 100.0   9.2   3:38.64 nts	1687224738048
2455678 toao      20   0   30.7g  17.3g  11.6g R 100.0   9.2   3:39.02 nts	1687224738421
2455678 toao      20   0   30.7g  17.3g  11.6g R 100.0   9.2   3:39.34 nts	1687224738741
2455678 toao      20   0   30.7g  17.3g  11.6g R 106.2   9.2   3:39.71 nts	1687224739116
2455678 toao      20   0   30.7g  17.3g  11.6g R 100.0   9.2   3:40.03 nts	1687224739436
2455678 toao      20   0   30.7g  17.3g  11.6g R  94.1   9.2   3:40.40 nts	1687224739812
2455678 toao      20   0   30.7g  17.3g  11.6g R 100.0   9.2   3:40.72 nts	1687224740129
2455678 toao      20   0   30.7g  17.3g  11.6g R 100.0   9.2   3:41.10 nts	1687224740506
2455678 toao      20   0   30.7g  17.3g  11.6g R 106.2   9.2   3:41.41 nts	1687224740820
2455678 toao      20   0   30.7g  17.3g  11.6g R 100.0   9.2   3:41.80 nts	1687224741200
2455678 toao      20   0   30.7g  17.3g  11.6g R  94.1   9.2   3:42.10 nts	1687224741513
2455678 toao      20   0   30.7g  17.3g  11.6g R  94.1   9.2   3:42.48 nts	1687224741894
2455678 toao      20   0   30.7g  17.3g  11.6g R 100.0   9.2   3:42.80 nts	1687224742209
2455678 toao      20   0   30.7g  17.3g  11.6g R  94.1   9.2   3:43.17 nts	1687224742584
2455678 toao      20   0   30.7g  17.3g  11.6g R 100.0   9.2   3:43.50 nts	1687224742904
2455678 toao      20   0   30.7g  17.3g  11.6g R 100.0   9.2   3:43.87 nts	1687224743275
2455678 toao      20   0   30.7g  17.3g  11.6g R 100.0   9.2   3:44.20 nts	1687224743599
2455678 toao      20   0   30.7g  17.3g  11.6g R 106.2   9.2   3:44.56 nts	1687224743968
2455678 toao      20   0   30.7g  17.3g  11.6g R 106.2   9.3   3:44.89 nts	1687224744296
2455678 toao      20   0   30.7g  17.3g  11.6g R 100.0   9.3   3:45.26 nts	1687224744662
2455678 toao      20   0   30.7g  17.3g  11.6g R 100.0   9.3   3:45.60 nts	1687224744994
2455678 toao      20   0   30.7g  17.3g  11.6g R 106.2   9.3   3:45.96 nts	1687224745356
2455678 toao      20   0   30.7g  17.3g  11.6g R  94.1   9.3   3:46.28 nts	1687224745689
2455678 toao      20   0   30.7g  17.3g  11.6g R 100.0   9.3   3:46.64 nts	1687224746052
2455678 toao      20   0   30.7g  17.3g  11.6g R 100.0   9.3   3:46.98 nts	1687224746384
2455678 toao      20   0   30.8g  17.3g  11.6g R  94.1   9.3   3:47.33 nts	1687224746744
2455678 toao      20   0   30.9g  17.4g  11.6g R 231.2   9.3   3:48.02 nts	1687224747076
2455678 toao      20   0   30.9g  17.4g  11.6g R 100.0   9.3   3:48.38 nts	1687224747434
2455678 toao      20   0   30.9g  17.4g  11.6g R 105.9   9.3   3:48.73 nts	1687224747773
2455678 toao      20   0   30.9g  17.4g  11.6g R 106.2   9.3   3:49.08 nts	1687224748127
2455678 toao      20   0   31.0g  17.5g  11.6g R 218.8   9.3   3:49.60 nts	1687224748469
2455678 toao      20   0   32.0g  17.4g  11.6g R  2042   9.3   3:56.59 nts	1687224748841
2455678 toao      20   0   32.0g  17.5g  11.6g R 212.5   9.3   3:57.16 nts	1687224749160
2455678 toao      20   0   32.0g  17.5g  11.6g R 305.3   9.3   4:03.24 nts	1687224749564
2455678 toao      20   0   32.1g  17.6g  11.6g R  1171   9.4   4:05.47 nts	1687224749843
2455678 toao      20   0   32.1g  17.6g  11.6g R 564.7   9.4   4:10.45 nts	1687224750272
2455678 toao      20   0   32.1g  17.5g  11.6g R 400.0   9.4   4:15.79 nts	1687224750588
2455678 toao      20   0   32.1g  17.5g  11.6g R 311.1   9.4   4:21.84 nts	1687224751044
2455678 toao      20   0   32.1g  17.6g  11.6g R  2262   9.4   4:25.54 nts	1687224751281
2455678 toao      20   0   32.1g  17.6g  11.6g R  1756   9.4   4:30.92 nts	1687224751730
2455678 toao      20   0   32.1g  17.5g  11.6g R 287.5   9.4   4:34.17 nts	1687224751994
2455678 toao      20   0   32.1g  17.5g  11.6g R 287.5   9.4   4:40.27 nts	1687224752459
2455678 toao      20   0   32.1g  17.6g  11.6g R  2400   9.4   4:44.17 nts	1687224752681
2455678 toao      20   0   32.1g  17.6g  11.6g R  2276   9.4   4:50.22 nts	1687224753144
2455678 toao      20   0   32.1g  17.5g  11.6g R 275.0   9.4   4:52.32 nts	1687224753394
2455678 toao      20   0   32.1g  17.5g  11.6g R 306.2   9.4   4:58.39 nts	1687224753859
2455678 toao      20   0   32.1g  17.6g  11.6g R  3000   9.4   5:03.78 nts	1687224754078
2455678 toao      20   0   32.1g  17.5g  11.6g R  2888   9.3   5:09.82 nts	1687224754543
2455678 toao      20   0   32.1g  17.5g  11.6g R 175.0   9.4   5:10.37 nts	1687224754778
2455678 toao      20   0   32.1g  17.6g  11.6g R 443.8   9.4   5:16.71 nts	1687224755234
2455678 toao      20   0   32.0g  17.5g  11.6g S  2219   9.3   5:21.80 nts	1687224755480
2455678 toao      20   0   32.1g  17.5g  11.6g R 594.4   9.4   5:28.02 nts	1687224755952
2455678 toao      20   0   32.1g  17.6g  11.6g R  1412   9.4   5:30.30 nts	1687224756149
2455678 toao      20   0   32.1g  17.6g  11.6g R  2794   9.4   5:38.65 nts	1687224756661
2455678 toao      20   0   32.1g  17.5g  11.6g R 243.8   9.4   5:39.99 nts	1687224756864
2455678 toao      20   0   32.1g  17.5g  11.6g R 168.8   9.4   5:46.00 nts	1687224757368
2455678 toao      20   0   32.1g  17.6g  11.6g R  2781   9.4   5:50.47 nts	1687224757549
2455678 toao      20   0   32.0g  17.5g  11.6g S  1328   9.3   5:57.56 nts	1687224758080
2455678 toao      20   0   32.1g  17.6g  11.6g R 231.2   9.4   5:57.94 nts	1687224758257
2455678 toao      20   0   32.1g  17.6g  11.6g R  1541   9.4   6:06.22 nts	1687224758772
2455678 toao      20   0   32.1g  17.5g  11.6g R  1319   9.4   6:09.51 nts	1687224758984
2455678 toao      20   0   32.1g  17.5g  11.6g R 256.2   9.4   6:15.53 nts	1687224759478
2455678 toao      20   0   32.1g  17.6g  11.6g R  2269   9.4   6:19.19 nts	1687224759668
2455678 toao      20   0   32.0g  17.5g  11.6g S  1889   9.3   6:27.21 nts	1687224760196
2455678 toao      20   0   32.1g  17.6g  11.6g R 181.2   9.4   6:27.51 nts	1687224760370
2455678 toao      20   0   32.1g  17.6g  11.6g R  1406   9.4   6:35.77 nts	1687224760884
2455678 toao      20   0   32.1g  17.5g  11.6g R  1378   9.3   6:39.34 nts	1687224761084
2455678 toao      20   0   32.1g  17.5g  11.6g R 262.5   9.4   6:45.32 nts	1687224761598
2455678 toao      20   0   32.1g  17.6g  11.6g R  1953   9.4   6:48.66 nts	1687224761772
2455678 toao      20   0   32.0g  17.5g  11.6g R  1921   9.3   6:56.80 nts	1687224762300
2455678 toao      20   0   32.1g  17.5g  11.6g R 170.6   9.4   6:57.24 nts	1687224762491
2455678 toao      20   0   32.1g  17.6g  11.6g R  1081   9.4   7:04.72 nts	1687224763001
2455678 toao      20   0   32.0g  17.5g  11.6g S  1428   9.3   7:08.71 nts	1687224763200
2455678 toao      20   0   32.1g  17.5g  11.6g R 268.8   9.4   7:14.78 nts	1687224763719
2455678 toao      20   0   32.1g  17.6g  11.6g R  2012   9.4   7:18.01 nts	1687224763898
2455678 toao      20   0   32.0g  17.5g  11.6g R  1926   9.3   7:26.22 nts	1687224764440
2455678 toao      20   0   32.1g  17.6g  11.6g R 187.5   9.4   7:26.65 nts	1687224764619
2455678 toao      20   0   32.1g  17.6g  11.6g R  1625   9.4   7:35.03 nts	1687224765128
2455678 toao      20   0   32.1g  17.5g  11.6g R 873.7   9.4   7:38.24 nts	1687224765332
2455678 toao      20   0   32.1g  17.6g  11.6g R 187.5   9.4   7:44.25 nts	1687224765842
2455678 toao      20   0   32.0g  17.5g  11.6g R  2975   9.3   7:49.52 nts	1687224766036
2455678 toao      20   0   32.1g  17.5g  11.6g R 735.3   9.4   7:55.72 nts	1687224766552
2455678 toao      20   0   32.1g  17.6g  11.6g R  1100   9.4   7:57.59 nts	1687224766723
2455678 toao      20   0   32.1g  17.6g  11.6g R  2929   9.4   8:06.69 nts	1687224767247
2455678 toao      20   0   32.1g  17.5g  11.6g R 256.2   9.4   8:07.46 nts	1687224767438
2455678 toao      20   0   32.1g  17.6g  11.6g R 947.1   9.4   8:14.79 nts	1687224767938
2455678 toao      20   0   32.0g  17.5g  11.6g S  1689   9.3   8:18.83 nts	1687224768130
2455678 toao      20   0   32.1g  17.5g  11.6g R 241.2   9.4   8:24.89 nts	1687224768671
2455678 toao      20   0   32.1g  17.6g  11.6g R  1825   9.4   8:27.81 nts	1687224768840
2455678 toao      20   0   32.0g  17.5g  11.6g S  1711   9.3   8:36.45 nts	1687224769385
2455678 toao      20   0   32.1g  17.6g  11.6g R 341.2   9.4   8:37.03 nts	1687224769565
2455678 toao      20   0   32.1g  17.6g  11.6g R  2365   9.4   8:46.50 nts	1687224770083
2455678 toao      20   0   32.1g  17.5g  11.6g R 361.1   9.4   8:48.25 nts	1687224770288
2455678 toao      20   0   32.1g  17.6g  11.6g R 875.0   9.4   8:55.52 nts	1687224770799
2455678 toao      20   0   32.1g  17.5g  11.6g R  1595   9.3   8:59.89 nts	1687224770988
2455678 toao      20   0   32.1g  17.5g  11.6g R 262.5   9.4   9:05.98 nts	1687224771518
2455678 toao      20   0   32.1g  17.6g  11.6g R  2519   9.4   9:10.02 nts	1687224771698
2455678 toao      20   0   32.0g  17.5g  11.6g R  2312   9.3   9:17.44 nts	1687224772216
2455678 toao      20   0   32.1g  17.6g  11.6g R 331.2   9.4   9:18.18 nts	1687224772416
2455678 toao      20   0   32.1g  17.6g  11.6g R  1962   9.4   9:26.72 nts	1687224772897
2455678 toao      20   0   32.1g  17.5g  11.6g R 355.6   9.4   9:29.46 nts	1687224773142
2455678 toao      20   0   32.1g  17.5g  11.6g R 256.2   9.4   9:35.33 nts	1687224773590
2455678 toao      20   0   32.0g  17.5g  11.6g S  1939   9.3   9:40.91 nts	1687224773840
2455678 toao      20   0   32.1g  17.5g  11.6g R  1239   9.4   9:46.95 nts	1687224774296
2455678 toao      20   0   32.1g  17.6g  11.6g R  1981   9.4   9:50.18 nts	1687224774531
2455678 toao      20   0   32.1g  17.6g  11.6g R  3088   9.4   9:57.82 nts	1687224774982
2455678 toao      20   0   32.1g  17.6g  11.6g R 850.0   9.4   9:59.79 nts	1687224775258
2455678 toao      20   0   32.1g  17.6g  11.6g R  1029   9.4  10:06.10 nts	1687224775673
2455678 toao      20   0   32.1g  17.5g  11.6g R 243.8   9.4  10:10.27 nts	1687224775978
2455678 toao      20   0   32.1g  17.5g  11.6g R 262.5   9.4  10:16.15 nts	1687224776383
2455678 toao      20   0   32.1g  17.5g  11.6g R  1122   9.4  10:21.95 nts	1687224776692
2455678 toao      20   0   32.1g  17.5g  11.6g R  1311   9.4  10:27.77 nts	1687224777080
2455678 toao      20   0   32.0g  17.5g  11.6g R  3200   9.3  10:33.17 nts	1687224777389
2455678 toao      20   0   32.1g  17.6g  11.6g R  2653   9.4  10:38.20 nts	1687224777783
2455678 toao      20   0   32.1g  17.6g  11.6g R 893.8   9.4  10:40.87 nts	1687224778086
2455678 toao      20   0   32.1g  17.6g  11.6g R 668.8   9.4  10:46.37 nts	1687224778488
2455678 toao      20   0   32.1g  17.5g  11.6g R 223.5   9.4  10:51.20 nts	1687224778808
2455678 toao      20   0   32.1g  17.5g  11.6g R 256.2   9.4  10:57.02 nts	1687224779210
2455678 toao      20   0   32.0g  17.5g  11.6g S  1794   9.3  11:02.64 nts	1687224779512
2455678 toao      20   0   32.1g  17.5g  11.6g R  1788   9.3  11:08.59 nts	1687224779921
2455678 toao      20   0   32.1g  17.6g  11.6g R  2412   9.4  11:12.80 nts	1687224780199
2455678 toao      20   0   32.1g  17.6g  11.6g R  2862   9.4  11:19.08 nts	1687224780611
2455678 toao      20   0   32.1g  17.6g  11.6g R  1312   9.4  11:22.33 nts	1687224780923
2455678 toao      20   0   32.1g  17.6g  11.6g R  1375   9.4  11:28.25 nts	1687224781309
2455678 toao      20   0   32.1g  17.6g  11.6g R 262.5   9.4  11:32.00 nts	1687224781630
2455678 toao      20   0   32.1g  17.6g  11.6g R 237.5   9.4  11:37.71 nts	1687224782011
2455678 toao      20   0   32.1g  17.5g  11.6g R 561.1   9.4  11:43.37 nts	1687224782344
2455678 toao      20   0   32.1g  17.5g  11.6g R 531.6   9.4  11:49.08 nts	1687224782732
2455678 toao      20   0   32.1g  17.5g  11.6g R  1289   9.4  11:54.66 nts	1687224783052
2455678 toao      20   0   32.1g  17.5g  11.6g R  1283   9.4  12:00.36 nts	1687224783436
2455678 toao      20   0   32.0g  17.5g  11.6g R  2106   9.3  12:05.94 nts	1687224783768
2455678 toao      20   0   32.0g  17.4g  11.6g R  3175   9.3  12:11.61 nts	1687224784131
2455678 toao      20   0   32.1g  17.6g  11.6g R  2394   9.4  12:15.83 nts	1687224784467
2455678 toao      20   0   32.1g  17.6g  11.6g R  1938   9.4  12:20.75 nts	1687224784815
2455678 toao      20   0   32.1g  17.6g  11.6g R  1656   9.4  12:26.01 nts	1687224785181
2455678 toao      20   0   32.1g  17.6g  11.6g R 800.0   9.4  12:30.50 nts	1687224785518
2455678 toao      20   0   32.1g  17.6g  11.6g R 625.0   9.4  12:36.00 nts	1687224785883
2455678 toao      20   0   32.1g  17.6g  11.6g R 217.6   9.4  12:40.82 nts	1687224786227
2455678 toao      20   0   32.1g  17.6g  11.6g R 700.0   9.4  12:47.54 nts	1687224786607
2455678 toao      20   0   32.1g  17.5g  11.6g R 275.0   9.4  12:52.16 nts	1687224786941
2455678 toao      20   0   32.1g  17.6g  11.6g R 200.0   9.4  12:57.84 nts	1687224787355
2455678 toao      20   0   32.1g  17.5g  11.6g R  1056   9.4  13:03.51 nts	1687224787652
2455678 toao      20   0   32.1g  17.5g  11.6g R  1200   9.4  13:09.26 nts	1687224788043
2455678 toao      20   0   32.0g  17.5g  11.6g S  1989   9.3  13:14.82 nts	1687224788368
2455678 toao      20   0   32.1g  17.5g  11.6g R  2063   9.3  13:20.55 nts	1687224788764
2455678 toao      20   0   32.1g  17.6g  11.6g R  2806   9.4  13:25.57 nts	1687224789063
2455678 toao      20   0   32.1g  17.6g  11.6g R  2800   9.4  13:31.06 nts	1687224789458
2455678 toao      20   0   32.1g  17.6g  11.6g R  1735   9.4  13:35.22 nts	1687224789771
2455678 toao      20   0   32.1g  17.6g  11.6g R  1706   9.4  13:40.72 nts	1687224790157
2455678 toao      20   0   32.1g  17.6g  11.6g R 787.5   9.4  13:44.92 nts	1687224790490
2455678 toao      20   0   32.1g  17.6g  11.6g R 858.8   9.4  13:50.93 nts	1687224790875
2455678 toao      20   0   32.1g  17.6g  11.6g R 305.9   9.4  13:55.46 nts	1687224791203
2455678 toao      20   0   32.1g  17.6g  11.6g R 243.8   9.4  14:01.08 nts	1687224791582
2455678 toao      20   0   32.1g  17.5g  11.6g R 237.5   9.4  14:06.75 nts	1687224791932
2455678 toao      20   0   32.1g  17.5g  11.6g R 352.6   9.4  14:12.46 nts	1687224792296
2455678 toao      20   0   32.1g  17.5g  11.6g R  1032   9.4  14:18.12 nts	1687224792644
2455678 toao      20   0   32.1g  17.5g  11.6g R  1053   9.4  14:23.81 nts	1687224793016
2455678 toao      20   0   32.1g  17.5g  11.6g R  1447   9.4  14:29.51 nts	1687224793368
2455678 toao      20   0   32.0g  17.5g  11.6g R  2017   9.3  14:35.01 nts	1687224793729
2455678 toao      20   0   32.0g  17.4g  11.6g R  2859   9.3  14:40.60 nts	1687224794069
2455678 toao      20   0   32.1g  17.6g  11.6g R  2738   9.4  14:45.36 nts	1687224794418
2455678 toao      20   0   32.1g  17.6g  11.6g R  2088   9.4  14:49.87 nts	1687224794758
2455678 toao      20   0   32.1g  17.6g  11.6g R  1588   9.4  14:54.95 nts	1687224795112
2455678 toao      20   0   32.1g  17.6g  11.6g R  1171   9.4  14:59.78 nts	1687224795475
2455678 toao      20   0   32.1g  17.6g  11.6g R  1169   9.4  15:05.37 nts	1687224795834
2455678 toao      20   0   32.1g  17.6g  11.6g R 652.9   9.4  15:10.29 nts	1687224796183
2455678 toao      20   0   32.1g  17.6g  11.6g R 850.0   9.4  15:16.25 nts	1687224796551
2455678 toao      20   0   32.1g  17.6g  11.6g R 225.0   9.4  15:20.72 nts	1687224796899
2455678 toao      20   0   32.1g  17.5g  11.6g R 223.5   9.4  15:26.43 nts	1687224797274
2455678 toao      20   0   32.1g  17.5g  11.6g R 472.2   9.4  15:32.01 nts	1687224797608
2455678 toao      20   0   32.1g  17.5g  11.6g R 820.0   9.4  15:37.75 nts	1687224797984
2455678 toao      20   0   33.0g  17.5g  11.7g R  1422   9.4  15:43.81 nts	1687224798325
2455678 toao      20   0   58.1g  18.5g  12.6g R 194.1   9.9  15:45.85 nts	1687224798682
2455678 toao      20   0   59.9g  19.4g  13.5g R 212.5  10.3  15:46.56 nts	1687224799039
2455678 toao      20   0   61.8g  20.3g  14.3g R 200.0  10.8  15:47.23 nts	1687224799374
2455678 toao      20   0   66.4g  20.4g  14.4g S  1775  10.9  15:50.54 nts	1687224799725
2455678 toao      20   0   67.9g  20.5g  14.4g S  1912  11.0  15:57.14 nts	1687224800066
2455678 toao      20   0   67.9g  20.6g  14.4g S  2029  11.0  16:04.01 nts	1687224800413
2455678 toao      20   0   68.0g  20.7g  14.4g S  2106  11.0  16:11.05 nts	1687224800760
2455678 toao      20   0   68.1g  20.7g  14.4g S  1941  11.1  16:18.40 nts	1687224801114
2455678 toao      20   0   68.7g  20.8g  14.4g S  2181  11.1  16:25.27 nts	1687224801451
2455678 toao      20   0   68.7g  20.8g  14.4g S  1847  11.1  16:31.79 nts	1687224801800
2455678 toao      20   0   68.8g  20.9g  14.4g S  2062  11.2  16:38.14 nts	1687224802138
2455678 toao      20   0   68.3g  21.0g  14.4g S  2000  11.2  16:45.09 nts	1687224802507
2455678 toao      20   0   68.3g  21.0g  14.4g S  1841  11.2  16:51.36 nts	1687224802842
2455678 toao      20   0   68.5g  21.1g  14.4g S  2056  11.2  16:58.02 nts	1687224803189
2455678 toao      20   0   69.1g  21.1g  14.4g S  1941  11.3  17:04.67 nts	1687224803532
2455678 toao      20   0   68.6g  21.2g  14.4g S  1988  11.3  17:11.43 nts	1687224803890
2455678 toao      20   0   68.6g  21.2g  14.4g S  2019  11.3  17:18.41 nts	1687224804225
2455678 toao      20   0   68.6g  21.3g  14.4g S  2150  11.3  17:25.44 nts	1687224804564
2455678 toao      20   0   68.6g  21.3g  14.4g S  2144  11.3  17:33.07 nts	1687224804918
2455678 toao      20   0   68.6g  21.3g  14.4g S  2281  11.3  17:40.35 nts	1687224805250
2455678 toao      20   0   68.7g  21.3g  14.4g S  2300  11.3  17:48.34 nts	1687224805610
2455678 toao      20   0   75.3g  21.3g  14.4g S  2075  11.4  17:55.37 nts	1687224805943
2455678 toao      20   0   75.9g  21.3g  14.4g S  1975  11.4  18:02.37 nts	1687224806298
2455678 toao      20   0   75.9g  21.3g  14.4g S  1931  11.4  18:08.79 nts	1687224806638
2455678 toao      20   0   75.9g  21.3g  14.4g S  1894  11.4  18:16.06 nts	1687224806989
2455678 toao      20   0   75.9g  21.3g  14.4g S  1894  11.4  18:22.38 nts	1687224807324
2455678 toao      20   0   75.9g  21.3g  14.4g S  1900  11.4  18:29.50 nts	1687224807699
2455678 toao      20   0   75.9g  21.3g  14.4g S  1735  11.4  18:35.62 nts	1687224808036
2455678 toao      20   0   76.0g  21.3g  14.4g S  1776  11.4  18:41.83 nts	1687224808386
2455678 toao      20   0   76.4g  21.3g  14.4g S  1759  11.4  18:48.02 nts	1687224808726
2455678 toao      20   0   75.9g  21.3g  14.4g S  1829  11.4  18:54.72 nts	1687224809086
2455678 toao      20   0   75.9g  21.3g  14.4g S  1871  11.4  19:01.04 nts	1687224809433
2455678 toao      20   0   75.9g  21.3g  14.4g S  1859  11.4  19:07.43 nts	1687224809773
2455678 toao      20   0   75.9g  21.3g  14.4g S  1953  11.4  19:14.10 nts	1687224810112
2455678 toao      20   0   75.9g  21.3g  14.4g S  2029  11.4  19:21.48 nts	1687224810465
2455678 toao      20   0   76.1g  21.3g  14.4g S  2171  11.4  19:28.97 nts	1687224810806
2455678 toao      20   0   75.9g  21.3g  14.4g S  2141  11.4  19:36.70 nts	1687224811151
2455678 toao      20   0   75.9g  21.3g  14.4g S  2250  11.4  19:44.57 nts	1687224811508
2455678 toao      20   0   75.9g  21.3g  14.4g S  2281  11.4  19:51.91 nts	1687224811847
2455678 toao      20   0   75.4g  21.3g  14.4g S  1835  11.4  19:59.20 nts	1687224812199
2455678 toao      20   0   76.1g  21.3g  14.4g S  1900  11.4  20:05.40 nts	1687224812538
2455678 toao      20   0   76.1g  21.3g  14.4g S  1975  11.4  20:12.25 nts	1687224812899
2455678 toao      20   0   76.1g  21.3g  14.4g S  2219  11.4  20:19.33 nts	1687224813237
2455678 toao      20   0   76.1g  21.3g  14.4g S  1753  11.4  20:26.29 nts	1687224813588
2455678 toao      20   0   76.6g  21.3g  14.4g S  1829  11.4  20:32.37 nts	1687224813929
2455678 toao      20   0   76.6g  21.3g  14.4g S  1869  11.4  20:39.00 nts	1687224814298
2455678 toao      20   0   76.1g  21.3g  14.4g S  2144  11.4  20:45.33 nts	1687224814630
2455678 toao      20   0   76.1g  21.3g  14.4g S  2150  11.4  20:52.53 nts	1687224814987
2455678 toao      20   0   76.1g  21.3g  14.4g S  1888  11.4  20:58.96 nts	1687224815315
2455678 toao      20   0   76.1g  21.3g  14.4g S  2035  11.4  21:06.18 nts	1687224815678
2455678 toao      20   0   76.1g  21.3g  14.4g S  2194  11.4  21:12.97 nts	1687224816007
2455678 toao      20   0   76.1g  21.3g  14.4g S  2147  11.4  21:20.55 nts	1687224816363
2455678 toao      20   0   76.1g  21.3g  14.4g S  2144  11.4  21:27.72 nts	1687224816698
2455678 toao      20   0   76.1g  21.3g  14.4g S  2129  11.4  21:35.66 nts	1687224817064
2455678 toao      20   0   76.1g  21.3g  14.4g S  2275  11.4  21:42.62 nts	1687224817394
2455678 toao      20   0   76.1g  21.3g  14.4g S  2088  11.4  21:50.59 nts	1687224817761
2455678 toao      20   0   74.9g  21.3g  14.4g S  2138  11.4  21:57.33 nts	1687224818088
2455678 toao      20   0   76.2g  21.3g  14.4g S  1738  11.4  22:03.62 nts	1687224818459
2455678 toao      20   0   76.5g  21.3g  14.4g S  1956  11.4  22:09.87 nts	1687224818781
2455678 toao      20   0   76.2g  21.3g  14.4g S  1935  11.4  22:17.40 nts	1687224819152
2455678 toao      20   0   76.2g  21.3g  14.4g S  1835  11.4  22:24.11 nts	1687224819501
2455678 toao      20   0   76.2g  21.3g  14.4g S  1847  11.4  22:30.70 nts	1687224819851
2455678 toao      20   0   76.7g  21.3g  14.4g S  1929  11.4  22:37.09 nts	1687224820185
2455678 toao      20   0   76.2g  21.3g  14.4g S  1835  11.4  22:44.13 nts	1687224820546
2455678 toao      20   0   76.2g  21.3g  14.4g S  2200  11.4  22:51.21 nts	1687224820878
2455678 toao      20   0   76.2g  21.3g  14.4g S  1941  11.4  22:58.12 nts	1687224821231
2455678 toao      20   0   76.7g  21.3g  14.4g S  1971  11.4  23:04.91 nts	1687224821578
2455678 toao      20   0   76.2g  21.3g  14.4g S  1931  11.4  23:11.73 nts	1687224821933
2455678 toao      20   0   76.2g  21.3g  14.4g S  1919  11.4  23:18.15 nts	1687224822269
2455678 toao      20   0   76.2g  21.3g  14.4g S  2153  11.4  23:25.67 nts	1687224822622
2455678 toao      20   0   76.7g  21.3g  14.4g S  1947  11.4  23:32.46 nts	1687224822954
2455678 toao      20   0   76.2g  21.3g  14.4g S  1906  11.4  23:40.21 nts	1687224823315
2455678 toao      20   0   76.2g  21.3g  14.4g S  2176  11.4  23:47.87 nts	1687224823653
2455678 toao      20   0   76.2g  21.3g  14.4g S  2256  11.4  23:55.34 nts	1687224824012
2455678 toao      20   0   75.6g  21.3g  14.4g S  1838  11.4  24:01.97 nts	1687224824343
2455678 toao      20   0   76.3g  21.3g  14.4g S  1900  11.4  24:08.71 nts	1687224824708
2455678 toao      20   0   76.3g  21.3g  14.4g S  2244  11.4  24:15.65 nts	1687224825038
2455678 toao      20   0   76.3g  21.3g  14.4g S  2129  11.4  24:23.02 nts	1687224825398
2455678 toao      20   0   76.3g  21.3g  14.4g S  2031  11.4  24:29.44 nts	1687224825734
2455678 toao      20   0   76.5g  21.3g  14.4g S  2062  11.4  24:36.89 nts	1687224826090
2455678 toao      20   0   76.3g  21.3g  14.4g S  1988  11.4  24:44.02 nts	1687224826436
2455678 toao      20   0   76.3g  21.3g  14.4g S  1841  11.4  24:51.11 nts	1687224826782
2455678 toao      20   0   76.3g  21.3g  14.4g S  1938  11.4  24:57.34 nts	1687224827114
2455678 toao      20   0   76.8g  21.3g  14.4g S  1847  11.4  25:03.91 nts	1687224827469
2455678 toao      20   0   76.3g  21.3g  14.4g S  1944  11.4  25:09.99 nts	1687224827799
2455678 toao      20   0   76.3g  21.3g  14.4g S  2012  11.4  25:17.13 nts	1687224828177
2455678 toao      20   0   76.3g  21.3g  14.4g S  1919  11.4  25:23.28 nts	1687224828493
2455678 toao      20   0   76.2g  21.3g  14.4g S  1988  11.4  25:30.23 nts	1687224828853
2455678 toao      20   0   76.3g  21.3g  14.4g S  2006  11.4  25:37.02 nts	1687224829186
2455678 toao      20   0   76.3g  21.3g  14.4g S  2206  11.4  25:44.71 nts	1687224829549
2455678 toao      20   0   76.3g  21.3g  14.4g S  2124  11.4  25:51.99 nts	1687224829875
2455678 toao      20   0   75.6g  21.3g  14.4g S  2253  11.4  25:59.79 nts	1687224830233
2455678 toao      20   0   76.3g  21.3g  14.4g S  1888  11.4  26:06.50 nts	1687224830576
2455678 toao      20   0   76.2g  21.3g  14.4g S  1888  11.4  26:13.14 nts	1687224830920
2455678 toao      20   0   76.3g  21.3g  14.4g S  2012  11.4  26:20.14 nts	1687224831269
2455678 toao      20   0   76.3g  21.3g  14.4g S  1918  11.4  26:27.35 nts	1687224831616
2455678 toao      20   0   76.8g  21.3g  14.4g S  1794  11.4  26:33.81 nts	1687224831956
2455678 toao      20   0   76.3g  21.3g  14.4g S  1782  11.4  26:40.22 nts	1687224832306
2455678 toao      20   0   76.3g  21.3g  14.4g S  1871  11.4  26:46.67 nts	1687224832646
2455678 toao      20   0   76.3g  21.3g  14.4g S  2000  11.4  26:53.72 nts	1687224833016
2455678 toao      20   0   76.3g  21.3g  14.4g S  1835  11.4  27:00.02 nts	1687224833347
2455678 toao      20   0   76.3g  21.3g  14.4g S  1888  11.4  27:06.47 nts	1687224833700
2455678 toao      20   0   76.3g  21.3g  14.4g S  1900  11.4  27:12.55 nts	1687224834041
2455678 toao      20   0   76.8g  21.3g  14.4g S  1959  11.4  27:19.38 nts	1687224834389
2455678 toao      20   0   76.3g  21.3g  14.4g S  2188  11.4  27:25.84 nts	1687224834728
2455678 toao      20   0   76.3g  21.3g  14.4g S  2035  11.4  27:33.53 nts	1687224835084
2455678 toao      20   0   76.2g  21.3g  14.4g S  2029  11.4  27:40.57 nts	1687224835414
2455678 toao      20   0   76.3g  21.3g  14.4g S  2312  11.4  27:48.60 nts	1687224835779
2455678 toao      20   0   76.3g  21.3g  14.4g S  2200  11.4  27:56.10 nts	1687224836104
2455678 toao      20   0   75.1g  21.3g  14.4g S  2112  11.4  28:04.18 nts	1687224836465
2455678 toao      20   0   76.3g  21.3g  14.4g S  1753  11.4  28:10.76 nts	1687224836809
2455678 toao      20   0   76.3g  21.3g  14.4g S  1994  11.4  28:17.73 nts	1687224837154
2455678 toao      20   0   76.2g  21.3g  14.4g S  2012  11.4  28:24.62 nts	1687224837504
2455678 toao      20   0   76.3g  21.3g  14.4g S  2006  11.4  28:31.33 nts	1687224837848
2455678 toao      20   0   76.3g  21.3g  14.4g S  2081  11.4  28:38.76 nts	1687224838213
2455678 toao      20   0   76.2g  21.3g  14.4g S  1912  11.4  28:44.78 nts	1687224838528
2455678 toao      20   0   76.3g  21.3g  14.4g S  1829  11.4  28:51.27 nts	1687224838913
2455678 toao      20   0   76.3g  21.3g  14.4g S  1806  11.4  28:56.55 nts	1687224839213
2455678 toao      20   0   76.3g  21.3g  14.4g S  1931  11.4  29:03.85 nts	1687224839602
2455678 toao      20   0   76.7g  21.3g  14.4g S  1682  11.4  29:09.38 nts	1687224839902
2455678 toao      20   0   76.3g  21.3g  14.4g S  1912  11.4  29:17.30 nts	1687224840289
2455678 toao      20   0   76.3g  21.3g  14.4g S  2000  11.4  29:23.22 nts	1687224840592
2455678 toao      20   0   76.8g  21.3g  14.4g S  2229  11.4  29:31.44 nts	1687224840985
2455678 toao      20   0   76.2g  21.3g  14.4g S  2325  11.4  29:38.41 nts	1687224841295
2455678 toao      20   0   76.8g  21.3g  14.4g S  2047  11.4  29:46.64 nts	1687224841676
2455678 toao      20   0   76.8g  21.3g  14.4g S  1994  11.4  29:53.16 nts	1687224841986
2455678 toao      20   0   76.2g  21.3g  14.4g S  2071  11.4  30:01.78 nts	1687224842372
2455678 toao      20   0   75.1g  21.3g  14.4g S  2024  11.4  30:07.82 nts	1687224842675
2455678 toao      20   0   76.3g  21.3g  14.4g S  1950  11.4  30:15.22 nts	1687224843071
2455678 toao      20   0   76.2g  21.3g  14.4g S  1918  11.4  30:21.01 nts	1687224843362
2455678 toao      20   0   76.3g  21.3g  14.4g S  1882  11.4  30:28.79 nts	1687224843765
2455678 toao      20   0   76.3g  21.3g  14.4g S  1962  11.4  30:34.11 nts	1687224844057
2455678 toao      20   0   76.2g  21.3g  14.4g S  1919  11.4  30:41.44 nts	1687224844450
2455678 toao      20   0   76.3g  21.3g  14.4g S  1888  11.4  30:46.88 nts	1687224844744
2455678 toao      20   0   76.3g  21.3g  14.4g S  1981  11.4  30:54.29 nts	1687224845141
2455678 toao      20   0   76.3g  21.3g  14.4g S  1965  11.4  30:59.98 nts	1687224845430
2455678 toao      20   0   76.2g  21.3g  14.4g S  2138  11.4  31:08.28 nts	1687224845837
2455678 toao      20   0   76.3g  21.3g  14.4g S  1956  11.4  31:13.88 nts	1687224846132
2455678 toao      20   0   76.3g  21.3g  14.4g S  1929  11.4  31:21.99 nts	1687224846529
2455678 toao      20   0   76.3g  21.3g  14.4g S  1835  11.4  31:27.39 nts	1687224846822
2455678 toao      20   0   76.2g  21.3g  14.4g S  2181  11.4  31:35.74 nts	1687224847230
2455678 toao      20   0   76.3g  21.3g  14.4g S  2129  11.4  31:41.67 nts	1687224847513
2455678 toao      20   0   76.3g  21.3g  14.4g S  2212  11.4  31:50.14 nts	1687224847917
2455678 toao      20   0   76.3g  21.3g  14.4g S  2141  11.4  31:56.44 nts	1687224848203
2455678 toao      20   0   76.3g  21.3g  14.4g S  2100  11.4  32:04.98 nts	1687224848603
2455678 toao      20   0   75.1g  21.3g  14.4g S  1919  11.4  32:10.65 nts	1687224848891
2455678 toao      20   0   76.3g  21.3g  14.4g S  2012  11.4  32:17.93 nts	1687224849299
2455678 toao      20   0   76.3g  21.3g  14.4g S  2035  11.4  32:24.00 nts	1687224849605
2455678 toao      20   0   76.3g  21.3g  14.4g S  1912  11.4  32:31.55 nts	1687224849991
2455678 toao      20   0   76.3g  21.3g  14.4g S  1871  11.4  32:37.74 nts	1687224850295
2455678 toao      20   0   76.3g  21.3g  14.4g S  1965  11.4  32:45.96 nts	1687224850687
2455678 toao      20   0   76.3g  21.3g  14.4g S  2012  11.4  32:52.20 nts	1687224850991
2455678 toao      20   0   76.3g  21.3g  14.4g S  2138  11.4  33:00.35 nts	1687224851380
2455678 toao      20   0   76.3g  21.3g  14.4g S  2012  11.4  33:05.86 nts	1687224851679
2455678 toao      20   0   76.6g  21.3g  14.4g S  1919  11.4  33:13.26 nts	1687224852077
2455678 toao      20   0   76.2g  21.3g  14.4g S  1881  11.4  33:19.06 nts	1687224852384
2455678 toao      20   0   76.3g  21.3g  14.4g S  1853  11.4  33:26.59 nts	1687224852774
2455678 toao      20   0   76.3g  21.3g  14.4g S  1835  11.4  33:31.89 nts	1687224853074
2455678 toao      20   0   76.3g  21.3g  14.4g S  2000  11.4  33:40.28 nts	1687224853465
2455678 toao      20   0   76.3g  21.3g  14.4g S  1894  11.4  33:46.52 nts	1687224853778
2455678 toao      20   0   76.4g  21.3g  14.4g S  2150  11.4  33:54.65 nts	1687224854155
2455678 toao      20   0   76.3g  21.3g  14.4g S  2171  11.4  34:01.76 nts	1687224854465
2455678 toao      20   0   76.3g  21.3g  14.4g S  2129  11.4  34:09.69 nts	1687224854851
2455678 toao      20   0   76.2g  21.3g  14.4g S  2088  11.4  34:15.64 nts	1687224855169
2455678 toao      20   0   76.3g  21.3g  14.4g S  1988  11.4  34:22.82 nts	1687224855551
2455678 toao      20   0   76.3g  21.3g  14.4g S  1994  11.4  34:29.03 nts	1687224855868
2455678 toao      20   0   76.3g  21.3g  14.4g S  1935  11.4  34:36.45 nts	1687224856236
2455678 toao      20   0   76.3g  21.3g  14.4g S  2012  11.4  34:43.43 nts	1687224856559
2455678 toao      20   0   76.2g  21.3g  14.4g S  1806  11.4  34:50.64 nts	1687224856934
2455678 toao      20   0   76.7g  21.3g  14.4g S  1671  11.4  34:56.32 nts	1687224857253
2455678 toao      20   0   76.3g  21.3g  14.4g S  1829  11.4  35:03.34 nts	1687224857623
2455678 toao      20   0   76.2g  21.3g  14.4g S  1824  11.4  35:09.57 nts	1687224857950
2455678 toao      20   0   76.3g  21.3g  14.4g S  1865  11.4  35:16.11 nts	1687224858315
2455678 toao      20   0   76.3g  21.3g  14.4g S  1782  11.4  35:22.28 nts	1687224858644
2455678 toao      20   0   76.2g  21.3g  14.4g S  1888  11.4  35:29.09 nts	1687224859005
2455678 toao      20   0   76.3g  21.3g  14.4g S  1944  11.4  35:34.73 nts	1687224859333
2455678 toao      20   0   76.3g  21.3g  14.4g S  2000  11.4  35:42.33 nts	1687224859702
2455678 toao      20   0   76.3g  21.3g  14.4g S  2118  11.4  35:48.97 nts	1687224860015
2455678 toao      20   0   76.2g  21.3g  14.4g S  2112  11.4  35:56.89 nts	1687224860391
2455678 toao      20   0   76.3g  21.3g  14.4g S  2331  11.4  36:04.11 nts	1687224860713
2455678 toao      20   0   76.3g  21.3g  14.4g S  2171  11.4  36:12.41 nts	1687224861085
2455678 toao      20   0       0      0      0 Z 106.2   0.0  36:14.18 nts	1687224861409
2455678 toao      20   0       0      0      0 Z 100.0   0.0  36:14.56 nts	1687224861783
2455678 toao      20   0       0      0      0 Z 100.0   0.0  36:14.87 nts	1687224862098
2455678 toao      20   0       0      0      0 Z  75.0   0.0  36:15.20 nts	1687224862476
2455678 toao      20   0       0      0      0 Z 100.0   0.0  36:15.51 nts	1687224862791
2455678 toao      20   0       0      0      0 Z  94.1   0.0  36:15.88 nts	1687224863173
2455678 toao      20   0       0      0      0 Z 100.0   0.0  36:16.20 nts	1687224863484
2455678 toao      20   0       0      0      0 Z 106.2   0.0  36:16.57 nts	1687224863865
