1725419 toao      20   0 2489460 104196  69812 R  88.9   0.1   0:00.18 nts	1693209174083
1725419 toao      20   0 8372632 220004 118068 R  7272   0.2   0:30.77 nts	1693209174813
1725419 toao      20   0 8482060 296280 118196 R 205.9   0.2   0:53.37 nts	1693209175508
1725419 toao      20   0 8482060 296280 118196 R 194.1   0.2   0:54.75 nts	1693209176215
1725419 toao      20   0 8482060 296280 118196 R 200.0   0.2   0:56.15 nts	1693209176918
1725419 toao      20   0 8482060 296280 118196 R 188.9   0.2   0:57.56 nts	1693209177621
1725419 toao      20   0 8482060 296280 118196 R 200.0   0.2   0:58.96 nts	1693209178327
1725419 toao      20   0 8482060 296280 118196 R 183.3   0.2   1:00.35 nts	1693209179032
1725419 toao      20   0 8482060 296280 118196 R 205.9   0.2   1:01.75 nts	1693209179735
1725419 toao      20   0 8482060 296280 118196 R 194.1   0.2   1:03.14 nts	1693209180436
1725419 toao      20   0 8482060 320304 118196 R 194.1   0.2   1:04.52 nts	1693209181137
1725419 toao      20   0 8482060 320304 118196 R 205.9   0.2   1:05.93 nts	1693209181838
1725419 toao      20   0 8482060 320304 118196 R 194.1   0.2   1:07.31 nts	1693209182539
1725419 toao      20   0 8482060 320304 118196 R 200.0   0.2   1:08.71 nts	1693209183240
1725419 toao      20   0 8482060 320304 118196 R 218.8   0.2   1:10.11 nts	1693209183942
1725419 toao      20   0 8482060 320304 118196 R 212.5   0.2   1:11.49 nts	1693209184643
1725419 toao      20   0 8482060 320304 118196 R 212.5   0.2   1:12.89 nts	1693209185343
1725419 toao      20   0 9950.1m 849732 118316 R  1619   0.6   1:16.38 nts	1693209186044
1725419 toao      20   0 9950.1m 861940 118316 R  1088   0.7   1:23.55 nts	1693209186742
1725419 toao      20   0 9950.1m 864812 118316 R  1029   0.7   1:30.71 nts	1693209187448
1725419 toao      20   0 9950.1m 868460 118316 S 964.7   0.7   1:37.63 nts	1693209188148
1725419 toao      20   0 9950.1m 871548 118316 R  1071   0.7   1:45.26 nts	1693209188854
1725419 toao      20   0 9950.1m   1.0g 118316 R  1024   0.8   1:52.30 nts	1693209189560
1725419 toao      20   0 9950.1m   1.2g 118316 R  1171   1.0   2:00.64 nts	1693209190264
1725419 toao      20   0 9950.1m   1.2g 118316 R  1271   1.0   2:09.89 nts	1693209190970
1725419 toao      20   0 9950.1m   1.2g 118316 R 947.1   1.0   2:17.50 nts	1693209191674
1725419 toao      20   0   13.8g   1.2g 118468 R 858.8   1.0   2:25.35 nts	1693209192380
1725419 toao      20   0   13.8g   1.2g 118468 R 200.0   1.0   2:26.75 nts	1693209193075
1725419 toao      20   0   13.8g   1.2g 118468 R 194.1   1.0   2:28.14 nts	1693209193780
1725419 toao      20   0   13.8g   1.2g 118468 R 194.1   1.0   2:29.53 nts	1693209194485
1725419 toao      20   0   13.8g   1.2g 118468 R 205.9   1.0   2:30.93 nts	1693209195191
1725419 toao      20   0   13.8g   1.3g 118468 R 194.1   1.0   2:32.32 nts	1693209195898
1725419 toao      20   0   13.8g   1.3g 118468 R 200.0   1.0   2:33.72 nts	1693209196606
1725419 toao      20   0   13.8g   1.3g 118468 R 205.9   1.0   2:35.12 nts	1693209197314
1725419 toao      20   0   13.8g   1.3g 118468 R 194.1   1.0   2:36.50 nts	1693209198019
1725419 toao      20   0   13.8g   1.3g 118468 R 200.0   1.0   2:37.89 nts	1693209198720
1725419 toao      20   0   13.8g   1.3g 118468 R 194.1   1.0   2:39.28 nts	1693209199422
1725419 toao      20   0   13.8g   1.3g 118468 R 200.0   1.0   2:40.69 nts	1693209200123
1725419 toao      20   0   13.8g   1.3g 118468 R 194.1   1.0   2:42.08 nts	1693209200834
1725419 toao      20   0   15.4g   1.4g 118468 R 582.4   1.1   2:44.49 nts	1693209201534
1725419 toao      20   0   15.4g   1.5g 118468 R 588.2   1.2   2:48.58 nts	1693209202235
1725419 toao      20   0   15.4g   1.6g 118468 R 535.3   1.3   2:52.19 nts	1693209202936
1725419 toao      20   0   15.4g   1.7g 118468 R 600.0   1.4   2:55.87 nts	1693209203641
1725419 toao      20   0   15.4g   1.8g 118468 R 441.2   1.4   2:59.46 nts	1693209204344
1725419 toao      20   0   15.4g   1.9g 118468 R 476.5   1.5   3:02.67 nts	1693209205048
1725419 toao      20   0   15.4g   1.9g 118468 R 482.4   1.6   3:06.22 nts	1693209205756
1725419 toao      20   0   15.4g   2.0g 118468 R 455.6   1.6   3:09.66 nts	1693209206461
1725419 toao      20   0   15.4g   2.2g 118468 R 594.1   1.7   3:13.88 nts	1693209207169
1725419 toao      20   0   19.4g   2.2g 118468 R 372.2   1.8   3:17.32 nts	1693209207877
1725419 toao      20   0   19.5g   2.3g 118468 R 100.0   1.8   3:19.64 nts	1693209208592
1725419 toao      20   0   19.5g   2.3g 118468 R 105.9   1.8   3:20.35 nts	1693209209298
1725419 toao      20   0   19.5g   2.3g 118468 R 100.0   1.8   3:21.06 nts	1693209210007
1725419 toao      20   0   19.5g   2.3g 118468 R 100.0   1.8   3:21.76 nts	1693209210713
1725419 toao      20   0   19.5g   2.3g 118468 R 100.0   1.8   3:22.47 nts	1693209211418
1725419 toao      20   0   19.5g   2.3g 118468 R 100.0   1.8   3:23.17 nts	1693209212124
1725419 toao      20   0   19.5g   2.3g 118468 R 105.9   1.8   3:23.88 nts	1693209212827
1725419 toao      20   0   19.5g   2.3g 118468 R 105.9   1.8   3:24.58 nts	1693209213531
1725419 toao      20   0   20.4g   2.7g 118468 R 100.0   2.1   3:25.27 nts	1693209214231
1725419 toao      20   0   20.4g   2.8g 118468 R  94.1   2.2   3:25.97 nts	1693209214931
1725419 toao      20   0   20.4g   2.8g 118468 R  94.1   2.2   3:26.67 nts	1693209215631
1725419 toao      20   0   20.4g   2.8g 118468 R 105.9   2.2   3:27.38 nts	1693209216334
1725419 toao      20   0   20.4g   2.8g 118468 R  94.1   2.2   3:28.08 nts	1693209217035
1725419 toao      20   0   20.4g   2.8g 118468 R 100.0   2.2   3:28.78 nts	1693209217738
1725419 toao      20   0   20.4g   2.8g 118468 R 100.0   2.2   3:29.48 nts	1693209218438
1725419 toao      20   0   20.4g   2.8g 118468 R 112.5   2.2   3:30.19 nts	1693209219143
1725419 toao      20   0   20.4g   2.8g 118468 R 100.0   2.2   3:30.88 nts	1693209219843
1725419 toao      20   0   20.4g   2.8g 118468 R 100.0   2.2   3:31.58 nts	1693209220542
1725419 toao      20   0   20.4g   2.8g 118468 R 106.2   2.2   3:32.29 nts	1693209221242
1725419 toao      20   0   20.4g   2.8g 118468 R  94.1   2.2   3:32.98 nts	1693209221943
1725419 toao      20   0   20.4g   2.8g 118468 R 106.2   2.2   3:33.69 nts	1693209222645
1725419 toao      20   0   20.4g   2.8g 118468 R 100.0   2.2   3:34.39 nts	1693209223346
1725419 toao      20   0   20.4g   2.8g 118468 R 100.0   2.2   3:35.09 nts	1693209224048
1725419 toao      20   0   20.4g   3.0g 118468 R  94.1   2.4   3:35.79 nts	1693209224751
1725419 toao      20   0   20.4g   3.0g 118468 R  94.1   2.4   3:36.49 nts	1693209225451
1725419 toao      20   0   20.4g   3.1g 118468 R  94.1   2.5   3:37.19 nts	1693209226151
1725419 toao      20   0   20.4g   3.2g 118468 R  94.1   2.5   3:37.89 nts	1693209226854
1725419 toao      20   0   20.4g   3.2g 118468 R 100.0   2.5   3:38.60 nts	1693209227555
1725419 toao      20   0   20.4g   3.2g 118468 R 100.0   2.5   3:39.30 nts	1693209228258
1725419 toao      20   0   20.4g   3.2g 118468 R 100.0   2.5   3:40.00 nts	1693209228959
1725419 toao      20   0   20.4g   3.2g 118468 R  94.1   2.5   3:40.69 nts	1693209229658
1725419 toao      20   0   20.4g   3.2g 118468 R 100.0   2.5   3:41.40 nts	1693209230358
1725419 toao      20   0   20.4g   3.2g 118468 R 112.5   2.5   3:42.11 nts	1693209231063
1725419 toao      20   0   20.4g   3.2g 118468 R 100.0   2.5   3:42.81 nts	1693209231769
1725419 toao      20   0   20.4g   3.2g 118468 R 106.2   2.5   3:43.51 nts	1693209232472
1725419 toao      20   0   20.4g   3.2g 118468 R 106.2   2.5   3:44.21 nts	1693209233173
1725419 toao      20   0   20.4g   3.2g 118468 R 100.0   2.5   3:44.91 nts	1693209233875
1725419 toao      20   0   20.4g   3.2g 118468 R 105.9   2.5   3:45.62 nts	1693209234579
1725419 toao      20   0   20.4g   3.2g 118468 R 106.2   2.5   3:46.32 nts	1693209235283
1725419 toao      20   0   20.4g   3.2g 118468 R 100.0   2.5   3:47.01 nts	1693209235984
1725419 toao      20   0   29.4g   3.4g 222052 R 100.0   2.7   3:48.79 nts	1693209236683
1725419 toao      20   0   30.1g   4.0g 312804 R 100.0   3.2   3:49.49 nts	1693209237388
1725419 toao      20   0   31.0g   4.8g 459452 R 100.0   3.9   3:50.19 nts	1693209238092
1725419 toao      20   0   32.7g   6.0g 531772 R 100.0   4.8   3:50.89 nts	1693209238790
1725419 toao      20   0   32.7g   6.3g 531772 R 112.5   5.0   3:51.60 nts	1693209239492
1725419 toao      20   0   32.7g   6.3g 531772 R 100.0   5.0   3:52.29 nts	1693209240191
1725419 toao      20   0   39.5g   6.7g 908232 R 100.0   5.3   3:52.99 nts	1693209240891
1725419 toao      20   0   39.5g   9.0g   3.2g R 100.0   7.1   3:53.69 nts	1693209241592
1725419 toao      20   0   39.5g  11.3g   5.5g R 100.0   9.0   3:54.40 nts	1693209242296
1725419 toao      20   0   39.5g  13.2g   7.4g R 100.0  10.5   3:55.09 nts	1693209242999
1725419 toao      20   0   39.6g  13.2g   7.4g R 100.0  10.5   3:55.80 nts	1693209243702
1725419 toao      20   0   39.6g  13.2g   7.4g R 106.2  10.5   3:56.50 nts	1693209244403
1725419 toao      20   0   39.6g  13.2g   7.4g R 100.0  10.5   3:57.19 nts	1693209245103
1725419 toao      20   0   39.6g  13.2g   7.4g R 112.5  10.5   3:57.90 nts	1693209245802
1725419 toao      20   0   39.6g  13.2g   7.4g R 100.0  10.5   3:58.60 nts	1693209246503
1725419 toao      20   0   39.6g  13.2g   7.4g R 100.0  10.5   3:59.31 nts	1693209247207
1725419 toao      20   0   39.6g  13.2g   7.4g R 100.0  10.5   4:00.01 nts	1693209247909
1725419 toao      20   0   39.6g  13.2g   7.4g R  88.9  10.5   4:00.71 nts	1693209248611
1725419 toao      20   0   39.6g  13.2g   7.4g R 100.0  10.5   4:01.42 nts	1693209249316
1725419 toao      20   0   39.6g  13.2g   7.4g R 100.0  10.5   4:02.12 nts	1693209250015
1725419 toao      20   0   39.6g  13.2g   7.4g R 100.0  10.5   4:02.82 nts	1693209250716
1725419 toao      20   0   39.6g  13.2g   7.4g R 100.0  10.5   4:03.52 nts	1693209251419
1725419 toao      20   0   39.6g  13.2g   7.4g R 112.5  10.5   4:04.23 nts	1693209252123
1725419 toao      20   0   39.4g  13.3g   7.4g S 311.8  10.6   4:05.84 nts	1693209252823
1725419 toao      20   0   39.4g  13.3g   7.4g R 338.9  10.6   4:13.89 nts	1693209253531
1725419 toao      20   0   39.6g  13.3g   7.4g S  2718  10.6   4:26.38 nts	1693209254235
1725419 toao      20   0   39.6g  13.3g   7.4g S  1241  10.6   4:37.70 nts	1693209254939
1725419 toao      20   0   39.6g  13.3g   7.4g R 505.9  10.6   4:47.61 nts	1693209255639
1725419 toao      20   0   39.6g  13.3g   7.4g R 347.1  10.6   4:57.07 nts	1693209256340
1725419 toao      20   0   39.6g  13.3g   7.4g S 381.2  10.6   5:06.67 nts	1693209257043
1725419 toao      20   0   39.6g  13.3g   7.4g R 452.9  10.6   5:15.71 nts	1693209257748
1725419 toao      20   0   39.6g  13.3g   7.4g S  2900  10.6   5:29.56 nts	1693209258451
1725419 toao      20   0   39.6g  13.3g   7.4g S 566.7  10.6   5:40.20 nts	1693209259150
1725419 toao      20   0   39.6g  13.3g   7.4g R 541.2  10.6   5:49.67 nts	1693209259856
1725419 toao      20   0   39.6g  13.3g   7.4g R 388.2  10.6   5:59.25 nts	1693209260558
1725419 toao      20   0   39.6g  13.3g   7.4g R 552.9  10.6   6:09.18 nts	1693209261260
1725419 toao      20   0   39.6g  13.3g   7.4g R 825.0  10.6   6:18.91 nts	1693209261964
1725419 toao      20   0   39.6g  13.3g   7.4g R 347.1  10.6   6:27.54 nts	1693209262666
1725419 toao      20   0   39.6g  13.3g   7.4g R 964.7  10.6   6:37.65 nts	1693209263369
1725419 toao      20   0   39.6g  13.3g   7.4g R  2112  10.6   6:48.94 nts	1693209264079
1725419 toao      20   0   39.6g  13.3g   7.4g S  2619  10.6   6:59.03 nts	1693209264782
1725419 toao      20   0   39.6g  13.3g   7.4g S  1976  10.6   7:10.27 nts	1693209265485
1725419 toao      20   0   39.6g  13.3g   7.4g R  1247  10.6   7:20.73 nts	1693209266190
1725419 toao      20   0   39.6g  13.3g   7.4g S  1494  10.6   7:33.78 nts	1693209266892
1725419 toao      20   0   39.6g  13.3g   7.4g S 523.5  10.6   7:43.38 nts	1693209267595
1725419 toao      20   0   39.6g  13.3g   7.4g R 405.9  10.6   7:53.21 nts	1693209268299
1725419 toao      20   0   39.6g  13.3g   7.4g R  2471  10.6   8:06.65 nts	1693209269000
1725419 toao      20   0   39.6g  13.3g   7.4g R 835.3  10.6   8:16.90 nts	1693209269700
1725419 toao      20   0   39.6g  13.3g   7.4g R 512.5  10.6   8:25.63 nts	1693209270403
1725419 toao      20   0   39.6g  13.3g   7.4g R  2671  10.6   8:38.76 nts	1693209271105
1725419 toao      20   0   39.6g  13.3g   7.4g S  2328  10.6   8:48.10 nts	1693209271811
1725419 toao      20   0   39.6g  13.3g   7.4g R  2706  10.6   8:58.13 nts	1693209272516
1725419 toao      20   0   39.6g  13.3g   7.4g R  2447  10.6   9:08.28 nts	1693209273223
1725419 toao      20   0   39.6g  13.3g   7.4g S  1165  10.6   9:18.52 nts	1693209273928
1725419 toao      20   0   39.6g  13.3g   7.4g S 400.0  10.6   9:28.19 nts	1693209274631
1725419 toao      20   0   39.6g  13.3g   7.4g S 341.2  10.6   9:37.71 nts	1693209275331
1725419 toao      20   0   39.6g  13.3g   7.4g R 488.2  10.6   9:47.20 nts	1693209276033
1725419 toao      20   0   39.6g  13.3g   7.4g R  1212  10.6   9:56.98 nts	1693209276740
1725419 toao      20   0   39.6g  13.3g   7.4g R  2035  10.6  10:05.97 nts	1693209277443
1725419 toao      20   0   39.6g  13.3g   7.4g R  1776  10.6  10:15.62 nts	1693209278147
1725419 toao      20   0   39.6g  13.3g   7.4g S 541.2  10.6  10:25.57 nts	1693209278848
1725419 toao      20   0   39.6g  13.3g   7.4g S 417.6  10.6  10:34.95 nts	1693209279551
1725419 toao      20   0   39.6g  13.3g   7.4g R 511.8  10.6  10:44.62 nts	1693209280256
1725419 toao      20   0   39.6g  13.3g   7.4g R  2576  10.6  10:57.35 nts	1693209280957
1725419 toao      20   0   39.6g  13.3g   7.4g R  1212  10.6  11:05.74 nts	1693209281662
1725419 toao      20   0   39.6g  13.3g   7.4g R  1747  10.6  11:20.02 nts	1693209282364
1725419 toao      20   0   39.6g  13.3g   7.4g R  1024  10.6  11:30.01 nts	1693209283067
1725419 toao      20   0   39.6g  13.3g   7.4g R 970.6  10.6  11:39.95 nts	1693209283768
1725419 toao      20   0   39.6g  13.3g   7.4g R 435.3  10.6  11:48.60 nts	1693209284467
1725419 toao      20   0   39.6g  13.3g   7.4g R  2741  10.6  12:02.89 nts	1693209285171
1725419 toao      20   0   39.6g  13.3g   7.4g R 800.0  10.6  12:13.92 nts	1693209285871
1725419 toao      20   0   39.6g  13.3g   7.4g R  1106  10.6  12:24.24 nts	1693209286579
1725419 toao      20   0   39.6g  13.3g   7.4g R  2394  10.6  12:35.50 nts	1693209287282
1725419 toao      20   0   39.6g  13.3g   7.4g S  1161  10.6  12:45.97 nts	1693209287986
1725419 toao      20   0   39.6g  13.3g   7.4g R 776.5  10.6  12:55.51 nts	1693209288698
1725419 toao      20   0   39.6g  13.3g   7.4g R  2124  10.6  13:08.12 nts	1693209289403
1725419 toao      20   0   39.6g  13.3g   7.4g R  2735  10.6  13:16.62 nts	1693209290108
1725419 toao      20   0   39.6g  13.3g   7.4g S 776.5  10.6  13:27.21 nts	1693209290811
1725419 toao      20   0   39.6g  13.3g   7.4g R 547.1  10.6  13:36.71 nts	1693209291512
1725419 toao      20   0   39.6g  13.3g   7.4g R  1012  10.6  13:46.14 nts	1693209292215
1725419 toao      20   0   39.6g  13.3g   7.4g R  1831  10.6  13:56.57 nts	1693209292915
1725419 toao      20   0   89.9g  14.2g   8.3g S 100.0  11.3  13:58.71 nts	1693209293614
1725419 toao      20   0   92.4g  15.1g   9.2g R 200.0  12.0  14:00.02 nts	1693209294317
1725419 toao      20   0   96.1g  16.2g  10.3g R 212.5  12.9  14:01.42 nts	1693209295024
1725419 toao      20   0   97.6g  16.9g  11.0g S 318.8  13.5  14:03.02 nts	1693209295724
1725419 toao      20   0  103.6g  16.9g  11.0g S 235.3  13.5  14:08.76 nts	1693209296427
1725419 toao      20   0  107.5g  16.9g  11.0g S  1465  13.5  14:13.28 nts	1693209297129
1725419 toao      20   0  108.8g  16.9g  11.0g S 758.8  13.5  14:16.41 nts	1693209297835
1725419 toao      20   0  110.1g  16.9g  11.0g S 394.1  13.5  14:20.28 nts	1693209298540
1725419 toao      20   0  110.1g  16.9g  11.0g S 425.0  13.5  14:24.47 nts	1693209299243
1725419 toao      20   0  110.7g  16.9g  11.0g S 418.8  13.5  14:28.72 nts	1693209299943
1725419 toao      20   0  110.7g  16.9g  11.0g S 400.0  13.5  14:33.15 nts	1693209300642
1725419 toao      20   0  110.7g  16.9g  11.0g S 331.2  13.5  14:37.40 nts	1693209301345
1725419 toao      20   0  110.7g  16.9g  11.0g S 258.8  13.5  14:41.69 nts	1693209302046
1725419 toao      20   0  110.7g  16.9g  11.0g S 241.2  13.5  14:46.03 nts	1693209302745
1725419 toao      20   0  110.7g  16.9g  11.0g S  1394  13.5  14:50.51 nts	1693209303445
1725419 toao      20   0  110.7g  16.9g  11.0g S  1218  13.5  14:54.47 nts	1693209304145
1725419 toao      20   0  110.7g  16.9g  11.0g S 400.0  13.5  14:57.42 nts	1693209304846
1725419 toao      20   0  110.7g  16.9g  11.0g S 400.0  13.5  15:01.57 nts	1693209305551
1725419 toao      20   0  110.7g  16.9g  11.0g S 400.0  13.5  15:05.81 nts	1693209306255
1725419 toao      20   0  110.7g  16.9g  11.0g S 418.8  13.5  15:10.04 nts	1693209306956
1725419 toao      20   0  110.7g  16.9g  11.0g S 394.1  13.5  15:14.48 nts	1693209307654
1725419 toao      20   0  110.7g  16.9g  11.0g S 376.5  13.5  15:18.87 nts	1693209308358
1725419 toao      20   0  110.7g  16.9g  11.0g S 406.2  13.5  15:23.20 nts	1693209309063
1725419 toao      20   0  110.7g  16.9g  11.0g S 294.1  13.5  15:27.49 nts	1693209309774
1725419 toao      20   0  110.7g  16.9g  11.0g S 270.6  13.5  15:31.85 nts	1693209310477
1725419 toao      20   0  110.7g  16.9g  11.0g S 229.4  13.5  15:36.20 nts	1693209311183
1725419 toao      20   0  110.7g  16.9g  11.0g S  1371  13.5  15:40.56 nts	1693209311887
1725419 toao      20   0  110.7g  16.9g  11.0g S  1476  13.5  15:44.98 nts	1693209312587
1725419 toao      20   0  110.7g  16.9g  11.0g S  1429  13.5  15:49.05 nts	1693209313291
1725419 toao      20   0  110.7g  16.9g  11.0g S  1476  13.5  15:53.36 nts	1693209313990
1725419 toao      20   0  110.7g  16.9g  11.0g S  1441  13.5  15:57.63 nts	1693209314695
1725419 toao      20   0  110.7g  16.9g  11.0g S 400.0  13.5  16:00.03 nts	1693209315399
1725419 toao      20   0  110.7g  16.9g  11.0g S 394.1  13.5  16:04.33 nts	1693209316100
1725419 toao      20   0  110.7g  16.9g  11.0g S 431.2  13.5  16:08.79 nts	1693209316803
1725419 toao      20   0  110.7g  16.9g  11.0g S 394.1  13.5  16:13.10 nts	1693209317504
1725419 toao      20   0  110.7g  16.9g  11.0g S 400.0  13.5  16:17.41 nts	1693209318208
1725419 toao      20   0  110.7g  16.9g  11.0g S 400.0  13.5  16:21.58 nts	1693209318907
1725419 toao      20   0  110.7g  16.9g  11.0g S 370.6  13.5  16:25.90 nts	1693209319608
1725419 toao      20   0  110.7g  16.9g  11.0g S 352.9  13.5  16:30.35 nts	1693209320310
1725419 toao      20   0  110.7g  16.9g  11.0g S 264.7  13.5  16:34.68 nts	1693209321012
1725419 toao      20   0  110.7g  16.9g  11.0g S 382.4  13.5  16:38.99 nts	1693209321714
1725419 toao      20   0  110.7g  16.9g  11.0g S 329.4  13.5  16:43.37 nts	1693209322418
1725419 toao      20   0  110.7g  16.9g  11.0g S  1481  13.5  16:47.77 nts	1693209323123
1725419 toao      20   0  110.7g  16.9g  11.0g S  1482  13.5  16:52.19 nts	1693209323823
1725419 toao      20   0  111.2g  16.9g  11.0g S 800.0  13.5  16:55.33 nts	1693209324527
1725419 toao      20   0  111.2g  16.9g  11.0g S 633.3  13.5  16:59.53 nts	1693209325232
1725419 toao      20   0  110.7g  16.9g  11.0g S  1306  13.5  17:04.92 nts	1693209325939
1725419 toao      20   0  110.7g  16.9g  11.0g S 418.8  13.5  17:07.76 nts	1693209326643
1725419 toao      20   0  110.7g  16.9g  11.0g S 418.8  13.5  17:12.26 nts	1693209327342
1725419 toao      20   0  110.7g  16.9g  11.0g S 425.0  13.5  17:16.74 nts	1693209328042
1725419 toao      20   0  110.7g  16.9g  11.0g S 425.0  13.5  17:21.04 nts	1693209328743
1725419 toao      20   0  110.7g  16.9g  11.0g S 406.2  13.5  17:25.33 nts	1693209329443
1725419 toao      20   0  110.7g  16.9g  11.0g S 412.5  13.5  17:29.74 nts	1693209330143
1725419 toao      20   0  110.7g  16.9g  11.0g S 311.8  13.5  17:33.91 nts	1693209330843
1725419 toao      20   0  110.7g  16.9g  11.0g S 223.5  13.5  17:38.16 nts	1693209331547
1725419 toao      20   0  110.7g  16.9g  11.0g S 805.9  13.5  17:42.66 nts	1693209332246
1725419 toao      20   0  110.7g  16.9g  11.0g S 241.2  13.5  17:46.94 nts	1693209332947
1725419 toao      20   0  110.7g  16.9g  11.0g S 694.1  13.5  17:51.25 nts	1693209333650
1725419 toao      20   0  110.7g  16.9g  11.0g S  1400  13.5  17:55.68 nts	1693209334355
1725419 toao      20   0  110.7g  16.9g  11.0g S 758.8  13.5  18:00.01 nts	1693209335058
1725419 toao      20   0  110.7g  16.9g  11.0g S  1606  13.5  18:04.57 nts	1693209335763
1725419 toao      20   0  111.4g  16.9g  11.0g S  1494  13.5  18:08.92 nts	1693209336463
1725419 toao      20   0  112.9g  16.9g  11.0g S 394.1  13.5  18:11.27 nts	1693209337166
1725419 toao      20   0  112.9g  16.9g  11.0g S 400.0  13.5  18:15.61 nts	1693209337867
1725419 toao      20   0  112.9g  16.9g  11.0g S 388.2  13.5  18:19.94 nts	1693209338567
1725419 toao      20   0  112.9g  16.9g  11.0g S 400.0  13.5  18:24.30 nts	1693209339267
1725419 toao      20   0  112.9g  16.9g  11.0g S 347.1  13.5  18:28.77 nts	1693209339968
1725419 toao      20   0  112.9g  16.9g  11.0g S 358.8  13.5  18:33.17 nts	1693209340671
1725419 toao      20   0  112.9g  16.9g  11.0g S 294.1  13.5  18:37.68 nts	1693209341375
1725419 toao      20   0  112.9g  16.9g  11.0g S 241.2  13.5  18:42.02 nts	1693209342075
1725419 toao      20   0  112.9g  16.9g  11.0g S  1333  13.5  18:46.42 nts	1693209342775
1725419 toao      20   0  112.9g  16.9g  11.0g S  1512  13.5  18:50.90 nts	1693209343486
1725419 toao      20   0  112.9g  16.9g  11.0g S  1524  13.5  18:55.38 nts	1693209344187
1725419 toao      20   0  112.9g  16.9g  11.0g S  1361  13.5  18:59.71 nts	1693209344891
1725419 toao      20   0  112.9g  16.9g  11.0g S  1471  13.5  19:04.23 nts	1693209345602
1725419 toao      20   0  126.0g  16.9g  11.0g S 247.1  13.5  19:08.04 nts	1693209346315
1725419 toao      20   0  126.8g  16.9g  11.0g S 941.2  13.5  19:12.32 nts	1693209347016
1725419 toao      20   0  127.9g  16.9g  11.0g S  1012  13.5  19:15.96 nts	1693209347715
1725419 toao      20   0  127.4g  16.9g  11.0g S 400.0  13.5  19:19.33 nts	1693209348416
1725419 toao      20   0  128.0g  16.9g  11.0g S 405.9  13.5  19:23.55 nts	1693209349116
1725419 toao      20   0  128.0g  16.9g  11.0g S 382.4  13.5  19:27.87 nts	1693209349818
1725419 toao      20   0  128.0g  16.9g  11.0g S 364.7  13.5  19:32.39 nts	1693209350522
1725419 toao      20   0  128.0g  16.9g  11.0g S 317.6  13.5  19:36.63 nts	1693209351227
1725419 toao      20   0  128.0g  16.9g  11.0g S 294.1  13.5  19:41.19 nts	1693209351927
1725419 toao      20   0  128.0g  16.9g  11.0g S 241.2  13.5  19:45.63 nts	1693209352627
1725419 toao      20   0  128.0g  16.9g  11.0g S  1294  13.5  19:50.02 nts	1693209353328
1725419 toao      20   0  128.0g  16.9g  11.0g S  1529  13.5  19:54.59 nts	1693209354030
1725419 toao      20   0  128.0g  16.9g  11.0g S 400.0  13.5  19:57.13 nts	1693209354730
1725419 toao      20   0  128.0g  16.9g  11.0g S 400.0  13.5  20:01.41 nts	1693209355431
1725419 toao      20   0  128.0g  16.9g  11.0g S 394.1  13.5  20:05.74 nts	1693209356131
1725419 toao      20   0  128.0g  16.9g  11.0g S 400.0  13.5  20:10.18 nts	1693209356832
1725419 toao      20   0  128.0g  16.9g  11.0g S 394.1  13.5  20:14.58 nts	1693209357531
1725419 toao      20   0  128.0g  16.9g  11.0g S 376.5  13.5  20:18.93 nts	1693209358235
1725419 toao      20   0  128.0g  16.9g  11.0g S 341.2  13.5  20:23.26 nts	1693209358936
1725419 toao      20   0  128.0g  16.9g  11.0g S 311.8  13.5  20:27.67 nts	1693209359639
1725419 toao      20   0  128.0g  16.9g  11.0g S 281.2  13.5  20:32.04 nts	1693209360342
1725419 toao      20   0  128.0g  16.9g  11.0g S 494.1  13.5  20:36.64 nts	1693209361043
1725419 toao      20   0  128.0g  16.9g  11.0g S  1435  13.5  20:41.10 nts	1693209361747
1725419 toao      20   0  128.0g  16.9g  11.0g S  1506  13.5  20:45.53 nts	1693209362450
1725419 toao      20   0  128.0g  16.9g  11.0g S 400.0  13.5  20:47.83 nts	1693209363151
1725419 toao      20   0  128.6g  16.9g  11.0g S 770.6  13.5  20:52.70 nts	1693209363851
1725419 toao      20   0  128.0g  16.9g  11.0g S 394.1  13.5  20:56.39 nts	1693209364551
1725419 toao      20   0  128.0g  16.9g  11.0g S 394.1  13.5  21:00.88 nts	1693209365249
1725419 toao      20   0  128.0g  16.9g  11.0g S 400.0  13.5  21:05.11 nts	1693209365951
1725419 toao      20   0  128.0g  16.9g  11.0g S 388.2  13.5  21:09.36 nts	1693209366651
1725419 toao      20   0  128.0g  16.9g  11.0g S 394.1  13.5  21:13.69 nts	1693209367351
1725419 toao      20   0  128.0g  16.9g  11.0g S 347.1  13.5  21:18.16 nts	1693209368053
1725419 toao      20   0  128.0g  16.9g  11.0g S 352.9  13.5  21:22.63 nts	1693209368751
1725419 toao      20   0  128.0g  16.9g  11.0g S 288.2  13.5  21:26.87 nts	1693209369450
1725419 toao      20   0  128.0g  16.9g  11.0g S 317.6  13.5  21:31.40 nts	1693209370154
1725419 toao      20   0  128.0g  16.9g  11.0g S 229.4  13.5  21:35.76 nts	1693209370858
1725419 toao      20   0  128.0g  16.9g  11.0g S  1189  13.5  21:40.30 nts	1693209371559
1725419 toao      20   0  128.0g  16.9g  11.0g S  1541  13.5  21:44.89 nts	1693209372269
1725419 toao      20   0  128.0g  16.9g  11.0g S  1406  13.5  21:49.18 nts	1693209372970
1725419 toao      20   0  128.0g  16.9g  11.0g S 411.8  13.5  21:51.73 nts	1693209373671
1725419 toao      20   0  128.0g  16.9g  11.0g S 405.9  13.5  21:55.90 nts	1693209374377
1725419 toao      20   0  128.0g  16.9g  11.0g S 388.2  13.5  22:00.18 nts	1693209375085
1725419 toao      20   0  128.0g  16.9g  11.0g S 423.5  13.5  22:04.52 nts	1693209375786
1725419 toao      20   0  128.0g  16.9g  11.0g S 394.1  13.5  22:09.05 nts	1693209376497
1725419 toao      20   0  128.0g  16.9g  11.0g S 394.1  13.5  22:13.38 nts	1693209377199
1725419 toao      20   0  128.0g  16.9g  11.0g S 394.1  13.5  22:17.73 nts	1693209377898
1725419 toao      20   0  128.0g  16.9g  11.0g S 358.8  13.5  22:22.05 nts	1693209378599
1725419 toao      20   0  128.0g  16.9g  11.0g S 288.2  13.5  22:26.22 nts	1693209379299
1725419 toao      20   0  128.0g  16.9g  11.0g S 252.9  13.5  22:30.50 nts	1693209379999
1725419 toao      20   0  128.0g  16.9g  11.0g S  1181  13.5  22:34.91 nts	1693209380703
1725419 toao      20   0  128.0g  16.9g  11.0g S  1588  13.5  22:39.37 nts	1693209381404
1725419 toao      20   0  128.0g  16.9g  11.0g S  1462  13.5  22:43.54 nts	1693209382103
1725419 toao      20   0  128.0g  16.9g  11.0g S 405.9  13.5  22:46.11 nts	1693209382805
1725419 toao      20   0  128.0g  16.9g  11.0g S 383.3  13.5  22:50.58 nts	1693209383507
1725419 toao      20   0  128.0g  16.9g  11.0g S 377.8  13.5  22:54.89 nts	1693209384219
1725419 toao      20   0  128.0g  16.9g  11.0g S 377.8  13.5  22:59.30 nts	1693209384931
1725419 toao      20   0  128.0g  16.9g  11.0g S 383.3  13.5  23:03.73 nts	1693209385638
1725419 toao      20   0  128.0g  16.9g  11.0g S 372.2  13.5  23:08.05 nts	1693209386347
1725419 toao      20   0  128.0g  16.9g  11.0g S 405.9  13.5  23:12.56 nts	1693209387059
1725419 toao      20   0  129.5g  16.9g  11.0g S 400.0  13.5  23:16.81 nts	1693209387760
1725419 toao      20   0  120.8g  16.9g  11.0g S 270.6  13.5  23:21.12 nts	1693209388460
1725419 toao      20   0  120.8g  16.9g  11.0g S 541.2  13.5  23:25.48 nts	1693209389160
1725419 toao      20   0  120.8g  16.9g  11.0g S  1512  13.5  23:29.95 nts	1693209389863
1725419 toao      20   0  120.8g  16.9g  11.0g S  1600  13.5  23:34.44 nts	1693209390564
1725419 toao      20   0  121.5g  16.9g  11.0g S  1206  13.5  23:38.27 nts	1693209391276
1725419 toao      20   0  121.5g  16.9g  11.0g S 400.0  13.5  23:41.31 nts	1693209391980
1725419 toao      20   0  122.7g  16.9g  11.0g S 418.8  13.5  23:45.63 nts	1693209392683
1725419 toao      20   0  123.3g  16.9g  11.0g S 400.0  13.5  23:50.01 nts	1693209393383
1725419 toao      20   0  123.6g  16.9g  11.0g S 394.1  13.5  23:54.29 nts	1693209394087
1725419 toao      20   0  123.6g  16.9g  11.0g S 400.0  13.5  23:58.81 nts	1693209394791
1725419 toao      20   0  123.6g  16.9g  11.0g S 388.2  13.5  24:03.11 nts	1693209395491
1725419 toao      20   0  123.6g  16.9g  11.0g S 364.7  13.5  24:07.62 nts	1693209396192
1725419 toao      20   0  123.6g  16.9g  11.0g S 376.5  13.5  24:11.91 nts	1693209396895
1725419 toao      20   0  134.5g  16.9g  11.0g S 394.1  13.5  24:16.01 nts	1693209397598
1725419 toao      20   0  135.2g  16.9g  11.0g S 370.6  13.5  24:20.12 nts	1693209398299
1725419 toao      20   0  136.1g  16.9g  11.0g S 312.5  13.5  24:24.42 nts	1693209399004
1725419 toao      20   0  136.1g  16.9g  11.0g S 241.2  13.5  24:28.75 nts	1693209399705
1725419 toao      20   0  137.6g  16.9g  11.0g S  1459  13.5  24:33.21 nts	1693209400408
1725419 toao      20   0  137.6g  16.9g  11.0g S  1529  13.5  24:37.66 nts	1693209401110
1725419 toao      20   0  138.1g  16.9g  11.0g S 705.9  13.5  24:40.70 nts	1693209401812
1725419 toao      20   0  137.6g  16.9g  11.0g S 394.1  13.5  24:44.39 nts	1693209402513
1725419 toao      20   0  137.6g  16.9g  11.0g S 400.0  13.5  24:48.74 nts	1693209403216
1725419 toao      20   0  137.6g  16.9g  11.0g S 405.9  13.5  24:53.10 nts	1693209403922
1725419 toao      20   0  137.6g  16.9g  11.0g S 411.8  13.5  24:57.68 nts	1693209404628
1725419 toao      20   0  137.6g  16.9g  11.0g S 370.6  13.5  25:02.13 nts	1693209405333
1725419 toao      20   0  137.6g  16.9g  11.0g S 282.4  13.5  25:06.52 nts	1693209406029
1725419 toao      20   0  137.6g  16.9g  11.0g S 282.4  13.5  25:10.89 nts	1693209406723
1725419 toao      20   0  137.6g  16.9g  11.0g S 252.9  13.5  25:15.17 nts	1693209407427
1725419 toao      20   0  137.6g  16.9g  11.0g S 223.5  13.5  25:19.47 nts	1693209408131
1725419 toao      20   0  137.6g  16.9g  11.0g S 929.4  13.5  25:23.77 nts	1693209408830
1725419 toao      20   0  137.6g  16.9g  11.0g S  1465  13.5  25:28.18 nts	1693209409530
1725419 toao      20   0  137.6g  16.9g  11.0g S  1344  13.5  25:32.57 nts	1693209410231
1725419 toao      20   0  138.1g  16.9g  11.0g S 764.7  13.5  25:35.67 nts	1693209410939
1725419 toao      20   0  137.6g  16.9g  11.0g S 394.1  13.5  25:39.53 nts	1693209411640
1725419 toao      20   0  137.6g  16.9g  11.0g S 394.1  13.5  25:43.94 nts	1693209412340
1725419 toao      20   0  137.6g  16.9g  11.0g S 394.1  13.5  25:48.33 nts	1693209413040
1725419 toao      20   0  137.6g  16.9g  11.0g S 377.8  13.5  25:52.69 nts	1693209413741
1725419 toao      20   0  137.6g  16.9g  11.0g S 400.0  13.5  25:57.08 nts	1693209414447
1725419 toao      20   0  137.6g  16.9g  11.0g S 400.0  13.5  26:01.49 nts	1693209415152
1725419 toao      20   0  137.6g  16.9g  11.0g S 400.0  13.5  26:05.98 nts	1693209415854
1725419 toao      20   0  137.6g  16.9g  11.0g S 352.9  13.5  26:10.20 nts	1693209416559
1725419 toao      20   0  137.6g  16.9g  11.0g S 323.5  13.5  26:14.71 nts	1693209417262
1725419 toao      20   0  137.6g  16.9g  11.0g S 258.8  13.5  26:19.04 nts	1693209417966
1725419 toao      20   0  137.6g  16.9g  11.0g S 900.0  13.5  26:23.51 nts	1693209418668
1725419 toao      20   0  137.6g  16.9g  11.0g S 223.5  13.5  26:27.77 nts	1693209419370
1725419 toao      20   0  137.6g  16.9g  11.0g S  1569  13.5  26:32.30 nts	1693209420072
1725419 toao      20   0  137.6g  16.9g  11.0g S  1506  13.5  26:36.84 nts	1693209420774
1725419 toao      20   0  137.6g  16.9g  11.0g S  1506  13.5  26:41.03 nts	1693209421474
1725419 toao      20   0  137.6g  16.9g  11.0g S 400.0  13.5  26:43.74 nts	1693209422171
1725419 toao      20   0  137.6g  16.9g  11.0g S 400.0  13.5  26:47.97 nts	1693209422871
1725419 toao      20   0  137.6g  16.9g  11.0g S 394.1  13.5  26:52.36 nts	1693209423575
1725419 toao      20   0  137.6g  16.9g  11.0g S 394.1  13.5  26:56.66 nts	1693209424278
1725419 toao      20   0  137.6g  16.9g  11.0g S 400.0  13.5  27:01.11 nts	1693209424979
1725419 toao      20   0  137.6g  16.9g  11.0g S 370.6  13.5  27:05.47 nts	1693209425680
1725419 toao      20   0  137.6g  16.9g  11.0g S 335.3  13.5  27:09.83 nts	1693209426384
1725419 toao      20   0  137.6g  16.9g  11.0g S 352.9  13.5  27:14.35 nts	1693209427087
1725419 toao      20   0  137.6g  16.9g  11.0g S 347.1  13.5  27:18.69 nts	1693209427792
1725419 toao      20   0  137.6g  16.9g  11.0g S 329.4  13.5  27:23.09 nts	1693209428496
1725419 toao      20   0  137.6g  16.9g  11.0g S 305.9  13.5  27:27.48 nts	1693209429200
1725419 toao      20   0  137.6g  16.9g  11.0g S 250.0  13.5  27:31.87 nts	1693209429903
1725419 toao      20   0  137.6g  16.9g  11.0g S  1035  13.5  27:36.31 nts	1693209430606
1725419 toao      20   0  137.6g  16.9g  11.0g S  1471  13.5  27:40.82 nts	1693209431307
1725419 toao      20   0  137.6g  16.9g  11.0g S  1538  13.5  27:45.14 nts	1693209432012
1725419 toao      20   0  137.6g  16.9g  11.0g S 431.2  13.5  27:47.40 nts	1693209432712
1725419 toao      20   0  137.6g  16.9g  11.0g S 400.0  13.5  27:51.77 nts	1693209433414
1725419 toao      20   0  137.6g  16.9g  11.0g S 400.0  13.5  27:56.19 nts	1693209434115
1725419 toao      20   0  137.6g  16.9g  11.0g S 394.1  13.5  28:00.53 nts	1693209434815
1725419 toao      20   0  137.6g  16.9g  11.0g S 400.0  13.5  28:05.03 nts	1693209435515
1725419 toao      20   0  137.6g  16.9g  11.0g S 400.0  13.5  28:09.57 nts	1693209436215
1725419 toao      20   0  137.6g  16.9g  11.0g S 400.0  13.5  28:13.96 nts	1693209436917
1725419 toao      20   0  137.6g  16.9g  11.0g S 400.0  13.5  28:18.33 nts	1693209437619
1725419 toao      20   0  138.3g  16.9g  11.0g S 343.8  13.5  28:22.42 nts	1693209438322
1725419 toao      20   0  138.3g  16.9g  11.0g S 276.5  13.5  28:26.73 nts	1693209439023
1725419 toao      20   0  138.3g  16.9g  11.0g S 294.1  13.5  28:31.23 nts	1693209439727
1725419 toao      20   0  138.3g  16.9g  11.0g S  1524  13.5  28:35.81 nts	1693209440427
1725419 toao      20   0  138.3g  16.9g  11.0g S  1529  13.5  28:40.35 nts	1693209441128
1725419 toao      20   0  138.3g  16.9g  11.0g S  1276  13.5  28:44.28 nts	1693209441832
1725419 toao      20   0  138.3g  16.9g  11.0g S 377.8  13.5  28:47.10 nts	1693209442531
1725419 toao      20   0  138.3g  16.9g  11.0g S 394.1  13.5  28:51.42 nts	1693209443236
1725419 toao      20   0  138.3g  16.9g  11.0g S 405.9  13.5  28:55.88 nts	1693209443941
1725419 toao      20   0  138.3g  16.9g  11.0g S 411.8  13.5  29:00.48 nts	1693209444647
1725419 toao      20   0  138.3g  16.9g  11.0g S 229.4  13.5  29:04.77 nts	1693209445357
1725419 toao      20   0  138.3g  16.9g  11.0g S 223.5  13.5  29:09.14 nts	1693209446066
1725419 toao      20   0  138.3g  16.9g  11.0g S 541.2  13.5  29:13.37 nts	1693209446773
1725419 toao      20   0  138.3g  16.9g  11.0g S  1435  13.5  29:17.88 nts	1693209447477
1725419 toao      20   0  137.1g  16.9g  11.0g S 270.6  13.5  29:21.90 nts	1693209448179
1725419 toao      20   0  138.5g  16.9g  11.0g S 211.8  13.5  29:26.25 nts	1693209448880
1725419 toao      20   0  139.1g  16.9g  11.0g S  1569  13.5  29:30.88 nts	1693209449582
1725419 toao      20   0  139.7g  16.9g  11.0g S 518.8  13.5  29:33.39 nts	1693209450282
1725419 toao      20   0  139.1g  16.9g  11.0g S 418.8  13.5  29:37.55 nts	1693209450983
1725419 toao      20   0  139.7g  16.9g  11.0g S 425.0  13.5  29:41.88 nts	1693209451682
1725419 toao      20   0  139.7g  16.9g  11.0g S 425.0  13.5  29:46.15 nts	1693209452382
1725419 toao      20   0  139.7g  16.9g  11.0g S 368.8  13.5  29:50.41 nts	1693209453083
1725419 toao      20   0  139.7g  16.9g  11.0g S 317.6  13.5  29:54.76 nts	1693209453779
1725419 toao      20   0  139.7g  16.9g  11.0g S 281.2  13.5  29:59.11 nts	1693209454482
1725419 toao      20   0  139.7g  16.9g  11.0g S 270.6  13.5  30:03.49 nts	1693209455182
1725419 toao      20   0  139.7g  16.9g  11.0g S  1447  13.5  30:08.00 nts	1693209455887
1725419 toao      20   0  139.7g  16.9g  11.0g S  1518  13.5  30:12.57 nts	1693209456591
1725419 toao      20   0  140.3g  16.9g  11.0g S 794.1  13.5  30:15.74 nts	1693209457292
1725419 toao      20   0  139.7g  16.9g  11.0g S 400.0  13.5  30:19.40 nts	1693209457996
1725419 toao      20   0  139.7g  16.9g  11.0g S 405.9  13.5  30:23.65 nts	1693209458696
1725419 toao      20   0  139.7g  16.9g  11.0g S 405.9  13.5  30:28.15 nts	1693209459398
1725419 toao      20   0  139.7g  16.9g  11.0g S 400.0  13.5  30:32.48 nts	1693209460099
1725419 toao      20   0  139.7g  16.9g  11.0g S 400.0  13.5  30:36.91 nts	1693209460799
1725419 toao      20   0  139.7g  16.9g  11.0g S 305.9  13.5  30:41.19 nts	1693209461499
1725419 toao      20   0  139.7g  16.9g  11.0g S 282.4  13.5  30:45.56 nts	1693209462199
1725419 toao      20   0  139.7g  16.9g  11.0g S 270.6  13.5  30:49.79 nts	1693209462899
1725419 toao      20   0  139.7g  16.9g  11.0g S 294.1  13.5  30:54.09 nts	1693209463599
1725419 toao      20   0  139.7g  16.9g  11.0g S  1482  13.5  30:58.69 nts	1693209464300
1725419 toao      20   0  139.7g  16.9g  11.0g S  1465  13.5  31:03.10 nts	1693209465002
1725419 toao      20   0  139.7g  16.9g  11.0g S  1547  13.5  31:07.65 nts	1693209465707
1725419 toao      20   0  140.3g  16.9g  11.0g S 782.4  13.5  31:10.86 nts	1693209466411
1725419 toao      20   0  139.7g  16.9g  11.0g S 394.1  13.5  31:14.78 nts	1693209467113
1725419 toao      20   0  139.7g  16.9g  11.0g S 400.0  13.5  31:19.12 nts	1693209467815
1725419 toao      20   0  139.7g  16.9g  11.0g S 400.0  13.5  31:23.57 nts	1693209468520
1725419 toao      20   0  139.7g  16.9g  11.0g S 418.8  13.5  31:27.80 nts	1693209469223
1725419 toao      20   0  139.7g  16.9g  11.0g S 400.0  13.5  31:32.16 nts	1693209469922
1725419 toao      20   0  139.7g  16.9g  11.0g S 418.8  13.5  31:36.50 nts	1693209470624
1725419 toao      20   0  139.7g  16.9g  11.0g S 335.3  13.5  31:40.79 nts	1693209471326
1725419 toao      20   0  139.7g  16.9g  11.0g S 323.5  13.5  31:45.20 nts	1693209472031
1725419 toao      20   0  139.7g  16.9g  11.0g S 294.1  13.5  31:49.52 nts	1693209472736
1725419 toao      20   0  139.7g  16.9g  11.0g S 294.1  13.5  31:54.00 nts	1693209473436
1725419 toao      20   0  139.7g  16.9g  11.0g S  1512  13.5  31:58.59 nts	1693209474136
1725419 toao      20   0  139.7g  16.9g  11.0g S  1365  13.5  32:02.88 nts	1693209474835
1725419 toao      20   0  139.7g  16.9g  11.0g S  1494  13.5  32:07.38 nts	1693209475538
1725419 toao      20   0  139.7g  16.9g  11.0g S 418.8  13.5  32:09.84 nts	1693209476243
1725419 toao      20   0  139.7g  16.9g  11.0g S 418.8  13.5  32:14.26 nts	1693209476943
1725419 toao      20   0  139.7g  16.9g  11.0g S 425.0  13.5  32:18.73 nts	1693209477643
1725419 toao      20   0  139.7g  16.9g  11.0g S 400.0  13.5  32:23.26 nts	1693209478343
1725419 toao      20   0  139.7g  16.9g  11.0g S 394.1  13.5  32:27.60 nts	1693209479047
1725419 toao      20   0  139.7g  16.9g  11.0g S 411.8  13.5  32:32.00 nts	1693209479750
1725419 toao      20   0  139.7g  16.9g  11.0g S 400.0  13.5  32:36.35 nts	1693209480455
1725419 toao      20   0  139.7g  16.9g  11.0g S 394.1  13.5  32:40.78 nts	1693209481155
1725419 toao      20   0  139.7g  16.9g  11.0g S 394.1  13.5  32:45.10 nts	1693209481860
1725419 toao      20   0  139.7g  16.9g  11.0g S 370.6  13.5  32:49.67 nts	1693209482562
1725419 toao      20   0  139.7g  16.9g  11.0g S 243.8  13.5  32:53.89 nts	1693209483262
1725419 toao      20   0  139.7g  16.9g  11.0g S 223.5  13.5  32:58.26 nts	1693209483963
1725419 toao      20   0  139.7g  16.9g  11.0g S  1459  13.5  33:02.76 nts	1693209484667
1725419 toao      20   0  139.7g  16.9g  11.0g S  1012  13.5  33:07.08 nts	1693209485367
1725419 toao      20   0  139.7g  16.9g  11.0g S  1412  13.5  33:11.47 nts	1693209486071
1725419 toao      20   0  139.7g  16.9g  11.0g S  1459  13.5  33:15.96 nts	1693209486770
1725419 toao      20   0  139.7g  16.9g  11.0g S  1053  13.5  33:20.24 nts	1693209487470
1725419 toao      20   0  139.7g  16.9g  11.0g S  1518  13.5  33:24.89 nts	1693209488171
1725419 toao      20   0  140.5g  16.9g  11.0g S  1476  13.5  33:29.18 nts	1693209488874
1725419 toao      20   0  131.7g  16.9g  11.0g S 394.1  13.5  33:31.52 nts	1693209489579
1725419 toao      20   0  131.7g  16.9g  11.0g S 381.2  13.5  33:35.76 nts	1693209490282
1725419 toao      20   0  131.7g  16.9g  11.0g S 305.9  13.5  33:39.94 nts	1693209490979
1725419 toao      20   0  131.7g  16.9g  11.0g S 247.1  13.5  33:44.38 nts	1693209491679
1725419 toao      20   0  132.1g  16.9g  11.0g S 441.2  13.5  33:48.65 nts	1693209492378
1725419 toao      20   0  132.4g  16.9g  11.0g S  1100  13.5  33:53.16 nts	1693209493078
1725419 toao      20   0  133.6g  16.9g  11.0g S  1447  13.5  33:57.59 nts	1693209493785
1725419 toao      20   0  133.9g  16.9g  11.0g S  1500  13.5  34:01.98 nts	1693209494487
1725419 toao      20   0  133.9g  16.9g  11.0g S 394.1  13.5  34:04.38 nts	1693209495190
1725419 toao      20   0  133.9g  16.9g  11.0g S 400.0  13.5  34:08.76 nts	1693209495890
1725419 toao      20   0  133.9g  16.9g  11.0g S 394.1  13.5  34:13.10 nts	1693209496595
1725419 toao      20   0  133.9g  16.9g  11.0g S 394.1  13.5  34:17.48 nts	1693209497299
1725419 toao      20   0  133.9g  16.9g  11.0g S 405.9  13.5  34:21.89 nts	1693209498003
1725419 toao      20   0  132.7g  16.9g  11.0g S 970.6  13.5  34:27.22 nts	1693209498707
1725419 toao      20   0  134.7g  16.9g  11.0g S 394.1  13.5  34:30.40 nts	1693209499411
1725419 toao      20   0  134.7g  16.9g  11.0g S 405.9  13.5  34:34.70 nts	1693209500112
1725419 toao      20   0  135.3g  16.9g  11.0g S 364.7  13.5  34:38.85 nts	1693209500818
1725419 toao      20   0  136.1g  16.9g  11.0g S 329.4  13.5  34:43.07 nts	1693209501522
1725419 toao      20   0  137.5g  16.9g  11.0g S 218.8  13.5  34:47.33 nts	1693209502222
1725419 toao      20   0  137.5g  16.9g  11.0g S 306.2  13.5  34:51.66 nts	1693209502923
1725419 toao      20   0  137.5g  16.9g  11.0g S 852.9  13.5  34:56.06 nts	1693209503626
1725419 toao      20   0  137.5g  16.9g  11.0g S  1447  13.5  35:00.55 nts	1693209504328
1725419 toao      20   0  137.5g  16.9g  11.0g S  1535  13.5  35:05.02 nts	1693209505031
1725419 toao      20   0  137.8g  16.9g  11.0g S 405.9  13.5  35:07.43 nts	1693209505733
1725419 toao      20   0  137.5g  16.9g  11.0g S 400.0  13.5  35:11.62 nts	1693209506439
1725419 toao      20   0  137.5g  16.9g  11.0g S 352.9  13.5  35:15.64 nts	1693209507139
1725419 toao      20   0  137.5g  16.9g  11.0g S 400.0  13.5  35:19.91 nts	1693209507844
1725419 toao      20   0  137.5g  16.9g  11.0g S 400.0  13.5  35:24.40 nts	1693209508547
1725419 toao      20   0  137.5g  16.9g  11.0g S 370.6  13.5  35:28.81 nts	1693209509251
1725419 toao      20   0  137.5g  16.9g  11.0g S 305.9  13.5  35:33.28 nts	1693209509955
1725419 toao      20   0  137.5g  16.9g  11.0g S 276.5  13.5  35:37.59 nts	1693209510659
1725419 toao      20   0  137.5g  16.9g  11.0g S 258.8  13.5  35:41.95 nts	1693209511365
1725419 toao      20   0  137.5g  16.9g  11.0g S 588.2  13.5  35:46.33 nts	1693209512067
1725419 toao      20   0  137.5g  16.9g  11.0g S  1447  13.5  35:50.81 nts	1693209512767
1725419 toao      20   0  137.5g  16.9g  11.0g S  1500  13.5  35:55.29 nts	1693209513468
1725419 toao      20   0  137.5g  16.9g  11.0g S  1188  13.5  35:59.09 nts	1693209514168
1725419 toao      20   0  137.5g  16.9g  11.0g S 377.8  13.5  36:02.16 nts	1693209514871
1725419 toao      20   0  137.5g  16.9g  11.0g S 394.1  13.5  36:06.48 nts	1693209515580
1725419 toao      20   0  137.5g  16.9g  11.0g S 400.0  13.5  36:10.80 nts	1693209516283
1725419 toao      20   0  137.5g  16.9g  11.0g S 400.0  13.5  36:15.14 nts	1693209516989
1725419 toao      20   0  137.5g  16.9g  11.0g S 425.0  13.5  36:19.53 nts	1693209517692
1725419 toao      20   0  137.5g  16.9g  11.0g S 400.0  13.5  36:23.87 nts	1693209518394
1725419 toao      20   0  137.5g  16.9g  11.0g S 358.8  13.5  36:28.19 nts	1693209519096
1725419 toao      20   0  137.5g  16.9g  11.0g S 311.8  13.5  36:32.54 nts	1693209519799
1725419 toao      20   0  137.5g  16.9g  11.0g S 368.8  13.5  36:36.99 nts	1693209520502
1725419 toao      20   0  137.5g  16.9g  11.0g S 300.0  13.5  36:41.34 nts	1693209521203
1725419 toao      20   0  137.5g  16.9g  11.0g S 225.0  13.5  36:45.70 nts	1693209521904
1725419 toao      20   0  137.5g  16.9g  11.0g S  1394  13.5  36:50.07 nts	1693209522604
1725419 toao      20   0  137.5g  16.9g  11.0g S  1406  13.5  36:54.50 nts	1693209523307
1725419 toao      20   0  137.5g  16.9g  11.0g S  1529  13.5  36:59.01 nts	1693209524011
1725419 toao      20   0  137.5g  16.9g  11.0g S 394.1  13.5  37:01.40 nts	1693209524712
1725419 toao      20   0  137.5g  16.9g  11.0g S 394.1  13.5  37:05.74 nts	1693209525415
1725419 toao      20   0  137.5g  16.9g  11.0g S 405.9  13.5  37:09.91 nts	1693209526116
1725419 toao      20   0  137.5g  16.9g  11.0g S 394.1  13.5  37:14.21 nts	1693209526821
1725419 toao      20   0  137.5g  16.9g  11.0g S 431.2  13.5  37:18.58 nts	1693209527524
1725419 toao      20   0  137.5g  16.9g  11.0g S 388.2  13.5  37:22.88 nts	1693209528226
1725419 toao      20   0  137.5g  16.9g  11.0g S 364.7  13.5  37:27.21 nts	1693209528927
1725419 toao      20   0  137.5g  16.9g  11.0g S 376.5  13.5  37:31.58 nts	1693209529630
1725419 toao      20   0  137.5g  16.9g  11.0g S 388.2  13.5  37:36.06 nts	1693209530331
1725419 toao      20   0  137.5g  16.9g  11.0g S 335.3  13.5  37:40.43 nts	1693209531036
1725419 toao      20   0  137.5g  16.9g  11.0g S 241.2  13.5  37:44.80 nts	1693209531739
1725419 toao      20   0  137.5g  16.9g  11.0g S 376.5  13.5  37:49.26 nts	1693209532439
1725419 toao      20   0  137.5g  16.9g  11.0g S  1444  13.5  37:53.70 nts	1693209533138
1725419 toao      20   0  137.5g  16.9g  11.0g S  1476  13.5  37:57.96 nts	1693209533847
1725419 toao      20   0  137.5g  16.9g  11.0g S 405.9  13.5  38:00.19 nts	1693209534551
1725419 toao      20   0  137.5g  16.9g  11.0g S 400.0  13.5  38:04.66 nts	1693209535257
1725419 toao      20   0  137.5g  16.9g  11.0g S 372.2  13.5  38:09.09 nts	1693209535962
1725419 toao      20   0  137.5g  16.9g  11.0g S 394.1  13.5  38:13.44 nts	1693209536667
1725419 toao      20   0  137.5g  16.9g  11.0g S 394.1  13.5  38:17.87 nts	1693209537366
1725419 toao      20   0  137.5g  16.9g  11.0g S 335.3  13.5  38:22.15 nts	1693209538067
1725419 toao      20   0  137.5g  16.9g  11.0g S 370.6  13.5  38:26.43 nts	1693209538770
1725419 toao      20   0  137.5g  16.9g  11.0g S 358.8  13.5  38:30.79 nts	1693209539475
1725419 toao      20   0  137.5g  16.9g  11.0g S 317.6  13.5  38:35.01 nts	1693209540175
1725419 toao      20   0  137.5g  16.9g  11.0g S 782.4  13.5  38:39.69 nts	1693209540879
1725419 toao      20   0  137.5g  16.9g  11.0g S  1544  13.5  38:44.15 nts	1693209541583
1725419 toao      20   0  137.5g  16.9g  11.0g S  1656  13.5  38:48.67 nts	1693209542283
1725419 toao      20   0  138.0g  16.9g  11.0g S 618.8  13.5  38:51.39 nts	1693209542984
1725419 toao      20   0  137.5g  16.9g  11.0g S 400.0  13.5  38:55.55 nts	1693209543688
1725419 toao      20   0  137.5g  16.9g  11.0g S 405.9  13.5  38:59.86 nts	1693209544387
1725419 toao      20   0  137.5g  16.9g  11.0g S 405.9  13.5  39:04.23 nts	1693209545088
1725419 toao      20   0  137.5g  16.9g  11.0g S 305.9  13.5  39:08.39 nts	1693209545794
1725419 toao      20   0  137.5g  16.9g  11.0g S 316.7  13.5  39:12.79 nts	1693209546502
1725419 toao      20   0  137.5g  16.9g  11.0g S 211.1  13.5  39:17.18 nts	1693209547210
1725419 toao      20   0  137.5g  16.9g  11.0g S  1441  13.5  39:21.67 nts	1693209547925
1725419 toao      20   0  137.5g  16.9g  11.0g S  1359  13.5  39:25.98 nts	1693209548634
1725419 toao      20   0  137.5g  16.9g  11.0g S  1412  13.5  39:30.44 nts	1693209549340
1725419 toao      20   0  136.2g  16.9g  11.0g S 276.5  13.5  39:34.35 nts	1693209550038
1725419 toao      20   0  138.2g  16.9g  11.0g S 211.8  13.5  39:38.70 nts	1693209550743
1725419 toao      20   0  138.2g  16.9g  11.0g S  1476  13.5  39:43.01 nts	1693209551447
1725419 toao      20   0  139.4g  16.9g  11.0g S 623.5  13.5  39:45.74 nts	1693209552150
1725419 toao      20   0  138.8g  16.9g  11.0g S 382.4  13.5  39:49.63 nts	1693209552852
1725419 toao      20   0  138.8g  16.9g  11.0g S 417.6  13.5  39:54.00 nts	1693209553555
1725419 toao      20   0  138.8g  16.9g  11.0g S 418.8  13.5  39:58.31 nts	1693209554263
1725419 toao      20   0  138.8g  16.9g  11.0g S 329.4  13.5  40:02.42 nts	1693209554964
1725419 toao      20   0  138.8g  16.9g  11.0g S 247.1  13.5  40:06.70 nts	1693209555660
1725419 toao      20   0  138.8g  16.9g  11.0g S 337.5  13.5  40:11.05 nts	1693209556364
1725419 toao      20   0  138.8g  16.9g  11.0g S 217.6  13.5  40:15.39 nts	1693209557063
1725419 toao      20   0  138.8g  16.9g  11.0g S  1218  13.5  40:19.76 nts	1693209557767
1725419 toao      20   0  138.8g  16.9g  11.0g S  1506  13.5  40:24.33 nts	1693209558471
1725419 toao      20   0  139.4g  16.9g  11.0g S 647.1  13.5  40:27.30 nts	1693209559174
1725419 toao      20   0  138.8g  16.9g  11.0g S 400.0  13.5  40:31.36 nts	1693209559876
1725419 toao      20   0  138.8g  16.9g  11.0g S 400.0  13.5  40:35.70 nts	1693209560579
1725419 toao      20   0  138.8g  16.9g  11.0g S 400.0  13.5  40:40.06 nts	1693209561279
1725419 toao      20   0  138.8g  16.9g  11.0g S 335.3  13.5  40:44.36 nts	1693209561983
1725419 toao      20   0  138.8g  16.9g  11.0g S 405.9  13.5  40:48.62 nts	1693209562688
1725419 toao      20   0  138.8g  16.9g  11.0g S 381.2  13.5  40:52.86 nts	1693209563392
1725419 toao      20   0  138.8g  16.9g  11.0g S 317.6  13.5  40:57.18 nts	1693209564092
1725419 toao      20   0  138.8g  16.9g  11.0g S 270.6  13.5  41:01.54 nts	1693209564795
1725419 toao      20   0  138.8g  16.9g  11.0g S 229.4  13.5  41:05.87 nts	1693209565498
1725419 toao      20   0  138.8g  16.9g  11.0g S  1441  13.5  41:10.43 nts	1693209566203
1725419 toao      20   0  139.1g  16.9g  11.0g S  1494  13.5  41:14.92 nts	1693209566915
1725419 toao      20   0  139.1g  16.9g  11.0g S  1500  13.5  41:19.33 nts	1693209567615
1725419 toao      20   0  139.1g  16.9g  11.0g S  1353  13.5  41:23.58 nts	1693209568320
1725419 toao      20   0  139.7g  16.9g  11.0g S 929.4  13.5  41:27.24 nts	1693209569020
1725419 toao      20   0  139.1g  16.9g  11.0g S 377.8  13.5  41:30.66 nts	1693209569722
1725419 toao      20   0  139.1g  16.9g  11.0g S 400.0  13.5  41:35.16 nts	1693209570427
1725419 toao      20   0  139.1g  16.9g  11.0g S 405.9  13.5  41:39.56 nts	1693209571128
1725419 toao      20   0  139.1g  16.9g  11.0g S 382.4  13.5  41:43.91 nts	1693209571832
1725419 toao      20   0  139.1g  16.9g  11.0g S 417.6  13.5  41:48.31 nts	1693209572536
1725419 toao      20   0  139.1g  16.9g  11.0g S 376.5  13.5  41:52.65 nts	1693209573247
1725419 toao      20   0  139.1g  16.9g  11.0g S 343.8  13.5  41:57.09 nts	1693209573953
1725419 toao      20   0  139.1g  16.9g  11.0g S 311.8  13.5  42:01.39 nts	1693209574654
1725419 toao      20   0  139.1g  16.9g  11.0g S 270.6  13.5  42:05.80 nts	1693209575358
1725419 toao      20   0  139.1g  16.9g  11.0g S  1233  13.5  42:10.32 nts	1693209576059
1725419 toao      20   0  139.1g  16.9g  11.0g S  1447  13.5  42:14.88 nts	1693209576767
1725419 toao      20   0  139.1g  16.9g  11.0g S  1500  13.5  42:19.41 nts	1693209577470
1725419 toao      20   0  139.1g  16.9g  11.0g S 400.0  13.5  42:22.00 nts	1693209578171
1725419 toao      20   0  139.1g  16.9g  11.0g S 394.1  13.5  42:26.42 nts	1693209578875
1725419 toao      20   0  139.1g  16.9g  11.0g S 394.1  13.5  42:30.92 nts	1693209579583
1725419 toao      20   0  139.1g  16.9g  11.0g S 388.2  13.5  42:35.29 nts	1693209580287
1725419 toao      20   0  139.1g  16.9g  11.0g S 400.0  13.5  42:39.63 nts	1693209580986
1725419 toao      20   0  139.1g  16.9g  11.0g S 405.9  13.5  42:43.98 nts	1693209581688
1725419 toao      20   0  139.1g  16.9g  11.0g S 394.1  13.5  42:48.32 nts	1693209582394
1725419 toao      20   0  139.1g  16.9g  11.0g S 377.8  13.5  42:52.79 nts	1693209583099
1725419 toao      20   0  139.1g  16.9g  11.0g S 400.0  13.5  42:57.37 nts	1693209583810
1725419 toao      20   0  139.1g  16.9g  11.0g S 405.9  13.5  43:01.81 nts	1693209584512
1725419 toao      20   0  139.1g  16.9g  11.0g S 300.0  13.5  43:06.26 nts	1693209585212
1725419 toao      20   0  139.1g  16.9g  11.0g S 217.6  13.5  43:10.51 nts	1693209585915
1725419 toao      20   0  139.1g  16.9g  11.0g S  1429  13.5  43:14.77 nts	1693209586615
1725419 toao      20   0  139.1g  16.9g  11.0g S 300.0  13.5  43:19.09 nts	1693209587317
1725419 toao      20   0  139.1g  16.9g  11.0g S 776.5  13.5  43:23.47 nts	1693209588020
1725419 toao      20   0  139.1g  16.9g  11.0g S  1276  13.5  43:27.77 nts	1693209588725
1725419 toao      20   0  139.1g  16.9g  11.0g S 658.8  13.5  43:32.20 nts	1693209589426
1725419 toao      20   0  139.1g  16.9g  11.0g S  1476  13.5  43:36.72 nts	1693209590135
1725419 toao      20   0  139.9g  16.9g  11.0g S  1394  13.5  43:41.01 nts	1693209590844
1725419 toao      20   0  140.6g  16.9g  11.0g S 372.2  13.5  43:43.55 nts	1693209591555
1725419 toao      20   0  140.6g  16.9g  11.0g S 400.0  13.5  43:48.08 nts	1693209592267
1725419 toao      20   0  140.6g  16.9g  11.0g S 405.9  13.5  43:52.45 nts	1693209592971
1725419 toao      20   0  140.6g  16.9g  11.0g S 329.4  13.5  43:56.90 nts	1693209593677
1725419 toao      20   0  140.6g  16.9g  11.0g S 358.8  13.5  44:01.19 nts	1693209594380
1725419 toao      20   0  140.6g  16.9g  11.0g S 418.8  13.5  44:05.56 nts	1693209595082
1725419 toao      20   0  140.6g  16.9g  11.0g S 268.8  13.5  44:09.91 nts	1693209595784
1725419 toao      20   0  140.6g  16.9g  11.0g S 241.2  13.5  44:14.24 nts	1693209596487
1725419 toao      20   0  140.6g  16.9g  11.0g S  1376  13.5  44:18.60 nts	1693209597191
1725419 toao      20   0  140.6g  16.9g  11.0g S  1459  13.5  44:23.06 nts	1693209597897
1725419 toao      20   0  140.6g  16.9g  11.0g S  1488  13.5  44:27.54 nts	1693209598602
1725419 toao      20   0  140.6g  16.9g  11.0g S  1544  13.5  44:31.80 nts	1693209599303
1725419 toao      20   0  140.6g  16.9g  11.0g S  1482  13.5  44:36.12 nts	1693209600004
1725419 toao      20   0  139.4g  16.9g  11.0g S 235.3  13.5  44:40.13 nts	1693209600707
1725419 toao      20   0  140.0g  16.9g  11.0g S  1294  13.5  44:44.39 nts	1693209601410
1725419 toao      20   0  140.6g  16.9g  11.0g S 441.2  13.5  44:46.93 nts	1693209602115
1725419 toao      20   0  140.0g  16.9g  11.0g S 394.1  13.5  44:51.17 nts	1693209602820
1725419 toao      20   0  140.6g  16.9g  11.0g S 412.5  13.5  44:55.35 nts	1693209603522
1725419 toao      20   0  140.6g  16.9g  11.0g S 431.2  13.5  44:59.68 nts	1693209604223
1725419 toao      20   0  140.6g  16.9g  11.0g S 393.8  13.5  45:03.94 nts	1693209604924
1725419 toao      20   0  140.6g  16.9g  11.0g S 350.0  13.5  45:08.18 nts	1693209605623
1725419 toao      20   0  140.6g  16.9g  11.0g S 270.6  13.5  45:12.50 nts	1693209606324
1725419 toao      20   0  140.6g  16.9g  11.0g S 252.9  13.5  45:16.86 nts	1693209607027
1725419 toao      20   0  140.6g  16.9g  11.0g S  1065  13.5  45:21.12 nts	1693209607727
1725419 toao      20   0  140.6g  16.9g  11.0g S  1518  13.5  45:25.69 nts	1693209608428
1725419 toao      20   0  140.6g  16.9g  11.0g S 400.0  13.5  45:28.03 nts	1693209609130
1725419 toao      20   0  140.6g  16.9g  11.0g S 366.7  13.5  45:32.25 nts	1693209609832
1725419 toao      20   0  140.6g  16.9g  11.0g S 411.8  13.5  45:36.73 nts	1693209610536
1725419 toao      20   0  140.6g  16.9g  11.0g S 400.0  13.5  45:41.31 nts	1693209611239
1725419 toao      20   0  140.6g  16.9g  11.0g S 388.2  13.5  45:45.70 nts	1693209611940
1725419 toao      20   0  140.6g  16.9g  11.0g S 382.4  13.5  45:49.95 nts	1693209612643
1725419 toao      20   0  140.6g  16.9g  11.0g S 358.8  13.5  45:54.41 nts	1693209613346
1725419 toao      20   0  140.6g  16.9g  11.0g S 300.0  13.5  45:58.89 nts	1693209614051
1725419 toao      20   0  140.6g  16.9g  11.0g S 247.1  13.5  46:03.30 nts	1693209614754
1725419 toao      20   0  140.6g  16.9g  11.0g S 623.5  13.5  46:07.64 nts	1693209615455
1725419 toao      20   0  140.6g  16.9g  11.0g S  1494  13.5  46:12.19 nts	1693209616161
1725419 toao      20   0  140.6g  16.9g  11.0g S  1271  13.5  46:16.30 nts	1693209616862
1725419 toao      20   0  140.6g  16.9g  11.0g S 394.1  13.5  46:19.14 nts	1693209617567
1725419 toao      20   0  140.6g  16.9g  11.0g S 366.7  13.5  46:23.36 nts	1693209618270
1725419 toao      20   0  140.6g  16.9g  11.0g S 394.1  13.5  46:27.70 nts	1693209618976
1725419 toao      20   0  140.6g  16.9g  11.0g S 388.2  13.5  46:32.19 nts	1693209619679
1725419 toao      20   0  140.6g  16.9g  11.0g S 394.1  13.5  46:36.31 nts	1693209620381
1725419 toao      20   0  140.6g  16.9g  11.0g S 405.9  13.5  46:40.79 nts	1693209621083
1725419 toao      20   0  140.6g  16.9g  11.0g S 370.6  13.5  46:44.96 nts	1693209621789
1725419 toao      20   0  140.6g  16.9g  11.0g S 341.2  13.5  46:49.49 nts	1693209622491
1725419 toao      20   0  140.6g  16.9g  11.0g S 376.5  13.5  46:53.86 nts	1693209623194
1725419 toao      20   0  140.6g  16.9g  11.0g S 294.1  13.5  46:58.06 nts	1693209623895
1725419 toao      20   0  140.6g  16.9g  11.0g S 252.9  13.5  47:02.43 nts	1693209624598
1725419 toao      20   0  140.6g  16.9g  11.0g S 288.2  13.5  47:06.95 nts	1693209625299
1725419 toao      20   0  140.6g  16.9g  11.0g S  1382  13.5  47:11.30 nts	1693209625999
1725419 toao      20   0  140.6g  16.9g  11.0g S  1324  13.5  47:15.36 nts	1693209626699
1725419 toao      20   0  140.6g  16.9g  11.0g S  1350  13.5  47:19.89 nts	1693209627404
1725419 toao      20   0  140.6g  16.9g  11.0g S 382.4  13.5  47:22.48 nts	1693209628119
1725419 toao      20   0  140.6g  16.9g  11.0g S 394.1  13.5  47:26.61 nts	1693209628819
1725419 toao      20   0  140.6g  16.9g  11.0g S 431.2  13.5  47:30.97 nts	1693209629522
1725419 toao      20   0  140.6g  16.9g  11.0g S 394.1  13.5  47:35.40 nts	1693209630226
1725419 toao      20   0  140.6g  16.9g  11.0g S 400.0  13.5  47:39.75 nts	1693209630926
1725419 toao      20   0  140.6g  16.9g  11.0g S 394.1  13.5  47:44.02 nts	1693209631631
1725419 toao      20   0  140.6g  16.9g  11.0g S 394.1  13.5  47:48.38 nts	1693209632335
1725419 toao      20   0  140.6g  16.9g  11.0g S 382.4  13.5  47:52.80 nts	1693209633038
1725419 toao      20   0  140.6g  16.9g  11.0g S 341.2  13.5  47:57.16 nts	1693209633743
1725419 toao      20   0  140.6g  16.9g  11.0g S 347.1  13.5  48:01.53 nts	1693209634448
1725419 toao      20   0  140.6g  16.9g  11.0g S 217.6  13.5  48:05.93 nts	1693209635150
1725419 toao      20   0  140.6g  16.9g  11.0g S 594.1  13.5  48:10.31 nts	1693209635851
1725419 toao      20   0  140.6g  16.9g  11.0g S  1482  13.5  48:14.85 nts	1693209636552
1725419 toao      20   0  140.6g  16.9g  11.0g S 400.0  13.5  48:17.30 nts	1693209637255
1725419 toao      20   0  141.2g  16.9g  11.0g S 658.8  13.5  48:22.06 nts	1693209637955
1725419 toao      20   0  140.6g  16.9g  11.0g S 400.0  13.5  48:26.11 nts	1693209638661
1725419 toao      20   0  140.6g  16.9g  11.0g S 425.0  13.5  48:30.46 nts	1693209639363
1725419 toao      20   0  141.2g  16.9g  11.0g S 529.4  13.5  48:35.19 nts	1693209640067
1725419 toao      20   0  140.6g  16.9g  11.0g S 400.0  13.5  48:39.33 nts	1693209640776
1725419 toao      20   0  140.6g  16.9g  11.0g S 400.0  13.5  48:43.70 nts	1693209641480
1725419 toao      20   0  141.4g  16.9g  11.0g S 311.8  13.5  48:47.83 nts	1693209642179
1725419 toao      20   0  141.4g  16.9g  11.0g S 341.2  13.5  48:52.30 nts	1693209642880
1725419 toao      20   0  141.4g  16.9g  11.0g S 318.8  13.5  48:56.77 nts	1693209643584
1725419 toao      20   0  141.4g  16.9g  11.0g S 276.5  13.5  49:01.30 nts	1693209644284
1725419 toao      20   0  141.4g  16.9g  11.0g S  1365  13.5  49:05.55 nts	1693209644987
1725419 toao      20   0  141.4g  16.9g  11.0g S  1406  13.5  49:09.87 nts	1693209645688
1725419 toao      20   0  141.4g  16.9g  11.0g S  1524  13.5  49:14.32 nts	1693209646391
1725419 toao      20   0  142.0g  16.9g  11.0g S 852.9  13.5  49:17.56 nts	1693209647095
1725419 toao      20   0  141.4g  16.9g  11.0g S 405.9  13.5  49:21.07 nts	1693209647795
1725419 toao      20   0  141.4g  16.9g  11.0g S 405.9  13.5  49:25.55 nts	1693209648495
1725419 toao      20   0  141.4g  16.9g  11.0g S 400.0  13.5  49:30.02 nts	1693209649195
1725419 toao      20   0  141.4g  16.9g  11.0g S 405.9  13.5  49:34.39 nts	1693209649895
1725419 toao      20   0  141.4g  16.9g  11.0g S 394.1  13.5  49:38.75 nts	1693209650594
1725419 toao      20   0  141.4g  16.9g  11.0g S 394.1  13.5  49:42.98 nts	1693209651299
1725419 toao      20   0  140.2g  16.9g  11.0g S 370.6  13.5  49:46.98 nts	1693209652000
1725419 toao      20   0  140.8g  16.9g  11.0g S 300.0  13.5  49:50.95 nts	1693209652706
1725419 toao      20   0  140.8g  16.9g  11.0g S 341.2  13.5  49:55.17 nts	1693209653411
1725419 toao      20   0  140.8g  16.9g  11.0g S 358.8  13.5  49:59.53 nts	1693209654114
1725419 toao      20   0  140.8g  16.9g  11.0g S 300.0  13.5  50:03.97 nts	1693209654816
1725419 toao      20   0  141.4g  16.9g  11.0g S 782.4  13.5  50:08.31 nts	1693209655519
1725419 toao      20   0  141.4g  16.9g  11.0g S  1581  13.5  50:12.67 nts	1693209656224
1725419 toao      20   0  141.4g  16.9g  11.0g S  1441  13.5  50:16.87 nts	1693209656927
1725419 toao      20   0  142.0g  16.9g  11.0g S 758.8  13.5  50:20.17 nts	1693209657630
1725419 toao      20   0  141.4g  16.9g  11.0g S 400.0  13.5  50:23.86 nts	1693209658338
1725419 toao      20   0  141.4g  16.9g  11.0g S 405.9  13.5  50:28.21 nts	1693209659043
1725419 toao      20   0  141.4g  16.9g  11.0g S 400.0  13.5  50:32.41 nts	1693209659746
1725419 toao      20   0  141.4g  16.9g  11.0g S 376.5  13.5  50:36.77 nts	1693209660448
1725419 toao      20   0  141.4g  16.9g  11.0g S 288.2  13.5  50:40.95 nts	1693209661150
1725419 toao      20   0  141.4g  16.9g  11.0g S 223.5  13.5  50:45.14 nts	1693209661850
1725419 toao      20   0  141.4g  16.9g  11.0g S 231.2  13.5  50:49.50 nts	1693209662552
1725419 toao      20   0  141.4g  16.9g  11.0g S 588.2  13.5  50:53.88 nts	1693209663251
1725419 toao      20   0  141.4g  16.9g  11.0g S  1359  13.5  50:58.28 nts	1693209663955
1725419 toao      20   0  141.4g  16.9g  11.0g S  1471  13.5  51:02.70 nts	1693209664658
1725419 toao      20   0  141.4g  16.9g  11.0g S  1281  13.5  51:06.53 nts	1693209665362
1725419 toao      20   0  141.4g  16.9g  11.0g S 388.2  13.5  51:09.58 nts	1693209666064
1725419 toao      20   0  141.4g  16.9g  11.0g S 400.0  13.5  51:13.91 nts	1693209666768
1725419 toao      20   0  141.4g  16.9g  11.0g S 405.9  13.5  51:18.15 nts	1693209667470
1725419 toao      20   0  141.4g  16.9g  11.0g S 400.0  13.5  51:22.55 nts	1693209668175
1725419 toao      20   0  141.4g  16.9g  11.0g S 400.0  13.5  51:27.08 nts	1693209668878
1725419 toao      20   0  141.4g  16.9g  11.0g S 376.5  13.5  51:31.19 nts	1693209669579
1725419 toao      20   0  141.4g  16.9g  11.0g S 341.2  13.5  51:35.42 nts	1693209670279
1725419 toao      20   0  141.4g  16.9g  11.0g S 341.2  13.5  51:39.70 nts	1693209670975
1725419 toao      20   0  141.4g  16.9g  11.0g S 229.4  13.5  51:44.07 nts	1693209671675
1725419 toao      20   0  141.4g  16.9g  11.0g S 231.2  13.5  51:48.42 nts	1693209672374
1725419 toao      20   0  141.4g  16.9g  11.0g S  1324  13.5  51:52.83 nts	1693209673074
1725419 toao      20   0  141.4g  16.9g  11.0g S 652.9  13.5  51:57.14 nts	1693209673779
1725419 toao      20   0  141.4g  16.9g  11.0g S  1500  13.5  52:01.55 nts	1693209674482
1725419 toao      20   0  141.4g  16.9g  11.0g S  1631  13.5  52:05.99 nts	1693209675183
1725419 toao      20   0  141.4g  16.9g  11.0g S  1494  13.5  52:10.43 nts	1693209675884
1725419 toao      20   0  141.4g  16.9g  11.0g S 400.0  13.5  52:13.02 nts	1693209676587
1725419 toao      20   0  141.4g  16.9g  11.0g S 377.8  13.5  52:17.53 nts	1693209677291
1725419 toao      20   0  141.4g  16.9g  11.0g S 400.0  13.5  52:21.83 nts	1693209677996
1725419 toao      20   0  141.4g  16.9g  11.0g S 388.2  13.5  52:26.27 nts	1693209678699
1725419 toao      20   0  141.4g  16.9g  11.0g S 394.1  13.5  52:30.52 nts	1693209679398
1725419 toao      20   0  141.4g  16.9g  11.0g S 358.8  13.5  52:34.72 nts	1693209680098
1725419 toao      20   0  141.4g  16.9g  11.0g S 329.4  13.5  52:38.98 nts	1693209680799
1725419 toao      20   0  141.4g  16.9g  11.0g S 317.6  13.5  52:43.34 nts	1693209681498
1725419 toao      20   0  141.4g  16.9g  11.0g S 300.0  13.5  52:47.66 nts	1693209682200
1725419 toao      20   0  141.4g  16.9g  11.0g S 258.8  13.5  52:52.01 nts	1693209682899
1725419 toao      20   0  141.4g  16.9g  11.0g S 205.9  13.5  52:56.31 nts	1693209683599
1725419 toao      20   0  141.4g  16.9g  11.0g S 994.1  13.5  53:00.56 nts	1693209684299
1725419 toao      20   0  141.4g  16.9g  11.0g S  1412  13.5  53:04.84 nts	1693209685000
1725419 toao      20   0  141.4g  16.9g  11.0g S  1161  13.5  53:08.70 nts	1693209685702
1725419 toao      20   0  142.0g  16.9g  11.0g S 935.3  13.5  53:12.51 nts	1693209686407
1725419 toao      20   0  141.4g  16.9g  11.0g S 394.1  13.5  53:15.96 nts	1693209687106
1725419 toao      20   0  141.4g  16.9g  11.0g S 394.1  13.5  53:20.14 nts	1693209687811
1725419 toao      20   0  141.4g  16.9g  11.0g S 405.9  13.5  53:24.48 nts	1693209688515
1725419 toao      20   0  141.4g  16.9g  11.0g S 400.0  13.5  53:28.78 nts	1693209689216
1725419 toao      20   0  141.4g  16.9g  11.0g S 411.8  13.5  53:33.29 nts	1693209689920
1725419 toao      20   0  141.4g  16.9g  11.0g S 411.8  13.5  53:37.58 nts	1693209690623
1725419 toao      20   0  141.4g  16.9g  11.0g S 405.9  13.5  53:41.72 nts	1693209691333
1725419 toao      20   0  141.4g  16.9g  11.0g S 405.9  13.5  53:46.14 nts	1693209692036
1725419 toao      20   0  141.4g  16.9g  11.0g S 347.1  13.5  53:50.22 nts	1693209692737
1725419 toao      20   0  141.4g  16.9g  11.0g S 329.4  13.5  53:54.76 nts	1693209693442
1725419 toao      20   0  141.4g  16.9g  11.0g S 676.5  13.5  53:59.14 nts	1693209694147
1725419 toao      20   0  141.4g  16.9g  11.0g S  1418  13.5  54:03.55 nts	1693209694847
1725419 toao      20   0  141.4g  16.9g  11.0g S  1453  13.5  54:07.82 nts	1693209695551
1725419 toao      20   0  141.4g  16.9g  11.0g S  1271  13.5  54:11.62 nts	1693209696251
1725419 toao      20   0  141.4g  16.9g  11.0g S 394.1  13.5  54:14.49 nts	1693209696955
1725419 toao      20   0  141.4g  16.9g  11.0g S 400.0  13.5  54:18.81 nts	1693209697658
1725419 toao      20   0  141.4g  16.9g  11.0g S 400.0  13.5  54:23.04 nts	1693209698363
1725419 toao      20   0  141.4g  16.9g  11.0g S 370.6  13.5  54:27.27 nts	1693209699067
1725419 toao      20   0  141.4g  16.9g  11.0g S 376.5  13.5  54:31.78 nts	1693209699770
1725419 toao      20   0  141.4g  16.9g  11.0g S 376.5  13.5  54:36.24 nts	1693209700474
1725419 toao      20   0  141.4g  16.9g  11.0g S 370.6  13.5  54:40.65 nts	1693209701180
1725419 toao      20   0  141.4g  16.9g  11.0g S 375.0  13.5  54:44.92 nts	1693209701882
1725419 toao      20   0  140.2g  16.9g  11.0g S 418.8  13.5  54:49.05 nts	1693209702583
1725419 toao      20   0  140.8g  16.9g  11.0g S 347.1  13.5  54:53.24 nts	1693209703287
1725419 toao      20   0  140.8g  16.9g  11.0g S 335.3  13.5  54:57.56 nts	1693209703991
1725419 toao      20   0  141.4g  16.9g  11.0g S 217.6  13.5  55:01.83 nts	1693209704692
1725419 toao      20   0  141.4g  16.9g  11.0g S  1412  13.5  55:06.26 nts	1693209705396
1725419 toao      20   0  141.4g  16.9g  11.0g S  1471  13.5  55:10.63 nts	1693209706090
1725419 toao      20   0  141.4g  16.9g  11.0g S  1494  13.5  55:14.95 nts	1693209706791
1725419 toao      20   0  141.4g  16.9g  11.0g S 431.2  13.5  55:17.40 nts	1693209707493
1725419 toao      20   0  141.4g  16.9g  11.0g S 400.0  13.5  55:21.63 nts	1693209708194
1725419 toao      20   0  141.4g  16.9g  11.0g S 388.2  13.5  55:25.87 nts	1693209708899
1725419 toao      20   0  141.4g  16.9g  11.0g S 400.0  13.5  55:30.22 nts	1693209709604
1725419 toao      20   0  141.4g  16.9g  11.0g S 400.0  13.5  55:34.50 nts	1693209710308
1725419 toao      20   0  141.4g  16.9g  11.0g S 317.6  13.5  55:38.73 nts	1693209711007
1725419 toao      20   0  141.4g  16.9g  11.0g S 270.6  13.5  55:42.97 nts	1693209711702
1725419 toao      20   0  141.4g  16.9g  11.0g S 241.2  13.5  55:47.21 nts	1693209712403
1725419 toao      20   0  141.4g  16.9g  11.0g S 864.7  13.5  55:51.78 nts	1693209713106
1725419 toao      20   0  141.4g  16.9g  11.0g S  1382  13.5  55:55.99 nts	1693209713811
1725419 toao      20   0  141.4g  16.9g  11.0g S  1459  13.5  56:00.38 nts	1693209714511
1725419 toao      20   0  141.4g  16.9g  11.0g S  1276  13.5  56:04.36 nts	1693209715215
1725419 toao      20   0  141.4g  16.9g  11.0g S 405.9  13.5  56:07.16 nts	1693209715915
1725419 toao      20   0  141.4g  16.9g  11.0g S 400.0  13.5  56:11.48 nts	1693209716620
1725419 toao      20   0  141.4g  16.9g  11.0g S 425.0  13.5  56:15.74 nts	1693209717323
1725419 toao      20   0  141.4g  16.9g  11.0g S 425.0  13.5  56:19.94 nts	1693209718023
1725419 toao      20   0  141.4g  16.9g  11.0g S 382.4  13.5  56:24.42 nts	1693209718723
1725419 toao      20   0  141.4g  16.9g  11.0g S 358.8  13.5  56:28.85 nts	1693209719427
1725419 toao      20   0  141.4g  16.9g  11.0g S 387.5  13.5  56:33.17 nts	1693209720133
1725419 toao      20   0  141.4g  16.9g  11.0g S 341.2  13.5  56:37.53 nts	1693209720834
1725419 toao      20   0  141.4g  16.9g  11.0g S 235.3  13.5  56:41.73 nts	1693209721536
1725419 toao      20   0  141.4g  16.9g  11.0g S 300.0  13.5  56:46.16 nts	1693209722235
1725419 toao      20   0  141.4g  16.9g  11.0g S 841.2  13.5  56:50.45 nts	1693209722934
1725419 toao      20   0  141.4g  16.9g  11.0g S  1447  13.5  56:54.84 nts	1693209723636
1725419 toao      20   0  141.4g  16.9g  11.0g S  1488  13.5  56:59.28 nts	1693209724342
1725419 toao      20   0  141.4g  16.9g  11.0g S  1453  13.5  57:03.72 nts	1693209725046
1725419 toao      20   0  142.0g  16.9g  11.0g S 858.8  13.5  57:07.00 nts	1693209725750
1725419 toao      20   0  142.0g  16.9g  11.0g S 531.2  13.5  57:10.78 nts	1693209726452
1725419 toao      20   0  141.4g  16.9g  11.0g S 400.0  13.5  57:14.95 nts	1693209727155
1725419 toao      20   0  141.4g  16.9g  11.0g S 405.9  13.5  57:19.14 nts	1693209727858
1725419 toao      20   0  141.4g  16.9g  11.0g S 405.9  13.5  57:23.47 nts	1693209728559
1725419 toao      20   0  141.4g  16.9g  11.0g S 405.9  13.5  57:27.78 nts	1693209729260
1725419 toao      20   0  141.4g  16.9g  11.0g S 364.7  13.5  57:32.14 nts	1693209729960
1725419 toao      20   0  141.4g  16.9g  11.0g S 350.0  13.5  57:36.59 nts	1693209730663
1725419 toao      20   0  141.4g  16.9g  11.0g S 247.1  13.5  57:40.89 nts	1693209731364
1725419 toao      20   0  141.4g  16.9g  11.0g S 258.8  13.5  57:45.11 nts	1693209732067
1725419 toao      20   0  141.4g  16.9g  11.0g S 288.2  13.5  57:49.45 nts	1693209732771
1725419 toao      20   0  141.4g  16.9g  11.0g S 247.1  13.5  57:53.77 nts	1693209733471
1725419 toao      20   0  141.4g  16.9g  11.0g S 288.2  13.5  57:58.13 nts	1693209734171
1725419 toao      20   0  141.4g  16.9g  11.0g S  1278  13.5  58:02.47 nts	1693209734872
1725419 toao      20   0  141.4g  16.9g  11.0g S  1447  13.5  58:06.88 nts	1693209735574
1725419 toao      20   0  142.0g  16.9g  11.0g S 794.1  13.5  58:10.03 nts	1693209736277
1725419 toao      20   0  142.0g  16.9g  11.0g S 488.2  13.5  58:14.04 nts	1693209736980
1725419 toao      20   0  141.4g  16.9g  11.0g S 425.0  13.5  58:18.31 nts	1693209737683
1725419 toao      20   0  141.4g  16.9g  11.0g S 431.2  13.5  58:22.57 nts	1693209738383
1725419 toao      20   0  141.4g  16.9g  11.0g S 388.2  13.5  58:26.90 nts	1693209739084
1725419 toao      20   0  141.4g  16.9g  11.0g S 400.0  13.5  58:31.19 nts	1693209739787
1725419 toao      20   0  141.4g  16.9g  11.0g S 372.2  13.5  58:35.43 nts	1693209740491
1725419 toao      20   0  141.4g  16.9g  11.0g S 388.2  13.5  58:39.71 nts	1693209741195
1725419 toao      20   0  141.4g  16.9g  11.0g S 394.1  13.5  58:43.93 nts	1693209741895
1725419 toao      20   0  141.4g  16.9g  11.0g S 376.5  13.5  58:48.38 nts	1693209742596
1725419 toao      20   0  141.4g  16.9g  11.0g S 358.8  13.5  58:52.58 nts	1693209743299
1725419 toao      20   0  141.4g  16.9g  11.0g S 288.2  13.5  58:57.10 nts	1693209743999
1725419 toao      20   0  141.4g  16.9g  11.0g S  1471  13.5  59:01.65 nts	1693209744699
1725419 toao      20   0  141.4g  16.9g  11.0g S  1424  13.5  59:06.05 nts	1693209745398
1725419 toao      20   0  141.4g  16.9g  11.0g S  1094  13.5  59:09.73 nts	1693209746103
1725419 toao      20   0  142.0g  16.9g  11.0g S 447.1  13.5  59:12.97 nts	1693209746808
1725419 toao      20   0  141.4g  16.9g  11.0g S 400.0  13.5  59:17.20 nts	1693209747511
1725419 toao      20   0  141.4g  16.9g  11.0g S 400.0  13.5  59:21.57 nts	1693209748215
1725419 toao      20   0  141.4g  16.9g  11.0g S 394.1  13.5  59:25.70 nts	1693209748919
1725419 toao      20   0  141.4g  16.9g  11.0g S 400.0  13.5  59:30.04 nts	1693209749621
1725419 toao      20   0  141.4g  16.9g  11.0g S 352.9  13.5  59:34.28 nts	1693209750324
1725419 toao      20   0  141.4g  16.9g  11.0g S 358.8  13.5  59:38.83 nts	1693209751028
1725419 toao      20   0  141.4g  16.9g  11.0g S 300.0  13.5  59:43.00 nts	1693209751732
1725419 toao      20   0  140.8g  16.9g  11.0g S 258.8  13.5  59:47.06 nts	1693209752433
1725419 toao      20   0  140.2g  16.9g  11.0g S 388.2  13.5  59:51.02 nts	1693209753134
1725419 toao      20   0  140.8g  16.9g  11.0g S 305.9  13.5  59:55.04 nts	1693209753835
1725419 toao      20   0  140.8g  16.9g  11.0g S 223.5  13.5  59:59.17 nts	1693209754535
1725419 toao      20   0  141.4g  16.9g  11.0g S 194.1  13.5  60:03.41 nts	1693209755239
1725419 toao      20   0  141.4g  16.9g  11.0g S  1435  13.5  60:07.73 nts	1693209755943
1725419 toao      20   0  141.4g  16.9g  11.0g S  1506  13.5  60:12.14 nts	1693209756647
1725419 toao      20   0  141.4g  16.9g  11.0g S  1253  13.5  60:16.06 nts	1693209757351
1725419 toao      20   0  141.4g  16.9g  11.0g S 425.0  13.5  60:18.86 nts	1693209758052
1725419 toao      20   0  141.4g  16.9g  11.0g S 425.0  13.5  60:23.21 nts	1693209758752
1725419 toao      20   0  141.4g  16.9g  11.0g S 425.0  13.5  60:27.58 nts	1693209759455
1725419 toao      20   0  141.4g  16.9g  11.0g S 400.0  13.5  60:32.06 nts	1693209760154
1725419 toao      20   0  141.4g  16.9g  11.0g S 341.2  13.5  60:36.21 nts	1693209760859
1725419 toao      20   0  141.4g  16.9g  11.0g S 294.1  13.5  60:40.53 nts	1693209761562
1725419 toao      20   0  141.4g  16.9g  11.0g S 205.9  13.5  60:44.66 nts	1693209762271
1725419 toao      20   0  141.4g  16.9g  11.0g S 229.4  13.5  60:48.93 nts	1693209762973
1725419 toao      20   0  141.4g  16.9g  11.0g S 794.1  13.5  60:53.31 nts	1693209763675
1725419 toao      20   0  141.4g  16.9g  11.0g S  1382  13.5  60:57.67 nts	1693209764380
1725419 toao      20   0  141.4g  16.9g  11.0g S  1406  13.5  61:02.00 nts	1693209765083
1725419 toao      20   0  141.4g  16.9g  11.0g S  1412  13.5  61:06.23 nts	1693209765786
1725419 toao      20   0  141.4g  16.9g  11.0g S 394.1  13.5  61:08.94 nts	1693209766488
1725419 toao      20   0  141.4g  16.9g  11.0g S 400.0  13.5  61:13.17 nts	1693209767190
1725419 toao      20   0  141.4g  16.9g  11.0g S 394.1  13.5  61:17.40 nts	1693209767895
1725419 toao      20   0  141.4g  16.9g  11.0g S 405.9  13.5  61:21.63 nts	1693209768600
1725419 toao      20   0  141.4g  16.9g  11.0g S 418.8  13.5  61:25.98 nts	1693209769302
1725419 toao      20   0  141.4g  16.9g  11.0g S 400.0  13.5  61:30.46 nts	1693209770003
1725419 toao      20   0  141.4g  16.9g  11.0g S 355.6  13.5  61:34.75 nts	1693209770702
1725419 toao      20   0  141.4g  16.9g  11.0g S 305.9  13.5  61:38.92 nts	1693209771409
1725419 toao      20   0  141.4g  16.9g  11.0g S 335.3  13.5  61:43.21 nts	1693209772112
1725419 toao      20   0  141.4g  16.9g  11.0g S 282.4  13.5  61:47.51 nts	1693209772820
1725419 toao      20   0  141.4g  16.9g  11.0g S 276.5  13.5  61:51.81 nts	1693209773519
1725419 toao      20   0  141.4g  16.9g  11.0g S  1333  13.5  61:56.25 nts	1693209774220
1725419 toao      20   0  141.4g  16.9g  11.0g S  1453  13.5  62:00.69 nts	1693209774926
1725419 toao      20   0  141.4g  16.9g  11.0g S  1529  13.5  62:05.24 nts	1693209775627
1725419 toao      20   0  142.0g  16.9g  11.0g S  1000  13.5  62:08.85 nts	1693209776327
1725419 toao      20   0  141.7g  16.9g  11.0g S 429.4  13.5  62:12.15 nts	1693209777027
1725419 toao      20   0  141.4g  16.9g  11.0g S 377.8  13.5  62:16.41 nts	1693209777732
1725419 toao      20   0  141.4g  16.9g  11.0g S 400.0  13.5  62:20.84 nts	1693209778435
1725419 toao      20   0  141.4g  16.9g  11.0g S 405.9  13.5  62:25.17 nts	1693209779136
1725419 toao      20   0  141.4g  16.9g  11.0g S 400.0  13.5  62:29.60 nts	1693209779839
1725419 toao      20   0  141.4g  16.9g  11.0g S 352.9  13.5  62:33.85 nts	1693209780538
1725419 toao      20   0  141.4g  16.9g  11.0g S 323.5  13.5  62:38.12 nts	1693209781239
1725419 toao      20   0  141.4g  16.9g  11.0g S 318.8  13.5  62:42.42 nts	1693209781943
1725419 toao      20   0  141.4g  16.9g  11.0g S 300.0  13.5  62:46.73 nts	1693209782643
1725419 toao      20   0  141.4g  16.9g  11.0g S 358.8  13.5  62:51.26 nts	1693209783347
1725419 toao      20   0  141.4g  16.9g  11.0g S 235.3  13.5  62:55.46 nts	1693209784047
1725419 toao      20   0  141.4g  16.9g  11.0g S 211.8  13.5  62:59.57 nts	1693209784747
1725419 toao      20   0  141.4g  16.9g  11.0g S  1400  13.5  63:03.95 nts	1693209785447
1725419 toao      20   0  141.4g  16.9g  11.0g S  1435  13.5  63:08.40 nts	1693209786149
1725419 toao      20   0  142.0g  16.9g  11.0g S 635.3  13.5  63:11.37 nts	1693209786848
1725419 toao      20   0  141.4g  16.9g  11.0g S 405.9  13.5  63:15.22 nts	1693209787548
1725419 toao      20   0  141.4g  16.9g  11.0g S 405.9  13.5  63:19.18 nts	1693209788250
1725419 toao      20   0  141.4g  16.9g  11.0g S 423.5  13.5  63:23.49 nts	1693209788955
1725419 toao      20   0  141.4g  16.9g  11.0g S 412.5  13.5  63:27.88 nts	1693209789665
1725419 toao      20   0  141.4g  16.9g  11.0g S 400.0  13.5  63:32.15 nts	1693209790367
1725419 toao      20   0  141.4g  16.9g  11.0g S 383.3  13.5  63:36.43 nts	1693209791072
1725419 toao      20   0  141.4g  16.9g  11.0g S 364.7  13.5  63:40.67 nts	1693209791775
1725419 toao      20   0  141.4g  16.9g  11.0g S 370.6  13.5  63:44.86 nts	1693209792475
1725419 toao      20   0  141.4g  16.9g  11.0g S 352.9  13.5  63:49.11 nts	1693209793175
1725419 toao      20   0  141.4g  16.9g  11.0g S 282.4  13.5  63:53.35 nts	1693209793875
1725419 toao      20   0  141.4g  16.9g  11.0g S 923.5  13.5  63:57.73 nts	1693209794580
1725419 toao      20   0  141.4g  16.9g  11.0g S  1418  13.5  64:02.11 nts	1693209795284
1725419 toao      20   0  141.4g  16.9g  11.0g S  1435  13.5  64:06.34 nts	1693209795988
1725419 toao      20   0  141.4g  16.9g  11.0g S 400.0  13.5  64:08.85 nts	1693209796687
1725419 toao      20   0  141.4g  16.9g  11.0g S 400.0  13.5  64:13.06 nts	1693209797387
1725419 toao      20   0  141.4g  16.9g  11.0g S 394.1  13.5  64:17.21 nts	1693209798087
1725419 toao      20   0  141.4g  16.9g  11.0g S 405.9  13.5  64:21.45 nts	1693209798786
1725419 toao      20   0  141.4g  16.9g  11.0g S 382.4  13.5  64:25.66 nts	1693209799487
1725419 toao      20   0  141.4g  16.9g  11.0g S 388.2  13.5  64:29.90 nts	1693209800188
1725419 toao      20   0  141.4g  16.9g  11.0g S 364.7  13.5  64:34.35 nts	1693209800888
1725419 toao      20   0  141.4g  16.9g  11.0g S 288.2  13.5  64:38.49 nts	1693209801591
1725419 toao      20   0  141.4g  16.9g  11.0g S 323.5  13.5  64:42.65 nts	1693209802291
1725419 toao      20   0  140.8g  16.9g  11.0g S 205.9  13.5  64:46.70 nts	1693209802992
1725419 toao      20   0       0      0      0 Z 100.0   0.0  64:47.50 nts	1693209803693
1725419 toao      20   0       0      0      0 Z  94.1   0.0  64:48.19 nts	1693209804403
1725419 toao      20   0       0      0      0 Z  94.1   0.0  64:48.88 nts	1693209805114
1725419 toao      20   0       0      0      0 Z 100.0   0.0  64:49.58 nts	1693209805817
