334725 toao      20   0 2564044  95560  67556 R 100.0   0.0   0:00.17 nts	1688360810441
334725 toao      20   0 5294532 213248 115816 S  3200   0.1   0:14.05 nts	1688360811150
334725 toao      20   0 5391828 285152 116120 R 206.2   0.1   0:28.44 nts	1688360811821
334725 toao      20   0 5391828 289904 116120 R 213.3   0.1   0:29.79 nts	1688360812505
334725 toao      20   0 5391828 289904 116120 R 200.0   0.1   0:31.15 nts	1688360813189
334725 toao      20   0 5391828 289904 116120 R 206.2   0.1   0:32.51 nts	1688360813873
334725 toao      20   0 5391828 289904 116120 R 206.2   0.1   0:33.88 nts	1688360814558
334725 toao      20   0 5391828 289904 116120 R 200.0   0.1   0:35.23 nts	1688360815249
334725 toao      20   0 5391828 289904 116120 R 200.0   0.1   0:36.59 nts	1688360815932
334725 toao      20   0 5391828 289904 116120 R 193.8   0.1   0:37.96 nts	1688360816620
334725 toao      20   0 5391828 289904 116120 R 182.4   0.1   0:39.33 nts	1688360817312
334725 toao      20   0 5391828 289904 116120 R 194.1   0.1   0:40.71 nts	1688360818001
334725 toao      20   0 5391828 289904 116120 R 188.2   0.1   0:42.07 nts	1688360818693
334725 toao      20   0 5391828 289904 116120 R 200.0   0.1   0:43.42 nts	1688360819380
334725 toao      20   0 5391828 289904 116120 R 188.2   0.1   0:44.79 nts	1688360820063
334725 toao      20   0 5391828 289904 116120 R 188.2   0.1   0:46.16 nts	1688360820752
334725 toao      20   0 5391828 289904 116120 R 188.2   0.1   0:47.52 nts	1688360821442
334725 toao      20   0 5391828 289904 116120 R 206.2   0.1   0:48.89 nts	1688360822132
334725 toao      20   0 5391828 289904 116120 R 200.0   0.1   0:50.25 nts	1688360822818
334725 toao      20   0 5391828 289904 116120 R 200.0   0.1   0:51.62 nts	1688360823507
334725 toao      20   0 5391828 289904 116120 R 206.2   0.1   0:52.99 nts	1688360824196
334725 toao      20   0 7067892   1.1g 116312 R  1294   0.6   0:59.96 nts	1688360824886
334725 toao      20   0 7067892   1.1g 116312 R  1225   0.6   1:07.73 nts	1688360825565
334725 toao      20   0 7067892   1.1g 116312 R  1200   0.6   1:15.25 nts	1688360826247
334725 toao      20   0 7067892   1.1g 116312 R  1212   0.6   1:22.79 nts	1688360826927
334725 toao      20   0 7067892   1.1g 116312 R  1138   0.6   1:30.36 nts	1688360827607
334725 toao      20   0 7067892   1.1g 116312 R  1112   0.6   1:38.39 nts	1688360828299
334725 toao      20   0 7067892   1.2g 116312 R  1112   0.6   1:45.43 nts	1688360828983
334725 toao      20   0 7067892   1.2g 116312 R  1094   0.6   1:52.60 nts	1688360829665
334725 toao      20   0 7067892   1.2g 116312 R  1125   0.6   2:00.09 nts	1688360830349
334725 toao      20   0 8226368   1.2g 116344 R 912.5   0.6   2:06.90 nts	1688360831029
334725 toao      20   0 8226368   1.2g 116344 R 206.2   0.6   2:08.27 nts	1688360831716
334725 toao      20   0 8226368   1.2g 116344 R 200.0   0.6   2:09.62 nts	1688360832401
334725 toao      20   0 8226368   1.2g 116344 R 206.2   0.6   2:10.99 nts	1688360833086
334725 toao      20   0 8226368   1.2g 116344 R 206.2   0.6   2:12.35 nts	1688360833775
334725 toao      20   0 8226368   1.2g 116344 R 206.2   0.6   2:13.71 nts	1688360834461
334725 toao      20   0 8226368   1.2g 116344 R 193.8   0.6   2:15.06 nts	1688360835151
334725 toao      20   0 8226368   1.2g 116344 R 200.0   0.6   2:16.42 nts	1688360835836
334725 toao      20   0 8226368   1.2g 116344 S 188.2   0.6   2:17.79 nts	1688360836522
334725 toao      20   0 8226368   1.2g 116344 R 200.0   0.6   2:19.15 nts	1688360837211
334725 toao      20   0 8226368   1.2g 116344 R 200.0   0.6   2:20.51 nts	1688360837899
334725 toao      20   0 8226368   1.2g 116344 R 194.1   0.6   2:21.88 nts	1688360838585
334725 toao      20   0 8226368   1.2g 116344 R 200.0   0.6   2:23.23 nts	1688360839272
334725 toao      20   0 8226368   1.2g 116344 R 206.2   0.6   2:24.59 nts	1688360839959
334725 toao      20   0 8226368   1.2g 116344 R 206.2   0.7   2:25.94 nts	1688360840643
334725 toao      20   0 9890428   1.4g 116344 R 606.2   0.7   2:29.99 nts	1688360841326
334725 toao      20   0 9890428   1.5g 116344 R 637.5   0.8   2:33.97 nts	1688360842007
334725 toao      20   0 9890428   1.6g 116344 R 593.8   0.8   2:38.28 nts	1688360842691
334725 toao      20   0 9890428   1.7g 116344 R 587.5   0.9   2:42.45 nts	1688360843373
334725 toao      20   0 9890428   1.8g 116344 R 593.8   1.0   2:46.33 nts	1688360844062
334725 toao      20   0 9890428   1.9g 116344 R 662.5   1.0   2:50.59 nts	1688360844750
334725 toao      20   0 9890428   2.0g 116344 R 662.5   1.1   2:54.64 nts	1688360845431
334725 toao      20   0   10.5g   2.1g 116344 R 387.5   1.1   2:58.44 nts	1688360846113
334725 toao      20   0   10.5g   2.2g 116344 R 106.2   1.1   2:59.61 nts	1688360846800
334725 toao      20   0   10.5g   2.2g 116344 R 100.0   1.1   3:00.29 nts	1688360847485
334725 toao      20   0   10.5g   2.2g 116344 R 106.2   1.1   3:00.99 nts	1688360848172
334725 toao      20   0   10.5g   2.2g 116344 R 112.5   1.1   3:01.68 nts	1688360848860
334725 toao      20   0   10.5g   2.2g 116344 R 100.0   1.1   3:02.36 nts	1688360849547
334725 toao      20   0   10.5g   2.2g 116344 R 106.2   1.1   3:03.05 nts	1688360850233
334725 toao      20   0   10.5g   2.2g 116344 R 106.2   1.1   3:03.73 nts	1688360850920
334725 toao      20   0   11.4g   2.9g 116344 R 106.2   1.5   3:04.42 nts	1688360851608
334725 toao      20   0   11.4g   2.9g 116344 R 106.2   1.6   3:05.11 nts	1688360852296
334725 toao      20   0   11.4g   2.9g 116344 R  94.1   1.6   3:05.79 nts	1688360852984
334725 toao      20   0   11.4g   2.9g 116344 R 100.0   1.6   3:06.48 nts	1688360853672
334725 toao      20   0   11.4g   2.9g 116344 R 106.2   1.6   3:07.18 nts	1688360854360
334725 toao      20   0   11.4g   3.0g 116344 R 100.0   1.6   3:07.86 nts	1688360855048
334725 toao      20   0   11.4g   3.0g 116344 R 106.2   1.6   3:08.55 nts	1688360855736
334725 toao      20   0   11.4g   3.0g 116344 R  94.1   1.6   3:09.23 nts	1688360856424
334725 toao      20   0   11.4g   3.0g 116344 R 106.2   1.6   3:09.92 nts	1688360857112
334725 toao      20   0   11.4g   3.0g 116344 R 100.0   1.6   3:10.61 nts	1688360857800
334725 toao      20   0   11.4g   3.0g 116344 R 100.0   1.6   3:11.30 nts	1688360858487
334725 toao      20   0   11.4g   3.0g 116344 R 100.0   1.6   3:11.98 nts	1688360859176
334725 toao      20   0   11.4g   3.0g 116344 R  94.1   1.6   3:12.67 nts	1688360859865
334725 toao      20   0   11.4g   3.1g 116344 R 100.0   1.6   3:13.36 nts	1688360860552
334725 toao      20   0   11.4g   3.1g 116344 R 100.0   1.6   3:14.05 nts	1688360861238
334725 toao      20   0   11.4g   3.1g 116344 R 100.0   1.6   3:14.73 nts	1688360861928
334725 toao      20   0   11.4g   3.1g 116344 R 100.0   1.6   3:15.42 nts	1688360862616
334725 toao      20   0   11.4g   3.1g 116344 R  94.1   1.6   3:16.11 nts	1688360863304
334725 toao      20   0   11.4g   3.1g 116344 R 100.0   1.6   3:16.80 nts	1688360863991
334725 toao      20   0   11.4g   3.1g 116344 R 100.0   1.6   3:17.49 nts	1688360864680
334725 toao      20   0   16.4g   3.2g 218588 R  93.8   1.7   3:18.55 nts	1688360865366
334725 toao      20   0   17.2g   4.0g 325612 R 100.0   2.1   3:19.24 nts	1688360866049
334725 toao      20   0   18.2g   4.8g 495064 R 106.2   2.6   3:19.93 nts	1688360866740
334725 toao      20   0   19.3g   5.9g 510624 R 106.2   3.1   3:20.62 nts	1688360867429
334725 toao      20   0   19.3g   5.9g 510624 R 100.0   3.1   3:21.31 nts	1688360868120
334725 toao      20   0   19.3g   5.9g 510624 R 106.2   3.1   3:22.00 nts	1688360868807
334725 toao      20   0   26.2g   8.5g   3.1g R 100.0   4.5   3:22.68 nts	1688360869496
334725 toao      20   0   26.2g  11.4g   6.1g R 100.0   6.1   3:23.37 nts	1688360870185
334725 toao      20   0   26.2g  12.7g   7.4g R 106.2   6.8   3:24.06 nts	1688360870871
334725 toao      20   0   26.2g  12.7g   7.4g R 100.0   6.8   3:24.74 nts	1688360871559
334725 toao      20   0   26.2g  12.7g   7.4g R  94.1   6.8   3:25.43 nts	1688360872245
334725 toao      20   0   26.2g  12.7g   7.4g R  94.1   6.8   3:26.12 nts	1688360872933
334725 toao      20   0   26.2g  12.7g   7.4g R 106.2   6.8   3:26.81 nts	1688360873622
334725 toao      20   0   26.2g  12.7g   7.4g R 106.2   6.8   3:27.50 nts	1688360874309
334725 toao      20   0   26.2g  12.7g   7.4g R 106.2   6.8   3:28.18 nts	1688360874998
334725 toao      20   0   26.2g  12.7g   7.4g R 100.0   6.8   3:28.87 nts	1688360875684
334725 toao      20   0   26.2g  12.7g   7.4g R 100.0   6.8   3:29.55 nts	1688360876371
334725 toao      20   0   26.2g  12.7g   7.4g R 106.2   6.8   3:30.24 nts	1688360877058
334725 toao      20   0   26.2g  12.8g   7.4g R 100.0   6.8   3:30.93 nts	1688360877747
334725 toao      20   0   26.2g  12.8g   7.4g R 100.0   6.8   3:31.62 nts	1688360878436
334725 toao      20   0   26.2g  12.8g   7.4g R  94.1   6.8   3:32.30 nts	1688360879123
334725 toao      20   0   26.2g  12.8g   7.4g R 106.2   6.8   3:32.99 nts	1688360879808
334725 toao      20   0   26.2g  12.8g   7.4g R 100.0   6.8   3:33.68 nts	1688360880495
334725 toao      20   0   26.2g  12.8g   7.4g R  94.1   6.8   3:34.36 nts	1688360881183
334725 toao      20   0   26.2g  12.8g   7.4g R 100.0   6.8   3:35.05 nts	1688360881870
334725 toao      20   0   25.9g  12.8g   7.4g R 100.0   6.8   3:35.89 nts	1688360882559
334725 toao      20   0   27.1g  12.8g   7.4g R 481.2   6.9   3:43.18 nts	1688360883260
334725 toao      20   0   27.1g  12.8g   7.4g R 662.5   6.9   3:52.42 nts	1688360883971
334725 toao      20   0   27.1g  12.8g   7.4g R 893.8   6.9   4:01.57 nts	1688360884674
334725 toao      20   0   27.0g  12.8g   7.4g R  1675   6.8   4:11.67 nts	1688360885393
334725 toao      20   0   27.0g  12.8g   7.4g R 106.2   6.8   4:17.68 nts	1688360886074
334725 toao      20   0   27.0g  12.8g   7.4g S  1625   6.8   4:26.20 nts	1688360886752
334725 toao      20   0   27.1g  12.8g   7.4g R 943.8   6.9   4:33.37 nts	1688360887427
334725 toao      20   0   27.1g  12.8g   7.4g R 823.5   6.9   4:41.56 nts	1688360888124
334725 toao      20   0   27.0g  12.8g   7.4g S  1594   6.8   4:51.30 nts	1688360888848
334725 toao      20   0   27.0g  12.8g   7.4g R  1673   6.8   4:59.43 nts	1688360889528
334725 toao      20   0   27.0g  12.8g   7.4g S  1547   6.8   5:07.89 nts	1688360890203
334725 toao      20   0   27.0g  12.8g   7.4g S  1606   6.8   5:16.25 nts	1688360890883
334725 toao      20   0   27.0g  12.8g   7.4g S  1662   6.8   5:24.56 nts	1688360891564
334725 toao      20   0   27.0g  12.8g   7.4g S  1733   6.8   5:32.84 nts	1688360892239
334725 toao      20   0   27.1g  12.8g   7.4g R 784.2   6.9   5:41.68 nts	1688360892927
334725 toao      20   0   27.0g  12.8g   7.4g R  1588   6.8   5:51.76 nts	1688360893664
334725 toao      20   0   53.2g  13.5g   8.0g R 312.5   7.2   5:58.47 nts	1688360894338
334725 toao      20   0   56.9g  15.4g   9.8g R 200.0   8.2   5:59.84 nts	1688360895022
334725 toao      20   0   65.8g  15.7g  10.1g S 875.0   8.4   6:05.05 nts	1688360895706
334725 toao      20   0   64.1g  15.8g  10.1g S 918.8   8.4   6:10.83 nts	1688360896388
334725 toao      20   0   64.1g  15.8g  10.1g S 912.5   8.4   6:17.39 nts	1688360897073
334725 toao      20   0   64.1g  15.8g  10.1g S 893.8   8.4   6:23.88 nts	1688360897753
334725 toao      20   0   64.1g  15.8g  10.1g S 918.8   8.4   6:30.41 nts	1688360898436
334725 toao      20   0   65.2g  15.8g  10.1g S 862.5   8.4   6:36.86 nts	1688360899120
334725 toao      20   0   65.8g  15.8g  10.1g S  1147   8.4   6:43.34 nts	1688360899803
334725 toao      20   0   65.8g  15.8g  10.1g S  1256   8.4   6:49.69 nts	1688360900490
334725 toao      20   0   67.2g  15.8g  10.1g S 875.0   8.4   6:55.54 nts	1688360901181
334725 toao      20   0   67.2g  15.8g  10.1g S 887.5   8.4   7:01.92 nts	1688360901865
334725 toao      20   0   68.2g  15.8g  10.1g S 525.0   8.4   7:07.69 nts	1688360902554
334725 toao      20   0   70.7g  15.8g  10.1g S 831.2   8.4   7:13.72 nts	1688360903237
334725 toao      20   0   70.7g  15.8g  10.1g S  1056   8.4   7:20.25 nts	1688360903918
334725 toao      20   0   71.4g  15.8g  10.1g S  1038   8.4   7:26.71 nts	1688360904601
334725 toao      20   0   71.4g  15.8g  10.1g S  1206   8.4   7:33.18 nts	1688360905281
334725 toao      20   0   72.5g  15.8g  10.1g S  1025   8.4   7:39.32 nts	1688360905959
334725 toao      20   0   72.8g  15.8g  10.1g S 811.8   8.4   7:45.58 nts	1688360906652
334725 toao      20   0   73.3g  15.8g  10.1g S 841.2   8.4   7:52.13 nts	1688360907343
334725 toao      20   0   73.6g  15.8g  10.1g S 881.2   8.4   7:58.55 nts	1688360908028
334725 toao      20   0   74.4g  15.8g  10.1g S 893.8   8.4   8:04.95 nts	1688360908717
334725 toao      20   0   74.4g  15.8g  10.1g S  1125   8.4   8:11.40 nts	1688360909395
334725 toao      20   0   72.7g  15.8g  10.1g S 862.5   8.4   8:17.15 nts	1688360910081
334725 toao      20   0   70.7g  15.8g  10.1g S 887.5   8.4   8:22.90 nts	1688360910759
334725 toao      20   0   70.8g  15.8g  10.1g S 875.0   8.4   8:29.27 nts	1688360911437
334725 toao      20   0   70.9g  15.8g  10.1g S 862.5   8.4   8:35.64 nts	1688360912117
334725 toao      20   0   70.9g  15.8g  10.1g S 881.2   8.4   8:42.04 nts	1688360912796
334725 toao      20   0   72.0g  15.8g  10.1g S 887.5   8.4   8:48.39 nts	1688360913480
334725 toao      20   0   72.0g  15.8g  10.1g S  1035   8.4   8:54.70 nts	1688360914160
334725 toao      20   0   72.0g  15.8g  10.1g S  1106   8.4   9:00.85 nts	1688360914846
334725 toao      20   0   72.9g  15.8g  10.1g S 875.0   8.4   9:06.87 nts	1688360915527
334725 toao      20   0   72.9g  15.8g  10.1g S 887.5   8.4   9:13.24 nts	1688360916214
334725 toao      20   0   72.6g  15.8g  10.1g S 805.9   8.4   9:19.60 nts	1688360916895
334725 toao      20   0   70.9g  15.8g  10.1g S 893.8   8.4   9:25.40 nts	1688360917576
334725 toao      20   0   71.0g  15.8g  10.1g S 875.0   8.4   9:31.84 nts	1688360918261
334725 toao      20   0   71.0g  15.8g  10.1g S 900.0   8.4   9:38.38 nts	1688360918942
334725 toao      20   0   71.1g  15.8g  10.1g S 887.5   8.4   9:44.89 nts	1688360919627
334725 toao      20   0   71.9g  15.8g  10.1g S 887.5   8.4   9:51.36 nts	1688360920309
334725 toao      20   0   71.9g  15.8g  10.1g S 856.2   8.4   9:57.80 nts	1688360920990
334725 toao      20   0   71.9g  15.8g  10.1g S  1144   8.4  10:04.24 nts	1688360921676
334725 toao      20   0   72.2g  15.8g  10.1g S 875.0   8.4  10:10.03 nts	1688360922359
334725 toao      20   0   73.3g  15.8g  10.1g S 862.5   8.4  10:16.46 nts	1688360923036
334725 toao      20   0   73.3g  15.8g  10.1g S 893.8   8.4  10:22.94 nts	1688360923716
334725 toao      20   0   73.0g  15.8g  10.1g S 862.5   8.4  10:28.71 nts	1688360924396
334725 toao      20   0   70.7g  15.8g  10.1g S 856.2   8.4  10:34.31 nts	1688360925082
334725 toao      20   0   71.3g  15.8g  10.1g S  1050   8.4  10:41.17 nts	1688360925768
334725 toao      20   0   71.3g  15.8g  10.1g S  1031   8.4  10:47.57 nts	1688360926451
334725 toao      20   0   71.3g  15.8g  10.1g S  1075   8.4  10:54.11 nts	1688360927136
334725 toao      20   0   72.4g  15.8g  10.1g S 881.2   8.4  11:00.22 nts	1688360927824
334725 toao      20   0   72.9g  15.8g  10.1g S 829.4   8.4  11:06.62 nts	1688360928505
334725 toao      20   0   72.9g  15.8g  10.1g S 811.8   8.4  11:12.97 nts	1688360929184
334725 toao      20   0   74.5g  15.8g  10.1g S 843.8   8.4  11:18.68 nts	1688360929866
334725 toao      20   0   74.1g  15.8g  10.1g S 850.0   8.4  11:25.05 nts	1688360930557
334725 toao      20   0   69.2g  15.8g  10.1g S 862.5   8.4  11:31.20 nts	1688360931246
334725 toao      20   0   71.4g  15.8g  10.1g S 817.6   8.4  11:36.66 nts	1688360931925
334725 toao      20   0   71.4g  15.8g  10.1g S 868.8   8.4  11:43.06 nts	1688360932609
334725 toao      20   0   71.4g  15.8g  10.1g S 868.8   8.4  11:49.39 nts	1688360933293
334725 toao      20   0   71.4g  15.8g  10.1g S 856.2   8.4  11:55.78 nts	1688360933977
334725 toao      20   0   72.5g  15.8g  10.1g S 925.0   8.4  12:02.24 nts	1688360934661
334725 toao      20   0   72.5g  15.8g  10.1g S  1056   8.4  12:08.41 nts	1688360935340
334725 toao      20   0   72.5g  15.8g  10.1g S 868.8   8.4  12:14.30 nts	1688360936024
334725 toao      20   0   72.5g  15.8g  10.1g S 887.5   8.4  12:20.67 nts	1688360936704
334725 toao      20   0   73.3g  15.8g  10.1g S 900.0   8.4  12:27.11 nts	1688360937383
334725 toao      20   0   73.3g  15.8g  10.1g S 958.8   8.4  12:33.45 nts	1688360938062
334725 toao      20   0   73.7g  15.8g  10.1g S  1125   8.4  12:39.69 nts	1688360938745
334725 toao      20   0   74.3g  15.8g  10.1g S  1106   8.4  12:46.13 nts	1688360939437
334725 toao      20   0   74.3g  15.8g  10.1g S  1006   8.4  12:52.53 nts	1688360940122
334725 toao      20   0   74.3g  15.8g  10.1g S  1044   8.4  12:58.91 nts	1688360940807
334725 toao      20   0   74.3g  15.8g  10.1g S  1069   8.4  13:05.51 nts	1688360941496
334725 toao      20   0   74.3g  15.8g  10.1g S 875.0   8.4  13:11.69 nts	1688360942180
334725 toao      20   0   74.3g  15.8g  10.1g S 900.0   8.4  13:18.25 nts	1688360942859
334725 toao      20   0   74.3g  15.8g  10.1g S 862.5   8.4  13:24.69 nts	1688360943538
334725 toao      20   0   72.1g  15.8g  10.1g S 893.8   8.4  13:30.32 nts	1688360944219
334725 toao      20   0   72.1g  15.8g  10.1g S 887.5   8.4  13:36.85 nts	1688360944900
334725 toao      20   0   72.0g  15.8g  10.1g S 918.8   8.4  13:43.34 nts	1688360945585
334725 toao      20   0   72.9g  15.8g  10.1g S  1256   8.4  13:49.73 nts	1688360946264
334725 toao      20   0   72.9g  15.8g  10.1g S  1000   8.4  13:56.31 nts	1688360946951
334725 toao      20   0   72.9g  15.8g  10.1g S 981.2   8.4  14:02.72 nts	1688360947636
334725 toao      20   0   72.9g  15.8g  10.1g S  1194   8.4  14:09.14 nts	1688360948321
334725 toao      20   0   72.9g  15.8g  10.1g S 893.8   8.4  14:14.91 nts	1688360949000
334725 toao      20   0   73.2g  15.8g  10.1g S 900.0   8.4  14:21.36 nts	1688360949680
334725 toao      20   0   73.2g  15.8g  10.1g S 881.2   8.4  14:27.84 nts	1688360950365
334725 toao      20   0   73.2g  15.8g  10.1g S 856.2   8.4  14:34.24 nts	1688360951049
334725 toao      20   0   73.2g  15.8g  10.1g S  1047   8.4  14:40.68 nts	1688360951729
334725 toao      20   0   71.9g  15.8g  10.1g S  1112   8.4  14:46.83 nts	1688360952420
334725 toao      20   0   72.6g  15.8g  10.1g S 823.5   8.4  14:53.00 nts	1688360953102
334725 toao      20   0   73.2g  15.8g  10.1g S 900.0   8.4  14:59.56 nts	1688360953787
334725 toao      20   0   73.2g  15.8g  10.1g S 893.8   8.4  15:06.14 nts	1688360954469
334725 toao      20   0   73.2g  15.8g  10.1g S 881.2   8.4  15:12.53 nts	1688360955153
334725 toao      20   0   73.2g  15.8g  10.1g S 900.0   8.4  15:19.01 nts	1688360955833
334725 toao      20   0   73.2g  15.8g  10.1g S 906.2   8.4  15:25.49 nts	1688360956517
334725 toao      20   0   73.2g  15.8g  10.1g S 894.1   8.4  15:31.89 nts	1688360957202
334725 toao      20   0   73.2g  15.8g  10.1g S  1131   8.4  15:38.16 nts	1688360957886
334725 toao      20   0   73.4g  15.8g  10.1g S 893.8   8.4  15:44.15 nts	1688360958574
334725 toao      20   0   73.4g  15.8g  10.1g S 900.0   8.4  15:50.56 nts	1688360959263
334725 toao      20   0   72.8g  15.8g  10.1g S 862.5   8.4  15:56.86 nts	1688360959948
334725 toao      20   0   73.4g  15.8g  10.1g S 881.2   8.4  16:03.28 nts	1688360960626
334725 toao      20   0   73.4g  15.8g  10.1g S 875.0   8.4  16:09.61 nts	1688360961307
334725 toao      20   0   73.4g  15.8g  10.1g S 868.8   8.4  16:15.97 nts	1688360961991
334725 toao      20   0   73.4g  15.8g  10.1g S 843.8   8.4  16:22.31 nts	1688360962672
334725 toao      20   0   73.4g  15.8g  10.1g S 870.6   8.4  16:28.72 nts	1688360963362
334725 toao      20   0   73.4g  15.8g  10.1g S  1125   8.4  16:34.89 nts	1688360964039
334725 toao      20   0   73.4g  15.8g  10.1g S 835.3   8.4  16:40.95 nts	1688360964721
334725 toao      20   0   73.4g  15.8g  10.1g S 893.8   8.4  16:47.39 nts	1688360965408
334725 toao      20   0   73.4g  15.8g  10.1g S 862.5   8.4  16:53.79 nts	1688360966097
334725 toao      20   0       0      0      0 Z 100.0   0.0  16:55.71 nts	1688360966780
334725 toao      20   0       0      0      0 Z 100.0   0.0  16:56.34 nts	1688360967467
334725 toao      20   0       0      0      0 Z 100.0   0.0  16:57.02 nts	1688360968156
