3176743 toao      20   0 2489328 102828  68720 R  94.1   0.1   0:00.18 nts	1693195389508
3176743 toao      20   0 8413728 257836 114728 R  7888   0.2   0:27.69 nts	1693195390237
3176743 toao      20   0 8413728 257836 114728 R  8000   0.2   1:26.08 nts	1693195390969
3176743 toao      20   0 8813328 527196 115032 R 205.9   0.4   1:42.81 nts	1693195391700
3176743 toao      20   0 8813328 537228 115032 R 205.9   0.4   1:44.20 nts	1693195392407
3176743 toao      20   0 8813328 538284 115032 R 194.4   0.4   1:45.60 nts	1693195393111
3176743 toao      20   0 8813328 538812 115032 R 205.9   0.4   1:47.00 nts	1693195393820
3176743 toao      20   0 8813328 538812 115032 R 212.5   0.4   1:48.39 nts	1693195394523
3176743 toao      20   0 8813328 539340 115032 R 200.0   0.4   1:49.78 nts	1693195395228
3176743 toao      20   0 8813328 539604 115032 R 194.4   0.4   1:51.19 nts	1693195395930
3176743 toao      20   0 8813328 539604 115032 R 200.0   0.4   1:52.59 nts	1693195396643
3176743 toao      20   0 8813328 539868 115032 R 200.0   0.4   1:53.98 nts	1693195397348
3176743 toao      20   0 8813328 539868 115032 R 194.1   0.4   1:55.37 nts	1693195398050
3176743 toao      20   0 8813328 539868 115032 R 200.0   0.4   1:56.77 nts	1693195398751
3176743 toao      20   0 8813328 639924 115032 R 205.9   0.5   1:58.18 nts	1693195399455
3176743 toao      20   0 8813328 643620 115032 R 200.0   0.5   1:59.57 nts	1693195400165
3176743 toao      20   0 8813328 644412 115032 R 200.0   0.5   2:00.96 nts	1693195400867
3176743 toao      20   0 8813328 644940 115032 R 194.1   0.5   2:02.34 nts	1693195401567
3176743 toao      20   0 8813328 644940 115032 R 205.9   0.5   2:03.74 nts	1693195402267
3176743 toao      20   0 8813328 645204 115032 R 200.0   0.5   2:05.13 nts	1693195402968
3176743 toao      20   0 8813328 645204 115032 R 200.0   0.5   2:06.53 nts	1693195403670
3176743 toao      20   0 8813328 645204 115032 R 212.5   0.5   2:07.92 nts	1693195404374
3176743 toao      20   0 8813328 645204 115032 R 200.0   0.5   2:09.32 nts	1693195405077
3176743 toao      20   0 8813328 645204 115032 R 194.1   0.5   2:10.71 nts	1693195405781
3176743 toao      20   0 8813328 645468 115032 R 205.9   0.5   2:12.12 nts	1693195406485
3176743 toao      20   0 8813328 645468 115032 R 200.0   0.5   2:13.52 nts	1693195407190
3176743 toao      20   0 9780.9m 888944 115220 R 100.0   0.7   2:14.23 nts	1693195407896
3176743 toao      20   0   11.0g   1.7g 115220 R  1029   1.3   2:21.49 nts	1693195408600
3176743 toao      20   0   11.0g   1.7g 115220 R 823.5   1.3   2:27.94 nts	1693195409305
3176743 toao      20   0   11.0g   1.7g 115220 R 922.2   1.3   2:33.69 nts	1693195410011
3176743 toao      20   0   11.0g   1.7g 115220 R 761.1   1.3   2:40.35 nts	1693195410723
3176743 toao      20   0   11.0g   1.7g 115220 R 788.2   1.3   2:46.83 nts	1693195411434
3176743 toao      20   0   11.0g   1.7g 115220 R 982.4   1.3   2:53.34 nts	1693195412145
3176743 toao      20   0   11.0g   1.7g 115220 R  1041   1.3   3:00.48 nts	1693195412853
3176743 toao      20   0   11.0g   1.7g 115220 R 916.7   1.4   3:07.72 nts	1693195413558
3176743 toao      20   0   11.0g   2.3g 115220 R  1578   1.8   3:15.91 nts	1693195414271
3176743 toao      20   0   11.0g   2.4g 115220 R  1047   1.9   3:23.68 nts	1693195414980
3176743 toao      20   0   11.0g   2.5g 115220 R  1288   2.0   3:32.03 nts	1693195415686
3176743 toao      20   0   11.0g   2.5g 115220 R  1176   2.0   3:40.51 nts	1693195416394
3176743 toao      20   0   11.0g   2.5g 115220 R 841.2   2.0   3:46.59 nts	1693195417098
3176743 toao      20   0   11.0g   2.5g 115220 R  1017   2.0   3:53.80 nts	1693195417819
3176743 toao      20   0   11.0g   2.5g 115220 R  1041   2.0   4:01.41 nts	1693195418530
3176743 toao      20   0   11.0g   2.5g 115220 R  1035   2.0   4:08.45 nts	1693195419234
3176743 toao      20   0   11.0g   2.5g 115220 R  1376   2.0   4:16.17 nts	1693195419942
3176743 toao      20   0   11.0g   2.5g 115220 R  1341   2.0   4:24.83 nts	1693195420653
3176743 toao      20   0   15.2g   2.5g 115252 R 783.3   2.0   4:33.01 nts	1693195421360
3176743 toao      20   0   15.2g   2.5g 115252 R 194.4   2.0   4:34.41 nts	1693195422061
3176743 toao      20   0   15.2g   2.5g 115252 R 194.1   2.0   4:35.80 nts	1693195422771
3176743 toao      20   0   15.2g   2.5g 115252 R 200.0   2.0   4:37.20 nts	1693195423478
3176743 toao      20   0   15.2g   2.5g 115252 R 200.0   2.0   4:38.60 nts	1693195424186
3176743 toao      20   0   15.2g   2.5g 115252 R 200.0   2.0   4:39.97 nts	1693195424893
3176743 toao      20   0   15.2g   2.5g 115252 R 194.1   2.0   4:41.37 nts	1693195425591
3176743 toao      20   0   15.2g   2.5g 115252 R 200.0   2.0   4:42.77 nts	1693195426295
3176743 toao      20   0   15.2g   2.5g 115252 R 200.0   2.0   4:44.16 nts	1693195426997
3176743 toao      20   0   15.2g   2.6g 115252 R 200.0   2.0   4:45.56 nts	1693195427700
3176743 toao      20   0   15.2g   2.6g 115252 R 205.9   2.0   4:46.96 nts	1693195428399
3176743 toao      20   0   15.2g   2.6g 115252 R 205.9   2.1   4:48.36 nts	1693195429103
3176743 toao      20   0   15.2g   2.6g 115252 R 200.0   2.1   4:49.78 nts	1693195429825
3176743 toao      20   0   15.2g   2.6g 115252 R 188.9   2.1   4:51.19 nts	1693195430527
3176743 toao      20   0   15.2g   2.6g 115252 R 200.0   2.1   4:52.58 nts	1693195431238
3176743 toao      20   0   15.2g   2.6g 115252 R 183.3   2.1   4:53.99 nts	1693195431939
3176743 toao      20   0   15.2g   2.6g 115252 R 188.9   2.1   4:55.41 nts	1693195432651
3176743 toao      20   0   15.2g   2.6g 115252 R 200.0   2.1   4:56.80 nts	1693195433362
3176743 toao      20   0   15.2g   2.6g 115252 R 200.0   2.1   4:58.20 nts	1693195434067
3176743 toao      20   0   15.2g   2.6g 115252 R 194.1   2.1   4:59.58 nts	1693195434767
3176743 toao      20   0   15.2g   2.7g 115252 R 200.0   2.1   5:00.98 nts	1693195435470
3176743 toao      20   0   15.2g   2.7g 115252 R 200.0   2.1   5:02.38 nts	1693195436170
3176743 toao      20   0   15.2g   2.7g 115252 R 205.9   2.1   5:03.77 nts	1693195436871
3176743 toao      20   0   15.2g   2.7g 115252 R 212.5   2.1   5:05.16 nts	1693195437574
3176743 toao      20   0   15.2g   2.7g 115252 R 200.0   2.2   5:06.55 nts	1693195438275
3176743 toao      20   0   15.4g   2.8g 115252 R 100.0   2.3   5:07.72 nts	1693195438978
3176743 toao      20   0   17.8g   3.0g 115252 R  1124   2.4   5:11.21 nts	1693195439678
3176743 toao      20   0   17.8g   3.1g 115252 S 423.5   2.4   5:16.02 nts	1693195440378
3176743 toao      20   0   17.8g   3.2g 115252 R 552.9   2.5   5:20.21 nts	1693195441080
3176743 toao      20   0   17.8g   3.3g 115252 R 611.8   2.6   5:24.12 nts	1693195441785
3176743 toao      20   0   17.8g   3.4g 115252 R 600.0   2.7   5:28.43 nts	1693195442490
3176743 toao      20   0   17.8g   3.5g 115252 R 452.9   2.8   5:32.57 nts	1693195443197
3176743 toao      20   0   17.8g   3.6g 115252 R 564.7   2.9   5:36.29 nts	1693195443900
3176743 toao      20   0   17.8g   3.7g 115252 R  1012   2.9   5:42.62 nts	1693195444606
3176743 toao      20   0   17.8g   3.8g 115252 R 477.8   3.0   5:50.85 nts	1693195445311
3176743 toao      20   0   17.8g   3.8g 115252 S 461.1   3.1   5:54.68 nts	1693195446021
3176743 toao      20   0   17.8g   3.9g 115252 R 682.4   3.1   5:58.86 nts	1693195446729
3176743 toao      20   0   17.8g   4.0g 115252 R 741.2   3.2   6:03.52 nts	1693195447437
3176743 toao      20   0   17.8g   4.1g 115252 R 555.6   3.3   6:07.36 nts	1693195448141
3176743 toao      20   0   17.8g   4.2g 115252 R 438.9   3.3   6:11.44 nts	1693195448849
3176743 toao      20   0   17.8g   4.3g 115252 R 635.3   3.4   6:15.33 nts	1693195449559
3176743 toao      20   0   17.8g   4.4g 115252 R 435.3   3.5   6:19.17 nts	1693195450269
3176743 toao      20   0   17.8g   4.5g 115252 R 882.4   3.6   6:24.19 nts	1693195450975
3176743 toao      20   0   17.8g   4.6g 115252 R 582.4   3.6   6:28.79 nts	1693195451683
3176743 toao      20   0   21.8g   4.6g 115252 R 105.9   3.7   6:31.14 nts	1693195452390
3176743 toao      20   0   22.0g   4.8g 115252 R  1288   3.8   6:33.86 nts	1693195453093
3176743 toao      20   0   22.0g   4.8g 115252 R 100.0   3.8   6:34.57 nts	1693195453800
3176743 toao      20   0   22.0g   4.8g 115252 R 100.0   3.8   6:35.28 nts	1693195454509
3176743 toao      20   0   22.0g   4.8g 115252 R  94.1   3.8   6:35.97 nts	1693195455217
3176743 toao      20   0   22.0g   4.8g 115252 R 112.5   3.8   6:36.68 nts	1693195455916
3176743 toao      20   0   22.0g   4.8g 115252 R 100.0   3.8   6:37.38 nts	1693195456614
3176743 toao      20   0   22.0g   4.8g 115252 R 105.9   3.8   6:38.08 nts	1693195457315
3176743 toao      20   0   22.0g   4.8g 115252 R  94.1   3.8   6:38.77 nts	1693195458016
3176743 toao      20   0   22.0g   4.8g 115252 R  94.1   3.8   6:39.47 nts	1693195458718
3176743 toao      20   0   22.0g   4.8g 115252 R 100.0   3.8   6:40.17 nts	1693195459418
3176743 toao      20   0   22.0g   4.8g 115252 R 100.0   3.8   6:40.88 nts	1693195460119
3176743 toao      20   0   22.0g   4.8g 115252 R 100.0   3.8   6:41.58 nts	1693195460820
3176743 toao      20   0   22.0g   4.8g 115252 R 100.0   3.8   6:42.29 nts	1693195461524
3176743 toao      20   0   22.0g   4.8g 115252 R 100.0   3.8   6:42.99 nts	1693195462227
3176743 toao      20   0   22.0g   4.8g 115252 R 100.0   3.8   6:43.69 nts	1693195462930
3176743 toao      20   0   22.0g   4.8g 115252 R 100.0   3.8   6:44.39 nts	1693195463631
3176743 toao      20   0   23.0g   4.9g 115252 R  94.1   3.9   6:45.09 nts	1693195464335
3176743 toao      20   0   23.9g   5.6g 115252 R 105.9   4.5   6:45.81 nts	1693195465039
3176743 toao      20   0   23.9g   5.8g 115252 R 105.9   4.6   6:46.51 nts	1693195465744
3176743 toao      20   0   23.9g   5.8g 115252 R 105.9   4.7   6:47.21 nts	1693195466447
3176743 toao      20   0   23.9g   5.9g 115252 R 100.0   4.7   6:47.91 nts	1693195467148
3176743 toao      20   0   23.9g   5.9g 115252 R 105.9   4.7   6:48.61 nts	1693195467851
3176743 toao      20   0   23.9g   5.9g 115252 R 100.0   4.7   6:49.30 nts	1693195468550
3176743 toao      20   0   23.9g   5.9g 115252 R  94.1   4.7   6:50.00 nts	1693195469251
3176743 toao      20   0   23.9g   5.9g 115252 R 100.0   4.7   6:50.71 nts	1693195469951
3176743 toao      20   0   23.9g   5.9g 115252 R 105.9   4.7   6:51.41 nts	1693195470651
3176743 toao      20   0   23.9g   5.9g 115252 R 100.0   4.7   6:52.10 nts	1693195471351
3176743 toao      20   0   23.9g   5.9g 115252 R 100.0   4.7   6:52.81 nts	1693195472050
3176743 toao      20   0   23.9g   5.9g 115252 R 100.0   4.7   6:53.51 nts	1693195472755
3176743 toao      20   0   23.9g   5.9g 115252 R 100.0   4.7   6:54.21 nts	1693195473454
3176743 toao      20   0   23.9g   5.9g 115252 R 100.0   4.7   6:54.91 nts	1693195474155
3176743 toao      20   0   23.9g   5.9g 115252 R 100.0   4.7   6:55.61 nts	1693195474854
3176743 toao      20   0   23.9g   5.9g 115252 R 105.9   4.7   6:56.31 nts	1693195475555
3176743 toao      20   0   23.9g   5.9g 115252 R 100.0   4.7   6:57.01 nts	1693195476254
3176743 toao      20   0   23.9g   5.9g 115252 R 105.9   4.7   6:57.72 nts	1693195476959
3176743 toao      20   0   23.9g   5.9g 115252 R 100.0   4.7   6:58.41 nts	1693195477662
3176743 toao      20   0   23.9g   5.9g 115252 R 112.5   4.7   6:59.12 nts	1693195478362
3176743 toao      20   0   23.9g   5.9g 115252 R 100.0   4.7   6:59.82 nts	1693195479063
3176743 toao      20   0   23.9g   5.9g 115252 R 100.0   4.7   7:00.52 nts	1693195479767
3176743 toao      20   0   23.9g   6.3g 115252 R 100.0   5.0   7:01.22 nts	1693195480467
3176743 toao      20   0   23.9g   6.5g 115252 R 100.0   5.2   7:01.92 nts	1693195481168
3176743 toao      20   0   23.9g   6.6g 115252 R  94.1   5.2   7:02.62 nts	1693195481871
3176743 toao      20   0   23.9g   6.6g 115252 R 100.0   5.2   7:03.33 nts	1693195482575
3176743 toao      20   0   23.9g   6.6g 115252 R 100.0   5.3   7:04.03 nts	1693195483278
3176743 toao      20   0   23.9g   6.6g 115252 R  94.1   5.3   7:04.73 nts	1693195483979
3176743 toao      20   0   23.9g   6.7g 115252 R 100.0   5.3   7:05.43 nts	1693195484679
3176743 toao      20   0   23.9g   6.7g 115252 R  94.1   5.3   7:06.13 nts	1693195485378
3176743 toao      20   0   23.9g   6.7g 115252 R 100.0   5.3   7:06.84 nts	1693195486080
3176743 toao      20   0   23.9g   6.7g 115252 R 106.2   5.3   7:07.54 nts	1693195486784
3176743 toao      20   0   23.9g   6.7g 115252 R 105.9   5.3   7:08.25 nts	1693195487487
3176743 toao      20   0   23.9g   6.7g 115252 R 112.5   5.3   7:08.95 nts	1693195488193
3176743 toao      20   0   23.9g   6.7g 115252 R 100.0   5.3   7:09.65 nts	1693195488894
3176743 toao      20   0   23.9g   6.7g 115252 R 100.0   5.3   7:10.35 nts	1693195489599
3176743 toao      20   0   23.9g   6.7g 115252 R  94.1   5.3   7:11.04 nts	1693195490299
3176743 toao      20   0   23.9g   6.7g 115252 R 100.0   5.3   7:11.75 nts	1693195490999
3176743 toao      20   0   23.9g   6.7g 115252 R  94.1   5.3   7:12.45 nts	1693195491699
3176743 toao      20   0   23.9g   6.7g 115252 R 105.9   5.3   7:13.16 nts	1693195492404
3176743 toao      20   0   23.9g   6.7g 115252 R 105.9   5.3   7:13.87 nts	1693195493109
3176743 toao      20   0   23.9g   6.7g 115252 R 100.0   5.3   7:14.57 nts	1693195493814
3176743 toao      20   0   23.9g   6.7g 115252 R 100.0   5.3   7:15.27 nts	1693195494519
3176743 toao      20   0   23.9g   6.7g 115252 R  94.1   5.3   7:15.97 nts	1693195495219
3176743 toao      20   0   23.9g   6.7g 115252 R 100.0   5.3   7:16.67 nts	1693195495921
3176743 toao      20   0   23.9g   6.7g 115252 R 100.0   5.3   7:17.37 nts	1693195496621
3176743 toao      20   0   23.9g   6.7g 115252 R 106.2   5.3   7:18.07 nts	1693195497322
3176743 toao      20   0   23.9g   6.7g 115252 R 106.2   5.3   7:18.77 nts	1693195498022
3176743 toao      20   0   23.9g   6.7g 115252 R 106.2   5.3   7:19.47 nts	1693195498722
3176743 toao      20   0   23.9g   6.7g 115252 R 100.0   5.3   7:20.16 nts	1693195499422
3176743 toao      20   0   33.4g   7.4g 288364 R 100.0   5.9   7:21.87 nts	1693195500122
3176743 toao      20   0   34.3g   8.2g 420376 R 106.2   6.5   7:22.57 nts	1693195500823
3176743 toao      20   0   37.0g   9.1g 527040 R  94.1   7.3   7:23.27 nts	1693195501522
3176743 toao      20   0   37.1g  10.7g 527040 R 100.0   8.5   7:23.97 nts	1693195502224
3176743 toao      20   0   37.1g  10.7g 527040 R 100.0   8.5   7:24.68 nts	1693195502925
3176743 toao      20   0   37.1g  10.7g 527040 R 100.0   8.5   7:25.38 nts	1693195503627
3176743 toao      20   0   37.1g  10.7g 527040 R 100.0   8.5   7:26.08 nts	1693195504327
3176743 toao      20   0   37.1g  10.7g 527040 R 100.0   8.5   7:26.78 nts	1693195505030
3176743 toao      20   0   67.4g  10.7g 551612 R  94.1   8.5   7:27.48 nts	1693195505731
3176743 toao      20   0   67.4g  12.9g   2.8g R 106.2  10.3   7:28.18 nts	1693195506433
3176743 toao      20   0   67.4g  15.2g   5.1g R 100.0  12.1   7:28.89 nts	1693195507135
3176743 toao      20   0   67.4g  17.5g   7.4g R 100.0  14.0   7:29.59 nts	1693195507838
3176743 toao      20   0   67.4g  19.8g   9.7g R 100.0  15.8   7:30.29 nts	1693195508539
3176743 toao      20   0   67.4g  22.1g  11.9g R 100.0  17.6   7:30.99 nts	1693195509238
3176743 toao      20   0   67.4g  24.3g  14.2g R 100.0  19.4   7:31.69 nts	1693195509939
3176743 toao      20   0   67.4g  26.6g  16.5g R 100.0  21.2   7:32.39 nts	1693195510639
3176743 toao      20   0   67.4g  28.9g  18.8g R 100.0  23.0   7:33.09 nts	1693195511341
3176743 toao      20   0   67.4g  31.2g  21.0g R 106.2  24.8   7:33.79 nts	1693195512042
3176743 toao      20   0   67.4g  33.4g  23.3g R 100.0  26.6   7:34.49 nts	1693195512740
3176743 toao      20   0   67.4g  35.7g  25.6g R 100.0  28.4   7:35.19 nts	1693195513440
3176743 toao      20   0   67.4g  38.0g  27.8g R 100.0  30.3   7:35.89 nts	1693195514140
3176743 toao      20   0   67.4g  40.3g  30.1g R 100.0  32.1   7:36.60 nts	1693195514843
3176743 toao      20   0   67.4g  41.0g  30.9g R  94.1  32.7   7:37.29 nts	1693195515545
3176743 toao      20   0   67.4g  41.0g  30.9g R 106.2  32.7   7:37.98 nts	1693195516244
3176743 toao      20   0   67.6g  41.1g  30.9g R 100.0  32.7   7:38.69 nts	1693195516946
3176743 toao      20   0   67.6g  41.1g  30.9g R 100.0  32.7   7:39.39 nts	1693195517653
3176743 toao      20   0   67.6g  41.1g  30.9g R 100.0  32.7   7:40.10 nts	1693195518355
3176743 toao      20   0   67.6g  41.1g  30.9g R 100.0  32.7   7:40.80 nts	1693195519058
3176743 toao      20   0   67.6g  41.1g  30.9g R 105.9  32.7   7:41.50 nts	1693195519756
3176743 toao      20   0   67.6g  41.1g  30.9g R 105.9  32.7   7:42.20 nts	1693195520454
3176743 toao      20   0   67.6g  41.1g  30.9g R 105.9  32.7   7:42.90 nts	1693195521155
3176743 toao      20   0   67.6g  41.1g  30.9g R 100.0  32.7   7:43.60 nts	1693195521856
3176743 toao      20   0   67.6g  41.1g  30.9g R 100.0  32.7   7:44.30 nts	1693195522559
3176743 toao      20   0   67.6g  41.1g  30.9g R 106.2  32.7   7:45.00 nts	1693195523262
3176743 toao      20   0   67.6g  41.1g  30.9g R 106.2  32.7   7:45.70 nts	1693195523963
3176743 toao      20   0   67.6g  41.1g  30.9g R 112.5  32.7   7:46.41 nts	1693195524663
3176743 toao      20   0   67.6g  41.1g  30.9g R 106.2  32.7   7:47.11 nts	1693195525363
3176743 toao      20   0   67.6g  41.1g  30.9g R 106.2  32.7   7:47.81 nts	1693195526063
3176743 toao      20   0   67.6g  41.1g  30.9g R 106.2  32.7   7:48.51 nts	1693195526763
3176743 toao      20   0   67.6g  41.1g  30.9g R 106.2  32.7   7:49.21 nts	1693195527462
3176743 toao      20   0   67.6g  41.1g  30.9g R 100.0  32.7   7:49.91 nts	1693195528164
3176743 toao      20   0   67.6g  41.1g  30.9g R 100.0  32.8   7:50.61 nts	1693195528867
3176743 toao      20   0   67.6g  41.1g  30.9g R 100.0  32.8   7:51.31 nts	1693195529567
3176743 toao      20   0   67.6g  41.1g  30.9g R 100.0  32.8   7:52.01 nts	1693195530267
3176743 toao      20   0   67.6g  41.1g  30.9g R 105.9  32.8   7:52.72 nts	1693195530968
3176743 toao      20   0   67.6g  41.1g  30.9g R 100.0  32.8   7:53.41 nts	1693195531667
3176743 toao      20   0   67.6g  41.1g  30.9g R  94.1  32.8   7:54.11 nts	1693195532366
3176743 toao      20   0   67.6g  41.1g  30.9g R 100.0  32.8   7:54.81 nts	1693195533071
3176743 toao      20   0   67.6g  41.1g  30.9g R  94.1  32.8   7:55.52 nts	1693195533770
3176743 toao      20   0   67.6g  41.1g  30.9g R 100.0  32.8   7:56.23 nts	1693195534475
3176743 toao      20   0   67.6g  41.1g  30.9g R 100.0  32.8   7:56.92 nts	1693195535175
3176743 toao      20   0   67.6g  41.1g  30.9g R 100.0  32.8   7:57.62 nts	1693195535875
3176743 toao      20   0   67.6g  41.1g  30.9g R 100.0  32.8   7:58.32 nts	1693195536575
3176743 toao      20   0   67.6g  41.1g  30.9g R 100.0  32.8   7:59.02 nts	1693195537275
3176743 toao      20   0   67.6g  41.1g  30.9g R 100.0  32.8   7:59.72 nts	1693195537975
3176743 toao      20   0   67.6g  41.1g  30.9g R 100.0  32.8   8:00.42 nts	1693195538675
3176743 toao      20   0   67.6g  41.1g  30.9g R  94.1  32.8   8:01.12 nts	1693195539375
3176743 toao      20   0   67.6g  41.1g  30.9g R 100.0  32.8   8:01.82 nts	1693195540077
3176743 toao      20   0   67.6g  41.1g  30.9g R 105.9  32.8   8:02.53 nts	1693195540779
3176743 toao      20   0   67.6g  41.1g  30.9g R 105.9  32.8   8:03.23 nts	1693195541479
3176743 toao      20   0   67.6g  41.1g  30.9g R 100.0  32.8   8:03.93 nts	1693195542180
3176743 toao      20   0   67.6g  41.1g  30.9g R 106.2  32.8   8:04.63 nts	1693195542883
3176743 toao      20   0   67.6g  41.1g  30.9g R 106.2  32.8   8:05.33 nts	1693195543582
3176743 toao      20   0   67.6g  41.1g  30.9g R 100.0  32.8   8:06.04 nts	1693195544284
3176743 toao      20   0   67.6g  41.1g  30.9g R 100.0  32.8   8:06.74 nts	1693195544986
3176743 toao      20   0   67.6g  41.1g  30.9g R 100.0  32.8   8:07.44 nts	1693195545689
3176743 toao      20   0   67.6g  41.1g  30.9g R 100.0  32.8   8:08.14 nts	1693195546391
3176743 toao      20   0   67.6g  41.1g  30.9g R 100.0  32.8   8:08.84 nts	1693195547091
3176743 toao      20   0   67.6g  41.1g  30.9g R 100.0  32.8   8:09.54 nts	1693195547795
3176743 toao      20   0   67.6g  41.1g  30.9g R 100.0  32.8   8:10.24 nts	1693195548495
3176743 toao      20   0   67.6g  41.1g  30.9g R 105.9  32.8   8:10.95 nts	1693195549199
3176743 toao      20   0   67.6g  41.1g  30.9g R 100.0  32.8   8:11.64 nts	1693195549899
3176743 toao      20   0   67.6g  41.2g  30.9g R 100.0  32.8   8:12.34 nts	1693195550598
3176743 toao      20   0   67.6g  41.2g  30.9g R 100.0  32.8   8:13.05 nts	1693195551298
3176743 toao      20   0   67.6g  41.2g  30.9g R 106.2  32.8   8:13.75 nts	1693195552003
3176743 toao      20   0   67.6g  41.2g  30.9g R 100.0  32.8   8:14.45 nts	1693195552703
3176743 toao      20   0   67.6g  41.2g  30.9g R 106.2  32.8   8:15.15 nts	1693195553402
3176743 toao      20   0   67.6g  41.2g  30.9g R  94.1  32.8   8:15.85 nts	1693195554103
3176743 toao      20   0   67.6g  41.2g  30.9g R 100.0  32.8   8:16.56 nts	1693195554806
3176743 toao      20   0   67.6g  41.2g  30.9g R 100.0  32.8   8:17.25 nts	1693195555508
3176743 toao      20   0   67.6g  41.2g  30.9g R 100.0  32.8   8:17.96 nts	1693195556208
3176743 toao      20   0   67.6g  41.2g  30.9g R 100.0  32.8   8:18.67 nts	1693195556911
3176743 toao      20   0   67.6g  41.3g  30.9g R 558.8  32.9   8:20.11 nts	1693195557615
3176743 toao      20   0   67.6g  41.3g  30.9g R 105.9  32.9   8:20.81 nts	1693195558316
3176743 toao      20   0   68.0g  41.4g  30.9g R  2365  33.0   8:26.27 nts	1693195559019
3176743 toao      20   0   68.0g  41.5g  30.9g R  2712  33.0   8:39.61 nts	1693195559719
3176743 toao      20   0   68.0g  41.4g  30.9g R  2529  33.0   8:52.28 nts	1693195560421
3176743 toao      20   0   68.0g  41.4g  30.9g R  2262  33.0   9:04.46 nts	1693195561123
3176743 toao      20   0   68.0g  41.4g  30.9g R 812.5  33.0   9:15.26 nts	1693195561823
3176743 toao      20   0   68.0g  41.4g  30.9g R  1759  33.0   9:29.87 nts	1693195562523
3176743 toao      20   0   68.0g  41.5g  30.9g R  2647  33.0   9:44.25 nts	1693195563227
3176743 toao      20   0   68.0g  41.5g  30.9g R  2818  33.0   9:57.52 nts	1693195563927
3176743 toao      20   0   68.0g  41.5g  30.9g R  2676  33.0  10:10.18 nts	1693195564631
3176743 toao      20   0   68.0g  41.5g  30.9g R  3588  33.0  10:24.69 nts	1693195565331
3176743 toao      20   0   68.0g  41.5g  30.9g R  4035  33.1  10:39.40 nts	1693195566034
3176743 toao      20   0   68.0g  41.5g  30.9g R  4035  33.1  10:54.08 nts	1693195566736
3176743 toao      20   0   67.8g  41.3g  30.9g R  3241  32.9  11:07.51 nts	1693195567444
3176743 toao      20   0   67.8g  41.4g  30.9g R  1753  33.0  11:19.31 nts	1693195568147
3176743 toao      20   0   67.8g  41.4g  30.9g S  1412  33.0  11:31.26 nts	1693195568847
3176743 toao      20   0   67.9g  41.4g  30.9g R  1135  33.0  11:43.11 nts	1693195569547
3176743 toao      20   0   67.9g  41.4g  30.9g R 452.9  33.0  11:54.55 nts	1693195570251
3176743 toao      20   0   67.9g  41.4g  30.9g R 100.0  33.0  12:05.88 nts	1693195570955
3176743 toao      20   0   68.0g  41.4g  30.9g R 394.1  33.0  12:17.76 nts	1693195571658
3176743 toao      20   0   68.0g  41.4g  30.9g R  1729  33.0  12:31.22 nts	1693195572359
3176743 toao      20   0   68.0g  41.5g  30.9g R  2506  33.0  12:44.05 nts	1693195573059
3176743 toao      20   0   68.0g  41.5g  30.9g R  3918  33.1  12:58.28 nts	1693195573758
3176743 toao      20   0   68.0g  41.4g  30.9g R  1100  33.0  13:04.76 nts	1693195574460
3176743 toao      20   0   68.0g  41.5g  30.9g R  2756  33.0  13:19.39 nts	1693195575162
3176743 toao      20   0   68.0g  41.5g  30.9g R  3941  33.1  13:33.89 nts	1693195575866
3176743 toao      20   0   67.8g  41.3g  30.9g R  2806  32.9  13:46.64 nts	1693195576571
3176743 toao      20   0   67.8g  41.4g  30.9g S  1071  33.0  13:58.21 nts	1693195577275
3176743 toao      20   0   67.9g  41.4g  30.9g R 638.9  33.0  14:09.75 nts	1693195577980
3176743 toao      20   0   67.9g  41.4g  30.9g R 488.2  33.0  14:20.98 nts	1693195578686
3176743 toao      20   0   67.9g  41.4g  30.9g R 452.9  33.0  14:32.56 nts	1693195579391
3176743 toao      20   0   67.9g  41.4g  30.9g R 111.8  33.0  14:43.86 nts	1693195580093
3176743 toao      20   0   67.9g  41.4g  30.9g R  94.1  33.0  14:55.27 nts	1693195580796
3176743 toao      20   0   68.0g  41.4g  30.9g R 576.5  33.0  15:07.38 nts	1693195581500
3176743 toao      20   0   68.0g  41.4g  30.9g R  1662  33.0  15:20.14 nts	1693195582203
3176743 toao      20   0   68.0g  41.5g  30.9g R  3265  33.0  15:34.50 nts	1693195582903
3176743 toao      20   0   68.0g  41.5g  30.9g R  4047  33.1  15:49.28 nts	1693195583607
3176743 toao      20   0   68.0g  41.5g  30.9g R  4124  33.0  16:01.70 nts	1693195584316
3176743 toao      20   0   67.8g  41.3g  30.9g R  2494  32.9  16:13.55 nts	1693195585021
3176743 toao      20   0   67.9g  41.4g  30.9g R 729.4  33.0  16:25.23 nts	1693195585723
3176743 toao      20   0   67.8g  41.4g  30.9g R 487.5  33.0  16:37.00 nts	1693195586432
3176743 toao      20   0   67.9g  41.4g  30.9g R 788.9  33.0  16:49.24 nts	1693195587134
3176743 toao      20   0   67.9g  41.4g  30.9g R 470.6  33.0  17:00.58 nts	1693195587854
3176743 toao      20   0   67.9g  41.4g  30.9g R 100.0  33.0  17:11.92 nts	1693195588555
3176743 toao      20   0   68.0g  41.4g  30.9g R  94.1  33.0  17:23.33 nts	1693195589256
3176743 toao      20   0   68.0g  41.4g  30.9g R  1635  33.0  17:37.44 nts	1693195589959
3176743 toao      20   0   68.0g  41.5g  30.9g R  3453  33.1  17:51.79 nts	1693195590664
3176743 toao      20   0   68.0g  41.5g  30.9g R  4041  33.1  18:04.19 nts	1693195591367
3176743 toao      20   0   68.0g  41.5g  30.9g R  4141  33.1  18:17.73 nts	1693195592067
3176743 toao      20   0   67.8g  41.3g  30.9g R  2935  32.9  18:30.35 nts	1693195592774
3176743 toao      20   0   67.9g  41.4g  30.9g R  1353  33.0  18:41.99 nts	1693195593476
3176743 toao      20   0   67.9g  41.4g  30.9g R 470.6  33.0  18:53.10 nts	1693195594179
3176743 toao      20   0   67.9g  41.4g  30.9g R 247.1  33.0  19:04.48 nts	1693195594879
3176743 toao      20   0   67.9g  41.4g  30.9g R 106.2  33.0  19:15.96 nts	1693195595582
3176743 toao      20   0   68.0g  41.4g  30.9g R  1447  33.0  19:29.24 nts	1693195596283
3176743 toao      20   0   68.0g  41.5g  30.9g R  2276  33.0  19:42.06 nts	1693195596987
3176743 toao      20   0   68.0g  41.5g  30.9g R  3000  33.0  19:54.76 nts	1693195597691
3176743 toao      20   0   68.0g  41.5g  30.9g R  4041  33.1  20:08.51 nts	1693195598391
3176743 toao      20   0   68.0g  41.5g  30.9g R  4041  33.1  20:21.24 nts	1693195599091
3176743 toao      20   0   67.9g  41.4g  30.9g R  3947  33.0  20:33.76 nts	1693195599791
3176743 toao      20   0   67.8g  41.3g  30.9g R  2071  32.9  20:45.14 nts	1693195600494
3176743 toao      20   0   67.9g  41.4g  30.9g R 447.1  33.0  20:56.65 nts	1693195601197
3176743 toao      20   0   67.9g  41.4g  30.9g R 447.1  33.0  21:08.55 nts	1693195601901
3176743 toao      20   0   67.9g  41.4g  30.9g R 443.8  33.0  21:19.77 nts	1693195602604
3176743 toao      20   0   67.9g  41.4g  30.9g R 112.5  33.0  21:31.09 nts	1693195603302
3176743 toao      20   0   68.0g  41.4g  30.9g R  1353  33.0  21:44.32 nts	1693195604002
3176743 toao      20   0   68.0g  41.5g  30.9g R  2776  33.0  21:58.17 nts	1693195604705
3176743 toao      20   0   68.0g  41.5g  30.9g R  4047  33.1  22:12.80 nts	1693195605410
3176743 toao      20   0   68.0g  41.5g  30.9g R  3817  33.1  22:25.73 nts	1693195606116
3176743 toao      20   0   68.0g  41.5g  30.9g R  3994  33.1  22:37.08 nts	1693195606830
3176743 toao      20   0   67.8g  41.3g  30.9g R  2653  32.9  22:49.19 nts	1693195607537
3176743 toao      20   0   67.8g  41.4g  30.9g R  1776  33.0  23:00.37 nts	1693195608240
3176743 toao      20   0   67.9g  41.4g  30.9g R  1294  33.0  23:12.14 nts	1693195608944
3176743 toao      20   0   67.9g  41.4g  30.9g R 452.9  33.0  23:23.37 nts	1693195609647
3176743 toao      20   0   67.9g  41.4g  30.9g R 100.0  33.0  23:34.76 nts	1693195610350
3176743 toao      20   0   68.0g  41.4g  30.9g R 100.0  33.0  23:45.99 nts	1693195611052
3176743 toao      20   0   68.0g  41.4g  30.9g R  1941  33.0  24:00.51 nts	1693195611755
3176743 toao      20   0   68.0g  41.5g  30.9g R  3829  33.1  24:14.77 nts	1693195612456
3176743 toao      20   0   68.0g  41.5g  30.9g R  4035  33.1  24:27.39 nts	1693195613156
3176743 toao      20   0   67.8g  41.3g  30.9g R  3759  32.9  24:41.12 nts	1693195613856
3176743 toao      20   0   67.8g  41.4g  30.9g R  1944  33.0  24:52.26 nts	1693195614555
3176743 toao      20   0   67.8g  41.3g  30.9g R  2156  32.9  25:03.74 nts	1693195615255
3176743 toao      20   0   67.9g  41.4g  30.9g R 452.9  33.0  25:15.34 nts	1693195615956
3176743 toao      20   0   67.9g  41.4g  30.9g R 447.1  33.0  25:26.80 nts	1693195616658
3176743 toao      20   0   67.9g  41.4g  30.9g R 452.9  33.0  25:38.47 nts	1693195617359
3176743 toao      20   0   67.9g  41.4g  30.9g R 500.0  33.0  25:49.99 nts	1693195618063
3176743 toao      20   0   67.9g  41.4g  30.9g R  94.1  33.0  26:01.37 nts	1693195618763
3176743 toao      20   0   67.9g  41.4g  30.9g R 100.0  33.0  26:12.66 nts	1693195619467
3176743 toao      20   0   68.0g  41.4g  30.9g R  1241  33.0  26:26.10 nts	1693195620166
3176743 toao      20   0   68.0g  41.5g  30.9g R  3122  33.0  26:40.72 nts	1693195620870
3176743 toao      20   0   68.0g  41.5g  30.9g R  3959  33.1  26:53.78 nts	1693195621576
3176743 toao      20   0   67.8g  41.3g  30.9g R  3571  32.9  27:07.69 nts	1693195622279
3176743 toao      20   0   67.8g  41.3g  30.9g R  2069  32.9  27:19.12 nts	1693195622982
3176743 toao      20   0   67.9g  41.4g  30.9g R 682.4  33.0  27:31.00 nts	1693195623683
3176743 toao      20   0   67.9g  41.4g  30.9g R 458.8  33.0  27:42.17 nts	1693195624390
3176743 toao      20   0   67.9g  41.4g  30.9g R 258.8  33.0  27:53.50 nts	1693195625091
3176743 toao      20   0   68.0g  41.4g  30.9g R 105.9  33.0  28:04.62 nts	1693195625795
3176743 toao      20   0   68.0g  41.4g  30.9g R 952.9  33.0  28:17.26 nts	1693195626495
3176743 toao      20   0   68.0g  41.5g  30.9g R  2735  33.0  28:31.63 nts	1693195627195
3176743 toao      20   0   68.0g  41.5g  30.9g R  3559  33.1  28:44.22 nts	1693195627896
3176743 toao      20   0   68.0g  41.5g  30.9g R  3718  33.1  28:55.90 nts	1693195628600
3176743 toao      20   0   68.0g  41.5g  30.9g R  3947  33.1  29:08.51 nts	1693195629298
3176743 toao      20   0   68.0g  41.5g  30.9g R  4294  33.1  29:21.37 nts	1693195630003
3176743 toao      20   0   67.8g  41.3g  30.9g R  3035  32.9  29:34.10 nts	1693195630708
3176743 toao      20   0   68.0g  41.4g  30.9g R  4059  33.0  29:45.36 nts	1693195631411
3176743 toao      20   0   67.8g  41.3g  30.9g R  2324  32.9  29:57.04 nts	1693195632114
3176743 toao      20   0   67.9g  41.4g  30.9g R 655.6  33.0  30:08.78 nts	1693195632818
3176743 toao      20   0   67.9g  41.4g  30.9g R 470.6  33.0  30:20.15 nts	1693195633530
3176743 toao      20   0   67.9g  41.4g  30.9g R 487.5  33.0  30:31.68 nts	1693195634235
3176743 toao      20   0   67.9g  41.4g  30.9g R  94.1  33.0  30:43.12 nts	1693195634934
3176743 toao      20   0   68.0g  41.4g  30.9g R 541.2  33.0  30:54.99 nts	1693195635640
3176743 toao      20   0   68.0g  41.4g  30.9g R  1481  33.0  31:07.60 nts	1693195636343
3176743 toao      20   0   68.0g  41.5g  30.9g R  2950  33.0  31:22.06 nts	1693195637041
3176743 toao      20   0   68.0g  41.5g  30.9g R  3953  33.1  31:36.02 nts	1693195637747
3176743 toao      20   0   67.8g  41.3g  30.9g R  3600  32.9  31:49.70 nts	1693195638447
3176743 toao      20   0   67.8g  41.3g  30.9g R  2612  32.9  32:01.31 nts	1693195639149
3176743 toao      20   0   67.8g  41.4g  30.9g S 688.2  33.0  32:12.73 nts	1693195639847
3176743 toao      20   0   67.8g  41.4g  30.9g R  1612  33.0  32:24.35 nts	1693195640555
3176743 toao      20   0   67.9g  41.4g  30.9g R  1418  33.0  32:36.18 nts	1693195641258
3176743 toao      20   0   67.9g  41.4g  30.9g R 447.1  33.0  32:47.42 nts	1693195641958
3176743 toao      20   0   67.9g  41.4g  30.9g R 506.2  33.0  32:58.96 nts	1693195642662
3176743 toao      20   0   67.9g  41.4g  30.9g R 252.9  33.0  33:10.45 nts	1693195643360
3176743 toao      20   0   67.9g  41.4g  30.9g R 493.8  33.0  33:21.65 nts	1693195644063
3176743 toao      20   0   67.9g  41.4g  30.9g R 241.2  33.0  33:33.02 nts	1693195644763
3176743 toao      20   0   67.9g  41.4g  30.9g R  94.1  33.0  33:44.28 nts	1693195645467
3176743 toao      20   0   68.0g  41.4g  30.9g R 547.1  33.0  33:56.30 nts	1693195646167
3176743 toao      20   0   68.0g  41.4g  30.9g R 429.4  33.0  34:07.67 nts	1693195646871
3176743 toao      20   0   68.0g  41.4g  30.9g R  1665  33.0  34:21.66 nts	1693195647572
3176743 toao      20   0   68.0g  41.5g  30.9g R  3919  33.1  34:36.05 nts	1693195648272
3176743 toao      20   0   68.0g  41.4g  30.9g R  3959  33.0  34:50.60 nts	1693195648972
3176743 toao      20   0   67.8g  41.3g  30.9g R  2135  32.9  35:02.05 nts	1693195649680
3176743 toao      20   0   67.9g  41.4g  30.9g R 905.6  33.0  35:13.86 nts	1693195650384
3176743 toao      20   0   67.9g  41.4g  30.9g R 617.6  33.0  35:25.42 nts	1693195651089
3176743 toao      20   0   67.9g  41.4g  30.9g R 194.1  33.0  35:36.71 nts	1693195651791
3176743 toao      20   0   67.9g  41.4g  30.9g R 105.9  33.0  35:47.83 nts	1693195652495
3176743 toao      20   0   68.0g  41.4g  30.9g R 117.6  33.0  35:59.20 nts	1693195653195
3176743 toao      20   0   68.0g  41.4g  30.9g R  1159  33.0  36:12.27 nts	1693195653890
3176743 toao      20   0   68.0g  41.4g  30.9g R  1653  33.0  36:24.83 nts	1693195654589
3176743 toao      20   0   68.0g  41.4g  30.9g R  1271  33.0  36:35.57 nts	1693195655294
3176743 toao      20   0   68.0g  41.5g  30.9g R  2671  33.0  36:49.45 nts	1693195655995
3176743 toao      20   0   68.0g  41.5g  30.9g R  4047  33.1  37:04.02 nts	1693195656690
3176743 toao      20   0   67.8g  41.3g  30.9g R  3406  32.9  37:17.22 nts	1693195657391
3176743 toao      20   0   67.8g  41.3g  30.9g R  2859  32.9  37:28.78 nts	1693195658092
3176743 toao      20   0   67.9g  41.4g  30.9g R  1418  33.0  37:40.49 nts	1693195658795
3176743 toao      20   0   67.9g  41.4g  30.9g R 452.9  33.0  37:51.38 nts	1693195659495
3176743 toao      20   0   67.9g  41.4g  30.9g R 452.9  33.0  38:02.74 nts	1693195660190
3176743 toao      20   0   67.9g  41.4g  30.9g R 100.0  33.0  38:13.92 nts	1693195660891
3176743 toao      20   0   68.0g  41.4g  30.9g R  1012  33.0  38:26.62 nts	1693195661591
3176743 toao      20   0   68.0g  41.4g  30.9g R  1959  33.0  38:39.57 nts	1693195662295
3176743 toao      20   0   68.0g  41.5g  30.9g R  3600  33.1  38:53.86 nts	1693195662995
3176743 toao      20   0   68.0g  41.4g  30.9g R  3772  33.0  39:08.61 nts	1693195663697
3176743 toao      20   0   67.8g  41.3g  30.9g R  2565  32.9  39:20.57 nts	1693195664409
3176743 toao      20   0   67.8g  41.4g  30.9g R  1706  33.0  39:31.88 nts	1693195665110
3176743 toao      20   0   67.9g  41.4g  30.9g R 427.8  33.0  39:43.83 nts	1693195665822
3176743 toao      20   0   67.9g  41.4g  30.9g R 464.7  33.0  39:55.74 nts	1693195666525
3176743 toao      20   0   67.9g  41.4g  30.9g R 452.9  33.0  40:06.71 nts	1693195667226
3176743 toao      20   0   67.9g  41.4g  30.9g R 100.0  33.0  40:18.08 nts	1693195667927
3176743 toao      20   0   68.0g  41.4g  30.9g R  1300  33.0  40:31.18 nts	1693195668627
3176743 toao      20   0   68.0g  41.5g  30.9g R  3159  33.0  40:45.21 nts	1693195669332
3176743 toao      20   0   68.0g  41.5g  30.9g R  4041  33.1  40:58.93 nts	1693195670035
3176743 toao      20   0   67.8g  41.3g  30.9g R  3682  32.9  41:12.64 nts	1693195670736
3176743 toao      20   0   67.8g  41.4g  30.9g R  1718  33.0  41:23.66 nts	1693195671435
3176743 toao      20   0   67.9g  41.4g  30.9g R 458.8  33.0  41:35.47 nts	1693195672139
3176743 toao      20   0   67.9g  41.4g  30.9g R 470.6  33.0  41:46.32 nts	1693195672840
3176743 toao      20   0   67.9g  41.4g  30.9g R 100.0  33.0  41:57.39 nts	1693195673539
3176743 toao      20   0   68.0g  41.4g  30.9g R 117.6  33.0  42:09.15 nts	1693195674240
3176743 toao      20   0   68.0g  41.4g  30.9g R  2088  33.0  42:23.45 nts	1693195674944
3176743 toao      20   0   68.0g  41.5g  30.9g R  2394  33.0  42:34.96 nts	1693195675643
3176743 toao      20   0   68.0g  41.5g  30.9g R  4135  33.1  42:49.39 nts	1693195676347
3176743 toao      20   0   68.0g  41.5g  30.9g R  4312  33.1  43:02.83 nts	1693195677052
3176743 toao      20   0   67.8g  41.3g  30.9g R  2376  32.9  43:14.49 nts	1693195677759
3176743 toao      20   0   67.8g  41.4g  30.9g S  1641  33.0  43:26.37 nts	1693195678463
3176743 toao      20   0   67.9g  41.4g  30.9g R 441.2  33.0  43:37.91 nts	1693195679167
3176743 toao      20   0   67.9g  41.4g  30.9g R 447.1  33.0  43:49.03 nts	1693195679867
3176743 toao      20   0   67.9g  41.4g  30.9g R 400.0  33.0  44:00.89 nts	1693195680567
3176743 toao      20   0   67.9g  41.4g  30.9g R 100.0  33.0  44:12.00 nts	1693195681271
3176743 toao      20   0   68.0g  41.4g  30.9g R  1853  33.0  44:26.22 nts	1693195681971
3176743 toao      20   0   68.0g  41.5g  30.9g R  3669  33.1  44:40.28 nts	1693195682672
3176743 toao      20   0   68.0g  41.5g  30.9g R  4135  33.1  44:54.89 nts	1693195683371
3176743 toao      20   0   67.8g  41.3g  30.9g R  3288  32.9  45:07.16 nts	1693195684078
3176743 toao      20   0   67.8g  41.4g  30.9g S  1665  33.0  45:18.63 nts	1693195684779
3176743 toao      20   0   67.9g  41.4g  30.9g R 617.6  33.0  45:30.53 nts	1693195685480
3176743 toao      20   0   67.9g  41.4g  30.9g R 441.2  33.0  45:41.43 nts	1693195686178
3176743 toao      20   0   67.9g  41.4g  30.9g R 100.0  33.0  45:52.55 nts	1693195686878
3176743 toao      20   0   68.0g  41.4g  30.9g R  1059  33.0  46:05.48 nts	1693195687579
3176743 toao      20   0   68.0g  41.4g  30.9g R  1776  33.0  46:18.01 nts	1693195688279
3176743 toao      20   0   68.0g  41.5g  30.9g R  2759  33.0  46:31.19 nts	1693195688977
3176743 toao      20   0   68.0g  41.5g  30.9g R  3817  33.1  46:45.77 nts	1693195689681
3176743 toao      20   0   67.9g  41.4g  30.9g R  3935  33.0  46:59.31 nts	1693195690388
3176743 toao      20   0   67.8g  41.3g  30.9g R  1941  32.9  47:10.56 nts	1693195691094
3176743 toao      20   0   67.9g  41.4g  30.9g R 447.1  33.0  47:22.34 nts	1693195691803
3176743 toao      20   0   67.9g  41.4g  30.9g R 429.4  33.0  47:33.85 nts	1693195692507
3176743 toao      20   0   67.9g  41.4g  30.9g R 100.0  33.0  47:44.96 nts	1693195693207
3176743 toao      20   0   67.9g  41.4g  30.9g R 100.0  33.0  47:56.08 nts	1693195693906
3176743 toao      20   0   68.0g  41.4g  30.9g R 447.1  33.0  48:08.10 nts	1693195694606
3176743 toao      20   0   68.0g  41.4g  30.9g R  1359  33.0  48:20.84 nts	1693195695306
3176743 toao      20   0   68.0g  41.5g  30.9g R  3182  33.0  48:35.27 nts	1693195696006
3176743 toao      20   0   68.0g  41.5g  30.9g R  3947  33.1  48:49.32 nts	1693195696710
3176743 toao      20   0   67.8g  41.3g  30.9g R  3681  32.9  49:02.15 nts	1693195697412
3176743 toao      20   0   67.8g  41.4g  30.9g R  1862  33.0  49:13.37 nts	1693195698112
3176743 toao      20   0   67.9g  41.4g  30.9g R  1329  33.0  49:25.19 nts	1693195698814
3176743 toao      20   0   67.9g  41.4g  30.9g R 468.8  33.0  49:36.32 nts	1693195699514
3176743 toao      20   0   67.9g  41.4g  30.9g R 256.2  33.0  49:47.45 nts	1693195700214
3176743 toao      20   0   67.9g  41.4g  30.9g R 106.2  33.0  49:58.60 nts	1693195700914
3176743 toao      20   0   68.0g  41.4g  30.9g R  1265  33.0  50:11.59 nts	1693195701614
3176743 toao      20   0   68.0g  41.5g  30.9g R  2606  33.0  50:25.32 nts	1693195702319
3176743 toao      20   0   68.0g  41.5g  30.9g R  3582  33.1  50:38.00 nts	1693195703019
3176743 toao      20   0   68.0g  41.5g  30.9g R  4047  33.1  50:51.17 nts	1693195703724
3176743 toao      20   0   67.8g  41.3g  30.9g R  3876  32.9  51:04.81 nts	1693195704428
3176743 toao      20   0   67.8g  41.4g  30.9g R  1511  33.0  51:16.15 nts	1693195705128
3176743 toao      20   0   67.9g  41.4g  30.9g R  1182  33.0  51:28.01 nts	1693195705848
3176743 toao      20   0   67.9g  41.4g  30.9g R 493.8  33.0  51:39.21 nts	1693195706555
3176743 toao      20   0   67.9g  41.4g  30.9g R 241.2  33.0  51:50.51 nts	1693195707256
3176743 toao      20   0   67.9g  41.4g  30.9g R 276.5  33.0  52:01.92 nts	1693195707958
3176743 toao      20   0   67.9g  41.4g  30.9g R 100.0  33.0  52:13.47 nts	1693195708660
3176743 toao      20   0   68.0g  41.4g  30.9g R  1200  33.0  52:26.56 nts	1693195709359
3176743 toao      20   0   68.0g  41.5g  30.9g R  3076  33.0  52:40.88 nts	1693195710059
3176743 toao      20   0   68.0g  41.5g  30.9g R  4041  33.1  52:55.18 nts	1693195710760
3176743 toao      20   0   67.8g  41.3g  30.9g R  3929  32.9  53:07.97 nts	1693195711460
3176743 toao      20   0   67.8g  41.3g  30.9g R  2441  32.9  53:19.49 nts	1693195712159
3176743 toao      20   0   67.8g  41.4g  30.9g S  1600  33.0  53:31.25 nts	1693195712860
3176743 toao      20   0   67.9g  41.4g  30.9g R 682.4  33.0  53:43.03 nts	1693195713562
3176743 toao      20   0   67.9g  41.4g  30.9g R 452.9  33.0  53:54.10 nts	1693195714272
3176743 toao      20   0   67.9g  41.4g  30.9g R 112.5  33.0  54:05.26 nts	1693195714972
3176743 toao      20   0   67.9g  41.4g  30.9g R 112.5  33.0  54:16.10 nts	1693195715674
3176743 toao      20   0   68.0g  41.4g  30.9g R  1806  33.0  54:30.30 nts	1693195716376
3176743 toao      20   0   68.0g  41.5g  30.9g R  2429  33.0  54:42.74 nts	1693195717080
3176743 toao      20   0   68.0g  41.5g  30.9g R  3262  33.0  54:55.49 nts	1693195717784
3176743 toao      20   0   68.0g  41.5g  30.9g R  4047  33.1  55:09.81 nts	1693195718487
3176743 toao      20   0   68.0g  41.4g  30.9g R  4006  33.0  55:22.92 nts	1693195719188
3176743 toao      20   0   67.8g  41.3g  30.9g R  3800  32.9  55:34.89 nts	1693195719895
3176743 toao      20   0   67.8g  41.3g  30.9g R  3306  32.9  55:46.45 nts	1693195720595
3176743 toao      20   0   67.8g  41.3g  30.9g R  3012  32.9  55:57.77 nts	1693195721296
3176743 toao      20   0   67.8g  41.4g  30.9g S  1435  33.0  56:09.32 nts	1693195721999
3176743 toao      20   0   67.9g  41.4g  30.9g R 805.6  33.0  56:21.14 nts	1693195722699
3176743 toao      20   0   67.9g  41.4g  30.9g R 447.1  33.0  56:32.20 nts	1693195723408
3176743 toao      20   0   67.9g  41.4g  30.9g R 247.1  33.0  56:43.72 nts	1693195724109
3176743 toao      20   0   67.9g  41.4g  30.9g R  94.1  33.0  56:55.24 nts	1693195724808
3176743 toao      20   0   67.9g  41.4g  30.9g R  94.1  33.0  57:06.42 nts	1693195725508
3176743 toao      20   0   68.0g  41.4g  30.9g R  1300  33.0  57:20.39 nts	1693195726211
3176743 toao      20   0   68.0g  41.5g  30.9g R  2694  33.0  57:33.99 nts	1693195726916
3176743 toao      20   0   68.0g  41.5g  30.9g R  2994  33.0  57:46.30 nts	1693195727621
3176743 toao      20   0   68.0g  41.5g  30.9g R  3947  33.1  58:00.31 nts	1693195728324
3176743 toao      20   0   68.0g  41.5g  30.9g R  4041  33.1  58:12.31 nts	1693195729028
3176743 toao      20   0   67.8g  41.3g  30.9g R  3394  32.9  58:25.25 nts	1693195729732
3176743 toao      20   0   68.0g  41.5g  30.9g R  4041  33.1  58:35.79 nts	1693195730435
3176743 toao      20   0   67.8g  41.3g  30.9g R  3859  32.9  58:48.31 nts	1693195731139
3176743 toao      20   0   67.8g  41.3g  30.9g R  3012  32.9  58:59.77 nts	1693195731839
3176743 toao      20   0   67.8g  41.3g  30.9g R  2024  32.9  59:11.06 nts	1693195732539
3176743 toao      20   0   67.8g  41.4g  30.9g S 472.2  33.0  59:22.83 nts	1693195733241
3176743 toao      20   0   67.9g  41.4g  30.9g R 694.1  33.0  59:34.42 nts	1693195733946
3176743 toao      20   0   67.9g  41.4g  30.9g R 500.0  33.0  59:45.93 nts	1693195734652
3176743 toao      20   0   67.9g  41.4g  30.9g R 443.8  33.0  59:57.02 nts	1693195735355
3176743 toao      20   0   67.9g  41.4g  30.9g R 262.5  33.0  60:08.44 nts	1693195736054
3176743 toao      20   0   67.9g  41.4g  30.9g R 106.2  33.0  60:19.75 nts	1693195736755
3176743 toao      20   0   68.0g  41.4g  30.9g R  1229  33.0  60:32.69 nts	1693195737455
3176743 toao      20   0   68.0g  41.5g  30.9g R  3224  33.0  60:47.06 nts	1693195738159
3176743 toao      20   0   68.0g  41.5g  30.9g R  4041  33.1  61:01.28 nts	1693195738859
3176743 toao      20   0   67.8g  41.3g  30.9g R  3694  32.9  61:13.96 nts	1693195739562
3176743 toao      20   0   67.9g  41.4g  30.9g R  4181  33.0  61:25.02 nts	1693195740263
3176743 toao      20   0   67.8g  41.3g  30.9g R  2953  32.9  61:36.33 nts	1693195740964
3176743 toao      20   0   67.8g  41.3g  30.9g R  1876  32.9  61:47.92 nts	1693195741675
3176743 toao      20   0   67.8g  41.4g  30.9g S  1512  33.0  61:59.86 nts	1693195742383
3176743 toao      20   0   67.8g  41.4g  30.9g R  1681  33.0  62:11.10 nts	1693195743082
3176743 toao      20   0   67.9g  41.4g  30.9g R 500.0  33.0  62:22.79 nts	1693195743782
3176743 toao      20   0   67.9g  41.4g  30.9g R 475.0  33.0  62:34.24 nts	1693195744483
3176743 toao      20   0   67.9g  41.4g  30.9g R 181.2  33.0  62:45.51 nts	1693195745184
3176743 toao      20   0   67.9g  41.4g  30.9g R 106.2  33.0  62:56.88 nts	1693195745883
3176743 toao      20   0   68.0g  41.4g  30.9g R 993.8  33.0  63:09.46 nts	1693195746583
3176743 toao      20   0   68.0g  41.4g  30.9g R  1194  33.0  63:21.24 nts	1693195747282
3176743 toao      20   0   68.0g  41.5g  30.9g R  2259  33.0  63:34.74 nts	1693195747984
3176743 toao      20   0   68.0g  41.5g  30.9g R  3953  33.1  63:49.12 nts	1693195748687
3176743 toao      20   0   67.9g  41.4g  30.9g R  3835  33.0  64:03.14 nts	1693195749391
3176743 toao      20   0  125.0g  42.3g  31.7g R 200.0  33.7  64:14.00 nts	1693195750095
3176743 toao      20   0  128.6g  43.7g  33.2g R 200.0  34.9  64:15.41 nts	1693195750799
3176743 toao      20   0  132.2g  45.2g  34.6g R 212.5  36.0  64:16.81 nts	1693195751502
3176743 toao      20   0  132.5g  46.7g  36.1g S 205.9  37.2  64:18.23 nts	1693195752204
3176743 toao      20   0  137.6g  46.8g  36.2g S  1547  37.3  64:28.35 nts	1693195752910
3176743 toao      20   0  138.6g  46.9g  36.3g S  1676  37.4  64:41.70 nts	1693195753615
3176743 toao      20   0  138.9g  47.0g  36.3g S  2394  37.4  64:58.07 nts	1693195754322
3176743 toao      20   0  138.9g  46.9g  36.3g S  1935  37.4  65:13.33 nts	1693195755028
3176743 toao      20   0  139.5g  47.0g  36.3g S  2819  37.4  65:28.59 nts	1693195755734
3176743 toao      20   0  139.5g  47.0g  36.3g S  2444  37.5  65:43.38 nts	1693195756435
3176743 toao      20   0  138.9g  46.9g  36.3g S  2925  37.4  66:00.10 nts	1693195757135
3176743 toao      20   0  138.9g  46.9g  36.3g S  1482  37.4  66:14.08 nts	1693195757835
3176743 toao      20   0  138.9g  46.9g  36.3g S  2561  37.4  66:30.18 nts	1693195758542
3176743 toao      20   0  138.9g  46.9g  36.3g S  2706  37.4  66:45.88 nts	1693195759250
3176743 toao      20   0  138.9g  46.9g  36.3g S  1788  37.4  67:01.67 nts	1693195759953
3176743 toao      20   0  139.5g  47.0g  36.3g S  2318  37.4  67:16.60 nts	1693195760667
3176743 toao      20   0  139.5g  47.0g  36.3g S  1759  37.4  67:31.83 nts	1693195761367
3176743 toao      20   0  139.0g  46.9g  36.3g S  2200  37.4  67:46.56 nts	1693195762071
3176743 toao      20   0  139.4g  47.0g  36.3g S  2029  37.4  68:03.07 nts	1693195762773
3176743 toao      20   0  138.9g  46.9g  36.3g S  1665  37.4  68:18.12 nts	1693195763477
3176743 toao      20   0  139.5g  47.0g  36.3g S  2171  37.4  68:32.98 nts	1693195764180
3176743 toao      20   0  139.2g  47.0g  36.3g S  2494  37.4  68:49.62 nts	1693195764883
3176743 toao      20   0  139.0g  47.0g  36.3g S  1653  37.4  69:05.09 nts	1693195765582
3176743 toao      20   0  138.9g  46.9g  36.3g S  2388  37.4  69:20.19 nts	1693195766284
3176743 toao      20   0  138.9g  46.9g  36.3g S  1882  37.4  69:36.17 nts	1693195766987
3176743 toao      20   0  139.0g  47.0g  36.3g S  1806  37.4  69:52.00 nts	1693195767688
3176743 toao      20   0  139.5g  47.0g  36.3g S  2600  37.4  70:06.94 nts	1693195768399
3176743 toao      20   0  139.5g  46.9g  36.3g S  1706  37.4  70:18.84 nts	1693195769099
3176743 toao      20   0  139.5g  46.9g  36.3g S  2638  37.4  70:35.98 nts	1693195769802
3176743 toao      20   0  140.1g  47.0g  36.3g S  2081  37.4  70:50.83 nts	1693195770502
3176743 toao      20   0  140.1g  47.0g  36.3g S  2665  37.4  71:09.20 nts	1693195771203
3176743 toao      20   0  139.5g  47.0g  36.3g S  2753  37.4  71:25.77 nts	1693195771907
3176743 toao      20   0  139.5g  47.0g  36.3g S  2656  37.4  71:40.82 nts	1693195772610
3176743 toao      20   0  139.5g  46.9g  36.3g S  2853  37.4  71:56.62 nts	1693195773316
3176743 toao      20   0  139.5g  47.0g  36.3g S  1988  37.4  72:12.52 nts	1693195774018
3176743 toao      20   0  139.5g  47.0g  36.3g S  1935  37.4  72:27.96 nts	1693195774724
3176743 toao      20   0  140.1g  47.0g  36.3g S  2318  37.4  72:43.77 nts	1693195775429
3176743 toao      20   0  140.0g  47.0g  36.3g S  2582  37.4  73:00.45 nts	1693195776130
3176743 toao      20   0  139.5g  47.0g  36.3g S  1688  37.4  73:14.88 nts	1693195776828
3176743 toao      20   0  139.5g  47.0g  36.3g S  1888  37.4  73:30.91 nts	1693195777533
3176743 toao      20   0  140.1g  47.0g  36.3g S  1929  37.4  73:44.97 nts	1693195778235
3176743 toao      20   0  139.5g  46.9g  36.3g S  2665  37.4  74:01.93 nts	1693195778937
3176743 toao      20   0  139.5g  46.9g  36.3g S  2065  37.4  74:15.83 nts	1693195779639
3176743 toao      20   0  139.5g  47.0g  36.3g S  2618  37.4  74:31.55 nts	1693195780340
3176743 toao      20   0  139.5g  46.9g  36.3g S  1882  37.4  74:47.12 nts	1693195781044
3176743 toao      20   0  139.5g  47.0g  36.3g S  2665  37.4  75:02.50 nts	1693195781746
3176743 toao      20   0  139.5g  47.0g  36.3g S  1882  37.4  75:15.98 nts	1693195782448
3176743 toao      20   0  139.5g  47.0g  36.3g S  1982  37.4  75:30.65 nts	1693195783151
3176743 toao      20   0  139.5g  47.0g  36.3g S  1835  37.4  75:44.11 nts	1693195783851
3176743 toao      20   0  139.5g  46.9g  36.3g S  2519  37.4  75:57.25 nts	1693195784553
3176743 toao      20   0  139.5g  47.0g  36.3g S  2741  37.4  76:11.62 nts	1693195785256
3176743 toao      20   0  139.5g  47.0g  36.3g S  2612  37.4  76:27.17 nts	1693195785955
3176743 toao      20   0  139.5g  47.0g  36.3g S  1741  37.4  76:42.28 nts	1693195786658
3176743 toao      20   0  140.1g  47.0g  36.3g S  2294  37.4  76:54.92 nts	1693195787363
3176743 toao      20   0  139.5g  47.0g  36.3g S  1659  37.4  77:10.03 nts	1693195788063
3176743 toao      20   0  153.9g  46.9g  36.3g S  1612  37.4  77:24.92 nts	1693195788765
3176743 toao      20   0  154.5g  47.0g  36.3g S  2200  37.4  77:38.43 nts	1693195789470
3176743 toao      20   0  154.5g  46.9g  36.3g S  2718  37.4  77:54.27 nts	1693195790172
3176743 toao      20   0  154.5g  46.9g  36.3g S  2618  37.4  78:09.56 nts	1693195790879
3176743 toao      20   0  154.5g  46.9g  36.3g S  2500  37.4  78:23.09 nts	1693195791580
3176743 toao      20   0  155.1g  47.0g  36.3g S  2431  37.4  78:38.38 nts	1693195792283
3176743 toao      20   0  155.1g  47.0g  36.3g S  2547  37.5  78:54.18 nts	1693195792984
3176743 toao      20   0  154.5g  47.0g  36.3g S  1871  37.4  79:10.09 nts	1693195793686
3176743 toao      20   0  154.5g  47.0g  36.3g S  1871  37.4  79:24.20 nts	1693195794387
3176743 toao      20   0  154.5g  47.0g  36.3g S  2853  37.4  79:39.57 nts	1693195795084
3176743 toao      20   0  154.5g  47.0g  36.3g S  1635  37.4  79:55.39 nts	1693195795788
3176743 toao      20   0  154.5g  47.0g  36.3g S  2518  37.4  80:10.40 nts	1693195796492
3176743 toao      20   0  154.5g  47.0g  36.3g S  2582  37.4  80:26.68 nts	1693195797199
3176743 toao      20   0  154.5g  47.0g  36.3g S  1935  37.4  80:40.40 nts	1693195797901
3176743 toao      20   0  154.5g  46.9g  36.3g S  2612  37.4  80:57.41 nts	1693195798605
3176743 toao      20   0  155.1g  47.0g  36.3g S  1747  37.4  81:11.80 nts	1693195799306
3176743 toao      20   0  154.5g  46.9g  36.3g S  2112  37.4  81:26.86 nts	1693195800007
3176743 toao      20   0  154.5g  47.0g  36.3g S  2782  37.4  81:44.32 nts	1693195800708
3176743 toao      20   0  154.5g  47.0g  36.3g S  1588  37.4  81:59.88 nts	1693195801408
3176743 toao      20   0  155.1g  47.0g  36.3g S  2300  37.5  82:15.08 nts	1693195802111
3176743 toao      20   0  154.5g  47.0g  36.3g S  2059  37.4  82:31.32 nts	1693195802815
3176743 toao      20   0  154.5g  47.0g  36.3g S  2029  37.4  82:47.03 nts	1693195803519
3176743 toao      20   0  155.1g  47.0g  36.3g S  2341  37.5  83:01.47 nts	1693195804223
3176743 toao      20   0  154.7g  47.0g  36.3g S  1794  37.4  83:14.14 nts	1693195804927
3176743 toao      20   0  155.3g  47.0g  36.3g S  2241  37.5  83:30.93 nts	1693195805626
3176743 toao      20   0  154.7g  47.0g  36.3g S  1576  37.4  83:45.94 nts	1693195806330
3176743 toao      20   0  154.7g  47.0g  36.3g S  2353  37.4  84:03.70 nts	1693195807035
3176743 toao      20   0  154.7g  47.0g  36.3g S  2765  37.4  84:20.73 nts	1693195807740
3176743 toao      20   0  154.7g  47.0g  36.3g S  2035  37.4  84:34.71 nts	1693195808440
3176743 toao      20   0  155.0g  47.0g  36.3g S  2241  37.5  84:50.56 nts	1693195809142
3176743 toao      20   0  154.7g  47.0g  36.3g S  2847  37.4  85:07.59 nts	1693195809847
3176743 toao      20   0  155.3g  47.0g  36.3g S  1806  37.5  85:21.79 nts	1693195810547
3176743 toao      20   0  154.7g  47.0g  36.3g S  1947  37.4  85:37.27 nts	1693195811247
3176743 toao      20   0  154.7g  47.0g  36.3g S  2759  37.4  85:54.47 nts	1693195811952
3176743 toao      20   0  155.3g  47.0g  36.3g S  1435  37.5  86:09.00 nts	1693195812655
3176743 toao      20   0  154.7g  47.0g  36.3g S  2359  37.4  86:25.86 nts	1693195813355
3176743 toao      20   0  154.7g  47.0g  36.3g S  1647  37.4  86:39.53 nts	1693195814055
3176743 toao      20   0  154.7g  46.9g  36.3g S  2753  37.4  86:57.00 nts	1693195814760
3176743 toao      20   0  154.7g  47.0g  36.3g S  2428  37.4  87:10.74 nts	1693195815462
3176743 toao      20   0  155.3g  47.0g  36.3g S  1825  37.5  87:24.92 nts	1693195816164
3176743 toao      20   0  155.3g  47.0g  36.3g S  2129  37.5  87:41.15 nts	1693195816867
3176743 toao      20   0  154.7g  47.0g  36.3g S  1928  37.4  87:56.22 nts	1693195817571
3176743 toao      20   0  154.7g  47.0g  36.3g S  1794  37.4  88:10.08 nts	1693195818277
3176743 toao      20   0  154.7g  47.0g  36.3g S  2265  37.4  88:25.94 nts	1693195818988
3176743 toao      20   0  154.7g  47.0g  36.3g S  1635  37.4  88:38.88 nts	1693195819692
3176743 toao      20   0  154.7g  47.0g  36.3g S  2612  37.4  88:52.28 nts	1693195820396
3176743 toao      20   0  154.7g  47.0g  36.3g S  2600  37.4  89:05.67 nts	1693195821096
3176743 toao      20   0  154.7g  47.0g  36.3g S  2682  37.4  89:21.46 nts	1693195821799
3176743 toao      20   0  155.3g  47.0g  36.3g S  1635  37.5  89:35.90 nts	1693195822504
3176743 toao      20   0  155.3g  47.0g  36.3g S  2000  37.5  89:48.96 nts	1693195823205
3176743 toao      20   0  154.7g  47.0g  36.3g S  1635  37.4  90:04.13 nts	1693195823907
3176743 toao      20   0  160.2g  47.0g  36.3g S  2100  37.4  90:19.18 nts	1693195824612
3176743 toao      20   0  160.8g  47.0g  36.3g S  2359  37.5  90:32.66 nts	1693195825318
3176743 toao      20   0  160.2g  47.0g  36.3g S  2853  37.4  90:48.80 nts	1693195826020
3176743 toao      20   0  160.2g  47.0g  36.3g S  2756  37.4  91:04.15 nts	1693195826724
3176743 toao      20   0  160.2g  47.0g  36.3g S  2576  37.4  91:18.31 nts	1693195827427
3176743 toao      20   0  160.7g  47.0g  36.3g S  1994  37.5  91:33.83 nts	1693195828128
3176743 toao      20   0  160.6g  47.0g  36.3g S  2531  37.5  91:49.55 nts	1693195828832
3176743 toao      20   0  160.2g  47.0g  36.3g S  1724  37.5  92:04.97 nts	1693195829536
3176743 toao      20   0  160.2g  47.0g  36.3g S  2694  37.4  92:20.32 nts	1693195830241
3176743 toao      20   0  160.2g  47.0g  36.3g S  2824  37.4  92:35.95 nts	1693195830947
3176743 toao      20   0  160.8g  47.0g  36.3g S  2200  37.5  92:51.17 nts	1693195831647
3176743 toao      20   0  160.2g  47.0g  36.3g S  1900  37.5  93:05.47 nts	1693195832348
3176743 toao      20   0  160.2g  47.0g  36.3g S  1806  37.5  93:21.27 nts	1693195833053
3176743 toao      20   0  160.8g  47.0g  36.3g S  1947  37.5  93:35.18 nts	1693195833755
3176743 toao      20   0  160.2g  47.0g  36.3g S  2129  37.4  93:52.57 nts	1693195834459
3176743 toao      20   0  160.2g  47.0g  36.3g S  1659  37.4  94:07.94 nts	1693195835164
3176743 toao      20   0  160.8g  47.0g  36.3g S  2000  37.5  94:22.28 nts	1693195835866
3176743 toao      20   0  160.2g  47.0g  36.3g S  2506  37.4  94:39.33 nts	1693195836571
3176743 toao      20   0  160.2g  47.0g  36.3g S  1467  37.4  94:54.98 nts	1693195837271
3176743 toao      20   0  160.2g  47.0g  36.3g S  2476  37.4  95:10.46 nts	1693195837983
3176743 toao      20   0  160.2g  47.0g  36.3g S  1888  37.4  95:26.11 nts	1693195838687
3176743 toao      20   0  160.2g  47.0g  36.3g S  2200  37.4  95:41.80 nts	1693195839388
3176743 toao      20   0  160.2g  47.0g  36.3g S  2159  37.4  95:55.65 nts	1693195840087
3176743 toao      20   0  160.4g  47.0g  36.3g S  2047  37.5  96:08.94 nts	1693195840791
3176743 toao      20   0  160.9g  47.0g  36.3g S  2065  37.5  96:24.74 nts	1693195841495
3176743 toao      20   0  160.4g  47.0g  36.3g S  1671  37.4  96:39.83 nts	1693195842200
3176743 toao      20   0  160.4g  47.0g  36.3g S  2876  37.4  96:57.68 nts	1693195842901
3176743 toao      20   0  160.4g  47.0g  36.3g S  2782  37.4  97:15.02 nts	1693195843604
3176743 toao      20   0  160.4g  47.0g  36.3g S  2029  37.5  97:29.05 nts	1693195844307
3176743 toao      20   0  160.6g  47.0g  36.3g S  2324  37.5  97:45.07 nts	1693195845007
3176743 toao      20   0  160.4g  47.0g  36.3g S  2688  37.4  98:02.19 nts	1693195845712
3176743 toao      20   0  160.4g  47.0g  36.3g S  2094  37.4  98:17.67 nts	1693195846422
3176743 toao      20   0  160.4g  47.0g  36.3g S  2265  37.4  98:33.12 nts	1693195847129
3176743 toao      20   0  161.0g  47.0g  36.3g S  2276  37.5  98:49.68 nts	1693195847830
3176743 toao      20   0  160.4g  47.0g  36.3g S  1724  37.4  99:04.38 nts	1693195848529
3176743 toao      20   0  160.4g  47.0g  36.3g S  1941  37.5  99:20.62 nts	1693195849232
3176743 toao      20   0  160.4g  47.0g  36.3g S  1700  37.5  99:34.08 nts	1693195849933
3176743 toao      20   0  160.4g  47.0g  36.3g S  2741  37.4  99:51.03 nts	1693195850636
3176743 toao      20   0  160.4g  47.0g  36.3g S  2641  37.4 100:05.17 nts	1693195851339
3176743 toao      20   0  161.0g  47.0g  36.3g S  2265  37.5 100:19.77 nts	1693195852044
3176743 toao      20   0  160.4g  47.0g  36.3g S  1906  37.4 100:36.38 nts	1693195852748
3176743 toao      20   0  160.4g  47.0g  36.3g S  2724  37.4 100:52.01 nts	1693195853454
3176743 toao      20   0  160.4g  47.0g  36.3g S  1741  37.4 101:05.44 nts	1693195854155
3176743 toao      20   0  161.0g  47.0g  36.3g S  1829  37.5 101:19.75 nts	1693195854858
3176743 toao      20   0  160.4g  47.0g  36.3g S  1624  37.4 101:32.95 nts	1693195855560
3176743 toao      20   0  160.4g  47.0g  36.3g S  2000  37.4 101:46.64 nts	1693195856263
3176743 toao      20   0  160.4g  47.0g  36.3g S  2035  37.5 102:00.10 nts	1693195856967
3176743 toao      20   0  161.0g  47.0g  36.3g S  2111  37.5 102:16.04 nts	1693195857671
3176743 toao      20   0  160.4g  47.0g  36.3g S  1588  37.4 102:30.80 nts	1693195858375
3176743 toao      20   0  160.4g  47.0g  36.3g S  2288  37.4 102:44.58 nts	1693195859079
3176743 toao      20   0  161.0g  47.0g  36.3g S  1712  37.5 102:58.56 nts	1693195859779
3176743 toao      20   0  159.7g  46.9g  36.3g S  1712  37.4 103:13.50 nts	1693195860478
3176743 toao      20   0  160.4g  47.0g  36.3g S  1706  37.4 103:26.93 nts	1693195861186
3176743 toao      20   0  160.4g  47.0g  36.3g S  2188  37.5 103:42.97 nts	1693195861889
3176743 toao      20   0  160.4g  47.0g  36.3g S  2365  37.5 103:58.55 nts	1693195862596
3176743 toao      20   0  161.0g  47.0g  36.3g S  2400  37.5 104:12.84 nts	1693195863296
3176743 toao      20   0  161.0g  47.0g  36.3g S  2182  37.5 104:28.03 nts	1693195863998
3176743 toao      20   0  161.0g  47.0g  36.3g S  2406  37.5 104:43.78 nts	1693195864699
3176743 toao      20   0  160.4g  47.0g  36.3g S  1606  37.5 104:58.44 nts	1693195865398
3176743 toao      20   0  160.4g  47.0g  36.3g S  2588  37.4 105:13.60 nts	1693195866100
3176743 toao      20   0  160.4g  47.0g  36.3g S  2782  37.4 105:29.05 nts	1693195866805
3176743 toao      20   0  161.0g  47.0g  36.3g S  2118  37.5 105:43.94 nts	1693195867507
3176743 toao      20   0  160.4g  47.0g  36.3g S  1859  37.4 105:58.27 nts	1693195868207
3176743 toao      20   0  160.4g  47.0g  36.3g S  1735  37.5 106:14.06 nts	1693195868909
3176743 toao      20   0  161.0g  47.0g  36.3g S  1965  37.5 106:28.39 nts	1693195869610
3176743 toao      20   0  160.4g  47.0g  36.3g S  1900  37.4 106:45.62 nts	1693195870315
3176743 toao      20   0  160.4g  47.0g  36.3g S  1635  37.4 107:00.90 nts	1693195871017
3176743 toao      20   0  161.0g  47.0g  36.3g S  2147  37.5 107:15.52 nts	1693195871724
3176743 toao      20   0  160.9g  47.0g  36.3g S  2682  37.5 107:32.39 nts	1693195872428
3176743 toao      20   0  160.4g  47.0g  36.3g S  1553  37.5 107:47.41 nts	1693195873131
3176743 toao      20   0  160.4g  47.0g  36.3g S  2529  37.4 108:03.03 nts	1693195873838
3176743 toao      20   0  161.0g  47.0g  36.3g S  2124  37.5 108:19.54 nts	1693195874545
3176743 toao      20   0  160.4g  47.0g  36.3g S  1794  37.5 108:34.70 nts	1693195875251
3176743 toao      20   0  160.4g  47.0g  36.3g S  2735  37.4 108:49.51 nts	1693195875955
3176743 toao      20   0  161.2g  47.0g  36.3g S  1906  37.5 109:01.34 nts	1693195876663
3176743 toao      20   0  160.5g  47.0g  36.3g S  2518  37.4 109:18.43 nts	1693195877371
3176743 toao      20   0  160.6g  47.0g  36.3g S  2681  37.5 109:33.68 nts	1693195878072
3176743 toao      20   0  160.5g  47.0g  36.3g S  2771  37.4 109:51.48 nts	1693195878772
3176743 toao      20   0  161.2g  47.0g  36.3g S  2376  37.5 110:07.57 nts	1693195879477
3176743 toao      20   0  160.5g  47.0g  36.3g S  2688  37.4 110:22.50 nts	1693195880181
3176743 toao      20   0  160.5g  47.0g  36.3g S  2782  37.4 110:38.13 nts	1693195880879
3176743 toao      20   0  161.2g  47.0g  36.3g S  2471  37.5 110:54.99 nts	1693195881580
3176743 toao      20   0  161.2g  47.0g  36.3g S  2275  37.5 111:10.19 nts	1693195882283
3176743 toao      20   0  160.6g  47.0g  36.3g S  1888  37.5 111:25.48 nts	1693195882983
3176743 toao      20   0  161.2g  47.0g  36.3g S  2524  37.5 111:42.37 nts	1693195883689
3176743 toao      20   0  161.1g  47.0g  36.3g S  1724  37.5 111:57.11 nts	1693195884395
3176743 toao      20   0  160.6g  47.0g  36.3g S  1900  37.5 112:12.71 nts	1693195885099
3176743 toao      20   0  160.5g  47.0g  36.3g S  2750  37.4 112:27.88 nts	1693195885802
3176743 toao      20   0  160.5g  47.0g  36.3g S  2719  37.4 112:43.70 nts	1693195886503
3176743 toao      20   0  160.5g  47.0g  36.3g S  1794  37.4 112:57.18 nts	1693195887210
3176743 toao      20   0  160.5g  47.0g  36.3g S  2653  37.4 113:12.74 nts	1693195887914
3176743 toao      20   0  160.6g  47.0g  36.3g S  2082  37.5 113:29.04 nts	1693195888616
3176743 toao      20   0  160.5g  47.0g  36.3g S  2629  37.4 113:44.34 nts	1693195889320
3176743 toao      20   0  160.6g  47.0g  36.3g S  1835  37.5 113:58.04 nts	1693195890026
3176743 toao      20   0  160.6g  47.0g  36.3g S  2300  37.5 114:12.88 nts	1693195890730
3176743 toao      20   0  160.6g  47.0g  36.3g S  1624  37.5 114:25.35 nts	1693195891432
3176743 toao      20   0  161.2g  47.0g  36.3g S  1953  37.5 114:39.32 nts	1693195892134
3176743 toao      20   0  161.0g  47.0g  36.3g S  1876  37.5 114:52.54 nts	1693195892838
3176743 toao      20   0  160.5g  47.0g  36.3g S  2644  37.4 115:09.78 nts	1693195893540
3176743 toao      20   0  160.6g  47.0g  36.3g S  1624  37.5 115:23.70 nts	1693195894252
3176743 toao      20   0  161.2g  47.0g  36.3g S  2171  37.5 115:37.76 nts	1693195894951
3176743 toao      20   0  161.2g  47.0g  36.3g S  2281  37.5 115:51.53 nts	1693195895655
3176743 toao      20   0  160.0g  47.0g  36.3g S  1682  37.4 116:06.10 nts	1693195896355
3176743 toao      20   0  160.5g  47.0g  36.3g S  1876  37.4 116:19.43 nts	1693195897060
3176743 toao      20   0  160.6g  47.0g  36.3g S  1988  37.5 116:35.25 nts	1693195897756
3176743 toao      20   0  160.6g  47.0g  36.3g S  1882  37.5 116:50.90 nts	1693195898458
3176743 toao      20   0  160.5g  47.0g  36.3g S  2582  37.4 117:06.22 nts	1693195899163
3176743 toao      20   0  160.5g  47.0g  36.3g S  2547  37.4 117:21.40 nts	1693195899868
3176743 toao      20   0  160.5g  47.0g  36.3g S  2417  37.4 117:37.27 nts	1693195900572
3176743 toao      20   0  161.2g  47.0g  36.3g S  1894  37.5 117:51.46 nts	1693195901275
3176743 toao      20   0  160.6g  47.0g  36.3g S  1871  37.5 118:06.42 nts	1693195901977
3176743 toao      20   0  161.2g  47.0g  36.3g S  2506  37.5 118:22.81 nts	1693195902679
3176743 toao      20   0  160.6g  47.0g  36.3g S  1567  37.5 118:37.58 nts	1693195903382
3176743 toao      20   0  160.5g  47.0g  36.3g S  2494  37.4 118:52.76 nts	1693195904086
3176743 toao      20   0  160.5g  47.0g  36.3g S  1559  37.4 119:08.46 nts	1693195904789
3176743 toao      20   0  160.5g  47.0g  36.3g S  1565  37.4 119:21.74 nts	1693195905491
3176743 toao      20   0  160.5g  47.0g  36.3g S  2624  37.4 119:39.37 nts	1693195906193
3176743 toao      20   0  160.6g  47.0g  36.3g S  1629  37.5 119:53.48 nts	1693195906900
3176743 toao      20   0  160.6g  47.0g  36.3g S  2525  37.5 120:09.06 nts	1693195907604
3176743 toao      20   0  161.2g  47.0g  36.3g S  2565  37.5 120:26.87 nts	1693195908304
3176743 toao      20   0  160.5g  47.0g  36.3g S  1694  37.4 120:41.68 nts	1693195909008
3176743 toao      20   0  160.5g  47.0g  36.3g S  2806  37.4 120:57.59 nts	1693195909710
3176743 toao      20   0  160.5g  47.0g  36.3g S  2288  37.4 121:13.31 nts	1693195910413
3176743 toao      20   0  161.2g  47.0g  36.3g S  1806  37.5 121:28.07 nts	1693195911116
3176743 toao      20   0  160.6g  47.0g  36.3g S  1953  37.5 121:42.98 nts	1693195911818
3176743 toao      20   0  160.6g  47.0g  36.3g S  1633  37.4 121:56.22 nts	1693195912521
3176743 toao      20   0  160.5g  47.0g  36.3g S  2576  37.4 122:13.49 nts	1693195913228
3176743 toao      20   0  161.2g  47.0g  36.3g S  2447  37.5 122:28.40 nts	1693195913930
3176743 toao      20   0  161.2g  47.0g  36.3g S  2553  37.5 122:45.94 nts	1693195914631
3176743 toao      20   0  160.5g  47.0g  36.3g S  2606  37.4 123:02.21 nts	1693195915335
3176743 toao      20   0  160.5g  47.0g  36.3g S  2271  37.4 123:16.11 nts	1693195916038
3176743 toao      20   0  160.9g  47.0g  36.3g S  2429  37.5 123:32.16 nts	1693195916740
3176743 toao      20   0  160.5g  47.0g  36.3g S  2529  37.4 123:49.17 nts	1693195917440
3176743 toao      20   0  160.5g  47.0g  36.3g S  2576  37.4 124:04.70 nts	1693195918144
3176743 toao      20   0  160.5g  47.0g  36.3g S  2541  37.4 124:20.22 nts	1693195918848
3176743 toao      20   0  161.2g  47.0g  36.3g S  2439  37.5 124:37.01 nts	1693195919551
3176743 toao      20   0  160.5g  47.0g  36.3g S  2818  37.4 124:51.86 nts	1693195920254
3176743 toao      20   0  161.2g  47.0g  36.3g S  2018  37.5 125:06.70 nts	1693195920955
3176743 toao      20   0  160.5g  47.0g  36.3g S  2347  37.4 125:21.27 nts	1693195921659
3176743 toao      20   0  161.2g  47.0g  36.3g S  1988  37.5 125:37.73 nts	1693195922362
3176743 toao      20   0  161.2g  47.0g  36.3g S  2241  37.5 125:51.82 nts	1693195923061
3176743 toao      20   0  160.6g  47.0g  36.3g S  2112  37.5 126:06.71 nts	1693195923762
3176743 toao      20   0  160.6g  47.0g  36.3g S  2056  37.5 126:22.18 nts	1693195924464
3176743 toao      20   0  160.5g  47.0g  36.3g S  2629  37.4 126:37.56 nts	1693195925167
3176743 toao      20   0  160.5g  47.0g  36.3g S  1747  37.4 126:51.39 nts	1693195925877
3176743 toao      20   0  160.6g  47.0g  36.3g S  2100  37.5 127:06.21 nts	1693195926581
3176743 toao      20   0  160.6g  47.0g  36.3g S  1731  37.5 127:18.48 nts	1693195927283
3176743 toao      20   0  160.6g  47.0g  36.3g S  2012  37.5 127:31.91 nts	1693195927984
3176743 toao      20   0  160.6g  47.0g  36.3g S  1953  37.5 127:45.30 nts	1693195928684
3176743 toao      20   0  160.6g  47.0g  36.3g S  2671  37.5 128:02.18 nts	1693195929387
3176743 toao      20   0  160.6g  47.0g  36.3g S  1750  37.5 128:16.49 nts	1693195930092
3176743 toao      20   0  160.9g  47.0g  36.3g S  1994  37.5 128:30.02 nts	1693195930795
3176743 toao      20   0  160.6g  47.0g  36.3g S  2500  37.4 128:45.04 nts	1693195931500
3176743 toao      20   0  160.5g  47.0g  36.3g S  1676  37.4 128:58.27 nts	1693195932203
3176743 toao      20   0  160.6g  47.0g  36.3g S  1882  37.5 129:12.36 nts	1693195932907
3176743 toao      20   0  161.2g  47.0g  36.3g S  2194  37.5 129:28.39 nts	1693195933614
3176743 toao      20   0  160.6g  47.0g  36.3g S  1853  37.5 129:43.57 nts	1693195934323
3176743 toao      20   0  160.5g  47.0g  36.3g S  2718  37.4 129:58.94 nts	1693195935023
3176743 toao      20   0  160.5g  47.0g  36.3g S  2741  37.4 130:14.25 nts	1693195935728
3176743 toao      20   0  160.5g  47.0g  36.3g S  2594  37.4 130:30.24 nts	1693195936431
3176743 toao      20   0  161.2g  47.0g  36.3g S  2059  37.5 130:44.91 nts	1693195937141
3176743 toao      20   0  160.6g  47.0g  36.3g S  1882  37.5 130:59.58 nts	1693195937844
3176743 toao      20   0  161.1g  47.0g  36.3g S  2688  37.5 131:16.40 nts	1693195938547
3176743 toao      20   0  160.6g  47.0g  36.3g S  1671  37.5 131:30.66 nts	1693195939250
3176743 toao      20   0  160.6g  47.0g  36.3g S  2394  37.5 131:46.02 nts	1693195939955
3176743 toao      20   0  160.5g  47.0g  36.3g S  1553  37.4 132:01.62 nts	1693195940663
3176743 toao      20   0  160.6g  47.0g  36.3g S  1671  37.5 132:15.42 nts	1693195941370
3176743 toao      20   0  160.6g  47.0g  36.3g S  2175  37.4 132:32.87 nts	1693195942073
3176743 toao      20   0  161.2g  47.0g  36.3g S  1688  37.5 132:46.72 nts	1693195942775
3176743 toao      20   0  160.6g  47.0g  36.3g S  1829  37.5 133:01.95 nts	1693195943475
3176743 toao      20   0  161.2g  47.0g  36.3g S  2324  37.5 133:19.66 nts	1693195944179
3176743 toao      20   0  160.5g  47.0g  36.3g S  2012  37.4 133:34.24 nts	1693195944883
3176743 toao      20   0  160.5g  47.0g  36.3g S  2835  37.4 133:50.16 nts	1693195945587
3176743 toao      20   0  160.5g  47.0g  36.3g S  2750  37.4 134:05.91 nts	1693195946292
3176743 toao      20   0  161.2g  47.0g  36.3g S  1806  37.5 134:20.26 nts	1693195946994
3176743 toao      20   0  160.6g  47.0g  36.3g S  2135  37.5 134:35.69 nts	1693195947694
3176743 toao      20   0  160.7g  47.0g  36.3g S  1788  37.4 134:48.59 nts	1693195948398
3176743 toao      20   0  160.7g  47.0g  36.3g S  2782  37.4 135:06.36 nts	1693195949103
3176743 toao      20   0  161.4g  47.0g  36.3g S  2465  37.5 135:21.00 nts	1693195949805
3176743 toao      20   0  160.7g  47.0g  36.3g S  2794  37.4 135:39.45 nts	1693195950506
3176743 toao      20   0  160.8g  47.0g  36.3g S  2133  37.5 135:55.58 nts	1693195951211
3176743 toao      20   0  161.4g  47.0g  36.3g S  2412  37.5 136:09.91 nts	1693195951915
3176743 toao      20   0  160.8g  47.0g  36.3g S  2547  37.5 136:25.73 nts	1693195952619
3176743 toao      20   0  160.7g  47.0g  36.3g S  2106  37.4 136:42.01 nts	1693195953323
3176743 toao      20   0  160.7g  47.0g  36.3g S  2665  37.4 136:57.32 nts	1693195954028
3176743 toao      20   0  160.7g  47.0g  36.3g S  2582  37.4 137:13.05 nts	1693195954734
3176743 toao      20   0  161.4g  47.0g  36.3g S  2812  37.5 137:30.09 nts	1693195955440
3176743 toao      20   0  160.8g  47.0g  36.3g S  2612  37.4 137:44.67 nts	1693195956141
3176743 toao      20   0  160.7g  47.0g  36.3g S  2188  37.4 138:00.15 nts	1693195956844
3176743 toao      20   0  160.8g  47.0g  36.3g S  2129  37.5 138:14.20 nts	1693195957544
3176743 toao      20   0  161.4g  47.0g  36.3g S  1912  37.5 138:30.99 nts	1693195958247
3176743 toao      20   0  160.8g  47.0g  36.3g S  2371  37.5 138:45.02 nts	1693195958951
3176743 toao      20   0  161.4g  47.0g  36.3g S  2529  37.5 139:00.39 nts	1693195959654
3176743 toao      20   0  160.8g  47.0g  36.3g S  1641  37.5 139:14.93 nts	1693195960358
3176743 toao      20   0  160.8g  47.0g  36.3g S  1965  37.5 139:30.63 nts	1693195961059
3176743 toao      20   0  160.8g  47.0g  36.3g S  1706  37.5 139:44.24 nts	1693195961758
3176743 toao      20   0  160.8g  47.0g  36.3g S  1935  37.5 139:59.89 nts	1693195962462
3176743 toao      20   0  160.7g  47.0g  36.3g S  1682  37.4 140:12.83 nts	1693195963169
3176743 toao      20   0  160.7g  47.0g  36.3g S  1818  37.4 140:26.56 nts	1693195963875
3176743 toao      20   0  160.7g  47.0g  36.3g S  1871  37.4 140:39.81 nts	1693195964576
3176743 toao      20   0  161.4g  47.0g  36.3g S  2083  37.5 140:56.30 nts	1693195965280
3176743 toao      20   0  161.4g  47.0g  36.3g S  1782  37.5 141:09.48 nts	1693195965987
3176743 toao      20   0  160.7g  47.0g  36.3g S  2576  37.4 141:24.36 nts	1693195966692
3176743 toao      20   0  161.4g  47.0g  36.3g S  2371  37.5 141:38.97 nts	1693195967394
3176743 toao      20   0  160.7g  47.0g  36.3g S  1235  37.5 141:51.68 nts	1693195968100
3176743 toao      20   0  161.4g  47.0g  36.3g S  1475  37.5 142:05.69 nts	1693195968803
3176743 toao      20   0  160.8g  47.0g  36.3g S  1894  37.5 142:22.99 nts	1693195969506
3176743 toao      20   0  160.7g  47.0g  36.3g S  1659  37.4 142:38.06 nts	1693195970207
3176743 toao      20   0  160.7g  47.0g  36.3g S  2806  37.4 142:53.70 nts	1693195970908
3176743 toao      20   0  160.8g  47.0g  36.3g S  2459  37.5 143:08.45 nts	1693195971611
3176743 toao      20   0  160.8g  47.0g  36.3g S  2394  37.5 143:24.28 nts	1693195972314
3176743 toao      20   0  160.7g  47.0g  36.3g S  1582  37.4 143:38.31 nts	1693195973016
3176743 toao      20   0  160.7g  47.0g  36.3g S  1818  37.4 143:53.68 nts	1693195973724
3176743 toao      20   0  160.8g  47.0g  36.3g S  2765  37.5 144:11.21 nts	1693195974427
3176743 toao      20   0  160.7g  47.0g  36.3g S  1612  37.4 144:25.07 nts	1693195975132
3176743 toao      20   0  160.8g  47.0g  36.3g S  2459  37.5 144:41.09 nts	1693195975836
3176743 toao      20   0  160.7g  47.0g  36.3g S  2500  37.4 144:56.35 nts	1693195976541
3176743 toao      20   0  160.7g  47.0g  36.3g S  1882  37.4 145:10.21 nts	1693195977242
3176743 toao      20   0  160.8g  47.0g  36.3g S  2359  37.5 145:28.00 nts	1693195977948
3176743 toao      20   0  161.4g  47.0g  36.3g S  1956  37.5 145:41.72 nts	1693195978652
3176743 toao      20   0  160.7g  47.0g  36.3g S  1553  37.4 145:56.41 nts	1693195979355
3176743 toao      20   0  160.7g  47.0g  36.3g S  2241  37.4 146:14.02 nts	1693195980060
3176743 toao      20   0  161.4g  47.0g  36.3g S  2619  37.5 146:29.09 nts	1693195980763
3176743 toao      20   0  161.4g  47.0g  36.3g S  2400  37.5 146:44.41 nts	1693195981464
3176743 toao      20   0  160.8g  47.0g  36.3g S  2529  37.5 147:00.50 nts	1693195982167
3176743 toao      20   0  161.4g  47.0g  36.3g S  1883  37.5 147:15.40 nts	1693195982871
3176743 toao      20   0  160.7g  47.0g  36.3g S  2388  37.4 147:30.21 nts	1693195983576
3176743 toao      20   0  160.7g  47.0g  36.3g S  2694  37.4 147:43.47 nts	1693195984280
3176743 toao      20   0  160.7g  47.0g  36.3g S  2388  37.4 147:59.41 nts	1693195984984
3176743 toao      20   0  160.7g  47.0g  36.3g S  2706  37.4 148:15.00 nts	1693195985688
3176743 toao      20   0  160.8g  47.0g  36.3g S  2929  37.4 148:33.79 nts	1693195986396
3176743 toao      20   0  161.4g  47.0g  36.3g S  2188  37.5 148:49.17 nts	1693195987100
3176743 toao      20   0  161.4g  47.0g  36.3g S  2276  37.5 149:04.47 nts	1693195987803
3176743 toao      20   0  161.4g  47.0g  36.3g S  2412  37.5 149:20.51 nts	1693195988508
3176743 toao      20   0  160.7g  47.0g  36.3g S  2656  37.4 149:36.81 nts	1693195989212
3176743 toao      20   0  161.4g  47.0g  36.3g S  2082  37.5 149:51.16 nts	1693195989918
3176743 toao      20   0  160.7g  47.0g  36.3g S  2865  37.4 150:08.04 nts	1693195990623
3176743 toao      20   0  160.8g  47.0g  36.3g S  2453  37.5 150:24.11 nts	1693195991328
3176743 toao      20   0  160.7g  47.0g  36.3g S  2794  37.4 150:39.71 nts	1693195992029
3176743 toao      20   0  160.8g  47.0g  36.3g S  1641  37.5 150:53.70 nts	1693195992735
3176743 toao      20   0  160.7g  47.0g  36.3g S  1947  37.4 151:09.11 nts	1693195993436
3176743 toao      20   0  160.8g  47.0g  36.3g S  1594  37.5 151:25.01 nts	1693195994142
3176743 toao      20   0  160.7g  47.0g  36.3g S  2706  37.4 151:40.20 nts	1693195994843
3176743 toao      20   0  160.7g  47.0g  36.3g S  2741  37.4 151:55.91 nts	1693195995547
3176743 toao      20   0  161.4g  47.0g  36.3g S  1825  37.5 152:09.68 nts	1693195996257
3176743 toao      20   0  160.8g  47.0g  36.3g S  2024  37.5 152:25.33 nts	1693195996953
3176743 toao      20   0  160.7g  47.0g  36.3g S  1624  37.4 152:38.44 nts	1693195997655
3176743 toao      20   0  161.4g  47.0g  36.3g S  1494  37.5 152:53.36 nts	1693195998361
3176743 toao      20   0  160.8g  47.0g  36.3g S  1706  37.5 153:05.95 nts	1693195999064
3176743 toao      20   0  161.4g  47.0g  36.3g S  1782  37.5 153:19.92 nts	1693195999767
3176743 toao      20   0  161.4g  47.0g  36.3g S  1665  37.5 153:33.19 nts	1693196000466
3176743 toao      20   0  160.8g  47.0g  36.3g S  2667  37.4 153:51.67 nts	1693196001171
3176743 toao      20   0  160.8g  47.0g  36.3g S  1676  37.5 154:03.72 nts	1693196001876
3176743 toao      20   0  160.7g  47.0g  36.3g S  2488  37.4 154:19.25 nts	1693196002580
3176743 toao      20   0  159.5g  47.0g  36.3g S  2741  37.4 154:34.64 nts	1693196003286
3176743 toao      20   0  160.8g  47.0g  36.3g S  1659  37.5 154:46.21 nts	1693196003991
3176743 toao      20   0  161.4g  47.0g  36.3g S  2347  37.5 155:00.87 nts	1693196004695
3176743 toao      20   0  160.7g  47.0g  36.3g S  1676  37.4 155:16.86 nts	1693196005397
3176743 toao      20   0  161.4g  47.0g  36.3g S  2119  37.5 155:31.56 nts	1693196006101
3176743 toao      20   0  160.8g  47.0g  36.3g S  2824  37.5 155:48.63 nts	1693196006808
3176743 toao      20   0  160.8g  47.0g  36.3g S  2041  37.5 156:02.21 nts	1693196007516
3176743 toao      20   0  161.4g  47.0g  36.3g S  2459  37.5 156:18.78 nts	1693196008219
3176743 toao      20   0  160.7g  47.0g  36.3g S  2444  37.4 156:33.05 nts	1693196008924
3176743 toao      20   0  160.8g  47.0g  36.3g S  1775  37.5 156:47.35 nts	1693196009623
3176743 toao      20   0  160.8g  47.0g  36.3g S  2688  37.5 157:04.70 nts	1693196010326
3176743 toao      20   0  160.8g  47.0g  36.3g S  1941  37.5 157:18.28 nts	1693196011031
3176743 toao      20   0  160.8g  47.0g  36.3g S  2812  37.4 157:35.46 nts	1693196011737
3176743 toao      20   0  160.7g  47.0g  36.3g S  1856  37.4 157:49.01 nts	1693196012443
3176743 toao      20   0  161.4g  47.0g  36.3g S  2094  37.5 158:03.43 nts	1693196013145
3176743 toao      20   0  160.8g  47.0g  36.3g S  2100  37.5 158:21.08 nts	1693196013848
3176743 toao      20   0  161.1g  47.0g  36.3g S  1706  37.5 158:34.95 nts	1693196014554
3176743 toao      20   0  160.7g  47.0g  36.3g S  1624  37.4 158:49.79 nts	1693196015261
3176743 toao      20   0  160.7g  47.0g  36.3g S  2356  37.4 159:07.22 nts	1693196015964
3176743 toao      20   0  161.4g  47.0g  36.3g S  2259  37.5 159:22.06 nts	1693196016665
3176743 toao      20   0  161.4g  47.0g  36.3g S  2359  37.5 159:37.83 nts	1693196017368
3176743 toao      20   0  160.7g  47.0g  36.3g S  2506  37.4 159:54.13 nts	1693196018072
3176743 toao      20   0  160.8g  47.0g  36.3g S  2300  37.4 160:09.36 nts	1693196018776
3176743 toao      20   0  160.8g  47.0g  36.3g S  1735  37.5 160:23.37 nts	1693196019493
3176743 toao      20   0  160.8g  47.0g  36.3g S  2600  37.5 160:36.77 nts	1693196020198
3176743 toao      20   0  161.4g  47.0g  36.3g S  2518  37.5 160:53.42 nts	1693196020902
3176743 toao      20   0  160.7g  47.0g  36.3g S  2865  37.4 161:09.50 nts	1693196021607
3176743 toao      20   0  160.7g  47.0g  36.3g S  2576  37.4 161:27.12 nts	1693196022313
3176743 toao      20   0  160.8g  47.0g  36.3g S  1900  37.5 161:42.98 nts	1693196023017
3176743 toao      20   0  160.7g  47.0g  36.3g S  2665  37.4 161:58.28 nts	1693196023721
3176743 toao      20   0  160.8g  47.0g  36.3g S  2482  37.5 162:14.31 nts	1693196024424
3176743 toao      20   0  160.8g  47.0g  36.3g S  1941  37.5 162:30.16 nts	1693196025129
3176743 toao      20   0  160.7g  47.0g  36.3g S  1712  37.4 162:45.16 nts	1693196025829
3176743 toao      20   0  160.7g  47.0g  36.3g S  2444  37.4 163:00.77 nts	1693196026531
3176743 toao      20   0  161.4g  47.0g  36.3g S  2082  37.5 163:17.12 nts	1693196027236
3176743 toao      20   0  160.8g  47.0g  36.3g S  2776  37.5 163:32.31 nts	1693196027938
3176743 toao      20   0  161.4g  47.0g  36.3g S  2033  37.5 163:46.80 nts	1693196028642
3176743 toao      20   0  160.7g  47.0g  36.3g S  1812  37.4 164:01.28 nts	1693196029348
3176743 toao      20   0  160.8g  47.0g  36.3g S  1894  37.5 164:17.08 nts	1693196030054
3176743 toao      20   0  161.4g  47.0g  36.3g S  2441  37.5 164:31.44 nts	1693196030760
3176743 toao      20   0  161.4g  47.0g  36.3g S  2756  37.5 164:46.54 nts	1693196031464
3176743 toao      20   0  160.7g  47.0g  36.3g S  1647  37.4 165:01.33 nts	1693196032167
3176743 toao      20   0  160.7g  47.0g  36.3g S  1994  37.4 165:17.13 nts	1693196032871
3176743 toao      20   0  160.7g  47.0g  36.3g S  1947  37.4 165:30.60 nts	1693196033569
3176743 toao      20   0  160.8g  47.0g  36.3g S  1688  37.5 165:44.91 nts	1693196034270
3176743 toao      20   0  160.8g  47.0g  36.3g S  1735  37.5 165:58.48 nts	1693196034975
3176743 toao      20   0  160.8g  47.0g  36.3g S  1629  37.5 166:12.33 nts	1693196035680
3176743 toao      20   0  160.8g  47.0g  36.3g S  1829  37.5 166:25.83 nts	1693196036383
3176743 toao      20   0  161.4g  47.0g  36.3g S  2459  37.5 166:43.70 nts	1693196037088
3176743 toao      20   0  160.8g  47.0g  36.3g S  1653  37.5 166:57.15 nts	1693196037796
3176743 toao      20   0  161.4g  47.0g  36.3g S  2482  37.5 167:11.85 nts	1693196038499
3176743 toao      20   0  160.1g  47.0g  36.3g S  2488  37.5 167:26.93 nts	1693196039203
3176743 toao      20   0  160.7g  47.0g  36.3g S  1576  37.4 167:39.23 nts	1693196039908
3176743 toao      20   0  160.7g  47.0g  36.3g S  1641  37.4 167:52.91 nts	1693196040608
3176743 toao      20   0  160.7g  47.0g  36.3g S  2444  37.4 168:10.46 nts	1693196041313
3176743 toao      20   0  161.4g  47.0g  36.3g S  1747  37.5 168:24.71 nts	1693196042015
3176743 toao      20   0  160.8g  47.0g  36.3g S  2694  37.4 168:42.01 nts	1693196042718
3176743 toao      20   0  161.4g  47.0g  36.3g S  1794  37.5 168:55.95 nts	1693196043424
3176743 toao      20   0  160.8g  47.0g  36.3g S  2547  37.5 169:12.79 nts	1693196044129
3176743 toao      20   0  160.8g  47.0g  36.3g S  2106  37.5 169:26.93 nts	1693196044838
3176743 toao      20   0  161.4g  47.0g  36.3g S  1683  37.5 169:40.54 nts	1693196045540
3176743 toao      20   0  160.8g  47.0g  36.3g S  2550  37.4 169:59.41 nts	1693196046248
3176743 toao      20   0  160.9g  47.0g  36.3g S  1629  37.5 170:11.68 nts	1693196046966
3176743 toao      20   0  160.7g  47.0g  36.3g S  2688  37.4 170:29.03 nts	1693196047670
3176743 toao      20   0  161.4g  47.0g  36.3g S  2247  37.5 170:43.45 nts	1693196048374
3176743 toao      20   0  160.7g  47.0g  36.3g S  2641  37.4 170:58.26 nts	1693196049087
3176743 toao      20   0  160.8g  47.0g  36.3g S  2594  37.5 171:15.94 nts	1693196049795
3176743 toao      20   0  160.7g  47.0g  36.3g S  2288  37.4 171:29.55 nts	1693196050499
3176743 toao      20   0  161.4g  47.0g  36.3g S  2241  37.5 171:44.33 nts	1693196051197
3176743 toao      20   0  161.4g  47.0g  36.3g S  2041  37.5 172:01.45 nts	1693196051900
3176743 toao      20   0  161.4g  47.0g  36.3g S  2224  37.5 172:16.63 nts	1693196052604
3176743 toao      20   0  160.7g  47.0g  36.3g S  1712  37.4 172:31.40 nts	1693196053309
3176743 toao      20   0  161.4g  47.0g  36.3g S  2118  37.5 172:47.96 nts	1693196054011
3176743 toao      20   0  160.7g  47.0g  36.3g S  2494  37.4 173:02.68 nts	1693196054717
3176743 toao      20   0  160.8g  47.0g  36.3g S  1647  37.5 173:16.49 nts	1693196055419
3176743 toao      20   0  160.8g  47.0g  36.3g S  2653  37.5 173:31.03 nts	1693196056125
3176743 toao      20   0  160.7g  47.0g  36.3g S  2144  37.4 173:47.08 nts	1693196056832
3176743 toao      20   0  160.8g  47.0g  36.3g S  2853  37.5 174:02.79 nts	1693196057539
3176743 toao      20   0  160.8g  47.0g  36.3g S  1912  37.5 174:20.12 nts	1693196058245
3176743 toao      20   0  160.8g  47.0g  36.3g S  1900  37.5 174:35.71 nts	1693196058947
3176743 toao      20   0  160.8g  47.0g  36.3g S  2800  37.5 174:51.32 nts	1693196059653
3176743 toao      20   0  161.2g  47.0g  36.3g S  2241  37.5 175:06.85 nts	1693196060361
3176743 toao      20   0  160.8g  47.0g  36.3g S  1822  37.5 175:22.48 nts	1693196061065
3176743 toao      20   0  160.7g  47.0g  36.3g S  1806  37.4 175:37.89 nts	1693196061776
3176743 toao      20   0  161.4g  47.0g  36.3g S  2338  37.5 175:54.05 nts	1693196062482
3176743 toao      20   0  160.7g  47.0g  36.3g S  2406  37.4 176:11.20 nts	1693196063184
3176743 toao      20   0  160.8g  47.0g  36.3g S  1906  37.5 176:25.03 nts	1693196063887
3176743 toao      20   0  161.4g  47.0g  36.3g S  2265  37.5 176:39.89 nts	1693196064590
3176743 toao      20   0  161.3g  47.0g  36.3g S  1900  37.5 176:54.56 nts	1693196065290
3176743 toao      20   0  160.8g  47.0g  36.3g S  1775  37.5 177:09.97 nts	1693196065992
3176743 toao      20   0  160.7g  47.0g  36.3g S  2729  37.4 177:25.39 nts	1693196066695
3176743 toao      20   0  160.7g  47.0g  36.3g S  2776  37.4 177:40.59 nts	1693196067401
3176743 toao      20   0  160.7g  47.0g  36.3g S  1594  37.4 177:54.19 nts	1693196068107
3176743 toao      20   0  160.8g  47.0g  36.3g S  1918  37.5 178:10.09 nts	1693196068812
3176743 toao      20   0  160.7g  47.0g  36.3g S  1624  37.4 178:23.32 nts	1693196069517
3176743 toao      20   0  161.4g  47.0g  36.3g S  1482  37.5 178:38.02 nts	1693196070224
3176743 toao      20   0  160.8g  47.0g  36.3g S  1665  37.5 178:50.69 nts	1693196070928
3176743 toao      20   0  161.4g  47.0g  36.3g S  1782  37.5 179:04.48 nts	1693196071627
3176743 toao      20   0  160.8g  47.0g  36.3g S  1753  37.5 179:17.62 nts	1693196072329
3176743 toao      20   0  161.0g  47.0g  36.3g S  2524  37.5 179:35.21 nts	1693196073032
3176743 toao      20   0  160.8g  47.0g  36.3g S  2031  37.5 179:48.52 nts	1693196073733
3176743 toao      20   0  161.4g  47.0g  36.3g S  2088  37.5 180:02.50 nts	1693196074439
3176743 toao      20   0  159.5g  47.0g  36.3g S  2641  37.4 180:17.23 nts	1693196075139
3176743 toao      20   0  160.7g  47.0g  36.3g S  1522  37.4 180:30.22 nts	1693196075841
3176743 toao      20   0  160.7g  47.0g  36.3g S  1665  37.4 180:44.12 nts	1693196076547
3176743 toao      20   0  161.4g  47.0g  36.3g S  2318  37.5 181:01.11 nts	1693196077248
3176743 toao      20   0  160.8g  47.0g  36.3g S  1676  37.5 181:15.79 nts	1693196077954
3176743 toao      20   0  160.7g  47.0g  36.3g S  2600  37.4 181:33.06 nts	1693196078657
3176743 toao      20   0  160.7g  47.0g  36.3g S  1618  37.4 181:46.64 nts	1693196079368
3176743 toao      20   0  161.2g  47.0g  36.3g S  2194  37.5 182:03.77 nts	1693196080078
3176743 toao      20   0  160.7g  47.0g  36.3g S  1953  37.4 182:17.85 nts	1693196080784
3176743 toao      20   0  160.8g  47.0g  36.3g S  1635  37.5 182:31.54 nts	1693196081491
3176743 toao      20   0  161.4g  47.0g  36.3g S  2656  37.5 182:50.10 nts	1693196082192
3176743 toao      20   0  160.8g  47.0g  36.3g S  1659  37.5 183:02.51 nts	1693196082897
3176743 toao      20   0  160.7g  47.0g  36.3g S  2671  37.4 183:19.92 nts	1693196083605
3176743 toao      20   0  161.4g  47.0g  36.3g S  2218  37.5 183:34.42 nts	1693196084314
3176743 toao      20   0  160.7g  47.0g  36.3g S  2771  37.4 183:48.94 nts	1693196085019
3176743 toao      20   0  161.4g  47.0g  36.3g S  2375  37.5 184:06.05 nts	1693196085723
3176743 toao      20   0  160.7g  47.0g  36.3g S  2806  37.4 184:20.40 nts	1693196086423
3176743 toao      20   0  160.7g  47.0g  36.3g S  2547  37.4 184:35.72 nts	1693196087129
3176743 toao      20   0  160.7g  47.0g  36.3g S  2188  37.4 184:53.11 nts	1693196087832
3176743 toao      20   0  161.0g  47.0g  36.3g S  2588  37.5 185:08.45 nts	1693196088540
3176743 toao      20   0  160.8g  47.0g  36.3g S  1841  37.5 185:23.14 nts	1693196089245
3176743 toao      20   0  161.4g  47.0g  36.3g S  2400  37.5 185:39.60 nts	1693196089949
3176743 toao      20   0  160.8g  47.0g  36.3g S  2688  37.5 185:54.70 nts	1693196090651
3176743 toao      20   0  161.0g  47.0g  36.3g S  1641  37.5 186:08.08 nts	1693196091355
3176743 toao      20   0  161.0g  47.0g  36.3g S  2588  37.5 186:22.51 nts	1693196092058
3176743 toao      20   0  160.9g  47.0g  36.3g S  1888  37.4 186:38.88 nts	1693196092760
3176743 toao      20   0  161.5g  47.0g  36.3g S  2782  37.5 186:54.51 nts	1693196093465
3176743 toao      20   0  161.0g  47.0g  36.3g S  2035  37.5 187:12.04 nts	1693196094167
3176743 toao      20   0  161.0g  47.0g  36.3g S  1982  37.5 187:27.72 nts	1693196094869
3176743 toao      20   0  160.9g  47.0g  36.3g S  2306  37.4 187:42.69 nts	1693196095570
3176743 toao      20   0  161.5g  47.0g  36.3g S  2659  37.5 187:59.04 nts	1693196096271
3176743 toao      20   0  161.0g  47.0g  36.3g S  1900  37.5 188:14.70 nts	1693196096971
3176743 toao      20   0  160.9g  47.0g  36.3g S  1756  37.4 188:30.27 nts	1693196097671
3176743 toao      20   0  161.5g  47.0g  36.3g S  2312  37.5 188:46.71 nts	1693196098376
3176743 toao      20   0  160.9g  47.0g  36.3g S  2476  37.4 189:03.44 nts	1693196099078
3176743 toao      20   0  161.0g  47.0g  36.3g S  1882  37.5 189:17.26 nts	1693196099785
3176743 toao      20   0  161.0g  47.0g  36.3g S  2212  37.4 189:32.28 nts	1693196100486
3176743 toao      20   0  161.5g  47.0g  36.3g S  2206  37.5 189:46.79 nts	1693196101187
3176743 toao      20   0  161.5g  47.0g  36.3g S  1900  37.5 190:02.51 nts	1693196101888
3176743 toao      20   0  160.9g  47.0g  36.3g S  2275  37.4 190:17.20 nts	1693196102592
3176743 toao      20   0  161.5g  47.0g  36.3g S  2806  37.5 190:33.96 nts	1693196103292
3176743 toao      20   0  160.9g  47.0g  36.3g S  2900  37.4 190:48.99 nts	1693196103994
3176743 toao      20   0  161.5g  47.0g  36.3g S  2265  37.5 191:04.27 nts	1693196104695
3176743 toao      20   0  160.9g  47.0g  36.3g S  2394  37.4 191:18.43 nts	1693196105397
3176743 toao      20   0  161.5g  47.0g  36.3g S  1969  37.5 191:32.60 nts	1693196106103
3176743 toao      20   0  160.9g  47.0g  36.3g S  1694  37.4 191:45.50 nts	1693196106804
3176743 toao      20   0  160.9g  47.0g  36.3g S  1741  37.4 191:59.26 nts	1693196107507
3176743 toao      20   0  160.9g  47.0g  36.3g S  1671  37.4 192:12.48 nts	1693196108207
3176743 toao      20   0  160.9g  47.0g  36.3g S  2394  37.4 192:30.16 nts	1693196108913
3176743 toao      20   0  161.0g  47.0g  36.3g S  1635  37.5 192:41.92 nts	1693196109613
3176743 toao      20   0  161.0g  47.0g  36.3g S  1894  37.5 192:57.36 nts	1693196110316
3176743 toao      20   0  157.6g  46.9g  36.3g R  1371  37.4 193:10.09 nts	1693196111017
3176743 toao      20   0       0      0      0 Z 100.0   0.0 193:10.79 nts	1693196111721
3176743 toao      20   0       0      0      0 Z 112.5   0.0 193:11.50 nts	1693196112424
3176743 toao      20   0       0      0      0 Z 100.0   0.0 193:12.19 nts	1693196113128
3176743 toao      20   0       0      0      0 Z 100.0   0.0 193:12.88 nts	1693196113830
3176743 toao      20   0       0      0      0 Z 100.0   0.0 193:13.57 nts	1693196114532
3176743 toao      20   0       0      0      0 Z 100.0   0.0 193:14.26 nts	1693196115235
3176743 toao      20   0       0      0      0 Z 100.0   0.0 193:14.96 nts	1693196115939
3176743 toao      20   0       0      0      0 Z 105.9   0.0 193:15.68 nts	1693196116645
3176743 toao      20   0       0      0      0 Z 100.0   0.0 193:16.39 nts	1693196117363
