940517 toao      20   0 2487996 102084  69228 R 100.0   0.1   0:00.18 nts	1693202376228
940517 toao      20   0 8389884 236668 117524 R  7439   0.2   0:30.00 nts	1693202376953
940517 toao      20   0 8621164 365956 117812 R 200.0   0.3   0:58.63 nts	1693202377668
940517 toao      20   0 8621164 386812 117812 R 212.5   0.3   1:00.01 nts	1693202378372
940517 toao      20   0 8621164 389980 117812 R 200.0   0.3   1:01.42 nts	1693202379071
940517 toao      20   0 8621164 389980 117812 R 200.0   0.3   1:02.80 nts	1693202379776
940517 toao      20   0 8621164 389980 117812 R 200.0   0.3   1:04.21 nts	1693202380478
940517 toao      20   0 8621164 389980 117812 R 194.1   0.3   1:05.60 nts	1693202381186
940517 toao      20   0 8621164 389980 117812 R 194.1   0.3   1:06.99 nts	1693202381888
940517 toao      20   0 8621164 414796 117812 R 194.1   0.3   1:08.38 nts	1693202382591
940517 toao      20   0 8621164 415060 117812 R 194.1   0.3   1:09.78 nts	1693202383290
940517 toao      20   0 8621164 415060 117812 R 194.1   0.3   1:11.17 nts	1693202383992
940517 toao      20   0 8621164 415060 117812 R 194.1   0.3   1:12.57 nts	1693202384694
940517 toao      20   0 8621164 421132 117812 R 200.0   0.3   1:13.98 nts	1693202385399
940517 toao      20   0 8621164 430636 117812 R 194.1   0.3   1:15.37 nts	1693202386104
940517 toao      20   0 8621164 438820 117812 R 200.0   0.3   1:16.77 nts	1693202386806
940517 toao      20   0 8621164 445420 117812 R 200.0   0.3   1:18.16 nts	1693202387508
940517 toao      20   0 9296860 559916 117936 R  94.1   0.4   1:19.25 nts	1693202388207
940517 toao      20   0    9.9g   1.0g 117936 R  1306   0.8   1:26.38 nts	1693202388907
940517 toao      20   0    9.9g   1.0g 117936 R  1106   0.8   1:33.32 nts	1693202389612
940517 toao      20   0    9.9g   1.0g 117936 R  1271   0.8   1:41.50 nts	1693202390317
940517 toao      20   0    9.9g   1.0g 117936 R  1271   0.8   1:50.02 nts	1693202391019
940517 toao      20   0    9.9g   1.2g 117936 R  1288   1.0   1:59.15 nts	1693202391722
940517 toao      20   0    9.9g   1.3g 117936 R  1447   1.0   2:08.69 nts	1693202392422
940517 toao      20   0    9.9g   1.3g 117936 S 947.1   1.1   2:16.13 nts	1693202393124
940517 toao      20   0    9.9g   1.4g 117936 R  1241   1.1   2:24.77 nts	1693202393829
940517 toao      20   0   14.1g   1.4g 118072 R 950.0   1.1   2:31.72 nts	1693202394532
940517 toao      20   0   14.1g   1.4g 118072 R 205.9   1.1   2:33.11 nts	1693202395235
940517 toao      20   0   14.1g   1.5g 118072 R 200.0   1.2   2:34.51 nts	1693202395938
940517 toao      20   0   14.1g   1.5g 118072 R 206.2   1.2   2:35.89 nts	1693202396644
940517 toao      20   0   14.1g   1.5g 118072 R 212.5   1.2   2:37.28 nts	1693202397343
940517 toao      20   0   14.1g   1.5g 118072 R 194.1   1.2   2:38.66 nts	1693202398042
940517 toao      20   0   14.1g   1.5g 118072 R 200.0   1.2   2:40.07 nts	1693202398742
940517 toao      20   0   14.1g   1.5g 118072 R 200.0   1.2   2:41.46 nts	1693202399447
940517 toao      20   0   14.1g   1.5g 118072 R 194.1   1.2   2:42.85 nts	1693202400151
940517 toao      20   0   14.1g   1.5g 118072 R 205.9   1.2   2:44.25 nts	1693202400855
940517 toao      20   0   14.1g   1.5g 118072 R 200.0   1.2   2:45.64 nts	1693202401556
940517 toao      20   0   14.1g   1.5g 118072 R 200.0   1.2   2:47.03 nts	1693202402259
940517 toao      20   0   15.8g   1.7g 118072 R 564.7   1.3   2:49.46 nts	1693202402958
940517 toao      20   0   15.8g   1.8g 118072 R 988.2   1.4   2:54.07 nts	1693202403659
940517 toao      20   0   15.8g   1.8g 118072 R  1838   1.5   3:07.24 nts	1693202404364
940517 toao      20   0   15.8g   1.9g 118072 R 917.6   1.5   3:16.47 nts	1693202405065
940517 toao      20   0   15.8g   2.0g 118072 R 711.8   1.6   3:22.85 nts	1693202405770
940517 toao      20   0   15.8g   2.1g 118072 R 483.3   1.7   3:26.67 nts	1693202406472
940517 toao      20   0   15.8g   2.2g 118072 R 500.0   1.8   3:30.46 nts	1693202407178
940517 toao      20   0   15.8g   2.3g 118072 R 441.2   1.8   3:33.78 nts	1693202407883
940517 toao      20   0   15.8g   2.4g 118072 R 582.4   1.9   3:37.79 nts	1693202408592
940517 toao      20   0   15.8g   2.5g 118072 R 582.4   2.0   3:41.33 nts	1693202409297
940517 toao      20   0   19.9g   2.6g 118072 R  1065   2.1   3:44.24 nts	1693202410003
940517 toao      20   0   19.9g   2.6g 118072 R 105.9   2.1   3:44.95 nts	1693202410707
940517 toao      20   0   19.9g   2.6g 118072 R 105.9   2.1   3:45.66 nts	1693202411417
940517 toao      20   0   19.9g   2.6g 118072 R 100.0   2.1   3:46.36 nts	1693202412125
940517 toao      20   0   19.9g   2.6g 118072 R 105.9   2.1   3:47.07 nts	1693202412829
940517 toao      20   0   19.9g   2.6g 118072 R 105.9   2.1   3:47.77 nts	1693202413533
940517 toao      20   0   19.9g   2.6g 118072 R  94.1   2.1   3:48.46 nts	1693202414234
940517 toao      20   0   19.9g   2.6g 118072 R 100.0   2.1   3:49.18 nts	1693202414938
940517 toao      20   0   19.9g   2.6g 118072 R 112.5   2.1   3:49.88 nts	1693202415642
940517 toao      20   0   20.9g   2.8g 118072 R 106.2   2.2   3:50.57 nts	1693202416343
940517 toao      20   0   20.9g   3.1g 118072 R 106.2   2.5   3:51.27 nts	1693202417043
940517 toao      20   0   20.9g   3.2g 118072 R 106.2   2.5   3:51.98 nts	1693202417743
940517 toao      20   0   20.9g   3.2g 118072 R 100.0   2.5   3:52.68 nts	1693202418444
940517 toao      20   0   20.9g   3.2g 118072 R 105.9   2.5   3:53.38 nts	1693202419147
940517 toao      20   0   20.9g   3.2g 118072 R 100.0   2.5   3:54.08 nts	1693202419848
940517 toao      20   0   20.9g   3.2g 118072 R 100.0   2.5   3:54.77 nts	1693202420547
940517 toao      20   0   20.9g   3.2g 118072 R 100.0   2.5   3:55.48 nts	1693202421247
940517 toao      20   0   20.9g   3.2g 118072 R  94.1   2.5   3:56.17 nts	1693202421949
940517 toao      20   0   20.9g   3.2g 118072 R 100.0   2.5   3:56.88 nts	1693202422650
940517 toao      20   0   20.9g   3.2g 118072 R 100.0   2.5   3:57.58 nts	1693202423350
940517 toao      20   0   20.9g   3.2g 118072 R  94.1   2.5   3:58.27 nts	1693202424051
940517 toao      20   0   20.9g   3.2g 118072 R 100.0   2.5   3:58.98 nts	1693202424750
940517 toao      20   0   20.9g   3.2g 118072 R 100.0   2.5   3:59.68 nts	1693202425451
940517 toao      20   0   20.9g   3.2g 118072 R 100.0   2.5   4:00.38 nts	1693202426151
940517 toao      20   0   20.9g   3.4g 118072 R 100.0   2.7   4:01.08 nts	1693202426851
940517 toao      20   0   20.9g   3.4g 118072 R 100.0   2.7   4:01.78 nts	1693202427551
940517 toao      20   0   20.9g   3.4g 118072 R 100.0   2.7   4:02.47 nts	1693202428252
940517 toao      20   0   20.9g   3.4g 118072 R  94.1   2.7   4:03.17 nts	1693202428951
940517 toao      20   0   20.9g   3.4g 118072 R 100.0   2.7   4:03.88 nts	1693202429651
940517 toao      20   0   20.9g   3.5g 118072 R 100.0   2.8   4:04.58 nts	1693202430354
940517 toao      20   0   20.9g   3.5g 118072 R 100.0   2.8   4:05.28 nts	1693202431054
940517 toao      20   0   20.9g   3.5g 118072 R 100.0   2.8   4:05.98 nts	1693202431754
940517 toao      20   0   20.9g   3.5g 118072 R 100.0   2.8   4:06.68 nts	1693202432454
940517 toao      20   0   20.9g   3.5g 118072 R 100.0   2.8   4:07.38 nts	1693202433155
940517 toao      20   0   20.9g   3.6g 118072 R 106.2   2.8   4:08.08 nts	1693202433855
940517 toao      20   0   20.9g   3.6g 118072 R 106.2   2.9   4:08.78 nts	1693202434555
940517 toao      20   0   20.9g   3.6g 118072 R 100.0   2.9   4:09.48 nts	1693202435255
940517 toao      20   0   20.9g   3.6g 118072 R 106.2   2.9   4:10.18 nts	1693202435955
940517 toao      20   0   30.0g   3.9g 245760 R 100.0   3.1   4:11.96 nts	1693202436655
940517 toao      20   0   30.8g   4.6g 338532 R 100.0   3.7   4:12.66 nts	1693202437356
940517 toao      20   0   31.8g   5.4g 484156 R 100.0   4.3   4:13.36 nts	1693202438059
940517 toao      20   0   33.2g   6.8g 531956 R 100.0   5.4   4:14.07 nts	1693202438760
940517 toao      20   0   33.2g   6.8g 531956 R 112.5   5.4   4:14.78 nts	1693202439462
940517 toao      20   0   33.2g   6.8g 531956 R 106.2   5.4   4:15.47 nts	1693202440163
940517 toao      20   0   44.4g   7.6g   1.4g R 106.2   6.1   4:16.17 nts	1693202440863
940517 toao      20   0   44.4g   9.9g   3.6g R 100.0   7.9   4:16.87 nts	1693202441566
940517 toao      20   0   44.4g  12.2g   5.9g R 100.0   9.7   4:17.57 nts	1693202442267
940517 toao      20   0   44.4g  14.5g   8.2g R 100.0  11.5   4:18.28 nts	1693202442969
940517 toao      20   0   44.4g  16.8g  10.5g R 100.0  13.4   4:18.98 nts	1693202443676
940517 toao      20   0   44.4g  17.9g  11.7g R  94.1  14.3   4:19.67 nts	1693202444378
940517 toao      20   0   44.4g  17.9g  11.7g R 100.0  14.3   4:20.38 nts	1693202445080
940517 toao      20   0   44.4g  17.9g  11.7g R  94.1  14.3   4:21.08 nts	1693202445785
940517 toao      20   0   44.4g  17.9g  11.7g R  94.1  14.3   4:21.78 nts	1693202446490
940517 toao      20   0   44.4g  17.9g  11.7g R  94.1  14.3   4:22.48 nts	1693202447190
940517 toao      20   0   44.4g  17.9g  11.7g R  94.1  14.3   4:23.18 nts	1693202447891
940517 toao      20   0   44.4g  17.9g  11.7g R  94.1  14.3   4:23.88 nts	1693202448591
940517 toao      20   0   44.4g  17.9g  11.7g R 100.0  14.3   4:24.58 nts	1693202449292
940517 toao      20   0   44.4g  17.9g  11.7g R 100.0  14.3   4:25.28 nts	1693202449990
940517 toao      20   0   44.4g  17.9g  11.7g R 100.0  14.3   4:25.98 nts	1693202450691
940517 toao      20   0   44.4g  17.9g  11.7g R  94.1  14.3   4:26.68 nts	1693202451391
940517 toao      20   0   44.4g  17.9g  11.7g R 100.0  14.3   4:27.38 nts	1693202452094
940517 toao      20   0   44.4g  17.9g  11.7g R 100.0  14.3   4:28.08 nts	1693202452795
940517 toao      20   0   44.4g  17.9g  11.7g R 100.0  14.3   4:28.79 nts	1693202453495
940517 toao      20   0   44.4g  17.9g  11.7g R 100.0  14.3   4:29.49 nts	1693202454194
940517 toao      20   0   44.4g  18.0g  11.7g R 100.0  14.3   4:30.19 nts	1693202454895
940517 toao      20   0   44.4g  18.0g  11.7g R 100.0  14.3   4:30.89 nts	1693202455594
940517 toao      20   0   44.4g  18.0g  11.7g R 100.0  14.3   4:31.59 nts	1693202456298
940517 toao      20   0   44.4g  18.0g  11.7g R 112.5  14.3   4:32.30 nts	1693202457003
940517 toao      20   0   44.4g  18.0g  11.7g R 100.0  14.3   4:33.00 nts	1693202457703
940517 toao      20   0   44.4g  18.0g  11.7g R 100.0  14.3   4:33.70 nts	1693202458407
940517 toao      20   0   44.4g  18.0g  11.7g R 100.0  14.3   4:34.40 nts	1693202459108
940517 toao      20   0   44.3g  18.0g  11.7g R 100.0  14.4   4:35.71 nts	1693202459811
940517 toao      20   0   44.3g  18.1g  11.7g R 252.9  14.4   4:36.67 nts	1693202460517
940517 toao      20   0   44.5g  18.1g  11.7g S 658.8  14.4   4:46.75 nts	1693202461223
940517 toao      20   0   44.5g  18.1g  11.7g S 105.9  14.4   4:47.51 nts	1693202461928
940517 toao      20   0   44.5g  18.1g  11.7g S 100.0  14.4   4:48.21 nts	1693202462636
940517 toao      20   0   44.5g  18.1g  11.7g R  1171  14.4   4:59.82 nts	1693202463339
940517 toao      20   0   44.5g  18.1g  11.7g S 100.0  14.4   5:01.32 nts	1693202464041
940517 toao      20   0   44.6g  18.2g  11.7g R 462.5  14.5   5:02.59 nts	1693202464742
940517 toao      20   0   44.6g  18.2g  11.7g R  1294  14.5   5:19.53 nts	1693202465445
940517 toao      20   0   44.5g  18.1g  11.7g R  1759  14.4   5:35.20 nts	1693202466152
940517 toao      20   0   44.5g  18.1g  11.7g S 100.0  14.4   5:36.48 nts	1693202466855
940517 toao      20   0   44.6g  18.2g  11.7g R 352.9  14.5   5:37.65 nts	1693202467559
940517 toao      20   0   44.6g  18.1g  11.7g R  3165  14.5   5:53.89 nts	1693202468264
940517 toao      20   0   44.5g  18.1g  11.7g S 141.2  14.4   6:02.45 nts	1693202468967
940517 toao      20   0   44.5g  18.1g  11.7g S 100.0  14.4   6:03.15 nts	1693202469668
940517 toao      20   0   44.6g  18.2g  11.7g R  1961  14.5   6:13.48 nts	1693202470371
940517 toao      20   0   44.6g  18.2g  11.7g R  1789  14.5   6:28.15 nts	1693202471080
940517 toao      20   0   44.5g  18.1g  11.7g S 100.0  14.4   6:36.72 nts	1693202471785
940517 toao      20   0   44.5g  18.1g  11.7g S 100.0  14.4   6:37.42 nts	1693202472486
940517 toao      20   0   44.5g  18.1g  11.7g S 647.1  14.4   6:47.75 nts	1693202473185
940517 toao      20   0   44.5g  18.1g  11.7g S 100.0  14.4   6:48.45 nts	1693202473887
940517 toao      20   0   44.5g  18.1g  11.7g S 682.4  14.4   6:58.52 nts	1693202474591
940517 toao      20   0   44.5g  18.1g  11.7g S  94.1  14.4   6:59.22 nts	1693202475296
940517 toao      20   0   44.6g  18.2g  11.7g R 558.8  14.5   7:08.69 nts	1693202476000
940517 toao      20   0   44.6g  18.2g  11.7g R 564.7  14.5   7:23.52 nts	1693202476703
940517 toao      20   0   44.5g  18.1g  11.7g S 100.0  14.4   7:31.89 nts	1693202477406
940517 toao      20   0   44.5g  18.1g  11.7g S 100.0  14.4   7:32.59 nts	1693202478107
940517 toao      20   0   44.5g  18.1g  11.7g R 805.9  14.4   7:42.87 nts	1693202478807
940517 toao      20   0   44.5g  18.1g  11.7g S 100.0  14.4   7:43.68 nts	1693202479507
940517 toao      20   0   44.6g  18.2g  11.7g R 423.5  14.5   7:44.94 nts	1693202480210
940517 toao      20   0   44.5g  18.1g  11.7g R  2141  14.4   8:01.26 nts	1693202480915
940517 toao      20   0   44.5g  18.1g  11.7g S 106.2  14.4   8:03.01 nts	1693202481615
940517 toao      20   0   44.6g  18.2g  11.7g R 431.2  14.5   8:04.23 nts	1693202482313
940517 toao      20   0   44.5g  18.1g  11.7g S 241.2  14.4   8:15.34 nts	1693202483011
940517 toao      20   0   44.5g  18.1g  11.7g S 100.0  14.4   8:16.08 nts	1693202483711
940517 toao      20   0   44.5g  18.1g  11.7g S  3312  14.4   8:25.42 nts	1693202484413
940517 toao      20   0   44.5g  18.1g  11.7g S  94.1  14.4   8:26.12 nts	1693202485115
940517 toao      20   0   44.5g  18.1g  11.7g S 111.8  14.4   8:31.14 nts	1693202485818
940517 toao      20   0   44.5g  18.1g  11.7g S 106.2  14.4   8:31.84 nts	1693202486523
940517 toao      20   0   44.6g  18.2g  11.7g R 781.2  14.5   8:42.57 nts	1693202487223
940517 toao      20   0   44.5g  18.1g  11.7g S 811.8  14.4   8:57.21 nts	1693202487924
940517 toao      20   0   44.5g  18.1g  11.7g S 100.0  14.4   8:57.93 nts	1693202488626
940517 toao      20   0   44.6g  18.2g  11.7g R  2806  14.5   9:03.66 nts	1693202489326
940517 toao      20   0   44.5g  18.1g  11.7g S 123.5  14.4   9:15.09 nts	1693202490026
940517 toao      20   0   44.5g  18.1g  11.7g S 106.2  14.4   9:15.80 nts	1693202490734
940517 toao      20   0   44.5g  18.1g  11.7g S 200.0  14.4   9:25.44 nts	1693202491435
940517 toao      20   0   44.5g  18.1g  11.7g S  94.1  14.4   9:26.14 nts	1693202492136
940517 toao      20   0   44.6g  18.2g  11.7g R  1000  14.5   9:35.58 nts	1693202492839
940517 toao      20   0   44.6g  18.2g  11.7g R  3312  14.5   9:48.64 nts	1693202493543
940517 toao      20   0   44.5g  18.1g  11.7g S  1347  14.4   9:59.03 nts	1693202494250
940517 toao      20   0   44.5g  18.1g  11.7g S 100.0  14.4  10:00.05 nts	1693202494954
940517 toao      20   0   44.6g  18.2g  11.7g R 164.7  14.5  10:01.29 nts	1693202495659
940517 toao      20   0   44.5g  18.1g  11.7g S 100.0  14.4  10:10.83 nts	1693202496361
940517 toao      20   0   44.5g  18.1g  11.7g S 106.2  14.4  10:11.53 nts	1693202497062
940517 toao      20   0   44.6g  18.2g  11.7g R 835.3  14.5  10:20.84 nts	1693202497763
940517 toao      20   0   44.5g  18.1g  11.7g R  3200  14.4  10:33.94 nts	1693202498467
940517 toao      20   0   44.5g  18.1g  11.7g S 570.6  14.4  10:43.45 nts	1693202499168
940517 toao      20   0   44.5g  18.1g  11.7g S  94.1  14.4  10:44.17 nts	1693202499867
940517 toao      20   0   44.6g  18.2g  11.7g R  3335  14.5  10:50.87 nts	1693202500570
940517 toao      20   0   44.5g  18.1g  11.7g S 294.1  14.4  11:01.65 nts	1693202501271
940517 toao      20   0   44.5g  18.1g  11.7g S 100.0  14.4  11:02.35 nts	1693202501969
940517 toao      20   0   44.6g  18.2g  11.7g R  2276  14.5  11:07.28 nts	1693202502675
940517 toao      20   0   44.5g  18.1g  11.7g S 605.9  14.4  11:19.19 nts	1693202503379
940517 toao      20   0   44.6g  18.2g  11.7g R 100.0  14.5  11:20.22 nts	1693202504080
940517 toao      20   0   44.5g  18.1g  11.7g R  1141  14.4  11:36.46 nts	1693202504785
940517 toao      20   0   44.5g  18.1g  11.7g S 100.0  14.4  11:38.26 nts	1693202505488
940517 toao      20   0   44.6g  18.1g  11.7g R 358.8  14.5  11:39.40 nts	1693202506185
940517 toao      20   0   44.5g  18.1g  11.7g R  3282  14.4  11:54.64 nts	1693202506888
940517 toao      20   0   44.6g  18.1g  11.7g R  3465  14.5  12:07.95 nts	1693202507588
940517 toao      20   0   44.5g  18.1g  11.7g S 112.5  14.4  12:09.86 nts	1693202508292
940517 toao      20   0   44.6g  18.2g  11.7g R  3876  14.5  12:17.36 nts	1693202508993
940517 toao      20   0   44.5g  18.1g  11.7g R  1371  14.4  12:27.38 nts	1693202509700
940517 toao      20   0   44.5g  18.1g  11.7g S  94.4  14.4  12:29.06 nts	1693202510401
940517 toao      20   0   44.6g  18.2g  11.7g R 364.7  14.5  12:30.21 nts	1693202511107
940517 toao      20   0   44.5g  18.1g  11.7g S 117.6  14.4  12:39.77 nts	1693202511808
940517 toao      20   0   44.5g  18.1g  11.7g S 105.9  14.4  12:40.48 nts	1693202512510
940517 toao      20   0   44.5g  18.1g  11.7g S 625.0  14.4  12:50.64 nts	1693202513212
940517 toao      20   0   44.5g  18.1g  11.7g S 100.0  14.4  12:51.38 nts	1693202513914
940517 toao      20   0   44.6g  18.2g  11.7g R  1700  14.5  12:55.34 nts	1693202514616
940517 toao      20   0   44.6g  18.2g  11.7g R 588.2  14.5  13:08.02 nts	1693202515321
940517 toao      20   0   44.5g  18.1g  11.7g S 100.0  14.4  13:15.51 nts	1693202516025
940517 toao      20   0   44.6g  18.2g  11.7g R  1306  14.5  13:18.83 nts	1693202516726
940517 toao      20   0   44.5g  18.1g  11.7g S 100.0  14.4  13:26.05 nts	1693202517428
940517 toao      20   0   44.5g  18.1g  11.7g S 100.0  14.4  13:26.75 nts	1693202518130
940517 toao      20   0   44.5g  18.1g  11.7g R  1029  14.4  13:37.67 nts	1693202518830
940517 toao      20   0   44.5g  18.1g  11.7g S 100.0  14.4  13:38.48 nts	1693202519531
940517 toao      20   0   44.6g  18.2g  11.7g R  3729  14.5  13:45.86 nts	1693202520231
940517 toao      20   0   44.5g  18.1g  11.7g S 105.9  14.4  13:49.08 nts	1693202520945
940517 toao      20   0   44.6g  18.2g  11.7g R  1941  14.5  13:53.27 nts	1693202521646
940517 toao      20   0   44.6g  18.2g  11.7g R  1700  14.5  14:08.05 nts	1693202522368
940517 toao      20   0   44.5g  18.1g  11.7g R  1100  14.4  14:20.90 nts	1693202523067
940517 toao      20   0   44.5g  18.1g  11.7g S 100.0  14.4  14:23.53 nts	1693202523769
940517 toao      20   0   44.6g  18.2g  11.7g R 400.0  14.5  14:24.74 nts	1693202524471
940517 toao      20   0   44.5g  18.1g  11.7g R  2247  14.4  14:40.72 nts	1693202525175
940517 toao      20   0   44.5g  18.1g  11.7g S  94.1  14.4  14:41.50 nts	1693202525882
940517 toao      20   0   44.6g  18.2g  11.7g R  1076  14.5  14:50.68 nts	1693202526587
940517 toao      20   0   44.5g  18.1g  11.7g R  1119  14.4  15:05.09 nts	1693202527292
940517 toao      20   0   44.5g  18.1g  11.7g S 100.0  14.4  15:05.83 nts	1693202527994
940517 toao      20   0   44.6g  18.2g  11.7g R  1224  14.5  15:15.10 nts	1693202528699
940517 toao      20   0   44.5g  18.1g  11.7g R 850.0  14.4  15:28.88 nts	1693202529403
940517 toao      20   0   44.5g  18.1g  11.7g S 105.9  14.4  15:29.64 nts	1693202530108
940517 toao      20   0   44.6g  18.2g  11.7g R 941.2  14.5  15:38.79 nts	1693202530812
940517 toao      20   0   44.5g  18.1g  11.7g R 841.2  14.4  15:53.10 nts	1693202531524
940517 toao      20   0   44.5g  18.1g  11.7g S 100.0  14.4  15:53.83 nts	1693202532226
940517 toao      20   0   44.6g  18.2g  11.7g R  1029  14.5  16:02.95 nts	1693202532928
940517 toao      20   0   44.6g  18.2g  11.7g R 547.1  14.5  16:16.71 nts	1693202533632
940517 toao      20   0   44.6g  18.2g  11.7g R 950.0  14.5  16:31.25 nts	1693202534332
940517 toao      20   0   44.6g  18.2g  11.7g R  1647  14.5  16:46.19 nts	1693202535035
940517 toao      20   0   44.5g  18.1g  11.7g S  1194  14.4  16:58.73 nts	1693202535736
940517 toao      20   0   44.5g  18.1g  11.7g S 100.0  14.4  16:59.62 nts	1693202536440
940517 toao      20   0   44.6g  18.2g  11.7g R  1700  14.5  17:03.56 nts	1693202537139
940517 toao      20   0   44.5g  18.1g  11.7g S 100.0  14.4  17:10.21 nts	1693202537839
940517 toao      20   0   44.6g  18.2g  11.7g R 437.5  14.5  17:11.44 nts	1693202538543
940517 toao      20   0   44.6g  18.2g  11.7g R 952.9  14.5  17:26.64 nts	1693202539243
940517 toao      20   0   44.5g  18.1g  11.7g S 100.0  14.4  17:34.56 nts	1693202539947
940517 toao      20   0   44.5g  18.1g  11.7g S  94.1  14.4  17:35.26 nts	1693202540648
940517 toao      20   0   44.5g  18.1g  11.7g S 223.5  14.4  17:44.84 nts	1693202541350
940517 toao      20   0   44.5g  18.1g  11.7g S 105.9  14.4  17:45.54 nts	1693202542049
940517 toao      20   0   44.5g  18.1g  11.7g S 429.4  14.4  17:55.23 nts	1693202542750
940517 toao      20   0   44.5g  18.1g  11.7g S 106.2  14.4  17:55.93 nts	1693202543454
940517 toao      20   0   44.5g  18.1g  11.7g R  4144  14.4  18:04.10 nts	1693202544152
940517 toao      20   0   44.5g  18.1g  11.7g S 100.0  14.4  18:06.03 nts	1693202544852
940517 toao      20   0   44.5g  18.1g  11.7g R  3635  14.4  18:14.00 nts	1693202545555
940517 toao      20   0   44.5g  18.1g  11.7g S 100.0  14.4  18:16.69 nts	1693202546256
940517 toao      20   0   44.6g  18.2g  11.7g R 411.8  14.5  18:17.93 nts	1693202546959
940517 toao      20   0   44.5g  18.1g  11.7g R  2200  14.4  18:33.04 nts	1693202547663
940517 toao      20   0   44.5g  18.1g  11.7g S 100.0  14.4  18:34.20 nts	1693202548367
940517 toao      20   0   44.6g  18.2g  11.7g R 858.8  14.5  18:36.19 nts	1693202549070
940517 toao      20   0   44.6g  18.2g  11.7g R 894.1  14.5  18:50.91 nts	1693202549770
940517 toao      20   0   44.5g  18.1g  11.7g S  1276  14.4  19:00.25 nts	1693202550471
940517 toao      20   0   44.5g  18.1g  11.7g S 106.2  14.4  19:01.57 nts	1693202551172
940517 toao      20   0   44.6g  18.2g  11.7g R  1518  14.5  19:05.08 nts	1693202551876
940517 toao      20   0   44.6g  18.2g  11.7g R 888.2  14.5  19:20.00 nts	1693202552579
940517 toao      20   0   44.6g  18.2g  11.7g R  1747  14.5  19:34.92 nts	1693202553279
940517 toao      20   0   44.5g  18.1g  11.7g S 725.0  14.4  19:46.98 nts	1693202553983
940517 toao      20   0   44.5g  18.1g  11.7g S 106.2  14.4  19:47.74 nts	1693202554684
940517 toao      20   0   44.6g  18.2g  11.7g R  2869  14.5  19:53.34 nts	1693202555383
940517 toao      20   0   44.6g  18.2g  11.7g R  1762  14.5  20:07.21 nts	1693202556083
940517 toao      20   0   44.5g  18.1g  11.7g S 106.2  14.4  20:11.90 nts	1693202556783
940517 toao      20   0   44.6g  18.2g  11.7g R  2975  14.5  20:17.62 nts	1693202557483
940517 toao      20   0   44.6g  18.2g  11.7g R  2600  14.5  20:32.11 nts	1693202558184
940517 toao      20   0   44.5g  18.1g  11.7g S 106.2  14.4  20:36.10 nts	1693202558882
940517 toao      20   0   44.5g  18.1g  11.7g S 106.2  14.4  20:36.80 nts	1693202559583
940517 toao      20   0   44.6g  18.1g  11.7g R  3456  14.5  20:51.10 nts	1693202560283
940517 toao      20   0   44.5g  18.1g  11.7g S 162.5  14.4  21:00.01 nts	1693202560984
940517 toao      20   0   44.5g  18.1g  11.7g S 106.2  14.4  21:00.71 nts	1693202561684
940517 toao      20   0   44.6g  18.2g  11.7g R 837.5  14.5  21:10.15 nts	1693202562383
940517 toao      20   0   44.6g  18.2g  11.7g R  1181  14.5  21:24.82 nts	1693202563083
940517 toao      20   0   44.5g  18.1g  11.7g S 500.0  14.4  21:37.39 nts	1693202563783
940517 toao      20   0   44.5g  18.1g  11.7g S 106.2  14.4  21:38.11 nts	1693202564482
940517 toao      20   0   44.6g  18.2g  11.7g R  3524  14.5  21:45.13 nts	1693202565183
940517 toao      20   0   44.5g  18.1g  11.7g R  3435  14.4  21:59.82 nts	1693202565888
940517 toao      20   0   44.5g  18.1g  11.7g S 100.0  14.4  22:01.93 nts	1693202566591
940517 toao      20   0   44.6g  18.2g  11.7g R  2276  14.5  22:06.76 nts	1693202567292
940517 toao      20   0   44.5g  18.1g  11.7g S 100.0  14.4  22:12.99 nts	1693202567995
940517 toao      20   0   44.5g  18.1g  11.7g S 100.0  14.4  22:13.69 nts	1693202568694
940517 toao      20   0   44.5g  18.1g  11.7g S 200.0  14.4  22:23.05 nts	1693202569395
940517 toao      20   0   44.5g  18.1g  11.7g S  94.1  14.4  22:23.75 nts	1693202570099
940517 toao      20   0   93.9g  18.2g  11.7g R  2719  14.5  22:31.83 nts	1693202570802
940517 toao      20   0   96.4g  19.8g  13.4g R 200.0  15.8  22:32.82 nts	1693202571503
940517 toao      20   0  100.2g  21.2g  14.8g R 194.1  16.9  22:34.22 nts	1693202572208
940517 toao      20   0  105.8g  21.7g  15.3g S 464.7  17.3  22:39.28 nts	1693202572911
940517 toao      20   0  112.4g  21.8g  15.3g S  1424  17.3  22:47.22 nts	1693202573615
940517 toao      20   0  112.4g  21.8g  15.3g S  1418  17.3  22:56.86 nts	1693202574320
940517 toao      20   0  112.5g  21.8g  15.3g S  1412  17.3  23:06.43 nts	1693202575021
940517 toao      20   0  114.1g  21.8g  15.3g S 506.2  17.3  23:12.77 nts	1693202575722
940517 toao      20   0  114.5g  21.8g  15.3g S  1435  17.3  23:21.94 nts	1693202576423
940517 toao      20   0  113.9g  21.8g  15.3g S 470.6  17.3  23:28.69 nts	1693202577127
940517 toao      20   0  113.9g  21.8g  15.3g S 376.5  17.3  23:36.51 nts	1693202577831
940517 toao      20   0  113.9g  21.8g  15.3g S  1976  17.3  23:46.00 nts	1693202578534
940517 toao      20   0  113.9g  21.8g  15.3g S 458.8  17.3  23:52.27 nts	1693202579234
940517 toao      20   0  113.9g  21.8g  15.3g S  1371  17.3  24:00.07 nts	1693202579933
940517 toao      20   0  113.9g  21.8g  15.3g S 429.4  17.3  24:07.86 nts	1693202580637
940517 toao      20   0  113.9g  21.8g  15.3g S  1425  17.3  24:17.27 nts	1693202581343
940517 toao      20   0  113.9g  21.8g  15.3g S  1544  17.3  24:25.20 nts	1693202582042
940517 toao      20   0  113.9g  21.8g  15.3g S 435.3  17.3  24:33.00 nts	1693202582742
940517 toao      20   0  113.9g  21.8g  15.3g S 658.8  17.3  24:42.56 nts	1693202583447
940517 toao      20   0  113.9g  21.8g  15.3g S  1353  17.3  24:50.36 nts	1693202584147
940517 toao      20   0  113.9g  21.8g  15.3g S  1718  17.3  24:58.45 nts	1693202584845
940517 toao      20   0  114.3g  21.8g  15.3g S  1435  17.3  25:06.24 nts	1693202585546
940517 toao      20   0  115.7g  21.8g  15.3g S 858.8  17.3  25:11.60 nts	1693202586246
940517 toao      20   0  115.2g  21.8g  15.3g S 382.4  17.3  25:20.45 nts	1693202586947
940517 toao      20   0  115.2g  21.8g  15.3g S  1406  17.3  25:28.29 nts	1693202587652
940517 toao      20   0  115.2g  21.8g  15.3g S  1429  17.3  25:36.26 nts	1693202588351
940517 toao      20   0  115.2g  21.8g  15.3g S  1465  17.3  25:45.95 nts	1693202589052
940517 toao      20   0  115.7g  21.8g  15.3g S  1829  17.3  25:54.73 nts	1693202589755
940517 toao      20   0  115.7g  21.8g  15.3g S  1594  17.3  26:05.49 nts	1693202590460
940517 toao      20   0  115.2g  21.8g  15.3g S 435.3  17.3  26:13.17 nts	1693202591163
940517 toao      20   0  115.3g  21.8g  15.3g S 429.4  17.3  26:21.35 nts	1693202591866
940517 toao      20   0  115.3g  21.8g  15.3g S  1347  17.3  26:29.29 nts	1693202592572
940517 toao      20   0  115.3g  21.8g  15.3g S  1447  17.3  26:35.60 nts	1693202593275
940517 toao      20   0  115.3g  21.8g  15.3g S  1318  17.3  26:44.96 nts	1693202593975
940517 toao      20   0  115.3g  21.8g  15.3g S  1482  17.3  26:53.16 nts	1693202594675
940517 toao      20   0  115.3g  21.8g  15.3g S  1435  17.3  27:02.92 nts	1693202595375
940517 toao      20   0  115.3g  21.8g  15.3g S  1412  17.3  27:10.99 nts	1693202596079
940517 toao      20   0  115.3g  21.8g  15.3g S  1419  17.3  27:20.39 nts	1693202596782
940517 toao      20   0  115.3g  21.8g  15.3g S  1412  17.3  27:28.23 nts	1693202597482
940517 toao      20   0  115.3g  21.8g  15.3g S  1200  17.3  27:37.26 nts	1693202598183
940517 toao      20   0  115.3g  21.8g  15.3g S  1456  17.3  27:45.57 nts	1693202598883
940517 toao      20   0  132.7g  21.7g  15.3g S  1341  17.3  27:53.16 nts	1693202599584
940517 toao      20   0  133.9g  21.8g  15.3g S  1435  17.3  27:59.50 nts	1693202600286
940517 toao      20   0  133.4g  21.8g  15.3g S  1441  17.3  28:09.02 nts	1693202600991
940517 toao      20   0  133.4g  21.8g  15.3g S  1371  17.3  28:18.46 nts	1693202601691
940517 toao      20   0  133.4g  21.8g  15.3g S  1462  17.3  28:26.34 nts	1693202602392
940517 toao      20   0  134.5g  21.8g  15.3g S  1571  17.3  28:33.29 nts	1693202603096
940517 toao      20   0  134.0g  21.8g  15.3g S  1312  17.3  28:42.16 nts	1693202603800
940517 toao      20   0  134.0g  21.8g  15.3g S  1176  17.3  28:49.64 nts	1693202604507
940517 toao      20   0  134.0g  21.8g  15.3g S  1371  17.3  28:56.39 nts	1693202605208
940517 toao      20   0  134.0g  21.8g  15.3g S  1365  17.3  29:05.78 nts	1693202605911
940517 toao      20   0  134.0g  21.8g  15.3g S  1412  17.3  29:12.10 nts	1693202606611
940517 toao      20   0  134.0g  21.8g  15.3g S  1306  17.3  29:21.48 nts	1693202607311
940517 toao      20   0  134.0g  21.8g  15.3g S  1300  17.3  29:29.27 nts	1693202608010
940517 toao      20   0  134.0g  21.8g  15.3g S 617.6  17.3  29:37.17 nts	1693202608709
940517 toao      20   0  134.0g  21.8g  15.3g S  1419  17.3  29:46.76 nts	1693202609413
940517 toao      20   0  134.0g  21.8g  15.3g S  2356  17.3  29:56.21 nts	1693202610114
940517 toao      20   0  134.0g  21.8g  15.3g S 518.8  17.3  30:02.82 nts	1693202610814
940517 toao      20   0  134.0g  21.8g  15.3g S  1169  17.3  30:10.29 nts	1693202611515
940517 toao      20   0  134.0g  21.8g  15.3g S 931.2  17.3  30:18.63 nts	1693202612214
940517 toao      20   0  134.6g  21.8g  15.3g S 764.7  17.3  30:24.89 nts	1693202612916
940517 toao      20   0  134.6g  21.8g  15.3g S  1565  17.3  30:34.15 nts	1693202613616
940517 toao      20   0  134.6g  21.8g  15.3g S 429.4  17.3  30:40.57 nts	1693202614318
940517 toao      20   0  134.6g  21.8g  15.3g S 435.3  17.3  30:48.41 nts	1693202615017
940517 toao      20   0  135.2g  21.8g  15.3g S 670.6  17.3  30:56.61 nts	1693202615718
940517 toao      20   0  134.6g  21.8g  15.3g S  1376  17.3  31:05.72 nts	1693202616418
940517 toao      20   0  134.6g  21.8g  15.3g S  1382  17.3  31:16.81 nts	1693202617118
940517 toao      20   0  134.6g  21.8g  15.3g S  1241  17.3  31:26.01 nts	1693202617819
940517 toao      20   0  134.6g  21.8g  15.3g S  1424  17.3  31:32.68 nts	1693202618520
940517 toao      20   0  134.6g  21.8g  15.3g S  1347  17.3  31:40.53 nts	1693202619220
940517 toao      20   0  134.6g  21.8g  15.3g S 735.3  17.3  31:46.85 nts	1693202619923
940517 toao      20   0  134.6g  21.8g  15.3g S  1418  17.3  31:54.89 nts	1693202620628
940517 toao      20   0  135.2g  21.8g  15.3g S  1818  17.3  32:03.82 nts	1693202621330
940517 toao      20   0  134.6g  21.8g  15.3g S  1156  17.3  32:13.85 nts	1693202622032
940517 toao      20   0  134.6g  21.8g  15.3g S 450.0  17.3  32:21.80 nts	1693202622735
940517 toao      20   0  135.2g  21.8g  15.3g S 994.1  17.3  32:30.82 nts	1693202623435
940517 toao      20   0  134.6g  21.8g  15.3g S  1459  17.3  32:39.36 nts	1693202624136
940517 toao      20   0  134.6g  21.8g  15.3g S  1259  17.3  32:48.76 nts	1693202624840
940517 toao      20   0  134.6g  21.8g  15.3g S 417.6  17.3  32:56.87 nts	1693202625542
940517 toao      20   0  139.2g  21.7g  15.3g S  1376  17.3  33:04.72 nts	1693202626248
940517 toao      20   0  140.4g  21.8g  15.3g S 447.1  17.3  33:10.88 nts	1693202626953
940517 toao      20   0  141.0g  21.8g  15.3g S  1224  17.3  33:20.29 nts	1693202627656
940517 toao      20   0  141.6g  21.8g  15.3g S 676.5  17.3  33:28.58 nts	1693202628359
940517 toao      20   0  141.0g  21.8g  15.3g S 452.9  17.3  33:37.54 nts	1693202629059
940517 toao      20   0  141.0g  21.8g  15.3g S 458.8  17.3  33:43.76 nts	1693202629759
940517 toao      20   0  141.0g  21.8g  15.3g S 652.9  17.3  33:53.38 nts	1693202630463
940517 toao      20   0  141.0g  21.8g  15.3g S  1341  17.3  34:01.21 nts	1693202631167
940517 toao      20   0  141.0g  21.8g  15.3g S  1365  17.3  34:07.54 nts	1693202631868
940517 toao      20   0  141.6g  21.8g  15.3g S 841.2  17.3  34:16.19 nts	1693202632570
940517 toao      20   0  141.0g  21.8g  15.3g S 417.6  17.3  34:23.62 nts	1693202633274
940517 toao      20   0  141.0g  21.8g  15.3g S  1359  17.3  34:33.20 nts	1693202633979
940517 toao      20   0  141.6g  21.8g  15.3g S  1494  17.3  34:40.12 nts	1693202634680
940517 toao      20   0  141.0g  21.8g  15.3g S  1394  17.3  34:49.09 nts	1693202635382
940517 toao      20   0  141.6g  21.8g  15.3g S 717.6  17.3  34:57.30 nts	1693202636087
940517 toao      20   0  141.0g  21.8g  15.3g S  1488  17.3  35:06.42 nts	1693202636788
940517 toao      20   0  141.0g  21.8g  15.3g S  1376  17.3  35:16.00 nts	1693202637487
940517 toao      20   0  141.0g  21.8g  15.3g S  1318  17.3  35:22.18 nts	1693202638190
940517 toao      20   0  141.0g  21.8g  15.3g S 452.9  17.3  35:30.21 nts	1693202638890
940517 toao      20   0  141.0g  21.8g  15.3g S 500.0  17.3  35:36.52 nts	1693202639590
940517 toao      20   0  141.0g  21.8g  15.3g S  1341  17.3  35:44.37 nts	1693202640292
940517 toao      20   0  141.0g  21.8g  15.3g S  2106  17.3  35:53.67 nts	1693202640991
940517 toao      20   0  141.0g  21.8g  15.3g S  1335  17.3  36:01.80 nts	1693202641695
940517 toao      20   0  141.0g  21.8g  15.3g S  1365  17.3  36:09.59 nts	1693202642398
940517 toao      20   0  141.0g  21.8g  15.3g S 400.0  17.3  36:17.45 nts	1693202643102
940517 toao      20   0  141.6g  21.8g  15.3g S  1871  17.3  36:28.05 nts	1693202643806
940517 toao      20   0  141.0g  21.8g  15.3g S  1294  17.3  36:38.30 nts	1693202644511
940517 toao      20   0  141.2g  21.8g  15.3g S  1376  17.3  36:44.65 nts	1693202645216
940517 toao      20   0  141.2g  21.8g  15.3g S 494.1  17.3  36:52.53 nts	1693202645918
940517 toao      20   0  141.7g  21.8g  15.3g S 523.5  17.3  36:59.02 nts	1693202646623
940517 toao      20   0  141.2g  21.8g  15.3g S 429.4  17.3  37:06.74 nts	1693202647328
940517 toao      20   0  141.2g  21.8g  15.3g S 488.2  17.3  37:14.67 nts	1693202648031
940517 toao      20   0  141.2g  21.8g  15.3g S  1453  17.3  37:26.10 nts	1693202648736
940517 toao      20   0  141.2g  21.8g  15.3g S  2041  17.3  37:35.53 nts	1693202649438
940517 toao      20   0  141.2g  21.8g  15.3g S  1312  17.3  37:43.38 nts	1693202650139
940517 toao      20   0  141.2g  21.8g  15.3g S 561.1  17.3  37:51.38 nts	1693202650842
940517 toao      20   0  141.2g  21.8g  15.3g S  1359  17.3  38:01.14 nts	1693202651548
940517 toao      20   0  141.2g  21.8g  15.3g S  2347  17.3  38:10.59 nts	1693202652250
940517 toao      20   0  141.2g  21.8g  15.3g S  1400  17.3  38:16.89 nts	1693202652961
940517 toao      20   0       0      0      0 Z 100.0   0.0  38:17.94 nts	1693202653660
940517 toao      20   0       0      0      0 Z 100.0   0.0  38:18.64 nts	1693202654361
940517 toao      20   0       0      0      0 Z 100.0   0.0  38:19.32 nts	1693202655063
940517 toao      20   0       0      0      0 Z 100.0   0.0  38:20.02 nts	1693202655766
