1591946 toao      20   0 2486676 100476  68916 R 100.0   0.1   0:00.19 nts	1693207983970
1591946 toao      20   0 8372632 220116 118176 R  7450   0.2   0:28.87 nts	1693207984713
1591946 toao      20   0 8482060 296392 118304 R 205.9   0.2   0:54.16 nts	1693207985428
1591946 toao      20   0 8482060 296392 118304 R 200.0   0.2   0:55.56 nts	1693207986139
1591946 toao      20   0 8482060 296392 118304 R 211.8   0.2   0:56.98 nts	1693207986845
1591946 toao      20   0 8482060 296392 118304 R 188.9   0.2   0:58.38 nts	1693207987561
1591946 toao      20   0 8482060 296392 118304 R 194.1   0.2   0:59.78 nts	1693207988268
1591946 toao      20   0 8482060 296392 118304 R 200.0   0.2   1:01.18 nts	1693207988972
1591946 toao      20   0 8482060 296392 118304 R 205.9   0.2   1:02.57 nts	1693207989675
1591946 toao      20   0 8482060 296392 118304 R 200.0   0.2   1:03.96 nts	1693207990375
1591946 toao      20   0 8482060 320416 118304 R 194.1   0.2   1:05.35 nts	1693207991079
1591946 toao      20   0 8482060 320416 118304 R 194.1   0.2   1:06.75 nts	1693207991782
1591946 toao      20   0 8482060 320416 118304 R 205.9   0.2   1:08.16 nts	1693207992486
1591946 toao      20   0 8482060 320416 118304 R 212.5   0.2   1:09.55 nts	1693207993192
1591946 toao      20   0 8482060 320416 118304 R 212.5   0.2   1:10.94 nts	1693207993895
1591946 toao      20   0 8482060 320416 118304 R 218.8   0.2   1:12.33 nts	1693207994593
1591946 toao      20   0 8482060 320416 118304 R 218.8   0.2   1:13.72 nts	1693207995292
1591946 toao      20   0 9950.1m 852884 118424 R 870.6   0.6   1:18.89 nts	1693207995992
1591946 toao      20   0 9950.1m 863116 118424 R 858.8   0.7   1:25.63 nts	1693207996695
1591946 toao      20   0 9950.1m 866464 118424 R  1059   0.7   1:32.28 nts	1693207997399
1591946 toao      20   0 9950.1m 869448 118424 R  1125   0.7   1:40.14 nts	1693207998104
1591946 toao      20   0 9950.1m 871156 118424 R 947.1   0.7   1:47.91 nts	1693207998804
1591946 toao      20   0 9950.1m   1.0g 118424 R  1018   0.8   1:55.81 nts	1693207999507
1591946 toao      20   0 9950.1m   1.2g 118424 R  1100   1.0   2:03.44 nts	1693208000211
1591946 toao      20   0 9950.1m   1.2g 118424 R  1450   1.0   2:11.92 nts	1693208000914
1591946 toao      20   0 9950.1m   1.2g 118424 R  1041   1.0   2:20.90 nts	1693208001617
1591946 toao      20   0 9950.1m   1.2g 118424 R  1318   1.0   2:29.91 nts	1693208002320
1591946 toao      20   0   13.9g   1.2g 118576 R 194.1   1.0   2:35.25 nts	1693208003027
1591946 toao      20   0   13.9g   1.2g 118576 R 200.0   1.0   2:36.66 nts	1693208003732
1591946 toao      20   0   13.9g   1.2g 118576 R 200.0   1.0   2:38.07 nts	1693208004435
1591946 toao      20   0   13.9g   1.2g 118576 R 200.0   1.0   2:39.48 nts	1693208005145
1591946 toao      20   0   13.9g   1.2g 118576 R 200.0   1.0   2:40.89 nts	1693208005850
1591946 toao      20   0   13.9g   1.2g 118576 R 200.0   1.0   2:42.30 nts	1693208006558
1591946 toao      20   0   13.9g   1.2g 118576 R 188.9   1.0   2:43.72 nts	1693208007264
1591946 toao      20   0   13.9g   1.2g 118576 R 194.1   1.0   2:45.11 nts	1693208007976
1591946 toao      20   0   13.9g   1.2g 118576 R 200.0   1.0   2:46.52 nts	1693208008680
1591946 toao      20   0   13.9g   1.2g 118576 R 212.5   1.0   2:47.92 nts	1693208009383
1591946 toao      20   0   13.9g   1.2g 118576 R 212.5   1.0   2:49.31 nts	1693208010083
1591946 toao      20   0   13.9g   1.2g 118576 R 194.4   1.0   2:50.72 nts	1693208010782
1591946 toao      20   0   13.9g   1.3g 118576 R 194.1   1.0   2:52.11 nts	1693208011487
1591946 toao      20   0   13.9g   1.3g 118576 R 205.9   1.0   2:53.52 nts	1693208012192
1591946 toao      20   0   13.9g   1.3g 118576 R 206.2   1.0   2:54.91 nts	1693208012892
1591946 toao      20   0   13.9g   1.3g 118576 R 200.0   1.0   2:56.32 nts	1693208013595
1591946 toao      20   0   13.9g   1.3g 118576 R 200.0   1.0   2:57.71 nts	1693208014299
1591946 toao      20   0   13.9g   1.3g 118576 R 194.1   1.0   2:59.11 nts	1693208014999
1591946 toao      20   0   13.9g   1.3g 118576 R 200.0   1.0   3:00.52 nts	1693208015702
1591946 toao      20   0   13.9g   1.3g 118576 R 212.5   1.0   3:01.91 nts	1693208016404
1591946 toao      20   0   13.9g   1.3g 118576 R 212.5   1.0   3:03.30 nts	1693208017104
1591946 toao      20   0   13.9g   1.3g 118576 R 200.0   1.0   3:04.70 nts	1693208017803
1591946 toao      20   0   13.9g   1.3g 118576 R 200.0   1.0   3:06.11 nts	1693208018507
1591946 toao      20   0   13.9g   1.3g 118576 R 200.0   1.0   3:07.51 nts	1693208019210
1591946 toao      20   0   13.9g   1.3g 118576 R 194.1   1.0   3:08.90 nts	1693208019914
1591946 toao      20   0   13.9g   1.3g 118576 R 194.1   1.0   3:10.30 nts	1693208020618
1591946 toao      20   0   13.9g   1.3g 118576 R 194.1   1.0   3:11.69 nts	1693208021318
1591946 toao      20   0   13.9g   1.3g 118576 R 200.0   1.0   3:13.10 nts	1693208022018
1591946 toao      20   0   13.9g   1.3g 118576 R 212.5   1.0   3:14.50 nts	1693208022723
1591946 toao      20   0   13.9g   1.3g 118576 R 206.2   1.0   3:15.89 nts	1693208023423
1591946 toao      20   0   13.9g   1.3g 118576 R 212.5   1.0   3:17.28 nts	1693208024123
1591946 toao      20   0   15.4g   1.4g 118576 R 647.1   1.1   3:19.87 nts	1693208024822
1591946 toao      20   0   15.4g   1.5g 118576 R 561.1   1.2   3:23.88 nts	1693208025529
1591946 toao      20   0   15.4g   1.6g 118576 R 576.5   1.3   3:27.94 nts	1693208026236
1591946 toao      20   0   15.4g   1.7g 118576 R 417.6   1.3   3:31.05 nts	1693208026940
1591946 toao      20   0   15.4g   1.8g 118576 R 370.6   1.4   3:34.01 nts	1693208027646
1591946 toao      20   0   15.4g   1.9g 118576 R 764.7   1.5   3:37.91 nts	1693208028353
1591946 toao      20   0   15.4g   2.0g 118576 R 505.9   1.6   3:42.28 nts	1693208029054
1591946 toao      20   0   15.4g   2.1g 118576 R 576.5   1.6   3:46.47 nts	1693208029761
1591946 toao      20   0   15.4g   2.2g 118576 R 629.4   1.7   3:50.62 nts	1693208030462
1591946 toao      20   0   19.5g   2.2g 118576 R 117.6   1.8   3:53.90 nts	1693208031168
1591946 toao      20   0   19.5g   2.3g 118576 R 105.9   1.8   3:56.24 nts	1693208031873
1591946 toao      20   0   19.5g   2.3g 118576 R  94.4   1.8   3:56.95 nts	1693208032581
1591946 toao      20   0   19.5g   2.3g 118576 R 100.0   1.8   3:57.66 nts	1693208033289
1591946 toao      20   0   19.5g   2.3g 118576 R 100.0   1.8   3:58.36 nts	1693208033994
1591946 toao      20   0   19.5g   2.3g 118576 R 100.0   1.8   3:59.06 nts	1693208034699
1591946 toao      20   0   19.5g   2.3g 118576 R 100.0   1.8   3:59.76 nts	1693208035399
1591946 toao      20   0   19.5g   2.3g 118576 R 105.9   1.8   4:00.47 nts	1693208036100
1591946 toao      20   0   20.5g   2.3g 118576 R 105.9   1.8   4:01.17 nts	1693208036800
1591946 toao      20   0   20.5g   2.8g 118576 R 100.0   2.2   4:01.86 nts	1693208037499
1591946 toao      20   0   20.5g   2.8g 118576 R 105.9   2.2   4:02.57 nts	1693208038199
1591946 toao      20   0   20.5g   2.8g 118576 R  94.1   2.2   4:03.26 nts	1693208038899
1591946 toao      20   0   20.5g   2.8g 118576 R 112.5   2.2   4:03.97 nts	1693208039603
1591946 toao      20   0   20.5g   2.8g 118576 R 106.2   2.2   4:04.67 nts	1693208040304
1591946 toao      20   0   20.5g   2.8g 118576 R 106.2   2.2   4:05.36 nts	1693208041004
1591946 toao      20   0   20.5g   2.8g 118576 R 112.5   2.2   4:06.07 nts	1693208041704
1591946 toao      20   0   20.5g   2.8g 118576 R 100.0   2.2   4:06.76 nts	1693208042404
1591946 toao      20   0   20.5g   2.8g 118576 R 106.2   2.2   4:07.46 nts	1693208043104
1591946 toao      20   0   20.5g   2.8g 118576 R 106.2   2.2   4:08.16 nts	1693208043803
1591946 toao      20   0   20.5g   2.8g 118576 R  94.1   2.2   4:08.86 nts	1693208044502
1591946 toao      20   0   20.5g   2.8g 118576 R  94.1   2.2   4:09.56 nts	1693208045207
1591946 toao      20   0   20.5g   2.8g 118576 R 105.9   2.2   4:10.27 nts	1693208045906
1591946 toao      20   0   20.5g   2.8g 118576 R 105.9   2.2   4:10.97 nts	1693208046607
1591946 toao      20   0   20.5g   2.9g 118576 R 100.0   2.3   4:11.67 nts	1693208047306
1591946 toao      20   0   20.5g   3.0g 118576 R 100.0   2.4   4:12.37 nts	1693208048011
1591946 toao      20   0   20.5g   3.0g 118576 R 105.9   2.4   4:13.07 nts	1693208048710
1591946 toao      20   0   20.5g   3.2g 118576 R 100.0   2.5   4:13.77 nts	1693208049409
1591946 toao      20   0   20.5g   3.2g 118576 R 106.2   2.5   4:14.47 nts	1693208050114
1591946 toao      20   0   20.5g   3.2g 118576 R 106.2   2.5   4:15.17 nts	1693208050814
1591946 toao      20   0   20.5g   3.2g 118576 R 106.2   2.5   4:15.87 nts	1693208051514
1591946 toao      20   0   20.5g   3.2g 118576 R 106.2   2.5   4:16.57 nts	1693208052214
1591946 toao      20   0   20.5g   3.2g 118576 R 100.0   2.5   4:17.27 nts	1693208052914
1591946 toao      20   0   20.5g   3.2g 118576 R 100.0   2.5   4:17.98 nts	1693208053615
1591946 toao      20   0   20.5g   3.2g 118576 R  94.1   2.5   4:18.67 nts	1693208054319
1591946 toao      20   0   20.5g   3.2g 118576 R 100.0   2.5   4:19.38 nts	1693208055019
1591946 toao      20   0   20.5g   3.2g 118576 R 100.0   2.5   4:20.08 nts	1693208055719
1591946 toao      20   0   20.5g   3.2g 118576 R 106.2   2.5   4:20.78 nts	1693208056423
1591946 toao      20   0   20.5g   3.2g 118576 R 100.0   2.5   4:21.47 nts	1693208057123
1591946 toao      20   0   20.5g   3.2g 118576 R 105.9   2.5   4:22.18 nts	1693208057822
1591946 toao      20   0   20.5g   3.2g 118576 R 100.0   2.5   4:22.87 nts	1693208058522
1591946 toao      20   0   20.5g   3.2g 118576 R 106.2   2.5   4:23.57 nts	1693208059222
1591946 toao      20   0   29.6g   3.6g 251792 R 100.0   2.9   4:25.32 nts	1693208059921
1591946 toao      20   0   30.5g   4.3g 359248 R  94.1   3.5   4:26.02 nts	1693208060617
1591946 toao      20   0   31.6g   5.2g 505388 R 100.0   4.1   4:26.73 nts	1693208061318
1591946 toao      20   0   32.7g   6.3g 531820 R 105.9   5.0   4:27.44 nts	1693208062023
1591946 toao      20   0   32.7g   6.3g 531820 R 100.0   5.0   4:28.14 nts	1693208062728
1591946 toao      20   0   32.7g   6.3g 531820 R 100.0   5.0   4:28.84 nts	1693208063431
1591946 toao      20   0   39.6g   7.5g   1.7g R 100.0   6.0   4:29.54 nts	1693208064131
1591946 toao      20   0   39.6g   9.8g   4.0g R 105.9   7.8   4:30.24 nts	1693208064831
1591946 toao      20   0   39.6g  12.1g   6.3g R 100.0   9.6   4:30.94 nts	1693208065532
1591946 toao      20   0   39.6g  13.2g   7.4g R  94.1  10.5   4:31.63 nts	1693208066235
1591946 toao      20   0   39.6g  13.2g   7.4g R 100.0  10.5   4:32.33 nts	1693208066935
1591946 toao      20   0   39.6g  13.2g   7.4g R 100.0  10.5   4:33.03 nts	1693208067634
1591946 toao      20   0   39.6g  13.2g   7.4g R 100.0  10.5   4:33.73 nts	1693208068334
1591946 toao      20   0   39.6g  13.2g   7.4g R 100.0  10.5   4:34.43 nts	1693208069034
1591946 toao      20   0   39.6g  13.2g   7.4g R 100.0  10.5   4:35.13 nts	1693208069736
1591946 toao      20   0   39.6g  13.2g   7.4g R 100.0  10.5   4:35.83 nts	1693208070435
1591946 toao      20   0   39.6g  13.2g   7.4g R 100.0  10.5   4:36.53 nts	1693208071134
1591946 toao      20   0   39.6g  13.2g   7.4g R  94.1  10.5   4:37.23 nts	1693208071835
1591946 toao      20   0   39.6g  13.2g   7.4g R  94.1  10.5   4:37.93 nts	1693208072539
1591946 toao      20   0   39.6g  13.2g   7.4g R 100.0  10.5   4:38.64 nts	1693208073239
1591946 toao      20   0   39.6g  13.2g   7.4g R 100.0  10.5   4:39.34 nts	1693208073943
1591946 toao      20   0   39.6g  13.2g   7.4g R 106.2  10.5   4:40.04 nts	1693208074645
1591946 toao      20   0   39.7g  13.2g   7.4g D  82.4  10.5   4:40.72 nts	1693208075345
1591946 toao      20   0   39.4g  13.2g   7.4g R  2159  10.6   4:45.99 nts	1693208076049
1591946 toao      20   0   39.6g  13.3g   7.4g R  2219  10.6   4:55.68 nts	1693208076752
1591946 toao      20   0   39.6g  13.3g   7.4g R  1124  10.6   5:05.87 nts	1693208077453
1591946 toao      20   0   39.6g  13.3g   7.4g R 494.1  10.6   5:14.14 nts	1693208078156
1591946 toao      20   0   39.6g  13.3g   7.4g R 329.4  10.6   5:23.92 nts	1693208078859
1591946 toao      20   0   39.6g  13.3g   7.4g R  2224  10.6   5:37.76 nts	1693208079565
1591946 toao      20   0   39.6g  13.3g   7.4g R  1512  10.6   5:47.35 nts	1693208080267
1591946 toao      20   0   39.6g  13.3g   7.4g R  1712  10.6   5:57.46 nts	1693208080970
1591946 toao      20   0   39.6g  13.3g   7.4g R 964.7  10.6   6:07.28 nts	1693208081671
1591946 toao      20   0   39.6g  13.3g   7.4g R 535.3  10.6   6:16.63 nts	1693208082371
1591946 toao      20   0   39.6g  13.3g   7.4g R  1994  10.6   6:29.19 nts	1693208083072
1591946 toao      20   0   39.6g  13.3g   7.4g R  1250  10.6   6:40.11 nts	1693208083774
1591946 toao      20   0   39.6g  13.3g   7.4g R  1235  10.6   6:49.46 nts	1693208084486
1591946 toao      20   0   39.6g  13.3g   7.4g R  1076  10.6   6:58.34 nts	1693208085188
1591946 toao      20   0   39.6g  13.3g   7.4g S 670.6  10.6   7:07.53 nts	1693208085886
1591946 toao      20   0   39.6g  13.3g   7.4g R 747.1  10.6   7:16.12 nts	1693208086587
1591946 toao      20   0   39.6g  13.3g   7.4g R  2641  10.6   7:29.76 nts	1693208087287
1591946 toao      20   0   39.6g  13.3g   7.4g R  1776  10.6   7:40.12 nts	1693208087986
1591946 toao      20   0   39.6g  13.3g   7.4g R 576.5  10.6   7:49.56 nts	1693208088691
1591946 toao      20   0   39.6g  13.3g   7.4g R  2025  10.6   8:00.70 nts	1693208089393
1591946 toao      20   0   39.6g  13.3g   7.4g R  2329  10.6   8:10.78 nts	1693208090094
1591946 toao      20   0   39.6g  13.3g   7.4g S  2624  10.6   8:20.58 nts	1693208090800
1591946 toao      20   0   39.6g  13.3g   7.4g R  1529  10.6   8:31.14 nts	1693208091505
1591946 toao      20   0   39.6g  13.3g   7.4g S 952.9  10.6   8:40.36 nts	1693208092210
1591946 toao      20   0   39.6g  13.3g   7.4g R  2194  10.6   8:51.71 nts	1693208092912
1591946 toao      20   0   39.6g  13.3g   7.4g R  1678  10.6   9:03.64 nts	1693208093612
1591946 toao      20   0   39.6g  13.3g   7.4g S 506.2  10.6   9:13.22 nts	1693208094322
1591946 toao      20   0   39.6g  13.3g   7.4g R 775.0  10.6   9:22.77 nts	1693208095023
1591946 toao      20   0   39.6g  13.3g   7.4g R  2350  10.6   9:34.90 nts	1693208095723
1591946 toao      20   0   39.6g  13.3g   7.4g S  2875  10.6   9:46.37 nts	1693208096423
1591946 toao      20   0   39.6g  13.3g   7.4g R 562.5  10.6   9:55.72 nts	1693208097123
1591946 toao      20   0   39.6g  13.3g   7.4g R  2575  10.6  10:08.26 nts	1693208097824
1591946 toao      20   0   39.6g  13.3g   7.4g S  2624  10.6  10:17.96 nts	1693208098525
1591946 toao      20   0   39.6g  13.3g   7.4g S  2406  10.6  10:28.11 nts	1693208099227
1591946 toao      20   0   39.6g  13.3g   7.4g R  1076  10.6  10:38.60 nts	1693208099928
1591946 toao      20   0   39.6g  13.3g   7.4g R  1412  10.6  10:48.12 nts	1693208100627
1591946 toao      20   0   39.6g  13.3g   7.4g R  1165  10.6  10:57.53 nts	1693208101330
1591946 toao      20   0   39.6g  13.3g   7.4g R  1035  10.6  11:06.63 nts	1693208102029
1591946 toao      20   0   39.6g  13.3g   7.4g R  1818  10.6  11:18.44 nts	1693208102727
1591946 toao      20   0   39.6g  13.3g   7.4g S  2588  10.6  11:29.39 nts	1693208103437
1591946 toao      20   0   39.6g  13.3g   7.4g S  2638  10.6  11:40.37 nts	1693208104142
1591946 toao      20   0   39.6g  13.3g   7.4g S  1059  10.6  11:51.26 nts	1693208104844
1591946 toao      20   0   39.6g  13.3g   7.4g R 435.3  10.6  12:00.43 nts	1693208105548
1591946 toao      20   0   39.6g  13.3g   7.4g R 705.9  10.6  12:10.76 nts	1693208106250
1591946 toao      20   0   39.6g  13.3g   7.4g R  1465  10.6  12:21.49 nts	1693208106953
1591946 toao      20   0   39.6g  13.3g   7.4g R  1611  10.6  12:34.85 nts	1693208107660
1591946 toao      20   0   39.6g  13.3g   7.4g R  1224  10.6  12:44.90 nts	1693208108367
1591946 toao      20   0   39.6g  13.3g   7.4g R 317.6  10.6  12:54.53 nts	1693208109067
1591946 toao      20   0   39.6g  13.3g   7.4g R  2229  10.6  13:06.46 nts	1693208109771
1591946 toao      20   0   39.6g  13.3g   7.4g S  2559  10.6  13:16.56 nts	1693208110475
1591946 toao      20   0   39.6g  13.3g   7.4g R  1665  10.6  13:28.15 nts	1693208111179
1591946 toao      20   0   39.6g  13.3g   7.4g R 788.2  10.6  13:37.07 nts	1693208111880
1591946 toao      20   0   39.6g  13.3g   7.4g R  2647  10.6  13:49.64 nts	1693208112580
1591946 toao      20   0   39.6g  13.3g   7.4g R  1825  10.6  14:01.44 nts	1693208113284
1591946 toao      20   0   39.6g  13.3g   7.4g R  1400  10.6  14:11.12 nts	1693208113983
1591946 toao      20   0   39.6g  13.3g   7.4g R  1281  10.6  14:20.54 nts	1693208114683
1591946 toao      20   0   89.8g  14.2g   8.3g S 100.0  11.3  14:23.48 nts	1693208115384
1591946 toao      20   0   92.0g  15.1g   9.2g R 200.0  12.0  14:24.83 nts	1693208116092
1591946 toao      20   0   95.8g  16.7g  10.8g R 200.0  13.3  14:26.23 nts	1693208116797
1591946 toao      20   0   98.7g  16.9g  11.0g S 388.2  13.4  14:28.44 nts	1693208117499
1591946 toao      20   0  102.9g  16.9g  11.0g S 400.0  13.5  14:34.13 nts	1693208118200
1591946 toao      20   0  103.8g  16.9g  11.0g S 312.5  13.5  14:38.20 nts	1693208118904
1591946 toao      20   0  103.8g  16.9g  11.0g S 394.1  13.5  14:42.45 nts	1693208119606
1591946 toao      20   0  106.5g  16.9g  11.0g S 305.9  13.5  14:46.65 nts	1693208120307
1591946 toao      20   0  107.3g  16.9g  11.0g S 276.5  13.5  14:50.88 nts	1693208121008
1591946 toao      20   0  110.7g  16.9g  11.0g S 235.3  13.5  14:55.26 nts	1693208121710
1591946 toao      20   0  110.7g  16.9g  11.0g S  1194  13.5  14:59.59 nts	1693208122411
1591946 toao      20   0  110.7g  16.9g  11.0g S  1488  13.5  15:03.93 nts	1693208123112
1591946 toao      20   0  110.7g  16.9g  11.0g S  1476  13.5  15:08.46 nts	1693208123811
1591946 toao      20   0  111.3g  16.9g  11.0g S 764.7  13.5  15:11.59 nts	1693208124516
1591946 toao      20   0  110.7g  16.9g  11.0g S  1424  13.5  15:17.05 nts	1693208125219
1591946 toao      20   0  110.7g  16.9g  11.0g S 394.1  13.5  15:19.52 nts	1693208125920
1591946 toao      20   0  110.7g  16.9g  11.0g S 388.2  13.5  15:24.02 nts	1693208126619
1591946 toao      20   0  110.7g  16.9g  11.0g S 400.0  13.5  15:28.34 nts	1693208127318
1591946 toao      20   0  110.7g  16.9g  11.0g S 418.8  13.5  15:32.64 nts	1693208128023
1591946 toao      20   0  110.7g  16.9g  11.0g S 400.0  13.5  15:36.88 nts	1693208128723
1591946 toao      20   0  110.7g  16.9g  11.0g S 400.0  13.5  15:41.05 nts	1693208129427
1591946 toao      20   0  110.7g  16.9g  11.0g S 405.9  13.5  15:45.32 nts	1693208130128
1591946 toao      20   0  110.7g  16.9g  11.0g S 400.0  13.5  15:49.59 nts	1693208130829
1591946 toao      20   0  110.7g  16.9g  11.0g S 400.0  13.5  15:53.92 nts	1693208131532
1591946 toao      20   0  110.7g  16.9g  11.0g S 400.0  13.5  15:58.37 nts	1693208132235
1591946 toao      20   0  110.7g  16.9g  11.0g S 329.4  13.5  16:02.66 nts	1693208132939
1591946 toao      20   0  110.7g  16.9g  11.0g S 294.1  13.5  16:06.96 nts	1693208133644
1591946 toao      20   0  110.7g  16.9g  11.0g S 211.8  13.5  16:11.18 nts	1693208134347
1591946 toao      20   0  110.7g  16.9g  11.0g S 982.4  13.5  16:15.71 nts	1693208135047
1591946 toao      20   0  110.7g  16.9g  11.0g S  1376  13.5  16:20.00 nts	1693208135748
1591946 toao      20   0  110.7g  16.9g  11.0g S  1429  13.5  16:24.44 nts	1693208136451
1591946 toao      20   0  110.7g  16.9g  11.0g S 852.9  13.5  16:28.58 nts	1693208137154
1591946 toao      20   0  110.7g  16.9g  11.0g S  1371  13.5  16:32.96 nts	1693208137856
1591946 toao      20   0  110.7g  16.9g  11.0g S  1459  13.5  16:37.34 nts	1693208138558
1591946 toao      20   0  110.7g  16.9g  11.0g S  1435  13.5  16:41.59 nts	1693208139259
1591946 toao      20   0  110.7g  16.9g  11.0g S  1176  13.5  16:45.35 nts	1693208139959
1591946 toao      20   0  110.7g  16.9g  11.0g S 400.0  13.5  16:48.28 nts	1693208140663
1591946 toao      20   0  110.7g  16.9g  11.0g S 400.0  13.5  16:52.59 nts	1693208141367
1591946 toao      20   0  110.7g  16.9g  11.0g S 405.9  13.5  16:56.84 nts	1693208142067
1591946 toao      20   0  110.7g  16.9g  11.0g S 405.9  13.5  17:00.98 nts	1693208142770
1591946 toao      20   0  110.7g  16.9g  11.0g S 388.2  13.5  17:05.26 nts	1693208143471
1591946 toao      20   0  110.7g  16.9g  11.0g S 394.1  13.5  17:09.73 nts	1693208144174
1591946 toao      20   0  110.7g  16.9g  11.0g S 300.0  13.5  17:14.09 nts	1693208144879
1591946 toao      20   0  110.7g  16.9g  11.0g S 323.5  13.5  17:18.41 nts	1693208145579
1591946 toao      20   0  110.7g  16.9g  11.0g S 237.5  13.5  17:22.69 nts	1693208146283
1591946 toao      20   0  110.7g  16.9g  11.0g S 237.5  13.5  17:26.84 nts	1693208146983
1591946 toao      20   0  110.7g  16.9g  11.0g S  1475  13.5  17:31.24 nts	1693208147683
1591946 toao      20   0  110.7g  16.9g  11.0g S  1406  13.5  17:35.61 nts	1693208148383
1591946 toao      20   0  110.7g  16.9g  11.0g S  1476  13.5  17:39.95 nts	1693208149087
1591946 toao      20   0  111.2g  16.9g  11.0g S  1012  13.5  17:43.51 nts	1693208149787
1591946 toao      20   0  110.7g  16.9g  11.0g S  1367  13.5  17:48.62 nts	1693208150489
1591946 toao      20   0  110.7g  16.9g  11.0g S  1412  13.5  17:53.02 nts	1693208151196
1591946 toao      20   0  110.7g  16.9g  11.0g S  1435  13.5  17:57.35 nts	1693208151899
1591946 toao      20   0  110.7g  16.9g  11.0g S  1200  13.5  18:01.18 nts	1693208152604
1591946 toao      20   0  110.7g  16.9g  11.0g S 400.0  13.5  18:04.05 nts	1693208153307
1591946 toao      20   0  110.7g  16.9g  11.0g S 405.9  13.5  18:08.44 nts	1693208154011
1591946 toao      20   0  110.7g  16.9g  11.0g S 425.0  13.5  18:12.66 nts	1693208154712
1591946 toao      20   0  110.7g  16.9g  11.0g S 425.0  13.5  18:16.99 nts	1693208155414
1591946 toao      20   0  110.7g  16.9g  11.0g S 405.9  13.5  18:21.42 nts	1693208156114
1591946 toao      20   0  110.7g  16.9g  11.0g S 382.4  13.5  18:25.75 nts	1693208156815
1591946 toao      20   0  110.7g  16.9g  11.0g S 382.4  13.5  18:30.01 nts	1693208157515
1591946 toao      20   0  110.7g  16.9g  11.0g S 394.1  13.5  18:34.36 nts	1693208158217
1591946 toao      20   0  110.7g  16.9g  11.0g S 276.5  13.5  18:38.59 nts	1693208158918
1591946 toao      20   0  110.7g  16.9g  11.0g S 235.3  13.5  18:42.99 nts	1693208159619
1591946 toao      20   0  110.7g  16.9g  11.0g S 541.2  13.5  18:47.32 nts	1693208160323
1591946 toao      20   0  110.7g  16.9g  11.0g S  1412  13.5  18:51.73 nts	1693208161026
1591946 toao      20   0  110.7g  16.9g  11.0g S  1006  13.5  18:55.97 nts	1693208161731
1591946 toao      20   0  110.7g  16.9g  11.0g S  1459  13.5  19:00.48 nts	1693208162435
1591946 toao      20   0  110.7g  16.9g  11.0g S  1471  13.5  19:04.86 nts	1693208163135
1591946 toao      20   0  110.7g  16.9g  11.0g S  1441  13.5  19:09.07 nts	1693208163837
1591946 toao      20   0  112.0g  16.9g  11.0g S 970.6  13.5  19:12.51 nts	1693208164540
1591946 toao      20   0  113.0g  16.9g  11.0g S 394.1  13.5  19:15.97 nts	1693208165239
1591946 toao      20   0  113.0g  16.9g  11.0g S 400.0  13.5  19:20.27 nts	1693208165939
1591946 toao      20   0  126.4g  16.9g  11.0g S  1029  13.5  19:25.67 nts	1693208166639
1591946 toao      20   0  126.7g  16.9g  11.0g S 376.5  13.5  19:28.55 nts	1693208167344
1591946 toao      20   0  127.3g  16.9g  11.0g S 376.5  13.5  19:32.70 nts	1693208168047
1591946 toao      20   0  127.9g  16.9g  11.0g S 425.0  13.5  19:36.93 nts	1693208168744
1591946 toao      20   0  127.9g  16.9g  11.0g S 388.2  13.5  19:41.27 nts	1693208169447
1591946 toao      20   0  127.9g  16.9g  11.0g S 400.0  13.5  19:45.58 nts	1693208170145
1591946 toao      20   0  127.9g  16.9g  11.0g S 358.8  13.5  19:49.80 nts	1693208170852
1591946 toao      20   0  127.9g  16.9g  11.0g S 270.6  13.5  19:54.24 nts	1693208171556
1591946 toao      20   0  127.9g  16.9g  11.0g S 247.1  13.5  19:58.65 nts	1693208172258
1591946 toao      20   0  127.9g  16.9g  11.0g S 235.3  13.5  20:02.93 nts	1693208172959
1591946 toao      20   0  127.9g  16.9g  11.0g S  1341  13.5  20:07.28 nts	1693208173659
1591946 toao      20   0  127.9g  16.9g  11.0g S  1406  13.5  20:11.57 nts	1693208174359
1591946 toao      20   0  127.9g  16.9g  11.0g S  1400  13.5  20:15.90 nts	1693208175060
1591946 toao      20   0  127.9g  16.9g  11.0g S  1575  13.5  20:20.34 nts	1693208175762
1591946 toao      20   0  127.9g  16.9g  11.0g S  1544  13.5  20:24.60 nts	1693208176463
1591946 toao      20   0  127.9g  16.9g  11.0g S  1447  13.5  20:28.85 nts	1693208177164
1591946 toao      20   0  128.5g  16.9g  11.0g S 488.2  13.5  20:31.54 nts	1693208177866
1591946 toao      20   0  127.9g  16.9g  11.0g S 400.0  13.5  20:35.72 nts	1693208178567
1591946 toao      20   0  127.9g  16.9g  11.0g S 394.1  13.5  20:39.87 nts	1693208179267
1591946 toao      20   0  127.9g  16.9g  11.0g S 405.9  13.5  20:44.15 nts	1693208179968
1591946 toao      20   0  127.9g  16.9g  11.0g S 400.0  13.5  20:48.42 nts	1693208180672
1591946 toao      20   0  127.9g  16.9g  11.0g S 400.0  13.5  20:52.68 nts	1693208181372
1591946 toao      20   0  127.9g  16.9g  11.0g S 400.0  13.5  20:56.96 nts	1693208182071
1591946 toao      20   0  127.9g  16.9g  11.0g S 382.4  13.5  21:01.42 nts	1693208182771
1591946 toao      20   0  127.9g  16.9g  11.0g S 394.1  13.5  21:05.94 nts	1693208183471
1591946 toao      20   0  127.9g  16.9g  11.0g S 300.0  13.5  21:10.43 nts	1693208184170
1591946 toao      20   0  127.9g  16.9g  11.0g S 223.5  13.5  21:14.74 nts	1693208184872
1591946 toao      20   0  127.9g  16.9g  11.0g S  1112  13.5  21:19.09 nts	1693208185572
1591946 toao      20   0  127.9g  16.9g  11.0g S  1394  13.5  21:23.47 nts	1693208186271
1591946 toao      20   0  127.9g  16.9g  11.0g S 311.8  13.5  21:27.71 nts	1693208186971
1591946 toao      20   0  127.9g  16.9g  11.0g S  1450  13.5  21:32.03 nts	1693208187673
1591946 toao      20   0  127.9g  16.9g  11.0g S  1424  13.5  21:36.39 nts	1693208188377
1591946 toao      20   0  127.9g  16.9g  11.0g S  1412  13.5  21:40.70 nts	1693208189082
1591946 toao      20   0  127.9g  16.9g  11.0g S  1476  13.5  21:45.11 nts	1693208189787
1591946 toao      20   0  128.5g  16.9g  11.0g S 500.0  13.5  21:47.70 nts	1693208190486
1591946 toao      20   0  127.9g  16.9g  11.0g S 394.1  13.5  21:51.70 nts	1693208191192
1591946 toao      20   0  127.9g  16.9g  11.0g S 431.2  13.5  21:55.92 nts	1693208191892
1591946 toao      20   0  127.9g  16.9g  11.0g S 388.2  13.5  22:00.09 nts	1693208192591
1591946 toao      20   0  127.9g  16.9g  11.0g S 394.1  13.5  22:04.37 nts	1693208193291
1591946 toao      20   0  127.9g  16.9g  11.0g S 341.2  13.5  22:08.51 nts	1693208193991
1591946 toao      20   0  127.9g  16.9g  11.0g S 335.3  13.5  22:13.02 nts	1693208194691
1591946 toao      20   0  127.9g  16.9g  11.0g S 376.5  13.5  22:17.56 nts	1693208195391
1591946 toao      20   0  127.9g  16.9g  11.0g S 288.2  13.5  22:21.92 nts	1693208196091
1591946 toao      20   0  127.9g  16.9g  11.0g S 300.0  13.5  22:26.44 nts	1693208196791
1591946 toao      20   0  127.9g  16.9g  11.0g S  1062  13.5  22:30.89 nts	1693208197495
1591946 toao      20   0  127.9g  16.9g  11.0g S  1382  13.5  22:35.21 nts	1693208198195
1591946 toao      20   0  127.9g  16.9g  11.0g S  1418  13.5  22:39.55 nts	1693208198899
1591946 toao      20   0  128.5g  16.9g  11.0g S 547.1  13.5  22:42.32 nts	1693208199598
1591946 toao      20   0  128.5g  16.9g  11.0g S 547.1  13.5  22:46.63 nts	1693208200301
1591946 toao      20   0  127.9g  16.9g  11.0g S  1594  13.5  22:52.53 nts	1693208201003
1591946 toao      20   0  128.5g  16.9g  11.0g S 781.2  13.5  22:55.51 nts	1693208201704
1591946 toao      20   0  127.9g  16.9g  11.0g S 394.1  13.5  22:59.19 nts	1693208202406
1591946 toao      20   0  127.9g  16.9g  11.0g S 388.2  13.5  23:03.64 nts	1693208203104
1591946 toao      20   0  127.9g  16.9g  11.0g S 400.0  13.5  23:07.93 nts	1693208203811
1591946 toao      20   0  127.9g  16.9g  11.0g S 400.0  13.5  23:12.28 nts	1693208204510
1591946 toao      20   0  127.9g  16.9g  11.0g S 400.0  13.5  23:16.59 nts	1693208205215
1591946 toao      20   0  127.9g  16.9g  11.0g S 400.0  13.5  23:20.79 nts	1693208205919
1591946 toao      20   0  127.9g  16.9g  11.0g S 400.0  13.5  23:25.12 nts	1693208206618
1591946 toao      20   0  127.9g  16.9g  11.0g S 400.0  13.5  23:29.40 nts	1693208207323
1591946 toao      20   0  127.9g  16.9g  11.0g S 235.3  13.5  23:33.63 nts	1693208208022
1591946 toao      20   0  127.9g  16.9g  11.0g S 318.8  13.5  23:38.04 nts	1693208208723
1591946 toao      20   0  127.9g  16.9g  11.0g S 225.0  13.5  23:42.35 nts	1693208209423
1591946 toao      20   0  127.9g  16.9g  11.0g S 764.7  13.5  23:46.68 nts	1693208210124
1591946 toao      20   0  127.9g  16.9g  11.0g S  1400  13.5  23:51.15 nts	1693208210828
1591946 toao      20   0  127.9g  16.9g  11.0g S  1353  13.5  23:55.39 nts	1693208211528
1591946 toao      20   0  127.9g  16.9g  11.0g S  1476  13.5  23:59.76 nts	1693208212228
1591946 toao      20   0  127.9g  16.9g  11.0g S  1118  13.5  24:03.56 nts	1693208212931
1591946 toao      20   0  128.5g  16.9g  11.0g S 905.9  13.5  24:07.51 nts	1693208213631
1591946 toao      20   0  128.5g  16.9g  11.0g S 543.8  13.5  24:11.14 nts	1693208214336
1591946 toao      20   0  129.5g  16.9g  11.0g S 418.8  13.5  24:15.21 nts	1693208215035
1591946 toao      20   0  129.5g  16.9g  11.0g S 431.2  13.5  24:19.53 nts	1693208215732
1591946 toao      20   0  139.2g  16.9g  11.0g S  1525  13.5  24:25.57 nts	1693208216434
1591946 toao      20   0  139.2g  16.9g  11.0g S 394.1  13.5  24:27.74 nts	1693208217135
1591946 toao      20   0  139.8g  16.9g  11.0g S 388.2  13.5  24:32.14 nts	1693208217835
1591946 toao      20   0  139.8g  16.9g  11.0g S 394.1  13.5  24:36.44 nts	1693208218536
1591946 toao      20   0  140.5g  16.9g  11.0g S 400.0  13.5  24:40.79 nts	1693208219235
1591946 toao      20   0  140.5g  16.9g  11.0g S 400.0  13.5  24:45.15 nts	1693208219936
1591946 toao      20   0  140.5g  16.9g  11.0g S 352.9  13.5  24:49.40 nts	1693208220640
1591946 toao      20   0  140.5g  16.9g  11.0g S 270.6  13.5  24:53.67 nts	1693208221340
1591946 toao      20   0  140.5g  16.9g  11.0g S 231.2  13.5  24:57.99 nts	1693208222045
1591946 toao      20   0  140.5g  16.9g  11.0g S 968.8  13.5  25:02.28 nts	1693208222743
1591946 toao      20   0  140.5g  16.9g  11.0g S  1550  13.5  25:06.73 nts	1693208223443
1591946 toao      20   0  140.5g  16.9g  11.0g S  1550  13.5  25:11.07 nts	1693208224144
1591946 toao      20   0  140.5g  16.9g  11.0g S  1600  13.5  25:15.45 nts	1693208224844
1591946 toao      20   0  141.0g  16.9g  11.0g S  1029  13.5  25:18.96 nts	1693208225544
1591946 toao      20   0  141.0g  16.9g  11.0g S  1029  13.5  25:23.39 nts	1693208226247
1591946 toao      20   0  141.0g  16.9g  11.0g S 582.4  13.5  25:26.89 nts	1693208226951
1591946 toao      20   0  140.5g  16.9g  11.0g S 400.0  13.5  25:31.11 nts	1693208227653
1591946 toao      20   0  140.5g  16.9g  11.0g S 400.0  13.5  25:35.45 nts	1693208228358
1591946 toao      20   0  140.5g  16.9g  11.0g S 431.2  13.5  25:39.80 nts	1693208229064
1591946 toao      20   0  140.5g  16.9g  11.0g S 400.0  13.5  25:44.25 nts	1693208229766
1591946 toao      20   0  140.5g  16.9g  11.0g S 411.8  13.5  25:48.54 nts	1693208230472
1591946 toao      20   0  140.5g  16.9g  11.0g S 400.0  13.5  25:52.84 nts	1693208231174
1591946 toao      20   0  140.5g  16.9g  11.0g S 394.1  13.5  25:57.09 nts	1693208231874
1591946 toao      20   0  140.5g  16.9g  11.0g S 388.2  13.5  26:01.38 nts	1693208232575
1591946 toao      20   0  140.5g  16.9g  11.0g S 335.3  13.5  26:05.81 nts	1693208233279
1591946 toao      20   0  140.5g  16.9g  11.0g S 252.9  13.5  26:10.18 nts	1693208233984
1591946 toao      20   0  140.5g  16.9g  11.0g S 276.5  13.5  26:14.46 nts	1693208234686
1591946 toao      20   0  140.5g  16.9g  11.0g S 352.9  13.5  26:19.01 nts	1693208235387
1591946 toao      20   0  140.5g  16.9g  11.0g S  1024  13.5  26:23.45 nts	1693208236091
1591946 toao      20   0  140.5g  16.9g  11.0g S 325.0  13.5  26:27.96 nts	1693208236793
1591946 toao      20   0  140.5g  16.9g  11.0g S 829.4  13.5  26:32.54 nts	1693208237495
1591946 toao      20   0  140.5g  16.9g  11.0g S  1476  13.5  26:37.06 nts	1693208238199
1591946 toao      20   0  140.5g  16.9g  11.0g S  1500  13.5  26:41.60 nts	1693208238902
1591946 toao      20   0  140.5g  16.9g  11.0g S  1488  13.5  26:46.09 nts	1693208239606
1591946 toao      20   0  140.5g  16.9g  11.0g S 388.2  13.5  26:48.53 nts	1693208240307
1591946 toao      20   0  140.5g  16.9g  11.0g S 400.0  13.5  26:52.84 nts	1693208241008
1591946 toao      20   0  140.5g  16.9g  11.0g S 394.1  13.5  26:57.13 nts	1693208241706
1591946 toao      20   0  140.5g  16.9g  11.0g S 400.0  13.5  27:01.49 nts	1693208242411
1591946 toao      20   0  140.5g  16.9g  11.0g S 400.0  13.5  27:05.82 nts	1693208243110
1591946 toao      20   0  140.5g  16.9g  11.0g S 358.8  13.5  27:10.01 nts	1693208243812
1591946 toao      20   0  140.5g  16.9g  11.0g S 323.5  13.5  27:14.40 nts	1693208244515
1591946 toao      20   0  140.5g  16.9g  11.0g S 264.7  13.5  27:18.74 nts	1693208245219
1591946 toao      20   0  140.5g  16.9g  11.0g S 270.6  13.5  27:23.03 nts	1693208245919
1591946 toao      20   0  140.5g  16.9g  11.0g S 281.2  13.5  27:27.47 nts	1693208246623
1591946 toao      20   0  140.5g  16.9g  11.0g S 243.8  13.5  27:31.81 nts	1693208247324
1591946 toao      20   0  140.5g  16.9g  11.0g S 776.5  13.5  27:36.14 nts	1693208248024
1591946 toao      20   0  140.5g  16.9g  11.0g S  1282  13.5  27:40.69 nts	1693208248727
1591946 toao      20   0  140.5g  16.9g  11.0g S  1541  13.5  27:45.22 nts	1693208249431
1591946 toao      20   0  140.5g  16.9g  11.0g S  1459  13.5  27:49.55 nts	1693208250132
1591946 toao      20   0  140.5g  16.9g  11.0g S  1418  13.5  27:53.86 nts	1693208250834
1591946 toao      20   0  140.5g  16.9g  11.0g S  1465  13.5  27:58.22 nts	1693208251539
1591946 toao      20   0  140.5g  16.9g  11.0g S  1453  13.5  28:02.53 nts	1693208252240
1591946 toao      20   0  141.0g  16.9g  11.0g S 668.8  13.5  28:05.38 nts	1693208252944
1591946 toao      20   0  141.0g  16.9g  11.0g S 552.9  13.5  28:09.48 nts	1693208253644
1591946 toao      20   0  140.5g  16.9g  11.0g S 394.1  13.5  28:13.35 nts	1693208254347
1591946 toao      20   0  140.5g  16.9g  11.0g S 394.1  13.5  28:17.78 nts	1693208255048
1591946 toao      20   0  140.5g  16.9g  11.0g S 394.1  13.5  28:22.24 nts	1693208255747
1591946 toao      20   0  140.5g  16.9g  11.0g S 400.0  13.5  28:26.61 nts	1693208256448
1591946 toao      20   0  140.5g  16.9g  11.0g S 394.1  13.5  28:31.02 nts	1693208257152
1591946 toao      20   0  140.5g  16.9g  11.0g S 370.6  13.5  28:35.44 nts	1693208257855
1591946 toao      20   0  140.5g  16.9g  11.0g S 335.3  13.5  28:39.81 nts	1693208258555
1591946 toao      20   0  140.5g  16.9g  11.0g S 235.3  13.5  28:44.15 nts	1693208259260
1591946 toao      20   0  140.5g  16.9g  11.0g S 258.8  13.5  28:48.59 nts	1693208259965
1591946 toao      20   0  140.5g  16.9g  11.0g S 388.2  13.5  28:53.00 nts	1693208260668
1591946 toao      20   0  140.5g  16.9g  11.0g S 266.7  13.5  28:57.49 nts	1693208261371
1591946 toao      20   0  140.5g  16.9g  11.0g S  1365  13.5  29:01.96 nts	1693208262076
1591946 toao      20   0  140.5g  16.9g  11.0g S  1465  13.5  29:06.45 nts	1693208262780
1591946 toao      20   0  140.5g  16.9g  11.0g S  1581  13.5  29:10.92 nts	1693208263483
1591946 toao      20   0  129.5g  16.9g  11.0g S  1400  13.5  29:15.14 nts	1693208264182
1591946 toao      20   0  131.0g  16.9g  11.0g S 400.0  13.5  29:17.31 nts	1693208264887
1591946 toao      20   0  131.3g  16.9g  11.0g S 394.1  13.5  29:21.63 nts	1693208265587
1591946 toao      20   0  130.7g  16.9g  11.0g S 288.2  13.5  29:25.88 nts	1693208266287
1591946 toao      20   0  132.2g  16.9g  11.0g S 412.5  13.5  29:29.90 nts	1693208266992
1591946 toao      20   0  132.8g  16.9g  11.0g S 425.0  13.5  29:34.32 nts	1693208267694
1591946 toao      20   0  132.8g  16.9g  11.0g S 400.0  13.5  29:38.70 nts	1693208268394
1591946 toao      20   0  132.8g  16.9g  11.0g S 400.0  13.5  29:43.01 nts	1693208269095
1591946 toao      20   0  133.5g  16.9g  11.0g S 311.8  13.5  29:47.35 nts	1693208269796
1591946 toao      20   0  133.5g  16.9g  11.0g S 235.3  13.5  29:51.60 nts	1693208270498
1591946 toao      20   0  134.4g  16.9g  11.0g S 688.2  13.5  29:56.01 nts	1693208271203
1591946 toao      20   0  134.4g  16.9g  11.0g S  1512  13.5  30:00.51 nts	1693208271906
1591946 toao      20   0  134.4g  16.9g  11.0g S  1383  13.5  30:05.01 nts	1693208272610
1591946 toao      20   0  134.4g  16.9g  11.0g S  1518  13.5  30:09.44 nts	1693208273321
1591946 toao      20   0  135.0g  16.9g  11.0g S 462.5  13.5  30:12.11 nts	1693208274023
1591946 toao      20   0  135.0g  16.9g  11.0g S 870.6  13.5  30:17.28 nts	1693208274724
1591946 toao      20   0  134.4g  16.9g  11.0g S 400.0  13.5  30:20.95 nts	1693208275427
1591946 toao      20   0  134.4g  16.9g  11.0g S 405.9  13.5  30:25.36 nts	1693208276131
1591946 toao      20   0  134.4g  16.9g  11.0g S 418.8  13.5  30:29.82 nts	1693208276832
1591946 toao      20   0  134.4g  16.9g  11.0g S 400.0  13.5  30:34.26 nts	1693208277532
1591946 toao      20   0  134.4g  16.9g  11.0g S 425.0  13.5  30:38.62 nts	1693208278232
1591946 toao      20   0  134.4g  16.9g  11.0g S 406.2  13.5  30:42.75 nts	1693208278933
1591946 toao      20   0  134.4g  16.9g  11.0g S 370.6  13.5  30:47.02 nts	1693208279634
1591946 toao      20   0  134.7g  16.9g  11.0g S 400.0  13.5  30:51.37 nts	1693208280336
1591946 toao      20   0  134.7g  16.9g  11.0g S 400.0  13.5  30:55.78 nts	1693208281040
1591946 toao      20   0  134.7g  16.9g  11.0g S 352.9  13.5  31:00.13 nts	1693208281739
1591946 toao      20   0  134.7g  16.9g  11.0g S 317.6  13.5  31:04.54 nts	1693208282439
1591946 toao      20   0  134.7g  16.9g  11.0g S 252.9  13.5  31:08.76 nts	1693208283140
1591946 toao      20   0  134.7g  16.9g  11.0g S 288.2  13.5  31:13.39 nts	1693208283840
1591946 toao      20   0  134.7g  16.9g  11.0g S  1506  13.5  31:17.81 nts	1693208284543
1591946 toao      20   0  134.7g  16.9g  11.0g S  1612  13.5  31:22.34 nts	1693208285243
1591946 toao      20   0  134.7g  16.9g  11.0g S  1638  13.5  31:26.86 nts	1693208285944
1591946 toao      20   0  134.7g  16.9g  11.0g S  1512  13.5  31:31.39 nts	1693208286643
1591946 toao      20   0  134.7g  16.9g  11.0g S  1541  13.5  31:36.06 nts	1693208287347
1591946 toao      20   0  134.7g  16.9g  11.0g S  1188  13.5  31:39.94 nts	1693208288051
1591946 toao      20   0  134.7g  16.9g  11.0g S  1512  13.5  31:44.86 nts	1693208288752
1591946 toao      20   0  134.7g  16.9g  11.0g S 425.0  13.5  31:47.38 nts	1693208289454
1591946 toao      20   0  134.7g  16.9g  11.0g S 400.0  13.5  31:51.69 nts	1693208290154
1591946 toao      20   0  134.7g  16.9g  11.0g S 405.9  13.5  31:56.08 nts	1693208290856
1591946 toao      20   0  134.7g  16.9g  11.0g S 400.0  13.5  32:00.39 nts	1693208291558
1591946 toao      20   0  134.7g  16.9g  11.0g S 400.0  13.5  32:04.91 nts	1693208292258
1591946 toao      20   0  134.7g  16.9g  11.0g S 335.3  13.5  32:09.13 nts	1693208292963
1591946 toao      20   0  134.7g  16.9g  11.0g S 205.9  13.5  32:13.27 nts	1693208293666
1591946 toao      20   0  134.7g  16.9g  11.0g S 247.1  13.5  32:17.71 nts	1693208294367
1591946 toao      20   0  134.7g  16.9g  11.0g S 241.2  13.5  32:22.04 nts	1693208295067
1591946 toao      20   0  134.7g  16.9g  11.0g S 505.9  13.5  32:26.43 nts	1693208295768
1591946 toao      20   0  134.7g  16.9g  11.0g S  1562  13.5  32:30.90 nts	1693208296472
1591946 toao      20   0  134.7g  16.9g  11.0g S  1531  13.5  32:35.29 nts	1693208297175
1591946 toao      20   0  134.7g  16.9g  11.0g S  1581  13.5  32:39.70 nts	1693208297874
1591946 toao      20   0  134.7g  16.9g  11.0g S  1150  13.5  32:43.31 nts	1693208298574
1591946 toao      20   0  134.7g  16.9g  11.0g S 431.2  13.5  32:46.44 nts	1693208299274
1591946 toao      20   0  134.7g  16.9g  11.0g S 405.9  13.5  32:50.80 nts	1693208299977
1591946 toao      20   0  134.7g  16.9g  11.0g S 394.1  13.5  32:55.35 nts	1693208300681
1591946 toao      20   0  134.7g  16.9g  11.0g S 388.2  13.5  32:59.67 nts	1693208301383
1591946 toao      20   0  134.7g  16.9g  11.0g S 425.0  13.5  33:04.02 nts	1693208302084
1591946 toao      20   0  134.7g  16.9g  11.0g S 394.1  13.5  33:08.18 nts	1693208302786
1591946 toao      20   0  134.7g  16.9g  11.0g S 405.9  13.5  33:12.51 nts	1693208303491
1591946 toao      20   0  134.7g  16.9g  11.0g S 405.9  13.5  33:17.02 nts	1693208304192
1591946 toao      20   0  134.7g  16.9g  11.0g S 381.2  13.5  33:21.31 nts	1693208304894
1591946 toao      20   0  134.7g  16.9g  11.0g S 352.9  13.5  33:25.79 nts	1693208305595
1591946 toao      20   0  134.7g  16.9g  11.0g S 311.8  13.5  33:30.23 nts	1693208306299
1591946 toao      20   0  134.7g  16.9g  11.0g S 247.1  13.5  33:34.53 nts	1693208306999
1591946 toao      20   0  134.7g  16.9g  11.0g S 223.5  13.5  33:38.64 nts	1693208307700
1591946 toao      20   0  134.7g  16.9g  11.0g S  1118  13.5  33:43.04 nts	1693208308400
1591946 toao      20   0  134.7g  16.9g  11.0g S  1500  13.5  33:47.59 nts	1693208309100
1591946 toao      20   0  135.0g  16.9g  11.0g S  1631  13.5  33:52.15 nts	1693208309803
1591946 toao      20   0  135.6g  16.9g  11.0g S 943.8  13.5  33:55.47 nts	1693208310503
1591946 toao      20   0  135.0g  16.9g  11.0g S  1569  13.5  34:00.79 nts	1693208311203
1591946 toao      20   0  135.0g  16.9g  11.0g S 425.0  13.5  34:03.16 nts	1693208311903
1591946 toao      20   0  135.0g  16.9g  11.0g S 425.0  13.5  34:07.48 nts	1693208312603
1591946 toao      20   0  135.0g  16.9g  11.0g S 431.2  13.5  34:11.76 nts	1693208313304
1591946 toao      20   0  135.0g  16.9g  11.0g S 400.0  13.5  34:16.32 nts	1693208314003
1591946 toao      20   0  136.6g  16.9g  11.0g S 400.0  13.5  34:20.74 nts	1693208314707
1591946 toao      20   0  137.4g  16.9g  11.0g S 394.1  13.5  34:25.03 nts	1693208315407
1591946 toao      20   0  137.4g  16.9g  11.0g S 338.9  13.5  34:29.37 nts	1693208316111
1591946 toao      20   0  136.1g  16.9g  11.0g S 400.0  13.5  34:33.44 nts	1693208316815
1591946 toao      20   0  136.7g  16.9g  11.0g S 311.8  13.5  34:37.67 nts	1693208317519
1591946 toao      20   0  136.7g  16.9g  11.0g S 412.5  13.5  34:41.97 nts	1693208318225
1591946 toao      20   0  137.4g  16.9g  11.0g S 270.6  13.5  34:46.25 nts	1693208318929
1591946 toao      20   0  137.4g  16.9g  11.0g S 243.8  13.5  34:50.59 nts	1693208319635
1591946 toao      20   0  137.4g  16.9g  11.0g S 717.6  13.5  34:55.01 nts	1693208320335
1591946 toao      20   0  137.4g  16.9g  11.0g S  1494  13.5  34:59.49 nts	1693208321036
1591946 toao      20   0  137.9g  16.9g  11.0g S 458.8  13.5  35:01.96 nts	1693208321736
1591946 toao      20   0  137.4g  16.9g  11.0g S 400.0  13.5  35:06.10 nts	1693208322437
1591946 toao      20   0  137.4g  16.9g  11.0g S 400.0  13.5  35:10.36 nts	1693208323140
1591946 toao      20   0  137.4g  16.9g  11.0g S 394.1  13.5  35:14.61 nts	1693208323844
1591946 toao      20   0  137.4g  16.9g  11.0g S 400.0  13.5  35:19.14 nts	1693208324548
1591946 toao      20   0  137.4g  16.9g  11.0g S 394.1  13.5  35:23.49 nts	1693208325246
1591946 toao      20   0  137.4g  16.9g  11.0g S 400.0  13.5  35:27.85 nts	1693208325947
1591946 toao      20   0  137.4g  16.9g  11.0g S 400.0  13.5  35:32.35 nts	1693208326647
1591946 toao      20   0  137.4g  16.9g  11.0g S 394.1  13.5  35:36.66 nts	1693208327347
1591946 toao      20   0  137.4g  16.9g  11.0g S 394.1  13.5  35:41.00 nts	1693208328047
1591946 toao      20   0  137.4g  16.9g  11.0g S 364.7  13.5  35:45.27 nts	1693208328748
1591946 toao      20   0  137.4g  16.9g  11.0g S 364.7  13.5  35:49.47 nts	1693208329448
1591946 toao      20   0  137.4g  16.9g  11.0g S 300.0  13.5  35:53.73 nts	1693208330150
1591946 toao      20   0  137.4g  16.9g  11.0g S 288.2  13.5  35:57.97 nts	1693208330851
1591946 toao      20   0  137.4g  16.9g  11.0g S 247.1  13.5  36:02.37 nts	1693208331553
1591946 toao      20   0  137.4g  16.9g  11.0g S 600.0  13.5  36:06.71 nts	1693208332256
1591946 toao      20   0  137.4g  16.9g  11.0g S  1382  13.5  36:10.98 nts	1693208332958
1591946 toao      20   0  137.4g  16.9g  11.0g S  1631  13.5  36:15.47 nts	1693208333663
1591946 toao      20   0  137.9g  16.9g  11.0g S 476.5  13.5  36:18.22 nts	1693208334367
1591946 toao      20   0  137.4g  16.9g  11.0g S 400.0  13.5  36:22.10 nts	1693208335072
1591946 toao      20   0  137.4g  16.9g  11.0g S 405.9  13.5  36:26.46 nts	1693208335776
1591946 toao      20   0  137.4g  16.9g  11.0g S 400.0  13.5  36:30.87 nts	1693208336476
1591946 toao      20   0  137.4g  16.9g  11.0g S 400.0  13.5  36:35.31 nts	1693208337176
1591946 toao      20   0  137.4g  16.9g  11.0g S 400.0  13.5  36:39.68 nts	1693208337878
1591946 toao      20   0  137.4g  16.9g  11.0g S 400.0  13.5  36:44.08 nts	1693208338578
1591946 toao      20   0  137.4g  16.9g  11.0g S 400.0  13.5  36:48.24 nts	1693208339279
1591946 toao      20   0  137.4g  16.9g  11.0g S 400.0  13.5  36:52.61 nts	1693208339983
1591946 toao      20   0  137.4g  16.9g  11.0g S 376.5  13.5  36:57.04 nts	1693208340687
1591946 toao      20   0  137.4g  16.9g  11.0g S 358.8  13.5  37:01.30 nts	1693208341391
1591946 toao      20   0  137.4g  16.9g  11.0g S 264.7  13.5  37:05.60 nts	1693208342091
1591946 toao      20   0  137.4g  16.9g  11.0g S 223.5  13.5  37:09.93 nts	1693208342791
1591946 toao      20   0  137.4g  16.9g  11.0g S  1400  13.5  37:14.35 nts	1693208343492
1591946 toao      20   0  137.4g  16.9g  11.0g S  1506  13.5  37:18.70 nts	1693208344192
1591946 toao      20   0  137.4g  16.9g  11.0g S  1453  13.5  37:22.96 nts	1693208344897
1591946 toao      20   0  137.4g  16.9g  11.0g S  1435  13.5  37:27.17 nts	1693208345603
1591946 toao      20   0  137.9g  16.9g  11.0g S 711.8  13.5  37:30.20 nts	1693208346307
1591946 toao      20   0  137.4g  16.9g  11.0g S 372.2  13.5  37:33.94 nts	1693208347011
1591946 toao      20   0  137.4g  16.9g  11.0g S 394.1  13.5  37:38.27 nts	1693208347716
1591946 toao      20   0  137.4g  16.9g  11.0g S 425.0  13.5  37:42.80 nts	1693208348423
1591946 toao      20   0  137.4g  16.9g  11.0g S 425.0  13.5  37:47.03 nts	1693208349123
1591946 toao      20   0  137.4g  16.9g  11.0g S 412.5  13.5  37:51.38 nts	1693208349823
1591946 toao      20   0  137.4g  16.9g  11.0g S 394.1  13.5  37:55.70 nts	1693208350529
1591946 toao      20   0  137.4g  16.9g  11.0g S 400.0  13.5  37:59.95 nts	1693208351235
1591946 toao      20   0  137.4g  16.9g  11.0g S 376.5  13.5  38:04.22 nts	1693208351935
1591946 toao      20   0  137.4g  16.9g  11.0g S 376.5  13.5  38:08.45 nts	1693208352635
1591946 toao      20   0  137.4g  16.9g  11.0g S 329.4  13.5  38:12.84 nts	1693208353339
1591946 toao      20   0  137.4g  16.9g  11.0g S 335.3  13.5  38:17.09 nts	1693208354039
1591946 toao      20   0  137.4g  16.9g  11.0g S 252.9  13.5  38:21.48 nts	1693208354740
1591946 toao      20   0  137.4g  16.9g  11.0g S 256.2  13.5  38:25.83 nts	1693208355443
1591946 toao      20   0  137.4g  16.9g  11.0g S  1394  13.5  38:30.21 nts	1693208356143
1591946 toao      20   0  137.4g  16.9g  11.0g S  1459  13.5  38:34.62 nts	1693208356848
1591946 toao      20   0  137.4g  16.9g  11.0g S  1529  13.5  38:38.99 nts	1693208357548
1591946 toao      20   0  137.9g  16.9g  11.0g S 647.1  13.5  38:41.93 nts	1693208358248
1591946 toao      20   0  137.4g  16.9g  11.0g S 400.0  13.5  38:45.75 nts	1693208358947
1591946 toao      20   0  137.4g  16.9g  11.0g S 400.0  13.5  38:50.09 nts	1693208359652
1591946 toao      20   0  137.4g  16.9g  11.0g S 400.0  13.5  38:54.42 nts	1693208360355
1591946 toao      20   0  137.4g  16.9g  11.0g S 405.9  13.5  38:58.83 nts	1693208361059
1591946 toao      20   0  137.4g  16.9g  11.0g S 388.2  13.5  39:03.23 nts	1693208361760
1591946 toao      20   0  137.4g  16.9g  11.0g S 425.0  13.5  39:07.52 nts	1693208362463
1591946 toao      20   0  137.4g  16.9g  11.0g S 405.9  13.5  39:12.12 nts	1693208363163
1591946 toao      20   0  137.4g  16.9g  11.0g S 388.2  13.5  39:16.56 nts	1693208363868
1591946 toao      20   0  137.4g  16.9g  11.0g S 311.8  13.5  39:20.73 nts	1693208364570
1591946 toao      20   0  137.4g  16.9g  11.0g S 258.8  13.5  39:25.06 nts	1693208365275
1591946 toao      20   0  137.4g  16.9g  11.0g S 235.3  13.5  39:29.42 nts	1693208365976
1591946 toao      20   0  136.8g  16.9g  11.0g S 305.9  13.5  39:33.40 nts	1693208366679
1591946 toao      20   0  137.5g  16.9g  11.0g S 318.8  13.5  39:37.64 nts	1693208367384
1591946 toao      20   0  138.1g  16.9g  11.0g S 218.8  13.5  39:41.79 nts	1693208368084
1591946 toao      20   0  138.1g  16.9g  11.0g S 218.8  13.5  39:46.14 nts	1693208368784
1591946 toao      20   0  138.1g  16.9g  11.0g S 993.8  13.5  39:50.46 nts	1693208369482
1591946 toao      20   0  138.1g  16.9g  11.0g S  1435  13.5  39:54.89 nts	1693208370183
1591946 toao      20   0  138.6g  16.9g  11.0g S 558.8  13.5  39:57.67 nts	1693208370887
1591946 toao      20   0  138.1g  16.9g  11.0g S 382.4  13.5  40:01.68 nts	1693208371588
1591946 toao      20   0  138.1g  16.9g  11.0g S 388.2  13.5  40:06.10 nts	1693208372287
1591946 toao      20   0  138.1g  16.9g  11.0g S 400.0  13.5  40:10.44 nts	1693208372984
1591946 toao      20   0  138.1g  16.9g  11.0g S 400.0  13.5  40:14.80 nts	1693208373688
1591946 toao      20   0  138.1g  16.9g  11.0g S 400.0  13.5  40:19.35 nts	1693208374390
1591946 toao      20   0  138.1g  16.9g  11.0g S 400.0  13.5  40:23.73 nts	1693208375091
1591946 toao      20   0  138.1g  16.9g  11.0g S 376.5  13.5  40:28.04 nts	1693208375792
1591946 toao      20   0  138.1g  16.9g  11.0g S 405.9  13.5  40:32.45 nts	1693208376492
1591946 toao      20   0  138.1g  16.9g  11.0g S 370.6  13.5  40:36.85 nts	1693208377200
1591946 toao      20   0  138.1g  16.9g  11.0g S 387.5  13.5  40:41.25 nts	1693208377902
1591946 toao      20   0  138.1g  16.9g  11.0g S 352.9  13.5  40:45.62 nts	1693208378603
1591946 toao      20   0  138.1g  16.9g  11.0g S 323.5  13.5  40:49.92 nts	1693208379307
1591946 toao      20   0  138.1g  16.9g  11.0g S 282.4  13.5  40:54.25 nts	1693208380007
1591946 toao      20   0  138.1g  16.9g  11.0g S 205.9  13.5  40:58.54 nts	1693208380708
1591946 toao      20   0  138.1g  16.9g  11.0g S 864.7  13.5  41:02.89 nts	1693208381408
1591946 toao      20   0  138.1g  16.9g  11.0g S  1465  13.5  41:07.27 nts	1693208382107
1591946 toao      20   0  138.1g  16.9g  11.0g S  1541  13.5  41:11.75 nts	1693208382811
1591946 toao      20   0  138.6g  16.9g  11.0g S 705.9  13.5  41:14.66 nts	1693208383510
1591946 toao      20   0  138.1g  16.9g  11.0g S 405.9  13.5  41:18.36 nts	1693208384211
1591946 toao      20   0  138.1g  16.9g  11.0g S 411.8  13.5  41:22.71 nts	1693208384914
1591946 toao      20   0  138.1g  16.9g  11.0g S 400.0  13.5  41:27.04 nts	1693208385625
1591946 toao      20   0  138.1g  16.9g  11.0g S 400.0  13.5  41:31.42 nts	1693208386332
1591946 toao      20   0  138.1g  16.9g  11.0g S 431.2  13.5  41:35.71 nts	1693208387032
1591946 toao      20   0  138.1g  16.9g  11.0g S 418.8  13.5  41:40.02 nts	1693208387732
1591946 toao      20   0  138.1g  16.9g  11.0g S 388.2  13.5  41:44.52 nts	1693208388435
1591946 toao      20   0  138.1g  16.9g  11.0g S 400.0  13.5  41:48.86 nts	1693208389136
1591946 toao      20   0  138.1g  16.9g  11.0g S 394.1  13.5  41:53.35 nts	1693208389840
1591946 toao      20   0  138.1g  16.9g  11.0g S 394.1  13.5  41:57.74 nts	1693208390544
1591946 toao      20   0  138.1g  16.9g  11.0g S 329.4  13.5  42:02.09 nts	1693208391246
1591946 toao      20   0  138.1g  16.9g  11.0g S 252.9  13.5  42:06.45 nts	1693208391948
1591946 toao      20   0  138.1g  16.9g  11.0g S 605.9  13.5  42:10.91 nts	1693208392650
1591946 toao      20   0  138.1g  16.9g  11.0g S  1394  13.5  42:15.34 nts	1693208393355
1591946 toao      20   0  138.1g  16.9g  11.0g S  1353  13.5  42:19.57 nts	1693208394055
1591946 toao      20   0  138.1g  16.9g  11.0g S  1494  13.5  42:24.26 nts	1693208394758
1591946 toao      20   0  138.6g  16.9g  11.0g S 706.2  13.5  42:27.18 nts	1693208395462
1591946 toao      20   0  138.1g  16.9g  11.0g S 400.0  13.5  42:31.11 nts	1693208396163
1591946 toao      20   0  138.1g  16.9g  11.0g S 388.2  13.5  42:35.43 nts	1693208396866
1591946 toao      20   0  138.1g  16.9g  11.0g S 394.1  13.5  42:39.75 nts	1693208397570
1591946 toao      20   0  138.1g  16.9g  11.0g S 394.1  13.5  42:44.34 nts	1693208398282
1591946 toao      20   0  138.1g  16.9g  11.0g S 394.1  13.5  42:48.83 nts	1693208398983
1591946 toao      20   0  138.1g  16.9g  11.0g S 305.9  13.5  42:53.04 nts	1693208399687
1591946 toao      20   0  138.1g  16.9g  11.0g S 382.4  13.5  42:57.43 nts	1693208400390
1591946 toao      20   0  138.1g  16.9g  11.0g S 400.0  13.5  43:01.96 nts	1693208401086
1591946 toao      20   0  138.1g  16.9g  11.0g S 376.5  13.5  43:06.33 nts	1693208401787
1591946 toao      20   0  138.1g  16.9g  11.0g S 382.4  13.5  43:10.76 nts	1693208402487
1591946 toao      20   0  138.1g  16.9g  11.0g S 317.6  13.5  43:15.28 nts	1693208403187
1591946 toao      20   0  138.1g  16.9g  11.0g S 282.4  13.5  43:19.59 nts	1693208403887
1591946 toao      20   0  138.1g  16.9g  11.0g S 256.2  13.5  43:23.82 nts	1693208404582
1591946 toao      20   0  138.1g  16.9g  11.0g S 247.1  13.5  43:28.18 nts	1693208405283
1591946 toao      20   0  138.1g  16.9g  11.0g S  1481  13.5  43:32.61 nts	1693208405992
1591946 toao      20   0  138.1g  16.9g  11.0g S  1459  13.5  43:37.02 nts	1693208406692
1591946 toao      20   0  138.1g  16.9g  11.0g S  1435  13.5  43:41.28 nts	1693208407391
1591946 toao      20   0  138.6g  16.9g  11.0g S 635.3  13.5  43:44.19 nts	1693208408091
1591946 toao      20   0  138.1g  16.9g  11.0g S 400.0  13.5  43:48.05 nts	1693208408792
1591946 toao      20   0  138.1g  16.9g  11.0g S 394.1  13.5  43:52.54 nts	1693208409494
1591946 toao      20   0  138.1g  16.9g  11.0g S 400.0  13.5  43:56.79 nts	1693208410195
1591946 toao      20   0  138.1g  16.9g  11.0g S 394.1  13.5  44:01.14 nts	1693208410895
1591946 toao      20   0  138.1g  16.9g  11.0g S 400.0  13.5  44:05.41 nts	1693208411594
1591946 toao      20   0  138.1g  16.9g  11.0g S 405.9  13.5  44:09.90 nts	1693208412295
1591946 toao      20   0  138.1g  16.9g  11.0g S 358.8  13.5  44:14.21 nts	1693208412996
1591946 toao      20   0  138.1g  16.9g  11.0g S 329.4  13.5  44:18.70 nts	1693208413699
1591946 toao      20   0  138.9g  16.9g  11.0g S 288.2  13.5  44:22.96 nts	1693208414402
1591946 toao      20   0  138.9g  16.9g  11.0g S 576.5  13.5  44:27.40 nts	1693208415107
1591946 toao      20   0  138.9g  16.9g  11.0g S  1400  13.5  44:31.81 nts	1693208415812
1591946 toao      20   0  137.6g  16.9g  11.0g S 305.9  13.5  44:35.79 nts	1693208416515
1591946 toao      20   0  137.6g  16.9g  11.0g S 217.6  13.5  44:39.86 nts	1693208417220
1591946 toao      20   0  138.2g  16.9g  11.0g S 211.8  13.5  44:44.11 nts	1693208417924
1591946 toao      20   0  138.9g  16.9g  11.0g S 729.4  13.5  44:48.50 nts	1693208418627
1591946 toao      20   0  138.9g  16.9g  11.0g S  1512  13.5  44:53.02 nts	1693208419335
1591946 toao      20   0  138.9g  16.9g  11.0g S  1524  13.5  44:57.45 nts	1693208420038
1591946 toao      20   0  138.9g  16.9g  11.0g S 418.8  13.5  44:59.72 nts	1693208420743
1591946 toao      20   0  138.9g  16.9g  11.0g S 418.8  13.5  45:04.09 nts	1693208421444
1591946 toao      20   0  138.9g  16.9g  11.0g S 394.1  13.5  45:08.59 nts	1693208422146
1591946 toao      20   0  138.9g  16.9g  11.0g S 400.0  13.5  45:12.90 nts	1693208422847
1591946 toao      20   0  138.9g  16.9g  11.0g S 394.1  13.5  45:17.19 nts	1693208423549
1591946 toao      20   0  138.9g  16.9g  11.0g S 364.7  13.5  45:21.62 nts	1693208424249
1591946 toao      20   0  138.9g  16.9g  11.0g S 400.0  13.5  45:25.89 nts	1693208424954
1591946 toao      20   0  138.9g  16.9g  11.0g S 323.5  13.5  45:30.31 nts	1693208425656
1591946 toao      20   0  138.9g  16.9g  11.0g S 305.9  13.5  45:34.68 nts	1693208426361
1591946 toao      20   0  138.9g  16.9g  11.0g S 355.6  13.5  45:38.99 nts	1693208427062
1591946 toao      20   0  138.9g  16.9g  11.0g S 317.6  13.5  45:43.36 nts	1693208427764
1591946 toao      20   0  138.9g  16.9g  11.0g S 341.2  13.5  45:47.79 nts	1693208428466
1591946 toao      20   0  138.9g  16.9g  11.0g S 317.6  13.5  45:52.11 nts	1693208429171
1591946 toao      20   0  138.9g  16.9g  11.0g S 300.0  13.5  45:56.68 nts	1693208429871
1591946 toao      20   0  138.9g  16.9g  11.0g S 941.2  13.5  46:01.03 nts	1693208430572
1591946 toao      20   0  138.9g  16.9g  11.0g S  1400  13.5  46:05.42 nts	1693208431272
1591946 toao      20   0  138.9g  16.9g  11.0g S  1365  13.5  46:09.53 nts	1693208431978
1591946 toao      20   0  138.9g  16.9g  11.0g S 400.0  13.5  46:12.17 nts	1693208432677
1591946 toao      20   0  138.9g  16.9g  11.0g S 394.1  13.5  46:16.48 nts	1693208433379
1591946 toao      20   0  138.9g  16.9g  11.0g S 388.2  13.5  46:20.71 nts	1693208434079
1591946 toao      20   0  138.9g  16.9g  11.0g S 418.8  13.5  46:25.09 nts	1693208434783
1591946 toao      20   0  138.9g  16.9g  11.0g S 418.8  13.5  46:29.58 nts	1693208435483
1591946 toao      20   0  138.9g  16.9g  11.0g S 376.5  13.5  46:33.86 nts	1693208436183
1591946 toao      20   0  138.9g  16.9g  11.0g S 400.0  13.5  46:38.17 nts	1693208436887
1591946 toao      20   0  138.9g  16.9g  11.0g S 400.0  13.5  46:42.47 nts	1693208437587
1591946 toao      20   0  138.9g  16.9g  11.0g S 317.6  13.5  46:46.75 nts	1693208438288
1591946 toao      20   0  138.9g  16.9g  11.0g S 311.8  13.5  46:50.94 nts	1693208438987
1591946 toao      20   0  138.9g  16.9g  11.0g S 264.7  13.5  46:55.32 nts	1693208439686
1591946 toao      20   0  138.9g  16.9g  11.0g S 211.8  13.5  46:59.67 nts	1693208440386
1591946 toao      20   0  138.9g  16.9g  11.0g S  1206  13.5  47:04.05 nts	1693208441087
1591946 toao      20   0  138.9g  16.9g  11.0g S  1488  13.5  47:08.52 nts	1693208441789
1591946 toao      20   0  139.4g  16.9g  11.0g S 552.9  13.5  47:11.25 nts	1693208442491
1591946 toao      20   0  138.9g  16.9g  11.0g S 400.0  13.5  47:15.28 nts	1693208443195
1591946 toao      20   0  138.9g  16.9g  11.0g S 405.9  13.5  47:19.64 nts	1693208443900
1591946 toao      20   0  138.9g  16.9g  11.0g S 400.0  13.5  47:23.97 nts	1693208444603
1591946 toao      20   0  138.9g  16.9g  11.0g S 394.1  13.5  47:28.55 nts	1693208445307
1591946 toao      20   0  138.9g  16.9g  11.0g S 388.2  13.5  47:32.78 nts	1693208446007
1591946 toao      20   0  138.9g  16.9g  11.0g S 394.1  13.5  47:37.06 nts	1693208446711
1591946 toao      20   0  138.9g  16.9g  11.0g S 394.1  13.5  47:41.37 nts	1693208447411
1591946 toao      20   0  138.9g  16.9g  11.0g S 376.5  13.5  47:45.69 nts	1693208448109
1591946 toao      20   0  138.9g  16.9g  11.0g S 311.8  13.5  47:49.93 nts	1693208448812
1591946 toao      20   0  138.9g  16.9g  11.0g S 231.2  13.5  47:54.19 nts	1693208449512
1591946 toao      20   0  138.9g  16.9g  11.0g S 247.1  13.5  47:58.52 nts	1693208450215
1591946 toao      20   0  138.9g  16.9g  11.0g S 323.5  13.5  48:02.82 nts	1693208450919
1591946 toao      20   0  138.9g  16.9g  11.0g S 270.6  13.5  48:07.13 nts	1693208451621
1591946 toao      20   0  138.9g  16.9g  11.0g S 318.8  13.5  48:11.60 nts	1693208452325
1591946 toao      20   0  138.9g  16.9g  11.0g S 911.8  13.5  48:16.03 nts	1693208453027
1591946 toao      20   0  138.9g  16.9g  11.0g S  1188  13.5  48:20.57 nts	1693208453727
1591946 toao      20   0  138.9g  16.9g  11.0g S  1512  13.5  48:25.16 nts	1693208454431
1591946 toao      20   0  138.9g  16.9g  11.0g S  1518  13.5  48:29.70 nts	1693208455134
1591946 toao      20   0  138.9g  16.9g  11.0g S 400.0  13.5  48:32.08 nts	1693208455840
1591946 toao      20   0  138.9g  16.9g  11.0g S 400.0  13.5  48:36.25 nts	1693208456542
1591946 toao      20   0  138.9g  16.9g  11.0g S 400.0  13.5  48:40.51 nts	1693208457247
1591946 toao      20   0  138.9g  16.9g  11.0g S 405.9  13.5  48:44.83 nts	1693208457946
1591946 toao      20   0  138.9g  16.9g  11.0g S 400.0  13.5  48:49.13 nts	1693208458648
1591946 toao      20   0  138.9g  16.9g  11.0g S 394.1  13.5  48:53.38 nts	1693208459351
1591946 toao      20   0  138.9g  16.9g  11.0g S 347.1  13.5  48:57.72 nts	1693208460049
1591946 toao      20   0  138.9g  16.9g  11.0g S 335.3  13.5  49:02.13 nts	1693208460751
1591946 toao      20   0  138.9g  16.9g  11.0g S 335.3  13.5  49:06.49 nts	1693208461451
1591946 toao      20   0  138.9g  16.9g  11.0g S 270.6  13.5  49:10.82 nts	1693208462154
1591946 toao      20   0  138.9g  16.9g  11.0g S 258.8  13.5  49:15.28 nts	1693208462856
1591946 toao      20   0  138.9g  16.9g  11.0g S 247.1  13.5  49:19.66 nts	1693208463558
1591946 toao      20   0  139.6g  16.9g  11.0g S 229.4  13.5  49:23.89 nts	1693208464260
1591946 toao      20   0  139.6g  16.9g  11.0g S  1459  13.5  49:28.32 nts	1693208464960
1591946 toao      20   0  140.0g  16.9g  11.0g S  1176  13.5  49:32.12 nts	1693208465659
1591946 toao      20   0  138.4g  16.9g  11.0g S 366.7  13.5  49:36.41 nts	1693208466359
1591946 toao      20   0  139.0g  16.9g  11.0g S  1482  13.5  49:40.84 nts	1693208467070
1591946 toao      20   0  139.0g  16.9g  11.0g S  1512  13.5  49:45.07 nts	1693208467769
1591946 toao      20   0  140.0g  16.9g  11.0g S  1431  13.5  49:49.26 nts	1693208468473
1591946 toao      20   0  139.6g  16.9g  11.0g S 425.0  13.5  49:51.78 nts	1693208469172
1591946 toao      20   0  139.6g  16.9g  11.0g S 425.0  13.5  49:56.27 nts	1693208469872
1591946 toao      20   0  139.6g  16.9g  11.0g S 431.2  13.5  50:00.54 nts	1693208470575
1591946 toao      20   0  139.6g  16.9g  11.0g S 425.0  13.5  50:04.99 nts	1693208471274
1591946 toao      20   0  139.6g  16.9g  11.0g S 400.0  13.5  50:09.34 nts	1693208471974
1591946 toao      20   0  139.6g  16.9g  11.0g S 370.6  13.5  50:13.71 nts	1693208472679
1591946 toao      20   0  139.6g  16.9g  11.0g S 376.5  13.5  50:18.08 nts	1693208473383
1591946 toao      20   0  139.6g  16.9g  11.0g S 347.1  13.5  50:22.44 nts	1693208474087
1591946 toao      20   0  139.6g  16.9g  11.0g S 329.4  13.5  50:26.76 nts	1693208474791
1591946 toao      20   0  139.6g  16.9g  11.0g S 317.6  13.5  50:31.16 nts	1693208475490
1591946 toao      20   0  139.6g  16.9g  11.0g S 300.0  13.5  50:35.52 nts	1693208476191
1591946 toao      20   0  139.6g  16.9g  11.0g S 294.1  13.5  50:39.75 nts	1693208476891
1591946 toao      20   0  139.6g  16.9g  11.0g S 229.4  13.5  50:44.08 nts	1693208477591
1591946 toao      20   0  139.6g  16.9g  11.0g S 264.7  13.5  50:48.44 nts	1693208478291
1591946 toao      20   0  139.6g  16.9g  11.0g S 252.9  13.5  50:52.72 nts	1693208478991
1591946 toao      20   0  139.6g  16.9g  11.0g S 223.5  13.5  50:57.15 nts	1693208479692
1591946 toao      20   0  139.6g  16.9g  11.0g S  1124  13.5  51:01.48 nts	1693208480391
1591946 toao      20   0  139.6g  16.9g  11.0g S  1476  13.5  51:06.02 nts	1693208481093
1591946 toao      20   0  139.6g  16.9g  11.0g S  1212  13.5  51:09.94 nts	1693208481795
1591946 toao      20   0  139.6g  16.9g  11.0g S 400.0  13.5  51:12.87 nts	1693208482499
1591946 toao      20   0  139.6g  16.9g  11.0g S 400.0  13.5  51:17.18 nts	1693208483203
1591946 toao      20   0  139.6g  16.9g  11.0g S 400.0  13.5  51:21.45 nts	1693208483906
1591946 toao      20   0  139.6g  16.9g  11.0g S 382.4  13.5  51:25.65 nts	1693208484607
1591946 toao      20   0  139.6g  16.9g  11.0g S 405.9  13.5  51:30.15 nts	1693208485307
1591946 toao      20   0  139.6g  16.9g  11.0g S 400.0  13.5  51:34.47 nts	1693208486008
1591946 toao      20   0  139.6g  16.9g  11.0g S 400.0  13.5  51:38.89 nts	1693208486711
1591946 toao      20   0  139.6g  16.9g  11.0g S 400.0  13.5  51:43.14 nts	1693208487416
1591946 toao      20   0  139.6g  16.9g  11.0g S 364.7  13.5  51:47.53 nts	1693208488118
1591946 toao      20   0  139.6g  16.9g  11.0g S 370.6  13.5  51:51.83 nts	1693208488820
1591946 toao      20   0  139.6g  16.9g  11.0g S 323.5  13.5  51:56.11 nts	1693208489519
1591946 toao      20   0  139.6g  16.9g  11.0g S 288.2  13.5  52:00.45 nts	1693208490219
1591946 toao      20   0  139.6g  16.9g  11.0g S 211.8  13.5  52:04.61 nts	1693208490920
1591946 toao      20   0  139.6g  16.9g  11.0g S  1181  13.5  52:09.04 nts	1693208491624
1591946 toao      20   0  139.6g  16.9g  11.0g S  1435  13.5  52:13.52 nts	1693208492323
1591946 toao      20   0  139.6g  16.9g  11.0g S  1547  13.5  52:17.98 nts	1693208493026
1591946 toao      20   0  139.6g  16.9g  11.0g S 400.0  13.5  52:20.49 nts	1693208493727
1591946 toao      20   0  139.6g  16.9g  11.0g S 388.2  13.5  52:24.82 nts	1693208494432
1591946 toao      20   0  139.6g  16.9g  11.0g S 394.1  13.5  52:29.32 nts	1693208495135
1591946 toao      20   0  139.6g  16.9g  11.0g S 405.9  13.5  52:33.64 nts	1693208495835
1591946 toao      20   0  139.6g  16.9g  11.0g S 405.9  13.5  52:37.98 nts	1693208496536
1591946 toao      20   0  139.6g  16.9g  11.0g S 400.0  13.5  52:42.27 nts	1693208497239
1591946 toao      20   0  139.6g  16.9g  11.0g S 400.0  13.5  52:46.67 nts	1693208497941
1591946 toao      20   0  139.6g  16.9g  11.0g S 358.8  13.5  52:51.01 nts	1693208498643
1591946 toao      20   0  139.6g  16.9g  11.0g S 352.9  13.5  52:55.45 nts	1693208499347
1591946 toao      20   0  139.6g  16.9g  11.0g S 364.7  13.5  52:59.88 nts	1693208500051
1591946 toao      20   0  139.6g  16.9g  11.0g S 317.6  13.5  53:03.99 nts	1693208500755
1591946 toao      20   0  139.6g  16.9g  11.0g S 323.5  13.5  53:08.17 nts	1693208501456
1591946 toao      20   0  139.6g  16.9g  11.0g S 305.9  13.5  53:12.70 nts	1693208502158
1591946 toao      20   0  139.6g  16.9g  11.0g S 211.8  13.5  53:17.06 nts	1693208502859
1591946 toao      20   0  139.6g  16.9g  11.0g S 247.1  13.5  53:21.32 nts	1693208503560
1591946 toao      20   0  139.6g  16.9g  11.0g S  1188  13.5  53:25.74 nts	1693208504264
1591946 toao      20   0  139.6g  16.9g  11.0g S  1418  13.5  53:30.14 nts	1693208504963
1591946 toao      20   0  139.6g  16.9g  11.0g S  1512  13.5  53:34.61 nts	1693208505668
1591946 toao      20   0  140.2g  16.9g  11.0g S 988.2  13.5  53:38.08 nts	1693208506371
1591946 toao      20   0  139.6g  16.9g  11.0g S 400.0  13.5  53:41.37 nts	1693208507071
1591946 toao      20   0  139.6g  16.9g  11.0g S 400.0  13.5  53:45.63 nts	1693208507770
1591946 toao      20   0  139.6g  16.9g  11.0g S 400.0  13.5  53:50.10 nts	1693208508475
1591946 toao      20   0  139.6g  16.9g  11.0g S 405.9  13.5  53:54.37 nts	1693208509180
1591946 toao      20   0  139.6g  16.9g  11.0g S 431.2  13.5  53:58.88 nts	1693208509883
1591946 toao      20   0  139.6g  16.9g  11.0g S 394.1  13.5  54:03.32 nts	1693208510590
1591946 toao      20   0  139.6g  16.9g  11.0g S 431.2  13.5  54:07.81 nts	1693208511292
1591946 toao      20   0  139.6g  16.9g  11.0g S 370.6  13.5  54:12.14 nts	1693208511995
1591946 toao      20   0  139.6g  16.9g  11.0g S 335.3  13.5  54:16.44 nts	1693208512699
1591946 toao      20   0  139.6g  16.9g  11.0g S 282.4  13.5  54:20.89 nts	1693208513400
1591946 toao      20   0  139.6g  16.9g  11.0g S 211.8  13.5  54:25.06 nts	1693208514099
1591946 toao      20   0  139.6g  16.9g  11.0g S  1047  13.5  54:29.47 nts	1693208514800
1591946 toao      20   0  139.6g  16.9g  11.0g S  1556  13.5  54:33.97 nts	1693208515502
1591946 toao      20   0  138.4g  16.9g  11.0g S 300.0  13.5  54:38.08 nts	1693208516204
1591946 toao      20   0  139.0g  16.9g  11.0g S 370.6  13.5  54:42.39 nts	1693208516908
1591946 toao      20   0  139.0g  16.9g  11.0g S  1182  13.5  54:46.85 nts	1693208517607
1591946 toao      20   0  139.0g  16.9g  11.0g S  1188  13.5  54:51.18 nts	1693208518311
1591946 toao      20   0  139.0g  16.9g  11.0g S  1388  13.5  54:55.57 nts	1693208519015
1591946 toao      20   0  139.6g  16.9g  11.0g S  1400  13.5  54:59.72 nts	1693208519719
1591946 toao      20   0  139.6g  16.9g  11.0g S 400.0  13.5  55:01.92 nts	1693208520419
1591946 toao      20   0  139.6g  16.9g  11.0g S 400.0  13.5  55:06.14 nts	1693208521119
1591946 toao      20   0  139.6g  16.9g  11.0g S 405.9  13.5  55:10.42 nts	1693208521818
1591946 toao      20   0  139.6g  16.9g  11.0g S 400.0  13.5  55:14.93 nts	1693208522519
1591946 toao      20   0  139.6g  16.9g  11.0g S 394.1  13.5  55:19.16 nts	1693208523219
1591946 toao      20   0  139.6g  16.9g  11.0g S 370.6  13.5  55:23.50 nts	1693208523919
1591946 toao      20   0  139.6g  16.9g  11.0g S 394.1  13.5  55:27.81 nts	1693208524616
1591946 toao      20   0  139.6g  16.9g  11.0g S 300.0  13.5  55:32.12 nts	1693208525319
1591946 toao      20   0  139.6g  16.9g  11.0g S 312.5  13.5  55:36.60 nts	1693208526023
1591946 toao      20   0  139.6g  16.9g  11.0g S 300.0  13.5  55:40.87 nts	1693208526722
1591946 toao      20   0  139.6g  16.9g  11.0g S 252.9  13.5  55:45.13 nts	1693208527423
1591946 toao      20   0  139.6g  16.9g  11.0g S 205.9  13.5  55:49.40 nts	1693208528127
1591946 toao      20   0  139.6g  16.9g  11.0g S 300.0  13.5  55:53.88 nts	1693208528830
1591946 toao      20   0  139.6g  16.9g  11.0g S 288.2  13.5  55:58.14 nts	1693208529535
1591946 toao      20   0  139.6g  16.9g  11.0g S  1188  13.5  56:02.42 nts	1693208530239
1591946 toao      20   0  139.6g  16.9g  11.0g S  1488  13.5  56:06.75 nts	1693208530943
1591946 toao      20   0  139.6g  16.9g  11.0g S  1188  13.5  56:10.63 nts	1693208531645
1591946 toao      20   0  139.6g  16.9g  11.0g S 405.9  13.5  56:13.57 nts	1693208532348
1591946 toao      20   0  139.6g  16.9g  11.0g S 394.1  13.5  56:17.85 nts	1693208533046
1591946 toao      20   0  139.6g  16.9g  11.0g S 388.2  13.5  56:22.15 nts	1693208533747
1591946 toao      20   0  139.6g  16.9g  11.0g S 405.9  13.5  56:26.40 nts	1693208534447
1591946 toao      20   0  139.6g  16.9g  11.0g S 394.1  13.5  56:30.71 nts	1693208535147
1591946 toao      20   0  139.6g  16.9g  11.0g S 347.1  13.5  56:34.95 nts	1693208535848
1591946 toao      20   0  139.6g  16.9g  11.0g S 400.0  13.5  56:39.20 nts	1693208536547
1591946 toao      20   0  139.6g  16.9g  11.0g S 405.9  13.5  56:43.52 nts	1693208537252
1591946 toao      20   0  139.6g  16.9g  11.0g S 376.5  13.5  56:47.80 nts	1693208537956
1591946 toao      20   0  139.6g  16.9g  11.0g S 370.6  13.5  56:52.25 nts	1693208538659
1591946 toao      20   0  139.6g  16.9g  11.0g S 341.2  13.5  56:56.50 nts	1693208539360
1591946 toao      20   0  139.6g  16.9g  11.0g S 325.0  13.5  57:00.99 nts	1693208540063
1591946 toao      20   0  139.6g  16.9g  11.0g S 252.9  13.5  57:05.29 nts	1693208540763
1591946 toao      20   0  139.6g  16.9g  11.0g S 605.9  13.5  57:09.64 nts	1693208541470
1591946 toao      20   0  139.6g  16.9g  11.0g S  1378  13.5  57:14.11 nts	1693208542171
1591946 toao      20   0  139.6g  16.9g  11.0g S  1488  13.5  57:18.58 nts	1693208542875
1591946 toao      20   0  139.6g  16.9g  11.0g S 394.1  13.5  57:21.15 nts	1693208543575
1591946 toao      20   0  139.6g  16.9g  11.0g S 400.0  13.5  57:25.48 nts	1693208544278
1591946 toao      20   0  139.6g  16.9g  11.0g S 394.1  13.5  57:29.78 nts	1693208544983
1591946 toao      20   0  139.6g  16.9g  11.0g S 400.0  13.5  57:34.13 nts	1693208545687
1591946 toao      20   0  139.6g  16.9g  11.0g S 411.8  13.5  57:38.43 nts	1693208546391
1591946 toao      20   0  139.6g  16.9g  11.0g S 394.1  13.5  57:42.59 nts	1693208547096
1591946 toao      20   0  139.6g  16.9g  11.0g S 394.1  13.5  57:46.86 nts	1693208547798
1591946 toao      20   0  139.6g  16.9g  11.0g S 382.4  13.5  57:51.09 nts	1693208548503
1591946 toao      20   0  139.6g  16.9g  11.0g S 341.2  13.5  57:55.61 nts	1693208549200
1591946 toao      20   0  139.6g  16.9g  11.0g S 364.7  13.5  57:59.98 nts	1693208549903
1591946 toao      20   0  139.6g  16.9g  11.0g S 376.5  13.5  58:04.34 nts	1693208550606
1591946 toao      20   0  139.6g  16.9g  11.0g S 352.9  13.5  58:08.84 nts	1693208551310
1591946 toao      20   0  139.6g  16.9g  11.0g S 276.5  13.5  58:13.09 nts	1693208552015
1591946 toao      20   0  139.6g  16.9g  11.0g S 247.1  13.5  58:17.15 nts	1693208552719
1591946 toao      20   0  139.6g  16.9g  11.0g S 237.5  13.5  58:21.44 nts	1693208553424
1591946 toao      20   0  139.6g  16.9g  11.0g S  1075  13.5  58:25.98 nts	1693208554123
1591946 toao      20   0  139.6g  16.9g  11.0g S  1569  13.5  58:30.45 nts	1693208554823
1591946 toao      20   0  139.6g  16.9g  11.0g S  1544  13.5  58:34.87 nts	1693208555523
1591946 toao      20   0  139.6g  16.9g  11.0g S  1394  13.5  58:39.02 nts	1693208556218
1591946 toao      20   0  139.6g  16.9g  11.0g S 400.0  13.5  58:41.46 nts	1693208556919
1591946 toao      20   0  139.6g  16.9g  11.0g S 388.2  13.5  58:45.71 nts	1693208557619
1591946 toao      20   0  139.6g  16.9g  11.0g S 400.0  13.5  58:50.03 nts	1693208558319
1591946 toao      20   0  139.6g  16.9g  11.0g S 400.0  13.5  58:54.30 nts	1693208559019
1591946 toao      20   0  139.6g  16.9g  11.0g S 394.1  13.5  58:58.63 nts	1693208559719
1591946 toao      20   0  139.6g  16.9g  11.0g S 400.0  13.5  59:02.97 nts	1693208560418
1591946 toao      20   0  139.6g  16.9g  11.0g S 400.0  13.5  59:07.26 nts	1693208561123
1591946 toao      20   0  139.6g  16.9g  11.0g S 350.0  13.5  59:11.55 nts	1693208561824
1591946 toao      20   0  139.6g  16.9g  11.0g S 323.5  13.5  59:16.01 nts	1693208562524
1591946 toao      20   0  139.6g  16.9g  11.0g S 276.5  13.5  59:20.27 nts	1693208563227
1591946 toao      20   0  139.6g  16.9g  11.0g S 229.4  13.5  59:24.48 nts	1693208563926
1591946 toao      20   0  139.6g  16.9g  11.0g S  1394  13.5  59:28.95 nts	1693208564626
1591946 toao      20   0  139.6g  16.9g  11.0g S  1453  13.5  59:33.31 nts	1693208565327
1591946 toao      20   0  138.4g  16.9g  11.0g S 276.5  13.5  59:37.28 nts	1693208566027
1591946 toao      20   0  139.0g  16.9g  11.0g S  1429  13.5  59:41.51 nts	1693208566727
1591946 toao      20   0  139.0g  16.9g  11.0g S  1459  13.5  59:45.73 nts	1693208567431
1591946 toao      20   0  139.6g  16.9g  11.0g S  1412  13.5  59:50.01 nts	1693208568132
1591946 toao      20   0  140.2g  16.9g  11.0g S  1082  13.5  59:53.48 nts	1693208568834
1591946 toao      20   0  139.6g  16.9g  11.0g S 405.9  13.5  59:56.36 nts	1693208569535
1591946 toao      20   0  139.6g  16.9g  11.0g S 394.1  13.5  60:00.43 nts	1693208570235
1591946 toao      20   0  139.6g  16.9g  11.0g S 400.0  13.5  60:04.75 nts	1693208570939
1591946 toao      20   0  139.6g  16.9g  11.0g S 412.5  13.5  60:09.20 nts	1693208571643
1591946 toao      20   0  139.6g  16.9g  11.0g S 362.5  13.5  60:13.56 nts	1693208572343
1591946 toao      20   0  139.6g  16.9g  11.0g S 325.0  13.5  60:17.81 nts	1693208573044
1591946 toao      20   0  139.6g  16.9g  11.0g S 317.6  13.5  60:22.36 nts	1693208573744
1591946 toao      20   0  139.6g  16.9g  11.0g S 247.1  13.5  60:26.74 nts	1693208574447
1591946 toao      20   0  139.6g  16.9g  11.0g S 294.1  13.5  60:31.29 nts	1693208575148
1591946 toao      20   0  139.6g  16.9g  11.0g S 235.3  13.5  60:35.65 nts	1693208575846
1591946 toao      20   0  139.6g  16.9g  11.0g S 223.5  13.5  60:39.95 nts	1693208576548
1591946 toao      20   0  139.6g  16.9g  11.0g S 517.6  13.5  60:44.41 nts	1693208577251
1591946 toao      20   0  139.6g  16.9g  11.0g S 976.5  13.5  60:48.93 nts	1693208577951
1591946 toao      20   0  139.6g  16.9g  11.0g S 658.8  13.5  60:53.23 nts	1693208578655
1591946 toao      20   0  139.6g  16.9g  11.0g S  1400  13.5  60:57.69 nts	1693208579358
1591946 toao      20   0  139.6g  16.9g  11.0g S  1447  13.5  61:01.97 nts	1693208580061
1591946 toao      20   0  140.2g  16.9g  11.0g S 781.2  13.5  61:04.97 nts	1693208580764
1591946 toao      20   0  139.6g  16.9g  11.0g S 400.0  13.5  61:08.64 nts	1693208581464
1591946 toao      20   0  139.6g  16.9g  11.0g S 400.0  13.5  61:13.11 nts	1693208582166
1591946 toao      20   0  139.6g  16.9g  11.0g S 388.2  13.5  61:17.42 nts	1693208582871
1591946 toao      20   0  139.6g  16.9g  11.0g S 400.0  13.5  61:21.92 nts	1693208583571
1591946 toao      20   0  139.6g  16.9g  11.0g S 394.1  13.5  61:26.34 nts	1693208584275
1591946 toao      20   0  139.6g  16.9g  11.0g S 370.6  13.5  61:30.63 nts	1693208584979
1591946 toao      20   0  139.6g  16.9g  11.0g S 370.6  13.5  61:34.90 nts	1693208585680
1591946 toao      20   0  139.6g  16.9g  11.0g S 364.7  13.5  61:39.20 nts	1693208586380
1591946 toao      20   0  139.6g  16.9g  11.0g S 400.0  13.5  61:43.53 nts	1693208587085
1591946 toao      20   0  139.6g  16.9g  11.0g S 323.5  13.5  61:47.80 nts	1693208587789
1591946 toao      20   0  139.6g  16.9g  11.0g S 352.9  13.5  61:52.29 nts	1693208588491
1591946 toao      20   0  139.6g  16.9g  11.0g S 300.0  13.5  61:56.60 nts	1693208589195
1591946 toao      20   0  139.6g  16.9g  11.0g S 205.9  13.5  62:00.90 nts	1693208589898
1591946 toao      20   0  139.6g  16.9g  11.0g S 237.5  13.5  62:05.22 nts	1693208590602
1591946 toao      20   0  139.6g  16.9g  11.0g S  1469  13.5  62:09.69 nts	1693208591304
1591946 toao      20   0  139.6g  16.9g  11.0g S  1494  13.5  62:14.18 nts	1693208592006
1591946 toao      20   0  140.2g  16.9g  11.0g S 464.7  13.5  62:16.95 nts	1693208592707
1591946 toao      20   0  139.6g  16.9g  11.0g S 405.9  13.5  62:21.08 nts	1693208593414
1591946 toao      20   0  139.6g  16.9g  11.0g S 400.0  13.5  62:25.31 nts	1693208594119
1591946 toao      20   0  139.6g  16.9g  11.0g S 400.0  13.5  62:29.64 nts	1693208594820
1591946 toao      20   0  139.6g  16.9g  11.0g S 394.1  13.5  62:33.94 nts	1693208595523
1591946 toao      20   0  139.6g  16.9g  11.0g S 400.0  13.5  62:38.24 nts	1693208596225
1591946 toao      20   0  139.6g  16.9g  11.0g S 394.1  13.5  62:42.53 nts	1693208596928
1591946 toao      20   0  139.6g  16.9g  11.0g S 376.5  13.5  62:46.80 nts	1693208597631
1591946 toao      20   0  139.6g  16.9g  11.0g S 382.4  13.5  62:51.31 nts	1693208598338
1591946 toao      20   0  139.6g  16.9g  11.0g S 311.8  13.5  62:55.57 nts	1693208599043
1591946 toao      20   0  139.6g  16.9g  11.0g S 341.2  13.5  62:59.88 nts	1693208599744
1591946 toao      20   0  139.6g  16.9g  11.0g S 370.6  13.5  63:04.09 nts	1693208600446
1591946 toao      20   0  139.6g  16.9g  11.0g S 370.6  13.5  63:08.48 nts	1693208601147
1591946 toao      20   0  139.6g  16.9g  11.0g S 300.0  13.5  63:12.88 nts	1693208601851
1591946 toao      20   0  139.6g  16.9g  11.0g S 276.5  13.5  63:17.22 nts	1693208602555
1591946 toao      20   0  139.6g  16.9g  11.0g S 258.8  13.5  63:21.64 nts	1693208603256
1591946 toao      20   0  139.6g  16.9g  11.0g S 323.5  13.5  63:26.02 nts	1693208603959
1591946 toao      20   0  139.6g  16.9g  11.0g S 894.1  13.5  63:30.39 nts	1693208604664
1591946 toao      20   0  139.6g  16.9g  11.0g S  1500  13.5  63:34.91 nts	1693208605368
1591946 toao      20   0  139.6g  16.9g  11.0g S  1382  13.5  63:39.16 nts	1693208606072
1591946 toao      20   0  139.6g  16.9g  11.0g S 431.2  13.5  63:41.77 nts	1693208606772
1591946 toao      20   0  139.6g  16.9g  11.0g S 400.0  13.5  63:46.07 nts	1693208607474
1591946 toao      20   0  139.6g  16.9g  11.0g S 394.1  13.5  63:50.24 nts	1693208608176
1591946 toao      20   0  139.6g  16.9g  11.0g S 405.9  13.5  63:54.43 nts	1693208608878
1591946 toao      20   0  139.6g  16.9g  11.0g S 405.9  13.5  63:58.65 nts	1693208609585
1591946 toao      20   0  139.6g  16.9g  11.0g S 405.9  13.5  64:02.90 nts	1693208610288
1591946 toao      20   0  139.6g  16.9g  11.0g S 400.0  13.5  64:07.08 nts	1693208610990
1591946 toao      20   0  139.6g  16.9g  11.0g S 370.6  13.5  64:11.29 nts	1693208611691
1591946 toao      20   0  139.6g  16.9g  11.0g S 370.6  13.5  64:15.61 nts	1693208612391
1591946 toao      20   0  139.6g  16.9g  11.0g S 347.1  13.5  64:19.90 nts	1693208613091
1591946 toao      20   0  139.6g  16.9g  11.0g S 270.6  13.5  64:24.08 nts	1693208613793
1591946 toao      20   0  139.6g  16.9g  11.0g S 235.3  13.5  64:28.44 nts	1693208614497
1591946 toao      20   0  139.6g  16.9g  11.0g S  1253  13.5  64:32.78 nts	1693208615199
1591946 toao      20   0       0      0      0 Z 105.9   0.0  64:33.97 nts	1693208615900
1591946 toao      20   0       0      0      0 Z 100.0   0.0  64:34.65 nts	1693208616604
1591946 toao      20   0       0      0      0 Z 100.0   0.0  64:35.34 nts	1693208617304
