572818 toao      20   0 2487204 100808  68716 R  94.4   0.1   0:00.19 nts	1693200505757
572818 toao      20   0 8370196 217164 117572 R  8000   0.2   0:27.43 nts	1693200506497
572818 toao      20   0 8462428 281532 117756 R 200.0   0.2   0:35.45 nts	1693200507194
572818 toao      20   0 8462428 281532 117756 R 194.1   0.2   0:36.83 nts	1693200507900
572818 toao      20   0 8462428 281532 117756 R 200.0   0.2   0:38.23 nts	1693200508599
572818 toao      20   0 8462428 281532 117756 R 183.3   0.2   0:39.63 nts	1693200509301
572818 toao      20   0 8462428 300804 117756 R 194.1   0.2   0:41.03 nts	1693200510010
572818 toao      20   0 8462428 300804 117756 R 200.0   0.2   0:42.43 nts	1693200510716
572818 toao      20   0 8462428 300804 117756 R 194.1   0.2   0:43.83 nts	1693200511419
572818 toao      20   0 8811004 317560 117876 R 158.8   0.2   0:45.17 nts	1693200512123
572818 toao      20   0 9720188 595200 117876 R  1276   0.5   0:52.79 nts	1693200512826
572818 toao      20   0 9720188 597272 117876 R  1159   0.5   1:00.17 nts	1693200513530
572818 toao      20   0 9720188 830788 117876 R  1106   0.6   1:07.38 nts	1693200514234
572818 toao      20   0 9720188 832092 117876 R  1365   0.6   1:15.71 nts	1693200514936
572818 toao      20   0 9720188 832356 117876 R  1071   0.6   1:23.77 nts	1693200515638
572818 toao      20   0   13.4g 837040 118004 R 205.9   0.6   1:27.94 nts	1693200516339
572818 toao      20   0   13.4g 837304 118004 R 194.1   0.6   1:29.33 nts	1693200517045
572818 toao      20   0   13.4g 837568 118004 R 194.4   0.6   1:30.76 nts	1693200517750
572818 toao      20   0   13.4g 837832 118004 R 205.9   0.6   1:32.17 nts	1693200518463
572818 toao      20   0   13.4g 838096 118004 R 200.0   0.6   1:33.58 nts	1693200519173
572818 toao      20   0   13.4g 839944 118004 R 194.1   0.6   1:34.98 nts	1693200519877
572818 toao      20   0   13.4g 842848 118004 R 205.9   0.6   1:36.38 nts	1693200520581
572818 toao      20   0   13.4g 845752 118004 R 212.5   0.6   1:37.77 nts	1693200521283
572818 toao      20   0   13.4g 848656 118004 R 200.0   0.6   1:39.17 nts	1693200521983
572818 toao      20   0   13.4g 851824 118004 R 200.0   0.6   1:40.57 nts	1693200522687
572818 toao      20   0   13.4g 854728 118004 R 200.0   0.6   1:41.97 nts	1693200523387
572818 toao      20   0   13.4g 856576 118004 R 200.0   0.7   1:43.36 nts	1693200524091
572818 toao      20   0   13.4g 857632 118004 R 194.1   0.7   1:44.76 nts	1693200524792
572818 toao      20   0   13.4g 861856 118004 R 205.9   0.7   1:46.17 nts	1693200525497
572818 toao      20   0   13.4g 866608 118004 R 205.9   0.7   1:47.57 nts	1693200526200
572818 toao      20   0   13.4g 871360 118004 R 212.5   0.7   1:48.96 nts	1693200526905
572818 toao      20   0   14.6g 931688 118004 R 593.8   0.7   1:50.92 nts	1693200527603
572818 toao      20   0   14.6g   1.0g 118004 R 588.2   0.8   1:54.96 nts	1693200528303
572818 toao      20   0   14.6g   1.1g 118004 R 629.4   0.9   1:59.07 nts	1693200529007
572818 toao      20   0   14.6g   1.3g 118004 R 670.6   1.0   2:03.80 nts	1693200529711
572818 toao      20   0   18.6g   1.3g 118004 R 152.9   1.1   2:07.23 nts	1693200530416
572818 toao      20   0   18.6g   1.4g 118004 R 100.0   1.1   2:10.00 nts	1693200531120
572818 toao      20   0   18.6g   1.4g 118004 R  94.1   1.1   2:10.70 nts	1693200531826
572818 toao      20   0   18.6g   1.4g 118004 R 100.0   1.1   2:11.41 nts	1693200532534
572818 toao      20   0   18.6g   1.4g 118004 R 105.9   1.1   2:12.12 nts	1693200533238
572818 toao      20   0   18.6g   1.4g 118004 R  94.1   1.1   2:12.82 nts	1693200533942
572818 toao      20   0   19.1g   1.4g 118004 R 100.0   1.1   2:13.52 nts	1693200534647
572818 toao      20   0   19.1g   1.7g 118004 R 100.0   1.3   2:14.22 nts	1693200535346
572818 toao      20   0   19.1g   1.7g 118004 R 100.0   1.3   2:14.92 nts	1693200536047
572818 toao      20   0   19.1g   1.7g 118004 R  94.1   1.3   2:15.62 nts	1693200536748
572818 toao      20   0   19.1g   1.7g 118004 R 100.0   1.3   2:16.32 nts	1693200537451
572818 toao      20   0   19.1g   1.7g 118004 R  94.1   1.3   2:17.02 nts	1693200538150
572818 toao      20   0   19.1g   1.7g 118004 R 100.0   1.3   2:17.72 nts	1693200538850
572818 toao      20   0   19.1g   1.7g 118004 R 100.0   1.3   2:18.42 nts	1693200539551
572818 toao      20   0   19.1g   1.7g 118004 R  94.1   1.3   2:19.12 nts	1693200540251
572818 toao      20   0   19.1g   1.8g 118004 R 105.9   1.4   2:19.83 nts	1693200540951
572818 toao      20   0   19.1g   1.9g 118004 R 100.0   1.5   2:20.53 nts	1693200541658
572818 toao      20   0   19.1g   1.9g 118004 R  94.1   1.5   2:21.23 nts	1693200542359
572818 toao      20   0   19.1g   1.9g 118004 R 100.0   1.5   2:21.93 nts	1693200543060
572818 toao      20   0   19.1g   1.9g 118004 R 100.0   1.5   2:22.63 nts	1693200543759
572818 toao      20   0   19.1g   1.9g 118004 R 100.0   1.5   2:23.33 nts	1693200544458
572818 toao      20   0   19.1g   1.9g 118004 R 100.0   1.5   2:24.03 nts	1693200545160
572818 toao      20   0   19.1g   1.9g 118004 R 100.0   1.5   2:24.73 nts	1693200545858
572818 toao      20   0   19.1g   1.9g 118004 R 100.0   1.5   2:25.44 nts	1693200546559
572818 toao      20   0   19.1g   1.9g 118004 R 106.2   1.5   2:26.13 nts	1693200547262
572818 toao      20   0   19.1g   1.9g 118004 R 105.9   1.5   2:26.84 nts	1693200547962
572818 toao      20   0   28.6g   2.6g 298816 R 105.9   2.0   2:28.78 nts	1693200548664
572818 toao      20   0   29.6g   3.4g 432028 R 100.0   2.7   2:29.48 nts	1693200549370
572818 toao      20   0   31.0g   4.3g 531268 R 100.0   3.5   2:30.18 nts	1693200550074
572818 toao      20   0   31.0g   4.6g 531268 R 100.0   3.6   2:30.89 nts	1693200550777
572818 toao      20   0   31.9g   5.5g   1.4g R 100.0   4.4   2:31.59 nts	1693200551478
572818 toao      20   0   31.9g   5.5g   1.4g R 100.0   4.4   2:32.28 nts	1693200552180
572818 toao      20   0   31.9g   5.5g   1.4g R 100.0   4.4   2:32.99 nts	1693200552880
572818 toao      20   0   31.9g   5.5g   1.4g R 106.2   4.4   2:33.69 nts	1693200553583
572818 toao      20   0   31.9g   5.5g   1.4g R 106.2   4.4   2:34.39 nts	1693200554284
572818 toao      20   0   31.9g   5.5g   1.4g R 106.2   4.4   2:35.08 nts	1693200554983
572818 toao      20   0   31.9g   5.5g   1.4g R 106.2   4.4   2:35.79 nts	1693200555682
572818 toao      20   0   31.9g   5.5g   1.4g R 106.2   4.4   2:36.49 nts	1693200556383
572818 toao      20   0   31.9g   5.5g   1.4g R 100.0   4.4   2:37.18 nts	1693200557082
572818 toao      20   0   31.9g   5.5g   1.4g R 100.0   4.4   2:37.88 nts	1693200557782
572818 toao      20   0   31.9g   5.5g   1.4g R 100.0   4.4   2:38.58 nts	1693200558481
572818 toao      20   0   31.9g   5.5g   1.4g R 100.0   4.4   2:39.28 nts	1693200559180
572818 toao      20   0   31.9g   5.5g   1.4g R 100.0   4.4   2:39.99 nts	1693200559880
572818 toao      20   0   31.9g   5.5g   1.4g R 112.5   4.4   2:40.69 nts	1693200560582
572818 toao      20   0   31.9g   5.5g   1.4g R 112.5   4.4   2:41.39 nts	1693200561283
572818 toao      20   0   31.9g   5.5g   1.4g R 106.2   4.4   2:42.09 nts	1693200561982
572818 toao      20   0   31.9g   5.5g   1.4g R 106.2   4.4   2:42.79 nts	1693200562682
572818 toao      20   0   31.9g   5.5g   1.4g R 112.5   4.4   2:43.49 nts	1693200563382
572818 toao      20   0   31.9g   5.5g   1.4g R 100.0   4.4   2:44.18 nts	1693200564083
572818 toao      20   0   31.9g   5.5g   1.4g R 100.0   4.4   2:44.88 nts	1693200564782
572818 toao      20   0   31.9g   5.5g   1.4g R 100.0   4.4   2:45.58 nts	1693200565482
572818 toao      20   0   31.9g   5.5g   1.4g R 106.2   4.4   2:46.29 nts	1693200566183
572818 toao      20   0   31.9g   5.5g   1.4g R 105.9   4.4   2:47.00 nts	1693200566883
572818 toao      20   0   31.9g   5.5g   1.4g R 100.0   4.4   2:47.70 nts	1693200567586
572818 toao      20   0   31.9g   5.5g   1.4g R  94.1   4.4   2:48.39 nts	1693200568287
572818 toao      20   0   31.9g   5.5g   1.4g R 100.0   4.4   2:49.10 nts	1693200568987
572818 toao      20   0   31.9g   5.5g   1.4g R  94.1   4.4   2:49.79 nts	1693200569687
572818 toao      20   0   31.9g   5.5g   1.4g R 105.9   4.4   2:50.50 nts	1693200570386
572818 toao      20   0   31.9g   5.5g   1.4g R 100.0   4.4   2:51.20 nts	1693200571086
572818 toao      20   0   31.9g   5.5g   1.4g R  94.1   4.4   2:51.89 nts	1693200571787
572818 toao      20   0   31.9g   5.5g   1.4g R 100.0   4.4   2:52.59 nts	1693200572487
572818 toao      20   0   31.9g   5.5g   1.4g R 100.0   4.4   2:53.30 nts	1693200573187
572818 toao      20   0   31.9g   5.5g   1.4g R 100.0   4.4   2:54.00 nts	1693200573891
572818 toao      20   0   31.9g   5.5g   1.4g R 100.0   4.4   2:54.70 nts	1693200574591
572818 toao      20   0   31.9g   5.5g   1.4g R  94.1   4.4   2:55.40 nts	1693200575291
572818 toao      20   0   31.9g   5.5g   1.4g R 106.2   4.4   2:56.10 nts	1693200575994
572818 toao      20   0   31.9g   5.5g   1.4g R 106.2   4.4   2:56.80 nts	1693200576694
572818 toao      20   0   31.9g   5.5g   1.4g R 106.2   4.4   2:57.50 nts	1693200577394
572818 toao      20   0   31.9g   5.5g   1.4g R  94.1   4.4   2:58.20 nts	1693200578094
572818 toao      20   0   31.9g   5.5g   1.4g R 100.0   4.4   2:58.91 nts	1693200578796
572818 toao      20   0   31.9g   5.5g   1.4g R 100.0   4.4   2:59.61 nts	1693200579495
572818 toao      20   0   31.9g   5.5g   1.4g R 100.0   4.4   3:00.31 nts	1693200580198
572818 toao      20   0   31.9g   5.5g   1.4g R 106.2   4.4   3:01.01 nts	1693200580903
572818 toao      20   0   31.9g   5.5g   1.4g R 100.0   4.4   3:01.72 nts	1693200581603
572818 toao      20   0   31.9g   5.5g   1.4g R 100.0   4.4   3:02.42 nts	1693200582307
572818 toao      20   0   31.9g   5.5g   1.4g R 105.9   4.4   3:03.12 nts	1693200583007
572818 toao      20   0   31.9g   5.5g   1.4g R 100.0   4.4   3:03.81 nts	1693200583707
572818 toao      20   0   31.9g   5.5g   1.4g R 100.0   4.4   3:04.52 nts	1693200584406
572818 toao      20   0   31.9g   5.5g   1.4g R 105.9   4.4   3:05.22 nts	1693200585106
572818 toao      20   0   31.9g   5.5g   1.4g R 105.9   4.4   3:05.92 nts	1693200585807
572818 toao      20   0   31.9g   5.5g   1.4g R 112.5   4.4   3:06.62 nts	1693200586506
572818 toao      20   0   31.9g   5.5g   1.4g R 100.0   4.4   3:07.31 nts	1693200587206
572818 toao      20   0   31.9g   5.5g   1.4g R 100.0   4.4   3:08.02 nts	1693200587904
572818 toao      20   0   31.9g   5.5g   1.4g R 100.0   4.4   3:08.72 nts	1693200588607
572818 toao      20   0   31.9g   5.5g   1.4g R 100.0   4.4   3:09.42 nts	1693200589310
572818 toao      20   0   31.9g   5.5g   1.4g R 100.0   4.4   3:10.12 nts	1693200590009
572818 toao      20   0   31.9g   5.5g   1.4g R 100.0   4.4   3:10.82 nts	1693200590711
572818 toao      20   0   31.9g   5.5g   1.4g R  94.1   4.4   3:11.52 nts	1693200591411
572818 toao      20   0   31.9g   5.5g   1.4g R 100.0   4.4   3:12.22 nts	1693200592111
572818 toao      20   0   34.6g   5.5g   1.4g R  2550   4.4   3:19.51 nts	1693200592810
572818 toao      20   0   34.6g   5.6g   1.4g R  3062   4.4   3:41.92 nts	1693200593516
572818 toao      20   0   34.6g   5.6g   1.4g R  2659   4.4   4:01.34 nts	1693200594208
572818 toao      20   0   34.6g   5.6g   1.4g R  2956   4.4   4:19.09 nts	1693200594905
572818 toao      20   0   34.6g   5.6g   1.4g R  1759   4.4   4:36.61 nts	1693200595598
572818 toao      20   0   34.6g   5.6g   1.4g R  2876   4.4   4:55.78 nts	1693200596301
572818 toao      20   0   34.6g   5.6g   1.4g R  2865   4.4   5:16.22 nts	1693200597004
572818 toao      20   0   34.6g   5.6g   1.4g R  2941   4.4   5:34.16 nts	1693200597708
572818 toao      20   0   34.6g   5.6g   1.4g R  2929   4.4   5:53.30 nts	1693200598405
572818 toao      20   0   34.6g   5.6g   1.4g S  2788   4.4   6:12.17 nts	1693200599100
572818 toao      20   0   83.1g   5.7g   1.5g R  2141   4.5   6:31.68 nts	1693200599793
572818 toao      20   0   85.3g   6.8g   2.7g R 200.0   5.4   6:32.79 nts	1693200600496
572818 toao      20   0   89.3g   7.5g   3.4g S  2906   6.0   6:39.23 nts	1693200601201
572818 toao      20   0   91.0g   7.5g   3.4g S  3171   6.0   6:58.64 nts	1693200601905
572818 toao      20   0   91.6g   7.5g   3.4g S  2676   6.0   7:18.31 nts	1693200602607
572818 toao      20   0   91.1g   7.5g   3.4g S  2659   6.0   7:38.29 nts	1693200603309
572818 toao      20   0   91.5g   7.5g   3.4g S  3381   6.0   7:59.30 nts	1693200604013
572818 toao      20   0  110.9g   7.5g   3.4g S  2725   6.0   8:17.50 nts	1693200604714
572818 toao      20   0  110.3g   7.5g   3.4g S  3206   6.0   8:38.18 nts	1693200605414
572818 toao      20   0  110.3g   7.5g   3.4g S  2753   6.0   8:58.08 nts	1693200606118
572818 toao      20   0  110.9g   7.5g   3.4g S  2735   6.0   9:18.31 nts	1693200606822
572818 toao      20   0  113.3g   7.5g   3.4g S  2253   6.0   9:37.57 nts	1693200607524
572818 toao      20   0  114.3g   7.5g   3.4g S  2900   6.0   9:56.30 nts	1693200608231
572818 toao      20   0  114.4g   7.5g   3.4g S  2859   6.0  10:16.67 nts	1693200608936
572818 toao      20   0  113.9g   7.5g   3.4g S  2635   6.0  10:36.31 nts	1693200609639
572818 toao      20   0  113.9g   7.5g   3.4g S  2682   6.0  10:56.58 nts	1693200610340
572818 toao      20   0  113.3g   7.5g   3.4g S  2576   6.0  11:15.70 nts	1693200611043
572818 toao      20   0  113.9g   7.5g   3.4g S  2653   6.0  11:34.33 nts	1693200611749
572818 toao      20   0  113.9g   7.5g   3.4g S  2875   6.0  11:54.42 nts	1693200612452
572818 toao      20   0  113.9g   7.5g   3.4g S  2753   6.0  12:14.60 nts	1693200613154
572818 toao      20   0  112.6g   7.5g   3.4g S  2429   6.0  12:34.79 nts	1693200613855
572818 toao      20   0  113.9g   7.5g   3.4g S  2582   6.0  12:52.40 nts	1693200614564
572818 toao      20   0  114.4g   7.5g   3.4g S  3006   6.0  13:13.13 nts	1693200615266
572818 toao      20   0  114.4g   7.5g   3.4g S  2824   6.0  13:32.97 nts	1693200615968
572818 toao      20   0  114.4g   7.5g   3.4g S  2741   6.0  13:52.96 nts	1693200616670
572818 toao      20   0  113.8g   7.5g   3.4g S  2938   6.0  14:11.10 nts	1693200617374
572818 toao      20   0  113.9g   7.5g   3.4g S  2829   6.0  14:31.07 nts	1693200618077
572818 toao      20   0  113.9g   7.5g   3.4g S  2747   6.0  14:51.28 nts	1693200618779
572818 toao      20   0  113.9g   7.5g   3.4g S  2682   6.0  15:11.35 nts	1693200619482
572818 toao      20   0  112.0g   7.5g   3.4g S  2582   6.0  15:31.21 nts	1693200620187
572818 toao      20   0  113.9g   7.5g   3.4g S  2800   6.0  15:48.84 nts	1693200620891
572818 toao      20   0  113.9g   7.5g   3.4g S  2682   6.0  16:09.47 nts	1693200621594
572818 toao      20   0  113.9g   7.5g   3.4g S  2671   6.0  16:29.59 nts	1693200622299
572818 toao      20   0  114.4g   7.5g   3.4g S  2841   6.0  16:50.02 nts	1693200622999
572818 toao      20   0  113.4g   7.5g   3.4g S  1753   6.0  17:07.70 nts	1693200623703
572818 toao      20   0  113.9g   7.5g   3.4g S  3071   6.0  17:27.74 nts	1693200624407
572818 toao      20   0  113.9g   7.5g   3.4g S  2641   6.0  17:47.75 nts	1693200625110
572818 toao      20   0  113.9g   7.5g   3.4g S  2962   6.0  18:07.69 nts	1693200625813
572818 toao      20   0  113.6g   7.5g   3.4g S  3038   6.0  18:27.93 nts	1693200626514
572818 toao      20   0  113.9g   7.5g   3.4g S  2541   6.0  18:45.09 nts	1693200627213
572818 toao      20   0  113.9g   7.5g   3.4g S  3382   6.0  19:05.47 nts	1693200627914
572818 toao      20   0  114.4g   7.6g   3.4g S  2694   6.0  19:24.99 nts	1693200628618
572818 toao      20   0  113.9g   7.5g   3.4g S  2667   6.0  19:45.85 nts	1693200629322
572818 toao      20   0  113.3g   7.5g   3.4g S  2165   6.0  20:03.86 nts	1693200630027
572818 toao      20   0  113.9g   7.5g   3.4g S  3141   6.0  20:23.51 nts	1693200630732
572818 toao      20   0  113.9g   7.5g   3.4g S  2724   6.0  20:43.99 nts	1693200631431
572818 toao      20   0  113.9g   7.5g   3.4g S  2818   6.0  21:04.16 nts	1693200632132
572818 toao      20   0  113.9g   7.5g   3.4g S  2671   6.0  21:24.29 nts	1693200632835
572818 toao      20   0       0      0      0 Z 100.0   0.0  21:27.15 nts	1693200633536
