3669124 toao      20   0 2489196 103792  69668 R  88.9   0.1   0:00.18 nts	1693196932621
3669124 toao      20   0 8413728 260712 117564 R  8000   0.2   0:25.02 nts	1693196933329
3669124 toao      20   0 8413728 260712 117564 R  8000   0.2   1:20.54 nts	1693196934053
3669124 toao      20   0 8413728 260712 117564 R  7161   0.2   2:17.59 nts	1693196934776
3669124 toao      20   0 8813328 522260 117748 R 200.0   0.4   2:37.71 nts	1693196935479
3669124 toao      20   0 8813328 539948 117748 R 212.5   0.4   2:39.10 nts	1693196936172
3669124 toao      20   0 8813328 541004 117748 R 194.1   0.4   2:40.47 nts	1693196936872
3669124 toao      20   0 8813328 541532 117748 R 200.0   0.4   2:41.85 nts	1693196937568
3669124 toao      20   0 8813328 541796 117748 R 206.2   0.4   2:43.23 nts	1693196938265
3669124 toao      20   0 8813328 542324 117748 R 194.1   0.4   2:44.61 nts	1693196938960
3669124 toao      20   0 8813328 542588 117748 R 200.0   0.4   2:46.00 nts	1693196939656
3669124 toao      20   0 8813328 542588 117748 R 200.0   0.4   2:47.39 nts	1693196940357
3669124 toao      20   0 8813328 542852 117748 R 200.0   0.4   2:48.78 nts	1693196941056
3669124 toao      20   0 8813328 542852 117748 R 194.1   0.4   2:50.16 nts	1693196941758
3669124 toao      20   0 8813328 542852 117748 R 194.1   0.4   2:51.54 nts	1693196942459
3669124 toao      20   0 8813328 636572 117748 R 206.2   0.5   2:52.92 nts	1693196943155
3669124 toao      20   0 8813328 645548 117748 R 205.9   0.5   2:54.33 nts	1693196943852
3669124 toao      20   0 8813328 647132 117748 R 205.9   0.5   2:55.73 nts	1693196944561
3669124 toao      20   0 8813328 647660 117748 R 200.0   0.5   2:57.12 nts	1693196945264
3669124 toao      20   0 8813328 647924 117748 R 194.1   0.5   2:58.51 nts	1693196945968
3669124 toao      20   0 8813328 648188 117748 R 212.5   0.5   2:59.90 nts	1693196946673
3669124 toao      20   0 8813328 648188 117748 R 200.0   0.5   3:01.30 nts	1693196947376
3669124 toao      20   0 8813328 648188 117748 R 200.0   0.5   3:02.70 nts	1693196948080
3669124 toao      20   0 8813328 648188 117748 R 194.1   0.5   3:04.10 nts	1693196948785
3669124 toao      20   0 8813328 648188 117748 R 205.9   0.5   3:05.50 nts	1693196949490
3669124 toao      20   0 8813328 648452 117748 R 212.5   0.5   3:06.89 nts	1693196950192
3669124 toao      20   0 8813328 648452 117748 R 205.9   0.5   3:08.29 nts	1693196950896
3669124 toao      20   0 9007352 777020 117868 R 100.0   0.6   3:09.36 nts	1693196951599
3669124 toao      20   0   11.0g   1.6g 117868 R 850.0   1.3   3:13.72 nts	1693196952299
3669124 toao      20   0   11.0g   1.7g 117868 R 823.5   1.3   3:20.36 nts	1693196953005
3669124 toao      20   0   11.0g   1.7g 117868 R  1006   1.3   3:26.61 nts	1693196953714
3669124 toao      20   0   11.0g   1.7g 117868 R 823.5   1.3   3:33.11 nts	1693196954410
3669124 toao      20   0   11.0g   1.7g 117868 R  1067   1.3   3:40.51 nts	1693196955111
3669124 toao      20   0   11.0g   1.7g 117868 R  1053   1.3   3:48.20 nts	1693196955812
3669124 toao      20   0   11.0g   1.7g 117868 R 764.7   1.4   3:54.94 nts	1693196956521
3669124 toao      20   0   11.0g   2.4g 117868 R  1212   1.9   4:04.23 nts	1693196957223
3669124 toao      20   0   11.0g   2.5g 117868 R  1344   2.0   4:13.58 nts	1693196957930
3669124 toao      20   0   11.0g   2.5g 117868 R  1472   2.0   4:23.10 nts	1693196958645
3669124 toao      20   0   11.0g   2.5g 117868 R 983.3   2.0   4:31.33 nts	1693196959361
3669124 toao      20   0   11.0g   2.5g 117868 R  1300   2.0   4:40.21 nts	1693196960064
3669124 toao      20   0   11.0g   2.5g 117868 R 929.4   2.0   4:47.90 nts	1693196960778
3669124 toao      20   0   11.0g   2.5g 117868 S  1524   2.0   4:57.52 nts	1693196961484
3669124 toao      20   0   11.0g   2.5g 117868 R  1567   2.0   5:06.70 nts	1693196962198
3669124 toao      20   0   15.2g   2.5g 118004 R 212.5   2.0   5:11.87 nts	1693196962913
3669124 toao      20   0   15.2g   2.5g 118004 R 200.0   2.0   5:13.26 nts	1693196963616
3669124 toao      20   0   15.2g   2.5g 118004 R 194.1   2.0   5:14.64 nts	1693196964321
3669124 toao      20   0   15.2g   2.5g 118004 R 194.1   2.0   5:16.04 nts	1693196965025
3669124 toao      20   0   15.2g   2.5g 118004 R 200.0   2.0   5:17.45 nts	1693196965735
3669124 toao      20   0   15.2g   2.5g 118004 R 205.9   2.0   5:18.86 nts	1693196966446
3669124 toao      20   0   15.2g   2.5g 118004 R 200.0   2.0   5:20.27 nts	1693196967163
3669124 toao      20   0   15.2g   2.5g 118004 R 194.1   2.0   5:21.67 nts	1693196967878
3669124 toao      20   0   15.2g   2.6g 118004 R 206.2   2.0   5:23.06 nts	1693196968583
3669124 toao      20   0   15.2g   2.6g 118004 R 212.5   2.0   5:24.45 nts	1693196969282
3669124 toao      20   0   15.2g   2.6g 118004 R 194.1   2.1   5:25.83 nts	1693196969982
3669124 toao      20   0   15.2g   2.6g 118004 R 194.4   2.1   5:27.26 nts	1693196970682
3669124 toao      20   0   15.2g   2.6g 118004 R 200.0   2.1   5:28.65 nts	1693196971399
3669124 toao      20   0   15.2g   2.6g 118004 R 194.1   2.1   5:30.03 nts	1693196972099
3669124 toao      20   0   15.2g   2.6g 118004 R 200.0   2.1   5:31.43 nts	1693196972800
3669124 toao      20   0   15.2g   2.6g 118004 R 212.5   2.1   5:32.82 nts	1693196973504
3669124 toao      20   0   15.2g   2.6g 118004 R 212.5   2.1   5:34.20 nts	1693196974202
3669124 toao      20   0   15.2g   2.6g 118004 R 218.8   2.1   5:35.60 nts	1693196974902
3669124 toao      20   0   15.2g   2.7g 118004 R 206.2   2.1   5:36.97 nts	1693196975602
3669124 toao      20   0   15.2g   2.7g 118004 R 194.1   2.1   5:38.36 nts	1693196976301
3669124 toao      20   0   15.2g   2.7g 118004 R 200.0   2.1   5:39.75 nts	1693196976997
3669124 toao      20   0   15.2g   2.7g 118004 R 205.9   2.1   5:41.14 nts	1693196977695
3669124 toao      20   0   15.2g   2.7g 118004 R 200.0   2.1   5:42.52 nts	1693196978394
3669124 toao      20   0   15.3g   2.7g 118004 R 138.9   2.2   5:43.85 nts	1693196979098
3669124 toao      20   0   17.8g   3.0g 118004 R 770.6   2.4   5:45.69 nts	1693196979809
3669124 toao      20   0   17.8g   3.0g 118004 R 688.2   2.4   5:50.44 nts	1693196980515
3669124 toao      20   0   17.8g   3.2g 118004 R 647.1   2.5   5:55.44 nts	1693196981221
3669124 toao      20   0   17.8g   3.3g 118004 R 676.5   2.6   6:00.10 nts	1693196981919
3669124 toao      20   0   17.8g   3.4g 118004 R 564.7   2.7   6:04.71 nts	1693196982625
3669124 toao      20   0   17.8g   3.5g 118004 R 570.6   2.8   6:08.73 nts	1693196983328
3669124 toao      20   0   17.8g   3.6g 118004 R 576.5   2.9   6:12.30 nts	1693196984034
3669124 toao      20   0   17.8g   3.7g 118004 R  1553   2.9   6:20.74 nts	1693196984741
3669124 toao      20   0   17.8g   3.8g 118004 R 476.5   3.0   6:27.59 nts	1693196985445
3669124 toao      20   0   17.8g   3.9g 118004 R 588.2   3.1   6:31.95 nts	1693196986153
3669124 toao      20   0   17.8g   4.0g 118004 R 505.6   3.2   6:35.89 nts	1693196986861
3669124 toao      20   0   17.8g   4.1g 118004 R 488.2   3.2   6:40.59 nts	1693196987570
3669124 toao      20   0   17.8g   4.1g 118004 R 611.8   3.3   6:44.30 nts	1693196988274
3669124 toao      20   0   17.8g   4.3g 118004 R 641.2   3.4   6:49.00 nts	1693196988979
3669124 toao      20   0   17.8g   4.4g 118004 R 611.8   3.5   6:53.31 nts	1693196989684
3669124 toao      20   0   17.8g   4.5g 118004 R 582.4   3.6   6:57.72 nts	1693196990393
3669124 toao      20   0   17.8g   4.6g 118004 R 911.8   3.6   7:02.76 nts	1693196991100
3669124 toao      20   0   21.8g   4.6g 118004 R 100.0   3.7   7:05.57 nts	1693196991805
3669124 toao      20   0   22.0g   4.7g 118004 R  1276   3.8   7:08.27 nts	1693196992508
3669124 toao      20   0   22.0g   4.8g 118004 R 100.0   3.8   7:08.99 nts	1693196993210
3669124 toao      20   0   22.0g   4.8g 118004 R 100.0   3.8   7:09.69 nts	1693196993917
3669124 toao      20   0   22.0g   4.8g 118004 R  94.4   3.8   7:10.39 nts	1693196994621
3669124 toao      20   0   22.0g   4.8g 118004 R 105.9   3.8   7:11.10 nts	1693196995328
3669124 toao      20   0   22.0g   4.8g 118004 R  94.1   3.8   7:11.79 nts	1693196996030
3669124 toao      20   0   22.0g   4.8g 118004 R 100.0   3.8   7:12.50 nts	1693196996730
3669124 toao      20   0   22.0g   4.8g 118004 R 106.2   3.8   7:13.20 nts	1693196997434
3669124 toao      20   0   22.0g   4.8g 118004 R 100.0   3.8   7:13.89 nts	1693196998133
3669124 toao      20   0   22.0g   4.8g 118004 R 106.2   3.8   7:14.60 nts	1693196998833
3669124 toao      20   0   22.0g   4.8g 118004 R  94.1   3.8   7:15.29 nts	1693196999531
3669124 toao      20   0   22.0g   4.8g 118004 R  94.1   3.8   7:15.99 nts	1693197000231
3669124 toao      20   0   22.0g   4.8g 118004 R 100.0   3.8   7:16.70 nts	1693197000931
3669124 toao      20   0   22.0g   4.8g 118004 R 100.0   3.8   7:17.40 nts	1693197001631
3669124 toao      20   0   22.0g   4.8g 118004 R 100.0   3.8   7:18.10 nts	1693197002335
3669124 toao      20   0   22.0g   4.8g 118004 R 105.9   3.8   7:18.81 nts	1693197003034
3669124 toao      20   0   22.0g   4.8g 118004 R 105.9   3.8   7:19.51 nts	1693197003739
3669124 toao      20   0   23.9g   5.0g 118004 R 100.0   4.0   7:20.21 nts	1693197004442
3669124 toao      20   0   23.9g   5.8g 118004 R 100.0   4.6   7:20.91 nts	1693197005146
3669124 toao      20   0   23.9g   5.8g 118004 R 100.0   4.7   7:21.61 nts	1693197005846
3669124 toao      20   0   23.9g   5.9g 118004 R 100.0   4.7   7:22.31 nts	1693197006546
3669124 toao      20   0   23.9g   5.9g 118004 R 100.0   4.7   7:23.01 nts	1693197007248
3669124 toao      20   0   23.9g   5.9g 118004 R 100.0   4.7   7:23.71 nts	1693197007948
3669124 toao      20   0   23.9g   5.9g 118004 R 100.0   4.7   7:24.41 nts	1693197008647
3669124 toao      20   0   23.9g   5.9g 118004 R 100.0   4.7   7:25.11 nts	1693197009347
3669124 toao      20   0   23.9g   5.9g 118004 R 105.9   4.7   7:25.82 nts	1693197010047
3669124 toao      20   0   23.9g   5.9g 118004 R 100.0   4.7   7:26.52 nts	1693197010750
3669124 toao      20   0   23.9g   5.9g 118004 R 100.0   4.7   7:27.21 nts	1693197011451
3669124 toao      20   0   23.9g   5.9g 118004 R 105.9   4.7   7:27.92 nts	1693197012150
3669124 toao      20   0   23.9g   5.9g 118004 R 100.0   4.7   7:28.61 nts	1693197012851
3669124 toao      20   0   23.9g   5.9g 118004 R 100.0   4.7   7:29.31 nts	1693197013551
3669124 toao      20   0   23.9g   5.9g 118004 R 100.0   4.7   7:30.01 nts	1693197014251
3669124 toao      20   0   23.9g   5.9g 118004 R 105.9   4.7   7:30.72 nts	1693197014950
3669124 toao      20   0   23.9g   5.9g 118004 R  94.1   4.7   7:31.41 nts	1693197015651
3669124 toao      20   0   23.9g   5.9g 118004 R 100.0   4.7   7:32.12 nts	1693197016351
3669124 toao      20   0   23.9g   5.9g 118004 R 105.9   4.7   7:32.82 nts	1693197017055
3669124 toao      20   0   23.9g   5.9g 118004 R 100.0   4.7   7:33.52 nts	1693197017755
3669124 toao      20   0   23.9g   5.9g 118004 R 100.0   4.7   7:34.22 nts	1693197018455
3669124 toao      20   0   23.9g   5.9g 118004 R 100.0   4.7   7:34.92 nts	1693197019158
3669124 toao      20   0   23.9g   5.9g 118004 R 106.2   4.7   7:35.62 nts	1693197019862
3669124 toao      20   0   23.9g   6.4g 118004 R 105.9   5.1   7:36.33 nts	1693197020564
3669124 toao      20   0   23.9g   6.5g 118004 R 100.0   5.2   7:37.03 nts	1693197021266
3669124 toao      20   0   23.9g   6.6g 118004 R 100.0   5.2   7:37.73 nts	1693197021971
3669124 toao      20   0   23.9g   6.6g 118004 R 100.0   5.3   7:38.43 nts	1693197022671
3669124 toao      20   0   23.9g   6.6g 118004 R 100.0   5.3   7:39.13 nts	1693197023371
3669124 toao      20   0   23.9g   6.6g 118004 R 100.0   5.3   7:39.83 nts	1693197024070
3669124 toao      20   0   23.9g   6.7g 118004 R 100.0   5.3   7:40.53 nts	1693197024771
3669124 toao      20   0   23.9g   6.7g 118004 R 105.9   5.3   7:41.24 nts	1693197025472
3669124 toao      20   0   23.9g   6.7g 118004 R 100.0   5.3   7:41.93 nts	1693197026178
3669124 toao      20   0   23.9g   6.7g 118004 R 100.0   5.3   7:42.63 nts	1693197026879
3669124 toao      20   0   23.9g   6.7g 118004 R 100.0   5.3   7:43.33 nts	1693197027578
3669124 toao      20   0   23.9g   6.7g 118004 R 100.0   5.3   7:44.04 nts	1693197028279
3669124 toao      20   0   23.9g   6.7g 118004 R 100.0   5.3   7:44.73 nts	1693197028979
3669124 toao      20   0   23.9g   6.7g 118004 R  94.1   5.3   7:45.43 nts	1693197029680
3669124 toao      20   0   23.9g   6.7g 118004 R 105.9   5.3   7:46.14 nts	1693197030381
3669124 toao      20   0   23.9g   6.7g 118004 R 106.2   5.3   7:46.84 nts	1693197031082
3669124 toao      20   0   23.9g   6.7g 118004 R 106.2   5.3   7:47.54 nts	1693197031784
3669124 toao      20   0   23.9g   6.7g 118004 R 106.2   5.3   7:48.24 nts	1693197032483
3669124 toao      20   0   23.9g   6.7g 118004 R 106.2   5.3   7:48.94 nts	1693197033183
3669124 toao      20   0   23.9g   6.7g 118004 R 106.2   5.3   7:49.64 nts	1693197033883
3669124 toao      20   0   23.9g   6.7g 118004 R 100.0   5.3   7:50.34 nts	1693197034583
3669124 toao      20   0   23.9g   6.7g 118004 R 106.2   5.3   7:51.04 nts	1693197035284
3669124 toao      20   0   23.9g   6.7g 118004 R 100.0   5.3   7:51.73 nts	1693197035982
3669124 toao      20   0   23.9g   6.7g 118004 R 106.2   5.3   7:52.44 nts	1693197036682
3669124 toao      20   0   23.9g   6.7g 118004 R 106.2   5.3   7:53.14 nts	1693197037383
3669124 toao      20   0   23.9g   6.7g 118004 R 100.0   5.3   7:53.84 nts	1693197038084
3669124 toao      20   0   23.9g   6.7g 118004 R 100.0   5.3   7:54.54 nts	1693197038787
3669124 toao      20   0   23.9g   6.7g 118004 R  94.1   5.3   7:55.24 nts	1693197039488
3669124 toao      20   0   33.4g   7.4g 283072 R 106.2   5.9   7:56.96 nts	1693197040192
3669124 toao      20   0   34.3g   8.2g 424300 R 112.5   6.5   7:57.67 nts	1693197040895
3669124 toao      20   0   37.0g   9.1g 531248 R 106.2   7.3   7:58.36 nts	1693197041595
3669124 toao      20   0   37.1g  10.7g 531248 R 106.2   8.5   7:59.06 nts	1693197042294
3669124 toao      20   0   37.1g  10.7g 531248 R 106.2   8.5   7:59.76 nts	1693197042994
3669124 toao      20   0   37.1g  10.7g 531248 R 100.0   8.5   8:00.46 nts	1693197043695
3669124 toao      20   0   37.1g  10.7g 531248 R 100.0   8.5   8:01.17 nts	1693197044399
3669124 toao      20   0   37.1g  10.7g 531248 R 100.0   8.5   8:01.87 nts	1693197045102
3669124 toao      20   0   37.1g  10.7g 531248 R 106.2   8.5   8:02.57 nts	1693197045802
3669124 toao      20   0   67.4g  12.8g   2.7g R  94.1  10.2   8:03.27 nts	1693197046503
3669124 toao      20   0   67.4g  15.1g   5.0g R 105.9  12.0   8:03.98 nts	1693197047209
3669124 toao      20   0   67.4g  17.3g   7.2g R 105.9  13.8   8:04.69 nts	1693197047913
3669124 toao      20   0   67.4g  19.5g   9.4g R 100.0  15.6   8:05.39 nts	1693197048619
3669124 toao      20   0   67.4g  21.8g  11.6g R 100.0  17.3   8:06.10 nts	1693197049325
3669124 toao      20   0   67.4g  24.0g  13.9g R 100.0  19.2   8:06.81 nts	1693197050032
3669124 toao      20   0   67.4g  26.3g  16.1g R 112.5  20.9   8:07.51 nts	1693197050735
3669124 toao      20   0   67.4g  28.5g  18.4g R  94.1  22.7   8:08.20 nts	1693197051435
3669124 toao      20   0   67.4g  30.8g  20.7g R 100.0  24.6   8:08.90 nts	1693197052135
3669124 toao      20   0   67.4g  33.1g  22.9g R 100.0  26.4   8:09.61 nts	1693197052835
3669124 toao      20   0   67.4g  35.3g  25.2g R 100.0  28.2   8:10.31 nts	1693197053540
3669124 toao      20   0   67.4g  37.6g  27.5g R 100.0  30.0   8:11.01 nts	1693197054239
3669124 toao      20   0   67.4g  39.9g  29.8g R 100.0  31.8   8:11.72 nts	1693197054944
3669124 toao      20   0   67.4g  41.0g  30.9g R 100.0  32.7   8:12.42 nts	1693197055648
3669124 toao      20   0   67.4g  41.0g  30.9g R 100.0  32.7   8:13.11 nts	1693197056351
3669124 toao      20   0   67.6g  41.1g  30.9g R 106.2  32.7   8:13.82 nts	1693197057052
3669124 toao      20   0   67.6g  41.1g  30.9g R 100.0  32.7   8:14.52 nts	1693197057756
3669124 toao      20   0   67.6g  41.1g  30.9g R 105.9  32.7   8:15.23 nts	1693197058459
3669124 toao      20   0   67.6g  41.1g  30.9g R 105.9  32.7   8:15.93 nts	1693197059162
3669124 toao      20   0   67.6g  41.1g  30.9g R 100.0  32.7   8:16.63 nts	1693197059866
3669124 toao      20   0   67.6g  41.1g  30.9g R 100.0  32.7   8:17.33 nts	1693197060568
3669124 toao      20   0   67.6g  41.1g  30.9g R 100.0  32.7   8:18.03 nts	1693197061267
3669124 toao      20   0   67.6g  41.1g  30.9g R 100.0  32.7   8:18.73 nts	1693197061967
3669124 toao      20   0   67.6g  41.1g  30.9g R 100.0  32.7   8:19.43 nts	1693197062671
3669124 toao      20   0   67.6g  41.1g  30.9g R 100.0  32.7   8:20.14 nts	1693197063371
3669124 toao      20   0   67.6g  41.1g  30.9g R 100.0  32.7   8:20.84 nts	1693197064075
3669124 toao      20   0   67.6g  41.1g  30.9g R  94.4  32.8   8:21.55 nts	1693197064781
3669124 toao      20   0   67.6g  41.1g  30.9g R 105.9  32.8   8:22.26 nts	1693197065487
3669124 toao      20   0   67.6g  41.1g  30.9g R 100.0  32.8   8:22.96 nts	1693197066191
3669124 toao      20   0   67.6g  41.1g  30.9g R 100.0  32.8   8:23.66 nts	1693197066896
3669124 toao      20   0   67.6g  41.1g  30.9g R 100.0  32.8   8:24.36 nts	1693197067597
3669124 toao      20   0   67.6g  41.1g  30.9g R 100.0  32.8   8:25.06 nts	1693197068295
3669124 toao      20   0   67.6g  41.1g  30.9g R 100.0  32.8   8:25.76 nts	1693197068995
3669124 toao      20   0   67.6g  41.1g  30.9g R 100.0  32.8   8:26.46 nts	1693197069695
3669124 toao      20   0   67.6g  41.1g  30.9g R 100.0  32.8   8:27.16 nts	1693197070395
3669124 toao      20   0   67.6g  41.1g  30.9g R 100.0  32.8   8:27.86 nts	1693197071095
3669124 toao      20   0   67.6g  41.1g  30.9g R 100.0  32.8   8:28.56 nts	1693197071795
3669124 toao      20   0   67.6g  41.1g  30.9g R 100.0  32.8   8:29.26 nts	1693197072495
3669124 toao      20   0   67.6g  41.1g  30.9g R 105.9  32.8   8:29.97 nts	1693197073196
3669124 toao      20   0   67.6g  41.1g  30.9g R 100.0  32.8   8:30.67 nts	1693197073899
3669124 toao      20   0   67.6g  41.1g  30.9g R 100.0  32.8   8:31.37 nts	1693197074602
3669124 toao      20   0   67.6g  41.1g  30.9g R 106.2  32.8   8:32.07 nts	1693197075305
3669124 toao      20   0   67.6g  41.1g  30.9g R 100.0  32.8   8:32.77 nts	1693197076006
3669124 toao      20   0   67.6g  41.1g  30.9g R 100.0  32.8   8:33.48 nts	1693197076707
3669124 toao      20   0   67.6g  41.1g  30.9g R  94.1  32.8   8:34.17 nts	1693197077411
3669124 toao      20   0   67.6g  41.1g  30.9g R 100.0  32.8   8:34.88 nts	1693197078114
3669124 toao      20   0   67.6g  41.1g  30.9g R 100.0  32.8   8:35.58 nts	1693197078819
3669124 toao      20   0   67.6g  41.1g  30.9g R 105.9  32.8   8:36.29 nts	1693197079519
3669124 toao      20   0   67.6g  41.1g  30.9g R 100.0  32.8   8:37.00 nts	1693197080226
3669124 toao      20   0   67.6g  41.1g  30.9g R 105.9  32.8   8:37.70 nts	1693197080931
3669124 toao      20   0   67.6g  41.1g  30.9g R 100.0  32.8   8:38.40 nts	1693197081634
3669124 toao      20   0   67.6g  41.1g  30.9g R 100.0  32.8   8:39.10 nts	1693197082340
3669124 toao      20   0   67.6g  41.1g  30.9g R 100.0  32.8   8:39.82 nts	1693197083045
3669124 toao      20   0   67.6g  41.1g  30.9g R 105.9  32.8   8:40.53 nts	1693197083754
3669124 toao      20   0   67.6g  41.1g  30.9g R 100.0  32.8   8:41.22 nts	1693197084460
3669124 toao      20   0   67.6g  41.1g  30.9g R 100.0  32.8   8:41.93 nts	1693197085162
3669124 toao      20   0   67.6g  41.2g  30.9g R 106.2  32.8   8:42.63 nts	1693197085862
3669124 toao      20   0   67.6g  41.2g  30.9g R 100.0  32.8   8:43.33 nts	1693197086565
3669124 toao      20   0   67.6g  41.2g  30.9g R 100.0  32.8   8:44.03 nts	1693197087266
3669124 toao      20   0   67.6g  41.2g  30.9g R 100.0  32.8   8:44.73 nts	1693197087966
3669124 toao      20   0   67.6g  41.2g  30.9g R 100.0  32.8   8:45.44 nts	1693197088670
3669124 toao      20   0   67.6g  41.2g  30.9g R  94.1  32.8   8:46.14 nts	1693197089372
3669124 toao      20   0   67.6g  41.2g  30.9g R 100.0  32.8   8:46.85 nts	1693197090076
3669124 toao      20   0   67.6g  41.2g  30.9g R 100.0  32.8   8:47.55 nts	1693197090779
3669124 toao      20   0   67.6g  41.2g  30.9g R 100.0  32.8   8:48.25 nts	1693197091479
3669124 toao      20   0   67.6g  41.2g  30.9g R 100.0  32.8   8:48.95 nts	1693197092180
3669124 toao      20   0   67.6g  41.2g  30.9g R 106.2  32.8   8:49.65 nts	1693197092883
3669124 toao      20   0   67.6g  41.2g  30.9g R 106.2  32.8   8:50.35 nts	1693197093584
3669124 toao      20   0   67.6g  41.2g  30.9g R 100.0  32.8   8:51.05 nts	1693197094283
3669124 toao      20   0   67.6g  41.2g  30.9g R 105.9  32.8   8:51.76 nts	1693197094988
3669124 toao      20   0   67.6g  41.2g  30.9g R 100.0  32.8   8:52.45 nts	1693197095687
3669124 toao      20   0   67.6g  41.2g  30.9g R 106.2  32.8   8:53.15 nts	1693197096384
3669124 toao      20   0   67.6g  41.2g  30.9g R 100.0  32.8   8:53.86 nts	1693197097084
3669124 toao      20   0   67.5g  41.2g  30.9g R 429.4  32.9   8:55.10 nts	1693197097788
3669124 toao      20   0   67.6g  41.3g  30.9g R 100.0  32.9   8:55.81 nts	1693197098496
3669124 toao      20   0   67.7g  41.4g  30.9g R 287.5  33.0   8:57.44 nts	1693197099203
3669124 toao      20   0   67.9g  41.4g  30.9g R 270.6  33.0   9:10.29 nts	1693197099908
3669124 toao      20   0   67.9g  41.4g  30.9g R 100.0  33.0   9:23.17 nts	1693197100609
3669124 toao      20   0   67.9g  41.4g  30.9g R 276.5  33.0   9:35.96 nts	1693197101313
3669124 toao      20   0   67.9g  41.4g  30.9g R 270.6  33.0   9:48.78 nts	1693197102024
3669124 toao      20   0   67.9g  41.4g  30.9g R 105.9  33.0  10:01.73 nts	1693197102727
3669124 toao      20   0   67.9g  41.4g  30.9g R  94.4  33.0  10:14.52 nts	1693197103432
3669124 toao      20   0   68.0g  41.4g  30.9g R 100.0  33.0  10:27.52 nts	1693197104138
3669124 toao      20   0   67.9g  41.4g  30.9g R 105.9  33.0  10:40.23 nts	1693197104845
3669124 toao      20   0   68.0g  41.4g  30.9g R  1024  33.0  10:54.57 nts	1693197105550
3669124 toao      20   0   68.0g  41.4g  30.9g R 688.2  33.0  11:06.67 nts	1693197106254
3669124 toao      20   0   68.0g  41.4g  30.9g R 441.2  33.0  11:19.34 nts	1693197106959
3669124 toao      20   0   68.0g  41.4g  30.9g R  1238  33.0  11:33.57 nts	1693197107663
3669124 toao      20   0   68.0g  41.5g  30.9g R  2212  33.0  11:47.87 nts	1693197108363
3669124 toao      20   0   68.0g  41.5g  30.9g R  2618  33.0  12:01.66 nts	1693197109063
3669124 toao      20   0   68.0g  41.5g  30.9g R  2612  33.0  12:14.52 nts	1693197109767
3669124 toao      20   0   68.0g  41.5g  30.9g R  2429  33.0  12:27.36 nts	1693197110472
3669124 toao      20   0   68.0g  41.5g  30.9g R  3412  33.1  12:41.96 nts	1693197111178
3669124 toao      20   0   68.0g  41.5g  30.9g R  4035  33.1  12:56.52 nts	1693197111880
3669124 toao      20   0   68.0g  41.5g  30.9g R  3853  33.1  13:10.96 nts	1693197112584
3669124 toao      20   0   67.9g  41.4g  30.9g R  4041  33.0  13:25.55 nts	1693197113285
3669124 toao      20   0   67.8g  41.3g  30.9g R  3424  32.9  13:38.68 nts	1693197113990
3669124 toao      20   0   67.8g  41.4g  30.9g R  2065  33.0  13:51.01 nts	1693197114694
3669124 toao      20   0   67.8g  41.3g  30.9g R  2094  33.0  14:03.91 nts	1693197115399
3669124 toao      20   0   67.8g  41.4g  30.9g R  1661  33.0  14:16.84 nts	1693197116107
3669124 toao      20   0   67.9g  41.4g  30.9g R 705.6  33.0  14:29.80 nts	1693197116820
3669124 toao      20   0   67.9g  41.4g  30.9g R 576.5  33.0  14:42.58 nts	1693197117527
3669124 toao      20   0   67.9g  41.4g  30.9g R 494.1  33.0  14:55.18 nts	1693197118232
3669124 toao      20   0   67.9g  41.4g  30.9g R 552.9  33.0  15:08.06 nts	1693197118932
3669124 toao      20   0   67.9g  41.4g  30.9g R 500.0  33.0  15:20.56 nts	1693197119635
3669124 toao      20   0   67.9g  41.4g  30.9g R 500.0  33.0  15:33.36 nts	1693197120338
3669124 toao      20   0   67.9g  41.4g  30.9g R 552.9  33.0  15:46.09 nts	1693197121038
3669124 toao      20   0   67.9g  41.4g  30.9g R 264.7  33.0  15:58.49 nts	1693197121740
3669124 toao      20   0   67.9g  41.4g  30.9g R 400.0  33.0  16:11.59 nts	1693197122443
3669124 toao      20   0   67.9g  41.4g  30.9g R 100.0  33.0  16:23.92 nts	1693197123146
3669124 toao      20   0   68.0g  41.4g  30.9g R 376.5  33.0  16:36.75 nts	1693197123847
3669124 toao      20   0   68.0g  41.4g  30.9g R 582.4  33.0  16:49.66 nts	1693197124551
3669124 toao      20   0   68.0g  41.4g  30.9g R  1376  33.0  17:04.03 nts	1693197125257
3669124 toao      20   0   68.0g  41.4g  30.9g R  1659  33.0  17:16.83 nts	1693197125965
3669124 toao      20   0   68.0g  41.5g  30.9g R  2047  33.0  17:29.93 nts	1693197126668
3669124 toao      20   0   68.0g  41.5g  30.9g R  2582  33.0  17:43.16 nts	1693197127369
3669124 toao      20   0   68.0g  41.5g  30.9g R  2541  33.0  17:55.70 nts	1693197128070
3669124 toao      20   0   68.0g  41.5g  30.9g R  3847  33.1  18:10.21 nts	1693197128774
3669124 toao      20   0   68.0g  41.5g  30.9g R  4041  33.1  18:24.80 nts	1693197129475
3669124 toao      20   0   68.0g  41.5g  30.9g R  4035  33.1  18:37.63 nts	1693197130179
3669124 toao      20   0   68.0g  41.5g  30.9g R  4041  33.1  18:52.06 nts	1693197130885
3669124 toao      20   0   68.0g  41.5g  30.9g R  4194  33.1  19:03.36 nts	1693197131593
3669124 toao      20   0   67.8g  41.3g  30.9g R  4088  32.9  19:17.65 nts	1693197132294
3669124 toao      20   0   67.8g  41.3g  30.9g R  2931  32.9  19:30.26 nts	1693197132994
3669124 toao      20   0   67.8g  41.4g  30.9g S  1132  33.0  19:42.86 nts	1693197133695
3669124 toao      20   0   67.9g  41.4g  30.9g R 716.7  33.0  19:55.65 nts	1693197134414
3669124 toao      20   0   67.9g  41.4g  30.9g R 482.4  33.0  20:07.55 nts	1693197135128
3669124 toao      20   0   67.9g  41.4g  30.9g R 470.6  33.0  20:19.93 nts	1693197135830
3669124 toao      20   0   67.9g  41.4g  30.9g R 488.2  33.0  20:32.13 nts	1693197136531
3669124 toao      20   0   67.9g  41.4g  30.9g R 275.0  33.0  20:44.25 nts	1693197137234
3669124 toao      20   0   67.9g  41.4g  30.9g R 281.2  33.0  20:56.67 nts	1693197137934
3669124 toao      20   0   67.9g  41.4g  30.9g R 100.0  33.0  21:09.07 nts	1693197138634
3669124 toao      20   0   67.9g  41.4g  30.9g R  94.1  33.0  21:21.19 nts	1693197139340
3669124 toao      20   0   67.9g  41.4g  30.9g R 264.7  33.0  21:33.74 nts	1693197140042
3669124 toao      20   0   67.9g  41.4g  30.9g R 482.4  33.0  21:46.47 nts	1693197140745
3669124 toao      20   0   67.9g  41.4g  30.9g R 264.7  33.0  21:58.45 nts	1693197141447
3669124 toao      20   0   67.9g  41.4g  30.9g R 494.1  33.0  22:10.93 nts	1693197142151
3669124 toao      20   0   67.9g  41.4g  30.9g R 500.0  33.0  22:23.62 nts	1693197142855
3669124 toao      20   0   67.9g  41.4g  30.9g R 535.3  33.0  22:36.20 nts	1693197143556
3669124 toao      20   0   67.9g  41.4g  30.9g R 270.6  33.0  22:48.52 nts	1693197144259
3669124 toao      20   0   67.9g  41.4g  30.9g R 258.8  33.0  23:00.79 nts	1693197144963
3669124 toao      20   0   67.9g  41.4g  30.9g R 244.4  33.0  23:13.17 nts	1693197145666
3669124 toao      20   0   67.9g  41.4g  30.9g R 264.7  33.0  23:25.67 nts	1693197146382
3669124 toao      20   0   67.9g  41.4g  30.9g R 100.0  33.0  23:38.13 nts	1693197147080
3669124 toao      20   0   67.9g  41.4g  30.9g R 100.0  33.0  23:50.38 nts	1693197147781
3669124 toao      20   0   68.0g  41.4g  30.9g R 831.2  33.0  24:03.77 nts	1693197148483
3669124 toao      20   0   68.0g  41.5g  30.9g R  2356  33.0  24:18.43 nts	1693197149184
3669124 toao      20   0   68.0g  41.4g  30.9g R 417.6  33.0  24:27.38 nts	1693197149891
3669124 toao      20   0   68.0g  41.4g  30.9g R 952.9  33.0  24:40.83 nts	1693197150595
3669124 toao      20   0   68.0g  41.4g  30.9g R  1344  33.0  24:54.04 nts	1693197151295
3669124 toao      20   0   67.9g  41.4g  30.9g R 100.0  33.0  25:04.44 nts	1693197151995
3669124 toao      20   0   67.9g  41.4g  30.9g R  94.4  33.0  25:16.76 nts	1693197152701
3669124 toao      20   0   67.9g  41.4g  30.9g R  94.1  33.0  25:28.81 nts	1693197153408
3669124 toao      20   0   67.9g  41.4g  30.9g R 100.0  33.0  25:40.66 nts	1693197154111
3669124 toao      20   0   68.0g  41.4g  30.9g R  1447  33.0  25:55.02 nts	1693197154811
3669124 toao      20   0   68.0g  41.5g  30.9g R  2756  33.0  26:09.24 nts	1693197155515
3669124 toao      20   0   68.0g  41.5g  30.9g R  3953  33.1  26:23.56 nts	1693197156215
3669124 toao      20   0   68.0g  41.5g  30.9g R  1965  33.0  26:31.78 nts	1693197156916
3669124 toao      20   0   68.0g  41.5g  30.9g R  3094  33.1  26:45.96 nts	1693197157616
3669124 toao      20   0   68.0g  41.5g  30.9g R  3918  33.1  26:59.67 nts	1693197158315
3669124 toao      20   0   68.0g  41.4g  30.9g R  4018  33.0  27:14.21 nts	1693197159016
3669124 toao      20   0   68.0g  41.5g  30.9g R  4041  33.1  27:26.07 nts	1693197159720
3669124 toao      20   0   67.8g  41.3g  30.9g R  3444  32.9  27:38.99 nts	1693197160423
3669124 toao      20   0   67.8g  41.4g  30.9g R  1938  33.0  27:50.81 nts	1693197161123
3669124 toao      20   0   67.8g  41.4g  30.9g S  1412  33.0  28:03.53 nts	1693197161826
3669124 toao      20   0   68.0g  41.5g  30.9g R  4141  33.1  28:14.81 nts	1693197162526
3669124 toao      20   0   67.8g  41.3g  30.9g R  3694  32.9  28:27.77 nts	1693197163231
3669124 toao      20   0   67.8g  41.3g  30.9g R  2153  32.9  28:39.45 nts	1693197163932
3669124 toao      20   0   67.9g  41.4g  30.9g R 988.9  33.0  28:51.94 nts	1693197164631
3669124 toao      20   0   67.9g  41.4g  30.9g R 482.4  33.0  29:03.80 nts	1693197165335
3669124 toao      20   0   67.9g  41.4g  30.9g R 488.2  33.0  29:15.82 nts	1693197166040
3669124 toao      20   0   67.9g  41.4g  30.9g R 100.0  33.0  29:27.65 nts	1693197166742
3669124 toao      20   0   68.0g  41.4g  30.9g R 741.2  33.0  29:40.89 nts	1693197167448
3669124 toao      20   0   68.0g  41.5g  30.9g R  2118  33.0  29:55.14 nts	1693197168151
3669124 toao      20   0   68.0g  41.5g  30.9g R  2594  33.0  30:07.69 nts	1693197168851
3669124 toao      20   0   68.0g  41.5g  30.9g R  4041  33.1  30:22.19 nts	1693197169551
3669124 toao      20   0   68.0g  41.5g  30.9g R  3747  33.1  30:33.30 nts	1693197170254
3669124 toao      20   0   68.0g  41.5g  30.9g R  3959  33.1  30:46.00 nts	1693197170959
3669124 toao      20   0   68.0g  41.5g  30.9g R  4094  33.1  31:00.68 nts	1693197171662
3669124 toao      20   0   67.8g  41.3g  30.9g R  2676  32.9  31:12.73 nts	1693197172368
3669124 toao      20   0   67.8g  41.3g  30.9g R  3365  32.9  31:24.39 nts	1693197173067
3669124 toao      20   0   67.8g  41.4g  30.9g R  1850  33.0  31:36.50 nts	1693197173768
3669124 toao      20   0   67.9g  41.4g  30.9g R 688.9  33.0  31:48.81 nts	1693197174479
3669124 toao      20   0   67.9g  41.4g  30.9g R 376.5  33.0  32:00.59 nts	1693197175189
3669124 toao      20   0   67.9g  41.4g  30.9g R 750.0  33.0  32:12.90 nts	1693197175892
3669124 toao      20   0   67.9g  41.4g  30.9g R 482.4  33.0  32:24.77 nts	1693197176594
3669124 toao      20   0   67.9g  41.4g  30.9g R 452.9  33.0  32:36.88 nts	1693197177295
3669124 toao      20   0   67.9g  41.4g  30.9g R 611.8  33.0  32:48.86 nts	1693197177994
3669124 toao      20   0   67.9g  41.4g  30.9g R 270.6  33.0  33:00.53 nts	1693197178695
3669124 toao      20   0   67.9g  41.4g  30.9g R 258.8  33.0  33:12.48 nts	1693197179398
3669124 toao      20   0   67.9g  41.4g  30.9g R 106.2  33.0  33:24.21 nts	1693197180102
3669124 toao      20   0   67.9g  41.4g  30.9g R 106.2  33.0  33:36.27 nts	1693197180803
3669124 toao      20   0   67.9g  41.4g  30.9g R 106.2  33.0  33:48.29 nts	1693197181504
3669124 toao      20   0   68.0g  41.4g  30.9g R 537.5  33.0  34:01.15 nts	1693197182204
3669124 toao      20   0   68.0g  41.5g  30.9g R  2265  33.0  34:15.69 nts	1693197182904
3669124 toao      20   0   68.0g  41.5g  30.9g R  3700  33.1  34:29.67 nts	1693197183606
3669124 toao      20   0   68.0g  41.5g  30.9g R  3953  33.1  34:43.61 nts	1693197184307
3669124 toao      20   0   68.0g  41.5g  30.9g R  4041  33.1  34:56.27 nts	1693197185007
3669124 toao      20   0   67.8g  41.3g  30.9g R  3011  32.9  35:09.34 nts	1693197185711
3669124 toao      20   0   67.8g  41.3g  30.9g R  2311  32.9  35:21.19 nts	1693197186419
3669124 toao      20   0   67.8g  41.4g  30.9g S 983.3  33.0  35:33.17 nts	1693197187132
3669124 toao      20   0   67.9g  41.4g  30.9g R 470.6  33.0  35:45.16 nts	1693197187837
3669124 toao      20   0   67.9g  41.4g  30.9g R 600.0  33.0  35:57.50 nts	1693197188541
3669124 toao      20   0   67.9g  41.4g  30.9g R 500.0  33.0  36:09.27 nts	1693197189243
3669124 toao      20   0   67.9g  41.4g  30.9g R 531.2  33.0  36:21.07 nts	1693197189942
3669124 toao      20   0   67.9g  41.4g  30.9g R 258.8  33.0  36:32.83 nts	1693197190647
3669124 toao      20   0   67.9g  41.4g  30.9g R 100.0  33.0  36:44.52 nts	1693197191351
3669124 toao      20   0   67.9g  41.4g  30.9g R 105.9  33.0  36:56.05 nts	1693197192055
3669124 toao      20   0   68.0g  41.4g  30.9g R  1400  33.0  37:09.88 nts	1693197192759
3669124 toao      20   0   68.0g  41.4g  30.9g R  1535  33.0  37:21.74 nts	1693197193459
3669124 toao      20   0   68.0g  41.5g  30.9g R  2882  33.1  37:35.87 nts	1693197194159
3669124 toao      20   0   68.0g  41.5g  30.9g R  3182  33.1  37:48.27 nts	1693197194858
3669124 toao      20   0   68.0g  41.5g  30.9g R  4194  33.1  38:01.74 nts	1693197195563
3669124 toao      20   0   68.0g  41.5g  30.9g R  3959  33.1  38:13.46 nts	1693197196263
3669124 toao      20   0   68.0g  41.5g  30.9g R  4135  33.1  38:28.28 nts	1693197196966
3669124 toao      20   0   67.8g  41.3g  30.9g R  2812  32.9  38:40.72 nts	1693197197677
3669124 toao      20   0   67.9g  41.4g  30.9g R  1288  33.0  38:52.60 nts	1693197198379
3669124 toao      20   0   67.9g  41.4g  30.9g R 470.6  33.0  39:04.36 nts	1693197199082
3669124 toao      20   0   67.9g  41.4g  30.9g R 537.5  33.0  39:16.55 nts	1693197199784
3669124 toao      20   0   67.9g  41.4g  30.9g R 200.0  33.0  39:28.11 nts	1693197200486
3669124 toao      20   0   67.9g  41.4g  30.9g R 100.0  33.0  39:39.67 nts	1693197201190
3669124 toao      20   0   68.0g  41.4g  30.9g R  1382  33.0  39:53.53 nts	1693197201891
3669124 toao      20   0   68.0g  41.4g  30.9g R  1135  33.0  40:05.03 nts	1693197202591
3669124 toao      20   0   68.0g  41.5g  30.9g R  2800  33.0  40:19.37 nts	1693197203295
3669124 toao      20   0   68.0g  41.5g  30.9g R  3929  33.1  40:33.49 nts	1693197203995
3669124 toao      20   0   68.0g  41.5g  30.9g R  3876  33.1  40:44.96 nts	1693197204698
3669124 toao      20   0   68.0g  41.5g  30.9g R  4047  33.1  40:59.50 nts	1693197205396
3669124 toao      20   0   67.8g  41.3g  30.9g R  3581  32.9  41:12.06 nts	1693197206102
3669124 toao      20   0   67.8g  41.3g  30.9g R  2953  32.9  41:23.81 nts	1693197206803
3669124 toao      20   0   67.8g  41.3g  30.9g R  2371  32.9  41:35.41 nts	1693197207515
3669124 toao      20   0   67.8g  41.4g  30.9g R  1588  33.0  41:47.14 nts	1693197208219
3669124 toao      20   0   67.9g  41.4g  30.9g R 731.6  33.0  41:59.42 nts	1693197208919
3669124 toao      20   0   67.9g  41.4g  30.9g R 594.1  33.0  42:11.22 nts	1693197209636
3669124 toao      20   0   67.9g  41.4g  30.9g R 723.5  33.0  42:23.47 nts	1693197210335
3669124 toao      20   0   67.9g  41.4g  30.9g R 105.9  33.0  42:34.99 nts	1693197211036
3669124 toao      20   0   68.0g  41.4g  30.9g R  1006  33.0  42:47.99 nts	1693197211739
3669124 toao      20   0   68.0g  41.5g  30.9g R  2306  33.0  43:01.88 nts	1693197212439
3669124 toao      20   0   68.0g  41.5g  30.9g R  2406  33.0  43:13.67 nts	1693197213140
3669124 toao      20   0   68.0g  41.5g  30.9g R  4138  33.1  43:27.88 nts	1693197213844
3669124 toao      20   0   68.0g  41.5g  30.9g R  4200  33.1  43:40.90 nts	1693197214543
3669124 toao      20   0   68.0g  41.5g  30.9g R  4219  33.1  43:53.89 nts	1693197215244
3669124 toao      20   0   68.0g  41.5g  30.9g R  4041  33.1  44:03.62 nts	1693197215948
3669124 toao      20   0   67.8g  41.3g  30.9g R  3859  32.9  44:17.89 nts	1693197216648
3669124 toao      20   0   67.8g  41.3g  30.9g R  2341  32.9  44:29.34 nts	1693197217351
3669124 toao      20   0   67.8g  41.3g  30.9g R  2888  32.9  44:41.07 nts	1693197218051
3669124 toao      20   0   67.8g  41.3g  30.9g R  2312  32.9  44:52.94 nts	1693197218751
3669124 toao      20   0   67.8g  41.4g  30.9g S  1271  33.0  45:04.76 nts	1693197219451
3669124 toao      20   0   67.9g  41.4g  30.9g R 677.8  33.0  45:16.99 nts	1693197220151
3669124 toao      20   0   67.9g  41.4g  30.9g R 547.1  33.0  45:28.80 nts	1693197220863
3669124 toao      20   0   67.9g  41.4g  30.9g R 447.1  33.0  45:40.45 nts	1693197221567
3669124 toao      20   0   67.9g  41.4g  30.9g R 100.0  33.0  45:51.97 nts	1693197222271
3669124 toao      20   0   67.9g  41.4g  30.9g R 105.9  33.0  46:03.85 nts	1693197222972
3669124 toao      20   0   68.0g  41.4g  30.9g R 200.0  33.0  46:15.79 nts	1693197223676
3669124 toao      20   0   68.0g  41.4g  30.9g R 611.8  33.0  46:28.05 nts	1693197224379
3669124 toao      20   0   68.0g  41.4g  30.9g R  1462  33.0  46:41.24 nts	1693197225084
3669124 toao      20   0   68.0g  41.4g  30.9g R  1600  33.0  46:53.36 nts	1693197225782
3669124 toao      20   0   68.0g  41.5g  30.9g R  3218  33.1  47:07.82 nts	1693197226483
3669124 toao      20   0   68.0g  41.5g  30.9g R  3959  33.1  47:22.12 nts	1693197227188
3669124 toao      20   0   67.8g  41.3g  30.9g R  3635  32.9  47:35.73 nts	1693197227888
3669124 toao      20   0   67.8g  41.4g  30.9g R  1812  33.0  47:47.20 nts	1693197228591
3669124 toao      20   0   67.9g  41.4g  30.9g R 464.7  33.0  47:59.31 nts	1693197229296
3669124 toao      20   0   67.9g  41.4g  30.9g R 487.5  33.0  48:10.84 nts	1693197230004
3669124 toao      20   0   67.9g  41.4g  30.9g R 493.8  33.0  48:22.63 nts	1693197230703
3669124 toao      20   0   67.9g  41.4g  30.9g R 100.0  33.0  48:34.29 nts	1693197231403
3669124 toao      20   0   68.0g  41.4g  30.9g R 750.0  33.0  48:46.60 nts	1693197232103
3669124 toao      20   0   68.0g  41.5g  30.9g R  2365  33.0  49:00.84 nts	1693197232803
3669124 toao      20   0   68.0g  41.5g  30.9g R  4041  33.1  49:15.35 nts	1693197233505
3669124 toao      20   0   68.0g  41.5g  30.9g R  4141  33.1  49:28.72 nts	1693197234209
3669124 toao      20   0   67.8g  41.3g  30.9g R  2718  32.9  49:40.91 nts	1693197234916
3669124 toao      20   0   67.9g  41.4g  30.9g R  1400  33.0  49:52.94 nts	1693197235620
3669124 toao      20   0   67.9g  41.4g  30.9g R 458.8  33.0  50:04.54 nts	1693197236324
3669124 toao      20   0   67.9g  41.4g  30.9g R 376.5  33.0  50:15.99 nts	1693197237026
3669124 toao      20   0   67.9g  41.4g  30.9g R 100.0  33.0  50:27.51 nts	1693197237727
3669124 toao      20   0   68.0g  41.4g  30.9g R 952.9  33.0  50:40.70 nts	1693197238431
3669124 toao      20   0   68.0g  41.5g  30.9g R  2553  33.0  50:55.01 nts	1693197239131
3669124 toao      20   0   68.0g  41.5g  30.9g R  1988  33.0  51:05.48 nts	1693197239834
3669124 toao      20   0   68.0g  41.5g  30.9g R  2224  33.0  51:17.72 nts	1693197240535
3669124 toao      20   0   68.0g  41.5g  30.9g R  2824  33.0  51:30.42 nts	1693197241236
3669124 toao      20   0   68.0g  41.5g  30.9g R  3441  33.1  51:43.21 nts	1693197241936
3669124 toao      20   0   68.0g  41.5g  30.9g R  3876  33.1  51:55.57 nts	1693197242636
3669124 toao      20   0   68.0g  41.5g  30.9g R  4135  33.1  52:10.13 nts	1693197243335
3669124 toao      20   0   67.8g  41.3g  30.9g R  3924  32.9  52:22.32 nts	1693197244044
3669124 toao      20   0   67.8g  41.3g  30.9g R  3324  32.9  52:34.01 nts	1693197244748
3669124 toao      20   0   67.8g  41.3g  30.9g R  2242  32.9  52:45.65 nts	1693197245449
3669124 toao      20   0   67.8g  41.4g  30.9g R  1588  33.0  52:57.38 nts	1693197246166
3669124 toao      20   0   67.9g  41.4g  30.9g R 493.8  33.0  53:09.47 nts	1693197246874
3669124 toao      20   0   67.9g  41.4g  30.9g R 576.5  33.0  53:21.01 nts	1693197247575
3669124 toao      20   0   67.9g  41.4g  30.9g R 100.0  33.0  53:32.30 nts	1693197248278
3669124 toao      20   0   67.9g  41.4g  30.9g R 100.0  33.0  53:43.96 nts	1693197248978
3669124 toao      20   0   67.9g  41.4g  30.9g R 464.7  33.0  53:55.51 nts	1693197249680
3669124 toao      20   0   67.8g  41.4g  30.9g R  1000  33.0  54:06.84 nts	1693197250384
3669124 toao      20   0   67.8g  41.4g  30.9g R  1900  33.0  54:18.22 nts	1693197251088
3669124 toao      20   0   67.9g  41.4g  30.9g R 635.3  33.0  54:30.25 nts	1693197251789
3669124 toao      20   0   67.9g  41.4g  30.9g R 458.8  33.0  54:41.66 nts	1693197252492
3669124 toao      20   0   67.9g  41.4g  30.9g R 300.0  33.0  54:53.26 nts	1693197253190
3669124 toao      20   0   67.9g  41.4g  30.9g R 105.9  33.0  55:04.57 nts	1693197253891
3669124 toao      20   0   67.9g  41.4g  30.9g R 100.0  33.0  55:16.02 nts	1693197254594
3669124 toao      20   0   68.0g  41.4g  30.9g R 576.5  33.0  55:28.42 nts	1693197255299
3669124 toao      20   0   68.0g  41.5g  30.9g R  1941  33.0  55:42.28 nts	1693197256004
3669124 toao      20   0   68.0g  41.5g  30.9g R  3541  33.1  55:56.40 nts	1693197256707
3669124 toao      20   0   68.0g  41.5g  30.9g R  4041  33.1  56:08.51 nts	1693197257407
3669124 toao      20   0   68.0g  41.5g  30.9g R  3811  33.1  56:21.66 nts	1693197258110
3669124 toao      20   0   67.8g  41.3g  30.9g R  3582  32.9  56:34.76 nts	1693197258819
3669124 toao      20   0   67.8g  41.4g  30.9g R  1776  33.0  56:45.95 nts	1693197259520
3669124 toao      20   0   67.9g  41.4g  30.9g R 500.0  33.0  56:58.02 nts	1693197260226
3669124 toao      20   0   67.9g  41.4g  30.9g R 458.8  33.0  57:09.22 nts	1693197260927
3669124 toao      20   0   67.9g  41.4g  30.9g R 241.2  33.0  57:20.65 nts	1693197261627
3669124 toao      20   0   67.9g  41.4g  30.9g R 105.9  33.0  57:32.33 nts	1693197262328
3669124 toao      20   0   68.0g  41.4g  30.9g R  1256  33.0  57:45.81 nts	1693197263031
3669124 toao      20   0   68.0g  41.5g  30.9g R  2935  33.1  57:59.98 nts	1693197263740
3669124 toao      20   0   68.0g  41.5g  30.9g R  3988  33.1  58:12.86 nts	1693197264443
3669124 toao      20   0   68.0g  41.5g  30.9g R  4041  33.1  58:27.23 nts	1693197265143
3669124 toao      20   0   67.8g  41.3g  30.9g R  3065  32.9  58:39.93 nts	1693197265853
3669124 toao      20   0   67.9g  41.4g  30.9g R  1389  33.0  58:51.93 nts	1693197266556
3669124 toao      20   0   67.9g  41.4g  30.9g R 441.2  33.0  59:03.09 nts	1693197267267
3669124 toao      20   0   67.9g  41.4g  30.9g R 247.1  33.0  59:14.35 nts	1693197267968
3669124 toao      20   0   67.9g  41.4g  30.9g R 100.0  33.0  59:26.02 nts	1693197268671
3669124 toao      20   0   68.0g  41.4g  30.9g R 829.4  33.0  59:38.52 nts	1693197269372
3669124 toao      20   0   68.0g  41.5g  30.9g R  2494  33.0  59:52.85 nts	1693197270071
3669124 toao      20   0   68.0g  41.5g  30.9g R  3947  33.1  60:07.09 nts	1693197270775
3669124 toao      20   0   67.9g  41.4g  30.9g R  3859  33.0  60:21.30 nts	1693197271474
3669124 toao      20   0   67.8g  41.3g  30.9g R  2341  32.9  60:33.02 nts	1693197272181
3669124 toao      20   0   67.8g  41.4g  30.9g S  1794  33.0  60:44.91 nts	1693197272882
3669124 toao      20   0   67.8g  41.4g  30.9g R  1800  33.0  60:56.23 nts	1693197273583
3669124 toao      20   0   67.8g  41.4g  30.9g S  1224  33.0  61:08.28 nts	1693197274287
3669124 toao      20   0   67.9g  41.4g  30.9g R 535.3  33.0  61:19.85 nts	1693197274988
3669124 toao      20   0   67.9g  41.4g  30.9g R 458.8  33.0  61:30.92 nts	1693197275695
3669124 toao      20   0   67.9g  41.4g  30.9g R 100.0  33.0  61:42.24 nts	1693197276395
3669124 toao      20   0   68.0g  41.4g  30.9g R 123.5  33.0  61:54.04 nts	1693197277099
3669124 toao      20   0   68.0g  41.4g  30.9g R 188.2  33.0  62:05.44 nts	1693197277799
3669124 toao      20   0   68.0g  41.5g  30.9g R  1635  33.0  62:19.61 nts	1693197278499
3669124 toao      20   0   68.0g  41.5g  30.9g R  3535  33.1  62:33.91 nts	1693197279199
3669124 toao      20   0   68.0g  41.5g  30.9g R  4294  33.1  62:46.39 nts	1693197279903
3669124 toao      20   0   68.0g  41.4g  30.9g R  3988  33.0  63:00.73 nts	1693197280603
3669124 toao      20   0   67.8g  41.3g  30.9g R  2518  32.9  63:12.61 nts	1693197281309
3669124 toao      20   0   67.9g  41.4g  30.9g R  1547  33.0  63:24.95 nts	1693197282012
3669124 toao      20   0   67.9g  41.4g  30.9g R 481.2  33.0  63:36.37 nts	1693197282714
3669124 toao      20   0   67.9g  41.4g  30.9g R 481.2  33.0  63:47.98 nts	1693197283414
3669124 toao      20   0   67.9g  41.4g  30.9g R 247.1  33.0  63:59.35 nts	1693197284115
3669124 toao      20   0   67.9g  41.4g  30.9g R 252.9  33.0  64:11.03 nts	1693197284818
3669124 toao      20   0   67.9g  41.4g  30.9g R 100.0  33.0  64:22.78 nts	1693197285524
3669124 toao      20   0   68.0g  41.4g  30.9g R 282.4  33.0  64:34.52 nts	1693197286228
3669124 toao      20   0   68.0g  41.4g  30.9g R  1288  33.0  64:47.82 nts	1693197286931
3669124 toao      20   0   68.0g  41.5g  30.9g R  2394  33.0  65:00.93 nts	1693197287632
3669124 toao      20   0   68.0g  41.5g  30.9g R  3835  33.1  65:15.12 nts	1693197288334
3669124 toao      20   0   68.0g  41.5g  30.9g R  4135  33.1  65:29.69 nts	1693197289037
3669124 toao      20   0   67.8g  41.3g  30.9g R  3471  32.9  65:41.58 nts	1693197289743
3669124 toao      20   0   67.8g  41.4g  30.9g R  1747  33.0  65:52.97 nts	1693197290446
3669124 toao      20   0   67.9g  41.4g  30.9g R 447.1  33.0  66:04.94 nts	1693197291149
3669124 toao      20   0   67.9g  41.4g  30.9g R 422.2  33.0  66:16.30 nts	1693197291851
3669124 toao      20   0   67.9g  41.4g  30.9g R 100.0  33.0  66:27.54 nts	1693197292556
3669124 toao      20   0   68.0g  41.4g  30.9g R  1518  33.0  66:40.98 nts	1693197293259
3669124 toao      20   0   68.0g  41.5g  30.9g R  3438  33.1  66:55.29 nts	1693197293963
3669124 toao      20   0   68.0g  41.5g  30.9g R  4041  33.1  67:09.41 nts	1693197294664
3669124 toao      20   0  125.0g  42.2g  31.6g R 211.8  33.6  67:22.02 nts	1693197295368
3669124 toao      20   0  128.6g  43.6g  33.0g R 194.1  34.7  67:23.40 nts	1693197296078
3669124 toao      20   0  128.8g  45.1g  34.4g R 200.0  35.9  67:24.81 nts	1693197296777
3669124 toao      20   0  132.3g  46.7g  36.1g R 200.0  37.2  67:26.21 nts	1693197297479
3669124 toao      20   0  136.5g  46.9g  36.2g S  1965  37.3  67:36.57 nts	1693197298180
3669124 toao      20   0  137.9g  47.0g  36.3g S  2665  37.4  67:53.20 nts	1693197298886
3669124 toao      20   0  139.2g  47.1g  36.3g S  2147  37.5  68:08.41 nts	1693197299592
3669124 toao      20   0  139.7g  47.1g  36.3g S  2247  37.5  68:22.98 nts	1693197300296
3669124 toao      20   0  139.5g  47.1g  36.3g S  2894  37.5  68:40.95 nts	1693197301000
3669124 toao      20   0  139.8g  47.1g  36.3g S  2335  37.5  68:55.20 nts	1693197301704
3669124 toao      20   0  139.7g  47.0g  36.3g S  2524  37.5  69:10.40 nts	1693197302409
3669124 toao      20   0  140.3g  47.1g  36.3g S  2271  37.5  69:25.90 nts	1693197303112
3669124 toao      20   0  139.7g  47.0g  36.3g S  1794  37.5  69:41.59 nts	1693197303816
3669124 toao      20   0  139.7g  47.0g  36.3g S  2312  37.5  69:57.83 nts	1693197304521
3669124 toao      20   0  140.3g  47.1g  36.3g S  2544  37.5  70:13.27 nts	1693197305224
3669124 toao      20   0  139.7g  47.1g  36.3g S  2171  37.5  70:28.56 nts	1693197305926
3669124 toao      20   0  139.7g  47.0g  36.3g S  2224  37.5  70:43.37 nts	1693197306624
3669124 toao      20   0  139.7g  47.0g  36.3g S  2865  37.5  70:59.67 nts	1693197307326
3669124 toao      20   0  139.7g  47.0g  36.3g S  2576  37.5  71:13.57 nts	1693197308032
3669124 toao      20   0  140.3g  47.1g  36.3g S  2576  37.5  71:31.49 nts	1693197308731
3669124 toao      20   0  139.7g  47.1g  36.3g S  2075  37.5  71:47.14 nts	1693197309431
3669124 toao      20   0  140.3g  47.1g  36.3g S  2229  37.5  72:04.02 nts	1693197310138
3669124 toao      20   0  139.7g  47.0g  36.3g S  2672  37.5  72:21.76 nts	1693197310843
3669124 toao      20   0  140.3g  47.1g  36.3g S  2618  37.5  72:39.69 nts	1693197311547
3669124 toao      20   0  139.7g  47.0g  36.3g S  2147  37.5  72:54.93 nts	1693197312247
3669124 toao      20   0  139.7g  47.0g  36.3g S  1929  37.5  73:09.34 nts	1693197312946
3669124 toao      20   0  140.3g  47.1g  36.3g S  2365  37.5  73:26.72 nts	1693197313656
3669124 toao      20   0  139.7g  47.0g  36.3g S  2712  37.5  73:42.10 nts	1693197314359
3669124 toao      20   0  140.3g  47.1g  36.3g S  2267  37.5  73:58.07 nts	1693197315062
3669124 toao      20   0  139.7g  47.0g  36.3g S  2724  37.5  74:13.28 nts	1693197315767
3669124 toao      20   0  139.7g  47.0g  36.3g S  2483  37.5  74:29.58 nts	1693197316472
3669124 toao      20   0  140.0g  47.1g  36.3g S  1847  37.5  74:45.93 nts	1693197317175
3669124 toao      20   0  139.7g  47.1g  36.3g S  1935  37.5  75:00.95 nts	1693197317876
3669124 toao      20   0  139.9g  47.1g  36.3g S  2447  37.5  75:17.61 nts	1693197318583
3669124 toao      20   0  139.7g  47.0g  36.3g S  1829  37.5  75:33.48 nts	1693197319288
3669124 toao      20   0  139.7g  47.1g  36.3g S  1600  37.5  75:48.24 nts	1693197319992
3669124 toao      20   0  139.7g  47.0g  36.3g S  1994  37.5  76:04.25 nts	1693197320698
3669124 toao      20   0  139.7g  47.0g  36.3g S  2206  37.5  76:18.67 nts	1693197321402
3669124 toao      20   0  139.7g  47.1g  36.3g S  1947  37.5  76:35.41 nts	1693197322108
3669124 toao      20   0  139.7g  47.1g  36.3g S  2059  37.5  76:51.93 nts	1693197322817
3669124 toao      20   0  140.3g  47.1g  36.3g S  2624  37.5  77:09.58 nts	1693197323520
3669124 toao      20   0  139.7g  47.0g  36.3g S  1894  37.5  77:24.65 nts	1693197324223
3669124 toao      20   0  139.7g  47.1g  36.3g S  2388  37.5  77:38.62 nts	1693197324925
3669124 toao      20   0  140.0g  47.1g  36.3g S  2124  37.5  77:54.29 nts	1693197325626
3669124 toao      20   0  139.7g  47.1g  36.3g S  2144  37.5  78:11.07 nts	1693197326333
3669124 toao      20   0  139.7g  47.1g  36.3g S  2124  37.5  78:27.69 nts	1693197327035
3669124 toao      20   0  139.7g  47.1g  36.3g S  2541  37.5  78:44.19 nts	1693197327740
3669124 toao      20   0  139.7g  47.1g  36.3g S  1900  37.5  79:00.68 nts	1693197328445
3669124 toao      20   0  139.7g  47.1g  36.3g S  2118  37.5  79:17.31 nts	1693197329145
3669124 toao      20   0  140.3g  47.1g  36.3g S  2253  37.5  79:34.69 nts	1693197329848
3669124 toao      20   0  139.7g  47.1g  36.3g S  2482  37.5  79:50.72 nts	1693197330552
3669124 toao      20   0  139.7g  47.1g  36.3g S  2006  37.5  80:07.13 nts	1693197331259
3669124 toao      20   0  139.7g  47.1g  36.3g S  2594  37.5  80:23.62 nts	1693197331960
3669124 toao      20   0  139.7g  47.1g  36.3g S  1965  37.5  80:37.54 nts	1693197332660
3669124 toao      20   0  139.7g  47.1g  36.3g S  1994  37.5  80:52.79 nts	1693197333360
3669124 toao      20   0  152.9g  47.0g  36.3g S  2876  37.5  81:10.76 nts	1693197334063
3669124 toao      20   0  154.1g  47.1g  36.3g S  2712  37.5  81:27.38 nts	1693197334767
3669124 toao      20   0  154.7g  47.1g  36.3g S  1971  37.6  81:42.60 nts	1693197335471
3669124 toao      20   0  154.6g  47.1g  36.3g S  2071  37.5  81:56.86 nts	1693197336170
3669124 toao      20   0  154.1g  47.1g  36.3g S  2747  37.5  82:14.98 nts	1693197336877
3669124 toao      20   0  154.6g  47.1g  36.3g S  2188  37.5  82:30.04 nts	1693197337583
3669124 toao      20   0  154.9g  47.1g  36.3g S  2218  37.5  82:44.48 nts	1693197338288
3669124 toao      20   0  154.3g  47.1g  36.3g S  1841  37.5  83:00.39 nts	1693197338992
3669124 toao      20   0  154.9g  47.1g  36.3g S  2259  37.6  83:15.60 nts	1693197339693
3669124 toao      20   0  154.3g  47.1g  36.3g S  2329  37.5  83:31.09 nts	1693197340396
3669124 toao      20   0  154.3g  47.1g  36.3g S  2900  37.5  83:47.62 nts	1693197341100
3669124 toao      20   0  154.3g  47.1g  36.3g S  1859  37.5  84:02.12 nts	1693197341804
3669124 toao      20   0  154.3g  47.1g  36.3g S  1865  37.5  84:16.64 nts	1693197342506
3669124 toao      20   0  154.3g  47.1g  36.3g S  2018  37.5  84:31.38 nts	1693197343208
3669124 toao      20   0  154.3g  47.1g  36.3g S  1765  37.5  84:47.36 nts	1693197343916
3669124 toao      20   0  154.3g  47.1g  36.3g S  2459  37.5  85:03.64 nts	1693197344620
3669124 toao      20   0  154.3g  47.1g  36.3g S  1706  37.5  85:20.13 nts	1693197345321
3669124 toao      20   0  154.3g  47.1g  36.3g S  2235  37.5  85:36.61 nts	1693197346033
3669124 toao      20   0  154.9g  47.1g  36.3g S  2276  37.6  85:53.96 nts	1693197346739
3669124 toao      20   0  154.3g  47.1g  36.3g S  2694  37.5  86:11.68 nts	1693197347439
3669124 toao      20   0  154.3g  47.1g  36.3g S  2056  37.5  86:28.07 nts	1693197348142
3669124 toao      20   0  154.3g  47.1g  36.3g S  1975  37.5  86:42.61 nts	1693197348844
3669124 toao      20   0  154.3g  47.1g  36.3g S  2735  37.5  86:59.03 nts	1693197349544
3669124 toao      20   0  154.3g  47.1g  36.3g S  2118  37.5  87:16.07 nts	1693197350248
3669124 toao      20   0  154.9g  47.1g  36.3g S  2500  37.6  87:31.04 nts	1693197350957
3669124 toao      20   0  154.3g  47.1g  36.3g S  1788  37.5  87:46.44 nts	1693197351659
3669124 toao      20   0  154.3g  47.1g  36.3g S  2347  37.5  88:02.93 nts	1693197352363
3669124 toao      20   0  154.3g  47.1g  36.3g S  2700  37.5  88:19.56 nts	1693197353076
3669124 toao      20   0  154.3g  47.1g  36.3g S  2694  37.5  88:36.29 nts	1693197353777
3669124 toao      20   0  154.3g  47.1g  36.3g S  1811  37.5  88:50.76 nts	1693197354479
3669124 toao      20   0  154.3g  47.1g  36.3g S  2459  37.5  89:07.46 nts	1693197355190
3669124 toao      20   0  154.3g  47.1g  36.3g S  2065  37.5  89:23.64 nts	1693197355896
3669124 toao      20   0  154.3g  47.1g  36.3g S  2606  37.5  89:37.90 nts	1693197356600
3669124 toao      20   0  154.4g  47.1g  36.3g S  1700  37.5  89:52.76 nts	1693197357303
3669124 toao      20   0  154.3g  47.1g  36.3g S  1867  37.5  90:09.01 nts	1693197358008
3669124 toao      20   0  154.3g  47.1g  36.3g S  2288  37.5  90:25.24 nts	1693197358722
3669124 toao      20   0  154.3g  47.1g  36.3g S  1965  37.5  90:42.04 nts	1693197359428
3669124 toao      20   0  154.9g  47.1g  36.3g S  2165  37.6  90:59.06 nts	1693197360130
3669124 toao      20   0  154.3g  47.1g  36.3g S  1941  37.5  91:12.97 nts	1693197360835
3669124 toao      20   0  154.9g  47.1g  36.3g S  2161  37.6  91:27.98 nts	1693197361541
3669124 toao      20   0  154.8g  47.1g  36.3g S  2141  37.5  91:44.28 nts	1693197362246
3669124 toao      20   0  154.3g  47.1g  36.3g S  2171  37.5  92:00.43 nts	1693197362951
3669124 toao      20   0  154.3g  47.1g  36.3g S  2282  37.5  92:16.38 nts	1693197363656
3669124 toao      20   0  154.3g  47.1g  36.3g S  2729  37.5  92:32.88 nts	1693197364359
3669124 toao      20   0  154.9g  47.1g  36.3g S  2647  37.5  92:49.08 nts	1693197365060
3669124 toao      20   0  154.6g  47.1g  36.3g S  2561  37.5  93:05.96 nts	1693197365763
3669124 toao      20   0  154.3g  47.1g  36.3g S  2400  37.5  93:22.75 nts	1693197366476
3669124 toao      20   0  154.3g  47.1g  36.3g S  2700  37.5  93:39.56 nts	1693197367180
3669124 toao      20   0  154.9g  47.1g  36.3g S  2653  37.6  93:55.66 nts	1693197367883
3669124 toao      20   0  154.3g  47.1g  36.3g S  1741  37.5  94:10.67 nts	1693197368587
3669124 toao      20   0  154.3g  47.1g  36.3g S  2682  37.5  94:24.95 nts	1693197369288
3669124 toao      20   0  154.3g  47.1g  36.3g S  2376  37.5  94:41.61 nts	1693197369991
3669124 toao      20   0  159.4g  47.1g  36.3g S  1882  37.5  94:57.84 nts	1693197370690
3669124 toao      20   0  160.0g  47.1g  36.3g S  2225  37.5  95:14.22 nts	1693197371392
3669124 toao      20   0  160.4g  47.1g  36.3g S  2124  37.6  95:29.25 nts	1693197372096
3669124 toao      20   0  160.7g  47.1g  36.3g S  2506  37.6  95:44.08 nts	1693197372800
3669124 toao      20   0  160.0g  47.1g  36.3g S  2600  37.5  96:01.52 nts	1693197373502
3669124 toao      20   0  160.0g  47.1g  36.3g S  2075  37.5  96:16.13 nts	1693197374203
3669124 toao      20   0  160.0g  47.1g  36.3g S  1829  37.5  96:30.64 nts	1693197374906
3669124 toao      20   0  160.0g  47.1g  36.3g S  1818  37.5  96:47.01 nts	1693197375608
3669124 toao      20   0  160.7g  47.1g  36.3g S  2039  37.6  97:02.52 nts	1693197376311
3669124 toao      20   0  160.0g  47.1g  36.3g S  1924  37.5  97:18.03 nts	1693197377020
3669124 toao      20   0  160.7g  47.1g  36.3g S  1853  37.6  97:33.13 nts	1693197377724
3669124 toao      20   0  160.0g  47.1g  36.3g S  2135  37.5  97:48.90 nts	1693197378429
3669124 toao      20   0  160.0g  47.1g  36.3g S  2124  37.5  98:03.22 nts	1693197379131
3669124 toao      20   0  160.0g  47.1g  36.3g S  2406  37.5  98:17.81 nts	1693197379831
3669124 toao      20   0  160.7g  47.1g  36.3g S  2212  37.6  98:32.79 nts	1693197380533
3669124 toao      20   0  160.0g  47.1g  36.3g S  2618  37.5  98:50.11 nts	1693197381241
3669124 toao      20   0  160.1g  47.1g  36.3g S  3100  37.5  99:07.04 nts	1693197381943
3669124 toao      20   0  160.1g  47.1g  36.3g S  2153  37.5  99:22.42 nts	1693197382647
3669124 toao      20   0  160.0g  47.1g  36.3g S  2782  37.5  99:40.57 nts	1693197383353
3669124 toao      20   0  160.1g  47.1g  36.3g S  2688  37.5  99:58.84 nts	1693197384062
3669124 toao      20   0  160.7g  47.1g  36.3g S  2400  37.6 100:14.28 nts	1693197384764
3669124 toao      20   0  160.7g  47.1g  36.3g S  2300  37.6 100:29.18 nts	1693197385466
3669124 toao      20   0  160.0g  47.1g  36.3g S  2676  37.5 100:46.30 nts	1693197386167
3669124 toao      20   0  160.1g  47.1g  36.3g S  1776  37.5 101:01.27 nts	1693197386871
3669124 toao      20   0  160.3g  47.1g  36.3g S  2206  37.6 101:17.98 nts	1693197387571
3669124 toao      20   0  160.7g  47.1g  36.3g S  2047  37.6 101:33.00 nts	1693197388272
3669124 toao      20   0  160.1g  47.1g  36.3g S  1994  37.5 101:50.52 nts	1693197388978
3669124 toao      20   0  160.0g  47.1g  36.3g S  2547  37.5 102:07.17 nts	1693197389688
3669124 toao      20   0  160.7g  47.1g  36.3g S  2044  37.6 102:22.89 nts	1693197390398
3669124 toao      20   0  160.0g  47.1g  36.3g S  2412  37.5 102:38.32 nts	1693197391108
3669124 toao      20   0  160.0g  47.1g  36.3g S  2031  37.5 102:54.87 nts	1693197391813
3669124 toao      20   0  160.1g  47.1g  36.3g S  1825  37.5 103:09.47 nts	1693197392513
3669124 toao      20   0  160.0g  47.1g  36.3g S  2765  37.5 103:25.42 nts	1693197393214
3669124 toao      20   0  160.0g  47.1g  36.3g S  1853  37.5 103:39.90 nts	1693197393919
3669124 toao      20   0  160.1g  47.1g  36.3g S  2181  37.6 103:56.64 nts	1693197394622
3669124 toao      20   0  160.0g  47.1g  36.3g S  2541  37.5 104:12.85 nts	1693197395323
3669124 toao      20   0  160.0g  47.1g  36.3g S  2012  37.5 104:29.40 nts	1693197396026
3669124 toao      20   0  160.0g  47.1g  36.3g S  2347  37.5 104:45.70 nts	1693197396732
3669124 toao      20   0  160.7g  47.1g  36.3g S  1876  37.6 104:58.92 nts	1693197397434
3669124 toao      20   0  160.7g  47.1g  36.3g S  1924  37.6 105:14.17 nts	1693197398136
3669124 toao      20   0  160.0g  47.1g  36.3g S  2600  37.5 105:31.20 nts	1693197398837
3669124 toao      20   0  160.7g  47.1g  36.3g S  2318  37.6 105:46.66 nts	1693197399536
3669124 toao      20   0  160.0g  47.1g  36.3g S  2382  37.5 106:02.19 nts	1693197400241
3669124 toao      20   0  160.0g  47.1g  36.3g S  1924  37.5 106:18.89 nts	1693197400943
3669124 toao      20   0  160.0g  47.1g  36.3g S  2535  37.5 106:35.35 nts	1693197401648
3669124 toao      20   0  160.0g  47.1g  36.3g S  2529  37.5 106:52.23 nts	1693197402351
3669124 toao      20   0  160.0g  47.1g  36.3g S  2359  37.5 107:08.72 nts	1693197403056
3669124 toao      20   0  160.1g  47.1g  36.3g S  2359  37.5 107:25.65 nts	1693197403756
3669124 toao      20   0  160.0g  47.1g  36.3g S  2365  37.5 107:41.95 nts	1693197404461
3669124 toao      20   0  160.1g  47.1g  36.3g S  1988  37.5 107:56.77 nts	1693197405162
3669124 toao      20   0  160.7g  47.1g  36.3g S  2288  37.6 108:11.71 nts	1693197405865
3669124 toao      20   0  160.0g  47.1g  36.3g S  2367  37.5 108:28.77 nts	1693197406570
3669124 toao      20   0  160.0g  47.1g  36.3g S  2582  37.5 108:45.44 nts	1693197407277
3669124 toao      20   0  160.0g  47.1g  36.3g S  2394  37.5 109:02.44 nts	1693197407986
3669124 toao      20   0  160.1g  47.1g  36.3g S  1953  37.6 109:16.95 nts	1693197408689
3669124 toao      20   0  160.0g  47.1g  36.3g S  2718  37.5 109:33.05 nts	1693197409395
3669124 toao      20   0  160.0g  47.1g  36.3g S  2135  37.5 109:49.67 nts	1693197410102
3669124 toao      20   0  160.1g  47.1g  36.3g S  2324  37.5 110:03.91 nts	1693197410805
3669124 toao      20   0  160.7g  47.1g  36.3g S  2741  37.6 110:20.14 nts	1693197411512
3669124 toao      20   0  160.1g  47.1g  36.3g S  2465  37.5 110:34.85 nts	1693197412216
3669124 toao      20   0  160.7g  47.1g  36.3g S  1876  37.6 110:50.01 nts	1693197412920
3669124 toao      20   0  160.0g  47.1g  36.3g S  1982  37.5 111:06.02 nts	1693197413626
3669124 toao      20   0  160.0g  47.1g  36.3g S  2571  37.5 111:22.50 nts	1693197414328
3669124 toao      20   0  160.0g  47.1g  36.3g S  2282  37.5 111:37.06 nts	1693197415032
3669124 toao      20   0  160.0g  47.1g  36.3g S  1688  37.5 111:51.23 nts	1693197415738
3669124 toao      20   0  160.0g  47.1g  36.3g S  1741  37.5 112:07.60 nts	1693197416442
3669124 toao      20   0  160.7g  47.1g  36.3g S  2529  37.6 112:22.94 nts	1693197417149
3669124 toao      20   0  160.0g  47.1g  36.3g S  2712  37.5 112:40.32 nts	1693197417856
3669124 toao      20   0  160.7g  47.1g  36.3g S  2111  37.6 112:55.45 nts	1693197418558
3669124 toao      20   0  160.0g  47.1g  36.3g S  2859  37.5 113:13.28 nts	1693197419272
3669124 toao      20   0  160.1g  47.1g  36.3g S  2100  37.5 113:30.10 nts	1693197419975
3669124 toao      20   0  160.0g  47.1g  36.3g S  2459  37.5 113:48.31 nts	1693197420677
3669124 toao      20   0  160.1g  47.1g  36.3g S  2165  37.6 114:03.28 nts	1693197421380
3669124 toao      20   0  160.1g  47.1g  36.3g S  3019  37.6 114:18.49 nts	1693197422083
3669124 toao      20   0  160.0g  47.1g  36.3g S  2553  37.5 114:35.32 nts	1693197422785
3669124 toao      20   0  160.0g  47.1g  36.3g S  2588  37.5 114:49.95 nts	1693197423487
3669124 toao      20   0  160.0g  47.1g  36.3g S  2335  37.5 115:06.67 nts	1693197424190
3669124 toao      20   0  160.7g  47.1g  36.3g S  2400  37.6 115:21.99 nts	1693197424890
3669124 toao      20   0  160.7g  47.1g  36.3g S  2218  37.6 115:38.14 nts	1693197425592
3669124 toao      20   0  160.0g  47.1g  36.3g S  2106  37.5 115:54.06 nts	1693197426294
3669124 toao      20   0  160.1g  47.1g  36.3g S  2012  37.6 116:08.53 nts	1693197426995
3669124 toao      20   0  160.7g  47.1g  36.3g S  2029  37.6 116:25.32 nts	1693197427698
3669124 toao      20   0  160.0g  47.1g  36.3g S  2500  37.5 116:41.18 nts	1693197428402
3669124 toao      20   0  160.0g  47.1g  36.3g S  1935  37.5 116:55.88 nts	1693197429106
3669124 toao      20   0  160.0g  47.1g  36.3g S  1794  37.5 117:12.38 nts	1693197429809
3669124 toao      20   0  160.4g  47.1g  36.3g S  2200  37.6 117:27.21 nts	1693197430517
3669124 toao      20   0  160.0g  47.1g  36.3g S  1871  37.5 117:43.18 nts	1693197431225
3669124 toao      20   0  160.0g  47.1g  36.3g S  2235  37.5 117:59.67 nts	1693197431928
3669124 toao      20   0  160.7g  47.1g  36.3g S  2382  37.6 118:16.78 nts	1693197432633
3669124 toao      20   0  160.7g  47.1g  36.3g S  1744  37.6 118:31.15 nts	1693197433340
3669124 toao      20   0  160.1g  47.1g  36.3g S  1933  37.6 118:45.58 nts	1693197434050
3669124 toao      20   0  160.1g  47.1g  36.3g S  2335  37.6 119:02.22 nts	1693197434755
3669124 toao      20   0  160.0g  47.1g  36.3g S  1782  37.5 119:18.30 nts	1693197435461
3669124 toao      20   0  160.1g  47.1g  36.3g S  2294  37.6 119:35.19 nts	1693197436162
3669124 toao      20   0  160.0g  47.1g  36.3g S  2494  37.5 119:51.32 nts	1693197436866
3669124 toao      20   0  160.0g  47.1g  36.3g S  2082  37.5 120:07.77 nts	1693197437571
3669124 toao      20   0  160.1g  47.1g  36.3g S  2682  37.6 120:24.16 nts	1693197438270
3669124 toao      20   0  160.0g  47.1g  36.3g S  2300  37.5 120:40.85 nts	1693197438975
3669124 toao      20   0  160.7g  47.1g  36.3g S  2465  37.6 120:56.61 nts	1693197439675
3669124 toao      20   0  160.1g  47.1g  36.3g S  2071  37.6 121:12.58 nts	1693197440375
3669124 toao      20   0  160.0g  47.1g  36.3g S  1859  37.5 121:28.92 nts	1693197441077
3669124 toao      20   0  160.0g  47.1g  36.3g S  1994  37.5 121:43.39 nts	1693197441782
3669124 toao      20   0  160.7g  47.1g  36.3g S  2376  37.6 121:58.74 nts	1693197442487
3669124 toao      20   0  158.9g  47.1g  36.3g S  2388  37.5 122:16.42 nts	1693197443188
3669124 toao      20   0  160.0g  47.1g  36.3g S  2531  37.5 122:32.78 nts	1693197443894
3669124 toao      20   0  160.0g  47.1g  36.3g S  2218  37.5 122:49.38 nts	1693197444596
3669124 toao      20   0  160.7g  47.1g  36.3g S  2118  37.6 123:03.23 nts	1693197445297
3669124 toao      20   0  160.0g  47.1g  36.3g S  2571  37.5 123:20.49 nts	1693197446003
3669124 toao      20   0  160.9g  47.1g  36.3g S  2265  37.6 123:35.55 nts	1693197446709
3669124 toao      20   0  160.9g  47.1g  36.3g S  2494  37.6 123:50.19 nts	1693197447410
3669124 toao      20   0  160.3g  47.1g  36.3g S  2033  37.6 124:06.41 nts	1693197448112
3669124 toao      20   0  160.3g  47.1g  36.3g S  2776  37.5 124:22.14 nts	1693197448825
3669124 toao      20   0  160.3g  47.1g  36.3g S  2129  37.6 124:37.21 nts	1693197449526
3669124 toao      20   0  160.3g  47.1g  36.3g S  2088  37.5 124:53.68 nts	1693197450228
3669124 toao      20   0  160.3g  47.1g  36.3g S  2865  37.5 125:09.91 nts	1693197450933
3669124 toao      20   0  160.3g  47.1g  36.3g S  2341  37.6 125:24.08 nts	1693197451641
3669124 toao      20   0  160.2g  47.1g  36.3g S  2712  37.5 125:38.75 nts	1693197452345
3669124 toao      20   0  160.3g  47.1g  36.3g S  1865  37.6 125:53.54 nts	1693197453048
3669124 toao      20   0  160.3g  47.1g  36.3g S  2059  37.5 126:09.60 nts	1693197453751
3669124 toao      20   0  160.2g  47.1g  36.3g S  1782  37.5 126:26.06 nts	1693197454455
3669124 toao      20   0  160.3g  47.1g  36.3g S  2759  37.5 126:42.89 nts	1693197455159
3669124 toao      20   0  160.2g  47.1g  36.3g S  2471  37.5 126:59.64 nts	1693197455867
3669124 toao      20   0  160.2g  47.1g  36.3g S  2694  37.5 127:17.92 nts	1693197456573
3669124 toao      20   0  160.2g  47.1g  36.3g S  1876  37.5 127:34.20 nts	1693197457279
3669124 toao      20   0  160.3g  47.1g  36.3g S  2288  37.6 127:49.21 nts	1693197457983
3669124 toao      20   0  160.2g  47.1g  36.3g S  2553  37.5 128:05.00 nts	1693197458683
3669124 toao      20   0  160.2g  47.1g  36.3g S  1871  37.5 128:21.64 nts	1693197459388
3669124 toao      20   0  160.9g  47.1g  36.3g S  2553  37.6 128:37.49 nts	1693197460091
3669124 toao      20   0  160.2g  47.1g  36.3g S  1694  37.5 128:52.68 nts	1693197460791
3669124 toao      20   0  160.2g  47.1g  36.3g S  2700  37.5 129:09.04 nts	1693197461491
3669124 toao      20   0  160.2g  47.1g  36.3g S  2759  37.5 129:25.66 nts	1693197462196
3669124 toao      20   0  160.3g  47.1g  36.3g S  2082  37.6 129:40.75 nts	1693197462899
3669124 toao      20   0  160.9g  47.1g  36.3g S  2418  37.6 129:55.97 nts	1693197463601
3669124 toao      20   0  160.2g  47.1g  36.3g S  2919  37.5 130:13.53 nts	1693197464304
3669124 toao      20   0  160.9g  47.1g  36.3g S  2376  37.6 130:29.06 nts	1693197465006
3669124 toao      20   0  160.9g  47.1g  36.3g S  2247  37.6 130:43.19 nts	1693197465707
3669124 toao      20   0  160.3g  47.1g  36.3g S  1965  37.6 130:59.32 nts	1693197466411
3669124 toao      20   0  160.3g  47.1g  36.3g S  2729  37.6 131:15.05 nts	1693197467113
3669124 toao      20   0  160.8g  47.1g  36.3g S  2153  37.6 131:30.36 nts	1693197467819
3669124 toao      20   0  160.2g  47.1g  36.3g S  2853  37.5 131:48.41 nts	1693197468520
3669124 toao      20   0  160.2g  47.1g  36.3g S  1850  37.5 132:04.78 nts	1693197469223
3669124 toao      20   0  160.2g  47.1g  36.3g S  1806  37.5 132:19.17 nts	1693197469923
3669124 toao      20   0  160.2g  47.1g  36.3g S  2212  37.5 132:33.76 nts	1693197470626
3669124 toao      20   0  160.2g  47.1g  36.3g S  2482  37.5 132:50.40 nts	1693197471331
3669124 toao      20   0  160.3g  47.1g  36.3g S  2441  37.6 133:06.48 nts	1693197472034
3669124 toao      20   0  160.9g  47.1g  36.3g S  2135  37.6 133:22.02 nts	1693197472740
3669124 toao      20   0  160.9g  47.1g  36.3g S  2400  37.6 133:38.88 nts	1693197473443
3669124 toao      20   0  160.3g  47.1g  36.3g S  2218  37.6 133:54.96 nts	1693197474147
3669124 toao      20   0  160.9g  47.1g  36.3g S  2282  37.6 134:11.96 nts	1693197474847
3669124 toao      20   0  160.9g  47.1g  36.3g S  2200  37.6 134:28.42 nts	1693197475548
3669124 toao      20   0  160.9g  47.1g  36.3g S  2365  37.6 134:45.20 nts	1693197476250
3669124 toao      20   0  160.2g  47.1g  36.3g S  2235  37.5 135:01.03 nts	1693197476956
3669124 toao      20   0  160.3g  47.1g  36.3g S  2006  37.5 135:17.14 nts	1693197477660
3669124 toao      20   0  160.9g  47.1g  36.3g S  2156  37.6 135:30.79 nts	1693197478363
3669124 toao      20   0  160.2g  47.1g  36.3g S  2938  37.5 135:48.07 nts	1693197479062
3669124 toao      20   0  160.2g  47.1g  36.3g S  1765  37.5 136:04.22 nts	1693197479761
3669124 toao      20   0  160.2g  47.1g  36.3g S  2665  37.5 136:20.69 nts	1693197480464
3669124 toao      20   0  160.9g  47.1g  36.3g S  2535  37.6 136:36.58 nts	1693197481166
3669124 toao      20   0  160.9g  47.1g  36.3g S  2194  37.6 136:50.28 nts	1693197481866
3669124 toao      20   0  160.2g  47.1g  36.3g S  2335  37.5 137:08.04 nts	1693197482567
3669124 toao      20   0  160.4g  47.1g  36.3g S  1853  37.5 137:22.50 nts	1693197483267
3669124 toao      20   0  160.4g  47.1g  36.3g S  1888  37.5 137:37.20 nts	1693197483967
3669124 toao      20   0  161.1g  47.1g  36.3g S  2171  37.6 137:52.76 nts	1693197484668
3669124 toao      20   0  160.4g  47.1g  36.3g S  1918  37.5 138:08.28 nts	1693197485368
3669124 toao      20   0  160.4g  47.1g  36.3g S  2700  37.5 138:24.81 nts	1693197486071
3669124 toao      20   0  160.5g  47.1g  36.3g S  2118  37.6 138:40.07 nts	1693197486775
3669124 toao      20   0  161.1g  47.1g  36.3g S  2259  37.6 138:55.21 nts	1693197487480
3669124 toao      20   0  160.4g  47.1g  36.3g S  2367  37.5 139:09.98 nts	1693197488182
3669124 toao      20   0  160.6g  47.1g  36.3g S  2229  37.6 139:24.95 nts	1693197488887
3669124 toao      20   0  160.5g  47.1g  36.3g S  2406  37.6 139:40.23 nts	1693197489594
3669124 toao      20   0  160.4g  47.1g  36.3g S  2371  37.5 139:57.19 nts	1693197490297
3669124 toao      20   0  160.4g  47.1g  36.3g S  2700  37.5 140:13.71 nts	1693197490999
3669124 toao      20   0  160.5g  47.1g  36.3g S  2628  37.6 140:30.21 nts	1693197491701
3669124 toao      20   0  161.1g  47.1g  36.3g S  2447  37.6 140:47.71 nts	1693197492408
3669124 toao      20   0  160.4g  47.1g  36.3g S  2450  37.5 141:05.46 nts	1693197493111
3669124 toao      20   0  160.5g  47.1g  36.3g S  2753  37.6 141:21.52 nts	1693197493816
3669124 toao      20   0  161.1g  47.1g  36.3g S  2182  37.6 141:35.70 nts	1693197494519
3669124 toao      20   0  160.4g  47.1g  36.3g S  2500  37.5 141:52.43 nts	1693197495220
3669124 toao      20   0  160.5g  47.1g  36.3g S  1882  37.6 142:07.25 nts	1693197495920
3669124 toao      20   0  160.4g  47.1g  36.3g S  2000  37.5 142:23.74 nts	1693197496624
3669124 toao      20   0  160.5g  47.1g  36.3g S  2012  37.6 142:38.45 nts	1693197497329
3669124 toao      20   0  160.7g  47.1g  36.3g S  1894  37.6 142:55.60 nts	1693197498028
3669124 toao      20   0  160.4g  47.1g  36.3g S  2876  37.5 143:12.50 nts	1693197498731
3669124 toao      20   0  160.4g  47.1g  36.3g S  1924  37.5 143:27.12 nts	1693197499435
3669124 toao      20   0  160.4g  47.1g  36.3g S  2753  37.5 143:43.57 nts	1693197500138
3669124 toao      20   0  160.4g  47.1g  36.3g S  1982  37.5 144:00.11 nts	1693197500844
3669124 toao      20   0  160.5g  47.1g  36.3g S  2082  37.6 144:15.13 nts	1693197501547
3669124 toao      20   0  161.1g  47.1g  36.3g S  2624  37.6 144:30.77 nts	1693197502247
3669124 toao      20   0  160.5g  47.1g  36.3g S  2141  37.5 144:45.23 nts	1693197502950
3669124 toao      20   0  160.4g  47.1g  36.3g S  2771  37.5 145:01.84 nts	1693197503652
3669124 toao      20   0  161.1g  47.1g  36.3g S  2524  37.6 145:17.45 nts	1693197504351
3669124 toao      20   0  160.4g  47.1g  36.3g S  2788  37.5 145:34.90 nts	1693197505056
3669124 toao      20   0  160.4g  47.1g  36.3g S  2641  37.5 145:51.30 nts	1693197505758
3669124 toao      20   0  161.1g  47.1g  36.3g S  1776  37.6 146:04.38 nts	1693197506464
3669124 toao      20   0  160.5g  47.1g  36.3g S  2006  37.5 146:19.93 nts	1693197507171
3669124 toao      20   0  160.5g  47.1g  36.3g S  2329  37.6 146:37.30 nts	1693197507879
3669124 toao      20   0  160.4g  47.1g  36.3g S  2606  37.5 146:53.60 nts	1693197508582
3669124 toao      20   0  160.6g  47.1g  36.3g S  2682  37.6 147:09.47 nts	1693197509293
3669124 toao      20   0  160.4g  47.1g  36.3g S  2571  37.5 147:26.49 nts	1693197510001
3669124 toao      20   0  160.5g  47.1g  36.3g S  2724  37.5 147:42.84 nts	1693197510703
3669124 toao      20   0  160.4g  47.1g  36.3g S  2459  37.5 147:59.95 nts	1693197511410
3669124 toao      20   0  160.4g  47.1g  36.3g S  2806  37.5 148:16.69 nts	1693197512116
3669124 toao      20   0  160.4g  47.1g  36.3g S  2188  37.5 148:33.30 nts	1693197512817
3669124 toao      20   0  160.4g  47.1g  36.3g S  1956  37.5 148:50.06 nts	1693197513521
3669124 toao      20   0  160.4g  47.1g  36.3g S  1941  37.5 149:04.44 nts	1693197514227
3669124 toao      20   0  161.1g  47.1g  36.3g S  2471  37.6 149:20.05 nts	1693197514931
3669124 toao      20   0  159.2g  47.1g  36.3g S  2538  37.6 149:37.61 nts	1693197515632
3669124 toao      20   0  160.4g  47.1g  36.3g S  2365  37.6 149:54.68 nts	1693197516338
3669124 toao      20   0  159.8g  47.1g  36.3g S  1894  37.5 150:10.44 nts	1693197517043
3669124 toao      20   0  160.4g  47.1g  36.3g S  1688  37.5 150:24.50 nts	1693197517749
3669124 toao      20   0  160.4g  47.1g  36.3g S  2129  37.5 150:41.34 nts	1693197518458
3669124 toao      20   0  160.4g  47.1g  36.3g S  2647  37.5 150:57.67 nts	1693197519165
3669124 toao      20   0  160.4g  47.1g  36.3g S  2735  37.5 151:12.08 nts	1693197519868
3669124 toao      20   0  161.1g  47.1g  36.3g S  2500  37.6 151:27.65 nts	1693197520571
3669124 toao      20   0  160.5g  47.1g  36.3g S  2729  37.6 151:42.77 nts	1693197521271
3669124 toao      20   0  161.1g  47.1g  36.3g S  2271  37.6 151:57.98 nts	1693197521975
3669124 toao      20   0  161.1g  47.1g  36.3g S  2612  37.6 152:15.03 nts	1693197522675
3669124 toao      20   0  160.5g  47.1g  36.3g S  2182  37.5 152:29.62 nts	1693197523377
3669124 toao      20   0  160.5g  47.1g  36.3g S  2129  37.6 152:44.68 nts	1693197524085
3669124 toao      20   0  160.4g  47.1g  36.3g S  2224  37.5 152:58.77 nts	1693197524789
3669124 toao      20   0  160.5g  47.1g  36.3g S  1582  37.5 153:13.25 nts	1693197525491
3669124 toao      20   0  161.1g  47.1g  36.3g S  2535  37.6 153:30.67 nts	1693197526196
3669124 toao      20   0  160.4g  47.1g  36.3g S  2731  37.5 153:47.96 nts	1693197526902
3669124 toao      20   0  160.4g  47.1g  36.3g S  1888  37.5 154:02.42 nts	1693197527609
3669124 toao      20   0  160.5g  47.1g  36.3g S  2050  37.6 154:19.33 nts	1693197528311
3669124 toao      20   0  160.7g  47.1g  36.3g S  2788  37.6 154:37.66 nts	1693197529018
3669124 toao      20   0  161.1g  47.1g  36.3g S  2159  37.6 154:54.36 nts	1693197529725
3669124 toao      20   0  160.4g  47.1g  36.3g S  2012  37.5 155:09.91 nts	1693197530429
3669124 toao      20   0  161.1g  47.1g  36.3g S  2447  37.6 155:24.71 nts	1693197531138
3669124 toao      20   0  160.4g  47.1g  36.3g S  2717  37.5 155:42.57 nts	1693197531839
3669124 toao      20   0  160.4g  47.1g  36.3g S  2229  37.5 155:57.07 nts	1693197532546
3669124 toao      20   0  160.4g  47.1g  36.3g S  2476  37.5 156:13.35 nts	1693197533248
3669124 toao      20   0  161.1g  47.1g  36.3g S  2788  37.6 156:28.93 nts	1693197533952
3669124 toao      20   0  160.4g  47.1g  36.3g S  1976  37.5 156:44.18 nts	1693197534655
3669124 toao      20   0  160.4g  47.1g  36.3g S  1935  37.5 157:00.65 nts	1693197535354
3669124 toao      20   0  160.5g  47.1g  36.3g S  2006  37.6 157:15.38 nts	1693197536065
3669124 toao      20   0  161.1g  47.1g  36.3g S  2394  37.6 157:32.52 nts	1693197536768
3669124 toao      20   0  160.5g  47.1g  36.3g S  2465  37.6 157:48.34 nts	1693197537472
3669124 toao      20   0  160.4g  47.1g  36.3g S  1812  37.5 158:02.35 nts	1693197538177
3669124 toao      20   0  160.4g  47.1g  36.3g S  2306  37.5 158:18.90 nts	1693197538879
3669124 toao      20   0  161.1g  47.1g  36.3g S  2350  37.6 158:34.02 nts	1693197539582
3669124 toao      20   0  160.5g  47.1g  36.3g S  2018  37.5 158:49.91 nts	1693197540284
3669124 toao      20   0  160.5g  47.1g  36.3g S  2006  37.6 159:06.63 nts	1693197540988
3669124 toao      20   0  161.1g  47.1g  36.3g S  2235  37.6 159:23.64 nts	1693197541690
3669124 toao      20   0  161.1g  47.1g  36.3g S  2112  37.6 159:38.40 nts	1693197542396
3669124 toao      20   0  160.4g  47.1g  36.3g S  1959  37.5 159:51.68 nts	1693197543095
3669124 toao      20   0  160.5g  47.1g  36.3g S  2212  37.6 160:08.66 nts	1693197543796
3669124 toao      20   0  160.4g  47.1g  36.3g S  2124  37.5 160:24.73 nts	1693197544504
3669124 toao      20   0  160.4g  47.1g  36.3g S  1800  37.5 160:41.18 nts	1693197545207
3669124 toao      20   0  160.4g  47.1g  36.3g S  2329  37.5 160:57.88 nts	1693197545911
3669124 toao      20   0  161.1g  47.1g  36.3g S  2453  37.6 161:13.46 nts	1693197546614
3669124 toao      20   0  161.1g  47.1g  36.3g S  2247  37.6 161:29.80 nts	1693197547319
3669124 toao      20   0  161.1g  47.1g  36.3g S  2129  37.6 161:46.35 nts	1693197548024
3669124 toao      20   0  160.9g  47.1g  36.3g S  2159  37.6 162:02.65 nts	1693197548727
3669124 toao      20   0  160.4g  47.1g  36.3g S  2229  37.5 162:18.59 nts	1693197549434
3669124 toao      20   0  160.4g  47.1g  36.3g S  1806  37.5 162:34.89 nts	1693197550139
3669124 toao      20   0  160.5g  47.1g  36.3g S  1824  37.6 162:47.79 nts	1693197550845
3669124 toao      20   0  160.5g  47.1g  36.3g S  2431  37.6 163:04.47 nts	1693197551552
3669124 toao      20   0  159.2g  47.1g  36.3g S  2100  37.5 163:22.40 nts	1693197552256
3669124 toao      20   0  160.4g  47.1g  36.3g S  2471  37.5 163:39.02 nts	1693197552961
3669124 toao      20   0  160.7g  47.1g  36.3g S  2765  37.6 163:55.25 nts	1693197553666
3669124 toao      20   0  161.1g  47.1g  36.3g S  2875  37.6 164:09.77 nts	1693197554373
3669124 toao      20   0  160.4g  47.1g  36.3g S  2018  37.5 164:26.46 nts	1693197555074
3669124 toao      20   0  160.7g  47.1g  36.3g S  2059  37.6 164:41.46 nts	1693197555776
3669124 toao      20   0  160.6g  47.1g  36.3g S  1859  37.5 164:55.53 nts	1693197556479
3669124 toao      20   0  160.6g  47.1g  36.3g S  1953  37.5 165:12.06 nts	1693197557184
3669124 toao      20   0  161.2g  47.1g  36.3g S  2444  37.6 165:27.19 nts	1693197557892
3669124 toao      20   0  160.6g  47.1g  36.3g S  2624  37.5 165:42.70 nts	1693197558595
3669124 toao      20   0  160.6g  47.1g  36.3g S  2624  37.5 165:59.18 nts	1693197559297
3669124 toao      20   0  160.6g  47.1g  36.3g S  2118  37.5 166:13.34 nts	1693197559999
3669124 toao      20   0  160.7g  47.1g  36.3g S  1759  37.6 166:28.16 nts	1693197560699
3669124 toao      20   0  160.7g  47.1g  36.3g S  1911  37.6 166:42.75 nts	1693197561401
3669124 toao      20   0  160.6g  47.1g  36.3g S  2806  37.5 166:58.68 nts	1693197562108
3669124 toao      20   0  160.6g  47.1g  36.3g S  2583  37.5 167:15.03 nts	1693197562811
3669124 toao      20   0  161.2g  47.2g  36.3g S  2100  37.6 167:30.57 nts	1693197563517
3669124 toao      20   0  160.8g  47.1g  36.3g S  2165  37.6 167:46.38 nts	1693197564219
3669124 toao      20   0  160.7g  47.1g  36.3g S  2667  37.5 168:04.41 nts	1693197564924
3669124 toao      20   0  161.2g  47.2g  36.3g S  2471  37.6 168:21.58 nts	1693197565636
3669124 toao      20   0  160.7g  47.1g  36.3g S  1606  37.6 168:37.36 nts	1693197566338
3669124 toao      20   0  161.2g  47.2g  36.3g S  2106  37.6 168:52.61 nts	1693197567044
3669124 toao      20   0  161.2g  47.2g  36.3g S  2324  37.6 169:08.59 nts	1693197567747
3669124 toao      20   0  160.6g  47.1g  36.3g S  1829  37.5 169:24.60 nts	1693197568447
3669124 toao      20   0  161.2g  47.2g  36.3g S  2512  37.6 169:40.14 nts	1693197569148
3669124 toao      20   0  160.6g  47.1g  36.3g S  1806  37.5 169:55.27 nts	1693197569851
3669124 toao      20   0  160.7g  47.1g  36.3g S  2541  37.5 170:11.55 nts	1693197570552
3669124 toao      20   0  160.6g  47.1g  36.3g S  2694  37.5 170:28.23 nts	1693197571254
3669124 toao      20   0  160.7g  47.1g  36.3g S  2435  37.5 170:44.60 nts	1693197571955
3669124 toao      20   0  160.6g  47.1g  36.3g S  2359  37.5 170:59.33 nts	1693197572658
3669124 toao      20   0  160.7g  47.1g  36.3g S  2829  37.6 171:16.24 nts	1693197573360
3669124 toao      20   0  161.2g  47.2g  36.3g S  2788  37.6 171:32.18 nts	1693197574064
3669124 toao      20   0  161.2g  47.2g  36.3g S  1853  37.6 171:45.22 nts	1693197574771
3669124 toao      20   0  160.6g  47.1g  36.3g S  1850  37.5 172:00.87 nts	1693197575472
3669124 toao      20   0  160.7g  47.1g  36.3g S  2718  37.6 172:17.36 nts	1693197576174
3669124 toao      20   0  161.2g  47.1g  36.3g S  2194  37.6 172:32.72 nts	1693197576879
3669124 toao      20   0  161.2g  47.2g  36.3g S  2400  37.6 172:49.73 nts	1693197577580
3669124 toao      20   0  160.6g  47.1g  36.3g S  2171  37.5 173:07.01 nts	1693197578283
3669124 toao      20   0  160.6g  47.1g  36.3g S  2553  37.5 173:21.66 nts	1693197578987
3669124 toao      20   0  160.6g  47.1g  36.3g S  2618  37.5 173:35.81 nts	1693197579692
3669124 toao      20   0  161.2g  47.1g  36.3g S  2241  37.6 173:51.13 nts	1693197580395
3669124 toao      20   0  160.7g  47.1g  36.3g S  2188  37.6 174:07.47 nts	1693197581100
3669124 toao      20   0  160.6g  47.1g  36.3g S  1876  37.5 174:23.48 nts	1693197581802
3669124 toao      20   0  160.6g  47.1g  36.3g S  2129  37.5 174:40.07 nts	1693197582507
3669124 toao      20   0  160.6g  47.1g  36.3g S  2324  37.5 174:56.69 nts	1693197583208
3669124 toao      20   0  160.7g  47.1g  36.3g S  2106  37.6 175:13.65 nts	1693197583908
3669124 toao      20   0  161.2g  47.1g  36.3g S  1835  37.6 175:30.42 nts	1693197584612
3669124 toao      20   0  161.2g  47.2g  36.3g S  2141  37.6 175:46.67 nts	1693197585316
3669124 toao      20   0  160.6g  47.1g  36.3g S  2206  37.5 176:02.73 nts	1693197586020
3669124 toao      20   0  161.2g  47.1g  36.3g S  2081  37.6 176:17.97 nts	1693197586724
3669124 toao      20   0  160.6g  47.1g  36.3g S  1700  37.5 176:31.27 nts	1693197587428
3669124 toao      20   0  161.2g  47.2g  36.3g S  2118  37.6 176:48.05 nts	1693197588128
3669124 toao      20   0  160.6g  47.1g  36.3g S  1694  37.6 177:04.36 nts	1693197588831
3669124 toao      20   0  161.2g  47.2g  36.3g S  2641  37.6 177:21.59 nts	1693197589536
3669124 toao      20   0  160.6g  47.1g  36.3g S  1941  37.5 177:36.78 nts	1693197590239
3669124 toao      20   0  160.6g  47.1g  36.3g S  2350  37.5 177:51.37 nts	1693197590944
3669124 toao      20   0  160.7g  47.1g  36.3g S  1853  37.6 178:07.99 nts	1693197591644
3669124 toao      20   0  160.7g  47.1g  36.3g S  2153  37.5 178:23.45 nts	1693197592350
3669124 toao      20   0  160.6g  47.1g  36.3g S  2482  37.5 178:38.70 nts	1693197593051
3669124 toao      20   0  161.2g  47.2g  36.3g S  2271  37.6 178:54.64 nts	1693197593756
3669124 toao      20   0  160.7g  47.1g  36.3g S  2224  37.6 179:10.17 nts	1693197594465
3669124 toao      20   0  160.6g  47.1g  36.3g S  2594  37.5 179:25.94 nts	1693197595172
3669124 toao      20   0  160.7g  47.1g  36.3g S  1644  37.6 179:40.70 nts	1693197595880
3669124 toao      20   0  160.7g  47.1g  36.3g S  2353  37.6 179:56.50 nts	1693197596587
3669124 toao      20   0  160.6g  47.1g  36.3g S  2644  37.5 180:11.39 nts	1693197597292
3669124 toao      20   0  160.6g  47.1g  36.3g S  2435  37.5 180:26.00 nts	1693197597991
3669124 toao      20   0  161.0g  47.1g  36.3g S  1888  37.6 180:40.40 nts	1693197598693
3669124 toao      20   0  160.6g  47.1g  36.3g S  2594  37.5 180:58.35 nts	1693197599396
3669124 toao      20   0  161.2g  47.2g  36.3g S  2372  37.6 181:14.28 nts	1693197600102
3669124 toao      20   0  160.7g  47.1g  36.3g S  1994  37.6 181:29.79 nts	1693197600807
3669124 toao      20   0  160.7g  47.1g  36.3g S  2747  37.5 181:48.10 nts	1693197601512
3669124 toao      20   0  160.8g  47.1g  36.3g S  2118  37.6 182:05.01 nts	1693197602220
3669124 toao      20   0  160.7g  47.1g  36.3g S  1959  37.5 182:21.47 nts	1693197602926
3669124 toao      20   0  160.6g  47.1g  36.3g S  1900  37.5 182:36.13 nts	1693197603632
3669124 toao      20   0  160.7g  47.1g  36.3g S  2088  37.6 182:52.70 nts	1693197604336
3669124 toao      20   0  160.7g  47.1g  36.3g S  1671  37.6 183:09.27 nts	1693197605040
3669124 toao      20   0  160.6g  47.1g  36.3g S  2476  37.5 183:25.37 nts	1693197605746
3669124 toao      20   0  160.6g  47.1g  36.3g S  1441  37.5 183:39.88 nts	1693197606451
3669124 toao      20   0  160.6g  47.1g  36.3g S  1882  37.5 183:56.50 nts	1693197607157
3669124 toao      20   0  160.7g  47.1g  36.3g S  1976  37.6 184:13.49 nts	1693197607862
3669124 toao      20   0  160.6g  47.1g  36.3g S  2100  37.5 184:29.74 nts	1693197608569
3669124 toao      20   0  160.6g  47.1g  36.3g S  1947  37.5 184:44.37 nts	1693197609274
3669124 toao      20   0  160.7g  47.1g  36.3g S  2129  37.6 185:01.40 nts	1693197609976
3669124 toao      20   0  160.7g  47.1g  36.3g S  2161  37.5 185:17.31 nts	1693197610680
3669124 toao      20   0  160.6g  47.1g  36.3g S  2729  37.5 185:32.08 nts	1693197611392
3669124 toao      20   0  160.7g  47.1g  36.3g S  1876  37.6 185:46.94 nts	1693197612097
3669124 toao      20   0  161.2g  47.2g  36.3g S  2212  37.6 186:03.62 nts	1693197612800
3669124 toao      20   0  160.6g  47.1g  36.3g S  2438  37.5 186:19.39 nts	1693197613504
3669124 toao      20   0  161.2g  47.2g  36.3g S  2282  37.6 186:36.58 nts	1693197614204
3669124 toao      20   0  160.6g  47.1g  36.3g S  1971  37.5 186:52.70 nts	1693197614907
3669124 toao      20   0  160.7g  47.1g  36.3g S  1706  37.6 187:07.29 nts	1693197615614
3669124 toao      20   0  160.6g  47.1g  36.3g S  1859  37.5 187:21.31 nts	1693197616316
3669124 toao      20   0  161.2g  47.2g  36.3g S  2565  37.6 187:39.01 nts	1693197617018
3669124 toao      20   0  161.2g  47.2g  36.3g S  2176  37.6 187:54.97 nts	1693197617720
3669124 toao      20   0  160.6g  47.1g  36.3g S  2850  37.5 188:10.78 nts	1693197618423
3669124 toao      20   0  160.6g  47.1g  36.3g S  2444  37.5 188:27.37 nts	1693197619125
3669124 toao      20   0  160.6g  47.1g  36.3g S  2741  37.5 188:43.83 nts	1693197619825
3669124 toao      20   0  160.6g  47.1g  36.3g S  2535  37.5 189:01.11 nts	1693197620526
3669124 toao      20   0  160.6g  47.1g  36.3g S  2229  37.5 189:17.56 nts	1693197621228
3669124 toao      20   0  160.6g  47.1g  36.3g S  2159  37.5 189:34.29 nts	1693197621929
3669124 toao      20   0  160.6g  47.1g  36.3g S  2576  37.5 189:50.84 nts	1693197622630
3669124 toao      20   0  160.6g  47.1g  36.3g S  1824  37.5 190:05.21 nts	1693197623334
3669124 toao      20   0  160.7g  47.1g  36.3g S  2176  37.6 190:19.82 nts	1693197624037
3669124 toao      20   0  160.6g  47.1g  36.3g S  2683  37.5 190:37.89 nts	1693197624742
3669124 toao      20   0  161.2g  47.2g  36.3g S  2300  37.6 190:53.61 nts	1693197625446
3669124 toao      20   0  161.2g  47.2g  36.3g S  2512  37.6 191:09.91 nts	1693197626150
3669124 toao      20   0  161.2g  47.2g  36.3g S  1818  37.6 191:24.26 nts	1693197626854
3669124 toao      20   0  160.6g  47.1g  36.3g S  2318  37.5 191:39.46 nts	1693197627555
3669124 toao      20   0  160.7g  47.2g  36.3g S  2224  37.6 191:56.50 nts	1693197628260
3669124 toao      20   0  160.6g  47.1g  36.3g S  1818  37.5 192:10.39 nts	1693197628964
3669124 toao      20   0  161.2g  47.2g  36.3g S  2631  37.6 192:26.11 nts	1693197629672
3669124 toao      20   0  160.6g  47.1g  36.3g S  1959  37.5 192:41.37 nts	1693197630372
3669124 toao      20   0  161.2g  47.2g  36.3g S  1888  37.6 192:56.56 nts	1693197631076
3669124 toao      20   0  161.2g  47.2g  36.3g S  2129  37.6 193:13.03 nts	1693197631781
3669124 toao      20   0  160.6g  47.1g  36.3g S  1912  37.5 193:28.73 nts	1693197632486
3669124 toao      20   0  160.7g  47.1g  36.3g S  1647  37.6 193:43.62 nts	1693197633192
3669124 toao      20   0  160.7g  47.2g  36.3g S  2053  37.6 193:58.45 nts	1693197633900
3669124 toao      20   0  160.7g  47.2g  36.3g S  1982  37.6 194:14.87 nts	1693197634605
3669124 toao      20   0  160.6g  47.1g  36.3g S  2665  37.5 194:30.55 nts	1693197635307
3669124 toao      20   0  160.7g  47.2g  36.3g S  2600  37.6 194:48.48 nts	1693197636014
3669124 toao      20   0  160.6g  47.1g  36.3g S  2359  37.5 195:03.47 nts	1693197636716
3669124 toao      20   0  160.6g  47.1g  36.3g S  2465  37.5 195:20.17 nts	1693197637417
3669124 toao      20   0  161.2g  47.2g  36.3g S  2653  37.6 195:38.11 nts	1693197638119
3669124 toao      20   0  160.6g  47.1g  36.3g S  2382  37.5 195:55.10 nts	1693197638826
3669124 toao      20   0  161.2g  47.2g  36.3g S  2171  37.6 196:10.54 nts	1693197639532
3669124 toao      20   0  161.2g  47.2g  36.3g S  2218  37.6 196:24.94 nts	1693197640238
3669124 toao      20   0  160.7g  47.2g  36.3g S  2241  37.6 196:42.39 nts	1693197640945
3669124 toao      20   0  161.2g  47.2g  36.3g S  2300  37.6 196:57.31 nts	1693197641650
3669124 toao      20   0  161.2g  47.2g  36.3g S  2024  37.6 197:13.49 nts	1693197642351
3669124 toao      20   0  160.6g  47.1g  36.3g S  2925  37.5 197:28.92 nts	1693197643052
3669124 toao      20   0  161.2g  47.2g  36.3g S  2729  37.6 197:45.09 nts	1693197643757
3669124 toao      20   0  160.7g  47.2g  36.3g S  2453  37.6 198:01.61 nts	1693197644458
3669124 toao      20   0  160.6g  47.1g  36.3g S  1812  37.5 198:16.25 nts	1693197645160
3669124 toao      20   0  160.6g  47.1g  36.3g S  2276  37.5 198:32.73 nts	1693197645869
3669124 toao      20   0  160.6g  47.1g  36.3g S  2894  37.5 198:49.26 nts	1693197646573
3669124 toao      20   0  160.6g  47.1g  36.3g S  1876  37.5 199:03.76 nts	1693197647275
3669124 toao      20   0  160.6g  47.1g  36.3g S  1794  37.5 199:20.27 nts	1693197647982
3669124 toao      20   0  161.2g  47.2g  36.3g S  2211  37.6 199:35.69 nts	1693197648691
3669124 toao      20   0  161.2g  47.2g  36.3g S  1888  37.6 199:51.78 nts	1693197649399
3669124 toao      20   0  160.6g  47.1g  36.3g S  2988  37.5 200:09.85 nts	1693197650104
3669124 toao      20   0  160.6g  47.1g  36.3g S  1818  37.5 200:26.43 nts	1693197650806
3669124 toao      20   0  160.6g  47.1g  36.3g S  1765  37.5 200:40.72 nts	1693197651511
3669124 toao      20   0  160.6g  47.1g  36.3g S  2594  37.5 200:55.01 nts	1693197652212
3669124 toao      20   0  160.6g  47.1g  36.3g S  2919  37.5 201:11.77 nts	1693197652913
3669124 toao      20   0  160.6g  47.1g  36.3g S  2671  37.5 201:28.05 nts	1693197653623
3669124 toao      20   0  161.2g  47.2g  36.3g S  2253  37.6 201:44.57 nts	1693197654328
3669124 toao      20   0  160.6g  47.1g  36.3g S  2689  37.5 202:01.36 nts	1693197655031
3669124 toao      20   0  161.2g  47.2g  36.3g S  2712  37.6 202:17.63 nts	1693197655735
3669124 toao      20   0  160.6g  47.1g  36.3g S  2941  37.5 202:34.63 nts	1693197656439
3669124 toao      20   0  160.6g  47.1g  36.3g S  1959  37.5 202:51.26 nts	1693197657143
3669124 toao      20   0  160.6g  47.1g  36.3g S  2806  37.5 203:07.95 nts	1693197657849
3669124 toao      20   0  160.6g  47.1g  36.3g S  2900  37.5 203:24.57 nts	1693197658555
3669124 toao      20   0  160.6g  47.1g  36.3g S  1465  37.5 203:39.15 nts	1693197659257
3669124 toao      20   0  160.7g  47.1g  36.3g S  1862  37.5 203:53.48 nts	1693197659962
3669124 toao      20   0  160.7g  47.2g  36.3g S  2653  37.6 204:10.30 nts	1693197660665
3669124 toao      20   0       0      0      0 Z 100.0   0.0 204:20.72 nts	1693197661369
3669124 toao      20   0       0      0      0 Z 100.0   0.0 204:21.42 nts	1693197662072
3669124 toao      20   0       0      0      0 Z 106.2   0.0 204:22.12 nts	1693197662773
3669124 toao      20   0       0      0      0 Z 106.2   0.0 204:22.81 nts	1693197663473
3669124 toao      20   0       0      0      0 Z 100.0   0.0 204:23.50 nts	1693197664175
3669124 toao      20   0       0      0      0 Z 100.0   0.0 204:24.19 nts	1693197664877
3669124 toao      20   0       0      0      0 Z 100.0   0.0 204:24.88 nts	1693197665578
3669124 toao      20   0       0      0      0 Z 100.0   0.0 204:25.59 nts	1693197666284
3669124 toao      20   0       0      0      0 Z 100.0   0.0 204:26.29 nts	1693197666987
