3294676 toao      20   0 2529192 100104  68620 R 100.0   0.1   0:00.20 nts	1696949165800
3294676 toao      20   0 8431764 217408 119592 R  3672   0.2   0:07.09 nts	1696949166278
3294676 toao      20   0 8431764 217408 119592 R  6868   0.2   0:26.72 nts	1696949166534
3294676 toao      20   0 8431764 217408 119592 R  7747   0.2   1:02.35 nts	1696949166993
3294676 toao      20   0 8523980 254428 119656 R  4289   0.2   1:18.85 nts	1696949167287
3294676 toao      20   0 8523980 281736 119784 R 200.0   0.2   1:19.72 nts	1696949167718
3294676 toao      20   0 8523980 281736 119784 R 205.9   0.2   1:20.27 nts	1696949168005
3294676 toao      20   0 8523980 281736 119784 R 188.9   0.2   1:21.13 nts	1696949168438
3294676 toao      20   0 8523980 281736 119784 R 200.0   0.2   1:21.68 nts	1696949168715
3294676 toao      20   0 8523980 281736 119784 R 205.9   0.2   1:22.55 nts	1696949169148
3294676 toao      20   0 8523980 281736 119784 R 194.1   0.2   1:23.08 nts	1696949169422
3294676 toao      20   0 8523980 281736 119784 R 205.9   0.2   1:23.96 nts	1696949169856
3294676 toao      20   0 8523980 301008 119784 R 200.0   0.2   1:24.51 nts	1696949170126
3294676 toao      20   0 8523980 301008 119784 R 200.0   0.2   1:25.38 nts	1696949170563
3294676 toao      20   0 8523980 301008 119784 R 194.1   0.2   1:25.91 nts	1696949170835
3294676 toao      20   0 8523980 301008 119784 R 205.9   0.2   1:26.80 nts	1696949171271
3294676 toao      20   0 8523980 301008 119784 R 188.9   0.2   1:27.33 nts	1696949171538
3294676 toao      20   0 8523980 301008 119784 R 211.8   0.2   1:28.23 nts	1696949171981
3294676 toao      20   0 8589516 301092 119848 R 200.0   0.2   1:28.74 nts	1696949172247
3294676 toao      20   0 9772172 594596 119968 R  1259   0.5   1:33.34 nts	1696949172692
3294676 toao      20   0 9772172 595636 119968 R  1312   0.5   1:36.50 nts	1696949172953
3294676 toao      20   0 9772172 596428 119968 R  1200   0.5   1:41.80 nts	1696949173400
3294676 toao      20   0 9772172 596944 119968 R 976.5   0.5   1:44.80 nts	1696949173665
3294676 toao      20   0 9772172 830948 119968 R  1471   0.6   1:50.99 nts	1696949174101
3294676 toao      20   0 9772172 831476 119968 R  1429   0.6   1:54.74 nts	1696949174371
3294676 toao      20   0 9772172 832268 119968 R  1453   0.6   2:01.00 nts	1696949174811
3294676 toao      20   0 9772172 832532 119968 R  1350   0.6   2:04.68 nts	1696949175078
3294676 toao      20   0   13.4g 837312 120104 R  2600   0.6   2:12.93 nts	1696949175517
3294676 toao      20   0   13.4g 837836 120104 R 194.4   0.6   2:13.48 nts	1696949175786
3294676 toao      20   0   13.4g 838628 120104 R 200.0   0.6   2:14.34 nts	1696949176222
3294676 toao      20   0   13.4g 840212 120104 R 188.9   0.6   2:14.89 nts	1696949176500
3294676 toao      20   0   13.4g 843908 120104 R 200.0   0.6   2:15.75 nts	1696949176930
3294676 toao      20   0   13.4g 846284 120104 R 200.0   0.6   2:16.30 nts	1696949177206
3294676 toao      20   0   13.4g 849716 120104 R 200.0   0.6   2:17.16 nts	1696949177638
3294676 toao      20   0   13.4g 852092 120104 R 205.9   0.6   2:17.72 nts	1696949177914
3294676 toao      20   0   13.4g 855788 120104 R 200.0   0.7   2:18.57 nts	1696949178341
3294676 toao      20   0   13.4g 856844 120104 R 194.1   0.7   2:19.12 nts	1696949178622
3294676 toao      20   0   13.4g 857900 120104 R 200.0   0.7   2:19.98 nts	1696949179047
3294676 toao      20   0   13.4g 859748 120104 R 205.9   0.7   2:20.54 nts	1696949179325
3294676 toao      20   0   13.4g 864500 120104 R 200.0   0.7   2:21.39 nts	1696949179754
3294676 toao      20   0   13.4g 867668 120104 R 205.9   0.7   2:21.95 nts	1696949180031
3294676 toao      20   0   13.4g 872684 120104 R 200.0   0.7   2:22.80 nts	1696949180459
3294676 toao      20   0   13.7g 911228 120104 R 147.1   0.7   2:23.27 nts	1696949180740
3294676 toao      20   0   14.6g 982.8m 120104 R 825.0   0.8   2:26.42 nts	1696949181162
3294676 toao      20   0   14.6g   1.0g 120104 R 676.5   0.8   2:28.43 nts	1696949181446
3294676 toao      20   0   14.6g   1.1g 120104 R 711.8   0.9   2:31.50 nts	1696949181865
3294676 toao      20   0   14.6g   1.2g 120104 R 788.2   0.9   2:33.69 nts	1696949182149
3294676 toao      20   0   14.6g   1.2g 120104 R 888.2   1.0   2:37.45 nts	1696949182573
3294676 toao      20   0   14.6g   1.3g 120104 R 882.4   1.0   2:39.89 nts	1696949182854
3294676 toao      20   0   18.6g   1.4g 120104 R  2088   1.1   2:45.02 nts	1696949183278
3294676 toao      20   0   18.6g   1.4g 120104 R 106.2   1.1   2:45.31 nts	1696949183561
3294676 toao      20   0   18.6g   1.4g 120104 R 106.2   1.1   2:45.72 nts	1696949183979
3294676 toao      20   0   18.6g   1.4g 120104 R 105.9   1.1   2:46.02 nts	1696949184267
3294676 toao      20   0   18.6g   1.4g 120104 R 100.0   1.1   2:46.43 nts	1696949184684
3294676 toao      20   0   18.6g   1.4g 120104 R 100.0   1.1   2:46.72 nts	1696949184974
3294676 toao      20   0   18.6g   1.4g 120104 R 105.9   1.1   2:47.15 nts	1696949185392
3294676 toao      20   0   18.6g   1.4g 120104 R 106.2   1.1   2:47.42 nts	1696949185682
3294676 toao      20   0   19.1g   1.6g 120104 R 100.0   1.3   2:47.84 nts	1696949186102
3294676 toao      20   0   19.1g   1.6g 120104 R  94.4   1.3   2:48.13 nts	1696949186386
3294676 toao      20   0   19.1g   1.6g 120104 R 100.0   1.3   2:48.54 nts	1696949186805
3294676 toao      20   0   19.1g   1.6g 120104 R 100.0   1.3   2:48.84 nts	1696949187097
3294676 toao      20   0   19.1g   1.6g 120104 R  94.1   1.3   2:49.25 nts	1696949187510
3294676 toao      20   0   19.1g   1.6g 120104 R 100.0   1.3   2:49.55 nts	1696949187802
3294676 toao      20   0   19.1g   1.7g 120104 R  88.9   1.3   2:49.96 nts	1696949188218
3294676 toao      20   0   19.1g   1.7g 120104 R 106.2   1.3   2:50.25 nts	1696949188509
3294676 toao      20   0   19.1g   1.7g 120104 R 100.0   1.3   2:50.67 nts	1696949188926
3294676 toao      20   0   19.1g   1.7g 120104 R  94.1   1.3   2:50.95 nts	1696949189214
3294676 toao      20   0   19.1g   1.7g 120104 R 111.8   1.3   2:51.39 nts	1696949189634
3294676 toao      20   0   19.1g   1.7g 120104 R  94.1   1.3   2:51.65 nts	1696949189919
3294676 toao      20   0   19.1g   1.7g 120104 R 100.0   1.3   2:52.09 nts	1696949190345
3294676 toao      20   0   19.1g   1.7g 120104 R  94.1   1.3   2:52.35 nts	1696949190616
3294676 toao      20   0   19.1g   1.7g 120104 R 105.9   1.3   2:52.80 nts	1696949191052
3294676 toao      20   0   19.1g   1.7g 120104 R 100.0   1.3   2:53.07 nts	1696949191322
3294676 toao      20   0   19.1g   1.7g 120104 R 100.0   1.3   2:53.50 nts	1696949191758
3294676 toao      20   0   19.1g   1.7g 120104 R 100.0   1.3   2:53.77 nts	1696949192032
3294676 toao      20   0   19.1g   1.8g 120104 R 100.0   1.4   2:54.21 nts	1696949192468
3294676 toao      20   0   19.1g   1.9g 120104 R 105.9   1.5   2:54.49 nts	1696949192739
3294676 toao      20   0   19.1g   1.9g 120104 R 105.9   1.5   2:54.92 nts	1696949193173
3294676 toao      20   0   19.1g   1.9g 120104 R 100.0   1.5   2:55.18 nts	1696949193445
3294676 toao      20   0   19.1g   1.9g 120104 R 100.0   1.5   2:55.62 nts	1696949193876
3294676 toao      20   0   19.1g   1.9g 120104 R 100.0   1.5   2:55.89 nts	1696949194149
3294676 toao      20   0   19.1g   1.9g 120104 R 100.0   1.5   2:56.32 nts	1696949194581
3294676 toao      20   0   19.1g   1.9g 120104 R  94.1   1.5   2:56.59 nts	1696949194854
3294676 toao      20   0   19.1g   1.9g 120104 R 100.0   1.5   2:57.03 nts	1696949195286
3294676 toao      20   0   19.1g   1.9g 120104 R 100.0   1.5   2:57.30 nts	1696949195559
3294676 toao      20   0   19.1g   1.9g 120104 R  94.1   1.5   2:57.73 nts	1696949195993
3294676 toao      20   0   19.1g   1.9g 120104 R 100.0   1.5   2:58.00 nts	1696949196266
3294676 toao      20   0   19.1g   1.9g 120104 R 100.0   1.5   2:58.44 nts	1696949196698
3294676 toao      20   0   19.1g   1.9g 120104 R 100.0   1.5   2:58.71 nts	1696949196970
3294676 toao      20   0   19.1g   1.9g 120104 R 105.9   1.5   2:59.15 nts	1696949197405
3294676 toao      20   0   19.1g   1.9g 120104 R 100.0   1.5   2:59.42 nts	1696949197678
3294676 toao      20   0   19.1g   1.9g 120104 R 100.0   1.5   2:59.85 nts	1696949198110
3294676 toao      20   0   19.1g   1.9g 120104 R 100.0   1.5   3:00.12 nts	1696949198381
3294676 toao      20   0   19.1g   1.9g 120104 R 100.0   1.5   3:00.56 nts	1696949198817
3294676 toao      20   0   19.1g   1.9g 120104 R  94.1   1.5   3:00.82 nts	1696949199086
3294676 toao      20   0   19.1g   1.9g 120104 R 100.0   1.5   3:01.27 nts	1696949199522
3294676 toao      20   0   19.1g   1.9g 121088 D  1206   1.5   3:03.53 nts	1696949199790
3294676 toao      20   0   27.7g   1.9g 185144 R  17.6   1.5   3:03.64 nts	1696949200230
3294676 toao      20   0   28.3g   2.2g 245116 R 100.0   1.8   3:03.89 nts	1696949200490
3294676 toao      20   0   28.4g   2.3g 263572 D   0.0   1.8   3:03.99 nts	1696949200939
3294676 toao      20   0   28.7g   2.6g 309616 R 105.9   2.1   3:04.25 nts	1696949201198
3294676 toao      20   0   28.8g   2.7g 316000 D  29.4   2.1   3:04.38 nts	1696949201645
3294676 toao      20   0   29.1g   2.9g 344976 R 105.9   2.3   3:04.60 nts	1696949201902
3294676 toao      20   0   29.3g   3.1g 367020 D  23.5   2.4   3:04.75 nts	1696949202347
3294676 toao      20   0   29.5g   3.2g 403084 R 105.9   2.6   3:04.93 nts	1696949202610
3294676 toao      20   0   29.8g   3.5g 445156 D  35.3   2.8   3:05.15 nts	1696949203054
3294676 toao      20   0   29.9g   3.6g 466084 R  76.5   2.9   3:05.28 nts	1696949203318
3294676 toao      20   0   30.3g   3.9g 496412 D  37.5   3.1   3:05.52 nts	1696949203762
3294676 toao      20   0   30.4g   4.0g 511280 R  62.5   3.2   3:05.62 nts	1696949204019
3294676 toao      20   0   31.6g   4.6g   1.0g R  70.6   3.7   3:06.11 nts	1696949204463
3294676 toao      20   0   31.6g   4.6g   1.0g R 100.0   3.7   3:06.37 nts	1696949204724
3294676 toao      20   0   31.6g   4.6g   1.0g R  94.1   3.7   3:06.81 nts	1696949205170
3294676 toao      20   0   31.6g   4.6g   1.0g R 105.9   3.7   3:07.08 nts	1696949205431
3294676 toao      20   0   32.5g   5.5g   2.0g D  72.2   4.4   3:07.49 nts	1696949205879
3294676 toao      20   0   32.5g   5.6g   2.0g R  94.4   4.4   3:07.69 nts	1696949206138
3294676 toao      20   0   32.5g   5.6g   2.0g R 105.9   4.4   3:08.14 nts	1696949206586
3294676 toao      20   0   32.5g   5.6g   2.0g R 100.0   4.4   3:08.41 nts	1696949206846
3294676 toao      20   0   32.5g   5.6g   2.0g R 105.9   4.4   3:08.86 nts	1696949207289
3294676 toao      20   0   32.5g   5.6g   2.0g R 100.0   4.4   3:09.11 nts	1696949207553
3294676 toao      20   0   32.5g   5.6g   2.0g R  94.1   4.4   3:09.55 nts	1696949208000
3294676 toao      20   0   32.5g   5.6g   2.0g R  94.4   4.4   3:09.81 nts	1696949208258
3294676 toao      20   0   32.5g   5.6g   2.0g R 100.0   4.4   3:10.26 nts	1696949208705
3294676 toao      20   0   32.5g   5.6g   2.0g R 100.0   4.4   3:10.52 nts	1696949208966
3294676 toao      20   0   32.5g   5.6g   2.0g R  94.1   4.4   3:10.96 nts	1696949209409
3294676 toao      20   0   32.5g   5.6g   2.0g R 112.5   4.4   3:11.23 nts	1696949209670
3294676 toao      20   0   32.5g   5.6g   2.0g R  94.1   4.4   3:11.67 nts	1696949210117
3294676 toao      20   0   32.5g   5.6g   2.0g R 105.9   4.4   3:11.93 nts	1696949210374
3294676 toao      20   0   32.5g   5.6g   2.0g R 100.0   4.4   3:12.38 nts	1696949210826
3294676 toao      20   0   32.5g   5.6g   2.0g R 100.0   4.4   3:12.63 nts	1696949211078
3294676 toao      20   0   32.5g   5.6g   2.0g R 105.9   4.4   3:13.10 nts	1696949211534
3294676 toao      20   0   32.5g   5.6g   2.0g R 100.0   4.4   3:13.34 nts	1696949211782
3294676 toao      20   0   32.5g   5.6g   2.0g R 100.0   4.4   3:13.80 nts	1696949212243
3294676 toao      20   0   32.5g   5.6g   2.0g R 100.0   4.4   3:14.04 nts	1696949212486
3294676 toao      20   0   32.5g   5.6g   2.0g R 106.2   4.4   3:14.50 nts	1696949212949
3294676 toao      20   0   32.5g   5.6g   2.0g R 112.5   4.4   3:14.75 nts	1696949213190
3294676 toao      20   0   32.5g   5.6g   2.0g R 100.0   4.4   3:15.21 nts	1696949213653
3294676 toao      20   0   32.5g   5.6g   2.0g R 100.0   4.4   3:15.45 nts	1696949213895
3294676 toao      20   0   32.5g   5.6g   2.0g R  94.1   4.4   3:15.92 nts	1696949214362
3294676 toao      20   0   32.5g   5.6g   2.0g R 100.0   4.4   3:16.16 nts	1696949214601
3294676 toao      20   0   32.5g   5.6g   2.0g R 105.9   4.4   3:16.63 nts	1696949215073
3294676 toao      20   0   32.5g   5.6g   2.0g R 100.0   4.4   3:16.87 nts	1696949215308
3294676 toao      20   0   32.5g   5.6g   2.0g R 105.9   4.4   3:17.34 nts	1696949215778
3294676 toao      20   0   32.5g   5.6g   2.0g R 100.0   4.4   3:17.57 nts	1696949216014
3294676 toao      20   0   32.5g   5.6g   2.0g R 112.5   4.4   3:18.04 nts	1696949216481
3294676 toao      20   0   32.5g   5.6g   2.0g R 100.0   4.4   3:18.29 nts	1696949216718
3294676 toao      20   0   32.5g   5.6g   2.0g R 100.0   4.4   3:18.74 nts	1696949217185
3294676 toao      20   0   32.5g   5.6g   2.0g R 105.9   4.4   3:18.99 nts	1696949217431
3294676 toao      20   0   32.5g   5.6g   2.0g R 100.0   4.4   3:19.45 nts	1696949217891
3294676 toao      20   0   32.5g   5.6g   2.0g R 105.9   4.4   3:19.71 nts	1696949218137
3294676 toao      20   0   32.5g   5.6g   2.0g R  94.4   4.4   3:20.16 nts	1696949218598
3294676 toao      20   0   32.5g   5.6g   2.0g R 100.0   4.4   3:20.41 nts	1696949218857
3294676 toao      20   0   32.5g   5.6g   2.0g R  94.1   4.4   3:20.86 nts	1696949219307
3294676 toao      20   0   32.5g   5.6g   2.0g R 100.0   4.4   3:21.12 nts	1696949219561
3294676 toao      20   0   32.5g   5.6g   2.0g R 105.9   4.4   3:21.57 nts	1696949220013
3294676 toao      20   0   32.5g   5.6g   2.0g R 100.0   4.4   3:21.82 nts	1696949220269
3294676 toao      20   0   32.5g   5.6g   2.0g R 100.0   4.4   3:22.27 nts	1696949220718
3294676 toao      20   0   32.5g   5.6g   2.0g R 100.0   4.4   3:22.53 nts	1696949220975
3294676 toao      20   0   32.5g   5.6g   2.0g R 112.5   4.4   3:22.98 nts	1696949221420
3294676 toao      20   0   32.5g   5.6g   2.0g R 100.0   4.4   3:23.24 nts	1696949221682
3294676 toao      20   0   32.5g   5.6g   2.0g R  94.1   4.4   3:23.68 nts	1696949222126
3294676 toao      20   0   32.5g   5.6g   2.0g R 100.0   4.4   3:23.95 nts	1696949222391
3294676 toao      20   0   32.5g   5.6g   2.0g R 112.5   4.4   3:24.39 nts	1696949222830
3294676 toao      20   0   32.5g   5.6g   2.0g R 100.0   4.4   3:24.65 nts	1696949223095
3294676 toao      20   0   32.5g   5.6g   2.0g R 105.9   4.4   3:25.10 nts	1696949223534
3294676 toao      20   0   32.5g   5.6g   2.0g R 100.0   4.4   3:25.36 nts	1696949223799
3294676 toao      20   0   32.5g   5.6g   2.0g R 100.0   4.4   3:25.80 nts	1696949224241
3294676 toao      20   0   32.5g   5.6g   2.0g R 100.0   4.4   3:26.07 nts	1696949224506
3294676 toao      20   0   32.5g   5.6g   2.0g R 105.9   4.4   3:26.51 nts	1696949224949
3294676 toao      20   0   32.5g   5.6g   2.0g R 100.0   4.4   3:26.77 nts	1696949225215
3294676 toao      20   0   32.5g   5.6g   2.0g R 106.2   4.4   3:27.21 nts	1696949225652
3294676 toao      20   0   32.5g   5.6g   2.0g R 106.2   4.4   3:27.48 nts	1696949225922
3294676 toao      20   0   32.5g   5.6g   2.0g R 100.0   4.4   3:27.91 nts	1696949226354
3294676 toao      20   0   32.5g   5.6g   2.0g R 105.9   4.4   3:28.19 nts	1696949226625
3294676 toao      20   0   32.5g   5.6g   2.0g R 106.2   4.4   3:28.62 nts	1696949227062
3294676 toao      20   0   32.5g   5.6g   2.0g R 105.9   4.4   3:28.89 nts	1696949227330
3294676 toao      20   0   32.5g   5.6g   2.0g R 100.0   4.4   3:29.33 nts	1696949227763
3294676 toao      20   0   32.5g   5.6g   2.0g R 105.9   4.4   3:29.60 nts	1696949228034
3294676 toao      20   0   32.5g   5.6g   2.0g R 100.0   4.4   3:30.03 nts	1696949228468
3294676 toao      20   0   32.5g   5.6g   2.0g R 105.9   4.4   3:30.30 nts	1696949228737
3294676 toao      20   0   32.5g   5.6g   2.0g R 100.0   4.4   3:30.73 nts	1696949229174
3294676 toao      20   0   32.5g   5.6g   2.0g R 100.0   4.4   3:31.01 nts	1696949229446
3294676 toao      20   0   32.5g   5.6g   2.0g R 100.0   4.4   3:31.45 nts	1696949229878
3294676 toao      20   0   32.5g   5.6g   2.0g R 100.0   4.4   3:31.72 nts	1696949230152
3294676 toao      20   0   32.5g   5.6g   2.0g R  94.1   4.4   3:32.14 nts	1696949230586
3294676 toao      20   0   32.5g   5.6g   2.0g R  94.4   4.4   3:32.42 nts	1696949230858
3294676 toao      20   0   32.5g   5.6g   2.0g R 100.0   4.4   3:32.85 nts	1696949231291
3294676 toao      20   0   32.5g   5.6g   2.0g R 100.0   4.4   3:33.13 nts	1696949231567
3294676 toao      20   0   32.5g   5.6g   2.0g R 100.0   4.4   3:33.56 nts	1696949231998
3294676 toao      20   0   32.5g   5.6g   2.0g R 100.0   4.4   3:33.83 nts	1696949232274
3294676 toao      20   0   32.5g   5.6g   2.0g R 100.0   4.4   3:34.26 nts	1696949232702
3294676 toao      20   0   32.5g   5.6g   2.0g R 106.2   4.4   3:34.54 nts	1696949232979
3294676 toao      20   0   32.5g   5.6g   2.0g R 105.9   4.4   3:34.97 nts	1696949233410
3294676 toao      20   0   32.5g   5.6g   2.0g R 105.9   4.4   3:35.25 nts	1696949233686
3294676 toao      20   0   32.5g   5.6g   2.0g R 105.9   4.4   3:35.68 nts	1696949234114
3294676 toao      20   0   32.5g   5.6g   2.0g R 100.0   4.4   3:35.96 nts	1696949234395
3294676 toao      20   0   32.5g   5.6g   2.0g R 100.0   4.4   3:36.38 nts	1696949234821
3294676 toao      20   0   32.5g   5.6g   2.0g R  94.4   4.4   3:36.66 nts	1696949235098
3294676 toao      20   0   32.5g   5.6g   2.0g R 100.0   4.4   3:37.09 nts	1696949235525
3294676 toao      20   0   32.5g   5.6g   2.0g R 105.9   4.4   3:37.38 nts	1696949235810
3294676 toao      20   0   32.5g   5.6g   2.0g R 105.9   4.4   3:37.80 nts	1696949236230
3294676 toao      20   0   32.5g   5.6g   2.0g R 106.2   4.4   3:38.08 nts	1696949236520
3294676 toao      20   0   32.5g   5.6g   2.0g R 100.0   4.4   3:38.50 nts	1696949236938
3294676 toao      20   0   32.5g   5.6g   2.0g R 105.9   4.4   3:38.79 nts	1696949237223
3294676 toao      20   0   32.5g   5.6g   2.0g R  94.4   4.4   3:39.20 nts	1696949237642
3294676 toao      20   0   32.5g   5.6g   2.0g R 106.2   4.4   3:39.49 nts	1696949237930
3294676 toao      20   0   32.5g   5.6g   2.0g R 100.0   4.4   3:39.90 nts	1696949238344
3294676 toao      20   0   32.5g   5.6g   2.0g R 100.0   4.4   3:40.19 nts	1696949238635
3294676 toao      20   0   32.5g   5.6g   2.0g R 100.0   4.4   3:40.61 nts	1696949239050
3294676 toao      20   0   32.5g   5.6g   2.0g R 100.0   4.4   3:40.90 nts	1696949239338
3294676 toao      20   0   32.5g   5.6g   2.0g R 100.0   4.4   3:41.32 nts	1696949239757
3294676 toao      20   0   32.5g   5.6g   2.0g R 105.9   4.4   3:41.61 nts	1696949240043
3294676 toao      20   0   32.5g   5.6g   2.0g R 105.9   4.4   3:42.03 nts	1696949240461
3294676 toao      20   0   32.5g   5.6g   2.0g R 106.2   4.4   3:42.31 nts	1696949240750
3294676 toao      20   0   32.5g   5.6g   2.0g R 100.0   4.4   3:42.73 nts	1696949241169
3294676 toao      20   0   32.5g   5.6g   2.0g R 100.0   4.4   3:43.01 nts	1696949241454
3294676 toao      20   0   32.5g   5.6g   2.0g R 100.0   4.4   3:43.44 nts	1696949241875
3294676 toao      20   0   32.5g   5.6g   2.0g R 100.0   4.4   3:43.73 nts	1696949242158
3294676 toao      20   0   32.5g   5.6g   2.0g R  94.1   4.4   3:44.14 nts	1696949242582
3294676 toao      20   0   32.5g   5.6g   2.0g R 100.0   4.4   3:44.43 nts	1696949242867
3294676 toao      20   0   32.5g   5.6g   2.0g R 100.0   4.4   3:44.85 nts	1696949243286
3294676 toao      20   0   32.5g   5.6g   2.0g R 100.0   4.4   3:45.14 nts	1696949243572
3294676 toao      20   0   32.5g   5.6g   2.0g R 100.0   4.4   3:45.56 nts	1696949243991
3294676 toao      20   0   32.5g   5.6g   2.0g R 100.0   4.4   3:45.84 nts	1696949244278
3294676 toao      20   0   32.5g   5.6g   2.0g R 100.0   4.4   3:46.26 nts	1696949244697
3294676 toao      20   0   32.5g   5.6g   2.0g R 100.0   4.4   3:46.55 nts	1696949244986
3294676 toao      20   0   32.5g   5.6g   2.0g R 100.0   4.4   3:46.96 nts	1696949245403
3294676 toao      20   0   32.5g   5.6g   2.0g R 100.0   4.4   3:47.25 nts	1696949245689
3294676 toao      20   0   32.5g   5.6g   2.0g R 100.0   4.4   3:47.67 nts	1696949246110
3294676 toao      20   0   32.5g   5.6g   2.0g R  88.2   4.4   3:47.94 nts	1696949246394
3294676 toao      20   0   89.1g   5.7g   2.0g S  2065   4.5   3:54.18 nts	1696949246814
3294676 toao      20   0   89.1g   5.7g   2.0g S 362.5   4.5   3:55.11 nts	1696949247102
3294676 toao      20   0   89.0g   5.7g   2.0g S 182.4   4.5   3:55.91 nts	1696949247523
3294676 toao      20   0   89.2g   5.7g   2.0g S 329.4   4.5   3:56.47 nts	1696949247806
3294676 toao      20   0   89.4g   5.7g   2.0g S 305.9   4.5   3:57.81 nts	1696949248231
3294676 toao      20   0   89.4g   5.7g   2.0g S 317.6   4.5   3:58.72 nts	1696949248514
3294676 toao      20   0   89.4g   5.7g   2.0g S 317.6   4.5   4:00.12 nts	1696949248939
3294676 toao      20   0   89.6g   5.7g   2.0g S 317.6   4.5   4:01.02 nts	1696949249223
3294676 toao      20   0   89.5g   5.7g   2.0g S 329.4   4.5   4:02.35 nts	1696949249650
3294676 toao      20   0   89.3g   5.7g   2.0g S 211.8   4.5   4:03.08 nts	1696949249934
3294676 toao      20   0   89.6g   5.7g   2.0g S 294.4   4.5   4:04.07 nts	1696949250358
3294676 toao      20   0   89.3g   5.7g   2.0g S 235.3   4.5   4:04.85 nts	1696949250646
3294676 toao      20   0   89.6g   5.7g   2.0g S 311.8   4.5   4:06.22 nts	1696949251066
3294676 toao      20   0   89.6g   5.7g   2.0g S 317.6   4.5   4:07.14 nts	1696949251353
3294676 toao      20   0   89.6g   5.7g   2.0g S 276.5   4.5   4:08.44 nts	1696949251771
3294676 toao      20   0   89.6g   5.7g   2.0g S 347.1   4.5   4:09.40 nts	1696949252059
3294676 toao      20   0   89.5g   5.7g   2.0g S  58.8   4.5   4:10.30 nts	1696949252478
3294676 toao      20   0   89.8g   5.7g   2.0g S 358.8   4.5   4:11.13 nts	1696949252762
3294676 toao      20   0   89.8g   5.7g   2.0g S 300.0   4.5   4:12.42 nts	1696949253182
3294676 toao      20   0   89.8g   5.7g   2.0g S 323.5   4.5   4:13.33 nts	1696949253470
3294676 toao      20   0   89.8g   5.7g   2.0g S 341.2   4.5   4:14.70 nts	1696949253892
3294676 toao      20   0   89.8g   5.7g   2.0g S 305.6   4.5   4:15.66 nts	1696949254178
3294676 toao      20   0   89.8g   5.7g   2.0g S 323.5   4.5   4:16.98 nts	1696949254599
3294676 toao      20   0   89.8g   5.7g   2.0g S 335.3   4.5   4:17.91 nts	1696949254887
3294676 toao      20   0   89.8g   5.7g   2.0g S 323.5   4.5   4:19.32 nts	1696949255306
3294676 toao      20   0   89.8g   5.7g   2.0g S 170.6   4.5   4:19.69 nts	1696949255595
3294676 toao      20   0   89.8g   5.7g   2.0g S 323.5   4.5   4:21.02 nts	1696949256014
3294676 toao      20   0   89.8g   5.7g   2.0g S 343.8   4.5   4:21.93 nts	1696949256299
3294676 toao      20   0   89.8g   5.7g   2.0g S 205.9   4.5   4:23.13 nts	1696949256722
3294676 toao      20   0   89.8g   5.7g   2.0g S 347.1   4.5   4:24.04 nts	1696949257006
3294676 toao      20   0   89.7g   5.7g   2.0g S 335.3   4.6   4:25.39 nts	1696949257432
3294676 toao      20   0   89.8g   5.7g   2.0g S 329.4   4.6   4:26.31 nts	1696949257714
3294676 toao      20   0   89.8g   5.7g   2.0g S 300.0   4.6   4:27.30 nts	1696949258139
3294676 toao      20   0   89.8g   5.7g   2.0g S 323.5   4.6   4:28.20 nts	1696949258419
3294676 toao      20   0   94.5g   5.7g   2.0g S 341.2   4.6   4:29.50 nts	1696949258849
3294676 toao      20   0   94.5g   5.7g   2.0g S 329.4   4.6   4:30.41 nts	1696949259122
3294676 toao      20   0   94.6g   5.7g   2.0g S 323.5   4.6   4:31.81 nts	1696949259551
3294676 toao      20   0   94.4g   5.7g   2.0g S 268.8   4.6   4:32.59 nts	1696949259831
3294676 toao      20   0   94.5g   5.7g   2.0g S 329.4   4.6   4:33.67 nts	1696949260259
3294676 toao      20   0   94.6g   5.7g   2.0g S 329.4   4.6   4:34.57 nts	1696949260536
3294676 toao      20   0   94.6g   5.7g   2.0g S 311.1   4.6   4:36.00 nts	1696949260967
3294676 toao      20   0   94.6g   5.7g   2.0g S 164.7   4.6   4:36.51 nts	1696949261243
3294676 toao      20   0   94.6g   5.7g   2.0g S 322.2   4.6   4:37.90 nts	1696949261679
3294676 toao      20   0   94.6g   5.7g   2.0g S 323.5   4.6   4:38.76 nts	1696949261951
3294676 toao      20   0   94.6g   5.7g   2.0g S 183.3   4.6   4:39.98 nts	1696949262387
3294676 toao      20   0   94.6g   5.7g   2.0g S 316.7   4.6   4:40.82 nts	1696949262658
3294676 toao      20   0   94.6g   5.7g   2.0g S 323.5   4.6   4:42.23 nts	1696949263097
3294676 toao      20   0   94.6g   5.7g   2.0g S 335.3   4.6   4:43.15 nts	1696949263367
3294676 toao      20   0   94.6g   5.7g   2.1g S 323.5   4.6   4:44.24 nts	1696949263803
3294676 toao      20   0   94.6g   5.7g   2.1g S 335.3   4.6   4:45.14 nts	1696949264075
3294676 toao      20   0   94.6g   5.7g   2.1g S 329.4   4.6   4:46.58 nts	1696949264514
3294676 toao      20   0   94.4g   5.7g   2.1g S 229.4   4.6   4:47.24 nts	1696949264780
3294676 toao      20   0   94.6g   5.7g   2.1g S 335.3   4.6   4:48.63 nts	1696949265224
3294676 toao      20   0   94.6g   5.7g   2.1g S 329.4   4.6   4:49.45 nts	1696949265487
3294676 toao      20   0   94.6g   5.7g   2.1g S 323.5   4.6   4:50.87 nts	1696949265933
3294676 toao      20   0   94.6g   5.7g   2.1g S 305.9   4.6   4:51.39 nts	1696949266195
3294676 toao      20   0   94.6g   5.7g   2.1g S 329.4   4.6   4:52.82 nts	1696949266635
3294676 toao      20   0   94.6g   5.7g   2.1g S 329.4   4.6   4:53.71 nts	1696949266904
3294676 toao      20   0   94.6g   5.7g   2.1g S 194.1   4.6   4:54.84 nts	1696949267341
3294676 toao      20   0   94.6g   5.7g   2.1g S 329.4   4.6   4:55.74 nts	1696949267612
3294676 toao      20   0   94.6g   5.7g   2.1g S 323.5   4.6   4:57.18 nts	1696949268050
3294676 toao      20   0   94.6g   5.7g   2.1g S 358.8   4.6   4:58.06 nts	1696949268316
3294676 toao      20   0   94.6g   5.7g   2.1g S 329.4   4.6   4:59.06 nts	1696949268758
3294676 toao      20   0   94.6g   5.7g   2.1g S 316.7   4.6   4:59.97 nts	1696949269026
3294676 toao      20   0   94.6g   5.8g   2.1g S 329.4   4.6   5:01.38 nts	1696949269462
3294676 toao      20   0   94.6g   5.8g   2.1g S 123.5   4.6   5:01.95 nts	1696949269739
3294676 toao      20   0   94.6g   5.8g   2.1g S 323.5   4.6   5:03.36 nts	1696949270170
3294676 toao      20   0   94.6g   5.8g   2.1g S 311.8   4.6   5:04.25 nts	1696949270449
3294676 toao      20   0   99.1g   5.8g   2.1g S 264.7   4.6   5:06.19 nts	1696949270880
3294676 toao      20   0   99.4g   5.8g   2.1g S 311.1   4.6   5:06.92 nts	1696949271157
3294676 toao      20   0   99.4g   5.8g   2.1g S 329.4   4.6   5:08.34 nts	1696949271587
3294676 toao      20   0   99.4g   5.8g   2.1g S 323.5   4.6   5:09.25 nts	1696949271867
3294676 toao      20   0   99.4g   5.8g   2.1g S 300.0   4.6   5:10.35 nts	1696949272290
3294676 toao      20   0   99.4g   5.8g   2.1g S 329.4   4.6   5:11.27 nts	1696949272574
3294676 toao      20   0   99.4g   5.8g   2.1g S 300.0   4.6   5:12.68 nts	1696949272999
3294676 toao      20   0   99.1g   5.8g   2.1g S 264.7   4.6   5:13.49 nts	1696949273282
3294676 toao      20   0   99.4g   5.8g   2.1g S 329.4   4.6   5:14.62 nts	1696949273710
3294676 toao      20   0   99.3g   5.8g   2.1g S 323.5   4.6   5:15.53 nts	1696949273991
3294676 toao      20   0   99.4g   5.8g   2.1g S 329.4   4.6   5:16.94 nts	1696949274417
3294676 toao      20   0   99.4g   5.8g   2.1g S 241.2   4.6   5:17.58 nts	1696949274698
3294676 toao      20   0   99.4g   5.8g   2.1g S 323.5   4.6   5:18.96 nts	1696949275122
3294676 toao      20   0   99.4g   5.8g   2.1g S 323.5   4.6   5:19.87 nts	1696949275406
3294676 toao      20   0   99.4g   5.8g   2.1g S 111.8   4.6   5:20.92 nts	1696949275833
3294676 toao      20   0   99.6g   5.8g   2.1g S 170.6   4.6   5:21.57 nts	1696949276111
3294676 toao      20   0   99.6g   5.8g   2.1g S 329.4   4.6   5:22.82 nts	1696949276540
3294676 toao      20   0   99.6g   5.8g   2.1g S 356.2   4.6   5:23.53 nts	1696949276821
3294676 toao      20   0   99.3g   5.8g   2.1g S 335.3   4.6   5:24.90 nts	1696949277247
3294676 toao      20   0   99.6g   5.8g   2.1g S 323.5   4.6   5:25.80 nts	1696949277526
3294676 toao      20   0   99.6g   5.8g   2.1g S 305.9   4.6   5:27.04 nts	1696949277954
3294676 toao      20   0   99.6g   5.8g   2.1g S 329.4   4.6   5:27.95 nts	1696949278231
3294676 toao      20   0   99.6g   5.8g   2.1g S 323.5   4.6   5:29.37 nts	1696949278663
3294676 toao      20   0   99.3g   5.8g   2.1g S 268.8   4.6   5:30.15 nts	1696949278940
3294676 toao      20   0   99.6g   5.8g   2.1g S 305.6   4.6   5:31.22 nts	1696949279372
3294676 toao      20   0   99.6g   5.8g   2.1g S 323.5   4.6   5:32.11 nts	1696949279645
3294676 toao      20   0   99.6g   5.8g   2.1g S 317.6   4.6   5:33.53 nts	1696949280077
3294676 toao      20   0   99.6g   5.8g   2.1g S 205.9   4.6   5:34.14 nts	1696949280351
3294676 toao      20   0   99.6g   5.8g   2.1g S 323.5   4.6   5:35.56 nts	1696949280783
3294676 toao      20   0   99.6g   5.8g   2.1g S 329.4   4.6   5:36.46 nts	1696949281058
3294676 toao      20   0   99.6g   5.8g   2.1g S 125.0   4.6   5:37.53 nts	1696949281489
3294676 toao      20   0   99.6g   5.8g   2.1g S 335.3   4.6   5:38.43 nts	1696949281765
3294676 toao      20   0   99.6g   5.8g   2.1g S 329.4   4.6   5:39.77 nts	1696949282194
3294676 toao      20   0       0      0      0 Z 200.0   0.0   5:40.49 nts	1696949282477
3294676 toao      20   0       0      0      0 Z  94.4   0.0   5:40.91 nts	1696949282899
3294676 toao      20   0       0      0      0 Z  94.1   0.0   5:41.18 nts	1696949283185
3294676 toao      20   0       0      0      0 Z 100.0   0.0   5:41.51 nts	1696949283612
