1392674 toao      20   0 2488260 102736  69632 R  94.1   0.1   0:00.18 nts	1693206257447
1392674 toao      20   0 8372632 220028 118064 R  8000   0.2   0:29.65 nts	1693206258167
1392674 toao      20   0 8482068 296396 118300 R 200.0   0.2   0:54.77 nts	1693206258869
1392674 toao      20   0 8482068 296396 118300 R 218.8   0.2   0:56.16 nts	1693206259571
1392674 toao      20   0 8482068 296396 118300 R 188.9   0.2   0:57.55 nts	1693206260271
1392674 toao      20   0 8482068 296396 118300 R 200.0   0.2   0:58.95 nts	1693206260977
1392674 toao      20   0 8482068 296396 118300 S 200.0   0.2   1:00.34 nts	1693206261685
1392674 toao      20   0 8482068 320156 118300 R 200.0   0.2   1:01.73 nts	1693206262388
1392674 toao      20   0 8482068 320420 118300 R 205.9   0.2   1:03.13 nts	1693206263091
1392674 toao      20   0 8482068 320420 118300 R 206.2   0.2   1:04.51 nts	1693206263792
1392674 toao      20   0 8482068 320420 118300 R 205.9   0.2   1:05.91 nts	1693206264494
1392674 toao      20   0 8482068 320420 118300 R 194.1   0.2   1:07.29 nts	1693206265195
1392674 toao      20   0 8482068 320420 118300 R 194.1   0.2   1:08.68 nts	1693206265895
1392674 toao      20   0 9950.1m 852756 118424 R 870.6   0.6   1:13.46 nts	1693206266598
1392674 toao      20   0 9950.1m 863460 118424 R  1112   0.7   1:19.79 nts	1693206267303
1392674 toao      20   0 9950.1m 868124 118424 R 735.3   0.7   1:27.27 nts	1693206268009
1392674 toao      20   0 9950.1m 870836 118424 R  1047   0.7   1:35.66 nts	1693206268715
1392674 toao      20   0 9950.1m   1.0g 118424 S  1400   0.8   1:44.01 nts	1693206269424
1392674 toao      20   0 9950.1m   1.2g 118424 R  1482   1.0   1:53.80 nts	1693206270129
1392674 toao      20   0 9950.1m   1.2g 118424 R  1435   1.0   2:03.20 nts	1693206270834
1392674 toao      20   0 9950.1m   1.2g 118424 R  1382   1.0   2:12.97 nts	1693206271540
1392674 toao      20   0   13.9g   1.2g 118604 R  1071   1.0   2:21.82 nts	1693206272245
1392674 toao      20   0   13.9g   1.2g 118604 R 194.1   1.0   2:23.20 nts	1693206272945
1392674 toao      20   0   13.9g   1.2g 118604 R 194.1   1.0   2:24.57 nts	1693206273653
1392674 toao      20   0   13.9g   1.3g 118604 S 194.1   1.0   2:25.94 nts	1693206274361
1392674 toao      20   0   13.9g   1.3g 118604 R 194.1   1.0   2:27.30 nts	1693206275065
1392674 toao      20   0   13.9g   1.3g 118604 R 183.3   1.0   2:28.68 nts	1693206275769
1392674 toao      20   0   13.9g   1.3g 118604 R 188.9   1.0   2:30.06 nts	1693206276479
1392674 toao      20   0   13.9g   1.3g 118604 R 194.1   1.0   2:31.44 nts	1693206277189
1392674 toao      20   0   15.4g   1.4g 118604 R 676.5   1.1   2:33.53 nts	1693206277895
1392674 toao      20   0   15.4g   1.5g 118604 R 417.6   1.2   2:37.16 nts	1693206278597
1392674 toao      20   0   15.4g   1.6g 118604 R 594.1   1.3   2:41.21 nts	1693206279300
1392674 toao      20   0   15.4g   1.7g 118604 R 617.6   1.4   2:45.05 nts	1693206280004
1392674 toao      20   0   15.4g   1.8g 118604 R 629.4   1.5   2:48.92 nts	1693206280707
1392674 toao      20   0   15.4g   1.9g 118604 R 552.9   1.5   2:52.30 nts	1693206281409
1392674 toao      20   0   15.4g   2.0g 118604 R 605.9   1.6   2:56.19 nts	1693206282124
1392674 toao      20   0   15.4g   2.1g 118604 R 611.8   1.7   3:00.38 nts	1693206282833
1392674 toao      20   0   19.5g   2.2g 118604 R 470.6   1.8   3:03.87 nts	1693206283539
1392674 toao      20   0   19.5g   2.3g 118604 R 100.0   1.8   3:06.20 nts	1693206284246
1392674 toao      20   0   19.5g   2.3g 118604 R 100.0   1.8   3:06.90 nts	1693206284954
1392674 toao      20   0   19.5g   2.3g 118604 R  94.1   1.8   3:07.61 nts	1693206285663
1392674 toao      20   0   19.5g   2.3g 118604 R 100.0   1.8   3:08.32 nts	1693206286369
1392674 toao      20   0   19.5g   2.3g 118604 R  94.1   1.8   3:09.02 nts	1693206287074
1392674 toao      20   0   19.5g   2.3g 118604 R 100.0   1.8   3:09.72 nts	1693206287778
1392674 toao      20   0   19.5g   2.3g 118604 R 100.0   1.8   3:10.43 nts	1693206288478
1392674 toao      20   0   19.5g   2.3g 118604 R 100.0   1.8   3:11.12 nts	1693206289183
1392674 toao      20   0   20.5g   2.7g 118604 R 106.2   2.1   3:11.83 nts	1693206289883
1392674 toao      20   0   20.5g   2.8g 118604 R 112.5   2.2   3:12.53 nts	1693206290584
1392674 toao      20   0   20.5g   2.8g 118604 R 100.0   2.2   3:13.22 nts	1693206291283
1392674 toao      20   0   20.5g   2.8g 118604 R 106.2   2.2   3:13.93 nts	1693206291983
1392674 toao      20   0   20.5g   2.8g 118604 R 106.2   2.2   3:14.63 nts	1693206292682
1392674 toao      20   0   20.5g   2.8g 118604 R 106.2   2.2   3:15.32 nts	1693206293382
1392674 toao      20   0   20.5g   2.8g 118604 R  94.1   2.2   3:16.02 nts	1693206294082
1392674 toao      20   0   20.5g   2.8g 118604 R 105.9   2.2   3:16.74 nts	1693206294786
1392674 toao      20   0   20.5g   2.8g 118604 R 100.0   2.2   3:17.43 nts	1693206295487
1392674 toao      20   0   20.5g   2.8g 118604 R 100.0   2.2   3:18.13 nts	1693206296187
1392674 toao      20   0   20.5g   2.8g 118604 R 105.9   2.2   3:18.84 nts	1693206296887
1392674 toao      20   0   20.5g   2.8g 118604 R 100.0   2.2   3:19.53 nts	1693206297588
1392674 toao      20   0   20.5g   2.8g 118604 R 100.0   2.2   3:20.24 nts	1693206298291
1392674 toao      20   0   20.5g   2.8g 118604 R 105.9   2.2   3:20.94 nts	1693206298994
1392674 toao      20   0   20.5g   2.8g 118604 R 100.0   2.2   3:21.64 nts	1693206299696
1392674 toao      20   0   20.5g   3.0g 118604 R  94.1   2.4   3:22.33 nts	1693206300399
1392674 toao      20   0   20.5g   3.0g 118604 R 100.0   2.4   3:23.04 nts	1693206301098
1392674 toao      20   0   20.5g   3.0g 118604 R 100.0   2.4   3:23.74 nts	1693206301798
1392674 toao      20   0   20.5g   3.2g 118604 R  94.1   2.5   3:24.43 nts	1693206302500
1392674 toao      20   0   20.5g   3.2g 118604 R  94.1   2.5   3:25.14 nts	1693206303199
1392674 toao      20   0   20.5g   3.2g 118604 R 100.0   2.5   3:25.84 nts	1693206303902
1392674 toao      20   0   20.5g   3.2g 118604 R 100.0   2.5   3:26.55 nts	1693206304604
1392674 toao      20   0   20.5g   3.2g 118604 R  94.1   2.5   3:27.24 nts	1693206305307
1392674 toao      20   0   20.5g   3.2g 118604 R 100.0   2.5   3:27.95 nts	1693206306011
1392674 toao      20   0   20.5g   3.2g 118604 R  94.1   2.5   3:28.65 nts	1693206306714
1392674 toao      20   0   20.5g   3.2g 118604 R 100.0   2.5   3:29.36 nts	1693206307418
1392674 toao      20   0   20.5g   3.2g 118604 R 100.0   2.5   3:30.06 nts	1693206308119
1392674 toao      20   0   20.5g   3.2g 118604 R 100.0   2.5   3:30.76 nts	1693206308823
1392674 toao      20   0   20.5g   3.2g 118604 R 100.0   2.5   3:31.47 nts	1693206309525
1392674 toao      20   0   20.5g   3.2g 118604 R 100.0   2.5   3:32.18 nts	1693206310231
1392674 toao      20   0   20.5g   3.2g 118604 R 105.9   2.5   3:32.88 nts	1693206310935
1392674 toao      20   0   20.5g   3.2g 118604 R 100.0   2.5   3:33.58 nts	1693206311639
1392674 toao      20   0   29.4g   3.3g 213624 R  94.1   2.7   3:35.32 nts	1693206312340
1392674 toao      20   0   30.0g   3.9g 307896 R  94.1   3.1   3:36.02 nts	1693206313040
1392674 toao      20   0   31.0g   4.8g 446700 R 100.0   3.8   3:36.73 nts	1693206313743
1392674 toao      20   0   32.7g   5.8g 532176 R  94.1   4.6   3:37.43 nts	1693206314447
1392674 toao      20   0   32.7g   6.3g 532176 R  94.1   5.0   3:38.13 nts	1693206315152
1392674 toao      20   0   32.7g   6.3g 532176 R 106.2   5.0   3:38.84 nts	1693206315855
1392674 toao      20   0   32.7g   6.3g 532176 R 106.2   5.0   3:39.54 nts	1693206316554
1392674 toao      20   0   39.6g   8.5g   2.7g R 100.0   6.8   3:40.24 nts	1693206317255
1392674 toao      20   0   39.6g  10.7g   4.9g R 100.0   8.5   3:40.94 nts	1693206317958
1392674 toao      20   0   39.6g  12.9g   7.1g R 100.0  10.3   3:41.65 nts	1693206318660
1392674 toao      20   0   39.6g  13.2g   7.4g R 100.0  10.5   3:42.34 nts	1693206319364
1392674 toao      20   0   39.6g  13.2g   7.4g R 100.0  10.5   3:43.05 nts	1693206320067
1392674 toao      20   0   39.6g  13.2g   7.4g R 100.0  10.5   3:43.75 nts	1693206320771
1392674 toao      20   0   39.6g  13.2g   7.4g R  94.1  10.5   3:44.45 nts	1693206321475
1392674 toao      20   0   39.6g  13.2g   7.4g R 100.0  10.5   3:45.16 nts	1693206322178
1392674 toao      20   0   39.6g  13.2g   7.4g R 106.2  10.5   3:45.86 nts	1693206322883
1392674 toao      20   0   39.6g  13.2g   7.4g R 106.2  10.5   3:46.56 nts	1693206323583
1392674 toao      20   0   39.6g  13.2g   7.4g R 106.2  10.5   3:47.26 nts	1693206324282
1392674 toao      20   0   39.6g  13.2g   7.4g R 106.2  10.5   3:47.97 nts	1693206324983
1392674 toao      20   0   39.6g  13.2g   7.4g R 100.0  10.5   3:48.67 nts	1693206325683
1392674 toao      20   0   39.6g  13.2g   7.4g R 100.0  10.5   3:49.37 nts	1693206326387
1392674 toao      20   0   39.6g  13.2g   7.4g R 100.0  10.5   3:50.07 nts	1693206327088
1392674 toao      20   0   39.6g  13.2g   7.4g R 100.0  10.5   3:50.77 nts	1693206327787
1392674 toao      20   0   39.4g  13.2g   7.4g R 100.0  10.5   3:52.02 nts	1693206328487
1392674 toao      20   0   39.6g  13.3g   7.4g R  1300  10.6   3:59.81 nts	1693206329191
1392674 toao      20   0   39.6g  13.3g   7.4g R  1076  10.6   4:09.47 nts	1693206329898
1392674 toao      20   0   39.6g  13.3g   7.4g S 335.3  10.6   4:18.97 nts	1693206330596
1392674 toao      20   0   39.6g  13.3g   7.4g R  2076  10.6   4:31.03 nts	1693206331303
1392674 toao      20   0   39.6g  13.3g   7.4g R 676.5  10.6   4:38.60 nts	1693206332009
1392674 toao      20   0   39.6g  13.3g   7.4g R  2475  10.6   4:52.63 nts	1693206332714
1392674 toao      20   0   39.6g  13.3g   7.4g R 847.1  10.6   5:02.69 nts	1693206333415
1392674 toao      20   0   39.6g  13.3g   7.4g S 682.4  10.6   5:11.36 nts	1693206334117
1392674 toao      20   0   39.6g  13.3g   7.4g S 570.6  10.6   5:20.49 nts	1693206334815
1392674 toao      20   0   39.6g  13.3g   7.4g R 617.6  10.6   5:30.01 nts	1693206335515
1392674 toao      20   0   39.6g  13.3g   7.4g R  1453  10.6   5:39.11 nts	1693206336215
1392674 toao      20   0   39.6g  13.3g   7.4g S 647.1  10.6   5:47.41 nts	1693206336916
1392674 toao      20   0   39.6g  13.3g   7.4g R  2194  10.6   5:59.16 nts	1693206337616
1392674 toao      20   0   39.6g  13.3g   7.4g R  1506  10.6   6:10.61 nts	1693206338320
1392674 toao      20   0   39.6g  13.3g   7.4g S  2353  10.6   6:19.58 nts	1693206339019
1392674 toao      20   0   39.6g  13.3g   7.4g R 670.6  10.6   6:29.93 nts	1693206339723
1392674 toao      20   0   39.6g  13.3g   7.4g S 470.6  10.6   6:39.18 nts	1693206340426
1392674 toao      20   0   39.6g  13.3g   7.4g R 429.4  10.6   6:48.68 nts	1693206341126
1392674 toao      20   0   39.6g  13.3g   7.4g R  2424  10.6   7:01.48 nts	1693206341830
1392674 toao      20   0   39.6g  13.3g   7.4g R  1000  10.6   7:12.01 nts	1693206342531
1392674 toao      20   0   39.6g  13.3g   7.4g S  2694  10.6   7:25.25 nts	1693206343232
1392674 toao      20   0   39.6g  13.3g   7.4g R  2425  10.6   7:35.83 nts	1693206343932
1392674 toao      20   0   39.6g  13.3g   7.4g R  1812  10.6   7:46.49 nts	1693206344632
1392674 toao      20   0   39.6g  13.3g   7.4g R  1582  10.6   7:56.71 nts	1693206345335
1392674 toao      20   0   39.6g  13.3g   7.4g S 635.3  10.6   8:05.04 nts	1693206346035
1392674 toao      20   0   39.6g  13.3g   7.4g R 364.7  10.6   8:14.81 nts	1693206346735
1392674 toao      20   0   39.6g  13.3g   7.4g R 488.2  10.6   8:24.28 nts	1693206347439
1392674 toao      20   0   39.6g  13.3g   7.4g S  2500  10.6   8:36.81 nts	1693206348144
1392674 toao      20   0   39.6g  13.3g   7.4g S  1465  10.6   8:47.39 nts	1693206348847
1392674 toao      20   0   39.6g  13.3g   7.4g R  1535  10.6   8:56.74 nts	1693206349548
1392674 toao      20   0   39.6g  13.3g   7.4g R  1629  10.6   9:05.42 nts	1693206350247
1392674 toao      20   0   39.6g  13.3g   7.4g R 847.1  10.6   9:15.64 nts	1693206350951
1392674 toao      20   0   39.6g  13.3g   7.4g R 911.8  10.6   9:25.09 nts	1693206351651
1392674 toao      20   0   39.6g  13.3g   7.4g R 500.0  10.6   9:34.18 nts	1693206352354
1392674 toao      20   0   39.6g  13.3g   7.4g S  2641  10.6   9:46.76 nts	1693206353056
1392674 toao      20   0   39.6g  13.3g   7.4g R  1541  10.6   9:58.38 nts	1693206353759
1392674 toao      20   0   39.6g  13.3g   7.4g R  1182  10.6  10:08.03 nts	1693206354459
1392674 toao      20   0   39.6g  13.3g   7.4g R 943.8  10.6  10:16.54 nts	1693206355163
1392674 toao      20   0   39.6g  13.3g   7.4g R 456.2  10.6  10:26.25 nts	1693206355864
1392674 toao      20   0   39.6g  13.3g   7.4g R 429.4  10.6  10:36.30 nts	1693206356564
1392674 toao      20   0   39.6g  13.3g   7.4g R  1712  10.6  10:48.11 nts	1693206357268
1392674 toao      20   0   39.6g  13.3g   7.4g R  1912  10.6  10:58.26 nts	1693206357971
1392674 toao      20   0   39.6g  13.3g   7.4g S  1524  10.6  11:09.97 nts	1693206358676
1392674 toao      20   0   39.6g  13.3g   7.4g R 500.0  10.6  11:19.62 nts	1693206359380
1392674 toao      20   0   39.6g  13.3g   7.4g R  1618  10.6  11:30.71 nts	1693206360083
1392674 toao      20   0   39.6g  13.3g   7.4g S  1471  10.6  11:42.70 nts	1693206360788
1392674 toao      20   0   39.6g  13.3g   7.4g R 523.5  10.6  11:52.64 nts	1693206361491
1392674 toao      20   0   39.6g  13.3g   7.4g R 776.5  10.6  12:02.48 nts	1693206362192
1392674 toao      20   0   39.6g  13.3g   7.4g R  1306  10.6  12:12.63 nts	1693206362893
1392674 toao      20   0   39.6g  13.3g   7.4g R  1353  10.6  12:24.08 nts	1693206363599
1392674 toao      20   0   39.6g  13.3g   7.4g R  2394  10.6  12:34.62 nts	1693206364299
1392674 toao      20   0   39.6g  13.3g   7.4g R  1219  10.6  12:42.44 nts	1693206365003
1392674 toao      20   0   39.6g  13.3g   7.4g R  2044  10.6  12:55.95 nts	1693206365702
1392674 toao      20   0   39.6g  13.3g   7.4g R  2088  10.6  13:07.64 nts	1693206366404
1392674 toao      20   0   39.6g  13.3g   7.4g R 612.5  10.6  13:14.57 nts	1693206367103
1392674 toao      20   0   39.6g  13.3g   7.4g R  1700  10.6  13:25.46 nts	1693206367810
1392674 toao      20   0   39.6g  13.3g   7.4g S  1388  10.6  13:37.37 nts	1693206368510
1392674 toao      20   0   95.0g  13.8g   7.8g R 382.4  11.0  13:51.94 nts	1693206369210
1392674 toao      20   0   96.9g  15.4g   9.3g R 205.9  12.3  13:54.41 nts	1693206369915
1392674 toao      20   0  100.2g  16.3g  10.2g S 300.0  13.0  13:56.05 nts	1693206370619
1392674 toao      20   0  106.0g  16.3g  10.2g S  1311  13.0  14:01.77 nts	1693206371321
1392674 toao      20   0  106.6g  16.4g  10.3g S 200.0  13.1  14:07.34 nts	1693206372028
1392674 toao      20   0  107.8g  16.6g  10.4g S  1047  13.2  14:14.26 nts	1693206372731
1392674 toao      20   0  107.8g  16.6g  10.4g S  1224  13.2  14:20.46 nts	1693206373436
1392674 toao      20   0  108.2g  16.6g  10.4g S  1018  13.3  14:26.22 nts	1693206374139
1392674 toao      20   0  108.4g  16.6g  10.4g S 394.1  13.3  14:31.92 nts	1693206374838
1392674 toao      20   0  110.8g  16.6g  10.4g S 388.2  13.3  14:37.83 nts	1693206375538
1392674 toao      20   0  112.6g  16.6g  10.4g S 405.9  13.3  14:43.75 nts	1693206376239
1392674 toao      20   0  112.7g  16.7g  10.4g S  1159  13.3  14:50.82 nts	1693206376944
1392674 toao      20   0  112.6g  16.6g  10.4g S  1576  13.2  14:57.32 nts	1693206377648
1392674 toao      20   0  112.6g  16.6g  10.4g S  1453  13.2  15:02.94 nts	1693206378351
1392674 toao      20   0  113.4g  16.6g  10.4g S  1512  13.2  15:08.78 nts	1693206379052
1392674 toao      20   0  115.0g  16.6g  10.4g S  1356  13.2  15:14.55 nts	1693206379752
1392674 toao      20   0  115.1g  16.7g  10.4g S 723.5  13.3  15:20.94 nts	1693206380455
1392674 toao      20   0  116.7g  16.7g  10.4g S  1181  13.3  15:27.49 nts	1693206381162
1392674 toao      20   0  117.5g  16.7g  10.4g S  1029  13.3  15:33.20 nts	1693206381863
1392674 toao      20   0  117.5g  16.7g  10.4g S  1135  13.3  15:39.02 nts	1693206382567
1392674 toao      20   0  117.5g  16.7g  10.4g S 947.1  13.3  15:44.74 nts	1693206383270
1392674 toao      20   0  117.5g  16.7g  10.4g S 400.0  13.3  15:50.55 nts	1693206383973
1392674 toao      20   0  117.5g  16.7g  10.4g S 400.0  13.3  15:56.33 nts	1693206384675
1392674 toao      20   0  117.5g  16.7g  10.4g S 394.1  13.3  16:02.13 nts	1693206385377
1392674 toao      20   0  117.5g  16.7g  10.4g S 394.1  13.3  16:07.82 nts	1693206386084
1392674 toao      20   0  117.5g  16.7g  10.4g S 394.1  13.3  16:13.58 nts	1693206386787
1392674 toao      20   0  117.5g  16.7g  10.4g S 405.9  13.3  16:19.35 nts	1693206387490
1392674 toao      20   0  117.5g  16.7g  10.4g S 400.0  13.3  16:25.10 nts	1693206388192
1392674 toao      20   0  117.4g  16.6g  10.4g S  1488  13.3  16:32.83 nts	1693206388895
1392674 toao      20   0  117.4g  16.6g  10.4g S  1506  13.3  16:38.56 nts	1693206389596
1392674 toao      20   0  117.4g  16.7g  10.4g S  1506  13.3  16:44.47 nts	1693206390299
1392674 toao      20   0  117.4g  16.7g  10.4g S  1006  13.3  16:50.23 nts	1693206391002
1392674 toao      20   0  117.4g  16.7g  10.4g S 452.9  13.3  16:56.28 nts	1693206391706
1392674 toao      20   0  117.4g  16.7g  10.4g S 429.4  13.3  17:02.10 nts	1693206392408
1392674 toao      20   0  117.5g  16.8g  10.4g S  1071  13.4  17:08.92 nts	1693206393111
1392674 toao      20   0  117.5g  16.8g  10.4g S 894.1  13.4  17:14.77 nts	1693206393817
1392674 toao      20   0  117.5g  16.8g  10.4g S 394.1  13.4  17:20.69 nts	1693206394517
1392674 toao      20   0  117.5g  16.8g  10.4g S 394.1  13.4  17:26.46 nts	1693206395214
1392674 toao      20   0  117.5g  16.8g  10.4g S 394.1  13.4  17:32.11 nts	1693206395919
1392674 toao      20   0  117.5g  16.8g  10.4g S 394.1  13.4  17:37.98 nts	1693206396619
1392674 toao      20   0  117.5g  16.8g  10.4g S 394.1  13.4  17:43.68 nts	1693206397320
1392674 toao      20   0  117.5g  16.8g  10.4g S 418.8  13.4  17:49.53 nts	1693206398022
1392674 toao      20   0  117.4g  16.7g  10.4g S  1518  13.3  17:57.38 nts	1693206398724
1392674 toao      20   0  117.4g  16.7g  10.4g S  1453  13.3  18:02.88 nts	1693206399427
1392674 toao      20   0  118.2g  16.7g  10.4g S  1571  13.3  18:08.72 nts	1693206400131
1392674 toao      20   0  119.8g  16.7g  10.4g S  1559  13.3  18:14.56 nts	1693206400835
1392674 toao      20   0  119.8g  16.7g  10.4g S  1565  13.3  18:20.31 nts	1693206401540
1392674 toao      20   0  119.8g  16.7g  10.4g S  1506  13.3  18:26.03 nts	1693206402240
1392674 toao      20   0  119.8g  16.7g  10.4g S  1594  13.3  18:31.79 nts	1693206402942
1392674 toao      20   0  119.8g  16.7g  10.4g S  1453  13.3  18:37.44 nts	1693206403643
1392674 toao      20   0  119.8g  16.7g  10.4g S  1424  13.3  18:43.07 nts	1693206404347
1392674 toao      20   0  119.8g  16.7g  10.4g S 594.1  13.3  18:48.74 nts	1693206405047
1392674 toao      20   0  120.6g  16.7g  10.4g S 847.1  13.3  18:54.90 nts	1693206405755
1392674 toao      20   0  121.4g  16.7g  10.4g S  1412  13.3  19:00.38 nts	1693206406459
1392674 toao      20   0  121.4g  16.7g  10.4g S 661.1  13.3  19:06.14 nts	1693206407161
1392674 toao      20   0  121.4g  16.7g  10.4g S 452.9  13.3  19:12.23 nts	1693206407867
1392674 toao      20   0  121.4g  16.7g  10.4g S 458.8  13.3  19:18.07 nts	1693206408566
1392674 toao      20   0  121.4g  16.7g  10.4g S 441.2  13.3  19:23.81 nts	1693206409271
1392674 toao      20   0  121.4g  16.7g  10.4g S 476.5  13.3  19:29.55 nts	1693206409975
1392674 toao      20   0  121.6g  16.8g  10.4g S  1094  13.4  19:36.40 nts	1693206410677
1392674 toao      20   0  121.6g  16.8g  10.4g S  1106  13.4  19:42.30 nts	1693206411380
1392674 toao      20   0  121.6g  16.8g  10.4g S  1065  13.4  19:48.02 nts	1693206412083
1392674 toao      20   0  121.6g  16.8g  10.4g S  1018  13.4  19:53.85 nts	1693206412787
1392674 toao      20   0  121.6g  16.8g  10.4g S 405.9  13.4  19:59.59 nts	1693206413488
1392674 toao      20   0  121.6g  16.8g  10.4g S 394.1  13.4  20:05.39 nts	1693206414187
1392674 toao      20   0  125.2g  16.7g  10.4g S  2182  13.3  20:12.76 nts	1693206414887
1392674 toao      20   0  120.0g  16.8g  10.4g S 425.0  13.4  20:15.95 nts	1693206415592
1392674 toao      20   0  121.8g  16.8g  10.4g S 400.0  13.4  20:21.61 nts	1693206416295
1392674 toao      20   0  122.6g  16.7g  10.4g S  1488  13.3  20:29.33 nts	1693206416995
1392674 toao      20   0  122.6g  16.7g  10.4g S  1547  13.3  20:35.11 nts	1693206417696
1392674 toao      20   0  122.6g  16.7g  10.4g S  1447  13.3  20:40.98 nts	1693206418401
1392674 toao      20   0  123.0g  16.8g  10.4g S  1038  13.4  20:48.02 nts	1693206419102
1392674 toao      20   0  124.5g  16.8g  10.4g S  1029  13.4  20:53.68 nts	1693206419802
1392674 toao      20   0  127.1g  16.8g  10.4g S  1165  13.4  20:59.68 nts	1693206420507
1392674 toao      20   0  127.1g  16.8g  10.4g S 400.0  13.4  21:05.56 nts	1693206421212
1392674 toao      20   0  127.1g  16.8g  10.4g S 400.0  13.4  21:11.35 nts	1693206421916
1392674 toao      20   0  127.1g  16.8g  10.4g S 400.0  13.4  21:17.23 nts	1693206422615
1392674 toao      20   0  127.1g  16.8g  10.4g S 394.1  13.4  21:23.17 nts	1693206423315
1392674 toao      20   0  130.6g  16.8g  10.4g S 400.0  13.4  21:28.99 nts	1693206424020
1392674 toao      20   0  131.2g  16.8g  10.4g S 605.9  13.4  21:35.18 nts	1693206424724
1392674 toao      20   0  131.4g  16.7g  10.4g S  1588  13.3  21:42.77 nts	1693206425428
1392674 toao      20   0  133.4g  16.8g  10.4g S  1182  13.4  21:47.83 nts	1693206426132
1392674 toao      20   0  132.9g  16.7g  10.4g S  1582  13.3  21:54.45 nts	1693206426834
1392674 toao      20   0  132.9g  16.7g  10.4g S  1547  13.3  22:00.24 nts	1693206427540
1392674 toao      20   0  132.9g  16.7g  10.4g S  1188  13.3  22:06.32 nts	1693206428241
1392674 toao      20   0  132.9g  16.7g  10.4g S 511.8  13.3  22:12.28 nts	1693206428943
1392674 toao      20   0  132.9g  16.7g  10.4g S 517.6  13.3  22:18.21 nts	1693206429648
1392674 toao      20   0  133.0g  16.8g  10.4g S  1006  13.4  22:24.98 nts	1693206430351
1392674 toao      20   0  133.0g  16.8g  10.4g S  1059  13.4  22:30.77 nts	1693206431054
1392674 toao      20   0  133.0g  16.8g  10.4g S  1024  13.4  22:36.38 nts	1693206431759
1392674 toao      20   0  133.0g  16.8g  10.4g S 911.8  13.4  22:42.18 nts	1693206432458
1392674 toao      20   0  133.0g  16.8g  10.4g S 694.1  13.4  22:48.14 nts	1693206433161
1392674 toao      20   0  133.0g  16.8g  10.4g S 412.5  13.4  22:53.86 nts	1693206433863
1392674 toao      20   0  133.0g  16.8g  10.4g S 405.9  13.4  22:59.67 nts	1693206434564
1392674 toao      20   0  133.0g  16.8g  10.4g S 405.9  13.4  23:05.48 nts	1693206435267
1392674 toao      20   0  133.0g  16.8g  10.4g S 400.0  13.4  23:11.37 nts	1693206435968
1392674 toao      20   0  133.0g  16.8g  10.4g S 383.3  13.4  23:17.11 nts	1693206436671
1392674 toao      20   0  133.0g  16.8g  10.4g S 400.0  13.4  23:22.71 nts	1693206437376
1392674 toao      20   0  132.9g  16.7g  10.4g S  1588  13.3  23:30.74 nts	1693206438078
1392674 toao      20   0  132.9g  16.7g  10.4g S  1541  13.3  23:36.48 nts	1693206438780
1392674 toao      20   0  132.9g  16.7g  10.4g S  1235  13.3  23:42.19 nts	1693206439483
1392674 toao      20   0  132.9g  16.7g  10.4g S 429.4  13.3  23:48.31 nts	1693206440188
1392674 toao      20   0  132.9g  16.7g  10.4g S 506.2  13.3  23:54.13 nts	1693206440892
1392674 toao      20   0  133.0g  16.8g  10.4g S  1059  13.4  24:00.83 nts	1693206441597
1392674 toao      20   0  133.0g  16.8g  10.4g S  1106  13.4  24:06.81 nts	1693206442299
1392674 toao      20   0  133.0g  16.8g  10.4g S  1094  13.4  24:12.58 nts	1693206443001
1392674 toao      20   0  133.0g  16.8g  10.4g S 941.2  13.4  24:18.43 nts	1693206443699
1392674 toao      20   0  133.0g  16.8g  10.4g S 394.1  13.4  24:24.24 nts	1693206444400
1392674 toao      20   0  134.6g  16.8g  10.4g S 394.1  13.4  24:30.24 nts	1693206445103
1392674 toao      20   0  135.4g  16.8g  10.4g S 935.3  13.4  24:36.08 nts	1693206445808
1392674 toao      20   0  135.4g  16.8g  10.4g S 917.6  13.4  24:41.90 nts	1693206446511
1392674 toao      20   0  135.4g  16.8g  10.4g S 841.2  13.4  24:47.63 nts	1693206447212
1392674 toao      20   0  135.4g  16.8g  10.4g S 400.0  13.4  24:53.42 nts	1693206447916
1392674 toao      20   0  135.4g  16.8g  10.4g S 405.9  13.4  24:59.38 nts	1693206448619
1392674 toao      20   0  135.4g  16.8g  10.4g S 425.0  13.4  25:05.07 nts	1693206449322
1392674 toao      20   0  135.4g  16.8g  10.4g S 425.0  13.4  25:10.83 nts	1693206450023
1392674 toao      20   0  126.8g  16.8g  10.4g S 388.2  13.4  25:16.54 nts	1693206450724
1392674 toao      20   0  123.9g  16.8g  10.4g S 935.3  13.4  25:22.32 nts	1693206451428
1392674 toao      20   0  123.9g  16.8g  10.4g S 894.4  13.4  25:28.06 nts	1693206452132
1392674 toao      20   0  123.9g  16.8g  10.4g S 947.1  13.4  25:33.73 nts	1693206452835
1392674 toao      20   0  123.9g  16.8g  10.4g S 923.5  13.4  25:39.68 nts	1693206453535
1392674 toao      20   0  123.9g  16.8g  10.4g S 917.6  13.4  25:45.42 nts	1693206454235
1392674 toao      20   0  123.9g  16.8g  10.4g S 970.6  13.4  25:51.24 nts	1693206454938
1392674 toao      20   0  123.9g  16.8g  10.4g S 400.0  13.4  25:57.01 nts	1693206455636
1392674 toao      20   0  124.2g  16.8g  10.4g S 394.1  13.4  26:02.87 nts	1693206456341
1392674 toao      20   0  124.2g  16.8g  10.4g S 425.0  13.4  26:08.60 nts	1693206457044
1392674 toao      20   0  124.2g  16.8g  10.4g S 400.0  13.4  26:14.38 nts	1693206457744
1392674 toao      20   0  124.2g  16.8g  10.4g S 400.0  13.4  26:20.22 nts	1693206458447
1392674 toao      20   0  124.6g  16.8g  10.4g S 417.6  13.4  26:26.09 nts	1693206459148
1392674 toao      20   0  129.1g  16.7g  10.4g S 458.8  13.3  26:34.01 nts	1693206459849
1392674 toao      20   0  131.2g  16.7g  10.4g S 850.0  13.3  26:39.75 nts	1693206460552
1392674 toao      20   0  131.2g  16.7g  10.4g S 482.4  13.3  26:45.65 nts	1693206461257
1392674 toao      20   0  131.9g  16.8g  10.4g S  1071  13.4  26:52.26 nts	1693206461959
1392674 toao      20   0  131.9g  16.8g  10.4g S 952.9  13.4  26:58.09 nts	1693206462663
1392674 toao      20   0  131.9g  16.8g  10.4g S 400.0  13.4  27:04.19 nts	1693206463368
1392674 toao      20   0  131.9g  16.8g  10.4g S 400.0  13.4  27:10.03 nts	1693206464074
1392674 toao      20   0  131.9g  16.8g  10.4g S 400.0  13.4  27:15.82 nts	1693206464776
1392674 toao      20   0  131.9g  16.8g  10.4g S  1229  13.4  27:23.07 nts	1693206465478
1392674 toao      20   0  131.8g  16.7g  10.4g S  1567  13.3  27:29.64 nts	1693206466181
1392674 toao      20   0  131.8g  16.7g  10.4g S  1512  13.3  27:35.32 nts	1693206466887
1392674 toao      20   0  131.8g  16.7g  10.4g S  1378  13.3  27:41.04 nts	1693206467591
1392674 toao      20   0  131.8g  16.7g  10.4g S  1141  13.3  27:46.96 nts	1693206468296
1392674 toao      20   0  132.6g  16.7g  10.4g S  1429  13.3  27:52.85 nts	1693206468999
1392674 toao      20   0  132.7g  16.8g  10.4g S  1071  13.4  27:59.94 nts	1693206469704
1392674 toao      20   0  132.7g  16.8g  10.4g S  1059  13.4  28:05.81 nts	1693206470408
1392674 toao      20   0  133.5g  16.8g  10.4g S  1094  13.4  28:11.71 nts	1693206471109
1392674 toao      20   0  133.5g  16.8g  10.4g S  1135  13.4  28:17.57 nts	1693206471813
1392674 toao      20   0  133.5g  16.8g  10.4g S 917.6  13.4  28:23.39 nts	1693206472516
1392674 toao      20   0  133.5g  16.8g  10.4g S 405.9  13.4  28:29.28 nts	1693206473220
1392674 toao      20   0  133.5g  16.8g  10.4g S 400.0  13.4  28:35.17 nts	1693206473923
1392674 toao      20   0  133.5g  16.8g  10.4g S 400.0  13.4  28:40.97 nts	1693206474627
1392674 toao      20   0  133.5g  16.8g  10.4g S 405.9  13.4  28:46.80 nts	1693206475327
1392674 toao      20   0  133.5g  16.8g  10.4g S 400.0  13.4  28:52.50 nts	1693206476028
1392674 toao      20   0  133.5g  16.8g  10.4g S 394.1  13.4  28:58.40 nts	1693206476731
1392674 toao      20   0  133.5g  16.8g  10.4g S 400.0  13.4  29:04.14 nts	1693206477431
1392674 toao      20   0  133.4g  16.7g  10.4g S  1653  13.3  29:12.15 nts	1693206478135
1392674 toao      20   0  133.4g  16.7g  10.4g S  1482  13.3  29:17.86 nts	1693206478838
1392674 toao      20   0  133.4g  16.7g  10.4g S  1512  13.3  29:23.54 nts	1693206479538
1392674 toao      20   0  133.4g  16.7g  10.4g S  1535  13.3  29:29.33 nts	1693206480245
1392674 toao      20   0  133.4g  16.7g  10.4g S 941.2  13.3  29:35.06 nts	1693206480947
1392674 toao      20   0  133.4g  16.7g  10.4g S  1124  13.3  29:40.98 nts	1693206481652
1392674 toao      20   0  133.4g  16.7g  10.4g S 741.2  13.3  29:46.87 nts	1693206482350
1392674 toao      20   0  133.5g  16.8g  10.4g S  1056  13.4  29:53.75 nts	1693206483051
1392674 toao      20   0  133.5g  16.8g  10.4g S 929.4  13.4  29:59.81 nts	1693206483756
1392674 toao      20   0  133.5g  16.8g  10.4g S 694.1  13.4  30:05.77 nts	1693206484459
1392674 toao      20   0  133.5g  16.8g  10.4g S 394.1  13.4  30:11.59 nts	1693206485162
1392674 toao      20   0  133.5g  16.8g  10.4g S 425.0  13.4  30:17.37 nts	1693206485864
1392674 toao      20   0  133.5g  16.8g  10.4g S 425.0  13.4  30:23.11 nts	1693206486563
1392674 toao      20   0  133.5g  16.8g  10.4g S 425.0  13.4  30:28.88 nts	1693206487264
1392674 toao      20   0  133.5g  16.8g  10.4g S 400.0  13.4  30:34.76 nts	1693206487966
1392674 toao      20   0  134.1g  16.8g  10.4g S 466.7  13.4  30:40.81 nts	1693206488671
1392674 toao      20   0  134.9g  16.8g  10.4g S 829.4  13.4  30:47.13 nts	1693206489375
1392674 toao      20   0  134.3g  16.8g  10.4g S 394.1  13.4  30:52.47 nts	1693206490076
1392674 toao      20   0  134.3g  16.8g  10.4g S 405.9  13.4  30:58.62 nts	1693206490781
1392674 toao      20   0  134.9g  16.8g  10.4g S 635.3  13.4  31:04.85 nts	1693206491482
1392674 toao      20   0  134.5g  16.8g  10.4g S 412.5  13.4  31:10.30 nts	1693206492183
1392674 toao      20   0  134.9g  16.8g  10.4g S 594.1  13.4  31:16.51 nts	1693206492886
1392674 toao      20   0  134.9g  16.8g  10.4g S 637.5  13.4  31:22.33 nts	1693206493592
1392674 toao      20   0  134.2g  16.7g  10.4g S  1529  13.3  31:29.81 nts	1693206494301
1392674 toao      20   0  134.3g  16.7g  10.4g S  1619  13.3  31:35.53 nts	1693206495004
1392674 toao      20   0  136.5g  16.8g  10.4g S 700.0  13.4  31:39.93 nts	1693206495709
1392674 toao      20   0  136.5g  16.8g  10.4g S  1047  13.4  31:46.34 nts	1693206496416
1392674 toao      20   0  135.9g  16.7g  10.4g S  1529  13.3  31:52.91 nts	1693206497116
1392674 toao      20   0  135.8g  16.7g  10.4g S  1571  13.3  31:58.77 nts	1693206497818
1392674 toao      20   0  135.9g  16.8g  10.4g S  1518  13.4  32:04.41 nts	1693206498520
1392674 toao      20   0  135.9g  16.8g  10.4g S  1375  13.4  32:09.80 nts	1693206499224
1392674 toao      20   0  135.8g  16.7g  10.4g S  1559  13.3  32:16.13 nts	1693206499925
1392674 toao      20   0  135.8g  16.7g  10.4g S  1588  13.3  32:21.96 nts	1693206500628
1392674 toao      20   0  135.8g  16.7g  10.4g S  1535  13.3  32:27.72 nts	1693206501331
1392674 toao      20   0  135.8g  16.7g  10.4g S  1535  13.3  32:33.47 nts	1693206502032
1392674 toao      20   0  135.9g  16.7g  10.4g S 470.6  13.3  32:39.44 nts	1693206502736
1392674 toao      20   0  135.9g  16.8g  10.4g S  1024  13.4  32:46.07 nts	1693206503439
1392674 toao      20   0  135.9g  16.8g  10.4g S  1118  13.4  32:51.86 nts	1693206504140
1392674 toao      20   0  135.4g  16.8g  10.4g S 394.1  13.4  32:57.61 nts	1693206504843
1392674 toao      20   0  136.1g  16.8g  10.4g S 394.1  13.4  33:03.41 nts	1693206505547
1392674 toao      20   0  137.3g  16.8g  10.4g S 535.3  13.4  33:09.46 nts	1693206506251
1392674 toao      20   0  136.7g  16.8g  10.4g S  1394  13.4  33:16.65 nts	1693206506955
1392674 toao      20   0  136.6g  16.7g  10.4g S  1547  13.3  33:22.77 nts	1693206507660
1392674 toao      20   0  136.6g  16.7g  10.4g S 411.8  13.3  33:28.75 nts	1693206508365
1392674 toao      20   0  136.7g  16.8g  10.4g S  1041  13.4  33:35.33 nts	1693206509072
1392674 toao      20   0  136.7g  16.8g  10.4g S  1047  13.4  33:41.13 nts	1693206509776
1392674 toao      20   0  136.7g  16.8g  10.4g S 935.3  13.4  33:46.99 nts	1693206510479
1392674 toao      20   0  136.7g  16.8g  10.4g S 400.0  13.4  33:53.04 nts	1693206511180
1392674 toao      20   0  136.7g  16.8g  10.4g S 400.0  13.4  33:58.99 nts	1693206511883
1392674 toao      20   0  136.7g  16.8g  10.4g S 400.0  13.4  34:04.94 nts	1693206512588
1392674 toao      20   0  136.7g  16.8g  10.4g S 377.8  13.4  34:10.77 nts	1693206513291
1392674 toao      20   0  137.2g  16.8g  10.4g S 458.8  13.4  34:16.81 nts	1693206513995
1392674 toao      20   0  136.7g  16.8g  10.4g S  1353  13.4  34:24.39 nts	1693206514697
1392674 toao      20   0  137.3g  16.8g  10.4g S  1012  13.4  34:29.63 nts	1693206515400
1392674 toao      20   0  136.6g  16.7g  10.4g S  1547  13.3  34:36.46 nts	1693206516104
1392674 toao      20   0  136.6g  16.7g  10.4g S  1476  13.3  34:42.14 nts	1693206516806
1392674 toao      20   0  136.6g  16.7g  10.4g S  1153  13.3  34:47.87 nts	1693206517506
1392674 toao      20   0  136.6g  16.7g  10.4g S 388.2  13.3  34:54.02 nts	1693206518207
1392674 toao      20   0  136.7g  16.7g  10.4g S 511.8  13.3  35:00.00 nts	1693206518914
1392674 toao      20   0  136.7g  16.7g  10.4g S 570.6  13.3  35:05.84 nts	1693206519620
1392674 toao      20   0  136.7g  16.8g  10.4g S  1071  13.4  35:12.52 nts	1693206520323
1392674 toao      20   0  136.7g  16.8g  10.4g S  1071  13.4  35:18.33 nts	1693206521027
1392674 toao      20   0  136.7g  16.8g  10.4g S 976.5  13.4  35:24.21 nts	1693206521731
1392674 toao      20   0  136.7g  16.8g  10.4g S 894.1  13.4  35:30.12 nts	1693206522438
1392674 toao      20   0  136.7g  16.8g  10.4g S 400.0  13.4  35:36.03 nts	1693206523137
1392674 toao      20   0  136.7g  16.8g  10.4g S 394.1  13.4  35:41.81 nts	1693206523840
1392674 toao      20   0  136.7g  16.8g  10.4g S 400.0  13.4  35:47.49 nts	1693206524541
1392674 toao      20   0  136.7g  16.8g  10.4g S 394.1  13.4  35:53.47 nts	1693206525242
1392674 toao      20   0  136.7g  16.8g  10.4g S 400.0  13.4  35:59.51 nts	1693206525944
1392674 toao      20   0  136.7g  16.8g  10.4g S 400.0  13.4  36:05.52 nts	1693206526647
1392674 toao      20   0  136.6g  16.7g  10.4g S  1529  13.3  36:13.28 nts	1693206527348
1392674 toao      20   0  136.6g  16.7g  10.4g S  1553  13.3  36:19.10 nts	1693206528049
1392674 toao      20   0  136.6g  16.7g  10.4g S 672.2  13.3  36:25.19 nts	1693206528751
1392674 toao      20   0  136.6g  16.7g  10.4g S 482.4  13.3  36:31.14 nts	1693206529456
1392674 toao      20   0  136.7g  16.8g  10.4g S  1047  13.4  36:37.92 nts	1693206530155
1392674 toao      20   0  136.7g  16.8g  10.4g S  1047  13.4  36:43.80 nts	1693206530860
1392674 toao      20   0  136.7g  16.8g  10.4g S  1194  13.4  36:49.72 nts	1693206531562
1392674 toao      20   0  136.7g  16.8g  10.4g S  1071  13.4  36:55.43 nts	1693206532262
1392674 toao      20   0  136.7g  16.8g  10.4g S 858.8  13.4  37:01.14 nts	1693206532967
1392674 toao      20   0  136.7g  16.8g  10.4g S 400.0  13.4  37:06.92 nts	1693206533672
1392674 toao      20   0  136.7g  16.8g  10.4g S 411.8  13.4  37:12.80 nts	1693206534373
1392674 toao      20   0  137.5g  16.8g  10.4g S 929.4  13.4  37:18.58 nts	1693206535081
1392674 toao      20   0  137.5g  16.8g  10.4g S 952.9  13.4  37:24.54 nts	1693206535783
1392674 toao      20   0  137.5g  16.8g  10.4g S 435.3  13.4  37:30.63 nts	1693206536488
1392674 toao      20   0  137.5g  16.8g  10.4g S 388.2  13.4  37:36.42 nts	1693206537196
1392674 toao      20   0  137.5g  16.8g  10.4g S 372.2  13.4  37:42.22 nts	1693206537901
1392674 toao      20   0  137.5g  16.8g  10.4g S 400.0  13.4  37:48.32 nts	1693206538608
1392674 toao      20   0  137.5g  16.8g  10.4g S 400.0  13.4  37:54.31 nts	1693206539312
1392674 toao      20   0  138.3g  16.8g  10.4g S 411.8  13.4  38:00.04 nts	1693206540015
1392674 toao      20   0  138.3g  16.8g  10.4g S 400.0  13.4  38:05.92 nts	1693206540719
1392674 toao      20   0  138.3g  16.8g  10.4g S 405.9  13.4  38:11.69 nts	1693206541419
1392674 toao      20   0  138.3g  16.8g  10.4g S 366.7  13.4  38:17.71 nts	1693206542122
1392674 toao      20   0  138.3g  16.8g  10.4g S  1041  13.4  38:23.15 nts	1693206542827
1392674 toao      20   0  138.3g  16.8g  10.4g S 405.9  13.4  38:28.84 nts	1693206543528
1392674 toao      20   0  138.3g  16.8g  10.4g S 388.2  13.4  38:34.72 nts	1693206544230
1392674 toao      20   0  138.3g  16.8g  10.4g S 394.1  13.4  38:40.47 nts	1693206544929
1392674 toao      20   0  138.3g  16.8g  10.4g S 400.0  13.4  38:46.37 nts	1693206545630
1392674 toao      20   0  138.3g  16.8g  10.4g S 437.5  13.4  38:52.10 nts	1693206546333
1392674 toao      20   0  138.3g  16.8g  10.4g S 400.0  13.4  38:57.94 nts	1693206547034
1392674 toao      20   0  138.3g  16.8g  10.4g S  1224  13.4  39:05.41 nts	1693206547735
1392674 toao      20   0  138.2g  16.7g  10.4g S  1594  13.3  39:12.22 nts	1693206548447
1392674 toao      20   0  137.8g  16.8g  10.4g S  1017  13.4  39:19.01 nts	1693206549150
1392674 toao      20   0  138.4g  16.8g  10.4g S 694.1  13.4  39:24.15 nts	1693206549856
1392674 toao      20   0  138.4g  16.8g  10.4g S  1159  13.4  39:30.54 nts	1693206550557
1392674 toao      20   0  139.1g  16.8g  10.4g S 705.9  13.4  39:36.25 nts	1693206551258
1392674 toao      20   0  139.1g  16.8g  10.4g S 405.9  13.4  39:42.23 nts	1693206551961
1392674 toao      20   0  139.1g  16.8g  10.4g S 418.8  13.4  39:48.19 nts	1693206552662
1392674 toao      20   0  139.6g  16.8g  10.4g S 868.8  13.4  39:54.78 nts	1693206553363
1392674 toao      20   0  139.6g  16.8g  10.4g S 862.5  13.4  40:00.64 nts	1693206554064
1392674 toao      20   0  138.9g  16.7g  10.4g S  1488  13.3  40:07.69 nts	1693206554768
1392674 toao      20   0  138.9g  16.7g  10.4g S  1218  13.3  40:13.40 nts	1693206555472
1392674 toao      20   0  138.9g  16.7g  10.4g S 781.2  13.3  40:19.49 nts	1693206556172
1392674 toao      20   0  138.9g  16.7g  10.4g S 423.5  13.3  40:25.28 nts	1693206556874
1392674 toao      20   0  139.1g  16.8g  10.4g S 952.9  13.4  40:31.93 nts	1693206557576
1392674 toao      20   0  139.1g  16.8g  10.4g S 635.3  13.4  40:37.34 nts	1693206558280
1392674 toao      20   0  139.1g  16.8g  10.4g S  1100  13.4  40:43.79 nts	1693206558981
1392674 toao      20   0  139.1g  16.8g  10.4g S 911.8  13.4  40:49.62 nts	1693206559687
1392674 toao      20   0  139.1g  16.8g  10.4g S 923.5  13.4  40:55.38 nts	1693206560386
1392674 toao      20   0  139.1g  16.8g  10.4g S 394.1  13.4  41:01.27 nts	1693206561086
1392674 toao      20   0  139.1g  16.8g  10.4g S 405.9  13.4  41:07.07 nts	1693206561787
1392674 toao      20   0  139.1g  16.8g  10.4g S 400.0  13.4  41:13.25 nts	1693206562487
1392674 toao      20   0  139.1g  16.8g  10.4g S 394.1  13.4  41:18.98 nts	1693206563188
1392674 toao      20   0  139.1g  16.8g  10.4g S 431.2  13.4  41:24.72 nts	1693206563892
1392674 toao      20   0  139.1g  16.8g  10.4g S 400.0  13.4  41:30.56 nts	1693206564597
1392674 toao      20   0  139.6g  16.8g  10.4g S 617.6  13.4  41:36.78 nts	1693206565299
1392674 toao      20   0  138.9g  16.7g  10.4g S  1756  13.3  41:44.42 nts	1693206566004
1392674 toao      20   0  138.9g  16.7g  10.4g S  1582  13.3  41:50.09 nts	1693206566703
1392674 toao      20   0  138.9g  16.7g  10.4g S 894.1  13.3  41:56.00 nts	1693206567408
1392674 toao      20   0  138.9g  16.7g  10.4g S 481.2  13.3  42:01.88 nts	1693206568112
1392674 toao      20   0  138.9g  16.7g  10.4g S 447.1  13.3  42:07.71 nts	1693206568815
1392674 toao      20   0  139.1g  16.8g  10.4g S 758.8  13.4  42:14.05 nts	1693206569518
1392674 toao      20   0  139.1g  16.8g  10.4g S  1041  13.4  42:20.37 nts	1693206570222
1392674 toao      20   0  139.1g  16.8g  10.4g S  1100  13.4  42:26.15 nts	1693206570923
1392674 toao      20   0  139.1g  16.8g  10.4g S  1029  13.4  42:31.89 nts	1693206571623
1392674 toao      20   0  139.1g  16.8g  10.4g S 400.0  13.4  42:37.76 nts	1693206572327
1392674 toao      20   0  139.1g  16.8g  10.4g S 405.9  13.4  42:43.56 nts	1693206573031
1392674 toao      20   0  139.1g  16.8g  10.4g S 405.9  13.4  42:49.33 nts	1693206573731
1392674 toao      20   0  139.1g  16.8g  10.4g S 431.2  13.4  42:55.23 nts	1693206574432
1392674 toao      20   0  139.1g  16.8g  10.4g S 400.0  13.4  43:01.00 nts	1693206575136
1392674 toao      20   0  139.1g  16.8g  10.4g S 405.9  13.4  43:06.78 nts	1693206575836
1392674 toao      20   0  139.1g  16.8g  10.4g S 394.1  13.4  43:12.62 nts	1693206576539
1392674 toao      20   0  139.1g  16.8g  10.4g S  1512  13.4  43:20.35 nts	1693206577238
1392674 toao      20   0  138.9g  16.7g  10.4g S  1559  13.3  43:26.35 nts	1693206577939
1392674 toao      20   0  138.9g  16.7g  10.4g S  1644  13.3  43:32.17 nts	1693206578643
1392674 toao      20   0  139.1g  16.7g  10.4g S  1625  13.3  43:37.92 nts	1693206579344
1392674 toao      20   0  139.6g  16.8g  10.4g S  1041  13.4  43:42.90 nts	1693206580049
1392674 toao      20   0  138.9g  16.7g  10.4g S  1559  13.3  43:49.71 nts	1693206580751
1392674 toao      20   0  138.9g  16.7g  10.4g S  1576  13.3  43:55.65 nts	1693206581455
1392674 toao      20   0  138.9g  16.7g  10.4g S  1612  13.3  44:01.56 nts	1693206582159
1392674 toao      20   0  138.9g  16.7g  10.4g S  1571  13.3  44:07.26 nts	1693206582859
1392674 toao      20   0  138.9g  16.7g  10.4g S  1494  13.3  44:12.78 nts	1693206583561
1392674 toao      20   0  138.9g  16.7g  10.4g S  1506  13.3  44:18.55 nts	1693206584262
1392674 toao      20   0  138.9g  16.7g  10.4g S  1571  13.3  44:24.53 nts	1693206584967
1392674 toao      20   0  138.9g  16.7g  10.4g S  1476  13.3  44:30.19 nts	1693206585673
1392674 toao      20   0  138.9g  16.7g  10.4g S  1353  13.3  44:35.74 nts	1693206586375
1392674 toao      20   0  138.9g  16.7g  10.4g S  1288  13.3  44:41.76 nts	1693206587076
1392674 toao      20   0  138.9g  16.7g  10.4g S  1024  13.3  44:47.58 nts	1693206587779
1392674 toao      20   0  138.9g  16.7g  10.4g S  1394  13.3  44:53.38 nts	1693206588483
1392674 toao      20   0  138.9g  16.7g  10.4g S 382.4  13.3  44:59.30 nts	1693206589189
1392674 toao      20   0  138.9g  16.7g  10.4g S 458.8  13.3  45:05.27 nts	1693206589892
1392674 toao      20   0  138.9g  16.7g  10.4g S 217.6  13.3  45:10.61 nts	1693206590596
1392674 toao      20   0  139.1g  16.8g  10.4g S 988.2  13.4  45:17.44 nts	1693206591298
1392674 toao      20   0  139.1g  16.8g  10.4g S 972.2  13.4  45:23.37 nts	1693206592001
1392674 toao      20   0  139.1g  16.8g  10.4g S 629.4  13.4  45:29.46 nts	1693206592706
1392674 toao      20   0  137.9g  16.8g  10.4g S  1035  13.4  45:35.02 nts	1693206593412
1392674 toao      20   0  138.4g  16.8g  10.4g S  1388  13.4  45:42.58 nts	1693206594117
1392674 toao      20   0  138.3g  16.7g  10.4g S  1588  13.3  45:48.81 nts	1693206594824
1392674 toao      20   0  138.3g  16.7g  10.4g S 976.5  13.3  45:54.40 nts	1693206595528
1392674 toao      20   0  138.3g  16.7g  10.4g S 422.2  13.3  46:00.49 nts	1693206596231
1392674 toao      20   0  138.4g  16.8g  10.4g S  1147  13.4  46:07.29 nts	1693206596936
1392674 toao      20   0  139.1g  16.8g  10.4g S 858.8  13.4  46:12.86 nts	1693206597640
1392674 toao      20   0  139.1g  16.8g  10.4g S 394.1  13.4  46:18.66 nts	1693206598343
1392674 toao      20   0  139.1g  16.8g  10.4g S 394.1  13.4  46:24.34 nts	1693206599048
1392674 toao      20   0  139.1g  16.8g  10.4g S 405.9  13.4  46:30.13 nts	1693206599747
1392674 toao      20   0  139.1g  16.8g  10.4g S 394.1  13.4  46:36.06 nts	1693206600448
1392674 toao      20   0  139.1g  16.8g  10.4g S 388.2  13.4  46:41.91 nts	1693206601150
1392674 toao      20   0  139.6g  16.8g  10.4g S 888.2  13.4  46:48.69 nts	1693206601854
1392674 toao      20   0  139.6g  16.8g  10.4g S 794.1  13.4  46:54.42 nts	1693206602557
1392674 toao      20   0  138.9g  16.7g  10.4g S  1494  13.3  47:01.47 nts	1693206603264
1392674 toao      20   0  138.9g  16.7g  10.4g S  1176  13.3  47:07.21 nts	1693206603966
1392674 toao      20   0  138.9g  16.7g  10.4g S  1476  13.3  47:13.14 nts	1693206604668
1392674 toao      20   0  138.9g  16.7g  10.4g S 952.9  13.3  47:19.17 nts	1693206605370
1392674 toao      20   0  139.1g  16.8g  10.4g S 794.1  13.4  47:25.73 nts	1693206606075
1392674 toao      20   0  139.1g  16.8g  10.4g S  1056  13.4  47:32.09 nts	1693206606782
1392674 toao      20   0  139.1g  16.8g  10.4g S  1124  13.4  47:37.93 nts	1693206607484
1392674 toao      20   0  139.1g  16.8g  10.4g S 994.1  13.4  47:43.68 nts	1693206608186
1392674 toao      20   0  139.1g  16.8g  10.4g S 911.8  13.4  47:49.52 nts	1693206608887
1392674 toao      20   0  139.1g  16.8g  10.4g S 923.5  13.4  47:55.38 nts	1693206609589
1392674 toao      20   0  139.1g  16.8g  10.4g S 400.0  13.4  48:01.09 nts	1693206610293
1392674 toao      20   0  139.1g  16.8g  10.4g S 388.2  13.4  48:06.80 nts	1693206610998
1392674 toao      20   0  139.1g  16.8g  10.4g S 394.1  13.4  48:12.63 nts	1693206611700
1392674 toao      20   0  139.1g  16.8g  10.4g S 425.0  13.4  48:18.45 nts	1693206612403
1392674 toao      20   0  139.1g  16.8g  10.4g S 418.8  13.4  48:24.19 nts	1693206613103
1392674 toao      20   0  139.6g  16.8g  10.4g S  1062  13.4  48:31.16 nts	1693206613802
1392674 toao      20   0  138.9g  16.7g  10.4g S  1700  13.3  48:37.99 nts	1693206614503
1392674 toao      20   0  138.9g  16.7g  10.4g S  1700  13.3  48:43.80 nts	1693206615204
1392674 toao      20   0  138.9g  16.7g  10.4g S  1712  13.3  48:49.69 nts	1693206615903
1392674 toao      20   0  139.1g  16.7g  10.4g S 629.4  13.3  48:55.93 nts	1693206616603
1392674 toao      20   0  139.1g  16.8g  10.4g S  1059  13.4  49:02.53 nts	1693206617309
1392674 toao      20   0  139.1g  16.8g  10.4g S  1135  13.4  49:08.38 nts	1693206618010
1392674 toao      20   0  139.1g  16.8g  10.4g S  1129  13.4  49:14.23 nts	1693206618712
1392674 toao      20   0  139.1g  16.8g  10.4g S 976.5  13.4  49:20.21 nts	1693206619416
1392674 toao      20   0  139.1g  16.8g  10.4g S 533.3  13.4  49:25.94 nts	1693206620118
1392674 toao      20   0  139.1g  16.8g  10.4g S 394.1  13.4  49:31.76 nts	1693206620828
1392674 toao      20   0  139.1g  16.8g  10.4g S 405.9  13.4  49:37.58 nts	1693206621532
1392674 toao      20   0  139.1g  16.8g  10.4g S 400.0  13.4  49:43.38 nts	1693206622232
1392674 toao      20   0  139.1g  16.8g  10.4g S 388.2  13.4  49:49.16 nts	1693206622934
1392674 toao      20   0  139.1g  16.8g  10.4g S 400.0  13.4  49:54.89 nts	1693206623639
1392674 toao      20   0  139.1g  16.8g  10.4g S 400.0  13.4  50:00.63 nts	1693206624338
1392674 toao      20   0  139.1g  16.8g  10.4g S 400.0  13.4  50:06.39 nts	1693206625040
1392674 toao      20   0  139.1g  16.8g  10.4g S 400.0  13.4  50:12.16 nts	1693206625739
1392674 toao      20   0  139.1g  16.8g  10.4g S 405.9  13.4  50:17.91 nts	1693206626440
1392674 toao      20   0  139.1g  16.8g  10.4g S 394.1  13.4  50:23.74 nts	1693206627141
1392674 toao      20   0  139.1g  16.8g  10.4g S 400.0  13.4  50:29.55 nts	1693206627842
1392674 toao      20   0  139.1g  16.8g  10.4g S 388.2  13.4  50:35.31 nts	1693206628544
1392674 toao      20   0  139.1g  16.8g  10.4g S 394.1  13.4  50:41.06 nts	1693206629248
1392674 toao      20   0  139.1g  16.8g  10.4g S 400.0  13.4  50:46.88 nts	1693206629948
1392674 toao      20   0  139.6g  16.8g  10.4g S  1012  13.4  50:53.78 nts	1693206630652
1392674 toao      20   0  139.1g  16.8g  10.4g S  1259  13.4  50:59.98 nts	1693206631355
1392674 toao      20   0  139.1g  16.7g  10.4g S  1388  13.3  51:05.92 nts	1693206632060
1392674 toao      20   0  139.1g  16.8g  10.4g S  1325  13.4  51:11.30 nts	1693206632763
1392674 toao      20   0  138.9g  16.7g  10.4g S  1506  13.3  51:17.58 nts	1693206633464
1392674 toao      20   0  138.9g  16.7g  10.4g S  1565  13.3  51:23.41 nts	1693206634168
1392674 toao      20   0  138.9g  16.7g  10.4g S  1482  13.3  51:29.01 nts	1693206634871
1392674 toao      20   0  138.9g  16.7g  10.4g S  1471  13.3  51:34.66 nts	1693206635572
1392674 toao      20   0  139.1g  16.8g  10.4g S 705.9  13.4  51:41.10 nts	1693206636276
1392674 toao      20   0  139.1g  16.8g  10.4g S  1056  13.4  51:47.52 nts	1693206636981
1392674 toao      20   0  139.1g  16.8g  10.4g S  1024  13.4  51:53.06 nts	1693206637687
1392674 toao      20   0  137.8g  16.8g  10.4g S 388.2  13.4  51:58.72 nts	1693206638387
1392674 toao      20   0  137.8g  16.8g  10.4g S 400.0  13.4  52:04.72 nts	1693206639087
1392674 toao      20   0  139.6g  16.8g  10.4g S 529.4  13.4  52:10.66 nts	1693206639791
1392674 toao      20   0  139.1g  16.7g  10.4g S  1535  13.3  52:18.05 nts	1693206640491
1392674 toao      20   0  139.0g  16.7g  10.4g S  1529  13.3  52:23.85 nts	1693206641195
1392674 toao      20   0  139.0g  16.7g  10.4g S 505.9  13.3  52:29.90 nts	1693206641899
1392674 toao      20   0  139.1g  16.8g  10.4g S  1018  13.4  52:36.41 nts	1693206642602
1392674 toao      20   0  139.1g  16.8g  10.4g S  1094  13.4  52:42.22 nts	1693206643302
1392674 toao      20   0  139.1g  16.8g  10.4g S 400.0  13.4  52:48.03 nts	1693206644012
1392674 toao      20   0  139.1g  16.8g  10.4g S 400.0  13.4  52:53.75 nts	1693206644715
1392674 toao      20   0  139.1g  16.8g  10.4g S 400.0  13.4  52:59.51 nts	1693206645416
1392674 toao      20   0  139.1g  16.8g  10.4g S 382.4  13.4  53:05.11 nts	1693206646116
1392674 toao      20   0  139.1g  16.8g  10.4g S 405.9  13.4  53:10.97 nts	1693206646815
1392674 toao      20   0  139.7g  16.9g  10.4g S 882.4  13.4  53:17.45 nts	1693206647522
1392674 toao      20   0  139.0g  16.7g  10.4g S  1553  13.3  53:24.38 nts	1693206648218
1392674 toao      20   0  139.1g  16.8g  10.4g S  1419  13.4  53:29.75 nts	1693206648922
1392674 toao      20   0  139.0g  16.7g  10.4g S  1535  13.3  53:35.77 nts	1693206649622
1392674 toao      20   0  139.0g  16.7g  10.4g S  1569  13.3  53:41.41 nts	1693206650325
1392674 toao      20   0  139.0g  16.7g  10.4g S  1135  13.3  53:47.33 nts	1693206651026
1392674 toao      20   0  139.0g  16.7g  10.4g S 511.8  13.3  53:53.21 nts	1693206651727
1392674 toao      20   0  139.1g  16.8g  10.4g S 944.4  13.4  53:59.93 nts	1693206652431
1392674 toao      20   0  139.1g  16.8g  10.4g S  1076  13.4  54:05.73 nts	1693206653136
1392674 toao      20   0  139.1g  16.8g  10.4g S  1082  13.4  54:11.50 nts	1693206653838
1392674 toao      20   0  139.1g  16.8g  10.4g S  1124  13.4  54:17.43 nts	1693206654540
1392674 toao      20   0  139.1g  16.8g  10.4g S 937.5  13.4  54:23.13 nts	1693206655242
1392674 toao      20   0  139.1g  16.8g  10.4g S 500.0  13.4  54:28.96 nts	1693206655942
1392674 toao      20   0  139.1g  16.8g  10.4g S 388.2  13.4  54:34.71 nts	1693206656647
1392674 toao      20   0  139.1g  16.8g  10.4g S 394.1  13.4  54:40.41 nts	1693206657346
1392674 toao      20   0  139.1g  16.8g  10.4g S 400.0  13.4  54:46.16 nts	1693206658047
1392674 toao      20   0  139.1g  16.8g  10.4g S 394.1  13.4  54:51.88 nts	1693206658747
1392674 toao      20   0  139.1g  16.8g  10.4g S 400.0  13.4  54:57.85 nts	1693206659447
1392674 toao      20   0  139.1g  16.8g  10.4g S 405.9  13.4  55:03.59 nts	1693206660151
1392674 toao      20   0  139.0g  16.7g  10.4g S  1576  13.3  55:11.45 nts	1693206660855
1392674 toao      20   0  139.0g  16.7g  10.4g S  1141  13.3  55:17.19 nts	1693206661555
1392674 toao      20   0  139.0g  16.7g  10.4g S 511.8  13.3  55:23.42 nts	1693206662255
1392674 toao      20   0  139.1g  16.9g  10.4g S 976.5  13.4  55:30.06 nts	1693206662956
1392674 toao      20   0  139.1g  16.9g  10.4g S  1071  13.4  55:35.84 nts	1693206663658
1392674 toao      20   0  139.2g  16.9g  10.4g S  1076  13.5  55:41.73 nts	1693206664359
1392674 toao      20   0  139.2g  16.9g  10.4g S  1071  13.5  55:47.51 nts	1693206665059
1392674 toao      20   0  139.2g  16.9g  10.4g S 911.8  13.5  55:53.24 nts	1693206665763
1392674 toao      20   0  139.2g  16.9g  10.4g S 400.0  13.5  55:59.06 nts	1693206666467
1392674 toao      20   0  139.2g  16.9g  10.4g S 400.0  13.5  56:04.92 nts	1693206667167
1392674 toao      20   0  139.2g  16.9g  10.4g S 400.0  13.5  56:10.61 nts	1693206667867
1392674 toao      20   0  139.2g  16.9g  10.4g S 400.0  13.5  56:16.46 nts	1693206668567
1392674 toao      20   0  139.2g  16.9g  10.4g S 400.0  13.5  56:22.28 nts	1693206669268
1392674 toao      20   0  139.2g  16.9g  10.4g S 400.0  13.5  56:28.33 nts	1693206669971
1392674 toao      20   0  139.2g  16.9g  10.4g S 394.1  13.5  56:34.22 nts	1693206670674
1392674 toao      20   0  139.2g  16.9g  10.4g S 400.0  13.5  56:40.10 nts	1693206671375
1392674 toao      20   0  139.2g  16.9g  10.4g S 400.0  13.5  56:45.91 nts	1693206672078
1392674 toao      20   0  139.2g  16.9g  10.4g S 394.1  13.5  56:51.69 nts	1693206672780
1392674 toao      20   0  139.2g  16.9g  10.4g S 437.5  13.5  56:57.47 nts	1693206673484
1392674 toao      20   0  139.2g  16.9g  10.4g S 405.9  13.5  57:03.25 nts	1693206674186
1392674 toao      20   0  139.2g  16.9g  10.4g S 400.0  13.5  57:08.98 nts	1693206674886
1392674 toao      20   0  139.2g  16.9g  10.4g S 400.0  13.5  57:14.73 nts	1693206675588
1392674 toao      20   0  139.2g  16.9g  10.4g S 394.1  13.5  57:20.35 nts	1693206676291
1392674 toao      20   0  139.2g  16.9g  10.4g S  1118  13.5  57:25.79 nts	1693206676995
1392674 toao      20   0  139.2g  16.9g  10.4g S 400.0  13.5  57:31.46 nts	1693206677698
1392674 toao      20   0  139.2g  16.9g  10.4g S 405.9  13.5  57:37.24 nts	1693206678399
1392674 toao      20   0  139.2g  16.9g  10.4g S 412.5  13.5  57:42.99 nts	1693206679102
1392674 toao      20   0  139.2g  16.9g  10.4g S 388.2  13.5  57:48.84 nts	1693206679804
1392674 toao      20   0  139.1g  16.8g  10.4g S  1524  13.4  57:56.67 nts	1693206680508
1392674 toao      20   0  139.1g  16.8g  10.4g S  1529  13.4  58:02.44 nts	1693206681209
1392674 toao      20   0  138.4g  16.8g  10.4g S 511.8  13.4  58:08.03 nts	1693206681914
1392674 toao      20   0  137.9g  16.9g  10.4g S 394.1  13.5  58:14.50 nts	1693206682619
1392674 toao      20   0  138.6g  16.9g  10.4g S 388.2  13.5  58:20.25 nts	1693206683323
1392674 toao      20   0  138.6g  16.9g  10.4g S 405.9  13.5  58:25.95 nts	1693206684028
1392674 toao      20   0  138.6g  16.9g  10.4g S 394.1  13.5  58:31.61 nts	1693206684731
1392674 toao      20   0  139.2g  16.9g  10.4g S 405.9  13.5  58:37.38 nts	1693206685431
1392674 toao      20   0  139.1g  16.8g  10.4g S  1635  13.4  58:45.34 nts	1693206686134
1392674 toao      20   0  139.1g  16.8g  10.4g S  1371  13.4  58:50.89 nts	1693206686835
1392674 toao      20   0  139.1g  16.8g  10.4g S  1441  13.4  58:56.75 nts	1693206687539
1392674 toao      20   0  139.2g  16.9g  10.4g S  1150  13.5  59:04.00 nts	1693206688243
1392674 toao      20   0  139.2g  16.9g  10.4g S  1181  13.5  59:09.80 nts	1693206688944
1392674 toao      20   0  139.2g  16.9g  10.4g S  1082  13.5  59:15.66 nts	1693206689645
1392674 toao      20   0  139.2g  16.9g  10.4g S 894.1  13.5  59:21.58 nts	1693206690347
1392674 toao      20   0  139.2g  16.9g  10.4g S 847.1  13.5  59:27.33 nts	1693206691051
1392674 toao      20   0  139.2g  16.9g  10.4g S 835.3  13.5  59:32.96 nts	1693206691756
1392674 toao      20   0  139.2g  16.9g  10.4g S 388.2  13.5  59:38.77 nts	1693206692460
1392674 toao      20   0  139.2g  16.9g  10.4g S 405.9  13.5  59:44.60 nts	1693206693163
1392674 toao      20   0  139.2g  16.9g  10.4g S 400.0  13.5  59:50.31 nts	1693206693870
1392674 toao      20   0  139.8g  16.9g  10.4g S 541.2  13.5  59:56.59 nts	1693206694570
1392674 toao      20   0  139.2g  16.9g  10.4g S  1447  13.4  60:03.80 nts	1693206695275
1392674 toao      20   0  139.1g  16.8g  10.4g S  1524  13.4  60:09.82 nts	1693206695981
1392674 toao      20   0  139.1g  16.8g  10.4g S  1471  13.4  60:15.55 nts	1693206696686
1392674 toao      20   0  139.1g  16.8g  10.4g S  1271  13.4  60:21.26 nts	1693206697387
1392674 toao      20   0  139.1g  16.8g  10.4g S  1000  13.4  60:27.29 nts	1693206698088
1392674 toao      20   0  139.1g  16.8g  10.4g S 370.6  13.4  60:33.05 nts	1693206698791
1392674 toao      20   0  139.2g  16.9g  10.4g S 994.1  13.5  60:39.68 nts	1693206699495
1392674 toao      20   0  139.2g  16.9g  10.4g S  1012  13.5  60:45.43 nts	1693206700200
1392674 toao      20   0  139.2g  16.9g  10.4g S 864.7  13.5  60:51.24 nts	1693206700899
1392674 toao      20   0  139.2g  16.9g  10.4g S 400.0  13.5  60:56.93 nts	1693206701604
1392674 toao      20   0  139.2g  16.9g  10.4g S 400.0  13.5  61:02.81 nts	1693206702307
1392674 toao      20   0  139.2g  16.9g  10.4g S 400.0  13.5  61:08.54 nts	1693206703007
1392674 toao      20   0  139.2g  16.9g  10.4g S 394.1  13.5  61:14.34 nts	1693206703708
1392674 toao      20   0  139.2g  16.9g  10.4g S 400.0  13.5  61:20.05 nts	1693206704411
1392674 toao      20   0  139.8g  16.9g  10.4g S 535.3  13.5  61:26.06 nts	1693206705115
1392674 toao      20   0  139.2g  16.9g  10.4g S  1365  13.5  61:33.34 nts	1693206705819
1392674 toao      20   0  139.1g  16.8g  10.4g S  1547  13.4  61:39.56 nts	1693206706520
1392674 toao      20   0  139.1g  16.8g  10.4g S  1494  13.4  61:45.35 nts	1693206707223
1392674 toao      20   0  139.1g  16.8g  10.4g S  1041  13.4  61:51.05 nts	1693206707927
1392674 toao      20   0  139.1g  16.8g  10.4g S 476.5  13.4  61:57.20 nts	1693206708628
1392674 toao      20   0  139.2g  16.9g  10.4g S 747.1  13.5  62:03.48 nts	1693206709328
1392674 toao      20   0  139.2g  16.9g  10.4g S  1029  13.5  62:09.67 nts	1693206710033
1392674 toao      20   0  139.2g  16.9g  10.4g S 958.8  13.5  62:15.36 nts	1693206710739
1392674 toao      20   0  139.2g  16.9g  10.4g S 723.5  13.5  62:21.06 nts	1693206711443
1392674 toao      20   0  139.2g  16.9g  10.4g S 688.2  13.5  62:26.79 nts	1693206712149
1392674 toao      20   0  139.2g  16.9g  10.4g S 861.1  13.5  62:32.57 nts	1693206712851
1392674 toao      20   0  139.2g  16.9g  10.4g S 929.4  13.5  62:38.47 nts	1693206713555
1392674 toao      20   0  139.2g  16.9g  10.4g S 464.7  13.5  62:44.16 nts	1693206714258
1392674 toao      20   0  139.2g  16.9g  10.4g S 418.8  13.5  62:49.98 nts	1693206714962
1392674 toao      20   0  139.2g  16.9g  10.4g S 431.2  13.5  62:55.80 nts	1693206715663
1392674 toao      20   0  139.2g  16.9g  10.4g S 400.0  13.5  63:01.66 nts	1693206716363
1392674 toao      20   0  139.2g  16.9g  10.4g S 394.1  13.5  63:07.43 nts	1693206717067
1392674 toao      20   0  139.2g  16.9g  10.4g S 400.0  13.5  63:13.21 nts	1693206717767
1392674 toao      20   0  139.2g  16.9g  10.4g S 394.1  13.5  63:18.84 nts	1693206718467
1392674 toao      20   0  139.2g  16.9g  10.4g S 400.0  13.5  63:24.58 nts	1693206719166
1392674 toao      20   0  139.2g  16.9g  10.4g S 388.2  13.5  63:30.47 nts	1693206719871
1392674 toao      20   0  139.2g  16.9g  10.4g S 394.1  13.5  63:36.19 nts	1693206720574
1392674 toao      20   0  139.2g  16.9g  10.4g S 400.0  13.5  63:41.96 nts	1693206721278
1392674 toao      20   0  139.2g  16.9g  10.4g S 394.1  13.5  63:47.89 nts	1693206721983
1392674 toao      20   0  139.2g  16.9g  10.4g S 411.8  13.5  63:53.80 nts	1693206722687
1392674 toao      20   0  139.2g  16.9g  10.4g S 394.1  13.5  63:59.56 nts	1693206723394
1392674 toao      20   0  139.2g  16.9g  10.4g S 394.1  13.5  64:05.19 nts	1693206724095
1392674 toao      20   0  139.1g  16.8g  10.4g S  1488  13.4  64:12.96 nts	1693206724800
1392674 toao      20   0  139.1g  16.8g  10.4g S  1512  13.4  64:18.78 nts	1693206725505
1392674 toao      20   0  139.1g  16.8g  10.4g S 747.1  13.4  64:24.86 nts	1693206726207
1392674 toao      20   0  137.9g  16.9g  10.4g S 400.0  13.5  64:31.49 nts	1693206726912
1392674 toao      20   0  138.6g  16.9g  10.4g S 405.9  13.5  64:37.12 nts	1693206727617
1392674 toao      20   0  139.2g  16.9g  10.4g S 418.8  13.5  64:43.00 nts	1693206728323
1392674 toao      20   0  139.2g  16.9g  10.4g S 425.0  13.5  64:48.76 nts	1693206729024
1392674 toao      20   0  139.8g  16.9g  10.4g S 605.9  13.5  64:54.90 nts	1693206729724
1392674 toao      20   0  139.1g  16.8g  10.4g S  1482  13.4  65:02.02 nts	1693206730428
1392674 toao      20   0  139.1g  16.8g  10.4g S  1076  13.4  65:07.66 nts	1693206731132
1392674 toao      20   0  139.1g  16.8g  10.4g S  1153  13.4  65:13.39 nts	1693206731835
1392674 toao      20   0  139.2g  16.9g  10.4g S 817.6  13.5  65:20.01 nts	1693206732540
1392674 toao      20   0  139.2g  16.9g  10.4g S  1067  13.5  65:26.26 nts	1693206733242
1392674 toao      20   0  139.2g  16.9g  10.4g S  1076  13.5  65:31.95 nts	1693206733946
1392674 toao      20   0  139.2g  16.9g  10.4g S 911.8  13.5  65:37.66 nts	1693206734647
1392674 toao      20   0  139.2g  16.9g  10.4g S 923.5  13.5  65:43.39 nts	1693206735347
1392674 toao      20   0  139.2g  16.9g  10.4g S 400.0  13.5  65:49.29 nts	1693206736047
1392674 toao      20   0  139.2g  16.9g  10.4g S 431.2  13.5  65:55.07 nts	1693206736752
1392674 toao      20   0  139.2g  16.9g  10.4g S 400.0  13.5  66:00.95 nts	1693206737454
1392674 toao      20   0  139.2g  16.9g  10.4g S 400.0  13.5  66:06.57 nts	1693206738155
1392674 toao      20   0  139.8g  16.9g  10.4g S 564.7  13.5  66:12.62 nts	1693206738859
1392674 toao      20   0  139.2g  16.8g  10.4g S  1476  13.4  66:20.00 nts	1693206739559
1392674 toao      20   0  139.1g  16.8g  10.4g S  1547  13.4  66:25.97 nts	1693206740260
1392674 toao      20   0  139.1g  16.8g  10.4g S  1562  13.4  66:31.73 nts	1693206740962
1392674 toao      20   0  139.1g  16.8g  10.4g S  1476  13.4  66:37.48 nts	1693206741662
1392674 toao      20   0  139.1g  16.8g  10.4g S  1462  13.4  66:43.20 nts	1693206742362
1392674 toao      20   0  139.1g  16.8g  10.4g S 794.1  13.4  66:49.34 nts	1693206743063
1392674 toao      20   0  139.2g  16.9g  10.4g S 705.9  13.5  66:55.55 nts	1693206743768
1392674 toao      20   0  139.2g  16.9g  10.4g S 900.0  13.5  67:01.63 nts	1693206744470
1392674 toao      20   0  139.2g  16.9g  10.4g S  1088  13.5  67:07.50 nts	1693206745172
1392674 toao      20   0  139.2g  16.9g  10.4g S 981.2  13.5  67:13.28 nts	1693206745874
1392674 toao      20   0  139.2g  16.9g  10.4g S 929.4  13.5  67:19.24 nts	1693206746575
1392674 toao      20   0  139.2g  16.9g  10.4g S 400.0  13.5  67:24.88 nts	1693206747280
1392674 toao      20   0  139.2g  16.9g  10.4g S 400.0  13.5  67:30.76 nts	1693206747984
1392674 toao      20   0  139.2g  16.9g  10.4g S 400.0  13.5  67:36.64 nts	1693206748687
1392674 toao      20   0  139.2g  16.9g  10.4g S 400.0  13.5  67:42.50 nts	1693206749387
1392674 toao      20   0  139.8g  16.9g  10.4g S 452.9  13.5  67:48.51 nts	1693206750086
1392674 toao      20   0  139.1g  16.8g  10.4g S  1541  13.4  67:56.31 nts	1693206750790
1392674 toao      20   0  139.1g  16.8g  10.4g S  1565  13.4  68:02.17 nts	1693206751491
1392674 toao      20   0  139.1g  16.8g  10.4g S  1576  13.4  68:07.95 nts	1693206752195
1392674 toao      20   0  139.1g  16.8g  10.4g S  1382  13.4  68:13.77 nts	1693206752897
1392674 toao      20   0  139.1g  16.8g  10.4g S  1006  13.4  68:19.62 nts	1693206753600
1392674 toao      20   0  139.1g  16.8g  10.4g S  1006  13.4  68:25.78 nts	1693206754303
1392674 toao      20   0  139.2g  16.9g  10.4g S 994.1  13.5  68:32.81 nts	1693206755008
1392674 toao      20   0  139.2g  16.9g  10.4g S  1000  13.5  68:38.61 nts	1693206755709
1392674 toao      20   0  139.2g  16.9g  10.4g S  1024  13.5  68:44.37 nts	1693206756411
1392674 toao      20   0  139.2g  16.9g  10.4g S  1035  13.5  68:50.10 nts	1693206757115
1392674 toao      20   0  139.2g  16.9g  10.4g S  1082  13.5  68:55.99 nts	1693206757819
1392674 toao      20   0  139.2g  16.9g  10.4g S  1053  13.5  69:01.75 nts	1693206758523
1392674 toao      20   0  139.2g  16.9g  10.4g S  1118  13.5  69:07.47 nts	1693206759227
1392674 toao      20   0  139.2g  16.9g  10.4g S 911.8  13.5  69:13.20 nts	1693206759931
1392674 toao      20   0  139.2g  16.9g  10.4g S  1175  13.5  69:19.03 nts	1693206760635
1392674 toao      20   0  139.2g  16.9g  10.4g S 923.5  13.5  69:24.94 nts	1693206761335
1392674 toao      20   0  140.0g  16.9g  10.4g S 647.1  13.5  69:30.67 nts	1693206762039
1392674 toao      20   0  140.0g  16.9g  10.4g S  1038  13.5  69:36.55 nts	1693206762742
1392674 toao      20   0  140.0g  16.9g  10.4g S  1000  13.5  69:42.31 nts	1693206763443
1392674 toao      20   0  140.0g  16.9g  10.4g S 629.4  13.5  69:48.14 nts	1693206764143
1392674 toao      20   0  140.0g  16.9g  10.4g S 405.9  13.5  69:53.77 nts	1693206764848
1392674 toao      20   0  140.0g  16.9g  10.4g S 752.9  13.5  69:59.57 nts	1693206765555
1392674 toao      20   0  140.0g  16.9g  10.4g S 394.1  13.5  70:05.39 nts	1693206766260
1392674 toao      20   0  140.0g  16.9g  10.4g S 394.1  13.5  70:11.05 nts	1693206766959
1392674 toao      20   0  140.0g  16.9g  10.4g S 394.1  13.5  70:16.78 nts	1693206767659
1392674 toao      20   0  140.0g  16.9g  10.4g S 400.0  13.5  70:22.58 nts	1693206768359
1392674 toao      20   0  140.0g  16.9g  10.4g S 400.0  13.5  70:28.32 nts	1693206769060
1392674 toao      20   0  140.0g  16.9g  10.4g S 388.9  13.5  70:34.11 nts	1693206769762
1392674 toao      20   0  140.0g  16.9g  10.4g S  1218  13.5  70:41.26 nts	1693206770469
1392674 toao      20   0  138.8g  16.9g  10.4g S  1018  13.5  70:48.49 nts	1693206771172
1392674 toao      20   0  139.4g  16.9g  10.4g S 852.9  13.5  70:53.95 nts	1693206771876
1392674 toao      20   0  139.4g  16.9g  10.4g S  1029  13.5  70:59.97 nts	1693206772579
1392674 toao      20   0  140.0g  16.9g  10.4g S 841.2  13.5  71:05.54 nts	1693206773280
1392674 toao      20   0  140.0g  16.9g  10.4g S 394.1  13.5  71:11.45 nts	1693206773984
1392674 toao      20   0  140.0g  16.9g  10.4g S 400.0  13.5  71:17.31 nts	1693206774685
1392674 toao      20   0  140.0g  16.8g  10.4g S  1506  13.4  71:25.01 nts	1693206775386
1392674 toao      20   0  140.0g  16.8g  10.4g S  1524  13.4  71:30.84 nts	1693206776087
1392674 toao      20   0  139.9g  16.8g  10.4g S  1335  13.4  71:36.48 nts	1693206776787
1392674 toao      20   0  139.9g  16.8g  10.4g S 647.1  13.4  71:42.58 nts	1693206777489
1392674 toao      20   0  139.9g  16.8g  10.4g S 452.9  13.4  71:48.40 nts	1693206778191
1392674 toao      20   0  140.0g  16.9g  10.4g S  1029  13.5  71:55.01 nts	1693206778891
1392674 toao      20   0  140.0g  16.9g  10.4g S  1006  13.5  72:00.59 nts	1693206779592
1392674 toao      20   0  140.0g  16.9g  10.4g S  1138  13.5  72:06.46 nts	1693206780292
1392674 toao      20   0  140.0g  16.9g  10.4g S 377.8  13.5  72:12.30 nts	1693206780992
1392674 toao      20   0  140.0g  16.9g  10.4g S 400.0  13.5  72:17.89 nts	1693206781699
1392674 toao      20   0  140.0g  16.9g  10.4g S 670.6  13.5  72:23.60 nts	1693206782402
1392674 toao      20   0  140.0g  16.9g  10.4g S 400.0  13.5  72:29.38 nts	1693206783110
1392674 toao      20   0  140.0g  16.9g  10.4g S 388.2  13.5  72:35.15 nts	1693206783809
1392674 toao      20   0  140.0g  16.9g  10.4g S 394.1  13.5  72:41.07 nts	1693206784510
1392674 toao      20   0  140.6g  16.9g  10.4g S 694.1  13.5  72:47.36 nts	1693206785211
1392674 toao      20   0  140.0g  16.9g  10.4g S  1465  13.5  72:54.51 nts	1693206785912
1392674 toao      20   0  139.9g  16.8g  10.4g S  1553  13.4  73:00.40 nts	1693206786614
1392674 toao      20   0  139.9g  16.8g  10.4g S  1535  13.4  73:06.09 nts	1693206787316
1392674 toao      20   0  139.9g  16.8g  10.4g S  1512  13.4  73:11.73 nts	1693206788015
1392674 toao      20   0  139.9g  16.8g  10.4g S  1471  13.4  73:17.40 nts	1693206788715
1392674 toao      20   0  139.9g  16.8g  10.4g S 558.8  13.4  73:23.64 nts	1693206789416
1392674 toao      20   0  140.0g  16.9g  10.4g S  1053  13.5  73:30.41 nts	1693206790119
1392674 toao      20   0  140.0g  16.9g  10.4g S  1169  13.5  73:36.29 nts	1693206790823
1392674 toao      20   0  140.0g  16.9g  10.4g S  1076  13.5  73:42.02 nts	1693206791526
1392674 toao      20   0  140.0g  16.9g  10.4g S 982.4  13.5  73:47.79 nts	1693206792227
1392674 toao      20   0  140.0g  16.9g  10.4g S 935.3  13.5  73:53.52 nts	1693206792931
1392674 toao      20   0  140.0g  16.9g  10.4g S 917.6  13.5  73:59.39 nts	1693206793630
1392674 toao      20   0  140.0g  16.9g  10.4g S 400.0  13.5  74:05.28 nts	1693206794334
1392674 toao      20   0  140.0g  16.9g  10.4g S 411.8  13.5  74:11.15 nts	1693206795035
1392674 toao      20   0  140.0g  16.9g  10.4g S 394.1  13.5  74:17.03 nts	1693206795741
1392674 toao      20   0  140.0g  16.9g  10.4g S  1218  13.5  74:24.29 nts	1693206796444
1392674 toao      20   0  139.9g  16.8g  10.4g S  1612  13.4  74:30.78 nts	1693206797148
1392674 toao      20   0  139.9g  16.8g  10.4g S  1541  13.4  74:36.53 nts	1693206797852
1392674 toao      20   0  139.9g  16.8g  10.4g S  1494  13.4  74:42.25 nts	1693206798556
1392674 toao      20   0  139.9g  16.8g  10.4g S  1106  13.4  74:48.08 nts	1693206799259
1392674 toao      20   0  140.0g  16.8g  10.4g S 568.8  13.4  74:54.08 nts	1693206799963
1392674 toao      20   0  139.9g  16.8g  10.4g S 500.0  13.4  74:59.71 nts	1693206800664
1392674 toao      20   0  139.9g  16.8g  10.4g S 747.1  13.4  75:05.23 nts	1693206801363
1392674 toao      20   0  139.9g  16.8g  10.4g S  1059  13.4  75:11.21 nts	1693206802067
1392674 toao      20   0  139.9g  16.8g  10.4g S 552.9  13.4  75:17.41 nts	1693206802772
1392674 toao      20   0  140.0g  16.8g  10.4g S 568.8  13.4  75:23.28 nts	1693206803472
1392674 toao      20   0  140.0g  16.9g  10.4g S 806.2  13.5  75:29.43 nts	1693206804175
1392674 toao      20   0  140.0g  16.9g  10.4g S  1006  13.5  75:35.53 nts	1693206804877
1392674 toao      20   0  140.0g  16.9g  10.4g S  1062  13.5  75:41.22 nts	1693206805582
1392674 toao      20   0  140.8g  16.9g  10.4g S  1131  13.5  75:47.01 nts	1693206806283
1392674 toao      20   0  140.8g  16.9g  10.4g S  1119  13.5  75:52.84 nts	1693206806983
1392674 toao      20   0  140.8g  16.9g  10.4g S  1112  13.5  75:58.66 nts	1693206807685
1392674 toao      20   0  140.8g  16.9g  10.4g S  1106  13.5  76:04.41 nts	1693206808385
1392674 toao      20   0  140.8g  16.9g  10.4g S  1041  13.5  76:10.03 nts	1693206809085
1392674 toao      20   0  140.8g  16.9g  10.4g S  1094  13.5  76:15.78 nts	1693206809786
1392674 toao      20   0  140.8g  16.9g  10.4g S  1065  13.5  76:21.72 nts	1693206810486
1392674 toao      20   0  140.8g  16.9g  10.4g S 958.8  13.5  76:27.68 nts	1693206811188
1392674 toao      20   0  140.8g  16.9g  10.4g S 947.1  13.5  76:33.43 nts	1693206811887
1392674 toao      20   0  140.8g  16.9g  10.4g S 570.6  13.5  76:39.29 nts	1693206812587
1392674 toao      20   0  140.8g  16.9g  10.4g S 394.1  13.5  76:45.04 nts	1693206813295
1392674 toao      20   0  140.8g  16.9g  10.4g S 411.8  13.5  76:50.82 nts	1693206813995
1392674 toao      20   0  140.8g  16.9g  10.4g S 394.1  13.5  76:57.02 nts	1693206814697
1392674 toao      20   0       0      0      0 Z 100.0   0.0  77:00.65 nts	1693206815403
1392674 toao      20   0       0      0      0 Z  94.4   0.0  77:01.35 nts	1693206816110
1392674 toao      20   0       0      0      0 Z 100.0   0.0  77:02.04 nts	1693206816822
1392674 toao      20   0       0      0      0 Z  88.9   0.0  77:02.72 nts	1693206817531
