882401 toao      20   0 2487072 100840  69016 R 100.0   0.1   0:00.19 nts	1693201872212
882401 toao      20   0 8361540 209524 118696 R  7447   0.2   0:28.01 nts	1693201872928
882401 toao      20   0 8392512 230528 118980 R  1584   0.2   1:16.26 nts	1693201873657
882401 toao      20   0 8392512 230528 118980 R 205.9   0.2   1:17.67 nts	1693201874372
882401 toao      20   0 8392512 230528 118980 R 200.0   0.2   1:19.07 nts	1693201875088
882401 toao      20   0 8392512 230528 118980 R 200.0   0.2   1:20.47 nts	1693201875794
882401 toao      20   0 8392512 232376 118980 R 205.9   0.2   1:21.89 nts	1693201876507
882401 toao      20   0 8392512 232376 118980 R 188.9   0.2   1:23.31 nts	1693201877219
882401 toao      20   0 8392512 232376 118980 R 205.9   0.2   1:24.71 nts	1693201877928
882401 toao      20   0 9560212 419044 118980 R  1025   0.3   1:28.43 nts	1693201878633
882401 toao      20   0 9560212 442308 118980 S  1006   0.3   1:34.80 nts	1693201879332
882401 toao      20   0 9560212 646356 118980 R  1500   0.5   1:42.89 nts	1693201880044
882401 toao      20   0 9560212 678224 118980 R  1029   0.5   1:50.95 nts	1693201880748
882401 toao      20   0   13.2g 687296 119116 R 800.0   0.5   1:58.49 nts	1693201881445
882401 toao      20   0   13.2g 688352 119116 R 200.0   0.5   1:59.88 nts	1693201882151
882401 toao      20   0   13.2g 689144 119116 R 200.0   0.5   2:01.28 nts	1693201882855
882401 toao      20   0   13.2g 689672 119116 R 200.0   0.5   2:02.68 nts	1693201883560
882401 toao      20   0   13.2g 689936 119116 R 200.0   0.5   2:04.08 nts	1693201884264
882401 toao      20   0   13.2g 690464 119116 R 200.0   0.5   2:05.47 nts	1693201884969
882401 toao      20   0   13.4g 695696 119116 R 212.5   0.5   2:06.87 nts	1693201885672
882401 toao      20   0   14.2g 807296 119116 S 611.8   0.6   2:11.28 nts	1693201886376
882401 toao      20   0   14.2g 889688 119116 R 829.4   0.7   2:15.87 nts	1693201887081
882401 toao      20   0   14.2g 991.2m 119116 R 758.8   0.8   2:21.30 nts	1693201887793
882401 toao      20   0   14.2g   1.0g 119116 S 538.9   0.8   2:25.68 nts	1693201888501
882401 toao      20   0   18.3g   1.1g 119116 R  94.1   0.9   2:30.49 nts	1693201889212
882401 toao      20   0   18.3g   1.1g 119116 R 100.0   0.9   2:31.20 nts	1693201889918
882401 toao      20   0   18.3g   1.1g 119116 R 105.9   0.9   2:31.91 nts	1693201890623
882401 toao      20   0   18.7g   1.2g 119116 R 100.0   0.9   2:32.61 nts	1693201891328
882401 toao      20   0   18.7g   1.3g 119116 R 100.0   1.0   2:33.31 nts	1693201892034
882401 toao      20   0   18.7g   1.3g 119116 R  94.4   1.0   2:34.03 nts	1693201892740
882401 toao      20   0   18.7g   1.3g 119116 R 100.0   1.0   2:34.73 nts	1693201893449
882401 toao      20   0   18.7g   1.5g 119116 R 100.0   1.2   2:35.43 nts	1693201894155
882401 toao      20   0   18.7g   1.5g 119116 R 100.0   1.2   2:36.14 nts	1693201894858
882401 toao      20   0   18.7g   1.5g 119116 R  94.1   1.2   2:36.83 nts	1693201895559
882401 toao      20   0   18.7g   1.5g 119116 R 100.0   1.2   2:37.54 nts	1693201896264
882401 toao      20   0   27.8g   1.8g 234132 R 100.0   1.5   2:39.28 nts	1693201896965
882401 toao      20   0   28.7g   2.6g 355796 R  94.1   2.1   2:39.98 nts	1693201897667
882401 toao      20   0   29.8g   3.5g 505896 R  88.9   2.8   2:40.68 nts	1693201898372
882401 toao      20   0   30.5g   4.1g 532464 R 100.0   3.3   2:41.39 nts	1693201899075
882401 toao      20   0   31.0g   4.6g 982.0m R 105.9   3.7   2:42.10 nts	1693201899779
882401 toao      20   0   31.0g   4.7g   1.0g R 100.0   3.7   2:42.80 nts	1693201900484
882401 toao      20   0   31.0g   4.7g   1.0g R 100.0   3.7   2:43.50 nts	1693201901187
882401 toao      20   0   31.0g   4.7g   1.0g R 100.0   3.7   2:44.21 nts	1693201901892
882401 toao      20   0   31.0g   4.7g   1.0g R 100.0   3.7   2:44.91 nts	1693201902594
882401 toao      20   0   31.0g   4.7g   1.0g R 105.9   3.7   2:45.61 nts	1693201903296
882401 toao      20   0   31.0g   4.7g   1.0g R 100.0   3.7   2:46.31 nts	1693201903996
882401 toao      20   0   31.0g   4.7g   1.0g R 100.0   3.7   2:47.02 nts	1693201904699
882401 toao      20   0   31.0g   4.7g   1.0g R 100.0   3.7   2:47.73 nts	1693201905405
882401 toao      20   0   31.0g   4.7g   1.0g R 100.0   3.7   2:48.43 nts	1693201906111
882401 toao      20   0   31.0g   4.7g   1.0g R 100.0   3.7   2:49.13 nts	1693201906815
882401 toao      20   0   31.0g   4.7g   1.0g R 100.0   3.7   2:49.83 nts	1693201907520
882401 toao      20   0   31.0g   4.7g   1.0g R 100.0   3.7   2:50.54 nts	1693201908222
882401 toao      20   0   31.0g   4.7g   1.0g R 100.0   3.7   2:51.24 nts	1693201908923
882401 toao      20   0   31.0g   4.7g   1.0g R 100.0   3.7   2:51.95 nts	1693201909628
882401 toao      20   0   31.0g   4.7g   1.0g R 100.0   3.7   2:52.64 nts	1693201910330
882401 toao      20   0   31.0g   4.7g   1.0g R 100.0   3.7   2:53.35 nts	1693201911032
882401 toao      20   0   31.0g   4.7g   1.0g R  94.1   3.7   2:54.05 nts	1693201911734
882401 toao      20   0   31.0g   4.7g   1.0g R 100.0   3.7   2:54.76 nts	1693201912439
882401 toao      20   0   31.0g   4.7g   1.0g R 100.0   3.7   2:55.46 nts	1693201913140
882401 toao      20   0   31.0g   4.7g   1.0g R 100.0   3.7   2:56.16 nts	1693201913839
882401 toao      20   0   31.0g   4.7g   1.0g R 100.0   3.7   2:56.86 nts	1693201914539
882401 toao      20   0   31.0g   4.7g   1.0g R 100.0   3.7   2:57.55 nts	1693201915239
882401 toao      20   0   31.0g   4.7g   1.0g R 100.0   3.7   2:58.26 nts	1693201915942
882401 toao      20   0   31.0g   4.7g   1.0g R  94.1   3.7   2:58.95 nts	1693201916641
882401 toao      20   0   31.0g   4.7g   1.0g R 106.2   3.7   2:59.66 nts	1693201917342
882401 toao      20   0   31.0g   4.7g   1.0g R 100.0   3.7   3:00.36 nts	1693201918043
882401 toao      20   0   31.0g   4.7g   1.0g R 100.0   3.7   3:01.06 nts	1693201918746
882401 toao      20   0   31.0g   4.7g   1.0g R 100.0   3.7   3:01.76 nts	1693201919447
882401 toao      20   0   31.0g   4.7g   1.0g R 105.9   3.7   3:02.47 nts	1693201920148
882401 toao      20   0   31.0g   4.7g   1.0g R  94.1   3.7   3:03.17 nts	1693201920852
882401 toao      20   0   31.0g   4.7g   1.0g R  94.1   3.7   3:03.87 nts	1693201921556
882401 toao      20   0   31.0g   4.7g   1.0g R  94.1   3.7   3:04.57 nts	1693201922258
882401 toao      20   0   30.7g   4.7g   1.0g R 364.7   3.7   3:05.73 nts	1693201922963
882401 toao      20   0   30.9g   4.7g   1.0g S  1924   3.7   3:16.26 nts	1693201923672
882401 toao      20   0   30.9g   4.7g   1.0g S  1129   3.7   3:26.01 nts	1693201924380
882401 toao      20   0   80.4g   5.1g   1.5g S 100.0   4.1   3:32.32 nts	1693201925084
882401 toao      20   0   87.1g   6.4g   2.8g S 482.4   5.1   3:34.20 nts	1693201925789
882401 toao      20   0  104.5g   6.4g   2.8g S  1278   5.1   3:45.39 nts	1693201926491
882401 toao      20   0  113.9g   6.4g   2.8g S  1088   5.1   3:55.78 nts	1693201927197
882401 toao      20   0  116.6g   6.4g   2.8g S  1459   5.1   4:06.08 nts	1693201927904
882401 toao      20   0  116.7g   6.4g   2.8g S  1488   5.1   4:16.42 nts	1693201928607
882401 toao      20   0  116.7g   6.4g   2.8g S  1171   5.1   4:26.59 nts	1693201929307
882401 toao      20   0  116.7g   6.4g   2.8g S  1406   5.1   4:36.61 nts	1693201930011
882401 toao      20   0  116.7g   6.4g   2.8g S  1388   5.1   4:46.93 nts	1693201930712
882401 toao      20   0  117.2g   6.4g   2.8g S  1412   5.1   4:57.54 nts	1693201931413
882401 toao      20   0  117.2g   6.4g   2.8g S  1388   5.1   5:07.67 nts	1693201932120
882401 toao      20   0       0      0      0 Z 105.9   0.0   5:15.45 nts	1693201932823
882401 toao      20   0       0      0      0 Z 100.0   0.0   5:16.14 nts	1693201933530
