| 48%   45C    P8    15W / 250W |      5MiB / 11019MiB |      0%      Default |	1688023660883
| 47%   45C    P8    15W / 250W |      5MiB / 11019MiB |      0%      Default |	1688023661430
| 47%   45C    P8    15W / 250W |      5MiB / 11019MiB |      0%      Default |	1688023661979
| 47%   45C    P8    15W / 250W |      5MiB / 11019MiB |      0%      Default |	1688023662549
| 47%   45C    P8    15W / 250W |      5MiB / 11019MiB |      0%      Default |	1688023663086
| 47%   45C    P8    15W / 250W |      5MiB / 11019MiB |      0%      Default |	1688023663622
| 47%   44C    P8    14W / 250W |      5MiB / 11019MiB |      0%      Default |	1688023664156
| 47%   44C    P8    17W / 250W |      5MiB / 11019MiB |      0%      Default |	1688023664690
| 46%   44C    P8    14W / 250W |      5MiB / 11019MiB |      0%      Default |	1688023665226
| 46%   44C    P8    14W / 250W |      5MiB / 11019MiB |      0%      Default |	1688023665764
| 46%   44C    P8    15W / 250W |      5MiB / 11019MiB |      0%      Default |	1688023666303
| 46%   44C    P8    15W / 250W |      5MiB / 11019MiB |      0%      Default |	1688023666841
| 46%   44C    P8    14W / 250W |      5MiB / 11019MiB |      0%      Default |	1688023667378
| 46%   44C    P8    15W / 250W |      5MiB / 11019MiB |      0%      Default |	1688023667916
| 45%   44C    P8    15W / 250W |      5MiB / 11019MiB |      0%      Default |	1688023668454
| 45%   44C    P8    15W / 250W |      5MiB / 11019MiB |      0%      Default |	1688023668992
| 45%   43C    P8    14W / 250W |      5MiB / 11019MiB |      0%      Default |	1688023669530
| 45%   43C    P8    15W / 250W |      5MiB / 11019MiB |      0%      Default |	1688023670069
| 45%   43C    P8    15W / 250W |      5MiB / 11019MiB |      0%      Default |	1688023670607
| 45%   43C    P8    14W / 250W |      5MiB / 11019MiB |      0%      Default |	1688023671145
| 44%   43C    P8    14W / 250W |      5MiB / 11019MiB |      0%      Default |	1688023671682
| 44%   43C    P8    14W / 250W |      5MiB / 11019MiB |      0%      Default |	1688023672220
| 44%   43C    P8    14W / 250W |      5MiB / 11019MiB |      0%      Default |	1688023672756
| 44%   43C    P8    14W / 250W |      5MiB / 11019MiB |      0%      Default |	1688023673297
| 44%   43C    P8    15W / 250W |      5MiB / 11019MiB |      0%      Default |	1688023673834
| 44%   43C    P8    15W / 250W |      5MiB / 11019MiB |      0%      Default |	1688023674370
| 43%   43C    P8    15W / 250W |      5MiB / 11019MiB |      0%      Default |	1688023674911
| 43%   43C    P8    14W / 250W |      5MiB / 11019MiB |      0%      Default |	1688023675448
| 43%   42C    P8    15W / 250W |      5MiB / 11019MiB |      0%      Default |	1688023675988
| 43%   42C    P8    14W / 250W |      5MiB / 11019MiB |      0%      Default |	1688023676526
| 43%   42C    P8    15W / 250W |      5MiB / 11019MiB |      0%      Default |	1688023677063
| 43%   42C    P8    14W / 250W |      5MiB / 11019MiB |      0%      Default |	1688023677599
| 43%   42C    P8    14W / 250W |      5MiB / 11019MiB |      0%      Default |	1688023678139
| 42%   42C    P8    14W / 250W |      5MiB / 11019MiB |      0%      Default |	1688023678678
| 42%   42C    P8    13W / 250W |      5MiB / 11019MiB |      0%      Default |	1688023679216
| 42%   42C    P8    14W / 250W |      5MiB / 11019MiB |      0%      Default |	1688023679754
| 42%   42C    P8    14W / 250W |      5MiB / 11019MiB |      0%      Default |	1688023680293
| 42%   42C    P8    14W / 250W |      5MiB / 11019MiB |      0%      Default |	1688023680831
| 42%   42C    P8    14W / 250W |      5MiB / 11019MiB |      0%      Default |	1688023681370
| 42%   42C    P8    15W / 250W |      5MiB / 11019MiB |      0%      Default |	1688023681909
| 42%   42C    P8    14W / 250W |      5MiB / 11019MiB |      0%      Default |	1688023682446
| 41%   41C    P8    13W / 250W |      5MiB / 11019MiB |      0%      Default |	1688023682984
| 41%   41C    P8    13W / 250W |      5MiB / 11019MiB |      0%      Default |	1688023683522
| 41%   41C    P8    12W / 250W |      5MiB / 11019MiB |      0%      Default |	1688023684060
| 41%   41C    P8    14W / 250W |      5MiB / 11019MiB |      0%      Default |	1688023684598
| 41%   41C    P8    14W / 250W |      5MiB / 11019MiB |      0%      Default |	1688023685136
| 41%   41C    P8    13W / 250W |      5MiB / 11019MiB |      0%      Default |	1688023685673
| 41%   41C    P8    13W / 250W |      5MiB / 11019MiB |      0%      Default |	1688023686211
| 41%   41C    P8    14W / 250W |      5MiB / 11019MiB |      0%      Default |	1688023686749
| 40%   41C    P8    14W / 250W |      5MiB / 11019MiB |      0%      Default |	1688023687287
| 40%   41C    P8    13W / 250W |      5MiB / 11019MiB |      0%      Default |	1688023687824
| 40%   41C    P8    14W / 250W |      5MiB / 11019MiB |      0%      Default |	1688023688361
| 40%   41C    P8    15W / 250W |      5MiB / 11019MiB |      0%      Default |	1688023688897
| 40%   41C    P8    15W / 250W |      5MiB / 11019MiB |      0%      Default |	1688023689439
| 40%   41C    P8    14W / 250W |      5MiB / 11019MiB |      0%      Default |	1688023689976
| 40%   41C    P8    13W / 250W |      5MiB / 11019MiB |      0%      Default |	1688023690513
| 39%   41C    P8    14W / 250W |      5MiB / 11019MiB |      0%      Default |	1688023691050
| 39%   41C    P8    14W / 250W |      5MiB / 11019MiB |      0%      Default |	1688023691588
| 39%   41C    P8    15W / 250W |      5MiB / 11019MiB |      0%      Default |	1688023692128
| 39%   40C    P8    14W / 250W |      5MiB / 11019MiB |      0%      Default |	1688023692666
| 39%   40C    P8    14W / 250W |      5MiB / 11019MiB |      0%      Default |	1688023693207
| 39%   40C    P8    14W / 250W |      5MiB / 11019MiB |      0%      Default |	1688023693747
| 39%   40C    P8    14W / 250W |      5MiB / 11019MiB |      0%      Default |	1688023694285
| 39%   40C    P8    14W / 250W |      5MiB / 11019MiB |      0%      Default |	1688023694824
| 39%   40C    P8    15W / 250W |      5MiB / 11019MiB |      0%      Default |	1688023695362
| 39%   40C    P8    15W / 250W |      5MiB / 11019MiB |      0%      Default |	1688023695900
| 38%   40C    P8    15W / 250W |      5MiB / 11019MiB |      0%      Default |	1688023696438
| 38%   40C    P8    16W / 250W |      5MiB / 11019MiB |      0%      Default |	1688023696975
| 38%   40C    P8    14W / 250W |      5MiB / 11019MiB |      0%      Default |	1688023697512
| 38%   40C    P8    14W / 250W |      5MiB / 11019MiB |      0%      Default |	1688023698052
| 38%   40C    P8    14W / 250W |      5MiB / 11019MiB |      0%      Default |	1688023698589
| 38%   40C    P8    14W / 250W |      5MiB / 11019MiB |      0%      Default |	1688023699127
| 38%   40C    P8    14W / 250W |      5MiB / 11019MiB |      0%      Default |	1688023699665
| 38%   40C    P8    15W / 250W |      5MiB / 11019MiB |      0%      Default |	1688023700207
| 38%   40C    P8    15W / 250W |      5MiB / 11019MiB |      0%      Default |	1688023700749
| 38%   40C    P8    15W / 250W |      5MiB / 11019MiB |      0%      Default |	1688023701287
| 37%   40C    P8    14W / 250W |      5MiB / 11019MiB |      0%      Default |	1688023701825
| 37%   40C    P8    14W / 250W |      5MiB / 11019MiB |      0%      Default |	1688023702361
| 37%   40C    P8    14W / 250W |      5MiB / 11019MiB |      0%      Default |	1688023702911
| 37%   40C    P8    14W / 250W |      5MiB / 11019MiB |      0%      Default |	1688023703448
| 37%   40C    P8    15W / 250W |      5MiB / 11019MiB |      0%      Default |	1688023703988
| 37%   39C    P8    14W / 250W |      5MiB / 11019MiB |      0%      Default |	1688023704526
| 37%   39C    P8    14W / 250W |      5MiB / 11019MiB |      0%      Default |	1688023705063
| 37%   39C    P8    14W / 250W |      5MiB / 11019MiB |      0%      Default |	1688023705601
| 37%   39C    P8    14W / 250W |      5MiB / 11019MiB |      0%      Default |	1688023706138
| 37%   39C    P8    14W / 250W |      5MiB / 11019MiB |      0%      Default |	1688023706676
| 37%   39C    P8    14W / 250W |      5MiB / 11019MiB |      0%      Default |	1688023707214
| 37%   39C    P8    15W / 250W |      5MiB / 11019MiB |      0%      Default |	1688023707751
| 36%   39C    P8    14W / 250W |      5MiB / 11019MiB |      0%      Default |	1688023708289
| 36%   39C    P8    14W / 250W |      5MiB / 11019MiB |      0%      Default |	1688023708826
| 36%   39C    P8    14W / 250W |      5MiB / 11019MiB |      0%      Default |	1688023709365
| 36%   39C    P8    14W / 250W |      5MiB / 11019MiB |      0%      Default |	1688023709903
| 36%   39C    P8    14W / 250W |      5MiB / 11019MiB |      0%      Default |	1688023710442
| 36%   39C    P8    15W / 250W |      5MiB / 11019MiB |      0%      Default |	1688023710978
| 36%   39C    P8    14W / 250W |      5MiB / 11019MiB |      0%      Default |	1688023711518
| 36%   39C    P8    14W / 250W |      5MiB / 11019MiB |      0%      Default |	1688023712055
| 36%   39C    P8    14W / 250W |      5MiB / 11019MiB |      0%      Default |	1688023712609
| 36%   40C    P2    57W / 250W |    317MiB / 11019MiB |      2%      Default |	1688023713146
| 36%   41C    P2    56W / 250W |    545MiB / 11019MiB |      2%      Default |	1688023713685
| 36%   41C    P2    56W / 250W |    775MiB / 11019MiB |      5%      Default |	1688023714223
| 36%   41C    P2    56W / 250W |    847MiB / 11019MiB |      5%      Default |	1688023714762
| 35%   41C    P2    56W / 250W |    847MiB / 11019MiB |      2%      Default |	1688023715299
| 36%   41C    P2    56W / 250W |    847MiB / 11019MiB |      2%      Default |	1688023715836
| 36%   42C    P2    56W / 250W |    847MiB / 11019MiB |      0%      Default |	1688023716373
| 36%   42C    P2    56W / 250W |    847MiB / 11019MiB |      0%      Default |	1688023716912
| 36%   42C    P2    56W / 250W |    847MiB / 11019MiB |      0%      Default |	1688023717451
| 35%   42C    P2    56W / 250W |    847MiB / 11019MiB |      0%      Default |	1688023717988
| 35%   42C    P2    56W / 250W |    847MiB / 11019MiB |      0%      Default |	1688023718527
| 35%   42C    P2    56W / 250W |    869MiB / 11019MiB |      0%      Default |	1688023719065
| 35%   42C    P2    56W / 250W |    869MiB / 11019MiB |      0%      Default |	1688023719640
| 35%   42C    P2    56W / 250W |    869MiB / 11019MiB |      1%      Default |	1688023720176
| 35%   42C    P2    56W / 250W |    869MiB / 11019MiB |      1%      Default |	1688023720714
| 35%   42C    P2    56W / 250W |    869MiB / 11019MiB |      0%      Default |	1688023721251
| 35%   42C    P2    56W / 250W |    869MiB / 11019MiB |      0%      Default |	1688023721788
| 35%   42C    P2    56W / 250W |    869MiB / 11019MiB |      0%      Default |	1688023722326
| 35%   42C    P2    56W / 250W |    869MiB / 11019MiB |      0%      Default |	1688023722862
| 35%   42C    P2    56W / 250W |    869MiB / 11019MiB |      0%      Default |	1688023723399
| 35%   42C    P2    56W / 250W |    869MiB / 11019MiB |      0%      Default |	1688023723936
| 35%   42C    P2    56W / 250W |    869MiB / 11019MiB |      0%      Default |	1688023724473
| 35%   42C    P2    56W / 250W |    869MiB / 11019MiB |      0%      Default |	1688023725009
| 35%   42C    P2    56W / 250W |    869MiB / 11019MiB |      0%      Default |	1688023725546
| 35%   43C    P2    56W / 250W |    869MiB / 11019MiB |      0%      Default |	1688023726083
| 35%   43C    P2    56W / 250W |    869MiB / 11019MiB |      0%      Default |	1688023726620
| 35%   43C    P2    56W / 250W |    869MiB / 11019MiB |      0%      Default |	1688023727157
| 35%   43C    P2    56W / 250W |    869MiB / 11019MiB |      0%      Default |	1688023727694
| 35%   43C    P2    56W / 250W |    869MiB / 11019MiB |      0%      Default |	1688023728231
| 35%   43C    P2    56W / 250W |    869MiB / 11019MiB |      0%      Default |	1688023728768
| 35%   43C    P2    56W / 250W |    869MiB / 11019MiB |      0%      Default |	1688023729305
| 35%   43C    P2    56W / 250W |    869MiB / 11019MiB |      0%      Default |	1688023729842
| 35%   43C    P2    56W / 250W |    869MiB / 11019MiB |      0%      Default |	1688023730379
| 35%   43C    P2    56W / 250W |    869MiB / 11019MiB |      0%      Default |	1688023730917
| 35%   43C    P8    41W / 250W |    869MiB / 11019MiB |      0%      Default |	1688023731454
| 35%   42C    P8    14W / 250W |    869MiB / 11019MiB |      0%      Default |	1688023731991
| 35%   42C    P8    14W / 250W |    869MiB / 11019MiB |      0%      Default |	1688023732528
| 35%   41C    P8    15W / 250W |    869MiB / 11019MiB |      0%      Default |	1688023733068
| 35%   41C    P8    14W / 250W |    869MiB / 11019MiB |      0%      Default |	1688023733607
| 35%   41C    P8    14W / 250W |    869MiB / 11019MiB |      0%      Default |	1688023734145
| 35%   42C    P2    56W / 250W |    961MiB / 11019MiB |      0%      Default |	1688023734683
| 35%   43C    P2    56W / 250W |    961MiB / 11019MiB |      1%      Default |	1688023735219
| 35%   43C    P2    56W / 250W |    961MiB / 11019MiB |      1%      Default |	1688023735772
| 35%   43C    P2    56W / 250W |    961MiB / 11019MiB |      0%      Default |	1688023736306
| 35%   43C    P2    56W / 250W |    961MiB / 11019MiB |      0%      Default |	1688023736878
| 35%   43C    P2    56W / 250W |    961MiB / 11019MiB |      0%      Default |	1688023737428
| 35%   43C    P2    56W / 250W |    961MiB / 11019MiB |      0%      Default |	1688023737986
| 35%   43C    P2    56W / 250W |    961MiB / 11019MiB |      0%      Default |	1688023738548
| 35%   43C    P2    56W / 250W |    961MiB / 11019MiB |      0%      Default |	1688023739106
| 35%   43C    P2    56W / 250W |    961MiB / 11019MiB |      0%      Default |	1688023739679
| 35%   43C    P2    56W / 250W |    961MiB / 11019MiB |      0%      Default |	1688023740202
| 35%   43C    P2    56W / 250W |    961MiB / 11019MiB |      0%      Default |	1688023740760
| 35%   43C    P2    56W / 250W |    961MiB / 11019MiB |      0%      Default |	1688023741293
| 35%   43C    P2    56W / 250W |    961MiB / 11019MiB |      0%      Default |	1688023741840
| 35%   43C    P2    56W / 250W |    961MiB / 11019MiB |      0%      Default |	1688023742374
| 35%   43C    P2    56W / 250W |    961MiB / 11019MiB |      0%      Default |	1688023742930
| 35%   43C    P2    56W / 250W |    961MiB / 11019MiB |      0%      Default |	1688023743467
| 35%   43C    P2    56W / 250W |    961MiB / 11019MiB |      0%      Default |	1688023744050
| 35%   43C    P2    56W / 250W |    961MiB / 11019MiB |      0%      Default |	1688023744596
| 35%   43C    P2    56W / 250W |    961MiB / 11019MiB |      0%      Default |	1688023745166
| 35%   44C    P2    56W / 250W |    961MiB / 11019MiB |      0%      Default |	1688023745705
| 35%   44C    P2    56W / 250W |    961MiB / 11019MiB |      0%      Default |	1688023746261
| 35%   44C    P2    56W / 250W |    961MiB / 11019MiB |      0%      Default |	1688023746808
| 35%   44C    P2    56W / 250W |    961MiB / 11019MiB |      0%      Default |	1688023747358
| 35%   44C    P2    56W / 250W |    961MiB / 11019MiB |      0%      Default |	1688023747918
| 35%   44C    P2    56W / 250W |    961MiB / 11019MiB |      0%      Default |	1688023748474
| 35%   44C    P2    56W / 250W |    961MiB / 11019MiB |      0%      Default |	1688023749034
| 34%   44C    P2    56W / 250W |    961MiB / 11019MiB |      0%      Default |	1688023749594
| 34%   44C    P2    56W / 250W |    961MiB / 11019MiB |      0%      Default |	1688023750143
| 35%   44C    P2    56W / 250W |    961MiB / 11019MiB |      0%      Default |	1688023750698
| 34%   44C    P2    56W / 250W |    961MiB / 11019MiB |      0%      Default |	1688023751273
| 34%   43C    P8    14W / 250W |    961MiB / 11019MiB |      0%      Default |	1688023751834
| 34%   43C    P8    15W / 250W |    961MiB / 11019MiB |      0%      Default |	1688023752377
| 34%   42C    P8    13W / 250W |    961MiB / 11019MiB |      0%      Default |	1688023752926
| 35%   42C    P8    14W / 250W |    961MiB / 11019MiB |      0%      Default |	1688023753488
| 35%   42C    P8    14W / 250W |    961MiB / 11019MiB |      0%      Default |	1688023754078
| 34%   42C    P8    13W / 250W |    961MiB / 11019MiB |      0%      Default |	1688023754634
| 34%   42C    P8    14W / 250W |    961MiB / 11019MiB |      0%      Default |	1688023755182
| 34%   42C    P8    13W / 250W |    961MiB / 11019MiB |      0%      Default |	1688023755757
| 34%   42C    P8    13W / 250W |    961MiB / 11019MiB |      0%      Default |	1688023756314
| 34%   42C    P8    14W / 250W |    961MiB / 11019MiB |      0%      Default |	1688023756851
| 34%   42C    P8    13W / 250W |    961MiB / 11019MiB |      0%      Default |	1688023757414
| 34%   42C    P8    14W / 250W |    961MiB / 11019MiB |      0%      Default |	1688023757953
| 34%   41C    P8    13W / 250W |    961MiB / 11019MiB |      0%      Default |	1688023758522
| 34%   41C    P8    14W / 250W |    961MiB / 11019MiB |      0%      Default |	1688023759069
| 34%   41C    P8    13W / 250W |    961MiB / 11019MiB |      0%      Default |	1688023759630
| 34%   41C    P8    14W / 250W |    961MiB / 11019MiB |      0%      Default |	1688023760164
| 34%   41C    P8    14W / 250W |    961MiB / 11019MiB |      0%      Default |	1688023760710
| 34%   41C    P8    14W / 250W |    961MiB / 11019MiB |      0%      Default |	1688023761276
| 34%   41C    P8    14W / 250W |    961MiB / 11019MiB |      0%      Default |	1688023761826
| 34%   41C    P8    13W / 250W |    961MiB / 11019MiB |      0%      Default |	1688023762356
| 34%   41C    P8    13W / 250W |    961MiB / 11019MiB |      0%      Default |	1688023762918
| 34%   41C    P8    13W / 250W |    961MiB / 11019MiB |      0%      Default |	1688023763452
| 34%   41C    P8    13W / 250W |    961MiB / 11019MiB |      0%      Default |	1688023764003
| 34%   41C    P8    13W / 250W |    961MiB / 11019MiB |      0%      Default |	1688023764581
| 34%   41C    P8    13W / 250W |    961MiB / 11019MiB |      0%      Default |	1688023765138
| 34%   41C    P8    14W / 250W |    961MiB / 11019MiB |      0%      Default |	1688023765669
| 34%   41C    P8    14W / 250W |    961MiB / 11019MiB |      0%      Default |	1688023766234
| 34%   41C    P8    15W / 250W |    961MiB / 11019MiB |      0%      Default |	1688023766795
| 34%   40C    P8    14W / 250W |    961MiB / 11019MiB |      0%      Default |	1688023767341
| 34%   40C    P8    15W / 250W |    961MiB / 11019MiB |      0%      Default |	1688023767867
| 34%   40C    P8    14W / 250W |    961MiB / 11019MiB |      0%      Default |	1688023768412
| 34%   40C    P8    13W / 250W |    961MiB / 11019MiB |      0%      Default |	1688023768946
| 34%   40C    P8    13W / 250W |    961MiB / 11019MiB |      0%      Default |	1688023769494
| 34%   40C    P8    14W / 250W |    961MiB / 11019MiB |      0%      Default |	1688023770061
| 34%   40C    P8    14W / 250W |    961MiB / 11019MiB |      0%      Default |	1688023770618
| 34%   40C    P8    14W / 250W |    961MiB / 11019MiB |      0%      Default |	1688023771172
| 34%   40C    P8    14W / 250W |    961MiB / 11019MiB |      0%      Default |	1688023771734
| 34%   40C    P8    13W / 250W |    961MiB / 11019MiB |      0%      Default |	1688023772276
| 34%   40C    P8    14W / 250W |    961MiB / 11019MiB |      0%      Default |	1688023772838
| 34%   40C    P8    14W / 250W |    961MiB / 11019MiB |      0%      Default |	1688023773377
| 34%   40C    P8    14W / 250W |    961MiB / 11019MiB |      0%      Default |	1688023773946
| 34%   40C    P8    13W / 250W |    961MiB / 11019MiB |      0%      Default |	1688023774471
| 34%   40C    P8    15W / 250W |    961MiB / 11019MiB |      0%      Default |	1688023775030
| 33%   40C    P8    14W / 250W |    961MiB / 11019MiB |      0%      Default |	1688023775568
| 33%   40C    P8    14W / 250W |    961MiB / 11019MiB |      0%      Default |	1688023776122
| 33%   40C    P8    14W / 250W |    961MiB / 11019MiB |      0%      Default |	1688023776650
| 33%   40C    P8    14W / 250W |    961MiB / 11019MiB |      0%      Default |	1688023777214
| 33%   40C    P8    14W / 250W |    961MiB / 11019MiB |      0%      Default |	1688023777778
| 33%   39C    P8    14W / 250W |    961MiB / 11019MiB |      0%      Default |	1688023778314
| 33%   39C    P8    14W / 250W |    961MiB / 11019MiB |      0%      Default |	1688023778848
| 33%   39C    P8    14W / 250W |    961MiB / 11019MiB |      0%      Default |	1688023779414
| 33%   39C    P8    13W / 250W |    961MiB / 11019MiB |      0%      Default |	1688023779954
| 33%   39C    P8    13W / 250W |    961MiB / 11019MiB |      0%      Default |	1688023780517
| 33%   39C    P8    13W / 250W |    961MiB / 11019MiB |      0%      Default |	1688023781041
| 33%   39C    P8    13W / 250W |    961MiB / 11019MiB |      0%      Default |	1688023781602
| 33%   41C    P2    55W / 250W |   4137MiB / 11019MiB |      0%      Default |	1688023782133
| 33%   41C    P2    55W / 250W |   5347MiB / 11019MiB |      3%      Default |	1688023782666
| 33%   44C    P2   140W / 250W |   7839MiB / 11019MiB |      3%      Default |	1688023783202
| 33%   45C    P2   142W / 250W |   8639MiB / 11019MiB |     40%      Default |	1688023783741
| 33%   45C    P2   104W / 250W |   8941MiB / 11019MiB |     89%      Default |	1688023784279
| 33%   45C    P2   143W / 250W |   9499MiB / 11019MiB |     89%      Default |	1688023784823
| 33%   46C    P2   136W / 250W |   9499MiB / 11019MiB |     94%      Default |	1688023785368
| 33%   46C    P2   140W / 250W |   9499MiB / 11019MiB |     94%      Default |	1688023785905
| 33%   46C    P2   136W / 250W |   9499MiB / 11019MiB |     95%      Default |	1688023786457
| 33%   47C    P2   136W / 250W |  10003MiB / 11019MiB |     95%      Default |	1688023786997
| 33%   47C    P2   135W / 250W |  10003MiB / 11019MiB |     94%      Default |	1688023787542
| 33%   47C    P2   133W / 250W |  10003MiB / 11019MiB |     94%      Default |	1688023788074
| 33%   48C    P2   139W / 250W |  10003MiB / 11019MiB |     92%      Default |	1688023788609
| 33%   48C    P2   137W / 250W |  10003MiB / 11019MiB |     92%      Default |	1688023789161
| 33%   48C    P2   135W / 250W |  10003MiB / 11019MiB |     93%      Default |	1688023789698
| 33%   48C    P2   137W / 250W |  10003MiB / 11019MiB |     93%      Default |	1688023790233
| 33%   48C    P2   137W / 250W |  10003MiB / 11019MiB |     94%      Default |	1688023790777
| 33%   48C    P2   138W / 250W |  10003MiB / 11019MiB |     95%      Default |	1688023791315
| 33%   49C    P2   129W / 250W |  10257MiB / 11019MiB |     95%      Default |	1688023791858
| 34%   49C    P2   145W / 250W |  10257MiB / 11019MiB |     93%      Default |	1688023792403
| 34%   49C    P2   141W / 250W |  10257MiB / 11019MiB |     93%      Default |	1688023792950
| 34%   49C    P2   131W / 250W |  10257MiB / 11019MiB |     94%      Default |	1688023793494
| 35%   50C    P2   135W / 250W |  10257MiB / 11019MiB |     94%      Default |	1688023794026
| 35%   49C    P2   125W / 250W |  10257MiB / 11019MiB |     94%      Default |	1688023794578
| 35%   50C    P2   139W / 250W |  10257MiB / 11019MiB |     94%      Default |	1688023795109
| 36%   50C    P2   137W / 250W |  10257MiB / 11019MiB |     92%      Default |	1688023795642
| 36%   50C    P2   141W / 250W |  10257MiB / 11019MiB |     92%      Default |	1688023796179
| 36%   50C    P2   140W / 250W |  10257MiB / 11019MiB |     96%      Default |	1688023796719
| 37%   51C    P2   139W / 250W |  10383MiB / 11019MiB |     96%      Default |	1688023797256
| 37%   51C    P2   151W / 250W |  10383MiB / 11019MiB |     92%      Default |	1688023797798
| 37%   51C    P2   147W / 250W |  10383MiB / 11019MiB |     94%      Default |	1688023798334
| 37%   51C    P2   134W / 250W |  10383MiB / 11019MiB |     94%      Default |	1688023798869
| 38%   51C    P2   143W / 250W |  10383MiB / 11019MiB |     91%      Default |	1688023799407
| 38%   52C    P2   153W / 250W |  10383MiB / 11019MiB |     91%      Default |	1688023799955
| 38%   52C    P2   144W / 250W |  10383MiB / 11019MiB |     93%      Default |	1688023800499
| 39%   52C    P2   145W / 250W |  10383MiB / 11019MiB |     93%      Default |	1688023801037
| 39%   52C    P2   143W / 250W |  10383MiB / 11019MiB |     95%      Default |	1688023801575
| 39%   52C    P2   142W / 250W |  10511MiB / 11019MiB |     95%      Default |	1688023802122
| 40%   52C    P2   141W / 250W |  10511MiB / 11019MiB |     92%      Default |	1688023802663
| 40%   52C    P2   132W / 250W |  10587MiB / 11019MiB |     92%      Default |	1688023803206
| 40%   53C    P2   147W / 250W |  10587MiB / 11019MiB |     92%      Default |	1688023803748
| 41%   53C    P2   146W / 250W |  10587MiB / 11019MiB |     92%      Default |	1688023804287
| 41%   53C    P2   137W / 250W |  10587MiB / 11019MiB |     93%      Default |	1688023804825
| 41%   53C    P2   142W / 250W |  10587MiB / 11019MiB |     87%      Default |	1688023805368
| 41%   53C    P2   145W / 250W |  10587MiB / 11019MiB |     87%      Default |	1688023805905
| 41%   54C    P2   142W / 250W |  10587MiB / 11019MiB |     97%      Default |	1688023806440
| 42%   54C    P2   142W / 250W |  10715MiB / 11019MiB |     97%      Default |	1688023806977
| 42%   54C    P2   143W / 250W |  10715MiB / 11019MiB |     91%      Default |	1688023807517
| 42%   54C    P2   143W / 250W |  10715MiB / 11019MiB |     91%      Default |	1688023808058
| 43%   54C    P2   143W / 250W |  10715MiB / 11019MiB |     91%      Default |	1688023808597
| 43%   54C    P2   135W / 250W |  10715MiB / 11019MiB |     91%      Default |	1688023809130
| 43%   54C    P2   146W / 250W |  10715MiB / 11019MiB |     92%      Default |	1688023809667
| 43%   55C    P2   151W / 250W |  10715MiB / 11019MiB |     92%      Default |	1688023810202
| 44%   55C    P2   143W / 250W |  10715MiB / 11019MiB |     92%      Default |	1688023810739
| 44%   55C    P2   143W / 250W |  10715MiB / 11019MiB |     92%      Default |	1688023811279
| 44%   55C    P2   141W / 250W |  10715MiB / 11019MiB |     95%      Default |	1688023811821
| 44%   55C    P2   151W / 250W |  10715MiB / 11019MiB |     93%      Default |	1688023812361
| 45%   55C    P2   141W / 250W |  10715MiB / 11019MiB |     93%      Default |	1688023812904
| 45%   55C    P2   143W / 250W |  10715MiB / 11019MiB |     94%      Default |	1688023813439
| 45%   56C    P2   138W / 250W |  10715MiB / 11019MiB |     94%      Default |	1688023813997
| 45%   56C    P2   144W / 250W |  10715MiB / 11019MiB |     90%      Default |	1688023814532
| 46%   56C    P2   143W / 250W |  10715MiB / 11019MiB |     90%      Default |	1688023815069
| 46%   56C    P2   147W / 250W |  10715MiB / 11019MiB |     93%      Default |	1688023815612
| 46%   56C    P2   151W / 250W |  10715MiB / 11019MiB |     93%      Default |	1688023816140
| 46%   57C    P2   149W / 250W |  10715MiB / 11019MiB |     94%      Default |	1688023816679
| 47%   56C    P2   149W / 250W |  10715MiB / 11019MiB |     94%      Default |	1688023817223
| 47%   56C    P2   145W / 250W |  10843MiB / 11019MiB |     93%      Default |	1688023817759
| 47%   57C    P2   159W / 250W |  10843MiB / 11019MiB |     93%      Default |	1688023818303
| 47%   57C    P2   153W / 250W |  10843MiB / 11019MiB |     93%      Default |	1688023818841
| 47%   57C    P2   152W / 250W |  10843MiB / 11019MiB |     93%      Default |	1688023819390
| 48%   57C    P2   148W / 250W |  10843MiB / 11019MiB |     93%      Default |	1688023819925
| 48%   57C    P2   148W / 250W |  10843MiB / 11019MiB |     94%      Default |	1688023820459
| 48%   57C    P2   145W / 250W |  10843MiB / 11019MiB |     94%      Default |	1688023820996
| 48%   57C    P2   149W / 250W |  10843MiB / 11019MiB |     95%      Default |	1688023821541
| 48%   57C    P2   146W / 250W |  10843MiB / 11019MiB |     95%      Default |	1688023822070
| 49%   58C    P2   149W / 250W |  10843MiB / 11019MiB |     91%      Default |	1688023822612
| 49%   58C    P2   140W / 250W |  10843MiB / 11019MiB |     91%      Default |	1688023823154
| 49%   58C    P2   148W / 250W |  10843MiB / 11019MiB |     92%      Default |	1688023823696
| 49%   58C    P2   154W / 250W |  10843MiB / 11019MiB |     92%      Default |	1688023824239
| 49%   58C    P2   154W / 250W |  10843MiB / 11019MiB |     91%      Default |	1688023824771
| 50%   58C    P2   150W / 250W |  10843MiB / 11019MiB |     91%      Default |	1688023825313
| 50%   58C    P2   151W / 250W |  10843MiB / 11019MiB |     93%      Default |	1688023825855
| 50%   58C    P2   146W / 250W |  10843MiB / 11019MiB |     95%      Default |	1688023826396
| 50%   58C    P2   149W / 250W |  10843MiB / 11019MiB |     95%      Default |	1688023826936
| 50%   58C    P2   139W / 250W |  10843MiB / 11019MiB |     94%      Default |	1688023827470
| 50%   59C    P2   149W / 250W |  10843MiB / 11019MiB |     94%      Default |	1688023828005
| 51%   59C    P2   161W / 250W |  10843MiB / 11019MiB |     94%      Default |	1688023828550
| 51%   59C    P2   148W / 250W |  10843MiB / 11019MiB |     94%      Default |	1688023829082
| 51%   59C    P2   154W / 250W |  10843MiB / 11019MiB |     93%      Default |	1688023829617
| 51%   59C    P2   150W / 250W |  10843MiB / 11019MiB |     93%      Default |	1688023830156
| 51%   59C    P2   152W / 250W |  10843MiB / 11019MiB |     94%      Default |	1688023830701
| 51%   59C    P2   143W / 250W |  10843MiB / 11019MiB |     94%      Default |	1688023831243
| 52%   59C    P2   155W / 250W |  10843MiB / 11019MiB |     95%      Default |	1688023831786
| 52%   59C    P2   153W / 250W |  10843MiB / 11019MiB |     95%      Default |	1688023832338
| 52%   60C    P2   151W / 250W |  10843MiB / 11019MiB |     94%      Default |	1688023832866
| 52%   59C    P2   145W / 250W |  10843MiB / 11019MiB |     92%      Default |	1688023833407
| 52%   58C    P2    80W / 250W |  10843MiB / 11019MiB |     92%      Default |	1688023833947
| 52%   58C    P2    79W / 250W |  10843MiB / 11019MiB |     34%      Default |	1688023834487
| 52%   57C    P2    79W / 250W |  10812MiB / 11019MiB |     34%      Default |	1688023835028
| 52%   57C    P0    79W / 250W |      5MiB / 11019MiB |      1%      Default |	1688023835567
