| 30%   42C    P5    77W / 230W |      5MiB / 24256MiB |      0%      Default |	1696986207268
| 30%   32C    P8    25W / 230W |      5MiB / 24256MiB |      0%      Default |	1696986207268
| 30%   41C    P5    33W / 230W |      5MiB / 24256MiB |      0%      Default |	1696986208030
| 30%   32C    P8    25W / 230W |      5MiB / 24256MiB |      0%      Default |	1696986208030
| 30%   41C    P8    30W / 230W |      5MiB / 24256MiB |      0%      Default |	1696986208823
| 30%   32C    P8    25W / 230W |      5MiB / 24256MiB |      0%      Default |	1696986208823
| 30%   41C    P8    30W / 230W |      5MiB / 24256MiB |      0%      Default |	1696986209619
| 30%   32C    P8    24W / 230W |      5MiB / 24256MiB |      0%      Default |	1696986209619
| 30%   40C    P8    28W / 230W |      5MiB / 24256MiB |      0%      Default |	1696986210389
| 30%   32C    P8    24W / 230W |      5MiB / 24256MiB |      0%      Default |	1696986210389
| 30%   40C    P8    28W / 230W |      5MiB / 24256MiB |      0%      Default |	1696986211128
| 30%   32C    P8    24W / 230W |      5MiB / 24256MiB |      0%      Default |	1696986211128
| 30%   40C    P8    28W / 230W |      5MiB / 24256MiB |      0%      Default |	1696986211867
| 30%   32C    P8    24W / 230W |      5MiB / 24256MiB |      0%      Default |	1696986211867
| 30%   40C    P8    28W / 230W |      5MiB / 24256MiB |      0%      Default |	1696986212604
| 30%   32C    P8    24W / 230W |      5MiB / 24256MiB |      0%      Default |	1696986212604
| 30%   40C    P8    28W / 230W |      5MiB / 24256MiB |      0%      Default |	1696986213349
| 30%   32C    P8    24W / 230W |      5MiB / 24256MiB |      0%      Default |	1696986213349
| 30%   40C    P8    28W / 230W |      5MiB / 24256MiB |      0%      Default |	1696986214084
| 30%   32C    P8    24W / 230W |      5MiB / 24256MiB |      0%      Default |	1696986214084
| 30%   40C    P8    28W / 230W |      5MiB / 24256MiB |      0%      Default |	1696986214832
| 30%   32C    P8    24W / 230W |      5MiB / 24256MiB |      0%      Default |	1696986214832
| 30%   39C    P8    28W / 230W |      5MiB / 24256MiB |      0%      Default |	1696986215567
| 30%   32C    P8    24W / 230W |      5MiB / 24256MiB |      0%      Default |	1696986215567
| 30%   39C    P8    28W / 230W |      5MiB / 24256MiB |      0%      Default |	1696986216304
| 30%   32C    P8    25W / 230W |      5MiB / 24256MiB |      0%      Default |	1696986216304
| 30%   39C    P8    28W / 230W |      5MiB / 24256MiB |      0%      Default |	1696986217040
| 30%   32C    P8    25W / 230W |      5MiB / 24256MiB |      0%      Default |	1696986217040
| 30%   39C    P8    28W / 230W |      5MiB / 24256MiB |      0%      Default |	1696986217775
| 30%   32C    P8    25W / 230W |      5MiB / 24256MiB |      0%      Default |	1696986217775
| 30%   39C    P8    28W / 230W |      5MiB / 24256MiB |      0%      Default |	1696986218512
| 30%   32C    P8    25W / 230W |      5MiB / 24256MiB |      0%      Default |	1696986218512
| 30%   39C    P8    28W / 230W |      5MiB / 24256MiB |      0%      Default |	1696986219251
| 30%   32C    P8    25W / 230W |      5MiB / 24256MiB |      0%      Default |	1696986219251
| 30%   39C    P8    28W / 230W |      5MiB / 24256MiB |      0%      Default |	1696986220003
| 30%   32C    P8    25W / 230W |      5MiB / 24256MiB |      0%      Default |	1696986220003
| 30%   38C    P8    28W / 230W |      5MiB / 24256MiB |      0%      Default |	1696986220762
| 30%   32C    P8    25W / 230W |      5MiB / 24256MiB |      0%      Default |	1696986220762
| 30%   38C    P8    28W / 230W |      5MiB / 24256MiB |      0%      Default |	1696986221511
| 30%   32C    P8    25W / 230W |      5MiB / 24256MiB |      0%      Default |	1696986221511
| 30%   38C    P8    28W / 230W |      5MiB / 24256MiB |      0%      Default |	1696986222268
| 30%   32C    P8    25W / 230W |      5MiB / 24256MiB |      0%      Default |	1696986222268
| 30%   38C    P8    28W / 230W |      5MiB / 24256MiB |      0%      Default |	1696986223019
| 30%   32C    P8    25W / 230W |      5MiB / 24256MiB |      0%      Default |	1696986223019
| 30%   38C    P8    28W / 230W |      5MiB / 24256MiB |      0%      Default |	1696986223776
| 30%   32C    P8    25W / 230W |      5MiB / 24256MiB |      0%      Default |	1696986223776
| 30%   38C    P8    28W / 230W |      5MiB / 24256MiB |      0%      Default |	1696986224528
| 30%   32C    P8    25W / 230W |      5MiB / 24256MiB |      0%      Default |	1696986224528
| 30%   38C    P8    28W / 230W |      5MiB / 24256MiB |      0%      Default |	1696986225288
| 30%   32C    P8    25W / 230W |      5MiB / 24256MiB |      0%      Default |	1696986225288
| 30%   38C    P8    28W / 230W |      5MiB / 24256MiB |      0%      Default |	1696986226029
| 30%   32C    P8    25W / 230W |      5MiB / 24256MiB |      0%      Default |	1696986226029
| 30%   38C    P8    28W / 230W |      5MiB / 24256MiB |      0%      Default |	1696986226766
| 30%   32C    P8    24W / 230W |      5MiB / 24256MiB |      0%      Default |	1696986226766
| 30%   38C    P8    27W / 230W |      5MiB / 24256MiB |      0%      Default |	1696986227509
| 30%   32C    P8    24W / 230W |      5MiB / 24256MiB |      0%      Default |	1696986227509
| 30%   38C    P8    27W / 230W |      5MiB / 24256MiB |      0%      Default |	1696986228248
| 30%   32C    P8    24W / 230W |      5MiB / 24256MiB |      0%      Default |	1696986228248
| 30%   37C    P8    27W / 230W |      5MiB / 24256MiB |      0%      Default |	1696986228995
| 30%   32C    P8    24W / 230W |      5MiB / 24256MiB |      0%      Default |	1696986228995
| 30%   37C    P8    28W / 230W |      5MiB / 24256MiB |      0%      Default |	1696986229733
| 30%   32C    P8    24W / 230W |      5MiB / 24256MiB |      0%      Default |	1696986229733
| 30%   37C    P8    28W / 230W |      5MiB / 24256MiB |      0%      Default |	1696986230469
| 30%   32C    P8    24W / 230W |      5MiB / 24256MiB |      0%      Default |	1696986230469
| 30%   37C    P8    28W / 230W |      5MiB / 24256MiB |      0%      Default |	1696986231205
| 30%   32C    P8    24W / 230W |      5MiB / 24256MiB |      0%      Default |	1696986231205
| 30%   37C    P8    28W / 230W |      5MiB / 24256MiB |      0%      Default |	1696986231942
| 30%   32C    P8    25W / 230W |      5MiB / 24256MiB |      0%      Default |	1696986231942
| 30%   37C    P8    27W / 230W |      5MiB / 24256MiB |      0%      Default |	1696986232678
| 30%   32C    P8    25W / 230W |      5MiB / 24256MiB |      0%      Default |	1696986232678
| 30%   37C    P8    27W / 230W |      5MiB / 24256MiB |      0%      Default |	1696986233422
| 30%   32C    P8    25W / 230W |      5MiB / 24256MiB |      0%      Default |	1696986233422
| 30%   37C    P8    27W / 230W |      5MiB / 24256MiB |      0%      Default |	1696986234158
| 30%   32C    P8    25W / 230W |      5MiB / 24256MiB |      0%      Default |	1696986234158
| 30%   37C    P8    27W / 230W |      5MiB / 24256MiB |      0%      Default |	1696986234894
| 30%   32C    P8    24W / 230W |      5MiB / 24256MiB |      0%      Default |	1696986234894
| 30%   37C    P8    27W / 230W |      5MiB / 24256MiB |      0%      Default |	1696986235630
| 30%   32C    P8    24W / 230W |      5MiB / 24256MiB |      0%      Default |	1696986235630
| 30%   37C    P8    27W / 230W |      5MiB / 24256MiB |      0%      Default |	1696986236367
| 30%   32C    P8    24W / 230W |      5MiB / 24256MiB |      0%      Default |	1696986236367
| 30%   37C    P8    27W / 230W |      5MiB / 24256MiB |      0%      Default |	1696986237112
| 30%   32C    P8    24W / 230W |      5MiB / 24256MiB |      0%      Default |	1696986237112
| 30%   37C    P8    27W / 230W |      5MiB / 24256MiB |      0%      Default |	1696986237849
| 30%   32C    P8    25W / 230W |      5MiB / 24256MiB |      0%      Default |	1696986237849
| 30%   36C    P8    27W / 230W |      5MiB / 24256MiB |      0%      Default |	1696986238584
| 30%   32C    P8    25W / 230W |      5MiB / 24256MiB |      0%      Default |	1696986238584
| 30%   36C    P8    27W / 230W |      5MiB / 24256MiB |      0%      Default |	1696986239324
| 30%   32C    P8    25W / 230W |      5MiB / 24256MiB |      0%      Default |	1696986239324
| 30%   36C    P8    27W / 230W |      5MiB / 24256MiB |      0%      Default |	1696986240074
| 30%   32C    P8    25W / 230W |      5MiB / 24256MiB |      0%      Default |	1696986240074
| 30%   36C    P8    27W / 230W |      5MiB / 24256MiB |      0%      Default |	1696986240833
| 30%   32C    P8    25W / 230W |      5MiB / 24256MiB |      0%      Default |	1696986240833
| 30%   37C    P2    35W / 230W |    261MiB / 24256MiB |      2%      Default |	1696986241570
| 30%   32C    P8    24W / 230W |      8MiB / 24256MiB |      0%      Default |	1696986241570
| 30%   38C    P2    59W / 230W |    329MiB / 24256MiB |      1%      Default |	1696986242314
| 30%   32C    P8    24W / 230W |      8MiB / 24256MiB |      0%      Default |	1696986242314
| 30%   38C    P2    64W / 230W |    429MiB / 24256MiB |      0%      Default |	1696986243052
| 30%   32C    P8    24W / 230W |      8MiB / 24256MiB |      0%      Default |	1696986243052
| 30%   38C    P2    65W / 230W |    503MiB / 24256MiB |      1%      Default |	1696986243798
| 30%   32C    P8    24W / 230W |      8MiB / 24256MiB |      0%      Default |	1696986243798
| 30%   38C    P2    65W / 230W |    581MiB / 24256MiB |      1%      Default |	1696986244548
| 30%   32C    P8    24W / 230W |      8MiB / 24256MiB |      0%      Default |	1696986244548
| 30%   38C    P2    64W / 230W |    659MiB / 24256MiB |      1%      Default |	1696986245292
| 30%   32C    P8    25W / 230W |      8MiB / 24256MiB |      0%      Default |	1696986245292
| 30%   38C    P2    65W / 230W |    733MiB / 24256MiB |      1%      Default |	1696986246033
| 30%   32C    P8    25W / 230W |      8MiB / 24256MiB |      0%      Default |	1696986246033
| 30%   38C    P2    65W / 230W |    797MiB / 24256MiB |      1%      Default |	1696986246780
| 30%   32C    P8    24W / 230W |      8MiB / 24256MiB |      0%      Default |	1696986246780
| 30%   38C    P2    65W / 230W |    869MiB / 24256MiB |      1%      Default |	1696986247530
| 30%   32C    P8    24W / 230W |      8MiB / 24256MiB |      0%      Default |	1696986247530
| 30%   38C    P2    64W / 230W |    919MiB / 24256MiB |      0%      Default |	1696986248287
| 30%   32C    P8    25W / 230W |      8MiB / 24256MiB |      0%      Default |	1696986248287
| 30%   38C    P2    64W / 230W |    975MiB / 24256MiB |      1%      Default |	1696986249026
| 30%   32C    P8    25W / 230W |      8MiB / 24256MiB |      0%      Default |	1696986249026
| 30%   38C    P2    64W / 230W |   1033MiB / 24256MiB |      1%      Default |	1696986249787
| 30%   32C    P8    25W / 230W |      8MiB / 24256MiB |      0%      Default |	1696986249787
| 30%   38C    P2    64W / 230W |   1033MiB / 24256MiB |      0%      Default |	1696986250546
| 30%   33C    P2    35W / 230W |    261MiB / 24256MiB |      3%      Default |	1696986250546
| 30%   38C    P2    64W / 230W |   1033MiB / 24256MiB |      0%      Default |	1696986251342
| 30%   34C    P2    62W / 230W |    309MiB / 24256MiB |      1%      Default |	1696986251342
| 30%   38C    P2    65W / 230W |   1033MiB / 24256MiB |      0%      Default |	1696986252107
| 30%   34C    P2    62W / 230W |    357MiB / 24256MiB |      1%      Default |	1696986252107
| 30%   38C    P2    65W / 230W |   1033MiB / 24256MiB |      0%      Default |	1696986252857
| 30%   34C    P2    62W / 230W |    449MiB / 24256MiB |      0%      Default |	1696986252857
| 30%   38C    P2    65W / 230W |   1033MiB / 24256MiB |      0%      Default |	1696986253608
| 30%   34C    P2    62W / 230W |    521MiB / 24256MiB |      2%      Default |	1696986253608
| 30%   38C    P2    64W / 230W |   1033MiB / 24256MiB |      0%      Default |	1696986254355
| 30%   34C    P2    62W / 230W |    581MiB / 24256MiB |      0%      Default |	1696986254355
| 30%   39C    P2    65W / 230W |   1033MiB / 24256MiB |      0%      Default |	1696986255115
| 30%   34C    P2    62W / 230W |    653MiB / 24256MiB |      1%      Default |	1696986255115
| 30%   39C    P2    65W / 230W |   1033MiB / 24256MiB |      0%      Default |	1696986255878
| 30%   34C    P2    62W / 230W |    713MiB / 24256MiB |      0%      Default |	1696986255878
| 30%   39C    P2    65W / 230W |   1041MiB / 24256MiB |      0%      Default |	1696986256636
| 30%   35C    P2    62W / 230W |    723MiB / 24256MiB |      0%      Default |	1696986256636
| 30%   39C    P2    65W / 230W |   1041MiB / 24256MiB |      0%      Default |	1696986257396
| 30%   35C    P2    62W / 230W |    723MiB / 24256MiB |      0%      Default |	1696986257396
| 30%   39C    P2    65W / 230W |   1041MiB / 24256MiB |      0%      Default |	1696986258178
| 30%   35C    P2    62W / 230W |    723MiB / 24256MiB |      0%      Default |	1696986258178
| 30%   39C    P2    65W / 230W |   1043MiB / 24256MiB |      0%      Default |	1696986258934
| 30%   35C    P2    62W / 230W |    725MiB / 24256MiB |      1%      Default |	1696986258934
| 30%   39C    P2    65W / 230W |   1043MiB / 24256MiB |      0%      Default |	1696986259713
| 30%   35C    P2    62W / 230W |    725MiB / 24256MiB |      0%      Default |	1696986259713
| 30%   39C    P2    65W / 230W |   1043MiB / 24256MiB |      0%      Default |	1696986260467
| 30%   35C    P2    63W / 230W |    725MiB / 24256MiB |      0%      Default |	1696986260467
| 30%   39C    P2    65W / 230W |   1043MiB / 24256MiB |      0%      Default |	1696986261218
| 30%   35C    P2    62W / 230W |    725MiB / 24256MiB |      0%      Default |	1696986261218
| 30%   39C    P2    65W / 230W |   1043MiB / 24256MiB |      0%      Default |	1696986261967
| 30%   35C    P2    62W / 230W |    725MiB / 24256MiB |      0%      Default |	1696986261967
| 30%   39C    P2    65W / 230W |   1043MiB / 24256MiB |      0%      Default |	1696986262713
| 30%   35C    P2    63W / 230W |    725MiB / 24256MiB |      0%      Default |	1696986262713
| 30%   39C    P2    65W / 230W |   1043MiB / 24256MiB |      0%      Default |	1696986263460
| 30%   35C    P2    63W / 230W |    725MiB / 24256MiB |      0%      Default |	1696986263460
| 30%   39C    P2    65W / 230W |   1043MiB / 24256MiB |      0%      Default |	1696986264214
| 30%   35C    P2    63W / 230W |    725MiB / 24256MiB |      0%      Default |	1696986264214
| 30%   39C    P2    65W / 230W |   1043MiB / 24256MiB |      0%      Default |	1696986264966
| 30%   36C    P2    63W / 230W |    725MiB / 24256MiB |      0%      Default |	1696986264966
| 30%   39C    P2    65W / 230W |   1043MiB / 24256MiB |      0%      Default |	1696986265711
| 30%   36C    P2    63W / 230W |    725MiB / 24256MiB |      0%      Default |	1696986265711
| 30%   39C    P2    65W / 230W |   1043MiB / 24256MiB |      0%      Default |	1696986266466
| 30%   36C    P2    63W / 230W |    725MiB / 24256MiB |      0%      Default |	1696986266466
| 30%   39C    P2    65W / 230W |   1043MiB / 24256MiB |      0%      Default |	1696986267214
| 30%   36C    P2    63W / 230W |    725MiB / 24256MiB |      0%      Default |	1696986267214
| 30%   39C    P2    65W / 230W |   1043MiB / 24256MiB |      0%      Default |	1696986267964
| 30%   36C    P2    63W / 230W |    725MiB / 24256MiB |      0%      Default |	1696986267964
| 30%   39C    P2    65W / 230W |   1043MiB / 24256MiB |      0%      Default |	1696986268711
| 30%   36C    P2    63W / 230W |    725MiB / 24256MiB |      0%      Default |	1696986268711
| 30%   39C    P2    65W / 230W |   1043MiB / 24256MiB |      0%      Default |	1696986269466
| 30%   36C    P2    63W / 230W |    725MiB / 24256MiB |      0%      Default |	1696986269466
| 30%   39C    P2    65W / 230W |   1043MiB / 24256MiB |      0%      Default |	1696986270210
| 30%   36C    P2    63W / 230W |    725MiB / 24256MiB |      0%      Default |	1696986270210
| 30%   39C    P2    65W / 230W |   1043MiB / 24256MiB |      0%      Default |	1696986270957
| 30%   36C    P2    63W / 230W |    725MiB / 24256MiB |      0%      Default |	1696986270957
| 30%   39C    P2    65W / 230W |   1043MiB / 24256MiB |      0%      Default |	1696986271709
| 30%   36C    P2    63W / 230W |    725MiB / 24256MiB |      0%      Default |	1696986271709
| 30%   39C    P2    65W / 230W |   1043MiB / 24256MiB |      0%      Default |	1696986272454
| 30%   36C    P2    63W / 230W |    725MiB / 24256MiB |      0%      Default |	1696986272454
| 30%   39C    P2    65W / 230W |   1043MiB / 24256MiB |      0%      Default |	1696986273209
| 30%   36C    P2    63W / 230W |    725MiB / 24256MiB |      0%      Default |	1696986273209
| 30%   38C    P5    65W / 230W |   1043MiB / 24256MiB |      0%      Default |	1696986273960
| 30%   36C    P5    63W / 230W |    725MiB / 24256MiB |      0%      Default |	1696986273960
| 30%   38C    P8    34W / 230W |   1043MiB / 24256MiB |      0%      Default |	1696986274685
| 30%   35C    P8    33W / 230W |    725MiB / 24256MiB |      0%      Default |	1696986274685
| 30%   37C    P8    34W / 230W |   1043MiB / 24256MiB |      0%      Default |	1696986275423
| 30%   35C    P8    33W / 230W |    725MiB / 24256MiB |      0%      Default |	1696986275423
| 30%   37C    P8    29W / 230W |   1043MiB / 24256MiB |      0%      Default |	1696986276159
| 30%   35C    P8    27W / 230W |    725MiB / 24256MiB |      0%      Default |	1696986276159
| 30%   37C    P8    27W / 230W |   1043MiB / 24256MiB |      0%      Default |	1696986276892
| 30%   35C    P8    25W / 230W |    725MiB / 24256MiB |      0%      Default |	1696986276892
| 30%   37C    P8    27W / 230W |   1043MiB / 24256MiB |      0%      Default |	1696986277627
| 30%   35C    P8    25W / 230W |    725MiB / 24256MiB |      0%      Default |	1696986277627
| 30%   37C    P8    27W / 230W |   1043MiB / 24256MiB |      0%      Default |	1696986278361
| 30%   35C    P8    25W / 230W |    725MiB / 24256MiB |      0%      Default |	1696986278361
| 30%   37C    P8    27W / 230W |   1043MiB / 24256MiB |      0%      Default |	1696986279102
| 30%   35C    P8    25W / 230W |    725MiB / 24256MiB |      0%      Default |	1696986279102
| 30%   37C    P8    27W / 230W |   1043MiB / 24256MiB |      0%      Default |	1696986279836
| 30%   35C    P8    25W / 230W |    725MiB / 24256MiB |      0%      Default |	1696986279836
| 30%   37C    P8    27W / 230W |   1043MiB / 24256MiB |      0%      Default |	1696986280573
| 30%   35C    P8    25W / 230W |    725MiB / 24256MiB |      0%      Default |	1696986280573
| 30%   37C    P8    27W / 230W |   1043MiB / 24256MiB |      0%      Default |	1696986281315
| 30%   35C    P8    25W / 230W |    725MiB / 24256MiB |      0%      Default |	1696986281315
| 30%   37C    P8    27W / 230W |   1043MiB / 24256MiB |      0%      Default |	1696986282052
| 30%   35C    P8    25W / 230W |    725MiB / 24256MiB |      0%      Default |	1696986282052
| 30%   37C    P8    27W / 230W |   1043MiB / 24256MiB |      0%      Default |	1696986282785
| 30%   35C    P8    25W / 230W |    725MiB / 24256MiB |      0%      Default |	1696986282785
| 30%   36C    P8    27W / 230W |   1043MiB / 24256MiB |      0%      Default |	1696986283525
| 30%   35C    P8    25W / 230W |    725MiB / 24256MiB |      0%      Default |	1696986283525
| 30%   36C    P8    27W / 230W |   1043MiB / 24256MiB |      0%      Default |	1696986284271
| 30%   35C    P8    25W / 230W |    725MiB / 24256MiB |      0%      Default |	1696986284271
| 30%   36C    P8    27W / 230W |   1043MiB / 24256MiB |      0%      Default |	1696986285012
| 30%   35C    P8    25W / 230W |    725MiB / 24256MiB |      0%      Default |	1696986285012
| 30%   36C    P8    27W / 230W |   1043MiB / 24256MiB |      0%      Default |	1696986285749
| 30%   35C    P8    25W / 230W |    725MiB / 24256MiB |      0%      Default |	1696986285749
| 30%   36C    P8    27W / 230W |   1043MiB / 24256MiB |      0%      Default |	1696986286495
| 30%   35C    P8    25W / 230W |    725MiB / 24256MiB |      0%      Default |	1696986286495
| 30%   36C    P8    27W / 230W |   1043MiB / 24256MiB |      0%      Default |	1696986287238
| 30%   35C    P8    25W / 230W |    725MiB / 24256MiB |      0%      Default |	1696986287238
| 30%   36C    P8    27W / 230W |   1043MiB / 24256MiB |      0%      Default |	1696986287978
| 30%   34C    P8    25W / 230W |    725MiB / 24256MiB |      0%      Default |	1696986287978
| 30%   36C    P8    27W / 230W |   1043MiB / 24256MiB |      0%      Default |	1696986288711
| 30%   34C    P8    25W / 230W |    725MiB / 24256MiB |      0%      Default |	1696986288711
| 30%   36C    P8    27W / 230W |   1043MiB / 24256MiB |      0%      Default |	1696986289445
| 30%   34C    P8    25W / 230W |    725MiB / 24256MiB |      0%      Default |	1696986289445
| 30%   36C    P8    27W / 230W |   1043MiB / 24256MiB |      0%      Default |	1696986290196
| 30%   34C    P8    25W / 230W |    725MiB / 24256MiB |      0%      Default |	1696986290196
| 30%   36C    P8    27W / 230W |   1043MiB / 24256MiB |      0%      Default |	1696986290932
| 30%   34C    P8    25W / 230W |    725MiB / 24256MiB |      0%      Default |	1696986290932
| 30%   36C    P8    27W / 230W |   1043MiB / 24256MiB |      0%      Default |	1696986291666
| 30%   34C    P8    25W / 230W |    725MiB / 24256MiB |      0%      Default |	1696986291666
| 30%   36C    P8    27W / 230W |   1043MiB / 24256MiB |      0%      Default |	1696986292398
| 30%   34C    P8    25W / 230W |    725MiB / 24256MiB |      0%      Default |	1696986292398
| 30%   36C    P8    27W / 230W |   1043MiB / 24256MiB |      0%      Default |	1696986293133
| 30%   34C    P8    25W / 230W |    725MiB / 24256MiB |      0%      Default |	1696986293133
| 30%   36C    P8    27W / 230W |   1043MiB / 24256MiB |      0%      Default |	1696986293880
| 30%   34C    P8    25W / 230W |    725MiB / 24256MiB |      0%      Default |	1696986293880
| 30%   36C    P8    27W / 230W |   1043MiB / 24256MiB |      0%      Default |	1696986294618
| 30%   34C    P8    25W / 230W |    725MiB / 24256MiB |      0%      Default |	1696986294618
| 30%   35C    P8    27W / 230W |   1043MiB / 24256MiB |      0%      Default |	1696986295352
| 30%   34C    P8    25W / 230W |    725MiB / 24256MiB |      0%      Default |	1696986295352
| 30%   35C    P8    27W / 230W |   1043MiB / 24256MiB |      0%      Default |	1696986296090
| 30%   34C    P8    25W / 230W |    725MiB / 24256MiB |      0%      Default |	1696986296090
| 30%   35C    P8    27W / 230W |   1043MiB / 24256MiB |      0%      Default |	1696986296824
| 30%   34C    P8    25W / 230W |    725MiB / 24256MiB |      0%      Default |	1696986296824
| 30%   35C    P8    27W / 230W |   1043MiB / 24256MiB |      0%      Default |	1696986297557
| 30%   34C    P8    25W / 230W |    725MiB / 24256MiB |      0%      Default |	1696986297557
| 30%   35C    P8    27W / 230W |   1043MiB / 24256MiB |      0%      Default |	1696986298298
| 30%   34C    P8    25W / 230W |    725MiB / 24256MiB |      0%      Default |	1696986298298
| 30%   35C    P8    27W / 230W |   1043MiB / 24256MiB |      0%      Default |	1696986299033
| 30%   34C    P8    25W / 230W |    725MiB / 24256MiB |      0%      Default |	1696986299033
| 30%   36C    P2    32W / 230W |   1085MiB / 24256MiB |      1%      Default |	1696986299765
| 30%   35C    P2    30W / 230W |    805MiB / 24256MiB |      1%      Default |	1696986299765
| 30%   37C    P2    64W / 230W |   1085MiB / 24256MiB |      0%      Default |	1696986300520
| 30%   36C    P2    61W / 230W |    877MiB / 24256MiB |      0%      Default |	1696986300520
| 30%   37C    P2    64W / 230W |   1085MiB / 24256MiB |      0%      Default |	1696986301280
| 30%   36C    P2    63W / 230W |    973MiB / 24256MiB |      0%      Default |	1696986301280
| 30%   37C    P2    64W / 230W |   1085MiB / 24256MiB |      0%      Default |	1696986302040
| 30%   36C    P2    63W / 230W |   1061MiB / 24256MiB |      1%      Default |	1696986302040
| 30%   37C    P2    64W / 230W |   1617MiB / 24256MiB |      0%      Default |	1696986302789
| 30%   36C    P2    63W / 230W |   1623MiB / 24256MiB |      1%      Default |	1696986302789
| 30%   38C    P2    78W / 230W |   1947MiB / 24256MiB |     18%      Default |	1696986303557
| 30%   38C    P2    74W / 230W |   1793MiB / 24256MiB |     98%      Default |	1696986303557
| 30%   39C    P2    98W / 230W |   2163MiB / 24256MiB |     29%      Default |	1696986304403
| 30%   38C    P2    96W / 230W |   2009MiB / 24256MiB |     32%      Default |	1696986304403
| 30%   40C    P2   110W / 230W |   2163MiB / 24256MiB |     93%      Default |	1696986305341
| 30%   39C    P2   109W / 230W |   2009MiB / 24256MiB |     92%      Default |	1696986305341
| 30%   40C    P2   107W / 230W |   2163MiB / 24256MiB |     29%      Default |	1696986306303
| 30%   39C    P2   107W / 230W |   2009MiB / 24256MiB |     44%      Default |	1696986306303
| 30%   40C    P2   110W / 230W |   2163MiB / 24256MiB |     89%      Default |	1696986307375
| 30%   40C    P2   109W / 230W |   2009MiB / 24256MiB |     88%      Default |	1696986307375
| 30%   40C    P2   108W / 230W |   2163MiB / 24256MiB |     39%      Default |	1696986308319
| 30%   40C    P2   108W / 230W |   2009MiB / 24256MiB |     56%      Default |	1696986308319
| 30%   41C    P2   110W / 230W |   2163MiB / 24256MiB |     89%      Default |	1696986309373
| 30%   41C    P2   109W / 230W |   2009MiB / 24256MiB |     92%      Default |	1696986309373
| 30%   41C    P2   108W / 230W |   2163MiB / 24256MiB |     42%      Default |	1696986310316
| 30%   40C    P2   109W / 230W |   2009MiB / 24256MiB |     57%      Default |	1696986310316
| 30%   42C    P2   110W / 230W |   2163MiB / 24256MiB |     90%      Default |	1696986311383
| 30%   41C    P2   109W / 230W |   2009MiB / 24256MiB |     91%      Default |	1696986311383
| 30%   41C    P2   109W / 230W |   2163MiB / 24256MiB |     51%      Default |	1696986312340
| 30%   41C    P2   107W / 230W |   2009MiB / 24256MiB |     65%      Default |	1696986312340
| 30%   42C    P2   109W / 230W |   2163MiB / 24256MiB |     89%      Default |	1696986313399
| 30%   42C    P2   109W / 230W |   2009MiB / 24256MiB |     88%      Default |	1696986313399
| 30%   42C    P2   108W / 230W |   2163MiB / 24256MiB |     70%      Default |	1696986314379
| 30%   42C    P2   109W / 230W |   2009MiB / 24256MiB |     84%      Default |	1696986314379
| 30%   42C    P2   109W / 230W |   2163MiB / 24256MiB |     91%      Default |	1696986315418
| 30%   42C    P2   111W / 230W |   2009MiB / 24256MiB |     89%      Default |	1696986315418
| 30%   42C    P2   107W / 230W |   2163MiB / 24256MiB |     79%      Default |	1696986316399
| 30%   42C    P2   110W / 230W |   2009MiB / 24256MiB |     94%      Default |	1696986316399
| 30%   43C    P2   109W / 230W |   2163MiB / 24256MiB |     89%      Default |	1696986317466
| 30%   43C    P2   111W / 230W |   2009MiB / 24256MiB |     91%      Default |	1696986317466
| 30%   42C    P2   108W / 230W |   2163MiB / 24256MiB |     91%      Default |	1696986318425
| 30%   43C    P2   111W / 230W |   2009MiB / 24256MiB |     90%      Default |	1696986318425
| 30%   43C    P2   109W / 230W |   2163MiB / 24256MiB |     89%      Default |	1696986319491
| 30%   44C    P2   113W / 230W |   2009MiB / 24256MiB |     89%      Default |	1696986319491
| 30%   43C    P2   107W / 230W |   2163MiB / 24256MiB |     28%      Default |	1696986320450
| 30%   43C    P2   110W / 230W |   2009MiB / 24256MiB |     44%      Default |	1696986320450
| 30%   44C    P2   109W / 230W |   2163MiB / 24256MiB |     92%      Default |	1696986321508
| 30%   44C    P2   113W / 230W |   2009MiB / 24256MiB |     90%      Default |	1696986321508
| 30%   43C    P2   107W / 230W |   2163MiB / 24256MiB |     35%      Default |	1696986322470
| 30%   44C    P2   111W / 230W |   2009MiB / 24256MiB |     51%      Default |	1696986322470
| 30%   44C    P2   108W / 230W |   2163MiB / 24256MiB |     88%      Default |	1696986323537
| 30%   45C    P2   113W / 230W |   2009MiB / 24256MiB |     90%      Default |	1696986323537
| 30%   43C    P2   108W / 230W |   2163MiB / 24256MiB |     33%      Default |	1696986324495
| 30%   44C    P2   112W / 230W |   2009MiB / 24256MiB |     50%      Default |	1696986324495
| 30%   44C    P2   111W / 230W |   2163MiB / 24256MiB |     91%      Default |	1696986325542
| 30%   45C    P2   113W / 230W |   2009MiB / 24256MiB |     90%      Default |	1696986325542
| 30%   44C    P2   108W / 230W |   2163MiB / 24256MiB |     34%      Default |	1696986326502
| 30%   45C    P2   112W / 230W |   2009MiB / 24256MiB |     52%      Default |	1696986326502
| 30%   45C    P2   111W / 230W |   2163MiB / 24256MiB |     89%      Default |	1696986327574
| 30%   46C    P2   113W / 230W |   2009MiB / 24256MiB |     89%      Default |	1696986327574
| 30%   44C    P2   109W / 230W |   2163MiB / 24256MiB |     47%      Default |	1696986328528
| 30%   45C    P2   113W / 230W |   2009MiB / 24256MiB |     60%      Default |	1696986328528
| 30%   45C    P2   110W / 230W |   2163MiB / 24256MiB |     91%      Default |	1696986329580
| 30%   46C    P2   113W / 230W |   2009MiB / 24256MiB |     92%      Default |	1696986329580
| 30%   44C    P2   110W / 230W |   2163MiB / 24256MiB |     52%      Default |	1696986330534
| 30%   46C    P2   113W / 230W |   2009MiB / 24256MiB |     66%      Default |	1696986330534
| 30%   44C    P2   103W / 230W |   2163MiB / 24256MiB |      0%      Default |	1696986331572
| 30%   45C    P2   106W / 230W |   2009MiB / 24256MiB |      0%      Default |	1696986331572
| 30%   44C    P2    89W / 230W |   2161MiB / 24256MiB |      0%      Default |	1696986332374
| 30%   45C    P2    91W / 230W |   2007MiB / 24256MiB |      0%      Default |	1696986332374
| 30%   43C    P0    82W / 230W |      5MiB / 24256MiB |      0%      Default |	1696986333156
| 30%   44C    P0    84W / 230W |      5MiB / 24256MiB |      0%      Default |	1696986333156
