| 53%   55C    P5    21W / 250W |      5MiB / 11019MiB |      0%      Default |	1688364412294
| 53%   55C    P8    21W / 250W |      5MiB / 11019MiB |      0%      Default |	1688364412860
| 53%   54C    P8    17W / 250W |      5MiB / 11019MiB |      0%      Default |	1688364413418
| 53%   54C    P8    18W / 250W |      5MiB / 11019MiB |      0%      Default |	1688364413967
| 53%   54C    P8    17W / 250W |      5MiB / 11019MiB |      0%      Default |	1688364414500
| 53%   54C    P8    17W / 250W |      5MiB / 11019MiB |      0%      Default |	1688364415041
| 53%   54C    P8    17W / 250W |      5MiB / 11019MiB |      0%      Default |	1688364415588
| 53%   54C    P8    18W / 250W |      5MiB / 11019MiB |      0%      Default |	1688364416124
| 53%   53C    P8    18W / 250W |      5MiB / 11019MiB |      0%      Default |	1688364416664
| 53%   53C    P8    18W / 250W |      5MiB / 11019MiB |      0%      Default |	1688364417204
| 53%   53C    P8    17W / 250W |      5MiB / 11019MiB |      0%      Default |	1688364417743
| 53%   53C    P8    17W / 250W |      5MiB / 11019MiB |      0%      Default |	1688364418283
| 53%   53C    P8    17W / 250W |      5MiB / 11019MiB |      0%      Default |	1688364418826
| 53%   53C    P8    18W / 250W |      5MiB / 11019MiB |      0%      Default |	1688364419365
| 53%   52C    P8    17W / 250W |      5MiB / 11019MiB |      0%      Default |	1688364419905
| 53%   52C    P8    17W / 250W |      5MiB / 11019MiB |      0%      Default |	1688364420445
| 53%   52C    P8    17W / 250W |      5MiB / 11019MiB |      0%      Default |	1688364420985
| 53%   52C    P8    17W / 250W |      5MiB / 11019MiB |      0%      Default |	1688364421526
| 53%   52C    P8    18W / 250W |      5MiB / 11019MiB |      0%      Default |	1688364422064
| 53%   52C    P8    17W / 250W |      5MiB / 11019MiB |      0%      Default |	1688364422601
| 53%   51C    P8    18W / 250W |      5MiB / 11019MiB |      0%      Default |	1688364423137
| 53%   51C    P8    17W / 250W |      5MiB / 11019MiB |      0%      Default |	1688364423672
| 53%   51C    P8    17W / 250W |      5MiB / 11019MiB |      0%      Default |	1688364424204
| 53%   51C    P8    17W / 250W |      5MiB / 11019MiB |      0%      Default |	1688364424754
| 53%   51C    P8    17W / 250W |      5MiB / 11019MiB |      0%      Default |	1688364425291
| 53%   51C    P8    17W / 250W |      5MiB / 11019MiB |      0%      Default |	1688364425830
| 52%   51C    P8    17W / 250W |      5MiB / 11019MiB |      0%      Default |	1688364426367
| 52%   50C    P8    17W / 250W |      5MiB / 11019MiB |      0%      Default |	1688364426906
| 52%   50C    P8    18W / 250W |      5MiB / 11019MiB |      0%      Default |	1688364427445
| 52%   50C    P8    18W / 250W |      5MiB / 11019MiB |      0%      Default |	1688364427984
| 52%   50C    P8    17W / 250W |      5MiB / 11019MiB |      0%      Default |	1688364428524
| 52%   50C    P8    17W / 250W |      5MiB / 11019MiB |      0%      Default |	1688364429063
| 52%   50C    P8    17W / 250W |      5MiB / 11019MiB |      0%      Default |	1688364429602
| 52%   50C    P8    17W / 250W |      5MiB / 11019MiB |      0%      Default |	1688364430142
| 52%   49C    P8    17W / 250W |      5MiB / 11019MiB |      0%      Default |	1688364430679
| 52%   49C    P8    17W / 250W |      5MiB / 11019MiB |      0%      Default |	1688364431217
| 52%   49C    P8    17W / 250W |      5MiB / 11019MiB |      0%      Default |	1688364431753
| 52%   49C    P8    16W / 250W |      5MiB / 11019MiB |      0%      Default |	1688364432292
| 52%   49C    P8    16W / 250W |      5MiB / 11019MiB |      0%      Default |	1688364432830
| 52%   49C    P8    16W / 250W |      5MiB / 11019MiB |      0%      Default |	1688364433368
| 52%   49C    P8    16W / 250W |      5MiB / 11019MiB |      0%      Default |	1688364433914
| 52%   48C    P8    16W / 250W |      5MiB / 11019MiB |      0%      Default |	1688364434451
| 52%   48C    P8    16W / 250W |      5MiB / 11019MiB |      0%      Default |	1688364434991
| 52%   48C    P8    17W / 250W |      5MiB / 11019MiB |      0%      Default |	1688364435530
| 52%   48C    P8    20W / 250W |      5MiB / 11019MiB |      0%      Default |	1688364436069
| 52%   48C    P8    16W / 250W |      5MiB / 11019MiB |      0%      Default |	1688364436607
| 51%   48C    P8    16W / 250W |      5MiB / 11019MiB |      0%      Default |	1688364437146
| 51%   48C    P8    17W / 250W |      5MiB / 11019MiB |      0%      Default |	1688364437684
| 51%   48C    P8    16W / 250W |      5MiB / 11019MiB |      0%      Default |	1688364438223
| 51%   47C    P8    16W / 250W |      5MiB / 11019MiB |      0%      Default |	1688364438762
| 51%   47C    P8    16W / 250W |      5MiB / 11019MiB |      0%      Default |	1688364439301
| 51%   47C    P8    16W / 250W |      5MiB / 11019MiB |      0%      Default |	1688364439842
| 51%   47C    P8    16W / 250W |      5MiB / 11019MiB |      0%      Default |	1688364440381
| 51%   47C    P8    16W / 250W |      5MiB / 11019MiB |      0%      Default |	1688364440920
| 51%   47C    P8    16W / 250W |      5MiB / 11019MiB |      0%      Default |	1688364441459
| 50%   47C    P8    16W / 250W |      5MiB / 11019MiB |      0%      Default |	1688364441998
| 50%   47C    P8    16W / 250W |      5MiB / 11019MiB |      0%      Default |	1688364442535
| 50%   46C    P8    15W / 250W |      5MiB / 11019MiB |      0%      Default |	1688364443073
| 50%   47C    P8    17W / 250W |      5MiB / 11019MiB |      0%      Default |	1688364443611
| 50%   46C    P8    16W / 250W |      5MiB / 11019MiB |      0%      Default |	1688364444151
| 50%   46C    P8    16W / 250W |      5MiB / 11019MiB |      0%      Default |	1688364444688
| 50%   46C    P8    15W / 250W |      5MiB / 11019MiB |      0%      Default |	1688364445227
| 49%   46C    P8    15W / 250W |      5MiB / 11019MiB |      0%      Default |	1688364445764
| 49%   46C    P8    15W / 250W |      5MiB / 11019MiB |      0%      Default |	1688364446303
| 49%   46C    P8    16W / 250W |      5MiB / 11019MiB |      0%      Default |	1688364446841
| 49%   46C    P8    15W / 250W |      5MiB / 11019MiB |      0%      Default |	1688364447380
| 49%   47C    P2    58W / 250W |    301MiB / 11019MiB |      2%      Default |	1688364447917
| 49%   47C    P2    57W / 250W |    513MiB / 11019MiB |      2%      Default |	1688364448453
| 49%   47C    P2    57W / 250W |    735MiB / 11019MiB |      5%      Default |	1688364448991
| 48%   47C    P2    57W / 250W |    847MiB / 11019MiB |      5%      Default |	1688364449529
| 48%   47C    P2    57W / 250W |    847MiB / 11019MiB |      2%      Default |	1688364450068
| 48%   47C    P2    57W / 250W |    849MiB / 11019MiB |      2%      Default |	1688364450608
| 48%   47C    P2    57W / 250W |    849MiB / 11019MiB |      0%      Default |	1688364451162
| 48%   47C    P2    57W / 250W |    849MiB / 11019MiB |      0%      Default |	1688364451699
| 48%   47C    P2    57W / 250W |    849MiB / 11019MiB |      0%      Default |	1688364452237
| 48%   47C    P2    57W / 250W |    849MiB / 11019MiB |      0%      Default |	1688364452777
| 48%   47C    P2    57W / 250W |    849MiB / 11019MiB |      0%      Default |	1688364453316
| 48%   47C    P2    57W / 250W |    849MiB / 11019MiB |      0%      Default |	1688364453854
| 48%   47C    P2    57W / 250W |    849MiB / 11019MiB |      0%      Default |	1688364454391
| 48%   47C    P2    57W / 250W |    849MiB / 11019MiB |      0%      Default |	1688364454928
| 48%   47C    P2    57W / 250W |    849MiB / 11019MiB |      0%      Default |	1688364455466
| 48%   47C    P2    57W / 250W |    849MiB / 11019MiB |      0%      Default |	1688364456005
| 48%   47C    P2    57W / 250W |    849MiB / 11019MiB |      0%      Default |	1688364456542
| 48%   47C    P2    57W / 250W |    849MiB / 11019MiB |      0%      Default |	1688364457080
| 48%   47C    P2    57W / 250W |    849MiB / 11019MiB |      0%      Default |	1688364457617
| 48%   47C    P2    57W / 250W |    849MiB / 11019MiB |      0%      Default |	1688364458156
| 48%   47C    P2    57W / 250W |    849MiB / 11019MiB |      0%      Default |	1688364458695
| 48%   47C    P2    57W / 250W |    849MiB / 11019MiB |      0%      Default |	1688364459231
| 48%   47C    P2    57W / 250W |    849MiB / 11019MiB |      0%      Default |	1688364459768
| 48%   47C    P2    57W / 250W |    849MiB / 11019MiB |      0%      Default |	1688364460305
| 48%   47C    P2    57W / 250W |    849MiB / 11019MiB |      0%      Default |	1688364460844
| 48%   47C    P2    57W / 250W |    849MiB / 11019MiB |      0%      Default |	1688364461381
| 48%   47C    P2    57W / 250W |    849MiB / 11019MiB |      0%      Default |	1688364461918
| 48%   47C    P2    57W / 250W |    849MiB / 11019MiB |      0%      Default |	1688364462456
| 48%   47C    P2    57W / 250W |    849MiB / 11019MiB |      0%      Default |	1688364462995
| 47%   48C    P2    57W / 250W |    849MiB / 11019MiB |      0%      Default |	1688364463533
| 47%   47C    P2    57W / 250W |    849MiB / 11019MiB |      0%      Default |	1688364464069
| 47%   47C    P2    57W / 250W |    849MiB / 11019MiB |      0%      Default |	1688364464608
| 47%   47C    P2    57W / 250W |    849MiB / 11019MiB |      0%      Default |	1688364465147
| 47%   47C    P2    57W / 250W |    849MiB / 11019MiB |      0%      Default |	1688364465685
| 47%   46C    P8    16W / 250W |    849MiB / 11019MiB |      0%      Default |	1688364466222
| 47%   46C    P8    15W / 250W |    849MiB / 11019MiB |      0%      Default |	1688364466761
| 47%   46C    P8    15W / 250W |    849MiB / 11019MiB |      0%      Default |	1688364467300
| 47%   46C    P8    15W / 250W |    849MiB / 11019MiB |      0%      Default |	1688364467836
| 47%   45C    P8    15W / 250W |    849MiB / 11019MiB |      0%      Default |	1688364468378
| 47%   45C    P8    15W / 250W |    849MiB / 11019MiB |      0%      Default |	1688364468916
| 47%   45C    P8    16W / 250W |    849MiB / 11019MiB |      0%      Default |	1688364469454
| 47%   45C    P8    15W / 250W |    849MiB / 11019MiB |      0%      Default |	1688364469993
| 47%   45C    P8    16W / 250W |    849MiB / 11019MiB |      0%      Default |	1688364470532
| 47%   45C    P8    15W / 250W |    849MiB / 11019MiB |      0%      Default |	1688364471071
| 47%   45C    P8    16W / 250W |    849MiB / 11019MiB |      0%      Default |	1688364471609
| 47%   45C    P8    15W / 250W |    849MiB / 11019MiB |      0%      Default |	1688364472147
| 46%   44C    P8    16W / 250W |    849MiB / 11019MiB |      0%      Default |	1688364472687
| 46%   44C    P8    16W / 250W |    849MiB / 11019MiB |      0%      Default |	1688364473226
| 46%   44C    P8    15W / 250W |    849MiB / 11019MiB |      0%      Default |	1688364473764
| 46%   44C    P8    16W / 250W |    849MiB / 11019MiB |      0%      Default |	1688364474303
| 46%   44C    P8    15W / 250W |    849MiB / 11019MiB |      0%      Default |	1688364474842
| 46%   44C    P8    15W / 250W |    849MiB / 11019MiB |      0%      Default |	1688364475381
| 46%   44C    P8    15W / 250W |    849MiB / 11019MiB |      0%      Default |	1688364475920
| 45%   44C    P8    15W / 250W |    849MiB / 11019MiB |      0%      Default |	1688364476458
| 45%   44C    P8    15W / 250W |    849MiB / 11019MiB |      0%      Default |	1688364476999
| 45%   44C    P8    15W / 250W |    849MiB / 11019MiB |      0%      Default |	1688364477537
| 45%   44C    P8    15W / 250W |    849MiB / 11019MiB |      0%      Default |	1688364478076
| 45%   43C    P8    15W / 250W |    849MiB / 11019MiB |      0%      Default |	1688364478615
| 45%   43C    P8    16W / 250W |    849MiB / 11019MiB |      0%      Default |	1688364479153
| 45%   43C    P8    15W / 250W |    849MiB / 11019MiB |      0%      Default |	1688364479692
| 44%   43C    P8    16W / 250W |    849MiB / 11019MiB |      0%      Default |	1688364480231
| 44%   43C    P8    15W / 250W |    849MiB / 11019MiB |      0%      Default |	1688364480771
| 44%   43C    P8    14W / 250W |    849MiB / 11019MiB |      0%      Default |	1688364481309
| 44%   43C    P8    15W / 250W |    849MiB / 11019MiB |      0%      Default |	1688364481848
| 44%   43C    P8    15W / 250W |    849MiB / 11019MiB |      0%      Default |	1688364482386
| 44%   43C    P8    14W / 250W |    849MiB / 11019MiB |      0%      Default |	1688364482924
| 44%   43C    P8    14W / 250W |    849MiB / 11019MiB |      0%      Default |	1688364483462
| 43%   43C    P8    15W / 250W |    849MiB / 11019MiB |      0%      Default |	1688364483999
| 43%   43C    P8    15W / 250W |    849MiB / 11019MiB |      0%      Default |	1688364484538
| 43%   42C    P8    16W / 250W |    849MiB / 11019MiB |      0%      Default |	1688364485077
| 43%   42C    P8    15W / 250W |    849MiB / 11019MiB |      0%      Default |	1688364485616
| 43%   42C    P8    14W / 250W |    849MiB / 11019MiB |      0%      Default |	1688364486155
| 43%   42C    P8    14W / 250W |    849MiB / 11019MiB |      0%      Default |	1688364486693
| 43%   42C    P8    15W / 250W |    849MiB / 11019MiB |      0%      Default |	1688364487232
| 43%   42C    P8    15W / 250W |    849MiB / 11019MiB |      0%      Default |	1688364487770
| 42%   42C    P8    15W / 250W |    849MiB / 11019MiB |      0%      Default |	1688364488309
| 42%   42C    P8    14W / 250W |    849MiB / 11019MiB |      0%      Default |	1688364488847
| 42%   42C    P8    14W / 250W |    849MiB / 11019MiB |      0%      Default |	1688364489386
| 42%   42C    P8    14W / 250W |    849MiB / 11019MiB |      0%      Default |	1688364489928
| 42%   42C    P8    15W / 250W |    849MiB / 11019MiB |      0%      Default |	1688364490466
| 42%   42C    P8    15W / 250W |    849MiB / 11019MiB |      0%      Default |	1688364491005
| 42%   42C    P8    15W / 250W |    849MiB / 11019MiB |      0%      Default |	1688364491544
| 42%   42C    P8    15W / 250W |    849MiB / 11019MiB |      0%      Default |	1688364492082
| 41%   42C    P8    15W / 250W |    849MiB / 11019MiB |      0%      Default |	1688364492621
| 41%   42C    P8    14W / 250W |    849MiB / 11019MiB |      0%      Default |	1688364493160
| 41%   41C    P8    15W / 250W |    849MiB / 11019MiB |      0%      Default |	1688364493698
| 41%   41C    P8    14W / 250W |    849MiB / 11019MiB |      0%      Default |	1688364494237
| 41%   41C    P8    15W / 250W |    849MiB / 11019MiB |      0%      Default |	1688364494775
| 41%   41C    P8    15W / 250W |    849MiB / 11019MiB |      0%      Default |	1688364495314
| 41%   41C    P8    15W / 250W |    849MiB / 11019MiB |      0%      Default |	1688364495852
| 41%   41C    P8    14W / 250W |    849MiB / 11019MiB |      0%      Default |	1688364496391
| 40%   41C    P8    14W / 250W |    849MiB / 11019MiB |      0%      Default |	1688364496931
| 40%   41C    P8    14W / 250W |    849MiB / 11019MiB |      0%      Default |	1688364497471
| 40%   41C    P8    14W / 250W |    849MiB / 11019MiB |      0%      Default |	1688364498010
| 40%   41C    P8    14W / 250W |    849MiB / 11019MiB |      0%      Default |	1688364498549
| 40%   41C    P8    14W / 250W |    849MiB / 11019MiB |      0%      Default |	1688364499087
| 40%   41C    P8    14W / 250W |    849MiB / 11019MiB |      0%      Default |	1688364499625
| 40%   41C    P8    14W / 250W |    849MiB / 11019MiB |      0%      Default |	1688364500164
| 40%   41C    P8    15W / 250W |    849MiB / 11019MiB |      0%      Default |	1688364500703
| 40%   41C    P8    14W / 250W |    849MiB / 11019MiB |      0%      Default |	1688364501242
| 40%   41C    P8    14W / 250W |    849MiB / 11019MiB |      0%      Default |	1688364501780
| 39%   41C    P8    14W / 250W |    849MiB / 11019MiB |      0%      Default |	1688364502319
| 39%   41C    P8    16W / 250W |    849MiB / 11019MiB |      0%      Default |	1688364502857
| 39%   42C    P2    57W / 250W |    891MiB / 11019MiB |      0%      Default |	1688364503397
| 39%   42C    P2    56W / 250W |    891MiB / 11019MiB |      0%      Default |	1688364503934
| 39%   43C    P2    56W / 250W |    891MiB / 11019MiB |      0%      Default |	1688364504469
| 39%   43C    P2    56W / 250W |    891MiB / 11019MiB |      0%      Default |	1688364505004
| 39%   43C    P2    56W / 250W |    891MiB / 11019MiB |      0%      Default |	1688364505542
| 39%   43C    P2    56W / 250W |    891MiB / 11019MiB |      0%      Default |	1688364506094
| 39%   43C    P2    56W / 250W |    891MiB / 11019MiB |      0%      Default |	1688364506640
| 39%   43C    P2    56W / 250W |    891MiB / 11019MiB |      0%      Default |	1688364507178
| 39%   43C    P2    56W / 250W |    891MiB / 11019MiB |      0%      Default |	1688364507711
| 39%   43C    P2    56W / 250W |    891MiB / 11019MiB |      0%      Default |	1688364508244
| 39%   44C    P2    56W / 250W |    891MiB / 11019MiB |      0%      Default |	1688364508780
| 39%   44C    P2    56W / 250W |    891MiB / 11019MiB |      0%      Default |	1688364509333
| 39%   44C    P2    56W / 250W |    891MiB / 11019MiB |      0%      Default |	1688364509879
| 39%   44C    P2    56W / 250W |    891MiB / 11019MiB |      0%      Default |	1688364510408
| 39%   44C    P2    56W / 250W |    891MiB / 11019MiB |      0%      Default |	1688364510949
| 39%   44C    P2    56W / 250W |   2761MiB / 11019MiB |      0%      Default |	1688364511491
| 39%   45C    P2    76W / 250W |   4425MiB / 11019MiB |      0%      Default |	1688364512042
| 39%   46C    P2   122W / 250W |   4653MiB / 11019MiB |     21%      Default |	1688364512565
| 39%   46C    P2   122W / 250W |   4653MiB / 11019MiB |     95%      Default |	1688364513110
| 39%   47C    P2   123W / 250W |   4699MiB / 11019MiB |     95%      Default |	1688364513645
| 39%   47C    P2   121W / 250W |   4699MiB / 11019MiB |     92%      Default |	1688364514188
| 39%   47C    P2   121W / 250W |   4701MiB / 11019MiB |     92%      Default |	1688364514728
| 39%   47C    P2   126W / 250W |   4701MiB / 11019MiB |     91%      Default |	1688364515276
| 39%   48C    P2   123W / 250W |   4701MiB / 11019MiB |     91%      Default |	1688364515804
| 39%   48C    P2   126W / 250W |   4701MiB / 11019MiB |     92%      Default |	1688364516339
| 39%   48C    P2   124W / 250W |   4701MiB / 11019MiB |     92%      Default |	1688364516879
| 39%   48C    P2   124W / 250W |   4703MiB / 11019MiB |     91%      Default |	1688364517426
| 39%   49C    P2   127W / 250W |   4703MiB / 11019MiB |     91%      Default |	1688364517965
| 39%   49C    P2   130W / 250W |   4703MiB / 11019MiB |     90%      Default |	1688364518501
| 39%   49C    P2   126W / 250W |   4705MiB / 11019MiB |     90%      Default |	1688364519038
| 39%   49C    P2   127W / 250W |   4705MiB / 11019MiB |     93%      Default |	1688364519573
| 39%   49C    P2   126W / 250W |   4705MiB / 11019MiB |     93%      Default |	1688364520115
| 39%   50C    P2   124W / 250W |   4705MiB / 11019MiB |     93%      Default |	1688364520657
| 39%   50C    P2   127W / 250W |   4705MiB / 11019MiB |     93%      Default |	1688364521188
| 39%   50C    P2   120W / 250W |   4705MiB / 11019MiB |     93%      Default |	1688364521739
| 39%   50C    P2   126W / 250W |   4705MiB / 11019MiB |     90%      Default |	1688364522286
| 39%   50C    P2   129W / 250W |   4705MiB / 11019MiB |     90%      Default |	1688364522826
| 39%   50C    P2   128W / 250W |   4705MiB / 11019MiB |     93%      Default |	1688364523367
| 39%   51C    P2   125W / 250W |   4705MiB / 11019MiB |     93%      Default |	1688364523902
| 39%   51C    P2   128W / 250W |   4705MiB / 11019MiB |     93%      Default |	1688364524444
| 39%   51C    P2   129W / 250W |   4705MiB / 11019MiB |     93%      Default |	1688364524979
| 39%   51C    P2   127W / 250W |   4705MiB / 11019MiB |     92%      Default |	1688364525524
| 39%   50C    P2    76W / 250W |   4705MiB / 11019MiB |     92%      Default |	1688364526067
| 38%   50C    P0    76W / 250W |      5MiB / 11019MiB |     70%      Default |	1688364526605
